<?xml version="1.0" encoding="UTF-8"?>
<testsuites name="Apollo - dark build" time="1974" tests="27" failures="4" errors="0">
   <testsuite name="Apollo - dark build" tests="27" failures="4" errors="0" time="1974" timestamp="2019-06-25 13:32:35" hostname="sumankompelly - 10.0.126.233" id="Test Suites/Apollo - dark build">
      <properties>
         <property name="deviceName" value=""/>
         <property name="devicePlatform" value=""/>
         <property name="logFolder" value="/Users/sumankompelly/Katalon Studio/APOLLO/Reports/Apollo - dark build/20190625_133233"/>
         <property name="logFiles" value="/Users/sumankompelly/Katalon Studio/APOLLO/Reports/Apollo - dark build/20190625_133233/execution0.log"/>
         <property name="attachments" value="/Users/sumankompelly/Katalon Studio/APOLLO/Reports/Apollo - dark build/20190625_133233/1561484030562.png, /Users/sumankompelly/Katalon Studio/APOLLO/Reports/Apollo - dark build/20190625_133233/1561484040007.png, /Users/sumankompelly/Katalon Studio/APOLLO/Reports/Apollo - dark build/20190625_133233/1561484049302.png, /Users/sumankompelly/Katalon Studio/APOLLO/Reports/Apollo - dark build/20190625_133233/1561484058567.png, /Users/sumankompelly/Katalon Studio/APOLLO/Reports/Apollo - dark build/20190625_133233/1561484067811.png, /Users/sumankompelly/Katalon Studio/APOLLO/Reports/Apollo - dark build/20190625_133233/1561484077099.png, /Users/sumankompelly/Katalon Studio/APOLLO/Reports/Apollo - dark build/20190625_133233/1561484087359.png, /Users/sumankompelly/Katalon Studio/APOLLO/Reports/Apollo - dark build/20190625_133233/1561484094538.png, /Users/sumankompelly/Katalon Studio/APOLLO/Reports/Apollo - dark build/20190625_133233/1561484893577.png, /Users/sumankompelly/Katalon Studio/APOLLO/Reports/Apollo - dark build/20190625_133233/1561485220904.png, /Users/sumankompelly/Katalon Studio/APOLLO/Reports/Apollo - dark build/20190625_133233/1561485434838.png, /Users/sumankompelly/Katalon Studio/APOLLO/Reports/Apollo - dark build/20190625_133233/1561485687282.png"/>
         <property name="hostName" value="sumankompelly - 10.0.126.233"/>
         <property name="os" value="Mac OS X 64bit"/>
         <property name="katalonVersion" value="5.10.1.1"/>
         <property name="browser" value="Firefox 67.0"/>
         <property name="hostAddress" value="10.0.126.233"/>
         <property name="sessionId" value="8990811d-84e7-764a-b26d-4fe372db42ed"/>
         <property name="seleniumVersion" value="3.7.1"/>
         <property name="proxyInformation" value="ProxyInformation{proxyOption=NO_PROXY, proxyServerType=HTTP, password=, proxyServerAddress=, proxyServerPort=0}"/>
         <property name="platform" value="Mac OS X"/>
      </properties>
      <testcase name="Test Cases/COLLECTION PAGE/colour variants" classname="Test Cases/COLLECTION PAGE/colour variants" status="PASSED">
         <system-out><![CDATA[2019-06-25 13:32:35 - [TEST_CASE][PASSED] - Test Cases/COLLECTION PAGE/colour variants: Test Cases/COLLECTION PAGE/colour variants

2019-06-25 13:32:36 - [TEST_STEP][PASSED] - callTestCase(findTestCase("CALL - URL"), [:], STOP_ON_FAILURE): Call Test Case 'Test Cases/CALL - URL' successfully

2019-06-25 13:32:36 - [TEST_CASE][PASSED] - Test Cases/CALL - URL: Test Cases/CALL - URL

2019-06-25 13:32:36 - [TEST_STEP][PASSED] - openBrowser(""): Browser is opened with url: ''

2019-06-25 13:32:36 - [MESSAGE][INFO] - Starting 'Firefox' driver

2019-06-25 13:32:36 - [MESSAGE][INFO] - Action delay is set to 0 seconds

2019-06-25 13:32:41 - [MESSAGE][PASSED] - Browser is opened with url: ''

2019-06-25 13:32:41 - [TEST_STEP][PASSED] - navigateToUrl("https://diff-apollo.myshopify.com/?key=eec34184cfd8f82cda816f82753a8c8e9e240f30cf54470e19667b8cbb401948&preview_theme_id="): Navigate to 'https://diff-apollo.myshopify.com/?key=eec34184cfd8f82cda816f82753a8c8e9e240f30cf54470e19667b8cbb401948&preview_theme_id=' successfully

2019-06-25 13:32:51 - [MESSAGE][PASSED] - Navigate to 'https://diff-apollo.myshopify.com/?key=eec34184cfd8f82cda816f82753a8c8e9e240f30cf54470e19667b8cbb401948&preview_theme_id=' successfully

2019-06-25 13:32:51 - [TEST_STEP][NOT_RUN] - executeJavaScript("var previewBar = document.getElementById("preview-bar-iframe"); previewBar.style.display = "none";", []): NOT_RUN: executeJavaScript("var previewBar = document.getElementById("preview-bar-iframe"); previewBar.style.display = "none";", [])

2019-06-25 13:32:51 - [MESSAGE][NOT_RUN] - NOT_RUN: executeJavaScript("var previewBar = document.getElementById("preview-bar-iframe"); previewBar.style.display = "none";", [])

2019-06-25 13:32:51 - [MESSAGE][PASSED] - Call Test Case 'Test Cases/CALL - URL' successfully

2019-06-25 13:32:51 - [TEST_STEP][PASSED] - delay(2): Delayed 2 second(s)

2019-06-25 13:32:53 - [MESSAGE][PASSED] - Delayed 2 second(s)

2019-06-25 13:32:53 - [TEST_STEP][PASSED] - click(findTestObject("APOLLO- Desktop/Burger Menu/Burgermenu")): Object: 'Object Repository/APOLLO- Desktop/Burger Menu/Burgermenu' is clicked on

2019-06-25 13:32:54 - [MESSAGE][PASSED] - Object: 'Object Repository/APOLLO- Desktop/Burger Menu/Burgermenu' is clicked on

2019-06-25 13:32:54 - [TEST_STEP][PASSED] - delay(2): Delayed 2 second(s)

2019-06-25 13:32:56 - [MESSAGE][PASSED] - Delayed 2 second(s)

2019-06-25 13:32:56 - [TEST_STEP][PASSED] - click(findTestObject("APOLLO- Desktop/Burger Menu/Mens chevron")): Object: 'Object Repository/APOLLO- Desktop/Burger Menu/Mens chevron' is clicked on

2019-06-25 13:32:56 - [MESSAGE][PASSED] - Object: 'Object Repository/APOLLO- Desktop/Burger Menu/Mens chevron' is clicked on

2019-06-25 13:32:56 - [TEST_STEP][PASSED] - delay(2): Delayed 2 second(s)

2019-06-25 13:32:58 - [MESSAGE][PASSED] - Delayed 2 second(s)

2019-06-25 13:32:58 - [TEST_STEP][PASSED] - click(findTestObject("APOLLO- Desktop/Burger Menu/Mens - Top Chevron")): Object: 'Object Repository/APOLLO- Desktop/Burger Menu/Mens - Top Chevron' is clicked on

2019-06-25 13:32:58 - [MESSAGE][PASSED] - Object: 'Object Repository/APOLLO- Desktop/Burger Menu/Mens - Top Chevron' is clicked on

2019-06-25 13:32:58 - [TEST_STEP][PASSED] - delay(2): Delayed 2 second(s)

2019-06-25 13:33:00 - [MESSAGE][PASSED] - Delayed 2 second(s)

2019-06-25 13:33:00 - [TEST_STEP][PASSED] - click(findTestObject("APOLLO- Desktop/Burger Menu/Shirts link")): Object: 'Object Repository/APOLLO- Desktop/Burger Menu/Shirts link' is clicked on

2019-06-25 13:33:02 - [MESSAGE][PASSED] - Object: 'Object Repository/APOLLO- Desktop/Burger Menu/Shirts link' is clicked on

2019-06-25 13:33:02 - [TEST_STEP][NOT_RUN] - executeJavaScript("var previewBar = document.getElementById("preview-bar-iframe"); previewBar.style.display = "none";", []): NOT_RUN: executeJavaScript("var previewBar = document.getElementById("preview-bar-iframe"); previewBar.style.display = "none";", [])

2019-06-25 13:33:02 - [MESSAGE][NOT_RUN] - NOT_RUN: executeJavaScript("var previewBar = document.getElementById("preview-bar-iframe"); previewBar.style.display = "none";", [])

2019-06-25 13:33:02 - [TEST_STEP][PASSED] - delay(2): Delayed 2 second(s)

2019-06-25 13:33:04 - [MESSAGE][PASSED] - Delayed 2 second(s)

2019-06-25 13:33:04 - [TEST_STEP][NOT_RUN] - executeJavaScript("var previewBar = document.getElementById("preview-bar-iframe"); previewBar.style.display = "none";", []): NOT_RUN: executeJavaScript("var previewBar = document.getElementById("preview-bar-iframe"); previewBar.style.display = "none";", [])

2019-06-25 13:33:04 - [MESSAGE][NOT_RUN] - NOT_RUN: executeJavaScript("var previewBar = document.getElementById("preview-bar-iframe"); previewBar.style.display = "none";", [])

2019-06-25 13:33:04 - [TEST_STEP][PASSED] - delay(2): Delayed 2 second(s)

2019-06-25 13:33:06 - [MESSAGE][PASSED] - Delayed 2 second(s)

2019-06-25 13:33:06 - [TEST_STEP][PASSED] - scrollToElement(findTestObject("APOLLO- Desktop/Collection page/Blue shirt product"), 0): Scroll to object 'Object Repository/APOLLO- Desktop/Collection page/Blue shirt product' successfully

2019-06-25 13:33:06 - [MESSAGE][WARNING] - Timeout '0' is invalid. Using default page load timeout: '30'

2019-06-25 13:33:06 - [MESSAGE][PASSED] - Scroll to object 'Object Repository/APOLLO- Desktop/Collection page/Blue shirt product' successfully

2019-06-25 13:33:06 - [TEST_STEP][PASSED] - delay(2): Delayed 2 second(s)

2019-06-25 13:33:08 - [MESSAGE][PASSED] - Delayed 2 second(s)

2019-06-25 13:33:08 - [TEST_STEP][PASSED] - click(findTestObject("APOLLO- Desktop/Collection page/color variants/red variant")): Object: 'Object Repository/APOLLO- Desktop/Collection page/color variants/red variant' is clicked on

2019-06-25 13:33:09 - [MESSAGE][PASSED] - Object: 'Object Repository/APOLLO- Desktop/Collection page/color variants/red variant' is clicked on

2019-06-25 13:33:09 - [TEST_STEP][PASSED] - delay(2): Delayed 2 second(s)

2019-06-25 13:33:11 - [MESSAGE][PASSED] - Delayed 2 second(s)

2019-06-25 13:33:11 - [TEST_STEP][PASSED] - click(findTestObject("APOLLO- Desktop/Collection page/color variants/Purple variant")): Object: 'Object Repository/APOLLO- Desktop/Collection page/color variants/Purple variant' is clicked on

2019-06-25 13:33:11 - [MESSAGE][PASSED] - Object: 'Object Repository/APOLLO- Desktop/Collection page/color variants/Purple variant' is clicked on

2019-06-25 13:33:11 - [TEST_STEP][PASSED] - delay(2): Delayed 2 second(s)

2019-06-25 13:33:13 - [MESSAGE][PASSED] - Delayed 2 second(s)

2019-06-25 13:33:13 - [TEST_STEP][PASSED] - click(findTestObject("APOLLO- Desktop/Collection page/color variants/green variant")): Object: 'Object Repository/APOLLO- Desktop/Collection page/color variants/green variant' is clicked on

2019-06-25 13:33:13 - [MESSAGE][PASSED] - Object: 'Object Repository/APOLLO- Desktop/Collection page/color variants/green variant' is clicked on

2019-06-25 13:33:13 - [TEST_STEP][PASSED] - delay(2): Delayed 2 second(s)

2019-06-25 13:33:15 - [MESSAGE][PASSED] - Delayed 2 second(s)

2019-06-25 13:33:15 - [TEST_STEP][PASSED] - click(findTestObject("APOLLO- Desktop/Collection page/color variants/Blue variant")): Object: 'Object Repository/APOLLO- Desktop/Collection page/color variants/Blue variant' is clicked on

2019-06-25 13:33:15 - [MESSAGE][PASSED] - Object: 'Object Repository/APOLLO- Desktop/Collection page/color variants/Blue variant' is clicked on

2019-06-25 13:33:15 - [TEST_STEP][PASSED] - delay(2): Delayed 2 second(s)

2019-06-25 13:33:17 - [MESSAGE][PASSED] - Delayed 2 second(s)

2019-06-25 13:33:17 - [TEST_STEP][PASSED] - click(findTestObject("APOLLO- Desktop/Collection page/color variants/Black variant")): Object: 'Object Repository/APOLLO- Desktop/Collection page/color variants/Black variant' is clicked on

2019-06-25 13:33:18 - [MESSAGE][PASSED] - Object: 'Object Repository/APOLLO- Desktop/Collection page/color variants/Black variant' is clicked on]]></system-out>
         <system-err><![CDATA[]]></system-err>
      </testcase>
      <testcase name="Test Cases/COLLECTION PAGE/Sort" classname="Test Cases/COLLECTION PAGE/Sort" status="PASSED">
         <system-out><![CDATA[2019-06-25 13:33:18 - [TEST_CASE][PASSED] - Test Cases/COLLECTION PAGE/Sort: Test Cases/COLLECTION PAGE/Sort

2019-06-25 13:33:18 - [TEST_STEP][PASSED] - callTestCase(findTestCase("CALL - URL"), [:], STOP_ON_FAILURE): Call Test Case 'Test Cases/CALL - URL' successfully

2019-06-25 13:33:18 - [TEST_CASE][PASSED] - Test Cases/CALL - URL: Test Cases/CALL - URL

2019-06-25 13:33:18 - [TEST_STEP][PASSED] - openBrowser(""): Browser is opened with url: ''

2019-06-25 13:33:18 - [MESSAGE][WARNING] - A browser is already opened. Closing browser and opening a new one

2019-06-25 13:33:19 - [MESSAGE][INFO] - Starting 'Firefox' driver

2019-06-25 13:33:21 - [MESSAGE][PASSED] - Browser is opened with url: ''

2019-06-25 13:33:21 - [TEST_STEP][PASSED] - navigateToUrl("https://diff-apollo.myshopify.com/?key=eec34184cfd8f82cda816f82753a8c8e9e240f30cf54470e19667b8cbb401948&preview_theme_id="): Navigate to 'https://diff-apollo.myshopify.com/?key=eec34184cfd8f82cda816f82753a8c8e9e240f30cf54470e19667b8cbb401948&preview_theme_id=' successfully

2019-06-25 13:33:29 - [MESSAGE][PASSED] - Navigate to 'https://diff-apollo.myshopify.com/?key=eec34184cfd8f82cda816f82753a8c8e9e240f30cf54470e19667b8cbb401948&preview_theme_id=' successfully

2019-06-25 13:33:29 - [TEST_STEP][NOT_RUN] - executeJavaScript("var previewBar = document.getElementById("preview-bar-iframe"); previewBar.style.display = "none";", []): NOT_RUN: executeJavaScript("var previewBar = document.getElementById("preview-bar-iframe"); previewBar.style.display = "none";", [])

2019-06-25 13:33:29 - [MESSAGE][NOT_RUN] - NOT_RUN: executeJavaScript("var previewBar = document.getElementById("preview-bar-iframe"); previewBar.style.display = "none";", [])

2019-06-25 13:33:29 - [MESSAGE][PASSED] - Call Test Case 'Test Cases/CALL - URL' successfully

2019-06-25 13:33:29 - [TEST_STEP][PASSED] - delay(2): Delayed 2 second(s)

2019-06-25 13:33:31 - [MESSAGE][PASSED] - Delayed 2 second(s)

2019-06-25 13:33:31 - [TEST_STEP][PASSED] - click(findTestObject("APOLLO- Desktop/Burger Menu/Burgermenu")): Object: 'Object Repository/APOLLO- Desktop/Burger Menu/Burgermenu' is clicked on

2019-06-25 13:33:31 - [MESSAGE][PASSED] - Object: 'Object Repository/APOLLO- Desktop/Burger Menu/Burgermenu' is clicked on

2019-06-25 13:33:31 - [TEST_STEP][PASSED] - delay(2): Delayed 2 second(s)

2019-06-25 13:33:33 - [MESSAGE][PASSED] - Delayed 2 second(s)

2019-06-25 13:33:33 - [TEST_STEP][PASSED] - click(findTestObject("APOLLO- Desktop/Burger Menu/Mens chevron")): Object: 'Object Repository/APOLLO- Desktop/Burger Menu/Mens chevron' is clicked on

2019-06-25 13:33:34 - [MESSAGE][PASSED] - Object: 'Object Repository/APOLLO- Desktop/Burger Menu/Mens chevron' is clicked on

2019-06-25 13:33:34 - [TEST_STEP][PASSED] - delay(2): Delayed 2 second(s)

2019-06-25 13:33:36 - [MESSAGE][PASSED] - Delayed 2 second(s)

2019-06-25 13:33:36 - [TEST_STEP][PASSED] - click(findTestObject("APOLLO- Desktop/Burger Menu/Mens - Top Chevron")): Object: 'Object Repository/APOLLO- Desktop/Burger Menu/Mens - Top Chevron' is clicked on

2019-06-25 13:33:36 - [MESSAGE][PASSED] - Object: 'Object Repository/APOLLO- Desktop/Burger Menu/Mens - Top Chevron' is clicked on

2019-06-25 13:33:36 - [TEST_STEP][PASSED] - delay(2): Delayed 2 second(s)

2019-06-25 13:33:38 - [MESSAGE][PASSED] - Delayed 2 second(s)

2019-06-25 13:33:38 - [TEST_STEP][PASSED] - click(findTestObject("APOLLO- Desktop/Burger Menu/Shirts link")): Object: 'Object Repository/APOLLO- Desktop/Burger Menu/Shirts link' is clicked on

2019-06-25 13:33:39 - [MESSAGE][PASSED] - Object: 'Object Repository/APOLLO- Desktop/Burger Menu/Shirts link' is clicked on

2019-06-25 13:33:39 - [TEST_STEP][NOT_RUN] - executeJavaScript("var previewBar = document.getElementById("preview-bar-iframe"); previewBar.style.display = "none";", []): NOT_RUN: executeJavaScript("var previewBar = document.getElementById("preview-bar-iframe"); previewBar.style.display = "none";", [])

2019-06-25 13:33:39 - [MESSAGE][NOT_RUN] - NOT_RUN: executeJavaScript("var previewBar = document.getElementById("preview-bar-iframe"); previewBar.style.display = "none";", [])

2019-06-25 13:33:39 - [TEST_STEP][PASSED] - delay(2): Delayed 2 second(s)

2019-06-25 13:33:41 - [MESSAGE][PASSED] - Delayed 2 second(s)

2019-06-25 13:33:41 - [TEST_STEP][NOT_RUN] - executeJavaScript("var previewBar = document.getElementById("preview-bar-iframe"); previewBar.style.display = "none";", []): NOT_RUN: executeJavaScript("var previewBar = document.getElementById("preview-bar-iframe"); previewBar.style.display = "none";", [])

2019-06-25 13:33:41 - [MESSAGE][NOT_RUN] - NOT_RUN: executeJavaScript("var previewBar = document.getElementById("preview-bar-iframe"); previewBar.style.display = "none";", [])

2019-06-25 13:33:41 - [TEST_STEP][PASSED] - delay(2): Delayed 2 second(s)

2019-06-25 13:33:43 - [MESSAGE][PASSED] - Delayed 2 second(s)

2019-06-25 13:33:43 - [TEST_STEP][PASSED] - click(findTestObject("APOLLO- Desktop/Collection page/sort/Filter dropdown")): Object: 'Object Repository/APOLLO- Desktop/Collection page/sort/Filter dropdown' is clicked on

2019-06-25 13:33:44 - [MESSAGE][PASSED] - Object: 'Object Repository/APOLLO- Desktop/Collection page/sort/Filter dropdown' is clicked on

2019-06-25 13:33:44 - [TEST_STEP][PASSED] - delay(2): Delayed 2 second(s)

2019-06-25 13:33:46 - [MESSAGE][PASSED] - Delayed 2 second(s)

2019-06-25 13:33:46 - [TEST_STEP][PASSED] - click(findTestObject("APOLLO- Desktop/Collection page/sort/Featured")): Object: 'Object Repository/APOLLO- Desktop/Collection page/sort/Featured' is clicked on

2019-06-25 13:33:46 - [MESSAGE][PASSED] - Object: 'Object Repository/APOLLO- Desktop/Collection page/sort/Featured' is clicked on

2019-06-25 13:33:46 - [TEST_STEP][PASSED] - delay(2): Delayed 2 second(s)

2019-06-25 13:33:48 - [MESSAGE][PASSED] - Delayed 2 second(s)

2019-06-25 13:33:48 - [TEST_STEP][PASSED] - click(findTestObject("APOLLO- Desktop/Collection page/sort/Filter dropdown")): Object: 'Object Repository/APOLLO- Desktop/Collection page/sort/Filter dropdown' is clicked on

2019-06-25 13:33:48 - [MESSAGE][PASSED] - Object: 'Object Repository/APOLLO- Desktop/Collection page/sort/Filter dropdown' is clicked on

2019-06-25 13:33:48 - [TEST_STEP][PASSED] - delay(2): Delayed 2 second(s)

2019-06-25 13:33:50 - [MESSAGE][PASSED] - Delayed 2 second(s)

2019-06-25 13:33:50 - [TEST_STEP][PASSED] - takeScreenshot(): Taking screenshot successfully

2019-06-25 13:33:51 - [MESSAGE][PASSED] - Taking screenshot successfully
[[ATTACHMENT|/Users/sumankompelly/Katalon Studio/APOLLO/Reports/Apollo - dark build/20190625_133233/1561484030562.png]]

2019-06-25 13:33:51 - [TEST_STEP][PASSED] - delay(2): Delayed 2 second(s)

2019-06-25 13:33:53 - [MESSAGE][PASSED] - Delayed 2 second(s)

2019-06-25 13:33:53 - [TEST_STEP][PASSED] - click(findTestObject("APOLLO- Desktop/Collection page/sort/Filter dropdown")): Object: 'Object Repository/APOLLO- Desktop/Collection page/sort/Filter dropdown' is clicked on

2019-06-25 13:33:53 - [MESSAGE][PASSED] - Object: 'Object Repository/APOLLO- Desktop/Collection page/sort/Filter dropdown' is clicked on

2019-06-25 13:33:53 - [TEST_STEP][PASSED] - delay(2): Delayed 2 second(s)

2019-06-25 13:33:55 - [MESSAGE][PASSED] - Delayed 2 second(s)

2019-06-25 13:33:55 - [TEST_STEP][PASSED] - click(findTestObject("APOLLO- Desktop/Collection page/sort/Best selling")): Object: 'Object Repository/APOLLO- Desktop/Collection page/sort/Best selling' is clicked on

2019-06-25 13:33:55 - [MESSAGE][PASSED] - Object: 'Object Repository/APOLLO- Desktop/Collection page/sort/Best selling' is clicked on

2019-06-25 13:33:55 - [TEST_STEP][PASSED] - delay(2): Delayed 2 second(s)

2019-06-25 13:33:57 - [MESSAGE][PASSED] - Delayed 2 second(s)

2019-06-25 13:33:57 - [TEST_STEP][PASSED] - click(findTestObject("APOLLO- Desktop/Collection page/sort/Filter dropdown")): Object: 'Object Repository/APOLLO- Desktop/Collection page/sort/Filter dropdown' is clicked on

2019-06-25 13:33:57 - [MESSAGE][PASSED] - Object: 'Object Repository/APOLLO- Desktop/Collection page/sort/Filter dropdown' is clicked on

2019-06-25 13:33:57 - [TEST_STEP][PASSED] - delay(2): Delayed 2 second(s)

2019-06-25 13:34:00 - [MESSAGE][PASSED] - Delayed 2 second(s)

2019-06-25 13:34:00 - [TEST_STEP][PASSED] - takeScreenshot(): Taking screenshot successfully

2019-06-25 13:34:00 - [MESSAGE][PASSED] - Taking screenshot successfully
[[ATTACHMENT|/Users/sumankompelly/Katalon Studio/APOLLO/Reports/Apollo - dark build/20190625_133233/1561484040007.png]]

2019-06-25 13:34:00 - [TEST_STEP][PASSED] - delay(2): Delayed 2 second(s)

2019-06-25 13:34:02 - [MESSAGE][PASSED] - Delayed 2 second(s)

2019-06-25 13:34:02 - [TEST_STEP][PASSED] - click(findTestObject("APOLLO- Desktop/Collection page/sort/Filter dropdown")): Object: 'Object Repository/APOLLO- Desktop/Collection page/sort/Filter dropdown' is clicked on

2019-06-25 13:34:02 - [MESSAGE][PASSED] - Object: 'Object Repository/APOLLO- Desktop/Collection page/sort/Filter dropdown' is clicked on

2019-06-25 13:34:02 - [TEST_STEP][PASSED] - delay(2): Delayed 2 second(s)

2019-06-25 13:34:04 - [MESSAGE][PASSED] - Delayed 2 second(s)

2019-06-25 13:34:04 - [TEST_STEP][PASSED] - click(findTestObject("APOLLO- Desktop/Collection page/sort/Alphabetically A-Z")): Object: 'Object Repository/APOLLO- Desktop/Collection page/sort/Alphabetically A-Z' is clicked on

2019-06-25 13:34:05 - [MESSAGE][PASSED] - Object: 'Object Repository/APOLLO- Desktop/Collection page/sort/Alphabetically A-Z' is clicked on

2019-06-25 13:34:05 - [TEST_STEP][PASSED] - delay(2): Delayed 2 second(s)

2019-06-25 13:34:07 - [MESSAGE][PASSED] - Delayed 2 second(s)

2019-06-25 13:34:07 - [TEST_STEP][PASSED] - click(findTestObject("APOLLO- Desktop/Collection page/sort/Filter dropdown")): Object: 'Object Repository/APOLLO- Desktop/Collection page/sort/Filter dropdown' is clicked on

2019-06-25 13:34:07 - [MESSAGE][PASSED] - Object: 'Object Repository/APOLLO- Desktop/Collection page/sort/Filter dropdown' is clicked on

2019-06-25 13:34:07 - [TEST_STEP][PASSED] - delay(2): Delayed 2 second(s)

2019-06-25 13:34:09 - [MESSAGE][PASSED] - Delayed 2 second(s)

2019-06-25 13:34:09 - [TEST_STEP][PASSED] - takeScreenshot(): Taking screenshot successfully

2019-06-25 13:34:09 - [MESSAGE][PASSED] - Taking screenshot successfully
[[ATTACHMENT|/Users/sumankompelly/Katalon Studio/APOLLO/Reports/Apollo - dark build/20190625_133233/1561484049302.png]]

2019-06-25 13:34:09 - [TEST_STEP][PASSED] - delay(2): Delayed 2 second(s)

2019-06-25 13:34:11 - [MESSAGE][PASSED] - Delayed 2 second(s)

2019-06-25 13:34:11 - [TEST_STEP][PASSED] - click(findTestObject("APOLLO- Desktop/Collection page/sort/Filter dropdown")): Object: 'Object Repository/APOLLO- Desktop/Collection page/sort/Filter dropdown' is clicked on

2019-06-25 13:34:12 - [MESSAGE][PASSED] - Object: 'Object Repository/APOLLO- Desktop/Collection page/sort/Filter dropdown' is clicked on

2019-06-25 13:34:12 - [TEST_STEP][PASSED] - delay(2): Delayed 2 second(s)

2019-06-25 13:34:14 - [MESSAGE][PASSED] - Delayed 2 second(s)

2019-06-25 13:34:14 - [TEST_STEP][PASSED] - click(findTestObject("APOLLO- Desktop/Collection page/sort/Alphabetically Z-A")): Object: 'Object Repository/APOLLO- Desktop/Collection page/sort/Alphabetically Z-A' is clicked on

2019-06-25 13:34:14 - [MESSAGE][PASSED] - Object: 'Object Repository/APOLLO- Desktop/Collection page/sort/Alphabetically Z-A' is clicked on

2019-06-25 13:34:14 - [TEST_STEP][PASSED] - delay(2): Delayed 2 second(s)

2019-06-25 13:34:16 - [MESSAGE][PASSED] - Delayed 2 second(s)

2019-06-25 13:34:16 - [TEST_STEP][PASSED] - click(findTestObject("APOLLO- Desktop/Collection page/sort/Filter dropdown")): Object: 'Object Repository/APOLLO- Desktop/Collection page/sort/Filter dropdown' is clicked on

2019-06-25 13:34:16 - [MESSAGE][PASSED] - Object: 'Object Repository/APOLLO- Desktop/Collection page/sort/Filter dropdown' is clicked on

2019-06-25 13:34:16 - [TEST_STEP][PASSED] - delay(2): Delayed 2 second(s)

2019-06-25 13:34:18 - [MESSAGE][PASSED] - Delayed 2 second(s)

2019-06-25 13:34:18 - [TEST_STEP][PASSED] - takeScreenshot(): Taking screenshot successfully

2019-06-25 13:34:19 - [MESSAGE][PASSED] - Taking screenshot successfully
[[ATTACHMENT|/Users/sumankompelly/Katalon Studio/APOLLO/Reports/Apollo - dark build/20190625_133233/1561484058567.png]]

2019-06-25 13:34:19 - [TEST_STEP][PASSED] - delay(2): Delayed 2 second(s)

2019-06-25 13:34:21 - [MESSAGE][PASSED] - Delayed 2 second(s)

2019-06-25 13:34:21 - [TEST_STEP][PASSED] - click(findTestObject("APOLLO- Desktop/Collection page/sort/Filter dropdown")): Object: 'Object Repository/APOLLO- Desktop/Collection page/sort/Filter dropdown' is clicked on

2019-06-25 13:34:21 - [MESSAGE][PASSED] - Object: 'Object Repository/APOLLO- Desktop/Collection page/sort/Filter dropdown' is clicked on

2019-06-25 13:34:21 - [TEST_STEP][PASSED] - delay(2): Delayed 2 second(s)

2019-06-25 13:34:23 - [MESSAGE][PASSED] - Delayed 2 second(s)

2019-06-25 13:34:23 - [TEST_STEP][PASSED] - click(findTestObject("APOLLO- Desktop/Collection page/sort/Price-Low to high")): Object: 'Object Repository/APOLLO- Desktop/Collection page/sort/Price-Low to high' is clicked on

2019-06-25 13:34:23 - [MESSAGE][PASSED] - Object: 'Object Repository/APOLLO- Desktop/Collection page/sort/Price-Low to high' is clicked on

2019-06-25 13:34:23 - [TEST_STEP][PASSED] - delay(2): Delayed 2 second(s)

2019-06-25 13:34:25 - [MESSAGE][PASSED] - Delayed 2 second(s)

2019-06-25 13:34:25 - [TEST_STEP][PASSED] - click(findTestObject("APOLLO- Desktop/Collection page/sort/Filter dropdown")): Object: 'Object Repository/APOLLO- Desktop/Collection page/sort/Filter dropdown' is clicked on

2019-06-25 13:34:25 - [MESSAGE][PASSED] - Object: 'Object Repository/APOLLO- Desktop/Collection page/sort/Filter dropdown' is clicked on

2019-06-25 13:34:25 - [TEST_STEP][PASSED] - delay(2): Delayed 2 second(s)

2019-06-25 13:34:27 - [MESSAGE][PASSED] - Delayed 2 second(s)

2019-06-25 13:34:27 - [TEST_STEP][PASSED] - takeScreenshot(): Taking screenshot successfully

2019-06-25 13:34:28 - [MESSAGE][PASSED] - Taking screenshot successfully
[[ATTACHMENT|/Users/sumankompelly/Katalon Studio/APOLLO/Reports/Apollo - dark build/20190625_133233/1561484067811.png]]

2019-06-25 13:34:28 - [TEST_STEP][PASSED] - delay(2): Delayed 2 second(s)

2019-06-25 13:34:30 - [MESSAGE][PASSED] - Delayed 2 second(s)

2019-06-25 13:34:30 - [TEST_STEP][PASSED] - click(findTestObject("APOLLO- Desktop/Collection page/sort/Filter dropdown")): Object: 'Object Repository/APOLLO- Desktop/Collection page/sort/Filter dropdown' is clicked on

2019-06-25 13:34:30 - [MESSAGE][PASSED] - Object: 'Object Repository/APOLLO- Desktop/Collection page/sort/Filter dropdown' is clicked on

2019-06-25 13:34:30 - [TEST_STEP][PASSED] - delay(2): Delayed 2 second(s)

2019-06-25 13:34:32 - [MESSAGE][PASSED] - Delayed 2 second(s)

2019-06-25 13:34:32 - [TEST_STEP][PASSED] - click(findTestObject("APOLLO- Desktop/Collection page/sort/price-High to low")): Object: 'Object Repository/APOLLO- Desktop/Collection page/sort/price-High to low' is clicked on

2019-06-25 13:34:32 - [MESSAGE][PASSED] - Object: 'Object Repository/APOLLO- Desktop/Collection page/sort/price-High to low' is clicked on

2019-06-25 13:34:32 - [TEST_STEP][PASSED] - delay(2): Delayed 2 second(s)

2019-06-25 13:34:34 - [MESSAGE][PASSED] - Delayed 2 second(s)

2019-06-25 13:34:34 - [TEST_STEP][PASSED] - click(findTestObject("APOLLO- Desktop/Collection page/sort/Filter dropdown")): Object: 'Object Repository/APOLLO- Desktop/Collection page/sort/Filter dropdown' is clicked on

2019-06-25 13:34:35 - [MESSAGE][PASSED] - Object: 'Object Repository/APOLLO- Desktop/Collection page/sort/Filter dropdown' is clicked on

2019-06-25 13:34:35 - [TEST_STEP][PASSED] - delay(2): Delayed 2 second(s)

2019-06-25 13:34:37 - [MESSAGE][PASSED] - Delayed 2 second(s)

2019-06-25 13:34:37 - [TEST_STEP][PASSED] - takeScreenshot(): Taking screenshot successfully

2019-06-25 13:34:37 - [MESSAGE][PASSED] - Taking screenshot successfully
[[ATTACHMENT|/Users/sumankompelly/Katalon Studio/APOLLO/Reports/Apollo - dark build/20190625_133233/1561484077099.png]]

2019-06-25 13:34:37 - [TEST_STEP][PASSED] - delay(2): Delayed 2 second(s)

2019-06-25 13:34:39 - [MESSAGE][PASSED] - Delayed 2 second(s)

2019-06-25 13:34:39 - [TEST_STEP][PASSED] - click(findTestObject("APOLLO- Desktop/Collection page/sort/Filter dropdown")): Object: 'Object Repository/APOLLO- Desktop/Collection page/sort/Filter dropdown' is clicked on

2019-06-25 13:34:39 - [MESSAGE][PASSED] - Object: 'Object Repository/APOLLO- Desktop/Collection page/sort/Filter dropdown' is clicked on

2019-06-25 13:34:39 - [TEST_STEP][PASSED] - delay(2): Delayed 2 second(s)

2019-06-25 13:34:41 - [MESSAGE][PASSED] - Delayed 2 second(s)

2019-06-25 13:34:41 - [TEST_STEP][PASSED] - click(findTestObject("APOLLO- Desktop/Collection page/sort/Date - old to new")): Object: 'Object Repository/APOLLO- Desktop/Collection page/sort/Date - old to new' is clicked on

2019-06-25 13:34:42 - [MESSAGE][PASSED] - Object: 'Object Repository/APOLLO- Desktop/Collection page/sort/Date - old to new' is clicked on

2019-06-25 13:34:42 - [TEST_STEP][PASSED] - delay(3): Delayed 3 second(s)

2019-06-25 13:34:45 - [MESSAGE][PASSED] - Delayed 3 second(s)

2019-06-25 13:34:45 - [TEST_STEP][PASSED] - click(findTestObject("APOLLO- Desktop/Collection page/sort/Filter dropdown")): Object: 'Object Repository/APOLLO- Desktop/Collection page/sort/Filter dropdown' is clicked on

2019-06-25 13:34:45 - [MESSAGE][PASSED] - Object: 'Object Repository/APOLLO- Desktop/Collection page/sort/Filter dropdown' is clicked on

2019-06-25 13:34:45 - [TEST_STEP][PASSED] - delay(2): Delayed 2 second(s)

2019-06-25 13:34:47 - [MESSAGE][PASSED] - Delayed 2 second(s)

2019-06-25 13:34:47 - [TEST_STEP][PASSED] - takeScreenshot(): Taking screenshot successfully

2019-06-25 13:34:47 - [MESSAGE][PASSED] - Taking screenshot successfully
[[ATTACHMENT|/Users/sumankompelly/Katalon Studio/APOLLO/Reports/Apollo - dark build/20190625_133233/1561484087359.png]]

2019-06-25 13:34:47 - [TEST_STEP][PASSED] - delay(2): Delayed 2 second(s)

2019-06-25 13:34:49 - [MESSAGE][PASSED] - Delayed 2 second(s)

2019-06-25 13:34:49 - [TEST_STEP][PASSED] - click(findTestObject("APOLLO- Desktop/Collection page/sort/Filter dropdown")): Object: 'Object Repository/APOLLO- Desktop/Collection page/sort/Filter dropdown' is clicked on

2019-06-25 13:34:50 - [MESSAGE][PASSED] - Object: 'Object Repository/APOLLO- Desktop/Collection page/sort/Filter dropdown' is clicked on

2019-06-25 13:34:50 - [TEST_STEP][PASSED] - delay(2): Delayed 2 second(s)

2019-06-25 13:34:52 - [MESSAGE][PASSED] - Delayed 2 second(s)

2019-06-25 13:34:52 - [TEST_STEP][PASSED] - click(findTestObject("APOLLO- Desktop/Collection page/sort/Date- new to old")): Object: 'Object Repository/APOLLO- Desktop/Collection page/sort/Date- new to old' is clicked on

2019-06-25 13:34:52 - [MESSAGE][PASSED] - Object: 'Object Repository/APOLLO- Desktop/Collection page/sort/Date- new to old' is clicked on

2019-06-25 13:34:52 - [TEST_STEP][PASSED] - delay(2): Delayed 2 second(s)

2019-06-25 13:34:54 - [MESSAGE][PASSED] - Delayed 2 second(s)

2019-06-25 13:34:54 - [TEST_STEP][PASSED] - click(findTestObject("APOLLO- Desktop/Collection page/sort/Filter dropdown")): Object: 'Object Repository/APOLLO- Desktop/Collection page/sort/Filter dropdown' is clicked on

2019-06-25 13:34:54 - [MESSAGE][PASSED] - Object: 'Object Repository/APOLLO- Desktop/Collection page/sort/Filter dropdown' is clicked on

2019-06-25 13:34:54 - [TEST_STEP][PASSED] - takeScreenshot(): Taking screenshot successfully

2019-06-25 13:34:55 - [MESSAGE][PASSED] - Taking screenshot successfully
[[ATTACHMENT|/Users/sumankompelly/Katalon Studio/APOLLO/Reports/Apollo - dark build/20190625_133233/1561484094538.png]]

2019-06-25 13:34:55 - [TEST_STEP][PASSED] - delay(2): Delayed 2 second(s)

2019-06-25 13:34:57 - [MESSAGE][PASSED] - Delayed 2 second(s)]]></system-out>
         <system-err><![CDATA[]]></system-err>
      </testcase>
      <testcase name="Test Cases/COLLECTION PAGE/Prouducts layout style" classname="Test Cases/COLLECTION PAGE/Prouducts layout style" status="PASSED">
         <system-out><![CDATA[2019-06-25 13:34:57 - [TEST_CASE][PASSED] - Test Cases/COLLECTION PAGE/Prouducts layout style: Test Cases/COLLECTION PAGE/Prouducts layout style

2019-06-25 13:34:57 - [TEST_STEP][PASSED] - callTestCase(findTestCase("CALL - URL"), [:], STOP_ON_FAILURE): Call Test Case 'Test Cases/CALL - URL' successfully

2019-06-25 13:34:57 - [TEST_CASE][PASSED] - Test Cases/CALL - URL: Test Cases/CALL - URL

2019-06-25 13:34:57 - [TEST_STEP][PASSED] - openBrowser(""): Browser is opened with url: ''

2019-06-25 13:34:57 - [MESSAGE][WARNING] - A browser is already opened. Closing browser and opening a new one

2019-06-25 13:34:58 - [MESSAGE][INFO] - Starting 'Firefox' driver

2019-06-25 13:35:00 - [MESSAGE][PASSED] - Browser is opened with url: ''

2019-06-25 13:35:00 - [TEST_STEP][PASSED] - navigateToUrl("https://diff-apollo.myshopify.com/?key=eec34184cfd8f82cda816f82753a8c8e9e240f30cf54470e19667b8cbb401948&preview_theme_id="): Navigate to 'https://diff-apollo.myshopify.com/?key=eec34184cfd8f82cda816f82753a8c8e9e240f30cf54470e19667b8cbb401948&preview_theme_id=' successfully

2019-06-25 13:35:07 - [MESSAGE][PASSED] - Navigate to 'https://diff-apollo.myshopify.com/?key=eec34184cfd8f82cda816f82753a8c8e9e240f30cf54470e19667b8cbb401948&preview_theme_id=' successfully

2019-06-25 13:35:07 - [TEST_STEP][NOT_RUN] - executeJavaScript("var previewBar = document.getElementById("preview-bar-iframe"); previewBar.style.display = "none";", []): NOT_RUN: executeJavaScript("var previewBar = document.getElementById("preview-bar-iframe"); previewBar.style.display = "none";", [])

2019-06-25 13:35:07 - [MESSAGE][NOT_RUN] - NOT_RUN: executeJavaScript("var previewBar = document.getElementById("preview-bar-iframe"); previewBar.style.display = "none";", [])

2019-06-25 13:35:07 - [MESSAGE][PASSED] - Call Test Case 'Test Cases/CALL - URL' successfully

2019-06-25 13:35:07 - [TEST_STEP][PASSED] - delay(2): Delayed 2 second(s)

2019-06-25 13:35:09 - [MESSAGE][PASSED] - Delayed 2 second(s)

2019-06-25 13:35:09 - [TEST_STEP][PASSED] - click(findTestObject("APOLLO- Desktop/Burger Menu/Burgermenu")): Object: 'Object Repository/APOLLO- Desktop/Burger Menu/Burgermenu' is clicked on

2019-06-25 13:35:09 - [MESSAGE][PASSED] - Object: 'Object Repository/APOLLO- Desktop/Burger Menu/Burgermenu' is clicked on

2019-06-25 13:35:09 - [TEST_STEP][PASSED] - delay(2): Delayed 2 second(s)

2019-06-25 13:35:11 - [MESSAGE][PASSED] - Delayed 2 second(s)

2019-06-25 13:35:11 - [TEST_STEP][PASSED] - click(findTestObject("APOLLO- Desktop/Burger Menu/Mens chevron")): Object: 'Object Repository/APOLLO- Desktop/Burger Menu/Mens chevron' is clicked on

2019-06-25 13:35:11 - [MESSAGE][PASSED] - Object: 'Object Repository/APOLLO- Desktop/Burger Menu/Mens chevron' is clicked on

2019-06-25 13:35:11 - [TEST_STEP][PASSED] - delay(2): Delayed 2 second(s)

2019-06-25 13:35:13 - [MESSAGE][PASSED] - Delayed 2 second(s)

2019-06-25 13:35:13 - [TEST_STEP][PASSED] - click(findTestObject("APOLLO- Desktop/Burger Menu/Mens - Top Chevron")): Object: 'Object Repository/APOLLO- Desktop/Burger Menu/Mens - Top Chevron' is clicked on

2019-06-25 13:35:14 - [MESSAGE][PASSED] - Object: 'Object Repository/APOLLO- Desktop/Burger Menu/Mens - Top Chevron' is clicked on

2019-06-25 13:35:14 - [TEST_STEP][PASSED] - delay(2): Delayed 2 second(s)

2019-06-25 13:35:16 - [MESSAGE][PASSED] - Delayed 2 second(s)

2019-06-25 13:35:16 - [TEST_STEP][PASSED] - click(findTestObject("APOLLO- Desktop/Burger Menu/Shirts link")): Object: 'Object Repository/APOLLO- Desktop/Burger Menu/Shirts link' is clicked on

2019-06-25 13:35:17 - [MESSAGE][PASSED] - Object: 'Object Repository/APOLLO- Desktop/Burger Menu/Shirts link' is clicked on

2019-06-25 13:35:17 - [TEST_STEP][NOT_RUN] - executeJavaScript("var previewBar = document.getElementById("preview-bar-iframe"); previewBar.style.display = "none";", []): NOT_RUN: executeJavaScript("var previewBar = document.getElementById("preview-bar-iframe"); previewBar.style.display = "none";", [])

2019-06-25 13:35:17 - [MESSAGE][NOT_RUN] - NOT_RUN: executeJavaScript("var previewBar = document.getElementById("preview-bar-iframe"); previewBar.style.display = "none";", [])

2019-06-25 13:35:17 - [TEST_STEP][PASSED] - delay(2): Delayed 2 second(s)

2019-06-25 13:35:19 - [MESSAGE][PASSED] - Delayed 2 second(s)

2019-06-25 13:35:19 - [TEST_STEP][NOT_RUN] - executeJavaScript("var previewBar = document.getElementById("preview-bar-iframe"); previewBar.style.display = "none";", []): NOT_RUN: executeJavaScript("var previewBar = document.getElementById("preview-bar-iframe"); previewBar.style.display = "none";", [])

2019-06-25 13:35:19 - [MESSAGE][NOT_RUN] - NOT_RUN: executeJavaScript("var previewBar = document.getElementById("preview-bar-iframe"); previewBar.style.display = "none";", [])

2019-06-25 13:35:19 - [TEST_STEP][PASSED] - delay(2): Delayed 2 second(s)

2019-06-25 13:35:21 - [MESSAGE][PASSED] - Delayed 2 second(s)

2019-06-25 13:35:21 - [TEST_STEP][PASSED] - click(findTestObject("APOLLO- Desktop/Collection page/layout less")): Object: 'Object Repository/APOLLO- Desktop/Collection page/layout less' is clicked on

2019-06-25 13:35:22 - [MESSAGE][PASSED] - Object: 'Object Repository/APOLLO- Desktop/Collection page/layout less' is clicked on

2019-06-25 13:35:22 - [TEST_STEP][PASSED] - delay(2): Delayed 2 second(s)

2019-06-25 13:35:24 - [MESSAGE][PASSED] - Delayed 2 second(s)

2019-06-25 13:35:24 - [TEST_STEP][PASSED] - a = getPageHeight(): Current page's height is 4346

2019-06-25 13:35:24 - [MESSAGE][PASSED] - Current page's height is 4346

2019-06-25 13:35:24 - [TEST_STEP][PASSED] - comment("a=" + a): a=4346

2019-06-25 13:35:24 - [MESSAGE][INFO] - a=4346

2019-06-25 13:35:24 - [TEST_STEP][PASSED] - delay(2): Delayed 2 second(s)

2019-06-25 13:35:26 - [MESSAGE][PASSED] - Delayed 2 second(s)

2019-06-25 13:35:26 - [TEST_STEP][PASSED] - click(findTestObject("APOLLO- Desktop/Collection page/layout more")): Object: 'Object Repository/APOLLO- Desktop/Collection page/layout more' is clicked on

2019-06-25 13:35:27 - [MESSAGE][PASSED] - Object: 'Object Repository/APOLLO- Desktop/Collection page/layout more' is clicked on

2019-06-25 13:35:27 - [TEST_STEP][PASSED] - delay(2): Delayed 2 second(s)

2019-06-25 13:35:29 - [MESSAGE][PASSED] - Delayed 2 second(s)

2019-06-25 13:35:29 - [TEST_STEP][PASSED] - b = getPageHeight(): Current page's height is 2101

2019-06-25 13:35:29 - [MESSAGE][PASSED] - Current page's height is 2101

2019-06-25 13:35:29 - [TEST_STEP][PASSED] - comment("b=" + b): b=2101

2019-06-25 13:35:29 - [MESSAGE][INFO] - b=2101

2019-06-25 13:35:29 - [TEST_STEP][PASSED] - verifyLessThan(b, a): Actual number '2,101' is less than expected number '4,346'

2019-06-25 13:35:29 - [MESSAGE][PASSED] - Actual number '2,101' is less than expected number '4,346']]></system-out>
         <system-err><![CDATA[]]></system-err>
      </testcase>
      <testcase name="Test Cases/COLLECTION PAGE/Filter" classname="Test Cases/COLLECTION PAGE/Filter" status="PASSED">
         <system-out><![CDATA[2019-06-25 13:35:29 - [TEST_CASE][PASSED] - Test Cases/COLLECTION PAGE/Filter: Test Cases/COLLECTION PAGE/Filter

2019-06-25 13:35:29 - [TEST_STEP][PASSED] - callTestCase(findTestCase("CALL - URL"), [:], STOP_ON_FAILURE): Call Test Case 'Test Cases/CALL - URL' successfully

2019-06-25 13:35:29 - [TEST_CASE][PASSED] - Test Cases/CALL - URL: Test Cases/CALL - URL

2019-06-25 13:35:29 - [TEST_STEP][PASSED] - openBrowser(""): Browser is opened with url: ''

2019-06-25 13:35:29 - [MESSAGE][WARNING] - A browser is already opened. Closing browser and opening a new one

2019-06-25 13:35:30 - [MESSAGE][INFO] - Starting 'Firefox' driver

2019-06-25 13:35:32 - [MESSAGE][PASSED] - Browser is opened with url: ''

2019-06-25 13:35:32 - [TEST_STEP][PASSED] - navigateToUrl("https://diff-apollo.myshopify.com/?key=eec34184cfd8f82cda816f82753a8c8e9e240f30cf54470e19667b8cbb401948&preview_theme_id="): Navigate to 'https://diff-apollo.myshopify.com/?key=eec34184cfd8f82cda816f82753a8c8e9e240f30cf54470e19667b8cbb401948&preview_theme_id=' successfully

2019-06-25 13:35:37 - [MESSAGE][PASSED] - Navigate to 'https://diff-apollo.myshopify.com/?key=eec34184cfd8f82cda816f82753a8c8e9e240f30cf54470e19667b8cbb401948&preview_theme_id=' successfully

2019-06-25 13:35:37 - [TEST_STEP][NOT_RUN] - executeJavaScript("var previewBar = document.getElementById("preview-bar-iframe"); previewBar.style.display = "none";", []): NOT_RUN: executeJavaScript("var previewBar = document.getElementById("preview-bar-iframe"); previewBar.style.display = "none";", [])

2019-06-25 13:35:37 - [MESSAGE][NOT_RUN] - NOT_RUN: executeJavaScript("var previewBar = document.getElementById("preview-bar-iframe"); previewBar.style.display = "none";", [])

2019-06-25 13:35:37 - [MESSAGE][PASSED] - Call Test Case 'Test Cases/CALL - URL' successfully

2019-06-25 13:35:37 - [TEST_STEP][PASSED] - delay(2): Delayed 2 second(s)

2019-06-25 13:35:39 - [MESSAGE][PASSED] - Delayed 2 second(s)

2019-06-25 13:35:39 - [TEST_STEP][PASSED] - click(findTestObject("APOLLO- Desktop/Burger Menu/Burgermenu")): Object: 'Object Repository/APOLLO- Desktop/Burger Menu/Burgermenu' is clicked on

2019-06-25 13:35:39 - [MESSAGE][PASSED] - Object: 'Object Repository/APOLLO- Desktop/Burger Menu/Burgermenu' is clicked on

2019-06-25 13:35:39 - [TEST_STEP][PASSED] - delay(2): Delayed 2 second(s)

2019-06-25 13:35:41 - [MESSAGE][PASSED] - Delayed 2 second(s)

2019-06-25 13:35:41 - [TEST_STEP][PASSED] - click(findTestObject("APOLLO- Desktop/Burger Menu/Mens chevron")): Object: 'Object Repository/APOLLO- Desktop/Burger Menu/Mens chevron' is clicked on

2019-06-25 13:35:42 - [MESSAGE][PASSED] - Object: 'Object Repository/APOLLO- Desktop/Burger Menu/Mens chevron' is clicked on

2019-06-25 13:35:42 - [TEST_STEP][PASSED] - delay(2): Delayed 2 second(s)

2019-06-25 13:35:44 - [MESSAGE][PASSED] - Delayed 2 second(s)

2019-06-25 13:35:44 - [TEST_STEP][PASSED] - click(findTestObject("APOLLO- Desktop/Burger Menu/Mens - Top Chevron")): Object: 'Object Repository/APOLLO- Desktop/Burger Menu/Mens - Top Chevron' is clicked on

2019-06-25 13:35:44 - [MESSAGE][PASSED] - Object: 'Object Repository/APOLLO- Desktop/Burger Menu/Mens - Top Chevron' is clicked on

2019-06-25 13:35:44 - [TEST_STEP][PASSED] - delay(2): Delayed 2 second(s)

2019-06-25 13:35:46 - [MESSAGE][PASSED] - Delayed 2 second(s)

2019-06-25 13:35:46 - [TEST_STEP][PASSED] - click(findTestObject("APOLLO- Desktop/Burger Menu/Shirts link")): Object: 'Object Repository/APOLLO- Desktop/Burger Menu/Shirts link' is clicked on

2019-06-25 13:35:47 - [MESSAGE][PASSED] - Object: 'Object Repository/APOLLO- Desktop/Burger Menu/Shirts link' is clicked on

2019-06-25 13:35:47 - [TEST_STEP][NOT_RUN] - executeJavaScript("var previewBar = document.getElementById("preview-bar-iframe"); previewBar.style.display = "none";", []): NOT_RUN: executeJavaScript("var previewBar = document.getElementById("preview-bar-iframe"); previewBar.style.display = "none";", [])

2019-06-25 13:35:47 - [MESSAGE][NOT_RUN] - NOT_RUN: executeJavaScript("var previewBar = document.getElementById("preview-bar-iframe"); previewBar.style.display = "none";", [])

2019-06-25 13:35:47 - [TEST_STEP][PASSED] - delay(2): Delayed 2 second(s)

2019-06-25 13:35:49 - [MESSAGE][PASSED] - Delayed 2 second(s)

2019-06-25 13:35:49 - [TEST_STEP][NOT_RUN] - executeJavaScript("var previewBar = document.getElementById("preview-bar-iframe"); previewBar.style.display = "none";", []): NOT_RUN: executeJavaScript("var previewBar = document.getElementById("preview-bar-iframe"); previewBar.style.display = "none";", [])

2019-06-25 13:35:49 - [MESSAGE][NOT_RUN] - NOT_RUN: executeJavaScript("var previewBar = document.getElementById("preview-bar-iframe"); previewBar.style.display = "none";", [])

2019-06-25 13:35:49 - [TEST_STEP][PASSED] - delay(2): Delayed 2 second(s)

2019-06-25 13:35:51 - [MESSAGE][PASSED] - Delayed 2 second(s)

2019-06-25 13:35:51 - [TEST_STEP][PASSED] - click(findTestObject("APOLLO- Desktop/Collection page/Filter/Filter dropdown")): Object: 'Object Repository/APOLLO- Desktop/Collection page/Filter/Filter dropdown' is clicked on

2019-06-25 13:35:51 - [MESSAGE][PASSED] - Object: 'Object Repository/APOLLO- Desktop/Collection page/Filter/Filter dropdown' is clicked on

2019-06-25 13:35:51 - [TEST_STEP][PASSED] - delay(2): Delayed 2 second(s)

2019-06-25 13:35:53 - [MESSAGE][PASSED] - Delayed 2 second(s)

2019-06-25 13:35:53 - [TEST_STEP][PASSED] - click(findTestObject("APOLLO- Desktop/Collection page/Filter/a_Small")): Object: 'Object Repository/APOLLO- Desktop/Collection page/Filter/a_Small' is clicked on

2019-06-25 13:35:53 - [MESSAGE][PASSED] - Object: 'Object Repository/APOLLO- Desktop/Collection page/Filter/a_Small' is clicked on

2019-06-25 13:35:53 - [TEST_STEP][PASSED] - delay(2): Delayed 2 second(s)

2019-06-25 13:35:55 - [MESSAGE][PASSED] - Delayed 2 second(s)

2019-06-25 13:35:55 - [TEST_STEP][PASSED] - click(findTestObject("APOLLO- Desktop/Collection page/Filter/Filter dropdown")): Object: 'Object Repository/APOLLO- Desktop/Collection page/Filter/Filter dropdown' is clicked on

2019-06-25 13:35:55 - [MESSAGE][PASSED] - Object: 'Object Repository/APOLLO- Desktop/Collection page/Filter/Filter dropdown' is clicked on

2019-06-25 13:35:55 - [TEST_STEP][PASSED] - delay(2): Delayed 2 second(s)

2019-06-25 13:35:57 - [MESSAGE][PASSED] - Delayed 2 second(s)

2019-06-25 13:35:57 - [TEST_STEP][PASSED] - click(findTestObject("APOLLO- Desktop/Collection page/Filter/Color dropdown")): Object: 'Object Repository/APOLLO- Desktop/Collection page/Filter/Color dropdown' is clicked on

2019-06-25 13:35:58 - [MESSAGE][PASSED] - Object: 'Object Repository/APOLLO- Desktop/Collection page/Filter/Color dropdown' is clicked on

2019-06-25 13:35:58 - [TEST_STEP][PASSED] - delay(2): Delayed 2 second(s)

2019-06-25 13:36:00 - [MESSAGE][PASSED] - Delayed 2 second(s)

2019-06-25 13:36:00 - [TEST_STEP][PASSED] - click(findTestObject("APOLLO- Desktop/Collection page/Filter/a_Red")): Object: 'Object Repository/APOLLO- Desktop/Collection page/Filter/a_Red' is clicked on

2019-06-25 13:36:00 - [MESSAGE][PASSED] - Object: 'Object Repository/APOLLO- Desktop/Collection page/Filter/a_Red' is clicked on

2019-06-25 13:36:00 - [TEST_STEP][PASSED] - delay(2): Delayed 2 second(s)

2019-06-25 13:36:02 - [MESSAGE][PASSED] - Delayed 2 second(s)

2019-06-25 13:36:02 - [TEST_STEP][PASSED] - click(findTestObject("APOLLO- Desktop/Collection page/Filter/Color dropdown")): Object: 'Object Repository/APOLLO- Desktop/Collection page/Filter/Color dropdown' is clicked on

2019-06-25 13:36:02 - [MESSAGE][PASSED] - Object: 'Object Repository/APOLLO- Desktop/Collection page/Filter/Color dropdown' is clicked on

2019-06-25 13:36:02 - [TEST_STEP][PASSED] - delay(2): Delayed 2 second(s)

2019-06-25 13:36:04 - [MESSAGE][PASSED] - Delayed 2 second(s)

2019-06-25 13:36:04 - [TEST_STEP][PASSED] - a = getText(findTestObject("APOLLO- Desktop/Collection page/Filter/Filtered count")): Text of object 'Object Repository/APOLLO- Desktop/Collection page/Filter/Filtered count' is: '2'

2019-06-25 13:36:04 - [MESSAGE][PASSED] - Text of object 'Object Repository/APOLLO- Desktop/Collection page/Filter/Filtered count' is: '2'

2019-06-25 13:36:04 - [TEST_STEP][PASSED] - delay(2): Delayed 2 second(s)

2019-06-25 13:36:06 - [MESSAGE][PASSED] - Delayed 2 second(s)

2019-06-25 13:36:06 - [TEST_STEP][PASSED] - comment("a=" + a): a=2

2019-06-25 13:36:06 - [MESSAGE][INFO] - a=2

2019-06-25 13:36:06 - [TEST_STEP][PASSED] - b = 0: null

2019-06-25 13:36:06 - [TEST_STEP][PASSED] - verifyNotEqual("a", "b"): Actual object 'a' and expected object 'b' are not equal

2019-06-25 13:36:06 - [MESSAGE][PASSED] - Actual object 'a' and expected object 'b' are not equal

2019-06-25 13:36:06 - [TEST_STEP][PASSED] - delay(2): Delayed 2 second(s)

2019-06-25 13:36:08 - [MESSAGE][PASSED] - Delayed 2 second(s)

2019-06-25 13:36:08 - [TEST_STEP][PASSED] - click(findTestObject("APOLLO- Desktop/Collection page/Filter/Color dropdown")): Object: 'Object Repository/APOLLO- Desktop/Collection page/Filter/Color dropdown' is clicked on

2019-06-25 13:36:08 - [MESSAGE][PASSED] - Object: 'Object Repository/APOLLO- Desktop/Collection page/Filter/Color dropdown' is clicked on

2019-06-25 13:36:08 - [TEST_STEP][PASSED] - delay(2): Delayed 2 second(s)

2019-06-25 13:36:10 - [MESSAGE][PASSED] - Delayed 2 second(s)

2019-06-25 13:36:10 - [TEST_STEP][PASSED] - click(findTestObject("APOLLO- Desktop/Collection page/Filter/a_Green")): Object: 'Object Repository/APOLLO- Desktop/Collection page/Filter/a_Green' is clicked on

2019-06-25 13:36:11 - [MESSAGE][PASSED] - Object: 'Object Repository/APOLLO- Desktop/Collection page/Filter/a_Green' is clicked on

2019-06-25 13:36:11 - [TEST_STEP][PASSED] - delay(2): Delayed 2 second(s)

2019-06-25 13:36:13 - [MESSAGE][PASSED] - Delayed 2 second(s)

2019-06-25 13:36:13 - [TEST_STEP][PASSED] - click(findTestObject("APOLLO- Desktop/Collection page/Filter/Color dropdown")): Object: 'Object Repository/APOLLO- Desktop/Collection page/Filter/Color dropdown' is clicked on

2019-06-25 13:36:13 - [MESSAGE][PASSED] - Object: 'Object Repository/APOLLO- Desktop/Collection page/Filter/Color dropdown' is clicked on

2019-06-25 13:36:13 - [TEST_STEP][PASSED] - delay(2): Delayed 2 second(s)

2019-06-25 13:36:15 - [MESSAGE][PASSED] - Delayed 2 second(s)

2019-06-25 13:36:15 - [TEST_STEP][PASSED] - a1 = getText(findTestObject("APOLLO- Desktop/Collection page/Filter/Filtered count")): Text of object 'Object Repository/APOLLO- Desktop/Collection page/Filter/Filtered count' is: '2'

2019-06-25 13:36:15 - [MESSAGE][PASSED] - Text of object 'Object Repository/APOLLO- Desktop/Collection page/Filter/Filtered count' is: '2'

2019-06-25 13:36:15 - [TEST_STEP][PASSED] - delay(2): Delayed 2 second(s)

2019-06-25 13:36:17 - [MESSAGE][PASSED] - Delayed 2 second(s)

2019-06-25 13:36:17 - [TEST_STEP][PASSED] - comment("a1=" + a1): a1=2

2019-06-25 13:36:17 - [MESSAGE][INFO] - a1=2

2019-06-25 13:36:17 - [TEST_STEP][PASSED] - verifyNotEqual("a1", "b"): Actual object 'a1' and expected object 'b' are not equal

2019-06-25 13:36:17 - [MESSAGE][PASSED] - Actual object 'a1' and expected object 'b' are not equal

2019-06-25 13:36:17 - [TEST_STEP][PASSED] - delay(2): Delayed 2 second(s)

2019-06-25 13:36:19 - [MESSAGE][PASSED] - Delayed 2 second(s)

2019-06-25 13:36:19 - [TEST_STEP][PASSED] - delay(2): Delayed 2 second(s)

2019-06-25 13:36:21 - [MESSAGE][PASSED] - Delayed 2 second(s)

2019-06-25 13:36:21 - [TEST_STEP][PASSED] - delay(2): Delayed 2 second(s)

2019-06-25 13:36:23 - [MESSAGE][PASSED] - Delayed 2 second(s)

2019-06-25 13:36:23 - [TEST_STEP][PASSED] - click(findTestObject("APOLLO- Desktop/Collection page/Filter/Color dropdown")): Object: 'Object Repository/APOLLO- Desktop/Collection page/Filter/Color dropdown' is clicked on

2019-06-25 13:36:23 - [MESSAGE][PASSED] - Object: 'Object Repository/APOLLO- Desktop/Collection page/Filter/Color dropdown' is clicked on

2019-06-25 13:36:23 - [TEST_STEP][PASSED] - delay(2): Delayed 2 second(s)

2019-06-25 13:36:25 - [MESSAGE][PASSED] - Delayed 2 second(s)

2019-06-25 13:36:25 - [TEST_STEP][PASSED] - click(findTestObject("APOLLO- Desktop/Collection page/Filter/a_Blue")): Object: 'Object Repository/APOLLO- Desktop/Collection page/Filter/a_Blue' is clicked on

2019-06-25 13:36:25 - [MESSAGE][PASSED] - Object: 'Object Repository/APOLLO- Desktop/Collection page/Filter/a_Blue' is clicked on

2019-06-25 13:36:25 - [TEST_STEP][PASSED] - delay(2): Delayed 2 second(s)

2019-06-25 13:36:27 - [MESSAGE][PASSED] - Delayed 2 second(s)

2019-06-25 13:36:27 - [TEST_STEP][PASSED] - click(findTestObject("APOLLO- Desktop/Collection page/Filter/Color dropdown")): Object: 'Object Repository/APOLLO- Desktop/Collection page/Filter/Color dropdown' is clicked on

2019-06-25 13:36:27 - [MESSAGE][PASSED] - Object: 'Object Repository/APOLLO- Desktop/Collection page/Filter/Color dropdown' is clicked on

2019-06-25 13:36:27 - [TEST_STEP][PASSED] - delay(2): Delayed 2 second(s)

2019-06-25 13:36:29 - [MESSAGE][PASSED] - Delayed 2 second(s)

2019-06-25 13:36:29 - [TEST_STEP][PASSED] - a2 = getText(findTestObject("APOLLO- Desktop/Collection page/Filter/Filtered count")): Text of object 'Object Repository/APOLLO- Desktop/Collection page/Filter/Filtered count' is: '3'

2019-06-25 13:36:29 - [MESSAGE][PASSED] - Text of object 'Object Repository/APOLLO- Desktop/Collection page/Filter/Filtered count' is: '3'

2019-06-25 13:36:29 - [TEST_STEP][PASSED] - delay(2): Delayed 2 second(s)

2019-06-25 13:36:32 - [MESSAGE][PASSED] - Delayed 2 second(s)

2019-06-25 13:36:32 - [TEST_STEP][PASSED] - comment("a2=" + a2): a2=3

2019-06-25 13:36:32 - [MESSAGE][INFO] - a2=3

2019-06-25 13:36:32 - [TEST_STEP][PASSED] - verifyNotEqual("a2", "b"): Actual object 'a2' and expected object 'b' are not equal

2019-06-25 13:36:32 - [MESSAGE][PASSED] - Actual object 'a2' and expected object 'b' are not equal

2019-06-25 13:36:32 - [TEST_STEP][PASSED] - delay(2): Delayed 2 second(s)

2019-06-25 13:36:34 - [MESSAGE][PASSED] - Delayed 2 second(s)

2019-06-25 13:36:34 - [TEST_STEP][PASSED] - delay(2): Delayed 2 second(s)

2019-06-25 13:36:36 - [MESSAGE][PASSED] - Delayed 2 second(s)

2019-06-25 13:36:36 - [TEST_STEP][PASSED] - click(findTestObject("APOLLO- Desktop/Collection page/Filter/Color dropdown")): Object: 'Object Repository/APOLLO- Desktop/Collection page/Filter/Color dropdown' is clicked on

2019-06-25 13:36:36 - [MESSAGE][PASSED] - Object: 'Object Repository/APOLLO- Desktop/Collection page/Filter/Color dropdown' is clicked on

2019-06-25 13:36:36 - [TEST_STEP][PASSED] - delay(2): Delayed 2 second(s)

2019-06-25 13:36:38 - [MESSAGE][PASSED] - Delayed 2 second(s)

2019-06-25 13:36:38 - [TEST_STEP][PASSED] - click(findTestObject("APOLLO- Desktop/Collection page/Filter/a_Purple")): Object: 'Object Repository/APOLLO- Desktop/Collection page/Filter/a_Purple' is clicked on

2019-06-25 13:36:38 - [MESSAGE][PASSED] - Object: 'Object Repository/APOLLO- Desktop/Collection page/Filter/a_Purple' is clicked on

2019-06-25 13:36:38 - [TEST_STEP][PASSED] - delay(2): Delayed 2 second(s)

2019-06-25 13:36:40 - [MESSAGE][PASSED] - Delayed 2 second(s)

2019-06-25 13:36:40 - [TEST_STEP][PASSED] - delay(2): Delayed 2 second(s)

2019-06-25 13:36:42 - [MESSAGE][PASSED] - Delayed 2 second(s)

2019-06-25 13:36:42 - [TEST_STEP][PASSED] - a3 = getText(findTestObject("APOLLO- Desktop/Collection page/Filter/Filtered count")): Text of object 'Object Repository/APOLLO- Desktop/Collection page/Filter/Filtered count' is: '2'

2019-06-25 13:36:42 - [MESSAGE][PASSED] - Text of object 'Object Repository/APOLLO- Desktop/Collection page/Filter/Filtered count' is: '2'

2019-06-25 13:36:42 - [TEST_STEP][PASSED] - delay(2): Delayed 2 second(s)

2019-06-25 13:36:44 - [MESSAGE][PASSED] - Delayed 2 second(s)

2019-06-25 13:36:44 - [TEST_STEP][PASSED] - comment("a3=" + a3): a3=2

2019-06-25 13:36:44 - [MESSAGE][INFO] - a3=2

2019-06-25 13:36:44 - [TEST_STEP][PASSED] - verifyNotEqual("a3", "b"): Actual object 'a3' and expected object 'b' are not equal

2019-06-25 13:36:44 - [MESSAGE][PASSED] - Actual object 'a3' and expected object 'b' are not equal

2019-06-25 13:36:44 - [TEST_STEP][PASSED] - delay(2): Delayed 2 second(s)

2019-06-25 13:36:46 - [MESSAGE][PASSED] - Delayed 2 second(s)

2019-06-25 13:36:46 - [TEST_STEP][PASSED] - delay(2): Delayed 2 second(s)

2019-06-25 13:36:48 - [MESSAGE][PASSED] - Delayed 2 second(s)

2019-06-25 13:36:48 - [TEST_STEP][PASSED] - click(findTestObject("APOLLO- Desktop/Collection page/Filter/Filter dropdown")): Object: 'Object Repository/APOLLO- Desktop/Collection page/Filter/Filter dropdown' is clicked on

2019-06-25 13:36:48 - [MESSAGE][PASSED] - Object: 'Object Repository/APOLLO- Desktop/Collection page/Filter/Filter dropdown' is clicked on

2019-06-25 13:36:48 - [TEST_STEP][PASSED] - delay(2): Delayed 2 second(s)

2019-06-25 13:36:50 - [MESSAGE][PASSED] - Delayed 2 second(s)

2019-06-25 13:36:50 - [TEST_STEP][PASSED] - click(findTestObject("APOLLO- Desktop/Collection page/Filter/a_Medium")): Object: 'Object Repository/APOLLO- Desktop/Collection page/Filter/a_Medium' is clicked on

2019-06-25 13:36:51 - [MESSAGE][PASSED] - Object: 'Object Repository/APOLLO- Desktop/Collection page/Filter/a_Medium' is clicked on

2019-06-25 13:36:51 - [TEST_STEP][PASSED] - delay(2): Delayed 2 second(s)

2019-06-25 13:36:53 - [MESSAGE][PASSED] - Delayed 2 second(s)

2019-06-25 13:36:53 - [TEST_STEP][PASSED] - click(findTestObject("APOLLO- Desktop/Collection page/Filter/Filter dropdown")): Object: 'Object Repository/APOLLO- Desktop/Collection page/Filter/Filter dropdown' is clicked on

2019-06-25 13:36:53 - [MESSAGE][PASSED] - Object: 'Object Repository/APOLLO- Desktop/Collection page/Filter/Filter dropdown' is clicked on

2019-06-25 13:36:53 - [TEST_STEP][PASSED] - delay(2): Delayed 2 second(s)

2019-06-25 13:36:55 - [MESSAGE][PASSED] - Delayed 2 second(s)

2019-06-25 13:36:55 - [TEST_STEP][PASSED] - click(findTestObject("APOLLO- Desktop/Collection page/Filter/Color dropdown")): Object: 'Object Repository/APOLLO- Desktop/Collection page/Filter/Color dropdown' is clicked on

2019-06-25 13:36:55 - [MESSAGE][PASSED] - Object: 'Object Repository/APOLLO- Desktop/Collection page/Filter/Color dropdown' is clicked on

2019-06-25 13:36:55 - [TEST_STEP][PASSED] - delay(2): Delayed 2 second(s)

2019-06-25 13:36:57 - [MESSAGE][PASSED] - Delayed 2 second(s)

2019-06-25 13:36:57 - [TEST_STEP][PASSED] - click(findTestObject("APOLLO- Desktop/Collection page/Filter/a_Red")): Object: 'Object Repository/APOLLO- Desktop/Collection page/Filter/a_Red' is clicked on

2019-06-25 13:36:57 - [MESSAGE][PASSED] - Object: 'Object Repository/APOLLO- Desktop/Collection page/Filter/a_Red' is clicked on

2019-06-25 13:36:57 - [TEST_STEP][PASSED] - click(findTestObject("APOLLO- Desktop/Collection page/Filter/Color dropdown")): Object: 'Object Repository/APOLLO- Desktop/Collection page/Filter/Color dropdown' is clicked on

2019-06-25 13:36:57 - [MESSAGE][PASSED] - Object: 'Object Repository/APOLLO- Desktop/Collection page/Filter/Color dropdown' is clicked on

2019-06-25 13:36:57 - [TEST_STEP][PASSED] - delay(2): Delayed 2 second(s)

2019-06-25 13:36:59 - [MESSAGE][PASSED] - Delayed 2 second(s)

2019-06-25 13:36:59 - [TEST_STEP][PASSED] - a4 = getText(findTestObject("APOLLO- Desktop/Collection page/Filter/Filtered count")): Text of object 'Object Repository/APOLLO- Desktop/Collection page/Filter/Filtered count' is: '2'

2019-06-25 13:36:59 - [MESSAGE][PASSED] - Text of object 'Object Repository/APOLLO- Desktop/Collection page/Filter/Filtered count' is: '2'

2019-06-25 13:36:59 - [TEST_STEP][PASSED] - comment("a4=" + a4): a4=2

2019-06-25 13:36:59 - [MESSAGE][INFO] - a4=2

2019-06-25 13:36:59 - [TEST_STEP][PASSED] - verifyNotEqual("a4", "b"): Actual object 'a4' and expected object 'b' are not equal

2019-06-25 13:36:59 - [MESSAGE][PASSED] - Actual object 'a4' and expected object 'b' are not equal

2019-06-25 13:36:59 - [TEST_STEP][PASSED] - delay(4): Delayed 4 second(s)

2019-06-25 13:37:03 - [MESSAGE][PASSED] - Delayed 4 second(s)

2019-06-25 13:37:03 - [TEST_STEP][PASSED] - click(findTestObject("APOLLO- Desktop/Collection page/Filter/Color dropdown")): Object: 'Object Repository/APOLLO- Desktop/Collection page/Filter/Color dropdown' is clicked on

2019-06-25 13:37:04 - [MESSAGE][PASSED] - Object: 'Object Repository/APOLLO- Desktop/Collection page/Filter/Color dropdown' is clicked on

2019-06-25 13:37:04 - [TEST_STEP][PASSED] - delay(2): Delayed 2 second(s)

2019-06-25 13:37:06 - [MESSAGE][PASSED] - Delayed 2 second(s)

2019-06-25 13:37:06 - [TEST_STEP][PASSED] - click(findTestObject("APOLLO- Desktop/Collection page/Filter/a_Green")): Object: 'Object Repository/APOLLO- Desktop/Collection page/Filter/a_Green' is clicked on

2019-06-25 13:37:06 - [MESSAGE][PASSED] - Object: 'Object Repository/APOLLO- Desktop/Collection page/Filter/a_Green' is clicked on

2019-06-25 13:37:06 - [TEST_STEP][PASSED] - delay(2): Delayed 2 second(s)

2019-06-25 13:37:08 - [MESSAGE][PASSED] - Delayed 2 second(s)

2019-06-25 13:37:08 - [TEST_STEP][PASSED] - click(findTestObject("APOLLO- Desktop/Collection page/Filter/Color dropdown")): Object: 'Object Repository/APOLLO- Desktop/Collection page/Filter/Color dropdown' is clicked on

2019-06-25 13:37:08 - [MESSAGE][PASSED] - Object: 'Object Repository/APOLLO- Desktop/Collection page/Filter/Color dropdown' is clicked on

2019-06-25 13:37:08 - [TEST_STEP][PASSED] - delay(2): Delayed 2 second(s)

2019-06-25 13:37:10 - [MESSAGE][PASSED] - Delayed 2 second(s)

2019-06-25 13:37:10 - [TEST_STEP][PASSED] - a5 = getText(findTestObject("APOLLO- Desktop/Collection page/Filter/Filtered count")): Text of object 'Object Repository/APOLLO- Desktop/Collection page/Filter/Filtered count' is: '2'

2019-06-25 13:37:10 - [MESSAGE][PASSED] - Text of object 'Object Repository/APOLLO- Desktop/Collection page/Filter/Filtered count' is: '2'

2019-06-25 13:37:10 - [TEST_STEP][PASSED] - delay(2): Delayed 2 second(s)

2019-06-25 13:37:12 - [MESSAGE][PASSED] - Delayed 2 second(s)

2019-06-25 13:37:12 - [TEST_STEP][PASSED] - comment("a5=" + a5): a5=2

2019-06-25 13:37:12 - [MESSAGE][INFO] - a5=2

2019-06-25 13:37:12 - [TEST_STEP][PASSED] - verifyNotEqual("a5", "b"): Actual object 'a5' and expected object 'b' are not equal

2019-06-25 13:37:12 - [MESSAGE][PASSED] - Actual object 'a5' and expected object 'b' are not equal

2019-06-25 13:37:12 - [TEST_STEP][PASSED] - delay(2): Delayed 2 second(s)

2019-06-25 13:37:14 - [MESSAGE][PASSED] - Delayed 2 second(s)

2019-06-25 13:37:14 - [TEST_STEP][PASSED] - click(findTestObject("APOLLO- Desktop/Collection page/Filter/Color dropdown")): Object: 'Object Repository/APOLLO- Desktop/Collection page/Filter/Color dropdown' is clicked on

2019-06-25 13:37:14 - [MESSAGE][PASSED] - Object: 'Object Repository/APOLLO- Desktop/Collection page/Filter/Color dropdown' is clicked on

2019-06-25 13:37:14 - [TEST_STEP][PASSED] - delay(2): Delayed 2 second(s)

2019-06-25 13:37:16 - [MESSAGE][PASSED] - Delayed 2 second(s)

2019-06-25 13:37:16 - [TEST_STEP][PASSED] - click(findTestObject("APOLLO- Desktop/Collection page/Filter/a_Blue")): Object: 'Object Repository/APOLLO- Desktop/Collection page/Filter/a_Blue' is clicked on

2019-06-25 13:37:17 - [MESSAGE][PASSED] - Object: 'Object Repository/APOLLO- Desktop/Collection page/Filter/a_Blue' is clicked on

2019-06-25 13:37:17 - [TEST_STEP][PASSED] - delay(2): Delayed 2 second(s)

2019-06-25 13:37:19 - [MESSAGE][PASSED] - Delayed 2 second(s)

2019-06-25 13:37:19 - [TEST_STEP][PASSED] - click(findTestObject("APOLLO- Desktop/Collection page/Filter/Color dropdown")): Object: 'Object Repository/APOLLO- Desktop/Collection page/Filter/Color dropdown' is clicked on

2019-06-25 13:37:19 - [MESSAGE][PASSED] - Object: 'Object Repository/APOLLO- Desktop/Collection page/Filter/Color dropdown' is clicked on

2019-06-25 13:37:19 - [TEST_STEP][PASSED] - delay(2): Delayed 2 second(s)

2019-06-25 13:37:21 - [MESSAGE][PASSED] - Delayed 2 second(s)

2019-06-25 13:37:21 - [TEST_STEP][PASSED] - a6 = getText(findTestObject("APOLLO- Desktop/Collection page/Filter/Filtered count")): Text of object 'Object Repository/APOLLO- Desktop/Collection page/Filter/Filtered count' is: '2'

2019-06-25 13:37:21 - [MESSAGE][PASSED] - Text of object 'Object Repository/APOLLO- Desktop/Collection page/Filter/Filtered count' is: '2'

2019-06-25 13:37:21 - [TEST_STEP][PASSED] - comment("a6=" + a6): a6=2

2019-06-25 13:37:21 - [MESSAGE][INFO] - a6=2

2019-06-25 13:37:21 - [TEST_STEP][PASSED] - verifyNotEqual("a6", "b"): Actual object 'a6' and expected object 'b' are not equal

2019-06-25 13:37:21 - [MESSAGE][PASSED] - Actual object 'a6' and expected object 'b' are not equal

2019-06-25 13:37:21 - [TEST_STEP][PASSED] - delay(2): Delayed 2 second(s)

2019-06-25 13:37:23 - [MESSAGE][PASSED] - Delayed 2 second(s)

2019-06-25 13:37:23 - [TEST_STEP][PASSED] - click(findTestObject("APOLLO- Desktop/Collection page/Filter/Color dropdown")): Object: 'Object Repository/APOLLO- Desktop/Collection page/Filter/Color dropdown' is clicked on

2019-06-25 13:37:23 - [MESSAGE][PASSED] - Object: 'Object Repository/APOLLO- Desktop/Collection page/Filter/Color dropdown' is clicked on

2019-06-25 13:37:23 - [TEST_STEP][PASSED] - delay(2): Delayed 2 second(s)

2019-06-25 13:37:25 - [MESSAGE][PASSED] - Delayed 2 second(s)

2019-06-25 13:37:25 - [TEST_STEP][PASSED] - click(findTestObject("APOLLO- Desktop/Collection page/Filter/a_Purple")): Object: 'Object Repository/APOLLO- Desktop/Collection page/Filter/a_Purple' is clicked on

2019-06-25 13:37:25 - [MESSAGE][PASSED] - Object: 'Object Repository/APOLLO- Desktop/Collection page/Filter/a_Purple' is clicked on

2019-06-25 13:37:25 - [TEST_STEP][PASSED] - delay(2): Delayed 2 second(s)

2019-06-25 13:37:27 - [MESSAGE][PASSED] - Delayed 2 second(s)

2019-06-25 13:37:27 - [TEST_STEP][PASSED] - click(findTestObject("APOLLO- Desktop/Collection page/Filter/Color dropdown")): Object: 'Object Repository/APOLLO- Desktop/Collection page/Filter/Color dropdown' is clicked on

2019-06-25 13:37:28 - [MESSAGE][PASSED] - Object: 'Object Repository/APOLLO- Desktop/Collection page/Filter/Color dropdown' is clicked on

2019-06-25 13:37:28 - [TEST_STEP][PASSED] - delay(2): Delayed 2 second(s)

2019-06-25 13:37:30 - [MESSAGE][PASSED] - Delayed 2 second(s)

2019-06-25 13:37:30 - [TEST_STEP][PASSED] - a7 = getText(findTestObject("APOLLO- Desktop/Collection page/Filter/Filtered count")): Text of object 'Object Repository/APOLLO- Desktop/Collection page/Filter/Filtered count' is: '2'

2019-06-25 13:37:30 - [MESSAGE][PASSED] - Text of object 'Object Repository/APOLLO- Desktop/Collection page/Filter/Filtered count' is: '2'

2019-06-25 13:37:30 - [TEST_STEP][PASSED] - delay(2): Delayed 2 second(s)

2019-06-25 13:37:32 - [MESSAGE][PASSED] - Delayed 2 second(s)

2019-06-25 13:37:32 - [TEST_STEP][PASSED] - comment("a7=" + a7): a7=2

2019-06-25 13:37:32 - [MESSAGE][INFO] - a7=2

2019-06-25 13:37:32 - [TEST_STEP][PASSED] - verifyNotEqual("a7", "b"): Actual object 'a7' and expected object 'b' are not equal

2019-06-25 13:37:32 - [MESSAGE][PASSED] - Actual object 'a7' and expected object 'b' are not equal

2019-06-25 13:37:32 - [TEST_STEP][PASSED] - delay(2): Delayed 2 second(s)

2019-06-25 13:37:34 - [MESSAGE][PASSED] - Delayed 2 second(s)

2019-06-25 13:37:34 - [TEST_STEP][PASSED] - click(findTestObject("APOLLO- Desktop/Collection page/Filter/Filter dropdown")): Object: 'Object Repository/APOLLO- Desktop/Collection page/Filter/Filter dropdown' is clicked on

2019-06-25 13:37:34 - [MESSAGE][PASSED] - Object: 'Object Repository/APOLLO- Desktop/Collection page/Filter/Filter dropdown' is clicked on

2019-06-25 13:37:34 - [TEST_STEP][PASSED] - delay(2): Delayed 2 second(s)

2019-06-25 13:37:36 - [MESSAGE][PASSED] - Delayed 2 second(s)

2019-06-25 13:37:36 - [TEST_STEP][PASSED] - click(findTestObject("APOLLO- Desktop/Collection page/Filter/a_Large")): Object: 'Object Repository/APOLLO- Desktop/Collection page/Filter/a_Large' is clicked on

2019-06-25 13:37:36 - [MESSAGE][PASSED] - Object: 'Object Repository/APOLLO- Desktop/Collection page/Filter/a_Large' is clicked on

2019-06-25 13:37:36 - [TEST_STEP][PASSED] - delay(2): Delayed 2 second(s)

2019-06-25 13:37:38 - [MESSAGE][PASSED] - Delayed 2 second(s)

2019-06-25 13:37:38 - [TEST_STEP][PASSED] - click(findTestObject("APOLLO- Desktop/Collection page/Filter/Filter dropdown")): Object: 'Object Repository/APOLLO- Desktop/Collection page/Filter/Filter dropdown' is clicked on

2019-06-25 13:37:38 - [MESSAGE][PASSED] - Object: 'Object Repository/APOLLO- Desktop/Collection page/Filter/Filter dropdown' is clicked on

2019-06-25 13:37:38 - [TEST_STEP][PASSED] - delay(2): Delayed 2 second(s)

2019-06-25 13:37:40 - [MESSAGE][PASSED] - Delayed 2 second(s)

2019-06-25 13:37:40 - [TEST_STEP][PASSED] - click(findTestObject("APOLLO- Desktop/Collection page/Filter/Color dropdown")): Object: 'Object Repository/APOLLO- Desktop/Collection page/Filter/Color dropdown' is clicked on

2019-06-25 13:37:41 - [MESSAGE][PASSED] - Object: 'Object Repository/APOLLO- Desktop/Collection page/Filter/Color dropdown' is clicked on

2019-06-25 13:37:41 - [TEST_STEP][PASSED] - delay(2): Delayed 2 second(s)

2019-06-25 13:37:43 - [MESSAGE][PASSED] - Delayed 2 second(s)

2019-06-25 13:37:43 - [TEST_STEP][PASSED] - click(findTestObject("APOLLO- Desktop/Collection page/Filter/a_Red")): Object: 'Object Repository/APOLLO- Desktop/Collection page/Filter/a_Red' is clicked on

2019-06-25 13:37:43 - [MESSAGE][PASSED] - Object: 'Object Repository/APOLLO- Desktop/Collection page/Filter/a_Red' is clicked on

2019-06-25 13:37:43 - [TEST_STEP][PASSED] - delay(2): Delayed 2 second(s)

2019-06-25 13:37:45 - [MESSAGE][PASSED] - Delayed 2 second(s)

2019-06-25 13:37:45 - [TEST_STEP][PASSED] - click(findTestObject("APOLLO- Desktop/Collection page/Filter/Color dropdown")): Object: 'Object Repository/APOLLO- Desktop/Collection page/Filter/Color dropdown' is clicked on

2019-06-25 13:37:45 - [MESSAGE][PASSED] - Object: 'Object Repository/APOLLO- Desktop/Collection page/Filter/Color dropdown' is clicked on

2019-06-25 13:37:45 - [TEST_STEP][PASSED] - delay(2): Delayed 2 second(s)

2019-06-25 13:37:47 - [MESSAGE][PASSED] - Delayed 2 second(s)

2019-06-25 13:37:47 - [TEST_STEP][PASSED] - a8 = getText(findTestObject("APOLLO- Desktop/Collection page/Filter/Filtered count")): Text of object 'Object Repository/APOLLO- Desktop/Collection page/Filter/Filtered count' is: '2'

2019-06-25 13:37:47 - [MESSAGE][PASSED] - Text of object 'Object Repository/APOLLO- Desktop/Collection page/Filter/Filtered count' is: '2'

2019-06-25 13:37:47 - [TEST_STEP][PASSED] - delay(2): Delayed 2 second(s)

2019-06-25 13:37:49 - [MESSAGE][PASSED] - Delayed 2 second(s)

2019-06-25 13:37:49 - [TEST_STEP][PASSED] - comment("a8=" + a8): a8=2

2019-06-25 13:37:49 - [MESSAGE][INFO] - a8=2

2019-06-25 13:37:49 - [TEST_STEP][PASSED] - verifyNotEqual("a8", "b"): Actual object 'a8' and expected object 'b' are not equal

2019-06-25 13:37:49 - [MESSAGE][PASSED] - Actual object 'a8' and expected object 'b' are not equal

2019-06-25 13:37:49 - [TEST_STEP][PASSED] - delay(2): Delayed 2 second(s)

2019-06-25 13:37:51 - [MESSAGE][PASSED] - Delayed 2 second(s)

2019-06-25 13:37:51 - [TEST_STEP][PASSED] - click(findTestObject("APOLLO- Desktop/Collection page/Filter/Color dropdown")): Object: 'Object Repository/APOLLO- Desktop/Collection page/Filter/Color dropdown' is clicked on

2019-06-25 13:37:51 - [MESSAGE][PASSED] - Object: 'Object Repository/APOLLO- Desktop/Collection page/Filter/Color dropdown' is clicked on

2019-06-25 13:37:51 - [TEST_STEP][PASSED] - delay(2): Delayed 2 second(s)

2019-06-25 13:37:53 - [MESSAGE][PASSED] - Delayed 2 second(s)

2019-06-25 13:37:53 - [TEST_STEP][PASSED] - click(findTestObject("APOLLO- Desktop/Collection page/Filter/a_Green")): Object: 'Object Repository/APOLLO- Desktop/Collection page/Filter/a_Green' is clicked on

2019-06-25 13:37:54 - [MESSAGE][PASSED] - Object: 'Object Repository/APOLLO- Desktop/Collection page/Filter/a_Green' is clicked on

2019-06-25 13:37:54 - [TEST_STEP][PASSED] - delay(2): Delayed 2 second(s)

2019-06-25 13:37:56 - [MESSAGE][PASSED] - Delayed 2 second(s)

2019-06-25 13:37:56 - [TEST_STEP][PASSED] - click(findTestObject("APOLLO- Desktop/Collection page/Filter/Color dropdown")): Object: 'Object Repository/APOLLO- Desktop/Collection page/Filter/Color dropdown' is clicked on

2019-06-25 13:37:56 - [MESSAGE][PASSED] - Object: 'Object Repository/APOLLO- Desktop/Collection page/Filter/Color dropdown' is clicked on

2019-06-25 13:37:56 - [TEST_STEP][PASSED] - delay(2): Delayed 2 second(s)

2019-06-25 13:37:58 - [MESSAGE][PASSED] - Delayed 2 second(s)

2019-06-25 13:37:58 - [TEST_STEP][PASSED] - a9 = getText(findTestObject("APOLLO- Desktop/Collection page/Filter/Filtered count")): Text of object 'Object Repository/APOLLO- Desktop/Collection page/Filter/Filtered count' is: '2'

2019-06-25 13:37:58 - [MESSAGE][PASSED] - Text of object 'Object Repository/APOLLO- Desktop/Collection page/Filter/Filtered count' is: '2'

2019-06-25 13:37:58 - [TEST_STEP][PASSED] - delay(2): Delayed 2 second(s)

2019-06-25 13:38:00 - [MESSAGE][PASSED] - Delayed 2 second(s)

2019-06-25 13:38:00 - [TEST_STEP][PASSED] - comment("a9=" + a9): a9=2

2019-06-25 13:38:00 - [MESSAGE][INFO] - a9=2

2019-06-25 13:38:00 - [TEST_STEP][PASSED] - verifyNotEqual("a9", "b"): Actual object 'a9' and expected object 'b' are not equal

2019-06-25 13:38:00 - [MESSAGE][PASSED] - Actual object 'a9' and expected object 'b' are not equal

2019-06-25 13:38:00 - [TEST_STEP][PASSED] - delay(2): Delayed 2 second(s)

2019-06-25 13:38:02 - [MESSAGE][PASSED] - Delayed 2 second(s)

2019-06-25 13:38:02 - [TEST_STEP][PASSED] - click(findTestObject("APOLLO- Desktop/Collection page/Filter/Color dropdown")): Object: 'Object Repository/APOLLO- Desktop/Collection page/Filter/Color dropdown' is clicked on

2019-06-25 13:38:02 - [MESSAGE][PASSED] - Object: 'Object Repository/APOLLO- Desktop/Collection page/Filter/Color dropdown' is clicked on

2019-06-25 13:38:02 - [TEST_STEP][PASSED] - delay(2): Delayed 2 second(s)

2019-06-25 13:38:04 - [MESSAGE][PASSED] - Delayed 2 second(s)

2019-06-25 13:38:04 - [TEST_STEP][PASSED] - click(findTestObject("APOLLO- Desktop/Collection page/Filter/a_Blue")): Object: 'Object Repository/APOLLO- Desktop/Collection page/Filter/a_Blue' is clicked on

2019-06-25 13:38:04 - [MESSAGE][PASSED] - Object: 'Object Repository/APOLLO- Desktop/Collection page/Filter/a_Blue' is clicked on

2019-06-25 13:38:04 - [TEST_STEP][PASSED] - delay(2): Delayed 2 second(s)

2019-06-25 13:38:06 - [MESSAGE][PASSED] - Delayed 2 second(s)

2019-06-25 13:38:06 - [TEST_STEP][PASSED] - click(findTestObject("APOLLO- Desktop/Collection page/Filter/Color dropdown")): Object: 'Object Repository/APOLLO- Desktop/Collection page/Filter/Color dropdown' is clicked on

2019-06-25 13:38:06 - [MESSAGE][PASSED] - Object: 'Object Repository/APOLLO- Desktop/Collection page/Filter/Color dropdown' is clicked on

2019-06-25 13:38:06 - [TEST_STEP][PASSED] - delay(2): Delayed 2 second(s)

2019-06-25 13:38:08 - [MESSAGE][PASSED] - Delayed 2 second(s)

2019-06-25 13:38:08 - [TEST_STEP][PASSED] - a10 = getText(findTestObject("APOLLO- Desktop/Collection page/Filter/Filtered count")): Text of object 'Object Repository/APOLLO- Desktop/Collection page/Filter/Filtered count' is: '2'

2019-06-25 13:38:09 - [MESSAGE][PASSED] - Text of object 'Object Repository/APOLLO- Desktop/Collection page/Filter/Filtered count' is: '2'

2019-06-25 13:38:09 - [TEST_STEP][PASSED] - comment("a10=" + a10): a10=2

2019-06-25 13:38:09 - [MESSAGE][INFO] - a10=2

2019-06-25 13:38:09 - [TEST_STEP][PASSED] - verifyNotEqual("a10", "b"): Actual object 'a10' and expected object 'b' are not equal

2019-06-25 13:38:09 - [MESSAGE][PASSED] - Actual object 'a10' and expected object 'b' are not equal

2019-06-25 13:38:09 - [TEST_STEP][PASSED] - delay(2): Delayed 2 second(s)

2019-06-25 13:38:11 - [MESSAGE][PASSED] - Delayed 2 second(s)

2019-06-25 13:38:11 - [TEST_STEP][PASSED] - click(findTestObject("APOLLO- Desktop/Collection page/Filter/Color dropdown")): Object: 'Object Repository/APOLLO- Desktop/Collection page/Filter/Color dropdown' is clicked on

2019-06-25 13:38:11 - [MESSAGE][PASSED] - Object: 'Object Repository/APOLLO- Desktop/Collection page/Filter/Color dropdown' is clicked on

2019-06-25 13:38:11 - [TEST_STEP][PASSED] - delay(2): Delayed 2 second(s)

2019-06-25 13:38:13 - [MESSAGE][PASSED] - Delayed 2 second(s)

2019-06-25 13:38:13 - [TEST_STEP][PASSED] - click(findTestObject("APOLLO- Desktop/Collection page/Filter/a_Purple")): Object: 'Object Repository/APOLLO- Desktop/Collection page/Filter/a_Purple' is clicked on

2019-06-25 13:38:13 - [MESSAGE][PASSED] - Object: 'Object Repository/APOLLO- Desktop/Collection page/Filter/a_Purple' is clicked on

2019-06-25 13:38:13 - [TEST_STEP][PASSED] - delay(2): Delayed 2 second(s)

2019-06-25 13:38:15 - [MESSAGE][PASSED] - Delayed 2 second(s)

2019-06-25 13:38:15 - [TEST_STEP][PASSED] - click(findTestObject("APOLLO- Desktop/Collection page/Filter/Color dropdown")): Object: 'Object Repository/APOLLO- Desktop/Collection page/Filter/Color dropdown' is clicked on

2019-06-25 13:38:15 - [MESSAGE][PASSED] - Object: 'Object Repository/APOLLO- Desktop/Collection page/Filter/Color dropdown' is clicked on

2019-06-25 13:38:15 - [TEST_STEP][PASSED] - delay(2): Delayed 2 second(s)

2019-06-25 13:38:17 - [MESSAGE][PASSED] - Delayed 2 second(s)

2019-06-25 13:38:17 - [TEST_STEP][PASSED] - a11 = getText(findTestObject("APOLLO- Desktop/Collection page/Filter/Filtered count")): Text of object 'Object Repository/APOLLO- Desktop/Collection page/Filter/Filtered count' is: '2'

2019-06-25 13:38:17 - [MESSAGE][PASSED] - Text of object 'Object Repository/APOLLO- Desktop/Collection page/Filter/Filtered count' is: '2'

2019-06-25 13:38:17 - [TEST_STEP][PASSED] - delay(2): Delayed 2 second(s)

2019-06-25 13:38:19 - [MESSAGE][PASSED] - Delayed 2 second(s)

2019-06-25 13:38:19 - [TEST_STEP][PASSED] - comment("a11=" + a11): a11=2

2019-06-25 13:38:19 - [MESSAGE][INFO] - a11=2

2019-06-25 13:38:19 - [TEST_STEP][PASSED] - verifyNotEqual("a11", "b"): Actual object 'a11' and expected object 'b' are not equal

2019-06-25 13:38:19 - [MESSAGE][PASSED] - Actual object 'a11' and expected object 'b' are not equal

2019-06-25 13:38:19 - [TEST_STEP][PASSED] - delay(2): Delayed 2 second(s)

2019-06-25 13:38:21 - [MESSAGE][PASSED] - Delayed 2 second(s)

2019-06-25 13:38:21 - [TEST_STEP][NOT_RUN] - click(findTestObject("APOLLO- Desktop/Collection page/Filter/Color dropdown")): NOT_RUN: click(findTestObject("APOLLO- Desktop/Collection page/Filter/Color dropdown"))

2019-06-25 13:38:21 - [MESSAGE][NOT_RUN] - NOT_RUN: click(findTestObject("APOLLO- Desktop/Collection page/Filter/Color dropdown"))

2019-06-25 13:38:21 - [TEST_STEP][PASSED] - delay(2): Delayed 2 second(s)

2019-06-25 13:38:23 - [MESSAGE][PASSED] - Delayed 2 second(s)

2019-06-25 13:38:23 - [TEST_STEP][PASSED] - click(findTestObject("APOLLO- Desktop/Collection page/Filter/a_Clear all filters")): Object: 'Object Repository/APOLLO- Desktop/Collection page/Filter/a_Clear all filters' is clicked on

2019-06-25 13:38:23 - [MESSAGE][PASSED] - Object: 'Object Repository/APOLLO- Desktop/Collection page/Filter/a_Clear all filters' is clicked on

2019-06-25 13:38:23 - [TEST_STEP][PASSED] - delay(2): Delayed 2 second(s)

2019-06-25 13:38:25 - [MESSAGE][PASSED] - Delayed 2 second(s)

2019-06-25 13:38:25 - [TEST_STEP][PASSED] - a12 = getText(findTestObject("APOLLO- Desktop/Collection page/Filter/Filtered count")): Text of object 'Object Repository/APOLLO- Desktop/Collection page/Filter/Filtered count' is: '7'

2019-06-25 13:38:26 - [MESSAGE][PASSED] - Text of object 'Object Repository/APOLLO- Desktop/Collection page/Filter/Filtered count' is: '7'

2019-06-25 13:38:26 - [TEST_STEP][PASSED] - delay(2): Delayed 2 second(s)

2019-06-25 13:38:28 - [MESSAGE][PASSED] - Delayed 2 second(s)

2019-06-25 13:38:28 - [TEST_STEP][PASSED] - comment("a12=" + a12): a12=7

2019-06-25 13:38:28 - [MESSAGE][INFO] - a12=7

2019-06-25 13:38:28 - [TEST_STEP][PASSED] - verifyNotEqual("a12", "b"): Actual object 'a12' and expected object 'b' are not equal

2019-06-25 13:38:28 - [MESSAGE][PASSED] - Actual object 'a12' and expected object 'b' are not equal]]></system-out>
         <system-err><![CDATA[]]></system-err>
      </testcase>
      <testcase name="Test Cases/HOME PAGE/Store locator" classname="Test Cases/HOME PAGE/Store locator" status="PASSED">
         <system-out><![CDATA[2019-06-25 13:38:28 - [TEST_CASE][PASSED] - Test Cases/HOME PAGE/Store locator: Test Cases/HOME PAGE/Store locator

2019-06-25 13:38:28 - [TEST_STEP][PASSED] - callTestCase(findTestCase("CALL - URL"), [:], STOP_ON_FAILURE): Call Test Case 'Test Cases/CALL - URL' successfully

2019-06-25 13:38:28 - [TEST_CASE][PASSED] - Test Cases/CALL - URL: Test Cases/CALL - URL

2019-06-25 13:38:28 - [TEST_STEP][PASSED] - openBrowser(""): Browser is opened with url: ''

2019-06-25 13:38:28 - [MESSAGE][WARNING] - A browser is already opened. Closing browser and opening a new one

2019-06-25 13:38:28 - [MESSAGE][INFO] - Starting 'Firefox' driver

2019-06-25 13:38:30 - [MESSAGE][PASSED] - Browser is opened with url: ''

2019-06-25 13:38:30 - [TEST_STEP][PASSED] - navigateToUrl("https://diff-apollo.myshopify.com/?key=eec34184cfd8f82cda816f82753a8c8e9e240f30cf54470e19667b8cbb401948&preview_theme_id="): Navigate to 'https://diff-apollo.myshopify.com/?key=eec34184cfd8f82cda816f82753a8c8e9e240f30cf54470e19667b8cbb401948&preview_theme_id=' successfully

2019-06-25 13:38:35 - [MESSAGE][PASSED] - Navigate to 'https://diff-apollo.myshopify.com/?key=eec34184cfd8f82cda816f82753a8c8e9e240f30cf54470e19667b8cbb401948&preview_theme_id=' successfully

2019-06-25 13:38:35 - [TEST_STEP][NOT_RUN] - executeJavaScript("var previewBar = document.getElementById("preview-bar-iframe"); previewBar.style.display = "none";", []): NOT_RUN: executeJavaScript("var previewBar = document.getElementById("preview-bar-iframe"); previewBar.style.display = "none";", [])

2019-06-25 13:38:35 - [MESSAGE][NOT_RUN] - NOT_RUN: executeJavaScript("var previewBar = document.getElementById("preview-bar-iframe"); previewBar.style.display = "none";", [])

2019-06-25 13:38:35 - [MESSAGE][PASSED] - Call Test Case 'Test Cases/CALL - URL' successfully

2019-06-25 13:38:35 - [TEST_STEP][PASSED] - delay(2): Delayed 2 second(s)

2019-06-25 13:38:37 - [MESSAGE][PASSED] - Delayed 2 second(s)

2019-06-25 13:38:37 - [TEST_STEP][PASSED] - click(findTestObject("APOLLO- Desktop/Home page/Map location icon")): Object: 'Object Repository/APOLLO- Desktop/Home page/Map location icon' is clicked on

2019-06-25 13:38:39 - [MESSAGE][PASSED] - Object: 'Object Repository/APOLLO- Desktop/Home page/Map location icon' is clicked on

2019-06-25 13:38:39 - [TEST_STEP][PASSED] - a = getWindowTitle(): Current window's title is: 'Our Store – Diff Apollo'

2019-06-25 13:38:39 - [MESSAGE][PASSED] - Current window's title is: 'Our Store – Diff Apollo'

2019-06-25 13:38:39 - [TEST_STEP][PASSED] - comment(" a=" + a):  a=Our Store – Diff Apollo

2019-06-25 13:38:39 - [MESSAGE][INFO] -  a=Our Store – Diff Apollo

2019-06-25 13:38:39 - [TEST_STEP][PASSED] - b = "Our Store – Diff Apollo": null

2019-06-25 13:38:39 - [TEST_STEP][PASSED] - if (a == b):  navigation is on right page

2019-06-25 13:38:39 - [TEST_STEP][PASSED] - comment(" navigation is on right page"):  navigation is on right page

2019-06-25 13:38:39 - [MESSAGE][INFO] -  navigation is on right page]]></system-out>
         <system-err><![CDATA[]]></system-err>
      </testcase>
      <testcase name="Test Cases/HOME PAGE/New letter and video CTA" classname="Test Cases/HOME PAGE/New letter and video CTA" status="PASSED">
         <system-out><![CDATA[2019-06-25 13:38:39 - [TEST_CASE][PASSED] - Test Cases/HOME PAGE/New letter and video CTA: Test Cases/HOME PAGE/New letter and video CTA

2019-06-25 13:38:39 - [TEST_STEP][PASSED] - callTestCase(findTestCase("CALL - URL"), [:], STOP_ON_FAILURE): Call Test Case 'Test Cases/CALL - URL' successfully

2019-06-25 13:38:39 - [TEST_CASE][PASSED] - Test Cases/CALL - URL: Test Cases/CALL - URL

2019-06-25 13:38:39 - [TEST_STEP][PASSED] - openBrowser(""): Browser is opened with url: ''

2019-06-25 13:38:39 - [MESSAGE][WARNING] - A browser is already opened. Closing browser and opening a new one

2019-06-25 13:38:40 - [MESSAGE][INFO] - Starting 'Firefox' driver

2019-06-25 13:38:42 - [MESSAGE][PASSED] - Browser is opened with url: ''

2019-06-25 13:38:42 - [TEST_STEP][PASSED] - navigateToUrl("https://diff-apollo.myshopify.com/?key=eec34184cfd8f82cda816f82753a8c8e9e240f30cf54470e19667b8cbb401948&preview_theme_id="): Navigate to 'https://diff-apollo.myshopify.com/?key=eec34184cfd8f82cda816f82753a8c8e9e240f30cf54470e19667b8cbb401948&preview_theme_id=' successfully

2019-06-25 13:38:47 - [MESSAGE][PASSED] - Navigate to 'https://diff-apollo.myshopify.com/?key=eec34184cfd8f82cda816f82753a8c8e9e240f30cf54470e19667b8cbb401948&preview_theme_id=' successfully

2019-06-25 13:38:47 - [TEST_STEP][NOT_RUN] - executeJavaScript("var previewBar = document.getElementById("preview-bar-iframe"); previewBar.style.display = "none";", []): NOT_RUN: executeJavaScript("var previewBar = document.getElementById("preview-bar-iframe"); previewBar.style.display = "none";", [])

2019-06-25 13:38:47 - [MESSAGE][NOT_RUN] - NOT_RUN: executeJavaScript("var previewBar = document.getElementById("preview-bar-iframe"); previewBar.style.display = "none";", [])

2019-06-25 13:38:47 - [MESSAGE][PASSED] - Call Test Case 'Test Cases/CALL - URL' successfully

2019-06-25 13:38:47 - [TEST_STEP][PASSED] - delay(2): Delayed 2 second(s)

2019-06-25 13:38:49 - [MESSAGE][PASSED] - Delayed 2 second(s)

2019-06-25 13:38:49 - [TEST_STEP][PASSED] - scrollToElement(findTestObject("APOLLO- Desktop/Home page/News letter and CTA/Subscribe to our newsletter"), 0): Scroll to object 'Object Repository/APOLLO- Desktop/Home page/News letter and CTA/Subscribe to our newsletter' successfully

2019-06-25 13:38:49 - [MESSAGE][WARNING] - Timeout '0' is invalid. Using default page load timeout: '30'

2019-06-25 13:38:49 - [MESSAGE][PASSED] - Scroll to object 'Object Repository/APOLLO- Desktop/Home page/News letter and CTA/Subscribe to our newsletter' successfully

2019-06-25 13:38:49 - [TEST_STEP][PASSED] - delay(2): Delayed 2 second(s)

2019-06-25 13:38:51 - [MESSAGE][PASSED] - Delayed 2 second(s)

2019-06-25 13:38:51 - [TEST_STEP][PASSED] - setText(findTestObject("APOLLO- Desktop/Home page/News letter and CTA/input_Subscribe to our newsletter"), "suman@gmail.com"): Text 'suman@gmail.com' is set on object 'Object Repository/APOLLO- Desktop/Home page/News letter and CTA/input_Subscribe to our newsletter'

2019-06-25 13:38:51 - [MESSAGE][PASSED] - Text 'suman@gmail.com' is set on object 'Object Repository/APOLLO- Desktop/Home page/News letter and CTA/input_Subscribe to our newsletter'

2019-06-25 13:38:51 - [TEST_STEP][PASSED] - delay(2): Delayed 2 second(s)

2019-06-25 13:38:53 - [MESSAGE][PASSED] - Delayed 2 second(s)

2019-06-25 13:38:53 - [TEST_STEP][PASSED] - click(findTestObject("APOLLO- Desktop/Home page/News letter and CTA/button Sign Up")): Object: 'Object Repository/APOLLO- Desktop/Home page/News letter and CTA/button Sign Up' is clicked on

2019-06-25 13:38:55 - [MESSAGE][PASSED] - Object: 'Object Repository/APOLLO- Desktop/Home page/News letter and CTA/button Sign Up' is clicked on

2019-06-25 13:38:55 - [TEST_STEP][PASSED] - delay(2): Delayed 2 second(s)

2019-06-25 13:38:57 - [MESSAGE][PASSED] - Delayed 2 second(s)

2019-06-25 13:38:57 - [TEST_STEP][NOT_RUN] - a = getText(findTestObject("APOLLO- Desktop/Home page/News letter and CTA/p_Thanks for signing up for ou")): NOT_RUN: a = getText(findTestObject("APOLLO- Desktop/Home page/News letter and CTA/p_Thanks for signing up for ou"))

2019-06-25 13:38:57 - [MESSAGE][NOT_RUN] - NOT_RUN: a = getText(findTestObject("APOLLO- Desktop/Home page/News letter and CTA/p_Thanks for signing up for ou"))

2019-06-25 13:38:57 - [TEST_STEP][NOT_RUN] - comment("a=" + a): NOT_RUN: comment("a=" + a)

2019-06-25 13:38:57 - [MESSAGE][NOT_RUN] - NOT_RUN: comment("a=" + a)

2019-06-25 13:38:57 - [TEST_STEP][NOT_RUN] - delay(2): NOT_RUN: delay(2)

2019-06-25 13:38:57 - [MESSAGE][NOT_RUN] - NOT_RUN: delay(2)

2019-06-25 13:38:57 - [TEST_STEP][NOT_RUN] - b = "Thanks for signing up for our newsletter ": NOT_RUN: b = "Thanks for signing up for our newsletter "

2019-06-25 13:38:57 - [MESSAGE][NOT_RUN] - NOT_RUN: b = "Thanks for signing up for our newsletter "

2019-06-25 13:38:57 - [TEST_STEP][NOT_RUN] - if (a == b): NOT_RUN: if (a == b)

2019-06-25 13:38:57 - [MESSAGE][NOT_RUN] - NOT_RUN: if (a == b)

2019-06-25 13:38:57 - [TEST_STEP][PASSED] - delay(2): Delayed 2 second(s)

2019-06-25 13:38:59 - [MESSAGE][PASSED] - Delayed 2 second(s)

2019-06-25 13:38:59 - [TEST_STEP][PASSED] - click(findTestObject("APOLLO- Desktop/Home page/News letter and CTA/start shopping")): Object: 'Object Repository/APOLLO- Desktop/Home page/News letter and CTA/start shopping' is clicked on

2019-06-25 13:39:24 - [MESSAGE][PASSED] - Object: 'Object Repository/APOLLO- Desktop/Home page/News letter and CTA/start shopping' is clicked on]]></system-out>
         <system-err><![CDATA[]]></system-err>
      </testcase>
      <testcase name="Test Cases/HOME PAGE/Hero banner - CTA" classname="Test Cases/HOME PAGE/Hero banner - CTA" status="PASSED">
         <system-out><![CDATA[2019-06-25 13:39:24 - [TEST_CASE][PASSED] - Test Cases/HOME PAGE/Hero banner - CTA: Test Cases/HOME PAGE/Hero banner - CTA

2019-06-25 13:39:24 - [TEST_STEP][PASSED] - callTestCase(findTestCase("CALL - URL"), [:], STOP_ON_FAILURE): Call Test Case 'Test Cases/CALL - URL' successfully

2019-06-25 13:39:24 - [TEST_CASE][PASSED] - Test Cases/CALL - URL: Test Cases/CALL - URL

2019-06-25 13:39:24 - [TEST_STEP][PASSED] - openBrowser(""): Browser is opened with url: ''

2019-06-25 13:39:24 - [MESSAGE][WARNING] - A browser is already opened. Closing browser and opening a new one

2019-06-25 13:39:25 - [MESSAGE][INFO] - Starting 'Firefox' driver

2019-06-25 13:39:27 - [MESSAGE][PASSED] - Browser is opened with url: ''

2019-06-25 13:39:27 - [TEST_STEP][PASSED] - navigateToUrl("https://diff-apollo.myshopify.com/?key=eec34184cfd8f82cda816f82753a8c8e9e240f30cf54470e19667b8cbb401948&preview_theme_id="): Navigate to 'https://diff-apollo.myshopify.com/?key=eec34184cfd8f82cda816f82753a8c8e9e240f30cf54470e19667b8cbb401948&preview_theme_id=' successfully

2019-06-25 13:39:32 - [MESSAGE][PASSED] - Navigate to 'https://diff-apollo.myshopify.com/?key=eec34184cfd8f82cda816f82753a8c8e9e240f30cf54470e19667b8cbb401948&preview_theme_id=' successfully

2019-06-25 13:39:32 - [TEST_STEP][NOT_RUN] - executeJavaScript("var previewBar = document.getElementById("preview-bar-iframe"); previewBar.style.display = "none";", []): NOT_RUN: executeJavaScript("var previewBar = document.getElementById("preview-bar-iframe"); previewBar.style.display = "none";", [])

2019-06-25 13:39:32 - [MESSAGE][NOT_RUN] - NOT_RUN: executeJavaScript("var previewBar = document.getElementById("preview-bar-iframe"); previewBar.style.display = "none";", [])

2019-06-25 13:39:32 - [MESSAGE][PASSED] - Call Test Case 'Test Cases/CALL - URL' successfully

2019-06-25 13:39:32 - [TEST_STEP][PASSED] - delay(2): Delayed 2 second(s)

2019-06-25 13:39:34 - [MESSAGE][PASSED] - Delayed 2 second(s)

2019-06-25 13:39:34 - [TEST_STEP][PASSED] - click(findTestObject("APOLLO- Desktop/Home page/Hero banner - CTA/First slick slide")): Object: 'Object Repository/APOLLO- Desktop/Home page/Hero banner - CTA/First slick slide' is clicked on

2019-06-25 13:39:35 - [MESSAGE][PASSED] - Object: 'Object Repository/APOLLO- Desktop/Home page/Hero banner - CTA/First slick slide' is clicked on

2019-06-25 13:39:35 - [TEST_STEP][PASSED] - delay(2): Delayed 2 second(s)

2019-06-25 13:39:37 - [MESSAGE][PASSED] - Delayed 2 second(s)

2019-06-25 13:39:37 - [TEST_STEP][PASSED] - click(findTestObject("APOLLO- Desktop/Home page/Hero banner - CTA/Shop Men button")): Object: 'Object Repository/APOLLO- Desktop/Home page/Hero banner - CTA/Shop Men button' is clicked on

2019-06-25 13:39:37 - [MESSAGE][PASSED] - Object: 'Object Repository/APOLLO- Desktop/Home page/Hero banner - CTA/Shop Men button' is clicked on

2019-06-25 13:39:37 - [TEST_STEP][PASSED] - delay(2): Delayed 2 second(s)

2019-06-25 13:39:39 - [MESSAGE][PASSED] - Delayed 2 second(s)

2019-06-25 13:39:39 - [TEST_STEP][PASSED] - click(findTestObject("APOLLO- Desktop/Home page/Hero banner - CTA/Apollo icon")): Object: 'Object Repository/APOLLO- Desktop/Home page/Hero banner - CTA/Apollo icon' is clicked on

2019-06-25 13:39:40 - [MESSAGE][PASSED] - Object: 'Object Repository/APOLLO- Desktop/Home page/Hero banner - CTA/Apollo icon' is clicked on

2019-06-25 13:39:40 - [TEST_STEP][PASSED] - delay(2): Delayed 2 second(s)

2019-06-25 13:39:42 - [MESSAGE][PASSED] - Delayed 2 second(s)

2019-06-25 13:39:42 - [TEST_STEP][PASSED] - click(findTestObject("APOLLO- Desktop/Home page/Hero banner - CTA/second slick slide")): Object: 'Object Repository/APOLLO- Desktop/Home page/Hero banner - CTA/second slick slide' is clicked on

2019-06-25 13:39:42 - [MESSAGE][PASSED] - Object: 'Object Repository/APOLLO- Desktop/Home page/Hero banner - CTA/second slick slide' is clicked on

2019-06-25 13:39:42 - [TEST_STEP][PASSED] - delay(2): Delayed 2 second(s)

2019-06-25 13:39:44 - [MESSAGE][PASSED] - Delayed 2 second(s)

2019-06-25 13:39:44 - [TEST_STEP][PASSED] - click(findTestObject("APOLLO- Desktop/Home page/Hero banner - CTA/Shop Women button")): Object: 'Object Repository/APOLLO- Desktop/Home page/Hero banner - CTA/Shop Women button' is clicked on

2019-06-25 13:39:45 - [MESSAGE][PASSED] - Object: 'Object Repository/APOLLO- Desktop/Home page/Hero banner - CTA/Shop Women button' is clicked on

2019-06-25 13:39:45 - [TEST_STEP][PASSED] - delay(2): Delayed 2 second(s)

2019-06-25 13:39:47 - [MESSAGE][PASSED] - Delayed 2 second(s)

2019-06-25 13:39:47 - [TEST_STEP][PASSED] - click(findTestObject("APOLLO- Desktop/Home page/Hero banner - CTA/Apollo icon")): Object: 'Object Repository/APOLLO- Desktop/Home page/Hero banner - CTA/Apollo icon' is clicked on

2019-06-25 13:39:49 - [MESSAGE][PASSED] - Object: 'Object Repository/APOLLO- Desktop/Home page/Hero banner - CTA/Apollo icon' is clicked on

2019-06-25 13:39:49 - [TEST_STEP][PASSED] - delay(2): Delayed 2 second(s)

2019-06-25 13:39:51 - [MESSAGE][PASSED] - Delayed 2 second(s)

2019-06-25 13:39:51 - [TEST_STEP][PASSED] - click(findTestObject("APOLLO- Desktop/Home page/Hero banner - CTA/Third slick slide")): Object: 'Object Repository/APOLLO- Desktop/Home page/Hero banner - CTA/Third slick slide' is clicked on

2019-06-25 13:39:51 - [MESSAGE][PASSED] - Object: 'Object Repository/APOLLO- Desktop/Home page/Hero banner - CTA/Third slick slide' is clicked on

2019-06-25 13:39:51 - [TEST_STEP][PASSED] - delay(2): Delayed 2 second(s)

2019-06-25 13:39:53 - [MESSAGE][PASSED] - Delayed 2 second(s)

2019-06-25 13:39:53 - [TEST_STEP][PASSED] - click(findTestObject("APOLLO- Desktop/Home page/Hero banner - CTA/Shop womesn outer wear")): Object: 'Object Repository/APOLLO- Desktop/Home page/Hero banner - CTA/Shop womesn outer wear' is clicked on

2019-06-25 13:39:54 - [MESSAGE][PASSED] - Object: 'Object Repository/APOLLO- Desktop/Home page/Hero banner - CTA/Shop womesn outer wear' is clicked on

2019-06-25 13:39:54 - [TEST_STEP][PASSED] - delay(2): Delayed 2 second(s)

2019-06-25 13:39:56 - [MESSAGE][PASSED] - Delayed 2 second(s)

2019-06-25 13:39:56 - [TEST_STEP][PASSED] - click(findTestObject("APOLLO- Desktop/Home page/Hero banner - CTA/Apollo icon")): Object: 'Object Repository/APOLLO- Desktop/Home page/Hero banner - CTA/Apollo icon' is clicked on

2019-06-25 13:39:58 - [MESSAGE][PASSED] - Object: 'Object Repository/APOLLO- Desktop/Home page/Hero banner - CTA/Apollo icon' is clicked on

2019-06-25 13:39:58 - [TEST_STEP][PASSED] - delay(2): Delayed 2 second(s)

2019-06-25 13:40:00 - [MESSAGE][PASSED] - Delayed 2 second(s)

2019-06-25 13:40:00 - [TEST_STEP][PASSED] - click(findTestObject("APOLLO- Desktop/Home page/Hero banner - CTA/First slick slide")): Object: 'Object Repository/APOLLO- Desktop/Home page/Hero banner - CTA/First slick slide' is clicked on

2019-06-25 13:40:00 - [MESSAGE][PASSED] - Object: 'Object Repository/APOLLO- Desktop/Home page/Hero banner - CTA/First slick slide' is clicked on

2019-06-25 13:40:00 - [TEST_STEP][PASSED] - delay(2): Delayed 2 second(s)

2019-06-25 13:40:02 - [MESSAGE][PASSED] - Delayed 2 second(s)

2019-06-25 13:40:02 - [TEST_STEP][PASSED] - mouseOver(findTestObject("APOLLO- Desktop/Home page/Hero banner - CTA/Next button chevron")): Object: 'Object Repository/APOLLO- Desktop/Home page/Hero banner - CTA/Next button chevron' is hovered

2019-06-25 13:40:02 - [MESSAGE][PASSED] - Object: 'Object Repository/APOLLO- Desktop/Home page/Hero banner - CTA/Next button chevron' is hovered

2019-06-25 13:40:02 - [TEST_STEP][PASSED] - delay(2): Delayed 2 second(s)

2019-06-25 13:40:04 - [MESSAGE][PASSED] - Delayed 2 second(s)

2019-06-25 13:40:04 - [TEST_STEP][PASSED] - click(findTestObject("APOLLO- Desktop/Home page/Hero banner - CTA/Next button chevron")): Object: 'Object Repository/APOLLO- Desktop/Home page/Hero banner - CTA/Next button chevron' is clicked on

2019-06-25 13:40:05 - [MESSAGE][PASSED] - Object: 'Object Repository/APOLLO- Desktop/Home page/Hero banner - CTA/Next button chevron' is clicked on

2019-06-25 13:40:05 - [TEST_STEP][PASSED] - delay(2): Delayed 2 second(s)

2019-06-25 13:40:07 - [MESSAGE][PASSED] - Delayed 2 second(s)

2019-06-25 13:40:07 - [TEST_STEP][PASSED] - click(findTestObject("APOLLO- Desktop/Home page/Hero banner - CTA/Previous button chevron")): Object: 'Object Repository/APOLLO- Desktop/Home page/Hero banner - CTA/Previous button chevron' is clicked on

2019-06-25 13:40:07 - [MESSAGE][PASSED] - Object: 'Object Repository/APOLLO- Desktop/Home page/Hero banner - CTA/Previous button chevron' is clicked on

2019-06-25 13:40:07 - [TEST_STEP][PASSED] - delay(2): Delayed 2 second(s)

2019-06-25 13:40:09 - [MESSAGE][PASSED] - Delayed 2 second(s)

2019-06-25 13:40:09 - [TEST_STEP][PASSED] - click(findTestObject("APOLLO- Desktop/Home page/Hero banner - CTA/button_Next section")): Object: 'Object Repository/APOLLO- Desktop/Home page/Hero banner - CTA/button_Next section' is clicked on

2019-06-25 13:40:09 - [MESSAGE][PASSED] - Object: 'Object Repository/APOLLO- Desktop/Home page/Hero banner - CTA/button_Next section' is clicked on

2019-06-25 13:40:09 - [TEST_STEP][PASSED] - delay(2): Delayed 2 second(s)

2019-06-25 13:40:11 - [MESSAGE][PASSED] - Delayed 2 second(s)

2019-06-25 13:40:11 - [TEST_STEP][PASSED] - verifyTextPresent("Wool Sweater", false): Text 'Wool Sweater' is present on page 

2019-06-25 13:40:12 - [MESSAGE][PASSED] - Text 'Wool Sweater' is present on page]]></system-out>
         <system-err><![CDATA[]]></system-err>
      </testcase>
      <testcase name="Test Cases/HOME PAGE/Burger menu - navigation links" classname="Test Cases/HOME PAGE/Burger menu - navigation links" status="PASSED">
         <system-out><![CDATA[2019-06-25 13:40:12 - [TEST_CASE][PASSED] - Test Cases/HOME PAGE/Burger menu - navigation links: Test Cases/HOME PAGE/Burger menu - navigation links

2019-06-25 13:40:12 - [TEST_STEP][PASSED] - callTestCase(findTestCase("CALL - URL"), [:], STOP_ON_FAILURE): Call Test Case 'Test Cases/CALL - URL' successfully

2019-06-25 13:40:12 - [TEST_CASE][PASSED] - Test Cases/CALL - URL: Test Cases/CALL - URL

2019-06-25 13:40:12 - [TEST_STEP][PASSED] - openBrowser(""): Browser is opened with url: ''

2019-06-25 13:40:12 - [MESSAGE][WARNING] - A browser is already opened. Closing browser and opening a new one

2019-06-25 13:40:13 - [MESSAGE][INFO] - Starting 'Firefox' driver

2019-06-25 13:40:15 - [MESSAGE][PASSED] - Browser is opened with url: ''

2019-06-25 13:40:15 - [TEST_STEP][PASSED] - navigateToUrl("https://diff-apollo.myshopify.com/?key=eec34184cfd8f82cda816f82753a8c8e9e240f30cf54470e19667b8cbb401948&preview_theme_id="): Navigate to 'https://diff-apollo.myshopify.com/?key=eec34184cfd8f82cda816f82753a8c8e9e240f30cf54470e19667b8cbb401948&preview_theme_id=' successfully

2019-06-25 13:40:21 - [MESSAGE][PASSED] - Navigate to 'https://diff-apollo.myshopify.com/?key=eec34184cfd8f82cda816f82753a8c8e9e240f30cf54470e19667b8cbb401948&preview_theme_id=' successfully

2019-06-25 13:40:21 - [TEST_STEP][NOT_RUN] - executeJavaScript("var previewBar = document.getElementById("preview-bar-iframe"); previewBar.style.display = "none";", []): NOT_RUN: executeJavaScript("var previewBar = document.getElementById("preview-bar-iframe"); previewBar.style.display = "none";", [])

2019-06-25 13:40:21 - [MESSAGE][NOT_RUN] - NOT_RUN: executeJavaScript("var previewBar = document.getElementById("preview-bar-iframe"); previewBar.style.display = "none";", [])

2019-06-25 13:40:21 - [MESSAGE][PASSED] - Call Test Case 'Test Cases/CALL - URL' successfully

2019-06-25 13:40:21 - [TEST_STEP][PASSED] - delay(2): Delayed 2 second(s)

2019-06-25 13:40:23 - [MESSAGE][PASSED] - Delayed 2 second(s)

2019-06-25 13:40:23 - [TEST_STEP][PASSED] - click(findTestObject("APOLLO- Desktop/Burger Menu/Burgermenu")): Object: 'Object Repository/APOLLO- Desktop/Burger Menu/Burgermenu' is clicked on

2019-06-25 13:40:23 - [MESSAGE][PASSED] - Object: 'Object Repository/APOLLO- Desktop/Burger Menu/Burgermenu' is clicked on

2019-06-25 13:40:23 - [TEST_STEP][PASSED] - delay(2): Delayed 2 second(s)

2019-06-25 13:40:25 - [MESSAGE][PASSED] - Delayed 2 second(s)

2019-06-25 13:40:25 - [TEST_STEP][PASSED] - click(findTestObject("APOLLO- Desktop/Burger Menu/Mens chevron")): Object: 'Object Repository/APOLLO- Desktop/Burger Menu/Mens chevron' is clicked on

2019-06-25 13:40:25 - [MESSAGE][PASSED] - Object: 'Object Repository/APOLLO- Desktop/Burger Menu/Mens chevron' is clicked on

2019-06-25 13:40:25 - [TEST_STEP][PASSED] - delay(2): Delayed 2 second(s)

2019-06-25 13:40:27 - [MESSAGE][PASSED] - Delayed 2 second(s)

2019-06-25 13:40:27 - [TEST_STEP][PASSED] - click(findTestObject("APOLLO- Desktop/Burger Menu/Mens - Top Chevron")): Object: 'Object Repository/APOLLO- Desktop/Burger Menu/Mens - Top Chevron' is clicked on

2019-06-25 13:40:28 - [MESSAGE][PASSED] - Object: 'Object Repository/APOLLO- Desktop/Burger Menu/Mens - Top Chevron' is clicked on

2019-06-25 13:40:28 - [TEST_STEP][PASSED] - delay(2): Delayed 2 second(s)

2019-06-25 13:40:30 - [MESSAGE][PASSED] - Delayed 2 second(s)

2019-06-25 13:40:30 - [TEST_STEP][PASSED] - click(findTestObject("APOLLO- Desktop/Burger Menu/Shirts link")): Object: 'Object Repository/APOLLO- Desktop/Burger Menu/Shirts link' is clicked on

2019-06-25 13:40:30 - [MESSAGE][PASSED] - Object: 'Object Repository/APOLLO- Desktop/Burger Menu/Shirts link' is clicked on

2019-06-25 13:40:30 - [TEST_STEP][PASSED] - delay(2): Delayed 2 second(s)

2019-06-25 13:40:32 - [MESSAGE][PASSED] - Delayed 2 second(s)

2019-06-25 13:40:32 - [TEST_STEP][PASSED] - click(findTestObject("APOLLO- Desktop/Burger Menu/Burgermenu")): Object: 'Object Repository/APOLLO- Desktop/Burger Menu/Burgermenu' is clicked on

2019-06-25 13:40:33 - [MESSAGE][PASSED] - Object: 'Object Repository/APOLLO- Desktop/Burger Menu/Burgermenu' is clicked on

2019-06-25 13:40:33 - [TEST_STEP][PASSED] - delay(2): Delayed 2 second(s)

2019-06-25 13:40:35 - [MESSAGE][PASSED] - Delayed 2 second(s)

2019-06-25 13:40:35 - [TEST_STEP][PASSED] - click(findTestObject("APOLLO- Desktop/Burger Menu/Mens chevron")): Object: 'Object Repository/APOLLO- Desktop/Burger Menu/Mens chevron' is clicked on

2019-06-25 13:40:35 - [MESSAGE][PASSED] - Object: 'Object Repository/APOLLO- Desktop/Burger Menu/Mens chevron' is clicked on

2019-06-25 13:40:35 - [TEST_STEP][PASSED] - delay(2): Delayed 2 second(s)

2019-06-25 13:40:37 - [MESSAGE][PASSED] - Delayed 2 second(s)

2019-06-25 13:40:37 - [TEST_STEP][PASSED] - click(findTestObject("APOLLO- Desktop/Burger Menu/Mens - Top Chevron")): Object: 'Object Repository/APOLLO- Desktop/Burger Menu/Mens - Top Chevron' is clicked on

2019-06-25 13:40:37 - [MESSAGE][PASSED] - Object: 'Object Repository/APOLLO- Desktop/Burger Menu/Mens - Top Chevron' is clicked on

2019-06-25 13:40:37 - [TEST_STEP][PASSED] - delay(2): Delayed 2 second(s)

2019-06-25 13:40:39 - [MESSAGE][PASSED] - Delayed 2 second(s)

2019-06-25 13:40:39 - [TEST_STEP][PASSED] - click(findTestObject("APOLLO- Desktop/Burger Menu/T- Shirts link")): Object: 'Object Repository/APOLLO- Desktop/Burger Menu/T- Shirts link' is clicked on

2019-06-25 13:40:46 - [MESSAGE][PASSED] - Object: 'Object Repository/APOLLO- Desktop/Burger Menu/T- Shirts link' is clicked on

2019-06-25 13:40:46 - [TEST_STEP][PASSED] - delay(2): Delayed 2 second(s)

2019-06-25 13:40:48 - [MESSAGE][PASSED] - Delayed 2 second(s)

2019-06-25 13:40:48 - [TEST_STEP][PASSED] - click(findTestObject("APOLLO- Desktop/Burger Menu/Burgermenu")): Object: 'Object Repository/APOLLO- Desktop/Burger Menu/Burgermenu' is clicked on

2019-06-25 13:40:48 - [MESSAGE][PASSED] - Object: 'Object Repository/APOLLO- Desktop/Burger Menu/Burgermenu' is clicked on

2019-06-25 13:40:48 - [TEST_STEP][PASSED] - delay(2): Delayed 2 second(s)

2019-06-25 13:40:50 - [MESSAGE][PASSED] - Delayed 2 second(s)

2019-06-25 13:40:50 - [TEST_STEP][PASSED] - click(findTestObject("APOLLO- Desktop/Burger Menu/Mens chevron")): Object: 'Object Repository/APOLLO- Desktop/Burger Menu/Mens chevron' is clicked on

2019-06-25 13:40:50 - [MESSAGE][PASSED] - Object: 'Object Repository/APOLLO- Desktop/Burger Menu/Mens chevron' is clicked on

2019-06-25 13:40:50 - [TEST_STEP][PASSED] - delay(2): Delayed 2 second(s)

2019-06-25 13:40:52 - [MESSAGE][PASSED] - Delayed 2 second(s)

2019-06-25 13:40:52 - [TEST_STEP][PASSED] - click(findTestObject("APOLLO- Desktop/Burger Menu/Mens - Top Chevron")): Object: 'Object Repository/APOLLO- Desktop/Burger Menu/Mens - Top Chevron' is clicked on

2019-06-25 13:40:52 - [MESSAGE][PASSED] - Object: 'Object Repository/APOLLO- Desktop/Burger Menu/Mens - Top Chevron' is clicked on

2019-06-25 13:40:52 - [TEST_STEP][PASSED] - delay(2): Delayed 2 second(s)

2019-06-25 13:40:54 - [MESSAGE][PASSED] - Delayed 2 second(s)

2019-06-25 13:40:54 - [TEST_STEP][PASSED] - click(findTestObject("APOLLO- Desktop/Burger Menu/Sweaters")): Object: 'Object Repository/APOLLO- Desktop/Burger Menu/Sweaters' is clicked on

2019-06-25 13:40:59 - [MESSAGE][PASSED] - Object: 'Object Repository/APOLLO- Desktop/Burger Menu/Sweaters' is clicked on

2019-06-25 13:40:59 - [TEST_STEP][PASSED] - delay(2): Delayed 2 second(s)

2019-06-25 13:41:01 - [MESSAGE][PASSED] - Delayed 2 second(s)

2019-06-25 13:41:01 - [TEST_STEP][PASSED] - click(findTestObject("APOLLO- Desktop/Burger Menu/Burgermenu")): Object: 'Object Repository/APOLLO- Desktop/Burger Menu/Burgermenu' is clicked on

2019-06-25 13:41:02 - [MESSAGE][PASSED] - Object: 'Object Repository/APOLLO- Desktop/Burger Menu/Burgermenu' is clicked on

2019-06-25 13:41:02 - [TEST_STEP][PASSED] - delay(2): Delayed 2 second(s)

2019-06-25 13:41:04 - [MESSAGE][PASSED] - Delayed 2 second(s)

2019-06-25 13:41:04 - [TEST_STEP][PASSED] - click(findTestObject("APOLLO- Desktop/Burger Menu/Women link")): Object: 'Object Repository/APOLLO- Desktop/Burger Menu/Women link' is clicked on

2019-06-25 13:41:04 - [MESSAGE][PASSED] - Object: 'Object Repository/APOLLO- Desktop/Burger Menu/Women link' is clicked on

2019-06-25 13:41:04 - [TEST_STEP][PASSED] - delay(2): Delayed 2 second(s)

2019-06-25 13:41:06 - [MESSAGE][PASSED] - Delayed 2 second(s)

2019-06-25 13:41:06 - [TEST_STEP][PASSED] - click(findTestObject("APOLLO- Desktop/Burger Menu/Jackets - Coats")): Object: 'Object Repository/APOLLO- Desktop/Burger Menu/Jackets - Coats' is clicked on

2019-06-25 13:41:07 - [MESSAGE][PASSED] - Object: 'Object Repository/APOLLO- Desktop/Burger Menu/Jackets - Coats' is clicked on

2019-06-25 13:41:07 - [TEST_STEP][PASSED] - delay(2): Delayed 2 second(s)

2019-06-25 13:41:09 - [MESSAGE][PASSED] - Delayed 2 second(s)

2019-06-25 13:41:09 - [TEST_STEP][PASSED] - click(findTestObject("APOLLO- Desktop/Burger Menu/Burgermenu")): Object: 'Object Repository/APOLLO- Desktop/Burger Menu/Burgermenu' is clicked on

2019-06-25 13:41:09 - [MESSAGE][PASSED] - Object: 'Object Repository/APOLLO- Desktop/Burger Menu/Burgermenu' is clicked on

2019-06-25 13:41:09 - [TEST_STEP][PASSED] - delay(2): Delayed 2 second(s)

2019-06-25 13:41:11 - [MESSAGE][PASSED] - Delayed 2 second(s)

2019-06-25 13:41:11 - [TEST_STEP][PASSED] - click(findTestObject("APOLLO- Desktop/Burger Menu/Women link")): Object: 'Object Repository/APOLLO- Desktop/Burger Menu/Women link' is clicked on

2019-06-25 13:41:11 - [MESSAGE][PASSED] - Object: 'Object Repository/APOLLO- Desktop/Burger Menu/Women link' is clicked on

2019-06-25 13:41:11 - [TEST_STEP][PASSED] - delay(2): Delayed 2 second(s)

2019-06-25 13:41:13 - [MESSAGE][PASSED] - Delayed 2 second(s)

2019-06-25 13:41:13 - [TEST_STEP][PASSED] - click(findTestObject("APOLLO- Desktop/Burger Menu/Bottoms")): Object: 'Object Repository/APOLLO- Desktop/Burger Menu/Bottoms' is clicked on

2019-06-25 13:41:17 - [MESSAGE][PASSED] - Object: 'Object Repository/APOLLO- Desktop/Burger Menu/Bottoms' is clicked on

2019-06-25 13:41:17 - [TEST_STEP][PASSED] - delay(2): Delayed 2 second(s)

2019-06-25 13:41:19 - [MESSAGE][PASSED] - Delayed 2 second(s)

2019-06-25 13:41:19 - [TEST_STEP][PASSED] - click(findTestObject("APOLLO- Desktop/Burger Menu/Burgermenu")): Object: 'Object Repository/APOLLO- Desktop/Burger Menu/Burgermenu' is clicked on

2019-06-25 13:41:20 - [MESSAGE][PASSED] - Object: 'Object Repository/APOLLO- Desktop/Burger Menu/Burgermenu' is clicked on

2019-06-25 13:41:20 - [TEST_STEP][PASSED] - delay(2): Delayed 2 second(s)

2019-06-25 13:41:22 - [MESSAGE][PASSED] - Delayed 2 second(s)

2019-06-25 13:41:22 - [TEST_STEP][PASSED] - click(findTestObject("APOLLO- Desktop/Burger Menu/Women link")): Object: 'Object Repository/APOLLO- Desktop/Burger Menu/Women link' is clicked on

2019-06-25 13:41:22 - [MESSAGE][PASSED] - Object: 'Object Repository/APOLLO- Desktop/Burger Menu/Women link' is clicked on

2019-06-25 13:41:22 - [TEST_STEP][PASSED] - delay(2): Delayed 2 second(s)

2019-06-25 13:41:24 - [MESSAGE][PASSED] - Delayed 2 second(s)

2019-06-25 13:41:24 - [TEST_STEP][PASSED] - click(findTestObject("APOLLO- Desktop/Burger Menu/Shop all")): Object: 'Object Repository/APOLLO- Desktop/Burger Menu/Shop all' is clicked on

2019-06-25 13:41:30 - [MESSAGE][PASSED] - Object: 'Object Repository/APOLLO- Desktop/Burger Menu/Shop all' is clicked on

2019-06-25 13:41:30 - [TEST_STEP][PASSED] - delay(2): Delayed 2 second(s)

2019-06-25 13:41:32 - [MESSAGE][PASSED] - Delayed 2 second(s)

2019-06-25 13:41:32 - [TEST_STEP][PASSED] - click(findTestObject("APOLLO- Desktop/Burger Menu/Burgermenu")): Object: 'Object Repository/APOLLO- Desktop/Burger Menu/Burgermenu' is clicked on

2019-06-25 13:41:32 - [MESSAGE][PASSED] - Object: 'Object Repository/APOLLO- Desktop/Burger Menu/Burgermenu' is clicked on

2019-06-25 13:41:32 - [TEST_STEP][PASSED] - delay(2): Delayed 2 second(s)

2019-06-25 13:41:34 - [MESSAGE][PASSED] - Delayed 2 second(s)

2019-06-25 13:41:34 - [TEST_STEP][PASSED] - click(findTestObject("APOLLO- Desktop/Burger Menu/Women link")): Object: 'Object Repository/APOLLO- Desktop/Burger Menu/Women link' is clicked on

2019-06-25 13:41:34 - [MESSAGE][PASSED] - Object: 'Object Repository/APOLLO- Desktop/Burger Menu/Women link' is clicked on

2019-06-25 13:41:34 - [TEST_STEP][PASSED] - delay(2): Delayed 2 second(s)

2019-06-25 13:41:36 - [MESSAGE][PASSED] - Delayed 2 second(s)

2019-06-25 13:41:36 - [TEST_STEP][PASSED] - click(findTestObject("APOLLO- Desktop/Burger Menu/Women - Top Chevron")): Object: 'Object Repository/APOLLO- Desktop/Burger Menu/Women - Top Chevron' is clicked on

2019-06-25 13:41:37 - [MESSAGE][PASSED] - Object: 'Object Repository/APOLLO- Desktop/Burger Menu/Women - Top Chevron' is clicked on

2019-06-25 13:41:37 - [TEST_STEP][PASSED] - delay(2): Delayed 2 second(s)

2019-06-25 13:41:39 - [MESSAGE][PASSED] - Delayed 2 second(s)

2019-06-25 13:41:39 - [TEST_STEP][PASSED] - click(findTestObject("APOLLO- Desktop/Burger Menu/Shirts link - women")): Object: 'Object Repository/APOLLO- Desktop/Burger Menu/Shirts link - women' is clicked on

2019-06-25 13:41:45 - [MESSAGE][PASSED] - Object: 'Object Repository/APOLLO- Desktop/Burger Menu/Shirts link - women' is clicked on

2019-06-25 13:41:45 - [TEST_STEP][PASSED] - delay(2): Delayed 2 second(s)

2019-06-25 13:41:47 - [MESSAGE][PASSED] - Delayed 2 second(s)

2019-06-25 13:41:47 - [TEST_STEP][PASSED] - click(findTestObject("APOLLO- Desktop/Burger Menu/Burgermenu")): Object: 'Object Repository/APOLLO- Desktop/Burger Menu/Burgermenu' is clicked on

2019-06-25 13:41:47 - [MESSAGE][PASSED] - Object: 'Object Repository/APOLLO- Desktop/Burger Menu/Burgermenu' is clicked on

2019-06-25 13:41:47 - [TEST_STEP][PASSED] - delay(2): Delayed 2 second(s)

2019-06-25 13:41:49 - [MESSAGE][PASSED] - Delayed 2 second(s)

2019-06-25 13:41:49 - [TEST_STEP][PASSED] - click(findTestObject("APOLLO- Desktop/Burger Menu/Women link")): Object: 'Object Repository/APOLLO- Desktop/Burger Menu/Women link' is clicked on

2019-06-25 13:41:49 - [MESSAGE][PASSED] - Object: 'Object Repository/APOLLO- Desktop/Burger Menu/Women link' is clicked on

2019-06-25 13:41:49 - [TEST_STEP][PASSED] - delay(2): Delayed 2 second(s)

2019-06-25 13:41:51 - [MESSAGE][PASSED] - Delayed 2 second(s)

2019-06-25 13:41:51 - [TEST_STEP][PASSED] - click(findTestObject("APOLLO- Desktop/Burger Menu/Women - Top Chevron")): Object: 'Object Repository/APOLLO- Desktop/Burger Menu/Women - Top Chevron' is clicked on

2019-06-25 13:41:51 - [MESSAGE][PASSED] - Object: 'Object Repository/APOLLO- Desktop/Burger Menu/Women - Top Chevron' is clicked on

2019-06-25 13:41:51 - [TEST_STEP][PASSED] - delay(2): Delayed 2 second(s)

2019-06-25 13:41:53 - [MESSAGE][PASSED] - Delayed 2 second(s)

2019-06-25 13:41:53 - [TEST_STEP][PASSED] - click(findTestObject("APOLLO- Desktop/Burger Menu/Sweaters - women")): Object: 'Object Repository/APOLLO- Desktop/Burger Menu/Sweaters - women' is clicked on

2019-06-25 13:41:54 - [MESSAGE][PASSED] - Object: 'Object Repository/APOLLO- Desktop/Burger Menu/Sweaters - women' is clicked on

2019-06-25 13:41:54 - [TEST_STEP][PASSED] - delay(2): Delayed 2 second(s)

2019-06-25 13:41:56 - [MESSAGE][PASSED] - Delayed 2 second(s)

2019-06-25 13:41:56 - [TEST_STEP][PASSED] - click(findTestObject("APOLLO- Desktop/Burger Menu/Burgermenu")): Object: 'Object Repository/APOLLO- Desktop/Burger Menu/Burgermenu' is clicked on

2019-06-25 13:41:56 - [MESSAGE][PASSED] - Object: 'Object Repository/APOLLO- Desktop/Burger Menu/Burgermenu' is clicked on

2019-06-25 13:41:56 - [TEST_STEP][PASSED] - delay(2): Delayed 2 second(s)

2019-06-25 13:41:58 - [MESSAGE][PASSED] - Delayed 2 second(s)

2019-06-25 13:41:58 - [TEST_STEP][PASSED] - click(findTestObject("APOLLO- Desktop/Burger Menu/KIds link")): Object: 'Object Repository/APOLLO- Desktop/Burger Menu/KIds link' is clicked on

2019-06-25 13:42:01 - [MESSAGE][PASSED] - Object: 'Object Repository/APOLLO- Desktop/Burger Menu/KIds link' is clicked on

2019-06-25 13:42:01 - [TEST_STEP][PASSED] - delay(2): Delayed 2 second(s)

2019-06-25 13:42:03 - [MESSAGE][PASSED] - Delayed 2 second(s)

2019-06-25 13:42:03 - [TEST_STEP][PASSED] - click(findTestObject("APOLLO- Desktop/Burger Menu/Burgermenu")): Object: 'Object Repository/APOLLO- Desktop/Burger Menu/Burgermenu' is clicked on

2019-06-25 13:42:03 - [MESSAGE][PASSED] - Object: 'Object Repository/APOLLO- Desktop/Burger Menu/Burgermenu' is clicked on

2019-06-25 13:42:03 - [TEST_STEP][PASSED] - delay(2): Delayed 2 second(s)

2019-06-25 13:42:05 - [MESSAGE][PASSED] - Delayed 2 second(s)

2019-06-25 13:42:05 - [TEST_STEP][PASSED] - click(findTestObject("APOLLO- Desktop/Burger Menu/collections")): Object: 'Object Repository/APOLLO- Desktop/Burger Menu/collections' is clicked on

2019-06-25 13:42:14 - [MESSAGE][PASSED] - Object: 'Object Repository/APOLLO- Desktop/Burger Menu/collections' is clicked on

2019-06-25 13:42:14 - [TEST_STEP][PASSED] - delay(2): Delayed 2 second(s)

2019-06-25 13:42:16 - [MESSAGE][PASSED] - Delayed 2 second(s)

2019-06-25 13:42:16 - [TEST_STEP][PASSED] - click(findTestObject("APOLLO- Desktop/Burger Menu/Burgermenu")): Object: 'Object Repository/APOLLO- Desktop/Burger Menu/Burgermenu' is clicked on

2019-06-25 13:42:16 - [MESSAGE][PASSED] - Object: 'Object Repository/APOLLO- Desktop/Burger Menu/Burgermenu' is clicked on

2019-06-25 13:42:16 - [TEST_STEP][PASSED] - delay(2): Delayed 2 second(s)

2019-06-25 13:42:18 - [MESSAGE][PASSED] - Delayed 2 second(s)

2019-06-25 13:42:18 - [TEST_STEP][PASSED] - click(findTestObject("APOLLO- Desktop/Burger Menu/About")): Object: 'Object Repository/APOLLO- Desktop/Burger Menu/About' is clicked on

2019-06-25 13:42:22 - [MESSAGE][PASSED] - Object: 'Object Repository/APOLLO- Desktop/Burger Menu/About' is clicked on

2019-06-25 13:42:22 - [TEST_STEP][PASSED] - delay(2): Delayed 2 second(s)

2019-06-25 13:42:24 - [MESSAGE][PASSED] - Delayed 2 second(s)

2019-06-25 13:42:24 - [TEST_STEP][PASSED] - click(findTestObject("APOLLO- Desktop/Burger Menu/Burgermenu")): Object: 'Object Repository/APOLLO- Desktop/Burger Menu/Burgermenu' is clicked on

2019-06-25 13:42:24 - [MESSAGE][PASSED] - Object: 'Object Repository/APOLLO- Desktop/Burger Menu/Burgermenu' is clicked on

2019-06-25 13:42:24 - [TEST_STEP][PASSED] - delay(2): Delayed 2 second(s)

2019-06-25 13:42:26 - [MESSAGE][PASSED] - Delayed 2 second(s)

2019-06-25 13:42:26 - [TEST_STEP][PASSED] - click(findTestObject("APOLLO- Desktop/Burger Menu/Blog")): Object: 'Object Repository/APOLLO- Desktop/Burger Menu/Blog' is clicked on

2019-06-25 13:42:28 - [MESSAGE][PASSED] - Object: 'Object Repository/APOLLO- Desktop/Burger Menu/Blog' is clicked on

2019-06-25 13:42:28 - [TEST_STEP][PASSED] - delay(2): Delayed 2 second(s)

2019-06-25 13:42:30 - [MESSAGE][PASSED] - Delayed 2 second(s)

2019-06-25 13:42:30 - [TEST_STEP][PASSED] - click(findTestObject("APOLLO- Desktop/Burger Menu/Burgermenu")): Object: 'Object Repository/APOLLO- Desktop/Burger Menu/Burgermenu' is clicked on

2019-06-25 13:42:31 - [MESSAGE][PASSED] - Object: 'Object Repository/APOLLO- Desktop/Burger Menu/Burgermenu' is clicked on

2019-06-25 13:42:31 - [TEST_STEP][PASSED] - delay(2): Delayed 2 second(s)

2019-06-25 13:42:33 - [MESSAGE][PASSED] - Delayed 2 second(s)

2019-06-25 13:42:33 - [TEST_STEP][PASSED] - click(findTestObject("APOLLO- Desktop/Burger Menu/Support")): Object: 'Object Repository/APOLLO- Desktop/Burger Menu/Support' is clicked on

2019-06-25 13:42:34 - [MESSAGE][PASSED] - Object: 'Object Repository/APOLLO- Desktop/Burger Menu/Support' is clicked on

2019-06-25 13:42:34 - [TEST_STEP][PASSED] - delay(2): Delayed 2 second(s)

2019-06-25 13:42:36 - [MESSAGE][PASSED] - Delayed 2 second(s)

2019-06-25 13:42:36 - [TEST_STEP][PASSED] - click(findTestObject("APOLLO- Desktop/Burger Menu/Burgermenu")): Object: 'Object Repository/APOLLO- Desktop/Burger Menu/Burgermenu' is clicked on

2019-06-25 13:42:36 - [MESSAGE][PASSED] - Object: 'Object Repository/APOLLO- Desktop/Burger Menu/Burgermenu' is clicked on

2019-06-25 13:42:36 - [TEST_STEP][PASSED] - delay(2): Delayed 2 second(s)

2019-06-25 13:42:38 - [MESSAGE][PASSED] - Delayed 2 second(s)

2019-06-25 13:42:38 - [TEST_STEP][PASSED] - click(findTestObject("APOLLO- Desktop/Burger Menu/Contact us")): Object: 'Object Repository/APOLLO- Desktop/Burger Menu/Contact us' is clicked on

2019-06-25 13:42:39 - [MESSAGE][PASSED] - Object: 'Object Repository/APOLLO- Desktop/Burger Menu/Contact us' is clicked on]]></system-out>
         <system-err><![CDATA[]]></system-err>
      </testcase>
      <testcase name="Test Cases/HOME PAGE/Featured collection" classname="Test Cases/HOME PAGE/Featured collection" status="PASSED">
         <system-out><![CDATA[2019-06-25 13:42:39 - [TEST_CASE][PASSED] - Test Cases/HOME PAGE/Featured collection: Test Cases/HOME PAGE/Featured collection

2019-06-25 13:42:39 - [TEST_STEP][PASSED] - callTestCase(findTestCase("CALL - URL"), [:], STOP_ON_FAILURE): Call Test Case 'Test Cases/CALL - URL' successfully

2019-06-25 13:42:39 - [TEST_CASE][PASSED] - Test Cases/CALL - URL: Test Cases/CALL - URL

2019-06-25 13:42:39 - [TEST_STEP][PASSED] - openBrowser(""): Browser is opened with url: ''

2019-06-25 13:42:39 - [MESSAGE][WARNING] - A browser is already opened. Closing browser and opening a new one

2019-06-25 13:42:40 - [MESSAGE][INFO] - Starting 'Firefox' driver

2019-06-25 13:42:42 - [MESSAGE][PASSED] - Browser is opened with url: ''

2019-06-25 13:42:42 - [TEST_STEP][PASSED] - navigateToUrl("https://diff-apollo.myshopify.com/?key=eec34184cfd8f82cda816f82753a8c8e9e240f30cf54470e19667b8cbb401948&preview_theme_id="): Navigate to 'https://diff-apollo.myshopify.com/?key=eec34184cfd8f82cda816f82753a8c8e9e240f30cf54470e19667b8cbb401948&preview_theme_id=' successfully

2019-06-25 13:42:49 - [MESSAGE][PASSED] - Navigate to 'https://diff-apollo.myshopify.com/?key=eec34184cfd8f82cda816f82753a8c8e9e240f30cf54470e19667b8cbb401948&preview_theme_id=' successfully

2019-06-25 13:42:49 - [TEST_STEP][NOT_RUN] - executeJavaScript("var previewBar = document.getElementById("preview-bar-iframe"); previewBar.style.display = "none";", []): NOT_RUN: executeJavaScript("var previewBar = document.getElementById("preview-bar-iframe"); previewBar.style.display = "none";", [])

2019-06-25 13:42:49 - [MESSAGE][NOT_RUN] - NOT_RUN: executeJavaScript("var previewBar = document.getElementById("preview-bar-iframe"); previewBar.style.display = "none";", [])

2019-06-25 13:42:49 - [MESSAGE][PASSED] - Call Test Case 'Test Cases/CALL - URL' successfully

2019-06-25 13:42:49 - [TEST_STEP][PASSED] - delay(1): Delayed 1 second(s)

2019-06-25 13:42:50 - [MESSAGE][PASSED] - Delayed 1 second(s)

2019-06-25 13:42:50 - [TEST_STEP][PASSED] - scrollToElement(findTestObject("APOLLO- Desktop/Home page/Featured collection/Sophisticated and elegant - Tile"), 0): Scroll to object 'Object Repository/APOLLO- Desktop/Home page/Featured collection/Sophisticated and elegant - Tile' successfully

2019-06-25 13:42:50 - [MESSAGE][WARNING] - Timeout '0' is invalid. Using default page load timeout: '30'

2019-06-25 13:42:50 - [MESSAGE][PASSED] - Scroll to object 'Object Repository/APOLLO- Desktop/Home page/Featured collection/Sophisticated and elegant - Tile' successfully

2019-06-25 13:42:50 - [TEST_STEP][PASSED] - delay(1): Delayed 1 second(s)

2019-06-25 13:42:51 - [MESSAGE][PASSED] - Delayed 1 second(s)

2019-06-25 13:42:51 - [TEST_STEP][PASSED] - mouseOver(findTestObject("APOLLO- Desktop/Home page/Featured collection/Sophisticated and elegant - Tile - hover")): Object: 'Object Repository/APOLLO- Desktop/Home page/Featured collection/Sophisticated and elegant - Tile - hover' is hovered

2019-06-25 13:42:51 - [MESSAGE][PASSED] - Object: 'Object Repository/APOLLO- Desktop/Home page/Featured collection/Sophisticated and elegant - Tile - hover' is hovered

2019-06-25 13:42:51 - [TEST_STEP][PASSED] - delay(1): Delayed 1 second(s)

2019-06-25 13:42:52 - [MESSAGE][PASSED] - Delayed 1 second(s)

2019-06-25 13:42:52 - [TEST_STEP][PASSED] - click(findTestObject("APOLLO- Desktop/Home page/Featured collection/shop womens bottoms - button")): Object: 'Object Repository/APOLLO- Desktop/Home page/Featured collection/shop womens bottoms - button' is clicked on

2019-06-25 13:42:53 - [MESSAGE][PASSED] - Object: 'Object Repository/APOLLO- Desktop/Home page/Featured collection/shop womens bottoms - button' is clicked on

2019-06-25 13:42:53 - [TEST_STEP][PASSED] - delay(1): Delayed 1 second(s)

2019-06-25 13:42:54 - [MESSAGE][PASSED] - Delayed 1 second(s)

2019-06-25 13:42:54 - [TEST_STEP][PASSED] - click(findTestObject("APOLLO- Desktop/Home page/Hero banner - CTA/Apollo icon")): Object: 'Object Repository/APOLLO- Desktop/Home page/Hero banner - CTA/Apollo icon' is clicked on

2019-06-25 13:42:55 - [MESSAGE][PASSED] - Object: 'Object Repository/APOLLO- Desktop/Home page/Hero banner - CTA/Apollo icon' is clicked on

2019-06-25 13:42:55 - [TEST_STEP][NOT_RUN] - executeJavaScript("var previewBar = document.getElementById("preview-bar-iframe"); previewBar.style.display = "none";", []): NOT_RUN: executeJavaScript("var previewBar = document.getElementById("preview-bar-iframe"); previewBar.style.display = "none";", [])

2019-06-25 13:42:55 - [MESSAGE][NOT_RUN] - NOT_RUN: executeJavaScript("var previewBar = document.getElementById("preview-bar-iframe"); previewBar.style.display = "none";", [])

2019-06-25 13:42:55 - [TEST_STEP][PASSED] - delay(1): Delayed 1 second(s)

2019-06-25 13:42:56 - [MESSAGE][PASSED] - Delayed 1 second(s)

2019-06-25 13:42:56 - [TEST_STEP][PASSED] - scrollToElement(findTestObject("APOLLO- Desktop/Home page/Featured collection/Designed for function - Tile"), 0): Scroll to object 'Object Repository/APOLLO- Desktop/Home page/Featured collection/Designed for function - Tile' successfully

2019-06-25 13:42:56 - [MESSAGE][WARNING] - Timeout '0' is invalid. Using default page load timeout: '30'

2019-06-25 13:42:56 - [MESSAGE][PASSED] - Scroll to object 'Object Repository/APOLLO- Desktop/Home page/Featured collection/Designed for function - Tile' successfully

2019-06-25 13:42:56 - [TEST_STEP][PASSED] - delay(1): Delayed 1 second(s)

2019-06-25 13:42:57 - [MESSAGE][PASSED] - Delayed 1 second(s)

2019-06-25 13:42:57 - [TEST_STEP][PASSED] - mouseOver(findTestObject("APOLLO- Desktop/Home page/Featured collection/Designed for function - Tile - hover")): Object: 'Object Repository/APOLLO- Desktop/Home page/Featured collection/Designed for function - Tile - hover' is hovered

2019-06-25 13:42:57 - [MESSAGE][PASSED] - Object: 'Object Repository/APOLLO- Desktop/Home page/Featured collection/Designed for function - Tile - hover' is hovered

2019-06-25 13:42:57 - [TEST_STEP][PASSED] - delay(1): Delayed 1 second(s)

2019-06-25 13:42:58 - [MESSAGE][PASSED] - Delayed 1 second(s)

2019-06-25 13:42:58 - [TEST_STEP][PASSED] - click(findTestObject("APOLLO- Desktop/Home page/Featured collection/Shop menss jacket - button")): Object: 'Object Repository/APOLLO- Desktop/Home page/Featured collection/Shop menss jacket - button' is clicked on

2019-06-25 13:42:59 - [MESSAGE][PASSED] - Object: 'Object Repository/APOLLO- Desktop/Home page/Featured collection/Shop menss jacket - button' is clicked on

2019-06-25 13:42:59 - [TEST_STEP][PASSED] - delay(1): Delayed 1 second(s)

2019-06-25 13:43:00 - [MESSAGE][PASSED] - Delayed 1 second(s)

2019-06-25 13:43:00 - [TEST_STEP][PASSED] - click(findTestObject("APOLLO- Desktop/Home page/Hero banner - CTA/Apollo icon")): Object: 'Object Repository/APOLLO- Desktop/Home page/Hero banner - CTA/Apollo icon' is clicked on

2019-06-25 13:43:02 - [MESSAGE][PASSED] - Object: 'Object Repository/APOLLO- Desktop/Home page/Hero banner - CTA/Apollo icon' is clicked on

2019-06-25 13:43:02 - [TEST_STEP][NOT_RUN] - executeJavaScript("var previewBar = document.getElementById("preview-bar-iframe"); previewBar.style.display = "none";", []): NOT_RUN: executeJavaScript("var previewBar = document.getElementById("preview-bar-iframe"); previewBar.style.display = "none";", [])

2019-06-25 13:43:02 - [MESSAGE][NOT_RUN] - NOT_RUN: executeJavaScript("var previewBar = document.getElementById("preview-bar-iframe"); previewBar.style.display = "none";", [])

2019-06-25 13:43:02 - [TEST_STEP][PASSED] - delay(1): Delayed 1 second(s)

2019-06-25 13:43:03 - [MESSAGE][PASSED] - Delayed 1 second(s)

2019-06-25 13:43:03 - [TEST_STEP][PASSED] - scrollToElement(findTestObject("APOLLO- Desktop/Home page/Featured collection/Sweaters - Tile"), 0): Scroll to object 'Object Repository/APOLLO- Desktop/Home page/Featured collection/Sweaters - Tile' successfully

2019-06-25 13:43:03 - [MESSAGE][WARNING] - Timeout '0' is invalid. Using default page load timeout: '30'

2019-06-25 13:43:03 - [MESSAGE][PASSED] - Scroll to object 'Object Repository/APOLLO- Desktop/Home page/Featured collection/Sweaters - Tile' successfully

2019-06-25 13:43:03 - [TEST_STEP][PASSED] - delay(1): Delayed 1 second(s)

2019-06-25 13:43:04 - [MESSAGE][PASSED] - Delayed 1 second(s)

2019-06-25 13:43:04 - [TEST_STEP][PASSED] - mouseOver(findTestObject("APOLLO- Desktop/Home page/Featured collection/Sweaters - Tile - hover")): Object: 'Object Repository/APOLLO- Desktop/Home page/Featured collection/Sweaters - Tile - hover' is hovered

2019-06-25 13:43:04 - [MESSAGE][PASSED] - Object: 'Object Repository/APOLLO- Desktop/Home page/Featured collection/Sweaters - Tile - hover' is hovered

2019-06-25 13:43:04 - [TEST_STEP][PASSED] - delay(1): Delayed 1 second(s)

2019-06-25 13:43:05 - [MESSAGE][PASSED] - Delayed 1 second(s)

2019-06-25 13:43:05 - [TEST_STEP][PASSED] - click(findTestObject("APOLLO- Desktop/Home page/Featured collection/shop womens sweaters - button")): Object: 'Object Repository/APOLLO- Desktop/Home page/Featured collection/shop womens sweaters - button' is clicked on

2019-06-25 13:43:07 - [MESSAGE][PASSED] - Object: 'Object Repository/APOLLO- Desktop/Home page/Featured collection/shop womens sweaters - button' is clicked on

2019-06-25 13:43:07 - [TEST_STEP][PASSED] - delay(1): Delayed 1 second(s)

2019-06-25 13:43:08 - [MESSAGE][PASSED] - Delayed 1 second(s)

2019-06-25 13:43:08 - [TEST_STEP][PASSED] - click(findTestObject("APOLLO- Desktop/Home page/Hero banner - CTA/Apollo icon")): Object: 'Object Repository/APOLLO- Desktop/Home page/Hero banner - CTA/Apollo icon' is clicked on

2019-06-25 13:43:09 - [MESSAGE][PASSED] - Object: 'Object Repository/APOLLO- Desktop/Home page/Hero banner - CTA/Apollo icon' is clicked on

2019-06-25 13:43:09 - [TEST_STEP][NOT_RUN] - executeJavaScript("var previewBar = document.getElementById("preview-bar-iframe"); previewBar.style.display = "none";", []): NOT_RUN: executeJavaScript("var previewBar = document.getElementById("preview-bar-iframe"); previewBar.style.display = "none";", [])

2019-06-25 13:43:09 - [MESSAGE][NOT_RUN] - NOT_RUN: executeJavaScript("var previewBar = document.getElementById("preview-bar-iframe"); previewBar.style.display = "none";", [])

2019-06-25 13:43:09 - [TEST_STEP][PASSED] - delay(1): Delayed 1 second(s)

2019-06-25 13:43:10 - [MESSAGE][PASSED] - Delayed 1 second(s)

2019-06-25 13:43:10 - [TEST_STEP][PASSED] - scrollToElement(findTestObject("APOLLO- Desktop/Home page/Featured collection/Shirts - Tile"), 0): Scroll to object 'Object Repository/APOLLO- Desktop/Home page/Featured collection/Shirts - Tile' successfully

2019-06-25 13:43:10 - [MESSAGE][WARNING] - Timeout '0' is invalid. Using default page load timeout: '30'

2019-06-25 13:43:10 - [MESSAGE][PASSED] - Scroll to object 'Object Repository/APOLLO- Desktop/Home page/Featured collection/Shirts - Tile' successfully

2019-06-25 13:43:10 - [TEST_STEP][PASSED] - delay(1): Delayed 1 second(s)

2019-06-25 13:43:11 - [MESSAGE][PASSED] - Delayed 1 second(s)

2019-06-25 13:43:11 - [TEST_STEP][PASSED] - mouseOver(findTestObject("APOLLO- Desktop/Home page/Featured collection/Shirts - Tile - hover")): Object: 'Object Repository/APOLLO- Desktop/Home page/Featured collection/Shirts - Tile - hover' is hovered

2019-06-25 13:43:11 - [MESSAGE][PASSED] - Object: 'Object Repository/APOLLO- Desktop/Home page/Featured collection/Shirts - Tile - hover' is hovered

2019-06-25 13:43:11 - [TEST_STEP][PASSED] - delay(1): Delayed 1 second(s)

2019-06-25 13:43:12 - [MESSAGE][PASSED] - Delayed 1 second(s)

2019-06-25 13:43:12 - [TEST_STEP][PASSED] - click(findTestObject("APOLLO- Desktop/Home page/Featured collection/Shop menss shirt - button")): Object: 'Object Repository/APOLLO- Desktop/Home page/Featured collection/Shop menss shirt - button' is clicked on

2019-06-25 13:43:13 - [MESSAGE][PASSED] - Object: 'Object Repository/APOLLO- Desktop/Home page/Featured collection/Shop menss shirt - button' is clicked on

2019-06-25 13:43:13 - [TEST_STEP][PASSED] - delay(1): Delayed 1 second(s)

2019-06-25 13:43:14 - [MESSAGE][PASSED] - Delayed 1 second(s)

2019-06-25 13:43:14 - [TEST_STEP][PASSED] - click(findTestObject("APOLLO- Desktop/Home page/Hero banner - CTA/Apollo icon")): Object: 'Object Repository/APOLLO- Desktop/Home page/Hero banner - CTA/Apollo icon' is clicked on

2019-06-25 13:43:16 - [MESSAGE][PASSED] - Object: 'Object Repository/APOLLO- Desktop/Home page/Hero banner - CTA/Apollo icon' is clicked on

2019-06-25 13:43:16 - [TEST_STEP][NOT_RUN] - executeJavaScript("var previewBar = document.getElementById("preview-bar-iframe"); previewBar.style.display = "none";", []): NOT_RUN: executeJavaScript("var previewBar = document.getElementById("preview-bar-iframe"); previewBar.style.display = "none";", [])

2019-06-25 13:43:16 - [MESSAGE][NOT_RUN] - NOT_RUN: executeJavaScript("var previewBar = document.getElementById("preview-bar-iframe"); previewBar.style.display = "none";", [])

2019-06-25 13:43:16 - [TEST_STEP][PASSED] - delay(1): Delayed 1 second(s)

2019-06-25 13:43:17 - [MESSAGE][PASSED] - Delayed 1 second(s)

2019-06-25 13:43:17 - [TEST_STEP][PASSED] - scrollToElement(findTestObject("APOLLO- Desktop/Home page/OUTER WEAR - TILES - Copy"), 0): Scroll to object 'Object Repository/APOLLO- Desktop/Home page/OUTER WEAR - TILES - Copy' successfully

2019-06-25 13:43:17 - [MESSAGE][WARNING] - Timeout '0' is invalid. Using default page load timeout: '30'

2019-06-25 13:43:17 - [MESSAGE][PASSED] - Scroll to object 'Object Repository/APOLLO- Desktop/Home page/OUTER WEAR - TILES - Copy' successfully

2019-06-25 13:43:17 - [TEST_STEP][PASSED] - delay(1): Delayed 1 second(s)

2019-06-25 13:43:18 - [MESSAGE][PASSED] - Delayed 1 second(s)

2019-06-25 13:43:18 - [TEST_STEP][PASSED] - mouseOver(findTestObject("APOLLO- Desktop/Home page/OUTER WEAR - TILES")): Object: 'Object Repository/APOLLO- Desktop/Home page/OUTER WEAR - TILES' is hovered

2019-06-25 13:43:18 - [MESSAGE][PASSED] - Object: 'Object Repository/APOLLO- Desktop/Home page/OUTER WEAR - TILES' is hovered

2019-06-25 13:43:18 - [TEST_STEP][PASSED] - delay(1): Delayed 1 second(s)

2019-06-25 13:43:19 - [MESSAGE][PASSED] - Delayed 1 second(s)

2019-06-25 13:43:19 - [TEST_STEP][PASSED] - click(findTestObject("APOLLO- Desktop/Home page/Shop mens outer wear -button")): Object: 'Object Repository/APOLLO- Desktop/Home page/Shop mens outer wear -button' is clicked on

2019-06-25 13:43:20 - [MESSAGE][PASSED] - Object: 'Object Repository/APOLLO- Desktop/Home page/Shop mens outer wear -button' is clicked on

2019-06-25 13:43:20 - [TEST_STEP][PASSED] - click(findTestObject("APOLLO- Desktop/Home page/Hero banner - CTA/Apollo icon")): Object: 'Object Repository/APOLLO- Desktop/Home page/Hero banner - CTA/Apollo icon' is clicked on

2019-06-25 13:43:21 - [MESSAGE][PASSED] - Object: 'Object Repository/APOLLO- Desktop/Home page/Hero banner - CTA/Apollo icon' is clicked on]]></system-out>
         <system-err><![CDATA[]]></system-err>
      </testcase>
      <testcase name="Test Cases/HOME PAGE/Footer" classname="Test Cases/HOME PAGE/Footer" status="PASSED">
         <system-out><![CDATA[2019-06-25 13:43:21 - [TEST_CASE][PASSED] - Test Cases/HOME PAGE/Footer: Test Cases/HOME PAGE/Footer

2019-06-25 13:43:22 - [TEST_STEP][PASSED] - callTestCase(findTestCase("CALL - URL"), [:], STOP_ON_FAILURE): Call Test Case 'Test Cases/CALL - URL' successfully

2019-06-25 13:43:22 - [TEST_CASE][PASSED] - Test Cases/CALL - URL: Test Cases/CALL - URL

2019-06-25 13:43:22 - [TEST_STEP][PASSED] - openBrowser(""): Browser is opened with url: ''

2019-06-25 13:43:22 - [MESSAGE][WARNING] - A browser is already opened. Closing browser and opening a new one

2019-06-25 13:43:22 - [MESSAGE][INFO] - Starting 'Firefox' driver

2019-06-25 13:43:25 - [MESSAGE][PASSED] - Browser is opened with url: ''

2019-06-25 13:43:25 - [TEST_STEP][PASSED] - navigateToUrl("https://diff-apollo.myshopify.com/?key=eec34184cfd8f82cda816f82753a8c8e9e240f30cf54470e19667b8cbb401948&preview_theme_id="): Navigate to 'https://diff-apollo.myshopify.com/?key=eec34184cfd8f82cda816f82753a8c8e9e240f30cf54470e19667b8cbb401948&preview_theme_id=' successfully

2019-06-25 13:43:30 - [MESSAGE][PASSED] - Navigate to 'https://diff-apollo.myshopify.com/?key=eec34184cfd8f82cda816f82753a8c8e9e240f30cf54470e19667b8cbb401948&preview_theme_id=' successfully

2019-06-25 13:43:30 - [TEST_STEP][NOT_RUN] - executeJavaScript("var previewBar = document.getElementById("preview-bar-iframe"); previewBar.style.display = "none";", []): NOT_RUN: executeJavaScript("var previewBar = document.getElementById("preview-bar-iframe"); previewBar.style.display = "none";", [])

2019-06-25 13:43:30 - [MESSAGE][NOT_RUN] - NOT_RUN: executeJavaScript("var previewBar = document.getElementById("preview-bar-iframe"); previewBar.style.display = "none";", [])

2019-06-25 13:43:30 - [MESSAGE][PASSED] - Call Test Case 'Test Cases/CALL - URL' successfully

2019-06-25 13:43:30 - [TEST_STEP][PASSED] - delay(2): Delayed 2 second(s)

2019-06-25 13:43:32 - [MESSAGE][PASSED] - Delayed 2 second(s)

2019-06-25 13:43:32 - [TEST_STEP][PASSED] - scrollToElement(findTestObject("APOLLO- Desktop/Home page/Footer/Social icons position"), 0): Scroll to object 'Object Repository/APOLLO- Desktop/Home page/Footer/Social icons position' successfully

2019-06-25 13:43:32 - [MESSAGE][WARNING] - Timeout '0' is invalid. Using default page load timeout: '30'

2019-06-25 13:43:32 - [MESSAGE][PASSED] - Scroll to object 'Object Repository/APOLLO- Desktop/Home page/Footer/Social icons position' successfully

2019-06-25 13:43:32 - [TEST_STEP][PASSED] - delay(2): Delayed 2 second(s)

2019-06-25 13:43:34 - [MESSAGE][PASSED] - Delayed 2 second(s)

2019-06-25 13:43:34 - [TEST_STEP][PASSED] - click(findTestObject("APOLLO- Desktop/Home page/Footer/facebook icon")): Object: 'Object Repository/APOLLO- Desktop/Home page/Footer/facebook icon' is clicked on

2019-06-25 13:43:34 - [MESSAGE][PASSED] - Object: 'Object Repository/APOLLO- Desktop/Home page/Footer/facebook icon' is clicked on

2019-06-25 13:43:34 - [TEST_STEP][PASSED] - delay(2): Delayed 2 second(s)

2019-06-25 13:43:36 - [MESSAGE][PASSED] - Delayed 2 second(s)

2019-06-25 13:43:36 - [TEST_STEP][PASSED] - click(findTestObject("APOLLO- Desktop/Home page/Footer/Twitter icon")): Object: 'Object Repository/APOLLO- Desktop/Home page/Footer/Twitter icon' is clicked on

2019-06-25 13:43:37 - [MESSAGE][PASSED] - Object: 'Object Repository/APOLLO- Desktop/Home page/Footer/Twitter icon' is clicked on

2019-06-25 13:43:37 - [TEST_STEP][PASSED] - delay(2): Delayed 2 second(s)

2019-06-25 13:43:39 - [MESSAGE][PASSED] - Delayed 2 second(s)

2019-06-25 13:43:39 - [TEST_STEP][PASSED] - click(findTestObject("APOLLO- Desktop/Home page/Footer/Instagram icon")): Object: 'Object Repository/APOLLO- Desktop/Home page/Footer/Instagram icon' is clicked on

2019-06-25 13:43:40 - [MESSAGE][PASSED] - Object: 'Object Repository/APOLLO- Desktop/Home page/Footer/Instagram icon' is clicked on

2019-06-25 13:43:40 - [TEST_STEP][PASSED] - delay(2): Delayed 2 second(s)

2019-06-25 13:43:42 - [MESSAGE][PASSED] - Delayed 2 second(s)

2019-06-25 13:43:42 - [TEST_STEP][PASSED] - click(findTestObject("APOLLO- Desktop/Home page/Footer/Pintrest")): Object: 'Object Repository/APOLLO- Desktop/Home page/Footer/Pintrest' is clicked on

2019-06-25 13:43:42 - [MESSAGE][PASSED] - Object: 'Object Repository/APOLLO- Desktop/Home page/Footer/Pintrest' is clicked on

2019-06-25 13:43:42 - [TEST_STEP][PASSED] - delay(2): Delayed 2 second(s)

2019-06-25 13:43:44 - [MESSAGE][PASSED] - Delayed 2 second(s)

2019-06-25 13:43:44 - [TEST_STEP][PASSED] - click(findTestObject("APOLLO- Desktop/Home page/Footer/div_Shop")): Object: 'Object Repository/APOLLO- Desktop/Home page/Footer/div_Shop' is clicked on

2019-06-25 13:43:45 - [MESSAGE][PASSED] - Object: 'Object Repository/APOLLO- Desktop/Home page/Footer/div_Shop' is clicked on

2019-06-25 13:43:45 - [TEST_STEP][NOT_RUN] - executeJavaScript("var previewBar = document.getElementById("preview-bar-iframe"); previewBar.style.display = "none";", []): NOT_RUN: executeJavaScript("var previewBar = document.getElementById("preview-bar-iframe"); previewBar.style.display = "none";", [])

2019-06-25 13:43:45 - [MESSAGE][NOT_RUN] - NOT_RUN: executeJavaScript("var previewBar = document.getElementById("preview-bar-iframe"); previewBar.style.display = "none";", [])

2019-06-25 13:43:45 - [TEST_STEP][PASSED] - delay(4): Delayed 4 second(s)

2019-06-25 13:43:49 - [MESSAGE][PASSED] - Delayed 4 second(s)

2019-06-25 13:43:49 - [TEST_STEP][PASSED] - click(findTestObject("APOLLO- Desktop/Home page/Footer/Shop")): Object: 'Object Repository/APOLLO- Desktop/Home page/Footer/Shop' is clicked on

2019-06-25 13:43:51 - [MESSAGE][PASSED] - Object: 'Object Repository/APOLLO- Desktop/Home page/Footer/Shop' is clicked on

2019-06-25 13:43:51 - [TEST_STEP][PASSED] - delay(2): Delayed 2 second(s)

2019-06-25 13:43:53 - [MESSAGE][PASSED] - Delayed 2 second(s)

2019-06-25 13:43:53 - [TEST_STEP][NOT_RUN] - executeJavaScript("var previewBar = document.getElementById("preview-bar-iframe"); previewBar.style.display = "none";", []): NOT_RUN: executeJavaScript("var previewBar = document.getElementById("preview-bar-iframe"); previewBar.style.display = "none";", [])

2019-06-25 13:43:53 - [MESSAGE][NOT_RUN] - NOT_RUN: executeJavaScript("var previewBar = document.getElementById("preview-bar-iframe"); previewBar.style.display = "none";", [])

2019-06-25 13:43:53 - [TEST_STEP][PASSED] - delay(2): Delayed 2 second(s)

2019-06-25 13:43:55 - [MESSAGE][PASSED] - Delayed 2 second(s)

2019-06-25 13:43:55 - [TEST_STEP][PASSED] - click(findTestObject("APOLLO- Desktop/Home page/Footer/About")): Object: 'Object Repository/APOLLO- Desktop/Home page/Footer/About' is clicked on

2019-06-25 13:43:57 - [MESSAGE][PASSED] - Object: 'Object Repository/APOLLO- Desktop/Home page/Footer/About' is clicked on

2019-06-25 13:43:57 - [TEST_STEP][PASSED] - delay(2): Delayed 2 second(s)

2019-06-25 13:43:59 - [MESSAGE][PASSED] - Delayed 2 second(s)

2019-06-25 13:43:59 - [TEST_STEP][NOT_RUN] - executeJavaScript("var previewBar = document.getElementById("preview-bar-iframe"); previewBar.style.display = "none";", []): NOT_RUN: executeJavaScript("var previewBar = document.getElementById("preview-bar-iframe"); previewBar.style.display = "none";", [])

2019-06-25 13:43:59 - [MESSAGE][NOT_RUN] - NOT_RUN: executeJavaScript("var previewBar = document.getElementById("preview-bar-iframe"); previewBar.style.display = "none";", [])

2019-06-25 13:43:59 - [TEST_STEP][PASSED] - delay(2): Delayed 2 second(s)

2019-06-25 13:44:01 - [MESSAGE][PASSED] - Delayed 2 second(s)

2019-06-25 13:44:01 - [TEST_STEP][PASSED] - click(findTestObject("APOLLO- Desktop/Home page/Footer/Blog")): Object: 'Object Repository/APOLLO- Desktop/Home page/Footer/Blog' is clicked on

2019-06-25 13:44:01 - [MESSAGE][PASSED] - Object: 'Object Repository/APOLLO- Desktop/Home page/Footer/Blog' is clicked on

2019-06-25 13:44:01 - [TEST_STEP][PASSED] - delay(2): Delayed 2 second(s)

2019-06-25 13:44:03 - [MESSAGE][PASSED] - Delayed 2 second(s)

2019-06-25 13:44:03 - [TEST_STEP][NOT_RUN] - executeJavaScript("var previewBar = document.getElementById("preview-bar-iframe"); previewBar.style.display = "none";", []): NOT_RUN: executeJavaScript("var previewBar = document.getElementById("preview-bar-iframe"); previewBar.style.display = "none";", [])

2019-06-25 13:44:03 - [MESSAGE][NOT_RUN] - NOT_RUN: executeJavaScript("var previewBar = document.getElementById("preview-bar-iframe"); previewBar.style.display = "none";", [])

2019-06-25 13:44:03 - [TEST_STEP][PASSED] - delay(2): Delayed 2 second(s)

2019-06-25 13:44:05 - [MESSAGE][PASSED] - Delayed 2 second(s)

2019-06-25 13:44:05 - [TEST_STEP][PASSED] - click(findTestObject("APOLLO- Desktop/Home page/Footer/Support")): Object: 'Object Repository/APOLLO- Desktop/Home page/Footer/Support' is clicked on

2019-06-25 13:44:07 - [MESSAGE][PASSED] - Object: 'Object Repository/APOLLO- Desktop/Home page/Footer/Support' is clicked on

2019-06-25 13:44:07 - [TEST_STEP][PASSED] - delay(2): Delayed 2 second(s)

2019-06-25 13:44:09 - [MESSAGE][PASSED] - Delayed 2 second(s)

2019-06-25 13:44:09 - [TEST_STEP][NOT_RUN] - executeJavaScript("var previewBar = document.getElementById("preview-bar-iframe"); previewBar.style.display = "none";", []): NOT_RUN: executeJavaScript("var previewBar = document.getElementById("preview-bar-iframe"); previewBar.style.display = "none";", [])

2019-06-25 13:44:09 - [MESSAGE][NOT_RUN] - NOT_RUN: executeJavaScript("var previewBar = document.getElementById("preview-bar-iframe"); previewBar.style.display = "none";", [])

2019-06-25 13:44:09 - [TEST_STEP][PASSED] - delay(2): Delayed 2 second(s)

2019-06-25 13:44:11 - [MESSAGE][PASSED] - Delayed 2 second(s)

2019-06-25 13:44:11 - [TEST_STEP][PASSED] - click(findTestObject("APOLLO- Desktop/Home page/Footer/a_Contact")): Object: 'Object Repository/APOLLO- Desktop/Home page/Footer/a_Contact' is clicked on

2019-06-25 13:44:11 - [MESSAGE][PASSED] - Object: 'Object Repository/APOLLO- Desktop/Home page/Footer/a_Contact' is clicked on

2019-06-25 13:44:11 - [TEST_STEP][PASSED] - delay(2): Delayed 2 second(s)

2019-06-25 13:44:13 - [MESSAGE][PASSED] - Delayed 2 second(s)

2019-06-25 13:44:13 - [TEST_STEP][NOT_RUN] - executeJavaScript("var previewBar = document.getElementById("preview-bar-iframe"); previewBar.style.display = "none";", []): NOT_RUN: executeJavaScript("var previewBar = document.getElementById("preview-bar-iframe"); previewBar.style.display = "none";", [])

2019-06-25 13:44:13 - [MESSAGE][NOT_RUN] - NOT_RUN: executeJavaScript("var previewBar = document.getElementById("preview-bar-iframe"); previewBar.style.display = "none";", [])

2019-06-25 13:44:13 - [TEST_STEP][PASSED] - delay(2): Delayed 2 second(s)

2019-06-25 13:44:15 - [MESSAGE][PASSED] - Delayed 2 second(s)

2019-06-25 13:44:15 - [TEST_STEP][PASSED] - click(findTestObject("APOLLO- Desktop/Home page/Footer/a_Men")): Object: 'Object Repository/APOLLO- Desktop/Home page/Footer/a_Men' is clicked on

2019-06-25 13:44:15 - [MESSAGE][PASSED] - Object: 'Object Repository/APOLLO- Desktop/Home page/Footer/a_Men' is clicked on

2019-06-25 13:44:15 - [TEST_STEP][PASSED] - delay(2): Delayed 2 second(s)

2019-06-25 13:44:17 - [MESSAGE][PASSED] - Delayed 2 second(s)

2019-06-25 13:44:17 - [TEST_STEP][NOT_RUN] - executeJavaScript("var previewBar = document.getElementById("preview-bar-iframe"); previewBar.style.display = "none";", []): NOT_RUN: executeJavaScript("var previewBar = document.getElementById("preview-bar-iframe"); previewBar.style.display = "none";", [])

2019-06-25 13:44:17 - [MESSAGE][NOT_RUN] - NOT_RUN: executeJavaScript("var previewBar = document.getElementById("preview-bar-iframe"); previewBar.style.display = "none";", [])

2019-06-25 13:44:17 - [TEST_STEP][PASSED] - delay(2): Delayed 2 second(s)

2019-06-25 13:44:19 - [MESSAGE][PASSED] - Delayed 2 second(s)

2019-06-25 13:44:19 - [TEST_STEP][PASSED] - click(findTestObject("APOLLO- Desktop/Home page/Footer/a_Women")): Object: 'Object Repository/APOLLO- Desktop/Home page/Footer/a_Women' is clicked on

2019-06-25 13:44:20 - [MESSAGE][PASSED] - Object: 'Object Repository/APOLLO- Desktop/Home page/Footer/a_Women' is clicked on

2019-06-25 13:44:20 - [TEST_STEP][PASSED] - delay(2): Delayed 2 second(s)

2019-06-25 13:44:22 - [MESSAGE][PASSED] - Delayed 2 second(s)

2019-06-25 13:44:22 - [TEST_STEP][NOT_RUN] - executeJavaScript("var previewBar = document.getElementById("preview-bar-iframe"); previewBar.style.display = "none";", []): NOT_RUN: executeJavaScript("var previewBar = document.getElementById("preview-bar-iframe"); previewBar.style.display = "none";", [])

2019-06-25 13:44:22 - [MESSAGE][NOT_RUN] - NOT_RUN: executeJavaScript("var previewBar = document.getElementById("preview-bar-iframe"); previewBar.style.display = "none";", [])

2019-06-25 13:44:22 - [TEST_STEP][PASSED] - delay(2): Delayed 2 second(s)

2019-06-25 13:44:24 - [MESSAGE][PASSED] - Delayed 2 second(s)

2019-06-25 13:44:24 - [TEST_STEP][PASSED] - click(findTestObject("APOLLO- Desktop/Home page/Footer/a_Kids")): Object: 'Object Repository/APOLLO- Desktop/Home page/Footer/a_Kids' is clicked on

2019-06-25 13:44:26 - [MESSAGE][PASSED] - Object: 'Object Repository/APOLLO- Desktop/Home page/Footer/a_Kids' is clicked on

2019-06-25 13:44:26 - [TEST_STEP][PASSED] - delay(2): Delayed 2 second(s)

2019-06-25 13:44:28 - [MESSAGE][PASSED] - Delayed 2 second(s)

2019-06-25 13:44:28 - [TEST_STEP][NOT_RUN] - executeJavaScript("var previewBar = document.getElementById("preview-bar-iframe"); previewBar.style.display = "none";", []): NOT_RUN: executeJavaScript("var previewBar = document.getElementById("preview-bar-iframe"); previewBar.style.display = "none";", [])

2019-06-25 13:44:28 - [MESSAGE][NOT_RUN] - NOT_RUN: executeJavaScript("var previewBar = document.getElementById("preview-bar-iframe"); previewBar.style.display = "none";", [])

2019-06-25 13:44:28 - [TEST_STEP][PASSED] - delay(2): Delayed 2 second(s)

2019-06-25 13:44:30 - [MESSAGE][PASSED] - Delayed 2 second(s)

2019-06-25 13:44:30 - [TEST_STEP][PASSED] - click(findTestObject("APOLLO- Desktop/Home page/Footer/a_Collections")): Object: 'Object Repository/APOLLO- Desktop/Home page/Footer/a_Collections' is clicked on

2019-06-25 13:44:33 - [MESSAGE][PASSED] - Object: 'Object Repository/APOLLO- Desktop/Home page/Footer/a_Collections' is clicked on

2019-06-25 13:44:33 - [TEST_STEP][PASSED] - delay(2): Delayed 2 second(s)

2019-06-25 13:44:35 - [MESSAGE][PASSED] - Delayed 2 second(s)

2019-06-25 13:44:35 - [TEST_STEP][NOT_RUN] - executeJavaScript("var previewBar = document.getElementById("preview-bar-iframe"); previewBar.style.display = "none";", []): NOT_RUN: executeJavaScript("var previewBar = document.getElementById("preview-bar-iframe"); previewBar.style.display = "none";", [])

2019-06-25 13:44:35 - [MESSAGE][NOT_RUN] - NOT_RUN: executeJavaScript("var previewBar = document.getElementById("preview-bar-iframe"); previewBar.style.display = "none";", [])

2019-06-25 13:44:35 - [TEST_STEP][PASSED] - delay(2): Delayed 2 second(s)

2019-06-25 13:44:37 - [MESSAGE][PASSED] - Delayed 2 second(s)

2019-06-25 13:44:37 - [TEST_STEP][PASSED] - click(findTestObject("APOLLO- Desktop/Home page/Footer/a_About")): Object: 'Object Repository/APOLLO- Desktop/Home page/Footer/a_About' is clicked on

2019-06-25 13:44:40 - [MESSAGE][PASSED] - Object: 'Object Repository/APOLLO- Desktop/Home page/Footer/a_About' is clicked on

2019-06-25 13:44:40 - [TEST_STEP][PASSED] - delay(2): Delayed 2 second(s)

2019-06-25 13:44:42 - [MESSAGE][PASSED] - Delayed 2 second(s)

2019-06-25 13:44:42 - [TEST_STEP][NOT_RUN] - executeJavaScript("var previewBar = document.getElementById("preview-bar-iframe"); previewBar.style.display = "none";", []): NOT_RUN: executeJavaScript("var previewBar = document.getElementById("preview-bar-iframe"); previewBar.style.display = "none";", [])

2019-06-25 13:44:42 - [MESSAGE][NOT_RUN] - NOT_RUN: executeJavaScript("var previewBar = document.getElementById("preview-bar-iframe"); previewBar.style.display = "none";", [])

2019-06-25 13:44:42 - [TEST_STEP][PASSED] - delay(2): Delayed 2 second(s)

2019-06-25 13:44:44 - [MESSAGE][PASSED] - Delayed 2 second(s)

2019-06-25 13:44:44 - [TEST_STEP][PASSED] - click(findTestObject("APOLLO- Desktop/Home page/Footer/a_Blog")): Object: 'Object Repository/APOLLO- Desktop/Home page/Footer/a_Blog' is clicked on

2019-06-25 13:44:44 - [MESSAGE][PASSED] - Object: 'Object Repository/APOLLO- Desktop/Home page/Footer/a_Blog' is clicked on

2019-06-25 13:44:44 - [TEST_STEP][PASSED] - delay(2): Delayed 2 second(s)

2019-06-25 13:44:46 - [MESSAGE][PASSED] - Delayed 2 second(s)

2019-06-25 13:44:46 - [TEST_STEP][NOT_RUN] - executeJavaScript("var previewBar = document.getElementById("preview-bar-iframe"); previewBar.style.display = "none";", []): NOT_RUN: executeJavaScript("var previewBar = document.getElementById("preview-bar-iframe"); previewBar.style.display = "none";", [])

2019-06-25 13:44:46 - [MESSAGE][NOT_RUN] - NOT_RUN: executeJavaScript("var previewBar = document.getElementById("preview-bar-iframe"); previewBar.style.display = "none";", [])

2019-06-25 13:44:46 - [TEST_STEP][PASSED] - delay(2): Delayed 2 second(s)

2019-06-25 13:44:48 - [MESSAGE][PASSED] - Delayed 2 second(s)

2019-06-25 13:44:48 - [TEST_STEP][PASSED] - click(findTestObject("APOLLO- Desktop/Home page/Footer/Support")): Object: 'Object Repository/APOLLO- Desktop/Home page/Footer/Support' is clicked on

2019-06-25 13:44:49 - [MESSAGE][PASSED] - Object: 'Object Repository/APOLLO- Desktop/Home page/Footer/Support' is clicked on

2019-06-25 13:44:49 - [TEST_STEP][PASSED] - delay(2): Delayed 2 second(s)

2019-06-25 13:44:51 - [MESSAGE][PASSED] - Delayed 2 second(s)

2019-06-25 13:44:51 - [TEST_STEP][NOT_RUN] - executeJavaScript("var previewBar = document.getElementById("preview-bar-iframe"); previewBar.style.display = "none";", []): NOT_RUN: executeJavaScript("var previewBar = document.getElementById("preview-bar-iframe"); previewBar.style.display = "none";", [])

2019-06-25 13:44:51 - [MESSAGE][NOT_RUN] - NOT_RUN: executeJavaScript("var previewBar = document.getElementById("preview-bar-iframe"); previewBar.style.display = "none";", [])

2019-06-25 13:44:51 - [TEST_STEP][PASSED] - delay(2): Delayed 2 second(s)

2019-06-25 13:44:53 - [MESSAGE][PASSED] - Delayed 2 second(s)

2019-06-25 13:44:53 - [TEST_STEP][PASSED] - click(findTestObject("APOLLO- Desktop/Home page/Footer/a_Contact Us")): Object: 'Object Repository/APOLLO- Desktop/Home page/Footer/a_Contact Us' is clicked on

2019-06-25 13:44:54 - [MESSAGE][PASSED] - Object: 'Object Repository/APOLLO- Desktop/Home page/Footer/a_Contact Us' is clicked on]]></system-out>
         <system-err><![CDATA[]]></system-err>
      </testcase>
      <testcase name="Test Cases/HOME PAGE/Cart flyout opening" classname="Test Cases/HOME PAGE/Cart flyout opening" status="PASSED">
         <system-out><![CDATA[2019-06-25 13:44:54 - [TEST_CASE][PASSED] - Test Cases/HOME PAGE/Cart flyout opening: Test Cases/HOME PAGE/Cart flyout opening

2019-06-25 13:44:54 - [TEST_STEP][PASSED] - callTestCase(findTestCase("CALL - URL"), [:], STOP_ON_FAILURE): Call Test Case 'Test Cases/CALL - URL' successfully

2019-06-25 13:44:54 - [TEST_CASE][PASSED] - Test Cases/CALL - URL: Test Cases/CALL - URL

2019-06-25 13:44:54 - [TEST_STEP][PASSED] - openBrowser(""): Browser is opened with url: ''

2019-06-25 13:44:54 - [MESSAGE][WARNING] - A browser is already opened. Closing browser and opening a new one

2019-06-25 13:44:55 - [MESSAGE][INFO] - Starting 'Firefox' driver

2019-06-25 13:44:57 - [MESSAGE][PASSED] - Browser is opened with url: ''

2019-06-25 13:44:57 - [TEST_STEP][PASSED] - navigateToUrl("https://diff-apollo.myshopify.com/?key=eec34184cfd8f82cda816f82753a8c8e9e240f30cf54470e19667b8cbb401948&preview_theme_id="): Navigate to 'https://diff-apollo.myshopify.com/?key=eec34184cfd8f82cda816f82753a8c8e9e240f30cf54470e19667b8cbb401948&preview_theme_id=' successfully

2019-06-25 13:45:03 - [MESSAGE][PASSED] - Navigate to 'https://diff-apollo.myshopify.com/?key=eec34184cfd8f82cda816f82753a8c8e9e240f30cf54470e19667b8cbb401948&preview_theme_id=' successfully

2019-06-25 13:45:03 - [TEST_STEP][NOT_RUN] - executeJavaScript("var previewBar = document.getElementById("preview-bar-iframe"); previewBar.style.display = "none";", []): NOT_RUN: executeJavaScript("var previewBar = document.getElementById("preview-bar-iframe"); previewBar.style.display = "none";", [])

2019-06-25 13:45:03 - [MESSAGE][NOT_RUN] - NOT_RUN: executeJavaScript("var previewBar = document.getElementById("preview-bar-iframe"); previewBar.style.display = "none";", [])

2019-06-25 13:45:03 - [MESSAGE][PASSED] - Call Test Case 'Test Cases/CALL - URL' successfully

2019-06-25 13:45:03 - [TEST_STEP][PASSED] - delay(2): Delayed 2 second(s)

2019-06-25 13:45:05 - [MESSAGE][PASSED] - Delayed 2 second(s)

2019-06-25 13:45:05 - [TEST_STEP][PASSED] - click(findTestObject("APOLLO- Desktop/Home page/cart icon open")): Object: 'Object Repository/APOLLO- Desktop/Home page/cart icon open' is clicked on

2019-06-25 13:45:05 - [MESSAGE][PASSED] - Object: 'Object Repository/APOLLO- Desktop/Home page/cart icon open' is clicked on

2019-06-25 13:45:05 - [TEST_STEP][PASSED] - flag = verifyTextPresent("Your bag", false): Text 'Your bag' is present on page 

2019-06-25 13:45:08 - [MESSAGE][PASSED] - Text 'Your bag' is present on page 

2019-06-25 13:45:08 - [TEST_STEP][PASSED] - delay(2): Delayed 2 second(s)

2019-06-25 13:45:10 - [MESSAGE][PASSED] - Delayed 2 second(s)

2019-06-25 13:45:10 - [TEST_STEP][PASSED] - comment("flag=" + flag): flag=true

2019-06-25 13:45:10 - [MESSAGE][INFO] - flag=true

2019-06-25 13:45:10 - [TEST_STEP][PASSED] - if (flag == true): Delayed 2 second(s)

2019-06-25 13:45:10 - [TEST_STEP][PASSED] - comment(" cart flyout opened"):  cart flyout opened

2019-06-25 13:45:10 - [MESSAGE][INFO] -  cart flyout opened

2019-06-25 13:45:10 - [TEST_STEP][PASSED] - delay(2): Delayed 2 second(s)

2019-06-25 13:45:12 - [MESSAGE][PASSED] - Delayed 2 second(s)

2019-06-25 13:45:12 - [TEST_STEP][PASSED] - click(findTestObject("APOLLO- Desktop/Cart flyout/Cart collapse")): Object: 'Object Repository/APOLLO- Desktop/Cart flyout/Cart collapse' is clicked on

2019-06-25 13:45:12 - [MESSAGE][PASSED] - Object: 'Object Repository/APOLLO- Desktop/Cart flyout/Cart collapse' is clicked on

2019-06-25 13:45:12 - [TEST_STEP][PASSED] - delay(2): Delayed 2 second(s)

2019-06-25 13:45:14 - [MESSAGE][PASSED] - Delayed 2 second(s)

2019-06-25 13:45:14 - [TEST_STEP][PASSED] - flag1 = verifyTextNotPresent("Your bag", false): Text 'Your bag' is not present on page

2019-06-25 13:45:15 - [MESSAGE][PASSED] - Text 'Your bag' is not present on page

2019-06-25 13:45:15 - [TEST_STEP][PASSED] - comment("flag1=" + flag1): flag1=true

2019-06-25 13:45:15 - [MESSAGE][INFO] - flag1=true

2019-06-25 13:45:15 - [TEST_STEP][PASSED] - if (flag1 == true):  cart flyout closed

2019-06-25 13:45:15 - [TEST_STEP][PASSED] - comment(" cart flyout closed"):  cart flyout closed

2019-06-25 13:45:15 - [MESSAGE][INFO] -  cart flyout closed]]></system-out>
         <system-err><![CDATA[]]></system-err>
      </testcase>
      <testcase name="Test Cases/HOME PAGE/Popular products" classname="Test Cases/HOME PAGE/Popular products" status="PASSED">
         <system-out><![CDATA[2019-06-25 13:45:15 - [TEST_CASE][PASSED] - Test Cases/HOME PAGE/Popular products: Test Cases/HOME PAGE/Popular products

2019-06-25 13:45:15 - [TEST_STEP][PASSED] - callTestCase(findTestCase("CALL - URL"), [:], STOP_ON_FAILURE): Call Test Case 'Test Cases/CALL - URL' successfully

2019-06-25 13:45:15 - [TEST_CASE][PASSED] - Test Cases/CALL - URL: Test Cases/CALL - URL

2019-06-25 13:45:15 - [TEST_STEP][PASSED] - openBrowser(""): Browser is opened with url: ''

2019-06-25 13:45:15 - [MESSAGE][WARNING] - A browser is already opened. Closing browser and opening a new one

2019-06-25 13:45:16 - [MESSAGE][INFO] - Starting 'Firefox' driver

2019-06-25 13:45:18 - [MESSAGE][PASSED] - Browser is opened with url: ''

2019-06-25 13:45:18 - [TEST_STEP][PASSED] - navigateToUrl("https://diff-apollo.myshopify.com/?key=eec34184cfd8f82cda816f82753a8c8e9e240f30cf54470e19667b8cbb401948&preview_theme_id="): Navigate to 'https://diff-apollo.myshopify.com/?key=eec34184cfd8f82cda816f82753a8c8e9e240f30cf54470e19667b8cbb401948&preview_theme_id=' successfully

2019-06-25 13:45:23 - [MESSAGE][PASSED] - Navigate to 'https://diff-apollo.myshopify.com/?key=eec34184cfd8f82cda816f82753a8c8e9e240f30cf54470e19667b8cbb401948&preview_theme_id=' successfully

2019-06-25 13:45:23 - [TEST_STEP][NOT_RUN] - executeJavaScript("var previewBar = document.getElementById("preview-bar-iframe"); previewBar.style.display = "none";", []): NOT_RUN: executeJavaScript("var previewBar = document.getElementById("preview-bar-iframe"); previewBar.style.display = "none";", [])

2019-06-25 13:45:23 - [MESSAGE][NOT_RUN] - NOT_RUN: executeJavaScript("var previewBar = document.getElementById("preview-bar-iframe"); previewBar.style.display = "none";", [])

2019-06-25 13:45:23 - [MESSAGE][PASSED] - Call Test Case 'Test Cases/CALL - URL' successfully

2019-06-25 13:45:23 - [TEST_STEP][PASSED] - delay(2): Delayed 2 second(s)

2019-06-25 13:45:25 - [MESSAGE][PASSED] - Delayed 2 second(s)

2019-06-25 13:45:25 - [TEST_STEP][PASSED] - scrollToElement(findTestObject("APOLLO- Desktop/Home page/Popular products/Popular products tile"), 0): Scroll to object 'Object Repository/APOLLO- Desktop/Home page/Popular products/Popular products tile' successfully

2019-06-25 13:45:25 - [MESSAGE][WARNING] - Timeout '0' is invalid. Using default page load timeout: '30'

2019-06-25 13:45:25 - [MESSAGE][PASSED] - Scroll to object 'Object Repository/APOLLO- Desktop/Home page/Popular products/Popular products tile' successfully

2019-06-25 13:45:25 - [TEST_STEP][PASSED] - delay(2): Delayed 2 second(s)

2019-06-25 13:45:27 - [MESSAGE][PASSED] - Delayed 2 second(s)

2019-06-25 13:45:27 - [TEST_STEP][PASSED] - click(findTestObject("APOLLO- Desktop/Home page/Popular products/Popular products tile - women slider")): Object: 'Object Repository/APOLLO- Desktop/Home page/Popular products/Popular products tile - women slider' is clicked on

2019-06-25 13:45:28 - [MESSAGE][PASSED] - Object: 'Object Repository/APOLLO- Desktop/Home page/Popular products/Popular products tile - women slider' is clicked on

2019-06-25 13:45:28 - [TEST_STEP][PASSED] - delay(2): Delayed 2 second(s)

2019-06-25 13:45:30 - [MESSAGE][PASSED] - Delayed 2 second(s)

2019-06-25 13:45:30 - [TEST_STEP][PASSED] - click(findTestObject("APOLLO- Desktop/Home page/Popular products/first product- women")): Object: 'Object Repository/APOLLO- Desktop/Home page/Popular products/first product- women' is clicked on

2019-06-25 13:45:35 - [MESSAGE][PASSED] - Object: 'Object Repository/APOLLO- Desktop/Home page/Popular products/first product- women' is clicked on

2019-06-25 13:45:35 - [TEST_STEP][PASSED] - delay(2): Delayed 2 second(s)

2019-06-25 13:45:37 - [MESSAGE][PASSED] - Delayed 2 second(s)

2019-06-25 13:45:37 - [TEST_STEP][PASSED] - click(findTestObject("APOLLO- Desktop/Home page/Hero banner - CTA/Apollo icon")): Object: 'Object Repository/APOLLO- Desktop/Home page/Hero banner - CTA/Apollo icon' is clicked on

2019-06-25 13:45:38 - [MESSAGE][PASSED] - Object: 'Object Repository/APOLLO- Desktop/Home page/Hero banner - CTA/Apollo icon' is clicked on

2019-06-25 13:45:38 - [TEST_STEP][PASSED] - delay(2): Delayed 2 second(s)

2019-06-25 13:45:40 - [MESSAGE][PASSED] - Delayed 2 second(s)

2019-06-25 13:45:40 - [TEST_STEP][PASSED] - scrollToElement(findTestObject("APOLLO- Desktop/Home page/Popular products/Popular products tile"), 0): Scroll to object 'Object Repository/APOLLO- Desktop/Home page/Popular products/Popular products tile' successfully

2019-06-25 13:45:40 - [MESSAGE][WARNING] - Timeout '0' is invalid. Using default page load timeout: '30'

2019-06-25 13:45:40 - [MESSAGE][PASSED] - Scroll to object 'Object Repository/APOLLO- Desktop/Home page/Popular products/Popular products tile' successfully

2019-06-25 13:45:40 - [TEST_STEP][PASSED] - delay(2): Delayed 2 second(s)

2019-06-25 13:45:42 - [MESSAGE][PASSED] - Delayed 2 second(s)

2019-06-25 13:45:42 - [TEST_STEP][PASSED] - click(findTestObject("APOLLO- Desktop/Home page/Popular products/Popular products tile - kids slider")): Object: 'Object Repository/APOLLO- Desktop/Home page/Popular products/Popular products tile - kids slider' is clicked on

2019-06-25 13:45:42 - [MESSAGE][PASSED] - Object: 'Object Repository/APOLLO- Desktop/Home page/Popular products/Popular products tile - kids slider' is clicked on

2019-06-25 13:45:42 - [TEST_STEP][PASSED] - delay(2): Delayed 2 second(s)

2019-06-25 13:45:44 - [MESSAGE][PASSED] - Delayed 2 second(s)

2019-06-25 13:45:44 - [TEST_STEP][PASSED] - click(findTestObject("APOLLO- Desktop/Home page/Popular products/first product- kids")): Object: 'Object Repository/APOLLO- Desktop/Home page/Popular products/first product- kids' is clicked on

2019-06-25 13:45:46 - [MESSAGE][PASSED] - Object: 'Object Repository/APOLLO- Desktop/Home page/Popular products/first product- kids' is clicked on

2019-06-25 13:45:46 - [TEST_STEP][PASSED] - delay(2): Delayed 2 second(s)

2019-06-25 13:45:48 - [MESSAGE][PASSED] - Delayed 2 second(s)

2019-06-25 13:45:48 - [TEST_STEP][PASSED] - click(findTestObject("APOLLO- Desktop/Home page/Hero banner - CTA/Apollo icon")): Object: 'Object Repository/APOLLO- Desktop/Home page/Hero banner - CTA/Apollo icon' is clicked on

2019-06-25 13:45:50 - [MESSAGE][PASSED] - Object: 'Object Repository/APOLLO- Desktop/Home page/Hero banner - CTA/Apollo icon' is clicked on

2019-06-25 13:45:50 - [TEST_STEP][PASSED] - delay(2): Delayed 2 second(s)

2019-06-25 13:45:52 - [MESSAGE][PASSED] - Delayed 2 second(s)

2019-06-25 13:45:52 - [TEST_STEP][NOT_RUN] - executeJavaScript("var previewBar = document.getElementById("preview-bar-iframe"); previewBar.style.display = "none";", []): NOT_RUN: executeJavaScript("var previewBar = document.getElementById("preview-bar-iframe"); previewBar.style.display = "none";", [])

2019-06-25 13:45:52 - [MESSAGE][NOT_RUN] - NOT_RUN: executeJavaScript("var previewBar = document.getElementById("preview-bar-iframe"); previewBar.style.display = "none";", [])

2019-06-25 13:45:52 - [TEST_STEP][PASSED] - click(findTestObject("APOLLO- Desktop/Home page/Popular products/Popular products tile - men slider")): Object: 'Object Repository/APOLLO- Desktop/Home page/Popular products/Popular products tile - men slider' is clicked on

2019-06-25 13:45:52 - [MESSAGE][PASSED] - Object: 'Object Repository/APOLLO- Desktop/Home page/Popular products/Popular products tile - men slider' is clicked on

2019-06-25 13:45:52 - [TEST_STEP][PASSED] - delay(2): Delayed 2 second(s)

2019-06-25 13:45:54 - [MESSAGE][PASSED] - Delayed 2 second(s)

2019-06-25 13:45:54 - [TEST_STEP][PASSED] - click(findTestObject("APOLLO- Desktop/Home page/Popular products/first product- men")): Object: 'Object Repository/APOLLO- Desktop/Home page/Popular products/first product- men' is clicked on

2019-06-25 13:45:58 - [MESSAGE][PASSED] - Object: 'Object Repository/APOLLO- Desktop/Home page/Popular products/first product- men' is clicked on

2019-06-25 13:45:58 - [TEST_STEP][PASSED] - delay(2): Delayed 2 second(s)

2019-06-25 13:46:00 - [MESSAGE][PASSED] - Delayed 2 second(s)

2019-06-25 13:46:00 - [TEST_STEP][PASSED] - click(findTestObject("APOLLO- Desktop/Home page/Hero banner - CTA/Apollo icon")): Object: 'Object Repository/APOLLO- Desktop/Home page/Hero banner - CTA/Apollo icon' is clicked on

2019-06-25 13:46:01 - [MESSAGE][PASSED] - Object: 'Object Repository/APOLLO- Desktop/Home page/Hero banner - CTA/Apollo icon' is clicked on

2019-06-25 13:46:01 - [TEST_STEP][PASSED] - delay(2): Delayed 2 second(s)

2019-06-25 13:46:03 - [MESSAGE][PASSED] - Delayed 2 second(s)

2019-06-25 13:46:03 - [TEST_STEP][NOT_RUN] - executeJavaScript("var previewBar = document.getElementById("preview-bar-iframe"); previewBar.style.display = "none";", []): NOT_RUN: executeJavaScript("var previewBar = document.getElementById("preview-bar-iframe"); previewBar.style.display = "none";", [])

2019-06-25 13:46:03 - [MESSAGE][NOT_RUN] - NOT_RUN: executeJavaScript("var previewBar = document.getElementById("preview-bar-iframe"); previewBar.style.display = "none";", [])

2019-06-25 13:46:03 - [TEST_STEP][PASSED] - scrollToElement(findTestObject("APOLLO- Desktop/Home page/Popular products/Popular products tile"), 0): Scroll to object 'Object Repository/APOLLO- Desktop/Home page/Popular products/Popular products tile' successfully

2019-06-25 13:46:03 - [MESSAGE][WARNING] - Timeout '0' is invalid. Using default page load timeout: '30'

2019-06-25 13:46:03 - [MESSAGE][PASSED] - Scroll to object 'Object Repository/APOLLO- Desktop/Home page/Popular products/Popular products tile' successfully

2019-06-25 13:46:03 - [TEST_STEP][PASSED] - delay(2): Delayed 2 second(s)

2019-06-25 13:46:05 - [MESSAGE][PASSED] - Delayed 2 second(s)

2019-06-25 13:46:05 - [TEST_STEP][PASSED] - mouseOver(findTestObject("APOLLO- Desktop/Home page/Popular products/Previous button chevron")): Object: 'Object Repository/APOLLO- Desktop/Home page/Popular products/Previous button chevron' is hovered

2019-06-25 13:46:05 - [MESSAGE][PASSED] - Object: 'Object Repository/APOLLO- Desktop/Home page/Popular products/Previous button chevron' is hovered

2019-06-25 13:46:05 - [TEST_STEP][PASSED] - delay(2): Delayed 2 second(s)

2019-06-25 13:46:07 - [MESSAGE][PASSED] - Delayed 2 second(s)

2019-06-25 13:46:07 - [TEST_STEP][PASSED] - click(findTestObject("APOLLO- Desktop/Home page/Popular products/Previous button chevron")): Object: 'Object Repository/APOLLO- Desktop/Home page/Popular products/Previous button chevron' is clicked on

2019-06-25 13:46:07 - [MESSAGE][PASSED] - Object: 'Object Repository/APOLLO- Desktop/Home page/Popular products/Previous button chevron' is clicked on

2019-06-25 13:46:07 - [TEST_STEP][PASSED] - delay(2): Delayed 2 second(s)

2019-06-25 13:46:09 - [MESSAGE][PASSED] - Delayed 2 second(s)

2019-06-25 13:46:09 - [TEST_STEP][PASSED] - click(findTestObject("APOLLO- Desktop/Home page/Popular products/Previous button chevron")): Object: 'Object Repository/APOLLO- Desktop/Home page/Popular products/Previous button chevron' is clicked on

2019-06-25 13:46:10 - [MESSAGE][PASSED] - Object: 'Object Repository/APOLLO- Desktop/Home page/Popular products/Previous button chevron' is clicked on

2019-06-25 13:46:10 - [TEST_STEP][PASSED] - delay(2): Delayed 2 second(s)

2019-06-25 13:46:12 - [MESSAGE][PASSED] - Delayed 2 second(s)

2019-06-25 13:46:12 - [TEST_STEP][PASSED] - click(findTestObject("APOLLO- Desktop/Home page/Popular products/Next button chevron")): Object: 'Object Repository/APOLLO- Desktop/Home page/Popular products/Next button chevron' is clicked on

2019-06-25 13:46:12 - [MESSAGE][PASSED] - Object: 'Object Repository/APOLLO- Desktop/Home page/Popular products/Next button chevron' is clicked on]]></system-out>
         <system-err><![CDATA[]]></system-err>
      </testcase>
      <testcase name="Test Cases/HOME PAGE/Our latest blog posts" classname="Test Cases/HOME PAGE/Our latest blog posts" status="PASSED">
         <system-out><![CDATA[2019-06-25 13:46:12 - [TEST_CASE][PASSED] - Test Cases/HOME PAGE/Our latest blog posts: Test Cases/HOME PAGE/Our latest blog posts

2019-06-25 13:46:12 - [TEST_STEP][PASSED] - callTestCase(findTestCase("CALL - URL"), [:], STOP_ON_FAILURE): Call Test Case 'Test Cases/CALL - URL' successfully

2019-06-25 13:46:12 - [TEST_CASE][PASSED] - Test Cases/CALL - URL: Test Cases/CALL - URL

2019-06-25 13:46:12 - [TEST_STEP][PASSED] - openBrowser(""): Browser is opened with url: ''

2019-06-25 13:46:12 - [MESSAGE][WARNING] - A browser is already opened. Closing browser and opening a new one

2019-06-25 13:46:13 - [MESSAGE][INFO] - Starting 'Firefox' driver

2019-06-25 13:46:15 - [MESSAGE][PASSED] - Browser is opened with url: ''

2019-06-25 13:46:15 - [TEST_STEP][PASSED] - navigateToUrl("https://diff-apollo.myshopify.com/?key=eec34184cfd8f82cda816f82753a8c8e9e240f30cf54470e19667b8cbb401948&preview_theme_id="): Navigate to 'https://diff-apollo.myshopify.com/?key=eec34184cfd8f82cda816f82753a8c8e9e240f30cf54470e19667b8cbb401948&preview_theme_id=' successfully

2019-06-25 13:46:24 - [MESSAGE][PASSED] - Navigate to 'https://diff-apollo.myshopify.com/?key=eec34184cfd8f82cda816f82753a8c8e9e240f30cf54470e19667b8cbb401948&preview_theme_id=' successfully

2019-06-25 13:46:24 - [TEST_STEP][NOT_RUN] - executeJavaScript("var previewBar = document.getElementById("preview-bar-iframe"); previewBar.style.display = "none";", []): NOT_RUN: executeJavaScript("var previewBar = document.getElementById("preview-bar-iframe"); previewBar.style.display = "none";", [])

2019-06-25 13:46:24 - [MESSAGE][NOT_RUN] - NOT_RUN: executeJavaScript("var previewBar = document.getElementById("preview-bar-iframe"); previewBar.style.display = "none";", [])

2019-06-25 13:46:24 - [MESSAGE][PASSED] - Call Test Case 'Test Cases/CALL - URL' successfully

2019-06-25 13:46:24 - [TEST_STEP][PASSED] - delay(2): Delayed 2 second(s)

2019-06-25 13:46:26 - [MESSAGE][PASSED] - Delayed 2 second(s)

2019-06-25 13:46:26 - [TEST_STEP][PASSED] - scrollToElement(findTestObject("APOLLO- Desktop/Home page/Our latest blog posts/Our latest Blog posts"), 0): Scroll to object 'Object Repository/APOLLO- Desktop/Home page/Our latest blog posts/Our latest Blog posts' successfully

2019-06-25 13:46:26 - [MESSAGE][WARNING] - Timeout '0' is invalid. Using default page load timeout: '30'

2019-06-25 13:46:26 - [MESSAGE][PASSED] - Scroll to object 'Object Repository/APOLLO- Desktop/Home page/Our latest blog posts/Our latest Blog posts' successfully

2019-06-25 13:46:26 - [TEST_STEP][PASSED] - delay(2): Delayed 2 second(s)

2019-06-25 13:46:28 - [MESSAGE][PASSED] - Delayed 2 second(s)

2019-06-25 13:46:28 - [TEST_STEP][PASSED] - click(findTestObject("APOLLO- Desktop/Home page/Our latest blog posts/second slider")): Object: 'Object Repository/APOLLO- Desktop/Home page/Our latest blog posts/second slider' is clicked on

2019-06-25 13:46:28 - [MESSAGE][PASSED] - Object: 'Object Repository/APOLLO- Desktop/Home page/Our latest blog posts/second slider' is clicked on

2019-06-25 13:46:28 - [TEST_STEP][PASSED] - delay(2): Delayed 2 second(s)

2019-06-25 13:46:30 - [MESSAGE][PASSED] - Delayed 2 second(s)

2019-06-25 13:46:30 - [TEST_STEP][PASSED] - click(findTestObject("APOLLO- Desktop/Home page/Our latest blog posts/third slider")): Object: 'Object Repository/APOLLO- Desktop/Home page/Our latest blog posts/third slider' is clicked on

2019-06-25 13:46:30 - [MESSAGE][PASSED] - Object: 'Object Repository/APOLLO- Desktop/Home page/Our latest blog posts/third slider' is clicked on

2019-06-25 13:46:30 - [TEST_STEP][PASSED] - delay(2): Delayed 2 second(s)

2019-06-25 13:46:32 - [MESSAGE][PASSED] - Delayed 2 second(s)

2019-06-25 13:46:32 - [TEST_STEP][PASSED] - click(findTestObject("APOLLO- Desktop/Home page/Our latest blog posts/first slider")): Object: 'Object Repository/APOLLO- Desktop/Home page/Our latest blog posts/first slider' is clicked on

2019-06-25 13:46:32 - [MESSAGE][PASSED] - Object: 'Object Repository/APOLLO- Desktop/Home page/Our latest blog posts/first slider' is clicked on

2019-06-25 13:46:32 - [TEST_STEP][PASSED] - delay(2): Delayed 2 second(s)

2019-06-25 13:46:34 - [MESSAGE][PASSED] - Delayed 2 second(s)

2019-06-25 13:46:34 - [TEST_STEP][PASSED] - click(findTestObject("APOLLO- Desktop/Home page/Our latest blog posts/Visit Blog")): Object: 'Object Repository/APOLLO- Desktop/Home page/Our latest blog posts/Visit Blog' is clicked on

2019-06-25 13:46:35 - [MESSAGE][PASSED] - Object: 'Object Repository/APOLLO- Desktop/Home page/Our latest blog posts/Visit Blog' is clicked on

2019-06-25 13:46:35 - [TEST_STEP][PASSED] - delay(2): Delayed 2 second(s)

2019-06-25 13:46:37 - [MESSAGE][PASSED] - Delayed 2 second(s)

2019-06-25 13:46:37 - [TEST_STEP][PASSED] - click(findTestObject("APOLLO- Desktop/Home page/Hero banner - CTA/Apollo icon")): Object: 'Object Repository/APOLLO- Desktop/Home page/Hero banner - CTA/Apollo icon' is clicked on

2019-06-25 13:46:38 - [MESSAGE][PASSED] - Object: 'Object Repository/APOLLO- Desktop/Home page/Hero banner - CTA/Apollo icon' is clicked on

2019-06-25 13:46:38 - [TEST_STEP][PASSED] - delay(2): Delayed 2 second(s)

2019-06-25 13:46:40 - [MESSAGE][PASSED] - Delayed 2 second(s)

2019-06-25 13:46:40 - [TEST_STEP][PASSED] - scrollToElement(findTestObject("APOLLO- Desktop/Home page/Our latest blog posts/Our latest Blog posts"), 0): Scroll to object 'Object Repository/APOLLO- Desktop/Home page/Our latest blog posts/Our latest Blog posts' successfully

2019-06-25 13:46:40 - [MESSAGE][WARNING] - Timeout '0' is invalid. Using default page load timeout: '30'

2019-06-25 13:46:40 - [MESSAGE][PASSED] - Scroll to object 'Object Repository/APOLLO- Desktop/Home page/Our latest blog posts/Our latest Blog posts' successfully

2019-06-25 13:46:40 - [TEST_STEP][PASSED] - delay(2): Delayed 2 second(s)

2019-06-25 13:46:42 - [MESSAGE][PASSED] - Delayed 2 second(s)

2019-06-25 13:46:42 - [TEST_STEP][PASSED] - click(findTestObject("APOLLO- Desktop/Home page/Our latest blog posts/Read more link")): Object: 'Object Repository/APOLLO- Desktop/Home page/Our latest blog posts/Read more link' is clicked on

2019-06-25 13:46:43 - [MESSAGE][PASSED] - Object: 'Object Repository/APOLLO- Desktop/Home page/Our latest blog posts/Read more link' is clicked on

2019-06-25 13:46:43 - [TEST_STEP][PASSED] - delay(2): Delayed 2 second(s)

2019-06-25 13:46:45 - [MESSAGE][PASSED] - Delayed 2 second(s)

2019-06-25 13:46:45 - [TEST_STEP][PASSED] - click(findTestObject("APOLLO- Desktop/Home page/Hero banner - CTA/Apollo icon")): Object: 'Object Repository/APOLLO- Desktop/Home page/Hero banner - CTA/Apollo icon' is clicked on

2019-06-25 13:46:46 - [MESSAGE][PASSED] - Object: 'Object Repository/APOLLO- Desktop/Home page/Hero banner - CTA/Apollo icon' is clicked on

2019-06-25 13:46:46 - [TEST_STEP][PASSED] - delay(2): Delayed 2 second(s)

2019-06-25 13:46:48 - [MESSAGE][PASSED] - Delayed 2 second(s)

2019-06-25 13:46:48 - [TEST_STEP][PASSED] - scrollToElement(findTestObject("APOLLO- Desktop/Home page/Our latest blog posts/Our latest Blog posts"), 0): Scroll to object 'Object Repository/APOLLO- Desktop/Home page/Our latest blog posts/Our latest Blog posts' successfully

2019-06-25 13:46:48 - [MESSAGE][WARNING] - Timeout '0' is invalid. Using default page load timeout: '30'

2019-06-25 13:46:48 - [MESSAGE][PASSED] - Scroll to object 'Object Repository/APOLLO- Desktop/Home page/Our latest blog posts/Our latest Blog posts' successfully

2019-06-25 13:46:48 - [TEST_STEP][PASSED] - delay(2): Delayed 2 second(s)

2019-06-25 13:46:50 - [MESSAGE][PASSED] - Delayed 2 second(s)

2019-06-25 13:46:50 - [TEST_STEP][PASSED] - mouseOver(findTestObject("APOLLO- Desktop/Home page/Our latest blog posts/button_Next")): Object: 'Object Repository/APOLLO- Desktop/Home page/Our latest blog posts/button_Next' is hovered

2019-06-25 13:46:50 - [MESSAGE][PASSED] - Object: 'Object Repository/APOLLO- Desktop/Home page/Our latest blog posts/button_Next' is hovered

2019-06-25 13:46:50 - [TEST_STEP][PASSED] - delay(2): Delayed 2 second(s)

2019-06-25 13:46:52 - [MESSAGE][PASSED] - Delayed 2 second(s)

2019-06-25 13:46:52 - [TEST_STEP][PASSED] - click(findTestObject("APOLLO- Desktop/Home page/Our latest blog posts/button_Next")): Object: 'Object Repository/APOLLO- Desktop/Home page/Our latest blog posts/button_Next' is clicked on

2019-06-25 13:46:52 - [MESSAGE][PASSED] - Object: 'Object Repository/APOLLO- Desktop/Home page/Our latest blog posts/button_Next' is clicked on

2019-06-25 13:46:52 - [TEST_STEP][PASSED] - delay(2): Delayed 2 second(s)

2019-06-25 13:46:54 - [MESSAGE][PASSED] - Delayed 2 second(s)

2019-06-25 13:46:54 - [TEST_STEP][PASSED] - click(findTestObject("APOLLO- Desktop/Home page/Our latest blog posts/button_Previous")): Object: 'Object Repository/APOLLO- Desktop/Home page/Our latest blog posts/button_Previous' is clicked on

2019-06-25 13:46:55 - [MESSAGE][PASSED] - Object: 'Object Repository/APOLLO- Desktop/Home page/Our latest blog posts/button_Previous' is clicked on]]></system-out>
         <system-err><![CDATA[]]></system-err>
      </testcase>
      <testcase name="Test Cases/HOME PAGE/Follow us" classname="Test Cases/HOME PAGE/Follow us" status="PASSED">
         <system-out><![CDATA[2019-06-25 13:46:55 - [TEST_CASE][PASSED] - Test Cases/HOME PAGE/Follow us: Test Cases/HOME PAGE/Follow us

2019-06-25 13:46:55 - [TEST_STEP][PASSED] - callTestCase(findTestCase("CALL - URL"), [:], STOP_ON_FAILURE): Call Test Case 'Test Cases/CALL - URL' successfully

2019-06-25 13:46:55 - [TEST_CASE][PASSED] - Test Cases/CALL - URL: Test Cases/CALL - URL

2019-06-25 13:46:55 - [TEST_STEP][PASSED] - openBrowser(""): Browser is opened with url: ''

2019-06-25 13:46:55 - [MESSAGE][WARNING] - A browser is already opened. Closing browser and opening a new one

2019-06-25 13:46:56 - [MESSAGE][INFO] - Starting 'Firefox' driver

2019-06-25 13:46:58 - [MESSAGE][PASSED] - Browser is opened with url: ''

2019-06-25 13:46:58 - [TEST_STEP][PASSED] - navigateToUrl("https://diff-apollo.myshopify.com/?key=eec34184cfd8f82cda816f82753a8c8e9e240f30cf54470e19667b8cbb401948&preview_theme_id="): Navigate to 'https://diff-apollo.myshopify.com/?key=eec34184cfd8f82cda816f82753a8c8e9e240f30cf54470e19667b8cbb401948&preview_theme_id=' successfully

2019-06-25 13:47:04 - [MESSAGE][PASSED] - Navigate to 'https://diff-apollo.myshopify.com/?key=eec34184cfd8f82cda816f82753a8c8e9e240f30cf54470e19667b8cbb401948&preview_theme_id=' successfully

2019-06-25 13:47:04 - [TEST_STEP][NOT_RUN] - executeJavaScript("var previewBar = document.getElementById("preview-bar-iframe"); previewBar.style.display = "none";", []): NOT_RUN: executeJavaScript("var previewBar = document.getElementById("preview-bar-iframe"); previewBar.style.display = "none";", [])

2019-06-25 13:47:04 - [MESSAGE][NOT_RUN] - NOT_RUN: executeJavaScript("var previewBar = document.getElementById("preview-bar-iframe"); previewBar.style.display = "none";", [])

2019-06-25 13:47:04 - [MESSAGE][PASSED] - Call Test Case 'Test Cases/CALL - URL' successfully

2019-06-25 13:47:04 - [TEST_STEP][PASSED] - delay(2): Delayed 2 second(s)

2019-06-25 13:47:06 - [MESSAGE][PASSED] - Delayed 2 second(s)

2019-06-25 13:47:06 - [TEST_STEP][PASSED] - scrollToElement(findTestObject("APOLLO- Desktop/Home page/Follow us/apollodarktheme"), 0): Scroll to object 'Object Repository/APOLLO- Desktop/Home page/Follow us/apollodarktheme' successfully

2019-06-25 13:47:06 - [MESSAGE][WARNING] - Timeout '0' is invalid. Using default page load timeout: '30'

2019-06-25 13:47:06 - [MESSAGE][PASSED] - Scroll to object 'Object Repository/APOLLO- Desktop/Home page/Follow us/apollodarktheme' successfully

2019-06-25 13:47:06 - [TEST_STEP][PASSED] - delay(2): Delayed 2 second(s)

2019-06-25 13:47:08 - [MESSAGE][PASSED] - Delayed 2 second(s)

2019-06-25 13:47:08 - [TEST_STEP][PASSED] - scrollToElement(findTestObject("APOLLO- Desktop/Home page/Our latest blog posts/Visit Blog"), 0): Scroll to object 'Object Repository/APOLLO- Desktop/Home page/Our latest blog posts/Visit Blog' successfully

2019-06-25 13:47:08 - [MESSAGE][WARNING] - Timeout '0' is invalid. Using default page load timeout: '30'

2019-06-25 13:47:08 - [MESSAGE][PASSED] - Scroll to object 'Object Repository/APOLLO- Desktop/Home page/Our latest blog posts/Visit Blog' successfully

2019-06-25 13:47:08 - [TEST_STEP][PASSED] - delay(2): Delayed 2 second(s)

2019-06-25 13:47:10 - [MESSAGE][PASSED] - Delayed 2 second(s)

2019-06-25 13:47:10 - [TEST_STEP][PASSED] - click(findTestObject("APOLLO- Desktop/Home page/Follow us/product tile")): Object: 'Object Repository/APOLLO- Desktop/Home page/Follow us/product tile' is clicked on

2019-06-25 13:47:11 - [MESSAGE][PASSED] - Object: 'Object Repository/APOLLO- Desktop/Home page/Follow us/product tile' is clicked on

2019-06-25 13:47:11 - [TEST_STEP][NOT_RUN] - back(): NOT_RUN: back()

2019-06-25 13:47:11 - [MESSAGE][NOT_RUN] - NOT_RUN: back()

2019-06-25 13:47:11 - [TEST_STEP][PASSED] - scrollToElement(findTestObject("APOLLO- Desktop/Home page/Follow us/apollodarktheme"), 0): Scroll to object 'Object Repository/APOLLO- Desktop/Home page/Follow us/apollodarktheme' successfully

2019-06-25 13:47:11 - [MESSAGE][WARNING] - Timeout '0' is invalid. Using default page load timeout: '30'

2019-06-25 13:47:11 - [MESSAGE][PASSED] - Scroll to object 'Object Repository/APOLLO- Desktop/Home page/Follow us/apollodarktheme' successfully

2019-06-25 13:47:11 - [TEST_STEP][PASSED] - delay(2): Delayed 2 second(s)

2019-06-25 13:47:13 - [MESSAGE][PASSED] - Delayed 2 second(s)

2019-06-25 13:47:13 - [TEST_STEP][PASSED] - mouseOver(findTestObject("APOLLO- Desktop/Home page/Follow us/button-previous")): Object: 'Object Repository/APOLLO- Desktop/Home page/Follow us/button-previous' is hovered

2019-06-25 13:47:13 - [MESSAGE][PASSED] - Object: 'Object Repository/APOLLO- Desktop/Home page/Follow us/button-previous' is hovered

2019-06-25 13:47:13 - [TEST_STEP][PASSED] - delay(2): Delayed 2 second(s)

2019-06-25 13:47:15 - [MESSAGE][PASSED] - Delayed 2 second(s)

2019-06-25 13:47:15 - [TEST_STEP][PASSED] - click(findTestObject("APOLLO- Desktop/Home page/Follow us/button-previous")): Object: 'Object Repository/APOLLO- Desktop/Home page/Follow us/button-previous' is clicked on

2019-06-25 13:47:15 - [MESSAGE][PASSED] - Object: 'Object Repository/APOLLO- Desktop/Home page/Follow us/button-previous' is clicked on

2019-06-25 13:47:15 - [TEST_STEP][PASSED] - delay(2): Delayed 2 second(s)

2019-06-25 13:47:17 - [MESSAGE][PASSED] - Delayed 2 second(s)

2019-06-25 13:47:17 - [TEST_STEP][PASSED] - click(findTestObject("APOLLO- Desktop/Home page/Follow us/button- Next")): Object: 'Object Repository/APOLLO- Desktop/Home page/Follow us/button- Next' is clicked on

2019-06-25 13:47:18 - [MESSAGE][PASSED] - Object: 'Object Repository/APOLLO- Desktop/Home page/Follow us/button- Next' is clicked on]]></system-out>
         <system-err><![CDATA[]]></system-err>
      </testcase>
      <testcase name="Test Cases/PRODUCT PAGE/Social media icons" classname="Test Cases/PRODUCT PAGE/Social media icons" status="FAILED">
         <failure type="FAILED" message="Test Cases/PRODUCT PAGE/Social media icons FAILED.
Reason:
com.kms.katalon.core.exception.StepFailedException: Unable to click on object 'Object Repository/APOLLO- Desktop/Product page/facebook icon' (Root cause: com.kms.katalon.core.webui.exception.WebElementNotFoundException: Web element with id: 'Object Repository/APOLLO- Desktop/Product page/facebook icon' located by 'By.xpath: //div[@class='c-product-summary c-product-summary--shadow js-sticky u-text-center js-scroll-fade is-loaded is_stuck']//li[1]//a[1]' not found)
	at com.kms.katalon.core.keyword.internal.KeywordMain.stepFailed(KeywordMain.groovy:36)
	at com.kms.katalon.core.webui.keyword.internal.WebUIKeywordMain.stepFailed(WebUIKeywordMain.groovy:65)
	at com.kms.katalon.core.webui.keyword.internal.WebUIKeywordMain.runKeyword(WebUIKeywordMain.groovy:27)
	at com.kms.katalon.core.webui.keyword.builtin.ClickKeyword.click(ClickKeyword.groovy:86)
	at com.kms.katalon.core.webui.keyword.builtin.ClickKeyword.execute(ClickKeyword.groovy:67)
	at com.kms.katalon.core.keyword.internal.KeywordExecutor.executeKeywordForPlatform(KeywordExecutor.groovy:53)
	at com.kms.katalon.core.webui.keyword.WebUiBuiltInKeywords.click(WebUiBuiltInKeywords.groovy:616)
	at com.kms.katalon.core.webui.keyword.WebUiBuiltInKeywords$click$1.call(Unknown Source)
	at Social media icons.run(Social media icons:48)
	at com.kms.katalon.core.main.ScriptEngine.run(ScriptEngine.java:194)
	at com.kms.katalon.core.main.ScriptEngine.runScriptAsRawText(ScriptEngine.java:119)
	at com.kms.katalon.core.main.TestCaseExecutor.runScript(TestCaseExecutor.java:328)
	at com.kms.katalon.core.main.TestCaseExecutor.doExecute(TestCaseExecutor.java:319)
	at com.kms.katalon.core.main.TestCaseExecutor.processExecutionPhase(TestCaseExecutor.java:298)
	at com.kms.katalon.core.main.TestCaseExecutor.accessMainPhase(TestCaseExecutor.java:290)
	at com.kms.katalon.core.main.TestCaseExecutor.execute(TestCaseExecutor.java:224)
	at com.kms.katalon.core.main.TestSuiteExecutor.accessTestCaseMainPhase(TestSuiteExecutor.java:129)
	at com.kms.katalon.core.main.TestSuiteExecutor.accessTestSuiteMainPhase(TestSuiteExecutor.java:112)
	at com.kms.katalon.core.main.TestSuiteExecutor.execute(TestSuiteExecutor.java:81)
	at com.kms.katalon.core.main.TestCaseMain.startTestSuite(TestCaseMain.java:149)
	at com.kms.katalon.core.main.TestCaseMain$startTestSuite$0.call(Unknown Source)
	at TempTestSuite1561483953417.run(TempTestSuite1561483953417.groovy:36)
"/>
         <system-out><![CDATA[2019-06-25 13:47:18 - [TEST_CASE][FAILED] - Test Cases/PRODUCT PAGE/Social media icons: Test Cases/PRODUCT PAGE/Social media icons FAILED.
Reason:
com.kms.katalon.core.exception.StepFailedException: Unable to click on object 'Object Repository/APOLLO- Desktop/Product page/facebook icon' (Root cause: com.kms.katalon.core.webui.exception.WebElementNotFoundException: Web element with id: 'Object Repository/APOLLO- Desktop/Product page/facebook icon' located by 'By.xpath: //div[@class='c-product-summary c-product-summary--shadow js-sticky u-text-center js-scroll-fade is-loaded is_stuck']//li[1]//a[1]' not found)
	at com.kms.katalon.core.keyword.internal.KeywordMain.stepFailed(KeywordMain.groovy:36)
	at com.kms.katalon.core.webui.keyword.internal.WebUIKeywordMain.stepFailed(WebUIKeywordMain.groovy:65)
	at com.kms.katalon.core.webui.keyword.internal.WebUIKeywordMain.runKeyword(WebUIKeywordMain.groovy:27)
	at com.kms.katalon.core.webui.keyword.builtin.ClickKeyword.click(ClickKeyword.groovy:86)
	at com.kms.katalon.core.webui.keyword.builtin.ClickKeyword.execute(ClickKeyword.groovy:67)
	at com.kms.katalon.core.keyword.internal.KeywordExecutor.executeKeywordForPlatform(KeywordExecutor.groovy:53)
	at com.kms.katalon.core.webui.keyword.WebUiBuiltInKeywords.click(WebUiBuiltInKeywords.groovy:616)
	at com.kms.katalon.core.webui.keyword.WebUiBuiltInKeywords$click$1.call(Unknown Source)
	at Social media icons.run(Social media icons:48)
	at com.kms.katalon.core.main.ScriptEngine.run(ScriptEngine.java:194)
	at com.kms.katalon.core.main.ScriptEngine.runScriptAsRawText(ScriptEngine.java:119)
	at com.kms.katalon.core.main.TestCaseExecutor.runScript(TestCaseExecutor.java:328)
	at com.kms.katalon.core.main.TestCaseExecutor.doExecute(TestCaseExecutor.java:319)
	at com.kms.katalon.core.main.TestCaseExecutor.processExecutionPhase(TestCaseExecutor.java:298)
	at com.kms.katalon.core.main.TestCaseExecutor.accessMainPhase(TestCaseExecutor.java:290)
	at com.kms.katalon.core.main.TestCaseExecutor.execute(TestCaseExecutor.java:224)
	at com.kms.katalon.core.main.TestSuiteExecutor.accessTestCaseMainPhase(TestSuiteExecutor.java:129)
	at com.kms.katalon.core.main.TestSuiteExecutor.accessTestSuiteMainPhase(TestSuiteExecutor.java:112)
	at com.kms.katalon.core.main.TestSuiteExecutor.execute(TestSuiteExecutor.java:81)
	at com.kms.katalon.core.main.TestCaseMain.startTestSuite(TestCaseMain.java:149)
	at com.kms.katalon.core.main.TestCaseMain$startTestSuite$0.call(Unknown Source)
	at TempTestSuite1561483953417.run(TempTestSuite1561483953417.groovy:36)


2019-06-25 13:47:18 - [TEST_STEP][PASSED] - callTestCase(findTestCase("CALL - URL"), [:], STOP_ON_FAILURE): Call Test Case 'Test Cases/CALL - URL' successfully

2019-06-25 13:47:18 - [TEST_CASE][PASSED] - Test Cases/CALL - URL: Test Cases/CALL - URL

2019-06-25 13:47:18 - [TEST_STEP][PASSED] - openBrowser(""): Browser is opened with url: ''

2019-06-25 13:47:18 - [MESSAGE][WARNING] - A browser is already opened. Closing browser and opening a new one

2019-06-25 13:47:19 - [MESSAGE][INFO] - Starting 'Firefox' driver

2019-06-25 13:47:21 - [MESSAGE][PASSED] - Browser is opened with url: ''

2019-06-25 13:47:21 - [TEST_STEP][PASSED] - navigateToUrl("https://diff-apollo.myshopify.com/?key=eec34184cfd8f82cda816f82753a8c8e9e240f30cf54470e19667b8cbb401948&preview_theme_id="): Navigate to 'https://diff-apollo.myshopify.com/?key=eec34184cfd8f82cda816f82753a8c8e9e240f30cf54470e19667b8cbb401948&preview_theme_id=' successfully

2019-06-25 13:47:25 - [MESSAGE][PASSED] - Navigate to 'https://diff-apollo.myshopify.com/?key=eec34184cfd8f82cda816f82753a8c8e9e240f30cf54470e19667b8cbb401948&preview_theme_id=' successfully

2019-06-25 13:47:25 - [TEST_STEP][NOT_RUN] - executeJavaScript("var previewBar = document.getElementById("preview-bar-iframe"); previewBar.style.display = "none";", []): NOT_RUN: executeJavaScript("var previewBar = document.getElementById("preview-bar-iframe"); previewBar.style.display = "none";", [])

2019-06-25 13:47:25 - [MESSAGE][NOT_RUN] - NOT_RUN: executeJavaScript("var previewBar = document.getElementById("preview-bar-iframe"); previewBar.style.display = "none";", [])

2019-06-25 13:47:25 - [MESSAGE][PASSED] - Call Test Case 'Test Cases/CALL - URL' successfully

2019-06-25 13:47:25 - [TEST_STEP][PASSED] - delay(2): Delayed 2 second(s)

2019-06-25 13:47:27 - [MESSAGE][PASSED] - Delayed 2 second(s)

2019-06-25 13:47:27 - [TEST_STEP][PASSED] - click(findTestObject("APOLLO- Desktop/Burger Menu/Burgermenu")): Object: 'Object Repository/APOLLO- Desktop/Burger Menu/Burgermenu' is clicked on

2019-06-25 13:47:28 - [MESSAGE][PASSED] - Object: 'Object Repository/APOLLO- Desktop/Burger Menu/Burgermenu' is clicked on

2019-06-25 13:47:28 - [TEST_STEP][PASSED] - delay(2): Delayed 2 second(s)

2019-06-25 13:47:30 - [MESSAGE][PASSED] - Delayed 2 second(s)

2019-06-25 13:47:30 - [TEST_STEP][PASSED] - click(findTestObject("APOLLO- Desktop/Burger Menu/Mens chevron")): Object: 'Object Repository/APOLLO- Desktop/Burger Menu/Mens chevron' is clicked on

2019-06-25 13:47:30 - [MESSAGE][PASSED] - Object: 'Object Repository/APOLLO- Desktop/Burger Menu/Mens chevron' is clicked on

2019-06-25 13:47:30 - [TEST_STEP][PASSED] - delay(2): Delayed 2 second(s)

2019-06-25 13:47:32 - [MESSAGE][PASSED] - Delayed 2 second(s)

2019-06-25 13:47:32 - [TEST_STEP][PASSED] - click(findTestObject("APOLLO- Desktop/Burger Menu/Mens - Top Chevron")): Object: 'Object Repository/APOLLO- Desktop/Burger Menu/Mens - Top Chevron' is clicked on

2019-06-25 13:47:32 - [MESSAGE][PASSED] - Object: 'Object Repository/APOLLO- Desktop/Burger Menu/Mens - Top Chevron' is clicked on

2019-06-25 13:47:32 - [TEST_STEP][PASSED] - delay(2): Delayed 2 second(s)

2019-06-25 13:47:34 - [MESSAGE][PASSED] - Delayed 2 second(s)

2019-06-25 13:47:34 - [TEST_STEP][PASSED] - click(findTestObject("APOLLO- Desktop/Burger Menu/Shirts link")): Object: 'Object Repository/APOLLO- Desktop/Burger Menu/Shirts link' is clicked on

2019-06-25 13:47:35 - [MESSAGE][PASSED] - Object: 'Object Repository/APOLLO- Desktop/Burger Menu/Shirts link' is clicked on

2019-06-25 13:47:35 - [TEST_STEP][NOT_RUN] - executeJavaScript("var previewBar = document.getElementById("preview-bar-iframe"); previewBar.style.display = "none";", []): NOT_RUN: executeJavaScript("var previewBar = document.getElementById("preview-bar-iframe"); previewBar.style.display = "none";", [])

2019-06-25 13:47:35 - [MESSAGE][NOT_RUN] - NOT_RUN: executeJavaScript("var previewBar = document.getElementById("preview-bar-iframe"); previewBar.style.display = "none";", [])

2019-06-25 13:47:35 - [TEST_STEP][PASSED] - delay(2): Delayed 2 second(s)

2019-06-25 13:47:37 - [MESSAGE][PASSED] - Delayed 2 second(s)

2019-06-25 13:47:37 - [TEST_STEP][PASSED] - click(findTestObject("APOLLO- Desktop/Collection page/Blue shirt product")): Object: 'Object Repository/APOLLO- Desktop/Collection page/Blue shirt product' is clicked on

2019-06-25 13:47:38 - [MESSAGE][PASSED] - Object: 'Object Repository/APOLLO- Desktop/Collection page/Blue shirt product' is clicked on

2019-06-25 13:47:38 - [TEST_STEP][PASSED] - delay(2): Delayed 2 second(s)

2019-06-25 13:47:40 - [MESSAGE][PASSED] - Delayed 2 second(s)

2019-06-25 13:47:40 - [TEST_STEP][NOT_RUN] - executeJavaScript("var previewBar = document.getElementById("preview-bar-iframe"); previewBar.style.display = "none";", []): NOT_RUN: executeJavaScript("var previewBar = document.getElementById("preview-bar-iframe"); previewBar.style.display = "none";", [])

2019-06-25 13:47:40 - [MESSAGE][NOT_RUN] - NOT_RUN: executeJavaScript("var previewBar = document.getElementById("preview-bar-iframe"); previewBar.style.display = "none";", [])

2019-06-25 13:47:40 - [TEST_STEP][PASSED] - delay(2): Delayed 2 second(s)

2019-06-25 13:47:42 - [MESSAGE][PASSED] - Delayed 2 second(s)

2019-06-25 13:47:42 - [TEST_STEP][FAILED] - click(findTestObject("APOLLO- Desktop/Product page/facebook icon")): click(findTestObject("APOLLO- Desktop/Product page/facebook icon")) FAILED.
Reason:
com.kms.katalon.core.exception.StepFailedException: Unable to click on object 'Object Repository/APOLLO- Desktop/Product page/facebook icon' (Root cause: com.kms.katalon.core.webui.exception.WebElementNotFoundException: Web element with id: 'Object Repository/APOLLO- Desktop/Product page/facebook icon' located by 'By.xpath: //div[@class='c-product-summary c-product-summary--shadow js-sticky u-text-center js-scroll-fade is-loaded is_stuck']//li[1]//a[1]' not found)
	at com.kms.katalon.core.keyword.internal.KeywordMain.stepFailed(KeywordMain.groovy:36)
	at com.kms.katalon.core.webui.keyword.internal.WebUIKeywordMain.stepFailed(WebUIKeywordMain.groovy:65)
	at com.kms.katalon.core.webui.keyword.internal.WebUIKeywordMain.runKeyword(WebUIKeywordMain.groovy:27)
	at com.kms.katalon.core.webui.keyword.builtin.ClickKeyword.click(ClickKeyword.groovy:86)
	at com.kms.katalon.core.webui.keyword.builtin.ClickKeyword.execute(ClickKeyword.groovy:67)
	at com.kms.katalon.core.keyword.internal.KeywordExecutor.executeKeywordForPlatform(KeywordExecutor.groovy:53)
	at com.kms.katalon.core.webui.keyword.WebUiBuiltInKeywords.click(WebUiBuiltInKeywords.groovy:616)
	at com.kms.katalon.core.webui.keyword.WebUiBuiltInKeywords$click$1.call(Unknown Source)
	at Social media icons.run(Social media icons:48)
	at com.kms.katalon.core.main.ScriptEngine.run(ScriptEngine.java:194)
	at com.kms.katalon.core.main.ScriptEngine.runScriptAsRawText(ScriptEngine.java:119)
	at com.kms.katalon.core.main.TestCaseExecutor.runScript(TestCaseExecutor.java:328)
	at com.kms.katalon.core.main.TestCaseExecutor.doExecute(TestCaseExecutor.java:319)
	at com.kms.katalon.core.main.TestCaseExecutor.processExecutionPhase(TestCaseExecutor.java:298)
	at com.kms.katalon.core.main.TestCaseExecutor.accessMainPhase(TestCaseExecutor.java:290)
	at com.kms.katalon.core.main.TestCaseExecutor.execute(TestCaseExecutor.java:224)
	at com.kms.katalon.core.main.TestSuiteExecutor.accessTestCaseMainPhase(TestSuiteExecutor.java:129)
	at com.kms.katalon.core.main.TestSuiteExecutor.accessTestSuiteMainPhase(TestSuiteExecutor.java:112)
	at com.kms.katalon.core.main.TestSuiteExecutor.execute(TestSuiteExecutor.java:81)
	at com.kms.katalon.core.main.TestCaseMain.startTestSuite(TestCaseMain.java:149)
	at com.kms.katalon.core.main.TestCaseMain$startTestSuite$0.call(Unknown Source)
	at TempTestSuite1561483953417.run(TempTestSuite1561483953417.groovy:36)


2019-06-25 13:48:13 - [MESSAGE][INFO] - Unable to find the element located by 'By.xpath: //div[@class='c-product-summary c-product-summary--shadow js-sticky u-text-center js-scroll-fade is-loaded is_stuck']//li[1]//a[1]'. Please recheck the objects properties to make sure the desired element is located. 

2019-06-25 13:48:14 - [MESSAGE][FAILED] - Unable to click on object 'Object Repository/APOLLO- Desktop/Product page/facebook icon' (Root cause: com.kms.katalon.core.webui.exception.WebElementNotFoundException: Web element with id: 'Object Repository/APOLLO- Desktop/Product page/facebook icon' located by 'By.xpath: //div[@class='c-product-summary c-product-summary--shadow js-sticky u-text-center js-scroll-fade is-loaded is_stuck']//li[1]//a[1]' not found)
[[ATTACHMENT|/Users/sumankompelly/Katalon Studio/APOLLO/Reports/Apollo - dark build/20190625_133233/1561484893577.png]]

2019-06-25 13:48:14 - [MESSAGE][FAILED] - click(findTestObject("APOLLO- Desktop/Product page/facebook icon")) FAILED.
Reason:
com.kms.katalon.core.exception.StepFailedException: Unable to click on object 'Object Repository/APOLLO- Desktop/Product page/facebook icon' (Root cause: com.kms.katalon.core.webui.exception.WebElementNotFoundException: Web element with id: 'Object Repository/APOLLO- Desktop/Product page/facebook icon' located by 'By.xpath: //div[@class='c-product-summary c-product-summary--shadow js-sticky u-text-center js-scroll-fade is-loaded is_stuck']//li[1]//a[1]' not found)
	at com.kms.katalon.core.keyword.internal.KeywordMain.stepFailed(KeywordMain.groovy:36)
	at com.kms.katalon.core.webui.keyword.internal.WebUIKeywordMain.stepFailed(WebUIKeywordMain.groovy:65)
	at com.kms.katalon.core.webui.keyword.internal.WebUIKeywordMain.runKeyword(WebUIKeywordMain.groovy:27)
	at com.kms.katalon.core.webui.keyword.builtin.ClickKeyword.click(ClickKeyword.groovy:86)
	at com.kms.katalon.core.webui.keyword.builtin.ClickKeyword.execute(ClickKeyword.groovy:67)
	at com.kms.katalon.core.keyword.internal.KeywordExecutor.executeKeywordForPlatform(KeywordExecutor.groovy:53)
	at com.kms.katalon.core.webui.keyword.WebUiBuiltInKeywords.click(WebUiBuiltInKeywords.groovy:616)
	at com.kms.katalon.core.webui.keyword.WebUiBuiltInKeywords$click$1.call(Unknown Source)
	at Social media icons.run(Social media icons:48)
	at com.kms.katalon.core.main.ScriptEngine.run(ScriptEngine.java:194)
	at com.kms.katalon.core.main.ScriptEngine.runScriptAsRawText(ScriptEngine.java:119)
	at com.kms.katalon.core.main.TestCaseExecutor.runScript(TestCaseExecutor.java:328)
	at com.kms.katalon.core.main.TestCaseExecutor.doExecute(TestCaseExecutor.java:319)
	at com.kms.katalon.core.main.TestCaseExecutor.processExecutionPhase(TestCaseExecutor.java:298)
	at com.kms.katalon.core.main.TestCaseExecutor.accessMainPhase(TestCaseExecutor.java:290)
	at com.kms.katalon.core.main.TestCaseExecutor.execute(TestCaseExecutor.java:224)
	at com.kms.katalon.core.main.TestSuiteExecutor.accessTestCaseMainPhase(TestSuiteExecutor.java:129)
	at com.kms.katalon.core.main.TestSuiteExecutor.accessTestSuiteMainPhase(TestSuiteExecutor.java:112)
	at com.kms.katalon.core.main.TestSuiteExecutor.execute(TestSuiteExecutor.java:81)
	at com.kms.katalon.core.main.TestCaseMain.startTestSuite(TestCaseMain.java:149)
	at com.kms.katalon.core.main.TestCaseMain$startTestSuite$0.call(Unknown Source)
	at TempTestSuite1561483953417.run(TempTestSuite1561483953417.groovy:36)]]></system-out>
         <system-err><![CDATA[2019-06-25 13:47:18 - [TEST_CASE][FAILED] - Test Cases/PRODUCT PAGE/Social media icons: Test Cases/PRODUCT PAGE/Social media icons FAILED.
Reason:
com.kms.katalon.core.exception.StepFailedException: Unable to click on object 'Object Repository/APOLLO- Desktop/Product page/facebook icon' (Root cause: com.kms.katalon.core.webui.exception.WebElementNotFoundException: Web element with id: 'Object Repository/APOLLO- Desktop/Product page/facebook icon' located by 'By.xpath: //div[@class='c-product-summary c-product-summary--shadow js-sticky u-text-center js-scroll-fade is-loaded is_stuck']//li[1]//a[1]' not found)
	at com.kms.katalon.core.keyword.internal.KeywordMain.stepFailed(KeywordMain.groovy:36)
	at com.kms.katalon.core.webui.keyword.internal.WebUIKeywordMain.stepFailed(WebUIKeywordMain.groovy:65)
	at com.kms.katalon.core.webui.keyword.internal.WebUIKeywordMain.runKeyword(WebUIKeywordMain.groovy:27)
	at com.kms.katalon.core.webui.keyword.builtin.ClickKeyword.click(ClickKeyword.groovy:86)
	at com.kms.katalon.core.webui.keyword.builtin.ClickKeyword.execute(ClickKeyword.groovy:67)
	at com.kms.katalon.core.keyword.internal.KeywordExecutor.executeKeywordForPlatform(KeywordExecutor.groovy:53)
	at com.kms.katalon.core.webui.keyword.WebUiBuiltInKeywords.click(WebUiBuiltInKeywords.groovy:616)
	at com.kms.katalon.core.webui.keyword.WebUiBuiltInKeywords$click$1.call(Unknown Source)
	at Social media icons.run(Social media icons:48)
	at com.kms.katalon.core.main.ScriptEngine.run(ScriptEngine.java:194)
	at com.kms.katalon.core.main.ScriptEngine.runScriptAsRawText(ScriptEngine.java:119)
	at com.kms.katalon.core.main.TestCaseExecutor.runScript(TestCaseExecutor.java:328)
	at com.kms.katalon.core.main.TestCaseExecutor.doExecute(TestCaseExecutor.java:319)
	at com.kms.katalon.core.main.TestCaseExecutor.processExecutionPhase(TestCaseExecutor.java:298)
	at com.kms.katalon.core.main.TestCaseExecutor.accessMainPhase(TestCaseExecutor.java:290)
	at com.kms.katalon.core.main.TestCaseExecutor.execute(TestCaseExecutor.java:224)
	at com.kms.katalon.core.main.TestSuiteExecutor.accessTestCaseMainPhase(TestSuiteExecutor.java:129)
	at com.kms.katalon.core.main.TestSuiteExecutor.accessTestSuiteMainPhase(TestSuiteExecutor.java:112)
	at com.kms.katalon.core.main.TestSuiteExecutor.execute(TestSuiteExecutor.java:81)
	at com.kms.katalon.core.main.TestCaseMain.startTestSuite(TestCaseMain.java:149)
	at com.kms.katalon.core.main.TestCaseMain$startTestSuite$0.call(Unknown Source)
	at TempTestSuite1561483953417.run(TempTestSuite1561483953417.groovy:36)]]></system-err>
      </testcase>
      <testcase name="Test Cases/PRODUCT PAGE/More payment link and buy with google pay" classname="Test Cases/PRODUCT PAGE/More payment link and buy with google pay" status="PASSED">
         <system-out><![CDATA[2019-06-25 13:48:14 - [TEST_CASE][PASSED] - Test Cases/PRODUCT PAGE/More payment link and buy with google pay: Test Cases/PRODUCT PAGE/More payment link and buy with google pay

2019-06-25 13:48:14 - [TEST_STEP][PASSED] - callTestCase(findTestCase("CALL - URL"), [:], STOP_ON_FAILURE): Call Test Case 'Test Cases/CALL - URL' successfully

2019-06-25 13:48:14 - [TEST_CASE][PASSED] - Test Cases/CALL - URL: Test Cases/CALL - URL

2019-06-25 13:48:14 - [TEST_STEP][PASSED] - openBrowser(""): Browser is opened with url: ''

2019-06-25 13:48:14 - [MESSAGE][WARNING] - A browser is already opened. Closing browser and opening a new one

2019-06-25 13:48:14 - [MESSAGE][INFO] - Starting 'Firefox' driver

2019-06-25 13:48:16 - [MESSAGE][PASSED] - Browser is opened with url: ''

2019-06-25 13:48:16 - [TEST_STEP][PASSED] - navigateToUrl("https://diff-apollo.myshopify.com/?key=eec34184cfd8f82cda816f82753a8c8e9e240f30cf54470e19667b8cbb401948&preview_theme_id="): Navigate to 'https://diff-apollo.myshopify.com/?key=eec34184cfd8f82cda816f82753a8c8e9e240f30cf54470e19667b8cbb401948&preview_theme_id=' successfully

2019-06-25 13:48:22 - [MESSAGE][PASSED] - Navigate to 'https://diff-apollo.myshopify.com/?key=eec34184cfd8f82cda816f82753a8c8e9e240f30cf54470e19667b8cbb401948&preview_theme_id=' successfully

2019-06-25 13:48:22 - [TEST_STEP][NOT_RUN] - executeJavaScript("var previewBar = document.getElementById("preview-bar-iframe"); previewBar.style.display = "none";", []): NOT_RUN: executeJavaScript("var previewBar = document.getElementById("preview-bar-iframe"); previewBar.style.display = "none";", [])

2019-06-25 13:48:22 - [MESSAGE][NOT_RUN] - NOT_RUN: executeJavaScript("var previewBar = document.getElementById("preview-bar-iframe"); previewBar.style.display = "none";", [])

2019-06-25 13:48:22 - [MESSAGE][PASSED] - Call Test Case 'Test Cases/CALL - URL' successfully

2019-06-25 13:48:22 - [TEST_STEP][PASSED] - delay(2): Delayed 2 second(s)

2019-06-25 13:48:24 - [MESSAGE][PASSED] - Delayed 2 second(s)

2019-06-25 13:48:24 - [TEST_STEP][PASSED] - click(findTestObject("APOLLO- Desktop/Burger Menu/Burgermenu")): Object: 'Object Repository/APOLLO- Desktop/Burger Menu/Burgermenu' is clicked on

2019-06-25 13:48:24 - [MESSAGE][PASSED] - Object: 'Object Repository/APOLLO- Desktop/Burger Menu/Burgermenu' is clicked on

2019-06-25 13:48:24 - [TEST_STEP][PASSED] - delay(2): Delayed 2 second(s)

2019-06-25 13:48:26 - [MESSAGE][PASSED] - Delayed 2 second(s)

2019-06-25 13:48:26 - [TEST_STEP][PASSED] - click(findTestObject("APOLLO- Desktop/Burger Menu/Mens chevron")): Object: 'Object Repository/APOLLO- Desktop/Burger Menu/Mens chevron' is clicked on

2019-06-25 13:48:27 - [MESSAGE][PASSED] - Object: 'Object Repository/APOLLO- Desktop/Burger Menu/Mens chevron' is clicked on

2019-06-25 13:48:27 - [TEST_STEP][PASSED] - delay(2): Delayed 2 second(s)

2019-06-25 13:48:29 - [MESSAGE][PASSED] - Delayed 2 second(s)

2019-06-25 13:48:29 - [TEST_STEP][PASSED] - click(findTestObject("APOLLO- Desktop/Burger Menu/Mens - Top Chevron")): Object: 'Object Repository/APOLLO- Desktop/Burger Menu/Mens - Top Chevron' is clicked on

2019-06-25 13:48:29 - [MESSAGE][PASSED] - Object: 'Object Repository/APOLLO- Desktop/Burger Menu/Mens - Top Chevron' is clicked on

2019-06-25 13:48:29 - [TEST_STEP][PASSED] - delay(2): Delayed 2 second(s)

2019-06-25 13:48:31 - [MESSAGE][PASSED] - Delayed 2 second(s)

2019-06-25 13:48:31 - [TEST_STEP][PASSED] - click(findTestObject("APOLLO- Desktop/Burger Menu/Shirts link")): Object: 'Object Repository/APOLLO- Desktop/Burger Menu/Shirts link' is clicked on

2019-06-25 13:48:32 - [MESSAGE][PASSED] - Object: 'Object Repository/APOLLO- Desktop/Burger Menu/Shirts link' is clicked on

2019-06-25 13:48:32 - [TEST_STEP][NOT_RUN] - executeJavaScript("var previewBar = document.getElementById("preview-bar-iframe"); previewBar.style.display = "none";", []): NOT_RUN: executeJavaScript("var previewBar = document.getElementById("preview-bar-iframe"); previewBar.style.display = "none";", [])

2019-06-25 13:48:32 - [MESSAGE][NOT_RUN] - NOT_RUN: executeJavaScript("var previewBar = document.getElementById("preview-bar-iframe"); previewBar.style.display = "none";", [])

2019-06-25 13:48:32 - [TEST_STEP][PASSED] - delay(2): Delayed 2 second(s)

2019-06-25 13:48:34 - [MESSAGE][PASSED] - Delayed 2 second(s)

2019-06-25 13:48:34 - [TEST_STEP][PASSED] - click(findTestObject("APOLLO- Desktop/Collection page/Blue shirt product")): Object: 'Object Repository/APOLLO- Desktop/Collection page/Blue shirt product' is clicked on

2019-06-25 13:48:35 - [MESSAGE][PASSED] - Object: 'Object Repository/APOLLO- Desktop/Collection page/Blue shirt product' is clicked on

2019-06-25 13:48:35 - [TEST_STEP][PASSED] - delay(2): Delayed 2 second(s)

2019-06-25 13:48:37 - [MESSAGE][PASSED] - Delayed 2 second(s)

2019-06-25 13:48:37 - [TEST_STEP][NOT_RUN] - executeJavaScript("var previewBar = document.getElementById("preview-bar-iframe"); previewBar.style.display = "none";", []): NOT_RUN: executeJavaScript("var previewBar = document.getElementById("preview-bar-iframe"); previewBar.style.display = "none";", [])

2019-06-25 13:48:37 - [MESSAGE][NOT_RUN] - NOT_RUN: executeJavaScript("var previewBar = document.getElementById("preview-bar-iframe"); previewBar.style.display = "none";", [])

2019-06-25 13:48:37 - [TEST_STEP][PASSED] - delay(2): Delayed 2 second(s)

2019-06-25 13:48:39 - [MESSAGE][PASSED] - Delayed 2 second(s)

2019-06-25 13:48:39 - [TEST_STEP][PASSED] - click(findTestObject("APOLLO- Desktop/Product page/More payment options")): Object: 'Object Repository/APOLLO- Desktop/Product page/More payment options' is clicked on

2019-06-25 13:48:39 - [MESSAGE][PASSED] - Object: 'Object Repository/APOLLO- Desktop/Product page/More payment options' is clicked on

2019-06-25 13:48:39 - [TEST_STEP][PASSED] - delay(2): Delayed 2 second(s)

2019-06-25 13:48:41 - [MESSAGE][PASSED] - Delayed 2 second(s)

2019-06-25 13:48:41 - [TEST_STEP][PASSED] - click(findTestObject("APOLLO- Desktop/Product page/Checkout- more payment")): Object: 'Object Repository/APOLLO- Desktop/Product page/Checkout- more payment' is clicked on

2019-06-25 13:48:43 - [MESSAGE][PASSED] - Object: 'Object Repository/APOLLO- Desktop/Product page/Checkout- more payment' is clicked on

2019-06-25 13:48:43 - [TEST_STEP][PASSED] - delay(2): Delayed 2 second(s)

2019-06-25 13:48:45 - [MESSAGE][PASSED] - Delayed 2 second(s)

2019-06-25 13:48:45 - [TEST_STEP][PASSED] - callTestCase(findTestCase("CALL- CUSTOMER INFO PAGE"), [:], STOP_ON_FAILURE): Call Test Case 'Test Cases/CALL- CUSTOMER INFO PAGE' successfully

2019-06-25 13:48:45 - [TEST_CASE][PASSED] - Test Cases/CALL- CUSTOMER INFO PAGE: Test Cases/CALL- CUSTOMER INFO PAGE

2019-06-25 13:48:45 - [TEST_STEP][PASSED] - delay(2): Delayed 2 second(s)

2019-06-25 13:48:47 - [MESSAGE][PASSED] - Delayed 2 second(s)

2019-06-25 13:48:47 - [TEST_STEP][NOT_RUN] - executeJavaScript("var previewBar = document.getElementById("preview-bar-iframe"); previewBar.style.display = "none";", []): NOT_RUN: executeJavaScript("var previewBar = document.getElementById("preview-bar-iframe"); previewBar.style.display = "none";", [])

2019-06-25 13:48:47 - [MESSAGE][NOT_RUN] - NOT_RUN: executeJavaScript("var previewBar = document.getElementById("preview-bar-iframe"); previewBar.style.display = "none";", [])

2019-06-25 13:48:47 - [TEST_STEP][PASSED] - setText(findTestObject("APOLLO- Desktop/Customer Information page/Email"), "suman@gmail.com"): Text 'suman@gmail.com' is set on object 'Object Repository/APOLLO- Desktop/Customer Information page/Email'

2019-06-25 13:48:47 - [MESSAGE][PASSED] - Text 'suman@gmail.com' is set on object 'Object Repository/APOLLO- Desktop/Customer Information page/Email'

2019-06-25 13:48:47 - [TEST_STEP][PASSED] - delay(2): Delayed 2 second(s)

2019-06-25 13:48:49 - [MESSAGE][PASSED] - Delayed 2 second(s)

2019-06-25 13:48:49 - [TEST_STEP][PASSED] - setText(findTestObject("APOLLO- Desktop/Customer Information page/First name"), "suman"): Text 'suman' is set on object 'Object Repository/APOLLO- Desktop/Customer Information page/First name'

2019-06-25 13:48:49 - [MESSAGE][PASSED] - Text 'suman' is set on object 'Object Repository/APOLLO- Desktop/Customer Information page/First name'

2019-06-25 13:48:49 - [TEST_STEP][PASSED] - delay(2): Delayed 2 second(s)

2019-06-25 13:48:51 - [MESSAGE][PASSED] - Delayed 2 second(s)

2019-06-25 13:48:51 - [TEST_STEP][PASSED] - setText(findTestObject("APOLLO- Desktop/Customer Information page/Last name"), "kompelly"): Text 'kompelly' is set on object 'Object Repository/APOLLO- Desktop/Customer Information page/Last name'

2019-06-25 13:48:51 - [MESSAGE][PASSED] - Text 'kompelly' is set on object 'Object Repository/APOLLO- Desktop/Customer Information page/Last name'

2019-06-25 13:48:51 - [TEST_STEP][PASSED] - delay(2): Delayed 2 second(s)

2019-06-25 13:48:53 - [MESSAGE][PASSED] - Delayed 2 second(s)

2019-06-25 13:48:53 - [TEST_STEP][PASSED] - setText(findTestObject("APOLLO- Desktop/Customer Information page/Address"), "1435 st alxendre"): Text '1435 st alxendre' is set on object 'Object Repository/APOLLO- Desktop/Customer Information page/Address'

2019-06-25 13:48:53 - [MESSAGE][PASSED] - Text '1435 st alxendre' is set on object 'Object Repository/APOLLO- Desktop/Customer Information page/Address'

2019-06-25 13:48:53 - [TEST_STEP][PASSED] - setText(findTestObject("APOLLO- Desktop/Customer Information page/Apartment"), "220"): Text '220' is set on object 'Object Repository/APOLLO- Desktop/Customer Information page/Apartment'

2019-06-25 13:48:53 - [MESSAGE][PASSED] - Text '220' is set on object 'Object Repository/APOLLO- Desktop/Customer Information page/Apartment'

2019-06-25 13:48:53 - [TEST_STEP][PASSED] - setText(findTestObject("APOLLO- Desktop/Customer Information page/City"), "montreal"): Text 'montreal' is set on object 'Object Repository/APOLLO- Desktop/Customer Information page/City'

2019-06-25 13:48:53 - [MESSAGE][PASSED] - Text 'montreal' is set on object 'Object Repository/APOLLO- Desktop/Customer Information page/City'

2019-06-25 13:48:53 - [TEST_STEP][PASSED] - selectOptionByValue(findTestObject("APOLLO- Desktop/Customer Information page/Country dropdown"), "United States", true): All options with value 'United States' are selected in object 'Object Repository/APOLLO- Desktop/Customer Information page/Country dropdown'  using regular expression

2019-06-25 13:48:58 - [MESSAGE][PASSED] - All options with value 'United States' are selected in object 'Object Repository/APOLLO- Desktop/Customer Information page/Country dropdown'  using regular expression

2019-06-25 13:48:58 - [TEST_STEP][PASSED] - selectOptionByValue(findTestObject("APOLLO- Desktop/Customer Information page/states dropdown"), "NJ", true): All options with value 'NJ' are selected in object 'Object Repository/APOLLO- Desktop/Customer Information page/states dropdown'  using regular expression

2019-06-25 13:48:59 - [MESSAGE][PASSED] - All options with value 'NJ' are selected in object 'Object Repository/APOLLO- Desktop/Customer Information page/states dropdown'  using regular expression

2019-06-25 13:48:59 - [TEST_STEP][PASSED] - setText(findTestObject("APOLLO- Desktop/Customer Information page/ZIP code"), "07057"): Text '07057' is set on object 'Object Repository/APOLLO- Desktop/Customer Information page/ZIP code'

2019-06-25 13:48:59 - [MESSAGE][PASSED] - Text '07057' is set on object 'Object Repository/APOLLO- Desktop/Customer Information page/ZIP code'

2019-06-25 13:48:59 - [MESSAGE][PASSED] - Call Test Case 'Test Cases/CALL- CUSTOMER INFO PAGE' successfully

2019-06-25 13:48:59 - [TEST_STEP][PASSED] - delay(2): Delayed 2 second(s)

2019-06-25 13:49:01 - [MESSAGE][PASSED] - Delayed 2 second(s)

2019-06-25 13:49:01 - [TEST_STEP][PASSED] - callTestCase(findTestCase("CALL - SHIPPING TO PAYMENT"), [:], STOP_ON_FAILURE): Call Test Case 'Test Cases/CALL - SHIPPING TO PAYMENT' successfully

2019-06-25 13:49:01 - [TEST_CASE][PASSED] - Test Cases/CALL - SHIPPING TO PAYMENT: Test Cases/CALL - SHIPPING TO PAYMENT

2019-06-25 13:49:01 - [TEST_STEP][PASSED] - click(findTestObject("APOLLO- Desktop/Customer Information page/Continue to shipping")): Object: 'Object Repository/APOLLO- Desktop/Customer Information page/Continue to shipping' is clicked on

2019-06-25 13:49:04 - [MESSAGE][PASSED] - Object: 'Object Repository/APOLLO- Desktop/Customer Information page/Continue to shipping' is clicked on

2019-06-25 13:49:04 - [TEST_STEP][NOT_RUN] - executeJavaScript("var previewBar = document.getElementById("preview-bar-iframe"); previewBar.style.display = "none";", []): NOT_RUN: executeJavaScript("var previewBar = document.getElementById("preview-bar-iframe"); previewBar.style.display = "none";", [])

2019-06-25 13:49:04 - [MESSAGE][NOT_RUN] - NOT_RUN: executeJavaScript("var previewBar = document.getElementById("preview-bar-iframe"); previewBar.style.display = "none";", [])

2019-06-25 13:49:04 - [TEST_STEP][PASSED] - click(findTestObject("APOLLO- Desktop/Shipping page/Radio button check")): Object: 'Object Repository/APOLLO- Desktop/Shipping page/Radio button check' is clicked on

2019-06-25 13:49:07 - [MESSAGE][PASSED] - Object: 'Object Repository/APOLLO- Desktop/Shipping page/Radio button check' is clicked on

2019-06-25 13:49:07 - [TEST_STEP][NOT_RUN] - executeJavaScript("var previewBar = document.getElementById("preview-bar-iframe"); previewBar.style.display = "none";", []): NOT_RUN: executeJavaScript("var previewBar = document.getElementById("preview-bar-iframe"); previewBar.style.display = "none";", [])

2019-06-25 13:49:07 - [MESSAGE][NOT_RUN] - NOT_RUN: executeJavaScript("var previewBar = document.getElementById("preview-bar-iframe"); previewBar.style.display = "none";", [])

2019-06-25 13:49:07 - [TEST_STEP][PASSED] - click(findTestObject("APOLLO- Desktop/Shipping page/Continue to payment")): Object: 'Object Repository/APOLLO- Desktop/Shipping page/Continue to payment' is clicked on

2019-06-25 13:49:09 - [MESSAGE][PASSED] - Object: 'Object Repository/APOLLO- Desktop/Shipping page/Continue to payment' is clicked on

2019-06-25 13:49:09 - [TEST_STEP][NOT_RUN] - executeJavaScript("var previewBar = document.getElementById("preview-bar-iframe"); previewBar.style.display = "none";", []): NOT_RUN: executeJavaScript("var previewBar = document.getElementById("preview-bar-iframe"); previewBar.style.display = "none";", [])

2019-06-25 13:49:09 - [MESSAGE][NOT_RUN] - NOT_RUN: executeJavaScript("var previewBar = document.getElementById("preview-bar-iframe"); previewBar.style.display = "none";", [])

2019-06-25 13:49:09 - [TEST_STEP][PASSED] - click(findTestObject("APOLLO- Desktop/payment page/Payment section")): Object: 'Object Repository/APOLLO- Desktop/payment page/Payment section' is clicked on

2019-06-25 13:49:09 - [MESSAGE][PASSED] - Object: 'Object Repository/APOLLO- Desktop/payment page/Payment section' is clicked on

2019-06-25 13:49:09 - [MESSAGE][PASSED] - Call Test Case 'Test Cases/CALL - SHIPPING TO PAYMENT' successfully

2019-06-25 13:49:10 - [TEST_STEP][PASSED] - delay(2): Delayed 2 second(s)

2019-06-25 13:49:12 - [MESSAGE][PASSED] - Delayed 2 second(s)

2019-06-25 13:49:12 - [TEST_STEP][PASSED] - navigateToUrl("https://diff-apollo.myshopify.com/collections/mens-shirts/products/striped-t-shirt?variant=20036806639716"): Navigate to 'https://diff-apollo.myshopify.com/collections/mens-shirts/products/striped-t-shirt?variant=20036806639716' successfully

2019-06-25 13:49:13 - [MESSAGE][PASSED] - Navigate to 'https://diff-apollo.myshopify.com/collections/mens-shirts/products/striped-t-shirt?variant=20036806639716' successfully

2019-06-25 13:49:13 - [TEST_STEP][PASSED] - delay(2): Delayed 2 second(s)

2019-06-25 13:49:15 - [MESSAGE][PASSED] - Delayed 2 second(s)

2019-06-25 13:49:15 - [TEST_STEP][PASSED] - click(findTestObject("APOLLO- Desktop/Product page/Buy with google pay")): Object: 'Object Repository/APOLLO- Desktop/Product page/Buy with google pay' is clicked on

2019-06-25 13:49:16 - [MESSAGE][PASSED] - Object: 'Object Repository/APOLLO- Desktop/Product page/Buy with google pay' is clicked on

2019-06-25 13:49:16 - [TEST_STEP][PASSED] - delay(2): Delayed 2 second(s)

2019-06-25 13:49:18 - [MESSAGE][PASSED] - Delayed 2 second(s)]]></system-out>
         <system-err><![CDATA[]]></system-err>
      </testcase>
      <testcase name="Test Cases/PRODUCT PAGE/Product chevron dropdowns" classname="Test Cases/PRODUCT PAGE/Product chevron dropdowns" status="PASSED">
         <system-out><![CDATA[2019-06-25 13:49:18 - [TEST_CASE][PASSED] - Test Cases/PRODUCT PAGE/Product chevron dropdowns: Test Cases/PRODUCT PAGE/Product chevron dropdowns

2019-06-25 13:49:18 - [TEST_STEP][PASSED] - callTestCase(findTestCase("CALL - URL"), [:], STOP_ON_FAILURE): Call Test Case 'Test Cases/CALL - URL' successfully

2019-06-25 13:49:18 - [TEST_CASE][PASSED] - Test Cases/CALL - URL: Test Cases/CALL - URL

2019-06-25 13:49:18 - [TEST_STEP][PASSED] - openBrowser(""): Browser is opened with url: ''

2019-06-25 13:49:18 - [MESSAGE][WARNING] - A browser is already opened. Closing browser and opening a new one

2019-06-25 13:49:19 - [MESSAGE][INFO] - Starting 'Firefox' driver

2019-06-25 13:49:21 - [MESSAGE][PASSED] - Browser is opened with url: ''

2019-06-25 13:49:21 - [TEST_STEP][PASSED] - navigateToUrl("https://diff-apollo.myshopify.com/?key=eec34184cfd8f82cda816f82753a8c8e9e240f30cf54470e19667b8cbb401948&preview_theme_id="): Navigate to 'https://diff-apollo.myshopify.com/?key=eec34184cfd8f82cda816f82753a8c8e9e240f30cf54470e19667b8cbb401948&preview_theme_id=' successfully

2019-06-25 13:49:28 - [MESSAGE][PASSED] - Navigate to 'https://diff-apollo.myshopify.com/?key=eec34184cfd8f82cda816f82753a8c8e9e240f30cf54470e19667b8cbb401948&preview_theme_id=' successfully

2019-06-25 13:49:28 - [TEST_STEP][NOT_RUN] - executeJavaScript("var previewBar = document.getElementById("preview-bar-iframe"); previewBar.style.display = "none";", []): NOT_RUN: executeJavaScript("var previewBar = document.getElementById("preview-bar-iframe"); previewBar.style.display = "none";", [])

2019-06-25 13:49:28 - [MESSAGE][NOT_RUN] - NOT_RUN: executeJavaScript("var previewBar = document.getElementById("preview-bar-iframe"); previewBar.style.display = "none";", [])

2019-06-25 13:49:28 - [MESSAGE][PASSED] - Call Test Case 'Test Cases/CALL - URL' successfully

2019-06-25 13:49:28 - [TEST_STEP][PASSED] - delay(2): Delayed 2 second(s)

2019-06-25 13:49:30 - [MESSAGE][PASSED] - Delayed 2 second(s)

2019-06-25 13:49:30 - [TEST_STEP][PASSED] - click(findTestObject("APOLLO- Desktop/Burger Menu/Burgermenu")): Object: 'Object Repository/APOLLO- Desktop/Burger Menu/Burgermenu' is clicked on

2019-06-25 13:49:30 - [MESSAGE][PASSED] - Object: 'Object Repository/APOLLO- Desktop/Burger Menu/Burgermenu' is clicked on

2019-06-25 13:49:30 - [TEST_STEP][PASSED] - delay(2): Delayed 2 second(s)

2019-06-25 13:49:32 - [MESSAGE][PASSED] - Delayed 2 second(s)

2019-06-25 13:49:32 - [TEST_STEP][PASSED] - click(findTestObject("APOLLO- Desktop/Burger Menu/Mens chevron")): Object: 'Object Repository/APOLLO- Desktop/Burger Menu/Mens chevron' is clicked on

2019-06-25 13:49:32 - [MESSAGE][PASSED] - Object: 'Object Repository/APOLLO- Desktop/Burger Menu/Mens chevron' is clicked on

2019-06-25 13:49:32 - [TEST_STEP][PASSED] - delay(2): Delayed 2 second(s)

2019-06-25 13:49:34 - [MESSAGE][PASSED] - Delayed 2 second(s)

2019-06-25 13:49:34 - [TEST_STEP][PASSED] - click(findTestObject("APOLLO- Desktop/Burger Menu/Mens - Top Chevron")): Object: 'Object Repository/APOLLO- Desktop/Burger Menu/Mens - Top Chevron' is clicked on

2019-06-25 13:49:35 - [MESSAGE][PASSED] - Object: 'Object Repository/APOLLO- Desktop/Burger Menu/Mens - Top Chevron' is clicked on

2019-06-25 13:49:35 - [TEST_STEP][PASSED] - delay(2): Delayed 2 second(s)

2019-06-25 13:49:37 - [MESSAGE][PASSED] - Delayed 2 second(s)

2019-06-25 13:49:37 - [TEST_STEP][PASSED] - click(findTestObject("APOLLO- Desktop/Burger Menu/Shirts link")): Object: 'Object Repository/APOLLO- Desktop/Burger Menu/Shirts link' is clicked on

2019-06-25 13:49:37 - [MESSAGE][PASSED] - Object: 'Object Repository/APOLLO- Desktop/Burger Menu/Shirts link' is clicked on

2019-06-25 13:49:37 - [TEST_STEP][NOT_RUN] - executeJavaScript("var previewBar = document.getElementById("preview-bar-iframe"); previewBar.style.display = "none";", []): NOT_RUN: executeJavaScript("var previewBar = document.getElementById("preview-bar-iframe"); previewBar.style.display = "none";", [])

2019-06-25 13:49:37 - [MESSAGE][NOT_RUN] - NOT_RUN: executeJavaScript("var previewBar = document.getElementById("preview-bar-iframe"); previewBar.style.display = "none";", [])

2019-06-25 13:49:37 - [TEST_STEP][PASSED] - delay(2): Delayed 2 second(s)

2019-06-25 13:49:39 - [MESSAGE][PASSED] - Delayed 2 second(s)

2019-06-25 13:49:39 - [TEST_STEP][PASSED] - click(findTestObject("APOLLO- Desktop/Collection page/Blue shirt product")): Object: 'Object Repository/APOLLO- Desktop/Collection page/Blue shirt product' is clicked on

2019-06-25 13:49:42 - [MESSAGE][PASSED] - Object: 'Object Repository/APOLLO- Desktop/Collection page/Blue shirt product' is clicked on

2019-06-25 13:49:42 - [TEST_STEP][PASSED] - delay(2): Delayed 2 second(s)

2019-06-25 13:49:44 - [MESSAGE][PASSED] - Delayed 2 second(s)

2019-06-25 13:49:44 - [TEST_STEP][NOT_RUN] - executeJavaScript("var previewBar = document.getElementById("preview-bar-iframe"); previewBar.style.display = "none";", []): NOT_RUN: executeJavaScript("var previewBar = document.getElementById("preview-bar-iframe"); previewBar.style.display = "none";", [])

2019-06-25 13:49:44 - [MESSAGE][NOT_RUN] - NOT_RUN: executeJavaScript("var previewBar = document.getElementById("preview-bar-iframe"); previewBar.style.display = "none";", [])

2019-06-25 13:49:44 - [TEST_STEP][PASSED] - delay(2): Delayed 2 second(s)

2019-06-25 13:49:46 - [MESSAGE][PASSED] - Delayed 2 second(s)

2019-06-25 13:49:46 - [TEST_STEP][PASSED] - click(findTestObject("APOLLO- Desktop/Product page/Details chevron open")): Object: 'Object Repository/APOLLO- Desktop/Product page/Details chevron open' is clicked on

2019-06-25 13:49:46 - [MESSAGE][PASSED] - Object: 'Object Repository/APOLLO- Desktop/Product page/Details chevron open' is clicked on

2019-06-25 13:49:46 - [TEST_STEP][PASSED] - delay(2): Delayed 2 second(s)

2019-06-25 13:49:48 - [MESSAGE][PASSED] - Delayed 2 second(s)

2019-06-25 13:49:48 - [TEST_STEP][PASSED] - click(findTestObject("APOLLO- Desktop/Product page/Details chevron close")): Object: 'Object Repository/APOLLO- Desktop/Product page/Details chevron close' is clicked on

2019-06-25 13:49:48 - [MESSAGE][PASSED] - Object: 'Object Repository/APOLLO- Desktop/Product page/Details chevron close' is clicked on

2019-06-25 13:49:48 - [TEST_STEP][PASSED] - delay(2): Delayed 2 second(s)

2019-06-25 13:49:50 - [MESSAGE][PASSED] - Delayed 2 second(s)

2019-06-25 13:49:50 - [TEST_STEP][PASSED] - click(findTestObject("APOLLO- Desktop/Product page/Type chevron open")): Object: 'Object Repository/APOLLO- Desktop/Product page/Type chevron open' is clicked on

2019-06-25 13:49:51 - [MESSAGE][PASSED] - Object: 'Object Repository/APOLLO- Desktop/Product page/Type chevron open' is clicked on

2019-06-25 13:49:51 - [TEST_STEP][PASSED] - delay(2): Delayed 2 second(s)

2019-06-25 13:49:53 - [MESSAGE][PASSED] - Delayed 2 second(s)

2019-06-25 13:49:53 - [TEST_STEP][PASSED] - click(findTestObject("APOLLO- Desktop/Product page/Type chevron close")): Object: 'Object Repository/APOLLO- Desktop/Product page/Type chevron close' is clicked on

2019-06-25 13:49:53 - [MESSAGE][PASSED] - Object: 'Object Repository/APOLLO- Desktop/Product page/Type chevron close' is clicked on

2019-06-25 13:49:53 - [TEST_STEP][PASSED] - delay(2): Delayed 2 second(s)

2019-06-25 13:49:55 - [MESSAGE][PASSED] - Delayed 2 second(s)

2019-06-25 13:49:55 - [TEST_STEP][PASSED] - click(findTestObject("APOLLO- Desktop/Product page/Brand chevron open")): Object: 'Object Repository/APOLLO- Desktop/Product page/Brand chevron open' is clicked on

2019-06-25 13:49:55 - [MESSAGE][PASSED] - Object: 'Object Repository/APOLLO- Desktop/Product page/Brand chevron open' is clicked on

2019-06-25 13:49:55 - [TEST_STEP][PASSED] - delay(2): Delayed 2 second(s)

2019-06-25 13:49:57 - [MESSAGE][PASSED] - Delayed 2 second(s)

2019-06-25 13:49:57 - [TEST_STEP][PASSED] - click(findTestObject("APOLLO- Desktop/Product page/Brand chevron close")): Object: 'Object Repository/APOLLO- Desktop/Product page/Brand chevron close' is clicked on

2019-06-25 13:49:58 - [MESSAGE][PASSED] - Object: 'Object Repository/APOLLO- Desktop/Product page/Brand chevron close' is clicked on

2019-06-25 13:49:58 - [TEST_STEP][PASSED] - delay(2): Delayed 2 second(s)

2019-06-25 13:50:00 - [MESSAGE][PASSED] - Delayed 2 second(s)

2019-06-25 13:50:00 - [TEST_STEP][PASSED] - click(findTestObject("APOLLO- Desktop/Product page/Shipping chevron open")): Object: 'Object Repository/APOLLO- Desktop/Product page/Shipping chevron open' is clicked on

2019-06-25 13:50:00 - [MESSAGE][PASSED] - Object: 'Object Repository/APOLLO- Desktop/Product page/Shipping chevron open' is clicked on

2019-06-25 13:50:00 - [TEST_STEP][PASSED] - delay(2): Delayed 2 second(s)

2019-06-25 13:50:02 - [MESSAGE][PASSED] - Delayed 2 second(s)

2019-06-25 13:50:02 - [TEST_STEP][PASSED] - click(findTestObject("APOLLO- Desktop/Product page/Shipping chevron close")): Object: 'Object Repository/APOLLO- Desktop/Product page/Shipping chevron close' is clicked on

2019-06-25 13:50:02 - [MESSAGE][PASSED] - Object: 'Object Repository/APOLLO- Desktop/Product page/Shipping chevron close' is clicked on

2019-06-25 13:50:02 - [TEST_STEP][PASSED] - delay(2): Delayed 2 second(s)

2019-06-25 13:50:04 - [MESSAGE][PASSED] - Delayed 2 second(s)

2019-06-25 13:50:04 - [TEST_STEP][PASSED] - click(findTestObject("APOLLO- Desktop/Product page/reviews chevron open")): Object: 'Object Repository/APOLLO- Desktop/Product page/reviews chevron open' is clicked on

2019-06-25 13:50:04 - [MESSAGE][PASSED] - Object: 'Object Repository/APOLLO- Desktop/Product page/reviews chevron open' is clicked on

2019-06-25 13:50:04 - [TEST_STEP][PASSED] - delay(2): Delayed 2 second(s)

2019-06-25 13:50:06 - [MESSAGE][PASSED] - Delayed 2 second(s)

2019-06-25 13:50:06 - [TEST_STEP][PASSED] - click(findTestObject("APOLLO- Desktop/Product page/reviews chevron close")): Object: 'Object Repository/APOLLO- Desktop/Product page/reviews chevron close' is clicked on

2019-06-25 13:50:06 - [MESSAGE][PASSED] - Object: 'Object Repository/APOLLO- Desktop/Product page/reviews chevron close' is clicked on

2019-06-25 13:50:06 - [TEST_STEP][PASSED] - delay(2): Delayed 2 second(s)

2019-06-25 13:50:08 - [MESSAGE][PASSED] - Delayed 2 second(s)

2019-06-25 13:50:08 - [TEST_STEP][PASSED] - click(findTestObject("APOLLO- Desktop/Product page/reviews chevron open")): Object: 'Object Repository/APOLLO- Desktop/Product page/reviews chevron open' is clicked on

2019-06-25 13:50:09 - [MESSAGE][PASSED] - Object: 'Object Repository/APOLLO- Desktop/Product page/reviews chevron open' is clicked on

2019-06-25 13:50:09 - [TEST_STEP][PASSED] - delay(2): Delayed 2 second(s)

2019-06-25 13:50:11 - [MESSAGE][PASSED] - Delayed 2 second(s)

2019-06-25 13:50:11 - [TEST_STEP][PASSED] - click(findTestObject("APOLLO- Desktop/Product page/a_Write a review")): Object: 'Object Repository/APOLLO- Desktop/Product page/a_Write a review' is clicked on

2019-06-25 13:50:11 - [MESSAGE][PASSED] - Object: 'Object Repository/APOLLO- Desktop/Product page/a_Write a review' is clicked on

2019-06-25 13:50:11 - [TEST_STEP][PASSED] - delay(2): Delayed 2 second(s)

2019-06-25 13:50:13 - [MESSAGE][PASSED] - Delayed 2 second(s)

2019-06-25 13:50:13 - [TEST_STEP][PASSED] - setText(findTestObject("APOLLO- Desktop/Product page/input_Name_reviewauthor"), "suman"): Text 'suman' is set on object 'Object Repository/APOLLO- Desktop/Product page/input_Name_reviewauthor'

2019-06-25 13:50:13 - [MESSAGE][PASSED] - Text 'suman' is set on object 'Object Repository/APOLLO- Desktop/Product page/input_Name_reviewauthor'

2019-06-25 13:50:13 - [TEST_STEP][PASSED] - delay(2): Delayed 2 second(s)

2019-06-25 13:50:15 - [MESSAGE][PASSED] - Delayed 2 second(s)

2019-06-25 13:50:15 - [TEST_STEP][PASSED] - setText(findTestObject("APOLLO- Desktop/Product page/input_Email_reviewemail"), "`suman@gmail.com", STOP_ON_FAILURE): Text '`suman@gmail.com' is set on object 'Object Repository/APOLLO- Desktop/Product page/input_Email_reviewemail'

2019-06-25 13:50:15 - [MESSAGE][PASSED] - Text '`suman@gmail.com' is set on object 'Object Repository/APOLLO- Desktop/Product page/input_Email_reviewemail'

2019-06-25 13:50:15 - [TEST_STEP][PASSED] - delay(2): Delayed 2 second(s)

2019-06-25 13:50:17 - [MESSAGE][PASSED] - Delayed 2 second(s)

2019-06-25 13:50:17 - [TEST_STEP][PASSED] - click(findTestObject("APOLLO- Desktop/Product page/Stars review")): Object: 'Object Repository/APOLLO- Desktop/Product page/Stars review' is clicked on

2019-06-25 13:50:17 - [MESSAGE][PASSED] - Object: 'Object Repository/APOLLO- Desktop/Product page/Stars review' is clicked on

2019-06-25 13:50:17 - [TEST_STEP][PASSED] - delay(2): Delayed 2 second(s)

2019-06-25 13:50:19 - [MESSAGE][PASSED] - Delayed 2 second(s)

2019-06-25 13:50:19 - [TEST_STEP][PASSED] - setText(findTestObject("APOLLO- Desktop/Product page/input_Review Title_reviewtitle"), "Nice product"): Text 'Nice product' is set on object 'Object Repository/APOLLO- Desktop/Product page/input_Review Title_reviewtitle'

2019-06-25 13:50:19 - [MESSAGE][PASSED] - Text 'Nice product' is set on object 'Object Repository/APOLLO- Desktop/Product page/input_Review Title_reviewtitle'

2019-06-25 13:50:19 - [TEST_STEP][PASSED] - delay(2): Delayed 2 second(s)

2019-06-25 13:50:21 - [MESSAGE][PASSED] - Delayed 2 second(s)

2019-06-25 13:50:21 - [TEST_STEP][PASSED] - setText(findTestObject("APOLLO- Desktop/Product page/textarea_characters remaining_"), "Good product"): Text 'Good product' is set on object 'Object Repository/APOLLO- Desktop/Product page/textarea_characters remaining_'

2019-06-25 13:50:21 - [MESSAGE][PASSED] - Text 'Good product' is set on object 'Object Repository/APOLLO- Desktop/Product page/textarea_characters remaining_'

2019-06-25 13:50:21 - [TEST_STEP][PASSED] - delay(2): Delayed 2 second(s)

2019-06-25 13:50:23 - [MESSAGE][PASSED] - Delayed 2 second(s)

2019-06-25 13:50:23 - [TEST_STEP][PASSED] - click(findTestObject("APOLLO- Desktop/Product page/Submit review")): Object: 'Object Repository/APOLLO- Desktop/Product page/Submit review' is clicked on

2019-06-25 13:50:24 - [MESSAGE][PASSED] - Object: 'Object Repository/APOLLO- Desktop/Product page/Submit review' is clicked on

2019-06-25 13:50:24 - [TEST_STEP][PASSED] - delay(2): Delayed 2 second(s)

2019-06-25 13:50:26 - [MESSAGE][PASSED] - Delayed 2 second(s)

2019-06-25 13:50:26 - [TEST_STEP][PASSED] - click(findTestObject("APOLLO- Desktop/Product page/number-2"), CONTINUE_ON_FAILURE): Object: 'Object Repository/APOLLO- Desktop/Product page/number-2' is clicked on

2019-06-25 13:50:26 - [MESSAGE][PASSED] - Object: 'Object Repository/APOLLO- Desktop/Product page/number-2' is clicked on

2019-06-25 13:50:26 - [TEST_STEP][PASSED] - delay(2, CONTINUE_ON_FAILURE): Delayed 2 second(s)

2019-06-25 13:50:28 - [MESSAGE][PASSED] - Delayed 2 second(s)

2019-06-25 13:50:28 - [TEST_STEP][PASSED] - click(findTestObject("APOLLO- Desktop/Product page/a_Next"), CONTINUE_ON_FAILURE): Object: 'Object Repository/APOLLO- Desktop/Product page/a_Next' is clicked on

2019-06-25 13:50:28 - [MESSAGE][PASSED] - Object: 'Object Repository/APOLLO- Desktop/Product page/a_Next' is clicked on

2019-06-25 13:50:28 - [TEST_STEP][PASSED] - delay(2, CONTINUE_ON_FAILURE): Delayed 2 second(s)

2019-06-25 13:50:30 - [MESSAGE][PASSED] - Delayed 2 second(s)

2019-06-25 13:50:30 - [TEST_STEP][PASSED] - click(findTestObject("APOLLO- Desktop/Product page/a_ Previous"), CONTINUE_ON_FAILURE): Object: 'Object Repository/APOLLO- Desktop/Product page/a_ Previous' is clicked on

2019-06-25 13:50:30 - [MESSAGE][PASSED] - Object: 'Object Repository/APOLLO- Desktop/Product page/a_ Previous' is clicked on]]></system-out>
         <system-err><![CDATA[]]></system-err>
      </testcase>
      <testcase name="Test Cases/PRODUCT PAGE/You might also like" classname="Test Cases/PRODUCT PAGE/You might also like" status="PASSED">
         <system-out><![CDATA[2019-06-25 13:50:30 - [TEST_CASE][PASSED] - Test Cases/PRODUCT PAGE/You might also like: Test Cases/PRODUCT PAGE/You might also like

2019-06-25 13:50:30 - [TEST_STEP][PASSED] - callTestCase(findTestCase("CALL - URL"), [:], STOP_ON_FAILURE): Call Test Case 'Test Cases/CALL - URL' successfully

2019-06-25 13:50:30 - [TEST_CASE][PASSED] - Test Cases/CALL - URL: Test Cases/CALL - URL

2019-06-25 13:50:30 - [TEST_STEP][PASSED] - openBrowser(""): Browser is opened with url: ''

2019-06-25 13:50:30 - [MESSAGE][WARNING] - A browser is already opened. Closing browser and opening a new one

2019-06-25 13:50:31 - [MESSAGE][INFO] - Starting 'Firefox' driver

2019-06-25 13:50:33 - [MESSAGE][PASSED] - Browser is opened with url: ''

2019-06-25 13:50:33 - [TEST_STEP][PASSED] - navigateToUrl("https://diff-apollo.myshopify.com/?key=eec34184cfd8f82cda816f82753a8c8e9e240f30cf54470e19667b8cbb401948&preview_theme_id="): Navigate to 'https://diff-apollo.myshopify.com/?key=eec34184cfd8f82cda816f82753a8c8e9e240f30cf54470e19667b8cbb401948&preview_theme_id=' successfully

2019-06-25 13:50:44 - [MESSAGE][PASSED] - Navigate to 'https://diff-apollo.myshopify.com/?key=eec34184cfd8f82cda816f82753a8c8e9e240f30cf54470e19667b8cbb401948&preview_theme_id=' successfully

2019-06-25 13:50:44 - [TEST_STEP][NOT_RUN] - executeJavaScript("var previewBar = document.getElementById("preview-bar-iframe"); previewBar.style.display = "none";", []): NOT_RUN: executeJavaScript("var previewBar = document.getElementById("preview-bar-iframe"); previewBar.style.display = "none";", [])

2019-06-25 13:50:44 - [MESSAGE][NOT_RUN] - NOT_RUN: executeJavaScript("var previewBar = document.getElementById("preview-bar-iframe"); previewBar.style.display = "none";", [])

2019-06-25 13:50:44 - [MESSAGE][PASSED] - Call Test Case 'Test Cases/CALL - URL' successfully

2019-06-25 13:50:44 - [TEST_STEP][PASSED] - delay(2): Delayed 2 second(s)

2019-06-25 13:50:46 - [MESSAGE][PASSED] - Delayed 2 second(s)

2019-06-25 13:50:46 - [TEST_STEP][PASSED] - click(findTestObject("APOLLO- Desktop/Burger Menu/Burgermenu")): Object: 'Object Repository/APOLLO- Desktop/Burger Menu/Burgermenu' is clicked on

2019-06-25 13:50:46 - [MESSAGE][PASSED] - Object: 'Object Repository/APOLLO- Desktop/Burger Menu/Burgermenu' is clicked on

2019-06-25 13:50:46 - [TEST_STEP][PASSED] - delay(2): Delayed 2 second(s)

2019-06-25 13:50:48 - [MESSAGE][PASSED] - Delayed 2 second(s)

2019-06-25 13:50:48 - [TEST_STEP][PASSED] - click(findTestObject("APOLLO- Desktop/Burger Menu/Mens chevron")): Object: 'Object Repository/APOLLO- Desktop/Burger Menu/Mens chevron' is clicked on

2019-06-25 13:50:48 - [MESSAGE][PASSED] - Object: 'Object Repository/APOLLO- Desktop/Burger Menu/Mens chevron' is clicked on

2019-06-25 13:50:48 - [TEST_STEP][PASSED] - delay(2): Delayed 2 second(s)

2019-06-25 13:50:50 - [MESSAGE][PASSED] - Delayed 2 second(s)

2019-06-25 13:50:50 - [TEST_STEP][PASSED] - click(findTestObject("APOLLO- Desktop/Burger Menu/Mens - Top Chevron")): Object: 'Object Repository/APOLLO- Desktop/Burger Menu/Mens - Top Chevron' is clicked on

2019-06-25 13:50:51 - [MESSAGE][PASSED] - Object: 'Object Repository/APOLLO- Desktop/Burger Menu/Mens - Top Chevron' is clicked on

2019-06-25 13:50:51 - [TEST_STEP][PASSED] - delay(2): Delayed 2 second(s)

2019-06-25 13:50:53 - [MESSAGE][PASSED] - Delayed 2 second(s)

2019-06-25 13:50:53 - [TEST_STEP][PASSED] - click(findTestObject("APOLLO- Desktop/Burger Menu/Shirts link")): Object: 'Object Repository/APOLLO- Desktop/Burger Menu/Shirts link' is clicked on

2019-06-25 13:50:54 - [MESSAGE][PASSED] - Object: 'Object Repository/APOLLO- Desktop/Burger Menu/Shirts link' is clicked on

2019-06-25 13:50:54 - [TEST_STEP][NOT_RUN] - executeJavaScript("var previewBar = document.getElementById("preview-bar-iframe"); previewBar.style.display = "none";", []): NOT_RUN: executeJavaScript("var previewBar = document.getElementById("preview-bar-iframe"); previewBar.style.display = "none";", [])

2019-06-25 13:50:54 - [MESSAGE][NOT_RUN] - NOT_RUN: executeJavaScript("var previewBar = document.getElementById("preview-bar-iframe"); previewBar.style.display = "none";", [])

2019-06-25 13:50:54 - [TEST_STEP][PASSED] - delay(2): Delayed 2 second(s)

2019-06-25 13:50:56 - [MESSAGE][PASSED] - Delayed 2 second(s)

2019-06-25 13:50:56 - [TEST_STEP][PASSED] - click(findTestObject("APOLLO- Desktop/Collection page/Blue shirt product")): Object: 'Object Repository/APOLLO- Desktop/Collection page/Blue shirt product' is clicked on

2019-06-25 13:50:59 - [MESSAGE][PASSED] - Object: 'Object Repository/APOLLO- Desktop/Collection page/Blue shirt product' is clicked on

2019-06-25 13:50:59 - [TEST_STEP][PASSED] - delay(2): Delayed 2 second(s)

2019-06-25 13:51:01 - [MESSAGE][PASSED] - Delayed 2 second(s)

2019-06-25 13:51:01 - [TEST_STEP][NOT_RUN] - executeJavaScript("var previewBar = document.getElementById("preview-bar-iframe"); previewBar.style.display = "none";", []): NOT_RUN: executeJavaScript("var previewBar = document.getElementById("preview-bar-iframe"); previewBar.style.display = "none";", [])

2019-06-25 13:51:01 - [MESSAGE][NOT_RUN] - NOT_RUN: executeJavaScript("var previewBar = document.getElementById("preview-bar-iframe"); previewBar.style.display = "none";", [])

2019-06-25 13:51:01 - [TEST_STEP][PASSED] - delay(2): Delayed 2 second(s)

2019-06-25 13:51:03 - [MESSAGE][PASSED] - Delayed 2 second(s)

2019-06-25 13:51:03 - [TEST_STEP][PASSED] - click(findTestObject("APOLLO- Desktop/Product page/You might alos like/you might also like")): Object: 'Object Repository/APOLLO- Desktop/Product page/You might alos like/you might also like' is clicked on

2019-06-25 13:51:04 - [MESSAGE][PASSED] - Object: 'Object Repository/APOLLO- Desktop/Product page/You might alos like/you might also like' is clicked on

2019-06-25 13:51:04 - [TEST_STEP][PASSED] - delay(2): Delayed 2 second(s)

2019-06-25 13:51:06 - [MESSAGE][PASSED] - Delayed 2 second(s)

2019-06-25 13:51:06 - [TEST_STEP][PASSED] - click(findTestObject("APOLLO- Desktop/Product page/You might alos like/Next button")): Object: 'Object Repository/APOLLO- Desktop/Product page/You might alos like/Next button' is clicked on

2019-06-25 13:51:06 - [MESSAGE][PASSED] - Object: 'Object Repository/APOLLO- Desktop/Product page/You might alos like/Next button' is clicked on

2019-06-25 13:51:06 - [TEST_STEP][PASSED] - delay(2): Delayed 2 second(s)

2019-06-25 13:51:08 - [MESSAGE][PASSED] - Delayed 2 second(s)

2019-06-25 13:51:08 - [TEST_STEP][PASSED] - click(findTestObject("APOLLO- Desktop/Product page/You might alos like/Previous button")): Object: 'Object Repository/APOLLO- Desktop/Product page/You might alos like/Previous button' is clicked on

2019-06-25 13:51:08 - [MESSAGE][PASSED] - Object: 'Object Repository/APOLLO- Desktop/Product page/You might alos like/Previous button' is clicked on

2019-06-25 13:51:08 - [TEST_STEP][PASSED] - delay(2): Delayed 2 second(s)

2019-06-25 13:51:10 - [MESSAGE][PASSED] - Delayed 2 second(s)

2019-06-25 13:51:10 - [TEST_STEP][PASSED] - click(findTestObject("APOLLO- Desktop/Product page/You might alos like/Product tile")): Object: 'Object Repository/APOLLO- Desktop/Product page/You might alos like/Product tile' is clicked on

2019-06-25 13:51:20 - [MESSAGE][PASSED] - Object: 'Object Repository/APOLLO- Desktop/Product page/You might alos like/Product tile' is clicked on

2019-06-25 13:51:20 - [TEST_STEP][PASSED] - delay(2): Delayed 2 second(s)

2019-06-25 13:51:22 - [MESSAGE][PASSED] - Delayed 2 second(s)

2019-06-25 13:51:22 - [TEST_STEP][PASSED] - click(findTestObject("APOLLO- Desktop/Product page/Add to bag")): Object: 'Object Repository/APOLLO- Desktop/Product page/Add to bag' is clicked on

2019-06-25 13:51:22 - [MESSAGE][PASSED] - Object: 'Object Repository/APOLLO- Desktop/Product page/Add to bag' is clicked on

2019-06-25 13:51:22 - [TEST_STEP][PASSED] - delay(2): Delayed 2 second(s)

2019-06-25 13:51:24 - [MESSAGE][PASSED] - Delayed 2 second(s)

2019-06-25 13:51:24 - [TEST_STEP][NOT_RUN] - executeJavaScript("var previewBar = document.getElementById("preview-bar-iframe"); previewBar.style.display = "none";", []): NOT_RUN: executeJavaScript("var previewBar = document.getElementById("preview-bar-iframe"); previewBar.style.display = "none";", [])

2019-06-25 13:51:24 - [MESSAGE][NOT_RUN] - NOT_RUN: executeJavaScript("var previewBar = document.getElementById("preview-bar-iframe"); previewBar.style.display = "none";", [])

2019-06-25 13:51:24 - [TEST_STEP][PASSED] - click(findTestObject("APOLLO- Desktop/Cart flyout/Checkout")): Object: 'Object Repository/APOLLO- Desktop/Cart flyout/Checkout' is clicked on

2019-06-25 13:51:27 - [MESSAGE][PASSED] - Object: 'Object Repository/APOLLO- Desktop/Cart flyout/Checkout' is clicked on

2019-06-25 13:51:27 - [TEST_STEP][PASSED] - callTestCase(findTestCase("CALL- CUSTOMER INFO PAGE"), [:], STOP_ON_FAILURE): Call Test Case 'Test Cases/CALL- CUSTOMER INFO PAGE' successfully

2019-06-25 13:51:27 - [TEST_CASE][PASSED] - Test Cases/CALL- CUSTOMER INFO PAGE: Test Cases/CALL- CUSTOMER INFO PAGE

2019-06-25 13:51:27 - [TEST_STEP][PASSED] - delay(2): Delayed 2 second(s)

2019-06-25 13:51:29 - [MESSAGE][PASSED] - Delayed 2 second(s)

2019-06-25 13:51:29 - [TEST_STEP][NOT_RUN] - executeJavaScript("var previewBar = document.getElementById("preview-bar-iframe"); previewBar.style.display = "none";", []): NOT_RUN: executeJavaScript("var previewBar = document.getElementById("preview-bar-iframe"); previewBar.style.display = "none";", [])

2019-06-25 13:51:29 - [MESSAGE][NOT_RUN] - NOT_RUN: executeJavaScript("var previewBar = document.getElementById("preview-bar-iframe"); previewBar.style.display = "none";", [])

2019-06-25 13:51:29 - [TEST_STEP][PASSED] - setText(findTestObject("APOLLO- Desktop/Customer Information page/Email"), "suman@gmail.com"): Text 'suman@gmail.com' is set on object 'Object Repository/APOLLO- Desktop/Customer Information page/Email'

2019-06-25 13:51:29 - [MESSAGE][PASSED] - Text 'suman@gmail.com' is set on object 'Object Repository/APOLLO- Desktop/Customer Information page/Email'

2019-06-25 13:51:29 - [TEST_STEP][PASSED] - delay(2): Delayed 2 second(s)

2019-06-25 13:51:31 - [MESSAGE][PASSED] - Delayed 2 second(s)

2019-06-25 13:51:31 - [TEST_STEP][PASSED] - setText(findTestObject("APOLLO- Desktop/Customer Information page/First name"), "suman"): Text 'suman' is set on object 'Object Repository/APOLLO- Desktop/Customer Information page/First name'

2019-06-25 13:51:31 - [MESSAGE][PASSED] - Text 'suman' is set on object 'Object Repository/APOLLO- Desktop/Customer Information page/First name'

2019-06-25 13:51:31 - [TEST_STEP][PASSED] - delay(2): Delayed 2 second(s)

2019-06-25 13:51:33 - [MESSAGE][PASSED] - Delayed 2 second(s)

2019-06-25 13:51:33 - [TEST_STEP][PASSED] - setText(findTestObject("APOLLO- Desktop/Customer Information page/Last name"), "kompelly"): Text 'kompelly' is set on object 'Object Repository/APOLLO- Desktop/Customer Information page/Last name'

2019-06-25 13:51:33 - [MESSAGE][PASSED] - Text 'kompelly' is set on object 'Object Repository/APOLLO- Desktop/Customer Information page/Last name'

2019-06-25 13:51:33 - [TEST_STEP][PASSED] - delay(2): Delayed 2 second(s)

2019-06-25 13:51:35 - [MESSAGE][PASSED] - Delayed 2 second(s)

2019-06-25 13:51:35 - [TEST_STEP][PASSED] - setText(findTestObject("APOLLO- Desktop/Customer Information page/Address"), "1435 st alxendre"): Text '1435 st alxendre' is set on object 'Object Repository/APOLLO- Desktop/Customer Information page/Address'

2019-06-25 13:51:36 - [MESSAGE][PASSED] - Text '1435 st alxendre' is set on object 'Object Repository/APOLLO- Desktop/Customer Information page/Address'

2019-06-25 13:51:36 - [TEST_STEP][PASSED] - setText(findTestObject("APOLLO- Desktop/Customer Information page/Apartment"), "220"): Text '220' is set on object 'Object Repository/APOLLO- Desktop/Customer Information page/Apartment'

2019-06-25 13:51:36 - [MESSAGE][PASSED] - Text '220' is set on object 'Object Repository/APOLLO- Desktop/Customer Information page/Apartment'

2019-06-25 13:51:36 - [TEST_STEP][PASSED] - setText(findTestObject("APOLLO- Desktop/Customer Information page/City"), "montreal"): Text 'montreal' is set on object 'Object Repository/APOLLO- Desktop/Customer Information page/City'

2019-06-25 13:51:36 - [MESSAGE][PASSED] - Text 'montreal' is set on object 'Object Repository/APOLLO- Desktop/Customer Information page/City'

2019-06-25 13:51:36 - [TEST_STEP][PASSED] - selectOptionByValue(findTestObject("APOLLO- Desktop/Customer Information page/Country dropdown"), "United States", true): All options with value 'United States' are selected in object 'Object Repository/APOLLO- Desktop/Customer Information page/Country dropdown'  using regular expression

2019-06-25 13:51:40 - [MESSAGE][PASSED] - All options with value 'United States' are selected in object 'Object Repository/APOLLO- Desktop/Customer Information page/Country dropdown'  using regular expression

2019-06-25 13:51:40 - [TEST_STEP][PASSED] - selectOptionByValue(findTestObject("APOLLO- Desktop/Customer Information page/states dropdown"), "NJ", true): All options with value 'NJ' are selected in object 'Object Repository/APOLLO- Desktop/Customer Information page/states dropdown'  using regular expression

2019-06-25 13:51:41 - [MESSAGE][PASSED] - All options with value 'NJ' are selected in object 'Object Repository/APOLLO- Desktop/Customer Information page/states dropdown'  using regular expression

2019-06-25 13:51:41 - [TEST_STEP][PASSED] - setText(findTestObject("APOLLO- Desktop/Customer Information page/ZIP code"), "07057"): Text '07057' is set on object 'Object Repository/APOLLO- Desktop/Customer Information page/ZIP code'

2019-06-25 13:51:41 - [MESSAGE][PASSED] - Text '07057' is set on object 'Object Repository/APOLLO- Desktop/Customer Information page/ZIP code'

2019-06-25 13:51:41 - [MESSAGE][PASSED] - Call Test Case 'Test Cases/CALL- CUSTOMER INFO PAGE' successfully

2019-06-25 13:51:41 - [TEST_STEP][PASSED] - delay(2): Delayed 2 second(s)

2019-06-25 13:51:43 - [MESSAGE][PASSED] - Delayed 2 second(s)

2019-06-25 13:51:43 - [TEST_STEP][PASSED] - callTestCase(findTestCase("CALL - SHIPPING TO PAYMENT"), [:], STOP_ON_FAILURE): Call Test Case 'Test Cases/CALL - SHIPPING TO PAYMENT' successfully

2019-06-25 13:51:43 - [TEST_CASE][PASSED] - Test Cases/CALL - SHIPPING TO PAYMENT: Test Cases/CALL - SHIPPING TO PAYMENT

2019-06-25 13:51:43 - [TEST_STEP][PASSED] - click(findTestObject("APOLLO- Desktop/Customer Information page/Continue to shipping")): Object: 'Object Repository/APOLLO- Desktop/Customer Information page/Continue to shipping' is clicked on

2019-06-25 13:51:46 - [MESSAGE][PASSED] - Object: 'Object Repository/APOLLO- Desktop/Customer Information page/Continue to shipping' is clicked on

2019-06-25 13:51:46 - [TEST_STEP][NOT_RUN] - executeJavaScript("var previewBar = document.getElementById("preview-bar-iframe"); previewBar.style.display = "none";", []): NOT_RUN: executeJavaScript("var previewBar = document.getElementById("preview-bar-iframe"); previewBar.style.display = "none";", [])

2019-06-25 13:51:46 - [MESSAGE][NOT_RUN] - NOT_RUN: executeJavaScript("var previewBar = document.getElementById("preview-bar-iframe"); previewBar.style.display = "none";", [])

2019-06-25 13:51:46 - [TEST_STEP][PASSED] - click(findTestObject("APOLLO- Desktop/Shipping page/Radio button check")): Object: 'Object Repository/APOLLO- Desktop/Shipping page/Radio button check' is clicked on

2019-06-25 13:51:47 - [MESSAGE][PASSED] - Object: 'Object Repository/APOLLO- Desktop/Shipping page/Radio button check' is clicked on

2019-06-25 13:51:47 - [TEST_STEP][NOT_RUN] - executeJavaScript("var previewBar = document.getElementById("preview-bar-iframe"); previewBar.style.display = "none";", []): NOT_RUN: executeJavaScript("var previewBar = document.getElementById("preview-bar-iframe"); previewBar.style.display = "none";", [])

2019-06-25 13:51:47 - [MESSAGE][NOT_RUN] - NOT_RUN: executeJavaScript("var previewBar = document.getElementById("preview-bar-iframe"); previewBar.style.display = "none";", [])

2019-06-25 13:51:47 - [TEST_STEP][PASSED] - click(findTestObject("APOLLO- Desktop/Shipping page/Continue to payment")): Object: 'Object Repository/APOLLO- Desktop/Shipping page/Continue to payment' is clicked on

2019-06-25 13:51:49 - [MESSAGE][PASSED] - Object: 'Object Repository/APOLLO- Desktop/Shipping page/Continue to payment' is clicked on

2019-06-25 13:51:49 - [TEST_STEP][NOT_RUN] - executeJavaScript("var previewBar = document.getElementById("preview-bar-iframe"); previewBar.style.display = "none";", []): NOT_RUN: executeJavaScript("var previewBar = document.getElementById("preview-bar-iframe"); previewBar.style.display = "none";", [])

2019-06-25 13:51:49 - [MESSAGE][NOT_RUN] - NOT_RUN: executeJavaScript("var previewBar = document.getElementById("preview-bar-iframe"); previewBar.style.display = "none";", [])

2019-06-25 13:51:49 - [TEST_STEP][PASSED] - click(findTestObject("APOLLO- Desktop/payment page/Payment section")): Object: 'Object Repository/APOLLO- Desktop/payment page/Payment section' is clicked on

2019-06-25 13:51:50 - [MESSAGE][PASSED] - Object: 'Object Repository/APOLLO- Desktop/payment page/Payment section' is clicked on

2019-06-25 13:51:50 - [MESSAGE][PASSED] - Call Test Case 'Test Cases/CALL - SHIPPING TO PAYMENT' successfully]]></system-out>
         <system-err><![CDATA[]]></system-err>
      </testcase>
      <testcase name="Test Cases/PRODUCT PAGE/Shop all products CTA" classname="Test Cases/PRODUCT PAGE/Shop all products CTA" status="PASSED">
         <system-out><![CDATA[2019-06-25 13:51:50 - [TEST_CASE][PASSED] - Test Cases/PRODUCT PAGE/Shop all products CTA: Test Cases/PRODUCT PAGE/Shop all products CTA

2019-06-25 13:51:50 - [TEST_STEP][PASSED] - callTestCase(findTestCase("CALL - URL"), [:], STOP_ON_FAILURE): Call Test Case 'Test Cases/CALL - URL' successfully

2019-06-25 13:51:50 - [TEST_CASE][PASSED] - Test Cases/CALL - URL: Test Cases/CALL - URL

2019-06-25 13:51:50 - [TEST_STEP][PASSED] - openBrowser(""): Browser is opened with url: ''

2019-06-25 13:51:50 - [MESSAGE][WARNING] - A browser is already opened. Closing browser and opening a new one

2019-06-25 13:51:51 - [MESSAGE][INFO] - Starting 'Firefox' driver

2019-06-25 13:51:53 - [MESSAGE][PASSED] - Browser is opened with url: ''

2019-06-25 13:51:53 - [TEST_STEP][PASSED] - navigateToUrl("https://diff-apollo.myshopify.com/?key=eec34184cfd8f82cda816f82753a8c8e9e240f30cf54470e19667b8cbb401948&preview_theme_id="): Navigate to 'https://diff-apollo.myshopify.com/?key=eec34184cfd8f82cda816f82753a8c8e9e240f30cf54470e19667b8cbb401948&preview_theme_id=' successfully

2019-06-25 13:51:58 - [MESSAGE][PASSED] - Navigate to 'https://diff-apollo.myshopify.com/?key=eec34184cfd8f82cda816f82753a8c8e9e240f30cf54470e19667b8cbb401948&preview_theme_id=' successfully

2019-06-25 13:51:58 - [TEST_STEP][NOT_RUN] - executeJavaScript("var previewBar = document.getElementById("preview-bar-iframe"); previewBar.style.display = "none";", []): NOT_RUN: executeJavaScript("var previewBar = document.getElementById("preview-bar-iframe"); previewBar.style.display = "none";", [])

2019-06-25 13:51:58 - [MESSAGE][NOT_RUN] - NOT_RUN: executeJavaScript("var previewBar = document.getElementById("preview-bar-iframe"); previewBar.style.display = "none";", [])

2019-06-25 13:51:58 - [MESSAGE][PASSED] - Call Test Case 'Test Cases/CALL - URL' successfully

2019-06-25 13:51:58 - [TEST_STEP][PASSED] - delay(2): Delayed 2 second(s)

2019-06-25 13:52:00 - [MESSAGE][PASSED] - Delayed 2 second(s)

2019-06-25 13:52:00 - [TEST_STEP][PASSED] - click(findTestObject("APOLLO- Desktop/Burger Menu/Burgermenu")): Object: 'Object Repository/APOLLO- Desktop/Burger Menu/Burgermenu' is clicked on

2019-06-25 13:52:00 - [MESSAGE][PASSED] - Object: 'Object Repository/APOLLO- Desktop/Burger Menu/Burgermenu' is clicked on

2019-06-25 13:52:00 - [TEST_STEP][PASSED] - delay(2): Delayed 2 second(s)

2019-06-25 13:52:02 - [MESSAGE][PASSED] - Delayed 2 second(s)

2019-06-25 13:52:02 - [TEST_STEP][PASSED] - click(findTestObject("APOLLO- Desktop/Burger Menu/Mens chevron")): Object: 'Object Repository/APOLLO- Desktop/Burger Menu/Mens chevron' is clicked on

2019-06-25 13:52:03 - [MESSAGE][PASSED] - Object: 'Object Repository/APOLLO- Desktop/Burger Menu/Mens chevron' is clicked on

2019-06-25 13:52:03 - [TEST_STEP][PASSED] - delay(2): Delayed 2 second(s)

2019-06-25 13:52:05 - [MESSAGE][PASSED] - Delayed 2 second(s)

2019-06-25 13:52:05 - [TEST_STEP][PASSED] - click(findTestObject("APOLLO- Desktop/Burger Menu/Mens - Top Chevron")): Object: 'Object Repository/APOLLO- Desktop/Burger Menu/Mens - Top Chevron' is clicked on

2019-06-25 13:52:05 - [MESSAGE][PASSED] - Object: 'Object Repository/APOLLO- Desktop/Burger Menu/Mens - Top Chevron' is clicked on

2019-06-25 13:52:05 - [TEST_STEP][PASSED] - delay(2): Delayed 2 second(s)

2019-06-25 13:52:07 - [MESSAGE][PASSED] - Delayed 2 second(s)

2019-06-25 13:52:07 - [TEST_STEP][PASSED] - click(findTestObject("APOLLO- Desktop/Burger Menu/Shirts link")): Object: 'Object Repository/APOLLO- Desktop/Burger Menu/Shirts link' is clicked on

2019-06-25 13:52:08 - [MESSAGE][PASSED] - Object: 'Object Repository/APOLLO- Desktop/Burger Menu/Shirts link' is clicked on

2019-06-25 13:52:08 - [TEST_STEP][NOT_RUN] - executeJavaScript("var previewBar = document.getElementById("preview-bar-iframe"); previewBar.style.display = "none";", []): NOT_RUN: executeJavaScript("var previewBar = document.getElementById("preview-bar-iframe"); previewBar.style.display = "none";", [])

2019-06-25 13:52:08 - [MESSAGE][NOT_RUN] - NOT_RUN: executeJavaScript("var previewBar = document.getElementById("preview-bar-iframe"); previewBar.style.display = "none";", [])

2019-06-25 13:52:08 - [TEST_STEP][PASSED] - delay(2): Delayed 2 second(s)

2019-06-25 13:52:10 - [MESSAGE][PASSED] - Delayed 2 second(s)

2019-06-25 13:52:10 - [TEST_STEP][PASSED] - click(findTestObject("APOLLO- Desktop/Collection page/Blue shirt product")): Object: 'Object Repository/APOLLO- Desktop/Collection page/Blue shirt product' is clicked on

2019-06-25 13:52:12 - [MESSAGE][PASSED] - Object: 'Object Repository/APOLLO- Desktop/Collection page/Blue shirt product' is clicked on

2019-06-25 13:52:12 - [TEST_STEP][PASSED] - delay(2): Delayed 2 second(s)

2019-06-25 13:52:14 - [MESSAGE][PASSED] - Delayed 2 second(s)

2019-06-25 13:52:14 - [TEST_STEP][NOT_RUN] - executeJavaScript("var previewBar = document.getElementById("preview-bar-iframe"); previewBar.style.display = "none";", []): NOT_RUN: executeJavaScript("var previewBar = document.getElementById("preview-bar-iframe"); previewBar.style.display = "none";", [])

2019-06-25 13:52:14 - [MESSAGE][NOT_RUN] - NOT_RUN: executeJavaScript("var previewBar = document.getElementById("preview-bar-iframe"); previewBar.style.display = "none";", [])

2019-06-25 13:52:14 - [TEST_STEP][PASSED] - delay(2): Delayed 2 second(s)

2019-06-25 13:52:16 - [MESSAGE][PASSED] - Delayed 2 second(s)

2019-06-25 13:52:16 - [TEST_STEP][PASSED] - click(findTestObject("APOLLO- Desktop/Product page/a_Shop all products")): Object: 'Object Repository/APOLLO- Desktop/Product page/a_Shop all products' is clicked on

2019-06-25 13:52:19 - [MESSAGE][PASSED] - Object: 'Object Repository/APOLLO- Desktop/Product page/a_Shop all products' is clicked on

2019-06-25 13:52:19 - [TEST_STEP][PASSED] - a = getWindowTitle(): Current window's title is: 'Products – Diff Apollo'

2019-06-25 13:52:19 - [MESSAGE][PASSED] - Current window's title is: 'Products – Diff Apollo'

2019-06-25 13:52:19 - [TEST_STEP][PASSED] - comment(" a=" + a):  a=Products – Diff Apollo

2019-06-25 13:52:19 - [MESSAGE][INFO] -  a=Products – Diff Apollo

2019-06-25 13:52:19 - [TEST_STEP][PASSED] - b = "Products – Diff Apollo": null

2019-06-25 13:52:19 - [TEST_STEP][PASSED] - if (a == b): right page

2019-06-25 13:52:19 - [TEST_STEP][PASSED] - comment("right page"): right page

2019-06-25 13:52:19 - [MESSAGE][INFO] - right page]]></system-out>
         <system-err><![CDATA[]]></system-err>
      </testcase>
      <testcase name="Test Cases/PRODUCT PAGE/Image sliders and chevrons" classname="Test Cases/PRODUCT PAGE/Image sliders and chevrons" status="PASSED">
         <system-out><![CDATA[2019-06-25 13:52:19 - [TEST_CASE][PASSED] - Test Cases/PRODUCT PAGE/Image sliders and chevrons: Test Cases/PRODUCT PAGE/Image sliders and chevrons

2019-06-25 13:52:19 - [TEST_STEP][PASSED] - callTestCase(findTestCase("CALL - URL"), [:], STOP_ON_FAILURE): Call Test Case 'Test Cases/CALL - URL' successfully

2019-06-25 13:52:19 - [TEST_CASE][PASSED] - Test Cases/CALL - URL: Test Cases/CALL - URL

2019-06-25 13:52:19 - [TEST_STEP][PASSED] - openBrowser(""): Browser is opened with url: ''

2019-06-25 13:52:19 - [MESSAGE][WARNING] - A browser is already opened. Closing browser and opening a new one

2019-06-25 13:52:20 - [MESSAGE][INFO] - Starting 'Firefox' driver

2019-06-25 13:52:22 - [MESSAGE][PASSED] - Browser is opened with url: ''

2019-06-25 13:52:22 - [TEST_STEP][PASSED] - navigateToUrl("https://diff-apollo.myshopify.com/?key=eec34184cfd8f82cda816f82753a8c8e9e240f30cf54470e19667b8cbb401948&preview_theme_id="): Navigate to 'https://diff-apollo.myshopify.com/?key=eec34184cfd8f82cda816f82753a8c8e9e240f30cf54470e19667b8cbb401948&preview_theme_id=' successfully

2019-06-25 13:52:32 - [MESSAGE][PASSED] - Navigate to 'https://diff-apollo.myshopify.com/?key=eec34184cfd8f82cda816f82753a8c8e9e240f30cf54470e19667b8cbb401948&preview_theme_id=' successfully

2019-06-25 13:52:32 - [TEST_STEP][NOT_RUN] - executeJavaScript("var previewBar = document.getElementById("preview-bar-iframe"); previewBar.style.display = "none";", []): NOT_RUN: executeJavaScript("var previewBar = document.getElementById("preview-bar-iframe"); previewBar.style.display = "none";", [])

2019-06-25 13:52:32 - [MESSAGE][NOT_RUN] - NOT_RUN: executeJavaScript("var previewBar = document.getElementById("preview-bar-iframe"); previewBar.style.display = "none";", [])

2019-06-25 13:52:32 - [MESSAGE][PASSED] - Call Test Case 'Test Cases/CALL - URL' successfully

2019-06-25 13:52:32 - [TEST_STEP][PASSED] - delay(2): Delayed 2 second(s)

2019-06-25 13:52:34 - [MESSAGE][PASSED] - Delayed 2 second(s)

2019-06-25 13:52:34 - [TEST_STEP][PASSED] - click(findTestObject("APOLLO- Desktop/Burger Menu/Burgermenu")): Object: 'Object Repository/APOLLO- Desktop/Burger Menu/Burgermenu' is clicked on

2019-06-25 13:52:34 - [MESSAGE][PASSED] - Object: 'Object Repository/APOLLO- Desktop/Burger Menu/Burgermenu' is clicked on

2019-06-25 13:52:34 - [TEST_STEP][PASSED] - delay(2): Delayed 2 second(s)

2019-06-25 13:52:36 - [MESSAGE][PASSED] - Delayed 2 second(s)

2019-06-25 13:52:36 - [TEST_STEP][PASSED] - click(findTestObject("APOLLO- Desktop/Burger Menu/Mens chevron")): Object: 'Object Repository/APOLLO- Desktop/Burger Menu/Mens chevron' is clicked on

2019-06-25 13:52:37 - [MESSAGE][PASSED] - Object: 'Object Repository/APOLLO- Desktop/Burger Menu/Mens chevron' is clicked on

2019-06-25 13:52:37 - [TEST_STEP][PASSED] - delay(2): Delayed 2 second(s)

2019-06-25 13:52:39 - [MESSAGE][PASSED] - Delayed 2 second(s)

2019-06-25 13:52:39 - [TEST_STEP][PASSED] - click(findTestObject("APOLLO- Desktop/Burger Menu/Mens - Top Chevron")): Object: 'Object Repository/APOLLO- Desktop/Burger Menu/Mens - Top Chevron' is clicked on

2019-06-25 13:52:39 - [MESSAGE][PASSED] - Object: 'Object Repository/APOLLO- Desktop/Burger Menu/Mens - Top Chevron' is clicked on

2019-06-25 13:52:39 - [TEST_STEP][PASSED] - delay(2): Delayed 2 second(s)

2019-06-25 13:52:41 - [MESSAGE][PASSED] - Delayed 2 second(s)

2019-06-25 13:52:41 - [TEST_STEP][PASSED] - click(findTestObject("APOLLO- Desktop/Burger Menu/Shirts link")): Object: 'Object Repository/APOLLO- Desktop/Burger Menu/Shirts link' is clicked on

2019-06-25 13:52:45 - [MESSAGE][PASSED] - Object: 'Object Repository/APOLLO- Desktop/Burger Menu/Shirts link' is clicked on

2019-06-25 13:52:45 - [TEST_STEP][NOT_RUN] - executeJavaScript("var previewBar = document.getElementById("preview-bar-iframe"); previewBar.style.display = "none";", []): NOT_RUN: executeJavaScript("var previewBar = document.getElementById("preview-bar-iframe"); previewBar.style.display = "none";", [])

2019-06-25 13:52:45 - [MESSAGE][NOT_RUN] - NOT_RUN: executeJavaScript("var previewBar = document.getElementById("preview-bar-iframe"); previewBar.style.display = "none";", [])

2019-06-25 13:52:45 - [TEST_STEP][PASSED] - delay(2): Delayed 2 second(s)

2019-06-25 13:52:47 - [MESSAGE][PASSED] - Delayed 2 second(s)

2019-06-25 13:52:47 - [TEST_STEP][PASSED] - click(findTestObject("APOLLO- Desktop/Collection page/Striped T-shirt")): Object: 'Object Repository/APOLLO- Desktop/Collection page/Striped T-shirt' is clicked on

2019-06-25 13:52:49 - [MESSAGE][PASSED] - Object: 'Object Repository/APOLLO- Desktop/Collection page/Striped T-shirt' is clicked on

2019-06-25 13:52:49 - [TEST_STEP][PASSED] - delay(2): Delayed 2 second(s)

2019-06-25 13:52:51 - [MESSAGE][PASSED] - Delayed 2 second(s)

2019-06-25 13:52:51 - [TEST_STEP][NOT_RUN] - executeJavaScript("var previewBar = document.getElementById("preview-bar-iframe"); previewBar.style.display = "none";", []): NOT_RUN: executeJavaScript("var previewBar = document.getElementById("preview-bar-iframe"); previewBar.style.display = "none";", [])

2019-06-25 13:52:51 - [MESSAGE][NOT_RUN] - NOT_RUN: executeJavaScript("var previewBar = document.getElementById("preview-bar-iframe"); previewBar.style.display = "none";", [])

2019-06-25 13:52:51 - [TEST_STEP][PASSED] - delay(2): Delayed 2 second(s)

2019-06-25 13:52:53 - [MESSAGE][PASSED] - Delayed 2 second(s)

2019-06-25 13:52:53 - [TEST_STEP][PASSED] - click(findTestObject("APOLLO- Desktop/Product page/Image slider 1")): Object: 'Object Repository/APOLLO- Desktop/Product page/Image slider 1' is clicked on

2019-06-25 13:52:53 - [MESSAGE][PASSED] - Object: 'Object Repository/APOLLO- Desktop/Product page/Image slider 1' is clicked on

2019-06-25 13:52:53 - [TEST_STEP][PASSED] - delay(2): Delayed 2 second(s)

2019-06-25 13:52:55 - [MESSAGE][PASSED] - Delayed 2 second(s)

2019-06-25 13:52:55 - [TEST_STEP][PASSED] - click(findTestObject("APOLLO- Desktop/Product page/Image slider 2")): Object: 'Object Repository/APOLLO- Desktop/Product page/Image slider 2' is clicked on

2019-06-25 13:52:56 - [MESSAGE][PASSED] - Object: 'Object Repository/APOLLO- Desktop/Product page/Image slider 2' is clicked on

2019-06-25 13:52:56 - [TEST_STEP][PASSED] - delay(2): Delayed 2 second(s)

2019-06-25 13:52:58 - [MESSAGE][PASSED] - Delayed 2 second(s)

2019-06-25 13:52:58 - [TEST_STEP][PASSED] - click(findTestObject("APOLLO- Desktop/Product page/Image slider 3")): Object: 'Object Repository/APOLLO- Desktop/Product page/Image slider 3' is clicked on

2019-06-25 13:52:58 - [MESSAGE][PASSED] - Object: 'Object Repository/APOLLO- Desktop/Product page/Image slider 3' is clicked on

2019-06-25 13:52:58 - [TEST_STEP][PASSED] - delay(2): Delayed 2 second(s)

2019-06-25 13:53:00 - [MESSAGE][PASSED] - Delayed 2 second(s)

2019-06-25 13:53:00 - [TEST_STEP][PASSED] - click(findTestObject("APOLLO- Desktop/Product page/Image slider 4")): Object: 'Object Repository/APOLLO- Desktop/Product page/Image slider 4' is clicked on

2019-06-25 13:53:00 - [MESSAGE][PASSED] - Object: 'Object Repository/APOLLO- Desktop/Product page/Image slider 4' is clicked on

2019-06-25 13:53:00 - [TEST_STEP][PASSED] - delay(2): Delayed 2 second(s)

2019-06-25 13:53:02 - [MESSAGE][PASSED] - Delayed 2 second(s)

2019-06-25 13:53:02 - [TEST_STEP][PASSED] - click(findTestObject("APOLLO- Desktop/Product page/Image slider 5")): Object: 'Object Repository/APOLLO- Desktop/Product page/Image slider 5' is clicked on

2019-06-25 13:53:02 - [MESSAGE][PASSED] - Object: 'Object Repository/APOLLO- Desktop/Product page/Image slider 5' is clicked on

2019-06-25 13:53:02 - [TEST_STEP][PASSED] - delay(2): Delayed 2 second(s)

2019-06-25 13:53:04 - [MESSAGE][PASSED] - Delayed 2 second(s)

2019-06-25 13:53:04 - [TEST_STEP][PASSED] - click(findTestObject("APOLLO- Desktop/Product page/Image slider 7")): Object: 'Object Repository/APOLLO- Desktop/Product page/Image slider 7' is clicked on

2019-06-25 13:53:05 - [MESSAGE][PASSED] - Object: 'Object Repository/APOLLO- Desktop/Product page/Image slider 7' is clicked on

2019-06-25 13:53:05 - [TEST_STEP][PASSED] - delay(2): Delayed 2 second(s)

2019-06-25 13:53:07 - [MESSAGE][PASSED] - Delayed 2 second(s)

2019-06-25 13:53:07 - [TEST_STEP][PASSED] - click(findTestObject("APOLLO- Desktop/Product page/Image slider 8")): Object: 'Object Repository/APOLLO- Desktop/Product page/Image slider 8' is clicked on

2019-06-25 13:53:07 - [MESSAGE][PASSED] - Object: 'Object Repository/APOLLO- Desktop/Product page/Image slider 8' is clicked on

2019-06-25 13:53:07 - [TEST_STEP][NOT_RUN] - delay(2): NOT_RUN: delay(2)

2019-06-25 13:53:07 - [MESSAGE][NOT_RUN] - NOT_RUN: delay(2)

2019-06-25 13:53:07 - [TEST_STEP][PASSED] - delay(2): Delayed 2 second(s)

2019-06-25 13:53:09 - [MESSAGE][PASSED] - Delayed 2 second(s)

2019-06-25 13:53:09 - [TEST_STEP][NOT_RUN] - mouseOver(findTestObject("APOLLO- Desktop/Product page/Next button")): NOT_RUN: mouseOver(findTestObject("APOLLO- Desktop/Product page/Next button"))

2019-06-25 13:53:09 - [MESSAGE][NOT_RUN] - NOT_RUN: mouseOver(findTestObject("APOLLO- Desktop/Product page/Next button"))

2019-06-25 13:53:09 - [TEST_STEP][PASSED] - delay(2): Delayed 2 second(s)

2019-06-25 13:53:11 - [MESSAGE][PASSED] - Delayed 2 second(s)

2019-06-25 13:53:11 - [TEST_STEP][PASSED] - mouseOver(findTestObject("APOLLO- Desktop/Product page/Previous button")): Object: 'Object Repository/APOLLO- Desktop/Product page/Previous button' is hovered

2019-06-25 13:53:11 - [MESSAGE][PASSED] - Object: 'Object Repository/APOLLO- Desktop/Product page/Previous button' is hovered

2019-06-25 13:53:11 - [TEST_STEP][PASSED] - delay(2): Delayed 2 second(s)

2019-06-25 13:53:13 - [MESSAGE][PASSED] - Delayed 2 second(s)

2019-06-25 13:53:13 - [TEST_STEP][PASSED] - click(findTestObject("APOLLO- Desktop/Product page/Previous button")): Object: 'Object Repository/APOLLO- Desktop/Product page/Previous button' is clicked on

2019-06-25 13:53:13 - [MESSAGE][PASSED] - Object: 'Object Repository/APOLLO- Desktop/Product page/Previous button' is clicked on

2019-06-25 13:53:13 - [TEST_STEP][PASSED] - delay(2): Delayed 2 second(s)

2019-06-25 13:53:15 - [MESSAGE][PASSED] - Delayed 2 second(s)

2019-06-25 13:53:15 - [TEST_STEP][PASSED] - click(findTestObject("APOLLO- Desktop/Product page/Next button")): Object: 'Object Repository/APOLLO- Desktop/Product page/Next button' is clicked on

2019-06-25 13:53:16 - [MESSAGE][PASSED] - Object: 'Object Repository/APOLLO- Desktop/Product page/Next button' is clicked on]]></system-out>
         <system-err><![CDATA[]]></system-err>
      </testcase>
      <testcase name="Test Cases/CRITICAL PATH/Home page - add to bag CTA" classname="Test Cases/CRITICAL PATH/Home page - add to bag CTA" status="FAILED">
         <failure type="FAILED" message="Test Cases/CRITICAL PATH/Home page - add to bag CTA FAILED.
Reason:
com.kms.katalon.core.exception.StepFailedException: Object 'Object Repository/APOLLO- Desktop/Product page/Add to bag' is NOT clickable
	at com.kms.katalon.core.keyword.internal.KeywordMain.stepFailed(KeywordMain.groovy:32)
	at com.kms.katalon.core.webui.keyword.internal.WebUIKeywordMain.stepFailed(WebUIKeywordMain.groovy:65)
	at com.kms.katalon.core.webui.keyword.builtin.VerifyElementClickableKeyword$_verifyElementClickable_closure1.doCall(VerifyElementClickableKeyword.groovy:83)
	at com.kms.katalon.core.webui.keyword.builtin.VerifyElementClickableKeyword$_verifyElementClickable_closure1.call(VerifyElementClickableKeyword.groovy)
	at com.kms.katalon.core.webui.keyword.internal.WebUIKeywordMain.runKeyword(WebUIKeywordMain.groovy:21)
	at com.kms.katalon.core.webui.keyword.builtin.VerifyElementClickableKeyword.verifyElementClickable(VerifyElementClickableKeyword.groovy:96)
	at com.kms.katalon.core.webui.keyword.builtin.VerifyElementClickableKeyword.execute(VerifyElementClickableKeyword.groovy:67)
	at com.kms.katalon.core.keyword.internal.KeywordExecutor.executeKeywordForPlatform(KeywordExecutor.groovy:53)
	at com.kms.katalon.core.webui.keyword.WebUiBuiltInKeywords.verifyElementClickable(WebUiBuiltInKeywords.groovy:548)
	at com.kms.katalon.core.webui.keyword.WebUiBuiltInKeywords$verifyElementClickable$15.call(Unknown Source)
	at Home page - add to bag CTA.run(Home page - add to bag CTA:116)
	at com.kms.katalon.core.main.ScriptEngine.run(ScriptEngine.java:194)
	at com.kms.katalon.core.main.ScriptEngine.runScriptAsRawText(ScriptEngine.java:119)
	at com.kms.katalon.core.main.TestCaseExecutor.runScript(TestCaseExecutor.java:328)
	at com.kms.katalon.core.main.TestCaseExecutor.doExecute(TestCaseExecutor.java:319)
	at com.kms.katalon.core.main.TestCaseExecutor.processExecutionPhase(TestCaseExecutor.java:298)
	at com.kms.katalon.core.main.TestCaseExecutor.accessMainPhase(TestCaseExecutor.java:290)
	at com.kms.katalon.core.main.TestCaseExecutor.execute(TestCaseExecutor.java:224)
	at com.kms.katalon.core.main.TestSuiteExecutor.accessTestCaseMainPhase(TestSuiteExecutor.java:129)
	at com.kms.katalon.core.main.TestSuiteExecutor.accessTestSuiteMainPhase(TestSuiteExecutor.java:112)
	at com.kms.katalon.core.main.TestSuiteExecutor.execute(TestSuiteExecutor.java:81)
	at com.kms.katalon.core.main.TestCaseMain.startTestSuite(TestCaseMain.java:149)
	at com.kms.katalon.core.main.TestCaseMain$startTestSuite$0.call(Unknown Source)
	at TempTestSuite1561483953417.run(TempTestSuite1561483953417.groovy:36)
"/>
         <system-out><![CDATA[2019-06-25 13:53:16 - [TEST_CASE][FAILED] - Test Cases/CRITICAL PATH/Home page - add to bag CTA: Test Cases/CRITICAL PATH/Home page - add to bag CTA FAILED.
Reason:
com.kms.katalon.core.exception.StepFailedException: Object 'Object Repository/APOLLO- Desktop/Product page/Add to bag' is NOT clickable
	at com.kms.katalon.core.keyword.internal.KeywordMain.stepFailed(KeywordMain.groovy:32)
	at com.kms.katalon.core.webui.keyword.internal.WebUIKeywordMain.stepFailed(WebUIKeywordMain.groovy:65)
	at com.kms.katalon.core.webui.keyword.builtin.VerifyElementClickableKeyword$_verifyElementClickable_closure1.doCall(VerifyElementClickableKeyword.groovy:83)
	at com.kms.katalon.core.webui.keyword.builtin.VerifyElementClickableKeyword$_verifyElementClickable_closure1.call(VerifyElementClickableKeyword.groovy)
	at com.kms.katalon.core.webui.keyword.internal.WebUIKeywordMain.runKeyword(WebUIKeywordMain.groovy:21)
	at com.kms.katalon.core.webui.keyword.builtin.VerifyElementClickableKeyword.verifyElementClickable(VerifyElementClickableKeyword.groovy:96)
	at com.kms.katalon.core.webui.keyword.builtin.VerifyElementClickableKeyword.execute(VerifyElementClickableKeyword.groovy:67)
	at com.kms.katalon.core.keyword.internal.KeywordExecutor.executeKeywordForPlatform(KeywordExecutor.groovy:53)
	at com.kms.katalon.core.webui.keyword.WebUiBuiltInKeywords.verifyElementClickable(WebUiBuiltInKeywords.groovy:548)
	at com.kms.katalon.core.webui.keyword.WebUiBuiltInKeywords$verifyElementClickable$15.call(Unknown Source)
	at Home page - add to bag CTA.run(Home page - add to bag CTA:116)
	at com.kms.katalon.core.main.ScriptEngine.run(ScriptEngine.java:194)
	at com.kms.katalon.core.main.ScriptEngine.runScriptAsRawText(ScriptEngine.java:119)
	at com.kms.katalon.core.main.TestCaseExecutor.runScript(TestCaseExecutor.java:328)
	at com.kms.katalon.core.main.TestCaseExecutor.doExecute(TestCaseExecutor.java:319)
	at com.kms.katalon.core.main.TestCaseExecutor.processExecutionPhase(TestCaseExecutor.java:298)
	at com.kms.katalon.core.main.TestCaseExecutor.accessMainPhase(TestCaseExecutor.java:290)
	at com.kms.katalon.core.main.TestCaseExecutor.execute(TestCaseExecutor.java:224)
	at com.kms.katalon.core.main.TestSuiteExecutor.accessTestCaseMainPhase(TestSuiteExecutor.java:129)
	at com.kms.katalon.core.main.TestSuiteExecutor.accessTestSuiteMainPhase(TestSuiteExecutor.java:112)
	at com.kms.katalon.core.main.TestSuiteExecutor.execute(TestSuiteExecutor.java:81)
	at com.kms.katalon.core.main.TestCaseMain.startTestSuite(TestCaseMain.java:149)
	at com.kms.katalon.core.main.TestCaseMain$startTestSuite$0.call(Unknown Source)
	at TempTestSuite1561483953417.run(TempTestSuite1561483953417.groovy:36)


2019-06-25 13:53:16 - [TEST_STEP][PASSED] - callTestCase(findTestCase("CALL - URL"), [:], STOP_ON_FAILURE): Call Test Case 'Test Cases/CALL - URL' successfully

2019-06-25 13:53:16 - [TEST_CASE][PASSED] - Test Cases/CALL - URL: Test Cases/CALL - URL

2019-06-25 13:53:16 - [TEST_STEP][PASSED] - openBrowser(""): Browser is opened with url: ''

2019-06-25 13:53:16 - [MESSAGE][WARNING] - A browser is already opened. Closing browser and opening a new one

2019-06-25 13:53:17 - [MESSAGE][INFO] - Starting 'Firefox' driver

2019-06-25 13:53:19 - [MESSAGE][PASSED] - Browser is opened with url: ''

2019-06-25 13:53:19 - [TEST_STEP][PASSED] - navigateToUrl("https://diff-apollo.myshopify.com/?key=eec34184cfd8f82cda816f82753a8c8e9e240f30cf54470e19667b8cbb401948&preview_theme_id="): Navigate to 'https://diff-apollo.myshopify.com/?key=eec34184cfd8f82cda816f82753a8c8e9e240f30cf54470e19667b8cbb401948&preview_theme_id=' successfully

2019-06-25 13:53:25 - [MESSAGE][PASSED] - Navigate to 'https://diff-apollo.myshopify.com/?key=eec34184cfd8f82cda816f82753a8c8e9e240f30cf54470e19667b8cbb401948&preview_theme_id=' successfully

2019-06-25 13:53:25 - [TEST_STEP][NOT_RUN] - executeJavaScript("var previewBar = document.getElementById("preview-bar-iframe"); previewBar.style.display = "none";", []): NOT_RUN: executeJavaScript("var previewBar = document.getElementById("preview-bar-iframe"); previewBar.style.display = "none";", [])

2019-06-25 13:53:25 - [MESSAGE][NOT_RUN] - NOT_RUN: executeJavaScript("var previewBar = document.getElementById("preview-bar-iframe"); previewBar.style.display = "none";", [])

2019-06-25 13:53:25 - [MESSAGE][PASSED] - Call Test Case 'Test Cases/CALL - URL' successfully

2019-06-25 13:53:25 - [TEST_STEP][PASSED] - flag = verifyElementClickable(findTestObject("APOLLO- Desktop/Home page/Navy variant")): Object 'Object Repository/APOLLO- Desktop/Home page/Navy variant' is clickable

2019-06-25 13:53:25 - [MESSAGE][PASSED] - Object 'Object Repository/APOLLO- Desktop/Home page/Navy variant' is clickable

2019-06-25 13:53:25 - [TEST_STEP][PASSED] - comment("flag=" + flag): flag=true

2019-06-25 13:53:25 - [MESSAGE][INFO] - flag=true

2019-06-25 13:53:25 - [TEST_STEP][PASSED] - if (flag == true): Object: 'Object Repository/APOLLO- Desktop/Product page/Add to bag' is clicked on

2019-06-25 13:53:25 - [TEST_STEP][PASSED] - click(findTestObject("APOLLO- Desktop/Home page/Navy variant")): Object: 'Object Repository/APOLLO- Desktop/Home page/Navy variant' is clicked on

2019-06-25 13:53:25 - [MESSAGE][PASSED] - Object: 'Object Repository/APOLLO- Desktop/Home page/Navy variant' is clicked on

2019-06-25 13:53:25 - [TEST_STEP][PASSED] - delay(1): Delayed 1 second(s)

2019-06-25 13:53:26 - [MESSAGE][PASSED] - Delayed 1 second(s)

2019-06-25 13:53:26 - [TEST_STEP][PASSED] - a = verifyElementClickable(findTestObject("APOLLO- Desktop/Product page/Add to bag"), CONTINUE_ON_FAILURE): Object 'Object Repository/APOLLO- Desktop/Product page/Add to bag' is clickable

2019-06-25 13:53:26 - [MESSAGE][PASSED] - Object 'Object Repository/APOLLO- Desktop/Product page/Add to bag' is clickable

2019-06-25 13:53:26 - [TEST_STEP][PASSED] - comment("a=" + a): a=true

2019-06-25 13:53:26 - [MESSAGE][INFO] - a=true

2019-06-25 13:53:26 - [TEST_STEP][PASSED] - if (a == true): Object: 'Object Repository/APOLLO- Desktop/Product page/Add to bag' is clicked on

2019-06-25 13:53:26 - [TEST_STEP][PASSED] - click(findTestObject("APOLLO- Desktop/Product page/Add to bag")): Object: 'Object Repository/APOLLO- Desktop/Product page/Add to bag' is clicked on

2019-06-25 13:53:26 - [MESSAGE][PASSED] - Object: 'Object Repository/APOLLO- Desktop/Product page/Add to bag' is clicked on

2019-06-25 13:53:26 - [TEST_STEP][PASSED] - delay(2): Delayed 2 second(s)

2019-06-25 13:53:28 - [MESSAGE][PASSED] - Delayed 2 second(s)

2019-06-25 13:53:28 - [TEST_STEP][PASSED] - click(findTestObject("APOLLO- Desktop/Cart flyout/Cart collapse")): Object: 'Object Repository/APOLLO- Desktop/Cart flyout/Cart collapse' is clicked on

2019-06-25 13:53:29 - [MESSAGE][PASSED] - Object: 'Object Repository/APOLLO- Desktop/Cart flyout/Cart collapse' is clicked on

2019-06-25 13:53:29 - [TEST_STEP][PASSED] - delay(1): Delayed 1 second(s)

2019-06-25 13:53:30 - [MESSAGE][PASSED] - Delayed 1 second(s)

2019-06-25 13:53:30 - [TEST_STEP][PASSED] - flag1 = verifyElementClickable(findTestObject("APOLLO- Desktop/Home page/Grey variant")): Object 'Object Repository/APOLLO- Desktop/Home page/Grey variant' is clickable

2019-06-25 13:53:30 - [MESSAGE][PASSED] - Object 'Object Repository/APOLLO- Desktop/Home page/Grey variant' is clickable

2019-06-25 13:53:30 - [TEST_STEP][PASSED] - comment("flag1=" + flag1): flag1=true

2019-06-25 13:53:30 - [MESSAGE][INFO] - flag1=true

2019-06-25 13:53:30 - [TEST_STEP][PASSED] - if (flag1 == true): Object: 'Object Repository/APOLLO- Desktop/Product page/Add to bag' is clicked on

2019-06-25 13:53:30 - [TEST_STEP][PASSED] - click(findTestObject("APOLLO- Desktop/Home page/Grey variant")): Object: 'Object Repository/APOLLO- Desktop/Home page/Grey variant' is clicked on

2019-06-25 13:53:30 - [MESSAGE][PASSED] - Object: 'Object Repository/APOLLO- Desktop/Home page/Grey variant' is clicked on

2019-06-25 13:53:30 - [TEST_STEP][PASSED] - delay(1): Delayed 1 second(s)

2019-06-25 13:53:31 - [MESSAGE][PASSED] - Delayed 1 second(s)

2019-06-25 13:53:31 - [TEST_STEP][PASSED] - a1 = verifyElementClickable(findTestObject("APOLLO- Desktop/Product page/Add to bag"), CONTINUE_ON_FAILURE): Object 'Object Repository/APOLLO- Desktop/Product page/Add to bag' is clickable

2019-06-25 13:53:31 - [MESSAGE][PASSED] - Object 'Object Repository/APOLLO- Desktop/Product page/Add to bag' is clickable

2019-06-25 13:53:31 - [TEST_STEP][PASSED] - comment("a1=" + a1): a1=true

2019-06-25 13:53:31 - [MESSAGE][INFO] - a1=true

2019-06-25 13:53:31 - [TEST_STEP][PASSED] - if (a1 == true): Object: 'Object Repository/APOLLO- Desktop/Product page/Add to bag' is clicked on

2019-06-25 13:53:31 - [TEST_STEP][PASSED] - click(findTestObject("APOLLO- Desktop/Product page/Add to bag")): Object: 'Object Repository/APOLLO- Desktop/Product page/Add to bag' is clicked on

2019-06-25 13:53:31 - [MESSAGE][PASSED] - Object: 'Object Repository/APOLLO- Desktop/Product page/Add to bag' is clicked on

2019-06-25 13:53:31 - [TEST_STEP][PASSED] - delay(2): Delayed 2 second(s)

2019-06-25 13:53:33 - [MESSAGE][PASSED] - Delayed 2 second(s)

2019-06-25 13:53:33 - [TEST_STEP][PASSED] - click(findTestObject("APOLLO- Desktop/Cart flyout/Cart collapse")): Object: 'Object Repository/APOLLO- Desktop/Cart flyout/Cart collapse' is clicked on

2019-06-25 13:53:33 - [MESSAGE][PASSED] - Object: 'Object Repository/APOLLO- Desktop/Cart flyout/Cart collapse' is clicked on

2019-06-25 13:53:33 - [TEST_STEP][PASSED] - delay(1): Delayed 1 second(s)

2019-06-25 13:53:34 - [MESSAGE][PASSED] - Delayed 1 second(s)

2019-06-25 13:53:34 - [TEST_STEP][PASSED] - flag2 = verifyElementClickable(findTestObject("APOLLO- Desktop/Home page/White variant")): Object 'Object Repository/APOLLO- Desktop/Home page/White variant' is clickable

2019-06-25 13:53:34 - [MESSAGE][PASSED] - Object 'Object Repository/APOLLO- Desktop/Home page/White variant' is clickable

2019-06-25 13:53:34 - [TEST_STEP][PASSED] - comment("flag2=" + flag2): flag2=true

2019-06-25 13:53:34 - [MESSAGE][INFO] - flag2=true

2019-06-25 13:53:34 - [TEST_STEP][PASSED] - if (flag2 == true): Object: 'Object Repository/APOLLO- Desktop/Product page/Add to bag' is clicked on

2019-06-25 13:53:34 - [TEST_STEP][PASSED] - click(findTestObject("APOLLO- Desktop/Home page/White variant")): Object: 'Object Repository/APOLLO- Desktop/Home page/White variant' is clicked on

2019-06-25 13:53:35 - [MESSAGE][PASSED] - Object: 'Object Repository/APOLLO- Desktop/Home page/White variant' is clicked on

2019-06-25 13:53:35 - [TEST_STEP][PASSED] - delay(1): Delayed 1 second(s)

2019-06-25 13:53:36 - [MESSAGE][PASSED] - Delayed 1 second(s)

2019-06-25 13:53:36 - [TEST_STEP][PASSED] - a2 = verifyElementClickable(findTestObject("APOLLO- Desktop/Product page/Add to bag"), CONTINUE_ON_FAILURE): Object 'Object Repository/APOLLO- Desktop/Product page/Add to bag' is clickable

2019-06-25 13:53:36 - [MESSAGE][PASSED] - Object 'Object Repository/APOLLO- Desktop/Product page/Add to bag' is clickable

2019-06-25 13:53:36 - [TEST_STEP][PASSED] - comment("a2=" + a2): a2=true

2019-06-25 13:53:36 - [MESSAGE][INFO] - a2=true

2019-06-25 13:53:36 - [TEST_STEP][PASSED] - if (a2 == true): Object: 'Object Repository/APOLLO- Desktop/Product page/Add to bag' is clicked on

2019-06-25 13:53:36 - [TEST_STEP][PASSED] - click(findTestObject("APOLLO- Desktop/Product page/Add to bag")): Object: 'Object Repository/APOLLO- Desktop/Product page/Add to bag' is clicked on

2019-06-25 13:53:36 - [MESSAGE][PASSED] - Object: 'Object Repository/APOLLO- Desktop/Product page/Add to bag' is clicked on

2019-06-25 13:53:36 - [TEST_STEP][PASSED] - delay(2): Delayed 2 second(s)

2019-06-25 13:53:38 - [MESSAGE][PASSED] - Delayed 2 second(s)

2019-06-25 13:53:38 - [TEST_STEP][PASSED] - click(findTestObject("APOLLO- Desktop/Cart flyout/Cart collapse")): Object: 'Object Repository/APOLLO- Desktop/Cart flyout/Cart collapse' is clicked on

2019-06-25 13:53:38 - [MESSAGE][PASSED] - Object: 'Object Repository/APOLLO- Desktop/Cart flyout/Cart collapse' is clicked on

2019-06-25 13:53:38 - [TEST_STEP][PASSED] - delay(1): Delayed 1 second(s)

2019-06-25 13:53:39 - [MESSAGE][PASSED] - Delayed 1 second(s)

2019-06-25 13:53:39 - [TEST_STEP][PASSED] - flag3 = verifyElementClickable(findTestObject("APOLLO- Desktop/Home page/Black variant")): Object 'Object Repository/APOLLO- Desktop/Home page/Black variant' is clickable

2019-06-25 13:53:39 - [MESSAGE][PASSED] - Object 'Object Repository/APOLLO- Desktop/Home page/Black variant' is clickable

2019-06-25 13:53:39 - [TEST_STEP][PASSED] - comment("flag3=" + flag3): flag3=true

2019-06-25 13:53:39 - [MESSAGE][INFO] - flag3=true

2019-06-25 13:53:39 - [TEST_STEP][FAILED] - if (flag3 == true):  product sold out 

2019-06-25 13:53:39 - [TEST_STEP][PASSED] - click(findTestObject("APOLLO- Desktop/Home page/Black variant")): Object: 'Object Repository/APOLLO- Desktop/Home page/Black variant' is clicked on

2019-06-25 13:53:39 - [MESSAGE][PASSED] - Object: 'Object Repository/APOLLO- Desktop/Home page/Black variant' is clicked on

2019-06-25 13:53:39 - [TEST_STEP][PASSED] - delay(1): Delayed 1 second(s)

2019-06-25 13:53:40 - [MESSAGE][PASSED] - Delayed 1 second(s)

2019-06-25 13:53:40 - [TEST_STEP][FAILED] - a3 = verifyElementClickable(findTestObject("APOLLO- Desktop/Product page/Add to bag"), CONTINUE_ON_FAILURE): Object 'Object Repository/APOLLO- Desktop/Product page/Add to bag' is NOT clickable

2019-06-25 13:53:41 - [MESSAGE][FAILED] - Object 'Object Repository/APOLLO- Desktop/Product page/Add to bag' is NOT clickable
[[ATTACHMENT|/Users/sumankompelly/Katalon Studio/APOLLO/Reports/Apollo - dark build/20190625_133233/1561485220904.png]]

2019-06-25 13:53:41 - [TEST_STEP][PASSED] - comment("a3=" + a3): a3=false

2019-06-25 13:53:41 - [MESSAGE][INFO] - a3=false

2019-06-25 13:53:41 - [TEST_STEP][PASSED] - if (a3 == true): null

2019-06-25 13:53:41 - [TEST_STEP][PASSED] - else:  product sold out 

2019-06-25 13:53:41 - [TEST_STEP][PASSED] - comment(" product sold out "):  product sold out 

2019-06-25 13:53:41 - [MESSAGE][INFO] -  product sold out 

2019-06-25 13:53:41 - [TEST_STEP][PASSED] - delay(2): Delayed 2 second(s)

2019-06-25 13:53:43 - [MESSAGE][PASSED] - Delayed 2 second(s)

2019-06-25 13:53:43 - [TEST_STEP][PASSED] - click(findTestObject("APOLLO- Desktop/Home page/cart icon open")): Object: 'Object Repository/APOLLO- Desktop/Home page/cart icon open' is clicked on

2019-06-25 13:53:43 - [MESSAGE][PASSED] - Object: 'Object Repository/APOLLO- Desktop/Home page/cart icon open' is clicked on

2019-06-25 13:53:43 - [TEST_STEP][PASSED] - delay(2): Delayed 2 second(s)

2019-06-25 13:53:45 - [MESSAGE][PASSED] - Delayed 2 second(s)

2019-06-25 13:53:45 - [TEST_STEP][PASSED] - click(findTestObject("APOLLO- Desktop/Cart flyout/Checkout")): Object: 'Object Repository/APOLLO- Desktop/Cart flyout/Checkout' is clicked on

2019-06-25 13:53:48 - [MESSAGE][PASSED] - Object: 'Object Repository/APOLLO- Desktop/Cart flyout/Checkout' is clicked on

2019-06-25 13:53:48 - [TEST_STEP][PASSED] - delay(2): Delayed 2 second(s)

2019-06-25 13:53:50 - [MESSAGE][PASSED] - Delayed 2 second(s)

2019-06-25 13:53:50 - [TEST_STEP][PASSED] - callTestCase(findTestCase("CALL- CUSTOMER INFO PAGE"), [:], STOP_ON_FAILURE): Call Test Case 'Test Cases/CALL- CUSTOMER INFO PAGE' successfully

2019-06-25 13:53:50 - [TEST_CASE][PASSED] - Test Cases/CALL- CUSTOMER INFO PAGE: Test Cases/CALL- CUSTOMER INFO PAGE

2019-06-25 13:53:50 - [TEST_STEP][PASSED] - delay(2): Delayed 2 second(s)

2019-06-25 13:53:52 - [MESSAGE][PASSED] - Delayed 2 second(s)

2019-06-25 13:53:52 - [TEST_STEP][NOT_RUN] - executeJavaScript("var previewBar = document.getElementById("preview-bar-iframe"); previewBar.style.display = "none";", []): NOT_RUN: executeJavaScript("var previewBar = document.getElementById("preview-bar-iframe"); previewBar.style.display = "none";", [])

2019-06-25 13:53:52 - [MESSAGE][NOT_RUN] - NOT_RUN: executeJavaScript("var previewBar = document.getElementById("preview-bar-iframe"); previewBar.style.display = "none";", [])

2019-06-25 13:53:52 - [TEST_STEP][PASSED] - setText(findTestObject("APOLLO- Desktop/Customer Information page/Email"), "suman@gmail.com"): Text 'suman@gmail.com' is set on object 'Object Repository/APOLLO- Desktop/Customer Information page/Email'

2019-06-25 13:53:52 - [MESSAGE][PASSED] - Text 'suman@gmail.com' is set on object 'Object Repository/APOLLO- Desktop/Customer Information page/Email'

2019-06-25 13:53:52 - [TEST_STEP][PASSED] - delay(2): Delayed 2 second(s)

2019-06-25 13:53:54 - [MESSAGE][PASSED] - Delayed 2 second(s)

2019-06-25 13:53:54 - [TEST_STEP][PASSED] - setText(findTestObject("APOLLO- Desktop/Customer Information page/First name"), "suman"): Text 'suman' is set on object 'Object Repository/APOLLO- Desktop/Customer Information page/First name'

2019-06-25 13:53:54 - [MESSAGE][PASSED] - Text 'suman' is set on object 'Object Repository/APOLLO- Desktop/Customer Information page/First name'

2019-06-25 13:53:54 - [TEST_STEP][PASSED] - delay(2): Delayed 2 second(s)

2019-06-25 13:53:56 - [MESSAGE][PASSED] - Delayed 2 second(s)

2019-06-25 13:53:56 - [TEST_STEP][PASSED] - setText(findTestObject("APOLLO- Desktop/Customer Information page/Last name"), "kompelly"): Text 'kompelly' is set on object 'Object Repository/APOLLO- Desktop/Customer Information page/Last name'

2019-06-25 13:53:56 - [MESSAGE][PASSED] - Text 'kompelly' is set on object 'Object Repository/APOLLO- Desktop/Customer Information page/Last name'

2019-06-25 13:53:56 - [TEST_STEP][PASSED] - delay(2): Delayed 2 second(s)

2019-06-25 13:53:58 - [MESSAGE][PASSED] - Delayed 2 second(s)

2019-06-25 13:53:58 - [TEST_STEP][PASSED] - setText(findTestObject("APOLLO- Desktop/Customer Information page/Address"), "1435 st alxendre"): Text '1435 st alxendre' is set on object 'Object Repository/APOLLO- Desktop/Customer Information page/Address'

2019-06-25 13:53:58 - [MESSAGE][PASSED] - Text '1435 st alxendre' is set on object 'Object Repository/APOLLO- Desktop/Customer Information page/Address'

2019-06-25 13:53:58 - [TEST_STEP][PASSED] - setText(findTestObject("APOLLO- Desktop/Customer Information page/Apartment"), "220"): Text '220' is set on object 'Object Repository/APOLLO- Desktop/Customer Information page/Apartment'

2019-06-25 13:53:58 - [MESSAGE][PASSED] - Text '220' is set on object 'Object Repository/APOLLO- Desktop/Customer Information page/Apartment'

2019-06-25 13:53:58 - [TEST_STEP][PASSED] - setText(findTestObject("APOLLO- Desktop/Customer Information page/City"), "montreal"): Text 'montreal' is set on object 'Object Repository/APOLLO- Desktop/Customer Information page/City'

2019-06-25 13:53:59 - [MESSAGE][PASSED] - Text 'montreal' is set on object 'Object Repository/APOLLO- Desktop/Customer Information page/City'

2019-06-25 13:53:59 - [TEST_STEP][PASSED] - selectOptionByValue(findTestObject("APOLLO- Desktop/Customer Information page/Country dropdown"), "United States", true): All options with value 'United States' are selected in object 'Object Repository/APOLLO- Desktop/Customer Information page/Country dropdown'  using regular expression

2019-06-25 13:54:03 - [MESSAGE][PASSED] - All options with value 'United States' are selected in object 'Object Repository/APOLLO- Desktop/Customer Information page/Country dropdown'  using regular expression

2019-06-25 13:54:03 - [TEST_STEP][PASSED] - selectOptionByValue(findTestObject("APOLLO- Desktop/Customer Information page/states dropdown"), "NJ", true): All options with value 'NJ' are selected in object 'Object Repository/APOLLO- Desktop/Customer Information page/states dropdown'  using regular expression

2019-06-25 13:54:04 - [MESSAGE][PASSED] - All options with value 'NJ' are selected in object 'Object Repository/APOLLO- Desktop/Customer Information page/states dropdown'  using regular expression

2019-06-25 13:54:04 - [TEST_STEP][PASSED] - setText(findTestObject("APOLLO- Desktop/Customer Information page/ZIP code"), "07057"): Text '07057' is set on object 'Object Repository/APOLLO- Desktop/Customer Information page/ZIP code'

2019-06-25 13:54:04 - [MESSAGE][PASSED] - Text '07057' is set on object 'Object Repository/APOLLO- Desktop/Customer Information page/ZIP code'

2019-06-25 13:54:04 - [MESSAGE][PASSED] - Call Test Case 'Test Cases/CALL- CUSTOMER INFO PAGE' successfully

2019-06-25 13:54:04 - [TEST_STEP][PASSED] - delay(2): Delayed 2 second(s)

2019-06-25 13:54:06 - [MESSAGE][PASSED] - Delayed 2 second(s)

2019-06-25 13:54:06 - [TEST_STEP][FAILED] - callTestCase(findTestCase("CALL - SHIPPING TO PAYMENT"), [:], STOP_ON_FAILURE): callTestCase(findTestCase("CALL - SHIPPING TO PAYMENT"), [:], STOP_ON_FAILURE) FAILED.
Reason:
com.kms.katalon.core.exception.StepFailedException: Object 'Object Repository/APOLLO- Desktop/Product page/Add to bag' is NOT clickable
	at com.kms.katalon.core.keyword.internal.KeywordMain.stepFailed(KeywordMain.groovy:32)
	at com.kms.katalon.core.webui.keyword.internal.WebUIKeywordMain.stepFailed(WebUIKeywordMain.groovy:65)
	at com.kms.katalon.core.webui.keyword.builtin.VerifyElementClickableKeyword$_verifyElementClickable_closure1.doCall(VerifyElementClickableKeyword.groovy:83)
	at com.kms.katalon.core.webui.keyword.builtin.VerifyElementClickableKeyword$_verifyElementClickable_closure1.call(VerifyElementClickableKeyword.groovy)
	at com.kms.katalon.core.webui.keyword.internal.WebUIKeywordMain.runKeyword(WebUIKeywordMain.groovy:21)
	at com.kms.katalon.core.webui.keyword.builtin.VerifyElementClickableKeyword.verifyElementClickable(VerifyElementClickableKeyword.groovy:96)
	at com.kms.katalon.core.webui.keyword.builtin.VerifyElementClickableKeyword.execute(VerifyElementClickableKeyword.groovy:67)
	at com.kms.katalon.core.keyword.internal.KeywordExecutor.executeKeywordForPlatform(KeywordExecutor.groovy:53)
	at com.kms.katalon.core.webui.keyword.WebUiBuiltInKeywords.verifyElementClickable(WebUiBuiltInKeywords.groovy:548)
	at com.kms.katalon.core.webui.keyword.WebUiBuiltInKeywords$verifyElementClickable$15.call(Unknown Source)
	at Home page - add to bag CTA.run(Home page - add to bag CTA:116)
	at com.kms.katalon.core.main.ScriptEngine.run(ScriptEngine.java:194)
	at com.kms.katalon.core.main.ScriptEngine.runScriptAsRawText(ScriptEngine.java:119)
	at com.kms.katalon.core.main.TestCaseExecutor.runScript(TestCaseExecutor.java:328)
	at com.kms.katalon.core.main.TestCaseExecutor.doExecute(TestCaseExecutor.java:319)
	at com.kms.katalon.core.main.TestCaseExecutor.processExecutionPhase(TestCaseExecutor.java:298)
	at com.kms.katalon.core.main.TestCaseExecutor.accessMainPhase(TestCaseExecutor.java:290)
	at com.kms.katalon.core.main.TestCaseExecutor.execute(TestCaseExecutor.java:224)
	at com.kms.katalon.core.main.TestSuiteExecutor.accessTestCaseMainPhase(TestSuiteExecutor.java:129)
	at com.kms.katalon.core.main.TestSuiteExecutor.accessTestSuiteMainPhase(TestSuiteExecutor.java:112)
	at com.kms.katalon.core.main.TestSuiteExecutor.execute(TestSuiteExecutor.java:81)
	at com.kms.katalon.core.main.TestCaseMain.startTestSuite(TestCaseMain.java:149)
	at com.kms.katalon.core.main.TestCaseMain$startTestSuite$0.call(Unknown Source)
	at TempTestSuite1561483953417.run(TempTestSuite1561483953417.groovy:36)


2019-06-25 13:54:06 - [TEST_CASE][PASSED] - Test Cases/CALL - SHIPPING TO PAYMENT: Test Cases/CALL - SHIPPING TO PAYMENT

2019-06-25 13:54:06 - [TEST_STEP][PASSED] - click(findTestObject("APOLLO- Desktop/Customer Information page/Continue to shipping")): Object: 'Object Repository/APOLLO- Desktop/Customer Information page/Continue to shipping' is clicked on

2019-06-25 13:54:11 - [MESSAGE][PASSED] - Object: 'Object Repository/APOLLO- Desktop/Customer Information page/Continue to shipping' is clicked on

2019-06-25 13:54:11 - [TEST_STEP][NOT_RUN] - executeJavaScript("var previewBar = document.getElementById("preview-bar-iframe"); previewBar.style.display = "none";", []): NOT_RUN: executeJavaScript("var previewBar = document.getElementById("preview-bar-iframe"); previewBar.style.display = "none";", [])

2019-06-25 13:54:11 - [MESSAGE][NOT_RUN] - NOT_RUN: executeJavaScript("var previewBar = document.getElementById("preview-bar-iframe"); previewBar.style.display = "none";", [])

2019-06-25 13:54:11 - [TEST_STEP][PASSED] - click(findTestObject("APOLLO- Desktop/Shipping page/Radio button check")): Object: 'Object Repository/APOLLO- Desktop/Shipping page/Radio button check' is clicked on

2019-06-25 13:54:13 - [MESSAGE][PASSED] - Object: 'Object Repository/APOLLO- Desktop/Shipping page/Radio button check' is clicked on

2019-06-25 13:54:13 - [TEST_STEP][NOT_RUN] - executeJavaScript("var previewBar = document.getElementById("preview-bar-iframe"); previewBar.style.display = "none";", []): NOT_RUN: executeJavaScript("var previewBar = document.getElementById("preview-bar-iframe"); previewBar.style.display = "none";", [])

2019-06-25 13:54:13 - [MESSAGE][NOT_RUN] - NOT_RUN: executeJavaScript("var previewBar = document.getElementById("preview-bar-iframe"); previewBar.style.display = "none";", [])

2019-06-25 13:54:13 - [TEST_STEP][PASSED] - click(findTestObject("APOLLO- Desktop/Shipping page/Continue to payment")): Object: 'Object Repository/APOLLO- Desktop/Shipping page/Continue to payment' is clicked on

2019-06-25 13:54:15 - [MESSAGE][PASSED] - Object: 'Object Repository/APOLLO- Desktop/Shipping page/Continue to payment' is clicked on

2019-06-25 13:54:15 - [TEST_STEP][NOT_RUN] - executeJavaScript("var previewBar = document.getElementById("preview-bar-iframe"); previewBar.style.display = "none";", []): NOT_RUN: executeJavaScript("var previewBar = document.getElementById("preview-bar-iframe"); previewBar.style.display = "none";", [])

2019-06-25 13:54:15 - [MESSAGE][NOT_RUN] - NOT_RUN: executeJavaScript("var previewBar = document.getElementById("preview-bar-iframe"); previewBar.style.display = "none";", [])

2019-06-25 13:54:16 - [TEST_STEP][PASSED] - click(findTestObject("APOLLO- Desktop/payment page/Payment section")): Object: 'Object Repository/APOLLO- Desktop/payment page/Payment section' is clicked on

2019-06-25 13:54:16 - [MESSAGE][PASSED] - Object: 'Object Repository/APOLLO- Desktop/payment page/Payment section' is clicked on

2019-06-25 13:54:16 - [MESSAGE][PASSED] - Call Test Case 'Test Cases/CALL - SHIPPING TO PAYMENT' successfully

2019-06-25 13:54:16 - [MESSAGE][FAILED] - callTestCase(findTestCase("CALL - SHIPPING TO PAYMENT"), [:], STOP_ON_FAILURE) FAILED.
Reason:
com.kms.katalon.core.exception.StepFailedException: Object 'Object Repository/APOLLO- Desktop/Product page/Add to bag' is NOT clickable
	at com.kms.katalon.core.keyword.internal.KeywordMain.stepFailed(KeywordMain.groovy:32)
	at com.kms.katalon.core.webui.keyword.internal.WebUIKeywordMain.stepFailed(WebUIKeywordMain.groovy:65)
	at com.kms.katalon.core.webui.keyword.builtin.VerifyElementClickableKeyword$_verifyElementClickable_closure1.doCall(VerifyElementClickableKeyword.groovy:83)
	at com.kms.katalon.core.webui.keyword.builtin.VerifyElementClickableKeyword$_verifyElementClickable_closure1.call(VerifyElementClickableKeyword.groovy)
	at com.kms.katalon.core.webui.keyword.internal.WebUIKeywordMain.runKeyword(WebUIKeywordMain.groovy:21)
	at com.kms.katalon.core.webui.keyword.builtin.VerifyElementClickableKeyword.verifyElementClickable(VerifyElementClickableKeyword.groovy:96)
	at com.kms.katalon.core.webui.keyword.builtin.VerifyElementClickableKeyword.execute(VerifyElementClickableKeyword.groovy:67)
	at com.kms.katalon.core.keyword.internal.KeywordExecutor.executeKeywordForPlatform(KeywordExecutor.groovy:53)
	at com.kms.katalon.core.webui.keyword.WebUiBuiltInKeywords.verifyElementClickable(WebUiBuiltInKeywords.groovy:548)
	at com.kms.katalon.core.webui.keyword.WebUiBuiltInKeywords$verifyElementClickable$15.call(Unknown Source)
	at Home page - add to bag CTA.run(Home page - add to bag CTA:116)
	at com.kms.katalon.core.main.ScriptEngine.run(ScriptEngine.java:194)
	at com.kms.katalon.core.main.ScriptEngine.runScriptAsRawText(ScriptEngine.java:119)
	at com.kms.katalon.core.main.TestCaseExecutor.runScript(TestCaseExecutor.java:328)
	at com.kms.katalon.core.main.TestCaseExecutor.doExecute(TestCaseExecutor.java:319)
	at com.kms.katalon.core.main.TestCaseExecutor.processExecutionPhase(TestCaseExecutor.java:298)
	at com.kms.katalon.core.main.TestCaseExecutor.accessMainPhase(TestCaseExecutor.java:290)
	at com.kms.katalon.core.main.TestCaseExecutor.execute(TestCaseExecutor.java:224)
	at com.kms.katalon.core.main.TestSuiteExecutor.accessTestCaseMainPhase(TestSuiteExecutor.java:129)
	at com.kms.katalon.core.main.TestSuiteExecutor.accessTestSuiteMainPhase(TestSuiteExecutor.java:112)
	at com.kms.katalon.core.main.TestSuiteExecutor.execute(TestSuiteExecutor.java:81)
	at com.kms.katalon.core.main.TestCaseMain.startTestSuite(TestCaseMain.java:149)
	at com.kms.katalon.core.main.TestCaseMain$startTestSuite$0.call(Unknown Source)
	at TempTestSuite1561483953417.run(TempTestSuite1561483953417.groovy:36)]]></system-out>
         <system-err><![CDATA[2019-06-25 13:53:16 - [TEST_CASE][FAILED] - Test Cases/CRITICAL PATH/Home page - add to bag CTA: Test Cases/CRITICAL PATH/Home page - add to bag CTA FAILED.
Reason:
com.kms.katalon.core.exception.StepFailedException: Object 'Object Repository/APOLLO- Desktop/Product page/Add to bag' is NOT clickable
	at com.kms.katalon.core.keyword.internal.KeywordMain.stepFailed(KeywordMain.groovy:32)
	at com.kms.katalon.core.webui.keyword.internal.WebUIKeywordMain.stepFailed(WebUIKeywordMain.groovy:65)
	at com.kms.katalon.core.webui.keyword.builtin.VerifyElementClickableKeyword$_verifyElementClickable_closure1.doCall(VerifyElementClickableKeyword.groovy:83)
	at com.kms.katalon.core.webui.keyword.builtin.VerifyElementClickableKeyword$_verifyElementClickable_closure1.call(VerifyElementClickableKeyword.groovy)
	at com.kms.katalon.core.webui.keyword.internal.WebUIKeywordMain.runKeyword(WebUIKeywordMain.groovy:21)
	at com.kms.katalon.core.webui.keyword.builtin.VerifyElementClickableKeyword.verifyElementClickable(VerifyElementClickableKeyword.groovy:96)
	at com.kms.katalon.core.webui.keyword.builtin.VerifyElementClickableKeyword.execute(VerifyElementClickableKeyword.groovy:67)
	at com.kms.katalon.core.keyword.internal.KeywordExecutor.executeKeywordForPlatform(KeywordExecutor.groovy:53)
	at com.kms.katalon.core.webui.keyword.WebUiBuiltInKeywords.verifyElementClickable(WebUiBuiltInKeywords.groovy:548)
	at com.kms.katalon.core.webui.keyword.WebUiBuiltInKeywords$verifyElementClickable$15.call(Unknown Source)
	at Home page - add to bag CTA.run(Home page - add to bag CTA:116)
	at com.kms.katalon.core.main.ScriptEngine.run(ScriptEngine.java:194)
	at com.kms.katalon.core.main.ScriptEngine.runScriptAsRawText(ScriptEngine.java:119)
	at com.kms.katalon.core.main.TestCaseExecutor.runScript(TestCaseExecutor.java:328)
	at com.kms.katalon.core.main.TestCaseExecutor.doExecute(TestCaseExecutor.java:319)
	at com.kms.katalon.core.main.TestCaseExecutor.processExecutionPhase(TestCaseExecutor.java:298)
	at com.kms.katalon.core.main.TestCaseExecutor.accessMainPhase(TestCaseExecutor.java:290)
	at com.kms.katalon.core.main.TestCaseExecutor.execute(TestCaseExecutor.java:224)
	at com.kms.katalon.core.main.TestSuiteExecutor.accessTestCaseMainPhase(TestSuiteExecutor.java:129)
	at com.kms.katalon.core.main.TestSuiteExecutor.accessTestSuiteMainPhase(TestSuiteExecutor.java:112)
	at com.kms.katalon.core.main.TestSuiteExecutor.execute(TestSuiteExecutor.java:81)
	at com.kms.katalon.core.main.TestCaseMain.startTestSuite(TestCaseMain.java:149)
	at com.kms.katalon.core.main.TestCaseMain$startTestSuite$0.call(Unknown Source)
	at TempTestSuite1561483953417.run(TempTestSuite1561483953417.groovy:36)]]></system-err>
      </testcase>
      <testcase name="Test Cases/CRITICAL PATH/Increase quantity - cart page" classname="Test Cases/CRITICAL PATH/Increase quantity - cart page" status="PASSED">
         <system-out><![CDATA[2019-06-25 13:54:16 - [TEST_CASE][PASSED] - Test Cases/CRITICAL PATH/Increase quantity - cart page: Test Cases/CRITICAL PATH/Increase quantity - cart page

2019-06-25 13:54:16 - [TEST_STEP][PASSED] - callTestCase(findTestCase("CALL - URL"), [:], STOP_ON_FAILURE): Call Test Case 'Test Cases/CALL - URL' successfully

2019-06-25 13:54:16 - [TEST_CASE][PASSED] - Test Cases/CALL - URL: Test Cases/CALL - URL

2019-06-25 13:54:16 - [TEST_STEP][PASSED] - openBrowser(""): Browser is opened with url: ''

2019-06-25 13:54:16 - [MESSAGE][WARNING] - A browser is already opened. Closing browser and opening a new one

2019-06-25 13:54:17 - [MESSAGE][INFO] - Starting 'Firefox' driver

2019-06-25 13:54:19 - [MESSAGE][PASSED] - Browser is opened with url: ''

2019-06-25 13:54:19 - [TEST_STEP][PASSED] - navigateToUrl("https://diff-apollo.myshopify.com/?key=eec34184cfd8f82cda816f82753a8c8e9e240f30cf54470e19667b8cbb401948&preview_theme_id="): Navigate to 'https://diff-apollo.myshopify.com/?key=eec34184cfd8f82cda816f82753a8c8e9e240f30cf54470e19667b8cbb401948&preview_theme_id=' successfully

2019-06-25 13:54:24 - [MESSAGE][PASSED] - Navigate to 'https://diff-apollo.myshopify.com/?key=eec34184cfd8f82cda816f82753a8c8e9e240f30cf54470e19667b8cbb401948&preview_theme_id=' successfully

2019-06-25 13:54:24 - [TEST_STEP][NOT_RUN] - executeJavaScript("var previewBar = document.getElementById("preview-bar-iframe"); previewBar.style.display = "none";", []): NOT_RUN: executeJavaScript("var previewBar = document.getElementById("preview-bar-iframe"); previewBar.style.display = "none";", [])

2019-06-25 13:54:24 - [MESSAGE][NOT_RUN] - NOT_RUN: executeJavaScript("var previewBar = document.getElementById("preview-bar-iframe"); previewBar.style.display = "none";", [])

2019-06-25 13:54:24 - [MESSAGE][PASSED] - Call Test Case 'Test Cases/CALL - URL' successfully

2019-06-25 13:54:24 - [TEST_STEP][PASSED] - delay(1): Delayed 1 second(s)

2019-06-25 13:54:25 - [MESSAGE][PASSED] - Delayed 1 second(s)

2019-06-25 13:54:25 - [TEST_STEP][PASSED] - click(findTestObject("APOLLO- Desktop/Burger Menu/Burgermenu")): Object: 'Object Repository/APOLLO- Desktop/Burger Menu/Burgermenu' is clicked on

2019-06-25 13:54:25 - [MESSAGE][PASSED] - Object: 'Object Repository/APOLLO- Desktop/Burger Menu/Burgermenu' is clicked on

2019-06-25 13:54:25 - [TEST_STEP][PASSED] - delay(2): Delayed 2 second(s)

2019-06-25 13:54:27 - [MESSAGE][PASSED] - Delayed 2 second(s)

2019-06-25 13:54:27 - [TEST_STEP][PASSED] - click(findTestObject("APOLLO- Desktop/Burger Menu/Mens chevron")): Object: 'Object Repository/APOLLO- Desktop/Burger Menu/Mens chevron' is clicked on

2019-06-25 13:54:28 - [MESSAGE][PASSED] - Object: 'Object Repository/APOLLO- Desktop/Burger Menu/Mens chevron' is clicked on

2019-06-25 13:54:28 - [TEST_STEP][PASSED] - delay(2): Delayed 2 second(s)

2019-06-25 13:54:30 - [MESSAGE][PASSED] - Delayed 2 second(s)

2019-06-25 13:54:30 - [TEST_STEP][PASSED] - click(findTestObject("APOLLO- Desktop/Burger Menu/Mens - Top Chevron")): Object: 'Object Repository/APOLLO- Desktop/Burger Menu/Mens - Top Chevron' is clicked on

2019-06-25 13:54:30 - [MESSAGE][PASSED] - Object: 'Object Repository/APOLLO- Desktop/Burger Menu/Mens - Top Chevron' is clicked on

2019-06-25 13:54:30 - [TEST_STEP][PASSED] - delay(2): Delayed 2 second(s)

2019-06-25 13:54:32 - [MESSAGE][PASSED] - Delayed 2 second(s)

2019-06-25 13:54:32 - [TEST_STEP][PASSED] - click(findTestObject("APOLLO- Desktop/Burger Menu/Shirts link")): Object: 'Object Repository/APOLLO- Desktop/Burger Menu/Shirts link' is clicked on

2019-06-25 13:54:33 - [MESSAGE][PASSED] - Object: 'Object Repository/APOLLO- Desktop/Burger Menu/Shirts link' is clicked on

2019-06-25 13:54:33 - [TEST_STEP][NOT_RUN] - executeJavaScript("var previewBar = document.getElementById("preview-bar-iframe"); previewBar.style.display = "none";", []): NOT_RUN: executeJavaScript("var previewBar = document.getElementById("preview-bar-iframe"); previewBar.style.display = "none";", [])

2019-06-25 13:54:33 - [MESSAGE][NOT_RUN] - NOT_RUN: executeJavaScript("var previewBar = document.getElementById("preview-bar-iframe"); previewBar.style.display = "none";", [])

2019-06-25 13:54:33 - [TEST_STEP][PASSED] - delay(2): Delayed 2 second(s)

2019-06-25 13:54:35 - [MESSAGE][PASSED] - Delayed 2 second(s)

2019-06-25 13:54:35 - [TEST_STEP][PASSED] - click(findTestObject("APOLLO- Desktop/Collection page/Blue shirt product")): Object: 'Object Repository/APOLLO- Desktop/Collection page/Blue shirt product' is clicked on

2019-06-25 13:54:38 - [MESSAGE][PASSED] - Object: 'Object Repository/APOLLO- Desktop/Collection page/Blue shirt product' is clicked on

2019-06-25 13:54:38 - [TEST_STEP][PASSED] - delay(2): Delayed 2 second(s)

2019-06-25 13:54:40 - [MESSAGE][PASSED] - Delayed 2 second(s)

2019-06-25 13:54:40 - [TEST_STEP][PASSED] - selectOptionByValue(findTestObject("APOLLO- Desktop/Product page/Size dropdown"), "Medium", true): All options with value 'Medium' are selected in object 'Object Repository/APOLLO- Desktop/Product page/Size dropdown'  using regular expression

2019-06-25 13:54:41 - [MESSAGE][PASSED] - All options with value 'Medium' are selected in object 'Object Repository/APOLLO- Desktop/Product page/Size dropdown'  using regular expression

2019-06-25 13:54:41 - [TEST_STEP][PASSED] - delay(2): Delayed 2 second(s)

2019-06-25 13:54:43 - [MESSAGE][PASSED] - Delayed 2 second(s)

2019-06-25 13:54:43 - [TEST_STEP][PASSED] - click(findTestObject("APOLLO- Desktop/Product page/Add to bag")): Object: 'Object Repository/APOLLO- Desktop/Product page/Add to bag' is clicked on

2019-06-25 13:54:43 - [MESSAGE][PASSED] - Object: 'Object Repository/APOLLO- Desktop/Product page/Add to bag' is clicked on

2019-06-25 13:54:43 - [TEST_STEP][PASSED] - delay(2): Delayed 2 second(s)

2019-06-25 13:54:45 - [MESSAGE][PASSED] - Delayed 2 second(s)

2019-06-25 13:54:45 - [TEST_STEP][PASSED] - click(findTestObject("APOLLO- Desktop/Cart flyout/Checkout")): Object: 'Object Repository/APOLLO- Desktop/Cart flyout/Checkout' is clicked on

2019-06-25 13:54:48 - [MESSAGE][PASSED] - Object: 'Object Repository/APOLLO- Desktop/Cart flyout/Checkout' is clicked on

2019-06-25 13:54:48 - [TEST_STEP][PASSED] - delay(2): Delayed 2 second(s)

2019-06-25 13:54:50 - [MESSAGE][PASSED] - Delayed 2 second(s)

2019-06-25 13:54:50 - [TEST_STEP][PASSED] - click(findTestObject("APOLLO- Desktop/Customer Information page/Cart page breadcrumb")): Object: 'Object Repository/APOLLO- Desktop/Customer Information page/Cart page breadcrumb' is clicked on

2019-06-25 13:54:52 - [MESSAGE][PASSED] - Object: 'Object Repository/APOLLO- Desktop/Customer Information page/Cart page breadcrumb' is clicked on

2019-06-25 13:54:52 - [TEST_STEP][PASSED] - delay(2): Delayed 2 second(s)

2019-06-25 13:54:54 - [MESSAGE][PASSED] - Delayed 2 second(s)

2019-06-25 13:54:54 - [TEST_STEP][PASSED] - a = getText(findTestObject("APOLLO- Desktop/Cart page/Subtotal in cart page")): Text of object 'Object Repository/APOLLO- Desktop/Cart page/Subtotal in cart page' is: '$30.00'

2019-06-25 13:54:54 - [MESSAGE][PASSED] - Text of object 'Object Repository/APOLLO- Desktop/Cart page/Subtotal in cart page' is: '$30.00'

2019-06-25 13:54:54 - [TEST_STEP][PASSED] - comment("a=" + a): a=$30.00

2019-06-25 13:54:54 - [MESSAGE][INFO] - a=$30.00

2019-06-25 13:54:54 - [TEST_STEP][PASSED] - delay(2): Delayed 2 second(s)

2019-06-25 13:54:56 - [MESSAGE][PASSED] - Delayed 2 second(s)

2019-06-25 13:54:56 - [TEST_STEP][PASSED] - click(findTestObject("APOLLO- Desktop/Cart page/Increase quantity - cart page")): Object: 'Object Repository/APOLLO- Desktop/Cart page/Increase quantity - cart page' is clicked on

2019-06-25 13:54:56 - [MESSAGE][PASSED] - Object: 'Object Repository/APOLLO- Desktop/Cart page/Increase quantity - cart page' is clicked on

2019-06-25 13:54:56 - [TEST_STEP][PASSED] - delay(2): Delayed 2 second(s)

2019-06-25 13:54:58 - [MESSAGE][PASSED] - Delayed 2 second(s)

2019-06-25 13:54:58 - [TEST_STEP][PASSED] - click(findTestObject("APOLLO- Desktop/Cart page/Increase quantity - cart page")): Object: 'Object Repository/APOLLO- Desktop/Cart page/Increase quantity - cart page' is clicked on

2019-06-25 13:54:59 - [MESSAGE][PASSED] - Object: 'Object Repository/APOLLO- Desktop/Cart page/Increase quantity - cart page' is clicked on

2019-06-25 13:54:59 - [TEST_STEP][PASSED] - delay(2): Delayed 2 second(s)

2019-06-25 13:55:01 - [MESSAGE][PASSED] - Delayed 2 second(s)

2019-06-25 13:55:01 - [TEST_STEP][PASSED] - setText(findTestObject("APOLLO- Desktop/Cart flyout/CArt quanty update"), "3"): Text '3' is set on object 'Object Repository/APOLLO- Desktop/Cart flyout/CArt quanty update'

2019-06-25 13:55:01 - [MESSAGE][PASSED] - Text '3' is set on object 'Object Repository/APOLLO- Desktop/Cart flyout/CArt quanty update'

2019-06-25 13:55:01 - [TEST_STEP][PASSED] - delay(2): Delayed 2 second(s)

2019-06-25 13:55:03 - [MESSAGE][PASSED] - Delayed 2 second(s)

2019-06-25 13:55:03 - [TEST_STEP][PASSED] - click(findTestObject("APOLLO- Desktop/Cart page/Click outside the page")): Object: 'Object Repository/APOLLO- Desktop/Cart page/Click outside the page' is clicked on

2019-06-25 13:55:03 - [MESSAGE][PASSED] - Object: 'Object Repository/APOLLO- Desktop/Cart page/Click outside the page' is clicked on

2019-06-25 13:55:03 - [TEST_STEP][PASSED] - delay(2): Delayed 2 second(s)

2019-06-25 13:55:05 - [MESSAGE][PASSED] - Delayed 2 second(s)

2019-06-25 13:55:05 - [TEST_STEP][PASSED] - b = getText(findTestObject("APOLLO- Desktop/Cart page/Subtotal in cart page")): Text of object 'Object Repository/APOLLO- Desktop/Cart page/Subtotal in cart page' is: '$60.00'

2019-06-25 13:55:05 - [MESSAGE][PASSED] - Text of object 'Object Repository/APOLLO- Desktop/Cart page/Subtotal in cart page' is: '$60.00'

2019-06-25 13:55:05 - [TEST_STEP][PASSED] - comment("b=" + b): b=$60.00

2019-06-25 13:55:05 - [MESSAGE][INFO] - b=$60.00

2019-06-25 13:55:05 - [TEST_STEP][PASSED] - flag = verifyNotEqual("a", "b"): Actual object 'a' and expected object 'b' are not equal

2019-06-25 13:55:05 - [MESSAGE][PASSED] - Actual object 'a' and expected object 'b' are not equal

2019-06-25 13:55:05 - [TEST_STEP][PASSED] - if (flag == true): Quantity selector working

2019-06-25 13:55:05 - [TEST_STEP][PASSED] - comment("Quantity selector working"): Quantity selector working

2019-06-25 13:55:05 - [MESSAGE][INFO] - Quantity selector working

2019-06-25 13:55:05 - [TEST_STEP][PASSED] - delay(2): Delayed 2 second(s)

2019-06-25 13:55:07 - [MESSAGE][PASSED] - Delayed 2 second(s)

2019-06-25 13:55:07 - [TEST_STEP][NOT_RUN] - executeJavaScript("var previewBar = document.getElementById("preview-bar-iframe"); previewBar.style.display = "none";", []): NOT_RUN: executeJavaScript("var previewBar = document.getElementById("preview-bar-iframe"); previewBar.style.display = "none";", [])

2019-06-25 13:55:07 - [MESSAGE][NOT_RUN] - NOT_RUN: executeJavaScript("var previewBar = document.getElementById("preview-bar-iframe"); previewBar.style.display = "none";", [])

2019-06-25 13:55:07 - [TEST_STEP][PASSED] - delay(2): Delayed 2 second(s)

2019-06-25 13:55:09 - [MESSAGE][PASSED] - Delayed 2 second(s)

2019-06-25 13:55:09 - [TEST_STEP][PASSED] - click(findTestObject("APOLLO- Desktop/Cart flyout/Checkout")): Object: 'Object Repository/APOLLO- Desktop/Cart flyout/Checkout' is clicked on

2019-06-25 13:55:11 - [MESSAGE][PASSED] - Object: 'Object Repository/APOLLO- Desktop/Cart flyout/Checkout' is clicked on

2019-06-25 13:55:11 - [TEST_STEP][PASSED] - delay(2): Delayed 2 second(s)

2019-06-25 13:55:14 - [MESSAGE][PASSED] - Delayed 2 second(s)

2019-06-25 13:55:14 - [TEST_STEP][PASSED] - callTestCase(findTestCase("CALL- CUSTOMER INFO PAGE"), [:], STOP_ON_FAILURE): Call Test Case 'Test Cases/CALL- CUSTOMER INFO PAGE' successfully

2019-06-25 13:55:14 - [TEST_CASE][PASSED] - Test Cases/CALL- CUSTOMER INFO PAGE: Test Cases/CALL- CUSTOMER INFO PAGE

2019-06-25 13:55:14 - [TEST_STEP][PASSED] - delay(2): Delayed 2 second(s)

2019-06-25 13:55:16 - [MESSAGE][PASSED] - Delayed 2 second(s)

2019-06-25 13:55:16 - [TEST_STEP][NOT_RUN] - executeJavaScript("var previewBar = document.getElementById("preview-bar-iframe"); previewBar.style.display = "none";", []): NOT_RUN: executeJavaScript("var previewBar = document.getElementById("preview-bar-iframe"); previewBar.style.display = "none";", [])

2019-06-25 13:55:16 - [MESSAGE][NOT_RUN] - NOT_RUN: executeJavaScript("var previewBar = document.getElementById("preview-bar-iframe"); previewBar.style.display = "none";", [])

2019-06-25 13:55:16 - [TEST_STEP][PASSED] - setText(findTestObject("APOLLO- Desktop/Customer Information page/Email"), "suman@gmail.com"): Text 'suman@gmail.com' is set on object 'Object Repository/APOLLO- Desktop/Customer Information page/Email'

2019-06-25 13:55:16 - [MESSAGE][PASSED] - Text 'suman@gmail.com' is set on object 'Object Repository/APOLLO- Desktop/Customer Information page/Email'

2019-06-25 13:55:16 - [TEST_STEP][PASSED] - delay(2): Delayed 2 second(s)

2019-06-25 13:55:18 - [MESSAGE][PASSED] - Delayed 2 second(s)

2019-06-25 13:55:18 - [TEST_STEP][PASSED] - setText(findTestObject("APOLLO- Desktop/Customer Information page/First name"), "suman"): Text 'suman' is set on object 'Object Repository/APOLLO- Desktop/Customer Information page/First name'

2019-06-25 13:55:18 - [MESSAGE][PASSED] - Text 'suman' is set on object 'Object Repository/APOLLO- Desktop/Customer Information page/First name'

2019-06-25 13:55:18 - [TEST_STEP][PASSED] - delay(2): Delayed 2 second(s)

2019-06-25 13:55:20 - [MESSAGE][PASSED] - Delayed 2 second(s)

2019-06-25 13:55:20 - [TEST_STEP][PASSED] - setText(findTestObject("APOLLO- Desktop/Customer Information page/Last name"), "kompelly"): Text 'kompelly' is set on object 'Object Repository/APOLLO- Desktop/Customer Information page/Last name'

2019-06-25 13:55:20 - [MESSAGE][PASSED] - Text 'kompelly' is set on object 'Object Repository/APOLLO- Desktop/Customer Information page/Last name'

2019-06-25 13:55:20 - [TEST_STEP][PASSED] - delay(2): Delayed 2 second(s)

2019-06-25 13:55:22 - [MESSAGE][PASSED] - Delayed 2 second(s)

2019-06-25 13:55:22 - [TEST_STEP][PASSED] - setText(findTestObject("APOLLO- Desktop/Customer Information page/Address"), "1435 st alxendre"): Text '1435 st alxendre' is set on object 'Object Repository/APOLLO- Desktop/Customer Information page/Address'

2019-06-25 13:55:22 - [MESSAGE][PASSED] - Text '1435 st alxendre' is set on object 'Object Repository/APOLLO- Desktop/Customer Information page/Address'

2019-06-25 13:55:22 - [TEST_STEP][PASSED] - setText(findTestObject("APOLLO- Desktop/Customer Information page/Apartment"), "220"): Text '220' is set on object 'Object Repository/APOLLO- Desktop/Customer Information page/Apartment'

2019-06-25 13:55:22 - [MESSAGE][PASSED] - Text '220' is set on object 'Object Repository/APOLLO- Desktop/Customer Information page/Apartment'

2019-06-25 13:55:22 - [TEST_STEP][PASSED] - setText(findTestObject("APOLLO- Desktop/Customer Information page/City"), "montreal"): Text 'montreal' is set on object 'Object Repository/APOLLO- Desktop/Customer Information page/City'

2019-06-25 13:55:22 - [MESSAGE][PASSED] - Text 'montreal' is set on object 'Object Repository/APOLLO- Desktop/Customer Information page/City'

2019-06-25 13:55:22 - [TEST_STEP][PASSED] - selectOptionByValue(findTestObject("APOLLO- Desktop/Customer Information page/Country dropdown"), "United States", true): All options with value 'United States' are selected in object 'Object Repository/APOLLO- Desktop/Customer Information page/Country dropdown'  using regular expression

2019-06-25 13:55:27 - [MESSAGE][PASSED] - All options with value 'United States' are selected in object 'Object Repository/APOLLO- Desktop/Customer Information page/Country dropdown'  using regular expression

2019-06-25 13:55:27 - [TEST_STEP][PASSED] - selectOptionByValue(findTestObject("APOLLO- Desktop/Customer Information page/states dropdown"), "NJ", true): All options with value 'NJ' are selected in object 'Object Repository/APOLLO- Desktop/Customer Information page/states dropdown'  using regular expression

2019-06-25 13:55:28 - [MESSAGE][PASSED] - All options with value 'NJ' are selected in object 'Object Repository/APOLLO- Desktop/Customer Information page/states dropdown'  using regular expression

2019-06-25 13:55:28 - [TEST_STEP][PASSED] - setText(findTestObject("APOLLO- Desktop/Customer Information page/ZIP code"), "07057"): Text '07057' is set on object 'Object Repository/APOLLO- Desktop/Customer Information page/ZIP code'

2019-06-25 13:55:28 - [MESSAGE][PASSED] - Text '07057' is set on object 'Object Repository/APOLLO- Desktop/Customer Information page/ZIP code'

2019-06-25 13:55:28 - [MESSAGE][PASSED] - Call Test Case 'Test Cases/CALL- CUSTOMER INFO PAGE' successfully

2019-06-25 13:55:28 - [TEST_STEP][PASSED] - delay(2): Delayed 2 second(s)

2019-06-25 13:55:30 - [MESSAGE][PASSED] - Delayed 2 second(s)

2019-06-25 13:55:30 - [TEST_STEP][NOT_RUN] - executeJavaScript("var previewBar = document.getElementById("preview-bar-iframe"); previewBar.style.display = "none";", []): NOT_RUN: executeJavaScript("var previewBar = document.getElementById("preview-bar-iframe"); previewBar.style.display = "none";", [])

2019-06-25 13:55:30 - [MESSAGE][NOT_RUN] - NOT_RUN: executeJavaScript("var previewBar = document.getElementById("preview-bar-iframe"); previewBar.style.display = "none";", [])

2019-06-25 13:55:30 - [TEST_STEP][PASSED] - click(findTestObject("APOLLO- Desktop/Customer Information page/Continue to shipping")): Object: 'Object Repository/APOLLO- Desktop/Customer Information page/Continue to shipping' is clicked on

2019-06-25 13:55:32 - [MESSAGE][PASSED] - Object: 'Object Repository/APOLLO- Desktop/Customer Information page/Continue to shipping' is clicked on

2019-06-25 13:55:32 - [TEST_STEP][PASSED] - delay(1): Delayed 1 second(s)

2019-06-25 13:55:33 - [MESSAGE][PASSED] - Delayed 1 second(s)

2019-06-25 13:55:33 - [TEST_STEP][PASSED] - click(findTestObject("APOLLO- Desktop/Shipping page/Radio button check")): Object: 'Object Repository/APOLLO- Desktop/Shipping page/Radio button check' is clicked on

2019-06-25 13:55:34 - [MESSAGE][PASSED] - Object: 'Object Repository/APOLLO- Desktop/Shipping page/Radio button check' is clicked on

2019-06-25 13:55:34 - [TEST_STEP][NOT_RUN] - executeJavaScript("var previewBar = document.getElementById("preview-bar-iframe"); previewBar.style.display = "none";", []): NOT_RUN: executeJavaScript("var previewBar = document.getElementById("preview-bar-iframe"); previewBar.style.display = "none";", [])

2019-06-25 13:55:34 - [MESSAGE][NOT_RUN] - NOT_RUN: executeJavaScript("var previewBar = document.getElementById("preview-bar-iframe"); previewBar.style.display = "none";", [])

2019-06-25 13:55:34 - [TEST_STEP][PASSED] - delay(1): Delayed 1 second(s)

2019-06-25 13:55:35 - [MESSAGE][PASSED] - Delayed 1 second(s)

2019-06-25 13:55:35 - [TEST_STEP][PASSED] - click(findTestObject("APOLLO- Desktop/Shipping page/Continue to payment")): Object: 'Object Repository/APOLLO- Desktop/Shipping page/Continue to payment' is clicked on

2019-06-25 13:55:38 - [MESSAGE][PASSED] - Object: 'Object Repository/APOLLO- Desktop/Shipping page/Continue to payment' is clicked on

2019-06-25 13:55:38 - [TEST_STEP][PASSED] - delay(1): Delayed 1 second(s)

2019-06-25 13:55:39 - [MESSAGE][PASSED] - Delayed 1 second(s)

2019-06-25 13:55:39 - [TEST_STEP][PASSED] - click(findTestObject("APOLLO- Desktop/payment page/Payment section")): Object: 'Object Repository/APOLLO- Desktop/payment page/Payment section' is clicked on

2019-06-25 13:55:39 - [MESSAGE][PASSED] - Object: 'Object Repository/APOLLO- Desktop/payment page/Payment section' is clicked on]]></system-out>
         <system-err><![CDATA[]]></system-err>
      </testcase>
      <testcase name="Test Cases/CRITICAL PATH/Increase quantity - Cart flyout" classname="Test Cases/CRITICAL PATH/Increase quantity - Cart flyout" status="PASSED">
         <system-out><![CDATA[2019-06-25 13:55:39 - [TEST_CASE][PASSED] - Test Cases/CRITICAL PATH/Increase quantity - Cart flyout: Test Cases/CRITICAL PATH/Increase quantity - Cart flyout

2019-06-25 13:55:39 - [TEST_STEP][PASSED] - callTestCase(findTestCase("CALL - URL"), [:], STOP_ON_FAILURE): Call Test Case 'Test Cases/CALL - URL' successfully

2019-06-25 13:55:39 - [TEST_CASE][PASSED] - Test Cases/CALL - URL: Test Cases/CALL - URL

2019-06-25 13:55:39 - [TEST_STEP][PASSED] - openBrowser(""): Browser is opened with url: ''

2019-06-25 13:55:39 - [MESSAGE][WARNING] - A browser is already opened. Closing browser and opening a new one

2019-06-25 13:55:40 - [MESSAGE][INFO] - Starting 'Firefox' driver

2019-06-25 13:55:42 - [MESSAGE][PASSED] - Browser is opened with url: ''

2019-06-25 13:55:42 - [TEST_STEP][PASSED] - navigateToUrl("https://diff-apollo.myshopify.com/?key=eec34184cfd8f82cda816f82753a8c8e9e240f30cf54470e19667b8cbb401948&preview_theme_id="): Navigate to 'https://diff-apollo.myshopify.com/?key=eec34184cfd8f82cda816f82753a8c8e9e240f30cf54470e19667b8cbb401948&preview_theme_id=' successfully

2019-06-25 13:55:46 - [MESSAGE][PASSED] - Navigate to 'https://diff-apollo.myshopify.com/?key=eec34184cfd8f82cda816f82753a8c8e9e240f30cf54470e19667b8cbb401948&preview_theme_id=' successfully

2019-06-25 13:55:46 - [TEST_STEP][NOT_RUN] - executeJavaScript("var previewBar = document.getElementById("preview-bar-iframe"); previewBar.style.display = "none";", []): NOT_RUN: executeJavaScript("var previewBar = document.getElementById("preview-bar-iframe"); previewBar.style.display = "none";", [])

2019-06-25 13:55:46 - [MESSAGE][NOT_RUN] - NOT_RUN: executeJavaScript("var previewBar = document.getElementById("preview-bar-iframe"); previewBar.style.display = "none";", [])

2019-06-25 13:55:46 - [MESSAGE][PASSED] - Call Test Case 'Test Cases/CALL - URL' successfully

2019-06-25 13:55:46 - [TEST_STEP][PASSED] - delay(1): Delayed 1 second(s)

2019-06-25 13:55:47 - [MESSAGE][PASSED] - Delayed 1 second(s)

2019-06-25 13:55:47 - [TEST_STEP][PASSED] - click(findTestObject("APOLLO- Desktop/Burger Menu/Burgermenu")): Object: 'Object Repository/APOLLO- Desktop/Burger Menu/Burgermenu' is clicked on

2019-06-25 13:55:47 - [MESSAGE][PASSED] - Object: 'Object Repository/APOLLO- Desktop/Burger Menu/Burgermenu' is clicked on

2019-06-25 13:55:47 - [TEST_STEP][PASSED] - delay(2): Delayed 2 second(s)

2019-06-25 13:55:49 - [MESSAGE][PASSED] - Delayed 2 second(s)

2019-06-25 13:55:49 - [TEST_STEP][PASSED] - click(findTestObject("APOLLO- Desktop/Burger Menu/Mens chevron")): Object: 'Object Repository/APOLLO- Desktop/Burger Menu/Mens chevron' is clicked on

2019-06-25 13:55:50 - [MESSAGE][PASSED] - Object: 'Object Repository/APOLLO- Desktop/Burger Menu/Mens chevron' is clicked on

2019-06-25 13:55:50 - [TEST_STEP][PASSED] - delay(2): Delayed 2 second(s)

2019-06-25 13:55:52 - [MESSAGE][PASSED] - Delayed 2 second(s)

2019-06-25 13:55:52 - [TEST_STEP][PASSED] - click(findTestObject("APOLLO- Desktop/Burger Menu/Mens - Top Chevron")): Object: 'Object Repository/APOLLO- Desktop/Burger Menu/Mens - Top Chevron' is clicked on

2019-06-25 13:55:52 - [MESSAGE][PASSED] - Object: 'Object Repository/APOLLO- Desktop/Burger Menu/Mens - Top Chevron' is clicked on

2019-06-25 13:55:52 - [TEST_STEP][PASSED] - delay(2): Delayed 2 second(s)

2019-06-25 13:55:54 - [MESSAGE][PASSED] - Delayed 2 second(s)

2019-06-25 13:55:54 - [TEST_STEP][PASSED] - click(findTestObject("APOLLO- Desktop/Burger Menu/Shirts link")): Object: 'Object Repository/APOLLO- Desktop/Burger Menu/Shirts link' is clicked on

2019-06-25 13:55:55 - [MESSAGE][PASSED] - Object: 'Object Repository/APOLLO- Desktop/Burger Menu/Shirts link' is clicked on

2019-06-25 13:55:55 - [TEST_STEP][NOT_RUN] - executeJavaScript("var previewBar = document.getElementById("preview-bar-iframe"); previewBar.style.display = "none";", []): NOT_RUN: executeJavaScript("var previewBar = document.getElementById("preview-bar-iframe"); previewBar.style.display = "none";", [])

2019-06-25 13:55:55 - [MESSAGE][NOT_RUN] - NOT_RUN: executeJavaScript("var previewBar = document.getElementById("preview-bar-iframe"); previewBar.style.display = "none";", [])

2019-06-25 13:55:55 - [TEST_STEP][PASSED] - delay(2): Delayed 2 second(s)

2019-06-25 13:55:57 - [MESSAGE][PASSED] - Delayed 2 second(s)

2019-06-25 13:55:57 - [TEST_STEP][PASSED] - click(findTestObject("APOLLO- Desktop/Collection page/Blue shirt product")): Object: 'Object Repository/APOLLO- Desktop/Collection page/Blue shirt product' is clicked on

2019-06-25 13:55:57 - [MESSAGE][PASSED] - Object: 'Object Repository/APOLLO- Desktop/Collection page/Blue shirt product' is clicked on

2019-06-25 13:55:57 - [TEST_STEP][PASSED] - delay(2): Delayed 2 second(s)

2019-06-25 13:55:59 - [MESSAGE][PASSED] - Delayed 2 second(s)

2019-06-25 13:55:59 - [TEST_STEP][PASSED] - selectOptionByValue(findTestObject("APOLLO- Desktop/Product page/Size dropdown"), "Medium", true): All options with value 'Medium' are selected in object 'Object Repository/APOLLO- Desktop/Product page/Size dropdown'  using regular expression

2019-06-25 13:56:00 - [MESSAGE][PASSED] - All options with value 'Medium' are selected in object 'Object Repository/APOLLO- Desktop/Product page/Size dropdown'  using regular expression

2019-06-25 13:56:00 - [TEST_STEP][PASSED] - delay(2): Delayed 2 second(s)

2019-06-25 13:56:02 - [MESSAGE][PASSED] - Delayed 2 second(s)

2019-06-25 13:56:02 - [TEST_STEP][PASSED] - click(findTestObject("APOLLO- Desktop/Product page/Add to bag")): Object: 'Object Repository/APOLLO- Desktop/Product page/Add to bag' is clicked on

2019-06-25 13:56:02 - [MESSAGE][PASSED] - Object: 'Object Repository/APOLLO- Desktop/Product page/Add to bag' is clicked on

2019-06-25 13:56:02 - [TEST_STEP][PASSED] - delay(2): Delayed 2 second(s)

2019-06-25 13:56:04 - [MESSAGE][PASSED] - Delayed 2 second(s)

2019-06-25 13:56:04 - [TEST_STEP][PASSED] - a = getText(findTestObject("APOLLO- Desktop/Cart flyout/Subtotal in cart flyout")): Text of object 'Object Repository/APOLLO- Desktop/Cart flyout/Subtotal in cart flyout' is: '$30.00'

2019-06-25 13:56:04 - [MESSAGE][PASSED] - Text of object 'Object Repository/APOLLO- Desktop/Cart flyout/Subtotal in cart flyout' is: '$30.00'

2019-06-25 13:56:04 - [TEST_STEP][PASSED] - comment("a=" + a): a=$30.00

2019-06-25 13:56:04 - [MESSAGE][INFO] - a=$30.00

2019-06-25 13:56:04 - [TEST_STEP][PASSED] - delay(2): Delayed 2 second(s)

2019-06-25 13:56:06 - [MESSAGE][PASSED] - Delayed 2 second(s)

2019-06-25 13:56:06 - [TEST_STEP][PASSED] - click(findTestObject("APOLLO- Desktop/Cart flyout/Increase quantity - cart flyout")): Object: 'Object Repository/APOLLO- Desktop/Cart flyout/Increase quantity - cart flyout' is clicked on

2019-06-25 13:56:06 - [MESSAGE][PASSED] - Object: 'Object Repository/APOLLO- Desktop/Cart flyout/Increase quantity - cart flyout' is clicked on

2019-06-25 13:56:06 - [TEST_STEP][PASSED] - delay(2): Delayed 2 second(s)

2019-06-25 13:56:08 - [MESSAGE][PASSED] - Delayed 2 second(s)

2019-06-25 13:56:08 - [TEST_STEP][PASSED] - click(findTestObject("APOLLO- Desktop/Cart flyout/Increase quantity - cart flyout")): Object: 'Object Repository/APOLLO- Desktop/Cart flyout/Increase quantity - cart flyout' is clicked on

2019-06-25 13:56:09 - [MESSAGE][PASSED] - Object: 'Object Repository/APOLLO- Desktop/Cart flyout/Increase quantity - cart flyout' is clicked on

2019-06-25 13:56:09 - [TEST_STEP][PASSED] - delay(2): Delayed 2 second(s)

2019-06-25 13:56:11 - [MESSAGE][PASSED] - Delayed 2 second(s)

2019-06-25 13:56:11 - [TEST_STEP][PASSED] - click(findTestObject("APOLLO- Desktop/random/Page_Apollo - Dark  Diff Apollo/CArt quanty update")): Object: 'Object Repository/APOLLO- Desktop/random/Page_Apollo - Dark  Diff Apollo/CArt quanty update' is clicked on

2019-06-25 13:56:11 - [MESSAGE][PASSED] - Object: 'Object Repository/APOLLO- Desktop/random/Page_Apollo - Dark  Diff Apollo/CArt quanty update' is clicked on

2019-06-25 13:56:11 - [TEST_STEP][PASSED] - delay(2): Delayed 2 second(s)

2019-06-25 13:56:13 - [MESSAGE][PASSED] - Delayed 2 second(s)

2019-06-25 13:56:13 - [TEST_STEP][PASSED] - click(findTestObject("APOLLO- Desktop/random/Page_Apollo - Dark  Diff Apollo/td_Wool Sweater")): Object: 'Object Repository/APOLLO- Desktop/random/Page_Apollo - Dark  Diff Apollo/td_Wool Sweater' is clicked on

2019-06-25 13:56:13 - [MESSAGE][PASSED] - Object: 'Object Repository/APOLLO- Desktop/random/Page_Apollo - Dark  Diff Apollo/td_Wool Sweater' is clicked on

2019-06-25 13:56:13 - [TEST_STEP][PASSED] - delay(2): Delayed 2 second(s)

2019-06-25 13:56:15 - [MESSAGE][PASSED] - Delayed 2 second(s)

2019-06-25 13:56:15 - [TEST_STEP][PASSED] - b = getText(findTestObject("APOLLO- Desktop/Cart flyout/Subtotal in cart flyout")): Text of object 'Object Repository/APOLLO- Desktop/Cart flyout/Subtotal in cart flyout' is: '$60.00'

2019-06-25 13:56:15 - [MESSAGE][PASSED] - Text of object 'Object Repository/APOLLO- Desktop/Cart flyout/Subtotal in cart flyout' is: '$60.00'

2019-06-25 13:56:15 - [TEST_STEP][PASSED] - comment("b=" + b): b=$60.00

2019-06-25 13:56:15 - [MESSAGE][INFO] - b=$60.00

2019-06-25 13:56:15 - [TEST_STEP][PASSED] - flag = verifyNotEqual("a", "b"): Actual object 'a' and expected object 'b' are not equal

2019-06-25 13:56:15 - [MESSAGE][PASSED] - Actual object 'a' and expected object 'b' are not equal

2019-06-25 13:56:15 - [TEST_STEP][PASSED] - if (flag == true): Quantity selector working

2019-06-25 13:56:15 - [TEST_STEP][PASSED] - comment("Quantity selector working"): Quantity selector working

2019-06-25 13:56:15 - [MESSAGE][INFO] - Quantity selector working

2019-06-25 13:56:15 - [TEST_STEP][PASSED] - delay(2): Delayed 2 second(s)

2019-06-25 13:56:17 - [MESSAGE][PASSED] - Delayed 2 second(s)

2019-06-25 13:56:17 - [TEST_STEP][PASSED] - click(findTestObject("APOLLO- Desktop/Cart flyout/Checkout")): Object: 'Object Repository/APOLLO- Desktop/Cart flyout/Checkout' is clicked on

2019-06-25 13:56:19 - [MESSAGE][PASSED] - Object: 'Object Repository/APOLLO- Desktop/Cart flyout/Checkout' is clicked on

2019-06-25 13:56:19 - [TEST_STEP][PASSED] - delay(2): Delayed 2 second(s)

2019-06-25 13:56:21 - [MESSAGE][PASSED] - Delayed 2 second(s)

2019-06-25 13:56:21 - [TEST_STEP][PASSED] - callTestCase(findTestCase("CALL- CUSTOMER INFO PAGE"), [:], STOP_ON_FAILURE): Call Test Case 'Test Cases/CALL- CUSTOMER INFO PAGE' successfully

2019-06-25 13:56:21 - [TEST_CASE][PASSED] - Test Cases/CALL- CUSTOMER INFO PAGE: Test Cases/CALL- CUSTOMER INFO PAGE

2019-06-25 13:56:21 - [TEST_STEP][PASSED] - delay(2): Delayed 2 second(s)

2019-06-25 13:56:23 - [MESSAGE][PASSED] - Delayed 2 second(s)

2019-06-25 13:56:23 - [TEST_STEP][NOT_RUN] - executeJavaScript("var previewBar = document.getElementById("preview-bar-iframe"); previewBar.style.display = "none";", []): NOT_RUN: executeJavaScript("var previewBar = document.getElementById("preview-bar-iframe"); previewBar.style.display = "none";", [])

2019-06-25 13:56:23 - [MESSAGE][NOT_RUN] - NOT_RUN: executeJavaScript("var previewBar = document.getElementById("preview-bar-iframe"); previewBar.style.display = "none";", [])

2019-06-25 13:56:23 - [TEST_STEP][PASSED] - setText(findTestObject("APOLLO- Desktop/Customer Information page/Email"), "suman@gmail.com"): Text 'suman@gmail.com' is set on object 'Object Repository/APOLLO- Desktop/Customer Information page/Email'

2019-06-25 13:56:24 - [MESSAGE][PASSED] - Text 'suman@gmail.com' is set on object 'Object Repository/APOLLO- Desktop/Customer Information page/Email'

2019-06-25 13:56:24 - [TEST_STEP][PASSED] - delay(2): Delayed 2 second(s)

2019-06-25 13:56:26 - [MESSAGE][PASSED] - Delayed 2 second(s)

2019-06-25 13:56:26 - [TEST_STEP][PASSED] - setText(findTestObject("APOLLO- Desktop/Customer Information page/First name"), "suman"): Text 'suman' is set on object 'Object Repository/APOLLO- Desktop/Customer Information page/First name'

2019-06-25 13:56:26 - [MESSAGE][PASSED] - Text 'suman' is set on object 'Object Repository/APOLLO- Desktop/Customer Information page/First name'

2019-06-25 13:56:26 - [TEST_STEP][PASSED] - delay(2): Delayed 2 second(s)

2019-06-25 13:56:28 - [MESSAGE][PASSED] - Delayed 2 second(s)

2019-06-25 13:56:28 - [TEST_STEP][PASSED] - setText(findTestObject("APOLLO- Desktop/Customer Information page/Last name"), "kompelly"): Text 'kompelly' is set on object 'Object Repository/APOLLO- Desktop/Customer Information page/Last name'

2019-06-25 13:56:28 - [MESSAGE][PASSED] - Text 'kompelly' is set on object 'Object Repository/APOLLO- Desktop/Customer Information page/Last name'

2019-06-25 13:56:28 - [TEST_STEP][PASSED] - delay(2): Delayed 2 second(s)

2019-06-25 13:56:30 - [MESSAGE][PASSED] - Delayed 2 second(s)

2019-06-25 13:56:30 - [TEST_STEP][PASSED] - setText(findTestObject("APOLLO- Desktop/Customer Information page/Address"), "1435 st alxendre"): Text '1435 st alxendre' is set on object 'Object Repository/APOLLO- Desktop/Customer Information page/Address'

2019-06-25 13:56:30 - [MESSAGE][PASSED] - Text '1435 st alxendre' is set on object 'Object Repository/APOLLO- Desktop/Customer Information page/Address'

2019-06-25 13:56:30 - [TEST_STEP][PASSED] - setText(findTestObject("APOLLO- Desktop/Customer Information page/Apartment"), "220"): Text '220' is set on object 'Object Repository/APOLLO- Desktop/Customer Information page/Apartment'

2019-06-25 13:56:30 - [MESSAGE][PASSED] - Text '220' is set on object 'Object Repository/APOLLO- Desktop/Customer Information page/Apartment'

2019-06-25 13:56:30 - [TEST_STEP][PASSED] - setText(findTestObject("APOLLO- Desktop/Customer Information page/City"), "montreal"): Text 'montreal' is set on object 'Object Repository/APOLLO- Desktop/Customer Information page/City'

2019-06-25 13:56:30 - [MESSAGE][PASSED] - Text 'montreal' is set on object 'Object Repository/APOLLO- Desktop/Customer Information page/City'

2019-06-25 13:56:30 - [TEST_STEP][PASSED] - selectOptionByValue(findTestObject("APOLLO- Desktop/Customer Information page/Country dropdown"), "United States", true): All options with value 'United States' are selected in object 'Object Repository/APOLLO- Desktop/Customer Information page/Country dropdown'  using regular expression

2019-06-25 13:56:35 - [MESSAGE][PASSED] - All options with value 'United States' are selected in object 'Object Repository/APOLLO- Desktop/Customer Information page/Country dropdown'  using regular expression

2019-06-25 13:56:35 - [TEST_STEP][PASSED] - selectOptionByValue(findTestObject("APOLLO- Desktop/Customer Information page/states dropdown"), "NJ", true): All options with value 'NJ' are selected in object 'Object Repository/APOLLO- Desktop/Customer Information page/states dropdown'  using regular expression

2019-06-25 13:56:36 - [MESSAGE][PASSED] - All options with value 'NJ' are selected in object 'Object Repository/APOLLO- Desktop/Customer Information page/states dropdown'  using regular expression

2019-06-25 13:56:36 - [TEST_STEP][PASSED] - setText(findTestObject("APOLLO- Desktop/Customer Information page/ZIP code"), "07057"): Text '07057' is set on object 'Object Repository/APOLLO- Desktop/Customer Information page/ZIP code'

2019-06-25 13:56:36 - [MESSAGE][PASSED] - Text '07057' is set on object 'Object Repository/APOLLO- Desktop/Customer Information page/ZIP code'

2019-06-25 13:56:36 - [MESSAGE][PASSED] - Call Test Case 'Test Cases/CALL- CUSTOMER INFO PAGE' successfully

2019-06-25 13:56:36 - [TEST_STEP][PASSED] - delay(2): Delayed 2 second(s)

2019-06-25 13:56:38 - [MESSAGE][PASSED] - Delayed 2 second(s)

2019-06-25 13:56:38 - [TEST_STEP][PASSED] - callTestCase(findTestCase("CALL - SHIPPING TO PAYMENT"), [:], STOP_ON_FAILURE): Call Test Case 'Test Cases/CALL - SHIPPING TO PAYMENT' successfully

2019-06-25 13:56:38 - [TEST_CASE][PASSED] - Test Cases/CALL - SHIPPING TO PAYMENT: Test Cases/CALL - SHIPPING TO PAYMENT

2019-06-25 13:56:38 - [TEST_STEP][PASSED] - click(findTestObject("APOLLO- Desktop/Customer Information page/Continue to shipping")): Object: 'Object Repository/APOLLO- Desktop/Customer Information page/Continue to shipping' is clicked on

2019-06-25 13:56:40 - [MESSAGE][PASSED] - Object: 'Object Repository/APOLLO- Desktop/Customer Information page/Continue to shipping' is clicked on

2019-06-25 13:56:40 - [TEST_STEP][NOT_RUN] - executeJavaScript("var previewBar = document.getElementById("preview-bar-iframe"); previewBar.style.display = "none";", []): NOT_RUN: executeJavaScript("var previewBar = document.getElementById("preview-bar-iframe"); previewBar.style.display = "none";", [])

2019-06-25 13:56:40 - [MESSAGE][NOT_RUN] - NOT_RUN: executeJavaScript("var previewBar = document.getElementById("preview-bar-iframe"); previewBar.style.display = "none";", [])

2019-06-25 13:56:40 - [TEST_STEP][PASSED] - click(findTestObject("APOLLO- Desktop/Shipping page/Radio button check")): Object: 'Object Repository/APOLLO- Desktop/Shipping page/Radio button check' is clicked on

2019-06-25 13:56:42 - [MESSAGE][PASSED] - Object: 'Object Repository/APOLLO- Desktop/Shipping page/Radio button check' is clicked on

2019-06-25 13:56:42 - [TEST_STEP][NOT_RUN] - executeJavaScript("var previewBar = document.getElementById("preview-bar-iframe"); previewBar.style.display = "none";", []): NOT_RUN: executeJavaScript("var previewBar = document.getElementById("preview-bar-iframe"); previewBar.style.display = "none";", [])

2019-06-25 13:56:42 - [MESSAGE][NOT_RUN] - NOT_RUN: executeJavaScript("var previewBar = document.getElementById("preview-bar-iframe"); previewBar.style.display = "none";", [])

2019-06-25 13:56:42 - [TEST_STEP][PASSED] - click(findTestObject("APOLLO- Desktop/Shipping page/Continue to payment")): Object: 'Object Repository/APOLLO- Desktop/Shipping page/Continue to payment' is clicked on

2019-06-25 13:56:46 - [MESSAGE][PASSED] - Object: 'Object Repository/APOLLO- Desktop/Shipping page/Continue to payment' is clicked on

2019-06-25 13:56:46 - [TEST_STEP][NOT_RUN] - executeJavaScript("var previewBar = document.getElementById("preview-bar-iframe"); previewBar.style.display = "none";", []): NOT_RUN: executeJavaScript("var previewBar = document.getElementById("preview-bar-iframe"); previewBar.style.display = "none";", [])

2019-06-25 13:56:46 - [MESSAGE][NOT_RUN] - NOT_RUN: executeJavaScript("var previewBar = document.getElementById("preview-bar-iframe"); previewBar.style.display = "none";", [])

2019-06-25 13:56:46 - [TEST_STEP][PASSED] - click(findTestObject("APOLLO- Desktop/payment page/Payment section")): Object: 'Object Repository/APOLLO- Desktop/payment page/Payment section' is clicked on

2019-06-25 13:56:46 - [MESSAGE][PASSED] - Object: 'Object Repository/APOLLO- Desktop/payment page/Payment section' is clicked on

2019-06-25 13:56:46 - [MESSAGE][PASSED] - Call Test Case 'Test Cases/CALL - SHIPPING TO PAYMENT' successfully]]></system-out>
         <system-err><![CDATA[]]></system-err>
      </testcase>
      <testcase name="Test Cases/CRITICAL PATH/Adding diff prods to cart" classname="Test Cases/CRITICAL PATH/Adding diff prods to cart" status="FAILED">
         <failure type="FAILED" message="Test Cases/CRITICAL PATH/Adding diff prods to cart FAILED.
Reason:
com.kms.katalon.core.exception.StepFailedException: Unable to select option by value 'Large' of object 'Object Repository/APOLLO- Desktop/Product page/Size dropdown'  using regular expression (Root cause: org.openqa.selenium.ElementClickInterceptedException: Element &lt;select class=&quot;js-option-selector&quot; name=&quot;Size&quot;> is not clickable at point (1028,279) because another element &lt;form class=&quot;c-cart__form js-cart&quot;> obscures it
Build info: version: '3.7.1', revision: '8a0099a', time: '2017-11-06T21:07:36.161Z'
System info: host: 'sumans-MacBook-Pro.local', ip: 'fe80:0:0:0:b7:68e8:717b:cb34%en0', os.name: 'Mac OS X', os.arch: 'x86_64', os.version: '10.13.6', java.version: '1.8.0_181'
Driver info: com.kms.katalon.core.webui.driver.firefox.CGeckoDriver
Capabilities {acceptInsecureCerts: true, browserName: firefox, browserVersion: 67.0.4, javascriptEnabled: true, moz:accessibilityChecks: false, moz:buildID: 20190619235627, moz:geckodriverVersion: 0.23.0, moz:headless: false, moz:processID: 4875, moz:profile: /var/folders/1t/c55l8xzs6gq..., moz:shutdownTimeout: 60000, moz:useNonSpecCompliantPointerOrigin: false, moz:webdriverClick: true, pageLoadStrategy: normal, platform: MAC, platformName: MAC, platformVersion: 17.7.0, proxy: Proxy(direct), rotatable: false, setWindowRect: true, strictFileInteractability: false, timeouts: {implicit: 0, pageLoad: 300000, script: 30000}, unhandledPromptBehavior: dismiss and notify}
Session ID: dbb6e58d-3b61-0943-aa99-cdc8f54c1f05)
	at com.kms.katalon.core.keyword.internal.KeywordMain.stepFailed(KeywordMain.groovy:36)
	at com.kms.katalon.core.webui.keyword.internal.WebUIKeywordMain.stepFailed(WebUIKeywordMain.groovy:65)
	at com.kms.katalon.core.webui.keyword.internal.WebUIKeywordMain.runKeyword(WebUIKeywordMain.groovy:27)
	at com.kms.katalon.core.webui.keyword.builtin.SelectOptionByValueKeyword.selectOptionByValue(SelectOptionByValueKeyword.groovy:99)
	at com.kms.katalon.core.webui.keyword.builtin.SelectOptionByValueKeyword.execute(SelectOptionByValueKeyword.groovy:71)
	at com.kms.katalon.core.keyword.internal.KeywordExecutor.executeKeywordForPlatform(KeywordExecutor.groovy:53)
	at com.kms.katalon.core.webui.keyword.WebUiBuiltInKeywords.selectOptionByValue(WebUiBuiltInKeywords.groovy:1138)
	at com.kms.katalon.core.webui.keyword.WebUiBuiltInKeywords$selectOptionByValue$11.call(Unknown Source)
	at Adding diff prods to cart.run(Adding diff prods to cart:52)
	at com.kms.katalon.core.main.ScriptEngine.run(ScriptEngine.java:194)
	at com.kms.katalon.core.main.ScriptEngine.runScriptAsRawText(ScriptEngine.java:119)
	at com.kms.katalon.core.main.TestCaseExecutor.runScript(TestCaseExecutor.java:328)
	at com.kms.katalon.core.main.TestCaseExecutor.doExecute(TestCaseExecutor.java:319)
	at com.kms.katalon.core.main.TestCaseExecutor.processExecutionPhase(TestCaseExecutor.java:298)
	at com.kms.katalon.core.main.TestCaseExecutor.accessMainPhase(TestCaseExecutor.java:290)
	at com.kms.katalon.core.main.TestCaseExecutor.execute(TestCaseExecutor.java:224)
	at com.kms.katalon.core.main.TestSuiteExecutor.accessTestCaseMainPhase(TestSuiteExecutor.java:129)
	at com.kms.katalon.core.main.TestSuiteExecutor.accessTestSuiteMainPhase(TestSuiteExecutor.java:112)
	at com.kms.katalon.core.main.TestSuiteExecutor.execute(TestSuiteExecutor.java:81)
	at com.kms.katalon.core.main.TestCaseMain.startTestSuite(TestCaseMain.java:149)
	at com.kms.katalon.core.main.TestCaseMain$startTestSuite$0.call(Unknown Source)
	at TempTestSuite1561483953417.run(TempTestSuite1561483953417.groovy:36)
"/>
         <system-out><![CDATA[2019-06-25 13:56:46 - [TEST_CASE][FAILED] - Test Cases/CRITICAL PATH/Adding diff prods to cart: Test Cases/CRITICAL PATH/Adding diff prods to cart FAILED.
Reason:
com.kms.katalon.core.exception.StepFailedException: Unable to select option by value 'Large' of object 'Object Repository/APOLLO- Desktop/Product page/Size dropdown'  using regular expression (Root cause: org.openqa.selenium.ElementClickInterceptedException: Element <select class="js-option-selector" name="Size"> is not clickable at point (1028,279) because another element <form class="c-cart__form js-cart"> obscures it
Build info: version: '3.7.1', revision: '8a0099a', time: '2017-11-06T21:07:36.161Z'
System info: host: 'sumans-MacBook-Pro.local', ip: 'fe80:0:0:0:b7:68e8:717b:cb34%en0', os.name: 'Mac OS X', os.arch: 'x86_64', os.version: '10.13.6', java.version: '1.8.0_181'
Driver info: com.kms.katalon.core.webui.driver.firefox.CGeckoDriver
Capabilities {acceptInsecureCerts: true, browserName: firefox, browserVersion: 67.0.4, javascriptEnabled: true, moz:accessibilityChecks: false, moz:buildID: 20190619235627, moz:geckodriverVersion: 0.23.0, moz:headless: false, moz:processID: 4875, moz:profile: /var/folders/1t/c55l8xzs6gq..., moz:shutdownTimeout: 60000, moz:useNonSpecCompliantPointerOrigin: false, moz:webdriverClick: true, pageLoadStrategy: normal, platform: MAC, platformName: MAC, platformVersion: 17.7.0, proxy: Proxy(direct), rotatable: false, setWindowRect: true, strictFileInteractability: false, timeouts: {implicit: 0, pageLoad: 300000, script: 30000}, unhandledPromptBehavior: dismiss and notify}
Session ID: dbb6e58d-3b61-0943-aa99-cdc8f54c1f05)
	at com.kms.katalon.core.keyword.internal.KeywordMain.stepFailed(KeywordMain.groovy:36)
	at com.kms.katalon.core.webui.keyword.internal.WebUIKeywordMain.stepFailed(WebUIKeywordMain.groovy:65)
	at com.kms.katalon.core.webui.keyword.internal.WebUIKeywordMain.runKeyword(WebUIKeywordMain.groovy:27)
	at com.kms.katalon.core.webui.keyword.builtin.SelectOptionByValueKeyword.selectOptionByValue(SelectOptionByValueKeyword.groovy:99)
	at com.kms.katalon.core.webui.keyword.builtin.SelectOptionByValueKeyword.execute(SelectOptionByValueKeyword.groovy:71)
	at com.kms.katalon.core.keyword.internal.KeywordExecutor.executeKeywordForPlatform(KeywordExecutor.groovy:53)
	at com.kms.katalon.core.webui.keyword.WebUiBuiltInKeywords.selectOptionByValue(WebUiBuiltInKeywords.groovy:1138)
	at com.kms.katalon.core.webui.keyword.WebUiBuiltInKeywords$selectOptionByValue$11.call(Unknown Source)
	at Adding diff prods to cart.run(Adding diff prods to cart:52)
	at com.kms.katalon.core.main.ScriptEngine.run(ScriptEngine.java:194)
	at com.kms.katalon.core.main.ScriptEngine.runScriptAsRawText(ScriptEngine.java:119)
	at com.kms.katalon.core.main.TestCaseExecutor.runScript(TestCaseExecutor.java:328)
	at com.kms.katalon.core.main.TestCaseExecutor.doExecute(TestCaseExecutor.java:319)
	at com.kms.katalon.core.main.TestCaseExecutor.processExecutionPhase(TestCaseExecutor.java:298)
	at com.kms.katalon.core.main.TestCaseExecutor.accessMainPhase(TestCaseExecutor.java:290)
	at com.kms.katalon.core.main.TestCaseExecutor.execute(TestCaseExecutor.java:224)
	at com.kms.katalon.core.main.TestSuiteExecutor.accessTestCaseMainPhase(TestSuiteExecutor.java:129)
	at com.kms.katalon.core.main.TestSuiteExecutor.accessTestSuiteMainPhase(TestSuiteExecutor.java:112)
	at com.kms.katalon.core.main.TestSuiteExecutor.execute(TestSuiteExecutor.java:81)
	at com.kms.katalon.core.main.TestCaseMain.startTestSuite(TestCaseMain.java:149)
	at com.kms.katalon.core.main.TestCaseMain$startTestSuite$0.call(Unknown Source)
	at TempTestSuite1561483953417.run(TempTestSuite1561483953417.groovy:36)


2019-06-25 13:56:46 - [TEST_STEP][PASSED] - callTestCase(findTestCase("CALL - URL"), [:], STOP_ON_FAILURE): Call Test Case 'Test Cases/CALL - URL' successfully

2019-06-25 13:56:46 - [TEST_CASE][PASSED] - Test Cases/CALL - URL: Test Cases/CALL - URL

2019-06-25 13:56:46 - [TEST_STEP][PASSED] - openBrowser(""): Browser is opened with url: ''

2019-06-25 13:56:46 - [MESSAGE][WARNING] - A browser is already opened. Closing browser and opening a new one

2019-06-25 13:56:47 - [MESSAGE][INFO] - Starting 'Firefox' driver

2019-06-25 13:56:49 - [MESSAGE][PASSED] - Browser is opened with url: ''

2019-06-25 13:56:49 - [TEST_STEP][PASSED] - navigateToUrl("https://diff-apollo.myshopify.com/?key=eec34184cfd8f82cda816f82753a8c8e9e240f30cf54470e19667b8cbb401948&preview_theme_id="): Navigate to 'https://diff-apollo.myshopify.com/?key=eec34184cfd8f82cda816f82753a8c8e9e240f30cf54470e19667b8cbb401948&preview_theme_id=' successfully

2019-06-25 13:56:56 - [MESSAGE][PASSED] - Navigate to 'https://diff-apollo.myshopify.com/?key=eec34184cfd8f82cda816f82753a8c8e9e240f30cf54470e19667b8cbb401948&preview_theme_id=' successfully

2019-06-25 13:56:56 - [TEST_STEP][NOT_RUN] - executeJavaScript("var previewBar = document.getElementById("preview-bar-iframe"); previewBar.style.display = "none";", []): NOT_RUN: executeJavaScript("var previewBar = document.getElementById("preview-bar-iframe"); previewBar.style.display = "none";", [])

2019-06-25 13:56:56 - [MESSAGE][NOT_RUN] - NOT_RUN: executeJavaScript("var previewBar = document.getElementById("preview-bar-iframe"); previewBar.style.display = "none";", [])

2019-06-25 13:56:56 - [MESSAGE][PASSED] - Call Test Case 'Test Cases/CALL - URL' successfully

2019-06-25 13:56:56 - [TEST_STEP][PASSED] - click(findTestObject("APOLLO- Desktop/Burger Menu/Burgermenu")): Object: 'Object Repository/APOLLO- Desktop/Burger Menu/Burgermenu' is clicked on

2019-06-25 13:56:57 - [MESSAGE][PASSED] - Object: 'Object Repository/APOLLO- Desktop/Burger Menu/Burgermenu' is clicked on

2019-06-25 13:56:57 - [TEST_STEP][PASSED] - delay(2): Delayed 2 second(s)

2019-06-25 13:56:59 - [MESSAGE][PASSED] - Delayed 2 second(s)

2019-06-25 13:56:59 - [TEST_STEP][PASSED] - click(findTestObject("APOLLO- Desktop/Burger Menu/Mens chevron")): Object: 'Object Repository/APOLLO- Desktop/Burger Menu/Mens chevron' is clicked on

2019-06-25 13:56:59 - [MESSAGE][PASSED] - Object: 'Object Repository/APOLLO- Desktop/Burger Menu/Mens chevron' is clicked on

2019-06-25 13:56:59 - [TEST_STEP][PASSED] - delay(2): Delayed 2 second(s)

2019-06-25 13:57:01 - [MESSAGE][PASSED] - Delayed 2 second(s)

2019-06-25 13:57:01 - [TEST_STEP][PASSED] - click(findTestObject("APOLLO- Desktop/Burger Menu/Mens - Top Chevron")): Object: 'Object Repository/APOLLO- Desktop/Burger Menu/Mens - Top Chevron' is clicked on

2019-06-25 13:57:01 - [MESSAGE][PASSED] - Object: 'Object Repository/APOLLO- Desktop/Burger Menu/Mens - Top Chevron' is clicked on

2019-06-25 13:57:01 - [TEST_STEP][PASSED] - delay(2): Delayed 2 second(s)

2019-06-25 13:57:03 - [MESSAGE][PASSED] - Delayed 2 second(s)

2019-06-25 13:57:03 - [TEST_STEP][PASSED] - click(findTestObject("APOLLO- Desktop/Burger Menu/Shirts link")): Object: 'Object Repository/APOLLO- Desktop/Burger Menu/Shirts link' is clicked on

2019-06-25 13:57:05 - [MESSAGE][PASSED] - Object: 'Object Repository/APOLLO- Desktop/Burger Menu/Shirts link' is clicked on

2019-06-25 13:57:05 - [TEST_STEP][NOT_RUN] - executeJavaScript("var previewBar = document.getElementById("preview-bar-iframe"); previewBar.style.display = "none";", []): NOT_RUN: executeJavaScript("var previewBar = document.getElementById("preview-bar-iframe"); previewBar.style.display = "none";", [])

2019-06-25 13:57:05 - [MESSAGE][NOT_RUN] - NOT_RUN: executeJavaScript("var previewBar = document.getElementById("preview-bar-iframe"); previewBar.style.display = "none";", [])

2019-06-25 13:57:05 - [TEST_STEP][PASSED] - delay(2): Delayed 2 second(s)

2019-06-25 13:57:07 - [MESSAGE][PASSED] - Delayed 2 second(s)

2019-06-25 13:57:07 - [TEST_STEP][PASSED] - click(findTestObject("APOLLO- Desktop/Collection page/Blue shirt product")): Object: 'Object Repository/APOLLO- Desktop/Collection page/Blue shirt product' is clicked on

2019-06-25 13:57:08 - [MESSAGE][PASSED] - Object: 'Object Repository/APOLLO- Desktop/Collection page/Blue shirt product' is clicked on

2019-06-25 13:57:08 - [TEST_STEP][NOT_RUN] - executeJavaScript("var previewBar = document.getElementById("preview-bar-iframe"); previewBar.style.display = "none";", []): NOT_RUN: executeJavaScript("var previewBar = document.getElementById("preview-bar-iframe"); previewBar.style.display = "none";", [])

2019-06-25 13:57:08 - [MESSAGE][NOT_RUN] - NOT_RUN: executeJavaScript("var previewBar = document.getElementById("preview-bar-iframe"); previewBar.style.display = "none";", [])

2019-06-25 13:57:08 - [TEST_STEP][PASSED] - delay(2): Delayed 2 second(s)

2019-06-25 13:57:10 - [MESSAGE][PASSED] - Delayed 2 second(s)

2019-06-25 13:57:10 - [TEST_STEP][PASSED] - selectOptionByValue(findTestObject("APOLLO- Desktop/Product page/Size dropdown"), "Medium", true): All options with value 'Medium' are selected in object 'Object Repository/APOLLO- Desktop/Product page/Size dropdown'  using regular expression

2019-06-25 13:57:10 - [MESSAGE][PASSED] - All options with value 'Medium' are selected in object 'Object Repository/APOLLO- Desktop/Product page/Size dropdown'  using regular expression

2019-06-25 13:57:10 - [TEST_STEP][PASSED] - delay(2): Delayed 2 second(s)

2019-06-25 13:57:12 - [MESSAGE][PASSED] - Delayed 2 second(s)

2019-06-25 13:57:12 - [TEST_STEP][PASSED] - click(findTestObject("APOLLO- Desktop/Product page/Add to bag")): Object: 'Object Repository/APOLLO- Desktop/Product page/Add to bag' is clicked on

2019-06-25 13:57:12 - [MESSAGE][PASSED] - Object: 'Object Repository/APOLLO- Desktop/Product page/Add to bag' is clicked on

2019-06-25 13:57:12 - [TEST_STEP][PASSED] - delay(2): Delayed 2 second(s)

2019-06-25 13:57:14 - [MESSAGE][PASSED] - Delayed 2 second(s)

2019-06-25 13:57:14 - [TEST_STEP][FAILED] - selectOptionByValue(findTestObject("APOLLO- Desktop/Product page/Size dropdown"), "Large", true): selectOptionByValue(findTestObject("APOLLO- Desktop/Product page/Size dropdown"), "Large", true) FAILED.
Reason:
com.kms.katalon.core.exception.StepFailedException: Unable to select option by value 'Large' of object 'Object Repository/APOLLO- Desktop/Product page/Size dropdown'  using regular expression (Root cause: org.openqa.selenium.ElementClickInterceptedException: Element <select class="js-option-selector" name="Size"> is not clickable at point (1028,279) because another element <form class="c-cart__form js-cart"> obscures it
Build info: version: '3.7.1', revision: '8a0099a', time: '2017-11-06T21:07:36.161Z'
System info: host: 'sumans-MacBook-Pro.local', ip: 'fe80:0:0:0:b7:68e8:717b:cb34%en0', os.name: 'Mac OS X', os.arch: 'x86_64', os.version: '10.13.6', java.version: '1.8.0_181'
Driver info: com.kms.katalon.core.webui.driver.firefox.CGeckoDriver
Capabilities {acceptInsecureCerts: true, browserName: firefox, browserVersion: 67.0.4, javascriptEnabled: true, moz:accessibilityChecks: false, moz:buildID: 20190619235627, moz:geckodriverVersion: 0.23.0, moz:headless: false, moz:processID: 4875, moz:profile: /var/folders/1t/c55l8xzs6gq..., moz:shutdownTimeout: 60000, moz:useNonSpecCompliantPointerOrigin: false, moz:webdriverClick: true, pageLoadStrategy: normal, platform: MAC, platformName: MAC, platformVersion: 17.7.0, proxy: Proxy(direct), rotatable: false, setWindowRect: true, strictFileInteractability: false, timeouts: {implicit: 0, pageLoad: 300000, script: 30000}, unhandledPromptBehavior: dismiss and notify}
Session ID: dbb6e58d-3b61-0943-aa99-cdc8f54c1f05)
	at com.kms.katalon.core.keyword.internal.KeywordMain.stepFailed(KeywordMain.groovy:36)
	at com.kms.katalon.core.webui.keyword.internal.WebUIKeywordMain.stepFailed(WebUIKeywordMain.groovy:65)
	at com.kms.katalon.core.webui.keyword.internal.WebUIKeywordMain.runKeyword(WebUIKeywordMain.groovy:27)
	at com.kms.katalon.core.webui.keyword.builtin.SelectOptionByValueKeyword.selectOptionByValue(SelectOptionByValueKeyword.groovy:99)
	at com.kms.katalon.core.webui.keyword.builtin.SelectOptionByValueKeyword.execute(SelectOptionByValueKeyword.groovy:71)
	at com.kms.katalon.core.keyword.internal.KeywordExecutor.executeKeywordForPlatform(KeywordExecutor.groovy:53)
	at com.kms.katalon.core.webui.keyword.WebUiBuiltInKeywords.selectOptionByValue(WebUiBuiltInKeywords.groovy:1138)
	at com.kms.katalon.core.webui.keyword.WebUiBuiltInKeywords$selectOptionByValue$11.call(Unknown Source)
	at Adding diff prods to cart.run(Adding diff prods to cart:52)
	at com.kms.katalon.core.main.ScriptEngine.run(ScriptEngine.java:194)
	at com.kms.katalon.core.main.ScriptEngine.runScriptAsRawText(ScriptEngine.java:119)
	at com.kms.katalon.core.main.TestCaseExecutor.runScript(TestCaseExecutor.java:328)
	at com.kms.katalon.core.main.TestCaseExecutor.doExecute(TestCaseExecutor.java:319)
	at com.kms.katalon.core.main.TestCaseExecutor.processExecutionPhase(TestCaseExecutor.java:298)
	at com.kms.katalon.core.main.TestCaseExecutor.accessMainPhase(TestCaseExecutor.java:290)
	at com.kms.katalon.core.main.TestCaseExecutor.execute(TestCaseExecutor.java:224)
	at com.kms.katalon.core.main.TestSuiteExecutor.accessTestCaseMainPhase(TestSuiteExecutor.java:129)
	at com.kms.katalon.core.main.TestSuiteExecutor.accessTestSuiteMainPhase(TestSuiteExecutor.java:112)
	at com.kms.katalon.core.main.TestSuiteExecutor.execute(TestSuiteExecutor.java:81)
	at com.kms.katalon.core.main.TestCaseMain.startTestSuite(TestCaseMain.java:149)
	at com.kms.katalon.core.main.TestCaseMain$startTestSuite$0.call(Unknown Source)
	at TempTestSuite1561483953417.run(TempTestSuite1561483953417.groovy:36)


2019-06-25 13:57:15 - [MESSAGE][FAILED] - Unable to select option by value 'Large' of object 'Object Repository/APOLLO- Desktop/Product page/Size dropdown'  using regular expression (Root cause: org.openqa.selenium.ElementClickInterceptedException: Element <select class="js-option-selector" name="Size"> is not clickable at point (1028,279) because another element <form class="c-cart__form js-cart"> obscures it
Build info: version: '3.7.1', revision: '8a0099a', time: '2017-11-06T21:07:36.161Z'
System info: host: 'sumans-MacBook-Pro.local', ip: 'fe80:0:0:0:b7:68e8:717b:cb34%en0', os.name: 'Mac OS X', os.arch: 'x86_64', os.version: '10.13.6', java.version: '1.8.0_181'
Driver info: com.kms.katalon.core.webui.driver.firefox.CGeckoDriver
Capabilities {acceptInsecureCerts: true, browserName: firefox, browserVersion: 67.0.4, javascriptEnabled: true, moz:accessibilityChecks: false, moz:buildID: 20190619235627, moz:geckodriverVersion: 0.23.0, moz:headless: false, moz:processID: 4875, moz:profile: /var/folders/1t/c55l8xzs6gq..., moz:shutdownTimeout: 60000, moz:useNonSpecCompliantPointerOrigin: false, moz:webdriverClick: true, pageLoadStrategy: normal, platform: MAC, platformName: MAC, platformVersion: 17.7.0, proxy: Proxy(direct), rotatable: false, setWindowRect: true, strictFileInteractability: false, timeouts: {implicit: 0, pageLoad: 300000, script: 30000}, unhandledPromptBehavior: dismiss and notify}
Session ID: dbb6e58d-3b61-0943-aa99-cdc8f54c1f05)
[[ATTACHMENT|/Users/sumankompelly/Katalon Studio/APOLLO/Reports/Apollo - dark build/20190625_133233/1561485434838.png]]

2019-06-25 13:57:15 - [MESSAGE][FAILED] - selectOptionByValue(findTestObject("APOLLO- Desktop/Product page/Size dropdown"), "Large", true) FAILED.
Reason:
com.kms.katalon.core.exception.StepFailedException: Unable to select option by value 'Large' of object 'Object Repository/APOLLO- Desktop/Product page/Size dropdown'  using regular expression (Root cause: org.openqa.selenium.ElementClickInterceptedException: Element <select class="js-option-selector" name="Size"> is not clickable at point (1028,279) because another element <form class="c-cart__form js-cart"> obscures it
Build info: version: '3.7.1', revision: '8a0099a', time: '2017-11-06T21:07:36.161Z'
System info: host: 'sumans-MacBook-Pro.local', ip: 'fe80:0:0:0:b7:68e8:717b:cb34%en0', os.name: 'Mac OS X', os.arch: 'x86_64', os.version: '10.13.6', java.version: '1.8.0_181'
Driver info: com.kms.katalon.core.webui.driver.firefox.CGeckoDriver
Capabilities {acceptInsecureCerts: true, browserName: firefox, browserVersion: 67.0.4, javascriptEnabled: true, moz:accessibilityChecks: false, moz:buildID: 20190619235627, moz:geckodriverVersion: 0.23.0, moz:headless: false, moz:processID: 4875, moz:profile: /var/folders/1t/c55l8xzs6gq..., moz:shutdownTimeout: 60000, moz:useNonSpecCompliantPointerOrigin: false, moz:webdriverClick: true, pageLoadStrategy: normal, platform: MAC, platformName: MAC, platformVersion: 17.7.0, proxy: Proxy(direct), rotatable: false, setWindowRect: true, strictFileInteractability: false, timeouts: {implicit: 0, pageLoad: 300000, script: 30000}, unhandledPromptBehavior: dismiss and notify}
Session ID: dbb6e58d-3b61-0943-aa99-cdc8f54c1f05)
	at com.kms.katalon.core.keyword.internal.KeywordMain.stepFailed(KeywordMain.groovy:36)
	at com.kms.katalon.core.webui.keyword.internal.WebUIKeywordMain.stepFailed(WebUIKeywordMain.groovy:65)
	at com.kms.katalon.core.webui.keyword.internal.WebUIKeywordMain.runKeyword(WebUIKeywordMain.groovy:27)
	at com.kms.katalon.core.webui.keyword.builtin.SelectOptionByValueKeyword.selectOptionByValue(SelectOptionByValueKeyword.groovy:99)
	at com.kms.katalon.core.webui.keyword.builtin.SelectOptionByValueKeyword.execute(SelectOptionByValueKeyword.groovy:71)
	at com.kms.katalon.core.keyword.internal.KeywordExecutor.executeKeywordForPlatform(KeywordExecutor.groovy:53)
	at com.kms.katalon.core.webui.keyword.WebUiBuiltInKeywords.selectOptionByValue(WebUiBuiltInKeywords.groovy:1138)
	at com.kms.katalon.core.webui.keyword.WebUiBuiltInKeywords$selectOptionByValue$11.call(Unknown Source)
	at Adding diff prods to cart.run(Adding diff prods to cart:52)
	at com.kms.katalon.core.main.ScriptEngine.run(ScriptEngine.java:194)
	at com.kms.katalon.core.main.ScriptEngine.runScriptAsRawText(ScriptEngine.java:119)
	at com.kms.katalon.core.main.TestCaseExecutor.runScript(TestCaseExecutor.java:328)
	at com.kms.katalon.core.main.TestCaseExecutor.doExecute(TestCaseExecutor.java:319)
	at com.kms.katalon.core.main.TestCaseExecutor.processExecutionPhase(TestCaseExecutor.java:298)
	at com.kms.katalon.core.main.TestCaseExecutor.accessMainPhase(TestCaseExecutor.java:290)
	at com.kms.katalon.core.main.TestCaseExecutor.execute(TestCaseExecutor.java:224)
	at com.kms.katalon.core.main.TestSuiteExecutor.accessTestCaseMainPhase(TestSuiteExecutor.java:129)
	at com.kms.katalon.core.main.TestSuiteExecutor.accessTestSuiteMainPhase(TestSuiteExecutor.java:112)
	at com.kms.katalon.core.main.TestSuiteExecutor.execute(TestSuiteExecutor.java:81)
	at com.kms.katalon.core.main.TestCaseMain.startTestSuite(TestCaseMain.java:149)
	at com.kms.katalon.core.main.TestCaseMain$startTestSuite$0.call(Unknown Source)
	at TempTestSuite1561483953417.run(TempTestSuite1561483953417.groovy:36)]]></system-out>
         <system-err><![CDATA[2019-06-25 13:56:46 - [TEST_CASE][FAILED] - Test Cases/CRITICAL PATH/Adding diff prods to cart: Test Cases/CRITICAL PATH/Adding diff prods to cart FAILED.
Reason:
com.kms.katalon.core.exception.StepFailedException: Unable to select option by value 'Large' of object 'Object Repository/APOLLO- Desktop/Product page/Size dropdown'  using regular expression (Root cause: org.openqa.selenium.ElementClickInterceptedException: Element <select class="js-option-selector" name="Size"> is not clickable at point (1028,279) because another element <form class="c-cart__form js-cart"> obscures it
Build info: version: '3.7.1', revision: '8a0099a', time: '2017-11-06T21:07:36.161Z'
System info: host: 'sumans-MacBook-Pro.local', ip: 'fe80:0:0:0:b7:68e8:717b:cb34%en0', os.name: 'Mac OS X', os.arch: 'x86_64', os.version: '10.13.6', java.version: '1.8.0_181'
Driver info: com.kms.katalon.core.webui.driver.firefox.CGeckoDriver
Capabilities {acceptInsecureCerts: true, browserName: firefox, browserVersion: 67.0.4, javascriptEnabled: true, moz:accessibilityChecks: false, moz:buildID: 20190619235627, moz:geckodriverVersion: 0.23.0, moz:headless: false, moz:processID: 4875, moz:profile: /var/folders/1t/c55l8xzs6gq..., moz:shutdownTimeout: 60000, moz:useNonSpecCompliantPointerOrigin: false, moz:webdriverClick: true, pageLoadStrategy: normal, platform: MAC, platformName: MAC, platformVersion: 17.7.0, proxy: Proxy(direct), rotatable: false, setWindowRect: true, strictFileInteractability: false, timeouts: {implicit: 0, pageLoad: 300000, script: 30000}, unhandledPromptBehavior: dismiss and notify}
Session ID: dbb6e58d-3b61-0943-aa99-cdc8f54c1f05)
	at com.kms.katalon.core.keyword.internal.KeywordMain.stepFailed(KeywordMain.groovy:36)
	at com.kms.katalon.core.webui.keyword.internal.WebUIKeywordMain.stepFailed(WebUIKeywordMain.groovy:65)
	at com.kms.katalon.core.webui.keyword.internal.WebUIKeywordMain.runKeyword(WebUIKeywordMain.groovy:27)
	at com.kms.katalon.core.webui.keyword.builtin.SelectOptionByValueKeyword.selectOptionByValue(SelectOptionByValueKeyword.groovy:99)
	at com.kms.katalon.core.webui.keyword.builtin.SelectOptionByValueKeyword.execute(SelectOptionByValueKeyword.groovy:71)
	at com.kms.katalon.core.keyword.internal.KeywordExecutor.executeKeywordForPlatform(KeywordExecutor.groovy:53)
	at com.kms.katalon.core.webui.keyword.WebUiBuiltInKeywords.selectOptionByValue(WebUiBuiltInKeywords.groovy:1138)
	at com.kms.katalon.core.webui.keyword.WebUiBuiltInKeywords$selectOptionByValue$11.call(Unknown Source)
	at Adding diff prods to cart.run(Adding diff prods to cart:52)
	at com.kms.katalon.core.main.ScriptEngine.run(ScriptEngine.java:194)
	at com.kms.katalon.core.main.ScriptEngine.runScriptAsRawText(ScriptEngine.java:119)
	at com.kms.katalon.core.main.TestCaseExecutor.runScript(TestCaseExecutor.java:328)
	at com.kms.katalon.core.main.TestCaseExecutor.doExecute(TestCaseExecutor.java:319)
	at com.kms.katalon.core.main.TestCaseExecutor.processExecutionPhase(TestCaseExecutor.java:298)
	at com.kms.katalon.core.main.TestCaseExecutor.accessMainPhase(TestCaseExecutor.java:290)
	at com.kms.katalon.core.main.TestCaseExecutor.execute(TestCaseExecutor.java:224)
	at com.kms.katalon.core.main.TestSuiteExecutor.accessTestCaseMainPhase(TestSuiteExecutor.java:129)
	at com.kms.katalon.core.main.TestSuiteExecutor.accessTestSuiteMainPhase(TestSuiteExecutor.java:112)
	at com.kms.katalon.core.main.TestSuiteExecutor.execute(TestSuiteExecutor.java:81)
	at com.kms.katalon.core.main.TestCaseMain.startTestSuite(TestCaseMain.java:149)
	at com.kms.katalon.core.main.TestCaseMain$startTestSuite$0.call(Unknown Source)
	at TempTestSuite1561483953417.run(TempTestSuite1561483953417.groovy:36)]]></system-err>
      </testcase>
      <testcase name="Test Cases/CRITICAL PATH/Price comparison - cart page" classname="Test Cases/CRITICAL PATH/Price comparison - cart page" status="PASSED">
         <system-out><![CDATA[2019-06-25 13:57:15 - [TEST_CASE][PASSED] - Test Cases/CRITICAL PATH/Price comparison - cart page: Test Cases/CRITICAL PATH/Price comparison - cart page

2019-06-25 13:57:15 - [TEST_STEP][PASSED] - callTestCase(findTestCase("CALL - URL"), [:], STOP_ON_FAILURE): Call Test Case 'Test Cases/CALL - URL' successfully

2019-06-25 13:57:15 - [TEST_CASE][PASSED] - Test Cases/CALL - URL: Test Cases/CALL - URL

2019-06-25 13:57:15 - [TEST_STEP][PASSED] - openBrowser(""): Browser is opened with url: ''

2019-06-25 13:57:15 - [MESSAGE][WARNING] - A browser is already opened. Closing browser and opening a new one

2019-06-25 13:57:16 - [MESSAGE][INFO] - Starting 'Firefox' driver

2019-06-25 13:57:18 - [MESSAGE][PASSED] - Browser is opened with url: ''

2019-06-25 13:57:18 - [TEST_STEP][PASSED] - navigateToUrl("https://diff-apollo.myshopify.com/?key=eec34184cfd8f82cda816f82753a8c8e9e240f30cf54470e19667b8cbb401948&preview_theme_id="): Navigate to 'https://diff-apollo.myshopify.com/?key=eec34184cfd8f82cda816f82753a8c8e9e240f30cf54470e19667b8cbb401948&preview_theme_id=' successfully

2019-06-25 13:57:23 - [MESSAGE][PASSED] - Navigate to 'https://diff-apollo.myshopify.com/?key=eec34184cfd8f82cda816f82753a8c8e9e240f30cf54470e19667b8cbb401948&preview_theme_id=' successfully

2019-06-25 13:57:23 - [TEST_STEP][NOT_RUN] - executeJavaScript("var previewBar = document.getElementById("preview-bar-iframe"); previewBar.style.display = "none";", []): NOT_RUN: executeJavaScript("var previewBar = document.getElementById("preview-bar-iframe"); previewBar.style.display = "none";", [])

2019-06-25 13:57:23 - [MESSAGE][NOT_RUN] - NOT_RUN: executeJavaScript("var previewBar = document.getElementById("preview-bar-iframe"); previewBar.style.display = "none";", [])

2019-06-25 13:57:23 - [MESSAGE][PASSED] - Call Test Case 'Test Cases/CALL - URL' successfully

2019-06-25 13:57:23 - [TEST_STEP][PASSED] - click(findTestObject("APOLLO- Desktop/Burger Menu/Burgermenu")): Object: 'Object Repository/APOLLO- Desktop/Burger Menu/Burgermenu' is clicked on

2019-06-25 13:57:24 - [MESSAGE][PASSED] - Object: 'Object Repository/APOLLO- Desktop/Burger Menu/Burgermenu' is clicked on

2019-06-25 13:57:24 - [TEST_STEP][PASSED] - delay(2): Delayed 2 second(s)

2019-06-25 13:57:26 - [MESSAGE][PASSED] - Delayed 2 second(s)

2019-06-25 13:57:26 - [TEST_STEP][PASSED] - click(findTestObject("APOLLO- Desktop/Burger Menu/Mens chevron")): Object: 'Object Repository/APOLLO- Desktop/Burger Menu/Mens chevron' is clicked on

2019-06-25 13:57:26 - [MESSAGE][PASSED] - Object: 'Object Repository/APOLLO- Desktop/Burger Menu/Mens chevron' is clicked on

2019-06-25 13:57:26 - [TEST_STEP][PASSED] - delay(2): Delayed 2 second(s)

2019-06-25 13:57:28 - [MESSAGE][PASSED] - Delayed 2 second(s)

2019-06-25 13:57:28 - [TEST_STEP][PASSED] - click(findTestObject("APOLLO- Desktop/Burger Menu/Mens - Top Chevron")): Object: 'Object Repository/APOLLO- Desktop/Burger Menu/Mens - Top Chevron' is clicked on

2019-06-25 13:57:28 - [MESSAGE][PASSED] - Object: 'Object Repository/APOLLO- Desktop/Burger Menu/Mens - Top Chevron' is clicked on

2019-06-25 13:57:28 - [TEST_STEP][PASSED] - delay(2): Delayed 2 second(s)

2019-06-25 13:57:30 - [MESSAGE][PASSED] - Delayed 2 second(s)

2019-06-25 13:57:30 - [TEST_STEP][PASSED] - click(findTestObject("APOLLO- Desktop/Burger Menu/Shirts link")): Object: 'Object Repository/APOLLO- Desktop/Burger Menu/Shirts link' is clicked on

2019-06-25 13:57:31 - [MESSAGE][PASSED] - Object: 'Object Repository/APOLLO- Desktop/Burger Menu/Shirts link' is clicked on

2019-06-25 13:57:31 - [TEST_STEP][PASSED] - delay(2): Delayed 2 second(s)

2019-06-25 13:57:33 - [MESSAGE][PASSED] - Delayed 2 second(s)

2019-06-25 13:57:33 - [TEST_STEP][PASSED] - click(findTestObject("APOLLO- Desktop/Collection page/Blue shirt product")): Object: 'Object Repository/APOLLO- Desktop/Collection page/Blue shirt product' is clicked on

2019-06-25 13:57:35 - [MESSAGE][PASSED] - Object: 'Object Repository/APOLLO- Desktop/Collection page/Blue shirt product' is clicked on

2019-06-25 13:57:35 - [TEST_STEP][PASSED] - delay(2): Delayed 2 second(s)

2019-06-25 13:57:37 - [MESSAGE][PASSED] - Delayed 2 second(s)

2019-06-25 13:57:37 - [TEST_STEP][PASSED] - selectOptionByValue(findTestObject("APOLLO- Desktop/Product page/Size dropdown"), "Medium", true): All options with value 'Medium' are selected in object 'Object Repository/APOLLO- Desktop/Product page/Size dropdown'  using regular expression

2019-06-25 13:57:37 - [MESSAGE][PASSED] - All options with value 'Medium' are selected in object 'Object Repository/APOLLO- Desktop/Product page/Size dropdown'  using regular expression

2019-06-25 13:57:37 - [TEST_STEP][PASSED] - delay(2): Delayed 2 second(s)

2019-06-25 13:57:39 - [MESSAGE][PASSED] - Delayed 2 second(s)

2019-06-25 13:57:39 - [TEST_STEP][PASSED] - click(findTestObject("APOLLO- Desktop/Product page/Add to bag")): Object: 'Object Repository/APOLLO- Desktop/Product page/Add to bag' is clicked on

2019-06-25 13:57:39 - [MESSAGE][PASSED] - Object: 'Object Repository/APOLLO- Desktop/Product page/Add to bag' is clicked on

2019-06-25 13:57:39 - [TEST_STEP][PASSED] - delay(2): Delayed 2 second(s)

2019-06-25 13:57:41 - [MESSAGE][PASSED] - Delayed 2 second(s)

2019-06-25 13:57:41 - [TEST_STEP][PASSED] - click(findTestObject("APOLLO- Desktop/Burger Menu/Burgermenu")): Object: 'Object Repository/APOLLO- Desktop/Burger Menu/Burgermenu' is clicked on

2019-06-25 13:57:42 - [MESSAGE][PASSED] - Object: 'Object Repository/APOLLO- Desktop/Burger Menu/Burgermenu' is clicked on

2019-06-25 13:57:42 - [TEST_STEP][PASSED] - delay(2): Delayed 2 second(s)

2019-06-25 13:57:44 - [MESSAGE][PASSED] - Delayed 2 second(s)

2019-06-25 13:57:44 - [TEST_STEP][PASSED] - click(findTestObject("APOLLO- Desktop/Burger Menu/KIds link")): Object: 'Object Repository/APOLLO- Desktop/Burger Menu/KIds link' is clicked on

2019-06-25 13:57:45 - [MESSAGE][PASSED] - Object: 'Object Repository/APOLLO- Desktop/Burger Menu/KIds link' is clicked on

2019-06-25 13:57:45 - [TEST_STEP][PASSED] - delay(2): Delayed 2 second(s)

2019-06-25 13:57:47 - [MESSAGE][PASSED] - Delayed 2 second(s)

2019-06-25 13:57:47 - [TEST_STEP][PASSED] - click(findTestObject("APOLLO- Desktop/Collection page/Sailor sweatshirt")): Object: 'Object Repository/APOLLO- Desktop/Collection page/Sailor sweatshirt' is clicked on

2019-06-25 13:57:48 - [MESSAGE][PASSED] - Object: 'Object Repository/APOLLO- Desktop/Collection page/Sailor sweatshirt' is clicked on

2019-06-25 13:57:48 - [TEST_STEP][PASSED] - delay(2): Delayed 2 second(s)

2019-06-25 13:57:50 - [MESSAGE][PASSED] - Delayed 2 second(s)

2019-06-25 13:57:50 - [TEST_STEP][PASSED] - click(findTestObject("APOLLO- Desktop/Product page/Add to bag")): Object: 'Object Repository/APOLLO- Desktop/Product page/Add to bag' is clicked on

2019-06-25 13:57:50 - [MESSAGE][PASSED] - Object: 'Object Repository/APOLLO- Desktop/Product page/Add to bag' is clicked on

2019-06-25 13:57:50 - [TEST_STEP][PASSED] - delay(2): Delayed 2 second(s)

2019-06-25 13:57:52 - [MESSAGE][PASSED] - Delayed 2 second(s)

2019-06-25 13:57:52 - [TEST_STEP][PASSED] - click(findTestObject("APOLLO- Desktop/Cart flyout/Checkout")): Object: 'Object Repository/APOLLO- Desktop/Cart flyout/Checkout' is clicked on

2019-06-25 13:57:55 - [MESSAGE][PASSED] - Object: 'Object Repository/APOLLO- Desktop/Cart flyout/Checkout' is clicked on

2019-06-25 13:57:55 - [TEST_STEP][PASSED] - delay(2): Delayed 2 second(s)

2019-06-25 13:57:57 - [MESSAGE][PASSED] - Delayed 2 second(s)

2019-06-25 13:57:57 - [TEST_STEP][PASSED] - click(findTestObject("APOLLO- Desktop/Customer Information page/Cart page breadcrumb")): Object: 'Object Repository/APOLLO- Desktop/Customer Information page/Cart page breadcrumb' is clicked on

2019-06-25 13:57:58 - [MESSAGE][PASSED] - Object: 'Object Repository/APOLLO- Desktop/Customer Information page/Cart page breadcrumb' is clicked on

2019-06-25 13:57:58 - [TEST_STEP][PASSED] - delay(2): Delayed 2 second(s)

2019-06-25 13:58:00 - [MESSAGE][PASSED] - Delayed 2 second(s)

2019-06-25 13:58:00 - [TEST_STEP][NOT_RUN] - executeJavaScript("var previewBar = document.getElementById("preview-bar-iframe"); previewBar.style.display = "none";", []): NOT_RUN: executeJavaScript("var previewBar = document.getElementById("preview-bar-iframe"); previewBar.style.display = "none";", [])

2019-06-25 13:58:00 - [MESSAGE][NOT_RUN] - NOT_RUN: executeJavaScript("var previewBar = document.getElementById("preview-bar-iframe"); previewBar.style.display = "none";", [])

2019-06-25 13:58:00 - [TEST_STEP][PASSED] - a = getText(findTestObject("APOLLO- Desktop/Cart page/Unit price - 1st product")): Text of object 'Object Repository/APOLLO- Desktop/Cart page/Unit price - 1st product' is: '$30'

2019-06-25 13:58:00 - [MESSAGE][PASSED] - Text of object 'Object Repository/APOLLO- Desktop/Cart page/Unit price - 1st product' is: '$30'

2019-06-25 13:58:00 - [TEST_STEP][PASSED] - comment("a=" + a): a=$30

2019-06-25 13:58:00 - [MESSAGE][INFO] - a=$30

2019-06-25 13:58:00 - [TEST_STEP][PASSED] - a1 = a.substring(1): null

2019-06-25 13:58:00 - [TEST_STEP][PASSED] - comment("a1=" + a1): a1=30

2019-06-25 13:58:00 - [MESSAGE][INFO] - a1=30

2019-06-25 13:58:00 - [TEST_STEP][PASSED] - b = getText(findTestObject("APOLLO- Desktop/Cart page/Unit price - 2nd product")): Text of object 'Object Repository/APOLLO- Desktop/Cart page/Unit price - 2nd product' is: '$30'

2019-06-25 13:58:00 - [MESSAGE][PASSED] - Text of object 'Object Repository/APOLLO- Desktop/Cart page/Unit price - 2nd product' is: '$30'

2019-06-25 13:58:00 - [TEST_STEP][PASSED] - comment("b=" + b): b=$30

2019-06-25 13:58:00 - [MESSAGE][INFO] - b=$30

2019-06-25 13:58:00 - [TEST_STEP][PASSED] - b1 = b.substring(1): null

2019-06-25 13:58:00 - [TEST_STEP][PASSED] - comment("b1=" + b1): b1=30

2019-06-25 13:58:00 - [MESSAGE][INFO] - b1=30

2019-06-25 13:58:00 - [TEST_STEP][PASSED] - p1 = <not implemented yet for class: org.codehaus.groovy.ast.expr.EmptyExpression>: null

2019-06-25 13:58:00 - [TEST_STEP][PASSED] - p2 = <not implemented yet for class: org.codehaus.groovy.ast.expr.EmptyExpression>: null

2019-06-25 13:58:00 - [TEST_STEP][PASSED] - try: p1=30.0

2019-06-25 13:58:00 - [TEST_STEP][PASSED] - str = a1: null

2019-06-25 13:58:00 - [TEST_STEP][PASSED] - comment("str=" + str): str=30

2019-06-25 13:58:00 - [MESSAGE][INFO] - str=30

2019-06-25 13:58:00 - [TEST_STEP][PASSED] - p1 = Double.valueOf(str): null

2019-06-25 13:58:00 - [TEST_STEP][PASSED] - comment("p1=" + p1): p1=30.0

2019-06-25 13:58:00 - [MESSAGE][INFO] - p1=30.0

2019-06-25 13:58:00 - [TEST_STEP][PASSED] - try: p2=30.0

2019-06-25 13:58:00 - [TEST_STEP][PASSED] - str5 = b1: null

2019-06-25 13:58:00 - [TEST_STEP][PASSED] - comment("str5=" + str5): str5=30

2019-06-25 13:58:00 - [MESSAGE][INFO] - str5=30

2019-06-25 13:58:00 - [TEST_STEP][PASSED] - p2 = Double.valueOf(str5): null

2019-06-25 13:58:00 - [TEST_STEP][PASSED] - comment("p2=" + p2): p2=30.0

2019-06-25 13:58:00 - [MESSAGE][INFO] - p2=30.0

2019-06-25 13:58:00 - [TEST_STEP][PASSED] - total = p1 + p2: null

2019-06-25 13:58:00 - [TEST_STEP][PASSED] - comment("total=" + total): total=60.0

2019-06-25 13:58:00 - [MESSAGE][INFO] - total=60.0

2019-06-25 13:58:00 - [TEST_STEP][PASSED] - c = getText(findTestObject("APOLLO- Desktop/Cart page/Subtotal in cart page")): Text of object 'Object Repository/APOLLO- Desktop/Cart page/Subtotal in cart page' is: '$60.00'

2019-06-25 13:58:00 - [MESSAGE][PASSED] - Text of object 'Object Repository/APOLLO- Desktop/Cart page/Subtotal in cart page' is: '$60.00'

2019-06-25 13:58:00 - [TEST_STEP][PASSED] - comment("c=" + c): c=$60.00

2019-06-25 13:58:00 - [MESSAGE][INFO] - c=$60.00

2019-06-25 13:58:00 - [TEST_STEP][PASSED] - c1 = c.substring(1): null

2019-06-25 13:58:00 - [TEST_STEP][PASSED] - comment("c1=" + c1): c1=60.00

2019-06-25 13:58:00 - [MESSAGE][INFO] - c1=60.00

2019-06-25 13:58:00 - [TEST_STEP][PASSED] - p3 = <not implemented yet for class: org.codehaus.groovy.ast.expr.EmptyExpression>: null

2019-06-25 13:58:00 - [TEST_STEP][PASSED] - try: p3=60.0

2019-06-25 13:58:00 - [TEST_STEP][PASSED] - str = c1: null

2019-06-25 13:58:00 - [TEST_STEP][PASSED] - comment("str=" + str): str=60.00

2019-06-25 13:58:00 - [MESSAGE][INFO] - str=60.00

2019-06-25 13:58:00 - [TEST_STEP][PASSED] - p3 = Double.valueOf(str): null

2019-06-25 13:58:00 - [TEST_STEP][PASSED] - comment("p3=" + p3): p3=60.0

2019-06-25 13:58:00 - [MESSAGE][INFO] - p3=60.0

2019-06-25 13:58:00 - [TEST_STEP][PASSED] - verifyEqual(total, p3): Actual object '60' and expected object '60' are equal

2019-06-25 13:58:00 - [MESSAGE][PASSED] - Actual object '60' and expected object '60' are equal

2019-06-25 13:58:00 - [TEST_STEP][PASSED] - click(findTestObject("APOLLO- Desktop/Cart flyout/Checkout")): Object: 'Object Repository/APOLLO- Desktop/Cart flyout/Checkout' is clicked on

2019-06-25 13:58:03 - [MESSAGE][PASSED] - Object: 'Object Repository/APOLLO- Desktop/Cart flyout/Checkout' is clicked on

2019-06-25 13:58:03 - [TEST_STEP][PASSED] - callTestCase(findTestCase("CALL- CUSTOMER INFO PAGE"), [:], STOP_ON_FAILURE): Call Test Case 'Test Cases/CALL- CUSTOMER INFO PAGE' successfully

2019-06-25 13:58:03 - [TEST_CASE][PASSED] - Test Cases/CALL- CUSTOMER INFO PAGE: Test Cases/CALL- CUSTOMER INFO PAGE

2019-06-25 13:58:03 - [TEST_STEP][PASSED] - delay(2): Delayed 2 second(s)

2019-06-25 13:58:05 - [MESSAGE][PASSED] - Delayed 2 second(s)

2019-06-25 13:58:05 - [TEST_STEP][NOT_RUN] - executeJavaScript("var previewBar = document.getElementById("preview-bar-iframe"); previewBar.style.display = "none";", []): NOT_RUN: executeJavaScript("var previewBar = document.getElementById("preview-bar-iframe"); previewBar.style.display = "none";", [])

2019-06-25 13:58:05 - [MESSAGE][NOT_RUN] - NOT_RUN: executeJavaScript("var previewBar = document.getElementById("preview-bar-iframe"); previewBar.style.display = "none";", [])

2019-06-25 13:58:05 - [TEST_STEP][PASSED] - setText(findTestObject("APOLLO- Desktop/Customer Information page/Email"), "suman@gmail.com"): Text 'suman@gmail.com' is set on object 'Object Repository/APOLLO- Desktop/Customer Information page/Email'

2019-06-25 13:58:05 - [MESSAGE][PASSED] - Text 'suman@gmail.com' is set on object 'Object Repository/APOLLO- Desktop/Customer Information page/Email'

2019-06-25 13:58:05 - [TEST_STEP][PASSED] - delay(2): Delayed 2 second(s)

2019-06-25 13:58:07 - [MESSAGE][PASSED] - Delayed 2 second(s)

2019-06-25 13:58:07 - [TEST_STEP][PASSED] - setText(findTestObject("APOLLO- Desktop/Customer Information page/First name"), "suman"): Text 'suman' is set on object 'Object Repository/APOLLO- Desktop/Customer Information page/First name'

2019-06-25 13:58:07 - [MESSAGE][PASSED] - Text 'suman' is set on object 'Object Repository/APOLLO- Desktop/Customer Information page/First name'

2019-06-25 13:58:07 - [TEST_STEP][PASSED] - delay(2): Delayed 2 second(s)

2019-06-25 13:58:09 - [MESSAGE][PASSED] - Delayed 2 second(s)

2019-06-25 13:58:09 - [TEST_STEP][PASSED] - setText(findTestObject("APOLLO- Desktop/Customer Information page/Last name"), "kompelly"): Text 'kompelly' is set on object 'Object Repository/APOLLO- Desktop/Customer Information page/Last name'

2019-06-25 13:58:09 - [MESSAGE][PASSED] - Text 'kompelly' is set on object 'Object Repository/APOLLO- Desktop/Customer Information page/Last name'

2019-06-25 13:58:09 - [TEST_STEP][PASSED] - delay(2): Delayed 2 second(s)

2019-06-25 13:58:11 - [MESSAGE][PASSED] - Delayed 2 second(s)

2019-06-25 13:58:11 - [TEST_STEP][PASSED] - setText(findTestObject("APOLLO- Desktop/Customer Information page/Address"), "1435 st alxendre"): Text '1435 st alxendre' is set on object 'Object Repository/APOLLO- Desktop/Customer Information page/Address'

2019-06-25 13:58:11 - [MESSAGE][PASSED] - Text '1435 st alxendre' is set on object 'Object Repository/APOLLO- Desktop/Customer Information page/Address'

2019-06-25 13:58:11 - [TEST_STEP][PASSED] - setText(findTestObject("APOLLO- Desktop/Customer Information page/Apartment"), "220"): Text '220' is set on object 'Object Repository/APOLLO- Desktop/Customer Information page/Apartment'

2019-06-25 13:58:11 - [MESSAGE][PASSED] - Text '220' is set on object 'Object Repository/APOLLO- Desktop/Customer Information page/Apartment'

2019-06-25 13:58:11 - [TEST_STEP][PASSED] - setText(findTestObject("APOLLO- Desktop/Customer Information page/City"), "montreal"): Text 'montreal' is set on object 'Object Repository/APOLLO- Desktop/Customer Information page/City'

2019-06-25 13:58:11 - [MESSAGE][PASSED] - Text 'montreal' is set on object 'Object Repository/APOLLO- Desktop/Customer Information page/City'

2019-06-25 13:58:11 - [TEST_STEP][PASSED] - selectOptionByValue(findTestObject("APOLLO- Desktop/Customer Information page/Country dropdown"), "United States", true): All options with value 'United States' are selected in object 'Object Repository/APOLLO- Desktop/Customer Information page/Country dropdown'  using regular expression

2019-06-25 13:58:16 - [MESSAGE][PASSED] - All options with value 'United States' are selected in object 'Object Repository/APOLLO- Desktop/Customer Information page/Country dropdown'  using regular expression

2019-06-25 13:58:16 - [TEST_STEP][PASSED] - selectOptionByValue(findTestObject("APOLLO- Desktop/Customer Information page/states dropdown"), "NJ", true): All options with value 'NJ' are selected in object 'Object Repository/APOLLO- Desktop/Customer Information page/states dropdown'  using regular expression

2019-06-25 13:58:17 - [MESSAGE][PASSED] - All options with value 'NJ' are selected in object 'Object Repository/APOLLO- Desktop/Customer Information page/states dropdown'  using regular expression

2019-06-25 13:58:17 - [TEST_STEP][PASSED] - setText(findTestObject("APOLLO- Desktop/Customer Information page/ZIP code"), "07057"): Text '07057' is set on object 'Object Repository/APOLLO- Desktop/Customer Information page/ZIP code'

2019-06-25 13:58:17 - [MESSAGE][PASSED] - Text '07057' is set on object 'Object Repository/APOLLO- Desktop/Customer Information page/ZIP code'

2019-06-25 13:58:17 - [MESSAGE][PASSED] - Call Test Case 'Test Cases/CALL- CUSTOMER INFO PAGE' successfully

2019-06-25 13:58:17 - [TEST_STEP][PASSED] - click(findTestObject("APOLLO- Desktop/Customer Information page/Continue to shipping")): Object: 'Object Repository/APOLLO- Desktop/Customer Information page/Continue to shipping' is clicked on

2019-06-25 13:58:19 - [MESSAGE][PASSED] - Object: 'Object Repository/APOLLO- Desktop/Customer Information page/Continue to shipping' is clicked on

2019-06-25 13:58:19 - [TEST_STEP][NOT_RUN] - executeJavaScript("var previewBar = document.getElementById("preview-bar-iframe"); previewBar.style.display = "none";", []): NOT_RUN: executeJavaScript("var previewBar = document.getElementById("preview-bar-iframe"); previewBar.style.display = "none";", [])

2019-06-25 13:58:19 - [MESSAGE][NOT_RUN] - NOT_RUN: executeJavaScript("var previewBar = document.getElementById("preview-bar-iframe"); previewBar.style.display = "none";", [])

2019-06-25 13:58:19 - [TEST_STEP][PASSED] - click(findTestObject("APOLLO- Desktop/Shipping page/Radio button check")): Object: 'Object Repository/APOLLO- Desktop/Shipping page/Radio button check' is clicked on

2019-06-25 13:58:21 - [MESSAGE][PASSED] - Object: 'Object Repository/APOLLO- Desktop/Shipping page/Radio button check' is clicked on

2019-06-25 13:58:21 - [TEST_STEP][NOT_RUN] - executeJavaScript("var previewBar = document.getElementById("preview-bar-iframe"); previewBar.style.display = "none";", []): NOT_RUN: executeJavaScript("var previewBar = document.getElementById("preview-bar-iframe"); previewBar.style.display = "none";", [])

2019-06-25 13:58:21 - [MESSAGE][NOT_RUN] - NOT_RUN: executeJavaScript("var previewBar = document.getElementById("preview-bar-iframe"); previewBar.style.display = "none";", [])

2019-06-25 13:58:21 - [TEST_STEP][PASSED] - click(findTestObject("APOLLO- Desktop/Shipping page/Continue to payment")): Object: 'Object Repository/APOLLO- Desktop/Shipping page/Continue to payment' is clicked on

2019-06-25 13:58:23 - [MESSAGE][PASSED] - Object: 'Object Repository/APOLLO- Desktop/Shipping page/Continue to payment' is clicked on

2019-06-25 13:58:23 - [TEST_STEP][NOT_RUN] - executeJavaScript("var previewBar = document.getElementById("preview-bar-iframe"); previewBar.style.display = "none";", []): NOT_RUN: executeJavaScript("var previewBar = document.getElementById("preview-bar-iframe"); previewBar.style.display = "none";", [])

2019-06-25 13:58:23 - [MESSAGE][NOT_RUN] - NOT_RUN: executeJavaScript("var previewBar = document.getElementById("preview-bar-iframe"); previewBar.style.display = "none";", [])

2019-06-25 13:58:23 - [TEST_STEP][PASSED] - click(findTestObject("APOLLO- Desktop/payment page/Payment section")): Object: 'Object Repository/APOLLO- Desktop/payment page/Payment section' is clicked on

2019-06-25 13:58:24 - [MESSAGE][PASSED] - Object: 'Object Repository/APOLLO- Desktop/payment page/Payment section' is clicked on]]></system-out>
         <system-err><![CDATA[]]></system-err>
      </testcase>
      <testcase name="Test Cases/CRITICAL PATH/Decrease quantity - cart page" classname="Test Cases/CRITICAL PATH/Decrease quantity - cart page" status="PASSED">
         <system-out><![CDATA[2019-06-25 13:58:24 - [TEST_CASE][PASSED] - Test Cases/CRITICAL PATH/Decrease quantity - cart page: Test Cases/CRITICAL PATH/Decrease quantity - cart page

2019-06-25 13:58:24 - [TEST_STEP][PASSED] - callTestCase(findTestCase("CALL - URL"), [:], STOP_ON_FAILURE): Call Test Case 'Test Cases/CALL - URL' successfully

2019-06-25 13:58:24 - [TEST_CASE][PASSED] - Test Cases/CALL - URL: Test Cases/CALL - URL

2019-06-25 13:58:24 - [TEST_STEP][PASSED] - openBrowser(""): Browser is opened with url: ''

2019-06-25 13:58:24 - [MESSAGE][WARNING] - A browser is already opened. Closing browser and opening a new one

2019-06-25 13:58:25 - [MESSAGE][INFO] - Starting 'Firefox' driver

2019-06-25 13:58:27 - [MESSAGE][PASSED] - Browser is opened with url: ''

2019-06-25 13:58:27 - [TEST_STEP][PASSED] - navigateToUrl("https://diff-apollo.myshopify.com/?key=eec34184cfd8f82cda816f82753a8c8e9e240f30cf54470e19667b8cbb401948&preview_theme_id="): Navigate to 'https://diff-apollo.myshopify.com/?key=eec34184cfd8f82cda816f82753a8c8e9e240f30cf54470e19667b8cbb401948&preview_theme_id=' successfully

2019-06-25 13:58:31 - [MESSAGE][PASSED] - Navigate to 'https://diff-apollo.myshopify.com/?key=eec34184cfd8f82cda816f82753a8c8e9e240f30cf54470e19667b8cbb401948&preview_theme_id=' successfully

2019-06-25 13:58:31 - [TEST_STEP][NOT_RUN] - executeJavaScript("var previewBar = document.getElementById("preview-bar-iframe"); previewBar.style.display = "none";", []): NOT_RUN: executeJavaScript("var previewBar = document.getElementById("preview-bar-iframe"); previewBar.style.display = "none";", [])

2019-06-25 13:58:31 - [MESSAGE][NOT_RUN] - NOT_RUN: executeJavaScript("var previewBar = document.getElementById("preview-bar-iframe"); previewBar.style.display = "none";", [])

2019-06-25 13:58:31 - [MESSAGE][PASSED] - Call Test Case 'Test Cases/CALL - URL' successfully

2019-06-25 13:58:31 - [TEST_STEP][PASSED] - delay(1): Delayed 1 second(s)

2019-06-25 13:58:32 - [MESSAGE][PASSED] - Delayed 1 second(s)

2019-06-25 13:58:32 - [TEST_STEP][PASSED] - click(findTestObject("APOLLO- Desktop/Burger Menu/Burgermenu")): Object: 'Object Repository/APOLLO- Desktop/Burger Menu/Burgermenu' is clicked on

2019-06-25 13:58:33 - [MESSAGE][PASSED] - Object: 'Object Repository/APOLLO- Desktop/Burger Menu/Burgermenu' is clicked on

2019-06-25 13:58:33 - [TEST_STEP][PASSED] - delay(2): Delayed 2 second(s)

2019-06-25 13:58:35 - [MESSAGE][PASSED] - Delayed 2 second(s)

2019-06-25 13:58:35 - [TEST_STEP][PASSED] - click(findTestObject("APOLLO- Desktop/Burger Menu/Mens chevron")): Object: 'Object Repository/APOLLO- Desktop/Burger Menu/Mens chevron' is clicked on

2019-06-25 13:58:35 - [MESSAGE][PASSED] - Object: 'Object Repository/APOLLO- Desktop/Burger Menu/Mens chevron' is clicked on

2019-06-25 13:58:35 - [TEST_STEP][PASSED] - delay(2): Delayed 2 second(s)

2019-06-25 13:58:37 - [MESSAGE][PASSED] - Delayed 2 second(s)

2019-06-25 13:58:37 - [TEST_STEP][PASSED] - click(findTestObject("APOLLO- Desktop/Burger Menu/Mens - Top Chevron")): Object: 'Object Repository/APOLLO- Desktop/Burger Menu/Mens - Top Chevron' is clicked on

2019-06-25 13:58:37 - [MESSAGE][PASSED] - Object: 'Object Repository/APOLLO- Desktop/Burger Menu/Mens - Top Chevron' is clicked on

2019-06-25 13:58:37 - [TEST_STEP][PASSED] - delay(2): Delayed 2 second(s)

2019-06-25 13:58:39 - [MESSAGE][PASSED] - Delayed 2 second(s)

2019-06-25 13:58:39 - [TEST_STEP][PASSED] - click(findTestObject("APOLLO- Desktop/Burger Menu/Shirts link")): Object: 'Object Repository/APOLLO- Desktop/Burger Menu/Shirts link' is clicked on

2019-06-25 13:58:40 - [MESSAGE][PASSED] - Object: 'Object Repository/APOLLO- Desktop/Burger Menu/Shirts link' is clicked on

2019-06-25 13:58:40 - [TEST_STEP][NOT_RUN] - executeJavaScript("var previewBar = document.getElementById("preview-bar-iframe"); previewBar.style.display = "none";", []): NOT_RUN: executeJavaScript("var previewBar = document.getElementById("preview-bar-iframe"); previewBar.style.display = "none";", [])

2019-06-25 13:58:40 - [MESSAGE][NOT_RUN] - NOT_RUN: executeJavaScript("var previewBar = document.getElementById("preview-bar-iframe"); previewBar.style.display = "none";", [])

2019-06-25 13:58:40 - [TEST_STEP][PASSED] - delay(2): Delayed 2 second(s)

2019-06-25 13:58:42 - [MESSAGE][PASSED] - Delayed 2 second(s)

2019-06-25 13:58:42 - [TEST_STEP][PASSED] - click(findTestObject("APOLLO- Desktop/Collection page/Blue shirt product")): Object: 'Object Repository/APOLLO- Desktop/Collection page/Blue shirt product' is clicked on

2019-06-25 13:58:43 - [MESSAGE][PASSED] - Object: 'Object Repository/APOLLO- Desktop/Collection page/Blue shirt product' is clicked on

2019-06-25 13:58:43 - [TEST_STEP][PASSED] - delay(2): Delayed 2 second(s)

2019-06-25 13:58:45 - [MESSAGE][PASSED] - Delayed 2 second(s)

2019-06-25 13:58:45 - [TEST_STEP][PASSED] - selectOptionByValue(findTestObject("APOLLO- Desktop/Product page/Size dropdown"), "Medium", true): All options with value 'Medium' are selected in object 'Object Repository/APOLLO- Desktop/Product page/Size dropdown'  using regular expression

2019-06-25 13:58:45 - [MESSAGE][PASSED] - All options with value 'Medium' are selected in object 'Object Repository/APOLLO- Desktop/Product page/Size dropdown'  using regular expression

2019-06-25 13:58:45 - [TEST_STEP][PASSED] - delay(2): Delayed 2 second(s)

2019-06-25 13:58:47 - [MESSAGE][PASSED] - Delayed 2 second(s)

2019-06-25 13:58:47 - [TEST_STEP][PASSED] - click(findTestObject("APOLLO- Desktop/Product page/Increase qunatity - prod page")): Object: 'Object Repository/APOLLO- Desktop/Product page/Increase qunatity - prod page' is clicked on

2019-06-25 13:58:47 - [MESSAGE][PASSED] - Object: 'Object Repository/APOLLO- Desktop/Product page/Increase qunatity - prod page' is clicked on

2019-06-25 13:58:47 - [TEST_STEP][PASSED] - delay(2): Delayed 2 second(s)

2019-06-25 13:58:49 - [MESSAGE][PASSED] - Delayed 2 second(s)

2019-06-25 13:58:49 - [TEST_STEP][PASSED] - click(findTestObject("APOLLO- Desktop/Product page/Increase qunatity - prod page")): Object: 'Object Repository/APOLLO- Desktop/Product page/Increase qunatity - prod page' is clicked on

2019-06-25 13:58:50 - [MESSAGE][PASSED] - Object: 'Object Repository/APOLLO- Desktop/Product page/Increase qunatity - prod page' is clicked on

2019-06-25 13:58:50 - [TEST_STEP][PASSED] - delay(2): Delayed 2 second(s)

2019-06-25 13:58:52 - [MESSAGE][PASSED] - Delayed 2 second(s)

2019-06-25 13:58:52 - [TEST_STEP][PASSED] - click(findTestObject("APOLLO- Desktop/Product page/Increase qunatity - prod page")): Object: 'Object Repository/APOLLO- Desktop/Product page/Increase qunatity - prod page' is clicked on

2019-06-25 13:58:52 - [MESSAGE][PASSED] - Object: 'Object Repository/APOLLO- Desktop/Product page/Increase qunatity - prod page' is clicked on

2019-06-25 13:58:52 - [TEST_STEP][PASSED] - delay(2): Delayed 2 second(s)

2019-06-25 13:58:54 - [MESSAGE][PASSED] - Delayed 2 second(s)

2019-06-25 13:58:54 - [TEST_STEP][PASSED] - click(findTestObject("APOLLO- Desktop/Product page/Increase qunatity - prod page")): Object: 'Object Repository/APOLLO- Desktop/Product page/Increase qunatity - prod page' is clicked on

2019-06-25 13:58:54 - [MESSAGE][PASSED] - Object: 'Object Repository/APOLLO- Desktop/Product page/Increase qunatity - prod page' is clicked on

2019-06-25 13:58:54 - [TEST_STEP][PASSED] - delay(2): Delayed 2 second(s)

2019-06-25 13:58:56 - [MESSAGE][PASSED] - Delayed 2 second(s)

2019-06-25 13:58:56 - [TEST_STEP][PASSED] - click(findTestObject("APOLLO- Desktop/Product page/Increase qunatity - prod page")): Object: 'Object Repository/APOLLO- Desktop/Product page/Increase qunatity - prod page' is clicked on

2019-06-25 13:58:56 - [MESSAGE][PASSED] - Object: 'Object Repository/APOLLO- Desktop/Product page/Increase qunatity - prod page' is clicked on

2019-06-25 13:58:56 - [TEST_STEP][PASSED] - delay(2): Delayed 2 second(s)

2019-06-25 13:58:58 - [MESSAGE][PASSED] - Delayed 2 second(s)

2019-06-25 13:58:58 - [TEST_STEP][PASSED] - click(findTestObject("APOLLO- Desktop/Product page/Add to bag")): Object: 'Object Repository/APOLLO- Desktop/Product page/Add to bag' is clicked on

2019-06-25 13:58:59 - [MESSAGE][PASSED] - Object: 'Object Repository/APOLLO- Desktop/Product page/Add to bag' is clicked on

2019-06-25 13:58:59 - [TEST_STEP][PASSED] - delay(2): Delayed 2 second(s)

2019-06-25 13:59:01 - [MESSAGE][PASSED] - Delayed 2 second(s)

2019-06-25 13:59:01 - [TEST_STEP][PASSED] - delay(2): Delayed 2 second(s)

2019-06-25 13:59:03 - [MESSAGE][PASSED] - Delayed 2 second(s)

2019-06-25 13:59:03 - [TEST_STEP][PASSED] - click(findTestObject("APOLLO- Desktop/Cart flyout/Checkout")): Object: 'Object Repository/APOLLO- Desktop/Cart flyout/Checkout' is clicked on

2019-06-25 14:00:15 - [MESSAGE][PASSED] - Object: 'Object Repository/APOLLO- Desktop/Cart flyout/Checkout' is clicked on

2019-06-25 14:00:15 - [TEST_STEP][PASSED] - delay(2): Delayed 2 second(s)

2019-06-25 14:00:17 - [MESSAGE][PASSED] - Delayed 2 second(s)

2019-06-25 14:00:17 - [TEST_STEP][PASSED] - click(findTestObject("APOLLO- Desktop/Customer Information page/Cart page breadcrumb")): Object: 'Object Repository/APOLLO- Desktop/Customer Information page/Cart page breadcrumb' is clicked on

2019-06-25 14:00:21 - [MESSAGE][PASSED] - Object: 'Object Repository/APOLLO- Desktop/Customer Information page/Cart page breadcrumb' is clicked on

2019-06-25 14:00:21 - [TEST_STEP][NOT_RUN] - executeJavaScript("var previewBar = document.getElementById("preview-bar-iframe"); previewBar.style.display = "none";", []): NOT_RUN: executeJavaScript("var previewBar = document.getElementById("preview-bar-iframe"); previewBar.style.display = "none";", [])

2019-06-25 14:00:21 - [MESSAGE][NOT_RUN] - NOT_RUN: executeJavaScript("var previewBar = document.getElementById("preview-bar-iframe"); previewBar.style.display = "none";", [])

2019-06-25 14:00:21 - [TEST_STEP][PASSED] - delay(2): Delayed 2 second(s)

2019-06-25 14:00:23 - [MESSAGE][PASSED] - Delayed 2 second(s)

2019-06-25 14:00:23 - [TEST_STEP][PASSED] - a = getText(findTestObject("APOLLO- Desktop/Cart page/Subtotal in cart page")): Text of object 'Object Repository/APOLLO- Desktop/Cart page/Subtotal in cart page' is: '$76.50'

2019-06-25 14:00:23 - [MESSAGE][PASSED] - Text of object 'Object Repository/APOLLO- Desktop/Cart page/Subtotal in cart page' is: '$76.50'

2019-06-25 14:00:23 - [TEST_STEP][PASSED] - comment("a=" + a): a=$76.50

2019-06-25 14:00:23 - [MESSAGE][INFO] - a=$76.50

2019-06-25 14:00:23 - [TEST_STEP][PASSED] - delay(2): Delayed 2 second(s)

2019-06-25 14:00:25 - [MESSAGE][PASSED] - Delayed 2 second(s)

2019-06-25 14:00:25 - [TEST_STEP][PASSED] - click(findTestObject("APOLLO- Desktop/Cart page/Decrease quantity - cart page")): Object: 'Object Repository/APOLLO- Desktop/Cart page/Decrease quantity - cart page' is clicked on

2019-06-25 14:00:25 - [MESSAGE][PASSED] - Object: 'Object Repository/APOLLO- Desktop/Cart page/Decrease quantity - cart page' is clicked on

2019-06-25 14:00:25 - [TEST_STEP][PASSED] - delay(2): Delayed 2 second(s)

2019-06-25 14:00:27 - [MESSAGE][PASSED] - Delayed 2 second(s)

2019-06-25 14:00:27 - [TEST_STEP][PASSED] - click(findTestObject("APOLLO- Desktop/Cart page/Decrease quantity - cart page")): Object: 'Object Repository/APOLLO- Desktop/Cart page/Decrease quantity - cart page' is clicked on

2019-06-25 14:00:28 - [MESSAGE][PASSED] - Object: 'Object Repository/APOLLO- Desktop/Cart page/Decrease quantity - cart page' is clicked on

2019-06-25 14:00:28 - [TEST_STEP][PASSED] - delay(2): Delayed 2 second(s)

2019-06-25 14:00:30 - [MESSAGE][PASSED] - Delayed 2 second(s)

2019-06-25 14:00:30 - [TEST_STEP][PASSED] - click(findTestObject("APOLLO- Desktop/Cart page/Decrease quantity - cart page")): Object: 'Object Repository/APOLLO- Desktop/Cart page/Decrease quantity - cart page' is clicked on

2019-06-25 14:00:30 - [MESSAGE][PASSED] - Object: 'Object Repository/APOLLO- Desktop/Cart page/Decrease quantity - cart page' is clicked on

2019-06-25 14:00:30 - [TEST_STEP][PASSED] - delay(2): Delayed 2 second(s)

2019-06-25 14:00:32 - [MESSAGE][PASSED] - Delayed 2 second(s)

2019-06-25 14:00:32 - [TEST_STEP][PASSED] - setText(findTestObject("APOLLO- Desktop/Cart flyout/CArt quanty update"), "1"): Text '1' is set on object 'Object Repository/APOLLO- Desktop/Cart flyout/CArt quanty update'

2019-06-25 14:00:32 - [MESSAGE][PASSED] - Text '1' is set on object 'Object Repository/APOLLO- Desktop/Cart flyout/CArt quanty update'

2019-06-25 14:00:32 - [TEST_STEP][PASSED] - delay(2): Delayed 2 second(s)

2019-06-25 14:00:34 - [MESSAGE][PASSED] - Delayed 2 second(s)

2019-06-25 14:00:34 - [TEST_STEP][PASSED] - click(findTestObject("APOLLO- Desktop/Cart page/Click outside the page")): Object: 'Object Repository/APOLLO- Desktop/Cart page/Click outside the page' is clicked on

2019-06-25 14:00:34 - [MESSAGE][PASSED] - Object: 'Object Repository/APOLLO- Desktop/Cart page/Click outside the page' is clicked on

2019-06-25 14:00:34 - [TEST_STEP][PASSED] - delay(2): Delayed 2 second(s)

2019-06-25 14:00:36 - [MESSAGE][PASSED] - Delayed 2 second(s)

2019-06-25 14:00:36 - [TEST_STEP][PASSED] - b = getText(findTestObject("APOLLO- Desktop/Cart page/Subtotal in cart page")): Text of object 'Object Repository/APOLLO- Desktop/Cart page/Subtotal in cart page' is: '$30.00'

2019-06-25 14:00:36 - [MESSAGE][PASSED] - Text of object 'Object Repository/APOLLO- Desktop/Cart page/Subtotal in cart page' is: '$30.00'

2019-06-25 14:00:36 - [TEST_STEP][PASSED] - comment("b=" + b): b=$30.00

2019-06-25 14:00:36 - [MESSAGE][INFO] - b=$30.00

2019-06-25 14:00:36 - [TEST_STEP][PASSED] - verifyNotEqual("a", "b"): Actual object 'a' and expected object 'b' are not equal

2019-06-25 14:00:36 - [MESSAGE][PASSED] - Actual object 'a' and expected object 'b' are not equal

2019-06-25 14:00:36 - [TEST_STEP][PASSED] - delay(2): Delayed 2 second(s)

2019-06-25 14:00:38 - [MESSAGE][PASSED] - Delayed 2 second(s)

2019-06-25 14:00:38 - [TEST_STEP][PASSED] - click(findTestObject("APOLLO- Desktop/Cart flyout/Checkout")): Object: 'Object Repository/APOLLO- Desktop/Cart flyout/Checkout' is clicked on

2019-06-25 14:00:40 - [MESSAGE][PASSED] - Object: 'Object Repository/APOLLO- Desktop/Cart flyout/Checkout' is clicked on

2019-06-25 14:00:40 - [TEST_STEP][PASSED] - delay(2): Delayed 2 second(s)

2019-06-25 14:00:42 - [MESSAGE][PASSED] - Delayed 2 second(s)

2019-06-25 14:00:42 - [TEST_STEP][PASSED] - callTestCase(findTestCase("CALL- CUSTOMER INFO PAGE"), [:], STOP_ON_FAILURE): Call Test Case 'Test Cases/CALL- CUSTOMER INFO PAGE' successfully

2019-06-25 14:00:42 - [TEST_CASE][PASSED] - Test Cases/CALL- CUSTOMER INFO PAGE: Test Cases/CALL- CUSTOMER INFO PAGE

2019-06-25 14:00:42 - [TEST_STEP][PASSED] - delay(2): Delayed 2 second(s)

2019-06-25 14:00:44 - [MESSAGE][PASSED] - Delayed 2 second(s)

2019-06-25 14:00:44 - [TEST_STEP][NOT_RUN] - executeJavaScript("var previewBar = document.getElementById("preview-bar-iframe"); previewBar.style.display = "none";", []): NOT_RUN: executeJavaScript("var previewBar = document.getElementById("preview-bar-iframe"); previewBar.style.display = "none";", [])

2019-06-25 14:00:44 - [MESSAGE][NOT_RUN] - NOT_RUN: executeJavaScript("var previewBar = document.getElementById("preview-bar-iframe"); previewBar.style.display = "none";", [])

2019-06-25 14:00:44 - [TEST_STEP][PASSED] - setText(findTestObject("APOLLO- Desktop/Customer Information page/Email"), "suman@gmail.com"): Text 'suman@gmail.com' is set on object 'Object Repository/APOLLO- Desktop/Customer Information page/Email'

2019-06-25 14:00:44 - [MESSAGE][PASSED] - Text 'suman@gmail.com' is set on object 'Object Repository/APOLLO- Desktop/Customer Information page/Email'

2019-06-25 14:00:44 - [TEST_STEP][PASSED] - delay(2): Delayed 2 second(s)

2019-06-25 14:00:46 - [MESSAGE][PASSED] - Delayed 2 second(s)

2019-06-25 14:00:46 - [TEST_STEP][PASSED] - setText(findTestObject("APOLLO- Desktop/Customer Information page/First name"), "suman"): Text 'suman' is set on object 'Object Repository/APOLLO- Desktop/Customer Information page/First name'

2019-06-25 14:00:46 - [MESSAGE][PASSED] - Text 'suman' is set on object 'Object Repository/APOLLO- Desktop/Customer Information page/First name'

2019-06-25 14:00:46 - [TEST_STEP][PASSED] - delay(2): Delayed 2 second(s)

2019-06-25 14:00:48 - [MESSAGE][PASSED] - Delayed 2 second(s)

2019-06-25 14:00:48 - [TEST_STEP][PASSED] - setText(findTestObject("APOLLO- Desktop/Customer Information page/Last name"), "kompelly"): Text 'kompelly' is set on object 'Object Repository/APOLLO- Desktop/Customer Information page/Last name'

2019-06-25 14:00:48 - [MESSAGE][PASSED] - Text 'kompelly' is set on object 'Object Repository/APOLLO- Desktop/Customer Information page/Last name'

2019-06-25 14:00:48 - [TEST_STEP][PASSED] - delay(2): Delayed 2 second(s)

2019-06-25 14:00:50 - [MESSAGE][PASSED] - Delayed 2 second(s)

2019-06-25 14:00:50 - [TEST_STEP][PASSED] - setText(findTestObject("APOLLO- Desktop/Customer Information page/Address"), "1435 st alxendre"): Text '1435 st alxendre' is set on object 'Object Repository/APOLLO- Desktop/Customer Information page/Address'

2019-06-25 14:00:50 - [MESSAGE][PASSED] - Text '1435 st alxendre' is set on object 'Object Repository/APOLLO- Desktop/Customer Information page/Address'

2019-06-25 14:00:50 - [TEST_STEP][PASSED] - setText(findTestObject("APOLLO- Desktop/Customer Information page/Apartment"), "220"): Text '220' is set on object 'Object Repository/APOLLO- Desktop/Customer Information page/Apartment'

2019-06-25 14:00:50 - [MESSAGE][PASSED] - Text '220' is set on object 'Object Repository/APOLLO- Desktop/Customer Information page/Apartment'

2019-06-25 14:00:50 - [TEST_STEP][PASSED] - setText(findTestObject("APOLLO- Desktop/Customer Information page/City"), "montreal"): Text 'montreal' is set on object 'Object Repository/APOLLO- Desktop/Customer Information page/City'

2019-06-25 14:00:50 - [MESSAGE][PASSED] - Text 'montreal' is set on object 'Object Repository/APOLLO- Desktop/Customer Information page/City'

2019-06-25 14:00:50 - [TEST_STEP][PASSED] - selectOptionByValue(findTestObject("APOLLO- Desktop/Customer Information page/Country dropdown"), "United States", true): All options with value 'United States' are selected in object 'Object Repository/APOLLO- Desktop/Customer Information page/Country dropdown'  using regular expression

2019-06-25 14:00:55 - [MESSAGE][PASSED] - All options with value 'United States' are selected in object 'Object Repository/APOLLO- Desktop/Customer Information page/Country dropdown'  using regular expression

2019-06-25 14:00:55 - [TEST_STEP][PASSED] - selectOptionByValue(findTestObject("APOLLO- Desktop/Customer Information page/states dropdown"), "NJ", true): All options with value 'NJ' are selected in object 'Object Repository/APOLLO- Desktop/Customer Information page/states dropdown'  using regular expression

2019-06-25 14:00:56 - [MESSAGE][PASSED] - All options with value 'NJ' are selected in object 'Object Repository/APOLLO- Desktop/Customer Information page/states dropdown'  using regular expression

2019-06-25 14:00:56 - [TEST_STEP][PASSED] - setText(findTestObject("APOLLO- Desktop/Customer Information page/ZIP code"), "07057"): Text '07057' is set on object 'Object Repository/APOLLO- Desktop/Customer Information page/ZIP code'

2019-06-25 14:00:56 - [MESSAGE][PASSED] - Text '07057' is set on object 'Object Repository/APOLLO- Desktop/Customer Information page/ZIP code'

2019-06-25 14:00:56 - [MESSAGE][PASSED] - Call Test Case 'Test Cases/CALL- CUSTOMER INFO PAGE' successfully

2019-06-25 14:00:56 - [TEST_STEP][PASSED] - delay(2): Delayed 2 second(s)

2019-06-25 14:00:58 - [MESSAGE][PASSED] - Delayed 2 second(s)

2019-06-25 14:00:58 - [TEST_STEP][NOT_RUN] - executeJavaScript("var previewBar = document.getElementById("preview-bar-iframe"); previewBar.style.display = "none";", []): NOT_RUN: executeJavaScript("var previewBar = document.getElementById("preview-bar-iframe"); previewBar.style.display = "none";", [])

2019-06-25 14:00:58 - [MESSAGE][NOT_RUN] - NOT_RUN: executeJavaScript("var previewBar = document.getElementById("preview-bar-iframe"); previewBar.style.display = "none";", [])

2019-06-25 14:00:58 - [TEST_STEP][PASSED] - click(findTestObject("APOLLO- Desktop/Customer Information page/Continue to shipping")): Object: 'Object Repository/APOLLO- Desktop/Customer Information page/Continue to shipping' is clicked on

2019-06-25 14:00:59 - [MESSAGE][PASSED] - Object: 'Object Repository/APOLLO- Desktop/Customer Information page/Continue to shipping' is clicked on

2019-06-25 14:00:59 - [TEST_STEP][PASSED] - delay(1): Delayed 1 second(s)

2019-06-25 14:01:00 - [MESSAGE][PASSED] - Delayed 1 second(s)

2019-06-25 14:01:00 - [TEST_STEP][PASSED] - click(findTestObject("APOLLO- Desktop/Shipping page/Radio button check")): Object: 'Object Repository/APOLLO- Desktop/Shipping page/Radio button check' is clicked on

2019-06-25 14:01:01 - [MESSAGE][PASSED] - Object: 'Object Repository/APOLLO- Desktop/Shipping page/Radio button check' is clicked on

2019-06-25 14:01:01 - [TEST_STEP][NOT_RUN] - executeJavaScript("var previewBar = document.getElementById("preview-bar-iframe"); previewBar.style.display = "none";", []): NOT_RUN: executeJavaScript("var previewBar = document.getElementById("preview-bar-iframe"); previewBar.style.display = "none";", [])

2019-06-25 14:01:01 - [MESSAGE][NOT_RUN] - NOT_RUN: executeJavaScript("var previewBar = document.getElementById("preview-bar-iframe"); previewBar.style.display = "none";", [])

2019-06-25 14:01:01 - [TEST_STEP][PASSED] - delay(1): Delayed 1 second(s)

2019-06-25 14:01:02 - [MESSAGE][PASSED] - Delayed 1 second(s)

2019-06-25 14:01:02 - [TEST_STEP][PASSED] - click(findTestObject("APOLLO- Desktop/Shipping page/Continue to payment")): Object: 'Object Repository/APOLLO- Desktop/Shipping page/Continue to payment' is clicked on

2019-06-25 14:01:10 - [MESSAGE][PASSED] - Object: 'Object Repository/APOLLO- Desktop/Shipping page/Continue to payment' is clicked on

2019-06-25 14:01:10 - [TEST_STEP][PASSED] - delay(1): Delayed 1 second(s)

2019-06-25 14:01:11 - [MESSAGE][PASSED] - Delayed 1 second(s)

2019-06-25 14:01:11 - [TEST_STEP][PASSED] - click(findTestObject("APOLLO- Desktop/payment page/Payment section")): Object: 'Object Repository/APOLLO- Desktop/payment page/Payment section' is clicked on

2019-06-25 14:01:11 - [MESSAGE][PASSED] - Object: 'Object Repository/APOLLO- Desktop/payment page/Payment section' is clicked on]]></system-out>
         <system-err><![CDATA[]]></system-err>
      </testcase>
      <testcase name="Test Cases/CRITICAL PATH/Adding product - Search flyout" classname="Test Cases/CRITICAL PATH/Adding product - Search flyout" status="FAILED">
         <failure type="FAILED" message="Test Cases/CRITICAL PATH/Adding product - Search flyout FAILED.
Reason:
com.kms.katalon.core.exception.StepFailedException: Object 'Object Repository/APOLLO- Desktop/Product page/Add to bag' is NOT clickable
	at com.kms.katalon.core.keyword.internal.KeywordMain.stepFailed(KeywordMain.groovy:32)
	at com.kms.katalon.core.webui.keyword.internal.WebUIKeywordMain.stepFailed(WebUIKeywordMain.groovy:65)
	at com.kms.katalon.core.webui.keyword.builtin.VerifyElementClickableKeyword$_verifyElementClickable_closure1.doCall(VerifyElementClickableKeyword.groovy:83)
	at com.kms.katalon.core.webui.keyword.builtin.VerifyElementClickableKeyword$_verifyElementClickable_closure1.call(VerifyElementClickableKeyword.groovy)
	at com.kms.katalon.core.webui.keyword.internal.WebUIKeywordMain.runKeyword(WebUIKeywordMain.groovy:21)
	at com.kms.katalon.core.webui.keyword.builtin.VerifyElementClickableKeyword.verifyElementClickable(VerifyElementClickableKeyword.groovy:96)
	at com.kms.katalon.core.webui.keyword.builtin.VerifyElementClickableKeyword.execute(VerifyElementClickableKeyword.groovy:67)
	at com.kms.katalon.core.keyword.internal.KeywordExecutor.executeKeywordForPlatform(KeywordExecutor.groovy:53)
	at com.kms.katalon.core.webui.keyword.WebUiBuiltInKeywords.verifyElementClickable(WebUiBuiltInKeywords.groovy:548)
	at com.kms.katalon.core.webui.keyword.WebUiBuiltInKeywords$verifyElementClickable$15.call(Unknown Source)
	at Adding product - Search flyout.run(Adding product - Search flyout:36)
	at com.kms.katalon.core.main.ScriptEngine.run(ScriptEngine.java:194)
	at com.kms.katalon.core.main.ScriptEngine.runScriptAsRawText(ScriptEngine.java:119)
	at com.kms.katalon.core.main.TestCaseExecutor.runScript(TestCaseExecutor.java:328)
	at com.kms.katalon.core.main.TestCaseExecutor.doExecute(TestCaseExecutor.java:319)
	at com.kms.katalon.core.main.TestCaseExecutor.processExecutionPhase(TestCaseExecutor.java:298)
	at com.kms.katalon.core.main.TestCaseExecutor.accessMainPhase(TestCaseExecutor.java:290)
	at com.kms.katalon.core.main.TestCaseExecutor.execute(TestCaseExecutor.java:224)
	at com.kms.katalon.core.main.TestSuiteExecutor.accessTestCaseMainPhase(TestSuiteExecutor.java:129)
	at com.kms.katalon.core.main.TestSuiteExecutor.accessTestSuiteMainPhase(TestSuiteExecutor.java:112)
	at com.kms.katalon.core.main.TestSuiteExecutor.execute(TestSuiteExecutor.java:81)
	at com.kms.katalon.core.main.TestCaseMain.startTestSuite(TestCaseMain.java:149)
	at com.kms.katalon.core.main.TestCaseMain$startTestSuite$0.call(Unknown Source)
	at TempTestSuite1561483953417.run(TempTestSuite1561483953417.groovy:36)
"/>
         <system-out><![CDATA[2019-06-25 14:01:11 - [TEST_CASE][FAILED] - Test Cases/CRITICAL PATH/Adding product - Search flyout: Test Cases/CRITICAL PATH/Adding product - Search flyout FAILED.
Reason:
com.kms.katalon.core.exception.StepFailedException: Object 'Object Repository/APOLLO- Desktop/Product page/Add to bag' is NOT clickable
	at com.kms.katalon.core.keyword.internal.KeywordMain.stepFailed(KeywordMain.groovy:32)
	at com.kms.katalon.core.webui.keyword.internal.WebUIKeywordMain.stepFailed(WebUIKeywordMain.groovy:65)
	at com.kms.katalon.core.webui.keyword.builtin.VerifyElementClickableKeyword$_verifyElementClickable_closure1.doCall(VerifyElementClickableKeyword.groovy:83)
	at com.kms.katalon.core.webui.keyword.builtin.VerifyElementClickableKeyword$_verifyElementClickable_closure1.call(VerifyElementClickableKeyword.groovy)
	at com.kms.katalon.core.webui.keyword.internal.WebUIKeywordMain.runKeyword(WebUIKeywordMain.groovy:21)
	at com.kms.katalon.core.webui.keyword.builtin.VerifyElementClickableKeyword.verifyElementClickable(VerifyElementClickableKeyword.groovy:96)
	at com.kms.katalon.core.webui.keyword.builtin.VerifyElementClickableKeyword.execute(VerifyElementClickableKeyword.groovy:67)
	at com.kms.katalon.core.keyword.internal.KeywordExecutor.executeKeywordForPlatform(KeywordExecutor.groovy:53)
	at com.kms.katalon.core.webui.keyword.WebUiBuiltInKeywords.verifyElementClickable(WebUiBuiltInKeywords.groovy:548)
	at com.kms.katalon.core.webui.keyword.WebUiBuiltInKeywords$verifyElementClickable$15.call(Unknown Source)
	at Adding product - Search flyout.run(Adding product - Search flyout:36)
	at com.kms.katalon.core.main.ScriptEngine.run(ScriptEngine.java:194)
	at com.kms.katalon.core.main.ScriptEngine.runScriptAsRawText(ScriptEngine.java:119)
	at com.kms.katalon.core.main.TestCaseExecutor.runScript(TestCaseExecutor.java:328)
	at com.kms.katalon.core.main.TestCaseExecutor.doExecute(TestCaseExecutor.java:319)
	at com.kms.katalon.core.main.TestCaseExecutor.processExecutionPhase(TestCaseExecutor.java:298)
	at com.kms.katalon.core.main.TestCaseExecutor.accessMainPhase(TestCaseExecutor.java:290)
	at com.kms.katalon.core.main.TestCaseExecutor.execute(TestCaseExecutor.java:224)
	at com.kms.katalon.core.main.TestSuiteExecutor.accessTestCaseMainPhase(TestSuiteExecutor.java:129)
	at com.kms.katalon.core.main.TestSuiteExecutor.accessTestSuiteMainPhase(TestSuiteExecutor.java:112)
	at com.kms.katalon.core.main.TestSuiteExecutor.execute(TestSuiteExecutor.java:81)
	at com.kms.katalon.core.main.TestCaseMain.startTestSuite(TestCaseMain.java:149)
	at com.kms.katalon.core.main.TestCaseMain$startTestSuite$0.call(Unknown Source)
	at TempTestSuite1561483953417.run(TempTestSuite1561483953417.groovy:36)


2019-06-25 14:01:11 - [TEST_STEP][PASSED] - callTestCase(findTestCase("CALL - URL"), [:], STOP_ON_FAILURE): Call Test Case 'Test Cases/CALL - URL' successfully

2019-06-25 14:01:12 - [TEST_CASE][PASSED] - Test Cases/CALL - URL: Test Cases/CALL - URL

2019-06-25 14:01:12 - [TEST_STEP][PASSED] - openBrowser(""): Browser is opened with url: ''

2019-06-25 14:01:12 - [MESSAGE][WARNING] - A browser is already opened. Closing browser and opening a new one

2019-06-25 14:01:12 - [MESSAGE][INFO] - Starting 'Firefox' driver

2019-06-25 14:01:14 - [MESSAGE][PASSED] - Browser is opened with url: ''

2019-06-25 14:01:14 - [TEST_STEP][PASSED] - navigateToUrl("https://diff-apollo.myshopify.com/?key=eec34184cfd8f82cda816f82753a8c8e9e240f30cf54470e19667b8cbb401948&preview_theme_id="): Navigate to 'https://diff-apollo.myshopify.com/?key=eec34184cfd8f82cda816f82753a8c8e9e240f30cf54470e19667b8cbb401948&preview_theme_id=' successfully

2019-06-25 14:01:18 - [MESSAGE][PASSED] - Navigate to 'https://diff-apollo.myshopify.com/?key=eec34184cfd8f82cda816f82753a8c8e9e240f30cf54470e19667b8cbb401948&preview_theme_id=' successfully

2019-06-25 14:01:18 - [TEST_STEP][NOT_RUN] - executeJavaScript("var previewBar = document.getElementById("preview-bar-iframe"); previewBar.style.display = "none";", []): NOT_RUN: executeJavaScript("var previewBar = document.getElementById("preview-bar-iframe"); previewBar.style.display = "none";", [])

2019-06-25 14:01:18 - [MESSAGE][NOT_RUN] - NOT_RUN: executeJavaScript("var previewBar = document.getElementById("preview-bar-iframe"); previewBar.style.display = "none";", [])

2019-06-25 14:01:18 - [MESSAGE][PASSED] - Call Test Case 'Test Cases/CALL - URL' successfully

2019-06-25 14:01:18 - [TEST_STEP][PASSED] - delay(2): Delayed 2 second(s)

2019-06-25 14:01:20 - [MESSAGE][PASSED] - Delayed 2 second(s)

2019-06-25 14:01:20 - [TEST_STEP][PASSED] - click(findTestObject("APOLLO- Desktop/Home page/Search input")): Object: 'Object Repository/APOLLO- Desktop/Home page/Search input' is clicked on

2019-06-25 14:01:20 - [MESSAGE][PASSED] - Object: 'Object Repository/APOLLO- Desktop/Home page/Search input' is clicked on

2019-06-25 14:01:20 - [TEST_STEP][PASSED] - delay(1): Delayed 1 second(s)

2019-06-25 14:01:21 - [MESSAGE][PASSED] - Delayed 1 second(s)

2019-06-25 14:01:21 - [TEST_STEP][PASSED] - setText(findTestObject("APOLLO- Desktop/Home page/Search input box to enter"), "jacket"): Text 'jacket' is set on object 'Object Repository/APOLLO- Desktop/Home page/Search input box to enter'

2019-06-25 14:01:21 - [MESSAGE][PASSED] - Text 'jacket' is set on object 'Object Repository/APOLLO- Desktop/Home page/Search input box to enter'

2019-06-25 14:01:21 - [TEST_STEP][PASSED] - delay(1): Delayed 1 second(s)

2019-06-25 14:01:22 - [MESSAGE][PASSED] - Delayed 1 second(s)

2019-06-25 14:01:22 - [TEST_STEP][PASSED] - click(findTestObject("APOLLO- Desktop/Home page/2nd product - search flyout")): Object: 'Object Repository/APOLLO- Desktop/Home page/2nd product - search flyout' is clicked on

2019-06-25 14:01:24 - [MESSAGE][PASSED] - Object: 'Object Repository/APOLLO- Desktop/Home page/2nd product - search flyout' is clicked on

2019-06-25 14:01:24 - [TEST_STEP][PASSED] - delay(1): Delayed 1 second(s)

2019-06-25 14:01:25 - [MESSAGE][PASSED] - Delayed 1 second(s)

2019-06-25 14:01:25 - [TEST_STEP][PASSED] - selectOptionByValue(findTestObject("APOLLO- Desktop/Product page/Color dropdown"), "White", true): All options with value 'White' are selected in object 'Object Repository/APOLLO- Desktop/Product page/Color dropdown'  using regular expression

2019-06-25 14:01:26 - [MESSAGE][PASSED] - All options with value 'White' are selected in object 'Object Repository/APOLLO- Desktop/Product page/Color dropdown'  using regular expression

2019-06-25 14:01:26 - [TEST_STEP][PASSED] - delay(1): Delayed 1 second(s)

2019-06-25 14:01:27 - [MESSAGE][PASSED] - Delayed 1 second(s)

2019-06-25 14:01:27 - [TEST_STEP][FAILED] - a = verifyElementClickable(findTestObject("APOLLO- Desktop/Product page/Add to bag"), CONTINUE_ON_FAILURE): Object 'Object Repository/APOLLO- Desktop/Product page/Add to bag' is NOT clickable

2019-06-25 14:01:27 - [MESSAGE][FAILED] - Object 'Object Repository/APOLLO- Desktop/Product page/Add to bag' is NOT clickable
[[ATTACHMENT|/Users/sumankompelly/Katalon Studio/APOLLO/Reports/Apollo - dark build/20190625_133233/1561485687282.png]]

2019-06-25 14:01:27 - [TEST_STEP][PASSED] - comment("a=" + a): a=false

2019-06-25 14:01:27 - [MESSAGE][INFO] - a=false

2019-06-25 14:01:27 - [TEST_STEP][PASSED] - if (a == true): null

2019-06-25 14:01:27 - [TEST_STEP][PASSED] - else:  product sold out 

2019-06-25 14:01:27 - [TEST_STEP][PASSED] - comment(" product sold out "):  product sold out 

2019-06-25 14:01:27 - [MESSAGE][INFO] -  product sold out 

2019-06-25 14:01:27 - [TEST_STEP][PASSED] - selectOptionByValue(findTestObject("APOLLO- Desktop/Product page/Color dropdown"), "Black", true): All options with value 'Black' are selected in object 'Object Repository/APOLLO- Desktop/Product page/Color dropdown'  using regular expression

2019-06-25 14:01:28 - [MESSAGE][PASSED] - All options with value 'Black' are selected in object 'Object Repository/APOLLO- Desktop/Product page/Color dropdown'  using regular expression

2019-06-25 14:01:28 - [TEST_STEP][PASSED] - click(findTestObject("APOLLO- Desktop/Product page/Add to bag")): Object: 'Object Repository/APOLLO- Desktop/Product page/Add to bag' is clicked on

2019-06-25 14:01:28 - [MESSAGE][PASSED] - Object: 'Object Repository/APOLLO- Desktop/Product page/Add to bag' is clicked on

2019-06-25 14:01:28 - [TEST_STEP][PASSED] - delay(2): Delayed 2 second(s)

2019-06-25 14:01:30 - [MESSAGE][PASSED] - Delayed 2 second(s)

2019-06-25 14:01:30 - [TEST_STEP][NOT_RUN] - executeJavaScript("var previewBar = document.getElementById("preview-bar-iframe"); previewBar.style.display = "none";", []): NOT_RUN: executeJavaScript("var previewBar = document.getElementById("preview-bar-iframe"); previewBar.style.display = "none";", [])

2019-06-25 14:01:30 - [MESSAGE][NOT_RUN] - NOT_RUN: executeJavaScript("var previewBar = document.getElementById("preview-bar-iframe"); previewBar.style.display = "none";", [])

2019-06-25 14:01:30 - [TEST_STEP][PASSED] - click(findTestObject("APOLLO- Desktop/Cart flyout/Checkout")): Object: 'Object Repository/APOLLO- Desktop/Cart flyout/Checkout' is clicked on

2019-06-25 14:01:33 - [MESSAGE][PASSED] - Object: 'Object Repository/APOLLO- Desktop/Cart flyout/Checkout' is clicked on

2019-06-25 14:01:33 - [TEST_STEP][PASSED] - delay(1): Delayed 1 second(s)

2019-06-25 14:01:34 - [MESSAGE][PASSED] - Delayed 1 second(s)

2019-06-25 14:01:34 - [TEST_STEP][PASSED] - callTestCase(findTestCase("CALL- CUSTOMER INFO PAGE"), [:], STOP_ON_FAILURE): Call Test Case 'Test Cases/CALL- CUSTOMER INFO PAGE' successfully

2019-06-25 14:01:34 - [TEST_CASE][PASSED] - Test Cases/CALL- CUSTOMER INFO PAGE: Test Cases/CALL- CUSTOMER INFO PAGE

2019-06-25 14:01:34 - [TEST_STEP][PASSED] - delay(2): Delayed 2 second(s)

2019-06-25 14:01:36 - [MESSAGE][PASSED] - Delayed 2 second(s)

2019-06-25 14:01:36 - [TEST_STEP][NOT_RUN] - executeJavaScript("var previewBar = document.getElementById("preview-bar-iframe"); previewBar.style.display = "none";", []): NOT_RUN: executeJavaScript("var previewBar = document.getElementById("preview-bar-iframe"); previewBar.style.display = "none";", [])

2019-06-25 14:01:36 - [MESSAGE][NOT_RUN] - NOT_RUN: executeJavaScript("var previewBar = document.getElementById("preview-bar-iframe"); previewBar.style.display = "none";", [])

2019-06-25 14:01:36 - [TEST_STEP][PASSED] - setText(findTestObject("APOLLO- Desktop/Customer Information page/Email"), "suman@gmail.com"): Text 'suman@gmail.com' is set on object 'Object Repository/APOLLO- Desktop/Customer Information page/Email'

2019-06-25 14:01:36 - [MESSAGE][PASSED] - Text 'suman@gmail.com' is set on object 'Object Repository/APOLLO- Desktop/Customer Information page/Email'

2019-06-25 14:01:36 - [TEST_STEP][PASSED] - delay(2): Delayed 2 second(s)

2019-06-25 14:01:38 - [MESSAGE][PASSED] - Delayed 2 second(s)

2019-06-25 14:01:38 - [TEST_STEP][PASSED] - setText(findTestObject("APOLLO- Desktop/Customer Information page/First name"), "suman"): Text 'suman' is set on object 'Object Repository/APOLLO- Desktop/Customer Information page/First name'

2019-06-25 14:01:38 - [MESSAGE][PASSED] - Text 'suman' is set on object 'Object Repository/APOLLO- Desktop/Customer Information page/First name'

2019-06-25 14:01:38 - [TEST_STEP][PASSED] - delay(2): Delayed 2 second(s)

2019-06-25 14:01:40 - [MESSAGE][PASSED] - Delayed 2 second(s)

2019-06-25 14:01:40 - [TEST_STEP][PASSED] - setText(findTestObject("APOLLO- Desktop/Customer Information page/Last name"), "kompelly"): Text 'kompelly' is set on object 'Object Repository/APOLLO- Desktop/Customer Information page/Last name'

2019-06-25 14:01:40 - [MESSAGE][PASSED] - Text 'kompelly' is set on object 'Object Repository/APOLLO- Desktop/Customer Information page/Last name'

2019-06-25 14:01:40 - [TEST_STEP][PASSED] - delay(2): Delayed 2 second(s)

2019-06-25 14:01:42 - [MESSAGE][PASSED] - Delayed 2 second(s)

2019-06-25 14:01:42 - [TEST_STEP][PASSED] - setText(findTestObject("APOLLO- Desktop/Customer Information page/Address"), "1435 st alxendre"): Text '1435 st alxendre' is set on object 'Object Repository/APOLLO- Desktop/Customer Information page/Address'

2019-06-25 14:01:42 - [MESSAGE][PASSED] - Text '1435 st alxendre' is set on object 'Object Repository/APOLLO- Desktop/Customer Information page/Address'

2019-06-25 14:01:42 - [TEST_STEP][PASSED] - setText(findTestObject("APOLLO- Desktop/Customer Information page/Apartment"), "220"): Text '220' is set on object 'Object Repository/APOLLO- Desktop/Customer Information page/Apartment'

2019-06-25 14:01:42 - [MESSAGE][PASSED] - Text '220' is set on object 'Object Repository/APOLLO- Desktop/Customer Information page/Apartment'

2019-06-25 14:01:42 - [TEST_STEP][PASSED] - setText(findTestObject("APOLLO- Desktop/Customer Information page/City"), "montreal"): Text 'montreal' is set on object 'Object Repository/APOLLO- Desktop/Customer Information page/City'

2019-06-25 14:01:42 - [MESSAGE][PASSED] - Text 'montreal' is set on object 'Object Repository/APOLLO- Desktop/Customer Information page/City'

2019-06-25 14:01:42 - [TEST_STEP][PASSED] - selectOptionByValue(findTestObject("APOLLO- Desktop/Customer Information page/Country dropdown"), "United States", true): All options with value 'United States' are selected in object 'Object Repository/APOLLO- Desktop/Customer Information page/Country dropdown'  using regular expression

2019-06-25 14:01:47 - [MESSAGE][PASSED] - All options with value 'United States' are selected in object 'Object Repository/APOLLO- Desktop/Customer Information page/Country dropdown'  using regular expression

2019-06-25 14:01:47 - [TEST_STEP][PASSED] - selectOptionByValue(findTestObject("APOLLO- Desktop/Customer Information page/states dropdown"), "NJ", true): All options with value 'NJ' are selected in object 'Object Repository/APOLLO- Desktop/Customer Information page/states dropdown'  using regular expression

2019-06-25 14:01:48 - [MESSAGE][PASSED] - All options with value 'NJ' are selected in object 'Object Repository/APOLLO- Desktop/Customer Information page/states dropdown'  using regular expression

2019-06-25 14:01:48 - [TEST_STEP][PASSED] - setText(findTestObject("APOLLO- Desktop/Customer Information page/ZIP code"), "07057"): Text '07057' is set on object 'Object Repository/APOLLO- Desktop/Customer Information page/ZIP code'

2019-06-25 14:01:48 - [MESSAGE][PASSED] - Text '07057' is set on object 'Object Repository/APOLLO- Desktop/Customer Information page/ZIP code'

2019-06-25 14:01:48 - [MESSAGE][PASSED] - Call Test Case 'Test Cases/CALL- CUSTOMER INFO PAGE' successfully

2019-06-25 14:01:48 - [TEST_STEP][PASSED] - click(findTestObject("APOLLO- Desktop/Customer Information page/Continue to shipping")): Object: 'Object Repository/APOLLO- Desktop/Customer Information page/Continue to shipping' is clicked on

2019-06-25 14:01:50 - [MESSAGE][PASSED] - Object: 'Object Repository/APOLLO- Desktop/Customer Information page/Continue to shipping' is clicked on

2019-06-25 14:01:50 - [TEST_STEP][NOT_RUN] - executeJavaScript("var previewBar = document.getElementById("preview-bar-iframe"); previewBar.style.display = "none";", []): NOT_RUN: executeJavaScript("var previewBar = document.getElementById("preview-bar-iframe"); previewBar.style.display = "none";", [])

2019-06-25 14:01:50 - [MESSAGE][NOT_RUN] - NOT_RUN: executeJavaScript("var previewBar = document.getElementById("preview-bar-iframe"); previewBar.style.display = "none";", [])

2019-06-25 14:01:50 - [TEST_STEP][PASSED] - click(findTestObject("APOLLO- Desktop/Shipping page/Radio button check")): Object: 'Object Repository/APOLLO- Desktop/Shipping page/Radio button check' is clicked on

2019-06-25 14:01:52 - [MESSAGE][PASSED] - Object: 'Object Repository/APOLLO- Desktop/Shipping page/Radio button check' is clicked on

2019-06-25 14:01:52 - [TEST_STEP][NOT_RUN] - executeJavaScript("var previewBar = document.getElementById("preview-bar-iframe"); previewBar.style.display = "none";", []): NOT_RUN: executeJavaScript("var previewBar = document.getElementById("preview-bar-iframe"); previewBar.style.display = "none";", [])

2019-06-25 14:01:52 - [MESSAGE][NOT_RUN] - NOT_RUN: executeJavaScript("var previewBar = document.getElementById("preview-bar-iframe"); previewBar.style.display = "none";", [])

2019-06-25 14:01:52 - [TEST_STEP][PASSED] - click(findTestObject("APOLLO- Desktop/Shipping page/Continue to payment")): Object: 'Object Repository/APOLLO- Desktop/Shipping page/Continue to payment' is clicked on

2019-06-25 14:01:54 - [MESSAGE][PASSED] - Object: 'Object Repository/APOLLO- Desktop/Shipping page/Continue to payment' is clicked on

2019-06-25 14:01:54 - [TEST_STEP][NOT_RUN] - executeJavaScript("var previewBar = document.getElementById("preview-bar-iframe"); previewBar.style.display = "none";", []): NOT_RUN: executeJavaScript("var previewBar = document.getElementById("preview-bar-iframe"); previewBar.style.display = "none";", [])

2019-06-25 14:01:54 - [MESSAGE][NOT_RUN] - NOT_RUN: executeJavaScript("var previewBar = document.getElementById("preview-bar-iframe"); previewBar.style.display = "none";", [])

2019-06-25 14:01:54 - [TEST_STEP][FAILED] - click(findTestObject("APOLLO- Desktop/payment page/Payment section")): click(findTestObject("APOLLO- Desktop/payment page/Payment section")) FAILED.
Reason:
com.kms.katalon.core.exception.StepFailedException: Object 'Object Repository/APOLLO- Desktop/Product page/Add to bag' is NOT clickable
	at com.kms.katalon.core.keyword.internal.KeywordMain.stepFailed(KeywordMain.groovy:32)
	at com.kms.katalon.core.webui.keyword.internal.WebUIKeywordMain.stepFailed(WebUIKeywordMain.groovy:65)
	at com.kms.katalon.core.webui.keyword.builtin.VerifyElementClickableKeyword$_verifyElementClickable_closure1.doCall(VerifyElementClickableKeyword.groovy:83)
	at com.kms.katalon.core.webui.keyword.builtin.VerifyElementClickableKeyword$_verifyElementClickable_closure1.call(VerifyElementClickableKeyword.groovy)
	at com.kms.katalon.core.webui.keyword.internal.WebUIKeywordMain.runKeyword(WebUIKeywordMain.groovy:21)
	at com.kms.katalon.core.webui.keyword.builtin.VerifyElementClickableKeyword.verifyElementClickable(VerifyElementClickableKeyword.groovy:96)
	at com.kms.katalon.core.webui.keyword.builtin.VerifyElementClickableKeyword.execute(VerifyElementClickableKeyword.groovy:67)
	at com.kms.katalon.core.keyword.internal.KeywordExecutor.executeKeywordForPlatform(KeywordExecutor.groovy:53)
	at com.kms.katalon.core.webui.keyword.WebUiBuiltInKeywords.verifyElementClickable(WebUiBuiltInKeywords.groovy:548)
	at com.kms.katalon.core.webui.keyword.WebUiBuiltInKeywords$verifyElementClickable$15.call(Unknown Source)
	at Adding product - Search flyout.run(Adding product - Search flyout:36)
	at com.kms.katalon.core.main.ScriptEngine.run(ScriptEngine.java:194)
	at com.kms.katalon.core.main.ScriptEngine.runScriptAsRawText(ScriptEngine.java:119)
	at com.kms.katalon.core.main.TestCaseExecutor.runScript(TestCaseExecutor.java:328)
	at com.kms.katalon.core.main.TestCaseExecutor.doExecute(TestCaseExecutor.java:319)
	at com.kms.katalon.core.main.TestCaseExecutor.processExecutionPhase(TestCaseExecutor.java:298)
	at com.kms.katalon.core.main.TestCaseExecutor.accessMainPhase(TestCaseExecutor.java:290)
	at com.kms.katalon.core.main.TestCaseExecutor.execute(TestCaseExecutor.java:224)
	at com.kms.katalon.core.main.TestSuiteExecutor.accessTestCaseMainPhase(TestSuiteExecutor.java:129)
	at com.kms.katalon.core.main.TestSuiteExecutor.accessTestSuiteMainPhase(TestSuiteExecutor.java:112)
	at com.kms.katalon.core.main.TestSuiteExecutor.execute(TestSuiteExecutor.java:81)
	at com.kms.katalon.core.main.TestCaseMain.startTestSuite(TestCaseMain.java:149)
	at com.kms.katalon.core.main.TestCaseMain$startTestSuite$0.call(Unknown Source)
	at TempTestSuite1561483953417.run(TempTestSuite1561483953417.groovy:36)


2019-06-25 14:01:54 - [MESSAGE][NOT_RUN] - NOT_RUN: click(findTestObject("APOLLO- Desktop/payment page/Payment section"))

2019-06-25 14:01:54 - [MESSAGE][FAILED] - click(findTestObject("APOLLO- Desktop/payment page/Payment section")) FAILED.
Reason:
com.kms.katalon.core.exception.StepFailedException: Object 'Object Repository/APOLLO- Desktop/Product page/Add to bag' is NOT clickable
	at com.kms.katalon.core.keyword.internal.KeywordMain.stepFailed(KeywordMain.groovy:32)
	at com.kms.katalon.core.webui.keyword.internal.WebUIKeywordMain.stepFailed(WebUIKeywordMain.groovy:65)
	at com.kms.katalon.core.webui.keyword.builtin.VerifyElementClickableKeyword$_verifyElementClickable_closure1.doCall(VerifyElementClickableKeyword.groovy:83)
	at com.kms.katalon.core.webui.keyword.builtin.VerifyElementClickableKeyword$_verifyElementClickable_closure1.call(VerifyElementClickableKeyword.groovy)
	at com.kms.katalon.core.webui.keyword.internal.WebUIKeywordMain.runKeyword(WebUIKeywordMain.groovy:21)
	at com.kms.katalon.core.webui.keyword.builtin.VerifyElementClickableKeyword.verifyElementClickable(VerifyElementClickableKeyword.groovy:96)
	at com.kms.katalon.core.webui.keyword.builtin.VerifyElementClickableKeyword.execute(VerifyElementClickableKeyword.groovy:67)
	at com.kms.katalon.core.keyword.internal.KeywordExecutor.executeKeywordForPlatform(KeywordExecutor.groovy:53)
	at com.kms.katalon.core.webui.keyword.WebUiBuiltInKeywords.verifyElementClickable(WebUiBuiltInKeywords.groovy:548)
	at com.kms.katalon.core.webui.keyword.WebUiBuiltInKeywords$verifyElementClickable$15.call(Unknown Source)
	at Adding product - Search flyout.run(Adding product - Search flyout:36)
	at com.kms.katalon.core.main.ScriptEngine.run(ScriptEngine.java:194)
	at com.kms.katalon.core.main.ScriptEngine.runScriptAsRawText(ScriptEngine.java:119)
	at com.kms.katalon.core.main.TestCaseExecutor.runScript(TestCaseExecutor.java:328)
	at com.kms.katalon.core.main.TestCaseExecutor.doExecute(TestCaseExecutor.java:319)
	at com.kms.katalon.core.main.TestCaseExecutor.processExecutionPhase(TestCaseExecutor.java:298)
	at com.kms.katalon.core.main.TestCaseExecutor.accessMainPhase(TestCaseExecutor.java:290)
	at com.kms.katalon.core.main.TestCaseExecutor.execute(TestCaseExecutor.java:224)
	at com.kms.katalon.core.main.TestSuiteExecutor.accessTestCaseMainPhase(TestSuiteExecutor.java:129)
	at com.kms.katalon.core.main.TestSuiteExecutor.accessTestSuiteMainPhase(TestSuiteExecutor.java:112)
	at com.kms.katalon.core.main.TestSuiteExecutor.execute(TestSuiteExecutor.java:81)
	at com.kms.katalon.core.main.TestCaseMain.startTestSuite(TestCaseMain.java:149)
	at com.kms.katalon.core.main.TestCaseMain$startTestSuite$0.call(Unknown Source)
	at TempTestSuite1561483953417.run(TempTestSuite1561483953417.groovy:36)]]></system-out>
         <system-err><![CDATA[2019-06-25 14:01:11 - [TEST_CASE][FAILED] - Test Cases/CRITICAL PATH/Adding product - Search flyout: Test Cases/CRITICAL PATH/Adding product - Search flyout FAILED.
Reason:
com.kms.katalon.core.exception.StepFailedException: Object 'Object Repository/APOLLO- Desktop/Product page/Add to bag' is NOT clickable
	at com.kms.katalon.core.keyword.internal.KeywordMain.stepFailed(KeywordMain.groovy:32)
	at com.kms.katalon.core.webui.keyword.internal.WebUIKeywordMain.stepFailed(WebUIKeywordMain.groovy:65)
	at com.kms.katalon.core.webui.keyword.builtin.VerifyElementClickableKeyword$_verifyElementClickable_closure1.doCall(VerifyElementClickableKeyword.groovy:83)
	at com.kms.katalon.core.webui.keyword.builtin.VerifyElementClickableKeyword$_verifyElementClickable_closure1.call(VerifyElementClickableKeyword.groovy)
	at com.kms.katalon.core.webui.keyword.internal.WebUIKeywordMain.runKeyword(WebUIKeywordMain.groovy:21)
	at com.kms.katalon.core.webui.keyword.builtin.VerifyElementClickableKeyword.verifyElementClickable(VerifyElementClickableKeyword.groovy:96)
	at com.kms.katalon.core.webui.keyword.builtin.VerifyElementClickableKeyword.execute(VerifyElementClickableKeyword.groovy:67)
	at com.kms.katalon.core.keyword.internal.KeywordExecutor.executeKeywordForPlatform(KeywordExecutor.groovy:53)
	at com.kms.katalon.core.webui.keyword.WebUiBuiltInKeywords.verifyElementClickable(WebUiBuiltInKeywords.groovy:548)
	at com.kms.katalon.core.webui.keyword.WebUiBuiltInKeywords$verifyElementClickable$15.call(Unknown Source)
	at Adding product - Search flyout.run(Adding product - Search flyout:36)
	at com.kms.katalon.core.main.ScriptEngine.run(ScriptEngine.java:194)
	at com.kms.katalon.core.main.ScriptEngine.runScriptAsRawText(ScriptEngine.java:119)
	at com.kms.katalon.core.main.TestCaseExecutor.runScript(TestCaseExecutor.java:328)
	at com.kms.katalon.core.main.TestCaseExecutor.doExecute(TestCaseExecutor.java:319)
	at com.kms.katalon.core.main.TestCaseExecutor.processExecutionPhase(TestCaseExecutor.java:298)
	at com.kms.katalon.core.main.TestCaseExecutor.accessMainPhase(TestCaseExecutor.java:290)
	at com.kms.katalon.core.main.TestCaseExecutor.execute(TestCaseExecutor.java:224)
	at com.kms.katalon.core.main.TestSuiteExecutor.accessTestCaseMainPhase(TestSuiteExecutor.java:129)
	at com.kms.katalon.core.main.TestSuiteExecutor.accessTestSuiteMainPhase(TestSuiteExecutor.java:112)
	at com.kms.katalon.core.main.TestSuiteExecutor.execute(TestSuiteExecutor.java:81)
	at com.kms.katalon.core.main.TestCaseMain.startTestSuite(TestCaseMain.java:149)
	at com.kms.katalon.core.main.TestCaseMain$startTestSuite$0.call(Unknown Source)
	at TempTestSuite1561483953417.run(TempTestSuite1561483953417.groovy:36)]]></system-err>
      </testcase>
      <testcase name="Test Cases/CRITICAL PATH/Adding product - home page" classname="Test Cases/CRITICAL PATH/Adding product - home page" status="PASSED">
         <system-out><![CDATA[2019-06-25 14:01:54 - [TEST_CASE][PASSED] - Test Cases/CRITICAL PATH/Adding product - home page: Test Cases/CRITICAL PATH/Adding product - home page

2019-06-25 14:01:54 - [TEST_STEP][PASSED] - callTestCase(findTestCase("CALL - URL"), [:], STOP_ON_FAILURE): Call Test Case 'Test Cases/CALL - URL' successfully

2019-06-25 14:01:54 - [TEST_CASE][PASSED] - Test Cases/CALL - URL: Test Cases/CALL - URL

2019-06-25 14:01:54 - [TEST_STEP][PASSED] - openBrowser(""): Browser is opened with url: ''

2019-06-25 14:01:54 - [MESSAGE][WARNING] - A browser is already opened. Closing browser and opening a new one

2019-06-25 14:01:55 - [MESSAGE][INFO] - Starting 'Firefox' driver

2019-06-25 14:01:57 - [MESSAGE][PASSED] - Browser is opened with url: ''

2019-06-25 14:01:57 - [TEST_STEP][PASSED] - navigateToUrl("https://diff-apollo.myshopify.com/?key=eec34184cfd8f82cda816f82753a8c8e9e240f30cf54470e19667b8cbb401948&preview_theme_id="): Navigate to 'https://diff-apollo.myshopify.com/?key=eec34184cfd8f82cda816f82753a8c8e9e240f30cf54470e19667b8cbb401948&preview_theme_id=' successfully

2019-06-25 14:02:01 - [MESSAGE][PASSED] - Navigate to 'https://diff-apollo.myshopify.com/?key=eec34184cfd8f82cda816f82753a8c8e9e240f30cf54470e19667b8cbb401948&preview_theme_id=' successfully

2019-06-25 14:02:01 - [TEST_STEP][NOT_RUN] - executeJavaScript("var previewBar = document.getElementById("preview-bar-iframe"); previewBar.style.display = "none";", []): NOT_RUN: executeJavaScript("var previewBar = document.getElementById("preview-bar-iframe"); previewBar.style.display = "none";", [])

2019-06-25 14:02:01 - [MESSAGE][NOT_RUN] - NOT_RUN: executeJavaScript("var previewBar = document.getElementById("preview-bar-iframe"); previewBar.style.display = "none";", [])

2019-06-25 14:02:01 - [MESSAGE][PASSED] - Call Test Case 'Test Cases/CALL - URL' successfully

2019-06-25 14:02:01 - [TEST_STEP][PASSED] - scrollToElement(findTestObject("APOLLO- Desktop/Home page/OUTER WEAR - TILES - Copy"), 0): Scroll to object 'Object Repository/APOLLO- Desktop/Home page/OUTER WEAR - TILES - Copy' successfully

2019-06-25 14:02:01 - [MESSAGE][WARNING] - Timeout '0' is invalid. Using default page load timeout: '30'

2019-06-25 14:02:02 - [MESSAGE][PASSED] - Scroll to object 'Object Repository/APOLLO- Desktop/Home page/OUTER WEAR - TILES - Copy' successfully

2019-06-25 14:02:02 - [TEST_STEP][PASSED] - delay(1): Delayed 1 second(s)

2019-06-25 14:02:03 - [MESSAGE][PASSED] - Delayed 1 second(s)

2019-06-25 14:02:03 - [TEST_STEP][PASSED] - mouseOver(findTestObject("APOLLO- Desktop/Home page/OUTER WEAR - TILES")): Object: 'Object Repository/APOLLO- Desktop/Home page/OUTER WEAR - TILES' is hovered

2019-06-25 14:02:03 - [MESSAGE][PASSED] - Object: 'Object Repository/APOLLO- Desktop/Home page/OUTER WEAR - TILES' is hovered

2019-06-25 14:02:03 - [TEST_STEP][PASSED] - delay(1): Delayed 1 second(s)

2019-06-25 14:02:04 - [MESSAGE][PASSED] - Delayed 1 second(s)

2019-06-25 14:02:04 - [TEST_STEP][PASSED] - click(findTestObject("APOLLO- Desktop/Home page/Shop mens outer wear -button")): Object: 'Object Repository/APOLLO- Desktop/Home page/Shop mens outer wear -button' is clicked on

2019-06-25 14:02:06 - [MESSAGE][PASSED] - Object: 'Object Repository/APOLLO- Desktop/Home page/Shop mens outer wear -button' is clicked on

2019-06-25 14:02:06 - [TEST_STEP][PASSED] - delay(1): Delayed 1 second(s)

2019-06-25 14:02:07 - [MESSAGE][PASSED] - Delayed 1 second(s)

2019-06-25 14:02:07 - [TEST_STEP][PASSED] - click(findTestObject("APOLLO- Desktop/Collection page/Lenin jacket")): Object: 'Object Repository/APOLLO- Desktop/Collection page/Lenin jacket' is clicked on

2019-06-25 14:02:10 - [MESSAGE][PASSED] - Object: 'Object Repository/APOLLO- Desktop/Collection page/Lenin jacket' is clicked on

2019-06-25 14:02:10 - [TEST_STEP][PASSED] - delay(2): Delayed 2 second(s)

2019-06-25 14:02:12 - [MESSAGE][PASSED] - Delayed 2 second(s)

2019-06-25 14:02:12 - [TEST_STEP][PASSED] - selectOptionByValue(findTestObject("APOLLO- Desktop/Product page/Color dropdown"), "Blue", true): All options with value 'Blue' are selected in object 'Object Repository/APOLLO- Desktop/Product page/Color dropdown'  using regular expression

2019-06-25 14:02:12 - [MESSAGE][PASSED] - All options with value 'Blue' are selected in object 'Object Repository/APOLLO- Desktop/Product page/Color dropdown'  using regular expression

2019-06-25 14:02:12 - [TEST_STEP][PASSED] - delay(1): Delayed 1 second(s)

2019-06-25 14:02:13 - [MESSAGE][PASSED] - Delayed 1 second(s)

2019-06-25 14:02:13 - [TEST_STEP][PASSED] - selectOptionByValue(findTestObject("APOLLO- Desktop/Product page/Size dropdown"), "MD", true): All options with value 'MD' are selected in object 'Object Repository/APOLLO- Desktop/Product page/Size dropdown'  using regular expression

2019-06-25 14:02:13 - [MESSAGE][PASSED] - All options with value 'MD' are selected in object 'Object Repository/APOLLO- Desktop/Product page/Size dropdown'  using regular expression

2019-06-25 14:02:13 - [TEST_STEP][PASSED] - delay(1): Delayed 1 second(s)

2019-06-25 14:02:14 - [MESSAGE][PASSED] - Delayed 1 second(s)

2019-06-25 14:02:14 - [TEST_STEP][PASSED] - click(findTestObject("APOLLO- Desktop/Product page/Increase qunatity - prod page")): Object: 'Object Repository/APOLLO- Desktop/Product page/Increase qunatity - prod page' is clicked on

2019-06-25 14:02:15 - [MESSAGE][PASSED] - Object: 'Object Repository/APOLLO- Desktop/Product page/Increase qunatity - prod page' is clicked on

2019-06-25 14:02:15 - [TEST_STEP][PASSED] - delay(1): Delayed 1 second(s)

2019-06-25 14:02:16 - [MESSAGE][PASSED] - Delayed 1 second(s)

2019-06-25 14:02:16 - [TEST_STEP][PASSED] - click(findTestObject("APOLLO- Desktop/Product page/Increase qunatity - prod page")): Object: 'Object Repository/APOLLO- Desktop/Product page/Increase qunatity - prod page' is clicked on

2019-06-25 14:02:16 - [MESSAGE][PASSED] - Object: 'Object Repository/APOLLO- Desktop/Product page/Increase qunatity - prod page' is clicked on

2019-06-25 14:02:16 - [TEST_STEP][PASSED] - delay(1): Delayed 1 second(s)

2019-06-25 14:02:17 - [MESSAGE][PASSED] - Delayed 1 second(s)

2019-06-25 14:02:17 - [TEST_STEP][PASSED] - click(findTestObject("APOLLO- Desktop/Product page/Add to bag")): Object: 'Object Repository/APOLLO- Desktop/Product page/Add to bag' is clicked on

2019-06-25 14:02:17 - [MESSAGE][PASSED] - Object: 'Object Repository/APOLLO- Desktop/Product page/Add to bag' is clicked on

2019-06-25 14:02:17 - [TEST_STEP][PASSED] - delay(2): Delayed 2 second(s)

2019-06-25 14:02:19 - [MESSAGE][PASSED] - Delayed 2 second(s)

2019-06-25 14:02:19 - [TEST_STEP][NOT_RUN] - executeJavaScript("var previewBar = document.getElementById("preview-bar-iframe"); previewBar.style.display = "none";", []): NOT_RUN: executeJavaScript("var previewBar = document.getElementById("preview-bar-iframe"); previewBar.style.display = "none";", [])

2019-06-25 14:02:19 - [MESSAGE][NOT_RUN] - NOT_RUN: executeJavaScript("var previewBar = document.getElementById("preview-bar-iframe"); previewBar.style.display = "none";", [])

2019-06-25 14:02:19 - [TEST_STEP][PASSED] - click(findTestObject("APOLLO- Desktop/Cart flyout/Checkout")): Object: 'Object Repository/APOLLO- Desktop/Cart flyout/Checkout' is clicked on

2019-06-25 14:02:22 - [MESSAGE][PASSED] - Object: 'Object Repository/APOLLO- Desktop/Cart flyout/Checkout' is clicked on

2019-06-25 14:02:22 - [TEST_STEP][PASSED] - delay(1): Delayed 1 second(s)

2019-06-25 14:02:23 - [MESSAGE][PASSED] - Delayed 1 second(s)

2019-06-25 14:02:23 - [TEST_STEP][PASSED] - callTestCase(findTestCase("CALL- CUSTOMER INFO PAGE"), [:], STOP_ON_FAILURE): Call Test Case 'Test Cases/CALL- CUSTOMER INFO PAGE' successfully

2019-06-25 14:02:23 - [TEST_CASE][PASSED] - Test Cases/CALL- CUSTOMER INFO PAGE: Test Cases/CALL- CUSTOMER INFO PAGE

2019-06-25 14:02:23 - [TEST_STEP][PASSED] - delay(2): Delayed 2 second(s)

2019-06-25 14:02:25 - [MESSAGE][PASSED] - Delayed 2 second(s)

2019-06-25 14:02:25 - [TEST_STEP][NOT_RUN] - executeJavaScript("var previewBar = document.getElementById("preview-bar-iframe"); previewBar.style.display = "none";", []): NOT_RUN: executeJavaScript("var previewBar = document.getElementById("preview-bar-iframe"); previewBar.style.display = "none";", [])

2019-06-25 14:02:25 - [MESSAGE][NOT_RUN] - NOT_RUN: executeJavaScript("var previewBar = document.getElementById("preview-bar-iframe"); previewBar.style.display = "none";", [])

2019-06-25 14:02:25 - [TEST_STEP][PASSED] - setText(findTestObject("APOLLO- Desktop/Customer Information page/Email"), "suman@gmail.com"): Text 'suman@gmail.com' is set on object 'Object Repository/APOLLO- Desktop/Customer Information page/Email'

2019-06-25 14:02:25 - [MESSAGE][PASSED] - Text 'suman@gmail.com' is set on object 'Object Repository/APOLLO- Desktop/Customer Information page/Email'

2019-06-25 14:02:25 - [TEST_STEP][PASSED] - delay(2): Delayed 2 second(s)

2019-06-25 14:02:27 - [MESSAGE][PASSED] - Delayed 2 second(s)

2019-06-25 14:02:27 - [TEST_STEP][PASSED] - setText(findTestObject("APOLLO- Desktop/Customer Information page/First name"), "suman"): Text 'suman' is set on object 'Object Repository/APOLLO- Desktop/Customer Information page/First name'

2019-06-25 14:02:27 - [MESSAGE][PASSED] - Text 'suman' is set on object 'Object Repository/APOLLO- Desktop/Customer Information page/First name'

2019-06-25 14:02:27 - [TEST_STEP][PASSED] - delay(2): Delayed 2 second(s)

2019-06-25 14:02:29 - [MESSAGE][PASSED] - Delayed 2 second(s)

2019-06-25 14:02:29 - [TEST_STEP][PASSED] - setText(findTestObject("APOLLO- Desktop/Customer Information page/Last name"), "kompelly"): Text 'kompelly' is set on object 'Object Repository/APOLLO- Desktop/Customer Information page/Last name'

2019-06-25 14:02:29 - [MESSAGE][PASSED] - Text 'kompelly' is set on object 'Object Repository/APOLLO- Desktop/Customer Information page/Last name'

2019-06-25 14:02:29 - [TEST_STEP][PASSED] - delay(2): Delayed 2 second(s)

2019-06-25 14:02:31 - [MESSAGE][PASSED] - Delayed 2 second(s)

2019-06-25 14:02:31 - [TEST_STEP][PASSED] - setText(findTestObject("APOLLO- Desktop/Customer Information page/Address"), "1435 st alxendre"): Text '1435 st alxendre' is set on object 'Object Repository/APOLLO- Desktop/Customer Information page/Address'

2019-06-25 14:02:31 - [MESSAGE][PASSED] - Text '1435 st alxendre' is set on object 'Object Repository/APOLLO- Desktop/Customer Information page/Address'

2019-06-25 14:02:31 - [TEST_STEP][PASSED] - setText(findTestObject("APOLLO- Desktop/Customer Information page/Apartment"), "220"): Text '220' is set on object 'Object Repository/APOLLO- Desktop/Customer Information page/Apartment'

2019-06-25 14:02:31 - [MESSAGE][PASSED] - Text '220' is set on object 'Object Repository/APOLLO- Desktop/Customer Information page/Apartment'

2019-06-25 14:02:31 - [TEST_STEP][PASSED] - setText(findTestObject("APOLLO- Desktop/Customer Information page/City"), "montreal"): Text 'montreal' is set on object 'Object Repository/APOLLO- Desktop/Customer Information page/City'

2019-06-25 14:02:31 - [MESSAGE][PASSED] - Text 'montreal' is set on object 'Object Repository/APOLLO- Desktop/Customer Information page/City'

2019-06-25 14:02:31 - [TEST_STEP][PASSED] - selectOptionByValue(findTestObject("APOLLO- Desktop/Customer Information page/Country dropdown"), "United States", true): All options with value 'United States' are selected in object 'Object Repository/APOLLO- Desktop/Customer Information page/Country dropdown'  using regular expression

2019-06-25 14:02:35 - [MESSAGE][PASSED] - All options with value 'United States' are selected in object 'Object Repository/APOLLO- Desktop/Customer Information page/Country dropdown'  using regular expression

2019-06-25 14:02:35 - [TEST_STEP][PASSED] - selectOptionByValue(findTestObject("APOLLO- Desktop/Customer Information page/states dropdown"), "NJ", true): All options with value 'NJ' are selected in object 'Object Repository/APOLLO- Desktop/Customer Information page/states dropdown'  using regular expression

2019-06-25 14:02:37 - [MESSAGE][PASSED] - All options with value 'NJ' are selected in object 'Object Repository/APOLLO- Desktop/Customer Information page/states dropdown'  using regular expression

2019-06-25 14:02:37 - [TEST_STEP][PASSED] - setText(findTestObject("APOLLO- Desktop/Customer Information page/ZIP code"), "07057"): Text '07057' is set on object 'Object Repository/APOLLO- Desktop/Customer Information page/ZIP code'

2019-06-25 14:02:37 - [MESSAGE][PASSED] - Text '07057' is set on object 'Object Repository/APOLLO- Desktop/Customer Information page/ZIP code'

2019-06-25 14:02:37 - [MESSAGE][PASSED] - Call Test Case 'Test Cases/CALL- CUSTOMER INFO PAGE' successfully

2019-06-25 14:02:37 - [TEST_STEP][PASSED] - click(findTestObject("APOLLO- Desktop/Customer Information page/Continue to shipping")): Object: 'Object Repository/APOLLO- Desktop/Customer Information page/Continue to shipping' is clicked on

2019-06-25 14:02:38 - [MESSAGE][PASSED] - Object: 'Object Repository/APOLLO- Desktop/Customer Information page/Continue to shipping' is clicked on

2019-06-25 14:02:38 - [TEST_STEP][PASSED] - click(findTestObject("APOLLO- Desktop/Shipping page/Radio button check")): Object: 'Object Repository/APOLLO- Desktop/Shipping page/Radio button check' is clicked on

2019-06-25 14:02:40 - [MESSAGE][PASSED] - Object: 'Object Repository/APOLLO- Desktop/Shipping page/Radio button check' is clicked on

2019-06-25 14:02:40 - [TEST_STEP][PASSED] - click(findTestObject("APOLLO- Desktop/Shipping page/Continue to payment")): Object: 'Object Repository/APOLLO- Desktop/Shipping page/Continue to payment' is clicked on

2019-06-25 14:02:42 - [MESSAGE][PASSED] - Object: 'Object Repository/APOLLO- Desktop/Shipping page/Continue to payment' is clicked on

2019-06-25 14:02:42 - [TEST_STEP][PASSED] - click(findTestObject("APOLLO- Desktop/payment page/Payment section")): Object: 'Object Repository/APOLLO- Desktop/payment page/Payment section' is clicked on

2019-06-25 14:02:42 - [MESSAGE][PASSED] - Object: 'Object Repository/APOLLO- Desktop/payment page/Payment section' is clicked on]]></system-out>
         <system-err><![CDATA[]]></system-err>
      </testcase>
      <testcase name="Test Cases/CRITICAL PATH/Login and logout" classname="Test Cases/CRITICAL PATH/Login and logout" status="PASSED">
         <system-out><![CDATA[2019-06-25 14:02:42 - [TEST_CASE][PASSED] - Test Cases/CRITICAL PATH/Login and logout: Test Cases/CRITICAL PATH/Login and logout

2019-06-25 14:02:43 - [TEST_STEP][PASSED] - callTestCase(findTestCase("CALL - URL"), [:], STOP_ON_FAILURE): Call Test Case 'Test Cases/CALL - URL' successfully

2019-06-25 14:02:43 - [TEST_CASE][PASSED] - Test Cases/CALL - URL: Test Cases/CALL - URL

2019-06-25 14:02:43 - [TEST_STEP][PASSED] - openBrowser(""): Browser is opened with url: ''

2019-06-25 14:02:43 - [MESSAGE][WARNING] - A browser is already opened. Closing browser and opening a new one

2019-06-25 14:02:43 - [MESSAGE][INFO] - Starting 'Firefox' driver

2019-06-25 14:02:46 - [MESSAGE][PASSED] - Browser is opened with url: ''

2019-06-25 14:02:46 - [TEST_STEP][PASSED] - navigateToUrl("https://diff-apollo.myshopify.com/?key=eec34184cfd8f82cda816f82753a8c8e9e240f30cf54470e19667b8cbb401948&preview_theme_id="): Navigate to 'https://diff-apollo.myshopify.com/?key=eec34184cfd8f82cda816f82753a8c8e9e240f30cf54470e19667b8cbb401948&preview_theme_id=' successfully

2019-06-25 14:02:52 - [MESSAGE][PASSED] - Navigate to 'https://diff-apollo.myshopify.com/?key=eec34184cfd8f82cda816f82753a8c8e9e240f30cf54470e19667b8cbb401948&preview_theme_id=' successfully

2019-06-25 14:02:52 - [TEST_STEP][NOT_RUN] - executeJavaScript("var previewBar = document.getElementById("preview-bar-iframe"); previewBar.style.display = "none";", []): NOT_RUN: executeJavaScript("var previewBar = document.getElementById("preview-bar-iframe"); previewBar.style.display = "none";", [])

2019-06-25 14:02:52 - [MESSAGE][NOT_RUN] - NOT_RUN: executeJavaScript("var previewBar = document.getElementById("preview-bar-iframe"); previewBar.style.display = "none";", [])

2019-06-25 14:02:52 - [MESSAGE][PASSED] - Call Test Case 'Test Cases/CALL - URL' successfully

2019-06-25 14:02:52 - [TEST_STEP][PASSED] - delay(1): Delayed 1 second(s)

2019-06-25 14:02:53 - [MESSAGE][PASSED] - Delayed 1 second(s)

2019-06-25 14:02:53 - [TEST_STEP][PASSED] - click(findTestObject("APOLLO- Desktop/Home page/Account icon")): Object: 'Object Repository/APOLLO- Desktop/Home page/Account icon' is clicked on

2019-06-25 14:02:54 - [MESSAGE][PASSED] - Object: 'Object Repository/APOLLO- Desktop/Home page/Account icon' is clicked on

2019-06-25 14:02:54 - [TEST_STEP][PASSED] - delay(1): Delayed 1 second(s)

2019-06-25 14:02:55 - [MESSAGE][PASSED] - Delayed 1 second(s)

2019-06-25 14:02:55 - [TEST_STEP][PASSED] - setText(findTestObject("APOLLO- Desktop/Home page/Email address"), "suman.kompelly@diffagency.com"): Text 'suman.kompelly@diffagency.com' is set on object 'Object Repository/APOLLO- Desktop/Home page/Email address'

2019-06-25 14:02:55 - [MESSAGE][PASSED] - Text 'suman.kompelly@diffagency.com' is set on object 'Object Repository/APOLLO- Desktop/Home page/Email address'

2019-06-25 14:02:55 - [TEST_STEP][PASSED] - delay(1): Delayed 1 second(s)

2019-06-25 14:02:56 - [MESSAGE][PASSED] - Delayed 1 second(s)

2019-06-25 14:02:56 - [TEST_STEP][PASSED] - setEncryptedText(findTestObject("APOLLO- Desktop/Home page/Password"), "YVtWHtdGuqHfOZKsa+65Fg=="): Text ****** has been set on object 'Object Repository/APOLLO- Desktop/Home page/Password'

2019-06-25 14:02:56 - [MESSAGE][PASSED] - Text ****** has been set on object 'Object Repository/APOLLO- Desktop/Home page/Password'

2019-06-25 14:02:56 - [TEST_STEP][PASSED] - delay(1): Delayed 1 second(s)

2019-06-25 14:02:57 - [MESSAGE][PASSED] - Delayed 1 second(s)

2019-06-25 14:02:57 - [TEST_STEP][PASSED] - click(findTestObject("APOLLO- Desktop/Home page/Sign in button")): Object: 'Object Repository/APOLLO- Desktop/Home page/Sign in button' is clicked on

2019-06-25 14:02:58 - [MESSAGE][PASSED] - Object: 'Object Repository/APOLLO- Desktop/Home page/Sign in button' is clicked on

2019-06-25 14:02:58 - [TEST_STEP][PASSED] - delay(1): Delayed 1 second(s)

2019-06-25 14:02:59 - [MESSAGE][PASSED] - Delayed 1 second(s)

2019-06-25 14:02:59 - [TEST_STEP][PASSED] - click(findTestObject("APOLLO- Desktop/Home page/address page")): Object: 'Object Repository/APOLLO- Desktop/Home page/address page' is clicked on

2019-06-25 14:03:01 - [MESSAGE][PASSED] - Object: 'Object Repository/APOLLO- Desktop/Home page/address page' is clicked on

2019-06-25 14:03:01 - [TEST_STEP][PASSED] - delay(1): Delayed 1 second(s)

2019-06-25 14:03:02 - [MESSAGE][PASSED] - Delayed 1 second(s)

2019-06-25 14:03:02 - [TEST_STEP][PASSED] - click(findTestObject("APOLLO- Desktop/Home page/orders page")): Object: 'Object Repository/APOLLO- Desktop/Home page/orders page' is clicked on

2019-06-25 14:03:03 - [MESSAGE][PASSED] - Object: 'Object Repository/APOLLO- Desktop/Home page/orders page' is clicked on

2019-06-25 14:03:03 - [TEST_STEP][PASSED] - delay(1): Delayed 1 second(s)

2019-06-25 14:03:04 - [MESSAGE][PASSED] - Delayed 1 second(s)

2019-06-25 14:03:04 - [TEST_STEP][PASSED] - click(findTestObject("APOLLO- Desktop/Home page/Details page")): Object: 'Object Repository/APOLLO- Desktop/Home page/Details page' is clicked on

2019-06-25 14:03:05 - [MESSAGE][PASSED] - Object: 'Object Repository/APOLLO- Desktop/Home page/Details page' is clicked on

2019-06-25 14:03:05 - [TEST_STEP][PASSED] - delay(1): Delayed 1 second(s)

2019-06-25 14:03:06 - [MESSAGE][PASSED] - Delayed 1 second(s)

2019-06-25 14:03:06 - [TEST_STEP][PASSED] - click(findTestObject("APOLLO- Desktop/Home page/Logout")): Object: 'Object Repository/APOLLO- Desktop/Home page/Logout' is clicked on

2019-06-25 14:03:09 - [MESSAGE][PASSED] - Object: 'Object Repository/APOLLO- Desktop/Home page/Logout' is clicked on]]></system-out>
         <system-err><![CDATA[]]></system-err>
      </testcase>
      <testcase name="Test Cases/CRITICAL PATH/Decrease quantity - Cart flyout" classname="Test Cases/CRITICAL PATH/Decrease quantity - Cart flyout" status="PASSED">
         <system-out><![CDATA[2019-06-25 14:03:09 - [TEST_CASE][PASSED] - Test Cases/CRITICAL PATH/Decrease quantity - Cart flyout: Test Cases/CRITICAL PATH/Decrease quantity - Cart flyout

2019-06-25 14:03:09 - [TEST_STEP][PASSED] - callTestCase(findTestCase("CALL - URL"), [:], STOP_ON_FAILURE): Call Test Case 'Test Cases/CALL - URL' successfully

2019-06-25 14:03:09 - [TEST_CASE][PASSED] - Test Cases/CALL - URL: Test Cases/CALL - URL

2019-06-25 14:03:09 - [TEST_STEP][PASSED] - openBrowser(""): Browser is opened with url: ''

2019-06-25 14:03:09 - [MESSAGE][WARNING] - A browser is already opened. Closing browser and opening a new one

2019-06-25 14:03:10 - [MESSAGE][INFO] - Starting 'Firefox' driver

2019-06-25 14:03:12 - [MESSAGE][PASSED] - Browser is opened with url: ''

2019-06-25 14:03:12 - [TEST_STEP][PASSED] - navigateToUrl("https://diff-apollo.myshopify.com/?key=eec34184cfd8f82cda816f82753a8c8e9e240f30cf54470e19667b8cbb401948&preview_theme_id="): Navigate to 'https://diff-apollo.myshopify.com/?key=eec34184cfd8f82cda816f82753a8c8e9e240f30cf54470e19667b8cbb401948&preview_theme_id=' successfully

2019-06-25 14:03:20 - [MESSAGE][PASSED] - Navigate to 'https://diff-apollo.myshopify.com/?key=eec34184cfd8f82cda816f82753a8c8e9e240f30cf54470e19667b8cbb401948&preview_theme_id=' successfully

2019-06-25 14:03:20 - [TEST_STEP][NOT_RUN] - executeJavaScript("var previewBar = document.getElementById("preview-bar-iframe"); previewBar.style.display = "none";", []): NOT_RUN: executeJavaScript("var previewBar = document.getElementById("preview-bar-iframe"); previewBar.style.display = "none";", [])

2019-06-25 14:03:20 - [MESSAGE][NOT_RUN] - NOT_RUN: executeJavaScript("var previewBar = document.getElementById("preview-bar-iframe"); previewBar.style.display = "none";", [])

2019-06-25 14:03:20 - [MESSAGE][PASSED] - Call Test Case 'Test Cases/CALL - URL' successfully

2019-06-25 14:03:20 - [TEST_STEP][PASSED] - delay(1): Delayed 1 second(s)

2019-06-25 14:03:21 - [MESSAGE][PASSED] - Delayed 1 second(s)

2019-06-25 14:03:21 - [TEST_STEP][PASSED] - click(findTestObject("APOLLO- Desktop/Burger Menu/Burgermenu")): Object: 'Object Repository/APOLLO- Desktop/Burger Menu/Burgermenu' is clicked on

2019-06-25 14:03:21 - [MESSAGE][PASSED] - Object: 'Object Repository/APOLLO- Desktop/Burger Menu/Burgermenu' is clicked on

2019-06-25 14:03:21 - [TEST_STEP][PASSED] - delay(2): Delayed 2 second(s)

2019-06-25 14:03:23 - [MESSAGE][PASSED] - Delayed 2 second(s)

2019-06-25 14:03:23 - [TEST_STEP][PASSED] - click(findTestObject("APOLLO- Desktop/Burger Menu/Mens chevron")): Object: 'Object Repository/APOLLO- Desktop/Burger Menu/Mens chevron' is clicked on

2019-06-25 14:03:24 - [MESSAGE][PASSED] - Object: 'Object Repository/APOLLO- Desktop/Burger Menu/Mens chevron' is clicked on

2019-06-25 14:03:24 - [TEST_STEP][PASSED] - delay(2): Delayed 2 second(s)

2019-06-25 14:03:26 - [MESSAGE][PASSED] - Delayed 2 second(s)

2019-06-25 14:03:26 - [TEST_STEP][PASSED] - click(findTestObject("APOLLO- Desktop/Burger Menu/Mens - Top Chevron")): Object: 'Object Repository/APOLLO- Desktop/Burger Menu/Mens - Top Chevron' is clicked on

2019-06-25 14:03:26 - [MESSAGE][PASSED] - Object: 'Object Repository/APOLLO- Desktop/Burger Menu/Mens - Top Chevron' is clicked on

2019-06-25 14:03:26 - [TEST_STEP][PASSED] - delay(2): Delayed 2 second(s)

2019-06-25 14:03:28 - [MESSAGE][PASSED] - Delayed 2 second(s)

2019-06-25 14:03:28 - [TEST_STEP][PASSED] - click(findTestObject("APOLLO- Desktop/Burger Menu/Shirts link")): Object: 'Object Repository/APOLLO- Desktop/Burger Menu/Shirts link' is clicked on

2019-06-25 14:03:29 - [MESSAGE][PASSED] - Object: 'Object Repository/APOLLO- Desktop/Burger Menu/Shirts link' is clicked on

2019-06-25 14:03:29 - [TEST_STEP][NOT_RUN] - executeJavaScript("var previewBar = document.getElementById("preview-bar-iframe"); previewBar.style.display = "none";", []): NOT_RUN: executeJavaScript("var previewBar = document.getElementById("preview-bar-iframe"); previewBar.style.display = "none";", [])

2019-06-25 14:03:29 - [MESSAGE][NOT_RUN] - NOT_RUN: executeJavaScript("var previewBar = document.getElementById("preview-bar-iframe"); previewBar.style.display = "none";", [])

2019-06-25 14:03:29 - [TEST_STEP][PASSED] - delay(2): Delayed 2 second(s)

2019-06-25 14:03:31 - [MESSAGE][PASSED] - Delayed 2 second(s)

2019-06-25 14:03:31 - [TEST_STEP][PASSED] - click(findTestObject("APOLLO- Desktop/Collection page/Blue shirt product")): Object: 'Object Repository/APOLLO- Desktop/Collection page/Blue shirt product' is clicked on

2019-06-25 14:03:32 - [MESSAGE][PASSED] - Object: 'Object Repository/APOLLO- Desktop/Collection page/Blue shirt product' is clicked on

2019-06-25 14:03:32 - [TEST_STEP][PASSED] - delay(2): Delayed 2 second(s)

2019-06-25 14:03:34 - [MESSAGE][PASSED] - Delayed 2 second(s)

2019-06-25 14:03:34 - [TEST_STEP][PASSED] - selectOptionByValue(findTestObject("APOLLO- Desktop/Product page/Size dropdown"), "Medium", true): All options with value 'Medium' are selected in object 'Object Repository/APOLLO- Desktop/Product page/Size dropdown'  using regular expression

2019-06-25 14:03:34 - [MESSAGE][PASSED] - All options with value 'Medium' are selected in object 'Object Repository/APOLLO- Desktop/Product page/Size dropdown'  using regular expression

2019-06-25 14:03:34 - [TEST_STEP][PASSED] - delay(2): Delayed 2 second(s)

2019-06-25 14:03:36 - [MESSAGE][PASSED] - Delayed 2 second(s)

2019-06-25 14:03:36 - [TEST_STEP][PASSED] - click(findTestObject("APOLLO- Desktop/Product page/Increase qunatity - prod page")): Object: 'Object Repository/APOLLO- Desktop/Product page/Increase qunatity - prod page' is clicked on

2019-06-25 14:03:36 - [MESSAGE][PASSED] - Object: 'Object Repository/APOLLO- Desktop/Product page/Increase qunatity - prod page' is clicked on

2019-06-25 14:03:36 - [TEST_STEP][PASSED] - delay(2): Delayed 2 second(s)

2019-06-25 14:03:38 - [MESSAGE][PASSED] - Delayed 2 second(s)

2019-06-25 14:03:38 - [TEST_STEP][PASSED] - click(findTestObject("APOLLO- Desktop/Product page/Increase qunatity - prod page")): Object: 'Object Repository/APOLLO- Desktop/Product page/Increase qunatity - prod page' is clicked on

2019-06-25 14:03:39 - [MESSAGE][PASSED] - Object: 'Object Repository/APOLLO- Desktop/Product page/Increase qunatity - prod page' is clicked on

2019-06-25 14:03:39 - [TEST_STEP][PASSED] - delay(2): Delayed 2 second(s)

2019-06-25 14:03:41 - [MESSAGE][PASSED] - Delayed 2 second(s)

2019-06-25 14:03:41 - [TEST_STEP][PASSED] - click(findTestObject("APOLLO- Desktop/Product page/Increase qunatity - prod page")): Object: 'Object Repository/APOLLO- Desktop/Product page/Increase qunatity - prod page' is clicked on

2019-06-25 14:03:41 - [MESSAGE][PASSED] - Object: 'Object Repository/APOLLO- Desktop/Product page/Increase qunatity - prod page' is clicked on

2019-06-25 14:03:41 - [TEST_STEP][PASSED] - delay(2): Delayed 2 second(s)

2019-06-25 14:03:43 - [MESSAGE][PASSED] - Delayed 2 second(s)

2019-06-25 14:03:43 - [TEST_STEP][PASSED] - click(findTestObject("APOLLO- Desktop/Product page/Increase qunatity - prod page")): Object: 'Object Repository/APOLLO- Desktop/Product page/Increase qunatity - prod page' is clicked on

2019-06-25 14:03:43 - [MESSAGE][PASSED] - Object: 'Object Repository/APOLLO- Desktop/Product page/Increase qunatity - prod page' is clicked on

2019-06-25 14:03:43 - [TEST_STEP][PASSED] - delay(2): Delayed 2 second(s)

2019-06-25 14:03:45 - [MESSAGE][PASSED] - Delayed 2 second(s)

2019-06-25 14:03:45 - [TEST_STEP][PASSED] - click(findTestObject("APOLLO- Desktop/Product page/Increase qunatity - prod page")): Object: 'Object Repository/APOLLO- Desktop/Product page/Increase qunatity - prod page' is clicked on

2019-06-25 14:03:45 - [MESSAGE][PASSED] - Object: 'Object Repository/APOLLO- Desktop/Product page/Increase qunatity - prod page' is clicked on

2019-06-25 14:03:45 - [TEST_STEP][PASSED] - delay(2): Delayed 2 second(s)

2019-06-25 14:03:47 - [MESSAGE][PASSED] - Delayed 2 second(s)

2019-06-25 14:03:47 - [TEST_STEP][PASSED] - click(findTestObject("APOLLO- Desktop/Product page/Add to bag")): Object: 'Object Repository/APOLLO- Desktop/Product page/Add to bag' is clicked on

2019-06-25 14:03:48 - [MESSAGE][PASSED] - Object: 'Object Repository/APOLLO- Desktop/Product page/Add to bag' is clicked on

2019-06-25 14:03:48 - [TEST_STEP][PASSED] - delay(2): Delayed 2 second(s)

2019-06-25 14:03:50 - [MESSAGE][PASSED] - Delayed 2 second(s)

2019-06-25 14:03:50 - [TEST_STEP][PASSED] - a = getText(findTestObject("APOLLO- Desktop/Cart flyout/Subtotal in cart flyout")): Text of object 'Object Repository/APOLLO- Desktop/Cart flyout/Subtotal in cart flyout' is: '$76.50'

2019-06-25 14:03:50 - [MESSAGE][PASSED] - Text of object 'Object Repository/APOLLO- Desktop/Cart flyout/Subtotal in cart flyout' is: '$76.50'

2019-06-25 14:03:50 - [TEST_STEP][PASSED] - comment("a=" + a): a=$76.50

2019-06-25 14:03:50 - [MESSAGE][INFO] - a=$76.50

2019-06-25 14:03:50 - [TEST_STEP][PASSED] - delay(2): Delayed 2 second(s)

2019-06-25 14:03:52 - [MESSAGE][PASSED] - Delayed 2 second(s)

2019-06-25 14:03:52 - [TEST_STEP][PASSED] - click(findTestObject("APOLLO- Desktop/Cart flyout/Decrease quantity - cart flyout")): Object: 'Object Repository/APOLLO- Desktop/Cart flyout/Decrease quantity - cart flyout' is clicked on

2019-06-25 14:03:52 - [MESSAGE][PASSED] - Object: 'Object Repository/APOLLO- Desktop/Cart flyout/Decrease quantity - cart flyout' is clicked on

2019-06-25 14:03:52 - [TEST_STEP][PASSED] - delay(2): Delayed 2 second(s)

2019-06-25 14:03:54 - [MESSAGE][PASSED] - Delayed 2 second(s)

2019-06-25 14:03:54 - [TEST_STEP][PASSED] - click(findTestObject("APOLLO- Desktop/Cart flyout/Decrease quantity - cart flyout")): Object: 'Object Repository/APOLLO- Desktop/Cart flyout/Decrease quantity - cart flyout' is clicked on

2019-06-25 14:03:54 - [MESSAGE][PASSED] - Object: 'Object Repository/APOLLO- Desktop/Cart flyout/Decrease quantity - cart flyout' is clicked on

2019-06-25 14:03:54 - [TEST_STEP][PASSED] - delay(2): Delayed 2 second(s)

2019-06-25 14:03:56 - [MESSAGE][PASSED] - Delayed 2 second(s)

2019-06-25 14:03:56 - [TEST_STEP][PASSED] - click(findTestObject("APOLLO- Desktop/Cart flyout/Decrease quantity - cart flyout")): Object: 'Object Repository/APOLLO- Desktop/Cart flyout/Decrease quantity - cart flyout' is clicked on

2019-06-25 14:03:56 - [MESSAGE][PASSED] - Object: 'Object Repository/APOLLO- Desktop/Cart flyout/Decrease quantity - cart flyout' is clicked on

2019-06-25 14:03:56 - [TEST_STEP][PASSED] - delay(2): Delayed 2 second(s)

2019-06-25 14:03:58 - [MESSAGE][PASSED] - Delayed 2 second(s)

2019-06-25 14:03:58 - [TEST_STEP][PASSED] - b = getText(findTestObject("APOLLO- Desktop/Cart flyout/Subtotal in cart flyout")): Text of object 'Object Repository/APOLLO- Desktop/Cart flyout/Subtotal in cart flyout' is: '$60.00'

2019-06-25 14:03:58 - [MESSAGE][PASSED] - Text of object 'Object Repository/APOLLO- Desktop/Cart flyout/Subtotal in cart flyout' is: '$60.00'

2019-06-25 14:03:58 - [TEST_STEP][PASSED] - comment("b=" + b): b=$60.00

2019-06-25 14:03:58 - [MESSAGE][INFO] - b=$60.00

2019-06-25 14:03:58 - [TEST_STEP][PASSED] - verifyNotEqual("a", "b"): Actual object 'a' and expected object 'b' are not equal

2019-06-25 14:03:58 - [MESSAGE][PASSED] - Actual object 'a' and expected object 'b' are not equal

2019-06-25 14:03:58 - [TEST_STEP][PASSED] - delay(2): Delayed 2 second(s)

2019-06-25 14:04:00 - [MESSAGE][PASSED] - Delayed 2 second(s)

2019-06-25 14:04:00 - [TEST_STEP][PASSED] - click(findTestObject("APOLLO- Desktop/Cart flyout/Checkout")): Object: 'Object Repository/APOLLO- Desktop/Cart flyout/Checkout' is clicked on

2019-06-25 14:04:03 - [MESSAGE][PASSED] - Object: 'Object Repository/APOLLO- Desktop/Cart flyout/Checkout' is clicked on

2019-06-25 14:04:03 - [TEST_STEP][PASSED] - delay(2): Delayed 2 second(s)

2019-06-25 14:04:05 - [MESSAGE][PASSED] - Delayed 2 second(s)

2019-06-25 14:04:05 - [TEST_STEP][PASSED] - callTestCase(findTestCase("CALL- CUSTOMER INFO PAGE"), [:], STOP_ON_FAILURE): Call Test Case 'Test Cases/CALL- CUSTOMER INFO PAGE' successfully

2019-06-25 14:04:05 - [TEST_CASE][PASSED] - Test Cases/CALL- CUSTOMER INFO PAGE: Test Cases/CALL- CUSTOMER INFO PAGE

2019-06-25 14:04:05 - [TEST_STEP][PASSED] - delay(2): Delayed 2 second(s)

2019-06-25 14:04:07 - [MESSAGE][PASSED] - Delayed 2 second(s)

2019-06-25 14:04:07 - [TEST_STEP][NOT_RUN] - executeJavaScript("var previewBar = document.getElementById("preview-bar-iframe"); previewBar.style.display = "none";", []): NOT_RUN: executeJavaScript("var previewBar = document.getElementById("preview-bar-iframe"); previewBar.style.display = "none";", [])

2019-06-25 14:04:07 - [MESSAGE][NOT_RUN] - NOT_RUN: executeJavaScript("var previewBar = document.getElementById("preview-bar-iframe"); previewBar.style.display = "none";", [])

2019-06-25 14:04:07 - [TEST_STEP][PASSED] - setText(findTestObject("APOLLO- Desktop/Customer Information page/Email"), "suman@gmail.com"): Text 'suman@gmail.com' is set on object 'Object Repository/APOLLO- Desktop/Customer Information page/Email'

2019-06-25 14:04:07 - [MESSAGE][PASSED] - Text 'suman@gmail.com' is set on object 'Object Repository/APOLLO- Desktop/Customer Information page/Email'

2019-06-25 14:04:07 - [TEST_STEP][PASSED] - delay(2): Delayed 2 second(s)

2019-06-25 14:04:09 - [MESSAGE][PASSED] - Delayed 2 second(s)

2019-06-25 14:04:09 - [TEST_STEP][PASSED] - setText(findTestObject("APOLLO- Desktop/Customer Information page/First name"), "suman"): Text 'suman' is set on object 'Object Repository/APOLLO- Desktop/Customer Information page/First name'

2019-06-25 14:04:09 - [MESSAGE][PASSED] - Text 'suman' is set on object 'Object Repository/APOLLO- Desktop/Customer Information page/First name'

2019-06-25 14:04:09 - [TEST_STEP][PASSED] - delay(2): Delayed 2 second(s)

2019-06-25 14:04:11 - [MESSAGE][PASSED] - Delayed 2 second(s)

2019-06-25 14:04:11 - [TEST_STEP][PASSED] - setText(findTestObject("APOLLO- Desktop/Customer Information page/Last name"), "kompelly"): Text 'kompelly' is set on object 'Object Repository/APOLLO- Desktop/Customer Information page/Last name'

2019-06-25 14:04:11 - [MESSAGE][PASSED] - Text 'kompelly' is set on object 'Object Repository/APOLLO- Desktop/Customer Information page/Last name'

2019-06-25 14:04:11 - [TEST_STEP][PASSED] - delay(2): Delayed 2 second(s)

2019-06-25 14:04:13 - [MESSAGE][PASSED] - Delayed 2 second(s)

2019-06-25 14:04:13 - [TEST_STEP][PASSED] - setText(findTestObject("APOLLO- Desktop/Customer Information page/Address"), "1435 st alxendre"): Text '1435 st alxendre' is set on object 'Object Repository/APOLLO- Desktop/Customer Information page/Address'

2019-06-25 14:04:13 - [MESSAGE][PASSED] - Text '1435 st alxendre' is set on object 'Object Repository/APOLLO- Desktop/Customer Information page/Address'

2019-06-25 14:04:13 - [TEST_STEP][PASSED] - setText(findTestObject("APOLLO- Desktop/Customer Information page/Apartment"), "220"): Text '220' is set on object 'Object Repository/APOLLO- Desktop/Customer Information page/Apartment'

2019-06-25 14:04:13 - [MESSAGE][PASSED] - Text '220' is set on object 'Object Repository/APOLLO- Desktop/Customer Information page/Apartment'

2019-06-25 14:04:13 - [TEST_STEP][PASSED] - setText(findTestObject("APOLLO- Desktop/Customer Information page/City"), "montreal"): Text 'montreal' is set on object 'Object Repository/APOLLO- Desktop/Customer Information page/City'

2019-06-25 14:04:13 - [MESSAGE][PASSED] - Text 'montreal' is set on object 'Object Repository/APOLLO- Desktop/Customer Information page/City'

2019-06-25 14:04:13 - [TEST_STEP][PASSED] - selectOptionByValue(findTestObject("APOLLO- Desktop/Customer Information page/Country dropdown"), "United States", true): All options with value 'United States' are selected in object 'Object Repository/APOLLO- Desktop/Customer Information page/Country dropdown'  using regular expression

2019-06-25 14:04:18 - [MESSAGE][PASSED] - All options with value 'United States' are selected in object 'Object Repository/APOLLO- Desktop/Customer Information page/Country dropdown'  using regular expression

2019-06-25 14:04:18 - [TEST_STEP][PASSED] - selectOptionByValue(findTestObject("APOLLO- Desktop/Customer Information page/states dropdown"), "NJ", true): All options with value 'NJ' are selected in object 'Object Repository/APOLLO- Desktop/Customer Information page/states dropdown'  using regular expression

2019-06-25 14:04:19 - [MESSAGE][PASSED] - All options with value 'NJ' are selected in object 'Object Repository/APOLLO- Desktop/Customer Information page/states dropdown'  using regular expression

2019-06-25 14:04:19 - [TEST_STEP][PASSED] - setText(findTestObject("APOLLO- Desktop/Customer Information page/ZIP code"), "07057"): Text '07057' is set on object 'Object Repository/APOLLO- Desktop/Customer Information page/ZIP code'

2019-06-25 14:04:19 - [MESSAGE][PASSED] - Text '07057' is set on object 'Object Repository/APOLLO- Desktop/Customer Information page/ZIP code'

2019-06-25 14:04:19 - [MESSAGE][PASSED] - Call Test Case 'Test Cases/CALL- CUSTOMER INFO PAGE' successfully

2019-06-25 14:04:19 - [TEST_STEP][PASSED] - delay(2): Delayed 2 second(s)

2019-06-25 14:04:21 - [MESSAGE][PASSED] - Delayed 2 second(s)

2019-06-25 14:04:21 - [TEST_STEP][PASSED] - callTestCase(findTestCase("CALL - SHIPPING TO PAYMENT"), [:], STOP_ON_FAILURE): Call Test Case 'Test Cases/CALL - SHIPPING TO PAYMENT' successfully

2019-06-25 14:04:21 - [TEST_CASE][PASSED] - Test Cases/CALL - SHIPPING TO PAYMENT: Test Cases/CALL - SHIPPING TO PAYMENT

2019-06-25 14:04:21 - [TEST_STEP][PASSED] - click(findTestObject("APOLLO- Desktop/Customer Information page/Continue to shipping")): Object: 'Object Repository/APOLLO- Desktop/Customer Information page/Continue to shipping' is clicked on

2019-06-25 14:04:24 - [MESSAGE][PASSED] - Object: 'Object Repository/APOLLO- Desktop/Customer Information page/Continue to shipping' is clicked on

2019-06-25 14:04:24 - [TEST_STEP][NOT_RUN] - executeJavaScript("var previewBar = document.getElementById("preview-bar-iframe"); previewBar.style.display = "none";", []): NOT_RUN: executeJavaScript("var previewBar = document.getElementById("preview-bar-iframe"); previewBar.style.display = "none";", [])

2019-06-25 14:04:24 - [MESSAGE][NOT_RUN] - NOT_RUN: executeJavaScript("var previewBar = document.getElementById("preview-bar-iframe"); previewBar.style.display = "none";", [])

2019-06-25 14:04:24 - [TEST_STEP][PASSED] - click(findTestObject("APOLLO- Desktop/Shipping page/Radio button check")): Object: 'Object Repository/APOLLO- Desktop/Shipping page/Radio button check' is clicked on

2019-06-25 14:04:26 - [MESSAGE][PASSED] - Object: 'Object Repository/APOLLO- Desktop/Shipping page/Radio button check' is clicked on

2019-06-25 14:04:26 - [TEST_STEP][NOT_RUN] - executeJavaScript("var previewBar = document.getElementById("preview-bar-iframe"); previewBar.style.display = "none";", []): NOT_RUN: executeJavaScript("var previewBar = document.getElementById("preview-bar-iframe"); previewBar.style.display = "none";", [])

2019-06-25 14:04:26 - [MESSAGE][NOT_RUN] - NOT_RUN: executeJavaScript("var previewBar = document.getElementById("preview-bar-iframe"); previewBar.style.display = "none";", [])

2019-06-25 14:04:26 - [TEST_STEP][PASSED] - click(findTestObject("APOLLO- Desktop/Shipping page/Continue to payment")): Object: 'Object Repository/APOLLO- Desktop/Shipping page/Continue to payment' is clicked on

2019-06-25 14:04:27 - [MESSAGE][PASSED] - Object: 'Object Repository/APOLLO- Desktop/Shipping page/Continue to payment' is clicked on

2019-06-25 14:04:27 - [TEST_STEP][NOT_RUN] - executeJavaScript("var previewBar = document.getElementById("preview-bar-iframe"); previewBar.style.display = "none";", []): NOT_RUN: executeJavaScript("var previewBar = document.getElementById("preview-bar-iframe"); previewBar.style.display = "none";", [])

2019-06-25 14:04:27 - [MESSAGE][NOT_RUN] - NOT_RUN: executeJavaScript("var previewBar = document.getElementById("preview-bar-iframe"); previewBar.style.display = "none";", [])

2019-06-25 14:04:27 - [TEST_STEP][PASSED] - click(findTestObject("APOLLO- Desktop/payment page/Payment section")): Object: 'Object Repository/APOLLO- Desktop/payment page/Payment section' is clicked on

2019-06-25 14:04:28 - [MESSAGE][PASSED] - Object: 'Object Repository/APOLLO- Desktop/payment page/Payment section' is clicked on

2019-06-25 14:04:28 - [MESSAGE][PASSED] - Call Test Case 'Test Cases/CALL - SHIPPING TO PAYMENT' successfully]]></system-out>
         <system-err><![CDATA[]]></system-err>
      </testcase>
      <testcase name="Test Cases/CRITICAL PATH/Price comparison - Cart flyout" classname="Test Cases/CRITICAL PATH/Price comparison - Cart flyout" status="PASSED">
         <system-out><![CDATA[2019-06-25 14:04:28 - [TEST_CASE][PASSED] - Test Cases/CRITICAL PATH/Price comparison - Cart flyout: Test Cases/CRITICAL PATH/Price comparison - Cart flyout

2019-06-25 14:04:28 - [TEST_STEP][PASSED] - callTestCase(findTestCase("CALL - URL"), [:], STOP_ON_FAILURE): Call Test Case 'Test Cases/CALL - URL' successfully

2019-06-25 14:04:28 - [TEST_CASE][PASSED] - Test Cases/CALL - URL: Test Cases/CALL - URL

2019-06-25 14:04:28 - [TEST_STEP][PASSED] - openBrowser(""): Browser is opened with url: ''

2019-06-25 14:04:28 - [MESSAGE][WARNING] - A browser is already opened. Closing browser and opening a new one

2019-06-25 14:04:28 - [MESSAGE][INFO] - Starting 'Firefox' driver

2019-06-25 14:04:31 - [MESSAGE][PASSED] - Browser is opened with url: ''

2019-06-25 14:04:31 - [TEST_STEP][PASSED] - navigateToUrl("https://diff-apollo.myshopify.com/?key=eec34184cfd8f82cda816f82753a8c8e9e240f30cf54470e19667b8cbb401948&preview_theme_id="): Navigate to 'https://diff-apollo.myshopify.com/?key=eec34184cfd8f82cda816f82753a8c8e9e240f30cf54470e19667b8cbb401948&preview_theme_id=' successfully

2019-06-25 14:04:35 - [MESSAGE][PASSED] - Navigate to 'https://diff-apollo.myshopify.com/?key=eec34184cfd8f82cda816f82753a8c8e9e240f30cf54470e19667b8cbb401948&preview_theme_id=' successfully

2019-06-25 14:04:35 - [TEST_STEP][NOT_RUN] - executeJavaScript("var previewBar = document.getElementById("preview-bar-iframe"); previewBar.style.display = "none";", []): NOT_RUN: executeJavaScript("var previewBar = document.getElementById("preview-bar-iframe"); previewBar.style.display = "none";", [])

2019-06-25 14:04:35 - [MESSAGE][NOT_RUN] - NOT_RUN: executeJavaScript("var previewBar = document.getElementById("preview-bar-iframe"); previewBar.style.display = "none";", [])

2019-06-25 14:04:35 - [MESSAGE][PASSED] - Call Test Case 'Test Cases/CALL - URL' successfully

2019-06-25 14:04:35 - [TEST_STEP][PASSED] - click(findTestObject("APOLLO- Desktop/Burger Menu/Burgermenu")): Object: 'Object Repository/APOLLO- Desktop/Burger Menu/Burgermenu' is clicked on

2019-06-25 14:04:35 - [MESSAGE][PASSED] - Object: 'Object Repository/APOLLO- Desktop/Burger Menu/Burgermenu' is clicked on

2019-06-25 14:04:35 - [TEST_STEP][PASSED] - delay(2): Delayed 2 second(s)

2019-06-25 14:04:37 - [MESSAGE][PASSED] - Delayed 2 second(s)

2019-06-25 14:04:37 - [TEST_STEP][PASSED] - click(findTestObject("APOLLO- Desktop/Burger Menu/Mens chevron")): Object: 'Object Repository/APOLLO- Desktop/Burger Menu/Mens chevron' is clicked on

2019-06-25 14:04:37 - [MESSAGE][PASSED] - Object: 'Object Repository/APOLLO- Desktop/Burger Menu/Mens chevron' is clicked on

2019-06-25 14:04:37 - [TEST_STEP][PASSED] - delay(2): Delayed 2 second(s)

2019-06-25 14:04:39 - [MESSAGE][PASSED] - Delayed 2 second(s)

2019-06-25 14:04:39 - [TEST_STEP][PASSED] - click(findTestObject("APOLLO- Desktop/Burger Menu/Mens - Top Chevron")): Object: 'Object Repository/APOLLO- Desktop/Burger Menu/Mens - Top Chevron' is clicked on

2019-06-25 14:04:40 - [MESSAGE][PASSED] - Object: 'Object Repository/APOLLO- Desktop/Burger Menu/Mens - Top Chevron' is clicked on

2019-06-25 14:04:40 - [TEST_STEP][PASSED] - delay(2): Delayed 2 second(s)

2019-06-25 14:04:42 - [MESSAGE][PASSED] - Delayed 2 second(s)

2019-06-25 14:04:42 - [TEST_STEP][PASSED] - click(findTestObject("APOLLO- Desktop/Burger Menu/Shirts link")): Object: 'Object Repository/APOLLO- Desktop/Burger Menu/Shirts link' is clicked on

2019-06-25 14:04:43 - [MESSAGE][PASSED] - Object: 'Object Repository/APOLLO- Desktop/Burger Menu/Shirts link' is clicked on

2019-06-25 14:04:43 - [TEST_STEP][PASSED] - delay(2): Delayed 2 second(s)

2019-06-25 14:04:45 - [MESSAGE][PASSED] - Delayed 2 second(s)

2019-06-25 14:04:45 - [TEST_STEP][PASSED] - click(findTestObject("APOLLO- Desktop/Collection page/Blue shirt product")): Object: 'Object Repository/APOLLO- Desktop/Collection page/Blue shirt product' is clicked on

2019-06-25 14:04:46 - [MESSAGE][PASSED] - Object: 'Object Repository/APOLLO- Desktop/Collection page/Blue shirt product' is clicked on

2019-06-25 14:04:46 - [TEST_STEP][PASSED] - delay(2): Delayed 2 second(s)

2019-06-25 14:04:48 - [MESSAGE][PASSED] - Delayed 2 second(s)

2019-06-25 14:04:48 - [TEST_STEP][PASSED] - selectOptionByValue(findTestObject("APOLLO- Desktop/Product page/Size dropdown"), "Medium", true): All options with value 'Medium' are selected in object 'Object Repository/APOLLO- Desktop/Product page/Size dropdown'  using regular expression

2019-06-25 14:04:48 - [MESSAGE][PASSED] - All options with value 'Medium' are selected in object 'Object Repository/APOLLO- Desktop/Product page/Size dropdown'  using regular expression

2019-06-25 14:04:48 - [TEST_STEP][PASSED] - delay(2): Delayed 2 second(s)

2019-06-25 14:04:50 - [MESSAGE][PASSED] - Delayed 2 second(s)

2019-06-25 14:04:50 - [TEST_STEP][PASSED] - click(findTestObject("APOLLO- Desktop/Product page/Add to bag")): Object: 'Object Repository/APOLLO- Desktop/Product page/Add to bag' is clicked on

2019-06-25 14:04:51 - [MESSAGE][PASSED] - Object: 'Object Repository/APOLLO- Desktop/Product page/Add to bag' is clicked on

2019-06-25 14:04:51 - [TEST_STEP][PASSED] - delay(2): Delayed 2 second(s)

2019-06-25 14:04:53 - [MESSAGE][PASSED] - Delayed 2 second(s)

2019-06-25 14:04:53 - [TEST_STEP][PASSED] - click(findTestObject("APOLLO- Desktop/Burger Menu/Burgermenu")): Object: 'Object Repository/APOLLO- Desktop/Burger Menu/Burgermenu' is clicked on

2019-06-25 14:04:53 - [MESSAGE][PASSED] - Object: 'Object Repository/APOLLO- Desktop/Burger Menu/Burgermenu' is clicked on

2019-06-25 14:04:53 - [TEST_STEP][PASSED] - delay(2): Delayed 2 second(s)

2019-06-25 14:04:55 - [MESSAGE][PASSED] - Delayed 2 second(s)

2019-06-25 14:04:55 - [TEST_STEP][PASSED] - click(findTestObject("APOLLO- Desktop/Burger Menu/KIds link")): Object: 'Object Repository/APOLLO- Desktop/Burger Menu/KIds link' is clicked on

2019-06-25 14:04:55 - [MESSAGE][PASSED] - Object: 'Object Repository/APOLLO- Desktop/Burger Menu/KIds link' is clicked on

2019-06-25 14:04:55 - [TEST_STEP][PASSED] - delay(2): Delayed 2 second(s)

2019-06-25 14:04:57 - [MESSAGE][PASSED] - Delayed 2 second(s)

2019-06-25 14:04:57 - [TEST_STEP][PASSED] - click(findTestObject("APOLLO- Desktop/Collection page/Sailor sweatshirt")): Object: 'Object Repository/APOLLO- Desktop/Collection page/Sailor sweatshirt' is clicked on

2019-06-25 14:04:59 - [MESSAGE][PASSED] - Object: 'Object Repository/APOLLO- Desktop/Collection page/Sailor sweatshirt' is clicked on

2019-06-25 14:04:59 - [TEST_STEP][PASSED] - delay(2): Delayed 2 second(s)

2019-06-25 14:05:01 - [MESSAGE][PASSED] - Delayed 2 second(s)

2019-06-25 14:05:01 - [TEST_STEP][PASSED] - click(findTestObject("APOLLO- Desktop/Product page/Add to bag")): Object: 'Object Repository/APOLLO- Desktop/Product page/Add to bag' is clicked on

2019-06-25 14:05:01 - [MESSAGE][PASSED] - Object: 'Object Repository/APOLLO- Desktop/Product page/Add to bag' is clicked on

2019-06-25 14:05:01 - [TEST_STEP][PASSED] - delay(2): Delayed 2 second(s)

2019-06-25 14:05:03 - [MESSAGE][PASSED] - Delayed 2 second(s)

2019-06-25 14:05:03 - [TEST_STEP][NOT_RUN] - executeJavaScript("var previewBar = document.getElementById("preview-bar-iframe"); previewBar.style.display = "none";", []): NOT_RUN: executeJavaScript("var previewBar = document.getElementById("preview-bar-iframe"); previewBar.style.display = "none";", [])

2019-06-25 14:05:03 - [MESSAGE][NOT_RUN] - NOT_RUN: executeJavaScript("var previewBar = document.getElementById("preview-bar-iframe"); previewBar.style.display = "none";", [])

2019-06-25 14:05:03 - [TEST_STEP][PASSED] - a = getText(findTestObject("APOLLO- Desktop/Cart flyout/Unit price - first product")): Text of object 'Object Repository/APOLLO- Desktop/Cart flyout/Unit price - first product' is: '$30'

2019-06-25 14:05:03 - [MESSAGE][PASSED] - Text of object 'Object Repository/APOLLO- Desktop/Cart flyout/Unit price - first product' is: '$30'

2019-06-25 14:05:03 - [TEST_STEP][PASSED] - comment("a=" + a): a=$30

2019-06-25 14:05:03 - [MESSAGE][INFO] - a=$30

2019-06-25 14:05:03 - [TEST_STEP][PASSED] - a1 = a.substring(1): null

2019-06-25 14:05:03 - [TEST_STEP][PASSED] - comment("a1=" + a1): a1=30

2019-06-25 14:05:03 - [MESSAGE][INFO] - a1=30

2019-06-25 14:05:03 - [TEST_STEP][PASSED] - b = getText(findTestObject("APOLLO- Desktop/Cart flyout/Unit price - second product")): Text of object 'Object Repository/APOLLO- Desktop/Cart flyout/Unit price - second product' is: '$30'

2019-06-25 14:05:03 - [MESSAGE][PASSED] - Text of object 'Object Repository/APOLLO- Desktop/Cart flyout/Unit price - second product' is: '$30'

2019-06-25 14:05:03 - [TEST_STEP][PASSED] - comment("b=" + b): b=$30

2019-06-25 14:05:03 - [MESSAGE][INFO] - b=$30

2019-06-25 14:05:03 - [TEST_STEP][PASSED] - b1 = b.substring(1): null

2019-06-25 14:05:03 - [TEST_STEP][PASSED] - comment("b1=" + b1): b1=30

2019-06-25 14:05:03 - [MESSAGE][INFO] - b1=30

2019-06-25 14:05:03 - [TEST_STEP][PASSED] - p1 = <not implemented yet for class: org.codehaus.groovy.ast.expr.EmptyExpression>: null

2019-06-25 14:05:03 - [TEST_STEP][PASSED] - p2 = <not implemented yet for class: org.codehaus.groovy.ast.expr.EmptyExpression>: null

2019-06-25 14:05:03 - [TEST_STEP][PASSED] - try: p1=30.0

2019-06-25 14:05:03 - [TEST_STEP][PASSED] - str = a1: null

2019-06-25 14:05:03 - [TEST_STEP][PASSED] - comment("str=" + str): str=30

2019-06-25 14:05:03 - [MESSAGE][INFO] - str=30

2019-06-25 14:05:03 - [TEST_STEP][PASSED] - p1 = Double.valueOf(str): null

2019-06-25 14:05:03 - [TEST_STEP][PASSED] - comment("p1=" + p1): p1=30.0

2019-06-25 14:05:03 - [MESSAGE][INFO] - p1=30.0

2019-06-25 14:05:03 - [TEST_STEP][PASSED] - try: p2=30.0

2019-06-25 14:05:03 - [TEST_STEP][PASSED] - str5 = b1: null

2019-06-25 14:05:03 - [TEST_STEP][PASSED] - comment("str5=" + str5): str5=30

2019-06-25 14:05:03 - [MESSAGE][INFO] - str5=30

2019-06-25 14:05:03 - [TEST_STEP][PASSED] - p2 = Double.valueOf(str5): null

2019-06-25 14:05:03 - [TEST_STEP][PASSED] - comment("p2=" + p2): p2=30.0

2019-06-25 14:05:03 - [MESSAGE][INFO] - p2=30.0

2019-06-25 14:05:03 - [TEST_STEP][PASSED] - total = p1 + p2: null

2019-06-25 14:05:03 - [TEST_STEP][PASSED] - comment("total=" + total): total=60.0

2019-06-25 14:05:03 - [MESSAGE][INFO] - total=60.0

2019-06-25 14:05:03 - [TEST_STEP][PASSED] - c = getText(findTestObject("APOLLO- Desktop/Cart flyout/Subtotal in cart flyout")): Text of object 'Object Repository/APOLLO- Desktop/Cart flyout/Subtotal in cart flyout' is: '$60.00'

2019-06-25 14:05:03 - [MESSAGE][PASSED] - Text of object 'Object Repository/APOLLO- Desktop/Cart flyout/Subtotal in cart flyout' is: '$60.00'

2019-06-25 14:05:03 - [TEST_STEP][PASSED] - comment("c=" + c): c=$60.00

2019-06-25 14:05:03 - [MESSAGE][INFO] - c=$60.00

2019-06-25 14:05:03 - [TEST_STEP][PASSED] - c1 = c.substring(1): null

2019-06-25 14:05:03 - [TEST_STEP][PASSED] - comment("c1=" + c1): c1=60.00

2019-06-25 14:05:03 - [MESSAGE][INFO] - c1=60.00

2019-06-25 14:05:03 - [TEST_STEP][PASSED] - p3 = <not implemented yet for class: org.codehaus.groovy.ast.expr.EmptyExpression>: null

2019-06-25 14:05:03 - [TEST_STEP][PASSED] - try: p3=60.0

2019-06-25 14:05:03 - [TEST_STEP][PASSED] - str = c1: null

2019-06-25 14:05:03 - [TEST_STEP][PASSED] - comment("str=" + str): str=60.00

2019-06-25 14:05:03 - [MESSAGE][INFO] - str=60.00

2019-06-25 14:05:03 - [TEST_STEP][PASSED] - p3 = Double.valueOf(str): null

2019-06-25 14:05:03 - [TEST_STEP][PASSED] - comment("p3=" + p3): p3=60.0

2019-06-25 14:05:03 - [MESSAGE][INFO] - p3=60.0

2019-06-25 14:05:03 - [TEST_STEP][PASSED] - verifyEqual(total, p3): Actual object '60' and expected object '60' are equal

2019-06-25 14:05:03 - [MESSAGE][PASSED] - Actual object '60' and expected object '60' are equal

2019-06-25 14:05:03 - [TEST_STEP][PASSED] - click(findTestObject("APOLLO- Desktop/Cart flyout/Checkout")): Object: 'Object Repository/APOLLO- Desktop/Cart flyout/Checkout' is clicked on

2019-06-25 14:05:07 - [MESSAGE][PASSED] - Object: 'Object Repository/APOLLO- Desktop/Cart flyout/Checkout' is clicked on

2019-06-25 14:05:07 - [TEST_STEP][PASSED] - callTestCase(findTestCase("CALL- CUSTOMER INFO PAGE"), [:], STOP_ON_FAILURE): Call Test Case 'Test Cases/CALL- CUSTOMER INFO PAGE' successfully

2019-06-25 14:05:07 - [TEST_CASE][PASSED] - Test Cases/CALL- CUSTOMER INFO PAGE: Test Cases/CALL- CUSTOMER INFO PAGE

2019-06-25 14:05:07 - [TEST_STEP][PASSED] - delay(2): Delayed 2 second(s)

2019-06-25 14:05:09 - [MESSAGE][PASSED] - Delayed 2 second(s)

2019-06-25 14:05:09 - [TEST_STEP][NOT_RUN] - executeJavaScript("var previewBar = document.getElementById("preview-bar-iframe"); previewBar.style.display = "none";", []): NOT_RUN: executeJavaScript("var previewBar = document.getElementById("preview-bar-iframe"); previewBar.style.display = "none";", [])

2019-06-25 14:05:09 - [MESSAGE][NOT_RUN] - NOT_RUN: executeJavaScript("var previewBar = document.getElementById("preview-bar-iframe"); previewBar.style.display = "none";", [])

2019-06-25 14:05:09 - [TEST_STEP][PASSED] - setText(findTestObject("APOLLO- Desktop/Customer Information page/Email"), "suman@gmail.com"): Text 'suman@gmail.com' is set on object 'Object Repository/APOLLO- Desktop/Customer Information page/Email'

2019-06-25 14:05:09 - [MESSAGE][PASSED] - Text 'suman@gmail.com' is set on object 'Object Repository/APOLLO- Desktop/Customer Information page/Email'

2019-06-25 14:05:09 - [TEST_STEP][PASSED] - delay(2): Delayed 2 second(s)

2019-06-25 14:05:11 - [MESSAGE][PASSED] - Delayed 2 second(s)

2019-06-25 14:05:11 - [TEST_STEP][PASSED] - setText(findTestObject("APOLLO- Desktop/Customer Information page/First name"), "suman"): Text 'suman' is set on object 'Object Repository/APOLLO- Desktop/Customer Information page/First name'

2019-06-25 14:05:11 - [MESSAGE][PASSED] - Text 'suman' is set on object 'Object Repository/APOLLO- Desktop/Customer Information page/First name'

2019-06-25 14:05:11 - [TEST_STEP][PASSED] - delay(2): Delayed 2 second(s)

2019-06-25 14:05:13 - [MESSAGE][PASSED] - Delayed 2 second(s)

2019-06-25 14:05:13 - [TEST_STEP][PASSED] - setText(findTestObject("APOLLO- Desktop/Customer Information page/Last name"), "kompelly"): Text 'kompelly' is set on object 'Object Repository/APOLLO- Desktop/Customer Information page/Last name'

2019-06-25 14:05:13 - [MESSAGE][PASSED] - Text 'kompelly' is set on object 'Object Repository/APOLLO- Desktop/Customer Information page/Last name'

2019-06-25 14:05:13 - [TEST_STEP][PASSED] - delay(2): Delayed 2 second(s)

2019-06-25 14:05:15 - [MESSAGE][PASSED] - Delayed 2 second(s)

2019-06-25 14:05:15 - [TEST_STEP][PASSED] - setText(findTestObject("APOLLO- Desktop/Customer Information page/Address"), "1435 st alxendre"): Text '1435 st alxendre' is set on object 'Object Repository/APOLLO- Desktop/Customer Information page/Address'

2019-06-25 14:05:15 - [MESSAGE][PASSED] - Text '1435 st alxendre' is set on object 'Object Repository/APOLLO- Desktop/Customer Information page/Address'

2019-06-25 14:05:15 - [TEST_STEP][PASSED] - setText(findTestObject("APOLLO- Desktop/Customer Information page/Apartment"), "220"): Text '220' is set on object 'Object Repository/APOLLO- Desktop/Customer Information page/Apartment'

2019-06-25 14:05:15 - [MESSAGE][PASSED] - Text '220' is set on object 'Object Repository/APOLLO- Desktop/Customer Information page/Apartment'

2019-06-25 14:05:15 - [TEST_STEP][PASSED] - setText(findTestObject("APOLLO- Desktop/Customer Information page/City"), "montreal"): Text 'montreal' is set on object 'Object Repository/APOLLO- Desktop/Customer Information page/City'

2019-06-25 14:05:15 - [MESSAGE][PASSED] - Text 'montreal' is set on object 'Object Repository/APOLLO- Desktop/Customer Information page/City'

2019-06-25 14:05:15 - [TEST_STEP][PASSED] - selectOptionByValue(findTestObject("APOLLO- Desktop/Customer Information page/Country dropdown"), "United States", true): All options with value 'United States' are selected in object 'Object Repository/APOLLO- Desktop/Customer Information page/Country dropdown'  using regular expression

2019-06-25 14:05:20 - [MESSAGE][PASSED] - All options with value 'United States' are selected in object 'Object Repository/APOLLO- Desktop/Customer Information page/Country dropdown'  using regular expression

2019-06-25 14:05:20 - [TEST_STEP][PASSED] - selectOptionByValue(findTestObject("APOLLO- Desktop/Customer Information page/states dropdown"), "NJ", true): All options with value 'NJ' are selected in object 'Object Repository/APOLLO- Desktop/Customer Information page/states dropdown'  using regular expression

2019-06-25 14:05:21 - [MESSAGE][PASSED] - All options with value 'NJ' are selected in object 'Object Repository/APOLLO- Desktop/Customer Information page/states dropdown'  using regular expression

2019-06-25 14:05:21 - [TEST_STEP][PASSED] - setText(findTestObject("APOLLO- Desktop/Customer Information page/ZIP code"), "07057"): Text '07057' is set on object 'Object Repository/APOLLO- Desktop/Customer Information page/ZIP code'

2019-06-25 14:05:21 - [MESSAGE][PASSED] - Text '07057' is set on object 'Object Repository/APOLLO- Desktop/Customer Information page/ZIP code'

2019-06-25 14:05:21 - [MESSAGE][PASSED] - Call Test Case 'Test Cases/CALL- CUSTOMER INFO PAGE' successfully

2019-06-25 14:05:21 - [TEST_STEP][PASSED] - click(findTestObject("APOLLO- Desktop/Customer Information page/Continue to shipping")): Object: 'Object Repository/APOLLO- Desktop/Customer Information page/Continue to shipping' is clicked on

2019-06-25 14:05:24 - [MESSAGE][PASSED] - Object: 'Object Repository/APOLLO- Desktop/Customer Information page/Continue to shipping' is clicked on

2019-06-25 14:05:24 - [TEST_STEP][PASSED] - click(findTestObject("APOLLO- Desktop/Shipping page/Radio button check")): Object: 'Object Repository/APOLLO- Desktop/Shipping page/Radio button check' is clicked on

2019-06-25 14:05:26 - [MESSAGE][PASSED] - Object: 'Object Repository/APOLLO- Desktop/Shipping page/Radio button check' is clicked on

2019-06-25 14:05:26 - [TEST_STEP][PASSED] - click(findTestObject("APOLLO- Desktop/Shipping page/Continue to payment")): Object: 'Object Repository/APOLLO- Desktop/Shipping page/Continue to payment' is clicked on

2019-06-25 14:05:28 - [MESSAGE][PASSED] - Object: 'Object Repository/APOLLO- Desktop/Shipping page/Continue to payment' is clicked on

2019-06-25 14:05:28 - [TEST_STEP][PASSED] - click(findTestObject("APOLLO- Desktop/payment page/Payment section")): Object: 'Object Repository/APOLLO- Desktop/payment page/Payment section' is clicked on

2019-06-25 14:05:28 - [MESSAGE][PASSED] - Object: 'Object Repository/APOLLO- Desktop/payment page/Payment section' is clicked on]]></system-out>
         <system-err><![CDATA[]]></system-err>
      </testcase>
      <system-out><![CDATA[2019-06-25 13:32:35 - [TEST_SUITE][FAILED] - Apollo - dark build: Test Cases/PRODUCT PAGE/Social media icons FAILED.
Reason:
com.kms.katalon.core.exception.StepFailedException: Unable to click on object 'Object Repository/APOLLO- Desktop/Product page/facebook icon' (Root cause: com.kms.katalon.core.webui.exception.WebElementNotFoundException: Web element with id: 'Object Repository/APOLLO- Desktop/Product page/facebook icon' located by 'By.xpath: //div[@class='c-product-summary c-product-summary--shadow js-sticky u-text-center js-scroll-fade is-loaded is_stuck']//li[1]//a[1]' not found)
	at com.kms.katalon.core.keyword.internal.KeywordMain.stepFailed(KeywordMain.groovy:36)
	at com.kms.katalon.core.webui.keyword.internal.WebUIKeywordMain.stepFailed(WebUIKeywordMain.groovy:65)
	at com.kms.katalon.core.webui.keyword.internal.WebUIKeywordMain.runKeyword(WebUIKeywordMain.groovy:27)
	at com.kms.katalon.core.webui.keyword.builtin.ClickKeyword.click(ClickKeyword.groovy:86)
	at com.kms.katalon.core.webui.keyword.builtin.ClickKeyword.execute(ClickKeyword.groovy:67)
	at com.kms.katalon.core.keyword.internal.KeywordExecutor.executeKeywordForPlatform(KeywordExecutor.groovy:53)
	at com.kms.katalon.core.webui.keyword.WebUiBuiltInKeywords.click(WebUiBuiltInKeywords.groovy:616)
	at com.kms.katalon.core.webui.keyword.WebUiBuiltInKeywords$click$1.call(Unknown Source)
	at Social media icons.run(Social media icons:48)
	at com.kms.katalon.core.main.ScriptEngine.run(ScriptEngine.java:194)
	at com.kms.katalon.core.main.ScriptEngine.runScriptAsRawText(ScriptEngine.java:119)
	at com.kms.katalon.core.main.TestCaseExecutor.runScript(TestCaseExecutor.java:328)
	at com.kms.katalon.core.main.TestCaseExecutor.doExecute(TestCaseExecutor.java:319)
	at com.kms.katalon.core.main.TestCaseExecutor.processExecutionPhase(TestCaseExecutor.java:298)
	at com.kms.katalon.core.main.TestCaseExecutor.accessMainPhase(TestCaseExecutor.java:290)
	at com.kms.katalon.core.main.TestCaseExecutor.execute(TestCaseExecutor.java:224)
	at com.kms.katalon.core.main.TestSuiteExecutor.accessTestCaseMainPhase(TestSuiteExecutor.java:129)
	at com.kms.katalon.core.main.TestSuiteExecutor.accessTestSuiteMainPhase(TestSuiteExecutor.java:112)
	at com.kms.katalon.core.main.TestSuiteExecutor.execute(TestSuiteExecutor.java:81)
	at com.kms.katalon.core.main.TestCaseMain.startTestSuite(TestCaseMain.java:149)
	at com.kms.katalon.core.main.TestCaseMain$startTestSuite$0.call(Unknown Source)
	at TempTestSuite1561483953417.run(TempTestSuite1561483953417.groovy:36)]]></system-out>
      <system-err><![CDATA[2019-06-25 13:32:35 - [TEST_SUITE][FAILED] - Apollo - dark build: Test Cases/PRODUCT PAGE/Social media icons FAILED.
Reason:
com.kms.katalon.core.exception.StepFailedException: Unable to click on object 'Object Repository/APOLLO- Desktop/Product page/facebook icon' (Root cause: com.kms.katalon.core.webui.exception.WebElementNotFoundException: Web element with id: 'Object Repository/APOLLO- Desktop/Product page/facebook icon' located by 'By.xpath: //div[@class='c-product-summary c-product-summary--shadow js-sticky u-text-center js-scroll-fade is-loaded is_stuck']//li[1]//a[1]' not found)
	at com.kms.katalon.core.keyword.internal.KeywordMain.stepFailed(KeywordMain.groovy:36)
	at com.kms.katalon.core.webui.keyword.internal.WebUIKeywordMain.stepFailed(WebUIKeywordMain.groovy:65)
	at com.kms.katalon.core.webui.keyword.internal.WebUIKeywordMain.runKeyword(WebUIKeywordMain.groovy:27)
	at com.kms.katalon.core.webui.keyword.builtin.ClickKeyword.click(ClickKeyword.groovy:86)
	at com.kms.katalon.core.webui.keyword.builtin.ClickKeyword.execute(ClickKeyword.groovy:67)
	at com.kms.katalon.core.keyword.internal.KeywordExecutor.executeKeywordForPlatform(KeywordExecutor.groovy:53)
	at com.kms.katalon.core.webui.keyword.WebUiBuiltInKeywords.click(WebUiBuiltInKeywords.groovy:616)
	at com.kms.katalon.core.webui.keyword.WebUiBuiltInKeywords$click$1.call(Unknown Source)
	at Social media icons.run(Social media icons:48)
	at com.kms.katalon.core.main.ScriptEngine.run(ScriptEngine.java:194)
	at com.kms.katalon.core.main.ScriptEngine.runScriptAsRawText(ScriptEngine.java:119)
	at com.kms.katalon.core.main.TestCaseExecutor.runScript(TestCaseExecutor.java:328)
	at com.kms.katalon.core.main.TestCaseExecutor.doExecute(TestCaseExecutor.java:319)
	at com.kms.katalon.core.main.TestCaseExecutor.processExecutionPhase(TestCaseExecutor.java:298)
	at com.kms.katalon.core.main.TestCaseExecutor.accessMainPhase(TestCaseExecutor.java:290)
	at com.kms.katalon.core.main.TestCaseExecutor.execute(TestCaseExecutor.java:224)
	at com.kms.katalon.core.main.TestSuiteExecutor.accessTestCaseMainPhase(TestSuiteExecutor.java:129)
	at com.kms.katalon.core.main.TestSuiteExecutor.accessTestSuiteMainPhase(TestSuiteExecutor.java:112)
	at com.kms.katalon.core.main.TestSuiteExecutor.execute(TestSuiteExecutor.java:81)
	at com.kms.katalon.core.main.TestCaseMain.startTestSuite(TestCaseMain.java:149)
	at com.kms.katalon.core.main.TestCaseMain$startTestSuite$0.call(Unknown Source)
	at TempTestSuite1561483953417.run(TempTestSuite1561483953417.groovy:36)]]></system-err>
   </testsuite>
</testsuites>
