<?xml version="1.0" encoding="UTF-8"?>
<testsuites name="Trial" time="1965" tests="21" failures="10" errors="0">
   <testsuite name="Trial" tests="21" failures="10" errors="0" time="1965" timestamp="2019-06-13 18:37:33" hostname="sumankompelly - 10.0.126.233" id="Test Suites/Trial">
      <properties>
         <property name="deviceName" value=""/>
         <property name="devicePlatform" value=""/>
         <property name="logFolder" value="/Users/sumankompelly/Katalon Studio/APOLLO/Reports/Trial/20190613_183731"/>
         <property name="logFiles" value="/Users/sumankompelly/Katalon Studio/APOLLO/Reports/Trial/20190613_183731/execution0.log"/>
         <property name="attachments" value="/Users/sumankompelly/Katalon Studio/APOLLO/Reports/Trial/20190613_183731/1560465513477.png, /Users/sumankompelly/Katalon Studio/APOLLO/Reports/Trial/20190613_183731/1560465522889.png, /Users/sumankompelly/Katalon Studio/APOLLO/Reports/Trial/20190613_183731/1560465532157.png, /Users/sumankompelly/Katalon Studio/APOLLO/Reports/Trial/20190613_183731/1560465541406.png, /Users/sumankompelly/Katalon Studio/APOLLO/Reports/Trial/20190613_183731/1560465550622.png, /Users/sumankompelly/Katalon Studio/APOLLO/Reports/Trial/20190613_183731/1560465559942.png, /Users/sumankompelly/Katalon Studio/APOLLO/Reports/Trial/20190613_183731/1560465570158.png, /Users/sumankompelly/Katalon Studio/APOLLO/Reports/Trial/20190613_183731/1560465577330.png, /Users/sumankompelly/Katalon Studio/APOLLO/Reports/Trial/20190613_183731/1560465700225.png, /Users/sumankompelly/Katalon Studio/APOLLO/Reports/Trial/20190613_183731/1560465837930.png, /Users/sumankompelly/Katalon Studio/APOLLO/Reports/Trial/20190613_183731/1560466063539.png, /Users/sumankompelly/Katalon Studio/APOLLO/Reports/Trial/20190613_183731/1560466171642.png, /Users/sumankompelly/Katalon Studio/APOLLO/Reports/Trial/20190613_183731/1560466285067.png, /Users/sumankompelly/Katalon Studio/APOLLO/Reports/Trial/20190613_183731/1560466338640.png, /Users/sumankompelly/Katalon Studio/APOLLO/Reports/Trial/20190613_183731/1560466481806.png, /Users/sumankompelly/Katalon Studio/APOLLO/Reports/Trial/20190613_183731/1560466523245.png, /Users/sumankompelly/Katalon Studio/APOLLO/Reports/Trial/20190613_183731/1560466556369.png, /Users/sumankompelly/Katalon Studio/APOLLO/Reports/Trial/20190613_183731/1560466589456.png, /Users/sumankompelly/Katalon Studio/APOLLO/Reports/Trial/20190613_183731/1560466751727.png, /Users/sumankompelly/Katalon Studio/APOLLO/Reports/Trial/20190613_183731/1560466771307.png, /Users/sumankompelly/Katalon Studio/APOLLO/Reports/Trial/20190613_183731/1560467188189.png"/>
         <property name="hostName" value="sumankompelly - 10.0.126.233"/>
         <property name="os" value="Mac OS X 64bit"/>
         <property name="katalonVersion" value="5.10.1.1"/>
         <property name="browser" value="Chrome 75.0.3770.90"/>
         <property name="hostAddress" value="10.0.126.233"/>
         <property name="sessionId" value="a7c4d38277d976e5593ca4e1b076d1a2"/>
         <property name="seleniumVersion" value="3.7.1"/>
         <property name="proxyInformation" value="ProxyInformation{proxyOption=NO_PROXY, proxyServerType=HTTP, password=, proxyServerAddress=, proxyServerPort=0}"/>
         <property name="platform" value="Mac OS X"/>
      </properties>
      <testcase name="Test Cases/COLLECTION PAGE/colour variants" classname="Test Cases/COLLECTION PAGE/colour variants" status="PASSED">
         <system-out><![CDATA[2019-06-13 18:37:34 - [TEST_CASE][PASSED] - Test Cases/COLLECTION PAGE/colour variants: Test Cases/COLLECTION PAGE/colour variants

2019-06-13 18:37:34 - [TEST_STEP][PASSED] - callTestCase(findTestCase("CALL - URL"), [:], STOP_ON_FAILURE): Call Test Case 'Test Cases/CALL - URL' successfully

2019-06-13 18:37:34 - [TEST_CASE][PASSED] - Test Cases/CALL - URL: Test Cases/CALL - URL

2019-06-13 18:37:34 - [TEST_STEP][PASSED] - openBrowser(""): Browser is opened with url: ''

2019-06-13 18:37:35 - [MESSAGE][INFO] - Starting 'Chrome' driver

2019-06-13 18:37:35 - [MESSAGE][INFO] - Action delay is set to 0 seconds

2019-06-13 18:37:37 - [MESSAGE][PASSED] - Browser is opened with url: ''

2019-06-13 18:37:37 - [TEST_STEP][PASSED] - navigateToUrl("https://diff-apollo.myshopify.com/?_ab=0&_fd=0&_sc=1&preview_theme_id=68602101860"): Navigate to 'https://diff-apollo.myshopify.com/?_ab=0&_fd=0&_sc=1&preview_theme_id=68602101860' successfully

2019-06-13 18:37:42 - [MESSAGE][PASSED] - Navigate to 'https://diff-apollo.myshopify.com/?_ab=0&_fd=0&_sc=1&preview_theme_id=68602101860' successfully

2019-06-13 18:37:42 - [TEST_STEP][PASSED] - executeJavaScript("var previewBar = document.getElementById("preview-bar-iframe"); previewBar.style.display = "none";", []): Execute JavaScript 'var previewBar = document.getElementById("preview-bar-iframe"); previewBar.style.display = "none";' successfully

2019-06-13 18:37:43 - [MESSAGE][PASSED] - Execute JavaScript 'var previewBar = document.getElementById("preview-bar-iframe"); previewBar.style.display = "none";' successfully

2019-06-13 18:37:43 - [MESSAGE][PASSED] - Call Test Case 'Test Cases/CALL - URL' successfully

2019-06-13 18:37:43 - [TEST_STEP][PASSED] - delay(2): Delayed 2 second(s)

2019-06-13 18:37:45 - [MESSAGE][PASSED] - Delayed 2 second(s)

2019-06-13 18:37:45 - [TEST_STEP][PASSED] - click(findTestObject("APOLLO- Desktop/Burger Menu/Burgermenu")): Object: 'Object Repository/APOLLO- Desktop/Burger Menu/Burgermenu' is clicked on

2019-06-13 18:37:45 - [MESSAGE][PASSED] - Object: 'Object Repository/APOLLO- Desktop/Burger Menu/Burgermenu' is clicked on

2019-06-13 18:37:45 - [TEST_STEP][PASSED] - delay(2): Delayed 2 second(s)

2019-06-13 18:37:47 - [MESSAGE][PASSED] - Delayed 2 second(s)

2019-06-13 18:37:47 - [TEST_STEP][PASSED] - click(findTestObject("APOLLO- Desktop/Burger Menu/Mens chevron")): Object: 'Object Repository/APOLLO- Desktop/Burger Menu/Mens chevron' is clicked on

2019-06-13 18:37:47 - [MESSAGE][PASSED] - Object: 'Object Repository/APOLLO- Desktop/Burger Menu/Mens chevron' is clicked on

2019-06-13 18:37:47 - [TEST_STEP][PASSED] - delay(2): Delayed 2 second(s)

2019-06-13 18:37:49 - [MESSAGE][PASSED] - Delayed 2 second(s)

2019-06-13 18:37:49 - [TEST_STEP][PASSED] - click(findTestObject("APOLLO- Desktop/Burger Menu/Mens - Top Chevron")): Object: 'Object Repository/APOLLO- Desktop/Burger Menu/Mens - Top Chevron' is clicked on

2019-06-13 18:37:49 - [MESSAGE][PASSED] - Object: 'Object Repository/APOLLO- Desktop/Burger Menu/Mens - Top Chevron' is clicked on

2019-06-13 18:37:49 - [TEST_STEP][PASSED] - delay(2): Delayed 2 second(s)

2019-06-13 18:37:51 - [MESSAGE][PASSED] - Delayed 2 second(s)

2019-06-13 18:37:51 - [TEST_STEP][PASSED] - click(findTestObject("APOLLO- Desktop/Burger Menu/Shirts link")): Object: 'Object Repository/APOLLO- Desktop/Burger Menu/Shirts link' is clicked on

2019-06-13 18:37:53 - [MESSAGE][PASSED] - Object: 'Object Repository/APOLLO- Desktop/Burger Menu/Shirts link' is clicked on

2019-06-13 18:37:53 - [TEST_STEP][PASSED] - delay(2): Delayed 2 second(s)

2019-06-13 18:37:55 - [MESSAGE][PASSED] - Delayed 2 second(s)

2019-06-13 18:37:55 - [TEST_STEP][PASSED] - executeJavaScript("var previewBar = document.getElementById("preview-bar-iframe"); previewBar.style.display = "none";", []): Execute JavaScript 'var previewBar = document.getElementById("preview-bar-iframe"); previewBar.style.display = "none";' successfully

2019-06-13 18:37:55 - [MESSAGE][PASSED] - Execute JavaScript 'var previewBar = document.getElementById("preview-bar-iframe"); previewBar.style.display = "none";' successfully

2019-06-13 18:37:55 - [TEST_STEP][PASSED] - delay(2): Delayed 2 second(s)

2019-06-13 18:37:57 - [MESSAGE][PASSED] - Delayed 2 second(s)

2019-06-13 18:37:57 - [TEST_STEP][PASSED] - scrollToElement(findTestObject("APOLLO- Desktop/Collection page/Blue shirt product"), 0): Scroll to object 'Object Repository/APOLLO- Desktop/Collection page/Blue shirt product' successfully

2019-06-13 18:37:57 - [MESSAGE][WARNING] - Timeout '0' is invalid. Using default page load timeout: '30'

2019-06-13 18:37:57 - [MESSAGE][PASSED] - Scroll to object 'Object Repository/APOLLO- Desktop/Collection page/Blue shirt product' successfully

2019-06-13 18:37:57 - [TEST_STEP][PASSED] - delay(2): Delayed 2 second(s)

2019-06-13 18:37:59 - [MESSAGE][PASSED] - Delayed 2 second(s)

2019-06-13 18:37:59 - [TEST_STEP][PASSED] - click(findTestObject("APOLLO- Desktop/Collection page/color variants/red variant")): Object: 'Object Repository/APOLLO- Desktop/Collection page/color variants/red variant' is clicked on

2019-06-13 18:37:59 - [MESSAGE][PASSED] - Object: 'Object Repository/APOLLO- Desktop/Collection page/color variants/red variant' is clicked on

2019-06-13 18:37:59 - [TEST_STEP][PASSED] - delay(2): Delayed 2 second(s)

2019-06-13 18:38:01 - [MESSAGE][PASSED] - Delayed 2 second(s)

2019-06-13 18:38:01 - [TEST_STEP][PASSED] - click(findTestObject("APOLLO- Desktop/Collection page/color variants/Purple variant")): Object: 'Object Repository/APOLLO- Desktop/Collection page/color variants/Purple variant' is clicked on

2019-06-13 18:38:01 - [MESSAGE][PASSED] - Object: 'Object Repository/APOLLO- Desktop/Collection page/color variants/Purple variant' is clicked on

2019-06-13 18:38:01 - [TEST_STEP][PASSED] - delay(2): Delayed 2 second(s)

2019-06-13 18:38:03 - [MESSAGE][PASSED] - Delayed 2 second(s)

2019-06-13 18:38:03 - [TEST_STEP][PASSED] - click(findTestObject("APOLLO- Desktop/Collection page/color variants/green variant")): Object: 'Object Repository/APOLLO- Desktop/Collection page/color variants/green variant' is clicked on

2019-06-13 18:38:03 - [MESSAGE][PASSED] - Object: 'Object Repository/APOLLO- Desktop/Collection page/color variants/green variant' is clicked on

2019-06-13 18:38:03 - [TEST_STEP][PASSED] - delay(2): Delayed 2 second(s)

2019-06-13 18:38:05 - [MESSAGE][PASSED] - Delayed 2 second(s)

2019-06-13 18:38:05 - [TEST_STEP][PASSED] - click(findTestObject("APOLLO- Desktop/Collection page/color variants/Blue variant")): Object: 'Object Repository/APOLLO- Desktop/Collection page/color variants/Blue variant' is clicked on

2019-06-13 18:38:05 - [MESSAGE][PASSED] - Object: 'Object Repository/APOLLO- Desktop/Collection page/color variants/Blue variant' is clicked on

2019-06-13 18:38:05 - [TEST_STEP][PASSED] - delay(2): Delayed 2 second(s)

2019-06-13 18:38:07 - [MESSAGE][PASSED] - Delayed 2 second(s)

2019-06-13 18:38:07 - [TEST_STEP][PASSED] - click(findTestObject("APOLLO- Desktop/Collection page/color variants/Black variant")): Object: 'Object Repository/APOLLO- Desktop/Collection page/color variants/Black variant' is clicked on

2019-06-13 18:38:07 - [MESSAGE][PASSED] - Object: 'Object Repository/APOLLO- Desktop/Collection page/color variants/Black variant' is clicked on]]></system-out>
         <system-err><![CDATA[]]></system-err>
      </testcase>
      <testcase name="Test Cases/COLLECTION PAGE/Sort" classname="Test Cases/COLLECTION PAGE/Sort" status="PASSED">
         <system-out><![CDATA[2019-06-13 18:38:07 - [TEST_CASE][PASSED] - Test Cases/COLLECTION PAGE/Sort: Test Cases/COLLECTION PAGE/Sort

2019-06-13 18:38:07 - [TEST_STEP][PASSED] - callTestCase(findTestCase("CALL - URL"), [:], STOP_ON_FAILURE): Call Test Case 'Test Cases/CALL - URL' successfully

2019-06-13 18:38:07 - [TEST_CASE][PASSED] - Test Cases/CALL - URL: Test Cases/CALL - URL

2019-06-13 18:38:07 - [TEST_STEP][PASSED] - openBrowser(""): Browser is opened with url: ''

2019-06-13 18:38:07 - [MESSAGE][WARNING] - A browser is already opened. Closing browser and opening a new one

2019-06-13 18:38:07 - [MESSAGE][INFO] - Starting 'Chrome' driver

2019-06-13 18:38:09 - [MESSAGE][PASSED] - Browser is opened with url: ''

2019-06-13 18:38:09 - [TEST_STEP][PASSED] - navigateToUrl("https://diff-apollo.myshopify.com/?_ab=0&_fd=0&_sc=1&preview_theme_id=68602101860"): Navigate to 'https://diff-apollo.myshopify.com/?_ab=0&_fd=0&_sc=1&preview_theme_id=68602101860' successfully

2019-06-13 18:38:13 - [MESSAGE][PASSED] - Navigate to 'https://diff-apollo.myshopify.com/?_ab=0&_fd=0&_sc=1&preview_theme_id=68602101860' successfully

2019-06-13 18:38:13 - [TEST_STEP][PASSED] - executeJavaScript("var previewBar = document.getElementById("preview-bar-iframe"); previewBar.style.display = "none";", []): Execute JavaScript 'var previewBar = document.getElementById("preview-bar-iframe"); previewBar.style.display = "none";' successfully

2019-06-13 18:38:13 - [MESSAGE][PASSED] - Execute JavaScript 'var previewBar = document.getElementById("preview-bar-iframe"); previewBar.style.display = "none";' successfully

2019-06-13 18:38:13 - [MESSAGE][PASSED] - Call Test Case 'Test Cases/CALL - URL' successfully

2019-06-13 18:38:13 - [TEST_STEP][PASSED] - delay(2): Delayed 2 second(s)

2019-06-13 18:38:15 - [MESSAGE][PASSED] - Delayed 2 second(s)

2019-06-13 18:38:15 - [TEST_STEP][PASSED] - click(findTestObject("APOLLO- Desktop/Burger Menu/Burgermenu")): Object: 'Object Repository/APOLLO- Desktop/Burger Menu/Burgermenu' is clicked on

2019-06-13 18:38:15 - [MESSAGE][PASSED] - Object: 'Object Repository/APOLLO- Desktop/Burger Menu/Burgermenu' is clicked on

2019-06-13 18:38:15 - [TEST_STEP][PASSED] - delay(2): Delayed 2 second(s)

2019-06-13 18:38:17 - [MESSAGE][PASSED] - Delayed 2 second(s)

2019-06-13 18:38:17 - [TEST_STEP][PASSED] - click(findTestObject("APOLLO- Desktop/Burger Menu/Mens chevron")): Object: 'Object Repository/APOLLO- Desktop/Burger Menu/Mens chevron' is clicked on

2019-06-13 18:38:17 - [MESSAGE][PASSED] - Object: 'Object Repository/APOLLO- Desktop/Burger Menu/Mens chevron' is clicked on

2019-06-13 18:38:17 - [TEST_STEP][PASSED] - delay(2): Delayed 2 second(s)

2019-06-13 18:38:19 - [MESSAGE][PASSED] - Delayed 2 second(s)

2019-06-13 18:38:19 - [TEST_STEP][PASSED] - click(findTestObject("APOLLO- Desktop/Burger Menu/Mens - Top Chevron")): Object: 'Object Repository/APOLLO- Desktop/Burger Menu/Mens - Top Chevron' is clicked on

2019-06-13 18:38:19 - [MESSAGE][PASSED] - Object: 'Object Repository/APOLLO- Desktop/Burger Menu/Mens - Top Chevron' is clicked on

2019-06-13 18:38:19 - [TEST_STEP][PASSED] - delay(2): Delayed 2 second(s)

2019-06-13 18:38:21 - [MESSAGE][PASSED] - Delayed 2 second(s)

2019-06-13 18:38:21 - [TEST_STEP][PASSED] - click(findTestObject("APOLLO- Desktop/Burger Menu/Shirts link")): Object: 'Object Repository/APOLLO- Desktop/Burger Menu/Shirts link' is clicked on

2019-06-13 18:38:23 - [MESSAGE][PASSED] - Object: 'Object Repository/APOLLO- Desktop/Burger Menu/Shirts link' is clicked on

2019-06-13 18:38:23 - [TEST_STEP][PASSED] - delay(2): Delayed 2 second(s)

2019-06-13 18:38:25 - [MESSAGE][PASSED] - Delayed 2 second(s)

2019-06-13 18:38:25 - [TEST_STEP][PASSED] - executeJavaScript("var previewBar = document.getElementById("preview-bar-iframe"); previewBar.style.display = "none";", []): Execute JavaScript 'var previewBar = document.getElementById("preview-bar-iframe"); previewBar.style.display = "none";' successfully

2019-06-13 18:38:25 - [MESSAGE][PASSED] - Execute JavaScript 'var previewBar = document.getElementById("preview-bar-iframe"); previewBar.style.display = "none";' successfully

2019-06-13 18:38:25 - [TEST_STEP][PASSED] - delay(2): Delayed 2 second(s)

2019-06-13 18:38:27 - [MESSAGE][PASSED] - Delayed 2 second(s)

2019-06-13 18:38:27 - [TEST_STEP][PASSED] - click(findTestObject("APOLLO- Desktop/Collection page/sort/Filter dropdown")): Object: 'Object Repository/APOLLO- Desktop/Collection page/sort/Filter dropdown' is clicked on

2019-06-13 18:38:27 - [MESSAGE][PASSED] - Object: 'Object Repository/APOLLO- Desktop/Collection page/sort/Filter dropdown' is clicked on

2019-06-13 18:38:27 - [TEST_STEP][PASSED] - delay(2): Delayed 2 second(s)

2019-06-13 18:38:29 - [MESSAGE][PASSED] - Delayed 2 second(s)

2019-06-13 18:38:29 - [TEST_STEP][PASSED] - click(findTestObject("APOLLO- Desktop/Collection page/sort/Featured")): Object: 'Object Repository/APOLLO- Desktop/Collection page/sort/Featured' is clicked on

2019-06-13 18:38:29 - [MESSAGE][PASSED] - Object: 'Object Repository/APOLLO- Desktop/Collection page/sort/Featured' is clicked on

2019-06-13 18:38:29 - [TEST_STEP][PASSED] - delay(2): Delayed 2 second(s)

2019-06-13 18:38:31 - [MESSAGE][PASSED] - Delayed 2 second(s)

2019-06-13 18:38:31 - [TEST_STEP][PASSED] - click(findTestObject("APOLLO- Desktop/Collection page/sort/Filter dropdown")): Object: 'Object Repository/APOLLO- Desktop/Collection page/sort/Filter dropdown' is clicked on

2019-06-13 18:38:31 - [MESSAGE][PASSED] - Object: 'Object Repository/APOLLO- Desktop/Collection page/sort/Filter dropdown' is clicked on

2019-06-13 18:38:31 - [TEST_STEP][PASSED] - delay(2): Delayed 2 second(s)

2019-06-13 18:38:33 - [MESSAGE][PASSED] - Delayed 2 second(s)

2019-06-13 18:38:33 - [TEST_STEP][PASSED] - takeScreenshot(): Taking screenshot successfully

2019-06-13 18:38:34 - [MESSAGE][PASSED] - Taking screenshot successfully
[[ATTACHMENT|/Users/sumankompelly/Katalon Studio/APOLLO/Reports/Trial/20190613_183731/1560465513477.png]]

2019-06-13 18:38:34 - [TEST_STEP][PASSED] - delay(2): Delayed 2 second(s)

2019-06-13 18:38:36 - [MESSAGE][PASSED] - Delayed 2 second(s)

2019-06-13 18:38:36 - [TEST_STEP][PASSED] - click(findTestObject("APOLLO- Desktop/Collection page/sort/Filter dropdown")): Object: 'Object Repository/APOLLO- Desktop/Collection page/sort/Filter dropdown' is clicked on

2019-06-13 18:38:36 - [MESSAGE][PASSED] - Object: 'Object Repository/APOLLO- Desktop/Collection page/sort/Filter dropdown' is clicked on

2019-06-13 18:38:36 - [TEST_STEP][PASSED] - delay(2): Delayed 2 second(s)

2019-06-13 18:38:38 - [MESSAGE][PASSED] - Delayed 2 second(s)

2019-06-13 18:38:38 - [TEST_STEP][PASSED] - click(findTestObject("APOLLO- Desktop/Collection page/sort/Best selling")): Object: 'Object Repository/APOLLO- Desktop/Collection page/sort/Best selling' is clicked on

2019-06-13 18:38:38 - [MESSAGE][PASSED] - Object: 'Object Repository/APOLLO- Desktop/Collection page/sort/Best selling' is clicked on

2019-06-13 18:38:38 - [TEST_STEP][PASSED] - delay(2): Delayed 2 second(s)

2019-06-13 18:38:40 - [MESSAGE][PASSED] - Delayed 2 second(s)

2019-06-13 18:38:40 - [TEST_STEP][PASSED] - click(findTestObject("APOLLO- Desktop/Collection page/sort/Filter dropdown")): Object: 'Object Repository/APOLLO- Desktop/Collection page/sort/Filter dropdown' is clicked on

2019-06-13 18:38:40 - [MESSAGE][PASSED] - Object: 'Object Repository/APOLLO- Desktop/Collection page/sort/Filter dropdown' is clicked on

2019-06-13 18:38:40 - [TEST_STEP][PASSED] - delay(2): Delayed 2 second(s)

2019-06-13 18:38:42 - [MESSAGE][PASSED] - Delayed 2 second(s)

2019-06-13 18:38:42 - [TEST_STEP][PASSED] - takeScreenshot(): Taking screenshot successfully

2019-06-13 18:38:43 - [MESSAGE][PASSED] - Taking screenshot successfully
[[ATTACHMENT|/Users/sumankompelly/Katalon Studio/APOLLO/Reports/Trial/20190613_183731/1560465522889.png]]

2019-06-13 18:38:43 - [TEST_STEP][PASSED] - delay(2): Delayed 2 second(s)

2019-06-13 18:38:45 - [MESSAGE][PASSED] - Delayed 2 second(s)

2019-06-13 18:38:45 - [TEST_STEP][PASSED] - click(findTestObject("APOLLO- Desktop/Collection page/sort/Filter dropdown")): Object: 'Object Repository/APOLLO- Desktop/Collection page/sort/Filter dropdown' is clicked on

2019-06-13 18:38:45 - [MESSAGE][PASSED] - Object: 'Object Repository/APOLLO- Desktop/Collection page/sort/Filter dropdown' is clicked on

2019-06-13 18:38:45 - [TEST_STEP][PASSED] - delay(2): Delayed 2 second(s)

2019-06-13 18:38:47 - [MESSAGE][PASSED] - Delayed 2 second(s)

2019-06-13 18:38:47 - [TEST_STEP][PASSED] - click(findTestObject("APOLLO- Desktop/Collection page/sort/Alphabetically A-Z")): Object: 'Object Repository/APOLLO- Desktop/Collection page/sort/Alphabetically A-Z' is clicked on

2019-06-13 18:38:48 - [MESSAGE][PASSED] - Object: 'Object Repository/APOLLO- Desktop/Collection page/sort/Alphabetically A-Z' is clicked on

2019-06-13 18:38:48 - [TEST_STEP][PASSED] - delay(2): Delayed 2 second(s)

2019-06-13 18:38:50 - [MESSAGE][PASSED] - Delayed 2 second(s)

2019-06-13 18:38:50 - [TEST_STEP][PASSED] - click(findTestObject("APOLLO- Desktop/Collection page/sort/Filter dropdown")): Object: 'Object Repository/APOLLO- Desktop/Collection page/sort/Filter dropdown' is clicked on

2019-06-13 18:38:50 - [MESSAGE][PASSED] - Object: 'Object Repository/APOLLO- Desktop/Collection page/sort/Filter dropdown' is clicked on

2019-06-13 18:38:50 - [TEST_STEP][PASSED] - delay(2): Delayed 2 second(s)

2019-06-13 18:38:52 - [MESSAGE][PASSED] - Delayed 2 second(s)

2019-06-13 18:38:52 - [TEST_STEP][PASSED] - takeScreenshot(): Taking screenshot successfully

2019-06-13 18:38:53 - [MESSAGE][PASSED] - Taking screenshot successfully
[[ATTACHMENT|/Users/sumankompelly/Katalon Studio/APOLLO/Reports/Trial/20190613_183731/1560465532157.png]]

2019-06-13 18:38:53 - [TEST_STEP][PASSED] - delay(2): Delayed 2 second(s)

2019-06-13 18:38:55 - [MESSAGE][PASSED] - Delayed 2 second(s)

2019-06-13 18:38:55 - [TEST_STEP][PASSED] - click(findTestObject("APOLLO- Desktop/Collection page/sort/Filter dropdown")): Object: 'Object Repository/APOLLO- Desktop/Collection page/sort/Filter dropdown' is clicked on

2019-06-13 18:38:55 - [MESSAGE][PASSED] - Object: 'Object Repository/APOLLO- Desktop/Collection page/sort/Filter dropdown' is clicked on

2019-06-13 18:38:55 - [TEST_STEP][PASSED] - delay(2): Delayed 2 second(s)

2019-06-13 18:38:57 - [MESSAGE][PASSED] - Delayed 2 second(s)

2019-06-13 18:38:57 - [TEST_STEP][PASSED] - click(findTestObject("APOLLO- Desktop/Collection page/sort/Alphabetically Z-A")): Object: 'Object Repository/APOLLO- Desktop/Collection page/sort/Alphabetically Z-A' is clicked on

2019-06-13 18:38:57 - [MESSAGE][PASSED] - Object: 'Object Repository/APOLLO- Desktop/Collection page/sort/Alphabetically Z-A' is clicked on

2019-06-13 18:38:57 - [TEST_STEP][PASSED] - delay(2): Delayed 2 second(s)

2019-06-13 18:38:59 - [MESSAGE][PASSED] - Delayed 2 second(s)

2019-06-13 18:38:59 - [TEST_STEP][PASSED] - click(findTestObject("APOLLO- Desktop/Collection page/sort/Filter dropdown")): Object: 'Object Repository/APOLLO- Desktop/Collection page/sort/Filter dropdown' is clicked on

2019-06-13 18:38:59 - [MESSAGE][PASSED] - Object: 'Object Repository/APOLLO- Desktop/Collection page/sort/Filter dropdown' is clicked on

2019-06-13 18:38:59 - [TEST_STEP][PASSED] - delay(2): Delayed 2 second(s)

2019-06-13 18:39:01 - [MESSAGE][PASSED] - Delayed 2 second(s)

2019-06-13 18:39:01 - [TEST_STEP][PASSED] - takeScreenshot(): Taking screenshot successfully

2019-06-13 18:39:02 - [MESSAGE][PASSED] - Taking screenshot successfully
[[ATTACHMENT|/Users/sumankompelly/Katalon Studio/APOLLO/Reports/Trial/20190613_183731/1560465541406.png]]

2019-06-13 18:39:02 - [TEST_STEP][PASSED] - delay(2): Delayed 2 second(s)

2019-06-13 18:39:04 - [MESSAGE][PASSED] - Delayed 2 second(s)

2019-06-13 18:39:04 - [TEST_STEP][PASSED] - click(findTestObject("APOLLO- Desktop/Collection page/sort/Filter dropdown")): Object: 'Object Repository/APOLLO- Desktop/Collection page/sort/Filter dropdown' is clicked on

2019-06-13 18:39:04 - [MESSAGE][PASSED] - Object: 'Object Repository/APOLLO- Desktop/Collection page/sort/Filter dropdown' is clicked on

2019-06-13 18:39:04 - [TEST_STEP][PASSED] - delay(2): Delayed 2 second(s)

2019-06-13 18:39:06 - [MESSAGE][PASSED] - Delayed 2 second(s)

2019-06-13 18:39:06 - [TEST_STEP][PASSED] - click(findTestObject("APOLLO- Desktop/Collection page/sort/Price-Low to high")): Object: 'Object Repository/APOLLO- Desktop/Collection page/sort/Price-Low to high' is clicked on

2019-06-13 18:39:06 - [MESSAGE][PASSED] - Object: 'Object Repository/APOLLO- Desktop/Collection page/sort/Price-Low to high' is clicked on

2019-06-13 18:39:06 - [TEST_STEP][PASSED] - delay(2): Delayed 2 second(s)

2019-06-13 18:39:08 - [MESSAGE][PASSED] - Delayed 2 second(s)

2019-06-13 18:39:08 - [TEST_STEP][PASSED] - click(findTestObject("APOLLO- Desktop/Collection page/sort/Filter dropdown")): Object: 'Object Repository/APOLLO- Desktop/Collection page/sort/Filter dropdown' is clicked on

2019-06-13 18:39:08 - [MESSAGE][PASSED] - Object: 'Object Repository/APOLLO- Desktop/Collection page/sort/Filter dropdown' is clicked on

2019-06-13 18:39:08 - [TEST_STEP][PASSED] - delay(2): Delayed 2 second(s)

2019-06-13 18:39:10 - [MESSAGE][PASSED] - Delayed 2 second(s)

2019-06-13 18:39:10 - [TEST_STEP][PASSED] - takeScreenshot(): Taking screenshot successfully

2019-06-13 18:39:11 - [MESSAGE][PASSED] - Taking screenshot successfully
[[ATTACHMENT|/Users/sumankompelly/Katalon Studio/APOLLO/Reports/Trial/20190613_183731/1560465550622.png]]

2019-06-13 18:39:11 - [TEST_STEP][PASSED] - delay(2): Delayed 2 second(s)

2019-06-13 18:39:13 - [MESSAGE][PASSED] - Delayed 2 second(s)

2019-06-13 18:39:13 - [TEST_STEP][PASSED] - click(findTestObject("APOLLO- Desktop/Collection page/sort/Filter dropdown")): Object: 'Object Repository/APOLLO- Desktop/Collection page/sort/Filter dropdown' is clicked on

2019-06-13 18:39:13 - [MESSAGE][PASSED] - Object: 'Object Repository/APOLLO- Desktop/Collection page/sort/Filter dropdown' is clicked on

2019-06-13 18:39:13 - [TEST_STEP][PASSED] - delay(2): Delayed 2 second(s)

2019-06-13 18:39:15 - [MESSAGE][PASSED] - Delayed 2 second(s)

2019-06-13 18:39:15 - [TEST_STEP][PASSED] - click(findTestObject("APOLLO- Desktop/Collection page/sort/price-High to low")): Object: 'Object Repository/APOLLO- Desktop/Collection page/sort/price-High to low' is clicked on

2019-06-13 18:39:15 - [MESSAGE][PASSED] - Object: 'Object Repository/APOLLO- Desktop/Collection page/sort/price-High to low' is clicked on

2019-06-13 18:39:15 - [TEST_STEP][PASSED] - delay(2): Delayed 2 second(s)

2019-06-13 18:39:17 - [MESSAGE][PASSED] - Delayed 2 second(s)

2019-06-13 18:39:17 - [TEST_STEP][PASSED] - click(findTestObject("APOLLO- Desktop/Collection page/sort/Filter dropdown")): Object: 'Object Repository/APOLLO- Desktop/Collection page/sort/Filter dropdown' is clicked on

2019-06-13 18:39:17 - [MESSAGE][PASSED] - Object: 'Object Repository/APOLLO- Desktop/Collection page/sort/Filter dropdown' is clicked on

2019-06-13 18:39:17 - [TEST_STEP][PASSED] - delay(2): Delayed 2 second(s)

2019-06-13 18:39:19 - [MESSAGE][PASSED] - Delayed 2 second(s)

2019-06-13 18:39:19 - [TEST_STEP][PASSED] - takeScreenshot(): Taking screenshot successfully

2019-06-13 18:39:20 - [MESSAGE][PASSED] - Taking screenshot successfully
[[ATTACHMENT|/Users/sumankompelly/Katalon Studio/APOLLO/Reports/Trial/20190613_183731/1560465559942.png]]

2019-06-13 18:39:20 - [TEST_STEP][PASSED] - delay(2): Delayed 2 second(s)

2019-06-13 18:39:22 - [MESSAGE][PASSED] - Delayed 2 second(s)

2019-06-13 18:39:22 - [TEST_STEP][PASSED] - click(findTestObject("APOLLO- Desktop/Collection page/sort/Filter dropdown")): Object: 'Object Repository/APOLLO- Desktop/Collection page/sort/Filter dropdown' is clicked on

2019-06-13 18:39:23 - [MESSAGE][PASSED] - Object: 'Object Repository/APOLLO- Desktop/Collection page/sort/Filter dropdown' is clicked on

2019-06-13 18:39:23 - [TEST_STEP][PASSED] - delay(2): Delayed 2 second(s)

2019-06-13 18:39:25 - [MESSAGE][PASSED] - Delayed 2 second(s)

2019-06-13 18:39:25 - [TEST_STEP][PASSED] - click(findTestObject("APOLLO- Desktop/Collection page/sort/Date - old to new")): Object: 'Object Repository/APOLLO- Desktop/Collection page/sort/Date - old to new' is clicked on

2019-06-13 18:39:25 - [MESSAGE][PASSED] - Object: 'Object Repository/APOLLO- Desktop/Collection page/sort/Date - old to new' is clicked on

2019-06-13 18:39:25 - [TEST_STEP][PASSED] - delay(3): Delayed 3 second(s)

2019-06-13 18:39:28 - [MESSAGE][PASSED] - Delayed 3 second(s)

2019-06-13 18:39:28 - [TEST_STEP][PASSED] - click(findTestObject("APOLLO- Desktop/Collection page/sort/Filter dropdown")): Object: 'Object Repository/APOLLO- Desktop/Collection page/sort/Filter dropdown' is clicked on

2019-06-13 18:39:28 - [MESSAGE][PASSED] - Object: 'Object Repository/APOLLO- Desktop/Collection page/sort/Filter dropdown' is clicked on

2019-06-13 18:39:28 - [TEST_STEP][PASSED] - delay(2): Delayed 2 second(s)

2019-06-13 18:39:30 - [MESSAGE][PASSED] - Delayed 2 second(s)

2019-06-13 18:39:30 - [TEST_STEP][PASSED] - takeScreenshot(): Taking screenshot successfully

2019-06-13 18:39:31 - [MESSAGE][PASSED] - Taking screenshot successfully
[[ATTACHMENT|/Users/sumankompelly/Katalon Studio/APOLLO/Reports/Trial/20190613_183731/1560465570158.png]]

2019-06-13 18:39:31 - [TEST_STEP][PASSED] - delay(2): Delayed 2 second(s)

2019-06-13 18:39:33 - [MESSAGE][PASSED] - Delayed 2 second(s)

2019-06-13 18:39:33 - [TEST_STEP][PASSED] - click(findTestObject("APOLLO- Desktop/Collection page/sort/Filter dropdown")): Object: 'Object Repository/APOLLO- Desktop/Collection page/sort/Filter dropdown' is clicked on

2019-06-13 18:39:33 - [MESSAGE][PASSED] - Object: 'Object Repository/APOLLO- Desktop/Collection page/sort/Filter dropdown' is clicked on

2019-06-13 18:39:33 - [TEST_STEP][PASSED] - delay(2): Delayed 2 second(s)

2019-06-13 18:39:35 - [MESSAGE][PASSED] - Delayed 2 second(s)

2019-06-13 18:39:35 - [TEST_STEP][PASSED] - click(findTestObject("APOLLO- Desktop/Collection page/sort/Date- new to old")): Object: 'Object Repository/APOLLO- Desktop/Collection page/sort/Date- new to old' is clicked on

2019-06-13 18:39:35 - [MESSAGE][PASSED] - Object: 'Object Repository/APOLLO- Desktop/Collection page/sort/Date- new to old' is clicked on

2019-06-13 18:39:35 - [TEST_STEP][PASSED] - delay(2): Delayed 2 second(s)

2019-06-13 18:39:37 - [MESSAGE][PASSED] - Delayed 2 second(s)

2019-06-13 18:39:37 - [TEST_STEP][PASSED] - click(findTestObject("APOLLO- Desktop/Collection page/sort/Filter dropdown")): Object: 'Object Repository/APOLLO- Desktop/Collection page/sort/Filter dropdown' is clicked on

2019-06-13 18:39:37 - [MESSAGE][PASSED] - Object: 'Object Repository/APOLLO- Desktop/Collection page/sort/Filter dropdown' is clicked on

2019-06-13 18:39:37 - [TEST_STEP][PASSED] - takeScreenshot(): Taking screenshot successfully

2019-06-13 18:39:38 - [MESSAGE][PASSED] - Taking screenshot successfully
[[ATTACHMENT|/Users/sumankompelly/Katalon Studio/APOLLO/Reports/Trial/20190613_183731/1560465577330.png]]

2019-06-13 18:39:38 - [TEST_STEP][PASSED] - delay(2): Delayed 2 second(s)

2019-06-13 18:39:40 - [MESSAGE][PASSED] - Delayed 2 second(s)]]></system-out>
         <system-err><![CDATA[]]></system-err>
      </testcase>
      <testcase name="Test Cases/COLLECTION PAGE/Prouducts layout style" classname="Test Cases/COLLECTION PAGE/Prouducts layout style" status="PASSED">
         <system-out><![CDATA[2019-06-13 18:39:40 - [TEST_CASE][PASSED] - Test Cases/COLLECTION PAGE/Prouducts layout style: Test Cases/COLLECTION PAGE/Prouducts layout style

2019-06-13 18:39:40 - [TEST_STEP][PASSED] - callTestCase(findTestCase("CALL - URL"), [:], STOP_ON_FAILURE): Call Test Case 'Test Cases/CALL - URL' successfully

2019-06-13 18:39:40 - [TEST_CASE][PASSED] - Test Cases/CALL - URL: Test Cases/CALL - URL

2019-06-13 18:39:40 - [TEST_STEP][PASSED] - openBrowser(""): Browser is opened with url: ''

2019-06-13 18:39:40 - [MESSAGE][WARNING] - A browser is already opened. Closing browser and opening a new one

2019-06-13 18:39:40 - [MESSAGE][INFO] - Starting 'Chrome' driver

2019-06-13 18:39:42 - [MESSAGE][PASSED] - Browser is opened with url: ''

2019-06-13 18:39:42 - [TEST_STEP][PASSED] - navigateToUrl("https://diff-apollo.myshopify.com/?_ab=0&_fd=0&_sc=1&preview_theme_id=68602101860"): Navigate to 'https://diff-apollo.myshopify.com/?_ab=0&_fd=0&_sc=1&preview_theme_id=68602101860' successfully

2019-06-13 18:39:46 - [MESSAGE][PASSED] - Navigate to 'https://diff-apollo.myshopify.com/?_ab=0&_fd=0&_sc=1&preview_theme_id=68602101860' successfully

2019-06-13 18:39:46 - [TEST_STEP][PASSED] - executeJavaScript("var previewBar = document.getElementById("preview-bar-iframe"); previewBar.style.display = "none";", []): Execute JavaScript 'var previewBar = document.getElementById("preview-bar-iframe"); previewBar.style.display = "none";' successfully

2019-06-13 18:39:46 - [MESSAGE][PASSED] - Execute JavaScript 'var previewBar = document.getElementById("preview-bar-iframe"); previewBar.style.display = "none";' successfully

2019-06-13 18:39:46 - [MESSAGE][PASSED] - Call Test Case 'Test Cases/CALL - URL' successfully

2019-06-13 18:39:46 - [TEST_STEP][PASSED] - delay(2): Delayed 2 second(s)

2019-06-13 18:39:48 - [MESSAGE][PASSED] - Delayed 2 second(s)

2019-06-13 18:39:48 - [TEST_STEP][PASSED] - click(findTestObject("APOLLO- Desktop/Burger Menu/Burgermenu")): Object: 'Object Repository/APOLLO- Desktop/Burger Menu/Burgermenu' is clicked on

2019-06-13 18:39:48 - [MESSAGE][PASSED] - Object: 'Object Repository/APOLLO- Desktop/Burger Menu/Burgermenu' is clicked on

2019-06-13 18:39:48 - [TEST_STEP][PASSED] - delay(2): Delayed 2 second(s)

2019-06-13 18:39:50 - [MESSAGE][PASSED] - Delayed 2 second(s)

2019-06-13 18:39:50 - [TEST_STEP][PASSED] - click(findTestObject("APOLLO- Desktop/Burger Menu/Mens chevron")): Object: 'Object Repository/APOLLO- Desktop/Burger Menu/Mens chevron' is clicked on

2019-06-13 18:39:50 - [MESSAGE][PASSED] - Object: 'Object Repository/APOLLO- Desktop/Burger Menu/Mens chevron' is clicked on

2019-06-13 18:39:50 - [TEST_STEP][PASSED] - delay(2): Delayed 2 second(s)

2019-06-13 18:39:52 - [MESSAGE][PASSED] - Delayed 2 second(s)

2019-06-13 18:39:52 - [TEST_STEP][PASSED] - click(findTestObject("APOLLO- Desktop/Burger Menu/Mens - Top Chevron")): Object: 'Object Repository/APOLLO- Desktop/Burger Menu/Mens - Top Chevron' is clicked on

2019-06-13 18:39:52 - [MESSAGE][PASSED] - Object: 'Object Repository/APOLLO- Desktop/Burger Menu/Mens - Top Chevron' is clicked on

2019-06-13 18:39:52 - [TEST_STEP][PASSED] - delay(2): Delayed 2 second(s)

2019-06-13 18:39:54 - [MESSAGE][PASSED] - Delayed 2 second(s)

2019-06-13 18:39:54 - [TEST_STEP][PASSED] - click(findTestObject("APOLLO- Desktop/Burger Menu/Shirts link")): Object: 'Object Repository/APOLLO- Desktop/Burger Menu/Shirts link' is clicked on

2019-06-13 18:39:55 - [MESSAGE][PASSED] - Object: 'Object Repository/APOLLO- Desktop/Burger Menu/Shirts link' is clicked on

2019-06-13 18:39:55 - [TEST_STEP][PASSED] - delay(2): Delayed 2 second(s)

2019-06-13 18:39:57 - [MESSAGE][PASSED] - Delayed 2 second(s)

2019-06-13 18:39:57 - [TEST_STEP][PASSED] - executeJavaScript("var previewBar = document.getElementById("preview-bar-iframe"); previewBar.style.display = "none";", []): Execute JavaScript 'var previewBar = document.getElementById("preview-bar-iframe"); previewBar.style.display = "none";' successfully

2019-06-13 18:39:57 - [MESSAGE][PASSED] - Execute JavaScript 'var previewBar = document.getElementById("preview-bar-iframe"); previewBar.style.display = "none";' successfully

2019-06-13 18:39:57 - [TEST_STEP][PASSED] - delay(2): Delayed 2 second(s)

2019-06-13 18:39:59 - [MESSAGE][PASSED] - Delayed 2 second(s)

2019-06-13 18:39:59 - [TEST_STEP][PASSED] - click(findTestObject("APOLLO- Desktop/Collection page/layout less")): Object: 'Object Repository/APOLLO- Desktop/Collection page/layout less' is clicked on

2019-06-13 18:40:01 - [MESSAGE][PASSED] - Object: 'Object Repository/APOLLO- Desktop/Collection page/layout less' is clicked on

2019-06-13 18:40:01 - [TEST_STEP][PASSED] - delay(2): Delayed 2 second(s)

2019-06-13 18:40:03 - [MESSAGE][PASSED] - Delayed 2 second(s)

2019-06-13 18:40:03 - [TEST_STEP][PASSED] - a = getPageHeight(): Current page's height is 4240

2019-06-13 18:40:03 - [MESSAGE][PASSED] - Current page's height is 4240

2019-06-13 18:40:03 - [TEST_STEP][PASSED] - comment("a=" + a): a=4240

2019-06-13 18:40:03 - [MESSAGE][INFO] - a=4240

2019-06-13 18:40:03 - [TEST_STEP][PASSED] - delay(2): Delayed 2 second(s)

2019-06-13 18:40:05 - [MESSAGE][PASSED] - Delayed 2 second(s)

2019-06-13 18:40:05 - [TEST_STEP][PASSED] - click(findTestObject("APOLLO- Desktop/Collection page/layout more")): Object: 'Object Repository/APOLLO- Desktop/Collection page/layout more' is clicked on

2019-06-13 18:40:06 - [MESSAGE][PASSED] - Object: 'Object Repository/APOLLO- Desktop/Collection page/layout more' is clicked on

2019-06-13 18:40:06 - [TEST_STEP][PASSED] - delay(2): Delayed 2 second(s)

2019-06-13 18:40:08 - [MESSAGE][PASSED] - Delayed 2 second(s)

2019-06-13 18:40:08 - [TEST_STEP][PASSED] - b = getPageHeight(): Current page's height is 2116

2019-06-13 18:40:08 - [MESSAGE][PASSED] - Current page's height is 2116

2019-06-13 18:40:08 - [TEST_STEP][PASSED] - comment("b=" + b): b=2116

2019-06-13 18:40:08 - [MESSAGE][INFO] - b=2116

2019-06-13 18:40:08 - [TEST_STEP][PASSED] - verifyLessThan(b, a): Actual number '2,116' is less than expected number '4,240'

2019-06-13 18:40:08 - [MESSAGE][PASSED] - Actual number '2,116' is less than expected number '4,240']]></system-out>
         <system-err><![CDATA[]]></system-err>
      </testcase>
      <testcase name="Test Cases/COLLECTION PAGE/Filter" classname="Test Cases/COLLECTION PAGE/Filter" status="FAILED">
         <failure type="FAILED" message="Test Cases/COLLECTION PAGE/Filter FAILED.
Reason:
com.kms.katalon.core.exception.StepFailedException: Unable to click on object 'Object Repository/APOLLO- Desktop/Collection page/Filter/a_Green' (Root cause: org.openqa.selenium.ElementNotVisibleException: element not interactable
  (Session info: chrome=75.0.3770.90)
  (Driver info: chromedriver=2.43.600229 (3fae4d0cda5334b4f533bede5a4787f7b832d052),platform=Mac OS X 10.13.6 x86_64) (WARNING: The server did not provide any stacktrace information)
Command duration or timeout: 0 milliseconds
Build info: version: '3.7.1', revision: '8a0099a', time: '2017-11-06T21:07:36.161Z'
System info: host: 'sumans-MacBook-Pro.local', ip: 'fe80:0:0:0:145f:b2f6:5126:870a%en0', os.name: 'Mac OS X', os.arch: 'x86_64', os.version: '10.13.6', java.version: '1.8.0_181'
Driver info: com.kms.katalon.selenium.driver.CChromeDriver
Capabilities {acceptInsecureCerts: false, acceptSslCerts: false, applicationCacheEnabled: false, browserConnectionEnabled: false, browserName: chrome, chrome: {chromedriverVersion: 2.43.600229 (3fae4d0cda5334..., userDataDir: /var/folders/1t/c55l8xzs6gq...}, cssSelectorsEnabled: true, databaseEnabled: false, goog:chromeOptions: {debuggerAddress: localhost:61251}, handlesAlerts: true, hasTouchScreen: false, javascriptEnabled: true, locationContextEnabled: true, mobileEmulationEnabled: false, nativeEvents: true, networkConnectionEnabled: false, pageLoadStrategy: normal, platform: MAC, platformName: MAC, rotatable: false, setWindowRect: true, takesHeapSnapshot: true, takesScreenshot: true, unexpectedAlertBehaviour: , unhandledPromptBehavior: , version: 75.0.3770.90, webStorageEnabled: true}
Session ID: 75368061048ebec7e974b4b188df3b73)
	at com.kms.katalon.core.keyword.internal.KeywordMain.stepFailed(KeywordMain.groovy:36)
	at com.kms.katalon.core.webui.keyword.internal.WebUIKeywordMain.stepFailed(WebUIKeywordMain.groovy:65)
	at com.kms.katalon.core.webui.keyword.internal.WebUIKeywordMain.runKeyword(WebUIKeywordMain.groovy:27)
	at com.kms.katalon.core.webui.keyword.builtin.ClickKeyword.click(ClickKeyword.groovy:86)
	at com.kms.katalon.core.webui.keyword.builtin.ClickKeyword.execute(ClickKeyword.groovy:67)
	at com.kms.katalon.core.keyword.internal.KeywordExecutor.executeKeywordForPlatform(KeywordExecutor.groovy:53)
	at com.kms.katalon.core.webui.keyword.WebUiBuiltInKeywords.click(WebUiBuiltInKeywords.groovy:616)
	at com.kms.katalon.core.webui.keyword.WebUiBuiltInKeywords$click$2.call(Unknown Source)
	at Filter.run(Filter:183)
	at com.kms.katalon.core.main.ScriptEngine.run(ScriptEngine.java:194)
	at com.kms.katalon.core.main.ScriptEngine.runScriptAsRawText(ScriptEngine.java:119)
	at com.kms.katalon.core.main.TestCaseExecutor.runScript(TestCaseExecutor.java:328)
	at com.kms.katalon.core.main.TestCaseExecutor.doExecute(TestCaseExecutor.java:319)
	at com.kms.katalon.core.main.TestCaseExecutor.processExecutionPhase(TestCaseExecutor.java:298)
	at com.kms.katalon.core.main.TestCaseExecutor.accessMainPhase(TestCaseExecutor.java:290)
	at com.kms.katalon.core.main.TestCaseExecutor.execute(TestCaseExecutor.java:224)
	at com.kms.katalon.core.main.TestSuiteExecutor.accessTestCaseMainPhase(TestSuiteExecutor.java:129)
	at com.kms.katalon.core.main.TestSuiteExecutor.accessTestSuiteMainPhase(TestSuiteExecutor.java:112)
	at com.kms.katalon.core.main.TestSuiteExecutor.execute(TestSuiteExecutor.java:81)
	at com.kms.katalon.core.main.TestCaseMain.startTestSuite(TestCaseMain.java:149)
	at com.kms.katalon.core.main.TestCaseMain$startTestSuite$0.call(Unknown Source)
	at TempTestSuite1560465451242.run(TempTestSuite1560465451242.groovy:36)
"/>
         <system-out><![CDATA[2019-06-13 18:40:08 - [TEST_CASE][FAILED] - Test Cases/COLLECTION PAGE/Filter: Test Cases/COLLECTION PAGE/Filter FAILED.
Reason:
com.kms.katalon.core.exception.StepFailedException: Unable to click on object 'Object Repository/APOLLO- Desktop/Collection page/Filter/a_Green' (Root cause: org.openqa.selenium.ElementNotVisibleException: element not interactable
  (Session info: chrome=75.0.3770.90)
  (Driver info: chromedriver=2.43.600229 (3fae4d0cda5334b4f533bede5a4787f7b832d052),platform=Mac OS X 10.13.6 x86_64) (WARNING: The server did not provide any stacktrace information)
Command duration or timeout: 0 milliseconds
Build info: version: '3.7.1', revision: '8a0099a', time: '2017-11-06T21:07:36.161Z'
System info: host: 'sumans-MacBook-Pro.local', ip: 'fe80:0:0:0:145f:b2f6:5126:870a%en0', os.name: 'Mac OS X', os.arch: 'x86_64', os.version: '10.13.6', java.version: '1.8.0_181'
Driver info: com.kms.katalon.selenium.driver.CChromeDriver
Capabilities {acceptInsecureCerts: false, acceptSslCerts: false, applicationCacheEnabled: false, browserConnectionEnabled: false, browserName: chrome, chrome: {chromedriverVersion: 2.43.600229 (3fae4d0cda5334..., userDataDir: /var/folders/1t/c55l8xzs6gq...}, cssSelectorsEnabled: true, databaseEnabled: false, goog:chromeOptions: {debuggerAddress: localhost:61251}, handlesAlerts: true, hasTouchScreen: false, javascriptEnabled: true, locationContextEnabled: true, mobileEmulationEnabled: false, nativeEvents: true, networkConnectionEnabled: false, pageLoadStrategy: normal, platform: MAC, platformName: MAC, rotatable: false, setWindowRect: true, takesHeapSnapshot: true, takesScreenshot: true, unexpectedAlertBehaviour: , unhandledPromptBehavior: , version: 75.0.3770.90, webStorageEnabled: true}
Session ID: 75368061048ebec7e974b4b188df3b73)
	at com.kms.katalon.core.keyword.internal.KeywordMain.stepFailed(KeywordMain.groovy:36)
	at com.kms.katalon.core.webui.keyword.internal.WebUIKeywordMain.stepFailed(WebUIKeywordMain.groovy:65)
	at com.kms.katalon.core.webui.keyword.internal.WebUIKeywordMain.runKeyword(WebUIKeywordMain.groovy:27)
	at com.kms.katalon.core.webui.keyword.builtin.ClickKeyword.click(ClickKeyword.groovy:86)
	at com.kms.katalon.core.webui.keyword.builtin.ClickKeyword.execute(ClickKeyword.groovy:67)
	at com.kms.katalon.core.keyword.internal.KeywordExecutor.executeKeywordForPlatform(KeywordExecutor.groovy:53)
	at com.kms.katalon.core.webui.keyword.WebUiBuiltInKeywords.click(WebUiBuiltInKeywords.groovy:616)
	at com.kms.katalon.core.webui.keyword.WebUiBuiltInKeywords$click$2.call(Unknown Source)
	at Filter.run(Filter:183)
	at com.kms.katalon.core.main.ScriptEngine.run(ScriptEngine.java:194)
	at com.kms.katalon.core.main.ScriptEngine.runScriptAsRawText(ScriptEngine.java:119)
	at com.kms.katalon.core.main.TestCaseExecutor.runScript(TestCaseExecutor.java:328)
	at com.kms.katalon.core.main.TestCaseExecutor.doExecute(TestCaseExecutor.java:319)
	at com.kms.katalon.core.main.TestCaseExecutor.processExecutionPhase(TestCaseExecutor.java:298)
	at com.kms.katalon.core.main.TestCaseExecutor.accessMainPhase(TestCaseExecutor.java:290)
	at com.kms.katalon.core.main.TestCaseExecutor.execute(TestCaseExecutor.java:224)
	at com.kms.katalon.core.main.TestSuiteExecutor.accessTestCaseMainPhase(TestSuiteExecutor.java:129)
	at com.kms.katalon.core.main.TestSuiteExecutor.accessTestSuiteMainPhase(TestSuiteExecutor.java:112)
	at com.kms.katalon.core.main.TestSuiteExecutor.execute(TestSuiteExecutor.java:81)
	at com.kms.katalon.core.main.TestCaseMain.startTestSuite(TestCaseMain.java:149)
	at com.kms.katalon.core.main.TestCaseMain$startTestSuite$0.call(Unknown Source)
	at TempTestSuite1560465451242.run(TempTestSuite1560465451242.groovy:36)


2019-06-13 18:40:09 - [TEST_STEP][PASSED] - callTestCase(findTestCase("CALL - URL"), [:], STOP_ON_FAILURE): Call Test Case 'Test Cases/CALL - URL' successfully

2019-06-13 18:40:09 - [TEST_CASE][PASSED] - Test Cases/CALL - URL: Test Cases/CALL - URL

2019-06-13 18:40:09 - [TEST_STEP][PASSED] - openBrowser(""): Browser is opened with url: ''

2019-06-13 18:40:09 - [MESSAGE][WARNING] - A browser is already opened. Closing browser and opening a new one

2019-06-13 18:40:09 - [MESSAGE][INFO] - Starting 'Chrome' driver

2019-06-13 18:40:10 - [MESSAGE][PASSED] - Browser is opened with url: ''

2019-06-13 18:40:10 - [TEST_STEP][PASSED] - navigateToUrl("https://diff-apollo.myshopify.com/?_ab=0&_fd=0&_sc=1&preview_theme_id=68602101860"): Navigate to 'https://diff-apollo.myshopify.com/?_ab=0&_fd=0&_sc=1&preview_theme_id=68602101860' successfully

2019-06-13 18:40:16 - [MESSAGE][PASSED] - Navigate to 'https://diff-apollo.myshopify.com/?_ab=0&_fd=0&_sc=1&preview_theme_id=68602101860' successfully

2019-06-13 18:40:16 - [TEST_STEP][PASSED] - executeJavaScript("var previewBar = document.getElementById("preview-bar-iframe"); previewBar.style.display = "none";", []): Execute JavaScript 'var previewBar = document.getElementById("preview-bar-iframe"); previewBar.style.display = "none";' successfully

2019-06-13 18:40:16 - [MESSAGE][PASSED] - Execute JavaScript 'var previewBar = document.getElementById("preview-bar-iframe"); previewBar.style.display = "none";' successfully

2019-06-13 18:40:16 - [MESSAGE][PASSED] - Call Test Case 'Test Cases/CALL - URL' successfully

2019-06-13 18:40:16 - [TEST_STEP][PASSED] - delay(2): Delayed 2 second(s)

2019-06-13 18:40:18 - [MESSAGE][PASSED] - Delayed 2 second(s)

2019-06-13 18:40:18 - [TEST_STEP][PASSED] - click(findTestObject("APOLLO- Desktop/Burger Menu/Burgermenu")): Object: 'Object Repository/APOLLO- Desktop/Burger Menu/Burgermenu' is clicked on

2019-06-13 18:40:18 - [MESSAGE][PASSED] - Object: 'Object Repository/APOLLO- Desktop/Burger Menu/Burgermenu' is clicked on

2019-06-13 18:40:18 - [TEST_STEP][PASSED] - delay(2): Delayed 2 second(s)

2019-06-13 18:40:20 - [MESSAGE][PASSED] - Delayed 2 second(s)

2019-06-13 18:40:20 - [TEST_STEP][PASSED] - click(findTestObject("APOLLO- Desktop/Burger Menu/Mens chevron")): Object: 'Object Repository/APOLLO- Desktop/Burger Menu/Mens chevron' is clicked on

2019-06-13 18:40:20 - [MESSAGE][PASSED] - Object: 'Object Repository/APOLLO- Desktop/Burger Menu/Mens chevron' is clicked on

2019-06-13 18:40:20 - [TEST_STEP][PASSED] - delay(2): Delayed 2 second(s)

2019-06-13 18:40:22 - [MESSAGE][PASSED] - Delayed 2 second(s)

2019-06-13 18:40:22 - [TEST_STEP][PASSED] - click(findTestObject("APOLLO- Desktop/Burger Menu/Mens - Top Chevron")): Object: 'Object Repository/APOLLO- Desktop/Burger Menu/Mens - Top Chevron' is clicked on

2019-06-13 18:40:22 - [MESSAGE][PASSED] - Object: 'Object Repository/APOLLO- Desktop/Burger Menu/Mens - Top Chevron' is clicked on

2019-06-13 18:40:22 - [TEST_STEP][PASSED] - delay(2): Delayed 2 second(s)

2019-06-13 18:40:24 - [MESSAGE][PASSED] - Delayed 2 second(s)

2019-06-13 18:40:24 - [TEST_STEP][PASSED] - click(findTestObject("APOLLO- Desktop/Burger Menu/Shirts link")): Object: 'Object Repository/APOLLO- Desktop/Burger Menu/Shirts link' is clicked on

2019-06-13 18:40:26 - [MESSAGE][PASSED] - Object: 'Object Repository/APOLLO- Desktop/Burger Menu/Shirts link' is clicked on

2019-06-13 18:40:26 - [TEST_STEP][PASSED] - delay(2): Delayed 2 second(s)

2019-06-13 18:40:28 - [MESSAGE][PASSED] - Delayed 2 second(s)

2019-06-13 18:40:28 - [TEST_STEP][PASSED] - executeJavaScript("var previewBar = document.getElementById("preview-bar-iframe"); previewBar.style.display = "none";", []): Execute JavaScript 'var previewBar = document.getElementById("preview-bar-iframe"); previewBar.style.display = "none";' successfully

2019-06-13 18:40:28 - [MESSAGE][PASSED] - Execute JavaScript 'var previewBar = document.getElementById("preview-bar-iframe"); previewBar.style.display = "none";' successfully

2019-06-13 18:40:28 - [TEST_STEP][PASSED] - delay(2): Delayed 2 second(s)

2019-06-13 18:40:30 - [MESSAGE][PASSED] - Delayed 2 second(s)

2019-06-13 18:40:30 - [TEST_STEP][PASSED] - click(findTestObject("APOLLO- Desktop/Collection page/Filter/Filter dropdown")): Object: 'Object Repository/APOLLO- Desktop/Collection page/Filter/Filter dropdown' is clicked on

2019-06-13 18:40:30 - [MESSAGE][PASSED] - Object: 'Object Repository/APOLLO- Desktop/Collection page/Filter/Filter dropdown' is clicked on

2019-06-13 18:40:30 - [TEST_STEP][PASSED] - delay(2): Delayed 2 second(s)

2019-06-13 18:40:32 - [MESSAGE][PASSED] - Delayed 2 second(s)

2019-06-13 18:40:32 - [TEST_STEP][PASSED] - click(findTestObject("APOLLO- Desktop/Collection page/Filter/a_Small")): Object: 'Object Repository/APOLLO- Desktop/Collection page/Filter/a_Small' is clicked on

2019-06-13 18:40:32 - [MESSAGE][PASSED] - Object: 'Object Repository/APOLLO- Desktop/Collection page/Filter/a_Small' is clicked on

2019-06-13 18:40:32 - [TEST_STEP][PASSED] - delay(2): Delayed 2 second(s)

2019-06-13 18:40:34 - [MESSAGE][PASSED] - Delayed 2 second(s)

2019-06-13 18:40:34 - [TEST_STEP][PASSED] - click(findTestObject("APOLLO- Desktop/Collection page/Filter/Filter dropdown")): Object: 'Object Repository/APOLLO- Desktop/Collection page/Filter/Filter dropdown' is clicked on

2019-06-13 18:40:34 - [MESSAGE][PASSED] - Object: 'Object Repository/APOLLO- Desktop/Collection page/Filter/Filter dropdown' is clicked on

2019-06-13 18:40:34 - [TEST_STEP][PASSED] - delay(2): Delayed 2 second(s)

2019-06-13 18:40:36 - [MESSAGE][PASSED] - Delayed 2 second(s)

2019-06-13 18:40:36 - [TEST_STEP][PASSED] - click(findTestObject("APOLLO- Desktop/Collection page/Filter/Color dropdown")): Object: 'Object Repository/APOLLO- Desktop/Collection page/Filter/Color dropdown' is clicked on

2019-06-13 18:40:36 - [MESSAGE][PASSED] - Object: 'Object Repository/APOLLO- Desktop/Collection page/Filter/Color dropdown' is clicked on

2019-06-13 18:40:36 - [TEST_STEP][PASSED] - delay(2): Delayed 2 second(s)

2019-06-13 18:40:38 - [MESSAGE][PASSED] - Delayed 2 second(s)

2019-06-13 18:40:38 - [TEST_STEP][PASSED] - click(findTestObject("APOLLO- Desktop/Collection page/Filter/a_Red")): Object: 'Object Repository/APOLLO- Desktop/Collection page/Filter/a_Red' is clicked on

2019-06-13 18:40:39 - [MESSAGE][PASSED] - Object: 'Object Repository/APOLLO- Desktop/Collection page/Filter/a_Red' is clicked on

2019-06-13 18:40:39 - [TEST_STEP][PASSED] - delay(2): Delayed 2 second(s)

2019-06-13 18:40:41 - [MESSAGE][PASSED] - Delayed 2 second(s)

2019-06-13 18:40:41 - [TEST_STEP][PASSED] - click(findTestObject("APOLLO- Desktop/Collection page/Filter/Color dropdown")): Object: 'Object Repository/APOLLO- Desktop/Collection page/Filter/Color dropdown' is clicked on

2019-06-13 18:40:41 - [MESSAGE][PASSED] - Object: 'Object Repository/APOLLO- Desktop/Collection page/Filter/Color dropdown' is clicked on

2019-06-13 18:40:41 - [TEST_STEP][PASSED] - delay(2): Delayed 2 second(s)

2019-06-13 18:40:43 - [MESSAGE][PASSED] - Delayed 2 second(s)

2019-06-13 18:40:43 - [TEST_STEP][PASSED] - a = getText(findTestObject("APOLLO- Desktop/Collection page/Filter/Filtered count")): Text of object 'Object Repository/APOLLO- Desktop/Collection page/Filter/Filtered count' is: '2'

2019-06-13 18:40:43 - [MESSAGE][PASSED] - Text of object 'Object Repository/APOLLO- Desktop/Collection page/Filter/Filtered count' is: '2'

2019-06-13 18:40:43 - [TEST_STEP][PASSED] - delay(2): Delayed 2 second(s)

2019-06-13 18:40:45 - [MESSAGE][PASSED] - Delayed 2 second(s)

2019-06-13 18:40:45 - [TEST_STEP][PASSED] - comment("a=" + a): a=2

2019-06-13 18:40:45 - [MESSAGE][INFO] - a=2

2019-06-13 18:40:45 - [TEST_STEP][PASSED] - b = 0: null

2019-06-13 18:40:45 - [TEST_STEP][PASSED] - verifyNotEqual("a", "b"): Actual object 'a' and expected object 'b' are not equal

2019-06-13 18:40:45 - [MESSAGE][PASSED] - Actual object 'a' and expected object 'b' are not equal

2019-06-13 18:40:45 - [TEST_STEP][PASSED] - delay(2): Delayed 2 second(s)

2019-06-13 18:40:47 - [MESSAGE][PASSED] - Delayed 2 second(s)

2019-06-13 18:40:47 - [TEST_STEP][PASSED] - click(findTestObject("APOLLO- Desktop/Collection page/Filter/Color dropdown")): Object: 'Object Repository/APOLLO- Desktop/Collection page/Filter/Color dropdown' is clicked on

2019-06-13 18:40:47 - [MESSAGE][PASSED] - Object: 'Object Repository/APOLLO- Desktop/Collection page/Filter/Color dropdown' is clicked on

2019-06-13 18:40:47 - [TEST_STEP][PASSED] - delay(2): Delayed 2 second(s)

2019-06-13 18:40:49 - [MESSAGE][PASSED] - Delayed 2 second(s)

2019-06-13 18:40:49 - [TEST_STEP][PASSED] - click(findTestObject("APOLLO- Desktop/Collection page/Filter/a_Green")): Object: 'Object Repository/APOLLO- Desktop/Collection page/Filter/a_Green' is clicked on

2019-06-13 18:40:49 - [MESSAGE][PASSED] - Object: 'Object Repository/APOLLO- Desktop/Collection page/Filter/a_Green' is clicked on

2019-06-13 18:40:49 - [TEST_STEP][PASSED] - delay(2): Delayed 2 second(s)

2019-06-13 18:40:51 - [MESSAGE][PASSED] - Delayed 2 second(s)

2019-06-13 18:40:51 - [TEST_STEP][PASSED] - click(findTestObject("APOLLO- Desktop/Collection page/Filter/Color dropdown")): Object: 'Object Repository/APOLLO- Desktop/Collection page/Filter/Color dropdown' is clicked on

2019-06-13 18:40:51 - [MESSAGE][PASSED] - Object: 'Object Repository/APOLLO- Desktop/Collection page/Filter/Color dropdown' is clicked on

2019-06-13 18:40:51 - [TEST_STEP][PASSED] - delay(2): Delayed 2 second(s)

2019-06-13 18:40:53 - [MESSAGE][PASSED] - Delayed 2 second(s)

2019-06-13 18:40:53 - [TEST_STEP][PASSED] - a1 = getText(findTestObject("APOLLO- Desktop/Collection page/Filter/Filtered count")): Text of object 'Object Repository/APOLLO- Desktop/Collection page/Filter/Filtered count' is: '2'

2019-06-13 18:40:53 - [MESSAGE][PASSED] - Text of object 'Object Repository/APOLLO- Desktop/Collection page/Filter/Filtered count' is: '2'

2019-06-13 18:40:53 - [TEST_STEP][PASSED] - delay(2): Delayed 2 second(s)

2019-06-13 18:40:55 - [MESSAGE][PASSED] - Delayed 2 second(s)

2019-06-13 18:40:55 - [TEST_STEP][PASSED] - comment("a1=" + a1): a1=2

2019-06-13 18:40:55 - [MESSAGE][INFO] - a1=2

2019-06-13 18:40:55 - [TEST_STEP][PASSED] - verifyNotEqual("a1", "b"): Actual object 'a1' and expected object 'b' are not equal

2019-06-13 18:40:55 - [MESSAGE][PASSED] - Actual object 'a1' and expected object 'b' are not equal

2019-06-13 18:40:55 - [TEST_STEP][PASSED] - delay(2): Delayed 2 second(s)

2019-06-13 18:40:57 - [MESSAGE][PASSED] - Delayed 2 second(s)

2019-06-13 18:40:57 - [TEST_STEP][PASSED] - delay(2): Delayed 2 second(s)

2019-06-13 18:40:59 - [MESSAGE][PASSED] - Delayed 2 second(s)

2019-06-13 18:40:59 - [TEST_STEP][PASSED] - delay(2): Delayed 2 second(s)

2019-06-13 18:41:01 - [MESSAGE][PASSED] - Delayed 2 second(s)

2019-06-13 18:41:01 - [TEST_STEP][PASSED] - click(findTestObject("APOLLO- Desktop/Collection page/Filter/Color dropdown")): Object: 'Object Repository/APOLLO- Desktop/Collection page/Filter/Color dropdown' is clicked on

2019-06-13 18:41:01 - [MESSAGE][PASSED] - Object: 'Object Repository/APOLLO- Desktop/Collection page/Filter/Color dropdown' is clicked on

2019-06-13 18:41:01 - [TEST_STEP][PASSED] - delay(2): Delayed 2 second(s)

2019-06-13 18:41:03 - [MESSAGE][PASSED] - Delayed 2 second(s)

2019-06-13 18:41:03 - [TEST_STEP][PASSED] - click(findTestObject("APOLLO- Desktop/Collection page/Filter/a_Blue")): Object: 'Object Repository/APOLLO- Desktop/Collection page/Filter/a_Blue' is clicked on

2019-06-13 18:41:03 - [MESSAGE][PASSED] - Object: 'Object Repository/APOLLO- Desktop/Collection page/Filter/a_Blue' is clicked on

2019-06-13 18:41:03 - [TEST_STEP][PASSED] - delay(2): Delayed 2 second(s)

2019-06-13 18:41:05 - [MESSAGE][PASSED] - Delayed 2 second(s)

2019-06-13 18:41:05 - [TEST_STEP][PASSED] - click(findTestObject("APOLLO- Desktop/Collection page/Filter/Color dropdown")): Object: 'Object Repository/APOLLO- Desktop/Collection page/Filter/Color dropdown' is clicked on

2019-06-13 18:41:05 - [MESSAGE][PASSED] - Object: 'Object Repository/APOLLO- Desktop/Collection page/Filter/Color dropdown' is clicked on

2019-06-13 18:41:05 - [TEST_STEP][PASSED] - delay(2): Delayed 2 second(s)

2019-06-13 18:41:07 - [MESSAGE][PASSED] - Delayed 2 second(s)

2019-06-13 18:41:07 - [TEST_STEP][PASSED] - a2 = getText(findTestObject("APOLLO- Desktop/Collection page/Filter/Filtered count")): Text of object 'Object Repository/APOLLO- Desktop/Collection page/Filter/Filtered count' is: '3'

2019-06-13 18:41:07 - [MESSAGE][PASSED] - Text of object 'Object Repository/APOLLO- Desktop/Collection page/Filter/Filtered count' is: '3'

2019-06-13 18:41:07 - [TEST_STEP][PASSED] - delay(2): Delayed 2 second(s)

2019-06-13 18:41:09 - [MESSAGE][PASSED] - Delayed 2 second(s)

2019-06-13 18:41:09 - [TEST_STEP][PASSED] - comment("a2=" + a2): a2=3

2019-06-13 18:41:09 - [MESSAGE][INFO] - a2=3

2019-06-13 18:41:09 - [TEST_STEP][PASSED] - verifyNotEqual("a2", "b"): Actual object 'a2' and expected object 'b' are not equal

2019-06-13 18:41:09 - [MESSAGE][PASSED] - Actual object 'a2' and expected object 'b' are not equal

2019-06-13 18:41:09 - [TEST_STEP][PASSED] - delay(2): Delayed 2 second(s)

2019-06-13 18:41:11 - [MESSAGE][PASSED] - Delayed 2 second(s)

2019-06-13 18:41:11 - [TEST_STEP][PASSED] - delay(2): Delayed 2 second(s)

2019-06-13 18:41:13 - [MESSAGE][PASSED] - Delayed 2 second(s)

2019-06-13 18:41:13 - [TEST_STEP][PASSED] - click(findTestObject("APOLLO- Desktop/Collection page/Filter/Color dropdown")): Object: 'Object Repository/APOLLO- Desktop/Collection page/Filter/Color dropdown' is clicked on

2019-06-13 18:41:13 - [MESSAGE][PASSED] - Object: 'Object Repository/APOLLO- Desktop/Collection page/Filter/Color dropdown' is clicked on

2019-06-13 18:41:13 - [TEST_STEP][PASSED] - delay(2): Delayed 2 second(s)

2019-06-13 18:41:15 - [MESSAGE][PASSED] - Delayed 2 second(s)

2019-06-13 18:41:15 - [TEST_STEP][PASSED] - click(findTestObject("APOLLO- Desktop/Collection page/Filter/a_Purple")): Object: 'Object Repository/APOLLO- Desktop/Collection page/Filter/a_Purple' is clicked on

2019-06-13 18:41:15 - [MESSAGE][PASSED] - Object: 'Object Repository/APOLLO- Desktop/Collection page/Filter/a_Purple' is clicked on

2019-06-13 18:41:15 - [TEST_STEP][PASSED] - delay(2): Delayed 2 second(s)

2019-06-13 18:41:17 - [MESSAGE][PASSED] - Delayed 2 second(s)

2019-06-13 18:41:17 - [TEST_STEP][PASSED] - click(findTestObject("APOLLO- Desktop/Collection page/Filter/Color dropdown")): Object: 'Object Repository/APOLLO- Desktop/Collection page/Filter/Color dropdown' is clicked on

2019-06-13 18:41:17 - [MESSAGE][PASSED] - Object: 'Object Repository/APOLLO- Desktop/Collection page/Filter/Color dropdown' is clicked on

2019-06-13 18:41:17 - [TEST_STEP][PASSED] - delay(2): Delayed 2 second(s)

2019-06-13 18:41:19 - [MESSAGE][PASSED] - Delayed 2 second(s)

2019-06-13 18:41:19 - [TEST_STEP][PASSED] - a3 = getText(findTestObject("APOLLO- Desktop/Collection page/Filter/Filtered count")): Text of object 'Object Repository/APOLLO- Desktop/Collection page/Filter/Filtered count' is: '2'

2019-06-13 18:41:19 - [MESSAGE][PASSED] - Text of object 'Object Repository/APOLLO- Desktop/Collection page/Filter/Filtered count' is: '2'

2019-06-13 18:41:19 - [TEST_STEP][PASSED] - delay(2): Delayed 2 second(s)

2019-06-13 18:41:21 - [MESSAGE][PASSED] - Delayed 2 second(s)

2019-06-13 18:41:21 - [TEST_STEP][PASSED] - comment("a3=" + a3): a3=2

2019-06-13 18:41:21 - [MESSAGE][INFO] - a3=2

2019-06-13 18:41:21 - [TEST_STEP][PASSED] - verifyNotEqual("a3", "b"): Actual object 'a3' and expected object 'b' are not equal

2019-06-13 18:41:21 - [MESSAGE][PASSED] - Actual object 'a3' and expected object 'b' are not equal

2019-06-13 18:41:21 - [TEST_STEP][PASSED] - delay(2): Delayed 2 second(s)

2019-06-13 18:41:23 - [MESSAGE][PASSED] - Delayed 2 second(s)

2019-06-13 18:41:23 - [TEST_STEP][PASSED] - delay(2): Delayed 2 second(s)

2019-06-13 18:41:25 - [MESSAGE][PASSED] - Delayed 2 second(s)

2019-06-13 18:41:25 - [TEST_STEP][PASSED] - click(findTestObject("APOLLO- Desktop/Collection page/Filter/Filter dropdown")): Object: 'Object Repository/APOLLO- Desktop/Collection page/Filter/Filter dropdown' is clicked on

2019-06-13 18:41:25 - [MESSAGE][PASSED] - Object: 'Object Repository/APOLLO- Desktop/Collection page/Filter/Filter dropdown' is clicked on

2019-06-13 18:41:25 - [TEST_STEP][PASSED] - delay(2): Delayed 2 second(s)

2019-06-13 18:41:27 - [MESSAGE][PASSED] - Delayed 2 second(s)

2019-06-13 18:41:27 - [TEST_STEP][PASSED] - click(findTestObject("APOLLO- Desktop/Collection page/Filter/a_Medium")): Object: 'Object Repository/APOLLO- Desktop/Collection page/Filter/a_Medium' is clicked on

2019-06-13 18:41:27 - [MESSAGE][PASSED] - Object: 'Object Repository/APOLLO- Desktop/Collection page/Filter/a_Medium' is clicked on

2019-06-13 18:41:27 - [TEST_STEP][PASSED] - delay(2): Delayed 2 second(s)

2019-06-13 18:41:29 - [MESSAGE][PASSED] - Delayed 2 second(s)

2019-06-13 18:41:29 - [TEST_STEP][PASSED] - click(findTestObject("APOLLO- Desktop/Collection page/Filter/Filter dropdown")): Object: 'Object Repository/APOLLO- Desktop/Collection page/Filter/Filter dropdown' is clicked on

2019-06-13 18:41:30 - [MESSAGE][PASSED] - Object: 'Object Repository/APOLLO- Desktop/Collection page/Filter/Filter dropdown' is clicked on

2019-06-13 18:41:30 - [TEST_STEP][PASSED] - delay(2): Delayed 2 second(s)

2019-06-13 18:41:32 - [MESSAGE][PASSED] - Delayed 2 second(s)

2019-06-13 18:41:32 - [TEST_STEP][PASSED] - click(findTestObject("APOLLO- Desktop/Collection page/Filter/Color dropdown")): Object: 'Object Repository/APOLLO- Desktop/Collection page/Filter/Color dropdown' is clicked on

2019-06-13 18:41:32 - [MESSAGE][PASSED] - Object: 'Object Repository/APOLLO- Desktop/Collection page/Filter/Color dropdown' is clicked on

2019-06-13 18:41:32 - [TEST_STEP][PASSED] - delay(2): Delayed 2 second(s)

2019-06-13 18:41:34 - [MESSAGE][PASSED] - Delayed 2 second(s)

2019-06-13 18:41:34 - [TEST_STEP][PASSED] - click(findTestObject("APOLLO- Desktop/Collection page/Filter/a_Red")): Object: 'Object Repository/APOLLO- Desktop/Collection page/Filter/a_Red' is clicked on

2019-06-13 18:41:34 - [MESSAGE][PASSED] - Object: 'Object Repository/APOLLO- Desktop/Collection page/Filter/a_Red' is clicked on

2019-06-13 18:41:34 - [TEST_STEP][PASSED] - delay(2): Delayed 2 second(s)

2019-06-13 18:41:36 - [MESSAGE][PASSED] - Delayed 2 second(s)

2019-06-13 18:41:36 - [TEST_STEP][PASSED] - a4 = getText(findTestObject("APOLLO- Desktop/Collection page/Filter/Filtered count")): Text of object 'Object Repository/APOLLO- Desktop/Collection page/Filter/Filtered count' is: '2'

2019-06-13 18:41:36 - [MESSAGE][PASSED] - Text of object 'Object Repository/APOLLO- Desktop/Collection page/Filter/Filtered count' is: '2'

2019-06-13 18:41:36 - [TEST_STEP][PASSED] - comment("a4=" + a4): a4=2

2019-06-13 18:41:36 - [MESSAGE][INFO] - a4=2

2019-06-13 18:41:36 - [TEST_STEP][PASSED] - verifyNotEqual("a4", "b"): Actual object 'a4' and expected object 'b' are not equal

2019-06-13 18:41:36 - [MESSAGE][PASSED] - Actual object 'a4' and expected object 'b' are not equal

2019-06-13 18:41:36 - [TEST_STEP][PASSED] - delay(2): Delayed 2 second(s)

2019-06-13 18:41:38 - [MESSAGE][PASSED] - Delayed 2 second(s)

2019-06-13 18:41:38 - [TEST_STEP][PASSED] - click(findTestObject("APOLLO- Desktop/Collection page/Filter/Color dropdown")): Object: 'Object Repository/APOLLO- Desktop/Collection page/Filter/Color dropdown' is clicked on

2019-06-13 18:41:38 - [MESSAGE][PASSED] - Object: 'Object Repository/APOLLO- Desktop/Collection page/Filter/Color dropdown' is clicked on

2019-06-13 18:41:38 - [TEST_STEP][PASSED] - delay(2): Delayed 2 second(s)

2019-06-13 18:41:40 - [MESSAGE][PASSED] - Delayed 2 second(s)

2019-06-13 18:41:40 - [TEST_STEP][FAILED] - click(findTestObject("APOLLO- Desktop/Collection page/Filter/a_Green")): click(findTestObject("APOLLO- Desktop/Collection page/Filter/a_Green")) FAILED.
Reason:
com.kms.katalon.core.exception.StepFailedException: Unable to click on object 'Object Repository/APOLLO- Desktop/Collection page/Filter/a_Green' (Root cause: org.openqa.selenium.ElementNotVisibleException: element not interactable
  (Session info: chrome=75.0.3770.90)
  (Driver info: chromedriver=2.43.600229 (3fae4d0cda5334b4f533bede5a4787f7b832d052),platform=Mac OS X 10.13.6 x86_64) (WARNING: The server did not provide any stacktrace information)
Command duration or timeout: 0 milliseconds
Build info: version: '3.7.1', revision: '8a0099a', time: '2017-11-06T21:07:36.161Z'
System info: host: 'sumans-MacBook-Pro.local', ip: 'fe80:0:0:0:145f:b2f6:5126:870a%en0', os.name: 'Mac OS X', os.arch: 'x86_64', os.version: '10.13.6', java.version: '1.8.0_181'
Driver info: com.kms.katalon.selenium.driver.CChromeDriver
Capabilities {acceptInsecureCerts: false, acceptSslCerts: false, applicationCacheEnabled: false, browserConnectionEnabled: false, browserName: chrome, chrome: {chromedriverVersion: 2.43.600229 (3fae4d0cda5334..., userDataDir: /var/folders/1t/c55l8xzs6gq...}, cssSelectorsEnabled: true, databaseEnabled: false, goog:chromeOptions: {debuggerAddress: localhost:61251}, handlesAlerts: true, hasTouchScreen: false, javascriptEnabled: true, locationContextEnabled: true, mobileEmulationEnabled: false, nativeEvents: true, networkConnectionEnabled: false, pageLoadStrategy: normal, platform: MAC, platformName: MAC, rotatable: false, setWindowRect: true, takesHeapSnapshot: true, takesScreenshot: true, unexpectedAlertBehaviour: , unhandledPromptBehavior: , version: 75.0.3770.90, webStorageEnabled: true}
Session ID: 75368061048ebec7e974b4b188df3b73)
	at com.kms.katalon.core.keyword.internal.KeywordMain.stepFailed(KeywordMain.groovy:36)
	at com.kms.katalon.core.webui.keyword.internal.WebUIKeywordMain.stepFailed(WebUIKeywordMain.groovy:65)
	at com.kms.katalon.core.webui.keyword.internal.WebUIKeywordMain.runKeyword(WebUIKeywordMain.groovy:27)
	at com.kms.katalon.core.webui.keyword.builtin.ClickKeyword.click(ClickKeyword.groovy:86)
	at com.kms.katalon.core.webui.keyword.builtin.ClickKeyword.execute(ClickKeyword.groovy:67)
	at com.kms.katalon.core.keyword.internal.KeywordExecutor.executeKeywordForPlatform(KeywordExecutor.groovy:53)
	at com.kms.katalon.core.webui.keyword.WebUiBuiltInKeywords.click(WebUiBuiltInKeywords.groovy:616)
	at com.kms.katalon.core.webui.keyword.WebUiBuiltInKeywords$click$2.call(Unknown Source)
	at Filter.run(Filter:183)
	at com.kms.katalon.core.main.ScriptEngine.run(ScriptEngine.java:194)
	at com.kms.katalon.core.main.ScriptEngine.runScriptAsRawText(ScriptEngine.java:119)
	at com.kms.katalon.core.main.TestCaseExecutor.runScript(TestCaseExecutor.java:328)
	at com.kms.katalon.core.main.TestCaseExecutor.doExecute(TestCaseExecutor.java:319)
	at com.kms.katalon.core.main.TestCaseExecutor.processExecutionPhase(TestCaseExecutor.java:298)
	at com.kms.katalon.core.main.TestCaseExecutor.accessMainPhase(TestCaseExecutor.java:290)
	at com.kms.katalon.core.main.TestCaseExecutor.execute(TestCaseExecutor.java:224)
	at com.kms.katalon.core.main.TestSuiteExecutor.accessTestCaseMainPhase(TestSuiteExecutor.java:129)
	at com.kms.katalon.core.main.TestSuiteExecutor.accessTestSuiteMainPhase(TestSuiteExecutor.java:112)
	at com.kms.katalon.core.main.TestSuiteExecutor.execute(TestSuiteExecutor.java:81)
	at com.kms.katalon.core.main.TestCaseMain.startTestSuite(TestCaseMain.java:149)
	at com.kms.katalon.core.main.TestCaseMain$startTestSuite$0.call(Unknown Source)
	at TempTestSuite1560465451242.run(TempTestSuite1560465451242.groovy:36)


2019-06-13 18:41:41 - [MESSAGE][FAILED] - Unable to click on object 'Object Repository/APOLLO- Desktop/Collection page/Filter/a_Green' (Root cause: org.openqa.selenium.ElementNotVisibleException: element not interactable
  (Session info: chrome=75.0.3770.90)
  (Driver info: chromedriver=2.43.600229 (3fae4d0cda5334b4f533bede5a4787f7b832d052),platform=Mac OS X 10.13.6 x86_64) (WARNING: The server did not provide any stacktrace information)
Command duration or timeout: 0 milliseconds
Build info: version: '3.7.1', revision: '8a0099a', time: '2017-11-06T21:07:36.161Z'
System info: host: 'sumans-MacBook-Pro.local', ip: 'fe80:0:0:0:145f:b2f6:5126:870a%en0', os.name: 'Mac OS X', os.arch: 'x86_64', os.version: '10.13.6', java.version: '1.8.0_181'
Driver info: com.kms.katalon.selenium.driver.CChromeDriver
Capabilities {acceptInsecureCerts: false, acceptSslCerts: false, applicationCacheEnabled: false, browserConnectionEnabled: false, browserName: chrome, chrome: {chromedriverVersion: 2.43.600229 (3fae4d0cda5334..., userDataDir: /var/folders/1t/c55l8xzs6gq...}, cssSelectorsEnabled: true, databaseEnabled: false, goog:chromeOptions: {debuggerAddress: localhost:61251}, handlesAlerts: true, hasTouchScreen: false, javascriptEnabled: true, locationContextEnabled: true, mobileEmulationEnabled: false, nativeEvents: true, networkConnectionEnabled: false, pageLoadStrategy: normal, platform: MAC, platformName: MAC, rotatable: false, setWindowRect: true, takesHeapSnapshot: true, takesScreenshot: true, unexpectedAlertBehaviour: , unhandledPromptBehavior: , version: 75.0.3770.90, webStorageEnabled: true}
Session ID: 75368061048ebec7e974b4b188df3b73)
[[ATTACHMENT|/Users/sumankompelly/Katalon Studio/APOLLO/Reports/Trial/20190613_183731/1560465700225.png]]

2019-06-13 18:41:41 - [MESSAGE][FAILED] - click(findTestObject("APOLLO- Desktop/Collection page/Filter/a_Green")) FAILED.
Reason:
com.kms.katalon.core.exception.StepFailedException: Unable to click on object 'Object Repository/APOLLO- Desktop/Collection page/Filter/a_Green' (Root cause: org.openqa.selenium.ElementNotVisibleException: element not interactable
  (Session info: chrome=75.0.3770.90)
  (Driver info: chromedriver=2.43.600229 (3fae4d0cda5334b4f533bede5a4787f7b832d052),platform=Mac OS X 10.13.6 x86_64) (WARNING: The server did not provide any stacktrace information)
Command duration or timeout: 0 milliseconds
Build info: version: '3.7.1', revision: '8a0099a', time: '2017-11-06T21:07:36.161Z'
System info: host: 'sumans-MacBook-Pro.local', ip: 'fe80:0:0:0:145f:b2f6:5126:870a%en0', os.name: 'Mac OS X', os.arch: 'x86_64', os.version: '10.13.6', java.version: '1.8.0_181'
Driver info: com.kms.katalon.selenium.driver.CChromeDriver
Capabilities {acceptInsecureCerts: false, acceptSslCerts: false, applicationCacheEnabled: false, browserConnectionEnabled: false, browserName: chrome, chrome: {chromedriverVersion: 2.43.600229 (3fae4d0cda5334..., userDataDir: /var/folders/1t/c55l8xzs6gq...}, cssSelectorsEnabled: true, databaseEnabled: false, goog:chromeOptions: {debuggerAddress: localhost:61251}, handlesAlerts: true, hasTouchScreen: false, javascriptEnabled: true, locationContextEnabled: true, mobileEmulationEnabled: false, nativeEvents: true, networkConnectionEnabled: false, pageLoadStrategy: normal, platform: MAC, platformName: MAC, rotatable: false, setWindowRect: true, takesHeapSnapshot: true, takesScreenshot: true, unexpectedAlertBehaviour: , unhandledPromptBehavior: , version: 75.0.3770.90, webStorageEnabled: true}
Session ID: 75368061048ebec7e974b4b188df3b73)
	at com.kms.katalon.core.keyword.internal.KeywordMain.stepFailed(KeywordMain.groovy:36)
	at com.kms.katalon.core.webui.keyword.internal.WebUIKeywordMain.stepFailed(WebUIKeywordMain.groovy:65)
	at com.kms.katalon.core.webui.keyword.internal.WebUIKeywordMain.runKeyword(WebUIKeywordMain.groovy:27)
	at com.kms.katalon.core.webui.keyword.builtin.ClickKeyword.click(ClickKeyword.groovy:86)
	at com.kms.katalon.core.webui.keyword.builtin.ClickKeyword.execute(ClickKeyword.groovy:67)
	at com.kms.katalon.core.keyword.internal.KeywordExecutor.executeKeywordForPlatform(KeywordExecutor.groovy:53)
	at com.kms.katalon.core.webui.keyword.WebUiBuiltInKeywords.click(WebUiBuiltInKeywords.groovy:616)
	at com.kms.katalon.core.webui.keyword.WebUiBuiltInKeywords$click$2.call(Unknown Source)
	at Filter.run(Filter:183)
	at com.kms.katalon.core.main.ScriptEngine.run(ScriptEngine.java:194)
	at com.kms.katalon.core.main.ScriptEngine.runScriptAsRawText(ScriptEngine.java:119)
	at com.kms.katalon.core.main.TestCaseExecutor.runScript(TestCaseExecutor.java:328)
	at com.kms.katalon.core.main.TestCaseExecutor.doExecute(TestCaseExecutor.java:319)
	at com.kms.katalon.core.main.TestCaseExecutor.processExecutionPhase(TestCaseExecutor.java:298)
	at com.kms.katalon.core.main.TestCaseExecutor.accessMainPhase(TestCaseExecutor.java:290)
	at com.kms.katalon.core.main.TestCaseExecutor.execute(TestCaseExecutor.java:224)
	at com.kms.katalon.core.main.TestSuiteExecutor.accessTestCaseMainPhase(TestSuiteExecutor.java:129)
	at com.kms.katalon.core.main.TestSuiteExecutor.accessTestSuiteMainPhase(TestSuiteExecutor.java:112)
	at com.kms.katalon.core.main.TestSuiteExecutor.execute(TestSuiteExecutor.java:81)
	at com.kms.katalon.core.main.TestCaseMain.startTestSuite(TestCaseMain.java:149)
	at com.kms.katalon.core.main.TestCaseMain$startTestSuite$0.call(Unknown Source)
	at TempTestSuite1560465451242.run(TempTestSuite1560465451242.groovy:36)]]></system-out>
         <system-err><![CDATA[2019-06-13 18:40:08 - [TEST_CASE][FAILED] - Test Cases/COLLECTION PAGE/Filter: Test Cases/COLLECTION PAGE/Filter FAILED.
Reason:
com.kms.katalon.core.exception.StepFailedException: Unable to click on object 'Object Repository/APOLLO- Desktop/Collection page/Filter/a_Green' (Root cause: org.openqa.selenium.ElementNotVisibleException: element not interactable
  (Session info: chrome=75.0.3770.90)
  (Driver info: chromedriver=2.43.600229 (3fae4d0cda5334b4f533bede5a4787f7b832d052),platform=Mac OS X 10.13.6 x86_64) (WARNING: The server did not provide any stacktrace information)
Command duration or timeout: 0 milliseconds
Build info: version: '3.7.1', revision: '8a0099a', time: '2017-11-06T21:07:36.161Z'
System info: host: 'sumans-MacBook-Pro.local', ip: 'fe80:0:0:0:145f:b2f6:5126:870a%en0', os.name: 'Mac OS X', os.arch: 'x86_64', os.version: '10.13.6', java.version: '1.8.0_181'
Driver info: com.kms.katalon.selenium.driver.CChromeDriver
Capabilities {acceptInsecureCerts: false, acceptSslCerts: false, applicationCacheEnabled: false, browserConnectionEnabled: false, browserName: chrome, chrome: {chromedriverVersion: 2.43.600229 (3fae4d0cda5334..., userDataDir: /var/folders/1t/c55l8xzs6gq...}, cssSelectorsEnabled: true, databaseEnabled: false, goog:chromeOptions: {debuggerAddress: localhost:61251}, handlesAlerts: true, hasTouchScreen: false, javascriptEnabled: true, locationContextEnabled: true, mobileEmulationEnabled: false, nativeEvents: true, networkConnectionEnabled: false, pageLoadStrategy: normal, platform: MAC, platformName: MAC, rotatable: false, setWindowRect: true, takesHeapSnapshot: true, takesScreenshot: true, unexpectedAlertBehaviour: , unhandledPromptBehavior: , version: 75.0.3770.90, webStorageEnabled: true}
Session ID: 75368061048ebec7e974b4b188df3b73)
	at com.kms.katalon.core.keyword.internal.KeywordMain.stepFailed(KeywordMain.groovy:36)
	at com.kms.katalon.core.webui.keyword.internal.WebUIKeywordMain.stepFailed(WebUIKeywordMain.groovy:65)
	at com.kms.katalon.core.webui.keyword.internal.WebUIKeywordMain.runKeyword(WebUIKeywordMain.groovy:27)
	at com.kms.katalon.core.webui.keyword.builtin.ClickKeyword.click(ClickKeyword.groovy:86)
	at com.kms.katalon.core.webui.keyword.builtin.ClickKeyword.execute(ClickKeyword.groovy:67)
	at com.kms.katalon.core.keyword.internal.KeywordExecutor.executeKeywordForPlatform(KeywordExecutor.groovy:53)
	at com.kms.katalon.core.webui.keyword.WebUiBuiltInKeywords.click(WebUiBuiltInKeywords.groovy:616)
	at com.kms.katalon.core.webui.keyword.WebUiBuiltInKeywords$click$2.call(Unknown Source)
	at Filter.run(Filter:183)
	at com.kms.katalon.core.main.ScriptEngine.run(ScriptEngine.java:194)
	at com.kms.katalon.core.main.ScriptEngine.runScriptAsRawText(ScriptEngine.java:119)
	at com.kms.katalon.core.main.TestCaseExecutor.runScript(TestCaseExecutor.java:328)
	at com.kms.katalon.core.main.TestCaseExecutor.doExecute(TestCaseExecutor.java:319)
	at com.kms.katalon.core.main.TestCaseExecutor.processExecutionPhase(TestCaseExecutor.java:298)
	at com.kms.katalon.core.main.TestCaseExecutor.accessMainPhase(TestCaseExecutor.java:290)
	at com.kms.katalon.core.main.TestCaseExecutor.execute(TestCaseExecutor.java:224)
	at com.kms.katalon.core.main.TestSuiteExecutor.accessTestCaseMainPhase(TestSuiteExecutor.java:129)
	at com.kms.katalon.core.main.TestSuiteExecutor.accessTestSuiteMainPhase(TestSuiteExecutor.java:112)
	at com.kms.katalon.core.main.TestSuiteExecutor.execute(TestSuiteExecutor.java:81)
	at com.kms.katalon.core.main.TestCaseMain.startTestSuite(TestCaseMain.java:149)
	at com.kms.katalon.core.main.TestCaseMain$startTestSuite$0.call(Unknown Source)
	at TempTestSuite1560465451242.run(TempTestSuite1560465451242.groovy:36)]]></system-err>
      </testcase>
      <testcase name="Test Cases/HOME PAGE/Store locator" classname="Test Cases/HOME PAGE/Store locator" status="PASSED">
         <system-out><![CDATA[2019-06-13 18:41:41 - [TEST_CASE][PASSED] - Test Cases/HOME PAGE/Store locator: Test Cases/HOME PAGE/Store locator

2019-06-13 18:41:41 - [TEST_STEP][PASSED] - callTestCase(findTestCase("CALL - URL"), [:], STOP_ON_FAILURE): Call Test Case 'Test Cases/CALL - URL' successfully

2019-06-13 18:41:41 - [TEST_CASE][PASSED] - Test Cases/CALL - URL: Test Cases/CALL - URL

2019-06-13 18:41:41 - [TEST_STEP][PASSED] - openBrowser(""): Browser is opened with url: ''

2019-06-13 18:41:41 - [MESSAGE][WARNING] - A browser is already opened. Closing browser and opening a new one

2019-06-13 18:41:41 - [MESSAGE][INFO] - Starting 'Chrome' driver

2019-06-13 18:41:42 - [MESSAGE][PASSED] - Browser is opened with url: ''

2019-06-13 18:41:42 - [TEST_STEP][PASSED] - navigateToUrl("https://diff-apollo.myshopify.com/?_ab=0&_fd=0&_sc=1&preview_theme_id=68602101860"): Navigate to 'https://diff-apollo.myshopify.com/?_ab=0&_fd=0&_sc=1&preview_theme_id=68602101860' successfully

2019-06-13 18:41:46 - [MESSAGE][PASSED] - Navigate to 'https://diff-apollo.myshopify.com/?_ab=0&_fd=0&_sc=1&preview_theme_id=68602101860' successfully

2019-06-13 18:41:46 - [TEST_STEP][PASSED] - executeJavaScript("var previewBar = document.getElementById("preview-bar-iframe"); previewBar.style.display = "none";", []): Execute JavaScript 'var previewBar = document.getElementById("preview-bar-iframe"); previewBar.style.display = "none";' successfully

2019-06-13 18:41:46 - [MESSAGE][PASSED] - Execute JavaScript 'var previewBar = document.getElementById("preview-bar-iframe"); previewBar.style.display = "none";' successfully

2019-06-13 18:41:46 - [MESSAGE][PASSED] - Call Test Case 'Test Cases/CALL - URL' successfully

2019-06-13 18:41:46 - [TEST_STEP][PASSED] - delay(2): Delayed 2 second(s)

2019-06-13 18:41:48 - [MESSAGE][PASSED] - Delayed 2 second(s)

2019-06-13 18:41:48 - [TEST_STEP][PASSED] - click(findTestObject("APOLLO- Desktop/Home page/Map location icon")): Object: 'Object Repository/APOLLO- Desktop/Home page/Map location icon' is clicked on

2019-06-13 18:41:49 - [MESSAGE][PASSED] - Object: 'Object Repository/APOLLO- Desktop/Home page/Map location icon' is clicked on

2019-06-13 18:41:49 - [TEST_STEP][PASSED] - a = getWindowTitle(): Current window's title is: 'Our Store – Diff Apollo'

2019-06-13 18:41:49 - [MESSAGE][PASSED] - Current window's title is: 'Our Store – Diff Apollo'

2019-06-13 18:41:49 - [TEST_STEP][PASSED] - comment(" a=" + a):  a=Our Store – Diff Apollo

2019-06-13 18:41:49 - [MESSAGE][INFO] -  a=Our Store – Diff Apollo

2019-06-13 18:41:49 - [TEST_STEP][PASSED] - b = "Our Store – Diff Apollo": null

2019-06-13 18:41:49 - [TEST_STEP][PASSED] - if (a == b):  navigation is on right page

2019-06-13 18:41:49 - [TEST_STEP][PASSED] - comment(" navigation is on right page"):  navigation is on right page

2019-06-13 18:41:49 - [MESSAGE][INFO] -  navigation is on right page]]></system-out>
         <system-err><![CDATA[]]></system-err>
      </testcase>
      <testcase name="Test Cases/HOME PAGE/New letter and video CTA" classname="Test Cases/HOME PAGE/New letter and video CTA" status="PASSED">
         <system-out><![CDATA[2019-06-13 18:41:49 - [TEST_CASE][PASSED] - Test Cases/HOME PAGE/New letter and video CTA: Test Cases/HOME PAGE/New letter and video CTA

2019-06-13 18:41:49 - [TEST_STEP][PASSED] - callTestCase(findTestCase("CALL - URL"), [:], STOP_ON_FAILURE): Call Test Case 'Test Cases/CALL - URL' successfully

2019-06-13 18:41:49 - [TEST_CASE][PASSED] - Test Cases/CALL - URL: Test Cases/CALL - URL

2019-06-13 18:41:49 - [TEST_STEP][PASSED] - openBrowser(""): Browser is opened with url: ''

2019-06-13 18:41:49 - [MESSAGE][WARNING] - A browser is already opened. Closing browser and opening a new one

2019-06-13 18:41:49 - [MESSAGE][INFO] - Starting 'Chrome' driver

2019-06-13 18:41:50 - [MESSAGE][PASSED] - Browser is opened with url: ''

2019-06-13 18:41:50 - [TEST_STEP][PASSED] - navigateToUrl("https://diff-apollo.myshopify.com/?_ab=0&_fd=0&_sc=1&preview_theme_id=68602101860"): Navigate to 'https://diff-apollo.myshopify.com/?_ab=0&_fd=0&_sc=1&preview_theme_id=68602101860' successfully

2019-06-13 18:41:55 - [MESSAGE][PASSED] - Navigate to 'https://diff-apollo.myshopify.com/?_ab=0&_fd=0&_sc=1&preview_theme_id=68602101860' successfully

2019-06-13 18:41:55 - [TEST_STEP][PASSED] - executeJavaScript("var previewBar = document.getElementById("preview-bar-iframe"); previewBar.style.display = "none";", []): Execute JavaScript 'var previewBar = document.getElementById("preview-bar-iframe"); previewBar.style.display = "none";' successfully

2019-06-13 18:41:55 - [MESSAGE][PASSED] - Execute JavaScript 'var previewBar = document.getElementById("preview-bar-iframe"); previewBar.style.display = "none";' successfully

2019-06-13 18:41:55 - [MESSAGE][PASSED] - Call Test Case 'Test Cases/CALL - URL' successfully

2019-06-13 18:41:55 - [TEST_STEP][PASSED] - delay(2): Delayed 2 second(s)

2019-06-13 18:41:57 - [MESSAGE][PASSED] - Delayed 2 second(s)

2019-06-13 18:41:57 - [TEST_STEP][PASSED] - scrollToElement(findTestObject("APOLLO- Desktop/Home page/News letter and CTA/Subscribe to our newsletter"), 0): Scroll to object 'Object Repository/APOLLO- Desktop/Home page/News letter and CTA/Subscribe to our newsletter' successfully

2019-06-13 18:41:57 - [MESSAGE][WARNING] - Timeout '0' is invalid. Using default page load timeout: '30'

2019-06-13 18:41:57 - [MESSAGE][PASSED] - Scroll to object 'Object Repository/APOLLO- Desktop/Home page/News letter and CTA/Subscribe to our newsletter' successfully

2019-06-13 18:41:57 - [TEST_STEP][PASSED] - delay(2): Delayed 2 second(s)

2019-06-13 18:41:59 - [MESSAGE][PASSED] - Delayed 2 second(s)

2019-06-13 18:41:59 - [TEST_STEP][PASSED] - setText(findTestObject("APOLLO- Desktop/Home page/News letter and CTA/input_Subscribe to our newsletter"), "suman@gmail.com"): Text 'suman@gmail.com' is set on object 'Object Repository/APOLLO- Desktop/Home page/News letter and CTA/input_Subscribe to our newsletter'

2019-06-13 18:41:59 - [MESSAGE][PASSED] - Text 'suman@gmail.com' is set on object 'Object Repository/APOLLO- Desktop/Home page/News letter and CTA/input_Subscribe to our newsletter'

2019-06-13 18:41:59 - [TEST_STEP][PASSED] - delay(2): Delayed 2 second(s)

2019-06-13 18:42:01 - [MESSAGE][PASSED] - Delayed 2 second(s)

2019-06-13 18:42:01 - [TEST_STEP][PASSED] - click(findTestObject("APOLLO- Desktop/Home page/News letter and CTA/button Sign Up")): Object: 'Object Repository/APOLLO- Desktop/Home page/News letter and CTA/button Sign Up' is clicked on

2019-06-13 18:42:06 - [MESSAGE][PASSED] - Object: 'Object Repository/APOLLO- Desktop/Home page/News letter and CTA/button Sign Up' is clicked on

2019-06-13 18:42:06 - [TEST_STEP][PASSED] - delay(2): Delayed 2 second(s)

2019-06-13 18:42:08 - [MESSAGE][PASSED] - Delayed 2 second(s)

2019-06-13 18:42:08 - [TEST_STEP][NOT_RUN] - a = getText(findTestObject("APOLLO- Desktop/Home page/News letter and CTA/p_Thanks for signing up for ou")): NOT_RUN: a = getText(findTestObject("APOLLO- Desktop/Home page/News letter and CTA/p_Thanks for signing up for ou"))

2019-06-13 18:42:08 - [MESSAGE][NOT_RUN] - NOT_RUN: a = getText(findTestObject("APOLLO- Desktop/Home page/News letter and CTA/p_Thanks for signing up for ou"))

2019-06-13 18:42:08 - [TEST_STEP][NOT_RUN] - comment("a=" + a): NOT_RUN: comment("a=" + a)

2019-06-13 18:42:08 - [MESSAGE][NOT_RUN] - NOT_RUN: comment("a=" + a)

2019-06-13 18:42:08 - [TEST_STEP][NOT_RUN] - delay(2): NOT_RUN: delay(2)

2019-06-13 18:42:08 - [MESSAGE][NOT_RUN] - NOT_RUN: delay(2)

2019-06-13 18:42:08 - [TEST_STEP][NOT_RUN] - b = "Thanks for signing up for our newsletter ": NOT_RUN: b = "Thanks for signing up for our newsletter "

2019-06-13 18:42:08 - [MESSAGE][NOT_RUN] - NOT_RUN: b = "Thanks for signing up for our newsletter "

2019-06-13 18:42:08 - [TEST_STEP][NOT_RUN] - if (a == b): NOT_RUN: if (a == b)

2019-06-13 18:42:08 - [MESSAGE][NOT_RUN] - NOT_RUN: if (a == b)

2019-06-13 18:42:08 - [TEST_STEP][PASSED] - delay(2): Delayed 2 second(s)

2019-06-13 18:42:10 - [MESSAGE][PASSED] - Delayed 2 second(s)

2019-06-13 18:42:10 - [TEST_STEP][PASSED] - click(findTestObject("APOLLO- Desktop/Home page/News letter and CTA/start shopping")): Object: 'Object Repository/APOLLO- Desktop/Home page/News letter and CTA/start shopping' is clicked on

2019-06-13 18:42:10 - [MESSAGE][PASSED] - Object: 'Object Repository/APOLLO- Desktop/Home page/News letter and CTA/start shopping' is clicked on]]></system-out>
         <system-err><![CDATA[]]></system-err>
      </testcase>
      <testcase name="Test Cases/HOME PAGE/Hero banner - CTA" classname="Test Cases/HOME PAGE/Hero banner - CTA" status="FAILED">
         <failure type="FAILED" message="Test Cases/HOME PAGE/Hero banner - CTA FAILED.
Reason:
com.kms.katalon.core.exception.StepFailedException: Unable to click on object 'Object Repository/APOLLO- Desktop/Home page/Hero banner - CTA/Next button chevron' (Root cause: com.kms.katalon.core.webui.exception.WebElementNotFoundException: Web element with id: 'Object Repository/APOLLO- Desktop/Home page/Hero banner - CTA/Next button chevron' located by 'By.xpath: //section[@id='slider-6027349381']//button[@class='c-slick__arrow c-slick__arrow--next slick-arrow'][contains(text(),'Next')]' not found)
	at com.kms.katalon.core.keyword.internal.KeywordMain.stepFailed(KeywordMain.groovy:36)
	at com.kms.katalon.core.webui.keyword.internal.WebUIKeywordMain.stepFailed(WebUIKeywordMain.groovy:65)
	at com.kms.katalon.core.webui.keyword.internal.WebUIKeywordMain.runKeyword(WebUIKeywordMain.groovy:27)
	at com.kms.katalon.core.webui.keyword.builtin.ClickKeyword.click(ClickKeyword.groovy:86)
	at com.kms.katalon.core.webui.keyword.builtin.ClickKeyword.execute(ClickKeyword.groovy:67)
	at com.kms.katalon.core.keyword.internal.KeywordExecutor.executeKeywordForPlatform(KeywordExecutor.groovy:53)
	at com.kms.katalon.core.webui.keyword.WebUiBuiltInKeywords.click(WebUiBuiltInKeywords.groovy:616)
	at com.kms.katalon.core.webui.keyword.WebUiBuiltInKeywords$click$2.call(Unknown Source)
	at Hero banner - CTA.run(Hero banner - CTA:56)
	at com.kms.katalon.core.main.ScriptEngine.run(ScriptEngine.java:194)
	at com.kms.katalon.core.main.ScriptEngine.runScriptAsRawText(ScriptEngine.java:119)
	at com.kms.katalon.core.main.TestCaseExecutor.runScript(TestCaseExecutor.java:328)
	at com.kms.katalon.core.main.TestCaseExecutor.doExecute(TestCaseExecutor.java:319)
	at com.kms.katalon.core.main.TestCaseExecutor.processExecutionPhase(TestCaseExecutor.java:298)
	at com.kms.katalon.core.main.TestCaseExecutor.accessMainPhase(TestCaseExecutor.java:290)
	at com.kms.katalon.core.main.TestCaseExecutor.execute(TestCaseExecutor.java:224)
	at com.kms.katalon.core.main.TestSuiteExecutor.accessTestCaseMainPhase(TestSuiteExecutor.java:129)
	at com.kms.katalon.core.main.TestSuiteExecutor.accessTestSuiteMainPhase(TestSuiteExecutor.java:112)
	at com.kms.katalon.core.main.TestSuiteExecutor.execute(TestSuiteExecutor.java:81)
	at com.kms.katalon.core.main.TestCaseMain.startTestSuite(TestCaseMain.java:149)
	at com.kms.katalon.core.main.TestCaseMain$startTestSuite$0.call(Unknown Source)
	at TempTestSuite1560465451242.run(TempTestSuite1560465451242.groovy:36)
"/>
         <system-out><![CDATA[2019-06-13 18:42:10 - [TEST_CASE][FAILED] - Test Cases/HOME PAGE/Hero banner - CTA: Test Cases/HOME PAGE/Hero banner - CTA FAILED.
Reason:
com.kms.katalon.core.exception.StepFailedException: Unable to click on object 'Object Repository/APOLLO- Desktop/Home page/Hero banner - CTA/Next button chevron' (Root cause: com.kms.katalon.core.webui.exception.WebElementNotFoundException: Web element with id: 'Object Repository/APOLLO- Desktop/Home page/Hero banner - CTA/Next button chevron' located by 'By.xpath: //section[@id='slider-6027349381']//button[@class='c-slick__arrow c-slick__arrow--next slick-arrow'][contains(text(),'Next')]' not found)
	at com.kms.katalon.core.keyword.internal.KeywordMain.stepFailed(KeywordMain.groovy:36)
	at com.kms.katalon.core.webui.keyword.internal.WebUIKeywordMain.stepFailed(WebUIKeywordMain.groovy:65)
	at com.kms.katalon.core.webui.keyword.internal.WebUIKeywordMain.runKeyword(WebUIKeywordMain.groovy:27)
	at com.kms.katalon.core.webui.keyword.builtin.ClickKeyword.click(ClickKeyword.groovy:86)
	at com.kms.katalon.core.webui.keyword.builtin.ClickKeyword.execute(ClickKeyword.groovy:67)
	at com.kms.katalon.core.keyword.internal.KeywordExecutor.executeKeywordForPlatform(KeywordExecutor.groovy:53)
	at com.kms.katalon.core.webui.keyword.WebUiBuiltInKeywords.click(WebUiBuiltInKeywords.groovy:616)
	at com.kms.katalon.core.webui.keyword.WebUiBuiltInKeywords$click$2.call(Unknown Source)
	at Hero banner - CTA.run(Hero banner - CTA:56)
	at com.kms.katalon.core.main.ScriptEngine.run(ScriptEngine.java:194)
	at com.kms.katalon.core.main.ScriptEngine.runScriptAsRawText(ScriptEngine.java:119)
	at com.kms.katalon.core.main.TestCaseExecutor.runScript(TestCaseExecutor.java:328)
	at com.kms.katalon.core.main.TestCaseExecutor.doExecute(TestCaseExecutor.java:319)
	at com.kms.katalon.core.main.TestCaseExecutor.processExecutionPhase(TestCaseExecutor.java:298)
	at com.kms.katalon.core.main.TestCaseExecutor.accessMainPhase(TestCaseExecutor.java:290)
	at com.kms.katalon.core.main.TestCaseExecutor.execute(TestCaseExecutor.java:224)
	at com.kms.katalon.core.main.TestSuiteExecutor.accessTestCaseMainPhase(TestSuiteExecutor.java:129)
	at com.kms.katalon.core.main.TestSuiteExecutor.accessTestSuiteMainPhase(TestSuiteExecutor.java:112)
	at com.kms.katalon.core.main.TestSuiteExecutor.execute(TestSuiteExecutor.java:81)
	at com.kms.katalon.core.main.TestCaseMain.startTestSuite(TestCaseMain.java:149)
	at com.kms.katalon.core.main.TestCaseMain$startTestSuite$0.call(Unknown Source)
	at TempTestSuite1560465451242.run(TempTestSuite1560465451242.groovy:36)


2019-06-13 18:42:10 - [TEST_STEP][PASSED] - callTestCase(findTestCase("CALL - URL"), [:], STOP_ON_FAILURE): Call Test Case 'Test Cases/CALL - URL' successfully

2019-06-13 18:42:10 - [TEST_CASE][PASSED] - Test Cases/CALL - URL: Test Cases/CALL - URL

2019-06-13 18:42:10 - [TEST_STEP][PASSED] - openBrowser(""): Browser is opened with url: ''

2019-06-13 18:42:10 - [MESSAGE][WARNING] - A browser is already opened. Closing browser and opening a new one

2019-06-13 18:42:11 - [MESSAGE][INFO] - Starting 'Chrome' driver

2019-06-13 18:42:12 - [MESSAGE][PASSED] - Browser is opened with url: ''

2019-06-13 18:42:12 - [TEST_STEP][PASSED] - navigateToUrl("https://diff-apollo.myshopify.com/?_ab=0&_fd=0&_sc=1&preview_theme_id=68602101860"): Navigate to 'https://diff-apollo.myshopify.com/?_ab=0&_fd=0&_sc=1&preview_theme_id=68602101860' successfully

2019-06-13 18:42:15 - [MESSAGE][PASSED] - Navigate to 'https://diff-apollo.myshopify.com/?_ab=0&_fd=0&_sc=1&preview_theme_id=68602101860' successfully

2019-06-13 18:42:15 - [TEST_STEP][PASSED] - executeJavaScript("var previewBar = document.getElementById("preview-bar-iframe"); previewBar.style.display = "none";", []): Execute JavaScript 'var previewBar = document.getElementById("preview-bar-iframe"); previewBar.style.display = "none";' successfully

2019-06-13 18:42:15 - [MESSAGE][PASSED] - Execute JavaScript 'var previewBar = document.getElementById("preview-bar-iframe"); previewBar.style.display = "none";' successfully

2019-06-13 18:42:15 - [MESSAGE][PASSED] - Call Test Case 'Test Cases/CALL - URL' successfully

2019-06-13 18:42:15 - [TEST_STEP][PASSED] - delay(2): Delayed 2 second(s)

2019-06-13 18:42:17 - [MESSAGE][PASSED] - Delayed 2 second(s)

2019-06-13 18:42:17 - [TEST_STEP][PASSED] - click(findTestObject("APOLLO- Desktop/Home page/Hero banner - CTA/First slick slide")): Object: 'Object Repository/APOLLO- Desktop/Home page/Hero banner - CTA/First slick slide' is clicked on

2019-06-13 18:42:18 - [MESSAGE][PASSED] - Object: 'Object Repository/APOLLO- Desktop/Home page/Hero banner - CTA/First slick slide' is clicked on

2019-06-13 18:42:18 - [TEST_STEP][PASSED] - delay(2): Delayed 2 second(s)

2019-06-13 18:42:20 - [MESSAGE][PASSED] - Delayed 2 second(s)

2019-06-13 18:42:20 - [TEST_STEP][PASSED] - click(findTestObject("APOLLO- Desktop/Home page/Hero banner - CTA/Shop Men button")): Object: 'Object Repository/APOLLO- Desktop/Home page/Hero banner - CTA/Shop Men button' is clicked on

2019-06-13 18:42:22 - [MESSAGE][PASSED] - Object: 'Object Repository/APOLLO- Desktop/Home page/Hero banner - CTA/Shop Men button' is clicked on

2019-06-13 18:42:22 - [TEST_STEP][PASSED] - delay(2): Delayed 2 second(s)

2019-06-13 18:42:24 - [MESSAGE][PASSED] - Delayed 2 second(s)

2019-06-13 18:42:24 - [TEST_STEP][PASSED] - click(findTestObject("APOLLO- Desktop/Home page/Hero banner - CTA/Apollo icon")): Object: 'Object Repository/APOLLO- Desktop/Home page/Hero banner - CTA/Apollo icon' is clicked on

2019-06-13 18:42:28 - [MESSAGE][PASSED] - Object: 'Object Repository/APOLLO- Desktop/Home page/Hero banner - CTA/Apollo icon' is clicked on

2019-06-13 18:42:28 - [TEST_STEP][PASSED] - delay(2): Delayed 2 second(s)

2019-06-13 18:42:30 - [MESSAGE][PASSED] - Delayed 2 second(s)

2019-06-13 18:42:30 - [TEST_STEP][PASSED] - click(findTestObject("APOLLO- Desktop/Home page/Hero banner - CTA/second slick slide")): Object: 'Object Repository/APOLLO- Desktop/Home page/Hero banner - CTA/second slick slide' is clicked on

2019-06-13 18:42:30 - [MESSAGE][PASSED] - Object: 'Object Repository/APOLLO- Desktop/Home page/Hero banner - CTA/second slick slide' is clicked on

2019-06-13 18:42:30 - [TEST_STEP][PASSED] - delay(2): Delayed 2 second(s)

2019-06-13 18:42:32 - [MESSAGE][PASSED] - Delayed 2 second(s)

2019-06-13 18:42:32 - [TEST_STEP][PASSED] - click(findTestObject("APOLLO- Desktop/Home page/Hero banner - CTA/Shop Women button")): Object: 'Object Repository/APOLLO- Desktop/Home page/Hero banner - CTA/Shop Women button' is clicked on

2019-06-13 18:42:37 - [MESSAGE][PASSED] - Object: 'Object Repository/APOLLO- Desktop/Home page/Hero banner - CTA/Shop Women button' is clicked on

2019-06-13 18:42:37 - [TEST_STEP][PASSED] - delay(2): Delayed 2 second(s)

2019-06-13 18:42:39 - [MESSAGE][PASSED] - Delayed 2 second(s)

2019-06-13 18:42:39 - [TEST_STEP][PASSED] - click(findTestObject("APOLLO- Desktop/Home page/Hero banner - CTA/Apollo icon")): Object: 'Object Repository/APOLLO- Desktop/Home page/Hero banner - CTA/Apollo icon' is clicked on

2019-06-13 18:43:09 - [MESSAGE][PASSED] - Object: 'Object Repository/APOLLO- Desktop/Home page/Hero banner - CTA/Apollo icon' is clicked on

2019-06-13 18:43:09 - [TEST_STEP][PASSED] - delay(2): Delayed 2 second(s)

2019-06-13 18:43:11 - [MESSAGE][PASSED] - Delayed 2 second(s)

2019-06-13 18:43:11 - [TEST_STEP][PASSED] - click(findTestObject("APOLLO- Desktop/Home page/Hero banner - CTA/Third slick slide")): Object: 'Object Repository/APOLLO- Desktop/Home page/Hero banner - CTA/Third slick slide' is clicked on

2019-06-13 18:43:11 - [MESSAGE][PASSED] - Object: 'Object Repository/APOLLO- Desktop/Home page/Hero banner - CTA/Third slick slide' is clicked on

2019-06-13 18:43:11 - [TEST_STEP][PASSED] - delay(2): Delayed 2 second(s)

2019-06-13 18:43:13 - [MESSAGE][PASSED] - Delayed 2 second(s)

2019-06-13 18:43:13 - [TEST_STEP][PASSED] - click(findTestObject("APOLLO- Desktop/Home page/Hero banner - CTA/Shop womesn outer wear")): Object: 'Object Repository/APOLLO- Desktop/Home page/Hero banner - CTA/Shop womesn outer wear' is clicked on

2019-06-13 18:43:19 - [MESSAGE][PASSED] - Object: 'Object Repository/APOLLO- Desktop/Home page/Hero banner - CTA/Shop womesn outer wear' is clicked on

2019-06-13 18:43:19 - [TEST_STEP][PASSED] - delay(2): Delayed 2 second(s)

2019-06-13 18:43:21 - [MESSAGE][PASSED] - Delayed 2 second(s)

2019-06-13 18:43:21 - [TEST_STEP][PASSED] - click(findTestObject("APOLLO- Desktop/Home page/Hero banner - CTA/Apollo icon")): Object: 'Object Repository/APOLLO- Desktop/Home page/Hero banner - CTA/Apollo icon' is clicked on

2019-06-13 18:43:24 - [MESSAGE][PASSED] - Object: 'Object Repository/APOLLO- Desktop/Home page/Hero banner - CTA/Apollo icon' is clicked on

2019-06-13 18:43:24 - [TEST_STEP][PASSED] - delay(2): Delayed 2 second(s)

2019-06-13 18:43:26 - [MESSAGE][PASSED] - Delayed 2 second(s)

2019-06-13 18:43:26 - [TEST_STEP][FAILED] - click(findTestObject("APOLLO- Desktop/Home page/Hero banner - CTA/Next button chevron")): click(findTestObject("APOLLO- Desktop/Home page/Hero banner - CTA/Next button chevron")) FAILED.
Reason:
com.kms.katalon.core.exception.StepFailedException: Unable to click on object 'Object Repository/APOLLO- Desktop/Home page/Hero banner - CTA/Next button chevron' (Root cause: com.kms.katalon.core.webui.exception.WebElementNotFoundException: Web element with id: 'Object Repository/APOLLO- Desktop/Home page/Hero banner - CTA/Next button chevron' located by 'By.xpath: //section[@id='slider-6027349381']//button[@class='c-slick__arrow c-slick__arrow--next slick-arrow'][contains(text(),'Next')]' not found)
	at com.kms.katalon.core.keyword.internal.KeywordMain.stepFailed(KeywordMain.groovy:36)
	at com.kms.katalon.core.webui.keyword.internal.WebUIKeywordMain.stepFailed(WebUIKeywordMain.groovy:65)
	at com.kms.katalon.core.webui.keyword.internal.WebUIKeywordMain.runKeyword(WebUIKeywordMain.groovy:27)
	at com.kms.katalon.core.webui.keyword.builtin.ClickKeyword.click(ClickKeyword.groovy:86)
	at com.kms.katalon.core.webui.keyword.builtin.ClickKeyword.execute(ClickKeyword.groovy:67)
	at com.kms.katalon.core.keyword.internal.KeywordExecutor.executeKeywordForPlatform(KeywordExecutor.groovy:53)
	at com.kms.katalon.core.webui.keyword.WebUiBuiltInKeywords.click(WebUiBuiltInKeywords.groovy:616)
	at com.kms.katalon.core.webui.keyword.WebUiBuiltInKeywords$click$2.call(Unknown Source)
	at Hero banner - CTA.run(Hero banner - CTA:56)
	at com.kms.katalon.core.main.ScriptEngine.run(ScriptEngine.java:194)
	at com.kms.katalon.core.main.ScriptEngine.runScriptAsRawText(ScriptEngine.java:119)
	at com.kms.katalon.core.main.TestCaseExecutor.runScript(TestCaseExecutor.java:328)
	at com.kms.katalon.core.main.TestCaseExecutor.doExecute(TestCaseExecutor.java:319)
	at com.kms.katalon.core.main.TestCaseExecutor.processExecutionPhase(TestCaseExecutor.java:298)
	at com.kms.katalon.core.main.TestCaseExecutor.accessMainPhase(TestCaseExecutor.java:290)
	at com.kms.katalon.core.main.TestCaseExecutor.execute(TestCaseExecutor.java:224)
	at com.kms.katalon.core.main.TestSuiteExecutor.accessTestCaseMainPhase(TestSuiteExecutor.java:129)
	at com.kms.katalon.core.main.TestSuiteExecutor.accessTestSuiteMainPhase(TestSuiteExecutor.java:112)
	at com.kms.katalon.core.main.TestSuiteExecutor.execute(TestSuiteExecutor.java:81)
	at com.kms.katalon.core.main.TestCaseMain.startTestSuite(TestCaseMain.java:149)
	at com.kms.katalon.core.main.TestCaseMain$startTestSuite$0.call(Unknown Source)
	at TempTestSuite1560465451242.run(TempTestSuite1560465451242.groovy:36)


2019-06-13 18:43:57 - [MESSAGE][INFO] - Unable to find the element located by 'By.xpath: //section[@id='slider-6027349381']//button[@class='c-slick__arrow c-slick__arrow--next slick-arrow'][contains(text(),'Next')]'. Please recheck the objects properties to make sure the desired element is located. 

2019-06-13 18:43:59 - [MESSAGE][FAILED] - Unable to click on object 'Object Repository/APOLLO- Desktop/Home page/Hero banner - CTA/Next button chevron' (Root cause: com.kms.katalon.core.webui.exception.WebElementNotFoundException: Web element with id: 'Object Repository/APOLLO- Desktop/Home page/Hero banner - CTA/Next button chevron' located by 'By.xpath: //section[@id='slider-6027349381']//button[@class='c-slick__arrow c-slick__arrow--next slick-arrow'][contains(text(),'Next')]' not found)
[[ATTACHMENT|/Users/sumankompelly/Katalon Studio/APOLLO/Reports/Trial/20190613_183731/1560465837930.png]]

2019-06-13 18:43:59 - [MESSAGE][FAILED] - click(findTestObject("APOLLO- Desktop/Home page/Hero banner - CTA/Next button chevron")) FAILED.
Reason:
com.kms.katalon.core.exception.StepFailedException: Unable to click on object 'Object Repository/APOLLO- Desktop/Home page/Hero banner - CTA/Next button chevron' (Root cause: com.kms.katalon.core.webui.exception.WebElementNotFoundException: Web element with id: 'Object Repository/APOLLO- Desktop/Home page/Hero banner - CTA/Next button chevron' located by 'By.xpath: //section[@id='slider-6027349381']//button[@class='c-slick__arrow c-slick__arrow--next slick-arrow'][contains(text(),'Next')]' not found)
	at com.kms.katalon.core.keyword.internal.KeywordMain.stepFailed(KeywordMain.groovy:36)
	at com.kms.katalon.core.webui.keyword.internal.WebUIKeywordMain.stepFailed(WebUIKeywordMain.groovy:65)
	at com.kms.katalon.core.webui.keyword.internal.WebUIKeywordMain.runKeyword(WebUIKeywordMain.groovy:27)
	at com.kms.katalon.core.webui.keyword.builtin.ClickKeyword.click(ClickKeyword.groovy:86)
	at com.kms.katalon.core.webui.keyword.builtin.ClickKeyword.execute(ClickKeyword.groovy:67)
	at com.kms.katalon.core.keyword.internal.KeywordExecutor.executeKeywordForPlatform(KeywordExecutor.groovy:53)
	at com.kms.katalon.core.webui.keyword.WebUiBuiltInKeywords.click(WebUiBuiltInKeywords.groovy:616)
	at com.kms.katalon.core.webui.keyword.WebUiBuiltInKeywords$click$2.call(Unknown Source)
	at Hero banner - CTA.run(Hero banner - CTA:56)
	at com.kms.katalon.core.main.ScriptEngine.run(ScriptEngine.java:194)
	at com.kms.katalon.core.main.ScriptEngine.runScriptAsRawText(ScriptEngine.java:119)
	at com.kms.katalon.core.main.TestCaseExecutor.runScript(TestCaseExecutor.java:328)
	at com.kms.katalon.core.main.TestCaseExecutor.doExecute(TestCaseExecutor.java:319)
	at com.kms.katalon.core.main.TestCaseExecutor.processExecutionPhase(TestCaseExecutor.java:298)
	at com.kms.katalon.core.main.TestCaseExecutor.accessMainPhase(TestCaseExecutor.java:290)
	at com.kms.katalon.core.main.TestCaseExecutor.execute(TestCaseExecutor.java:224)
	at com.kms.katalon.core.main.TestSuiteExecutor.accessTestCaseMainPhase(TestSuiteExecutor.java:129)
	at com.kms.katalon.core.main.TestSuiteExecutor.accessTestSuiteMainPhase(TestSuiteExecutor.java:112)
	at com.kms.katalon.core.main.TestSuiteExecutor.execute(TestSuiteExecutor.java:81)
	at com.kms.katalon.core.main.TestCaseMain.startTestSuite(TestCaseMain.java:149)
	at com.kms.katalon.core.main.TestCaseMain$startTestSuite$0.call(Unknown Source)
	at TempTestSuite1560465451242.run(TempTestSuite1560465451242.groovy:36)]]></system-out>
         <system-err><![CDATA[2019-06-13 18:42:10 - [TEST_CASE][FAILED] - Test Cases/HOME PAGE/Hero banner - CTA: Test Cases/HOME PAGE/Hero banner - CTA FAILED.
Reason:
com.kms.katalon.core.exception.StepFailedException: Unable to click on object 'Object Repository/APOLLO- Desktop/Home page/Hero banner - CTA/Next button chevron' (Root cause: com.kms.katalon.core.webui.exception.WebElementNotFoundException: Web element with id: 'Object Repository/APOLLO- Desktop/Home page/Hero banner - CTA/Next button chevron' located by 'By.xpath: //section[@id='slider-6027349381']//button[@class='c-slick__arrow c-slick__arrow--next slick-arrow'][contains(text(),'Next')]' not found)
	at com.kms.katalon.core.keyword.internal.KeywordMain.stepFailed(KeywordMain.groovy:36)
	at com.kms.katalon.core.webui.keyword.internal.WebUIKeywordMain.stepFailed(WebUIKeywordMain.groovy:65)
	at com.kms.katalon.core.webui.keyword.internal.WebUIKeywordMain.runKeyword(WebUIKeywordMain.groovy:27)
	at com.kms.katalon.core.webui.keyword.builtin.ClickKeyword.click(ClickKeyword.groovy:86)
	at com.kms.katalon.core.webui.keyword.builtin.ClickKeyword.execute(ClickKeyword.groovy:67)
	at com.kms.katalon.core.keyword.internal.KeywordExecutor.executeKeywordForPlatform(KeywordExecutor.groovy:53)
	at com.kms.katalon.core.webui.keyword.WebUiBuiltInKeywords.click(WebUiBuiltInKeywords.groovy:616)
	at com.kms.katalon.core.webui.keyword.WebUiBuiltInKeywords$click$2.call(Unknown Source)
	at Hero banner - CTA.run(Hero banner - CTA:56)
	at com.kms.katalon.core.main.ScriptEngine.run(ScriptEngine.java:194)
	at com.kms.katalon.core.main.ScriptEngine.runScriptAsRawText(ScriptEngine.java:119)
	at com.kms.katalon.core.main.TestCaseExecutor.runScript(TestCaseExecutor.java:328)
	at com.kms.katalon.core.main.TestCaseExecutor.doExecute(TestCaseExecutor.java:319)
	at com.kms.katalon.core.main.TestCaseExecutor.processExecutionPhase(TestCaseExecutor.java:298)
	at com.kms.katalon.core.main.TestCaseExecutor.accessMainPhase(TestCaseExecutor.java:290)
	at com.kms.katalon.core.main.TestCaseExecutor.execute(TestCaseExecutor.java:224)
	at com.kms.katalon.core.main.TestSuiteExecutor.accessTestCaseMainPhase(TestSuiteExecutor.java:129)
	at com.kms.katalon.core.main.TestSuiteExecutor.accessTestSuiteMainPhase(TestSuiteExecutor.java:112)
	at com.kms.katalon.core.main.TestSuiteExecutor.execute(TestSuiteExecutor.java:81)
	at com.kms.katalon.core.main.TestCaseMain.startTestSuite(TestCaseMain.java:149)
	at com.kms.katalon.core.main.TestCaseMain$startTestSuite$0.call(Unknown Source)
	at TempTestSuite1560465451242.run(TempTestSuite1560465451242.groovy:36)]]></system-err>
      </testcase>
      <testcase name="Test Cases/HOME PAGE/Burger menu - navigation links" classname="Test Cases/HOME PAGE/Burger menu - navigation links" status="PASSED">
         <system-out><![CDATA[2019-06-13 18:43:59 - [TEST_CASE][PASSED] - Test Cases/HOME PAGE/Burger menu - navigation links: Test Cases/HOME PAGE/Burger menu - navigation links

2019-06-13 18:43:59 - [TEST_STEP][PASSED] - callTestCase(findTestCase("CALL - URL"), [:], STOP_ON_FAILURE): Call Test Case 'Test Cases/CALL - URL' successfully

2019-06-13 18:43:59 - [TEST_CASE][PASSED] - Test Cases/CALL - URL: Test Cases/CALL - URL

2019-06-13 18:43:59 - [TEST_STEP][PASSED] - openBrowser(""): Browser is opened with url: ''

2019-06-13 18:43:59 - [MESSAGE][WARNING] - A browser is already opened. Closing browser and opening a new one

2019-06-13 18:43:59 - [MESSAGE][INFO] - Starting 'Chrome' driver

2019-06-13 18:44:00 - [MESSAGE][PASSED] - Browser is opened with url: ''

2019-06-13 18:44:00 - [TEST_STEP][PASSED] - navigateToUrl("https://diff-apollo.myshopify.com/?_ab=0&_fd=0&_sc=1&preview_theme_id=68602101860"): Navigate to 'https://diff-apollo.myshopify.com/?_ab=0&_fd=0&_sc=1&preview_theme_id=68602101860' successfully

2019-06-13 18:44:12 - [MESSAGE][PASSED] - Navigate to 'https://diff-apollo.myshopify.com/?_ab=0&_fd=0&_sc=1&preview_theme_id=68602101860' successfully

2019-06-13 18:44:12 - [TEST_STEP][PASSED] - executeJavaScript("var previewBar = document.getElementById("preview-bar-iframe"); previewBar.style.display = "none";", []): Execute JavaScript 'var previewBar = document.getElementById("preview-bar-iframe"); previewBar.style.display = "none";' successfully

2019-06-13 18:44:12 - [MESSAGE][PASSED] - Execute JavaScript 'var previewBar = document.getElementById("preview-bar-iframe"); previewBar.style.display = "none";' successfully

2019-06-13 18:44:12 - [MESSAGE][PASSED] - Call Test Case 'Test Cases/CALL - URL' successfully

2019-06-13 18:44:12 - [TEST_STEP][PASSED] - delay(2): Delayed 2 second(s)

2019-06-13 18:44:14 - [MESSAGE][PASSED] - Delayed 2 second(s)

2019-06-13 18:44:14 - [TEST_STEP][PASSED] - click(findTestObject("APOLLO- Desktop/Burger Menu/Burgermenu")): Object: 'Object Repository/APOLLO- Desktop/Burger Menu/Burgermenu' is clicked on

2019-06-13 18:44:14 - [MESSAGE][PASSED] - Object: 'Object Repository/APOLLO- Desktop/Burger Menu/Burgermenu' is clicked on

2019-06-13 18:44:14 - [TEST_STEP][PASSED] - delay(2): Delayed 2 second(s)

2019-06-13 18:44:16 - [MESSAGE][PASSED] - Delayed 2 second(s)

2019-06-13 18:44:16 - [TEST_STEP][PASSED] - click(findTestObject("APOLLO- Desktop/Burger Menu/Mens chevron")): Object: 'Object Repository/APOLLO- Desktop/Burger Menu/Mens chevron' is clicked on

2019-06-13 18:44:16 - [MESSAGE][PASSED] - Object: 'Object Repository/APOLLO- Desktop/Burger Menu/Mens chevron' is clicked on

2019-06-13 18:44:16 - [TEST_STEP][PASSED] - delay(2): Delayed 2 second(s)

2019-06-13 18:44:18 - [MESSAGE][PASSED] - Delayed 2 second(s)

2019-06-13 18:44:18 - [TEST_STEP][PASSED] - click(findTestObject("APOLLO- Desktop/Burger Menu/Mens - Top Chevron")): Object: 'Object Repository/APOLLO- Desktop/Burger Menu/Mens - Top Chevron' is clicked on

2019-06-13 18:44:18 - [MESSAGE][PASSED] - Object: 'Object Repository/APOLLO- Desktop/Burger Menu/Mens - Top Chevron' is clicked on

2019-06-13 18:44:18 - [TEST_STEP][PASSED] - delay(2): Delayed 2 second(s)

2019-06-13 18:44:20 - [MESSAGE][PASSED] - Delayed 2 second(s)

2019-06-13 18:44:20 - [TEST_STEP][PASSED] - click(findTestObject("APOLLO- Desktop/Burger Menu/Shirts link")): Object: 'Object Repository/APOLLO- Desktop/Burger Menu/Shirts link' is clicked on

2019-06-13 18:44:22 - [MESSAGE][PASSED] - Object: 'Object Repository/APOLLO- Desktop/Burger Menu/Shirts link' is clicked on

2019-06-13 18:44:22 - [TEST_STEP][PASSED] - delay(2): Delayed 2 second(s)

2019-06-13 18:44:24 - [MESSAGE][PASSED] - Delayed 2 second(s)

2019-06-13 18:44:24 - [TEST_STEP][PASSED] - click(findTestObject("APOLLO- Desktop/Burger Menu/Burgermenu")): Object: 'Object Repository/APOLLO- Desktop/Burger Menu/Burgermenu' is clicked on

2019-06-13 18:44:24 - [MESSAGE][PASSED] - Object: 'Object Repository/APOLLO- Desktop/Burger Menu/Burgermenu' is clicked on

2019-06-13 18:44:24 - [TEST_STEP][PASSED] - delay(2): Delayed 2 second(s)

2019-06-13 18:44:26 - [MESSAGE][PASSED] - Delayed 2 second(s)

2019-06-13 18:44:26 - [TEST_STEP][PASSED] - click(findTestObject("APOLLO- Desktop/Burger Menu/Mens chevron")): Object: 'Object Repository/APOLLO- Desktop/Burger Menu/Mens chevron' is clicked on

2019-06-13 18:44:26 - [MESSAGE][PASSED] - Object: 'Object Repository/APOLLO- Desktop/Burger Menu/Mens chevron' is clicked on

2019-06-13 18:44:26 - [TEST_STEP][PASSED] - delay(2): Delayed 2 second(s)

2019-06-13 18:44:28 - [MESSAGE][PASSED] - Delayed 2 second(s)

2019-06-13 18:44:28 - [TEST_STEP][PASSED] - click(findTestObject("APOLLO- Desktop/Burger Menu/Mens - Top Chevron")): Object: 'Object Repository/APOLLO- Desktop/Burger Menu/Mens - Top Chevron' is clicked on

2019-06-13 18:44:28 - [MESSAGE][PASSED] - Object: 'Object Repository/APOLLO- Desktop/Burger Menu/Mens - Top Chevron' is clicked on

2019-06-13 18:44:28 - [TEST_STEP][PASSED] - delay(2): Delayed 2 second(s)

2019-06-13 18:44:30 - [MESSAGE][PASSED] - Delayed 2 second(s)

2019-06-13 18:44:30 - [TEST_STEP][PASSED] - click(findTestObject("APOLLO- Desktop/Burger Menu/T- Shirts link")): Object: 'Object Repository/APOLLO- Desktop/Burger Menu/T- Shirts link' is clicked on

2019-06-13 18:44:34 - [MESSAGE][PASSED] - Object: 'Object Repository/APOLLO- Desktop/Burger Menu/T- Shirts link' is clicked on

2019-06-13 18:44:34 - [TEST_STEP][PASSED] - delay(2): Delayed 2 second(s)

2019-06-13 18:44:36 - [MESSAGE][PASSED] - Delayed 2 second(s)

2019-06-13 18:44:36 - [TEST_STEP][PASSED] - click(findTestObject("APOLLO- Desktop/Burger Menu/Burgermenu")): Object: 'Object Repository/APOLLO- Desktop/Burger Menu/Burgermenu' is clicked on

2019-06-13 18:44:36 - [MESSAGE][PASSED] - Object: 'Object Repository/APOLLO- Desktop/Burger Menu/Burgermenu' is clicked on

2019-06-13 18:44:36 - [TEST_STEP][PASSED] - delay(2): Delayed 2 second(s)

2019-06-13 18:44:38 - [MESSAGE][PASSED] - Delayed 2 second(s)

2019-06-13 18:44:38 - [TEST_STEP][PASSED] - click(findTestObject("APOLLO- Desktop/Burger Menu/Mens chevron")): Object: 'Object Repository/APOLLO- Desktop/Burger Menu/Mens chevron' is clicked on

2019-06-13 18:44:38 - [MESSAGE][PASSED] - Object: 'Object Repository/APOLLO- Desktop/Burger Menu/Mens chevron' is clicked on

2019-06-13 18:44:38 - [TEST_STEP][PASSED] - delay(2): Delayed 2 second(s)

2019-06-13 18:44:40 - [MESSAGE][PASSED] - Delayed 2 second(s)

2019-06-13 18:44:40 - [TEST_STEP][PASSED] - click(findTestObject("APOLLO- Desktop/Burger Menu/Mens - Top Chevron")): Object: 'Object Repository/APOLLO- Desktop/Burger Menu/Mens - Top Chevron' is clicked on

2019-06-13 18:44:40 - [MESSAGE][PASSED] - Object: 'Object Repository/APOLLO- Desktop/Burger Menu/Mens - Top Chevron' is clicked on

2019-06-13 18:44:40 - [TEST_STEP][PASSED] - delay(2): Delayed 2 second(s)

2019-06-13 18:44:42 - [MESSAGE][PASSED] - Delayed 2 second(s)

2019-06-13 18:44:42 - [TEST_STEP][PASSED] - click(findTestObject("APOLLO- Desktop/Burger Menu/Sweaters")): Object: 'Object Repository/APOLLO- Desktop/Burger Menu/Sweaters' is clicked on

2019-06-13 18:44:43 - [MESSAGE][PASSED] - Object: 'Object Repository/APOLLO- Desktop/Burger Menu/Sweaters' is clicked on

2019-06-13 18:44:43 - [TEST_STEP][PASSED] - delay(2): Delayed 2 second(s)

2019-06-13 18:44:45 - [MESSAGE][PASSED] - Delayed 2 second(s)

2019-06-13 18:44:45 - [TEST_STEP][PASSED] - click(findTestObject("APOLLO- Desktop/Burger Menu/Burgermenu")): Object: 'Object Repository/APOLLO- Desktop/Burger Menu/Burgermenu' is clicked on

2019-06-13 18:44:45 - [MESSAGE][PASSED] - Object: 'Object Repository/APOLLO- Desktop/Burger Menu/Burgermenu' is clicked on

2019-06-13 18:44:45 - [TEST_STEP][PASSED] - delay(2): Delayed 2 second(s)

2019-06-13 18:44:47 - [MESSAGE][PASSED] - Delayed 2 second(s)

2019-06-13 18:44:47 - [TEST_STEP][PASSED] - click(findTestObject("APOLLO- Desktop/Burger Menu/Women link")): Object: 'Object Repository/APOLLO- Desktop/Burger Menu/Women link' is clicked on

2019-06-13 18:44:47 - [MESSAGE][PASSED] - Object: 'Object Repository/APOLLO- Desktop/Burger Menu/Women link' is clicked on

2019-06-13 18:44:47 - [TEST_STEP][PASSED] - delay(2): Delayed 2 second(s)

2019-06-13 18:44:49 - [MESSAGE][PASSED] - Delayed 2 second(s)

2019-06-13 18:44:49 - [TEST_STEP][PASSED] - click(findTestObject("APOLLO- Desktop/Burger Menu/Jackets - Coats")): Object: 'Object Repository/APOLLO- Desktop/Burger Menu/Jackets - Coats' is clicked on

2019-06-13 18:44:51 - [MESSAGE][PASSED] - Object: 'Object Repository/APOLLO- Desktop/Burger Menu/Jackets - Coats' is clicked on

2019-06-13 18:44:51 - [TEST_STEP][PASSED] - delay(2): Delayed 2 second(s)

2019-06-13 18:44:53 - [MESSAGE][PASSED] - Delayed 2 second(s)

2019-06-13 18:44:53 - [TEST_STEP][PASSED] - click(findTestObject("APOLLO- Desktop/Burger Menu/Burgermenu")): Object: 'Object Repository/APOLLO- Desktop/Burger Menu/Burgermenu' is clicked on

2019-06-13 18:44:53 - [MESSAGE][PASSED] - Object: 'Object Repository/APOLLO- Desktop/Burger Menu/Burgermenu' is clicked on

2019-06-13 18:44:53 - [TEST_STEP][PASSED] - delay(2): Delayed 2 second(s)

2019-06-13 18:44:55 - [MESSAGE][PASSED] - Delayed 2 second(s)

2019-06-13 18:44:55 - [TEST_STEP][PASSED] - click(findTestObject("APOLLO- Desktop/Burger Menu/Women link")): Object: 'Object Repository/APOLLO- Desktop/Burger Menu/Women link' is clicked on

2019-06-13 18:44:55 - [MESSAGE][PASSED] - Object: 'Object Repository/APOLLO- Desktop/Burger Menu/Women link' is clicked on

2019-06-13 18:44:55 - [TEST_STEP][PASSED] - delay(2): Delayed 2 second(s)

2019-06-13 18:44:57 - [MESSAGE][PASSED] - Delayed 2 second(s)

2019-06-13 18:44:57 - [TEST_STEP][PASSED] - click(findTestObject("APOLLO- Desktop/Burger Menu/Bottoms")): Object: 'Object Repository/APOLLO- Desktop/Burger Menu/Bottoms' is clicked on

2019-06-13 18:44:58 - [MESSAGE][PASSED] - Object: 'Object Repository/APOLLO- Desktop/Burger Menu/Bottoms' is clicked on

2019-06-13 18:44:58 - [TEST_STEP][PASSED] - delay(2): Delayed 2 second(s)

2019-06-13 18:45:00 - [MESSAGE][PASSED] - Delayed 2 second(s)

2019-06-13 18:45:00 - [TEST_STEP][PASSED] - click(findTestObject("APOLLO- Desktop/Burger Menu/Burgermenu")): Object: 'Object Repository/APOLLO- Desktop/Burger Menu/Burgermenu' is clicked on

2019-06-13 18:45:01 - [MESSAGE][PASSED] - Object: 'Object Repository/APOLLO- Desktop/Burger Menu/Burgermenu' is clicked on

2019-06-13 18:45:01 - [TEST_STEP][PASSED] - delay(2): Delayed 2 second(s)

2019-06-13 18:45:03 - [MESSAGE][PASSED] - Delayed 2 second(s)

2019-06-13 18:45:03 - [TEST_STEP][PASSED] - click(findTestObject("APOLLO- Desktop/Burger Menu/Women link")): Object: 'Object Repository/APOLLO- Desktop/Burger Menu/Women link' is clicked on

2019-06-13 18:45:03 - [MESSAGE][PASSED] - Object: 'Object Repository/APOLLO- Desktop/Burger Menu/Women link' is clicked on

2019-06-13 18:45:03 - [TEST_STEP][PASSED] - delay(2): Delayed 2 second(s)

2019-06-13 18:45:05 - [MESSAGE][PASSED] - Delayed 2 second(s)

2019-06-13 18:45:05 - [TEST_STEP][PASSED] - click(findTestObject("APOLLO- Desktop/Burger Menu/Shop all")): Object: 'Object Repository/APOLLO- Desktop/Burger Menu/Shop all' is clicked on

2019-06-13 18:45:07 - [MESSAGE][PASSED] - Object: 'Object Repository/APOLLO- Desktop/Burger Menu/Shop all' is clicked on

2019-06-13 18:45:07 - [TEST_STEP][PASSED] - delay(2): Delayed 2 second(s)

2019-06-13 18:45:09 - [MESSAGE][PASSED] - Delayed 2 second(s)

2019-06-13 18:45:09 - [TEST_STEP][PASSED] - click(findTestObject("APOLLO- Desktop/Burger Menu/Burgermenu")): Object: 'Object Repository/APOLLO- Desktop/Burger Menu/Burgermenu' is clicked on

2019-06-13 18:45:09 - [MESSAGE][PASSED] - Object: 'Object Repository/APOLLO- Desktop/Burger Menu/Burgermenu' is clicked on

2019-06-13 18:45:09 - [TEST_STEP][PASSED] - delay(2): Delayed 2 second(s)

2019-06-13 18:45:11 - [MESSAGE][PASSED] - Delayed 2 second(s)

2019-06-13 18:45:11 - [TEST_STEP][PASSED] - click(findTestObject("APOLLO- Desktop/Burger Menu/Women link")): Object: 'Object Repository/APOLLO- Desktop/Burger Menu/Women link' is clicked on

2019-06-13 18:45:11 - [MESSAGE][PASSED] - Object: 'Object Repository/APOLLO- Desktop/Burger Menu/Women link' is clicked on

2019-06-13 18:45:11 - [TEST_STEP][PASSED] - delay(2): Delayed 2 second(s)

2019-06-13 18:45:13 - [MESSAGE][PASSED] - Delayed 2 second(s)

2019-06-13 18:45:13 - [TEST_STEP][PASSED] - click(findTestObject("APOLLO- Desktop/Burger Menu/Women - Top Chevron")): Object: 'Object Repository/APOLLO- Desktop/Burger Menu/Women - Top Chevron' is clicked on

2019-06-13 18:45:13 - [MESSAGE][PASSED] - Object: 'Object Repository/APOLLO- Desktop/Burger Menu/Women - Top Chevron' is clicked on

2019-06-13 18:45:13 - [TEST_STEP][PASSED] - delay(2): Delayed 2 second(s)

2019-06-13 18:45:15 - [MESSAGE][PASSED] - Delayed 2 second(s)

2019-06-13 18:45:15 - [TEST_STEP][PASSED] - click(findTestObject("APOLLO- Desktop/Burger Menu/Shirts link - women")): Object: 'Object Repository/APOLLO- Desktop/Burger Menu/Shirts link - women' is clicked on

2019-06-13 18:45:16 - [MESSAGE][PASSED] - Object: 'Object Repository/APOLLO- Desktop/Burger Menu/Shirts link - women' is clicked on

2019-06-13 18:45:16 - [TEST_STEP][PASSED] - delay(2): Delayed 2 second(s)

2019-06-13 18:45:18 - [MESSAGE][PASSED] - Delayed 2 second(s)

2019-06-13 18:45:18 - [TEST_STEP][PASSED] - click(findTestObject("APOLLO- Desktop/Burger Menu/Burgermenu")): Object: 'Object Repository/APOLLO- Desktop/Burger Menu/Burgermenu' is clicked on

2019-06-13 18:45:18 - [MESSAGE][PASSED] - Object: 'Object Repository/APOLLO- Desktop/Burger Menu/Burgermenu' is clicked on

2019-06-13 18:45:18 - [TEST_STEP][PASSED] - delay(2): Delayed 2 second(s)

2019-06-13 18:45:20 - [MESSAGE][PASSED] - Delayed 2 second(s)

2019-06-13 18:45:20 - [TEST_STEP][PASSED] - click(findTestObject("APOLLO- Desktop/Burger Menu/Women link")): Object: 'Object Repository/APOLLO- Desktop/Burger Menu/Women link' is clicked on

2019-06-13 18:45:20 - [MESSAGE][PASSED] - Object: 'Object Repository/APOLLO- Desktop/Burger Menu/Women link' is clicked on

2019-06-13 18:45:20 - [TEST_STEP][PASSED] - delay(2): Delayed 2 second(s)

2019-06-13 18:45:22 - [MESSAGE][PASSED] - Delayed 2 second(s)

2019-06-13 18:45:22 - [TEST_STEP][PASSED] - click(findTestObject("APOLLO- Desktop/Burger Menu/Women - Top Chevron")): Object: 'Object Repository/APOLLO- Desktop/Burger Menu/Women - Top Chevron' is clicked on

2019-06-13 18:45:23 - [MESSAGE][PASSED] - Object: 'Object Repository/APOLLO- Desktop/Burger Menu/Women - Top Chevron' is clicked on

2019-06-13 18:45:23 - [TEST_STEP][PASSED] - delay(2): Delayed 2 second(s)

2019-06-13 18:45:25 - [MESSAGE][PASSED] - Delayed 2 second(s)

2019-06-13 18:45:25 - [TEST_STEP][PASSED] - click(findTestObject("APOLLO- Desktop/Burger Menu/Sweaters - women")): Object: 'Object Repository/APOLLO- Desktop/Burger Menu/Sweaters - women' is clicked on

2019-06-13 18:45:26 - [MESSAGE][PASSED] - Object: 'Object Repository/APOLLO- Desktop/Burger Menu/Sweaters - women' is clicked on

2019-06-13 18:45:26 - [TEST_STEP][PASSED] - delay(2): Delayed 2 second(s)

2019-06-13 18:45:28 - [MESSAGE][PASSED] - Delayed 2 second(s)

2019-06-13 18:45:28 - [TEST_STEP][PASSED] - click(findTestObject("APOLLO- Desktop/Burger Menu/Burgermenu")): Object: 'Object Repository/APOLLO- Desktop/Burger Menu/Burgermenu' is clicked on

2019-06-13 18:45:28 - [MESSAGE][PASSED] - Object: 'Object Repository/APOLLO- Desktop/Burger Menu/Burgermenu' is clicked on

2019-06-13 18:45:28 - [TEST_STEP][PASSED] - delay(2): Delayed 2 second(s)

2019-06-13 18:45:30 - [MESSAGE][PASSED] - Delayed 2 second(s)

2019-06-13 18:45:30 - [TEST_STEP][PASSED] - click(findTestObject("APOLLO- Desktop/Burger Menu/KIds link")): Object: 'Object Repository/APOLLO- Desktop/Burger Menu/KIds link' is clicked on

2019-06-13 18:45:31 - [MESSAGE][PASSED] - Object: 'Object Repository/APOLLO- Desktop/Burger Menu/KIds link' is clicked on

2019-06-13 18:45:31 - [TEST_STEP][PASSED] - delay(2): Delayed 2 second(s)

2019-06-13 18:45:33 - [MESSAGE][PASSED] - Delayed 2 second(s)

2019-06-13 18:45:33 - [TEST_STEP][PASSED] - click(findTestObject("APOLLO- Desktop/Burger Menu/Burgermenu")): Object: 'Object Repository/APOLLO- Desktop/Burger Menu/Burgermenu' is clicked on

2019-06-13 18:45:33 - [MESSAGE][PASSED] - Object: 'Object Repository/APOLLO- Desktop/Burger Menu/Burgermenu' is clicked on

2019-06-13 18:45:33 - [TEST_STEP][PASSED] - delay(2): Delayed 2 second(s)

2019-06-13 18:45:35 - [MESSAGE][PASSED] - Delayed 2 second(s)

2019-06-13 18:45:35 - [TEST_STEP][PASSED] - click(findTestObject("APOLLO- Desktop/Burger Menu/collections")): Object: 'Object Repository/APOLLO- Desktop/Burger Menu/collections' is clicked on

2019-06-13 18:45:39 - [MESSAGE][PASSED] - Object: 'Object Repository/APOLLO- Desktop/Burger Menu/collections' is clicked on

2019-06-13 18:45:39 - [TEST_STEP][PASSED] - delay(2): Delayed 2 second(s)

2019-06-13 18:45:41 - [MESSAGE][PASSED] - Delayed 2 second(s)

2019-06-13 18:45:41 - [TEST_STEP][PASSED] - click(findTestObject("APOLLO- Desktop/Burger Menu/Burgermenu")): Object: 'Object Repository/APOLLO- Desktop/Burger Menu/Burgermenu' is clicked on

2019-06-13 18:45:41 - [MESSAGE][PASSED] - Object: 'Object Repository/APOLLO- Desktop/Burger Menu/Burgermenu' is clicked on

2019-06-13 18:45:41 - [TEST_STEP][PASSED] - delay(2): Delayed 2 second(s)

2019-06-13 18:45:43 - [MESSAGE][PASSED] - Delayed 2 second(s)

2019-06-13 18:45:43 - [TEST_STEP][PASSED] - click(findTestObject("APOLLO- Desktop/Burger Menu/About")): Object: 'Object Repository/APOLLO- Desktop/Burger Menu/About' is clicked on

2019-06-13 18:45:44 - [MESSAGE][PASSED] - Object: 'Object Repository/APOLLO- Desktop/Burger Menu/About' is clicked on

2019-06-13 18:45:44 - [TEST_STEP][PASSED] - delay(2): Delayed 2 second(s)

2019-06-13 18:45:46 - [MESSAGE][PASSED] - Delayed 2 second(s)

2019-06-13 18:45:46 - [TEST_STEP][PASSED] - click(findTestObject("APOLLO- Desktop/Burger Menu/Burgermenu")): Object: 'Object Repository/APOLLO- Desktop/Burger Menu/Burgermenu' is clicked on

2019-06-13 18:45:46 - [MESSAGE][PASSED] - Object: 'Object Repository/APOLLO- Desktop/Burger Menu/Burgermenu' is clicked on

2019-06-13 18:45:46 - [TEST_STEP][PASSED] - delay(2): Delayed 2 second(s)

2019-06-13 18:45:48 - [MESSAGE][PASSED] - Delayed 2 second(s)

2019-06-13 18:45:48 - [TEST_STEP][PASSED] - click(findTestObject("APOLLO- Desktop/Burger Menu/Blog")): Object: 'Object Repository/APOLLO- Desktop/Burger Menu/Blog' is clicked on

2019-06-13 18:45:49 - [MESSAGE][PASSED] - Object: 'Object Repository/APOLLO- Desktop/Burger Menu/Blog' is clicked on

2019-06-13 18:45:49 - [TEST_STEP][PASSED] - delay(2): Delayed 2 second(s)

2019-06-13 18:45:51 - [MESSAGE][PASSED] - Delayed 2 second(s)

2019-06-13 18:45:51 - [TEST_STEP][PASSED] - click(findTestObject("APOLLO- Desktop/Burger Menu/Burgermenu")): Object: 'Object Repository/APOLLO- Desktop/Burger Menu/Burgermenu' is clicked on

2019-06-13 18:45:51 - [MESSAGE][PASSED] - Object: 'Object Repository/APOLLO- Desktop/Burger Menu/Burgermenu' is clicked on

2019-06-13 18:45:51 - [TEST_STEP][PASSED] - delay(2): Delayed 2 second(s)

2019-06-13 18:45:53 - [MESSAGE][PASSED] - Delayed 2 second(s)

2019-06-13 18:45:53 - [TEST_STEP][PASSED] - click(findTestObject("APOLLO- Desktop/Burger Menu/Support")): Object: 'Object Repository/APOLLO- Desktop/Burger Menu/Support' is clicked on

2019-06-13 18:45:55 - [MESSAGE][PASSED] - Object: 'Object Repository/APOLLO- Desktop/Burger Menu/Support' is clicked on

2019-06-13 18:45:55 - [TEST_STEP][PASSED] - delay(2): Delayed 2 second(s)

2019-06-13 18:45:57 - [MESSAGE][PASSED] - Delayed 2 second(s)

2019-06-13 18:45:57 - [TEST_STEP][PASSED] - click(findTestObject("APOLLO- Desktop/Burger Menu/Burgermenu")): Object: 'Object Repository/APOLLO- Desktop/Burger Menu/Burgermenu' is clicked on

2019-06-13 18:45:57 - [MESSAGE][PASSED] - Object: 'Object Repository/APOLLO- Desktop/Burger Menu/Burgermenu' is clicked on

2019-06-13 18:45:57 - [TEST_STEP][PASSED] - delay(2): Delayed 2 second(s)

2019-06-13 18:45:59 - [MESSAGE][PASSED] - Delayed 2 second(s)

2019-06-13 18:45:59 - [TEST_STEP][PASSED] - click(findTestObject("APOLLO- Desktop/Burger Menu/Contact us")): Object: 'Object Repository/APOLLO- Desktop/Burger Menu/Contact us' is clicked on

2019-06-13 18:46:00 - [MESSAGE][PASSED] - Object: 'Object Repository/APOLLO- Desktop/Burger Menu/Contact us' is clicked on]]></system-out>
         <system-err><![CDATA[]]></system-err>
      </testcase>
      <testcase name="Test Cases/HOME PAGE/Featured collection" classname="Test Cases/HOME PAGE/Featured collection" status="PASSED">
         <system-out><![CDATA[2019-06-13 18:46:00 - [TEST_CASE][PASSED] - Test Cases/HOME PAGE/Featured collection: Test Cases/HOME PAGE/Featured collection

2019-06-13 18:46:00 - [TEST_STEP][PASSED] - callTestCase(findTestCase("CALL - URL"), [:], STOP_ON_FAILURE): Call Test Case 'Test Cases/CALL - URL' successfully

2019-06-13 18:46:00 - [TEST_CASE][PASSED] - Test Cases/CALL - URL: Test Cases/CALL - URL

2019-06-13 18:46:00 - [TEST_STEP][PASSED] - openBrowser(""): Browser is opened with url: ''

2019-06-13 18:46:00 - [MESSAGE][WARNING] - A browser is already opened. Closing browser and opening a new one

2019-06-13 18:46:00 - [MESSAGE][INFO] - Starting 'Chrome' driver

2019-06-13 18:46:01 - [MESSAGE][PASSED] - Browser is opened with url: ''

2019-06-13 18:46:01 - [TEST_STEP][PASSED] - navigateToUrl("https://diff-apollo.myshopify.com/?_ab=0&_fd=0&_sc=1&preview_theme_id=68602101860"): Navigate to 'https://diff-apollo.myshopify.com/?_ab=0&_fd=0&_sc=1&preview_theme_id=68602101860' successfully

2019-06-13 18:46:08 - [MESSAGE][PASSED] - Navigate to 'https://diff-apollo.myshopify.com/?_ab=0&_fd=0&_sc=1&preview_theme_id=68602101860' successfully

2019-06-13 18:46:08 - [TEST_STEP][PASSED] - executeJavaScript("var previewBar = document.getElementById("preview-bar-iframe"); previewBar.style.display = "none";", []): Execute JavaScript 'var previewBar = document.getElementById("preview-bar-iframe"); previewBar.style.display = "none";' successfully

2019-06-13 18:46:08 - [MESSAGE][PASSED] - Execute JavaScript 'var previewBar = document.getElementById("preview-bar-iframe"); previewBar.style.display = "none";' successfully

2019-06-13 18:46:08 - [MESSAGE][PASSED] - Call Test Case 'Test Cases/CALL - URL' successfully

2019-06-13 18:46:08 - [TEST_STEP][PASSED] - delay(1): Delayed 1 second(s)

2019-06-13 18:46:09 - [MESSAGE][PASSED] - Delayed 1 second(s)

2019-06-13 18:46:09 - [TEST_STEP][PASSED] - scrollToElement(findTestObject("APOLLO- Desktop/Home page/Featured collection/Sophisticated and elegant - Tile"), 0): Scroll to object 'Object Repository/APOLLO- Desktop/Home page/Featured collection/Sophisticated and elegant - Tile' successfully

2019-06-13 18:46:09 - [MESSAGE][WARNING] - Timeout '0' is invalid. Using default page load timeout: '30'

2019-06-13 18:46:09 - [MESSAGE][PASSED] - Scroll to object 'Object Repository/APOLLO- Desktop/Home page/Featured collection/Sophisticated and elegant - Tile' successfully

2019-06-13 18:46:09 - [TEST_STEP][PASSED] - delay(1): Delayed 1 second(s)

2019-06-13 18:46:10 - [MESSAGE][PASSED] - Delayed 1 second(s)

2019-06-13 18:46:10 - [TEST_STEP][PASSED] - mouseOver(findTestObject("APOLLO- Desktop/Home page/Featured collection/Sophisticated and elegant - Tile - hover")): Object: 'Object Repository/APOLLO- Desktop/Home page/Featured collection/Sophisticated and elegant - Tile - hover' is hovered

2019-06-13 18:46:10 - [MESSAGE][PASSED] - Object: 'Object Repository/APOLLO- Desktop/Home page/Featured collection/Sophisticated and elegant - Tile - hover' is hovered

2019-06-13 18:46:10 - [TEST_STEP][PASSED] - delay(1): Delayed 1 second(s)

2019-06-13 18:46:11 - [MESSAGE][PASSED] - Delayed 1 second(s)

2019-06-13 18:46:11 - [TEST_STEP][PASSED] - click(findTestObject("APOLLO- Desktop/Home page/Featured collection/shop womens bottoms - button")): Object: 'Object Repository/APOLLO- Desktop/Home page/Featured collection/shop womens bottoms - button' is clicked on

2019-06-13 18:46:13 - [MESSAGE][PASSED] - Object: 'Object Repository/APOLLO- Desktop/Home page/Featured collection/shop womens bottoms - button' is clicked on

2019-06-13 18:46:13 - [TEST_STEP][PASSED] - delay(1): Delayed 1 second(s)

2019-06-13 18:46:14 - [MESSAGE][PASSED] - Delayed 1 second(s)

2019-06-13 18:46:14 - [TEST_STEP][PASSED] - click(findTestObject("APOLLO- Desktop/Home page/Hero banner - CTA/Apollo icon")): Object: 'Object Repository/APOLLO- Desktop/Home page/Hero banner - CTA/Apollo icon' is clicked on

2019-06-13 18:46:23 - [MESSAGE][PASSED] - Object: 'Object Repository/APOLLO- Desktop/Home page/Hero banner - CTA/Apollo icon' is clicked on

2019-06-13 18:46:23 - [TEST_STEP][PASSED] - executeJavaScript("var previewBar = document.getElementById("preview-bar-iframe"); previewBar.style.display = "none";", []): Execute JavaScript 'var previewBar = document.getElementById("preview-bar-iframe"); previewBar.style.display = "none";' successfully

2019-06-13 18:46:23 - [MESSAGE][PASSED] - Execute JavaScript 'var previewBar = document.getElementById("preview-bar-iframe"); previewBar.style.display = "none";' successfully

2019-06-13 18:46:23 - [TEST_STEP][PASSED] - delay(1): Delayed 1 second(s)

2019-06-13 18:46:24 - [MESSAGE][PASSED] - Delayed 1 second(s)

2019-06-13 18:46:24 - [TEST_STEP][PASSED] - scrollToElement(findTestObject("APOLLO- Desktop/Home page/Featured collection/Designed for function - Tile"), 0): Scroll to object 'Object Repository/APOLLO- Desktop/Home page/Featured collection/Designed for function - Tile' successfully

2019-06-13 18:46:24 - [MESSAGE][WARNING] - Timeout '0' is invalid. Using default page load timeout: '30'

2019-06-13 18:46:24 - [MESSAGE][PASSED] - Scroll to object 'Object Repository/APOLLO- Desktop/Home page/Featured collection/Designed for function - Tile' successfully

2019-06-13 18:46:24 - [TEST_STEP][PASSED] - delay(1): Delayed 1 second(s)

2019-06-13 18:46:25 - [MESSAGE][PASSED] - Delayed 1 second(s)

2019-06-13 18:46:25 - [TEST_STEP][PASSED] - mouseOver(findTestObject("APOLLO- Desktop/Home page/Featured collection/Designed for function - Tile - hover")): Object: 'Object Repository/APOLLO- Desktop/Home page/Featured collection/Designed for function - Tile - hover' is hovered

2019-06-13 18:46:25 - [MESSAGE][PASSED] - Object: 'Object Repository/APOLLO- Desktop/Home page/Featured collection/Designed for function - Tile - hover' is hovered

2019-06-13 18:46:25 - [TEST_STEP][PASSED] - delay(1): Delayed 1 second(s)

2019-06-13 18:46:26 - [MESSAGE][PASSED] - Delayed 1 second(s)

2019-06-13 18:46:26 - [TEST_STEP][PASSED] - click(findTestObject("APOLLO- Desktop/Home page/Featured collection/Shop menss jacket - button")): Object: 'Object Repository/APOLLO- Desktop/Home page/Featured collection/Shop menss jacket - button' is clicked on

2019-06-13 18:46:28 - [MESSAGE][PASSED] - Object: 'Object Repository/APOLLO- Desktop/Home page/Featured collection/Shop menss jacket - button' is clicked on

2019-06-13 18:46:28 - [TEST_STEP][PASSED] - delay(1): Delayed 1 second(s)

2019-06-13 18:46:29 - [MESSAGE][PASSED] - Delayed 1 second(s)

2019-06-13 18:46:29 - [TEST_STEP][PASSED] - click(findTestObject("APOLLO- Desktop/Home page/Hero banner - CTA/Apollo icon")): Object: 'Object Repository/APOLLO- Desktop/Home page/Hero banner - CTA/Apollo icon' is clicked on

2019-06-13 18:46:32 - [MESSAGE][PASSED] - Object: 'Object Repository/APOLLO- Desktop/Home page/Hero banner - CTA/Apollo icon' is clicked on

2019-06-13 18:46:32 - [TEST_STEP][PASSED] - executeJavaScript("var previewBar = document.getElementById("preview-bar-iframe"); previewBar.style.display = "none";", []): Execute JavaScript 'var previewBar = document.getElementById("preview-bar-iframe"); previewBar.style.display = "none";' successfully

2019-06-13 18:46:32 - [MESSAGE][PASSED] - Execute JavaScript 'var previewBar = document.getElementById("preview-bar-iframe"); previewBar.style.display = "none";' successfully

2019-06-13 18:46:32 - [TEST_STEP][PASSED] - delay(1): Delayed 1 second(s)

2019-06-13 18:46:33 - [MESSAGE][PASSED] - Delayed 1 second(s)

2019-06-13 18:46:33 - [TEST_STEP][PASSED] - scrollToElement(findTestObject("APOLLO- Desktop/Home page/Featured collection/Sweaters - Tile"), 0): Scroll to object 'Object Repository/APOLLO- Desktop/Home page/Featured collection/Sweaters - Tile' successfully

2019-06-13 18:46:33 - [MESSAGE][WARNING] - Timeout '0' is invalid. Using default page load timeout: '30'

2019-06-13 18:46:33 - [MESSAGE][PASSED] - Scroll to object 'Object Repository/APOLLO- Desktop/Home page/Featured collection/Sweaters - Tile' successfully

2019-06-13 18:46:33 - [TEST_STEP][PASSED] - delay(1): Delayed 1 second(s)

2019-06-13 18:46:34 - [MESSAGE][PASSED] - Delayed 1 second(s)

2019-06-13 18:46:34 - [TEST_STEP][PASSED] - mouseOver(findTestObject("APOLLO- Desktop/Home page/Featured collection/Sweaters - Tile - hover")): Object: 'Object Repository/APOLLO- Desktop/Home page/Featured collection/Sweaters - Tile - hover' is hovered

2019-06-13 18:46:34 - [MESSAGE][PASSED] - Object: 'Object Repository/APOLLO- Desktop/Home page/Featured collection/Sweaters - Tile - hover' is hovered

2019-06-13 18:46:34 - [TEST_STEP][PASSED] - delay(1): Delayed 1 second(s)

2019-06-13 18:46:35 - [MESSAGE][PASSED] - Delayed 1 second(s)

2019-06-13 18:46:35 - [TEST_STEP][PASSED] - click(findTestObject("APOLLO- Desktop/Home page/Featured collection/shop womens sweaters - button")): Object: 'Object Repository/APOLLO- Desktop/Home page/Featured collection/shop womens sweaters - button' is clicked on

2019-06-13 18:46:37 - [MESSAGE][PASSED] - Object: 'Object Repository/APOLLO- Desktop/Home page/Featured collection/shop womens sweaters - button' is clicked on

2019-06-13 18:46:37 - [TEST_STEP][PASSED] - delay(1): Delayed 1 second(s)

2019-06-13 18:46:38 - [MESSAGE][PASSED] - Delayed 1 second(s)

2019-06-13 18:46:38 - [TEST_STEP][PASSED] - click(findTestObject("APOLLO- Desktop/Home page/Hero banner - CTA/Apollo icon")): Object: 'Object Repository/APOLLO- Desktop/Home page/Hero banner - CTA/Apollo icon' is clicked on

2019-06-13 18:46:41 - [MESSAGE][PASSED] - Object: 'Object Repository/APOLLO- Desktop/Home page/Hero banner - CTA/Apollo icon' is clicked on

2019-06-13 18:46:41 - [TEST_STEP][PASSED] - executeJavaScript("var previewBar = document.getElementById("preview-bar-iframe"); previewBar.style.display = "none";", []): Execute JavaScript 'var previewBar = document.getElementById("preview-bar-iframe"); previewBar.style.display = "none";' successfully

2019-06-13 18:46:41 - [MESSAGE][PASSED] - Execute JavaScript 'var previewBar = document.getElementById("preview-bar-iframe"); previewBar.style.display = "none";' successfully

2019-06-13 18:46:41 - [TEST_STEP][PASSED] - delay(1): Delayed 1 second(s)

2019-06-13 18:46:42 - [MESSAGE][PASSED] - Delayed 1 second(s)

2019-06-13 18:46:42 - [TEST_STEP][PASSED] - scrollToElement(findTestObject("APOLLO- Desktop/Home page/Featured collection/Shirts - Tile"), 0): Scroll to object 'Object Repository/APOLLO- Desktop/Home page/Featured collection/Shirts - Tile' successfully

2019-06-13 18:46:42 - [MESSAGE][WARNING] - Timeout '0' is invalid. Using default page load timeout: '30'

2019-06-13 18:46:42 - [MESSAGE][PASSED] - Scroll to object 'Object Repository/APOLLO- Desktop/Home page/Featured collection/Shirts - Tile' successfully

2019-06-13 18:46:42 - [TEST_STEP][PASSED] - delay(1): Delayed 1 second(s)

2019-06-13 18:46:43 - [MESSAGE][PASSED] - Delayed 1 second(s)

2019-06-13 18:46:43 - [TEST_STEP][PASSED] - mouseOver(findTestObject("APOLLO- Desktop/Home page/Featured collection/Shirts - Tile - hover")): Object: 'Object Repository/APOLLO- Desktop/Home page/Featured collection/Shirts - Tile - hover' is hovered

2019-06-13 18:46:43 - [MESSAGE][PASSED] - Object: 'Object Repository/APOLLO- Desktop/Home page/Featured collection/Shirts - Tile - hover' is hovered

2019-06-13 18:46:43 - [TEST_STEP][PASSED] - delay(1): Delayed 1 second(s)

2019-06-13 18:46:44 - [MESSAGE][PASSED] - Delayed 1 second(s)

2019-06-13 18:46:44 - [TEST_STEP][PASSED] - click(findTestObject("APOLLO- Desktop/Home page/Featured collection/Shop menss shirt - button")): Object: 'Object Repository/APOLLO- Desktop/Home page/Featured collection/Shop menss shirt - button' is clicked on

2019-06-13 18:46:45 - [MESSAGE][PASSED] - Object: 'Object Repository/APOLLO- Desktop/Home page/Featured collection/Shop menss shirt - button' is clicked on

2019-06-13 18:46:45 - [TEST_STEP][PASSED] - delay(1): Delayed 1 second(s)

2019-06-13 18:46:46 - [MESSAGE][PASSED] - Delayed 1 second(s)

2019-06-13 18:46:46 - [TEST_STEP][PASSED] - click(findTestObject("APOLLO- Desktop/Home page/Hero banner - CTA/Apollo icon")): Object: 'Object Repository/APOLLO- Desktop/Home page/Hero banner - CTA/Apollo icon' is clicked on

2019-06-13 18:46:49 - [MESSAGE][PASSED] - Object: 'Object Repository/APOLLO- Desktop/Home page/Hero banner - CTA/Apollo icon' is clicked on

2019-06-13 18:46:49 - [TEST_STEP][PASSED] - executeJavaScript("var previewBar = document.getElementById("preview-bar-iframe"); previewBar.style.display = "none";", []): Execute JavaScript 'var previewBar = document.getElementById("preview-bar-iframe"); previewBar.style.display = "none";' successfully

2019-06-13 18:46:49 - [MESSAGE][PASSED] - Execute JavaScript 'var previewBar = document.getElementById("preview-bar-iframe"); previewBar.style.display = "none";' successfully

2019-06-13 18:46:49 - [TEST_STEP][PASSED] - delay(1): Delayed 1 second(s)

2019-06-13 18:46:50 - [MESSAGE][PASSED] - Delayed 1 second(s)

2019-06-13 18:46:50 - [TEST_STEP][PASSED] - scrollToElement(findTestObject("APOLLO- Desktop/Home page/OUTER WEAR - TILES - Copy"), 0): Scroll to object 'Object Repository/APOLLO- Desktop/Home page/OUTER WEAR - TILES - Copy' successfully

2019-06-13 18:46:50 - [MESSAGE][WARNING] - Timeout '0' is invalid. Using default page load timeout: '30'

2019-06-13 18:46:50 - [MESSAGE][PASSED] - Scroll to object 'Object Repository/APOLLO- Desktop/Home page/OUTER WEAR - TILES - Copy' successfully

2019-06-13 18:46:50 - [TEST_STEP][PASSED] - delay(1): Delayed 1 second(s)

2019-06-13 18:46:51 - [MESSAGE][PASSED] - Delayed 1 second(s)

2019-06-13 18:46:51 - [TEST_STEP][PASSED] - mouseOver(findTestObject("APOLLO- Desktop/Home page/OUTER WEAR - TILES")): Object: 'Object Repository/APOLLO- Desktop/Home page/OUTER WEAR - TILES' is hovered

2019-06-13 18:46:51 - [MESSAGE][PASSED] - Object: 'Object Repository/APOLLO- Desktop/Home page/OUTER WEAR - TILES' is hovered

2019-06-13 18:46:51 - [TEST_STEP][PASSED] - delay(1): Delayed 1 second(s)

2019-06-13 18:46:52 - [MESSAGE][PASSED] - Delayed 1 second(s)

2019-06-13 18:46:52 - [TEST_STEP][PASSED] - click(findTestObject("APOLLO- Desktop/Home page/Shop mens outer wear -button")): Object: 'Object Repository/APOLLO- Desktop/Home page/Shop mens outer wear -button' is clicked on

2019-06-13 18:46:53 - [MESSAGE][PASSED] - Object: 'Object Repository/APOLLO- Desktop/Home page/Shop mens outer wear -button' is clicked on

2019-06-13 18:46:53 - [TEST_STEP][PASSED] - click(findTestObject("APOLLO- Desktop/Home page/Hero banner - CTA/Apollo icon")): Object: 'Object Repository/APOLLO- Desktop/Home page/Hero banner - CTA/Apollo icon' is clicked on

2019-06-13 18:46:59 - [MESSAGE][PASSED] - Object: 'Object Repository/APOLLO- Desktop/Home page/Hero banner - CTA/Apollo icon' is clicked on]]></system-out>
         <system-err><![CDATA[]]></system-err>
      </testcase>
      <testcase name="Test Cases/HOME PAGE/Footer" classname="Test Cases/HOME PAGE/Footer" status="FAILED">
         <failure type="FAILED" message="Test Cases/HOME PAGE/Footer FAILED.
Reason:
com.kms.katalon.core.exception.StepFailedException: Unable to click on object 'Object Repository/APOLLO- Desktop/Home page/Footer/Shop' (Root cause: org.openqa.selenium.WebDriverException: unknown error: Element &lt;a href=&quot;/collections/all&quot; class=&quot;c-footer-link o-link--discrete&quot;>...&lt;/a> is not clickable at point (470, 639). Other element would receive the click: &lt;iframe title=&quot;Preview Bar&quot; id=&quot;preview-bar-iframe&quot; src=&quot;https://diff-apollo.myshopify.com/preview_bar&quot; sandbox=&quot;allow-same-origin allow-scripts&quot; style=&quot;position: fixed; bottom: 0px; left: 0px; z-index: 2147483647; width: 100%; border: none; box-shadow: rgba(0, 0, 0, 0.2) 0px -1px 3px; overflow: hidden; transform: translateY(0px); transition: transform 300ms ease 0s; height: 60px;&quot;>&lt;/iframe>
  (Session info: chrome=75.0.3770.90)
  (Driver info: chromedriver=2.43.600229 (3fae4d0cda5334b4f533bede5a4787f7b832d052),platform=Mac OS X 10.13.6 x86_64) (WARNING: The server did not provide any stacktrace information)
Command duration or timeout: 0 milliseconds
Build info: version: '3.7.1', revision: '8a0099a', time: '2017-11-06T21:07:36.161Z'
System info: host: 'sumans-MacBook-Pro.local', ip: 'fe80:0:0:0:145f:b2f6:5126:870a%en0', os.name: 'Mac OS X', os.arch: 'x86_64', os.version: '10.13.6', java.version: '1.8.0_181'
Driver info: com.kms.katalon.selenium.driver.CChromeDriver
Capabilities {acceptInsecureCerts: false, acceptSslCerts: false, applicationCacheEnabled: false, browserConnectionEnabled: false, browserName: chrome, chrome: {chromedriverVersion: 2.43.600229 (3fae4d0cda5334..., userDataDir: /var/folders/1t/c55l8xzs6gq...}, cssSelectorsEnabled: true, databaseEnabled: false, goog:chromeOptions: {debuggerAddress: localhost:63242}, handlesAlerts: true, hasTouchScreen: false, javascriptEnabled: true, locationContextEnabled: true, mobileEmulationEnabled: false, nativeEvents: true, networkConnectionEnabled: false, pageLoadStrategy: normal, platform: MAC, platformName: MAC, rotatable: false, setWindowRect: true, takesHeapSnapshot: true, takesScreenshot: true, unexpectedAlertBehaviour: , unhandledPromptBehavior: , version: 75.0.3770.90, webStorageEnabled: true}
Session ID: 737563c2bcf0578c7168297c5ddf6129)
	at com.kms.katalon.core.keyword.internal.KeywordMain.stepFailed(KeywordMain.groovy:36)
	at com.kms.katalon.core.webui.keyword.internal.WebUIKeywordMain.stepFailed(WebUIKeywordMain.groovy:65)
	at com.kms.katalon.core.webui.keyword.internal.WebUIKeywordMain.runKeyword(WebUIKeywordMain.groovy:27)
	at com.kms.katalon.core.webui.keyword.builtin.ClickKeyword.click(ClickKeyword.groovy:86)
	at com.kms.katalon.core.webui.keyword.builtin.ClickKeyword.execute(ClickKeyword.groovy:67)
	at com.kms.katalon.core.keyword.internal.KeywordExecutor.executeKeywordForPlatform(KeywordExecutor.groovy:53)
	at com.kms.katalon.core.webui.keyword.WebUiBuiltInKeywords.click(WebUiBuiltInKeywords.groovy:616)
	at com.kms.katalon.core.webui.keyword.WebUiBuiltInKeywords$click$2.call(Unknown Source)
	at Footer.run(Footer:44)
	at com.kms.katalon.core.main.ScriptEngine.run(ScriptEngine.java:194)
	at com.kms.katalon.core.main.ScriptEngine.runScriptAsRawText(ScriptEngine.java:119)
	at com.kms.katalon.core.main.TestCaseExecutor.runScript(TestCaseExecutor.java:328)
	at com.kms.katalon.core.main.TestCaseExecutor.doExecute(TestCaseExecutor.java:319)
	at com.kms.katalon.core.main.TestCaseExecutor.processExecutionPhase(TestCaseExecutor.java:298)
	at com.kms.katalon.core.main.TestCaseExecutor.accessMainPhase(TestCaseExecutor.java:290)
	at com.kms.katalon.core.main.TestCaseExecutor.execute(TestCaseExecutor.java:224)
	at com.kms.katalon.core.main.TestSuiteExecutor.accessTestCaseMainPhase(TestSuiteExecutor.java:129)
	at com.kms.katalon.core.main.TestSuiteExecutor.accessTestSuiteMainPhase(TestSuiteExecutor.java:112)
	at com.kms.katalon.core.main.TestSuiteExecutor.execute(TestSuiteExecutor.java:81)
	at com.kms.katalon.core.main.TestCaseMain.startTestSuite(TestCaseMain.java:149)
	at com.kms.katalon.core.main.TestCaseMain$startTestSuite$0.call(Unknown Source)
	at TempTestSuite1560465451242.run(TempTestSuite1560465451242.groovy:36)
"/>
         <system-out><![CDATA[2019-06-13 18:46:59 - [TEST_CASE][FAILED] - Test Cases/HOME PAGE/Footer: Test Cases/HOME PAGE/Footer FAILED.
Reason:
com.kms.katalon.core.exception.StepFailedException: Unable to click on object 'Object Repository/APOLLO- Desktop/Home page/Footer/Shop' (Root cause: org.openqa.selenium.WebDriverException: unknown error: Element <a href="/collections/all" class="c-footer-link o-link--discrete">...</a> is not clickable at point (470, 639). Other element would receive the click: <iframe title="Preview Bar" id="preview-bar-iframe" src="https://diff-apollo.myshopify.com/preview_bar" sandbox="allow-same-origin allow-scripts" style="position: fixed; bottom: 0px; left: 0px; z-index: 2147483647; width: 100%; border: none; box-shadow: rgba(0, 0, 0, 0.2) 0px -1px 3px; overflow: hidden; transform: translateY(0px); transition: transform 300ms ease 0s; height: 60px;"></iframe>
  (Session info: chrome=75.0.3770.90)
  (Driver info: chromedriver=2.43.600229 (3fae4d0cda5334b4f533bede5a4787f7b832d052),platform=Mac OS X 10.13.6 x86_64) (WARNING: The server did not provide any stacktrace information)
Command duration or timeout: 0 milliseconds
Build info: version: '3.7.1', revision: '8a0099a', time: '2017-11-06T21:07:36.161Z'
System info: host: 'sumans-MacBook-Pro.local', ip: 'fe80:0:0:0:145f:b2f6:5126:870a%en0', os.name: 'Mac OS X', os.arch: 'x86_64', os.version: '10.13.6', java.version: '1.8.0_181'
Driver info: com.kms.katalon.selenium.driver.CChromeDriver
Capabilities {acceptInsecureCerts: false, acceptSslCerts: false, applicationCacheEnabled: false, browserConnectionEnabled: false, browserName: chrome, chrome: {chromedriverVersion: 2.43.600229 (3fae4d0cda5334..., userDataDir: /var/folders/1t/c55l8xzs6gq...}, cssSelectorsEnabled: true, databaseEnabled: false, goog:chromeOptions: {debuggerAddress: localhost:63242}, handlesAlerts: true, hasTouchScreen: false, javascriptEnabled: true, locationContextEnabled: true, mobileEmulationEnabled: false, nativeEvents: true, networkConnectionEnabled: false, pageLoadStrategy: normal, platform: MAC, platformName: MAC, rotatable: false, setWindowRect: true, takesHeapSnapshot: true, takesScreenshot: true, unexpectedAlertBehaviour: , unhandledPromptBehavior: , version: 75.0.3770.90, webStorageEnabled: true}
Session ID: 737563c2bcf0578c7168297c5ddf6129)
	at com.kms.katalon.core.keyword.internal.KeywordMain.stepFailed(KeywordMain.groovy:36)
	at com.kms.katalon.core.webui.keyword.internal.WebUIKeywordMain.stepFailed(WebUIKeywordMain.groovy:65)
	at com.kms.katalon.core.webui.keyword.internal.WebUIKeywordMain.runKeyword(WebUIKeywordMain.groovy:27)
	at com.kms.katalon.core.webui.keyword.builtin.ClickKeyword.click(ClickKeyword.groovy:86)
	at com.kms.katalon.core.webui.keyword.builtin.ClickKeyword.execute(ClickKeyword.groovy:67)
	at com.kms.katalon.core.keyword.internal.KeywordExecutor.executeKeywordForPlatform(KeywordExecutor.groovy:53)
	at com.kms.katalon.core.webui.keyword.WebUiBuiltInKeywords.click(WebUiBuiltInKeywords.groovy:616)
	at com.kms.katalon.core.webui.keyword.WebUiBuiltInKeywords$click$2.call(Unknown Source)
	at Footer.run(Footer:44)
	at com.kms.katalon.core.main.ScriptEngine.run(ScriptEngine.java:194)
	at com.kms.katalon.core.main.ScriptEngine.runScriptAsRawText(ScriptEngine.java:119)
	at com.kms.katalon.core.main.TestCaseExecutor.runScript(TestCaseExecutor.java:328)
	at com.kms.katalon.core.main.TestCaseExecutor.doExecute(TestCaseExecutor.java:319)
	at com.kms.katalon.core.main.TestCaseExecutor.processExecutionPhase(TestCaseExecutor.java:298)
	at com.kms.katalon.core.main.TestCaseExecutor.accessMainPhase(TestCaseExecutor.java:290)
	at com.kms.katalon.core.main.TestCaseExecutor.execute(TestCaseExecutor.java:224)
	at com.kms.katalon.core.main.TestSuiteExecutor.accessTestCaseMainPhase(TestSuiteExecutor.java:129)
	at com.kms.katalon.core.main.TestSuiteExecutor.accessTestSuiteMainPhase(TestSuiteExecutor.java:112)
	at com.kms.katalon.core.main.TestSuiteExecutor.execute(TestSuiteExecutor.java:81)
	at com.kms.katalon.core.main.TestCaseMain.startTestSuite(TestCaseMain.java:149)
	at com.kms.katalon.core.main.TestCaseMain$startTestSuite$0.call(Unknown Source)
	at TempTestSuite1560465451242.run(TempTestSuite1560465451242.groovy:36)


2019-06-13 18:46:59 - [TEST_STEP][PASSED] - callTestCase(findTestCase("CALL - URL"), [:], STOP_ON_FAILURE): Call Test Case 'Test Cases/CALL - URL' successfully

2019-06-13 18:46:59 - [TEST_CASE][PASSED] - Test Cases/CALL - URL: Test Cases/CALL - URL

2019-06-13 18:46:59 - [TEST_STEP][PASSED] - openBrowser(""): Browser is opened with url: ''

2019-06-13 18:46:59 - [MESSAGE][WARNING] - A browser is already opened. Closing browser and opening a new one

2019-06-13 18:47:00 - [MESSAGE][INFO] - Starting 'Chrome' driver

2019-06-13 18:47:01 - [MESSAGE][PASSED] - Browser is opened with url: ''

2019-06-13 18:47:01 - [TEST_STEP][PASSED] - navigateToUrl("https://diff-apollo.myshopify.com/?_ab=0&_fd=0&_sc=1&preview_theme_id=68602101860"): Navigate to 'https://diff-apollo.myshopify.com/?_ab=0&_fd=0&_sc=1&preview_theme_id=68602101860' successfully

2019-06-13 18:47:05 - [MESSAGE][PASSED] - Navigate to 'https://diff-apollo.myshopify.com/?_ab=0&_fd=0&_sc=1&preview_theme_id=68602101860' successfully

2019-06-13 18:47:05 - [TEST_STEP][PASSED] - executeJavaScript("var previewBar = document.getElementById("preview-bar-iframe"); previewBar.style.display = "none";", []): Execute JavaScript 'var previewBar = document.getElementById("preview-bar-iframe"); previewBar.style.display = "none";' successfully

2019-06-13 18:47:05 - [MESSAGE][PASSED] - Execute JavaScript 'var previewBar = document.getElementById("preview-bar-iframe"); previewBar.style.display = "none";' successfully

2019-06-13 18:47:05 - [MESSAGE][PASSED] - Call Test Case 'Test Cases/CALL - URL' successfully

2019-06-13 18:47:05 - [TEST_STEP][PASSED] - delay(2): Delayed 2 second(s)

2019-06-13 18:47:07 - [MESSAGE][PASSED] - Delayed 2 second(s)

2019-06-13 18:47:07 - [TEST_STEP][PASSED] - click(findTestObject("APOLLO- Desktop/Home page/Footer/Social icons position")): Object: 'Object Repository/APOLLO- Desktop/Home page/Footer/Social icons position' is clicked on

2019-06-13 18:47:07 - [MESSAGE][PASSED] - Object: 'Object Repository/APOLLO- Desktop/Home page/Footer/Social icons position' is clicked on

2019-06-13 18:47:07 - [TEST_STEP][PASSED] - delay(2): Delayed 2 second(s)

2019-06-13 18:47:09 - [MESSAGE][PASSED] - Delayed 2 second(s)

2019-06-13 18:47:09 - [TEST_STEP][PASSED] - click(findTestObject("APOLLO- Desktop/Home page/Footer/facebook icon")): Object: 'Object Repository/APOLLO- Desktop/Home page/Footer/facebook icon' is clicked on

2019-06-13 18:47:09 - [MESSAGE][PASSED] - Object: 'Object Repository/APOLLO- Desktop/Home page/Footer/facebook icon' is clicked on

2019-06-13 18:47:09 - [TEST_STEP][PASSED] - delay(2): Delayed 2 second(s)

2019-06-13 18:47:11 - [MESSAGE][PASSED] - Delayed 2 second(s)

2019-06-13 18:47:11 - [TEST_STEP][PASSED] - click(findTestObject("APOLLO- Desktop/Home page/Footer/Twitter icon")): Object: 'Object Repository/APOLLO- Desktop/Home page/Footer/Twitter icon' is clicked on

2019-06-13 18:47:17 - [MESSAGE][PASSED] - Object: 'Object Repository/APOLLO- Desktop/Home page/Footer/Twitter icon' is clicked on

2019-06-13 18:47:17 - [TEST_STEP][PASSED] - delay(2): Delayed 2 second(s)

2019-06-13 18:47:19 - [MESSAGE][PASSED] - Delayed 2 second(s)

2019-06-13 18:47:19 - [TEST_STEP][PASSED] - click(findTestObject("APOLLO- Desktop/Home page/Footer/Instagram icon")): Object: 'Object Repository/APOLLO- Desktop/Home page/Footer/Instagram icon' is clicked on

2019-06-13 18:47:24 - [MESSAGE][PASSED] - Object: 'Object Repository/APOLLO- Desktop/Home page/Footer/Instagram icon' is clicked on

2019-06-13 18:47:24 - [TEST_STEP][PASSED] - delay(2): Delayed 2 second(s)

2019-06-13 18:47:26 - [MESSAGE][PASSED] - Delayed 2 second(s)

2019-06-13 18:47:26 - [TEST_STEP][PASSED] - click(findTestObject("APOLLO- Desktop/Home page/Footer/Pintrest")): Object: 'Object Repository/APOLLO- Desktop/Home page/Footer/Pintrest' is clicked on

2019-06-13 18:47:31 - [MESSAGE][PASSED] - Object: 'Object Repository/APOLLO- Desktop/Home page/Footer/Pintrest' is clicked on

2019-06-13 18:47:31 - [TEST_STEP][PASSED] - delay(2): Delayed 2 second(s)

2019-06-13 18:47:33 - [MESSAGE][PASSED] - Delayed 2 second(s)

2019-06-13 18:47:33 - [TEST_STEP][PASSED] - click(findTestObject("APOLLO- Desktop/Home page/Footer/div_Shop")): Object: 'Object Repository/APOLLO- Desktop/Home page/Footer/div_Shop' is clicked on

2019-06-13 18:47:39 - [MESSAGE][PASSED] - Object: 'Object Repository/APOLLO- Desktop/Home page/Footer/div_Shop' is clicked on

2019-06-13 18:47:39 - [TEST_STEP][PASSED] - delay(4): Delayed 4 second(s)

2019-06-13 18:47:43 - [MESSAGE][PASSED] - Delayed 4 second(s)

2019-06-13 18:47:43 - [TEST_STEP][FAILED] - click(findTestObject("APOLLO- Desktop/Home page/Footer/Shop")): click(findTestObject("APOLLO- Desktop/Home page/Footer/Shop")) FAILED.
Reason:
com.kms.katalon.core.exception.StepFailedException: Unable to click on object 'Object Repository/APOLLO- Desktop/Home page/Footer/Shop' (Root cause: org.openqa.selenium.WebDriverException: unknown error: Element <a href="/collections/all" class="c-footer-link o-link--discrete">...</a> is not clickable at point (470, 639). Other element would receive the click: <iframe title="Preview Bar" id="preview-bar-iframe" src="https://diff-apollo.myshopify.com/preview_bar" sandbox="allow-same-origin allow-scripts" style="position: fixed; bottom: 0px; left: 0px; z-index: 2147483647; width: 100%; border: none; box-shadow: rgba(0, 0, 0, 0.2) 0px -1px 3px; overflow: hidden; transform: translateY(0px); transition: transform 300ms ease 0s; height: 60px;"></iframe>
  (Session info: chrome=75.0.3770.90)
  (Driver info: chromedriver=2.43.600229 (3fae4d0cda5334b4f533bede5a4787f7b832d052),platform=Mac OS X 10.13.6 x86_64) (WARNING: The server did not provide any stacktrace information)
Command duration or timeout: 0 milliseconds
Build info: version: '3.7.1', revision: '8a0099a', time: '2017-11-06T21:07:36.161Z'
System info: host: 'sumans-MacBook-Pro.local', ip: 'fe80:0:0:0:145f:b2f6:5126:870a%en0', os.name: 'Mac OS X', os.arch: 'x86_64', os.version: '10.13.6', java.version: '1.8.0_181'
Driver info: com.kms.katalon.selenium.driver.CChromeDriver
Capabilities {acceptInsecureCerts: false, acceptSslCerts: false, applicationCacheEnabled: false, browserConnectionEnabled: false, browserName: chrome, chrome: {chromedriverVersion: 2.43.600229 (3fae4d0cda5334..., userDataDir: /var/folders/1t/c55l8xzs6gq...}, cssSelectorsEnabled: true, databaseEnabled: false, goog:chromeOptions: {debuggerAddress: localhost:63242}, handlesAlerts: true, hasTouchScreen: false, javascriptEnabled: true, locationContextEnabled: true, mobileEmulationEnabled: false, nativeEvents: true, networkConnectionEnabled: false, pageLoadStrategy: normal, platform: MAC, platformName: MAC, rotatable: false, setWindowRect: true, takesHeapSnapshot: true, takesScreenshot: true, unexpectedAlertBehaviour: , unhandledPromptBehavior: , version: 75.0.3770.90, webStorageEnabled: true}
Session ID: 737563c2bcf0578c7168297c5ddf6129)
	at com.kms.katalon.core.keyword.internal.KeywordMain.stepFailed(KeywordMain.groovy:36)
	at com.kms.katalon.core.webui.keyword.internal.WebUIKeywordMain.stepFailed(WebUIKeywordMain.groovy:65)
	at com.kms.katalon.core.webui.keyword.internal.WebUIKeywordMain.runKeyword(WebUIKeywordMain.groovy:27)
	at com.kms.katalon.core.webui.keyword.builtin.ClickKeyword.click(ClickKeyword.groovy:86)
	at com.kms.katalon.core.webui.keyword.builtin.ClickKeyword.execute(ClickKeyword.groovy:67)
	at com.kms.katalon.core.keyword.internal.KeywordExecutor.executeKeywordForPlatform(KeywordExecutor.groovy:53)
	at com.kms.katalon.core.webui.keyword.WebUiBuiltInKeywords.click(WebUiBuiltInKeywords.groovy:616)
	at com.kms.katalon.core.webui.keyword.WebUiBuiltInKeywords$click$2.call(Unknown Source)
	at Footer.run(Footer:44)
	at com.kms.katalon.core.main.ScriptEngine.run(ScriptEngine.java:194)
	at com.kms.katalon.core.main.ScriptEngine.runScriptAsRawText(ScriptEngine.java:119)
	at com.kms.katalon.core.main.TestCaseExecutor.runScript(TestCaseExecutor.java:328)
	at com.kms.katalon.core.main.TestCaseExecutor.doExecute(TestCaseExecutor.java:319)
	at com.kms.katalon.core.main.TestCaseExecutor.processExecutionPhase(TestCaseExecutor.java:298)
	at com.kms.katalon.core.main.TestCaseExecutor.accessMainPhase(TestCaseExecutor.java:290)
	at com.kms.katalon.core.main.TestCaseExecutor.execute(TestCaseExecutor.java:224)
	at com.kms.katalon.core.main.TestSuiteExecutor.accessTestCaseMainPhase(TestSuiteExecutor.java:129)
	at com.kms.katalon.core.main.TestSuiteExecutor.accessTestSuiteMainPhase(TestSuiteExecutor.java:112)
	at com.kms.katalon.core.main.TestSuiteExecutor.execute(TestSuiteExecutor.java:81)
	at com.kms.katalon.core.main.TestCaseMain.startTestSuite(TestCaseMain.java:149)
	at com.kms.katalon.core.main.TestCaseMain$startTestSuite$0.call(Unknown Source)
	at TempTestSuite1560465451242.run(TempTestSuite1560465451242.groovy:36)


2019-06-13 18:47:44 - [MESSAGE][FAILED] - Unable to click on object 'Object Repository/APOLLO- Desktop/Home page/Footer/Shop' (Root cause: org.openqa.selenium.WebDriverException: unknown error: Element <a href="/collections/all" class="c-footer-link o-link--discrete">...</a> is not clickable at point (470, 639). Other element would receive the click: <iframe title="Preview Bar" id="preview-bar-iframe" src="https://diff-apollo.myshopify.com/preview_bar" sandbox="allow-same-origin allow-scripts" style="position: fixed; bottom: 0px; left: 0px; z-index: 2147483647; width: 100%; border: none; box-shadow: rgba(0, 0, 0, 0.2) 0px -1px 3px; overflow: hidden; transform: translateY(0px); transition: transform 300ms ease 0s; height: 60px;"></iframe>
  (Session info: chrome=75.0.3770.90)
  (Driver info: chromedriver=2.43.600229 (3fae4d0cda5334b4f533bede5a4787f7b832d052),platform=Mac OS X 10.13.6 x86_64) (WARNING: The server did not provide any stacktrace information)
Command duration or timeout: 0 milliseconds
Build info: version: '3.7.1', revision: '8a0099a', time: '2017-11-06T21:07:36.161Z'
System info: host: 'sumans-MacBook-Pro.local', ip: 'fe80:0:0:0:145f:b2f6:5126:870a%en0', os.name: 'Mac OS X', os.arch: 'x86_64', os.version: '10.13.6', java.version: '1.8.0_181'
Driver info: com.kms.katalon.selenium.driver.CChromeDriver
Capabilities {acceptInsecureCerts: false, acceptSslCerts: false, applicationCacheEnabled: false, browserConnectionEnabled: false, browserName: chrome, chrome: {chromedriverVersion: 2.43.600229 (3fae4d0cda5334..., userDataDir: /var/folders/1t/c55l8xzs6gq...}, cssSelectorsEnabled: true, databaseEnabled: false, goog:chromeOptions: {debuggerAddress: localhost:63242}, handlesAlerts: true, hasTouchScreen: false, javascriptEnabled: true, locationContextEnabled: true, mobileEmulationEnabled: false, nativeEvents: true, networkConnectionEnabled: false, pageLoadStrategy: normal, platform: MAC, platformName: MAC, rotatable: false, setWindowRect: true, takesHeapSnapshot: true, takesScreenshot: true, unexpectedAlertBehaviour: , unhandledPromptBehavior: , version: 75.0.3770.90, webStorageEnabled: true}
Session ID: 737563c2bcf0578c7168297c5ddf6129)
[[ATTACHMENT|/Users/sumankompelly/Katalon Studio/APOLLO/Reports/Trial/20190613_183731/1560466063539.png]]

2019-06-13 18:47:44 - [MESSAGE][FAILED] - click(findTestObject("APOLLO- Desktop/Home page/Footer/Shop")) FAILED.
Reason:
com.kms.katalon.core.exception.StepFailedException: Unable to click on object 'Object Repository/APOLLO- Desktop/Home page/Footer/Shop' (Root cause: org.openqa.selenium.WebDriverException: unknown error: Element <a href="/collections/all" class="c-footer-link o-link--discrete">...</a> is not clickable at point (470, 639). Other element would receive the click: <iframe title="Preview Bar" id="preview-bar-iframe" src="https://diff-apollo.myshopify.com/preview_bar" sandbox="allow-same-origin allow-scripts" style="position: fixed; bottom: 0px; left: 0px; z-index: 2147483647; width: 100%; border: none; box-shadow: rgba(0, 0, 0, 0.2) 0px -1px 3px; overflow: hidden; transform: translateY(0px); transition: transform 300ms ease 0s; height: 60px;"></iframe>
  (Session info: chrome=75.0.3770.90)
  (Driver info: chromedriver=2.43.600229 (3fae4d0cda5334b4f533bede5a4787f7b832d052),platform=Mac OS X 10.13.6 x86_64) (WARNING: The server did not provide any stacktrace information)
Command duration or timeout: 0 milliseconds
Build info: version: '3.7.1', revision: '8a0099a', time: '2017-11-06T21:07:36.161Z'
System info: host: 'sumans-MacBook-Pro.local', ip: 'fe80:0:0:0:145f:b2f6:5126:870a%en0', os.name: 'Mac OS X', os.arch: 'x86_64', os.version: '10.13.6', java.version: '1.8.0_181'
Driver info: com.kms.katalon.selenium.driver.CChromeDriver
Capabilities {acceptInsecureCerts: false, acceptSslCerts: false, applicationCacheEnabled: false, browserConnectionEnabled: false, browserName: chrome, chrome: {chromedriverVersion: 2.43.600229 (3fae4d0cda5334..., userDataDir: /var/folders/1t/c55l8xzs6gq...}, cssSelectorsEnabled: true, databaseEnabled: false, goog:chromeOptions: {debuggerAddress: localhost:63242}, handlesAlerts: true, hasTouchScreen: false, javascriptEnabled: true, locationContextEnabled: true, mobileEmulationEnabled: false, nativeEvents: true, networkConnectionEnabled: false, pageLoadStrategy: normal, platform: MAC, platformName: MAC, rotatable: false, setWindowRect: true, takesHeapSnapshot: true, takesScreenshot: true, unexpectedAlertBehaviour: , unhandledPromptBehavior: , version: 75.0.3770.90, webStorageEnabled: true}
Session ID: 737563c2bcf0578c7168297c5ddf6129)
	at com.kms.katalon.core.keyword.internal.KeywordMain.stepFailed(KeywordMain.groovy:36)
	at com.kms.katalon.core.webui.keyword.internal.WebUIKeywordMain.stepFailed(WebUIKeywordMain.groovy:65)
	at com.kms.katalon.core.webui.keyword.internal.WebUIKeywordMain.runKeyword(WebUIKeywordMain.groovy:27)
	at com.kms.katalon.core.webui.keyword.builtin.ClickKeyword.click(ClickKeyword.groovy:86)
	at com.kms.katalon.core.webui.keyword.builtin.ClickKeyword.execute(ClickKeyword.groovy:67)
	at com.kms.katalon.core.keyword.internal.KeywordExecutor.executeKeywordForPlatform(KeywordExecutor.groovy:53)
	at com.kms.katalon.core.webui.keyword.WebUiBuiltInKeywords.click(WebUiBuiltInKeywords.groovy:616)
	at com.kms.katalon.core.webui.keyword.WebUiBuiltInKeywords$click$2.call(Unknown Source)
	at Footer.run(Footer:44)
	at com.kms.katalon.core.main.ScriptEngine.run(ScriptEngine.java:194)
	at com.kms.katalon.core.main.ScriptEngine.runScriptAsRawText(ScriptEngine.java:119)
	at com.kms.katalon.core.main.TestCaseExecutor.runScript(TestCaseExecutor.java:328)
	at com.kms.katalon.core.main.TestCaseExecutor.doExecute(TestCaseExecutor.java:319)
	at com.kms.katalon.core.main.TestCaseExecutor.processExecutionPhase(TestCaseExecutor.java:298)
	at com.kms.katalon.core.main.TestCaseExecutor.accessMainPhase(TestCaseExecutor.java:290)
	at com.kms.katalon.core.main.TestCaseExecutor.execute(TestCaseExecutor.java:224)
	at com.kms.katalon.core.main.TestSuiteExecutor.accessTestCaseMainPhase(TestSuiteExecutor.java:129)
	at com.kms.katalon.core.main.TestSuiteExecutor.accessTestSuiteMainPhase(TestSuiteExecutor.java:112)
	at com.kms.katalon.core.main.TestSuiteExecutor.execute(TestSuiteExecutor.java:81)
	at com.kms.katalon.core.main.TestCaseMain.startTestSuite(TestCaseMain.java:149)
	at com.kms.katalon.core.main.TestCaseMain$startTestSuite$0.call(Unknown Source)
	at TempTestSuite1560465451242.run(TempTestSuite1560465451242.groovy:36)]]></system-out>
         <system-err><![CDATA[2019-06-13 18:46:59 - [TEST_CASE][FAILED] - Test Cases/HOME PAGE/Footer: Test Cases/HOME PAGE/Footer FAILED.
Reason:
com.kms.katalon.core.exception.StepFailedException: Unable to click on object 'Object Repository/APOLLO- Desktop/Home page/Footer/Shop' (Root cause: org.openqa.selenium.WebDriverException: unknown error: Element <a href="/collections/all" class="c-footer-link o-link--discrete">...</a> is not clickable at point (470, 639). Other element would receive the click: <iframe title="Preview Bar" id="preview-bar-iframe" src="https://diff-apollo.myshopify.com/preview_bar" sandbox="allow-same-origin allow-scripts" style="position: fixed; bottom: 0px; left: 0px; z-index: 2147483647; width: 100%; border: none; box-shadow: rgba(0, 0, 0, 0.2) 0px -1px 3px; overflow: hidden; transform: translateY(0px); transition: transform 300ms ease 0s; height: 60px;"></iframe>
  (Session info: chrome=75.0.3770.90)
  (Driver info: chromedriver=2.43.600229 (3fae4d0cda5334b4f533bede5a4787f7b832d052),platform=Mac OS X 10.13.6 x86_64) (WARNING: The server did not provide any stacktrace information)
Command duration or timeout: 0 milliseconds
Build info: version: '3.7.1', revision: '8a0099a', time: '2017-11-06T21:07:36.161Z'
System info: host: 'sumans-MacBook-Pro.local', ip: 'fe80:0:0:0:145f:b2f6:5126:870a%en0', os.name: 'Mac OS X', os.arch: 'x86_64', os.version: '10.13.6', java.version: '1.8.0_181'
Driver info: com.kms.katalon.selenium.driver.CChromeDriver
Capabilities {acceptInsecureCerts: false, acceptSslCerts: false, applicationCacheEnabled: false, browserConnectionEnabled: false, browserName: chrome, chrome: {chromedriverVersion: 2.43.600229 (3fae4d0cda5334..., userDataDir: /var/folders/1t/c55l8xzs6gq...}, cssSelectorsEnabled: true, databaseEnabled: false, goog:chromeOptions: {debuggerAddress: localhost:63242}, handlesAlerts: true, hasTouchScreen: false, javascriptEnabled: true, locationContextEnabled: true, mobileEmulationEnabled: false, nativeEvents: true, networkConnectionEnabled: false, pageLoadStrategy: normal, platform: MAC, platformName: MAC, rotatable: false, setWindowRect: true, takesHeapSnapshot: true, takesScreenshot: true, unexpectedAlertBehaviour: , unhandledPromptBehavior: , version: 75.0.3770.90, webStorageEnabled: true}
Session ID: 737563c2bcf0578c7168297c5ddf6129)
	at com.kms.katalon.core.keyword.internal.KeywordMain.stepFailed(KeywordMain.groovy:36)
	at com.kms.katalon.core.webui.keyword.internal.WebUIKeywordMain.stepFailed(WebUIKeywordMain.groovy:65)
	at com.kms.katalon.core.webui.keyword.internal.WebUIKeywordMain.runKeyword(WebUIKeywordMain.groovy:27)
	at com.kms.katalon.core.webui.keyword.builtin.ClickKeyword.click(ClickKeyword.groovy:86)
	at com.kms.katalon.core.webui.keyword.builtin.ClickKeyword.execute(ClickKeyword.groovy:67)
	at com.kms.katalon.core.keyword.internal.KeywordExecutor.executeKeywordForPlatform(KeywordExecutor.groovy:53)
	at com.kms.katalon.core.webui.keyword.WebUiBuiltInKeywords.click(WebUiBuiltInKeywords.groovy:616)
	at com.kms.katalon.core.webui.keyword.WebUiBuiltInKeywords$click$2.call(Unknown Source)
	at Footer.run(Footer:44)
	at com.kms.katalon.core.main.ScriptEngine.run(ScriptEngine.java:194)
	at com.kms.katalon.core.main.ScriptEngine.runScriptAsRawText(ScriptEngine.java:119)
	at com.kms.katalon.core.main.TestCaseExecutor.runScript(TestCaseExecutor.java:328)
	at com.kms.katalon.core.main.TestCaseExecutor.doExecute(TestCaseExecutor.java:319)
	at com.kms.katalon.core.main.TestCaseExecutor.processExecutionPhase(TestCaseExecutor.java:298)
	at com.kms.katalon.core.main.TestCaseExecutor.accessMainPhase(TestCaseExecutor.java:290)
	at com.kms.katalon.core.main.TestCaseExecutor.execute(TestCaseExecutor.java:224)
	at com.kms.katalon.core.main.TestSuiteExecutor.accessTestCaseMainPhase(TestSuiteExecutor.java:129)
	at com.kms.katalon.core.main.TestSuiteExecutor.accessTestSuiteMainPhase(TestSuiteExecutor.java:112)
	at com.kms.katalon.core.main.TestSuiteExecutor.execute(TestSuiteExecutor.java:81)
	at com.kms.katalon.core.main.TestCaseMain.startTestSuite(TestCaseMain.java:149)
	at com.kms.katalon.core.main.TestCaseMain$startTestSuite$0.call(Unknown Source)
	at TempTestSuite1560465451242.run(TempTestSuite1560465451242.groovy:36)]]></system-err>
      </testcase>
      <testcase name="Test Cases/HOME PAGE/Cart flyout opening" classname="Test Cases/HOME PAGE/Cart flyout opening" status="PASSED">
         <system-out><![CDATA[2019-06-13 18:47:44 - [TEST_CASE][PASSED] - Test Cases/HOME PAGE/Cart flyout opening: Test Cases/HOME PAGE/Cart flyout opening

2019-06-13 18:47:44 - [TEST_STEP][PASSED] - callTestCase(findTestCase("CALL - URL"), [:], STOP_ON_FAILURE): Call Test Case 'Test Cases/CALL - URL' successfully

2019-06-13 18:47:44 - [TEST_CASE][PASSED] - Test Cases/CALL - URL: Test Cases/CALL - URL

2019-06-13 18:47:44 - [TEST_STEP][PASSED] - openBrowser(""): Browser is opened with url: ''

2019-06-13 18:47:44 - [MESSAGE][WARNING] - A browser is already opened. Closing browser and opening a new one

2019-06-13 18:47:44 - [MESSAGE][INFO] - Starting 'Chrome' driver

2019-06-13 18:47:45 - [MESSAGE][PASSED] - Browser is opened with url: ''

2019-06-13 18:47:45 - [TEST_STEP][PASSED] - navigateToUrl("https://diff-apollo.myshopify.com/?_ab=0&_fd=0&_sc=1&preview_theme_id=68602101860"): Navigate to 'https://diff-apollo.myshopify.com/?_ab=0&_fd=0&_sc=1&preview_theme_id=68602101860' successfully

2019-06-13 18:47:52 - [MESSAGE][PASSED] - Navigate to 'https://diff-apollo.myshopify.com/?_ab=0&_fd=0&_sc=1&preview_theme_id=68602101860' successfully

2019-06-13 18:47:52 - [TEST_STEP][PASSED] - executeJavaScript("var previewBar = document.getElementById("preview-bar-iframe"); previewBar.style.display = "none";", []): Execute JavaScript 'var previewBar = document.getElementById("preview-bar-iframe"); previewBar.style.display = "none";' successfully

2019-06-13 18:47:52 - [MESSAGE][PASSED] - Execute JavaScript 'var previewBar = document.getElementById("preview-bar-iframe"); previewBar.style.display = "none";' successfully

2019-06-13 18:47:52 - [MESSAGE][PASSED] - Call Test Case 'Test Cases/CALL - URL' successfully

2019-06-13 18:47:52 - [TEST_STEP][PASSED] - delay(2): Delayed 2 second(s)

2019-06-13 18:47:54 - [MESSAGE][PASSED] - Delayed 2 second(s)

2019-06-13 18:47:54 - [TEST_STEP][PASSED] - click(findTestObject("APOLLO- Desktop/Home page/cart icon open")): Object: 'Object Repository/APOLLO- Desktop/Home page/cart icon open' is clicked on

2019-06-13 18:47:54 - [MESSAGE][PASSED] - Object: 'Object Repository/APOLLO- Desktop/Home page/cart icon open' is clicked on

2019-06-13 18:47:54 - [TEST_STEP][PASSED] - flag = verifyTextPresent("Your bag", false): Text 'Your bag' is present on page 

2019-06-13 18:47:55 - [MESSAGE][PASSED] - Text 'Your bag' is present on page 

2019-06-13 18:47:55 - [TEST_STEP][PASSED] - delay(2): Delayed 2 second(s)

2019-06-13 18:47:57 - [MESSAGE][PASSED] - Delayed 2 second(s)

2019-06-13 18:47:57 - [TEST_STEP][PASSED] - comment("flag=" + flag): flag=true

2019-06-13 18:47:57 - [MESSAGE][INFO] - flag=true

2019-06-13 18:47:57 - [TEST_STEP][PASSED] - if (flag == true): Delayed 2 second(s)

2019-06-13 18:47:57 - [TEST_STEP][PASSED] - comment(" cart flyout opened"):  cart flyout opened

2019-06-13 18:47:57 - [MESSAGE][INFO] -  cart flyout opened

2019-06-13 18:47:57 - [TEST_STEP][PASSED] - delay(2): Delayed 2 second(s)

2019-06-13 18:47:59 - [MESSAGE][PASSED] - Delayed 2 second(s)

2019-06-13 18:47:59 - [TEST_STEP][PASSED] - click(findTestObject("APOLLO- Desktop/Cart flyout/Cart collapse")): Object: 'Object Repository/APOLLO- Desktop/Cart flyout/Cart collapse' is clicked on

2019-06-13 18:47:59 - [MESSAGE][PASSED] - Object: 'Object Repository/APOLLO- Desktop/Cart flyout/Cart collapse' is clicked on

2019-06-13 18:47:59 - [TEST_STEP][PASSED] - delay(2): Delayed 2 second(s)

2019-06-13 18:48:01 - [MESSAGE][PASSED] - Delayed 2 second(s)

2019-06-13 18:48:01 - [TEST_STEP][PASSED] - flag1 = verifyTextNotPresent("Your bag", false): Text 'Your bag' is not present on page

2019-06-13 18:48:01 - [MESSAGE][PASSED] - Text 'Your bag' is not present on page

2019-06-13 18:48:01 - [TEST_STEP][PASSED] - comment("flag1=" + flag1): flag1=true

2019-06-13 18:48:01 - [MESSAGE][INFO] - flag1=true

2019-06-13 18:48:01 - [TEST_STEP][PASSED] - if (flag1 == true):  cart flyout closed

2019-06-13 18:48:01 - [TEST_STEP][PASSED] - comment(" cart flyout closed"):  cart flyout closed

2019-06-13 18:48:01 - [MESSAGE][INFO] -  cart flyout closed]]></system-out>
         <system-err><![CDATA[]]></system-err>
      </testcase>
      <testcase name="Test Cases/HOME PAGE/Popular products" classname="Test Cases/HOME PAGE/Popular products" status="FAILED">
         <failure type="FAILED" message="Test Cases/HOME PAGE/Popular products FAILED.
Reason:
com.kms.katalon.core.exception.StepFailedException: Unable to move mouse over object 'Object Repository/APOLLO- Desktop/Home page/Popular products/Previous button chevron' (Root cause: com.kms.katalon.core.webui.exception.WebElementNotFoundException: Web element with id: 'Object Repository/APOLLO- Desktop/Home page/Popular products/Previous button chevron' located by 'By.xpath: //section[@id='slider-9534270011']//button[@class='c-slick__arrow c-slick__arrow--prev slick-arrow'][contains(text(),'Previous')]' not found)
	at com.kms.katalon.core.keyword.internal.KeywordMain.stepFailed(KeywordMain.groovy:36)
	at com.kms.katalon.core.webui.keyword.internal.WebUIKeywordMain.stepFailed(WebUIKeywordMain.groovy:65)
	at com.kms.katalon.core.webui.keyword.internal.WebUIKeywordMain.runKeyword(WebUIKeywordMain.groovy:27)
	at com.kms.katalon.core.webui.keyword.builtin.MouseOverKeyword.mouseOver(MouseOverKeyword.groovy:90)
	at com.kms.katalon.core.webui.keyword.builtin.MouseOverKeyword.execute(MouseOverKeyword.groovy:67)
	at com.kms.katalon.core.keyword.internal.KeywordExecutor.executeKeywordForPlatform(KeywordExecutor.groovy:53)
	at com.kms.katalon.core.webui.keyword.WebUiBuiltInKeywords.mouseOver(WebUiBuiltInKeywords.groovy:776)
	at com.kms.katalon.core.webui.keyword.WebUiBuiltInKeywords$mouseOver$9.call(Unknown Source)
	at Popular products.run(Popular products:78)
	at com.kms.katalon.core.main.ScriptEngine.run(ScriptEngine.java:194)
	at com.kms.katalon.core.main.ScriptEngine.runScriptAsRawText(ScriptEngine.java:119)
	at com.kms.katalon.core.main.TestCaseExecutor.runScript(TestCaseExecutor.java:328)
	at com.kms.katalon.core.main.TestCaseExecutor.doExecute(TestCaseExecutor.java:319)
	at com.kms.katalon.core.main.TestCaseExecutor.processExecutionPhase(TestCaseExecutor.java:298)
	at com.kms.katalon.core.main.TestCaseExecutor.accessMainPhase(TestCaseExecutor.java:290)
	at com.kms.katalon.core.main.TestCaseExecutor.execute(TestCaseExecutor.java:224)
	at com.kms.katalon.core.main.TestSuiteExecutor.accessTestCaseMainPhase(TestSuiteExecutor.java:129)
	at com.kms.katalon.core.main.TestSuiteExecutor.accessTestSuiteMainPhase(TestSuiteExecutor.java:112)
	at com.kms.katalon.core.main.TestSuiteExecutor.execute(TestSuiteExecutor.java:81)
	at com.kms.katalon.core.main.TestCaseMain.startTestSuite(TestCaseMain.java:149)
	at com.kms.katalon.core.main.TestCaseMain$startTestSuite$0.call(Unknown Source)
	at TempTestSuite1560465451242.run(TempTestSuite1560465451242.groovy:36)
"/>
         <system-out><![CDATA[2019-06-13 18:48:01 - [TEST_CASE][FAILED] - Test Cases/HOME PAGE/Popular products: Test Cases/HOME PAGE/Popular products FAILED.
Reason:
com.kms.katalon.core.exception.StepFailedException: Unable to move mouse over object 'Object Repository/APOLLO- Desktop/Home page/Popular products/Previous button chevron' (Root cause: com.kms.katalon.core.webui.exception.WebElementNotFoundException: Web element with id: 'Object Repository/APOLLO- Desktop/Home page/Popular products/Previous button chevron' located by 'By.xpath: //section[@id='slider-9534270011']//button[@class='c-slick__arrow c-slick__arrow--prev slick-arrow'][contains(text(),'Previous')]' not found)
	at com.kms.katalon.core.keyword.internal.KeywordMain.stepFailed(KeywordMain.groovy:36)
	at com.kms.katalon.core.webui.keyword.internal.WebUIKeywordMain.stepFailed(WebUIKeywordMain.groovy:65)
	at com.kms.katalon.core.webui.keyword.internal.WebUIKeywordMain.runKeyword(WebUIKeywordMain.groovy:27)
	at com.kms.katalon.core.webui.keyword.builtin.MouseOverKeyword.mouseOver(MouseOverKeyword.groovy:90)
	at com.kms.katalon.core.webui.keyword.builtin.MouseOverKeyword.execute(MouseOverKeyword.groovy:67)
	at com.kms.katalon.core.keyword.internal.KeywordExecutor.executeKeywordForPlatform(KeywordExecutor.groovy:53)
	at com.kms.katalon.core.webui.keyword.WebUiBuiltInKeywords.mouseOver(WebUiBuiltInKeywords.groovy:776)
	at com.kms.katalon.core.webui.keyword.WebUiBuiltInKeywords$mouseOver$9.call(Unknown Source)
	at Popular products.run(Popular products:78)
	at com.kms.katalon.core.main.ScriptEngine.run(ScriptEngine.java:194)
	at com.kms.katalon.core.main.ScriptEngine.runScriptAsRawText(ScriptEngine.java:119)
	at com.kms.katalon.core.main.TestCaseExecutor.runScript(TestCaseExecutor.java:328)
	at com.kms.katalon.core.main.TestCaseExecutor.doExecute(TestCaseExecutor.java:319)
	at com.kms.katalon.core.main.TestCaseExecutor.processExecutionPhase(TestCaseExecutor.java:298)
	at com.kms.katalon.core.main.TestCaseExecutor.accessMainPhase(TestCaseExecutor.java:290)
	at com.kms.katalon.core.main.TestCaseExecutor.execute(TestCaseExecutor.java:224)
	at com.kms.katalon.core.main.TestSuiteExecutor.accessTestCaseMainPhase(TestSuiteExecutor.java:129)
	at com.kms.katalon.core.main.TestSuiteExecutor.accessTestSuiteMainPhase(TestSuiteExecutor.java:112)
	at com.kms.katalon.core.main.TestSuiteExecutor.execute(TestSuiteExecutor.java:81)
	at com.kms.katalon.core.main.TestCaseMain.startTestSuite(TestCaseMain.java:149)
	at com.kms.katalon.core.main.TestCaseMain$startTestSuite$0.call(Unknown Source)
	at TempTestSuite1560465451242.run(TempTestSuite1560465451242.groovy:36)


2019-06-13 18:48:01 - [TEST_STEP][PASSED] - callTestCase(findTestCase("CALL - URL"), [:], STOP_ON_FAILURE): Call Test Case 'Test Cases/CALL - URL' successfully

2019-06-13 18:48:01 - [TEST_CASE][PASSED] - Test Cases/CALL - URL: Test Cases/CALL - URL

2019-06-13 18:48:01 - [TEST_STEP][PASSED] - openBrowser(""): Browser is opened with url: ''

2019-06-13 18:48:01 - [MESSAGE][WARNING] - A browser is already opened. Closing browser and opening a new one

2019-06-13 18:48:01 - [MESSAGE][INFO] - Starting 'Chrome' driver

2019-06-13 18:48:02 - [MESSAGE][PASSED] - Browser is opened with url: ''

2019-06-13 18:48:02 - [TEST_STEP][PASSED] - navigateToUrl("https://diff-apollo.myshopify.com/?_ab=0&_fd=0&_sc=1&preview_theme_id=68602101860"): Navigate to 'https://diff-apollo.myshopify.com/?_ab=0&_fd=0&_sc=1&preview_theme_id=68602101860' successfully

2019-06-13 18:48:10 - [MESSAGE][PASSED] - Navigate to 'https://diff-apollo.myshopify.com/?_ab=0&_fd=0&_sc=1&preview_theme_id=68602101860' successfully

2019-06-13 18:48:10 - [TEST_STEP][PASSED] - executeJavaScript("var previewBar = document.getElementById("preview-bar-iframe"); previewBar.style.display = "none";", []): Execute JavaScript 'var previewBar = document.getElementById("preview-bar-iframe"); previewBar.style.display = "none";' successfully

2019-06-13 18:48:10 - [MESSAGE][PASSED] - Execute JavaScript 'var previewBar = document.getElementById("preview-bar-iframe"); previewBar.style.display = "none";' successfully

2019-06-13 18:48:10 - [MESSAGE][PASSED] - Call Test Case 'Test Cases/CALL - URL' successfully

2019-06-13 18:48:10 - [TEST_STEP][PASSED] - delay(2): Delayed 2 second(s)

2019-06-13 18:48:12 - [MESSAGE][PASSED] - Delayed 2 second(s)

2019-06-13 18:48:12 - [TEST_STEP][PASSED] - scrollToElement(findTestObject("APOLLO- Desktop/Home page/Popular products/Popular products tile"), 0): Scroll to object 'Object Repository/APOLLO- Desktop/Home page/Popular products/Popular products tile' successfully

2019-06-13 18:48:12 - [MESSAGE][WARNING] - Timeout '0' is invalid. Using default page load timeout: '30'

2019-06-13 18:48:12 - [MESSAGE][PASSED] - Scroll to object 'Object Repository/APOLLO- Desktop/Home page/Popular products/Popular products tile' successfully

2019-06-13 18:48:12 - [TEST_STEP][PASSED] - delay(2): Delayed 2 second(s)

2019-06-13 18:48:14 - [MESSAGE][PASSED] - Delayed 2 second(s)

2019-06-13 18:48:14 - [TEST_STEP][PASSED] - click(findTestObject("APOLLO- Desktop/Home page/Popular products/Popular products tile - women slider")): Object: 'Object Repository/APOLLO- Desktop/Home page/Popular products/Popular products tile - women slider' is clicked on

2019-06-13 18:48:14 - [MESSAGE][PASSED] - Object: 'Object Repository/APOLLO- Desktop/Home page/Popular products/Popular products tile - women slider' is clicked on

2019-06-13 18:48:14 - [TEST_STEP][PASSED] - delay(2): Delayed 2 second(s)

2019-06-13 18:48:16 - [MESSAGE][PASSED] - Delayed 2 second(s)

2019-06-13 18:48:16 - [TEST_STEP][PASSED] - click(findTestObject("APOLLO- Desktop/Home page/Popular products/first product- women")): Object: 'Object Repository/APOLLO- Desktop/Home page/Popular products/first product- women' is clicked on

2019-06-13 18:48:20 - [MESSAGE][PASSED] - Object: 'Object Repository/APOLLO- Desktop/Home page/Popular products/first product- women' is clicked on

2019-06-13 18:48:20 - [TEST_STEP][PASSED] - delay(2): Delayed 2 second(s)

2019-06-13 18:48:22 - [MESSAGE][PASSED] - Delayed 2 second(s)

2019-06-13 18:48:22 - [TEST_STEP][PASSED] - click(findTestObject("APOLLO- Desktop/Home page/Hero banner - CTA/Apollo icon")): Object: 'Object Repository/APOLLO- Desktop/Home page/Hero banner - CTA/Apollo icon' is clicked on

2019-06-13 18:48:27 - [MESSAGE][PASSED] - Object: 'Object Repository/APOLLO- Desktop/Home page/Hero banner - CTA/Apollo icon' is clicked on

2019-06-13 18:48:27 - [TEST_STEP][PASSED] - delay(2): Delayed 2 second(s)

2019-06-13 18:48:29 - [MESSAGE][PASSED] - Delayed 2 second(s)

2019-06-13 18:48:29 - [TEST_STEP][PASSED] - scrollToElement(findTestObject("APOLLO- Desktop/Home page/Popular products/Popular products tile"), 0): Scroll to object 'Object Repository/APOLLO- Desktop/Home page/Popular products/Popular products tile' successfully

2019-06-13 18:48:29 - [MESSAGE][WARNING] - Timeout '0' is invalid. Using default page load timeout: '30'

2019-06-13 18:48:29 - [MESSAGE][PASSED] - Scroll to object 'Object Repository/APOLLO- Desktop/Home page/Popular products/Popular products tile' successfully

2019-06-13 18:48:29 - [TEST_STEP][PASSED] - delay(2): Delayed 2 second(s)

2019-06-13 18:48:31 - [MESSAGE][PASSED] - Delayed 2 second(s)

2019-06-13 18:48:31 - [TEST_STEP][PASSED] - click(findTestObject("APOLLO- Desktop/Home page/Popular products/Popular products tile - kids slider")): Object: 'Object Repository/APOLLO- Desktop/Home page/Popular products/Popular products tile - kids slider' is clicked on

2019-06-13 18:48:31 - [MESSAGE][PASSED] - Object: 'Object Repository/APOLLO- Desktop/Home page/Popular products/Popular products tile - kids slider' is clicked on

2019-06-13 18:48:31 - [TEST_STEP][PASSED] - delay(2): Delayed 2 second(s)

2019-06-13 18:48:33 - [MESSAGE][PASSED] - Delayed 2 second(s)

2019-06-13 18:48:33 - [TEST_STEP][PASSED] - click(findTestObject("APOLLO- Desktop/Home page/Popular products/first product- kids")): Object: 'Object Repository/APOLLO- Desktop/Home page/Popular products/first product- kids' is clicked on

2019-06-13 18:48:35 - [MESSAGE][PASSED] - Object: 'Object Repository/APOLLO- Desktop/Home page/Popular products/first product- kids' is clicked on

2019-06-13 18:48:35 - [TEST_STEP][PASSED] - delay(2): Delayed 2 second(s)

2019-06-13 18:48:37 - [MESSAGE][PASSED] - Delayed 2 second(s)

2019-06-13 18:48:37 - [TEST_STEP][PASSED] - click(findTestObject("APOLLO- Desktop/Home page/Hero banner - CTA/Apollo icon")): Object: 'Object Repository/APOLLO- Desktop/Home page/Hero banner - CTA/Apollo icon' is clicked on

2019-06-13 18:48:41 - [MESSAGE][PASSED] - Object: 'Object Repository/APOLLO- Desktop/Home page/Hero banner - CTA/Apollo icon' is clicked on

2019-06-13 18:48:41 - [TEST_STEP][PASSED] - delay(2): Delayed 2 second(s)

2019-06-13 18:48:43 - [MESSAGE][PASSED] - Delayed 2 second(s)

2019-06-13 18:48:43 - [TEST_STEP][PASSED] - executeJavaScript("var previewBar = document.getElementById("preview-bar-iframe"); previewBar.style.display = "none";", []): Execute JavaScript 'var previewBar = document.getElementById("preview-bar-iframe"); previewBar.style.display = "none";' successfully

2019-06-13 18:48:43 - [MESSAGE][PASSED] - Execute JavaScript 'var previewBar = document.getElementById("preview-bar-iframe"); previewBar.style.display = "none";' successfully

2019-06-13 18:48:43 - [TEST_STEP][PASSED] - click(findTestObject("APOLLO- Desktop/Home page/Popular products/Popular products tile - men slider")): Object: 'Object Repository/APOLLO- Desktop/Home page/Popular products/Popular products tile - men slider' is clicked on

2019-06-13 18:48:43 - [MESSAGE][PASSED] - Object: 'Object Repository/APOLLO- Desktop/Home page/Popular products/Popular products tile - men slider' is clicked on

2019-06-13 18:48:43 - [TEST_STEP][PASSED] - delay(2): Delayed 2 second(s)

2019-06-13 18:48:45 - [MESSAGE][PASSED] - Delayed 2 second(s)

2019-06-13 18:48:45 - [TEST_STEP][PASSED] - click(findTestObject("APOLLO- Desktop/Home page/Popular products/first product- men")): Object: 'Object Repository/APOLLO- Desktop/Home page/Popular products/first product- men' is clicked on

2019-06-13 18:48:49 - [MESSAGE][PASSED] - Object: 'Object Repository/APOLLO- Desktop/Home page/Popular products/first product- men' is clicked on

2019-06-13 18:48:49 - [TEST_STEP][PASSED] - delay(2): Delayed 2 second(s)

2019-06-13 18:48:51 - [MESSAGE][PASSED] - Delayed 2 second(s)

2019-06-13 18:48:51 - [TEST_STEP][PASSED] - click(findTestObject("APOLLO- Desktop/Home page/Hero banner - CTA/Apollo icon")): Object: 'Object Repository/APOLLO- Desktop/Home page/Hero banner - CTA/Apollo icon' is clicked on

2019-06-13 18:48:54 - [MESSAGE][PASSED] - Object: 'Object Repository/APOLLO- Desktop/Home page/Hero banner - CTA/Apollo icon' is clicked on

2019-06-13 18:48:54 - [TEST_STEP][PASSED] - delay(2): Delayed 2 second(s)

2019-06-13 18:48:56 - [MESSAGE][PASSED] - Delayed 2 second(s)

2019-06-13 18:48:56 - [TEST_STEP][PASSED] - executeJavaScript("var previewBar = document.getElementById("preview-bar-iframe"); previewBar.style.display = "none";", []): Execute JavaScript 'var previewBar = document.getElementById("preview-bar-iframe"); previewBar.style.display = "none";' successfully

2019-06-13 18:48:56 - [MESSAGE][PASSED] - Execute JavaScript 'var previewBar = document.getElementById("preview-bar-iframe"); previewBar.style.display = "none";' successfully

2019-06-13 18:48:56 - [TEST_STEP][PASSED] - scrollToElement(findTestObject("APOLLO- Desktop/Home page/Popular products/Popular products tile"), 0): Scroll to object 'Object Repository/APOLLO- Desktop/Home page/Popular products/Popular products tile' successfully

2019-06-13 18:48:56 - [MESSAGE][WARNING] - Timeout '0' is invalid. Using default page load timeout: '30'

2019-06-13 18:48:56 - [MESSAGE][PASSED] - Scroll to object 'Object Repository/APOLLO- Desktop/Home page/Popular products/Popular products tile' successfully

2019-06-13 18:48:56 - [TEST_STEP][PASSED] - delay(2): Delayed 2 second(s)

2019-06-13 18:48:58 - [MESSAGE][PASSED] - Delayed 2 second(s)

2019-06-13 18:48:58 - [TEST_STEP][PASSED] - mouseOver(findTestObject("APOLLO- Desktop/Home page/Popular products/first product- men")): Object: 'Object Repository/APOLLO- Desktop/Home page/Popular products/first product- men' is hovered

2019-06-13 18:48:58 - [MESSAGE][PASSED] - Object: 'Object Repository/APOLLO- Desktop/Home page/Popular products/first product- men' is hovered

2019-06-13 18:48:58 - [TEST_STEP][PASSED] - delay(2): Delayed 2 second(s)

2019-06-13 18:49:00 - [MESSAGE][PASSED] - Delayed 2 second(s)

2019-06-13 18:49:00 - [TEST_STEP][FAILED] - mouseOver(findTestObject("APOLLO- Desktop/Home page/Popular products/Previous button chevron")): mouseOver(findTestObject("APOLLO- Desktop/Home page/Popular products/Previous button chevron")) FAILED.
Reason:
com.kms.katalon.core.exception.StepFailedException: Unable to move mouse over object 'Object Repository/APOLLO- Desktop/Home page/Popular products/Previous button chevron' (Root cause: com.kms.katalon.core.webui.exception.WebElementNotFoundException: Web element with id: 'Object Repository/APOLLO- Desktop/Home page/Popular products/Previous button chevron' located by 'By.xpath: //section[@id='slider-9534270011']//button[@class='c-slick__arrow c-slick__arrow--prev slick-arrow'][contains(text(),'Previous')]' not found)
	at com.kms.katalon.core.keyword.internal.KeywordMain.stepFailed(KeywordMain.groovy:36)
	at com.kms.katalon.core.webui.keyword.internal.WebUIKeywordMain.stepFailed(WebUIKeywordMain.groovy:65)
	at com.kms.katalon.core.webui.keyword.internal.WebUIKeywordMain.runKeyword(WebUIKeywordMain.groovy:27)
	at com.kms.katalon.core.webui.keyword.builtin.MouseOverKeyword.mouseOver(MouseOverKeyword.groovy:90)
	at com.kms.katalon.core.webui.keyword.builtin.MouseOverKeyword.execute(MouseOverKeyword.groovy:67)
	at com.kms.katalon.core.keyword.internal.KeywordExecutor.executeKeywordForPlatform(KeywordExecutor.groovy:53)
	at com.kms.katalon.core.webui.keyword.WebUiBuiltInKeywords.mouseOver(WebUiBuiltInKeywords.groovy:776)
	at com.kms.katalon.core.webui.keyword.WebUiBuiltInKeywords$mouseOver$9.call(Unknown Source)
	at Popular products.run(Popular products:78)
	at com.kms.katalon.core.main.ScriptEngine.run(ScriptEngine.java:194)
	at com.kms.katalon.core.main.ScriptEngine.runScriptAsRawText(ScriptEngine.java:119)
	at com.kms.katalon.core.main.TestCaseExecutor.runScript(TestCaseExecutor.java:328)
	at com.kms.katalon.core.main.TestCaseExecutor.doExecute(TestCaseExecutor.java:319)
	at com.kms.katalon.core.main.TestCaseExecutor.processExecutionPhase(TestCaseExecutor.java:298)
	at com.kms.katalon.core.main.TestCaseExecutor.accessMainPhase(TestCaseExecutor.java:290)
	at com.kms.katalon.core.main.TestCaseExecutor.execute(TestCaseExecutor.java:224)
	at com.kms.katalon.core.main.TestSuiteExecutor.accessTestCaseMainPhase(TestSuiteExecutor.java:129)
	at com.kms.katalon.core.main.TestSuiteExecutor.accessTestSuiteMainPhase(TestSuiteExecutor.java:112)
	at com.kms.katalon.core.main.TestSuiteExecutor.execute(TestSuiteExecutor.java:81)
	at com.kms.katalon.core.main.TestCaseMain.startTestSuite(TestCaseMain.java:149)
	at com.kms.katalon.core.main.TestCaseMain$startTestSuite$0.call(Unknown Source)
	at TempTestSuite1560465451242.run(TempTestSuite1560465451242.groovy:36)


2019-06-13 18:49:31 - [MESSAGE][INFO] - Unable to find the element located by 'By.xpath: //section[@id='slider-9534270011']//button[@class='c-slick__arrow c-slick__arrow--prev slick-arrow'][contains(text(),'Previous')]'. Please recheck the objects properties to make sure the desired element is located. 

2019-06-13 18:49:32 - [MESSAGE][FAILED] - Unable to move mouse over object 'Object Repository/APOLLO- Desktop/Home page/Popular products/Previous button chevron' (Root cause: com.kms.katalon.core.webui.exception.WebElementNotFoundException: Web element with id: 'Object Repository/APOLLO- Desktop/Home page/Popular products/Previous button chevron' located by 'By.xpath: //section[@id='slider-9534270011']//button[@class='c-slick__arrow c-slick__arrow--prev slick-arrow'][contains(text(),'Previous')]' not found)
[[ATTACHMENT|/Users/sumankompelly/Katalon Studio/APOLLO/Reports/Trial/20190613_183731/1560466171642.png]]

2019-06-13 18:49:32 - [MESSAGE][FAILED] - mouseOver(findTestObject("APOLLO- Desktop/Home page/Popular products/Previous button chevron")) FAILED.
Reason:
com.kms.katalon.core.exception.StepFailedException: Unable to move mouse over object 'Object Repository/APOLLO- Desktop/Home page/Popular products/Previous button chevron' (Root cause: com.kms.katalon.core.webui.exception.WebElementNotFoundException: Web element with id: 'Object Repository/APOLLO- Desktop/Home page/Popular products/Previous button chevron' located by 'By.xpath: //section[@id='slider-9534270011']//button[@class='c-slick__arrow c-slick__arrow--prev slick-arrow'][contains(text(),'Previous')]' not found)
	at com.kms.katalon.core.keyword.internal.KeywordMain.stepFailed(KeywordMain.groovy:36)
	at com.kms.katalon.core.webui.keyword.internal.WebUIKeywordMain.stepFailed(WebUIKeywordMain.groovy:65)
	at com.kms.katalon.core.webui.keyword.internal.WebUIKeywordMain.runKeyword(WebUIKeywordMain.groovy:27)
	at com.kms.katalon.core.webui.keyword.builtin.MouseOverKeyword.mouseOver(MouseOverKeyword.groovy:90)
	at com.kms.katalon.core.webui.keyword.builtin.MouseOverKeyword.execute(MouseOverKeyword.groovy:67)
	at com.kms.katalon.core.keyword.internal.KeywordExecutor.executeKeywordForPlatform(KeywordExecutor.groovy:53)
	at com.kms.katalon.core.webui.keyword.WebUiBuiltInKeywords.mouseOver(WebUiBuiltInKeywords.groovy:776)
	at com.kms.katalon.core.webui.keyword.WebUiBuiltInKeywords$mouseOver$9.call(Unknown Source)
	at Popular products.run(Popular products:78)
	at com.kms.katalon.core.main.ScriptEngine.run(ScriptEngine.java:194)
	at com.kms.katalon.core.main.ScriptEngine.runScriptAsRawText(ScriptEngine.java:119)
	at com.kms.katalon.core.main.TestCaseExecutor.runScript(TestCaseExecutor.java:328)
	at com.kms.katalon.core.main.TestCaseExecutor.doExecute(TestCaseExecutor.java:319)
	at com.kms.katalon.core.main.TestCaseExecutor.processExecutionPhase(TestCaseExecutor.java:298)
	at com.kms.katalon.core.main.TestCaseExecutor.accessMainPhase(TestCaseExecutor.java:290)
	at com.kms.katalon.core.main.TestCaseExecutor.execute(TestCaseExecutor.java:224)
	at com.kms.katalon.core.main.TestSuiteExecutor.accessTestCaseMainPhase(TestSuiteExecutor.java:129)
	at com.kms.katalon.core.main.TestSuiteExecutor.accessTestSuiteMainPhase(TestSuiteExecutor.java:112)
	at com.kms.katalon.core.main.TestSuiteExecutor.execute(TestSuiteExecutor.java:81)
	at com.kms.katalon.core.main.TestCaseMain.startTestSuite(TestCaseMain.java:149)
	at com.kms.katalon.core.main.TestCaseMain$startTestSuite$0.call(Unknown Source)
	at TempTestSuite1560465451242.run(TempTestSuite1560465451242.groovy:36)]]></system-out>
         <system-err><![CDATA[2019-06-13 18:48:01 - [TEST_CASE][FAILED] - Test Cases/HOME PAGE/Popular products: Test Cases/HOME PAGE/Popular products FAILED.
Reason:
com.kms.katalon.core.exception.StepFailedException: Unable to move mouse over object 'Object Repository/APOLLO- Desktop/Home page/Popular products/Previous button chevron' (Root cause: com.kms.katalon.core.webui.exception.WebElementNotFoundException: Web element with id: 'Object Repository/APOLLO- Desktop/Home page/Popular products/Previous button chevron' located by 'By.xpath: //section[@id='slider-9534270011']//button[@class='c-slick__arrow c-slick__arrow--prev slick-arrow'][contains(text(),'Previous')]' not found)
	at com.kms.katalon.core.keyword.internal.KeywordMain.stepFailed(KeywordMain.groovy:36)
	at com.kms.katalon.core.webui.keyword.internal.WebUIKeywordMain.stepFailed(WebUIKeywordMain.groovy:65)
	at com.kms.katalon.core.webui.keyword.internal.WebUIKeywordMain.runKeyword(WebUIKeywordMain.groovy:27)
	at com.kms.katalon.core.webui.keyword.builtin.MouseOverKeyword.mouseOver(MouseOverKeyword.groovy:90)
	at com.kms.katalon.core.webui.keyword.builtin.MouseOverKeyword.execute(MouseOverKeyword.groovy:67)
	at com.kms.katalon.core.keyword.internal.KeywordExecutor.executeKeywordForPlatform(KeywordExecutor.groovy:53)
	at com.kms.katalon.core.webui.keyword.WebUiBuiltInKeywords.mouseOver(WebUiBuiltInKeywords.groovy:776)
	at com.kms.katalon.core.webui.keyword.WebUiBuiltInKeywords$mouseOver$9.call(Unknown Source)
	at Popular products.run(Popular products:78)
	at com.kms.katalon.core.main.ScriptEngine.run(ScriptEngine.java:194)
	at com.kms.katalon.core.main.ScriptEngine.runScriptAsRawText(ScriptEngine.java:119)
	at com.kms.katalon.core.main.TestCaseExecutor.runScript(TestCaseExecutor.java:328)
	at com.kms.katalon.core.main.TestCaseExecutor.doExecute(TestCaseExecutor.java:319)
	at com.kms.katalon.core.main.TestCaseExecutor.processExecutionPhase(TestCaseExecutor.java:298)
	at com.kms.katalon.core.main.TestCaseExecutor.accessMainPhase(TestCaseExecutor.java:290)
	at com.kms.katalon.core.main.TestCaseExecutor.execute(TestCaseExecutor.java:224)
	at com.kms.katalon.core.main.TestSuiteExecutor.accessTestCaseMainPhase(TestSuiteExecutor.java:129)
	at com.kms.katalon.core.main.TestSuiteExecutor.accessTestSuiteMainPhase(TestSuiteExecutor.java:112)
	at com.kms.katalon.core.main.TestSuiteExecutor.execute(TestSuiteExecutor.java:81)
	at com.kms.katalon.core.main.TestCaseMain.startTestSuite(TestCaseMain.java:149)
	at com.kms.katalon.core.main.TestCaseMain$startTestSuite$0.call(Unknown Source)
	at TempTestSuite1560465451242.run(TempTestSuite1560465451242.groovy:36)]]></system-err>
      </testcase>
      <testcase name="Test Cases/HOME PAGE/Our latest blog posts" classname="Test Cases/HOME PAGE/Our latest blog posts" status="PASSED">
         <system-out><![CDATA[2019-06-13 18:49:32 - [TEST_CASE][PASSED] - Test Cases/HOME PAGE/Our latest blog posts: Test Cases/HOME PAGE/Our latest blog posts

2019-06-13 18:49:32 - [TEST_STEP][PASSED] - callTestCase(findTestCase("CALL - URL"), [:], STOP_ON_FAILURE): Call Test Case 'Test Cases/CALL - URL' successfully

2019-06-13 18:49:32 - [TEST_CASE][PASSED] - Test Cases/CALL - URL: Test Cases/CALL - URL

2019-06-13 18:49:32 - [TEST_STEP][PASSED] - openBrowser(""): Browser is opened with url: ''

2019-06-13 18:49:32 - [MESSAGE][WARNING] - A browser is already opened. Closing browser and opening a new one

2019-06-13 18:49:32 - [MESSAGE][INFO] - Starting 'Chrome' driver

2019-06-13 18:49:34 - [MESSAGE][PASSED] - Browser is opened with url: ''

2019-06-13 18:49:34 - [TEST_STEP][PASSED] - navigateToUrl("https://diff-apollo.myshopify.com/?_ab=0&_fd=0&_sc=1&preview_theme_id=68602101860"): Navigate to 'https://diff-apollo.myshopify.com/?_ab=0&_fd=0&_sc=1&preview_theme_id=68602101860' successfully

2019-06-13 18:50:03 - [MESSAGE][PASSED] - Navigate to 'https://diff-apollo.myshopify.com/?_ab=0&_fd=0&_sc=1&preview_theme_id=68602101860' successfully

2019-06-13 18:50:03 - [TEST_STEP][PASSED] - executeJavaScript("var previewBar = document.getElementById("preview-bar-iframe"); previewBar.style.display = "none";", []): Execute JavaScript 'var previewBar = document.getElementById("preview-bar-iframe"); previewBar.style.display = "none";' successfully

2019-06-13 18:50:03 - [MESSAGE][PASSED] - Execute JavaScript 'var previewBar = document.getElementById("preview-bar-iframe"); previewBar.style.display = "none";' successfully

2019-06-13 18:50:03 - [MESSAGE][PASSED] - Call Test Case 'Test Cases/CALL - URL' successfully

2019-06-13 18:50:03 - [TEST_STEP][PASSED] - delay(2): Delayed 2 second(s)

2019-06-13 18:50:05 - [MESSAGE][PASSED] - Delayed 2 second(s)

2019-06-13 18:50:05 - [TEST_STEP][PASSED] - scrollToElement(findTestObject("APOLLO- Desktop/Home page/Our latest blog posts/Our latest Blog posts"), 0): Scroll to object 'Object Repository/APOLLO- Desktop/Home page/Our latest blog posts/Our latest Blog posts' successfully

2019-06-13 18:50:06 - [MESSAGE][WARNING] - Timeout '0' is invalid. Using default page load timeout: '30'

2019-06-13 18:50:06 - [MESSAGE][PASSED] - Scroll to object 'Object Repository/APOLLO- Desktop/Home page/Our latest blog posts/Our latest Blog posts' successfully

2019-06-13 18:50:06 - [TEST_STEP][PASSED] - delay(2): Delayed 2 second(s)

2019-06-13 18:50:08 - [MESSAGE][PASSED] - Delayed 2 second(s)

2019-06-13 18:50:08 - [TEST_STEP][PASSED] - click(findTestObject("APOLLO- Desktop/Home page/Our latest blog posts/second slider")): Object: 'Object Repository/APOLLO- Desktop/Home page/Our latest blog posts/second slider' is clicked on

2019-06-13 18:50:08 - [MESSAGE][PASSED] - Object: 'Object Repository/APOLLO- Desktop/Home page/Our latest blog posts/second slider' is clicked on

2019-06-13 18:50:08 - [TEST_STEP][PASSED] - delay(2): Delayed 2 second(s)

2019-06-13 18:50:10 - [MESSAGE][PASSED] - Delayed 2 second(s)

2019-06-13 18:50:10 - [TEST_STEP][PASSED] - click(findTestObject("APOLLO- Desktop/Home page/Our latest blog posts/third slider")): Object: 'Object Repository/APOLLO- Desktop/Home page/Our latest blog posts/third slider' is clicked on

2019-06-13 18:50:10 - [MESSAGE][PASSED] - Object: 'Object Repository/APOLLO- Desktop/Home page/Our latest blog posts/third slider' is clicked on

2019-06-13 18:50:10 - [TEST_STEP][PASSED] - delay(2): Delayed 2 second(s)

2019-06-13 18:50:12 - [MESSAGE][PASSED] - Delayed 2 second(s)

2019-06-13 18:50:12 - [TEST_STEP][PASSED] - click(findTestObject("APOLLO- Desktop/Home page/Our latest blog posts/first slider")): Object: 'Object Repository/APOLLO- Desktop/Home page/Our latest blog posts/first slider' is clicked on

2019-06-13 18:50:12 - [MESSAGE][PASSED] - Object: 'Object Repository/APOLLO- Desktop/Home page/Our latest blog posts/first slider' is clicked on

2019-06-13 18:50:12 - [TEST_STEP][PASSED] - delay(2): Delayed 2 second(s)

2019-06-13 18:50:14 - [MESSAGE][PASSED] - Delayed 2 second(s)

2019-06-13 18:50:14 - [TEST_STEP][PASSED] - click(findTestObject("APOLLO- Desktop/Home page/Our latest blog posts/Visit Blog")): Object: 'Object Repository/APOLLO- Desktop/Home page/Our latest blog posts/Visit Blog' is clicked on

2019-06-13 18:50:15 - [MESSAGE][PASSED] - Object: 'Object Repository/APOLLO- Desktop/Home page/Our latest blog posts/Visit Blog' is clicked on

2019-06-13 18:50:15 - [TEST_STEP][PASSED] - delay(2): Delayed 2 second(s)

2019-06-13 18:50:17 - [MESSAGE][PASSED] - Delayed 2 second(s)

2019-06-13 18:50:17 - [TEST_STEP][PASSED] - click(findTestObject("APOLLO- Desktop/Home page/Hero banner - CTA/Apollo icon")): Object: 'Object Repository/APOLLO- Desktop/Home page/Hero banner - CTA/Apollo icon' is clicked on

2019-06-13 18:50:23 - [MESSAGE][PASSED] - Object: 'Object Repository/APOLLO- Desktop/Home page/Hero banner - CTA/Apollo icon' is clicked on

2019-06-13 18:50:23 - [TEST_STEP][PASSED] - delay(2): Delayed 2 second(s)

2019-06-13 18:50:25 - [MESSAGE][PASSED] - Delayed 2 second(s)

2019-06-13 18:50:25 - [TEST_STEP][PASSED] - scrollToElement(findTestObject("APOLLO- Desktop/Home page/Our latest blog posts/Our latest Blog posts"), 0): Scroll to object 'Object Repository/APOLLO- Desktop/Home page/Our latest blog posts/Our latest Blog posts' successfully

2019-06-13 18:50:25 - [MESSAGE][WARNING] - Timeout '0' is invalid. Using default page load timeout: '30'

2019-06-13 18:50:25 - [MESSAGE][PASSED] - Scroll to object 'Object Repository/APOLLO- Desktop/Home page/Our latest blog posts/Our latest Blog posts' successfully

2019-06-13 18:50:25 - [TEST_STEP][PASSED] - delay(2): Delayed 2 second(s)

2019-06-13 18:50:27 - [MESSAGE][PASSED] - Delayed 2 second(s)

2019-06-13 18:50:27 - [TEST_STEP][PASSED] - click(findTestObject("APOLLO- Desktop/Home page/Our latest blog posts/Read more link")): Object: 'Object Repository/APOLLO- Desktop/Home page/Our latest blog posts/Read more link' is clicked on

2019-06-13 18:50:28 - [MESSAGE][PASSED] - Object: 'Object Repository/APOLLO- Desktop/Home page/Our latest blog posts/Read more link' is clicked on

2019-06-13 18:50:28 - [TEST_STEP][PASSED] - delay(2): Delayed 2 second(s)

2019-06-13 18:50:30 - [MESSAGE][PASSED] - Delayed 2 second(s)

2019-06-13 18:50:30 - [TEST_STEP][PASSED] - click(findTestObject("APOLLO- Desktop/Home page/Hero banner - CTA/Apollo icon")): Object: 'Object Repository/APOLLO- Desktop/Home page/Hero banner - CTA/Apollo icon' is clicked on

2019-06-13 18:50:32 - [MESSAGE][PASSED] - Object: 'Object Repository/APOLLO- Desktop/Home page/Hero banner - CTA/Apollo icon' is clicked on

2019-06-13 18:50:32 - [TEST_STEP][PASSED] - delay(2): Delayed 2 second(s)

2019-06-13 18:50:34 - [MESSAGE][PASSED] - Delayed 2 second(s)

2019-06-13 18:50:34 - [TEST_STEP][PASSED] - scrollToElement(findTestObject("APOLLO- Desktop/Home page/Our latest blog posts/Our latest Blog posts"), 0): Scroll to object 'Object Repository/APOLLO- Desktop/Home page/Our latest blog posts/Our latest Blog posts' successfully

2019-06-13 18:50:34 - [MESSAGE][WARNING] - Timeout '0' is invalid. Using default page load timeout: '30'

2019-06-13 18:50:34 - [MESSAGE][PASSED] - Scroll to object 'Object Repository/APOLLO- Desktop/Home page/Our latest blog posts/Our latest Blog posts' successfully

2019-06-13 18:50:34 - [TEST_STEP][PASSED] - delay(2): Delayed 2 second(s)

2019-06-13 18:50:36 - [MESSAGE][PASSED] - Delayed 2 second(s)

2019-06-13 18:50:36 - [TEST_STEP][PASSED] - mouseOver(findTestObject("APOLLO- Desktop/Home page/Our latest blog posts/button_Next")): Object: 'Object Repository/APOLLO- Desktop/Home page/Our latest blog posts/button_Next' is hovered

2019-06-13 18:50:36 - [MESSAGE][PASSED] - Object: 'Object Repository/APOLLO- Desktop/Home page/Our latest blog posts/button_Next' is hovered

2019-06-13 18:50:36 - [TEST_STEP][PASSED] - delay(2): Delayed 2 second(s)

2019-06-13 18:50:38 - [MESSAGE][PASSED] - Delayed 2 second(s)

2019-06-13 18:50:38 - [TEST_STEP][PASSED] - click(findTestObject("APOLLO- Desktop/Home page/Our latest blog posts/button_Next")): Object: 'Object Repository/APOLLO- Desktop/Home page/Our latest blog posts/button_Next' is clicked on

2019-06-13 18:50:38 - [MESSAGE][PASSED] - Object: 'Object Repository/APOLLO- Desktop/Home page/Our latest blog posts/button_Next' is clicked on

2019-06-13 18:50:38 - [TEST_STEP][PASSED] - delay(2): Delayed 2 second(s)

2019-06-13 18:50:40 - [MESSAGE][PASSED] - Delayed 2 second(s)

2019-06-13 18:50:40 - [TEST_STEP][PASSED] - click(findTestObject("APOLLO- Desktop/Home page/Our latest blog posts/button_Previous")): Object: 'Object Repository/APOLLO- Desktop/Home page/Our latest blog posts/button_Previous' is clicked on

2019-06-13 18:50:41 - [MESSAGE][PASSED] - Object: 'Object Repository/APOLLO- Desktop/Home page/Our latest blog posts/button_Previous' is clicked on]]></system-out>
         <system-err><![CDATA[]]></system-err>
      </testcase>
      <testcase name="Test Cases/HOME PAGE/Follow us" classname="Test Cases/HOME PAGE/Follow us" status="FAILED">
         <failure type="FAILED" message="Test Cases/HOME PAGE/Follow us FAILED.
Reason:
com.kms.katalon.core.exception.StepFailedException: Unable to move mouse over object 'Object Repository/APOLLO- Desktop/Home page/Follow us/button-previous' (Root cause: com.kms.katalon.core.webui.exception.WebElementNotFoundException: Web element with id: 'Object Repository/APOLLO- Desktop/Home page/Follow us/button-previous' located by 'By.xpath: //section[@id='slider-4056843221']//button[@class='c-slick__arrow c-slick__arrow--prev slick-arrow']' not found)
	at com.kms.katalon.core.keyword.internal.KeywordMain.stepFailed(KeywordMain.groovy:36)
	at com.kms.katalon.core.webui.keyword.internal.WebUIKeywordMain.stepFailed(WebUIKeywordMain.groovy:65)
	at com.kms.katalon.core.webui.keyword.internal.WebUIKeywordMain.runKeyword(WebUIKeywordMain.groovy:27)
	at com.kms.katalon.core.webui.keyword.builtin.MouseOverKeyword.mouseOver(MouseOverKeyword.groovy:90)
	at com.kms.katalon.core.webui.keyword.builtin.MouseOverKeyword.execute(MouseOverKeyword.groovy:67)
	at com.kms.katalon.core.keyword.internal.KeywordExecutor.executeKeywordForPlatform(KeywordExecutor.groovy:53)
	at com.kms.katalon.core.webui.keyword.WebUiBuiltInKeywords.mouseOver(WebUiBuiltInKeywords.groovy:776)
	at com.kms.katalon.core.webui.keyword.WebUiBuiltInKeywords$mouseOver$9.call(Unknown Source)
	at Follow us.run(Follow us:32)
	at com.kms.katalon.core.main.ScriptEngine.run(ScriptEngine.java:194)
	at com.kms.katalon.core.main.ScriptEngine.runScriptAsRawText(ScriptEngine.java:119)
	at com.kms.katalon.core.main.TestCaseExecutor.runScript(TestCaseExecutor.java:328)
	at com.kms.katalon.core.main.TestCaseExecutor.doExecute(TestCaseExecutor.java:319)
	at com.kms.katalon.core.main.TestCaseExecutor.processExecutionPhase(TestCaseExecutor.java:298)
	at com.kms.katalon.core.main.TestCaseExecutor.accessMainPhase(TestCaseExecutor.java:290)
	at com.kms.katalon.core.main.TestCaseExecutor.execute(TestCaseExecutor.java:224)
	at com.kms.katalon.core.main.TestSuiteExecutor.accessTestCaseMainPhase(TestSuiteExecutor.java:129)
	at com.kms.katalon.core.main.TestSuiteExecutor.accessTestSuiteMainPhase(TestSuiteExecutor.java:112)
	at com.kms.katalon.core.main.TestSuiteExecutor.execute(TestSuiteExecutor.java:81)
	at com.kms.katalon.core.main.TestCaseMain.startTestSuite(TestCaseMain.java:149)
	at com.kms.katalon.core.main.TestCaseMain$startTestSuite$0.call(Unknown Source)
	at TempTestSuite1560465451242.run(TempTestSuite1560465451242.groovy:36)
"/>
         <system-out><![CDATA[2019-06-13 18:50:41 - [TEST_CASE][FAILED] - Test Cases/HOME PAGE/Follow us: Test Cases/HOME PAGE/Follow us FAILED.
Reason:
com.kms.katalon.core.exception.StepFailedException: Unable to move mouse over object 'Object Repository/APOLLO- Desktop/Home page/Follow us/button-previous' (Root cause: com.kms.katalon.core.webui.exception.WebElementNotFoundException: Web element with id: 'Object Repository/APOLLO- Desktop/Home page/Follow us/button-previous' located by 'By.xpath: //section[@id='slider-4056843221']//button[@class='c-slick__arrow c-slick__arrow--prev slick-arrow']' not found)
	at com.kms.katalon.core.keyword.internal.KeywordMain.stepFailed(KeywordMain.groovy:36)
	at com.kms.katalon.core.webui.keyword.internal.WebUIKeywordMain.stepFailed(WebUIKeywordMain.groovy:65)
	at com.kms.katalon.core.webui.keyword.internal.WebUIKeywordMain.runKeyword(WebUIKeywordMain.groovy:27)
	at com.kms.katalon.core.webui.keyword.builtin.MouseOverKeyword.mouseOver(MouseOverKeyword.groovy:90)
	at com.kms.katalon.core.webui.keyword.builtin.MouseOverKeyword.execute(MouseOverKeyword.groovy:67)
	at com.kms.katalon.core.keyword.internal.KeywordExecutor.executeKeywordForPlatform(KeywordExecutor.groovy:53)
	at com.kms.katalon.core.webui.keyword.WebUiBuiltInKeywords.mouseOver(WebUiBuiltInKeywords.groovy:776)
	at com.kms.katalon.core.webui.keyword.WebUiBuiltInKeywords$mouseOver$9.call(Unknown Source)
	at Follow us.run(Follow us:32)
	at com.kms.katalon.core.main.ScriptEngine.run(ScriptEngine.java:194)
	at com.kms.katalon.core.main.ScriptEngine.runScriptAsRawText(ScriptEngine.java:119)
	at com.kms.katalon.core.main.TestCaseExecutor.runScript(TestCaseExecutor.java:328)
	at com.kms.katalon.core.main.TestCaseExecutor.doExecute(TestCaseExecutor.java:319)
	at com.kms.katalon.core.main.TestCaseExecutor.processExecutionPhase(TestCaseExecutor.java:298)
	at com.kms.katalon.core.main.TestCaseExecutor.accessMainPhase(TestCaseExecutor.java:290)
	at com.kms.katalon.core.main.TestCaseExecutor.execute(TestCaseExecutor.java:224)
	at com.kms.katalon.core.main.TestSuiteExecutor.accessTestCaseMainPhase(TestSuiteExecutor.java:129)
	at com.kms.katalon.core.main.TestSuiteExecutor.accessTestSuiteMainPhase(TestSuiteExecutor.java:112)
	at com.kms.katalon.core.main.TestSuiteExecutor.execute(TestSuiteExecutor.java:81)
	at com.kms.katalon.core.main.TestCaseMain.startTestSuite(TestCaseMain.java:149)
	at com.kms.katalon.core.main.TestCaseMain$startTestSuite$0.call(Unknown Source)
	at TempTestSuite1560465451242.run(TempTestSuite1560465451242.groovy:36)


2019-06-13 18:50:41 - [TEST_STEP][PASSED] - callTestCase(findTestCase("CALL - URL"), [:], STOP_ON_FAILURE): Call Test Case 'Test Cases/CALL - URL' successfully

2019-06-13 18:50:41 - [TEST_CASE][PASSED] - Test Cases/CALL - URL: Test Cases/CALL - URL

2019-06-13 18:50:41 - [TEST_STEP][PASSED] - openBrowser(""): Browser is opened with url: ''

2019-06-13 18:50:41 - [MESSAGE][WARNING] - A browser is already opened. Closing browser and opening a new one

2019-06-13 18:50:41 - [MESSAGE][INFO] - Starting 'Chrome' driver

2019-06-13 18:50:42 - [MESSAGE][PASSED] - Browser is opened with url: ''

2019-06-13 18:50:42 - [TEST_STEP][PASSED] - navigateToUrl("https://diff-apollo.myshopify.com/?_ab=0&_fd=0&_sc=1&preview_theme_id=68602101860"): Navigate to 'https://diff-apollo.myshopify.com/?_ab=0&_fd=0&_sc=1&preview_theme_id=68602101860' successfully

2019-06-13 18:50:45 - [MESSAGE][PASSED] - Navigate to 'https://diff-apollo.myshopify.com/?_ab=0&_fd=0&_sc=1&preview_theme_id=68602101860' successfully

2019-06-13 18:50:45 - [TEST_STEP][PASSED] - executeJavaScript("var previewBar = document.getElementById("preview-bar-iframe"); previewBar.style.display = "none";", []): Execute JavaScript 'var previewBar = document.getElementById("preview-bar-iframe"); previewBar.style.display = "none";' successfully

2019-06-13 18:50:45 - [MESSAGE][PASSED] - Execute JavaScript 'var previewBar = document.getElementById("preview-bar-iframe"); previewBar.style.display = "none";' successfully

2019-06-13 18:50:45 - [MESSAGE][PASSED] - Call Test Case 'Test Cases/CALL - URL' successfully

2019-06-13 18:50:45 - [TEST_STEP][PASSED] - delay(2): Delayed 2 second(s)

2019-06-13 18:50:47 - [MESSAGE][PASSED] - Delayed 2 second(s)

2019-06-13 18:50:47 - [TEST_STEP][PASSED] - scrollToElement(findTestObject("APOLLO- Desktop/Home page/Follow us/apollodarktheme"), 0): Scroll to object 'Object Repository/APOLLO- Desktop/Home page/Follow us/apollodarktheme' successfully

2019-06-13 18:50:47 - [MESSAGE][WARNING] - Timeout '0' is invalid. Using default page load timeout: '30'

2019-06-13 18:50:47 - [MESSAGE][PASSED] - Scroll to object 'Object Repository/APOLLO- Desktop/Home page/Follow us/apollodarktheme' successfully

2019-06-13 18:50:47 - [TEST_STEP][PASSED] - delay(2): Delayed 2 second(s)

2019-06-13 18:50:49 - [MESSAGE][PASSED] - Delayed 2 second(s)

2019-06-13 18:50:49 - [TEST_STEP][PASSED] - scrollToElement(findTestObject("APOLLO- Desktop/Home page/Our latest blog posts/Visit Blog"), 0): Scroll to object 'Object Repository/APOLLO- Desktop/Home page/Our latest blog posts/Visit Blog' successfully

2019-06-13 18:50:49 - [MESSAGE][WARNING] - Timeout '0' is invalid. Using default page load timeout: '30'

2019-06-13 18:50:49 - [MESSAGE][PASSED] - Scroll to object 'Object Repository/APOLLO- Desktop/Home page/Our latest blog posts/Visit Blog' successfully

2019-06-13 18:50:49 - [TEST_STEP][PASSED] - delay(2): Delayed 2 second(s)

2019-06-13 18:50:51 - [MESSAGE][PASSED] - Delayed 2 second(s)

2019-06-13 18:50:51 - [TEST_STEP][PASSED] - click(findTestObject("APOLLO- Desktop/Home page/Follow us/product tile")): Object: 'Object Repository/APOLLO- Desktop/Home page/Follow us/product tile' is clicked on

2019-06-13 18:50:52 - [MESSAGE][PASSED] - Object: 'Object Repository/APOLLO- Desktop/Home page/Follow us/product tile' is clicked on

2019-06-13 18:50:52 - [TEST_STEP][PASSED] - delay(2): Delayed 2 second(s)

2019-06-13 18:50:54 - [MESSAGE][PASSED] - Delayed 2 second(s)

2019-06-13 18:50:54 - [TEST_STEP][FAILED] - mouseOver(findTestObject("APOLLO- Desktop/Home page/Follow us/button-previous")): mouseOver(findTestObject("APOLLO- Desktop/Home page/Follow us/button-previous")) FAILED.
Reason:
com.kms.katalon.core.exception.StepFailedException: Unable to move mouse over object 'Object Repository/APOLLO- Desktop/Home page/Follow us/button-previous' (Root cause: com.kms.katalon.core.webui.exception.WebElementNotFoundException: Web element with id: 'Object Repository/APOLLO- Desktop/Home page/Follow us/button-previous' located by 'By.xpath: //section[@id='slider-4056843221']//button[@class='c-slick__arrow c-slick__arrow--prev slick-arrow']' not found)
	at com.kms.katalon.core.keyword.internal.KeywordMain.stepFailed(KeywordMain.groovy:36)
	at com.kms.katalon.core.webui.keyword.internal.WebUIKeywordMain.stepFailed(WebUIKeywordMain.groovy:65)
	at com.kms.katalon.core.webui.keyword.internal.WebUIKeywordMain.runKeyword(WebUIKeywordMain.groovy:27)
	at com.kms.katalon.core.webui.keyword.builtin.MouseOverKeyword.mouseOver(MouseOverKeyword.groovy:90)
	at com.kms.katalon.core.webui.keyword.builtin.MouseOverKeyword.execute(MouseOverKeyword.groovy:67)
	at com.kms.katalon.core.keyword.internal.KeywordExecutor.executeKeywordForPlatform(KeywordExecutor.groovy:53)
	at com.kms.katalon.core.webui.keyword.WebUiBuiltInKeywords.mouseOver(WebUiBuiltInKeywords.groovy:776)
	at com.kms.katalon.core.webui.keyword.WebUiBuiltInKeywords$mouseOver$9.call(Unknown Source)
	at Follow us.run(Follow us:32)
	at com.kms.katalon.core.main.ScriptEngine.run(ScriptEngine.java:194)
	at com.kms.katalon.core.main.ScriptEngine.runScriptAsRawText(ScriptEngine.java:119)
	at com.kms.katalon.core.main.TestCaseExecutor.runScript(TestCaseExecutor.java:328)
	at com.kms.katalon.core.main.TestCaseExecutor.doExecute(TestCaseExecutor.java:319)
	at com.kms.katalon.core.main.TestCaseExecutor.processExecutionPhase(TestCaseExecutor.java:298)
	at com.kms.katalon.core.main.TestCaseExecutor.accessMainPhase(TestCaseExecutor.java:290)
	at com.kms.katalon.core.main.TestCaseExecutor.execute(TestCaseExecutor.java:224)
	at com.kms.katalon.core.main.TestSuiteExecutor.accessTestCaseMainPhase(TestSuiteExecutor.java:129)
	at com.kms.katalon.core.main.TestSuiteExecutor.accessTestSuiteMainPhase(TestSuiteExecutor.java:112)
	at com.kms.katalon.core.main.TestSuiteExecutor.execute(TestSuiteExecutor.java:81)
	at com.kms.katalon.core.main.TestCaseMain.startTestSuite(TestCaseMain.java:149)
	at com.kms.katalon.core.main.TestCaseMain$startTestSuite$0.call(Unknown Source)
	at TempTestSuite1560465451242.run(TempTestSuite1560465451242.groovy:36)


2019-06-13 18:51:25 - [MESSAGE][INFO] - Unable to find the element located by 'By.xpath: //section[@id='slider-4056843221']//button[@class='c-slick__arrow c-slick__arrow--prev slick-arrow']'. Please recheck the objects properties to make sure the desired element is located. 

2019-06-13 18:51:25 - [MESSAGE][FAILED] - Unable to move mouse over object 'Object Repository/APOLLO- Desktop/Home page/Follow us/button-previous' (Root cause: com.kms.katalon.core.webui.exception.WebElementNotFoundException: Web element with id: 'Object Repository/APOLLO- Desktop/Home page/Follow us/button-previous' located by 'By.xpath: //section[@id='slider-4056843221']//button[@class='c-slick__arrow c-slick__arrow--prev slick-arrow']' not found)
[[ATTACHMENT|/Users/sumankompelly/Katalon Studio/APOLLO/Reports/Trial/20190613_183731/1560466285067.png]]

2019-06-13 18:51:25 - [MESSAGE][FAILED] - mouseOver(findTestObject("APOLLO- Desktop/Home page/Follow us/button-previous")) FAILED.
Reason:
com.kms.katalon.core.exception.StepFailedException: Unable to move mouse over object 'Object Repository/APOLLO- Desktop/Home page/Follow us/button-previous' (Root cause: com.kms.katalon.core.webui.exception.WebElementNotFoundException: Web element with id: 'Object Repository/APOLLO- Desktop/Home page/Follow us/button-previous' located by 'By.xpath: //section[@id='slider-4056843221']//button[@class='c-slick__arrow c-slick__arrow--prev slick-arrow']' not found)
	at com.kms.katalon.core.keyword.internal.KeywordMain.stepFailed(KeywordMain.groovy:36)
	at com.kms.katalon.core.webui.keyword.internal.WebUIKeywordMain.stepFailed(WebUIKeywordMain.groovy:65)
	at com.kms.katalon.core.webui.keyword.internal.WebUIKeywordMain.runKeyword(WebUIKeywordMain.groovy:27)
	at com.kms.katalon.core.webui.keyword.builtin.MouseOverKeyword.mouseOver(MouseOverKeyword.groovy:90)
	at com.kms.katalon.core.webui.keyword.builtin.MouseOverKeyword.execute(MouseOverKeyword.groovy:67)
	at com.kms.katalon.core.keyword.internal.KeywordExecutor.executeKeywordForPlatform(KeywordExecutor.groovy:53)
	at com.kms.katalon.core.webui.keyword.WebUiBuiltInKeywords.mouseOver(WebUiBuiltInKeywords.groovy:776)
	at com.kms.katalon.core.webui.keyword.WebUiBuiltInKeywords$mouseOver$9.call(Unknown Source)
	at Follow us.run(Follow us:32)
	at com.kms.katalon.core.main.ScriptEngine.run(ScriptEngine.java:194)
	at com.kms.katalon.core.main.ScriptEngine.runScriptAsRawText(ScriptEngine.java:119)
	at com.kms.katalon.core.main.TestCaseExecutor.runScript(TestCaseExecutor.java:328)
	at com.kms.katalon.core.main.TestCaseExecutor.doExecute(TestCaseExecutor.java:319)
	at com.kms.katalon.core.main.TestCaseExecutor.processExecutionPhase(TestCaseExecutor.java:298)
	at com.kms.katalon.core.main.TestCaseExecutor.accessMainPhase(TestCaseExecutor.java:290)
	at com.kms.katalon.core.main.TestCaseExecutor.execute(TestCaseExecutor.java:224)
	at com.kms.katalon.core.main.TestSuiteExecutor.accessTestCaseMainPhase(TestSuiteExecutor.java:129)
	at com.kms.katalon.core.main.TestSuiteExecutor.accessTestSuiteMainPhase(TestSuiteExecutor.java:112)
	at com.kms.katalon.core.main.TestSuiteExecutor.execute(TestSuiteExecutor.java:81)
	at com.kms.katalon.core.main.TestCaseMain.startTestSuite(TestCaseMain.java:149)
	at com.kms.katalon.core.main.TestCaseMain$startTestSuite$0.call(Unknown Source)
	at TempTestSuite1560465451242.run(TempTestSuite1560465451242.groovy:36)]]></system-out>
         <system-err><![CDATA[2019-06-13 18:50:41 - [TEST_CASE][FAILED] - Test Cases/HOME PAGE/Follow us: Test Cases/HOME PAGE/Follow us FAILED.
Reason:
com.kms.katalon.core.exception.StepFailedException: Unable to move mouse over object 'Object Repository/APOLLO- Desktop/Home page/Follow us/button-previous' (Root cause: com.kms.katalon.core.webui.exception.WebElementNotFoundException: Web element with id: 'Object Repository/APOLLO- Desktop/Home page/Follow us/button-previous' located by 'By.xpath: //section[@id='slider-4056843221']//button[@class='c-slick__arrow c-slick__arrow--prev slick-arrow']' not found)
	at com.kms.katalon.core.keyword.internal.KeywordMain.stepFailed(KeywordMain.groovy:36)
	at com.kms.katalon.core.webui.keyword.internal.WebUIKeywordMain.stepFailed(WebUIKeywordMain.groovy:65)
	at com.kms.katalon.core.webui.keyword.internal.WebUIKeywordMain.runKeyword(WebUIKeywordMain.groovy:27)
	at com.kms.katalon.core.webui.keyword.builtin.MouseOverKeyword.mouseOver(MouseOverKeyword.groovy:90)
	at com.kms.katalon.core.webui.keyword.builtin.MouseOverKeyword.execute(MouseOverKeyword.groovy:67)
	at com.kms.katalon.core.keyword.internal.KeywordExecutor.executeKeywordForPlatform(KeywordExecutor.groovy:53)
	at com.kms.katalon.core.webui.keyword.WebUiBuiltInKeywords.mouseOver(WebUiBuiltInKeywords.groovy:776)
	at com.kms.katalon.core.webui.keyword.WebUiBuiltInKeywords$mouseOver$9.call(Unknown Source)
	at Follow us.run(Follow us:32)
	at com.kms.katalon.core.main.ScriptEngine.run(ScriptEngine.java:194)
	at com.kms.katalon.core.main.ScriptEngine.runScriptAsRawText(ScriptEngine.java:119)
	at com.kms.katalon.core.main.TestCaseExecutor.runScript(TestCaseExecutor.java:328)
	at com.kms.katalon.core.main.TestCaseExecutor.doExecute(TestCaseExecutor.java:319)
	at com.kms.katalon.core.main.TestCaseExecutor.processExecutionPhase(TestCaseExecutor.java:298)
	at com.kms.katalon.core.main.TestCaseExecutor.accessMainPhase(TestCaseExecutor.java:290)
	at com.kms.katalon.core.main.TestCaseExecutor.execute(TestCaseExecutor.java:224)
	at com.kms.katalon.core.main.TestSuiteExecutor.accessTestCaseMainPhase(TestSuiteExecutor.java:129)
	at com.kms.katalon.core.main.TestSuiteExecutor.accessTestSuiteMainPhase(TestSuiteExecutor.java:112)
	at com.kms.katalon.core.main.TestSuiteExecutor.execute(TestSuiteExecutor.java:81)
	at com.kms.katalon.core.main.TestCaseMain.startTestSuite(TestCaseMain.java:149)
	at com.kms.katalon.core.main.TestCaseMain$startTestSuite$0.call(Unknown Source)
	at TempTestSuite1560465451242.run(TempTestSuite1560465451242.groovy:36)]]></system-err>
      </testcase>
      <testcase name="Test Cases/PRODUCT PAGE/Social media icons" classname="Test Cases/PRODUCT PAGE/Social media icons" status="FAILED">
         <failure type="FAILED" message="Test Cases/PRODUCT PAGE/Social media icons FAILED.
Reason:
com.kms.katalon.core.exception.StepFailedException: Unable to click on object 'Object Repository/APOLLO- Desktop/Product page/facebook icon' (Root cause: org.openqa.selenium.WebDriverException: unknown error: Element is not clickable at point (851, 660)
  (Session info: chrome=75.0.3770.90)
  (Driver info: chromedriver=2.43.600229 (3fae4d0cda5334b4f533bede5a4787f7b832d052),platform=Mac OS X 10.13.6 x86_64) (WARNING: The server did not provide any stacktrace information)
Command duration or timeout: 0 milliseconds
Build info: version: '3.7.1', revision: '8a0099a', time: '2017-11-06T21:07:36.161Z'
System info: host: 'sumans-MacBook-Pro.local', ip: 'fe80:0:0:0:145f:b2f6:5126:870a%en0', os.name: 'Mac OS X', os.arch: 'x86_64', os.version: '10.13.6', java.version: '1.8.0_181'
Driver info: com.kms.katalon.selenium.driver.CChromeDriver
Capabilities {acceptInsecureCerts: false, acceptSslCerts: false, applicationCacheEnabled: false, browserConnectionEnabled: false, browserName: chrome, chrome: {chromedriverVersion: 2.43.600229 (3fae4d0cda5334..., userDataDir: /var/folders/1t/c55l8xzs6gq...}, cssSelectorsEnabled: true, databaseEnabled: false, goog:chromeOptions: {debuggerAddress: localhost:64631}, handlesAlerts: true, hasTouchScreen: false, javascriptEnabled: true, locationContextEnabled: true, mobileEmulationEnabled: false, nativeEvents: true, networkConnectionEnabled: false, pageLoadStrategy: normal, platform: MAC, platformName: MAC, rotatable: false, setWindowRect: true, takesHeapSnapshot: true, takesScreenshot: true, unexpectedAlertBehaviour: , unhandledPromptBehavior: , version: 75.0.3770.90, webStorageEnabled: true}
Session ID: 33721d1235da4f540e2e7e6e752d6f85)
	at com.kms.katalon.core.keyword.internal.KeywordMain.stepFailed(KeywordMain.groovy:36)
	at com.kms.katalon.core.webui.keyword.internal.WebUIKeywordMain.stepFailed(WebUIKeywordMain.groovy:65)
	at com.kms.katalon.core.webui.keyword.internal.WebUIKeywordMain.runKeyword(WebUIKeywordMain.groovy:27)
	at com.kms.katalon.core.webui.keyword.builtin.ClickKeyword.click(ClickKeyword.groovy:86)
	at com.kms.katalon.core.webui.keyword.builtin.ClickKeyword.execute(ClickKeyword.groovy:67)
	at com.kms.katalon.core.keyword.internal.KeywordExecutor.executeKeywordForPlatform(KeywordExecutor.groovy:53)
	at com.kms.katalon.core.webui.keyword.WebUiBuiltInKeywords.click(WebUiBuiltInKeywords.groovy:616)
	at com.kms.katalon.core.webui.keyword.WebUiBuiltInKeywords$click$2.call(Unknown Source)
	at Social media icons.run(Social media icons:45)
	at com.kms.katalon.core.main.ScriptEngine.run(ScriptEngine.java:194)
	at com.kms.katalon.core.main.ScriptEngine.runScriptAsRawText(ScriptEngine.java:119)
	at com.kms.katalon.core.main.TestCaseExecutor.runScript(TestCaseExecutor.java:328)
	at com.kms.katalon.core.main.TestCaseExecutor.doExecute(TestCaseExecutor.java:319)
	at com.kms.katalon.core.main.TestCaseExecutor.processExecutionPhase(TestCaseExecutor.java:298)
	at com.kms.katalon.core.main.TestCaseExecutor.accessMainPhase(TestCaseExecutor.java:290)
	at com.kms.katalon.core.main.TestCaseExecutor.execute(TestCaseExecutor.java:224)
	at com.kms.katalon.core.main.TestSuiteExecutor.accessTestCaseMainPhase(TestSuiteExecutor.java:129)
	at com.kms.katalon.core.main.TestSuiteExecutor.accessTestSuiteMainPhase(TestSuiteExecutor.java:112)
	at com.kms.katalon.core.main.TestSuiteExecutor.execute(TestSuiteExecutor.java:81)
	at com.kms.katalon.core.main.TestCaseMain.startTestSuite(TestCaseMain.java:149)
	at com.kms.katalon.core.main.TestCaseMain$startTestSuite$0.call(Unknown Source)
	at TempTestSuite1560465451242.run(TempTestSuite1560465451242.groovy:36)
"/>
         <system-out><![CDATA[2019-06-13 18:51:25 - [TEST_CASE][FAILED] - Test Cases/PRODUCT PAGE/Social media icons: Test Cases/PRODUCT PAGE/Social media icons FAILED.
Reason:
com.kms.katalon.core.exception.StepFailedException: Unable to click on object 'Object Repository/APOLLO- Desktop/Product page/facebook icon' (Root cause: org.openqa.selenium.WebDriverException: unknown error: Element is not clickable at point (851, 660)
  (Session info: chrome=75.0.3770.90)
  (Driver info: chromedriver=2.43.600229 (3fae4d0cda5334b4f533bede5a4787f7b832d052),platform=Mac OS X 10.13.6 x86_64) (WARNING: The server did not provide any stacktrace information)
Command duration or timeout: 0 milliseconds
Build info: version: '3.7.1', revision: '8a0099a', time: '2017-11-06T21:07:36.161Z'
System info: host: 'sumans-MacBook-Pro.local', ip: 'fe80:0:0:0:145f:b2f6:5126:870a%en0', os.name: 'Mac OS X', os.arch: 'x86_64', os.version: '10.13.6', java.version: '1.8.0_181'
Driver info: com.kms.katalon.selenium.driver.CChromeDriver
Capabilities {acceptInsecureCerts: false, acceptSslCerts: false, applicationCacheEnabled: false, browserConnectionEnabled: false, browserName: chrome, chrome: {chromedriverVersion: 2.43.600229 (3fae4d0cda5334..., userDataDir: /var/folders/1t/c55l8xzs6gq...}, cssSelectorsEnabled: true, databaseEnabled: false, goog:chromeOptions: {debuggerAddress: localhost:64631}, handlesAlerts: true, hasTouchScreen: false, javascriptEnabled: true, locationContextEnabled: true, mobileEmulationEnabled: false, nativeEvents: true, networkConnectionEnabled: false, pageLoadStrategy: normal, platform: MAC, platformName: MAC, rotatable: false, setWindowRect: true, takesHeapSnapshot: true, takesScreenshot: true, unexpectedAlertBehaviour: , unhandledPromptBehavior: , version: 75.0.3770.90, webStorageEnabled: true}
Session ID: 33721d1235da4f540e2e7e6e752d6f85)
	at com.kms.katalon.core.keyword.internal.KeywordMain.stepFailed(KeywordMain.groovy:36)
	at com.kms.katalon.core.webui.keyword.internal.WebUIKeywordMain.stepFailed(WebUIKeywordMain.groovy:65)
	at com.kms.katalon.core.webui.keyword.internal.WebUIKeywordMain.runKeyword(WebUIKeywordMain.groovy:27)
	at com.kms.katalon.core.webui.keyword.builtin.ClickKeyword.click(ClickKeyword.groovy:86)
	at com.kms.katalon.core.webui.keyword.builtin.ClickKeyword.execute(ClickKeyword.groovy:67)
	at com.kms.katalon.core.keyword.internal.KeywordExecutor.executeKeywordForPlatform(KeywordExecutor.groovy:53)
	at com.kms.katalon.core.webui.keyword.WebUiBuiltInKeywords.click(WebUiBuiltInKeywords.groovy:616)
	at com.kms.katalon.core.webui.keyword.WebUiBuiltInKeywords$click$2.call(Unknown Source)
	at Social media icons.run(Social media icons:45)
	at com.kms.katalon.core.main.ScriptEngine.run(ScriptEngine.java:194)
	at com.kms.katalon.core.main.ScriptEngine.runScriptAsRawText(ScriptEngine.java:119)
	at com.kms.katalon.core.main.TestCaseExecutor.runScript(TestCaseExecutor.java:328)
	at com.kms.katalon.core.main.TestCaseExecutor.doExecute(TestCaseExecutor.java:319)
	at com.kms.katalon.core.main.TestCaseExecutor.processExecutionPhase(TestCaseExecutor.java:298)
	at com.kms.katalon.core.main.TestCaseExecutor.accessMainPhase(TestCaseExecutor.java:290)
	at com.kms.katalon.core.main.TestCaseExecutor.execute(TestCaseExecutor.java:224)
	at com.kms.katalon.core.main.TestSuiteExecutor.accessTestCaseMainPhase(TestSuiteExecutor.java:129)
	at com.kms.katalon.core.main.TestSuiteExecutor.accessTestSuiteMainPhase(TestSuiteExecutor.java:112)
	at com.kms.katalon.core.main.TestSuiteExecutor.execute(TestSuiteExecutor.java:81)
	at com.kms.katalon.core.main.TestCaseMain.startTestSuite(TestCaseMain.java:149)
	at com.kms.katalon.core.main.TestCaseMain$startTestSuite$0.call(Unknown Source)
	at TempTestSuite1560465451242.run(TempTestSuite1560465451242.groovy:36)


2019-06-13 18:51:25 - [TEST_STEP][PASSED] - callTestCase(findTestCase("CALL - URL"), [:], STOP_ON_FAILURE): Call Test Case 'Test Cases/CALL - URL' successfully

2019-06-13 18:51:25 - [TEST_CASE][PASSED] - Test Cases/CALL - URL: Test Cases/CALL - URL

2019-06-13 18:51:25 - [TEST_STEP][PASSED] - openBrowser(""): Browser is opened with url: ''

2019-06-13 18:51:25 - [MESSAGE][WARNING] - A browser is already opened. Closing browser and opening a new one

2019-06-13 18:51:25 - [MESSAGE][INFO] - Starting 'Chrome' driver

2019-06-13 18:51:26 - [MESSAGE][PASSED] - Browser is opened with url: ''

2019-06-13 18:51:26 - [TEST_STEP][PASSED] - navigateToUrl("https://diff-apollo.myshopify.com/?_ab=0&_fd=0&_sc=1&preview_theme_id=68602101860"): Navigate to 'https://diff-apollo.myshopify.com/?_ab=0&_fd=0&_sc=1&preview_theme_id=68602101860' successfully

2019-06-13 18:51:32 - [MESSAGE][PASSED] - Navigate to 'https://diff-apollo.myshopify.com/?_ab=0&_fd=0&_sc=1&preview_theme_id=68602101860' successfully

2019-06-13 18:51:32 - [TEST_STEP][PASSED] - executeJavaScript("var previewBar = document.getElementById("preview-bar-iframe"); previewBar.style.display = "none";", []): Execute JavaScript 'var previewBar = document.getElementById("preview-bar-iframe"); previewBar.style.display = "none";' successfully

2019-06-13 18:51:32 - [MESSAGE][PASSED] - Execute JavaScript 'var previewBar = document.getElementById("preview-bar-iframe"); previewBar.style.display = "none";' successfully

2019-06-13 18:51:32 - [MESSAGE][PASSED] - Call Test Case 'Test Cases/CALL - URL' successfully

2019-06-13 18:51:32 - [TEST_STEP][PASSED] - delay(2): Delayed 2 second(s)

2019-06-13 18:51:34 - [MESSAGE][PASSED] - Delayed 2 second(s)

2019-06-13 18:51:34 - [TEST_STEP][PASSED] - click(findTestObject("APOLLO- Desktop/Burger Menu/Burgermenu")): Object: 'Object Repository/APOLLO- Desktop/Burger Menu/Burgermenu' is clicked on

2019-06-13 18:51:34 - [MESSAGE][PASSED] - Object: 'Object Repository/APOLLO- Desktop/Burger Menu/Burgermenu' is clicked on

2019-06-13 18:51:34 - [TEST_STEP][PASSED] - delay(2): Delayed 2 second(s)

2019-06-13 18:51:36 - [MESSAGE][PASSED] - Delayed 2 second(s)

2019-06-13 18:51:36 - [TEST_STEP][PASSED] - click(findTestObject("APOLLO- Desktop/Burger Menu/Mens chevron")): Object: 'Object Repository/APOLLO- Desktop/Burger Menu/Mens chevron' is clicked on

2019-06-13 18:51:36 - [MESSAGE][PASSED] - Object: 'Object Repository/APOLLO- Desktop/Burger Menu/Mens chevron' is clicked on

2019-06-13 18:51:36 - [TEST_STEP][PASSED] - delay(2): Delayed 2 second(s)

2019-06-13 18:51:38 - [MESSAGE][PASSED] - Delayed 2 second(s)

2019-06-13 18:51:38 - [TEST_STEP][PASSED] - click(findTestObject("APOLLO- Desktop/Burger Menu/Mens - Top Chevron")): Object: 'Object Repository/APOLLO- Desktop/Burger Menu/Mens - Top Chevron' is clicked on

2019-06-13 18:51:38 - [MESSAGE][PASSED] - Object: 'Object Repository/APOLLO- Desktop/Burger Menu/Mens - Top Chevron' is clicked on

2019-06-13 18:51:38 - [TEST_STEP][PASSED] - delay(2): Delayed 2 second(s)

2019-06-13 18:51:40 - [MESSAGE][PASSED] - Delayed 2 second(s)

2019-06-13 18:51:40 - [TEST_STEP][PASSED] - click(findTestObject("APOLLO- Desktop/Burger Menu/Shirts link")): Object: 'Object Repository/APOLLO- Desktop/Burger Menu/Shirts link' is clicked on

2019-06-13 18:51:43 - [MESSAGE][PASSED] - Object: 'Object Repository/APOLLO- Desktop/Burger Menu/Shirts link' is clicked on

2019-06-13 18:51:43 - [TEST_STEP][PASSED] - delay(2): Delayed 2 second(s)

2019-06-13 18:51:45 - [MESSAGE][PASSED] - Delayed 2 second(s)

2019-06-13 18:51:45 - [TEST_STEP][PASSED] - click(findTestObject("APOLLO- Desktop/Collection page/Blue shirt product")): Object: 'Object Repository/APOLLO- Desktop/Collection page/Blue shirt product' is clicked on

2019-06-13 18:51:49 - [MESSAGE][PASSED] - Object: 'Object Repository/APOLLO- Desktop/Collection page/Blue shirt product' is clicked on

2019-06-13 18:51:49 - [TEST_STEP][PASSED] - delay(2): Delayed 2 second(s)

2019-06-13 18:51:51 - [MESSAGE][PASSED] - Delayed 2 second(s)

2019-06-13 18:51:51 - [TEST_STEP][PASSED] - executeJavaScript("var previewBar = document.getElementById("preview-bar-iframe"); previewBar.style.display = "none";", []): Execute JavaScript 'var previewBar = document.getElementById("preview-bar-iframe"); previewBar.style.display = "none";' successfully

2019-06-13 18:51:51 - [MESSAGE][PASSED] - Execute JavaScript 'var previewBar = document.getElementById("preview-bar-iframe"); previewBar.style.display = "none";' successfully

2019-06-13 18:51:51 - [TEST_STEP][PASSED] - delay(2): Delayed 2 second(s)

2019-06-13 18:51:53 - [MESSAGE][PASSED] - Delayed 2 second(s)

2019-06-13 18:51:53 - [TEST_STEP][FAILED] - click(findTestObject("APOLLO- Desktop/Product page/facebook icon")): click(findTestObject("APOLLO- Desktop/Product page/facebook icon")) FAILED.
Reason:
com.kms.katalon.core.exception.StepFailedException: Unable to click on object 'Object Repository/APOLLO- Desktop/Product page/facebook icon' (Root cause: org.openqa.selenium.WebDriverException: unknown error: Element is not clickable at point (851, 660)
  (Session info: chrome=75.0.3770.90)
  (Driver info: chromedriver=2.43.600229 (3fae4d0cda5334b4f533bede5a4787f7b832d052),platform=Mac OS X 10.13.6 x86_64) (WARNING: The server did not provide any stacktrace information)
Command duration or timeout: 0 milliseconds
Build info: version: '3.7.1', revision: '8a0099a', time: '2017-11-06T21:07:36.161Z'
System info: host: 'sumans-MacBook-Pro.local', ip: 'fe80:0:0:0:145f:b2f6:5126:870a%en0', os.name: 'Mac OS X', os.arch: 'x86_64', os.version: '10.13.6', java.version: '1.8.0_181'
Driver info: com.kms.katalon.selenium.driver.CChromeDriver
Capabilities {acceptInsecureCerts: false, acceptSslCerts: false, applicationCacheEnabled: false, browserConnectionEnabled: false, browserName: chrome, chrome: {chromedriverVersion: 2.43.600229 (3fae4d0cda5334..., userDataDir: /var/folders/1t/c55l8xzs6gq...}, cssSelectorsEnabled: true, databaseEnabled: false, goog:chromeOptions: {debuggerAddress: localhost:64631}, handlesAlerts: true, hasTouchScreen: false, javascriptEnabled: true, locationContextEnabled: true, mobileEmulationEnabled: false, nativeEvents: true, networkConnectionEnabled: false, pageLoadStrategy: normal, platform: MAC, platformName: MAC, rotatable: false, setWindowRect: true, takesHeapSnapshot: true, takesScreenshot: true, unexpectedAlertBehaviour: , unhandledPromptBehavior: , version: 75.0.3770.90, webStorageEnabled: true}
Session ID: 33721d1235da4f540e2e7e6e752d6f85)
	at com.kms.katalon.core.keyword.internal.KeywordMain.stepFailed(KeywordMain.groovy:36)
	at com.kms.katalon.core.webui.keyword.internal.WebUIKeywordMain.stepFailed(WebUIKeywordMain.groovy:65)
	at com.kms.katalon.core.webui.keyword.internal.WebUIKeywordMain.runKeyword(WebUIKeywordMain.groovy:27)
	at com.kms.katalon.core.webui.keyword.builtin.ClickKeyword.click(ClickKeyword.groovy:86)
	at com.kms.katalon.core.webui.keyword.builtin.ClickKeyword.execute(ClickKeyword.groovy:67)
	at com.kms.katalon.core.keyword.internal.KeywordExecutor.executeKeywordForPlatform(KeywordExecutor.groovy:53)
	at com.kms.katalon.core.webui.keyword.WebUiBuiltInKeywords.click(WebUiBuiltInKeywords.groovy:616)
	at com.kms.katalon.core.webui.keyword.WebUiBuiltInKeywords$click$2.call(Unknown Source)
	at Social media icons.run(Social media icons:45)
	at com.kms.katalon.core.main.ScriptEngine.run(ScriptEngine.java:194)
	at com.kms.katalon.core.main.ScriptEngine.runScriptAsRawText(ScriptEngine.java:119)
	at com.kms.katalon.core.main.TestCaseExecutor.runScript(TestCaseExecutor.java:328)
	at com.kms.katalon.core.main.TestCaseExecutor.doExecute(TestCaseExecutor.java:319)
	at com.kms.katalon.core.main.TestCaseExecutor.processExecutionPhase(TestCaseExecutor.java:298)
	at com.kms.katalon.core.main.TestCaseExecutor.accessMainPhase(TestCaseExecutor.java:290)
	at com.kms.katalon.core.main.TestCaseExecutor.execute(TestCaseExecutor.java:224)
	at com.kms.katalon.core.main.TestSuiteExecutor.accessTestCaseMainPhase(TestSuiteExecutor.java:129)
	at com.kms.katalon.core.main.TestSuiteExecutor.accessTestSuiteMainPhase(TestSuiteExecutor.java:112)
	at com.kms.katalon.core.main.TestSuiteExecutor.execute(TestSuiteExecutor.java:81)
	at com.kms.katalon.core.main.TestCaseMain.startTestSuite(TestCaseMain.java:149)
	at com.kms.katalon.core.main.TestCaseMain$startTestSuite$0.call(Unknown Source)
	at TempTestSuite1560465451242.run(TempTestSuite1560465451242.groovy:36)


2019-06-13 18:52:19 - [MESSAGE][FAILED] - Unable to click on object 'Object Repository/APOLLO- Desktop/Product page/facebook icon' (Root cause: org.openqa.selenium.WebDriverException: unknown error: Element is not clickable at point (851, 660)
  (Session info: chrome=75.0.3770.90)
  (Driver info: chromedriver=2.43.600229 (3fae4d0cda5334b4f533bede5a4787f7b832d052),platform=Mac OS X 10.13.6 x86_64) (WARNING: The server did not provide any stacktrace information)
Command duration or timeout: 0 milliseconds
Build info: version: '3.7.1', revision: '8a0099a', time: '2017-11-06T21:07:36.161Z'
System info: host: 'sumans-MacBook-Pro.local', ip: 'fe80:0:0:0:145f:b2f6:5126:870a%en0', os.name: 'Mac OS X', os.arch: 'x86_64', os.version: '10.13.6', java.version: '1.8.0_181'
Driver info: com.kms.katalon.selenium.driver.CChromeDriver
Capabilities {acceptInsecureCerts: false, acceptSslCerts: false, applicationCacheEnabled: false, browserConnectionEnabled: false, browserName: chrome, chrome: {chromedriverVersion: 2.43.600229 (3fae4d0cda5334..., userDataDir: /var/folders/1t/c55l8xzs6gq...}, cssSelectorsEnabled: true, databaseEnabled: false, goog:chromeOptions: {debuggerAddress: localhost:64631}, handlesAlerts: true, hasTouchScreen: false, javascriptEnabled: true, locationContextEnabled: true, mobileEmulationEnabled: false, nativeEvents: true, networkConnectionEnabled: false, pageLoadStrategy: normal, platform: MAC, platformName: MAC, rotatable: false, setWindowRect: true, takesHeapSnapshot: true, takesScreenshot: true, unexpectedAlertBehaviour: , unhandledPromptBehavior: , version: 75.0.3770.90, webStorageEnabled: true}
Session ID: 33721d1235da4f540e2e7e6e752d6f85)
[[ATTACHMENT|/Users/sumankompelly/Katalon Studio/APOLLO/Reports/Trial/20190613_183731/1560466338640.png]]

2019-06-13 18:52:19 - [MESSAGE][FAILED] - click(findTestObject("APOLLO- Desktop/Product page/facebook icon")) FAILED.
Reason:
com.kms.katalon.core.exception.StepFailedException: Unable to click on object 'Object Repository/APOLLO- Desktop/Product page/facebook icon' (Root cause: org.openqa.selenium.WebDriverException: unknown error: Element is not clickable at point (851, 660)
  (Session info: chrome=75.0.3770.90)
  (Driver info: chromedriver=2.43.600229 (3fae4d0cda5334b4f533bede5a4787f7b832d052),platform=Mac OS X 10.13.6 x86_64) (WARNING: The server did not provide any stacktrace information)
Command duration or timeout: 0 milliseconds
Build info: version: '3.7.1', revision: '8a0099a', time: '2017-11-06T21:07:36.161Z'
System info: host: 'sumans-MacBook-Pro.local', ip: 'fe80:0:0:0:145f:b2f6:5126:870a%en0', os.name: 'Mac OS X', os.arch: 'x86_64', os.version: '10.13.6', java.version: '1.8.0_181'
Driver info: com.kms.katalon.selenium.driver.CChromeDriver
Capabilities {acceptInsecureCerts: false, acceptSslCerts: false, applicationCacheEnabled: false, browserConnectionEnabled: false, browserName: chrome, chrome: {chromedriverVersion: 2.43.600229 (3fae4d0cda5334..., userDataDir: /var/folders/1t/c55l8xzs6gq...}, cssSelectorsEnabled: true, databaseEnabled: false, goog:chromeOptions: {debuggerAddress: localhost:64631}, handlesAlerts: true, hasTouchScreen: false, javascriptEnabled: true, locationContextEnabled: true, mobileEmulationEnabled: false, nativeEvents: true, networkConnectionEnabled: false, pageLoadStrategy: normal, platform: MAC, platformName: MAC, rotatable: false, setWindowRect: true, takesHeapSnapshot: true, takesScreenshot: true, unexpectedAlertBehaviour: , unhandledPromptBehavior: , version: 75.0.3770.90, webStorageEnabled: true}
Session ID: 33721d1235da4f540e2e7e6e752d6f85)
	at com.kms.katalon.core.keyword.internal.KeywordMain.stepFailed(KeywordMain.groovy:36)
	at com.kms.katalon.core.webui.keyword.internal.WebUIKeywordMain.stepFailed(WebUIKeywordMain.groovy:65)
	at com.kms.katalon.core.webui.keyword.internal.WebUIKeywordMain.runKeyword(WebUIKeywordMain.groovy:27)
	at com.kms.katalon.core.webui.keyword.builtin.ClickKeyword.click(ClickKeyword.groovy:86)
	at com.kms.katalon.core.webui.keyword.builtin.ClickKeyword.execute(ClickKeyword.groovy:67)
	at com.kms.katalon.core.keyword.internal.KeywordExecutor.executeKeywordForPlatform(KeywordExecutor.groovy:53)
	at com.kms.katalon.core.webui.keyword.WebUiBuiltInKeywords.click(WebUiBuiltInKeywords.groovy:616)
	at com.kms.katalon.core.webui.keyword.WebUiBuiltInKeywords$click$2.call(Unknown Source)
	at Social media icons.run(Social media icons:45)
	at com.kms.katalon.core.main.ScriptEngine.run(ScriptEngine.java:194)
	at com.kms.katalon.core.main.ScriptEngine.runScriptAsRawText(ScriptEngine.java:119)
	at com.kms.katalon.core.main.TestCaseExecutor.runScript(TestCaseExecutor.java:328)
	at com.kms.katalon.core.main.TestCaseExecutor.doExecute(TestCaseExecutor.java:319)
	at com.kms.katalon.core.main.TestCaseExecutor.processExecutionPhase(TestCaseExecutor.java:298)
	at com.kms.katalon.core.main.TestCaseExecutor.accessMainPhase(TestCaseExecutor.java:290)
	at com.kms.katalon.core.main.TestCaseExecutor.execute(TestCaseExecutor.java:224)
	at com.kms.katalon.core.main.TestSuiteExecutor.accessTestCaseMainPhase(TestSuiteExecutor.java:129)
	at com.kms.katalon.core.main.TestSuiteExecutor.accessTestSuiteMainPhase(TestSuiteExecutor.java:112)
	at com.kms.katalon.core.main.TestSuiteExecutor.execute(TestSuiteExecutor.java:81)
	at com.kms.katalon.core.main.TestCaseMain.startTestSuite(TestCaseMain.java:149)
	at com.kms.katalon.core.main.TestCaseMain$startTestSuite$0.call(Unknown Source)
	at TempTestSuite1560465451242.run(TempTestSuite1560465451242.groovy:36)]]></system-out>
         <system-err><![CDATA[2019-06-13 18:51:25 - [TEST_CASE][FAILED] - Test Cases/PRODUCT PAGE/Social media icons: Test Cases/PRODUCT PAGE/Social media icons FAILED.
Reason:
com.kms.katalon.core.exception.StepFailedException: Unable to click on object 'Object Repository/APOLLO- Desktop/Product page/facebook icon' (Root cause: org.openqa.selenium.WebDriverException: unknown error: Element is not clickable at point (851, 660)
  (Session info: chrome=75.0.3770.90)
  (Driver info: chromedriver=2.43.600229 (3fae4d0cda5334b4f533bede5a4787f7b832d052),platform=Mac OS X 10.13.6 x86_64) (WARNING: The server did not provide any stacktrace information)
Command duration or timeout: 0 milliseconds
Build info: version: '3.7.1', revision: '8a0099a', time: '2017-11-06T21:07:36.161Z'
System info: host: 'sumans-MacBook-Pro.local', ip: 'fe80:0:0:0:145f:b2f6:5126:870a%en0', os.name: 'Mac OS X', os.arch: 'x86_64', os.version: '10.13.6', java.version: '1.8.0_181'
Driver info: com.kms.katalon.selenium.driver.CChromeDriver
Capabilities {acceptInsecureCerts: false, acceptSslCerts: false, applicationCacheEnabled: false, browserConnectionEnabled: false, browserName: chrome, chrome: {chromedriverVersion: 2.43.600229 (3fae4d0cda5334..., userDataDir: /var/folders/1t/c55l8xzs6gq...}, cssSelectorsEnabled: true, databaseEnabled: false, goog:chromeOptions: {debuggerAddress: localhost:64631}, handlesAlerts: true, hasTouchScreen: false, javascriptEnabled: true, locationContextEnabled: true, mobileEmulationEnabled: false, nativeEvents: true, networkConnectionEnabled: false, pageLoadStrategy: normal, platform: MAC, platformName: MAC, rotatable: false, setWindowRect: true, takesHeapSnapshot: true, takesScreenshot: true, unexpectedAlertBehaviour: , unhandledPromptBehavior: , version: 75.0.3770.90, webStorageEnabled: true}
Session ID: 33721d1235da4f540e2e7e6e752d6f85)
	at com.kms.katalon.core.keyword.internal.KeywordMain.stepFailed(KeywordMain.groovy:36)
	at com.kms.katalon.core.webui.keyword.internal.WebUIKeywordMain.stepFailed(WebUIKeywordMain.groovy:65)
	at com.kms.katalon.core.webui.keyword.internal.WebUIKeywordMain.runKeyword(WebUIKeywordMain.groovy:27)
	at com.kms.katalon.core.webui.keyword.builtin.ClickKeyword.click(ClickKeyword.groovy:86)
	at com.kms.katalon.core.webui.keyword.builtin.ClickKeyword.execute(ClickKeyword.groovy:67)
	at com.kms.katalon.core.keyword.internal.KeywordExecutor.executeKeywordForPlatform(KeywordExecutor.groovy:53)
	at com.kms.katalon.core.webui.keyword.WebUiBuiltInKeywords.click(WebUiBuiltInKeywords.groovy:616)
	at com.kms.katalon.core.webui.keyword.WebUiBuiltInKeywords$click$2.call(Unknown Source)
	at Social media icons.run(Social media icons:45)
	at com.kms.katalon.core.main.ScriptEngine.run(ScriptEngine.java:194)
	at com.kms.katalon.core.main.ScriptEngine.runScriptAsRawText(ScriptEngine.java:119)
	at com.kms.katalon.core.main.TestCaseExecutor.runScript(TestCaseExecutor.java:328)
	at com.kms.katalon.core.main.TestCaseExecutor.doExecute(TestCaseExecutor.java:319)
	at com.kms.katalon.core.main.TestCaseExecutor.processExecutionPhase(TestCaseExecutor.java:298)
	at com.kms.katalon.core.main.TestCaseExecutor.accessMainPhase(TestCaseExecutor.java:290)
	at com.kms.katalon.core.main.TestCaseExecutor.execute(TestCaseExecutor.java:224)
	at com.kms.katalon.core.main.TestSuiteExecutor.accessTestCaseMainPhase(TestSuiteExecutor.java:129)
	at com.kms.katalon.core.main.TestSuiteExecutor.accessTestSuiteMainPhase(TestSuiteExecutor.java:112)
	at com.kms.katalon.core.main.TestSuiteExecutor.execute(TestSuiteExecutor.java:81)
	at com.kms.katalon.core.main.TestCaseMain.startTestSuite(TestCaseMain.java:149)
	at com.kms.katalon.core.main.TestCaseMain$startTestSuite$0.call(Unknown Source)
	at TempTestSuite1560465451242.run(TempTestSuite1560465451242.groovy:36)]]></system-err>
      </testcase>
      <testcase name="Test Cases/PRODUCT PAGE/More payment link and buy with google pay" classname="Test Cases/PRODUCT PAGE/More payment link and buy with google pay" status="PASSED">
         <system-out><![CDATA[2019-06-13 18:52:19 - [TEST_CASE][PASSED] - Test Cases/PRODUCT PAGE/More payment link and buy with google pay: Test Cases/PRODUCT PAGE/More payment link and buy with google pay

2019-06-13 18:52:19 - [TEST_STEP][PASSED] - callTestCase(findTestCase("CALL - URL"), [:], STOP_ON_FAILURE): Call Test Case 'Test Cases/CALL - URL' successfully

2019-06-13 18:52:19 - [TEST_CASE][PASSED] - Test Cases/CALL - URL: Test Cases/CALL - URL

2019-06-13 18:52:19 - [TEST_STEP][PASSED] - openBrowser(""): Browser is opened with url: ''

2019-06-13 18:52:19 - [MESSAGE][WARNING] - A browser is already opened. Closing browser and opening a new one

2019-06-13 18:52:19 - [MESSAGE][INFO] - Starting 'Chrome' driver

2019-06-13 18:52:20 - [MESSAGE][PASSED] - Browser is opened with url: ''

2019-06-13 18:52:20 - [TEST_STEP][PASSED] - navigateToUrl("https://diff-apollo.myshopify.com/?_ab=0&_fd=0&_sc=1&preview_theme_id=68602101860"): Navigate to 'https://diff-apollo.myshopify.com/?_ab=0&_fd=0&_sc=1&preview_theme_id=68602101860' successfully

2019-06-13 18:52:24 - [MESSAGE][PASSED] - Navigate to 'https://diff-apollo.myshopify.com/?_ab=0&_fd=0&_sc=1&preview_theme_id=68602101860' successfully

2019-06-13 18:52:24 - [TEST_STEP][PASSED] - executeJavaScript("var previewBar = document.getElementById("preview-bar-iframe"); previewBar.style.display = "none";", []): Execute JavaScript 'var previewBar = document.getElementById("preview-bar-iframe"); previewBar.style.display = "none";' successfully

2019-06-13 18:52:24 - [MESSAGE][PASSED] - Execute JavaScript 'var previewBar = document.getElementById("preview-bar-iframe"); previewBar.style.display = "none";' successfully

2019-06-13 18:52:24 - [MESSAGE][PASSED] - Call Test Case 'Test Cases/CALL - URL' successfully

2019-06-13 18:52:24 - [TEST_STEP][PASSED] - delay(2): Delayed 2 second(s)

2019-06-13 18:52:26 - [MESSAGE][PASSED] - Delayed 2 second(s)

2019-06-13 18:52:26 - [TEST_STEP][PASSED] - click(findTestObject("APOLLO- Desktop/Burger Menu/Burgermenu")): Object: 'Object Repository/APOLLO- Desktop/Burger Menu/Burgermenu' is clicked on

2019-06-13 18:52:26 - [MESSAGE][PASSED] - Object: 'Object Repository/APOLLO- Desktop/Burger Menu/Burgermenu' is clicked on

2019-06-13 18:52:26 - [TEST_STEP][PASSED] - delay(2): Delayed 2 second(s)

2019-06-13 18:52:28 - [MESSAGE][PASSED] - Delayed 2 second(s)

2019-06-13 18:52:28 - [TEST_STEP][PASSED] - click(findTestObject("APOLLO- Desktop/Burger Menu/Mens chevron")): Object: 'Object Repository/APOLLO- Desktop/Burger Menu/Mens chevron' is clicked on

2019-06-13 18:52:28 - [MESSAGE][PASSED] - Object: 'Object Repository/APOLLO- Desktop/Burger Menu/Mens chevron' is clicked on

2019-06-13 18:52:28 - [TEST_STEP][PASSED] - delay(2): Delayed 2 second(s)

2019-06-13 18:52:30 - [MESSAGE][PASSED] - Delayed 2 second(s)

2019-06-13 18:52:30 - [TEST_STEP][PASSED] - click(findTestObject("APOLLO- Desktop/Burger Menu/Mens - Top Chevron")): Object: 'Object Repository/APOLLO- Desktop/Burger Menu/Mens - Top Chevron' is clicked on

2019-06-13 18:52:30 - [MESSAGE][PASSED] - Object: 'Object Repository/APOLLO- Desktop/Burger Menu/Mens - Top Chevron' is clicked on

2019-06-13 18:52:30 - [TEST_STEP][PASSED] - delay(2): Delayed 2 second(s)

2019-06-13 18:52:32 - [MESSAGE][PASSED] - Delayed 2 second(s)

2019-06-13 18:52:32 - [TEST_STEP][PASSED] - click(findTestObject("APOLLO- Desktop/Burger Menu/Shirts link")): Object: 'Object Repository/APOLLO- Desktop/Burger Menu/Shirts link' is clicked on

2019-06-13 18:52:35 - [MESSAGE][PASSED] - Object: 'Object Repository/APOLLO- Desktop/Burger Menu/Shirts link' is clicked on

2019-06-13 18:52:35 - [TEST_STEP][PASSED] - delay(2): Delayed 2 second(s)

2019-06-13 18:52:37 - [MESSAGE][PASSED] - Delayed 2 second(s)

2019-06-13 18:52:37 - [TEST_STEP][PASSED] - click(findTestObject("APOLLO- Desktop/Collection page/Blue shirt product")): Object: 'Object Repository/APOLLO- Desktop/Collection page/Blue shirt product' is clicked on

2019-06-13 18:52:39 - [MESSAGE][PASSED] - Object: 'Object Repository/APOLLO- Desktop/Collection page/Blue shirt product' is clicked on

2019-06-13 18:52:39 - [TEST_STEP][PASSED] - delay(2): Delayed 2 second(s)

2019-06-13 18:52:41 - [MESSAGE][PASSED] - Delayed 2 second(s)

2019-06-13 18:52:41 - [TEST_STEP][PASSED] - executeJavaScript("var previewBar = document.getElementById("preview-bar-iframe"); previewBar.style.display = "none";", []): Execute JavaScript 'var previewBar = document.getElementById("preview-bar-iframe"); previewBar.style.display = "none";' successfully

2019-06-13 18:52:41 - [MESSAGE][PASSED] - Execute JavaScript 'var previewBar = document.getElementById("preview-bar-iframe"); previewBar.style.display = "none";' successfully

2019-06-13 18:52:41 - [TEST_STEP][PASSED] - delay(2): Delayed 2 second(s)

2019-06-13 18:52:43 - [MESSAGE][PASSED] - Delayed 2 second(s)

2019-06-13 18:52:43 - [TEST_STEP][PASSED] - click(findTestObject("APOLLO- Desktop/Product page/More payment options")): Object: 'Object Repository/APOLLO- Desktop/Product page/More payment options' is clicked on

2019-06-13 18:52:43 - [MESSAGE][PASSED] - Object: 'Object Repository/APOLLO- Desktop/Product page/More payment options' is clicked on

2019-06-13 18:52:43 - [TEST_STEP][PASSED] - delay(2): Delayed 2 second(s)

2019-06-13 18:52:45 - [MESSAGE][PASSED] - Delayed 2 second(s)

2019-06-13 18:52:45 - [TEST_STEP][PASSED] - click(findTestObject("APOLLO- Desktop/Product page/Checkout- more payment")): Object: 'Object Repository/APOLLO- Desktop/Product page/Checkout- more payment' is clicked on

2019-06-13 18:52:48 - [MESSAGE][PASSED] - Object: 'Object Repository/APOLLO- Desktop/Product page/Checkout- more payment' is clicked on

2019-06-13 18:52:48 - [TEST_STEP][PASSED] - delay(2): Delayed 2 second(s)

2019-06-13 18:52:50 - [MESSAGE][PASSED] - Delayed 2 second(s)

2019-06-13 18:52:50 - [TEST_STEP][PASSED] - callTestCase(findTestCase("CALL- CUSTOMER INFO PAGE"), [:], STOP_ON_FAILURE): Call Test Case 'Test Cases/CALL- CUSTOMER INFO PAGE' successfully

2019-06-13 18:52:50 - [TEST_CASE][PASSED] - Test Cases/CALL- CUSTOMER INFO PAGE: Test Cases/CALL- CUSTOMER INFO PAGE

2019-06-13 18:52:50 - [TEST_STEP][PASSED] - delay(2): Delayed 2 second(s)

2019-06-13 18:52:52 - [MESSAGE][PASSED] - Delayed 2 second(s)

2019-06-13 18:52:52 - [TEST_STEP][PASSED] - executeJavaScript("var previewBar = document.getElementById("preview-bar-iframe"); previewBar.style.display = "none";", []): Execute JavaScript 'var previewBar = document.getElementById("preview-bar-iframe"); previewBar.style.display = "none";' successfully

2019-06-13 18:52:52 - [MESSAGE][PASSED] - Execute JavaScript 'var previewBar = document.getElementById("preview-bar-iframe"); previewBar.style.display = "none";' successfully

2019-06-13 18:52:52 - [TEST_STEP][PASSED] - setText(findTestObject("APOLLO- Desktop/Customer Information page/Email"), "suman@gmail.com"): Text 'suman@gmail.com' is set on object 'Object Repository/APOLLO- Desktop/Customer Information page/Email'

2019-06-13 18:52:52 - [MESSAGE][PASSED] - Text 'suman@gmail.com' is set on object 'Object Repository/APOLLO- Desktop/Customer Information page/Email'

2019-06-13 18:52:52 - [TEST_STEP][PASSED] - delay(2): Delayed 2 second(s)

2019-06-13 18:52:54 - [MESSAGE][PASSED] - Delayed 2 second(s)

2019-06-13 18:52:54 - [TEST_STEP][PASSED] - setText(findTestObject("APOLLO- Desktop/Customer Information page/First name"), "suman"): Text 'suman' is set on object 'Object Repository/APOLLO- Desktop/Customer Information page/First name'

2019-06-13 18:52:54 - [MESSAGE][PASSED] - Text 'suman' is set on object 'Object Repository/APOLLO- Desktop/Customer Information page/First name'

2019-06-13 18:52:54 - [TEST_STEP][PASSED] - delay(2): Delayed 2 second(s)

2019-06-13 18:52:56 - [MESSAGE][PASSED] - Delayed 2 second(s)

2019-06-13 18:52:56 - [TEST_STEP][PASSED] - setText(findTestObject("APOLLO- Desktop/Customer Information page/Last name"), "kompelly"): Text 'kompelly' is set on object 'Object Repository/APOLLO- Desktop/Customer Information page/Last name'

2019-06-13 18:52:57 - [MESSAGE][PASSED] - Text 'kompelly' is set on object 'Object Repository/APOLLO- Desktop/Customer Information page/Last name'

2019-06-13 18:52:57 - [TEST_STEP][PASSED] - delay(2): Delayed 2 second(s)

2019-06-13 18:52:59 - [MESSAGE][PASSED] - Delayed 2 second(s)

2019-06-13 18:52:59 - [TEST_STEP][PASSED] - setText(findTestObject("APOLLO- Desktop/Customer Information page/Address"), "1435 st alxendre"): Text '1435 st alxendre' is set on object 'Object Repository/APOLLO- Desktop/Customer Information page/Address'

2019-06-13 18:52:59 - [MESSAGE][PASSED] - Text '1435 st alxendre' is set on object 'Object Repository/APOLLO- Desktop/Customer Information page/Address'

2019-06-13 18:52:59 - [TEST_STEP][PASSED] - setText(findTestObject("APOLLO- Desktop/Customer Information page/Apartment"), "220"): Text '220' is set on object 'Object Repository/APOLLO- Desktop/Customer Information page/Apartment'

2019-06-13 18:52:59 - [MESSAGE][PASSED] - Text '220' is set on object 'Object Repository/APOLLO- Desktop/Customer Information page/Apartment'

2019-06-13 18:52:59 - [TEST_STEP][PASSED] - setText(findTestObject("APOLLO- Desktop/Customer Information page/City"), "montreal"): Text 'montreal' is set on object 'Object Repository/APOLLO- Desktop/Customer Information page/City'

2019-06-13 18:52:59 - [MESSAGE][PASSED] - Text 'montreal' is set on object 'Object Repository/APOLLO- Desktop/Customer Information page/City'

2019-06-13 18:52:59 - [TEST_STEP][PASSED] - selectOptionByValue(findTestObject("APOLLO- Desktop/Customer Information page/Country dropdown"), "United States", true): All options with value 'United States' are selected in object 'Object Repository/APOLLO- Desktop/Customer Information page/Country dropdown'  using regular expression

2019-06-13 18:53:02 - [MESSAGE][PASSED] - All options with value 'United States' are selected in object 'Object Repository/APOLLO- Desktop/Customer Information page/Country dropdown'  using regular expression

2019-06-13 18:53:02 - [TEST_STEP][PASSED] - selectOptionByValue(findTestObject("APOLLO- Desktop/Customer Information page/states dropdown"), "NJ", true): All options with value 'NJ' are selected in object 'Object Repository/APOLLO- Desktop/Customer Information page/states dropdown'  using regular expression

2019-06-13 18:53:03 - [MESSAGE][PASSED] - All options with value 'NJ' are selected in object 'Object Repository/APOLLO- Desktop/Customer Information page/states dropdown'  using regular expression

2019-06-13 18:53:03 - [TEST_STEP][PASSED] - setText(findTestObject("APOLLO- Desktop/Customer Information page/ZIP code"), "07057"): Text '07057' is set on object 'Object Repository/APOLLO- Desktop/Customer Information page/ZIP code'

2019-06-13 18:53:03 - [MESSAGE][PASSED] - Text '07057' is set on object 'Object Repository/APOLLO- Desktop/Customer Information page/ZIP code'

2019-06-13 18:53:03 - [MESSAGE][PASSED] - Call Test Case 'Test Cases/CALL- CUSTOMER INFO PAGE' successfully

2019-06-13 18:53:03 - [TEST_STEP][PASSED] - delay(2): Delayed 2 second(s)

2019-06-13 18:53:05 - [MESSAGE][PASSED] - Delayed 2 second(s)

2019-06-13 18:53:05 - [TEST_STEP][PASSED] - callTestCase(findTestCase("CALL - SHIPPING TO PAYMENT"), [:], STOP_ON_FAILURE): Call Test Case 'Test Cases/CALL - SHIPPING TO PAYMENT' successfully

2019-06-13 18:53:05 - [TEST_CASE][PASSED] - Test Cases/CALL - SHIPPING TO PAYMENT: Test Cases/CALL - SHIPPING TO PAYMENT

2019-06-13 18:53:05 - [TEST_STEP][PASSED] - click(findTestObject("APOLLO- Desktop/Customer Information page/Continue to shipping")): Object: 'Object Repository/APOLLO- Desktop/Customer Information page/Continue to shipping' is clicked on

2019-06-13 18:53:07 - [MESSAGE][PASSED] - Object: 'Object Repository/APOLLO- Desktop/Customer Information page/Continue to shipping' is clicked on

2019-06-13 18:53:07 - [TEST_STEP][PASSED] - executeJavaScript("var previewBar = document.getElementById("preview-bar-iframe"); previewBar.style.display = "none";", []): Execute JavaScript 'var previewBar = document.getElementById("preview-bar-iframe"); previewBar.style.display = "none";' successfully

2019-06-13 18:53:07 - [MESSAGE][PASSED] - Execute JavaScript 'var previewBar = document.getElementById("preview-bar-iframe"); previewBar.style.display = "none";' successfully

2019-06-13 18:53:07 - [TEST_STEP][PASSED] - click(findTestObject("APOLLO- Desktop/Shipping page/Radio button check")): Object: 'Object Repository/APOLLO- Desktop/Shipping page/Radio button check' is clicked on

2019-06-13 18:53:08 - [MESSAGE][PASSED] - Object: 'Object Repository/APOLLO- Desktop/Shipping page/Radio button check' is clicked on

2019-06-13 18:53:08 - [TEST_STEP][PASSED] - executeJavaScript("var previewBar = document.getElementById("preview-bar-iframe"); previewBar.style.display = "none";", []): Execute JavaScript 'var previewBar = document.getElementById("preview-bar-iframe"); previewBar.style.display = "none";' successfully

2019-06-13 18:53:08 - [MESSAGE][PASSED] - Execute JavaScript 'var previewBar = document.getElementById("preview-bar-iframe"); previewBar.style.display = "none";' successfully

2019-06-13 18:53:08 - [TEST_STEP][PASSED] - click(findTestObject("APOLLO- Desktop/Shipping page/Continue to payment")): Object: 'Object Repository/APOLLO- Desktop/Shipping page/Continue to payment' is clicked on

2019-06-13 18:53:10 - [MESSAGE][PASSED] - Object: 'Object Repository/APOLLO- Desktop/Shipping page/Continue to payment' is clicked on

2019-06-13 18:53:10 - [TEST_STEP][PASSED] - executeJavaScript("var previewBar = document.getElementById("preview-bar-iframe"); previewBar.style.display = "none";", []): Execute JavaScript 'var previewBar = document.getElementById("preview-bar-iframe"); previewBar.style.display = "none";' successfully

2019-06-13 18:53:10 - [MESSAGE][PASSED] - Execute JavaScript 'var previewBar = document.getElementById("preview-bar-iframe"); previewBar.style.display = "none";' successfully

2019-06-13 18:53:10 - [TEST_STEP][PASSED] - click(findTestObject("APOLLO- Desktop/payment page/Payment section")): Object: 'Object Repository/APOLLO- Desktop/payment page/Payment section' is clicked on

2019-06-13 18:53:10 - [MESSAGE][PASSED] - Object: 'Object Repository/APOLLO- Desktop/payment page/Payment section' is clicked on

2019-06-13 18:53:10 - [MESSAGE][PASSED] - Call Test Case 'Test Cases/CALL - SHIPPING TO PAYMENT' successfully

2019-06-13 18:53:10 - [TEST_STEP][PASSED] - delay(2): Delayed 2 second(s)

2019-06-13 18:53:12 - [MESSAGE][PASSED] - Delayed 2 second(s)

2019-06-13 18:53:12 - [TEST_STEP][PASSED] - navigateToUrl("https://diff-apollo.myshopify.com/collections/mens-shirts/products/striped-t-shirt?variant=20036806639716"): Navigate to 'https://diff-apollo.myshopify.com/collections/mens-shirts/products/striped-t-shirt?variant=20036806639716' successfully

2019-06-13 18:53:15 - [MESSAGE][PASSED] - Navigate to 'https://diff-apollo.myshopify.com/collections/mens-shirts/products/striped-t-shirt?variant=20036806639716' successfully

2019-06-13 18:53:15 - [TEST_STEP][PASSED] - delay(2): Delayed 2 second(s)

2019-06-13 18:53:17 - [MESSAGE][PASSED] - Delayed 2 second(s)

2019-06-13 18:53:17 - [TEST_STEP][PASSED] - click(findTestObject("APOLLO- Desktop/Product page/Buy with google pay")): Object: 'Object Repository/APOLLO- Desktop/Product page/Buy with google pay' is clicked on

2019-06-13 18:53:17 - [MESSAGE][PASSED] - Object: 'Object Repository/APOLLO- Desktop/Product page/Buy with google pay' is clicked on

2019-06-13 18:53:17 - [TEST_STEP][PASSED] - delay(2): Delayed 2 second(s)

2019-06-13 18:53:19 - [MESSAGE][PASSED] - Delayed 2 second(s)]]></system-out>
         <system-err><![CDATA[]]></system-err>
      </testcase>
      <testcase name="Test Cases/PRODUCT PAGE/Product chevron dropdowns" classname="Test Cases/PRODUCT PAGE/Product chevron dropdowns" status="FAILED">
         <failure type="FAILED" message="Test Cases/PRODUCT PAGE/Product chevron dropdowns FAILED.
Reason:
com.kms.katalon.core.exception.StepFailedException: Unable to set text '`suman@gmail.com' of object 'Object Repository/APOLLO- Desktop/Product page/input_Email_reviewemail' (Root cause: com.kms.katalon.core.webui.exception.WebElementNotFoundException: Web element with id: 'Object Repository/APOLLO- Desktop/Product page/input_Email_reviewemail' located by 'By.cssSelector: //*[@id=&quot;review_email_2217159164004&quot;]' not found)
	at com.kms.katalon.core.keyword.internal.KeywordMain.stepFailed(KeywordMain.groovy:32)
	at com.kms.katalon.core.webui.keyword.internal.WebUIKeywordMain.stepFailed(WebUIKeywordMain.groovy:65)
	at com.kms.katalon.core.webui.keyword.internal.WebUIKeywordMain.runKeyword(WebUIKeywordMain.groovy:27)
	at com.kms.katalon.core.webui.keyword.builtin.SetTextKeyword.setText(SetTextKeyword.groovy:65)
	at com.kms.katalon.core.webui.keyword.builtin.SetTextKeyword.execute(SetTextKeyword.groovy:37)
	at com.kms.katalon.core.keyword.internal.KeywordExecutor.executeKeywordForPlatform(KeywordExecutor.groovy:53)
	at com.kms.katalon.core.webui.keyword.WebUiBuiltInKeywords.setText(WebUiBuiltInKeywords.groovy:936)
	at com.kms.katalon.core.webui.keyword.WebUiBuiltInKeywords$setText$13.call(Unknown Source)
	at Product chevron dropdowns.run(Product chevron dropdowns:97)
	at com.kms.katalon.core.main.ScriptEngine.run(ScriptEngine.java:194)
	at com.kms.katalon.core.main.ScriptEngine.runScriptAsRawText(ScriptEngine.java:119)
	at com.kms.katalon.core.main.TestCaseExecutor.runScript(TestCaseExecutor.java:328)
	at com.kms.katalon.core.main.TestCaseExecutor.doExecute(TestCaseExecutor.java:319)
	at com.kms.katalon.core.main.TestCaseExecutor.processExecutionPhase(TestCaseExecutor.java:298)
	at com.kms.katalon.core.main.TestCaseExecutor.accessMainPhase(TestCaseExecutor.java:290)
	at com.kms.katalon.core.main.TestCaseExecutor.execute(TestCaseExecutor.java:224)
	at com.kms.katalon.core.main.TestSuiteExecutor.accessTestCaseMainPhase(TestSuiteExecutor.java:129)
	at com.kms.katalon.core.main.TestSuiteExecutor.accessTestSuiteMainPhase(TestSuiteExecutor.java:112)
	at com.kms.katalon.core.main.TestSuiteExecutor.execute(TestSuiteExecutor.java:81)
	at com.kms.katalon.core.main.TestCaseMain.startTestSuite(TestCaseMain.java:149)
	at com.kms.katalon.core.main.TestCaseMain$startTestSuite$0.call(Unknown Source)
	at TempTestSuite1560465451242.run(TempTestSuite1560465451242.groovy:36)
"/>
         <system-out><![CDATA[2019-06-13 18:53:20 - [TEST_CASE][FAILED] - Test Cases/PRODUCT PAGE/Product chevron dropdowns: Test Cases/PRODUCT PAGE/Product chevron dropdowns FAILED.
Reason:
com.kms.katalon.core.exception.StepFailedException: Unable to set text '`suman@gmail.com' of object 'Object Repository/APOLLO- Desktop/Product page/input_Email_reviewemail' (Root cause: com.kms.katalon.core.webui.exception.WebElementNotFoundException: Web element with id: 'Object Repository/APOLLO- Desktop/Product page/input_Email_reviewemail' located by 'By.cssSelector: //*[@id="review_email_2217159164004"]' not found)
	at com.kms.katalon.core.keyword.internal.KeywordMain.stepFailed(KeywordMain.groovy:32)
	at com.kms.katalon.core.webui.keyword.internal.WebUIKeywordMain.stepFailed(WebUIKeywordMain.groovy:65)
	at com.kms.katalon.core.webui.keyword.internal.WebUIKeywordMain.runKeyword(WebUIKeywordMain.groovy:27)
	at com.kms.katalon.core.webui.keyword.builtin.SetTextKeyword.setText(SetTextKeyword.groovy:65)
	at com.kms.katalon.core.webui.keyword.builtin.SetTextKeyword.execute(SetTextKeyword.groovy:37)
	at com.kms.katalon.core.keyword.internal.KeywordExecutor.executeKeywordForPlatform(KeywordExecutor.groovy:53)
	at com.kms.katalon.core.webui.keyword.WebUiBuiltInKeywords.setText(WebUiBuiltInKeywords.groovy:936)
	at com.kms.katalon.core.webui.keyword.WebUiBuiltInKeywords$setText$13.call(Unknown Source)
	at Product chevron dropdowns.run(Product chevron dropdowns:97)
	at com.kms.katalon.core.main.ScriptEngine.run(ScriptEngine.java:194)
	at com.kms.katalon.core.main.ScriptEngine.runScriptAsRawText(ScriptEngine.java:119)
	at com.kms.katalon.core.main.TestCaseExecutor.runScript(TestCaseExecutor.java:328)
	at com.kms.katalon.core.main.TestCaseExecutor.doExecute(TestCaseExecutor.java:319)
	at com.kms.katalon.core.main.TestCaseExecutor.processExecutionPhase(TestCaseExecutor.java:298)
	at com.kms.katalon.core.main.TestCaseExecutor.accessMainPhase(TestCaseExecutor.java:290)
	at com.kms.katalon.core.main.TestCaseExecutor.execute(TestCaseExecutor.java:224)
	at com.kms.katalon.core.main.TestSuiteExecutor.accessTestCaseMainPhase(TestSuiteExecutor.java:129)
	at com.kms.katalon.core.main.TestSuiteExecutor.accessTestSuiteMainPhase(TestSuiteExecutor.java:112)
	at com.kms.katalon.core.main.TestSuiteExecutor.execute(TestSuiteExecutor.java:81)
	at com.kms.katalon.core.main.TestCaseMain.startTestSuite(TestCaseMain.java:149)
	at com.kms.katalon.core.main.TestCaseMain$startTestSuite$0.call(Unknown Source)
	at TempTestSuite1560465451242.run(TempTestSuite1560465451242.groovy:36)


2019-06-13 18:53:20 - [TEST_STEP][PASSED] - callTestCase(findTestCase("CALL - URL"), [:], STOP_ON_FAILURE): Call Test Case 'Test Cases/CALL - URL' successfully

2019-06-13 18:53:20 - [TEST_CASE][PASSED] - Test Cases/CALL - URL: Test Cases/CALL - URL

2019-06-13 18:53:20 - [TEST_STEP][PASSED] - openBrowser(""): Browser is opened with url: ''

2019-06-13 18:53:20 - [MESSAGE][WARNING] - A browser is already opened. Closing browser and opening a new one

2019-06-13 18:53:20 - [MESSAGE][INFO] - Starting 'Chrome' driver

2019-06-13 18:53:21 - [MESSAGE][PASSED] - Browser is opened with url: ''

2019-06-13 18:53:21 - [TEST_STEP][PASSED] - navigateToUrl("https://diff-apollo.myshopify.com/?_ab=0&_fd=0&_sc=1&preview_theme_id=68602101860"): Navigate to 'https://diff-apollo.myshopify.com/?_ab=0&_fd=0&_sc=1&preview_theme_id=68602101860' successfully

2019-06-13 18:53:25 - [MESSAGE][PASSED] - Navigate to 'https://diff-apollo.myshopify.com/?_ab=0&_fd=0&_sc=1&preview_theme_id=68602101860' successfully

2019-06-13 18:53:25 - [TEST_STEP][PASSED] - executeJavaScript("var previewBar = document.getElementById("preview-bar-iframe"); previewBar.style.display = "none";", []): Execute JavaScript 'var previewBar = document.getElementById("preview-bar-iframe"); previewBar.style.display = "none";' successfully

2019-06-13 18:53:26 - [MESSAGE][PASSED] - Execute JavaScript 'var previewBar = document.getElementById("preview-bar-iframe"); previewBar.style.display = "none";' successfully

2019-06-13 18:53:26 - [MESSAGE][PASSED] - Call Test Case 'Test Cases/CALL - URL' successfully

2019-06-13 18:53:26 - [TEST_STEP][PASSED] - delay(2): Delayed 2 second(s)

2019-06-13 18:53:28 - [MESSAGE][PASSED] - Delayed 2 second(s)

2019-06-13 18:53:28 - [TEST_STEP][PASSED] - click(findTestObject("APOLLO- Desktop/Burger Menu/Burgermenu")): Object: 'Object Repository/APOLLO- Desktop/Burger Menu/Burgermenu' is clicked on

2019-06-13 18:53:28 - [MESSAGE][PASSED] - Object: 'Object Repository/APOLLO- Desktop/Burger Menu/Burgermenu' is clicked on

2019-06-13 18:53:28 - [TEST_STEP][PASSED] - delay(2): Delayed 2 second(s)

2019-06-13 18:53:30 - [MESSAGE][PASSED] - Delayed 2 second(s)

2019-06-13 18:53:30 - [TEST_STEP][PASSED] - click(findTestObject("APOLLO- Desktop/Burger Menu/Mens chevron")): Object: 'Object Repository/APOLLO- Desktop/Burger Menu/Mens chevron' is clicked on

2019-06-13 18:53:30 - [MESSAGE][PASSED] - Object: 'Object Repository/APOLLO- Desktop/Burger Menu/Mens chevron' is clicked on

2019-06-13 18:53:30 - [TEST_STEP][PASSED] - delay(2): Delayed 2 second(s)

2019-06-13 18:53:32 - [MESSAGE][PASSED] - Delayed 2 second(s)

2019-06-13 18:53:32 - [TEST_STEP][PASSED] - click(findTestObject("APOLLO- Desktop/Burger Menu/Mens - Top Chevron")): Object: 'Object Repository/APOLLO- Desktop/Burger Menu/Mens - Top Chevron' is clicked on

2019-06-13 18:53:32 - [MESSAGE][PASSED] - Object: 'Object Repository/APOLLO- Desktop/Burger Menu/Mens - Top Chevron' is clicked on

2019-06-13 18:53:32 - [TEST_STEP][PASSED] - delay(2): Delayed 2 second(s)

2019-06-13 18:53:34 - [MESSAGE][PASSED] - Delayed 2 second(s)

2019-06-13 18:53:34 - [TEST_STEP][PASSED] - click(findTestObject("APOLLO- Desktop/Burger Menu/Shirts link")): Object: 'Object Repository/APOLLO- Desktop/Burger Menu/Shirts link' is clicked on

2019-06-13 18:53:35 - [MESSAGE][PASSED] - Object: 'Object Repository/APOLLO- Desktop/Burger Menu/Shirts link' is clicked on

2019-06-13 18:53:35 - [TEST_STEP][PASSED] - delay(2): Delayed 2 second(s)

2019-06-13 18:53:37 - [MESSAGE][PASSED] - Delayed 2 second(s)

2019-06-13 18:53:37 - [TEST_STEP][PASSED] - click(findTestObject("APOLLO- Desktop/Collection page/Blue shirt product")): Object: 'Object Repository/APOLLO- Desktop/Collection page/Blue shirt product' is clicked on

2019-06-13 18:53:40 - [MESSAGE][PASSED] - Object: 'Object Repository/APOLLO- Desktop/Collection page/Blue shirt product' is clicked on

2019-06-13 18:53:40 - [TEST_STEP][PASSED] - delay(2): Delayed 2 second(s)

2019-06-13 18:53:42 - [MESSAGE][PASSED] - Delayed 2 second(s)

2019-06-13 18:53:42 - [TEST_STEP][PASSED] - executeJavaScript("var previewBar = document.getElementById("preview-bar-iframe"); previewBar.style.display = "none";", []): Execute JavaScript 'var previewBar = document.getElementById("preview-bar-iframe"); previewBar.style.display = "none";' successfully

2019-06-13 18:53:42 - [MESSAGE][PASSED] - Execute JavaScript 'var previewBar = document.getElementById("preview-bar-iframe"); previewBar.style.display = "none";' successfully

2019-06-13 18:53:42 - [TEST_STEP][PASSED] - delay(2): Delayed 2 second(s)

2019-06-13 18:53:44 - [MESSAGE][PASSED] - Delayed 2 second(s)

2019-06-13 18:53:44 - [TEST_STEP][PASSED] - click(findTestObject("APOLLO- Desktop/Product page/Details chevron open")): Object: 'Object Repository/APOLLO- Desktop/Product page/Details chevron open' is clicked on

2019-06-13 18:53:44 - [MESSAGE][PASSED] - Object: 'Object Repository/APOLLO- Desktop/Product page/Details chevron open' is clicked on

2019-06-13 18:53:44 - [TEST_STEP][PASSED] - delay(2): Delayed 2 second(s)

2019-06-13 18:53:46 - [MESSAGE][PASSED] - Delayed 2 second(s)

2019-06-13 18:53:46 - [TEST_STEP][PASSED] - click(findTestObject("APOLLO- Desktop/Product page/Details chevron close")): Object: 'Object Repository/APOLLO- Desktop/Product page/Details chevron close' is clicked on

2019-06-13 18:53:46 - [MESSAGE][PASSED] - Object: 'Object Repository/APOLLO- Desktop/Product page/Details chevron close' is clicked on

2019-06-13 18:53:46 - [TEST_STEP][PASSED] - delay(2): Delayed 2 second(s)

2019-06-13 18:53:48 - [MESSAGE][PASSED] - Delayed 2 second(s)

2019-06-13 18:53:48 - [TEST_STEP][PASSED] - click(findTestObject("APOLLO- Desktop/Product page/Type chevron open")): Object: 'Object Repository/APOLLO- Desktop/Product page/Type chevron open' is clicked on

2019-06-13 18:53:48 - [MESSAGE][PASSED] - Object: 'Object Repository/APOLLO- Desktop/Product page/Type chevron open' is clicked on

2019-06-13 18:53:48 - [TEST_STEP][PASSED] - delay(2): Delayed 2 second(s)

2019-06-13 18:53:50 - [MESSAGE][PASSED] - Delayed 2 second(s)

2019-06-13 18:53:50 - [TEST_STEP][PASSED] - click(findTestObject("APOLLO- Desktop/Product page/Type chevron close")): Object: 'Object Repository/APOLLO- Desktop/Product page/Type chevron close' is clicked on

2019-06-13 18:53:50 - [MESSAGE][PASSED] - Object: 'Object Repository/APOLLO- Desktop/Product page/Type chevron close' is clicked on

2019-06-13 18:53:50 - [TEST_STEP][PASSED] - delay(2): Delayed 2 second(s)

2019-06-13 18:53:52 - [MESSAGE][PASSED] - Delayed 2 second(s)

2019-06-13 18:53:52 - [TEST_STEP][PASSED] - click(findTestObject("APOLLO- Desktop/Product page/Brand chevron open")): Object: 'Object Repository/APOLLO- Desktop/Product page/Brand chevron open' is clicked on

2019-06-13 18:53:52 - [MESSAGE][PASSED] - Object: 'Object Repository/APOLLO- Desktop/Product page/Brand chevron open' is clicked on

2019-06-13 18:53:52 - [TEST_STEP][PASSED] - delay(2): Delayed 2 second(s)

2019-06-13 18:53:54 - [MESSAGE][PASSED] - Delayed 2 second(s)

2019-06-13 18:53:54 - [TEST_STEP][PASSED] - click(findTestObject("APOLLO- Desktop/Product page/Brand chevron close")): Object: 'Object Repository/APOLLO- Desktop/Product page/Brand chevron close' is clicked on

2019-06-13 18:53:54 - [MESSAGE][PASSED] - Object: 'Object Repository/APOLLO- Desktop/Product page/Brand chevron close' is clicked on

2019-06-13 18:53:54 - [TEST_STEP][PASSED] - delay(2): Delayed 2 second(s)

2019-06-13 18:53:56 - [MESSAGE][PASSED] - Delayed 2 second(s)

2019-06-13 18:53:56 - [TEST_STEP][PASSED] - click(findTestObject("APOLLO- Desktop/Product page/Shipping chevron open")): Object: 'Object Repository/APOLLO- Desktop/Product page/Shipping chevron open' is clicked on

2019-06-13 18:53:56 - [MESSAGE][PASSED] - Object: 'Object Repository/APOLLO- Desktop/Product page/Shipping chevron open' is clicked on

2019-06-13 18:53:56 - [TEST_STEP][PASSED] - delay(2): Delayed 2 second(s)

2019-06-13 18:53:58 - [MESSAGE][PASSED] - Delayed 2 second(s)

2019-06-13 18:53:58 - [TEST_STEP][PASSED] - click(findTestObject("APOLLO- Desktop/Product page/Shipping chevron close")): Object: 'Object Repository/APOLLO- Desktop/Product page/Shipping chevron close' is clicked on

2019-06-13 18:53:58 - [MESSAGE][PASSED] - Object: 'Object Repository/APOLLO- Desktop/Product page/Shipping chevron close' is clicked on

2019-06-13 18:53:58 - [TEST_STEP][PASSED] - delay(2): Delayed 2 second(s)

2019-06-13 18:54:00 - [MESSAGE][PASSED] - Delayed 2 second(s)

2019-06-13 18:54:00 - [TEST_STEP][PASSED] - click(findTestObject("APOLLO- Desktop/Product page/reviews chevron open")): Object: 'Object Repository/APOLLO- Desktop/Product page/reviews chevron open' is clicked on

2019-06-13 18:54:00 - [MESSAGE][PASSED] - Object: 'Object Repository/APOLLO- Desktop/Product page/reviews chevron open' is clicked on

2019-06-13 18:54:00 - [TEST_STEP][PASSED] - delay(2): Delayed 2 second(s)

2019-06-13 18:54:02 - [MESSAGE][PASSED] - Delayed 2 second(s)

2019-06-13 18:54:02 - [TEST_STEP][PASSED] - click(findTestObject("APOLLO- Desktop/Product page/reviews chevron open")): Object: 'Object Repository/APOLLO- Desktop/Product page/reviews chevron open' is clicked on

2019-06-13 18:54:02 - [MESSAGE][PASSED] - Object: 'Object Repository/APOLLO- Desktop/Product page/reviews chevron open' is clicked on

2019-06-13 18:54:02 - [TEST_STEP][PASSED] - delay(2): Delayed 2 second(s)

2019-06-13 18:54:04 - [MESSAGE][PASSED] - Delayed 2 second(s)

2019-06-13 18:54:04 - [TEST_STEP][PASSED] - click(findTestObject("APOLLO- Desktop/Product page/reviews chevron close")): Object: 'Object Repository/APOLLO- Desktop/Product page/reviews chevron close' is clicked on

2019-06-13 18:54:04 - [MESSAGE][PASSED] - Object: 'Object Repository/APOLLO- Desktop/Product page/reviews chevron close' is clicked on

2019-06-13 18:54:04 - [TEST_STEP][PASSED] - delay(2): Delayed 2 second(s)

2019-06-13 18:54:06 - [MESSAGE][PASSED] - Delayed 2 second(s)

2019-06-13 18:54:06 - [TEST_STEP][PASSED] - click(findTestObject("APOLLO- Desktop/Product page/a_Write a review")): Object: 'Object Repository/APOLLO- Desktop/Product page/a_Write a review' is clicked on

2019-06-13 18:54:06 - [MESSAGE][PASSED] - Object: 'Object Repository/APOLLO- Desktop/Product page/a_Write a review' is clicked on

2019-06-13 18:54:06 - [TEST_STEP][PASSED] - delay(2): Delayed 2 second(s)

2019-06-13 18:54:08 - [MESSAGE][PASSED] - Delayed 2 second(s)

2019-06-13 18:54:08 - [TEST_STEP][PASSED] - setText(findTestObject("APOLLO- Desktop/Product page/input_Name_reviewauthor"), "suman"): Text 'suman' is set on object 'Object Repository/APOLLO- Desktop/Product page/input_Name_reviewauthor'

2019-06-13 18:54:09 - [MESSAGE][PASSED] - Text 'suman' is set on object 'Object Repository/APOLLO- Desktop/Product page/input_Name_reviewauthor'

2019-06-13 18:54:09 - [TEST_STEP][PASSED] - delay(2): Delayed 2 second(s)

2019-06-13 18:54:11 - [MESSAGE][PASSED] - Delayed 2 second(s)

2019-06-13 18:54:11 - [TEST_STEP][FAILED] - setText(findTestObject("APOLLO- Desktop/Product page/input_Email_reviewemail"), "`suman@gmail.com", CONTINUE_ON_FAILURE): Unable to set text '`suman@gmail.com' of object 'Object Repository/APOLLO- Desktop/Product page/input_Email_reviewemail' (Root cause: com.kms.katalon.core.webui.exception.WebElementNotFoundException: Web element with id: 'Object Repository/APOLLO- Desktop/Product page/input_Email_reviewemail' located by 'By.cssSelector: //*[@id="review_email_2217159164004"]' not found)

2019-06-13 18:54:41 - [MESSAGE][INFO] - Unable to find the element located by 'By.cssSelector: //*[@id="review_email_2217159164004"]'. Please recheck the objects properties to make sure the desired element is located. 

2019-06-13 18:54:42 - [MESSAGE][FAILED] - Unable to set text '`suman@gmail.com' of object 'Object Repository/APOLLO- Desktop/Product page/input_Email_reviewemail' (Root cause: com.kms.katalon.core.webui.exception.WebElementNotFoundException: Web element with id: 'Object Repository/APOLLO- Desktop/Product page/input_Email_reviewemail' located by 'By.cssSelector: //*[@id="review_email_2217159164004"]' not found)
[[ATTACHMENT|/Users/sumankompelly/Katalon Studio/APOLLO/Reports/Trial/20190613_183731/1560466481806.png]]

2019-06-13 18:54:42 - [TEST_STEP][PASSED] - delay(2): Delayed 2 second(s)

2019-06-13 18:54:44 - [MESSAGE][PASSED] - Delayed 2 second(s)

2019-06-13 18:54:44 - [TEST_STEP][PASSED] - click(findTestObject("APOLLO- Desktop/Product page/Stars review")): Object: 'Object Repository/APOLLO- Desktop/Product page/Stars review' is clicked on

2019-06-13 18:54:44 - [MESSAGE][PASSED] - Object: 'Object Repository/APOLLO- Desktop/Product page/Stars review' is clicked on

2019-06-13 18:54:44 - [TEST_STEP][PASSED] - delay(2): Delayed 2 second(s)

2019-06-13 18:54:46 - [MESSAGE][PASSED] - Delayed 2 second(s)

2019-06-13 18:54:46 - [TEST_STEP][PASSED] - setText(findTestObject("APOLLO- Desktop/Product page/input_Review Title_reviewtitle"), "Nice product"): Text 'Nice product' is set on object 'Object Repository/APOLLO- Desktop/Product page/input_Review Title_reviewtitle'

2019-06-13 18:54:46 - [MESSAGE][PASSED] - Text 'Nice product' is set on object 'Object Repository/APOLLO- Desktop/Product page/input_Review Title_reviewtitle'

2019-06-13 18:54:46 - [TEST_STEP][PASSED] - delay(2): Delayed 2 second(s)

2019-06-13 18:54:48 - [MESSAGE][PASSED] - Delayed 2 second(s)

2019-06-13 18:54:48 - [TEST_STEP][PASSED] - setText(findTestObject("APOLLO- Desktop/Product page/textarea_characters remaining_"), "Good product"): Text 'Good product' is set on object 'Object Repository/APOLLO- Desktop/Product page/textarea_characters remaining_'

2019-06-13 18:54:48 - [MESSAGE][PASSED] - Text 'Good product' is set on object 'Object Repository/APOLLO- Desktop/Product page/textarea_characters remaining_'

2019-06-13 18:54:48 - [TEST_STEP][PASSED] - delay(2): Delayed 2 second(s)

2019-06-13 18:54:50 - [MESSAGE][PASSED] - Delayed 2 second(s)

2019-06-13 18:54:50 - [TEST_STEP][PASSED] - click(findTestObject("APOLLO- Desktop/Product page/Submit review")): Object: 'Object Repository/APOLLO- Desktop/Product page/Submit review' is clicked on

2019-06-13 18:54:50 - [MESSAGE][PASSED] - Object: 'Object Repository/APOLLO- Desktop/Product page/Submit review' is clicked on

2019-06-13 18:54:50 - [TEST_STEP][PASSED] - delay(2): Delayed 2 second(s)

2019-06-13 18:54:52 - [MESSAGE][PASSED] - Delayed 2 second(s)

2019-06-13 18:54:52 - [TEST_STEP][FAILED] - click(findTestObject("APOLLO- Desktop/Product page/number-2"), CONTINUE_ON_FAILURE): Unable to click on object 'Object Repository/APOLLO- Desktop/Product page/number-2' (Root cause: com.kms.katalon.core.webui.exception.WebElementNotFoundException: Web element with id: 'Object Repository/APOLLO- Desktop/Product page/number-2' located by 'By.xpath: //span[@class='spr-pagination-page']' not found)

2019-06-13 18:55:23 - [MESSAGE][INFO] - Unable to find the element located by 'By.xpath: //span[@class='spr-pagination-page']'. Please recheck the objects properties to make sure the desired element is located. 

2019-06-13 18:55:23 - [MESSAGE][FAILED] - Unable to click on object 'Object Repository/APOLLO- Desktop/Product page/number-2' (Root cause: com.kms.katalon.core.webui.exception.WebElementNotFoundException: Web element with id: 'Object Repository/APOLLO- Desktop/Product page/number-2' located by 'By.xpath: //span[@class='spr-pagination-page']' not found)
[[ATTACHMENT|/Users/sumankompelly/Katalon Studio/APOLLO/Reports/Trial/20190613_183731/1560466523245.png]]

2019-06-13 18:55:23 - [TEST_STEP][PASSED] - delay(2, CONTINUE_ON_FAILURE): Delayed 2 second(s)

2019-06-13 18:55:25 - [MESSAGE][PASSED] - Delayed 2 second(s)

2019-06-13 18:55:25 - [TEST_STEP][FAILED] - click(findTestObject("APOLLO- Desktop/Product page/a_Next"), CONTINUE_ON_FAILURE): Unable to click on object 'Object Repository/APOLLO- Desktop/Product page/a_Next' (Root cause: com.kms.katalon.core.webui.exception.WebElementNotFoundException: Web element with id: 'Object Repository/APOLLO- Desktop/Product page/a_Next' located by 'By.xpath: //a[contains(text(),'Next »')]' not found)

2019-06-13 18:55:56 - [MESSAGE][INFO] - Unable to find the element located by 'By.xpath: //a[contains(text(),'Next »')]'. Please recheck the objects properties to make sure the desired element is located. 

2019-06-13 18:55:56 - [MESSAGE][FAILED] - Unable to click on object 'Object Repository/APOLLO- Desktop/Product page/a_Next' (Root cause: com.kms.katalon.core.webui.exception.WebElementNotFoundException: Web element with id: 'Object Repository/APOLLO- Desktop/Product page/a_Next' located by 'By.xpath: //a[contains(text(),'Next »')]' not found)
[[ATTACHMENT|/Users/sumankompelly/Katalon Studio/APOLLO/Reports/Trial/20190613_183731/1560466556369.png]]

2019-06-13 18:55:56 - [TEST_STEP][PASSED] - delay(2, CONTINUE_ON_FAILURE): Delayed 2 second(s)

2019-06-13 18:55:58 - [MESSAGE][PASSED] - Delayed 2 second(s)

2019-06-13 18:55:58 - [TEST_STEP][FAILED] - click(findTestObject("APOLLO- Desktop/Product page/a_ Previous"), CONTINUE_ON_FAILURE): click(findTestObject("APOLLO- Desktop/Product page/a_ Previous"), CONTINUE_ON_FAILURE) FAILED.
Reason:
com.kms.katalon.core.exception.StepFailedException: Unable to set text '`suman@gmail.com' of object 'Object Repository/APOLLO- Desktop/Product page/input_Email_reviewemail' (Root cause: com.kms.katalon.core.webui.exception.WebElementNotFoundException: Web element with id: 'Object Repository/APOLLO- Desktop/Product page/input_Email_reviewemail' located by 'By.cssSelector: //*[@id="review_email_2217159164004"]' not found)
	at com.kms.katalon.core.keyword.internal.KeywordMain.stepFailed(KeywordMain.groovy:32)
	at com.kms.katalon.core.webui.keyword.internal.WebUIKeywordMain.stepFailed(WebUIKeywordMain.groovy:65)
	at com.kms.katalon.core.webui.keyword.internal.WebUIKeywordMain.runKeyword(WebUIKeywordMain.groovy:27)
	at com.kms.katalon.core.webui.keyword.builtin.SetTextKeyword.setText(SetTextKeyword.groovy:65)
	at com.kms.katalon.core.webui.keyword.builtin.SetTextKeyword.execute(SetTextKeyword.groovy:37)
	at com.kms.katalon.core.keyword.internal.KeywordExecutor.executeKeywordForPlatform(KeywordExecutor.groovy:53)
	at com.kms.katalon.core.webui.keyword.WebUiBuiltInKeywords.setText(WebUiBuiltInKeywords.groovy:936)
	at com.kms.katalon.core.webui.keyword.WebUiBuiltInKeywords$setText$13.call(Unknown Source)
	at Product chevron dropdowns.run(Product chevron dropdowns:97)
	at com.kms.katalon.core.main.ScriptEngine.run(ScriptEngine.java:194)
	at com.kms.katalon.core.main.ScriptEngine.runScriptAsRawText(ScriptEngine.java:119)
	at com.kms.katalon.core.main.TestCaseExecutor.runScript(TestCaseExecutor.java:328)
	at com.kms.katalon.core.main.TestCaseExecutor.doExecute(TestCaseExecutor.java:319)
	at com.kms.katalon.core.main.TestCaseExecutor.processExecutionPhase(TestCaseExecutor.java:298)
	at com.kms.katalon.core.main.TestCaseExecutor.accessMainPhase(TestCaseExecutor.java:290)
	at com.kms.katalon.core.main.TestCaseExecutor.execute(TestCaseExecutor.java:224)
	at com.kms.katalon.core.main.TestSuiteExecutor.accessTestCaseMainPhase(TestSuiteExecutor.java:129)
	at com.kms.katalon.core.main.TestSuiteExecutor.accessTestSuiteMainPhase(TestSuiteExecutor.java:112)
	at com.kms.katalon.core.main.TestSuiteExecutor.execute(TestSuiteExecutor.java:81)
	at com.kms.katalon.core.main.TestCaseMain.startTestSuite(TestCaseMain.java:149)
	at com.kms.katalon.core.main.TestCaseMain$startTestSuite$0.call(Unknown Source)
	at TempTestSuite1560465451242.run(TempTestSuite1560465451242.groovy:36)


2019-06-13 18:56:29 - [MESSAGE][INFO] - Unable to find the element located by 'By.xpath: //a[contains(text(),'« Previous')]'. Please recheck the objects properties to make sure the desired element is located. 

2019-06-13 18:56:29 - [MESSAGE][FAILED] - Unable to click on object 'Object Repository/APOLLO- Desktop/Product page/a_ Previous' (Root cause: com.kms.katalon.core.webui.exception.WebElementNotFoundException: Web element with id: 'Object Repository/APOLLO- Desktop/Product page/a_ Previous' located by 'By.xpath: //a[contains(text(),'« Previous')]' not found)
[[ATTACHMENT|/Users/sumankompelly/Katalon Studio/APOLLO/Reports/Trial/20190613_183731/1560466589456.png]]

2019-06-13 18:56:29 - [MESSAGE][FAILED] - click(findTestObject("APOLLO- Desktop/Product page/a_ Previous"), CONTINUE_ON_FAILURE) FAILED.
Reason:
com.kms.katalon.core.exception.StepFailedException: Unable to set text '`suman@gmail.com' of object 'Object Repository/APOLLO- Desktop/Product page/input_Email_reviewemail' (Root cause: com.kms.katalon.core.webui.exception.WebElementNotFoundException: Web element with id: 'Object Repository/APOLLO- Desktop/Product page/input_Email_reviewemail' located by 'By.cssSelector: //*[@id="review_email_2217159164004"]' not found)
	at com.kms.katalon.core.keyword.internal.KeywordMain.stepFailed(KeywordMain.groovy:32)
	at com.kms.katalon.core.webui.keyword.internal.WebUIKeywordMain.stepFailed(WebUIKeywordMain.groovy:65)
	at com.kms.katalon.core.webui.keyword.internal.WebUIKeywordMain.runKeyword(WebUIKeywordMain.groovy:27)
	at com.kms.katalon.core.webui.keyword.builtin.SetTextKeyword.setText(SetTextKeyword.groovy:65)
	at com.kms.katalon.core.webui.keyword.builtin.SetTextKeyword.execute(SetTextKeyword.groovy:37)
	at com.kms.katalon.core.keyword.internal.KeywordExecutor.executeKeywordForPlatform(KeywordExecutor.groovy:53)
	at com.kms.katalon.core.webui.keyword.WebUiBuiltInKeywords.setText(WebUiBuiltInKeywords.groovy:936)
	at com.kms.katalon.core.webui.keyword.WebUiBuiltInKeywords$setText$13.call(Unknown Source)
	at Product chevron dropdowns.run(Product chevron dropdowns:97)
	at com.kms.katalon.core.main.ScriptEngine.run(ScriptEngine.java:194)
	at com.kms.katalon.core.main.ScriptEngine.runScriptAsRawText(ScriptEngine.java:119)
	at com.kms.katalon.core.main.TestCaseExecutor.runScript(TestCaseExecutor.java:328)
	at com.kms.katalon.core.main.TestCaseExecutor.doExecute(TestCaseExecutor.java:319)
	at com.kms.katalon.core.main.TestCaseExecutor.processExecutionPhase(TestCaseExecutor.java:298)
	at com.kms.katalon.core.main.TestCaseExecutor.accessMainPhase(TestCaseExecutor.java:290)
	at com.kms.katalon.core.main.TestCaseExecutor.execute(TestCaseExecutor.java:224)
	at com.kms.katalon.core.main.TestSuiteExecutor.accessTestCaseMainPhase(TestSuiteExecutor.java:129)
	at com.kms.katalon.core.main.TestSuiteExecutor.accessTestSuiteMainPhase(TestSuiteExecutor.java:112)
	at com.kms.katalon.core.main.TestSuiteExecutor.execute(TestSuiteExecutor.java:81)
	at com.kms.katalon.core.main.TestCaseMain.startTestSuite(TestCaseMain.java:149)
	at com.kms.katalon.core.main.TestCaseMain$startTestSuite$0.call(Unknown Source)
	at TempTestSuite1560465451242.run(TempTestSuite1560465451242.groovy:36)]]></system-out>
         <system-err><![CDATA[2019-06-13 18:53:20 - [TEST_CASE][FAILED] - Test Cases/PRODUCT PAGE/Product chevron dropdowns: Test Cases/PRODUCT PAGE/Product chevron dropdowns FAILED.
Reason:
com.kms.katalon.core.exception.StepFailedException: Unable to set text '`suman@gmail.com' of object 'Object Repository/APOLLO- Desktop/Product page/input_Email_reviewemail' (Root cause: com.kms.katalon.core.webui.exception.WebElementNotFoundException: Web element with id: 'Object Repository/APOLLO- Desktop/Product page/input_Email_reviewemail' located by 'By.cssSelector: //*[@id="review_email_2217159164004"]' not found)
	at com.kms.katalon.core.keyword.internal.KeywordMain.stepFailed(KeywordMain.groovy:32)
	at com.kms.katalon.core.webui.keyword.internal.WebUIKeywordMain.stepFailed(WebUIKeywordMain.groovy:65)
	at com.kms.katalon.core.webui.keyword.internal.WebUIKeywordMain.runKeyword(WebUIKeywordMain.groovy:27)
	at com.kms.katalon.core.webui.keyword.builtin.SetTextKeyword.setText(SetTextKeyword.groovy:65)
	at com.kms.katalon.core.webui.keyword.builtin.SetTextKeyword.execute(SetTextKeyword.groovy:37)
	at com.kms.katalon.core.keyword.internal.KeywordExecutor.executeKeywordForPlatform(KeywordExecutor.groovy:53)
	at com.kms.katalon.core.webui.keyword.WebUiBuiltInKeywords.setText(WebUiBuiltInKeywords.groovy:936)
	at com.kms.katalon.core.webui.keyword.WebUiBuiltInKeywords$setText$13.call(Unknown Source)
	at Product chevron dropdowns.run(Product chevron dropdowns:97)
	at com.kms.katalon.core.main.ScriptEngine.run(ScriptEngine.java:194)
	at com.kms.katalon.core.main.ScriptEngine.runScriptAsRawText(ScriptEngine.java:119)
	at com.kms.katalon.core.main.TestCaseExecutor.runScript(TestCaseExecutor.java:328)
	at com.kms.katalon.core.main.TestCaseExecutor.doExecute(TestCaseExecutor.java:319)
	at com.kms.katalon.core.main.TestCaseExecutor.processExecutionPhase(TestCaseExecutor.java:298)
	at com.kms.katalon.core.main.TestCaseExecutor.accessMainPhase(TestCaseExecutor.java:290)
	at com.kms.katalon.core.main.TestCaseExecutor.execute(TestCaseExecutor.java:224)
	at com.kms.katalon.core.main.TestSuiteExecutor.accessTestCaseMainPhase(TestSuiteExecutor.java:129)
	at com.kms.katalon.core.main.TestSuiteExecutor.accessTestSuiteMainPhase(TestSuiteExecutor.java:112)
	at com.kms.katalon.core.main.TestSuiteExecutor.execute(TestSuiteExecutor.java:81)
	at com.kms.katalon.core.main.TestCaseMain.startTestSuite(TestCaseMain.java:149)
	at com.kms.katalon.core.main.TestCaseMain$startTestSuite$0.call(Unknown Source)
	at TempTestSuite1560465451242.run(TempTestSuite1560465451242.groovy:36)]]></system-err>
      </testcase>
      <testcase name="Test Cases/PRODUCT PAGE/You might also like" classname="Test Cases/PRODUCT PAGE/You might also like" status="PASSED">
         <system-out><![CDATA[2019-06-13 18:56:29 - [TEST_CASE][PASSED] - Test Cases/PRODUCT PAGE/You might also like: Test Cases/PRODUCT PAGE/You might also like

2019-06-13 18:56:29 - [TEST_STEP][PASSED] - callTestCase(findTestCase("CALL - URL"), [:], STOP_ON_FAILURE): Call Test Case 'Test Cases/CALL - URL' successfully

2019-06-13 18:56:29 - [TEST_CASE][PASSED] - Test Cases/CALL - URL: Test Cases/CALL - URL

2019-06-13 18:56:29 - [TEST_STEP][PASSED] - openBrowser(""): Browser is opened with url: ''

2019-06-13 18:56:29 - [MESSAGE][WARNING] - A browser is already opened. Closing browser and opening a new one

2019-06-13 18:56:30 - [MESSAGE][INFO] - Starting 'Chrome' driver

2019-06-13 18:56:31 - [MESSAGE][PASSED] - Browser is opened with url: ''

2019-06-13 18:56:31 - [TEST_STEP][PASSED] - navigateToUrl("https://diff-apollo.myshopify.com/?_ab=0&_fd=0&_sc=1&preview_theme_id=68602101860"): Navigate to 'https://diff-apollo.myshopify.com/?_ab=0&_fd=0&_sc=1&preview_theme_id=68602101860' successfully

2019-06-13 18:56:35 - [MESSAGE][PASSED] - Navigate to 'https://diff-apollo.myshopify.com/?_ab=0&_fd=0&_sc=1&preview_theme_id=68602101860' successfully

2019-06-13 18:56:35 - [TEST_STEP][PASSED] - executeJavaScript("var previewBar = document.getElementById("preview-bar-iframe"); previewBar.style.display = "none";", []): Execute JavaScript 'var previewBar = document.getElementById("preview-bar-iframe"); previewBar.style.display = "none";' successfully

2019-06-13 18:56:35 - [MESSAGE][PASSED] - Execute JavaScript 'var previewBar = document.getElementById("preview-bar-iframe"); previewBar.style.display = "none";' successfully

2019-06-13 18:56:35 - [MESSAGE][PASSED] - Call Test Case 'Test Cases/CALL - URL' successfully

2019-06-13 18:56:35 - [TEST_STEP][PASSED] - delay(2): Delayed 2 second(s)

2019-06-13 18:56:37 - [MESSAGE][PASSED] - Delayed 2 second(s)

2019-06-13 18:56:37 - [TEST_STEP][PASSED] - click(findTestObject("APOLLO- Desktop/Burger Menu/Burgermenu")): Object: 'Object Repository/APOLLO- Desktop/Burger Menu/Burgermenu' is clicked on

2019-06-13 18:56:37 - [MESSAGE][PASSED] - Object: 'Object Repository/APOLLO- Desktop/Burger Menu/Burgermenu' is clicked on

2019-06-13 18:56:37 - [TEST_STEP][PASSED] - delay(2): Delayed 2 second(s)

2019-06-13 18:56:39 - [MESSAGE][PASSED] - Delayed 2 second(s)

2019-06-13 18:56:39 - [TEST_STEP][PASSED] - click(findTestObject("APOLLO- Desktop/Burger Menu/Mens chevron")): Object: 'Object Repository/APOLLO- Desktop/Burger Menu/Mens chevron' is clicked on

2019-06-13 18:56:39 - [MESSAGE][PASSED] - Object: 'Object Repository/APOLLO- Desktop/Burger Menu/Mens chevron' is clicked on

2019-06-13 18:56:39 - [TEST_STEP][PASSED] - delay(2): Delayed 2 second(s)

2019-06-13 18:56:41 - [MESSAGE][PASSED] - Delayed 2 second(s)

2019-06-13 18:56:41 - [TEST_STEP][PASSED] - click(findTestObject("APOLLO- Desktop/Burger Menu/Mens - Top Chevron")): Object: 'Object Repository/APOLLO- Desktop/Burger Menu/Mens - Top Chevron' is clicked on

2019-06-13 18:56:42 - [MESSAGE][PASSED] - Object: 'Object Repository/APOLLO- Desktop/Burger Menu/Mens - Top Chevron' is clicked on

2019-06-13 18:56:42 - [TEST_STEP][PASSED] - delay(2): Delayed 2 second(s)

2019-06-13 18:56:44 - [MESSAGE][PASSED] - Delayed 2 second(s)

2019-06-13 18:56:44 - [TEST_STEP][PASSED] - click(findTestObject("APOLLO- Desktop/Burger Menu/Shirts link")): Object: 'Object Repository/APOLLO- Desktop/Burger Menu/Shirts link' is clicked on

2019-06-13 18:56:45 - [MESSAGE][PASSED] - Object: 'Object Repository/APOLLO- Desktop/Burger Menu/Shirts link' is clicked on

2019-06-13 18:56:45 - [TEST_STEP][PASSED] - delay(2): Delayed 2 second(s)

2019-06-13 18:56:47 - [MESSAGE][PASSED] - Delayed 2 second(s)

2019-06-13 18:56:47 - [TEST_STEP][PASSED] - click(findTestObject("APOLLO- Desktop/Collection page/Blue shirt product")): Object: 'Object Repository/APOLLO- Desktop/Collection page/Blue shirt product' is clicked on

2019-06-13 18:56:49 - [MESSAGE][PASSED] - Object: 'Object Repository/APOLLO- Desktop/Collection page/Blue shirt product' is clicked on

2019-06-13 18:56:49 - [TEST_STEP][PASSED] - delay(2): Delayed 2 second(s)

2019-06-13 18:56:51 - [MESSAGE][PASSED] - Delayed 2 second(s)

2019-06-13 18:56:51 - [TEST_STEP][PASSED] - executeJavaScript("var previewBar = document.getElementById("preview-bar-iframe"); previewBar.style.display = "none";", []): Execute JavaScript 'var previewBar = document.getElementById("preview-bar-iframe"); previewBar.style.display = "none";' successfully

2019-06-13 18:56:51 - [MESSAGE][PASSED] - Execute JavaScript 'var previewBar = document.getElementById("preview-bar-iframe"); previewBar.style.display = "none";' successfully

2019-06-13 18:56:51 - [TEST_STEP][PASSED] - delay(2): Delayed 2 second(s)

2019-06-13 18:56:53 - [MESSAGE][PASSED] - Delayed 2 second(s)

2019-06-13 18:56:53 - [TEST_STEP][PASSED] - click(findTestObject("APOLLO- Desktop/Product page/You might alos like/you might also like")): Object: 'Object Repository/APOLLO- Desktop/Product page/You might alos like/you might also like' is clicked on

2019-06-13 18:56:53 - [MESSAGE][PASSED] - Object: 'Object Repository/APOLLO- Desktop/Product page/You might alos like/you might also like' is clicked on

2019-06-13 18:56:53 - [TEST_STEP][PASSED] - delay(2): Delayed 2 second(s)

2019-06-13 18:56:55 - [MESSAGE][PASSED] - Delayed 2 second(s)

2019-06-13 18:56:55 - [TEST_STEP][PASSED] - click(findTestObject("APOLLO- Desktop/Product page/You might alos like/Next button")): Object: 'Object Repository/APOLLO- Desktop/Product page/You might alos like/Next button' is clicked on

2019-06-13 18:56:55 - [MESSAGE][PASSED] - Object: 'Object Repository/APOLLO- Desktop/Product page/You might alos like/Next button' is clicked on

2019-06-13 18:56:55 - [TEST_STEP][PASSED] - delay(2): Delayed 2 second(s)

2019-06-13 18:56:57 - [MESSAGE][PASSED] - Delayed 2 second(s)

2019-06-13 18:56:57 - [TEST_STEP][PASSED] - click(findTestObject("APOLLO- Desktop/Product page/You might alos like/Previous button")): Object: 'Object Repository/APOLLO- Desktop/Product page/You might alos like/Previous button' is clicked on

2019-06-13 18:56:57 - [MESSAGE][PASSED] - Object: 'Object Repository/APOLLO- Desktop/Product page/You might alos like/Previous button' is clicked on

2019-06-13 18:56:57 - [TEST_STEP][PASSED] - delay(2): Delayed 2 second(s)

2019-06-13 18:56:59 - [MESSAGE][PASSED] - Delayed 2 second(s)

2019-06-13 18:56:59 - [TEST_STEP][PASSED] - click(findTestObject("APOLLO- Desktop/Product page/You might alos like/Product tile")): Object: 'Object Repository/APOLLO- Desktop/Product page/You might alos like/Product tile' is clicked on

2019-06-13 18:57:02 - [MESSAGE][PASSED] - Object: 'Object Repository/APOLLO- Desktop/Product page/You might alos like/Product tile' is clicked on

2019-06-13 18:57:02 - [TEST_STEP][PASSED] - delay(2): Delayed 2 second(s)

2019-06-13 18:57:04 - [MESSAGE][PASSED] - Delayed 2 second(s)

2019-06-13 18:57:04 - [TEST_STEP][PASSED] - click(findTestObject("APOLLO- Desktop/Product page/Add to bag")): Object: 'Object Repository/APOLLO- Desktop/Product page/Add to bag' is clicked on

2019-06-13 18:57:04 - [MESSAGE][PASSED] - Object: 'Object Repository/APOLLO- Desktop/Product page/Add to bag' is clicked on

2019-06-13 18:57:04 - [TEST_STEP][PASSED] - delay(2): Delayed 2 second(s)

2019-06-13 18:57:06 - [MESSAGE][PASSED] - Delayed 2 second(s)

2019-06-13 18:57:06 - [TEST_STEP][PASSED] - executeJavaScript("var previewBar = document.getElementById("preview-bar-iframe"); previewBar.style.display = "none";", []): Execute JavaScript 'var previewBar = document.getElementById("preview-bar-iframe"); previewBar.style.display = "none";' successfully

2019-06-13 18:57:06 - [MESSAGE][PASSED] - Execute JavaScript 'var previewBar = document.getElementById("preview-bar-iframe"); previewBar.style.display = "none";' successfully

2019-06-13 18:57:06 - [TEST_STEP][PASSED] - click(findTestObject("APOLLO- Desktop/Cart flyout/Checkout")): Object: 'Object Repository/APOLLO- Desktop/Cart flyout/Checkout' is clicked on

2019-06-13 18:57:10 - [MESSAGE][PASSED] - Object: 'Object Repository/APOLLO- Desktop/Cart flyout/Checkout' is clicked on

2019-06-13 18:57:10 - [TEST_STEP][PASSED] - callTestCase(findTestCase("CALL- CUSTOMER INFO PAGE"), [:], STOP_ON_FAILURE): Call Test Case 'Test Cases/CALL- CUSTOMER INFO PAGE' successfully

2019-06-13 18:57:10 - [TEST_CASE][PASSED] - Test Cases/CALL- CUSTOMER INFO PAGE: Test Cases/CALL- CUSTOMER INFO PAGE

2019-06-13 18:57:10 - [TEST_STEP][PASSED] - delay(2): Delayed 2 second(s)

2019-06-13 18:57:12 - [MESSAGE][PASSED] - Delayed 2 second(s)

2019-06-13 18:57:12 - [TEST_STEP][PASSED] - executeJavaScript("var previewBar = document.getElementById("preview-bar-iframe"); previewBar.style.display = "none";", []): Execute JavaScript 'var previewBar = document.getElementById("preview-bar-iframe"); previewBar.style.display = "none";' successfully

2019-06-13 18:57:12 - [MESSAGE][PASSED] - Execute JavaScript 'var previewBar = document.getElementById("preview-bar-iframe"); previewBar.style.display = "none";' successfully

2019-06-13 18:57:12 - [TEST_STEP][PASSED] - setText(findTestObject("APOLLO- Desktop/Customer Information page/Email"), "suman@gmail.com"): Text 'suman@gmail.com' is set on object 'Object Repository/APOLLO- Desktop/Customer Information page/Email'

2019-06-13 18:57:13 - [MESSAGE][PASSED] - Text 'suman@gmail.com' is set on object 'Object Repository/APOLLO- Desktop/Customer Information page/Email'

2019-06-13 18:57:13 - [TEST_STEP][PASSED] - delay(2): Delayed 2 second(s)

2019-06-13 18:57:15 - [MESSAGE][PASSED] - Delayed 2 second(s)

2019-06-13 18:57:15 - [TEST_STEP][PASSED] - setText(findTestObject("APOLLO- Desktop/Customer Information page/First name"), "suman"): Text 'suman' is set on object 'Object Repository/APOLLO- Desktop/Customer Information page/First name'

2019-06-13 18:57:15 - [MESSAGE][PASSED] - Text 'suman' is set on object 'Object Repository/APOLLO- Desktop/Customer Information page/First name'

2019-06-13 18:57:15 - [TEST_STEP][PASSED] - delay(2): Delayed 2 second(s)

2019-06-13 18:57:17 - [MESSAGE][PASSED] - Delayed 2 second(s)

2019-06-13 18:57:17 - [TEST_STEP][PASSED] - setText(findTestObject("APOLLO- Desktop/Customer Information page/Last name"), "kompelly"): Text 'kompelly' is set on object 'Object Repository/APOLLO- Desktop/Customer Information page/Last name'

2019-06-13 18:57:17 - [MESSAGE][PASSED] - Text 'kompelly' is set on object 'Object Repository/APOLLO- Desktop/Customer Information page/Last name'

2019-06-13 18:57:17 - [TEST_STEP][PASSED] - delay(2): Delayed 2 second(s)

2019-06-13 18:57:19 - [MESSAGE][PASSED] - Delayed 2 second(s)

2019-06-13 18:57:19 - [TEST_STEP][PASSED] - setText(findTestObject("APOLLO- Desktop/Customer Information page/Address"), "1435 st alxendre"): Text '1435 st alxendre' is set on object 'Object Repository/APOLLO- Desktop/Customer Information page/Address'

2019-06-13 18:57:19 - [MESSAGE][PASSED] - Text '1435 st alxendre' is set on object 'Object Repository/APOLLO- Desktop/Customer Information page/Address'

2019-06-13 18:57:19 - [TEST_STEP][PASSED] - setText(findTestObject("APOLLO- Desktop/Customer Information page/Apartment"), "220"): Text '220' is set on object 'Object Repository/APOLLO- Desktop/Customer Information page/Apartment'

2019-06-13 18:57:19 - [MESSAGE][PASSED] - Text '220' is set on object 'Object Repository/APOLLO- Desktop/Customer Information page/Apartment'

2019-06-13 18:57:19 - [TEST_STEP][PASSED] - setText(findTestObject("APOLLO- Desktop/Customer Information page/City"), "montreal"): Text 'montreal' is set on object 'Object Repository/APOLLO- Desktop/Customer Information page/City'

2019-06-13 18:57:19 - [MESSAGE][PASSED] - Text 'montreal' is set on object 'Object Repository/APOLLO- Desktop/Customer Information page/City'

2019-06-13 18:57:19 - [TEST_STEP][PASSED] - selectOptionByValue(findTestObject("APOLLO- Desktop/Customer Information page/Country dropdown"), "United States", true): All options with value 'United States' are selected in object 'Object Repository/APOLLO- Desktop/Customer Information page/Country dropdown'  using regular expression

2019-06-13 18:57:23 - [MESSAGE][PASSED] - All options with value 'United States' are selected in object 'Object Repository/APOLLO- Desktop/Customer Information page/Country dropdown'  using regular expression

2019-06-13 18:57:23 - [TEST_STEP][PASSED] - selectOptionByValue(findTestObject("APOLLO- Desktop/Customer Information page/states dropdown"), "NJ", true): All options with value 'NJ' are selected in object 'Object Repository/APOLLO- Desktop/Customer Information page/states dropdown'  using regular expression

2019-06-13 18:57:23 - [MESSAGE][PASSED] - All options with value 'NJ' are selected in object 'Object Repository/APOLLO- Desktop/Customer Information page/states dropdown'  using regular expression

2019-06-13 18:57:23 - [TEST_STEP][PASSED] - setText(findTestObject("APOLLO- Desktop/Customer Information page/ZIP code"), "07057"): Text '07057' is set on object 'Object Repository/APOLLO- Desktop/Customer Information page/ZIP code'

2019-06-13 18:57:24 - [MESSAGE][PASSED] - Text '07057' is set on object 'Object Repository/APOLLO- Desktop/Customer Information page/ZIP code'

2019-06-13 18:57:24 - [MESSAGE][PASSED] - Call Test Case 'Test Cases/CALL- CUSTOMER INFO PAGE' successfully

2019-06-13 18:57:24 - [TEST_STEP][PASSED] - delay(2): Delayed 2 second(s)

2019-06-13 18:57:26 - [MESSAGE][PASSED] - Delayed 2 second(s)

2019-06-13 18:57:26 - [TEST_STEP][PASSED] - callTestCase(findTestCase("CALL - SHIPPING TO PAYMENT"), [:], STOP_ON_FAILURE): Call Test Case 'Test Cases/CALL - SHIPPING TO PAYMENT' successfully

2019-06-13 18:57:26 - [TEST_CASE][PASSED] - Test Cases/CALL - SHIPPING TO PAYMENT: Test Cases/CALL - SHIPPING TO PAYMENT

2019-06-13 18:57:26 - [TEST_STEP][PASSED] - click(findTestObject("APOLLO- Desktop/Customer Information page/Continue to shipping")): Object: 'Object Repository/APOLLO- Desktop/Customer Information page/Continue to shipping' is clicked on

2019-06-13 18:57:28 - [MESSAGE][PASSED] - Object: 'Object Repository/APOLLO- Desktop/Customer Information page/Continue to shipping' is clicked on

2019-06-13 18:57:28 - [TEST_STEP][PASSED] - executeJavaScript("var previewBar = document.getElementById("preview-bar-iframe"); previewBar.style.display = "none";", []): Execute JavaScript 'var previewBar = document.getElementById("preview-bar-iframe"); previewBar.style.display = "none";' successfully

2019-06-13 18:57:28 - [MESSAGE][PASSED] - Execute JavaScript 'var previewBar = document.getElementById("preview-bar-iframe"); previewBar.style.display = "none";' successfully

2019-06-13 18:57:28 - [TEST_STEP][PASSED] - click(findTestObject("APOLLO- Desktop/Shipping page/Radio button check")): Object: 'Object Repository/APOLLO- Desktop/Shipping page/Radio button check' is clicked on

2019-06-13 18:57:29 - [MESSAGE][PASSED] - Object: 'Object Repository/APOLLO- Desktop/Shipping page/Radio button check' is clicked on

2019-06-13 18:57:29 - [TEST_STEP][PASSED] - executeJavaScript("var previewBar = document.getElementById("preview-bar-iframe"); previewBar.style.display = "none";", []): Execute JavaScript 'var previewBar = document.getElementById("preview-bar-iframe"); previewBar.style.display = "none";' successfully

2019-06-13 18:57:29 - [MESSAGE][PASSED] - Execute JavaScript 'var previewBar = document.getElementById("preview-bar-iframe"); previewBar.style.display = "none";' successfully

2019-06-13 18:57:29 - [TEST_STEP][PASSED] - click(findTestObject("APOLLO- Desktop/Shipping page/Continue to payment")): Object: 'Object Repository/APOLLO- Desktop/Shipping page/Continue to payment' is clicked on

2019-06-13 18:57:31 - [MESSAGE][PASSED] - Object: 'Object Repository/APOLLO- Desktop/Shipping page/Continue to payment' is clicked on

2019-06-13 18:57:31 - [TEST_STEP][PASSED] - executeJavaScript("var previewBar = document.getElementById("preview-bar-iframe"); previewBar.style.display = "none";", []): Execute JavaScript 'var previewBar = document.getElementById("preview-bar-iframe"); previewBar.style.display = "none";' successfully

2019-06-13 18:57:31 - [MESSAGE][PASSED] - Execute JavaScript 'var previewBar = document.getElementById("preview-bar-iframe"); previewBar.style.display = "none";' successfully

2019-06-13 18:57:31 - [TEST_STEP][PASSED] - click(findTestObject("APOLLO- Desktop/payment page/Payment section")): Object: 'Object Repository/APOLLO- Desktop/payment page/Payment section' is clicked on

2019-06-13 18:57:32 - [MESSAGE][PASSED] - Object: 'Object Repository/APOLLO- Desktop/payment page/Payment section' is clicked on

2019-06-13 18:57:32 - [MESSAGE][PASSED] - Call Test Case 'Test Cases/CALL - SHIPPING TO PAYMENT' successfully]]></system-out>
         <system-err><![CDATA[]]></system-err>
      </testcase>
      <testcase name="Test Cases/PRODUCT PAGE/Shop all products CTA" classname="Test Cases/PRODUCT PAGE/Shop all products CTA" status="PASSED">
         <system-out><![CDATA[2019-06-13 18:57:32 - [TEST_CASE][PASSED] - Test Cases/PRODUCT PAGE/Shop all products CTA: Test Cases/PRODUCT PAGE/Shop all products CTA

2019-06-13 18:57:32 - [TEST_STEP][PASSED] - callTestCase(findTestCase("CALL - URL"), [:], STOP_ON_FAILURE): Call Test Case 'Test Cases/CALL - URL' successfully

2019-06-13 18:57:32 - [TEST_CASE][PASSED] - Test Cases/CALL - URL: Test Cases/CALL - URL

2019-06-13 18:57:32 - [TEST_STEP][PASSED] - openBrowser(""): Browser is opened with url: ''

2019-06-13 18:57:32 - [MESSAGE][WARNING] - A browser is already opened. Closing browser and opening a new one

2019-06-13 18:57:32 - [MESSAGE][INFO] - Starting 'Chrome' driver

2019-06-13 18:57:33 - [MESSAGE][PASSED] - Browser is opened with url: ''

2019-06-13 18:57:33 - [TEST_STEP][PASSED] - navigateToUrl("https://diff-apollo.myshopify.com/?_ab=0&_fd=0&_sc=1&preview_theme_id=68602101860"): Navigate to 'https://diff-apollo.myshopify.com/?_ab=0&_fd=0&_sc=1&preview_theme_id=68602101860' successfully

2019-06-13 18:57:36 - [MESSAGE][PASSED] - Navigate to 'https://diff-apollo.myshopify.com/?_ab=0&_fd=0&_sc=1&preview_theme_id=68602101860' successfully

2019-06-13 18:57:36 - [TEST_STEP][PASSED] - executeJavaScript("var previewBar = document.getElementById("preview-bar-iframe"); previewBar.style.display = "none";", []): Execute JavaScript 'var previewBar = document.getElementById("preview-bar-iframe"); previewBar.style.display = "none";' successfully

2019-06-13 18:57:36 - [MESSAGE][PASSED] - Execute JavaScript 'var previewBar = document.getElementById("preview-bar-iframe"); previewBar.style.display = "none";' successfully

2019-06-13 18:57:36 - [MESSAGE][PASSED] - Call Test Case 'Test Cases/CALL - URL' successfully

2019-06-13 18:57:36 - [TEST_STEP][PASSED] - delay(2): Delayed 2 second(s)

2019-06-13 18:57:38 - [MESSAGE][PASSED] - Delayed 2 second(s)

2019-06-13 18:57:38 - [TEST_STEP][PASSED] - click(findTestObject("APOLLO- Desktop/Burger Menu/Burgermenu")): Object: 'Object Repository/APOLLO- Desktop/Burger Menu/Burgermenu' is clicked on

2019-06-13 18:57:38 - [MESSAGE][PASSED] - Object: 'Object Repository/APOLLO- Desktop/Burger Menu/Burgermenu' is clicked on

2019-06-13 18:57:38 - [TEST_STEP][PASSED] - delay(2): Delayed 2 second(s)

2019-06-13 18:57:40 - [MESSAGE][PASSED] - Delayed 2 second(s)

2019-06-13 18:57:40 - [TEST_STEP][PASSED] - click(findTestObject("APOLLO- Desktop/Burger Menu/Mens chevron")): Object: 'Object Repository/APOLLO- Desktop/Burger Menu/Mens chevron' is clicked on

2019-06-13 18:57:40 - [MESSAGE][PASSED] - Object: 'Object Repository/APOLLO- Desktop/Burger Menu/Mens chevron' is clicked on

2019-06-13 18:57:40 - [TEST_STEP][PASSED] - delay(2): Delayed 2 second(s)

2019-06-13 18:57:42 - [MESSAGE][PASSED] - Delayed 2 second(s)

2019-06-13 18:57:42 - [TEST_STEP][PASSED] - click(findTestObject("APOLLO- Desktop/Burger Menu/Mens - Top Chevron")): Object: 'Object Repository/APOLLO- Desktop/Burger Menu/Mens - Top Chevron' is clicked on

2019-06-13 18:57:43 - [MESSAGE][PASSED] - Object: 'Object Repository/APOLLO- Desktop/Burger Menu/Mens - Top Chevron' is clicked on

2019-06-13 18:57:43 - [TEST_STEP][PASSED] - delay(2): Delayed 2 second(s)

2019-06-13 18:57:45 - [MESSAGE][PASSED] - Delayed 2 second(s)

2019-06-13 18:57:45 - [TEST_STEP][PASSED] - click(findTestObject("APOLLO- Desktop/Burger Menu/Shirts link")): Object: 'Object Repository/APOLLO- Desktop/Burger Menu/Shirts link' is clicked on

2019-06-13 18:57:46 - [MESSAGE][PASSED] - Object: 'Object Repository/APOLLO- Desktop/Burger Menu/Shirts link' is clicked on

2019-06-13 18:57:46 - [TEST_STEP][PASSED] - delay(2): Delayed 2 second(s)

2019-06-13 18:57:48 - [MESSAGE][PASSED] - Delayed 2 second(s)

2019-06-13 18:57:48 - [TEST_STEP][PASSED] - click(findTestObject("APOLLO- Desktop/Collection page/Blue shirt product")): Object: 'Object Repository/APOLLO- Desktop/Collection page/Blue shirt product' is clicked on

2019-06-13 18:57:50 - [MESSAGE][PASSED] - Object: 'Object Repository/APOLLO- Desktop/Collection page/Blue shirt product' is clicked on

2019-06-13 18:57:50 - [TEST_STEP][PASSED] - delay(2): Delayed 2 second(s)

2019-06-13 18:57:52 - [MESSAGE][PASSED] - Delayed 2 second(s)

2019-06-13 18:57:52 - [TEST_STEP][PASSED] - executeJavaScript("var previewBar = document.getElementById("preview-bar-iframe"); previewBar.style.display = "none";", []): Execute JavaScript 'var previewBar = document.getElementById("preview-bar-iframe"); previewBar.style.display = "none";' successfully

2019-06-13 18:57:53 - [MESSAGE][PASSED] - Execute JavaScript 'var previewBar = document.getElementById("preview-bar-iframe"); previewBar.style.display = "none";' successfully

2019-06-13 18:57:53 - [TEST_STEP][PASSED] - delay(2): Delayed 2 second(s)

2019-06-13 18:57:55 - [MESSAGE][PASSED] - Delayed 2 second(s)

2019-06-13 18:57:55 - [TEST_STEP][PASSED] - click(findTestObject("APOLLO- Desktop/Product page/a_Shop all products")): Object: 'Object Repository/APOLLO- Desktop/Product page/a_Shop all products' is clicked on

2019-06-13 18:57:57 - [MESSAGE][PASSED] - Object: 'Object Repository/APOLLO- Desktop/Product page/a_Shop all products' is clicked on

2019-06-13 18:57:57 - [TEST_STEP][PASSED] - a = getWindowTitle(): Current window's title is: 'Products – Diff Apollo'

2019-06-13 18:57:57 - [MESSAGE][PASSED] - Current window's title is: 'Products – Diff Apollo'

2019-06-13 18:57:57 - [TEST_STEP][PASSED] - comment(" a=" + a):  a=Products – Diff Apollo

2019-06-13 18:57:57 - [MESSAGE][INFO] -  a=Products – Diff Apollo

2019-06-13 18:57:57 - [TEST_STEP][PASSED] - b = "Products – Diff Apollo": null

2019-06-13 18:57:57 - [TEST_STEP][PASSED] - if (a == b): right page

2019-06-13 18:57:57 - [TEST_STEP][PASSED] - comment("right page"): right page

2019-06-13 18:57:57 - [MESSAGE][INFO] - right page]]></system-out>
         <system-err><![CDATA[]]></system-err>
      </testcase>
      <testcase name="Test Cases/PRODUCT PAGE/Image sliders and chevrons" classname="Test Cases/PRODUCT PAGE/Image sliders and chevrons" status="FAILED">
         <failure type="FAILED" message="Test Cases/PRODUCT PAGE/Image sliders and chevrons FAILED.
Reason:
com.kms.katalon.core.exception.StepFailedException: Unable to click on object 'Object Repository/APOLLO- Desktop/Product page/Next button' (Root cause: com.kms.katalon.core.webui.exception.WebElementNotFoundException: Web element with id: 'Object Repository/APOLLO- Desktop/Product page/Next button' located by 'By.xpath: //div[@class='c-gallery-wrapper']//button[@class='c-slick__arrow c-slick__arrow--prev slick-arrow'][contains(text(),'Next')]' not found)
	at com.kms.katalon.core.keyword.internal.KeywordMain.stepFailed(KeywordMain.groovy:36)
	at com.kms.katalon.core.webui.keyword.internal.WebUIKeywordMain.stepFailed(WebUIKeywordMain.groovy:65)
	at com.kms.katalon.core.webui.keyword.internal.WebUIKeywordMain.runKeyword(WebUIKeywordMain.groovy:27)
	at com.kms.katalon.core.webui.keyword.builtin.ClickKeyword.click(ClickKeyword.groovy:86)
	at com.kms.katalon.core.webui.keyword.builtin.ClickKeyword.execute(ClickKeyword.groovy:67)
	at com.kms.katalon.core.keyword.internal.KeywordExecutor.executeKeywordForPlatform(KeywordExecutor.groovy:53)
	at com.kms.katalon.core.webui.keyword.WebUiBuiltInKeywords.click(WebUiBuiltInKeywords.groovy:616)
	at com.kms.katalon.core.webui.keyword.WebUiBuiltInKeywords$click$2.call(Unknown Source)
	at Image sliders and chevrons.run(Image sliders and chevrons:87)
	at com.kms.katalon.core.main.ScriptEngine.run(ScriptEngine.java:194)
	at com.kms.katalon.core.main.ScriptEngine.runScriptAsRawText(ScriptEngine.java:119)
	at com.kms.katalon.core.main.TestCaseExecutor.runScript(TestCaseExecutor.java:328)
	at com.kms.katalon.core.main.TestCaseExecutor.doExecute(TestCaseExecutor.java:319)
	at com.kms.katalon.core.main.TestCaseExecutor.processExecutionPhase(TestCaseExecutor.java:298)
	at com.kms.katalon.core.main.TestCaseExecutor.accessMainPhase(TestCaseExecutor.java:290)
	at com.kms.katalon.core.main.TestCaseExecutor.execute(TestCaseExecutor.java:224)
	at com.kms.katalon.core.main.TestSuiteExecutor.accessTestCaseMainPhase(TestSuiteExecutor.java:129)
	at com.kms.katalon.core.main.TestSuiteExecutor.accessTestSuiteMainPhase(TestSuiteExecutor.java:112)
	at com.kms.katalon.core.main.TestSuiteExecutor.execute(TestSuiteExecutor.java:81)
	at com.kms.katalon.core.main.TestCaseMain.startTestSuite(TestCaseMain.java:149)
	at com.kms.katalon.core.main.TestCaseMain$startTestSuite$0.call(Unknown Source)
	at TempTestSuite1560465451242.run(TempTestSuite1560465451242.groovy:36)
"/>
         <system-out><![CDATA[2019-06-13 18:57:57 - [TEST_CASE][FAILED] - Test Cases/PRODUCT PAGE/Image sliders and chevrons: Test Cases/PRODUCT PAGE/Image sliders and chevrons FAILED.
Reason:
com.kms.katalon.core.exception.StepFailedException: Unable to click on object 'Object Repository/APOLLO- Desktop/Product page/Next button' (Root cause: com.kms.katalon.core.webui.exception.WebElementNotFoundException: Web element with id: 'Object Repository/APOLLO- Desktop/Product page/Next button' located by 'By.xpath: //div[@class='c-gallery-wrapper']//button[@class='c-slick__arrow c-slick__arrow--prev slick-arrow'][contains(text(),'Next')]' not found)
	at com.kms.katalon.core.keyword.internal.KeywordMain.stepFailed(KeywordMain.groovy:36)
	at com.kms.katalon.core.webui.keyword.internal.WebUIKeywordMain.stepFailed(WebUIKeywordMain.groovy:65)
	at com.kms.katalon.core.webui.keyword.internal.WebUIKeywordMain.runKeyword(WebUIKeywordMain.groovy:27)
	at com.kms.katalon.core.webui.keyword.builtin.ClickKeyword.click(ClickKeyword.groovy:86)
	at com.kms.katalon.core.webui.keyword.builtin.ClickKeyword.execute(ClickKeyword.groovy:67)
	at com.kms.katalon.core.keyword.internal.KeywordExecutor.executeKeywordForPlatform(KeywordExecutor.groovy:53)
	at com.kms.katalon.core.webui.keyword.WebUiBuiltInKeywords.click(WebUiBuiltInKeywords.groovy:616)
	at com.kms.katalon.core.webui.keyword.WebUiBuiltInKeywords$click$2.call(Unknown Source)
	at Image sliders and chevrons.run(Image sliders and chevrons:87)
	at com.kms.katalon.core.main.ScriptEngine.run(ScriptEngine.java:194)
	at com.kms.katalon.core.main.ScriptEngine.runScriptAsRawText(ScriptEngine.java:119)
	at com.kms.katalon.core.main.TestCaseExecutor.runScript(TestCaseExecutor.java:328)
	at com.kms.katalon.core.main.TestCaseExecutor.doExecute(TestCaseExecutor.java:319)
	at com.kms.katalon.core.main.TestCaseExecutor.processExecutionPhase(TestCaseExecutor.java:298)
	at com.kms.katalon.core.main.TestCaseExecutor.accessMainPhase(TestCaseExecutor.java:290)
	at com.kms.katalon.core.main.TestCaseExecutor.execute(TestCaseExecutor.java:224)
	at com.kms.katalon.core.main.TestSuiteExecutor.accessTestCaseMainPhase(TestSuiteExecutor.java:129)
	at com.kms.katalon.core.main.TestSuiteExecutor.accessTestSuiteMainPhase(TestSuiteExecutor.java:112)
	at com.kms.katalon.core.main.TestSuiteExecutor.execute(TestSuiteExecutor.java:81)
	at com.kms.katalon.core.main.TestCaseMain.startTestSuite(TestCaseMain.java:149)
	at com.kms.katalon.core.main.TestCaseMain$startTestSuite$0.call(Unknown Source)
	at TempTestSuite1560465451242.run(TempTestSuite1560465451242.groovy:36)


2019-06-13 18:57:57 - [TEST_STEP][PASSED] - callTestCase(findTestCase("CALL - URL"), [:], STOP_ON_FAILURE): Call Test Case 'Test Cases/CALL - URL' successfully

2019-06-13 18:57:57 - [TEST_CASE][PASSED] - Test Cases/CALL - URL: Test Cases/CALL - URL

2019-06-13 18:57:57 - [TEST_STEP][PASSED] - openBrowser(""): Browser is opened with url: ''

2019-06-13 18:57:57 - [MESSAGE][WARNING] - A browser is already opened. Closing browser and opening a new one

2019-06-13 18:57:57 - [MESSAGE][INFO] - Starting 'Chrome' driver

2019-06-13 18:57:58 - [MESSAGE][PASSED] - Browser is opened with url: ''

2019-06-13 18:57:58 - [TEST_STEP][PASSED] - navigateToUrl("https://diff-apollo.myshopify.com/?_ab=0&_fd=0&_sc=1&preview_theme_id=68602101860"): Navigate to 'https://diff-apollo.myshopify.com/?_ab=0&_fd=0&_sc=1&preview_theme_id=68602101860' successfully

2019-06-13 18:58:02 - [MESSAGE][PASSED] - Navigate to 'https://diff-apollo.myshopify.com/?_ab=0&_fd=0&_sc=1&preview_theme_id=68602101860' successfully

2019-06-13 18:58:02 - [TEST_STEP][PASSED] - executeJavaScript("var previewBar = document.getElementById("preview-bar-iframe"); previewBar.style.display = "none";", []): Execute JavaScript 'var previewBar = document.getElementById("preview-bar-iframe"); previewBar.style.display = "none";' successfully

2019-06-13 18:58:02 - [MESSAGE][PASSED] - Execute JavaScript 'var previewBar = document.getElementById("preview-bar-iframe"); previewBar.style.display = "none";' successfully

2019-06-13 18:58:02 - [MESSAGE][PASSED] - Call Test Case 'Test Cases/CALL - URL' successfully

2019-06-13 18:58:02 - [TEST_STEP][PASSED] - delay(2): Delayed 2 second(s)

2019-06-13 18:58:04 - [MESSAGE][PASSED] - Delayed 2 second(s)

2019-06-13 18:58:04 - [TEST_STEP][PASSED] - click(findTestObject("APOLLO- Desktop/Burger Menu/Burgermenu")): Object: 'Object Repository/APOLLO- Desktop/Burger Menu/Burgermenu' is clicked on

2019-06-13 18:58:04 - [MESSAGE][PASSED] - Object: 'Object Repository/APOLLO- Desktop/Burger Menu/Burgermenu' is clicked on

2019-06-13 18:58:04 - [TEST_STEP][PASSED] - delay(2): Delayed 2 second(s)

2019-06-13 18:58:06 - [MESSAGE][PASSED] - Delayed 2 second(s)

2019-06-13 18:58:06 - [TEST_STEP][PASSED] - click(findTestObject("APOLLO- Desktop/Burger Menu/Mens chevron")): Object: 'Object Repository/APOLLO- Desktop/Burger Menu/Mens chevron' is clicked on

2019-06-13 18:58:06 - [MESSAGE][PASSED] - Object: 'Object Repository/APOLLO- Desktop/Burger Menu/Mens chevron' is clicked on

2019-06-13 18:58:06 - [TEST_STEP][PASSED] - delay(2): Delayed 2 second(s)

2019-06-13 18:58:08 - [MESSAGE][PASSED] - Delayed 2 second(s)

2019-06-13 18:58:08 - [TEST_STEP][PASSED] - click(findTestObject("APOLLO- Desktop/Burger Menu/Mens - Top Chevron")): Object: 'Object Repository/APOLLO- Desktop/Burger Menu/Mens - Top Chevron' is clicked on

2019-06-13 18:58:08 - [MESSAGE][PASSED] - Object: 'Object Repository/APOLLO- Desktop/Burger Menu/Mens - Top Chevron' is clicked on

2019-06-13 18:58:08 - [TEST_STEP][PASSED] - delay(2): Delayed 2 second(s)

2019-06-13 18:58:10 - [MESSAGE][PASSED] - Delayed 2 second(s)

2019-06-13 18:58:10 - [TEST_STEP][PASSED] - click(findTestObject("APOLLO- Desktop/Burger Menu/Shirts link")): Object: 'Object Repository/APOLLO- Desktop/Burger Menu/Shirts link' is clicked on

2019-06-13 18:58:11 - [MESSAGE][PASSED] - Object: 'Object Repository/APOLLO- Desktop/Burger Menu/Shirts link' is clicked on

2019-06-13 18:58:11 - [TEST_STEP][PASSED] - delay(2): Delayed 2 second(s)

2019-06-13 18:58:13 - [MESSAGE][PASSED] - Delayed 2 second(s)

2019-06-13 18:58:13 - [TEST_STEP][PASSED] - click(findTestObject("APOLLO- Desktop/Collection page/Striped T-shirt")): Object: 'Object Repository/APOLLO- Desktop/Collection page/Striped T-shirt' is clicked on

2019-06-13 18:58:16 - [MESSAGE][PASSED] - Object: 'Object Repository/APOLLO- Desktop/Collection page/Striped T-shirt' is clicked on

2019-06-13 18:58:16 - [TEST_STEP][PASSED] - delay(2): Delayed 2 second(s)

2019-06-13 18:58:18 - [MESSAGE][PASSED] - Delayed 2 second(s)

2019-06-13 18:58:18 - [TEST_STEP][PASSED] - executeJavaScript("var previewBar = document.getElementById("preview-bar-iframe"); previewBar.style.display = "none";", []): Execute JavaScript 'var previewBar = document.getElementById("preview-bar-iframe"); previewBar.style.display = "none";' successfully

2019-06-13 18:58:18 - [MESSAGE][PASSED] - Execute JavaScript 'var previewBar = document.getElementById("preview-bar-iframe"); previewBar.style.display = "none";' successfully

2019-06-13 18:58:18 - [TEST_STEP][PASSED] - delay(2): Delayed 2 second(s)

2019-06-13 18:58:20 - [MESSAGE][PASSED] - Delayed 2 second(s)

2019-06-13 18:58:20 - [TEST_STEP][PASSED] - click(findTestObject("APOLLO- Desktop/Product page/Image slider 1")): Object: 'Object Repository/APOLLO- Desktop/Product page/Image slider 1' is clicked on

2019-06-13 18:58:20 - [MESSAGE][PASSED] - Object: 'Object Repository/APOLLO- Desktop/Product page/Image slider 1' is clicked on

2019-06-13 18:58:20 - [TEST_STEP][PASSED] - delay(2): Delayed 2 second(s)

2019-06-13 18:58:22 - [MESSAGE][PASSED] - Delayed 2 second(s)

2019-06-13 18:58:22 - [TEST_STEP][PASSED] - click(findTestObject("APOLLO- Desktop/Product page/Image slider 2")): Object: 'Object Repository/APOLLO- Desktop/Product page/Image slider 2' is clicked on

2019-06-13 18:58:22 - [MESSAGE][PASSED] - Object: 'Object Repository/APOLLO- Desktop/Product page/Image slider 2' is clicked on

2019-06-13 18:58:22 - [TEST_STEP][PASSED] - delay(2): Delayed 2 second(s)

2019-06-13 18:58:24 - [MESSAGE][PASSED] - Delayed 2 second(s)

2019-06-13 18:58:24 - [TEST_STEP][PASSED] - click(findTestObject("APOLLO- Desktop/Product page/Image slider 3")): Object: 'Object Repository/APOLLO- Desktop/Product page/Image slider 3' is clicked on

2019-06-13 18:58:24 - [MESSAGE][PASSED] - Object: 'Object Repository/APOLLO- Desktop/Product page/Image slider 3' is clicked on

2019-06-13 18:58:24 - [TEST_STEP][PASSED] - delay(2): Delayed 2 second(s)

2019-06-13 18:58:26 - [MESSAGE][PASSED] - Delayed 2 second(s)

2019-06-13 18:58:26 - [TEST_STEP][PASSED] - click(findTestObject("APOLLO- Desktop/Product page/Image slider 4")): Object: 'Object Repository/APOLLO- Desktop/Product page/Image slider 4' is clicked on

2019-06-13 18:58:26 - [MESSAGE][PASSED] - Object: 'Object Repository/APOLLO- Desktop/Product page/Image slider 4' is clicked on

2019-06-13 18:58:26 - [TEST_STEP][PASSED] - delay(2): Delayed 2 second(s)

2019-06-13 18:58:28 - [MESSAGE][PASSED] - Delayed 2 second(s)

2019-06-13 18:58:28 - [TEST_STEP][PASSED] - click(findTestObject("APOLLO- Desktop/Product page/Image slider 5")): Object: 'Object Repository/APOLLO- Desktop/Product page/Image slider 5' is clicked on

2019-06-13 18:58:28 - [MESSAGE][PASSED] - Object: 'Object Repository/APOLLO- Desktop/Product page/Image slider 5' is clicked on

2019-06-13 18:58:28 - [TEST_STEP][PASSED] - delay(2): Delayed 2 second(s)

2019-06-13 18:58:30 - [MESSAGE][PASSED] - Delayed 2 second(s)

2019-06-13 18:58:30 - [TEST_STEP][PASSED] - click(findTestObject("APOLLO- Desktop/Product page/Image slider 7")): Object: 'Object Repository/APOLLO- Desktop/Product page/Image slider 7' is clicked on

2019-06-13 18:58:30 - [MESSAGE][PASSED] - Object: 'Object Repository/APOLLO- Desktop/Product page/Image slider 7' is clicked on

2019-06-13 18:58:30 - [TEST_STEP][PASSED] - delay(2): Delayed 2 second(s)

2019-06-13 18:58:32 - [MESSAGE][PASSED] - Delayed 2 second(s)

2019-06-13 18:58:32 - [TEST_STEP][PASSED] - click(findTestObject("APOLLO- Desktop/Product page/Image slider 8")): Object: 'Object Repository/APOLLO- Desktop/Product page/Image slider 8' is clicked on

2019-06-13 18:58:32 - [MESSAGE][PASSED] - Object: 'Object Repository/APOLLO- Desktop/Product page/Image slider 8' is clicked on

2019-06-13 18:58:32 - [TEST_STEP][NOT_RUN] - delay(2): NOT_RUN: delay(2)

2019-06-13 18:58:32 - [MESSAGE][NOT_RUN] - NOT_RUN: delay(2)

2019-06-13 18:58:32 - [TEST_STEP][PASSED] - delay(2): Delayed 2 second(s)

2019-06-13 18:58:34 - [MESSAGE][PASSED] - Delayed 2 second(s)

2019-06-13 18:58:34 - [TEST_STEP][NOT_RUN] - mouseOver(findTestObject("APOLLO- Desktop/Product page/Next button")): NOT_RUN: mouseOver(findTestObject("APOLLO- Desktop/Product page/Next button"))

2019-06-13 18:58:34 - [MESSAGE][NOT_RUN] - NOT_RUN: mouseOver(findTestObject("APOLLO- Desktop/Product page/Next button"))

2019-06-13 18:58:34 - [TEST_STEP][PASSED] - delay(2): Delayed 2 second(s)

2019-06-13 18:58:36 - [MESSAGE][PASSED] - Delayed 2 second(s)

2019-06-13 18:58:36 - [TEST_STEP][PASSED] - mouseOver(findTestObject("APOLLO- Desktop/Product page/Previous button")): Object: 'Object Repository/APOLLO- Desktop/Product page/Previous button' is hovered

2019-06-13 18:58:36 - [MESSAGE][PASSED] - Object: 'Object Repository/APOLLO- Desktop/Product page/Previous button' is hovered

2019-06-13 18:58:36 - [TEST_STEP][PASSED] - delay(2): Delayed 2 second(s)

2019-06-13 18:58:38 - [MESSAGE][PASSED] - Delayed 2 second(s)

2019-06-13 18:58:38 - [TEST_STEP][PASSED] - click(findTestObject("APOLLO- Desktop/Product page/Previous button")): Object: 'Object Repository/APOLLO- Desktop/Product page/Previous button' is clicked on

2019-06-13 18:58:38 - [MESSAGE][PASSED] - Object: 'Object Repository/APOLLO- Desktop/Product page/Previous button' is clicked on

2019-06-13 18:58:38 - [TEST_STEP][PASSED] - delay(2): Delayed 2 second(s)

2019-06-13 18:58:40 - [MESSAGE][PASSED] - Delayed 2 second(s)

2019-06-13 18:58:40 - [TEST_STEP][FAILED] - click(findTestObject("APOLLO- Desktop/Product page/Next button")): click(findTestObject("APOLLO- Desktop/Product page/Next button")) FAILED.
Reason:
com.kms.katalon.core.exception.StepFailedException: Unable to click on object 'Object Repository/APOLLO- Desktop/Product page/Next button' (Root cause: com.kms.katalon.core.webui.exception.WebElementNotFoundException: Web element with id: 'Object Repository/APOLLO- Desktop/Product page/Next button' located by 'By.xpath: //div[@class='c-gallery-wrapper']//button[@class='c-slick__arrow c-slick__arrow--prev slick-arrow'][contains(text(),'Next')]' not found)
	at com.kms.katalon.core.keyword.internal.KeywordMain.stepFailed(KeywordMain.groovy:36)
	at com.kms.katalon.core.webui.keyword.internal.WebUIKeywordMain.stepFailed(WebUIKeywordMain.groovy:65)
	at com.kms.katalon.core.webui.keyword.internal.WebUIKeywordMain.runKeyword(WebUIKeywordMain.groovy:27)
	at com.kms.katalon.core.webui.keyword.builtin.ClickKeyword.click(ClickKeyword.groovy:86)
	at com.kms.katalon.core.webui.keyword.builtin.ClickKeyword.execute(ClickKeyword.groovy:67)
	at com.kms.katalon.core.keyword.internal.KeywordExecutor.executeKeywordForPlatform(KeywordExecutor.groovy:53)
	at com.kms.katalon.core.webui.keyword.WebUiBuiltInKeywords.click(WebUiBuiltInKeywords.groovy:616)
	at com.kms.katalon.core.webui.keyword.WebUiBuiltInKeywords$click$2.call(Unknown Source)
	at Image sliders and chevrons.run(Image sliders and chevrons:87)
	at com.kms.katalon.core.main.ScriptEngine.run(ScriptEngine.java:194)
	at com.kms.katalon.core.main.ScriptEngine.runScriptAsRawText(ScriptEngine.java:119)
	at com.kms.katalon.core.main.TestCaseExecutor.runScript(TestCaseExecutor.java:328)
	at com.kms.katalon.core.main.TestCaseExecutor.doExecute(TestCaseExecutor.java:319)
	at com.kms.katalon.core.main.TestCaseExecutor.processExecutionPhase(TestCaseExecutor.java:298)
	at com.kms.katalon.core.main.TestCaseExecutor.accessMainPhase(TestCaseExecutor.java:290)
	at com.kms.katalon.core.main.TestCaseExecutor.execute(TestCaseExecutor.java:224)
	at com.kms.katalon.core.main.TestSuiteExecutor.accessTestCaseMainPhase(TestSuiteExecutor.java:129)
	at com.kms.katalon.core.main.TestSuiteExecutor.accessTestSuiteMainPhase(TestSuiteExecutor.java:112)
	at com.kms.katalon.core.main.TestSuiteExecutor.execute(TestSuiteExecutor.java:81)
	at com.kms.katalon.core.main.TestCaseMain.startTestSuite(TestCaseMain.java:149)
	at com.kms.katalon.core.main.TestCaseMain$startTestSuite$0.call(Unknown Source)
	at TempTestSuite1560465451242.run(TempTestSuite1560465451242.groovy:36)


2019-06-13 18:59:11 - [MESSAGE][INFO] - Unable to find the element located by 'By.xpath: //div[@class='c-gallery-wrapper']//button[@class='c-slick__arrow c-slick__arrow--prev slick-arrow'][contains(text(),'Next')]'. Please recheck the objects properties to make sure the desired element is located. 

2019-06-13 18:59:12 - [MESSAGE][FAILED] - Unable to click on object 'Object Repository/APOLLO- Desktop/Product page/Next button' (Root cause: com.kms.katalon.core.webui.exception.WebElementNotFoundException: Web element with id: 'Object Repository/APOLLO- Desktop/Product page/Next button' located by 'By.xpath: //div[@class='c-gallery-wrapper']//button[@class='c-slick__arrow c-slick__arrow--prev slick-arrow'][contains(text(),'Next')]' not found)
[[ATTACHMENT|/Users/sumankompelly/Katalon Studio/APOLLO/Reports/Trial/20190613_183731/1560466751727.png]]

2019-06-13 18:59:12 - [MESSAGE][FAILED] - click(findTestObject("APOLLO- Desktop/Product page/Next button")) FAILED.
Reason:
com.kms.katalon.core.exception.StepFailedException: Unable to click on object 'Object Repository/APOLLO- Desktop/Product page/Next button' (Root cause: com.kms.katalon.core.webui.exception.WebElementNotFoundException: Web element with id: 'Object Repository/APOLLO- Desktop/Product page/Next button' located by 'By.xpath: //div[@class='c-gallery-wrapper']//button[@class='c-slick__arrow c-slick__arrow--prev slick-arrow'][contains(text(),'Next')]' not found)
	at com.kms.katalon.core.keyword.internal.KeywordMain.stepFailed(KeywordMain.groovy:36)
	at com.kms.katalon.core.webui.keyword.internal.WebUIKeywordMain.stepFailed(WebUIKeywordMain.groovy:65)
	at com.kms.katalon.core.webui.keyword.internal.WebUIKeywordMain.runKeyword(WebUIKeywordMain.groovy:27)
	at com.kms.katalon.core.webui.keyword.builtin.ClickKeyword.click(ClickKeyword.groovy:86)
	at com.kms.katalon.core.webui.keyword.builtin.ClickKeyword.execute(ClickKeyword.groovy:67)
	at com.kms.katalon.core.keyword.internal.KeywordExecutor.executeKeywordForPlatform(KeywordExecutor.groovy:53)
	at com.kms.katalon.core.webui.keyword.WebUiBuiltInKeywords.click(WebUiBuiltInKeywords.groovy:616)
	at com.kms.katalon.core.webui.keyword.WebUiBuiltInKeywords$click$2.call(Unknown Source)
	at Image sliders and chevrons.run(Image sliders and chevrons:87)
	at com.kms.katalon.core.main.ScriptEngine.run(ScriptEngine.java:194)
	at com.kms.katalon.core.main.ScriptEngine.runScriptAsRawText(ScriptEngine.java:119)
	at com.kms.katalon.core.main.TestCaseExecutor.runScript(TestCaseExecutor.java:328)
	at com.kms.katalon.core.main.TestCaseExecutor.doExecute(TestCaseExecutor.java:319)
	at com.kms.katalon.core.main.TestCaseExecutor.processExecutionPhase(TestCaseExecutor.java:298)
	at com.kms.katalon.core.main.TestCaseExecutor.accessMainPhase(TestCaseExecutor.java:290)
	at com.kms.katalon.core.main.TestCaseExecutor.execute(TestCaseExecutor.java:224)
	at com.kms.katalon.core.main.TestSuiteExecutor.accessTestCaseMainPhase(TestSuiteExecutor.java:129)
	at com.kms.katalon.core.main.TestSuiteExecutor.accessTestSuiteMainPhase(TestSuiteExecutor.java:112)
	at com.kms.katalon.core.main.TestSuiteExecutor.execute(TestSuiteExecutor.java:81)
	at com.kms.katalon.core.main.TestCaseMain.startTestSuite(TestCaseMain.java:149)
	at com.kms.katalon.core.main.TestCaseMain$startTestSuite$0.call(Unknown Source)
	at TempTestSuite1560465451242.run(TempTestSuite1560465451242.groovy:36)]]></system-out>
         <system-err><![CDATA[2019-06-13 18:57:57 - [TEST_CASE][FAILED] - Test Cases/PRODUCT PAGE/Image sliders and chevrons: Test Cases/PRODUCT PAGE/Image sliders and chevrons FAILED.
Reason:
com.kms.katalon.core.exception.StepFailedException: Unable to click on object 'Object Repository/APOLLO- Desktop/Product page/Next button' (Root cause: com.kms.katalon.core.webui.exception.WebElementNotFoundException: Web element with id: 'Object Repository/APOLLO- Desktop/Product page/Next button' located by 'By.xpath: //div[@class='c-gallery-wrapper']//button[@class='c-slick__arrow c-slick__arrow--prev slick-arrow'][contains(text(),'Next')]' not found)
	at com.kms.katalon.core.keyword.internal.KeywordMain.stepFailed(KeywordMain.groovy:36)
	at com.kms.katalon.core.webui.keyword.internal.WebUIKeywordMain.stepFailed(WebUIKeywordMain.groovy:65)
	at com.kms.katalon.core.webui.keyword.internal.WebUIKeywordMain.runKeyword(WebUIKeywordMain.groovy:27)
	at com.kms.katalon.core.webui.keyword.builtin.ClickKeyword.click(ClickKeyword.groovy:86)
	at com.kms.katalon.core.webui.keyword.builtin.ClickKeyword.execute(ClickKeyword.groovy:67)
	at com.kms.katalon.core.keyword.internal.KeywordExecutor.executeKeywordForPlatform(KeywordExecutor.groovy:53)
	at com.kms.katalon.core.webui.keyword.WebUiBuiltInKeywords.click(WebUiBuiltInKeywords.groovy:616)
	at com.kms.katalon.core.webui.keyword.WebUiBuiltInKeywords$click$2.call(Unknown Source)
	at Image sliders and chevrons.run(Image sliders and chevrons:87)
	at com.kms.katalon.core.main.ScriptEngine.run(ScriptEngine.java:194)
	at com.kms.katalon.core.main.ScriptEngine.runScriptAsRawText(ScriptEngine.java:119)
	at com.kms.katalon.core.main.TestCaseExecutor.runScript(TestCaseExecutor.java:328)
	at com.kms.katalon.core.main.TestCaseExecutor.doExecute(TestCaseExecutor.java:319)
	at com.kms.katalon.core.main.TestCaseExecutor.processExecutionPhase(TestCaseExecutor.java:298)
	at com.kms.katalon.core.main.TestCaseExecutor.accessMainPhase(TestCaseExecutor.java:290)
	at com.kms.katalon.core.main.TestCaseExecutor.execute(TestCaseExecutor.java:224)
	at com.kms.katalon.core.main.TestSuiteExecutor.accessTestCaseMainPhase(TestSuiteExecutor.java:129)
	at com.kms.katalon.core.main.TestSuiteExecutor.accessTestSuiteMainPhase(TestSuiteExecutor.java:112)
	at com.kms.katalon.core.main.TestSuiteExecutor.execute(TestSuiteExecutor.java:81)
	at com.kms.katalon.core.main.TestCaseMain.startTestSuite(TestCaseMain.java:149)
	at com.kms.katalon.core.main.TestCaseMain$startTestSuite$0.call(Unknown Source)
	at TempTestSuite1560465451242.run(TempTestSuite1560465451242.groovy:36)]]></system-err>
      </testcase>
      <testcase name="Test Cases/CRITICAL PATH/Home page - add to bag CTA" classname="Test Cases/CRITICAL PATH/Home page - add to bag CTA" status="FAILED">
         <failure type="FAILED" message="Test Cases/CRITICAL PATH/Home page - add to bag CTA FAILED.
Reason:
com.kms.katalon.core.exception.StepFailedException: Object 'Object Repository/APOLLO- Desktop/Product page/Add to bag' is NOT clickable
	at com.kms.katalon.core.keyword.internal.KeywordMain.stepFailed(KeywordMain.groovy:32)
	at com.kms.katalon.core.webui.keyword.internal.WebUIKeywordMain.stepFailed(WebUIKeywordMain.groovy:65)
	at com.kms.katalon.core.webui.keyword.builtin.VerifyElementClickableKeyword$_verifyElementClickable_closure1.doCall(VerifyElementClickableKeyword.groovy:83)
	at com.kms.katalon.core.webui.keyword.builtin.VerifyElementClickableKeyword$_verifyElementClickable_closure1.call(VerifyElementClickableKeyword.groovy)
	at com.kms.katalon.core.webui.keyword.internal.WebUIKeywordMain.runKeyword(WebUIKeywordMain.groovy:21)
	at com.kms.katalon.core.webui.keyword.builtin.VerifyElementClickableKeyword.verifyElementClickable(VerifyElementClickableKeyword.groovy:96)
	at com.kms.katalon.core.webui.keyword.builtin.VerifyElementClickableKeyword.execute(VerifyElementClickableKeyword.groovy:67)
	at com.kms.katalon.core.keyword.internal.KeywordExecutor.executeKeywordForPlatform(KeywordExecutor.groovy:53)
	at com.kms.katalon.core.webui.keyword.WebUiBuiltInKeywords.verifyElementClickable(WebUiBuiltInKeywords.groovy:548)
	at com.kms.katalon.core.webui.keyword.WebUiBuiltInKeywords$verifyElementClickable$16.call(Unknown Source)
	at Home page - add to bag CTA.run(Home page - add to bag CTA:116)
	at com.kms.katalon.core.main.ScriptEngine.run(ScriptEngine.java:194)
	at com.kms.katalon.core.main.ScriptEngine.runScriptAsRawText(ScriptEngine.java:119)
	at com.kms.katalon.core.main.TestCaseExecutor.runScript(TestCaseExecutor.java:328)
	at com.kms.katalon.core.main.TestCaseExecutor.doExecute(TestCaseExecutor.java:319)
	at com.kms.katalon.core.main.TestCaseExecutor.processExecutionPhase(TestCaseExecutor.java:298)
	at com.kms.katalon.core.main.TestCaseExecutor.accessMainPhase(TestCaseExecutor.java:290)
	at com.kms.katalon.core.main.TestCaseExecutor.execute(TestCaseExecutor.java:224)
	at com.kms.katalon.core.main.TestSuiteExecutor.accessTestCaseMainPhase(TestSuiteExecutor.java:129)
	at com.kms.katalon.core.main.TestSuiteExecutor.accessTestSuiteMainPhase(TestSuiteExecutor.java:112)
	at com.kms.katalon.core.main.TestSuiteExecutor.execute(TestSuiteExecutor.java:81)
	at com.kms.katalon.core.main.TestCaseMain.startTestSuite(TestCaseMain.java:149)
	at com.kms.katalon.core.main.TestCaseMain$startTestSuite$0.call(Unknown Source)
	at TempTestSuite1560465451242.run(TempTestSuite1560465451242.groovy:36)
"/>
         <system-out><![CDATA[2019-06-13 18:59:12 - [TEST_CASE][FAILED] - Test Cases/CRITICAL PATH/Home page - add to bag CTA: Test Cases/CRITICAL PATH/Home page - add to bag CTA FAILED.
Reason:
com.kms.katalon.core.exception.StepFailedException: Object 'Object Repository/APOLLO- Desktop/Product page/Add to bag' is NOT clickable
	at com.kms.katalon.core.keyword.internal.KeywordMain.stepFailed(KeywordMain.groovy:32)
	at com.kms.katalon.core.webui.keyword.internal.WebUIKeywordMain.stepFailed(WebUIKeywordMain.groovy:65)
	at com.kms.katalon.core.webui.keyword.builtin.VerifyElementClickableKeyword$_verifyElementClickable_closure1.doCall(VerifyElementClickableKeyword.groovy:83)
	at com.kms.katalon.core.webui.keyword.builtin.VerifyElementClickableKeyword$_verifyElementClickable_closure1.call(VerifyElementClickableKeyword.groovy)
	at com.kms.katalon.core.webui.keyword.internal.WebUIKeywordMain.runKeyword(WebUIKeywordMain.groovy:21)
	at com.kms.katalon.core.webui.keyword.builtin.VerifyElementClickableKeyword.verifyElementClickable(VerifyElementClickableKeyword.groovy:96)
	at com.kms.katalon.core.webui.keyword.builtin.VerifyElementClickableKeyword.execute(VerifyElementClickableKeyword.groovy:67)
	at com.kms.katalon.core.keyword.internal.KeywordExecutor.executeKeywordForPlatform(KeywordExecutor.groovy:53)
	at com.kms.katalon.core.webui.keyword.WebUiBuiltInKeywords.verifyElementClickable(WebUiBuiltInKeywords.groovy:548)
	at com.kms.katalon.core.webui.keyword.WebUiBuiltInKeywords$verifyElementClickable$16.call(Unknown Source)
	at Home page - add to bag CTA.run(Home page - add to bag CTA:116)
	at com.kms.katalon.core.main.ScriptEngine.run(ScriptEngine.java:194)
	at com.kms.katalon.core.main.ScriptEngine.runScriptAsRawText(ScriptEngine.java:119)
	at com.kms.katalon.core.main.TestCaseExecutor.runScript(TestCaseExecutor.java:328)
	at com.kms.katalon.core.main.TestCaseExecutor.doExecute(TestCaseExecutor.java:319)
	at com.kms.katalon.core.main.TestCaseExecutor.processExecutionPhase(TestCaseExecutor.java:298)
	at com.kms.katalon.core.main.TestCaseExecutor.accessMainPhase(TestCaseExecutor.java:290)
	at com.kms.katalon.core.main.TestCaseExecutor.execute(TestCaseExecutor.java:224)
	at com.kms.katalon.core.main.TestSuiteExecutor.accessTestCaseMainPhase(TestSuiteExecutor.java:129)
	at com.kms.katalon.core.main.TestSuiteExecutor.accessTestSuiteMainPhase(TestSuiteExecutor.java:112)
	at com.kms.katalon.core.main.TestSuiteExecutor.execute(TestSuiteExecutor.java:81)
	at com.kms.katalon.core.main.TestCaseMain.startTestSuite(TestCaseMain.java:149)
	at com.kms.katalon.core.main.TestCaseMain$startTestSuite$0.call(Unknown Source)
	at TempTestSuite1560465451242.run(TempTestSuite1560465451242.groovy:36)


2019-06-13 18:59:12 - [TEST_STEP][PASSED] - callTestCase(findTestCase("CALL - URL"), [:], STOP_ON_FAILURE): Call Test Case 'Test Cases/CALL - URL' successfully

2019-06-13 18:59:12 - [TEST_CASE][PASSED] - Test Cases/CALL - URL: Test Cases/CALL - URL

2019-06-13 18:59:12 - [TEST_STEP][PASSED] - openBrowser(""): Browser is opened with url: ''

2019-06-13 18:59:12 - [MESSAGE][WARNING] - A browser is already opened. Closing browser and opening a new one

2019-06-13 18:59:12 - [MESSAGE][INFO] - Starting 'Chrome' driver

2019-06-13 18:59:13 - [MESSAGE][PASSED] - Browser is opened with url: ''

2019-06-13 18:59:13 - [TEST_STEP][PASSED] - navigateToUrl("https://diff-apollo.myshopify.com/?_ab=0&_fd=0&_sc=1&preview_theme_id=68602101860"): Navigate to 'https://diff-apollo.myshopify.com/?_ab=0&_fd=0&_sc=1&preview_theme_id=68602101860' successfully

2019-06-13 18:59:16 - [MESSAGE][PASSED] - Navigate to 'https://diff-apollo.myshopify.com/?_ab=0&_fd=0&_sc=1&preview_theme_id=68602101860' successfully

2019-06-13 18:59:16 - [TEST_STEP][PASSED] - executeJavaScript("var previewBar = document.getElementById("preview-bar-iframe"); previewBar.style.display = "none";", []): Execute JavaScript 'var previewBar = document.getElementById("preview-bar-iframe"); previewBar.style.display = "none";' successfully

2019-06-13 18:59:16 - [MESSAGE][PASSED] - Execute JavaScript 'var previewBar = document.getElementById("preview-bar-iframe"); previewBar.style.display = "none";' successfully

2019-06-13 18:59:16 - [MESSAGE][PASSED] - Call Test Case 'Test Cases/CALL - URL' successfully

2019-06-13 18:59:16 - [TEST_STEP][PASSED] - flag = verifyElementClickable(findTestObject("APOLLO- Desktop/Home page/Navy variant")): Object 'Object Repository/APOLLO- Desktop/Home page/Navy variant' is clickable

2019-06-13 18:59:17 - [MESSAGE][PASSED] - Object 'Object Repository/APOLLO- Desktop/Home page/Navy variant' is clickable

2019-06-13 18:59:17 - [TEST_STEP][PASSED] - comment("flag=" + flag): flag=true

2019-06-13 18:59:17 - [MESSAGE][INFO] - flag=true

2019-06-13 18:59:17 - [TEST_STEP][PASSED] - if (flag == true): Object: 'Object Repository/APOLLO- Desktop/Product page/Add to bag' is clicked on

2019-06-13 18:59:17 - [TEST_STEP][PASSED] - click(findTestObject("APOLLO- Desktop/Home page/Navy variant")): Object: 'Object Repository/APOLLO- Desktop/Home page/Navy variant' is clicked on

2019-06-13 18:59:17 - [MESSAGE][PASSED] - Object: 'Object Repository/APOLLO- Desktop/Home page/Navy variant' is clicked on

2019-06-13 18:59:17 - [TEST_STEP][PASSED] - delay(1): Delayed 1 second(s)

2019-06-13 18:59:18 - [MESSAGE][PASSED] - Delayed 1 second(s)

2019-06-13 18:59:18 - [TEST_STEP][PASSED] - a = verifyElementClickable(findTestObject("APOLLO- Desktop/Product page/Add to bag"), CONTINUE_ON_FAILURE): Object 'Object Repository/APOLLO- Desktop/Product page/Add to bag' is clickable

2019-06-13 18:59:18 - [MESSAGE][PASSED] - Object 'Object Repository/APOLLO- Desktop/Product page/Add to bag' is clickable

2019-06-13 18:59:18 - [TEST_STEP][PASSED] - comment("a=" + a): a=true

2019-06-13 18:59:18 - [MESSAGE][INFO] - a=true

2019-06-13 18:59:18 - [TEST_STEP][PASSED] - if (a == true): Object: 'Object Repository/APOLLO- Desktop/Product page/Add to bag' is clicked on

2019-06-13 18:59:18 - [TEST_STEP][PASSED] - click(findTestObject("APOLLO- Desktop/Product page/Add to bag")): Object: 'Object Repository/APOLLO- Desktop/Product page/Add to bag' is clicked on

2019-06-13 18:59:18 - [MESSAGE][PASSED] - Object: 'Object Repository/APOLLO- Desktop/Product page/Add to bag' is clicked on

2019-06-13 18:59:18 - [TEST_STEP][PASSED] - delay(2): Delayed 2 second(s)

2019-06-13 18:59:20 - [MESSAGE][PASSED] - Delayed 2 second(s)

2019-06-13 18:59:20 - [TEST_STEP][PASSED] - click(findTestObject("APOLLO- Desktop/Cart flyout/Cart collapse")): Object: 'Object Repository/APOLLO- Desktop/Cart flyout/Cart collapse' is clicked on

2019-06-13 18:59:20 - [MESSAGE][PASSED] - Object: 'Object Repository/APOLLO- Desktop/Cart flyout/Cart collapse' is clicked on

2019-06-13 18:59:20 - [TEST_STEP][PASSED] - delay(1): Delayed 1 second(s)

2019-06-13 18:59:21 - [MESSAGE][PASSED] - Delayed 1 second(s)

2019-06-13 18:59:21 - [TEST_STEP][PASSED] - flag1 = verifyElementClickable(findTestObject("APOLLO- Desktop/Home page/Grey variant")): Object 'Object Repository/APOLLO- Desktop/Home page/Grey variant' is clickable

2019-06-13 18:59:21 - [MESSAGE][PASSED] - Object 'Object Repository/APOLLO- Desktop/Home page/Grey variant' is clickable

2019-06-13 18:59:21 - [TEST_STEP][PASSED] - comment("flag1=" + flag1): flag1=true

2019-06-13 18:59:21 - [MESSAGE][INFO] - flag1=true

2019-06-13 18:59:21 - [TEST_STEP][PASSED] - if (flag1 == true): Object: 'Object Repository/APOLLO- Desktop/Product page/Add to bag' is clicked on

2019-06-13 18:59:21 - [TEST_STEP][PASSED] - click(findTestObject("APOLLO- Desktop/Home page/Grey variant")): Object: 'Object Repository/APOLLO- Desktop/Home page/Grey variant' is clicked on

2019-06-13 18:59:21 - [MESSAGE][PASSED] - Object: 'Object Repository/APOLLO- Desktop/Home page/Grey variant' is clicked on

2019-06-13 18:59:21 - [TEST_STEP][PASSED] - delay(1): Delayed 1 second(s)

2019-06-13 18:59:22 - [MESSAGE][PASSED] - Delayed 1 second(s)

2019-06-13 18:59:22 - [TEST_STEP][PASSED] - a1 = verifyElementClickable(findTestObject("APOLLO- Desktop/Product page/Add to bag"), CONTINUE_ON_FAILURE): Object 'Object Repository/APOLLO- Desktop/Product page/Add to bag' is clickable

2019-06-13 18:59:22 - [MESSAGE][PASSED] - Object 'Object Repository/APOLLO- Desktop/Product page/Add to bag' is clickable

2019-06-13 18:59:22 - [TEST_STEP][PASSED] - comment("a1=" + a1): a1=true

2019-06-13 18:59:22 - [MESSAGE][INFO] - a1=true

2019-06-13 18:59:22 - [TEST_STEP][PASSED] - if (a1 == true): Object: 'Object Repository/APOLLO- Desktop/Product page/Add to bag' is clicked on

2019-06-13 18:59:22 - [TEST_STEP][PASSED] - click(findTestObject("APOLLO- Desktop/Product page/Add to bag")): Object: 'Object Repository/APOLLO- Desktop/Product page/Add to bag' is clicked on

2019-06-13 18:59:22 - [MESSAGE][PASSED] - Object: 'Object Repository/APOLLO- Desktop/Product page/Add to bag' is clicked on

2019-06-13 18:59:22 - [TEST_STEP][PASSED] - delay(2): Delayed 2 second(s)

2019-06-13 18:59:24 - [MESSAGE][PASSED] - Delayed 2 second(s)

2019-06-13 18:59:24 - [TEST_STEP][PASSED] - click(findTestObject("APOLLO- Desktop/Cart flyout/Cart collapse")): Object: 'Object Repository/APOLLO- Desktop/Cart flyout/Cart collapse' is clicked on

2019-06-13 18:59:24 - [MESSAGE][PASSED] - Object: 'Object Repository/APOLLO- Desktop/Cart flyout/Cart collapse' is clicked on

2019-06-13 18:59:24 - [TEST_STEP][PASSED] - delay(1): Delayed 1 second(s)

2019-06-13 18:59:25 - [MESSAGE][PASSED] - Delayed 1 second(s)

2019-06-13 18:59:25 - [TEST_STEP][PASSED] - flag2 = verifyElementClickable(findTestObject("APOLLO- Desktop/Home page/White variant")): Object 'Object Repository/APOLLO- Desktop/Home page/White variant' is clickable

2019-06-13 18:59:25 - [MESSAGE][PASSED] - Object 'Object Repository/APOLLO- Desktop/Home page/White variant' is clickable

2019-06-13 18:59:25 - [TEST_STEP][PASSED] - comment("flag2=" + flag2): flag2=true

2019-06-13 18:59:25 - [MESSAGE][INFO] - flag2=true

2019-06-13 18:59:25 - [TEST_STEP][PASSED] - if (flag2 == true): Object: 'Object Repository/APOLLO- Desktop/Product page/Add to bag' is clicked on

2019-06-13 18:59:25 - [TEST_STEP][PASSED] - click(findTestObject("APOLLO- Desktop/Home page/White variant")): Object: 'Object Repository/APOLLO- Desktop/Home page/White variant' is clicked on

2019-06-13 18:59:25 - [MESSAGE][PASSED] - Object: 'Object Repository/APOLLO- Desktop/Home page/White variant' is clicked on

2019-06-13 18:59:25 - [TEST_STEP][PASSED] - delay(1): Delayed 1 second(s)

2019-06-13 18:59:26 - [MESSAGE][PASSED] - Delayed 1 second(s)

2019-06-13 18:59:26 - [TEST_STEP][PASSED] - a2 = verifyElementClickable(findTestObject("APOLLO- Desktop/Product page/Add to bag"), CONTINUE_ON_FAILURE): Object 'Object Repository/APOLLO- Desktop/Product page/Add to bag' is clickable

2019-06-13 18:59:27 - [MESSAGE][PASSED] - Object 'Object Repository/APOLLO- Desktop/Product page/Add to bag' is clickable

2019-06-13 18:59:27 - [TEST_STEP][PASSED] - comment("a2=" + a2): a2=true

2019-06-13 18:59:27 - [MESSAGE][INFO] - a2=true

2019-06-13 18:59:27 - [TEST_STEP][PASSED] - if (a2 == true): Object: 'Object Repository/APOLLO- Desktop/Product page/Add to bag' is clicked on

2019-06-13 18:59:27 - [TEST_STEP][PASSED] - click(findTestObject("APOLLO- Desktop/Product page/Add to bag")): Object: 'Object Repository/APOLLO- Desktop/Product page/Add to bag' is clicked on

2019-06-13 18:59:27 - [MESSAGE][PASSED] - Object: 'Object Repository/APOLLO- Desktop/Product page/Add to bag' is clicked on

2019-06-13 18:59:27 - [TEST_STEP][PASSED] - delay(2): Delayed 2 second(s)

2019-06-13 18:59:29 - [MESSAGE][PASSED] - Delayed 2 second(s)

2019-06-13 18:59:29 - [TEST_STEP][PASSED] - click(findTestObject("APOLLO- Desktop/Cart flyout/Cart collapse")): Object: 'Object Repository/APOLLO- Desktop/Cart flyout/Cart collapse' is clicked on

2019-06-13 18:59:29 - [MESSAGE][PASSED] - Object: 'Object Repository/APOLLO- Desktop/Cart flyout/Cart collapse' is clicked on

2019-06-13 18:59:29 - [TEST_STEP][PASSED] - delay(1): Delayed 1 second(s)

2019-06-13 18:59:30 - [MESSAGE][PASSED] - Delayed 1 second(s)

2019-06-13 18:59:30 - [TEST_STEP][PASSED] - flag3 = verifyElementClickable(findTestObject("APOLLO- Desktop/Home page/Black variant")): Object 'Object Repository/APOLLO- Desktop/Home page/Black variant' is clickable

2019-06-13 18:59:30 - [MESSAGE][PASSED] - Object 'Object Repository/APOLLO- Desktop/Home page/Black variant' is clickable

2019-06-13 18:59:30 - [TEST_STEP][PASSED] - comment("flag3=" + flag3): flag3=true

2019-06-13 18:59:30 - [MESSAGE][INFO] - flag3=true

2019-06-13 18:59:30 - [TEST_STEP][FAILED] - if (flag3 == true):  product sold out 

2019-06-13 18:59:30 - [TEST_STEP][PASSED] - click(findTestObject("APOLLO- Desktop/Home page/Black variant")): Object: 'Object Repository/APOLLO- Desktop/Home page/Black variant' is clicked on

2019-06-13 18:59:30 - [MESSAGE][PASSED] - Object: 'Object Repository/APOLLO- Desktop/Home page/Black variant' is clicked on

2019-06-13 18:59:30 - [TEST_STEP][PASSED] - delay(1): Delayed 1 second(s)

2019-06-13 18:59:31 - [MESSAGE][PASSED] - Delayed 1 second(s)

2019-06-13 18:59:31 - [TEST_STEP][FAILED] - a3 = verifyElementClickable(findTestObject("APOLLO- Desktop/Product page/Add to bag"), CONTINUE_ON_FAILURE): Object 'Object Repository/APOLLO- Desktop/Product page/Add to bag' is NOT clickable

2019-06-13 18:59:31 - [MESSAGE][FAILED] - Object 'Object Repository/APOLLO- Desktop/Product page/Add to bag' is NOT clickable
[[ATTACHMENT|/Users/sumankompelly/Katalon Studio/APOLLO/Reports/Trial/20190613_183731/1560466771307.png]]

2019-06-13 18:59:31 - [TEST_STEP][PASSED] - comment("a3=" + a3): a3=false

2019-06-13 18:59:31 - [MESSAGE][INFO] - a3=false

2019-06-13 18:59:31 - [TEST_STEP][PASSED] - if (a3 == true): null

2019-06-13 18:59:31 - [TEST_STEP][PASSED] - else:  product sold out 

2019-06-13 18:59:31 - [TEST_STEP][PASSED] - comment(" product sold out "):  product sold out 

2019-06-13 18:59:31 - [MESSAGE][INFO] -  product sold out 

2019-06-13 18:59:31 - [TEST_STEP][PASSED] - delay(2): Delayed 2 second(s)

2019-06-13 18:59:33 - [MESSAGE][PASSED] - Delayed 2 second(s)

2019-06-13 18:59:33 - [TEST_STEP][PASSED] - click(findTestObject("APOLLO- Desktop/Home page/cart icon open")): Object: 'Object Repository/APOLLO- Desktop/Home page/cart icon open' is clicked on

2019-06-13 18:59:33 - [MESSAGE][PASSED] - Object: 'Object Repository/APOLLO- Desktop/Home page/cart icon open' is clicked on

2019-06-13 18:59:33 - [TEST_STEP][PASSED] - delay(2): Delayed 2 second(s)

2019-06-13 18:59:35 - [MESSAGE][PASSED] - Delayed 2 second(s)

2019-06-13 18:59:35 - [TEST_STEP][PASSED] - click(findTestObject("APOLLO- Desktop/Cart flyout/Checkout")): Object: 'Object Repository/APOLLO- Desktop/Cart flyout/Checkout' is clicked on

2019-06-13 18:59:38 - [MESSAGE][PASSED] - Object: 'Object Repository/APOLLO- Desktop/Cart flyout/Checkout' is clicked on

2019-06-13 18:59:38 - [TEST_STEP][PASSED] - delay(2): Delayed 2 second(s)

2019-06-13 18:59:40 - [MESSAGE][PASSED] - Delayed 2 second(s)

2019-06-13 18:59:40 - [TEST_STEP][PASSED] - callTestCase(findTestCase("CALL- CUSTOMER INFO PAGE"), [:], STOP_ON_FAILURE): Call Test Case 'Test Cases/CALL- CUSTOMER INFO PAGE' successfully

2019-06-13 18:59:40 - [TEST_CASE][PASSED] - Test Cases/CALL- CUSTOMER INFO PAGE: Test Cases/CALL- CUSTOMER INFO PAGE

2019-06-13 18:59:40 - [TEST_STEP][PASSED] - delay(2): Delayed 2 second(s)

2019-06-13 18:59:42 - [MESSAGE][PASSED] - Delayed 2 second(s)

2019-06-13 18:59:42 - [TEST_STEP][PASSED] - executeJavaScript("var previewBar = document.getElementById("preview-bar-iframe"); previewBar.style.display = "none";", []): Execute JavaScript 'var previewBar = document.getElementById("preview-bar-iframe"); previewBar.style.display = "none";' successfully

2019-06-13 18:59:42 - [MESSAGE][PASSED] - Execute JavaScript 'var previewBar = document.getElementById("preview-bar-iframe"); previewBar.style.display = "none";' successfully

2019-06-13 18:59:42 - [TEST_STEP][PASSED] - setText(findTestObject("APOLLO- Desktop/Customer Information page/Email"), "suman@gmail.com"): Text 'suman@gmail.com' is set on object 'Object Repository/APOLLO- Desktop/Customer Information page/Email'

2019-06-13 18:59:42 - [MESSAGE][PASSED] - Text 'suman@gmail.com' is set on object 'Object Repository/APOLLO- Desktop/Customer Information page/Email'

2019-06-13 18:59:42 - [TEST_STEP][PASSED] - delay(2): Delayed 2 second(s)

2019-06-13 18:59:44 - [MESSAGE][PASSED] - Delayed 2 second(s)

2019-06-13 18:59:44 - [TEST_STEP][PASSED] - setText(findTestObject("APOLLO- Desktop/Customer Information page/First name"), "suman"): Text 'suman' is set on object 'Object Repository/APOLLO- Desktop/Customer Information page/First name'

2019-06-13 18:59:45 - [MESSAGE][PASSED] - Text 'suman' is set on object 'Object Repository/APOLLO- Desktop/Customer Information page/First name'

2019-06-13 18:59:45 - [TEST_STEP][PASSED] - delay(2): Delayed 2 second(s)

2019-06-13 18:59:47 - [MESSAGE][PASSED] - Delayed 2 second(s)

2019-06-13 18:59:47 - [TEST_STEP][PASSED] - setText(findTestObject("APOLLO- Desktop/Customer Information page/Last name"), "kompelly"): Text 'kompelly' is set on object 'Object Repository/APOLLO- Desktop/Customer Information page/Last name'

2019-06-13 18:59:47 - [MESSAGE][PASSED] - Text 'kompelly' is set on object 'Object Repository/APOLLO- Desktop/Customer Information page/Last name'

2019-06-13 18:59:47 - [TEST_STEP][PASSED] - delay(2): Delayed 2 second(s)

2019-06-13 18:59:49 - [MESSAGE][PASSED] - Delayed 2 second(s)

2019-06-13 18:59:49 - [TEST_STEP][PASSED] - setText(findTestObject("APOLLO- Desktop/Customer Information page/Address"), "1435 st alxendre"): Text '1435 st alxendre' is set on object 'Object Repository/APOLLO- Desktop/Customer Information page/Address'

2019-06-13 18:59:49 - [MESSAGE][PASSED] - Text '1435 st alxendre' is set on object 'Object Repository/APOLLO- Desktop/Customer Information page/Address'

2019-06-13 18:59:49 - [TEST_STEP][PASSED] - setText(findTestObject("APOLLO- Desktop/Customer Information page/Apartment"), "220"): Text '220' is set on object 'Object Repository/APOLLO- Desktop/Customer Information page/Apartment'

2019-06-13 18:59:49 - [MESSAGE][PASSED] - Text '220' is set on object 'Object Repository/APOLLO- Desktop/Customer Information page/Apartment'

2019-06-13 18:59:49 - [TEST_STEP][PASSED] - setText(findTestObject("APOLLO- Desktop/Customer Information page/City"), "montreal"): Text 'montreal' is set on object 'Object Repository/APOLLO- Desktop/Customer Information page/City'

2019-06-13 18:59:49 - [MESSAGE][PASSED] - Text 'montreal' is set on object 'Object Repository/APOLLO- Desktop/Customer Information page/City'

2019-06-13 18:59:49 - [TEST_STEP][PASSED] - selectOptionByValue(findTestObject("APOLLO- Desktop/Customer Information page/Country dropdown"), "United States", true): All options with value 'United States' are selected in object 'Object Repository/APOLLO- Desktop/Customer Information page/Country dropdown'  using regular expression

2019-06-13 18:59:53 - [MESSAGE][PASSED] - All options with value 'United States' are selected in object 'Object Repository/APOLLO- Desktop/Customer Information page/Country dropdown'  using regular expression

2019-06-13 18:59:53 - [TEST_STEP][PASSED] - selectOptionByValue(findTestObject("APOLLO- Desktop/Customer Information page/states dropdown"), "NJ", true): All options with value 'NJ' are selected in object 'Object Repository/APOLLO- Desktop/Customer Information page/states dropdown'  using regular expression

2019-06-13 18:59:53 - [MESSAGE][PASSED] - All options with value 'NJ' are selected in object 'Object Repository/APOLLO- Desktop/Customer Information page/states dropdown'  using regular expression

2019-06-13 18:59:53 - [TEST_STEP][PASSED] - setText(findTestObject("APOLLO- Desktop/Customer Information page/ZIP code"), "07057"): Text '07057' is set on object 'Object Repository/APOLLO- Desktop/Customer Information page/ZIP code'

2019-06-13 18:59:53 - [MESSAGE][PASSED] - Text '07057' is set on object 'Object Repository/APOLLO- Desktop/Customer Information page/ZIP code'

2019-06-13 18:59:53 - [MESSAGE][PASSED] - Call Test Case 'Test Cases/CALL- CUSTOMER INFO PAGE' successfully

2019-06-13 18:59:53 - [TEST_STEP][PASSED] - delay(2): Delayed 2 second(s)

2019-06-13 18:59:55 - [MESSAGE][PASSED] - Delayed 2 second(s)

2019-06-13 18:59:55 - [TEST_STEP][FAILED] - callTestCase(findTestCase("CALL - SHIPPING TO PAYMENT"), [:], STOP_ON_FAILURE): callTestCase(findTestCase("CALL - SHIPPING TO PAYMENT"), [:], STOP_ON_FAILURE) FAILED.
Reason:
com.kms.katalon.core.exception.StepFailedException: Object 'Object Repository/APOLLO- Desktop/Product page/Add to bag' is NOT clickable
	at com.kms.katalon.core.keyword.internal.KeywordMain.stepFailed(KeywordMain.groovy:32)
	at com.kms.katalon.core.webui.keyword.internal.WebUIKeywordMain.stepFailed(WebUIKeywordMain.groovy:65)
	at com.kms.katalon.core.webui.keyword.builtin.VerifyElementClickableKeyword$_verifyElementClickable_closure1.doCall(VerifyElementClickableKeyword.groovy:83)
	at com.kms.katalon.core.webui.keyword.builtin.VerifyElementClickableKeyword$_verifyElementClickable_closure1.call(VerifyElementClickableKeyword.groovy)
	at com.kms.katalon.core.webui.keyword.internal.WebUIKeywordMain.runKeyword(WebUIKeywordMain.groovy:21)
	at com.kms.katalon.core.webui.keyword.builtin.VerifyElementClickableKeyword.verifyElementClickable(VerifyElementClickableKeyword.groovy:96)
	at com.kms.katalon.core.webui.keyword.builtin.VerifyElementClickableKeyword.execute(VerifyElementClickableKeyword.groovy:67)
	at com.kms.katalon.core.keyword.internal.KeywordExecutor.executeKeywordForPlatform(KeywordExecutor.groovy:53)
	at com.kms.katalon.core.webui.keyword.WebUiBuiltInKeywords.verifyElementClickable(WebUiBuiltInKeywords.groovy:548)
	at com.kms.katalon.core.webui.keyword.WebUiBuiltInKeywords$verifyElementClickable$16.call(Unknown Source)
	at Home page - add to bag CTA.run(Home page - add to bag CTA:116)
	at com.kms.katalon.core.main.ScriptEngine.run(ScriptEngine.java:194)
	at com.kms.katalon.core.main.ScriptEngine.runScriptAsRawText(ScriptEngine.java:119)
	at com.kms.katalon.core.main.TestCaseExecutor.runScript(TestCaseExecutor.java:328)
	at com.kms.katalon.core.main.TestCaseExecutor.doExecute(TestCaseExecutor.java:319)
	at com.kms.katalon.core.main.TestCaseExecutor.processExecutionPhase(TestCaseExecutor.java:298)
	at com.kms.katalon.core.main.TestCaseExecutor.accessMainPhase(TestCaseExecutor.java:290)
	at com.kms.katalon.core.main.TestCaseExecutor.execute(TestCaseExecutor.java:224)
	at com.kms.katalon.core.main.TestSuiteExecutor.accessTestCaseMainPhase(TestSuiteExecutor.java:129)
	at com.kms.katalon.core.main.TestSuiteExecutor.accessTestSuiteMainPhase(TestSuiteExecutor.java:112)
	at com.kms.katalon.core.main.TestSuiteExecutor.execute(TestSuiteExecutor.java:81)
	at com.kms.katalon.core.main.TestCaseMain.startTestSuite(TestCaseMain.java:149)
	at com.kms.katalon.core.main.TestCaseMain$startTestSuite$0.call(Unknown Source)
	at TempTestSuite1560465451242.run(TempTestSuite1560465451242.groovy:36)


2019-06-13 18:59:56 - [TEST_CASE][PASSED] - Test Cases/CALL - SHIPPING TO PAYMENT: Test Cases/CALL - SHIPPING TO PAYMENT

2019-06-13 18:59:56 - [TEST_STEP][PASSED] - click(findTestObject("APOLLO- Desktop/Customer Information page/Continue to shipping")): Object: 'Object Repository/APOLLO- Desktop/Customer Information page/Continue to shipping' is clicked on

2019-06-13 18:59:57 - [MESSAGE][PASSED] - Object: 'Object Repository/APOLLO- Desktop/Customer Information page/Continue to shipping' is clicked on

2019-06-13 18:59:57 - [TEST_STEP][PASSED] - executeJavaScript("var previewBar = document.getElementById("preview-bar-iframe"); previewBar.style.display = "none";", []): Execute JavaScript 'var previewBar = document.getElementById("preview-bar-iframe"); previewBar.style.display = "none";' successfully

2019-06-13 18:59:57 - [MESSAGE][PASSED] - Execute JavaScript 'var previewBar = document.getElementById("preview-bar-iframe"); previewBar.style.display = "none";' successfully

2019-06-13 18:59:57 - [TEST_STEP][PASSED] - click(findTestObject("APOLLO- Desktop/Shipping page/Radio button check")): Object: 'Object Repository/APOLLO- Desktop/Shipping page/Radio button check' is clicked on

2019-06-13 18:59:58 - [MESSAGE][PASSED] - Object: 'Object Repository/APOLLO- Desktop/Shipping page/Radio button check' is clicked on

2019-06-13 18:59:58 - [TEST_STEP][PASSED] - executeJavaScript("var previewBar = document.getElementById("preview-bar-iframe"); previewBar.style.display = "none";", []): Execute JavaScript 'var previewBar = document.getElementById("preview-bar-iframe"); previewBar.style.display = "none";' successfully

2019-06-13 18:59:59 - [MESSAGE][PASSED] - Execute JavaScript 'var previewBar = document.getElementById("preview-bar-iframe"); previewBar.style.display = "none";' successfully

2019-06-13 18:59:59 - [TEST_STEP][PASSED] - click(findTestObject("APOLLO- Desktop/Shipping page/Continue to payment")): Object: 'Object Repository/APOLLO- Desktop/Shipping page/Continue to payment' is clicked on

2019-06-13 19:00:01 - [MESSAGE][PASSED] - Object: 'Object Repository/APOLLO- Desktop/Shipping page/Continue to payment' is clicked on

2019-06-13 19:00:01 - [TEST_STEP][PASSED] - executeJavaScript("var previewBar = document.getElementById("preview-bar-iframe"); previewBar.style.display = "none";", []): Execute JavaScript 'var previewBar = document.getElementById("preview-bar-iframe"); previewBar.style.display = "none";' successfully

2019-06-13 19:00:01 - [MESSAGE][PASSED] - Execute JavaScript 'var previewBar = document.getElementById("preview-bar-iframe"); previewBar.style.display = "none";' successfully

2019-06-13 19:00:01 - [TEST_STEP][PASSED] - click(findTestObject("APOLLO- Desktop/payment page/Payment section")): Object: 'Object Repository/APOLLO- Desktop/payment page/Payment section' is clicked on

2019-06-13 19:00:01 - [MESSAGE][PASSED] - Object: 'Object Repository/APOLLO- Desktop/payment page/Payment section' is clicked on

2019-06-13 19:00:01 - [MESSAGE][PASSED] - Call Test Case 'Test Cases/CALL - SHIPPING TO PAYMENT' successfully

2019-06-13 19:00:01 - [MESSAGE][FAILED] - callTestCase(findTestCase("CALL - SHIPPING TO PAYMENT"), [:], STOP_ON_FAILURE) FAILED.
Reason:
com.kms.katalon.core.exception.StepFailedException: Object 'Object Repository/APOLLO- Desktop/Product page/Add to bag' is NOT clickable
	at com.kms.katalon.core.keyword.internal.KeywordMain.stepFailed(KeywordMain.groovy:32)
	at com.kms.katalon.core.webui.keyword.internal.WebUIKeywordMain.stepFailed(WebUIKeywordMain.groovy:65)
	at com.kms.katalon.core.webui.keyword.builtin.VerifyElementClickableKeyword$_verifyElementClickable_closure1.doCall(VerifyElementClickableKeyword.groovy:83)
	at com.kms.katalon.core.webui.keyword.builtin.VerifyElementClickableKeyword$_verifyElementClickable_closure1.call(VerifyElementClickableKeyword.groovy)
	at com.kms.katalon.core.webui.keyword.internal.WebUIKeywordMain.runKeyword(WebUIKeywordMain.groovy:21)
	at com.kms.katalon.core.webui.keyword.builtin.VerifyElementClickableKeyword.verifyElementClickable(VerifyElementClickableKeyword.groovy:96)
	at com.kms.katalon.core.webui.keyword.builtin.VerifyElementClickableKeyword.execute(VerifyElementClickableKeyword.groovy:67)
	at com.kms.katalon.core.keyword.internal.KeywordExecutor.executeKeywordForPlatform(KeywordExecutor.groovy:53)
	at com.kms.katalon.core.webui.keyword.WebUiBuiltInKeywords.verifyElementClickable(WebUiBuiltInKeywords.groovy:548)
	at com.kms.katalon.core.webui.keyword.WebUiBuiltInKeywords$verifyElementClickable$16.call(Unknown Source)
	at Home page - add to bag CTA.run(Home page - add to bag CTA:116)
	at com.kms.katalon.core.main.ScriptEngine.run(ScriptEngine.java:194)
	at com.kms.katalon.core.main.ScriptEngine.runScriptAsRawText(ScriptEngine.java:119)
	at com.kms.katalon.core.main.TestCaseExecutor.runScript(TestCaseExecutor.java:328)
	at com.kms.katalon.core.main.TestCaseExecutor.doExecute(TestCaseExecutor.java:319)
	at com.kms.katalon.core.main.TestCaseExecutor.processExecutionPhase(TestCaseExecutor.java:298)
	at com.kms.katalon.core.main.TestCaseExecutor.accessMainPhase(TestCaseExecutor.java:290)
	at com.kms.katalon.core.main.TestCaseExecutor.execute(TestCaseExecutor.java:224)
	at com.kms.katalon.core.main.TestSuiteExecutor.accessTestCaseMainPhase(TestSuiteExecutor.java:129)
	at com.kms.katalon.core.main.TestSuiteExecutor.accessTestSuiteMainPhase(TestSuiteExecutor.java:112)
	at com.kms.katalon.core.main.TestSuiteExecutor.execute(TestSuiteExecutor.java:81)
	at com.kms.katalon.core.main.TestCaseMain.startTestSuite(TestCaseMain.java:149)
	at com.kms.katalon.core.main.TestCaseMain$startTestSuite$0.call(Unknown Source)
	at TempTestSuite1560465451242.run(TempTestSuite1560465451242.groovy:36)]]></system-out>
         <system-err><![CDATA[2019-06-13 18:59:12 - [TEST_CASE][FAILED] - Test Cases/CRITICAL PATH/Home page - add to bag CTA: Test Cases/CRITICAL PATH/Home page - add to bag CTA FAILED.
Reason:
com.kms.katalon.core.exception.StepFailedException: Object 'Object Repository/APOLLO- Desktop/Product page/Add to bag' is NOT clickable
	at com.kms.katalon.core.keyword.internal.KeywordMain.stepFailed(KeywordMain.groovy:32)
	at com.kms.katalon.core.webui.keyword.internal.WebUIKeywordMain.stepFailed(WebUIKeywordMain.groovy:65)
	at com.kms.katalon.core.webui.keyword.builtin.VerifyElementClickableKeyword$_verifyElementClickable_closure1.doCall(VerifyElementClickableKeyword.groovy:83)
	at com.kms.katalon.core.webui.keyword.builtin.VerifyElementClickableKeyword$_verifyElementClickable_closure1.call(VerifyElementClickableKeyword.groovy)
	at com.kms.katalon.core.webui.keyword.internal.WebUIKeywordMain.runKeyword(WebUIKeywordMain.groovy:21)
	at com.kms.katalon.core.webui.keyword.builtin.VerifyElementClickableKeyword.verifyElementClickable(VerifyElementClickableKeyword.groovy:96)
	at com.kms.katalon.core.webui.keyword.builtin.VerifyElementClickableKeyword.execute(VerifyElementClickableKeyword.groovy:67)
	at com.kms.katalon.core.keyword.internal.KeywordExecutor.executeKeywordForPlatform(KeywordExecutor.groovy:53)
	at com.kms.katalon.core.webui.keyword.WebUiBuiltInKeywords.verifyElementClickable(WebUiBuiltInKeywords.groovy:548)
	at com.kms.katalon.core.webui.keyword.WebUiBuiltInKeywords$verifyElementClickable$16.call(Unknown Source)
	at Home page - add to bag CTA.run(Home page - add to bag CTA:116)
	at com.kms.katalon.core.main.ScriptEngine.run(ScriptEngine.java:194)
	at com.kms.katalon.core.main.ScriptEngine.runScriptAsRawText(ScriptEngine.java:119)
	at com.kms.katalon.core.main.TestCaseExecutor.runScript(TestCaseExecutor.java:328)
	at com.kms.katalon.core.main.TestCaseExecutor.doExecute(TestCaseExecutor.java:319)
	at com.kms.katalon.core.main.TestCaseExecutor.processExecutionPhase(TestCaseExecutor.java:298)
	at com.kms.katalon.core.main.TestCaseExecutor.accessMainPhase(TestCaseExecutor.java:290)
	at com.kms.katalon.core.main.TestCaseExecutor.execute(TestCaseExecutor.java:224)
	at com.kms.katalon.core.main.TestSuiteExecutor.accessTestCaseMainPhase(TestSuiteExecutor.java:129)
	at com.kms.katalon.core.main.TestSuiteExecutor.accessTestSuiteMainPhase(TestSuiteExecutor.java:112)
	at com.kms.katalon.core.main.TestSuiteExecutor.execute(TestSuiteExecutor.java:81)
	at com.kms.katalon.core.main.TestCaseMain.startTestSuite(TestCaseMain.java:149)
	at com.kms.katalon.core.main.TestCaseMain$startTestSuite$0.call(Unknown Source)
	at TempTestSuite1560465451242.run(TempTestSuite1560465451242.groovy:36)]]></system-err>
      </testcase>
      <testcase name="Test Cases/CRITICAL PATH/Increase quantity - cart page" classname="Test Cases/CRITICAL PATH/Increase quantity - cart page" status="PASSED">
         <system-out><![CDATA[2019-06-13 19:00:01 - [TEST_CASE][PASSED] - Test Cases/CRITICAL PATH/Increase quantity - cart page: Test Cases/CRITICAL PATH/Increase quantity - cart page

2019-06-13 19:00:01 - [TEST_STEP][PASSED] - callTestCase(findTestCase("CALL - URL"), [:], STOP_ON_FAILURE): Call Test Case 'Test Cases/CALL - URL' successfully

2019-06-13 19:00:01 - [TEST_CASE][PASSED] - Test Cases/CALL - URL: Test Cases/CALL - URL

2019-06-13 19:00:01 - [TEST_STEP][PASSED] - openBrowser(""): Browser is opened with url: ''

2019-06-13 19:00:01 - [MESSAGE][WARNING] - A browser is already opened. Closing browser and opening a new one

2019-06-13 19:00:01 - [MESSAGE][INFO] - Starting 'Chrome' driver

2019-06-13 19:00:02 - [MESSAGE][PASSED] - Browser is opened with url: ''

2019-06-13 19:00:02 - [TEST_STEP][PASSED] - navigateToUrl("https://diff-apollo.myshopify.com/?_ab=0&_fd=0&_sc=1&preview_theme_id=68602101860"): Navigate to 'https://diff-apollo.myshopify.com/?_ab=0&_fd=0&_sc=1&preview_theme_id=68602101860' successfully

2019-06-13 19:00:06 - [MESSAGE][PASSED] - Navigate to 'https://diff-apollo.myshopify.com/?_ab=0&_fd=0&_sc=1&preview_theme_id=68602101860' successfully

2019-06-13 19:00:06 - [TEST_STEP][PASSED] - executeJavaScript("var previewBar = document.getElementById("preview-bar-iframe"); previewBar.style.display = "none";", []): Execute JavaScript 'var previewBar = document.getElementById("preview-bar-iframe"); previewBar.style.display = "none";' successfully

2019-06-13 19:00:06 - [MESSAGE][PASSED] - Execute JavaScript 'var previewBar = document.getElementById("preview-bar-iframe"); previewBar.style.display = "none";' successfully

2019-06-13 19:00:06 - [MESSAGE][PASSED] - Call Test Case 'Test Cases/CALL - URL' successfully

2019-06-13 19:00:06 - [TEST_STEP][PASSED] - delay(1): Delayed 1 second(s)

2019-06-13 19:00:07 - [MESSAGE][PASSED] - Delayed 1 second(s)

2019-06-13 19:00:07 - [TEST_STEP][PASSED] - click(findTestObject("APOLLO- Desktop/Burger Menu/Burgermenu")): Object: 'Object Repository/APOLLO- Desktop/Burger Menu/Burgermenu' is clicked on

2019-06-13 19:00:07 - [MESSAGE][PASSED] - Object: 'Object Repository/APOLLO- Desktop/Burger Menu/Burgermenu' is clicked on

2019-06-13 19:00:07 - [TEST_STEP][PASSED] - delay(2): Delayed 2 second(s)

2019-06-13 19:00:09 - [MESSAGE][PASSED] - Delayed 2 second(s)

2019-06-13 19:00:09 - [TEST_STEP][PASSED] - click(findTestObject("APOLLO- Desktop/Burger Menu/Mens chevron")): Object: 'Object Repository/APOLLO- Desktop/Burger Menu/Mens chevron' is clicked on

2019-06-13 19:00:09 - [MESSAGE][PASSED] - Object: 'Object Repository/APOLLO- Desktop/Burger Menu/Mens chevron' is clicked on

2019-06-13 19:00:09 - [TEST_STEP][PASSED] - delay(2): Delayed 2 second(s)

2019-06-13 19:00:11 - [MESSAGE][PASSED] - Delayed 2 second(s)

2019-06-13 19:00:11 - [TEST_STEP][PASSED] - click(findTestObject("APOLLO- Desktop/Burger Menu/Mens - Top Chevron")): Object: 'Object Repository/APOLLO- Desktop/Burger Menu/Mens - Top Chevron' is clicked on

2019-06-13 19:00:11 - [MESSAGE][PASSED] - Object: 'Object Repository/APOLLO- Desktop/Burger Menu/Mens - Top Chevron' is clicked on

2019-06-13 19:00:11 - [TEST_STEP][PASSED] - delay(2): Delayed 2 second(s)

2019-06-13 19:00:13 - [MESSAGE][PASSED] - Delayed 2 second(s)

2019-06-13 19:00:13 - [TEST_STEP][PASSED] - click(findTestObject("APOLLO- Desktop/Burger Menu/Shirts link")): Object: 'Object Repository/APOLLO- Desktop/Burger Menu/Shirts link' is clicked on

2019-06-13 19:00:15 - [MESSAGE][PASSED] - Object: 'Object Repository/APOLLO- Desktop/Burger Menu/Shirts link' is clicked on

2019-06-13 19:00:15 - [TEST_STEP][PASSED] - delay(2): Delayed 2 second(s)

2019-06-13 19:00:17 - [MESSAGE][PASSED] - Delayed 2 second(s)

2019-06-13 19:00:17 - [TEST_STEP][PASSED] - click(findTestObject("APOLLO- Desktop/Collection page/Blue shirt product")): Object: 'Object Repository/APOLLO- Desktop/Collection page/Blue shirt product' is clicked on

2019-06-13 19:00:19 - [MESSAGE][PASSED] - Object: 'Object Repository/APOLLO- Desktop/Collection page/Blue shirt product' is clicked on

2019-06-13 19:00:19 - [TEST_STEP][PASSED] - delay(2): Delayed 2 second(s)

2019-06-13 19:00:21 - [MESSAGE][PASSED] - Delayed 2 second(s)

2019-06-13 19:00:21 - [TEST_STEP][PASSED] - selectOptionByValue(findTestObject("APOLLO- Desktop/Product page/Size dropdown"), "Medium", true): All options with value 'Medium' are selected in object 'Object Repository/APOLLO- Desktop/Product page/Size dropdown'  using regular expression

2019-06-13 19:00:21 - [MESSAGE][PASSED] - All options with value 'Medium' are selected in object 'Object Repository/APOLLO- Desktop/Product page/Size dropdown'  using regular expression

2019-06-13 19:00:21 - [TEST_STEP][PASSED] - delay(2): Delayed 2 second(s)

2019-06-13 19:00:23 - [MESSAGE][PASSED] - Delayed 2 second(s)

2019-06-13 19:00:23 - [TEST_STEP][PASSED] - click(findTestObject("APOLLO- Desktop/Product page/Add to bag")): Object: 'Object Repository/APOLLO- Desktop/Product page/Add to bag' is clicked on

2019-06-13 19:00:23 - [MESSAGE][PASSED] - Object: 'Object Repository/APOLLO- Desktop/Product page/Add to bag' is clicked on

2019-06-13 19:00:23 - [TEST_STEP][PASSED] - delay(2): Delayed 2 second(s)

2019-06-13 19:00:25 - [MESSAGE][PASSED] - Delayed 2 second(s)

2019-06-13 19:00:25 - [TEST_STEP][PASSED] - click(findTestObject("APOLLO- Desktop/Cart flyout/Checkout")): Object: 'Object Repository/APOLLO- Desktop/Cart flyout/Checkout' is clicked on

2019-06-13 19:00:28 - [MESSAGE][PASSED] - Object: 'Object Repository/APOLLO- Desktop/Cart flyout/Checkout' is clicked on

2019-06-13 19:00:28 - [TEST_STEP][PASSED] - delay(2): Delayed 2 second(s)

2019-06-13 19:00:30 - [MESSAGE][PASSED] - Delayed 2 second(s)

2019-06-13 19:00:30 - [TEST_STEP][PASSED] - click(findTestObject("APOLLO- Desktop/Customer Information page/Cart page breadcrumb")): Object: 'Object Repository/APOLLO- Desktop/Customer Information page/Cart page breadcrumb' is clicked on

2019-06-13 19:00:32 - [MESSAGE][PASSED] - Object: 'Object Repository/APOLLO- Desktop/Customer Information page/Cart page breadcrumb' is clicked on

2019-06-13 19:00:32 - [TEST_STEP][PASSED] - delay(2): Delayed 2 second(s)

2019-06-13 19:00:34 - [MESSAGE][PASSED] - Delayed 2 second(s)

2019-06-13 19:00:34 - [TEST_STEP][PASSED] - a = getText(findTestObject("APOLLO- Desktop/Cart page/Subtotal in cart page")): Text of object 'Object Repository/APOLLO- Desktop/Cart page/Subtotal in cart page' is: '$30.00'

2019-06-13 19:00:34 - [MESSAGE][PASSED] - Text of object 'Object Repository/APOLLO- Desktop/Cart page/Subtotal in cart page' is: '$30.00'

2019-06-13 19:00:34 - [TEST_STEP][PASSED] - comment("a=" + a): a=$30.00

2019-06-13 19:00:34 - [MESSAGE][INFO] - a=$30.00

2019-06-13 19:00:34 - [TEST_STEP][PASSED] - delay(2): Delayed 2 second(s)

2019-06-13 19:00:36 - [MESSAGE][PASSED] - Delayed 2 second(s)

2019-06-13 19:00:36 - [TEST_STEP][PASSED] - click(findTestObject("APOLLO- Desktop/Cart page/Increase quantity - cart page")): Object: 'Object Repository/APOLLO- Desktop/Cart page/Increase quantity - cart page' is clicked on

2019-06-13 19:00:36 - [MESSAGE][PASSED] - Object: 'Object Repository/APOLLO- Desktop/Cart page/Increase quantity - cart page' is clicked on

2019-06-13 19:00:36 - [TEST_STEP][PASSED] - delay(2): Delayed 2 second(s)

2019-06-13 19:00:38 - [MESSAGE][PASSED] - Delayed 2 second(s)

2019-06-13 19:00:38 - [TEST_STEP][PASSED] - click(findTestObject("APOLLO- Desktop/Cart page/Increase quantity - cart page")): Object: 'Object Repository/APOLLO- Desktop/Cart page/Increase quantity - cart page' is clicked on

2019-06-13 19:00:38 - [MESSAGE][PASSED] - Object: 'Object Repository/APOLLO- Desktop/Cart page/Increase quantity - cart page' is clicked on

2019-06-13 19:00:38 - [TEST_STEP][PASSED] - delay(2): Delayed 2 second(s)

2019-06-13 19:00:40 - [MESSAGE][PASSED] - Delayed 2 second(s)

2019-06-13 19:00:40 - [TEST_STEP][PASSED] - setText(findTestObject("APOLLO- Desktop/Cart flyout/CArt quanty update"), "3"): Text '3' is set on object 'Object Repository/APOLLO- Desktop/Cart flyout/CArt quanty update'

2019-06-13 19:00:40 - [MESSAGE][PASSED] - Text '3' is set on object 'Object Repository/APOLLO- Desktop/Cart flyout/CArt quanty update'

2019-06-13 19:00:40 - [TEST_STEP][PASSED] - delay(2): Delayed 2 second(s)

2019-06-13 19:00:42 - [MESSAGE][PASSED] - Delayed 2 second(s)

2019-06-13 19:00:42 - [TEST_STEP][PASSED] - click(findTestObject("APOLLO- Desktop/Cart page/Click outside the page")): Object: 'Object Repository/APOLLO- Desktop/Cart page/Click outside the page' is clicked on

2019-06-13 19:00:42 - [MESSAGE][PASSED] - Object: 'Object Repository/APOLLO- Desktop/Cart page/Click outside the page' is clicked on

2019-06-13 19:00:42 - [TEST_STEP][PASSED] - delay(2): Delayed 2 second(s)

2019-06-13 19:00:44 - [MESSAGE][PASSED] - Delayed 2 second(s)

2019-06-13 19:00:44 - [TEST_STEP][PASSED] - b = getText(findTestObject("APOLLO- Desktop/Cart page/Subtotal in cart page")): Text of object 'Object Repository/APOLLO- Desktop/Cart page/Subtotal in cart page' is: '$60.00'

2019-06-13 19:00:44 - [MESSAGE][PASSED] - Text of object 'Object Repository/APOLLO- Desktop/Cart page/Subtotal in cart page' is: '$60.00'

2019-06-13 19:00:44 - [TEST_STEP][PASSED] - comment("b=" + b): b=$60.00

2019-06-13 19:00:44 - [MESSAGE][INFO] - b=$60.00

2019-06-13 19:00:44 - [TEST_STEP][PASSED] - flag = verifyNotEqual("a", "b"): Actual object 'a' and expected object 'b' are not equal

2019-06-13 19:00:44 - [MESSAGE][PASSED] - Actual object 'a' and expected object 'b' are not equal

2019-06-13 19:00:44 - [TEST_STEP][PASSED] - if (flag == true): Quantity selector working

2019-06-13 19:00:44 - [TEST_STEP][PASSED] - comment("Quantity selector working"): Quantity selector working

2019-06-13 19:00:44 - [MESSAGE][INFO] - Quantity selector working

2019-06-13 19:00:44 - [TEST_STEP][PASSED] - delay(2): Delayed 2 second(s)

2019-06-13 19:00:46 - [MESSAGE][PASSED] - Delayed 2 second(s)

2019-06-13 19:00:46 - [TEST_STEP][PASSED] - executeJavaScript("var previewBar = document.getElementById("preview-bar-iframe"); previewBar.style.display = "none";", []): Execute JavaScript 'var previewBar = document.getElementById("preview-bar-iframe"); previewBar.style.display = "none";' successfully

2019-06-13 19:00:46 - [MESSAGE][PASSED] - Execute JavaScript 'var previewBar = document.getElementById("preview-bar-iframe"); previewBar.style.display = "none";' successfully

2019-06-13 19:00:46 - [TEST_STEP][PASSED] - delay(2): Delayed 2 second(s)

2019-06-13 19:00:48 - [MESSAGE][PASSED] - Delayed 2 second(s)

2019-06-13 19:00:48 - [TEST_STEP][PASSED] - click(findTestObject("APOLLO- Desktop/Cart flyout/Checkout")): Object: 'Object Repository/APOLLO- Desktop/Cart flyout/Checkout' is clicked on

2019-06-13 19:00:50 - [MESSAGE][PASSED] - Object: 'Object Repository/APOLLO- Desktop/Cart flyout/Checkout' is clicked on

2019-06-13 19:00:50 - [TEST_STEP][PASSED] - delay(2): Delayed 2 second(s)

2019-06-13 19:00:52 - [MESSAGE][PASSED] - Delayed 2 second(s)

2019-06-13 19:00:52 - [TEST_STEP][PASSED] - callTestCase(findTestCase("CALL- CUSTOMER INFO PAGE"), [:], STOP_ON_FAILURE): Call Test Case 'Test Cases/CALL- CUSTOMER INFO PAGE' successfully

2019-06-13 19:00:52 - [TEST_CASE][PASSED] - Test Cases/CALL- CUSTOMER INFO PAGE: Test Cases/CALL- CUSTOMER INFO PAGE

2019-06-13 19:00:52 - [TEST_STEP][PASSED] - delay(2): Delayed 2 second(s)

2019-06-13 19:00:54 - [MESSAGE][PASSED] - Delayed 2 second(s)

2019-06-13 19:00:54 - [TEST_STEP][PASSED] - executeJavaScript("var previewBar = document.getElementById("preview-bar-iframe"); previewBar.style.display = "none";", []): Execute JavaScript 'var previewBar = document.getElementById("preview-bar-iframe"); previewBar.style.display = "none";' successfully

2019-06-13 19:00:54 - [MESSAGE][PASSED] - Execute JavaScript 'var previewBar = document.getElementById("preview-bar-iframe"); previewBar.style.display = "none";' successfully

2019-06-13 19:00:54 - [TEST_STEP][PASSED] - setText(findTestObject("APOLLO- Desktop/Customer Information page/Email"), "suman@gmail.com"): Text 'suman@gmail.com' is set on object 'Object Repository/APOLLO- Desktop/Customer Information page/Email'

2019-06-13 19:00:54 - [MESSAGE][PASSED] - Text 'suman@gmail.com' is set on object 'Object Repository/APOLLO- Desktop/Customer Information page/Email'

2019-06-13 19:00:54 - [TEST_STEP][PASSED] - delay(2): Delayed 2 second(s)

2019-06-13 19:00:56 - [MESSAGE][PASSED] - Delayed 2 second(s)

2019-06-13 19:00:56 - [TEST_STEP][PASSED] - setText(findTestObject("APOLLO- Desktop/Customer Information page/First name"), "suman"): Text 'suman' is set on object 'Object Repository/APOLLO- Desktop/Customer Information page/First name'

2019-06-13 19:00:56 - [MESSAGE][PASSED] - Text 'suman' is set on object 'Object Repository/APOLLO- Desktop/Customer Information page/First name'

2019-06-13 19:00:56 - [TEST_STEP][PASSED] - delay(2): Delayed 2 second(s)

2019-06-13 19:00:58 - [MESSAGE][PASSED] - Delayed 2 second(s)

2019-06-13 19:00:58 - [TEST_STEP][PASSED] - setText(findTestObject("APOLLO- Desktop/Customer Information page/Last name"), "kompelly"): Text 'kompelly' is set on object 'Object Repository/APOLLO- Desktop/Customer Information page/Last name'

2019-06-13 19:00:59 - [MESSAGE][PASSED] - Text 'kompelly' is set on object 'Object Repository/APOLLO- Desktop/Customer Information page/Last name'

2019-06-13 19:00:59 - [TEST_STEP][PASSED] - delay(2): Delayed 2 second(s)

2019-06-13 19:01:01 - [MESSAGE][PASSED] - Delayed 2 second(s)

2019-06-13 19:01:01 - [TEST_STEP][PASSED] - setText(findTestObject("APOLLO- Desktop/Customer Information page/Address"), "1435 st alxendre"): Text '1435 st alxendre' is set on object 'Object Repository/APOLLO- Desktop/Customer Information page/Address'

2019-06-13 19:01:01 - [MESSAGE][PASSED] - Text '1435 st alxendre' is set on object 'Object Repository/APOLLO- Desktop/Customer Information page/Address'

2019-06-13 19:01:01 - [TEST_STEP][PASSED] - setText(findTestObject("APOLLO- Desktop/Customer Information page/Apartment"), "220"): Text '220' is set on object 'Object Repository/APOLLO- Desktop/Customer Information page/Apartment'

2019-06-13 19:01:01 - [MESSAGE][PASSED] - Text '220' is set on object 'Object Repository/APOLLO- Desktop/Customer Information page/Apartment'

2019-06-13 19:01:01 - [TEST_STEP][PASSED] - setText(findTestObject("APOLLO- Desktop/Customer Information page/City"), "montreal"): Text 'montreal' is set on object 'Object Repository/APOLLO- Desktop/Customer Information page/City'

2019-06-13 19:01:01 - [MESSAGE][PASSED] - Text 'montreal' is set on object 'Object Repository/APOLLO- Desktop/Customer Information page/City'

2019-06-13 19:01:01 - [TEST_STEP][PASSED] - selectOptionByValue(findTestObject("APOLLO- Desktop/Customer Information page/Country dropdown"), "United States", true): All options with value 'United States' are selected in object 'Object Repository/APOLLO- Desktop/Customer Information page/Country dropdown'  using regular expression

2019-06-13 19:01:04 - [MESSAGE][PASSED] - All options with value 'United States' are selected in object 'Object Repository/APOLLO- Desktop/Customer Information page/Country dropdown'  using regular expression

2019-06-13 19:01:04 - [TEST_STEP][PASSED] - selectOptionByValue(findTestObject("APOLLO- Desktop/Customer Information page/states dropdown"), "NJ", true): All options with value 'NJ' are selected in object 'Object Repository/APOLLO- Desktop/Customer Information page/states dropdown'  using regular expression

2019-06-13 19:01:05 - [MESSAGE][PASSED] - All options with value 'NJ' are selected in object 'Object Repository/APOLLO- Desktop/Customer Information page/states dropdown'  using regular expression

2019-06-13 19:01:05 - [TEST_STEP][PASSED] - setText(findTestObject("APOLLO- Desktop/Customer Information page/ZIP code"), "07057"): Text '07057' is set on object 'Object Repository/APOLLO- Desktop/Customer Information page/ZIP code'

2019-06-13 19:01:05 - [MESSAGE][PASSED] - Text '07057' is set on object 'Object Repository/APOLLO- Desktop/Customer Information page/ZIP code'

2019-06-13 19:01:05 - [MESSAGE][PASSED] - Call Test Case 'Test Cases/CALL- CUSTOMER INFO PAGE' successfully

2019-06-13 19:01:05 - [TEST_STEP][PASSED] - delay(2): Delayed 2 second(s)

2019-06-13 19:01:07 - [MESSAGE][PASSED] - Delayed 2 second(s)

2019-06-13 19:01:07 - [TEST_STEP][PASSED] - executeJavaScript("var previewBar = document.getElementById("preview-bar-iframe"); previewBar.style.display = "none";", []): Execute JavaScript 'var previewBar = document.getElementById("preview-bar-iframe"); previewBar.style.display = "none";' successfully

2019-06-13 19:01:07 - [MESSAGE][PASSED] - Execute JavaScript 'var previewBar = document.getElementById("preview-bar-iframe"); previewBar.style.display = "none";' successfully

2019-06-13 19:01:07 - [TEST_STEP][PASSED] - click(findTestObject("APOLLO- Desktop/Customer Information page/Continue to shipping")): Object: 'Object Repository/APOLLO- Desktop/Customer Information page/Continue to shipping' is clicked on

2019-06-13 19:01:09 - [MESSAGE][PASSED] - Object: 'Object Repository/APOLLO- Desktop/Customer Information page/Continue to shipping' is clicked on

2019-06-13 19:01:09 - [TEST_STEP][PASSED] - delay(1): Delayed 1 second(s)

2019-06-13 19:01:10 - [MESSAGE][PASSED] - Delayed 1 second(s)

2019-06-13 19:01:10 - [TEST_STEP][PASSED] - click(findTestObject("APOLLO- Desktop/Shipping page/Radio button check")): Object: 'Object Repository/APOLLO- Desktop/Shipping page/Radio button check' is clicked on

2019-06-13 19:01:10 - [MESSAGE][PASSED] - Object: 'Object Repository/APOLLO- Desktop/Shipping page/Radio button check' is clicked on

2019-06-13 19:01:10 - [TEST_STEP][PASSED] - executeJavaScript("var previewBar = document.getElementById("preview-bar-iframe"); previewBar.style.display = "none";", []): Execute JavaScript 'var previewBar = document.getElementById("preview-bar-iframe"); previewBar.style.display = "none";' successfully

2019-06-13 19:01:10 - [MESSAGE][PASSED] - Execute JavaScript 'var previewBar = document.getElementById("preview-bar-iframe"); previewBar.style.display = "none";' successfully

2019-06-13 19:01:10 - [TEST_STEP][PASSED] - delay(1): Delayed 1 second(s)

2019-06-13 19:01:11 - [MESSAGE][PASSED] - Delayed 1 second(s)

2019-06-13 19:01:11 - [TEST_STEP][PASSED] - click(findTestObject("APOLLO- Desktop/Shipping page/Continue to payment")): Object: 'Object Repository/APOLLO- Desktop/Shipping page/Continue to payment' is clicked on

2019-06-13 19:01:13 - [MESSAGE][PASSED] - Object: 'Object Repository/APOLLO- Desktop/Shipping page/Continue to payment' is clicked on

2019-06-13 19:01:13 - [TEST_STEP][PASSED] - delay(1): Delayed 1 second(s)

2019-06-13 19:01:14 - [MESSAGE][PASSED] - Delayed 1 second(s)

2019-06-13 19:01:14 - [TEST_STEP][PASSED] - click(findTestObject("APOLLO- Desktop/payment page/Payment section")): Object: 'Object Repository/APOLLO- Desktop/payment page/Payment section' is clicked on

2019-06-13 19:01:14 - [MESSAGE][PASSED] - Object: 'Object Repository/APOLLO- Desktop/payment page/Payment section' is clicked on]]></system-out>
         <system-err><![CDATA[]]></system-err>
      </testcase>
      <testcase name="Test Cases/CRITICAL PATH/Increase quantity - Cart flyout" classname="Test Cases/CRITICAL PATH/Increase quantity - Cart flyout" status="PASSED">
         <system-out><![CDATA[2019-06-13 19:01:14 - [TEST_CASE][PASSED] - Test Cases/CRITICAL PATH/Increase quantity - Cart flyout: Test Cases/CRITICAL PATH/Increase quantity - Cart flyout

2019-06-13 19:01:14 - [TEST_STEP][PASSED] - callTestCase(findTestCase("CALL - URL"), [:], STOP_ON_FAILURE): Call Test Case 'Test Cases/CALL - URL' successfully

2019-06-13 19:01:15 - [TEST_CASE][PASSED] - Test Cases/CALL - URL: Test Cases/CALL - URL

2019-06-13 19:01:15 - [TEST_STEP][PASSED] - openBrowser(""): Browser is opened with url: ''

2019-06-13 19:01:15 - [MESSAGE][WARNING] - A browser is already opened. Closing browser and opening a new one

2019-06-13 19:01:15 - [MESSAGE][INFO] - Starting 'Chrome' driver

2019-06-13 19:01:16 - [MESSAGE][PASSED] - Browser is opened with url: ''

2019-06-13 19:01:16 - [TEST_STEP][PASSED] - navigateToUrl("https://diff-apollo.myshopify.com/?_ab=0&_fd=0&_sc=1&preview_theme_id=68602101860"): Navigate to 'https://diff-apollo.myshopify.com/?_ab=0&_fd=0&_sc=1&preview_theme_id=68602101860' successfully

2019-06-13 19:01:19 - [MESSAGE][PASSED] - Navigate to 'https://diff-apollo.myshopify.com/?_ab=0&_fd=0&_sc=1&preview_theme_id=68602101860' successfully

2019-06-13 19:01:19 - [TEST_STEP][PASSED] - executeJavaScript("var previewBar = document.getElementById("preview-bar-iframe"); previewBar.style.display = "none";", []): Execute JavaScript 'var previewBar = document.getElementById("preview-bar-iframe"); previewBar.style.display = "none";' successfully

2019-06-13 19:01:19 - [MESSAGE][PASSED] - Execute JavaScript 'var previewBar = document.getElementById("preview-bar-iframe"); previewBar.style.display = "none";' successfully

2019-06-13 19:01:19 - [MESSAGE][PASSED] - Call Test Case 'Test Cases/CALL - URL' successfully

2019-06-13 19:01:19 - [TEST_STEP][PASSED] - delay(1): Delayed 1 second(s)

2019-06-13 19:01:20 - [MESSAGE][PASSED] - Delayed 1 second(s)

2019-06-13 19:01:20 - [TEST_STEP][PASSED] - click(findTestObject("APOLLO- Desktop/Burger Menu/Burgermenu")): Object: 'Object Repository/APOLLO- Desktop/Burger Menu/Burgermenu' is clicked on

2019-06-13 19:01:20 - [MESSAGE][PASSED] - Object: 'Object Repository/APOLLO- Desktop/Burger Menu/Burgermenu' is clicked on

2019-06-13 19:01:20 - [TEST_STEP][PASSED] - delay(2): Delayed 2 second(s)

2019-06-13 19:01:22 - [MESSAGE][PASSED] - Delayed 2 second(s)

2019-06-13 19:01:22 - [TEST_STEP][PASSED] - click(findTestObject("APOLLO- Desktop/Burger Menu/Mens chevron")): Object: 'Object Repository/APOLLO- Desktop/Burger Menu/Mens chevron' is clicked on

2019-06-13 19:01:22 - [MESSAGE][PASSED] - Object: 'Object Repository/APOLLO- Desktop/Burger Menu/Mens chevron' is clicked on

2019-06-13 19:01:22 - [TEST_STEP][PASSED] - delay(2): Delayed 2 second(s)

2019-06-13 19:01:24 - [MESSAGE][PASSED] - Delayed 2 second(s)

2019-06-13 19:01:24 - [TEST_STEP][PASSED] - click(findTestObject("APOLLO- Desktop/Burger Menu/Mens - Top Chevron")): Object: 'Object Repository/APOLLO- Desktop/Burger Menu/Mens - Top Chevron' is clicked on

2019-06-13 19:01:24 - [MESSAGE][PASSED] - Object: 'Object Repository/APOLLO- Desktop/Burger Menu/Mens - Top Chevron' is clicked on

2019-06-13 19:01:24 - [TEST_STEP][PASSED] - delay(2): Delayed 2 second(s)

2019-06-13 19:01:26 - [MESSAGE][PASSED] - Delayed 2 second(s)

2019-06-13 19:01:26 - [TEST_STEP][PASSED] - click(findTestObject("APOLLO- Desktop/Burger Menu/Shirts link")): Object: 'Object Repository/APOLLO- Desktop/Burger Menu/Shirts link' is clicked on

2019-06-13 19:01:28 - [MESSAGE][PASSED] - Object: 'Object Repository/APOLLO- Desktop/Burger Menu/Shirts link' is clicked on

2019-06-13 19:01:28 - [TEST_STEP][PASSED] - delay(2): Delayed 2 second(s)

2019-06-13 19:01:30 - [MESSAGE][PASSED] - Delayed 2 second(s)

2019-06-13 19:01:30 - [TEST_STEP][PASSED] - click(findTestObject("APOLLO- Desktop/Collection page/Blue shirt product")): Object: 'Object Repository/APOLLO- Desktop/Collection page/Blue shirt product' is clicked on

2019-06-13 19:01:32 - [MESSAGE][PASSED] - Object: 'Object Repository/APOLLO- Desktop/Collection page/Blue shirt product' is clicked on

2019-06-13 19:01:32 - [TEST_STEP][PASSED] - delay(2): Delayed 2 second(s)

2019-06-13 19:01:35 - [MESSAGE][PASSED] - Delayed 2 second(s)

2019-06-13 19:01:35 - [TEST_STEP][PASSED] - selectOptionByValue(findTestObject("APOLLO- Desktop/Product page/Size dropdown"), "Medium", true): All options with value 'Medium' are selected in object 'Object Repository/APOLLO- Desktop/Product page/Size dropdown'  using regular expression

2019-06-13 19:01:35 - [MESSAGE][PASSED] - All options with value 'Medium' are selected in object 'Object Repository/APOLLO- Desktop/Product page/Size dropdown'  using regular expression

2019-06-13 19:01:35 - [TEST_STEP][PASSED] - delay(2): Delayed 2 second(s)

2019-06-13 19:01:37 - [MESSAGE][PASSED] - Delayed 2 second(s)

2019-06-13 19:01:37 - [TEST_STEP][PASSED] - click(findTestObject("APOLLO- Desktop/Product page/Add to bag")): Object: 'Object Repository/APOLLO- Desktop/Product page/Add to bag' is clicked on

2019-06-13 19:01:37 - [MESSAGE][PASSED] - Object: 'Object Repository/APOLLO- Desktop/Product page/Add to bag' is clicked on

2019-06-13 19:01:37 - [TEST_STEP][PASSED] - delay(2): Delayed 2 second(s)

2019-06-13 19:01:39 - [MESSAGE][PASSED] - Delayed 2 second(s)

2019-06-13 19:01:39 - [TEST_STEP][PASSED] - a = getText(findTestObject("APOLLO- Desktop/Cart flyout/Subtotal in cart flyout")): Text of object 'Object Repository/APOLLO- Desktop/Cart flyout/Subtotal in cart flyout' is: '$30.00'

2019-06-13 19:01:39 - [MESSAGE][PASSED] - Text of object 'Object Repository/APOLLO- Desktop/Cart flyout/Subtotal in cart flyout' is: '$30.00'

2019-06-13 19:01:39 - [TEST_STEP][PASSED] - comment("a=" + a): a=$30.00

2019-06-13 19:01:39 - [MESSAGE][INFO] - a=$30.00

2019-06-13 19:01:39 - [TEST_STEP][PASSED] - delay(2): Delayed 2 second(s)

2019-06-13 19:01:41 - [MESSAGE][PASSED] - Delayed 2 second(s)

2019-06-13 19:01:41 - [TEST_STEP][PASSED] - click(findTestObject("APOLLO- Desktop/Cart flyout/Increase quantity - cart flyout")): Object: 'Object Repository/APOLLO- Desktop/Cart flyout/Increase quantity - cart flyout' is clicked on

2019-06-13 19:01:41 - [MESSAGE][PASSED] - Object: 'Object Repository/APOLLO- Desktop/Cart flyout/Increase quantity - cart flyout' is clicked on

2019-06-13 19:01:41 - [TEST_STEP][PASSED] - delay(2): Delayed 2 second(s)

2019-06-13 19:01:43 - [MESSAGE][PASSED] - Delayed 2 second(s)

2019-06-13 19:01:43 - [TEST_STEP][PASSED] - click(findTestObject("APOLLO- Desktop/Cart flyout/Increase quantity - cart flyout")): Object: 'Object Repository/APOLLO- Desktop/Cart flyout/Increase quantity - cart flyout' is clicked on

2019-06-13 19:01:43 - [MESSAGE][PASSED] - Object: 'Object Repository/APOLLO- Desktop/Cart flyout/Increase quantity - cart flyout' is clicked on

2019-06-13 19:01:43 - [TEST_STEP][PASSED] - delay(2): Delayed 2 second(s)

2019-06-13 19:01:45 - [MESSAGE][PASSED] - Delayed 2 second(s)

2019-06-13 19:01:45 - [TEST_STEP][PASSED] - click(findTestObject("APOLLO- Desktop/random/Page_Apollo - Dark  Diff Apollo/CArt quanty update")): Object: 'Object Repository/APOLLO- Desktop/random/Page_Apollo - Dark  Diff Apollo/CArt quanty update' is clicked on

2019-06-13 19:01:45 - [MESSAGE][PASSED] - Object: 'Object Repository/APOLLO- Desktop/random/Page_Apollo - Dark  Diff Apollo/CArt quanty update' is clicked on

2019-06-13 19:01:45 - [TEST_STEP][PASSED] - delay(2): Delayed 2 second(s)

2019-06-13 19:01:47 - [MESSAGE][PASSED] - Delayed 2 second(s)

2019-06-13 19:01:47 - [TEST_STEP][PASSED] - click(findTestObject("APOLLO- Desktop/random/Page_Apollo - Dark  Diff Apollo/td_Wool Sweater")): Object: 'Object Repository/APOLLO- Desktop/random/Page_Apollo - Dark  Diff Apollo/td_Wool Sweater' is clicked on

2019-06-13 19:01:47 - [MESSAGE][PASSED] - Object: 'Object Repository/APOLLO- Desktop/random/Page_Apollo - Dark  Diff Apollo/td_Wool Sweater' is clicked on

2019-06-13 19:01:47 - [TEST_STEP][PASSED] - delay(2): Delayed 2 second(s)

2019-06-13 19:01:49 - [MESSAGE][PASSED] - Delayed 2 second(s)

2019-06-13 19:01:49 - [TEST_STEP][PASSED] - b = getText(findTestObject("APOLLO- Desktop/Cart flyout/Subtotal in cart flyout")): Text of object 'Object Repository/APOLLO- Desktop/Cart flyout/Subtotal in cart flyout' is: '$60.00'

2019-06-13 19:01:49 - [MESSAGE][PASSED] - Text of object 'Object Repository/APOLLO- Desktop/Cart flyout/Subtotal in cart flyout' is: '$60.00'

2019-06-13 19:01:49 - [TEST_STEP][PASSED] - comment("b=" + b): b=$60.00

2019-06-13 19:01:49 - [MESSAGE][INFO] - b=$60.00

2019-06-13 19:01:49 - [TEST_STEP][PASSED] - flag = verifyNotEqual("a", "b"): Actual object 'a' and expected object 'b' are not equal

2019-06-13 19:01:49 - [MESSAGE][PASSED] - Actual object 'a' and expected object 'b' are not equal

2019-06-13 19:01:49 - [TEST_STEP][PASSED] - if (flag == true): Quantity selector working

2019-06-13 19:01:49 - [TEST_STEP][PASSED] - comment("Quantity selector working"): Quantity selector working

2019-06-13 19:01:49 - [MESSAGE][INFO] - Quantity selector working

2019-06-13 19:01:49 - [TEST_STEP][PASSED] - delay(2): Delayed 2 second(s)

2019-06-13 19:01:51 - [MESSAGE][PASSED] - Delayed 2 second(s)

2019-06-13 19:01:51 - [TEST_STEP][PASSED] - click(findTestObject("APOLLO- Desktop/Cart flyout/Checkout")): Object: 'Object Repository/APOLLO- Desktop/Cart flyout/Checkout' is clicked on

2019-06-13 19:01:54 - [MESSAGE][PASSED] - Object: 'Object Repository/APOLLO- Desktop/Cart flyout/Checkout' is clicked on

2019-06-13 19:01:54 - [TEST_STEP][PASSED] - delay(2): Delayed 2 second(s)

2019-06-13 19:01:56 - [MESSAGE][PASSED] - Delayed 2 second(s)

2019-06-13 19:01:56 - [TEST_STEP][PASSED] - callTestCase(findTestCase("CALL- CUSTOMER INFO PAGE"), [:], STOP_ON_FAILURE): Call Test Case 'Test Cases/CALL- CUSTOMER INFO PAGE' successfully

2019-06-13 19:01:56 - [TEST_CASE][PASSED] - Test Cases/CALL- CUSTOMER INFO PAGE: Test Cases/CALL- CUSTOMER INFO PAGE

2019-06-13 19:01:56 - [TEST_STEP][PASSED] - delay(2): Delayed 2 second(s)

2019-06-13 19:01:58 - [MESSAGE][PASSED] - Delayed 2 second(s)

2019-06-13 19:01:58 - [TEST_STEP][PASSED] - executeJavaScript("var previewBar = document.getElementById("preview-bar-iframe"); previewBar.style.display = "none";", []): Execute JavaScript 'var previewBar = document.getElementById("preview-bar-iframe"); previewBar.style.display = "none";' successfully

2019-06-13 19:01:58 - [MESSAGE][PASSED] - Execute JavaScript 'var previewBar = document.getElementById("preview-bar-iframe"); previewBar.style.display = "none";' successfully

2019-06-13 19:01:58 - [TEST_STEP][PASSED] - setText(findTestObject("APOLLO- Desktop/Customer Information page/Email"), "suman@gmail.com"): Text 'suman@gmail.com' is set on object 'Object Repository/APOLLO- Desktop/Customer Information page/Email'

2019-06-13 19:01:58 - [MESSAGE][PASSED] - Text 'suman@gmail.com' is set on object 'Object Repository/APOLLO- Desktop/Customer Information page/Email'

2019-06-13 19:01:58 - [TEST_STEP][PASSED] - delay(2): Delayed 2 second(s)

2019-06-13 19:02:00 - [MESSAGE][PASSED] - Delayed 2 second(s)

2019-06-13 19:02:00 - [TEST_STEP][PASSED] - setText(findTestObject("APOLLO- Desktop/Customer Information page/First name"), "suman"): Text 'suman' is set on object 'Object Repository/APOLLO- Desktop/Customer Information page/First name'

2019-06-13 19:02:00 - [MESSAGE][PASSED] - Text 'suman' is set on object 'Object Repository/APOLLO- Desktop/Customer Information page/First name'

2019-06-13 19:02:00 - [TEST_STEP][PASSED] - delay(2): Delayed 2 second(s)

2019-06-13 19:02:02 - [MESSAGE][PASSED] - Delayed 2 second(s)

2019-06-13 19:02:02 - [TEST_STEP][PASSED] - setText(findTestObject("APOLLO- Desktop/Customer Information page/Last name"), "kompelly"): Text 'kompelly' is set on object 'Object Repository/APOLLO- Desktop/Customer Information page/Last name'

2019-06-13 19:02:03 - [MESSAGE][PASSED] - Text 'kompelly' is set on object 'Object Repository/APOLLO- Desktop/Customer Information page/Last name'

2019-06-13 19:02:03 - [TEST_STEP][PASSED] - delay(2): Delayed 2 second(s)

2019-06-13 19:02:05 - [MESSAGE][PASSED] - Delayed 2 second(s)

2019-06-13 19:02:05 - [TEST_STEP][PASSED] - setText(findTestObject("APOLLO- Desktop/Customer Information page/Address"), "1435 st alxendre"): Text '1435 st alxendre' is set on object 'Object Repository/APOLLO- Desktop/Customer Information page/Address'

2019-06-13 19:02:05 - [MESSAGE][PASSED] - Text '1435 st alxendre' is set on object 'Object Repository/APOLLO- Desktop/Customer Information page/Address'

2019-06-13 19:02:05 - [TEST_STEP][PASSED] - setText(findTestObject("APOLLO- Desktop/Customer Information page/Apartment"), "220"): Text '220' is set on object 'Object Repository/APOLLO- Desktop/Customer Information page/Apartment'

2019-06-13 19:02:05 - [MESSAGE][PASSED] - Text '220' is set on object 'Object Repository/APOLLO- Desktop/Customer Information page/Apartment'

2019-06-13 19:02:05 - [TEST_STEP][PASSED] - setText(findTestObject("APOLLO- Desktop/Customer Information page/City"), "montreal"): Text 'montreal' is set on object 'Object Repository/APOLLO- Desktop/Customer Information page/City'

2019-06-13 19:02:05 - [MESSAGE][PASSED] - Text 'montreal' is set on object 'Object Repository/APOLLO- Desktop/Customer Information page/City'

2019-06-13 19:02:05 - [TEST_STEP][PASSED] - selectOptionByValue(findTestObject("APOLLO- Desktop/Customer Information page/Country dropdown"), "United States", true): All options with value 'United States' are selected in object 'Object Repository/APOLLO- Desktop/Customer Information page/Country dropdown'  using regular expression

2019-06-13 19:02:08 - [MESSAGE][PASSED] - All options with value 'United States' are selected in object 'Object Repository/APOLLO- Desktop/Customer Information page/Country dropdown'  using regular expression

2019-06-13 19:02:08 - [TEST_STEP][PASSED] - selectOptionByValue(findTestObject("APOLLO- Desktop/Customer Information page/states dropdown"), "NJ", true): All options with value 'NJ' are selected in object 'Object Repository/APOLLO- Desktop/Customer Information page/states dropdown'  using regular expression

2019-06-13 19:02:09 - [MESSAGE][PASSED] - All options with value 'NJ' are selected in object 'Object Repository/APOLLO- Desktop/Customer Information page/states dropdown'  using regular expression

2019-06-13 19:02:09 - [TEST_STEP][PASSED] - setText(findTestObject("APOLLO- Desktop/Customer Information page/ZIP code"), "07057"): Text '07057' is set on object 'Object Repository/APOLLO- Desktop/Customer Information page/ZIP code'

2019-06-13 19:02:09 - [MESSAGE][PASSED] - Text '07057' is set on object 'Object Repository/APOLLO- Desktop/Customer Information page/ZIP code'

2019-06-13 19:02:09 - [MESSAGE][PASSED] - Call Test Case 'Test Cases/CALL- CUSTOMER INFO PAGE' successfully

2019-06-13 19:02:09 - [TEST_STEP][PASSED] - delay(2): Delayed 2 second(s)

2019-06-13 19:02:11 - [MESSAGE][PASSED] - Delayed 2 second(s)

2019-06-13 19:02:11 - [TEST_STEP][PASSED] - callTestCase(findTestCase("CALL - SHIPPING TO PAYMENT"), [:], STOP_ON_FAILURE): Call Test Case 'Test Cases/CALL - SHIPPING TO PAYMENT' successfully

2019-06-13 19:02:11 - [TEST_CASE][PASSED] - Test Cases/CALL - SHIPPING TO PAYMENT: Test Cases/CALL - SHIPPING TO PAYMENT

2019-06-13 19:02:11 - [TEST_STEP][PASSED] - click(findTestObject("APOLLO- Desktop/Customer Information page/Continue to shipping")): Object: 'Object Repository/APOLLO- Desktop/Customer Information page/Continue to shipping' is clicked on

2019-06-13 19:02:13 - [MESSAGE][PASSED] - Object: 'Object Repository/APOLLO- Desktop/Customer Information page/Continue to shipping' is clicked on

2019-06-13 19:02:13 - [TEST_STEP][PASSED] - executeJavaScript("var previewBar = document.getElementById("preview-bar-iframe"); previewBar.style.display = "none";", []): Execute JavaScript 'var previewBar = document.getElementById("preview-bar-iframe"); previewBar.style.display = "none";' successfully

2019-06-13 19:02:13 - [MESSAGE][PASSED] - Execute JavaScript 'var previewBar = document.getElementById("preview-bar-iframe"); previewBar.style.display = "none";' successfully

2019-06-13 19:02:13 - [TEST_STEP][PASSED] - click(findTestObject("APOLLO- Desktop/Shipping page/Radio button check")): Object: 'Object Repository/APOLLO- Desktop/Shipping page/Radio button check' is clicked on

2019-06-13 19:02:14 - [MESSAGE][PASSED] - Object: 'Object Repository/APOLLO- Desktop/Shipping page/Radio button check' is clicked on

2019-06-13 19:02:14 - [TEST_STEP][PASSED] - executeJavaScript("var previewBar = document.getElementById("preview-bar-iframe"); previewBar.style.display = "none";", []): Execute JavaScript 'var previewBar = document.getElementById("preview-bar-iframe"); previewBar.style.display = "none";' successfully

2019-06-13 19:02:14 - [MESSAGE][PASSED] - Execute JavaScript 'var previewBar = document.getElementById("preview-bar-iframe"); previewBar.style.display = "none";' successfully

2019-06-13 19:02:14 - [TEST_STEP][PASSED] - click(findTestObject("APOLLO- Desktop/Shipping page/Continue to payment")): Object: 'Object Repository/APOLLO- Desktop/Shipping page/Continue to payment' is clicked on

2019-06-13 19:02:17 - [MESSAGE][PASSED] - Object: 'Object Repository/APOLLO- Desktop/Shipping page/Continue to payment' is clicked on

2019-06-13 19:02:17 - [TEST_STEP][PASSED] - executeJavaScript("var previewBar = document.getElementById("preview-bar-iframe"); previewBar.style.display = "none";", []): Execute JavaScript 'var previewBar = document.getElementById("preview-bar-iframe"); previewBar.style.display = "none";' successfully

2019-06-13 19:02:17 - [MESSAGE][PASSED] - Execute JavaScript 'var previewBar = document.getElementById("preview-bar-iframe"); previewBar.style.display = "none";' successfully

2019-06-13 19:02:17 - [TEST_STEP][PASSED] - click(findTestObject("APOLLO- Desktop/payment page/Payment section")): Object: 'Object Repository/APOLLO- Desktop/payment page/Payment section' is clicked on

2019-06-13 19:02:17 - [MESSAGE][PASSED] - Object: 'Object Repository/APOLLO- Desktop/payment page/Payment section' is clicked on

2019-06-13 19:02:17 - [MESSAGE][PASSED] - Call Test Case 'Test Cases/CALL - SHIPPING TO PAYMENT' successfully]]></system-out>
         <system-err><![CDATA[]]></system-err>
      </testcase>
      <testcase name="Test Cases/CRITICAL PATH/Adding diff prods to cart" classname="Test Cases/CRITICAL PATH/Adding diff prods to cart" status="PASSED">
         <system-out><![CDATA[2019-06-13 19:02:17 - [TEST_CASE][PASSED] - Test Cases/CRITICAL PATH/Adding diff prods to cart: Test Cases/CRITICAL PATH/Adding diff prods to cart

2019-06-13 19:02:17 - [TEST_STEP][PASSED] - callTestCase(findTestCase("CALL - URL"), [:], STOP_ON_FAILURE): Call Test Case 'Test Cases/CALL - URL' successfully

2019-06-13 19:02:17 - [TEST_CASE][PASSED] - Test Cases/CALL - URL: Test Cases/CALL - URL

2019-06-13 19:02:17 - [TEST_STEP][PASSED] - openBrowser(""): Browser is opened with url: ''

2019-06-13 19:02:17 - [MESSAGE][WARNING] - A browser is already opened. Closing browser and opening a new one

2019-06-13 19:02:17 - [MESSAGE][INFO] - Starting 'Chrome' driver

2019-06-13 19:02:18 - [MESSAGE][PASSED] - Browser is opened with url: ''

2019-06-13 19:02:18 - [TEST_STEP][PASSED] - navigateToUrl("https://diff-apollo.myshopify.com/?_ab=0&_fd=0&_sc=1&preview_theme_id=68602101860"): Navigate to 'https://diff-apollo.myshopify.com/?_ab=0&_fd=0&_sc=1&preview_theme_id=68602101860' successfully

2019-06-13 19:02:22 - [MESSAGE][PASSED] - Navigate to 'https://diff-apollo.myshopify.com/?_ab=0&_fd=0&_sc=1&preview_theme_id=68602101860' successfully

2019-06-13 19:02:22 - [TEST_STEP][PASSED] - executeJavaScript("var previewBar = document.getElementById("preview-bar-iframe"); previewBar.style.display = "none";", []): Execute JavaScript 'var previewBar = document.getElementById("preview-bar-iframe"); previewBar.style.display = "none";' successfully

2019-06-13 19:02:22 - [MESSAGE][PASSED] - Execute JavaScript 'var previewBar = document.getElementById("preview-bar-iframe"); previewBar.style.display = "none";' successfully

2019-06-13 19:02:22 - [MESSAGE][PASSED] - Call Test Case 'Test Cases/CALL - URL' successfully

2019-06-13 19:02:22 - [TEST_STEP][PASSED] - click(findTestObject("APOLLO- Desktop/Burger Menu/Burgermenu")): Object: 'Object Repository/APOLLO- Desktop/Burger Menu/Burgermenu' is clicked on

2019-06-13 19:02:22 - [MESSAGE][PASSED] - Object: 'Object Repository/APOLLO- Desktop/Burger Menu/Burgermenu' is clicked on

2019-06-13 19:02:22 - [TEST_STEP][PASSED] - delay(2): Delayed 2 second(s)

2019-06-13 19:02:24 - [MESSAGE][PASSED] - Delayed 2 second(s)

2019-06-13 19:02:24 - [TEST_STEP][PASSED] - click(findTestObject("APOLLO- Desktop/Burger Menu/Mens chevron")): Object: 'Object Repository/APOLLO- Desktop/Burger Menu/Mens chevron' is clicked on

2019-06-13 19:02:24 - [MESSAGE][PASSED] - Object: 'Object Repository/APOLLO- Desktop/Burger Menu/Mens chevron' is clicked on

2019-06-13 19:02:24 - [TEST_STEP][PASSED] - delay(2): Delayed 2 second(s)

2019-06-13 19:02:26 - [MESSAGE][PASSED] - Delayed 2 second(s)

2019-06-13 19:02:26 - [TEST_STEP][PASSED] - click(findTestObject("APOLLO- Desktop/Burger Menu/Mens - Top Chevron")): Object: 'Object Repository/APOLLO- Desktop/Burger Menu/Mens - Top Chevron' is clicked on

2019-06-13 19:02:26 - [MESSAGE][PASSED] - Object: 'Object Repository/APOLLO- Desktop/Burger Menu/Mens - Top Chevron' is clicked on

2019-06-13 19:02:26 - [TEST_STEP][PASSED] - delay(2): Delayed 2 second(s)

2019-06-13 19:02:28 - [MESSAGE][PASSED] - Delayed 2 second(s)

2019-06-13 19:02:28 - [TEST_STEP][PASSED] - click(findTestObject("APOLLO- Desktop/Burger Menu/Shirts link")): Object: 'Object Repository/APOLLO- Desktop/Burger Menu/Shirts link' is clicked on

2019-06-13 19:02:30 - [MESSAGE][PASSED] - Object: 'Object Repository/APOLLO- Desktop/Burger Menu/Shirts link' is clicked on

2019-06-13 19:02:30 - [TEST_STEP][PASSED] - delay(2): Delayed 2 second(s)

2019-06-13 19:02:32 - [MESSAGE][PASSED] - Delayed 2 second(s)

2019-06-13 19:02:32 - [TEST_STEP][PASSED] - click(findTestObject("APOLLO- Desktop/Collection page/Blue shirt product")): Object: 'Object Repository/APOLLO- Desktop/Collection page/Blue shirt product' is clicked on

2019-06-13 19:02:34 - [MESSAGE][PASSED] - Object: 'Object Repository/APOLLO- Desktop/Collection page/Blue shirt product' is clicked on

2019-06-13 19:02:34 - [TEST_STEP][PASSED] - delay(2): Delayed 2 second(s)

2019-06-13 19:02:36 - [MESSAGE][PASSED] - Delayed 2 second(s)

2019-06-13 19:02:36 - [TEST_STEP][PASSED] - selectOptionByValue(findTestObject("APOLLO- Desktop/Product page/Size dropdown"), "Medium", true): All options with value 'Medium' are selected in object 'Object Repository/APOLLO- Desktop/Product page/Size dropdown'  using regular expression

2019-06-13 19:02:36 - [MESSAGE][PASSED] - All options with value 'Medium' are selected in object 'Object Repository/APOLLO- Desktop/Product page/Size dropdown'  using regular expression

2019-06-13 19:02:36 - [TEST_STEP][PASSED] - delay(2): Delayed 2 second(s)

2019-06-13 19:02:38 - [MESSAGE][PASSED] - Delayed 2 second(s)

2019-06-13 19:02:38 - [TEST_STEP][PASSED] - click(findTestObject("APOLLO- Desktop/Product page/Add to bag")): Object: 'Object Repository/APOLLO- Desktop/Product page/Add to bag' is clicked on

2019-06-13 19:02:38 - [MESSAGE][PASSED] - Object: 'Object Repository/APOLLO- Desktop/Product page/Add to bag' is clicked on

2019-06-13 19:02:38 - [TEST_STEP][PASSED] - delay(2): Delayed 2 second(s)

2019-06-13 19:02:40 - [MESSAGE][PASSED] - Delayed 2 second(s)

2019-06-13 19:02:40 - [TEST_STEP][PASSED] - selectOptionByValue(findTestObject("APOLLO- Desktop/Product page/Size dropdown"), "Large", true): All options with value 'Large' are selected in object 'Object Repository/APOLLO- Desktop/Product page/Size dropdown'  using regular expression

2019-06-13 19:02:40 - [MESSAGE][PASSED] - All options with value 'Large' are selected in object 'Object Repository/APOLLO- Desktop/Product page/Size dropdown'  using regular expression

2019-06-13 19:02:40 - [TEST_STEP][PASSED] - delay(2): Delayed 2 second(s)

2019-06-13 19:02:42 - [MESSAGE][PASSED] - Delayed 2 second(s)

2019-06-13 19:02:42 - [TEST_STEP][PASSED] - click(findTestObject("APOLLO- Desktop/Product page/Add to bag")): Object: 'Object Repository/APOLLO- Desktop/Product page/Add to bag' is clicked on

2019-06-13 19:02:42 - [MESSAGE][PASSED] - Object: 'Object Repository/APOLLO- Desktop/Product page/Add to bag' is clicked on

2019-06-13 19:02:42 - [TEST_STEP][PASSED] - delay(2): Delayed 2 second(s)

2019-06-13 19:02:44 - [MESSAGE][PASSED] - Delayed 2 second(s)

2019-06-13 19:02:44 - [TEST_STEP][PASSED] - selectOptionByValue(findTestObject("APOLLO- Desktop/Product page/Size dropdown"), "Extra Large", true): All options with value 'Extra Large' are selected in object 'Object Repository/APOLLO- Desktop/Product page/Size dropdown'  using regular expression

2019-06-13 19:02:45 - [MESSAGE][PASSED] - All options with value 'Extra Large' are selected in object 'Object Repository/APOLLO- Desktop/Product page/Size dropdown'  using regular expression

2019-06-13 19:02:45 - [TEST_STEP][PASSED] - delay(2): Delayed 2 second(s)

2019-06-13 19:02:47 - [MESSAGE][PASSED] - Delayed 2 second(s)

2019-06-13 19:02:47 - [TEST_STEP][PASSED] - click(findTestObject("APOLLO- Desktop/Product page/Add to bag")): Object: 'Object Repository/APOLLO- Desktop/Product page/Add to bag' is clicked on

2019-06-13 19:02:47 - [MESSAGE][PASSED] - Object: 'Object Repository/APOLLO- Desktop/Product page/Add to bag' is clicked on

2019-06-13 19:02:47 - [TEST_STEP][PASSED] - delay(2): Delayed 2 second(s)

2019-06-13 19:02:49 - [MESSAGE][PASSED] - Delayed 2 second(s)

2019-06-13 19:02:49 - [TEST_STEP][PASSED] - click(findTestObject("APOLLO- Desktop/Burger Menu/Burgermenu")): Object: 'Object Repository/APOLLO- Desktop/Burger Menu/Burgermenu' is clicked on

2019-06-13 19:02:49 - [MESSAGE][PASSED] - Object: 'Object Repository/APOLLO- Desktop/Burger Menu/Burgermenu' is clicked on

2019-06-13 19:02:49 - [TEST_STEP][PASSED] - delay(2): Delayed 2 second(s)

2019-06-13 19:02:51 - [MESSAGE][PASSED] - Delayed 2 second(s)

2019-06-13 19:02:51 - [TEST_STEP][PASSED] - click(findTestObject("APOLLO- Desktop/Burger Menu/KIds link")): Object: 'Object Repository/APOLLO- Desktop/Burger Menu/KIds link' is clicked on

2019-06-13 19:02:53 - [MESSAGE][PASSED] - Object: 'Object Repository/APOLLO- Desktop/Burger Menu/KIds link' is clicked on

2019-06-13 19:02:53 - [TEST_STEP][PASSED] - delay(2): Delayed 2 second(s)

2019-06-13 19:02:55 - [MESSAGE][PASSED] - Delayed 2 second(s)

2019-06-13 19:02:55 - [TEST_STEP][PASSED] - click(findTestObject("APOLLO- Desktop/Collection page/Sailor sweatshirt")): Object: 'Object Repository/APOLLO- Desktop/Collection page/Sailor sweatshirt' is clicked on

2019-06-13 19:02:57 - [MESSAGE][PASSED] - Object: 'Object Repository/APOLLO- Desktop/Collection page/Sailor sweatshirt' is clicked on

2019-06-13 19:02:57 - [TEST_STEP][PASSED] - delay(2): Delayed 2 second(s)

2019-06-13 19:02:59 - [MESSAGE][PASSED] - Delayed 2 second(s)

2019-06-13 19:02:59 - [TEST_STEP][PASSED] - click(findTestObject("APOLLO- Desktop/Product page/Add to bag")): Object: 'Object Repository/APOLLO- Desktop/Product page/Add to bag' is clicked on

2019-06-13 19:02:59 - [MESSAGE][PASSED] - Object: 'Object Repository/APOLLO- Desktop/Product page/Add to bag' is clicked on

2019-06-13 19:02:59 - [TEST_STEP][PASSED] - delay(2): Delayed 2 second(s)

2019-06-13 19:03:01 - [MESSAGE][PASSED] - Delayed 2 second(s)

2019-06-13 19:03:01 - [TEST_STEP][PASSED] - click(findTestObject("APOLLO- Desktop/Burger Menu/Burgermenu")): Object: 'Object Repository/APOLLO- Desktop/Burger Menu/Burgermenu' is clicked on

2019-06-13 19:03:01 - [MESSAGE][PASSED] - Object: 'Object Repository/APOLLO- Desktop/Burger Menu/Burgermenu' is clicked on

2019-06-13 19:03:01 - [TEST_STEP][PASSED] - delay(2): Delayed 2 second(s)

2019-06-13 19:03:03 - [MESSAGE][PASSED] - Delayed 2 second(s)

2019-06-13 19:03:03 - [TEST_STEP][PASSED] - click(findTestObject("APOLLO- Desktop/Burger Menu/Women link")): Object: 'Object Repository/APOLLO- Desktop/Burger Menu/Women link' is clicked on

2019-06-13 19:03:03 - [MESSAGE][PASSED] - Object: 'Object Repository/APOLLO- Desktop/Burger Menu/Women link' is clicked on

2019-06-13 19:03:03 - [TEST_STEP][PASSED] - delay(2): Delayed 2 second(s)

2019-06-13 19:03:05 - [MESSAGE][PASSED] - Delayed 2 second(s)

2019-06-13 19:03:05 - [TEST_STEP][PASSED] - click(findTestObject("APOLLO- Desktop/Burger Menu/Jackets - Coats")): Object: 'Object Repository/APOLLO- Desktop/Burger Menu/Jackets - Coats' is clicked on

2019-06-13 19:03:09 - [MESSAGE][PASSED] - Object: 'Object Repository/APOLLO- Desktop/Burger Menu/Jackets - Coats' is clicked on

2019-06-13 19:03:09 - [TEST_STEP][PASSED] - delay(2): Delayed 2 second(s)

2019-06-13 19:03:11 - [MESSAGE][PASSED] - Delayed 2 second(s)

2019-06-13 19:03:11 - [TEST_STEP][PASSED] - click(findTestObject("APOLLO- Desktop/Collection page/Womens long nude winter coat")): Object: 'Object Repository/APOLLO- Desktop/Collection page/Womens long nude winter coat' is clicked on

2019-06-13 19:03:14 - [MESSAGE][PASSED] - Object: 'Object Repository/APOLLO- Desktop/Collection page/Womens long nude winter coat' is clicked on

2019-06-13 19:03:14 - [TEST_STEP][PASSED] - delay(2): Delayed 2 second(s)

2019-06-13 19:03:16 - [MESSAGE][PASSED] - Delayed 2 second(s)

2019-06-13 19:03:16 - [TEST_STEP][PASSED] - selectOptionByValue(findTestObject("APOLLO- Desktop/Product page/Size dropdown"), "Small", true): All options with value 'Small' are selected in object 'Object Repository/APOLLO- Desktop/Product page/Size dropdown'  using regular expression

2019-06-13 19:03:16 - [MESSAGE][PASSED] - All options with value 'Small' are selected in object 'Object Repository/APOLLO- Desktop/Product page/Size dropdown'  using regular expression

2019-06-13 19:03:16 - [TEST_STEP][PASSED] - delay(2): Delayed 2 second(s)

2019-06-13 19:03:18 - [MESSAGE][PASSED] - Delayed 2 second(s)

2019-06-13 19:03:18 - [TEST_STEP][PASSED] - click(findTestObject("APOLLO- Desktop/Product page/Add to bag")): Object: 'Object Repository/APOLLO- Desktop/Product page/Add to bag' is clicked on

2019-06-13 19:03:18 - [MESSAGE][PASSED] - Object: 'Object Repository/APOLLO- Desktop/Product page/Add to bag' is clicked on

2019-06-13 19:03:18 - [TEST_STEP][PASSED] - delay(2): Delayed 2 second(s)

2019-06-13 19:03:20 - [MESSAGE][PASSED] - Delayed 2 second(s)

2019-06-13 19:03:20 - [TEST_STEP][PASSED] - executeJavaScript("var previewBar = document.getElementById("preview-bar-iframe"); previewBar.style.display = "none";", []): Execute JavaScript 'var previewBar = document.getElementById("preview-bar-iframe"); previewBar.style.display = "none";' successfully

2019-06-13 19:03:20 - [MESSAGE][PASSED] - Execute JavaScript 'var previewBar = document.getElementById("preview-bar-iframe"); previewBar.style.display = "none";' successfully

2019-06-13 19:03:20 - [TEST_STEP][PASSED] - click(findTestObject("APOLLO- Desktop/Cart flyout/Checkout")): Object: 'Object Repository/APOLLO- Desktop/Cart flyout/Checkout' is clicked on

2019-06-13 19:03:23 - [MESSAGE][PASSED] - Object: 'Object Repository/APOLLO- Desktop/Cart flyout/Checkout' is clicked on

2019-06-13 19:03:23 - [TEST_STEP][PASSED] - callTestCase(findTestCase("CALL- CUSTOMER INFO PAGE"), [:], STOP_ON_FAILURE): Call Test Case 'Test Cases/CALL- CUSTOMER INFO PAGE' successfully

2019-06-13 19:03:23 - [TEST_CASE][PASSED] - Test Cases/CALL- CUSTOMER INFO PAGE: Test Cases/CALL- CUSTOMER INFO PAGE

2019-06-13 19:03:23 - [TEST_STEP][PASSED] - delay(2): Delayed 2 second(s)

2019-06-13 19:03:25 - [MESSAGE][PASSED] - Delayed 2 second(s)

2019-06-13 19:03:25 - [TEST_STEP][PASSED] - executeJavaScript("var previewBar = document.getElementById("preview-bar-iframe"); previewBar.style.display = "none";", []): Execute JavaScript 'var previewBar = document.getElementById("preview-bar-iframe"); previewBar.style.display = "none";' successfully

2019-06-13 19:03:25 - [MESSAGE][PASSED] - Execute JavaScript 'var previewBar = document.getElementById("preview-bar-iframe"); previewBar.style.display = "none";' successfully

2019-06-13 19:03:25 - [TEST_STEP][PASSED] - setText(findTestObject("APOLLO- Desktop/Customer Information page/Email"), "suman@gmail.com"): Text 'suman@gmail.com' is set on object 'Object Repository/APOLLO- Desktop/Customer Information page/Email'

2019-06-13 19:03:25 - [MESSAGE][PASSED] - Text 'suman@gmail.com' is set on object 'Object Repository/APOLLO- Desktop/Customer Information page/Email'

2019-06-13 19:03:25 - [TEST_STEP][PASSED] - delay(2): Delayed 2 second(s)

2019-06-13 19:03:27 - [MESSAGE][PASSED] - Delayed 2 second(s)

2019-06-13 19:03:27 - [TEST_STEP][PASSED] - setText(findTestObject("APOLLO- Desktop/Customer Information page/First name"), "suman"): Text 'suman' is set on object 'Object Repository/APOLLO- Desktop/Customer Information page/First name'

2019-06-13 19:03:27 - [MESSAGE][PASSED] - Text 'suman' is set on object 'Object Repository/APOLLO- Desktop/Customer Information page/First name'

2019-06-13 19:03:27 - [TEST_STEP][PASSED] - delay(2): Delayed 2 second(s)

2019-06-13 19:03:29 - [MESSAGE][PASSED] - Delayed 2 second(s)

2019-06-13 19:03:29 - [TEST_STEP][PASSED] - setText(findTestObject("APOLLO- Desktop/Customer Information page/Last name"), "kompelly"): Text 'kompelly' is set on object 'Object Repository/APOLLO- Desktop/Customer Information page/Last name'

2019-06-13 19:03:29 - [MESSAGE][PASSED] - Text 'kompelly' is set on object 'Object Repository/APOLLO- Desktop/Customer Information page/Last name'

2019-06-13 19:03:29 - [TEST_STEP][PASSED] - delay(2): Delayed 2 second(s)

2019-06-13 19:03:31 - [MESSAGE][PASSED] - Delayed 2 second(s)

2019-06-13 19:03:31 - [TEST_STEP][PASSED] - setText(findTestObject("APOLLO- Desktop/Customer Information page/Address"), "1435 st alxendre"): Text '1435 st alxendre' is set on object 'Object Repository/APOLLO- Desktop/Customer Information page/Address'

2019-06-13 19:03:31 - [MESSAGE][PASSED] - Text '1435 st alxendre' is set on object 'Object Repository/APOLLO- Desktop/Customer Information page/Address'

2019-06-13 19:03:31 - [TEST_STEP][PASSED] - setText(findTestObject("APOLLO- Desktop/Customer Information page/Apartment"), "220"): Text '220' is set on object 'Object Repository/APOLLO- Desktop/Customer Information page/Apartment'

2019-06-13 19:03:32 - [MESSAGE][PASSED] - Text '220' is set on object 'Object Repository/APOLLO- Desktop/Customer Information page/Apartment'

2019-06-13 19:03:32 - [TEST_STEP][PASSED] - setText(findTestObject("APOLLO- Desktop/Customer Information page/City"), "montreal"): Text 'montreal' is set on object 'Object Repository/APOLLO- Desktop/Customer Information page/City'

2019-06-13 19:03:32 - [MESSAGE][PASSED] - Text 'montreal' is set on object 'Object Repository/APOLLO- Desktop/Customer Information page/City'

2019-06-13 19:03:32 - [TEST_STEP][PASSED] - selectOptionByValue(findTestObject("APOLLO- Desktop/Customer Information page/Country dropdown"), "United States", true): All options with value 'United States' are selected in object 'Object Repository/APOLLO- Desktop/Customer Information page/Country dropdown'  using regular expression

2019-06-13 19:03:35 - [MESSAGE][PASSED] - All options with value 'United States' are selected in object 'Object Repository/APOLLO- Desktop/Customer Information page/Country dropdown'  using regular expression

2019-06-13 19:03:35 - [TEST_STEP][PASSED] - selectOptionByValue(findTestObject("APOLLO- Desktop/Customer Information page/states dropdown"), "NJ", true): All options with value 'NJ' are selected in object 'Object Repository/APOLLO- Desktop/Customer Information page/states dropdown'  using regular expression

2019-06-13 19:03:36 - [MESSAGE][PASSED] - All options with value 'NJ' are selected in object 'Object Repository/APOLLO- Desktop/Customer Information page/states dropdown'  using regular expression

2019-06-13 19:03:36 - [TEST_STEP][PASSED] - setText(findTestObject("APOLLO- Desktop/Customer Information page/ZIP code"), "07057"): Text '07057' is set on object 'Object Repository/APOLLO- Desktop/Customer Information page/ZIP code'

2019-06-13 19:03:36 - [MESSAGE][PASSED] - Text '07057' is set on object 'Object Repository/APOLLO- Desktop/Customer Information page/ZIP code'

2019-06-13 19:03:36 - [MESSAGE][PASSED] - Call Test Case 'Test Cases/CALL- CUSTOMER INFO PAGE' successfully

2019-06-13 19:03:36 - [TEST_STEP][PASSED] - click(findTestObject("APOLLO- Desktop/Customer Information page/Continue to shipping")): Object: 'Object Repository/APOLLO- Desktop/Customer Information page/Continue to shipping' is clicked on

2019-06-13 19:03:38 - [MESSAGE][PASSED] - Object: 'Object Repository/APOLLO- Desktop/Customer Information page/Continue to shipping' is clicked on

2019-06-13 19:03:38 - [TEST_STEP][PASSED] - click(findTestObject("APOLLO- Desktop/Shipping page/Radio button check")): Object: 'Object Repository/APOLLO- Desktop/Shipping page/Radio button check' is clicked on

2019-06-13 19:03:40 - [MESSAGE][PASSED] - Object: 'Object Repository/APOLLO- Desktop/Shipping page/Radio button check' is clicked on

2019-06-13 19:03:40 - [TEST_STEP][PASSED] - click(findTestObject("APOLLO- Desktop/Shipping page/Continue to payment")): Object: 'Object Repository/APOLLO- Desktop/Shipping page/Continue to payment' is clicked on

2019-06-13 19:03:43 - [MESSAGE][PASSED] - Object: 'Object Repository/APOLLO- Desktop/Shipping page/Continue to payment' is clicked on

2019-06-13 19:03:43 - [TEST_STEP][PASSED] - click(findTestObject("APOLLO- Desktop/payment page/Payment section")): Object: 'Object Repository/APOLLO- Desktop/payment page/Payment section' is clicked on

2019-06-13 19:03:43 - [MESSAGE][PASSED] - Object: 'Object Repository/APOLLO- Desktop/payment page/Payment section' is clicked on]]></system-out>
         <system-err><![CDATA[]]></system-err>
      </testcase>
      <testcase name="Test Cases/CRITICAL PATH/Price comparison - cart page" classname="Test Cases/CRITICAL PATH/Price comparison - cart page" status="PASSED">
         <system-out><![CDATA[2019-06-13 19:03:43 - [TEST_CASE][PASSED] - Test Cases/CRITICAL PATH/Price comparison - cart page: Test Cases/CRITICAL PATH/Price comparison - cart page

2019-06-13 19:03:43 - [TEST_STEP][PASSED] - callTestCase(findTestCase("CALL - URL"), [:], STOP_ON_FAILURE): Call Test Case 'Test Cases/CALL - URL' successfully

2019-06-13 19:03:43 - [TEST_CASE][PASSED] - Test Cases/CALL - URL: Test Cases/CALL - URL

2019-06-13 19:03:43 - [TEST_STEP][PASSED] - openBrowser(""): Browser is opened with url: ''

2019-06-13 19:03:43 - [MESSAGE][WARNING] - A browser is already opened. Closing browser and opening a new one

2019-06-13 19:03:44 - [MESSAGE][INFO] - Starting 'Chrome' driver

2019-06-13 19:03:45 - [MESSAGE][PASSED] - Browser is opened with url: ''

2019-06-13 19:03:45 - [TEST_STEP][PASSED] - navigateToUrl("https://diff-apollo.myshopify.com/?_ab=0&_fd=0&_sc=1&preview_theme_id=68602101860"): Navigate to 'https://diff-apollo.myshopify.com/?_ab=0&_fd=0&_sc=1&preview_theme_id=68602101860' successfully

2019-06-13 19:03:48 - [MESSAGE][PASSED] - Navigate to 'https://diff-apollo.myshopify.com/?_ab=0&_fd=0&_sc=1&preview_theme_id=68602101860' successfully

2019-06-13 19:03:48 - [TEST_STEP][PASSED] - executeJavaScript("var previewBar = document.getElementById("preview-bar-iframe"); previewBar.style.display = "none";", []): Execute JavaScript 'var previewBar = document.getElementById("preview-bar-iframe"); previewBar.style.display = "none";' successfully

2019-06-13 19:03:48 - [MESSAGE][PASSED] - Execute JavaScript 'var previewBar = document.getElementById("preview-bar-iframe"); previewBar.style.display = "none";' successfully

2019-06-13 19:03:48 - [MESSAGE][PASSED] - Call Test Case 'Test Cases/CALL - URL' successfully

2019-06-13 19:03:48 - [TEST_STEP][PASSED] - click(findTestObject("APOLLO- Desktop/Burger Menu/Burgermenu")): Object: 'Object Repository/APOLLO- Desktop/Burger Menu/Burgermenu' is clicked on

2019-06-13 19:03:48 - [MESSAGE][PASSED] - Object: 'Object Repository/APOLLO- Desktop/Burger Menu/Burgermenu' is clicked on

2019-06-13 19:03:48 - [TEST_STEP][PASSED] - delay(2): Delayed 2 second(s)

2019-06-13 19:03:50 - [MESSAGE][PASSED] - Delayed 2 second(s)

2019-06-13 19:03:50 - [TEST_STEP][PASSED] - click(findTestObject("APOLLO- Desktop/Burger Menu/Mens chevron")): Object: 'Object Repository/APOLLO- Desktop/Burger Menu/Mens chevron' is clicked on

2019-06-13 19:03:50 - [MESSAGE][PASSED] - Object: 'Object Repository/APOLLO- Desktop/Burger Menu/Mens chevron' is clicked on

2019-06-13 19:03:50 - [TEST_STEP][PASSED] - delay(2): Delayed 2 second(s)

2019-06-13 19:03:52 - [MESSAGE][PASSED] - Delayed 2 second(s)

2019-06-13 19:03:52 - [TEST_STEP][PASSED] - click(findTestObject("APOLLO- Desktop/Burger Menu/Mens - Top Chevron")): Object: 'Object Repository/APOLLO- Desktop/Burger Menu/Mens - Top Chevron' is clicked on

2019-06-13 19:03:53 - [MESSAGE][PASSED] - Object: 'Object Repository/APOLLO- Desktop/Burger Menu/Mens - Top Chevron' is clicked on

2019-06-13 19:03:53 - [TEST_STEP][PASSED] - delay(2): Delayed 2 second(s)

2019-06-13 19:03:55 - [MESSAGE][PASSED] - Delayed 2 second(s)

2019-06-13 19:03:55 - [TEST_STEP][PASSED] - click(findTestObject("APOLLO- Desktop/Burger Menu/Shirts link")): Object: 'Object Repository/APOLLO- Desktop/Burger Menu/Shirts link' is clicked on

2019-06-13 19:03:56 - [MESSAGE][PASSED] - Object: 'Object Repository/APOLLO- Desktop/Burger Menu/Shirts link' is clicked on

2019-06-13 19:03:56 - [TEST_STEP][PASSED] - delay(2): Delayed 2 second(s)

2019-06-13 19:03:58 - [MESSAGE][PASSED] - Delayed 2 second(s)

2019-06-13 19:03:58 - [TEST_STEP][PASSED] - click(findTestObject("APOLLO- Desktop/Collection page/Blue shirt product")): Object: 'Object Repository/APOLLO- Desktop/Collection page/Blue shirt product' is clicked on

2019-06-13 19:04:01 - [MESSAGE][PASSED] - Object: 'Object Repository/APOLLO- Desktop/Collection page/Blue shirt product' is clicked on

2019-06-13 19:04:01 - [TEST_STEP][PASSED] - delay(2): Delayed 2 second(s)

2019-06-13 19:04:03 - [MESSAGE][PASSED] - Delayed 2 second(s)

2019-06-13 19:04:03 - [TEST_STEP][PASSED] - selectOptionByValue(findTestObject("APOLLO- Desktop/Product page/Size dropdown"), "Medium", true): All options with value 'Medium' are selected in object 'Object Repository/APOLLO- Desktop/Product page/Size dropdown'  using regular expression

2019-06-13 19:04:03 - [MESSAGE][PASSED] - All options with value 'Medium' are selected in object 'Object Repository/APOLLO- Desktop/Product page/Size dropdown'  using regular expression

2019-06-13 19:04:03 - [TEST_STEP][PASSED] - delay(2): Delayed 2 second(s)

2019-06-13 19:04:05 - [MESSAGE][PASSED] - Delayed 2 second(s)

2019-06-13 19:04:05 - [TEST_STEP][PASSED] - click(findTestObject("APOLLO- Desktop/Product page/Add to bag")): Object: 'Object Repository/APOLLO- Desktop/Product page/Add to bag' is clicked on

2019-06-13 19:04:05 - [MESSAGE][PASSED] - Object: 'Object Repository/APOLLO- Desktop/Product page/Add to bag' is clicked on

2019-06-13 19:04:05 - [TEST_STEP][PASSED] - delay(2): Delayed 2 second(s)

2019-06-13 19:04:07 - [MESSAGE][PASSED] - Delayed 2 second(s)

2019-06-13 19:04:07 - [TEST_STEP][PASSED] - click(findTestObject("APOLLO- Desktop/Burger Menu/Burgermenu")): Object: 'Object Repository/APOLLO- Desktop/Burger Menu/Burgermenu' is clicked on

2019-06-13 19:04:07 - [MESSAGE][PASSED] - Object: 'Object Repository/APOLLO- Desktop/Burger Menu/Burgermenu' is clicked on

2019-06-13 19:04:07 - [TEST_STEP][PASSED] - delay(2): Delayed 2 second(s)

2019-06-13 19:04:09 - [MESSAGE][PASSED] - Delayed 2 second(s)

2019-06-13 19:04:09 - [TEST_STEP][PASSED] - click(findTestObject("APOLLO- Desktop/Burger Menu/KIds link")): Object: 'Object Repository/APOLLO- Desktop/Burger Menu/KIds link' is clicked on

2019-06-13 19:04:11 - [MESSAGE][PASSED] - Object: 'Object Repository/APOLLO- Desktop/Burger Menu/KIds link' is clicked on

2019-06-13 19:04:11 - [TEST_STEP][PASSED] - delay(2): Delayed 2 second(s)

2019-06-13 19:04:13 - [MESSAGE][PASSED] - Delayed 2 second(s)

2019-06-13 19:04:13 - [TEST_STEP][PASSED] - click(findTestObject("APOLLO- Desktop/Collection page/Sailor sweatshirt")): Object: 'Object Repository/APOLLO- Desktop/Collection page/Sailor sweatshirt' is clicked on

2019-06-13 19:04:14 - [MESSAGE][PASSED] - Object: 'Object Repository/APOLLO- Desktop/Collection page/Sailor sweatshirt' is clicked on

2019-06-13 19:04:14 - [TEST_STEP][PASSED] - delay(2): Delayed 2 second(s)

2019-06-13 19:04:16 - [MESSAGE][PASSED] - Delayed 2 second(s)

2019-06-13 19:04:16 - [TEST_STEP][PASSED] - click(findTestObject("APOLLO- Desktop/Product page/Add to bag")): Object: 'Object Repository/APOLLO- Desktop/Product page/Add to bag' is clicked on

2019-06-13 19:04:16 - [MESSAGE][PASSED] - Object: 'Object Repository/APOLLO- Desktop/Product page/Add to bag' is clicked on

2019-06-13 19:04:16 - [TEST_STEP][PASSED] - delay(2): Delayed 2 second(s)

2019-06-13 19:04:18 - [MESSAGE][PASSED] - Delayed 2 second(s)

2019-06-13 19:04:18 - [TEST_STEP][PASSED] - click(findTestObject("APOLLO- Desktop/Cart flyout/Checkout")): Object: 'Object Repository/APOLLO- Desktop/Cart flyout/Checkout' is clicked on

2019-06-13 19:04:21 - [MESSAGE][PASSED] - Object: 'Object Repository/APOLLO- Desktop/Cart flyout/Checkout' is clicked on

2019-06-13 19:04:21 - [TEST_STEP][PASSED] - delay(2): Delayed 2 second(s)

2019-06-13 19:04:23 - [MESSAGE][PASSED] - Delayed 2 second(s)

2019-06-13 19:04:23 - [TEST_STEP][PASSED] - click(findTestObject("APOLLO- Desktop/Customer Information page/Cart page breadcrumb")): Object: 'Object Repository/APOLLO- Desktop/Customer Information page/Cart page breadcrumb' is clicked on

2019-06-13 19:04:25 - [MESSAGE][PASSED] - Object: 'Object Repository/APOLLO- Desktop/Customer Information page/Cart page breadcrumb' is clicked on

2019-06-13 19:04:25 - [TEST_STEP][PASSED] - delay(2): Delayed 2 second(s)

2019-06-13 19:04:27 - [MESSAGE][PASSED] - Delayed 2 second(s)

2019-06-13 19:04:27 - [TEST_STEP][PASSED] - executeJavaScript("var previewBar = document.getElementById("preview-bar-iframe"); previewBar.style.display = "none";", []): Execute JavaScript 'var previewBar = document.getElementById("preview-bar-iframe"); previewBar.style.display = "none";' successfully

2019-06-13 19:04:27 - [MESSAGE][PASSED] - Execute JavaScript 'var previewBar = document.getElementById("preview-bar-iframe"); previewBar.style.display = "none";' successfully

2019-06-13 19:04:27 - [TEST_STEP][PASSED] - a = getText(findTestObject("APOLLO- Desktop/Cart page/Unit price - 1st product")): Text of object 'Object Repository/APOLLO- Desktop/Cart page/Unit price - 1st product' is: '$30'

2019-06-13 19:04:27 - [MESSAGE][PASSED] - Text of object 'Object Repository/APOLLO- Desktop/Cart page/Unit price - 1st product' is: '$30'

2019-06-13 19:04:27 - [TEST_STEP][PASSED] - comment("a=" + a): a=$30

2019-06-13 19:04:27 - [MESSAGE][INFO] - a=$30

2019-06-13 19:04:27 - [TEST_STEP][PASSED] - a1 = a.substring(1): null

2019-06-13 19:04:27 - [TEST_STEP][PASSED] - comment("a1=" + a1): a1=30

2019-06-13 19:04:27 - [MESSAGE][INFO] - a1=30

2019-06-13 19:04:27 - [TEST_STEP][PASSED] - b = getText(findTestObject("APOLLO- Desktop/Cart page/Unit price - 2nd product")): Text of object 'Object Repository/APOLLO- Desktop/Cart page/Unit price - 2nd product' is: '$30'

2019-06-13 19:04:27 - [MESSAGE][PASSED] - Text of object 'Object Repository/APOLLO- Desktop/Cart page/Unit price - 2nd product' is: '$30'

2019-06-13 19:04:27 - [TEST_STEP][PASSED] - comment("b=" + b): b=$30

2019-06-13 19:04:27 - [MESSAGE][INFO] - b=$30

2019-06-13 19:04:27 - [TEST_STEP][PASSED] - b1 = b.substring(1): null

2019-06-13 19:04:27 - [TEST_STEP][PASSED] - comment("b1=" + b1): b1=30

2019-06-13 19:04:27 - [MESSAGE][INFO] - b1=30

2019-06-13 19:04:27 - [TEST_STEP][PASSED] - p1 = <not implemented yet for class: org.codehaus.groovy.ast.expr.EmptyExpression>: null

2019-06-13 19:04:27 - [TEST_STEP][PASSED] - p2 = <not implemented yet for class: org.codehaus.groovy.ast.expr.EmptyExpression>: null

2019-06-13 19:04:27 - [TEST_STEP][PASSED] - try: p1=30.0

2019-06-13 19:04:27 - [TEST_STEP][PASSED] - str = a1: null

2019-06-13 19:04:27 - [TEST_STEP][PASSED] - comment("str=" + str): str=30

2019-06-13 19:04:27 - [MESSAGE][INFO] - str=30

2019-06-13 19:04:27 - [TEST_STEP][PASSED] - p1 = Double.valueOf(str): null

2019-06-13 19:04:27 - [TEST_STEP][PASSED] - comment("p1=" + p1): p1=30.0

2019-06-13 19:04:27 - [MESSAGE][INFO] - p1=30.0

2019-06-13 19:04:27 - [TEST_STEP][PASSED] - try: p2=30.0

2019-06-13 19:04:27 - [TEST_STEP][PASSED] - str5 = b1: null

2019-06-13 19:04:27 - [TEST_STEP][PASSED] - comment("str5=" + str5): str5=30

2019-06-13 19:04:27 - [MESSAGE][INFO] - str5=30

2019-06-13 19:04:27 - [TEST_STEP][PASSED] - p2 = Double.valueOf(str5): null

2019-06-13 19:04:27 - [TEST_STEP][PASSED] - comment("p2=" + p2): p2=30.0

2019-06-13 19:04:27 - [MESSAGE][INFO] - p2=30.0

2019-06-13 19:04:27 - [TEST_STEP][PASSED] - total = p1 + p2: null

2019-06-13 19:04:27 - [TEST_STEP][PASSED] - comment("total=" + total): total=60.0

2019-06-13 19:04:27 - [MESSAGE][INFO] - total=60.0

2019-06-13 19:04:27 - [TEST_STEP][PASSED] - c = getText(findTestObject("APOLLO- Desktop/Cart page/Subtotal in cart page")): Text of object 'Object Repository/APOLLO- Desktop/Cart page/Subtotal in cart page' is: '$60.00'

2019-06-13 19:04:27 - [MESSAGE][PASSED] - Text of object 'Object Repository/APOLLO- Desktop/Cart page/Subtotal in cart page' is: '$60.00'

2019-06-13 19:04:27 - [TEST_STEP][PASSED] - comment("c=" + c): c=$60.00

2019-06-13 19:04:27 - [MESSAGE][INFO] - c=$60.00

2019-06-13 19:04:27 - [TEST_STEP][PASSED] - c1 = c.substring(1): null

2019-06-13 19:04:27 - [TEST_STEP][PASSED] - comment("c1=" + c1): c1=60.00

2019-06-13 19:04:27 - [MESSAGE][INFO] - c1=60.00

2019-06-13 19:04:27 - [TEST_STEP][PASSED] - p3 = <not implemented yet for class: org.codehaus.groovy.ast.expr.EmptyExpression>: null

2019-06-13 19:04:27 - [TEST_STEP][PASSED] - try: p3=60.0

2019-06-13 19:04:27 - [TEST_STEP][PASSED] - str = c1: null

2019-06-13 19:04:27 - [TEST_STEP][PASSED] - comment("str=" + str): str=60.00

2019-06-13 19:04:27 - [MESSAGE][INFO] - str=60.00

2019-06-13 19:04:27 - [TEST_STEP][PASSED] - p3 = Double.valueOf(str): null

2019-06-13 19:04:27 - [TEST_STEP][PASSED] - comment("p3=" + p3): p3=60.0

2019-06-13 19:04:27 - [MESSAGE][INFO] - p3=60.0

2019-06-13 19:04:27 - [TEST_STEP][PASSED] - verifyEqual(total, p3): Actual object '60' and expected object '60' are equal

2019-06-13 19:04:27 - [MESSAGE][PASSED] - Actual object '60' and expected object '60' are equal

2019-06-13 19:04:27 - [TEST_STEP][PASSED] - click(findTestObject("APOLLO- Desktop/Cart flyout/Checkout")): Object: 'Object Repository/APOLLO- Desktop/Cart flyout/Checkout' is clicked on

2019-06-13 19:04:29 - [MESSAGE][PASSED] - Object: 'Object Repository/APOLLO- Desktop/Cart flyout/Checkout' is clicked on

2019-06-13 19:04:29 - [TEST_STEP][PASSED] - callTestCase(findTestCase("CALL- CUSTOMER INFO PAGE"), [:], STOP_ON_FAILURE): Call Test Case 'Test Cases/CALL- CUSTOMER INFO PAGE' successfully

2019-06-13 19:04:29 - [TEST_CASE][PASSED] - Test Cases/CALL- CUSTOMER INFO PAGE: Test Cases/CALL- CUSTOMER INFO PAGE

2019-06-13 19:04:29 - [TEST_STEP][PASSED] - delay(2): Delayed 2 second(s)

2019-06-13 19:04:31 - [MESSAGE][PASSED] - Delayed 2 second(s)

2019-06-13 19:04:31 - [TEST_STEP][PASSED] - executeJavaScript("var previewBar = document.getElementById("preview-bar-iframe"); previewBar.style.display = "none";", []): Execute JavaScript 'var previewBar = document.getElementById("preview-bar-iframe"); previewBar.style.display = "none";' successfully

2019-06-13 19:04:31 - [MESSAGE][PASSED] - Execute JavaScript 'var previewBar = document.getElementById("preview-bar-iframe"); previewBar.style.display = "none";' successfully

2019-06-13 19:04:31 - [TEST_STEP][PASSED] - setText(findTestObject("APOLLO- Desktop/Customer Information page/Email"), "suman@gmail.com"): Text 'suman@gmail.com' is set on object 'Object Repository/APOLLO- Desktop/Customer Information page/Email'

2019-06-13 19:04:31 - [MESSAGE][PASSED] - Text 'suman@gmail.com' is set on object 'Object Repository/APOLLO- Desktop/Customer Information page/Email'

2019-06-13 19:04:31 - [TEST_STEP][PASSED] - delay(2): Delayed 2 second(s)

2019-06-13 19:04:33 - [MESSAGE][PASSED] - Delayed 2 second(s)

2019-06-13 19:04:33 - [TEST_STEP][PASSED] - setText(findTestObject("APOLLO- Desktop/Customer Information page/First name"), "suman"): Text 'suman' is set on object 'Object Repository/APOLLO- Desktop/Customer Information page/First name'

2019-06-13 19:04:33 - [MESSAGE][PASSED] - Text 'suman' is set on object 'Object Repository/APOLLO- Desktop/Customer Information page/First name'

2019-06-13 19:04:33 - [TEST_STEP][PASSED] - delay(2): Delayed 2 second(s)

2019-06-13 19:04:35 - [MESSAGE][PASSED] - Delayed 2 second(s)

2019-06-13 19:04:35 - [TEST_STEP][PASSED] - setText(findTestObject("APOLLO- Desktop/Customer Information page/Last name"), "kompelly"): Text 'kompelly' is set on object 'Object Repository/APOLLO- Desktop/Customer Information page/Last name'

2019-06-13 19:04:35 - [MESSAGE][PASSED] - Text 'kompelly' is set on object 'Object Repository/APOLLO- Desktop/Customer Information page/Last name'

2019-06-13 19:04:35 - [TEST_STEP][PASSED] - delay(2): Delayed 2 second(s)

2019-06-13 19:04:37 - [MESSAGE][PASSED] - Delayed 2 second(s)

2019-06-13 19:04:37 - [TEST_STEP][PASSED] - setText(findTestObject("APOLLO- Desktop/Customer Information page/Address"), "1435 st alxendre"): Text '1435 st alxendre' is set on object 'Object Repository/APOLLO- Desktop/Customer Information page/Address'

2019-06-13 19:04:38 - [MESSAGE][PASSED] - Text '1435 st alxendre' is set on object 'Object Repository/APOLLO- Desktop/Customer Information page/Address'

2019-06-13 19:04:38 - [TEST_STEP][PASSED] - setText(findTestObject("APOLLO- Desktop/Customer Information page/Apartment"), "220"): Text '220' is set on object 'Object Repository/APOLLO- Desktop/Customer Information page/Apartment'

2019-06-13 19:04:38 - [MESSAGE][PASSED] - Text '220' is set on object 'Object Repository/APOLLO- Desktop/Customer Information page/Apartment'

2019-06-13 19:04:38 - [TEST_STEP][PASSED] - setText(findTestObject("APOLLO- Desktop/Customer Information page/City"), "montreal"): Text 'montreal' is set on object 'Object Repository/APOLLO- Desktop/Customer Information page/City'

2019-06-13 19:04:38 - [MESSAGE][PASSED] - Text 'montreal' is set on object 'Object Repository/APOLLO- Desktop/Customer Information page/City'

2019-06-13 19:04:38 - [TEST_STEP][PASSED] - selectOptionByValue(findTestObject("APOLLO- Desktop/Customer Information page/Country dropdown"), "United States", true): All options with value 'United States' are selected in object 'Object Repository/APOLLO- Desktop/Customer Information page/Country dropdown'  using regular expression

2019-06-13 19:04:41 - [MESSAGE][PASSED] - All options with value 'United States' are selected in object 'Object Repository/APOLLO- Desktop/Customer Information page/Country dropdown'  using regular expression

2019-06-13 19:04:41 - [TEST_STEP][PASSED] - selectOptionByValue(findTestObject("APOLLO- Desktop/Customer Information page/states dropdown"), "NJ", true): All options with value 'NJ' are selected in object 'Object Repository/APOLLO- Desktop/Customer Information page/states dropdown'  using regular expression

2019-06-13 19:04:42 - [MESSAGE][PASSED] - All options with value 'NJ' are selected in object 'Object Repository/APOLLO- Desktop/Customer Information page/states dropdown'  using regular expression

2019-06-13 19:04:42 - [TEST_STEP][PASSED] - setText(findTestObject("APOLLO- Desktop/Customer Information page/ZIP code"), "07057"): Text '07057' is set on object 'Object Repository/APOLLO- Desktop/Customer Information page/ZIP code'

2019-06-13 19:04:42 - [MESSAGE][PASSED] - Text '07057' is set on object 'Object Repository/APOLLO- Desktop/Customer Information page/ZIP code'

2019-06-13 19:04:42 - [MESSAGE][PASSED] - Call Test Case 'Test Cases/CALL- CUSTOMER INFO PAGE' successfully

2019-06-13 19:04:42 - [TEST_STEP][PASSED] - click(findTestObject("APOLLO- Desktop/Customer Information page/Continue to shipping")): Object: 'Object Repository/APOLLO- Desktop/Customer Information page/Continue to shipping' is clicked on

2019-06-13 19:04:44 - [MESSAGE][PASSED] - Object: 'Object Repository/APOLLO- Desktop/Customer Information page/Continue to shipping' is clicked on

2019-06-13 19:04:44 - [TEST_STEP][PASSED] - click(findTestObject("APOLLO- Desktop/Shipping page/Radio button check")): Object: 'Object Repository/APOLLO- Desktop/Shipping page/Radio button check' is clicked on

2019-06-13 19:04:45 - [MESSAGE][PASSED] - Object: 'Object Repository/APOLLO- Desktop/Shipping page/Radio button check' is clicked on

2019-06-13 19:04:45 - [TEST_STEP][PASSED] - click(findTestObject("APOLLO- Desktop/Shipping page/Continue to payment")): Object: 'Object Repository/APOLLO- Desktop/Shipping page/Continue to payment' is clicked on

2019-06-13 19:04:47 - [MESSAGE][PASSED] - Object: 'Object Repository/APOLLO- Desktop/Shipping page/Continue to payment' is clicked on

2019-06-13 19:04:47 - [TEST_STEP][PASSED] - click(findTestObject("APOLLO- Desktop/payment page/Payment section")): Object: 'Object Repository/APOLLO- Desktop/payment page/Payment section' is clicked on

2019-06-13 19:04:47 - [MESSAGE][PASSED] - Object: 'Object Repository/APOLLO- Desktop/payment page/Payment section' is clicked on]]></system-out>
         <system-err><![CDATA[]]></system-err>
      </testcase>
      <testcase name="Test Cases/CRITICAL PATH/Decrease quantity - cart page" classname="Test Cases/CRITICAL PATH/Decrease quantity - cart page" status="PASSED">
         <system-out><![CDATA[2019-06-13 19:04:47 - [TEST_CASE][PASSED] - Test Cases/CRITICAL PATH/Decrease quantity - cart page: Test Cases/CRITICAL PATH/Decrease quantity - cart page

2019-06-13 19:04:48 - [TEST_STEP][PASSED] - callTestCase(findTestCase("CALL - URL"), [:], STOP_ON_FAILURE): Call Test Case 'Test Cases/CALL - URL' successfully

2019-06-13 19:04:48 - [TEST_CASE][PASSED] - Test Cases/CALL - URL: Test Cases/CALL - URL

2019-06-13 19:04:48 - [TEST_STEP][PASSED] - openBrowser(""): Browser is opened with url: ''

2019-06-13 19:04:48 - [MESSAGE][WARNING] - A browser is already opened. Closing browser and opening a new one

2019-06-13 19:04:48 - [MESSAGE][INFO] - Starting 'Chrome' driver

2019-06-13 19:04:49 - [MESSAGE][PASSED] - Browser is opened with url: ''

2019-06-13 19:04:49 - [TEST_STEP][PASSED] - navigateToUrl("https://diff-apollo.myshopify.com/?_ab=0&_fd=0&_sc=1&preview_theme_id=68602101860"): Navigate to 'https://diff-apollo.myshopify.com/?_ab=0&_fd=0&_sc=1&preview_theme_id=68602101860' successfully

2019-06-13 19:04:52 - [MESSAGE][PASSED] - Navigate to 'https://diff-apollo.myshopify.com/?_ab=0&_fd=0&_sc=1&preview_theme_id=68602101860' successfully

2019-06-13 19:04:52 - [TEST_STEP][PASSED] - executeJavaScript("var previewBar = document.getElementById("preview-bar-iframe"); previewBar.style.display = "none";", []): Execute JavaScript 'var previewBar = document.getElementById("preview-bar-iframe"); previewBar.style.display = "none";' successfully

2019-06-13 19:04:52 - [MESSAGE][PASSED] - Execute JavaScript 'var previewBar = document.getElementById("preview-bar-iframe"); previewBar.style.display = "none";' successfully

2019-06-13 19:04:52 - [MESSAGE][PASSED] - Call Test Case 'Test Cases/CALL - URL' successfully

2019-06-13 19:04:52 - [TEST_STEP][PASSED] - delay(1): Delayed 1 second(s)

2019-06-13 19:04:53 - [MESSAGE][PASSED] - Delayed 1 second(s)

2019-06-13 19:04:53 - [TEST_STEP][PASSED] - click(findTestObject("APOLLO- Desktop/Burger Menu/Burgermenu")): Object: 'Object Repository/APOLLO- Desktop/Burger Menu/Burgermenu' is clicked on

2019-06-13 19:04:53 - [MESSAGE][PASSED] - Object: 'Object Repository/APOLLO- Desktop/Burger Menu/Burgermenu' is clicked on

2019-06-13 19:04:53 - [TEST_STEP][PASSED] - delay(2): Delayed 2 second(s)

2019-06-13 19:04:55 - [MESSAGE][PASSED] - Delayed 2 second(s)

2019-06-13 19:04:55 - [TEST_STEP][PASSED] - click(findTestObject("APOLLO- Desktop/Burger Menu/Mens chevron")): Object: 'Object Repository/APOLLO- Desktop/Burger Menu/Mens chevron' is clicked on

2019-06-13 19:04:55 - [MESSAGE][PASSED] - Object: 'Object Repository/APOLLO- Desktop/Burger Menu/Mens chevron' is clicked on

2019-06-13 19:04:55 - [TEST_STEP][PASSED] - delay(2): Delayed 2 second(s)

2019-06-13 19:04:57 - [MESSAGE][PASSED] - Delayed 2 second(s)

2019-06-13 19:04:57 - [TEST_STEP][PASSED] - click(findTestObject("APOLLO- Desktop/Burger Menu/Mens - Top Chevron")): Object: 'Object Repository/APOLLO- Desktop/Burger Menu/Mens - Top Chevron' is clicked on

2019-06-13 19:04:57 - [MESSAGE][PASSED] - Object: 'Object Repository/APOLLO- Desktop/Burger Menu/Mens - Top Chevron' is clicked on

2019-06-13 19:04:57 - [TEST_STEP][PASSED] - delay(2): Delayed 2 second(s)

2019-06-13 19:04:59 - [MESSAGE][PASSED] - Delayed 2 second(s)

2019-06-13 19:04:59 - [TEST_STEP][PASSED] - click(findTestObject("APOLLO- Desktop/Burger Menu/Shirts link")): Object: 'Object Repository/APOLLO- Desktop/Burger Menu/Shirts link' is clicked on

2019-06-13 19:05:01 - [MESSAGE][PASSED] - Object: 'Object Repository/APOLLO- Desktop/Burger Menu/Shirts link' is clicked on

2019-06-13 19:05:01 - [TEST_STEP][PASSED] - delay(2): Delayed 2 second(s)

2019-06-13 19:05:03 - [MESSAGE][PASSED] - Delayed 2 second(s)

2019-06-13 19:05:03 - [TEST_STEP][PASSED] - click(findTestObject("APOLLO- Desktop/Collection page/Blue shirt product")): Object: 'Object Repository/APOLLO- Desktop/Collection page/Blue shirt product' is clicked on

2019-06-13 19:05:06 - [MESSAGE][PASSED] - Object: 'Object Repository/APOLLO- Desktop/Collection page/Blue shirt product' is clicked on

2019-06-13 19:05:06 - [TEST_STEP][PASSED] - delay(2): Delayed 2 second(s)

2019-06-13 19:05:08 - [MESSAGE][PASSED] - Delayed 2 second(s)

2019-06-13 19:05:08 - [TEST_STEP][PASSED] - selectOptionByValue(findTestObject("APOLLO- Desktop/Product page/Size dropdown"), "Medium", true): All options with value 'Medium' are selected in object 'Object Repository/APOLLO- Desktop/Product page/Size dropdown'  using regular expression

2019-06-13 19:05:08 - [MESSAGE][PASSED] - All options with value 'Medium' are selected in object 'Object Repository/APOLLO- Desktop/Product page/Size dropdown'  using regular expression

2019-06-13 19:05:08 - [TEST_STEP][PASSED] - delay(2): Delayed 2 second(s)

2019-06-13 19:05:10 - [MESSAGE][PASSED] - Delayed 2 second(s)

2019-06-13 19:05:10 - [TEST_STEP][PASSED] - click(findTestObject("APOLLO- Desktop/Product page/Increase qunatity - prod page")): Object: 'Object Repository/APOLLO- Desktop/Product page/Increase qunatity - prod page' is clicked on

2019-06-13 19:05:10 - [MESSAGE][PASSED] - Object: 'Object Repository/APOLLO- Desktop/Product page/Increase qunatity - prod page' is clicked on

2019-06-13 19:05:10 - [TEST_STEP][PASSED] - delay(2): Delayed 2 second(s)

2019-06-13 19:05:12 - [MESSAGE][PASSED] - Delayed 2 second(s)

2019-06-13 19:05:12 - [TEST_STEP][PASSED] - click(findTestObject("APOLLO- Desktop/Product page/Increase qunatity - prod page")): Object: 'Object Repository/APOLLO- Desktop/Product page/Increase qunatity - prod page' is clicked on

2019-06-13 19:05:12 - [MESSAGE][PASSED] - Object: 'Object Repository/APOLLO- Desktop/Product page/Increase qunatity - prod page' is clicked on

2019-06-13 19:05:12 - [TEST_STEP][PASSED] - delay(2): Delayed 2 second(s)

2019-06-13 19:05:14 - [MESSAGE][PASSED] - Delayed 2 second(s)

2019-06-13 19:05:14 - [TEST_STEP][PASSED] - click(findTestObject("APOLLO- Desktop/Product page/Increase qunatity - prod page")): Object: 'Object Repository/APOLLO- Desktop/Product page/Increase qunatity - prod page' is clicked on

2019-06-13 19:05:14 - [MESSAGE][PASSED] - Object: 'Object Repository/APOLLO- Desktop/Product page/Increase qunatity - prod page' is clicked on

2019-06-13 19:05:14 - [TEST_STEP][PASSED] - delay(2): Delayed 2 second(s)

2019-06-13 19:05:16 - [MESSAGE][PASSED] - Delayed 2 second(s)

2019-06-13 19:05:16 - [TEST_STEP][PASSED] - click(findTestObject("APOLLO- Desktop/Product page/Increase qunatity - prod page")): Object: 'Object Repository/APOLLO- Desktop/Product page/Increase qunatity - prod page' is clicked on

2019-06-13 19:05:16 - [MESSAGE][PASSED] - Object: 'Object Repository/APOLLO- Desktop/Product page/Increase qunatity - prod page' is clicked on

2019-06-13 19:05:16 - [TEST_STEP][PASSED] - delay(2): Delayed 2 second(s)

2019-06-13 19:05:18 - [MESSAGE][PASSED] - Delayed 2 second(s)

2019-06-13 19:05:18 - [TEST_STEP][PASSED] - click(findTestObject("APOLLO- Desktop/Product page/Increase qunatity - prod page")): Object: 'Object Repository/APOLLO- Desktop/Product page/Increase qunatity - prod page' is clicked on

2019-06-13 19:05:18 - [MESSAGE][PASSED] - Object: 'Object Repository/APOLLO- Desktop/Product page/Increase qunatity - prod page' is clicked on

2019-06-13 19:05:18 - [TEST_STEP][PASSED] - delay(2): Delayed 2 second(s)

2019-06-13 19:05:20 - [MESSAGE][PASSED] - Delayed 2 second(s)

2019-06-13 19:05:20 - [TEST_STEP][PASSED] - click(findTestObject("APOLLO- Desktop/Product page/Add to bag")): Object: 'Object Repository/APOLLO- Desktop/Product page/Add to bag' is clicked on

2019-06-13 19:05:20 - [MESSAGE][PASSED] - Object: 'Object Repository/APOLLO- Desktop/Product page/Add to bag' is clicked on

2019-06-13 19:05:20 - [TEST_STEP][PASSED] - delay(2): Delayed 2 second(s)

2019-06-13 19:05:22 - [MESSAGE][PASSED] - Delayed 2 second(s)

2019-06-13 19:05:22 - [TEST_STEP][PASSED] - delay(2): Delayed 2 second(s)

2019-06-13 19:05:24 - [MESSAGE][PASSED] - Delayed 2 second(s)

2019-06-13 19:05:24 - [TEST_STEP][PASSED] - click(findTestObject("APOLLO- Desktop/Cart flyout/Checkout")): Object: 'Object Repository/APOLLO- Desktop/Cart flyout/Checkout' is clicked on

2019-06-13 19:05:26 - [MESSAGE][PASSED] - Object: 'Object Repository/APOLLO- Desktop/Cart flyout/Checkout' is clicked on

2019-06-13 19:05:26 - [TEST_STEP][PASSED] - delay(2): Delayed 2 second(s)

2019-06-13 19:05:28 - [MESSAGE][PASSED] - Delayed 2 second(s)

2019-06-13 19:05:28 - [TEST_STEP][PASSED] - click(findTestObject("APOLLO- Desktop/Customer Information page/Cart page breadcrumb")): Object: 'Object Repository/APOLLO- Desktop/Customer Information page/Cart page breadcrumb' is clicked on

2019-06-13 19:05:30 - [MESSAGE][PASSED] - Object: 'Object Repository/APOLLO- Desktop/Customer Information page/Cart page breadcrumb' is clicked on

2019-06-13 19:05:30 - [TEST_STEP][PASSED] - executeJavaScript("var previewBar = document.getElementById("preview-bar-iframe"); previewBar.style.display = "none";", []): Execute JavaScript 'var previewBar = document.getElementById("preview-bar-iframe"); previewBar.style.display = "none";' successfully

2019-06-13 19:05:30 - [MESSAGE][PASSED] - Execute JavaScript 'var previewBar = document.getElementById("preview-bar-iframe"); previewBar.style.display = "none";' successfully

2019-06-13 19:05:30 - [TEST_STEP][PASSED] - delay(2): Delayed 2 second(s)

2019-06-13 19:05:32 - [MESSAGE][PASSED] - Delayed 2 second(s)

2019-06-13 19:05:32 - [TEST_STEP][PASSED] - a = getText(findTestObject("APOLLO- Desktop/Cart page/Subtotal in cart page")): Text of object 'Object Repository/APOLLO- Desktop/Cart page/Subtotal in cart page' is: '$76.50'

2019-06-13 19:05:32 - [MESSAGE][PASSED] - Text of object 'Object Repository/APOLLO- Desktop/Cart page/Subtotal in cart page' is: '$76.50'

2019-06-13 19:05:32 - [TEST_STEP][PASSED] - comment("a=" + a): a=$76.50

2019-06-13 19:05:32 - [MESSAGE][INFO] - a=$76.50

2019-06-13 19:05:32 - [TEST_STEP][PASSED] - delay(2): Delayed 2 second(s)

2019-06-13 19:05:34 - [MESSAGE][PASSED] - Delayed 2 second(s)

2019-06-13 19:05:34 - [TEST_STEP][PASSED] - click(findTestObject("APOLLO- Desktop/Cart page/Decrease quantity - cart page")): Object: 'Object Repository/APOLLO- Desktop/Cart page/Decrease quantity - cart page' is clicked on

2019-06-13 19:05:34 - [MESSAGE][PASSED] - Object: 'Object Repository/APOLLO- Desktop/Cart page/Decrease quantity - cart page' is clicked on

2019-06-13 19:05:34 - [TEST_STEP][PASSED] - delay(2): Delayed 2 second(s)

2019-06-13 19:05:36 - [MESSAGE][PASSED] - Delayed 2 second(s)

2019-06-13 19:05:36 - [TEST_STEP][PASSED] - click(findTestObject("APOLLO- Desktop/Cart page/Decrease quantity - cart page")): Object: 'Object Repository/APOLLO- Desktop/Cart page/Decrease quantity - cart page' is clicked on

2019-06-13 19:05:36 - [MESSAGE][PASSED] - Object: 'Object Repository/APOLLO- Desktop/Cart page/Decrease quantity - cart page' is clicked on

2019-06-13 19:05:36 - [TEST_STEP][PASSED] - delay(2): Delayed 2 second(s)

2019-06-13 19:05:38 - [MESSAGE][PASSED] - Delayed 2 second(s)

2019-06-13 19:05:38 - [TEST_STEP][PASSED] - click(findTestObject("APOLLO- Desktop/Cart page/Decrease quantity - cart page")): Object: 'Object Repository/APOLLO- Desktop/Cart page/Decrease quantity - cart page' is clicked on

2019-06-13 19:05:38 - [MESSAGE][PASSED] - Object: 'Object Repository/APOLLO- Desktop/Cart page/Decrease quantity - cart page' is clicked on

2019-06-13 19:05:38 - [TEST_STEP][PASSED] - delay(2): Delayed 2 second(s)

2019-06-13 19:05:40 - [MESSAGE][PASSED] - Delayed 2 second(s)

2019-06-13 19:05:40 - [TEST_STEP][PASSED] - setText(findTestObject("APOLLO- Desktop/Cart flyout/CArt quanty update"), "1"): Text '1' is set on object 'Object Repository/APOLLO- Desktop/Cart flyout/CArt quanty update'

2019-06-13 19:05:41 - [MESSAGE][PASSED] - Text '1' is set on object 'Object Repository/APOLLO- Desktop/Cart flyout/CArt quanty update'

2019-06-13 19:05:41 - [TEST_STEP][PASSED] - delay(2): Delayed 2 second(s)

2019-06-13 19:05:43 - [MESSAGE][PASSED] - Delayed 2 second(s)

2019-06-13 19:05:43 - [TEST_STEP][PASSED] - click(findTestObject("APOLLO- Desktop/Cart page/Click outside the page")): Object: 'Object Repository/APOLLO- Desktop/Cart page/Click outside the page' is clicked on

2019-06-13 19:05:43 - [MESSAGE][PASSED] - Object: 'Object Repository/APOLLO- Desktop/Cart page/Click outside the page' is clicked on

2019-06-13 19:05:43 - [TEST_STEP][PASSED] - delay(2): Delayed 2 second(s)

2019-06-13 19:05:45 - [MESSAGE][PASSED] - Delayed 2 second(s)

2019-06-13 19:05:45 - [TEST_STEP][PASSED] - b = getText(findTestObject("APOLLO- Desktop/Cart page/Subtotal in cart page")): Text of object 'Object Repository/APOLLO- Desktop/Cart page/Subtotal in cart page' is: '$30.00'

2019-06-13 19:05:45 - [MESSAGE][PASSED] - Text of object 'Object Repository/APOLLO- Desktop/Cart page/Subtotal in cart page' is: '$30.00'

2019-06-13 19:05:45 - [TEST_STEP][PASSED] - comment("b=" + b): b=$30.00

2019-06-13 19:05:45 - [MESSAGE][INFO] - b=$30.00

2019-06-13 19:05:45 - [TEST_STEP][PASSED] - verifyNotEqual("a", "b"): Actual object 'a' and expected object 'b' are not equal

2019-06-13 19:05:45 - [MESSAGE][PASSED] - Actual object 'a' and expected object 'b' are not equal

2019-06-13 19:05:45 - [TEST_STEP][PASSED] - delay(2): Delayed 2 second(s)

2019-06-13 19:05:47 - [MESSAGE][PASSED] - Delayed 2 second(s)

2019-06-13 19:05:47 - [TEST_STEP][PASSED] - click(findTestObject("APOLLO- Desktop/Cart flyout/Checkout")): Object: 'Object Repository/APOLLO- Desktop/Cart flyout/Checkout' is clicked on

2019-06-13 19:05:49 - [MESSAGE][PASSED] - Object: 'Object Repository/APOLLO- Desktop/Cart flyout/Checkout' is clicked on

2019-06-13 19:05:49 - [TEST_STEP][PASSED] - delay(2): Delayed 2 second(s)

2019-06-13 19:05:51 - [MESSAGE][PASSED] - Delayed 2 second(s)

2019-06-13 19:05:51 - [TEST_STEP][PASSED] - callTestCase(findTestCase("CALL- CUSTOMER INFO PAGE"), [:], STOP_ON_FAILURE): Call Test Case 'Test Cases/CALL- CUSTOMER INFO PAGE' successfully

2019-06-13 19:05:51 - [TEST_CASE][PASSED] - Test Cases/CALL- CUSTOMER INFO PAGE: Test Cases/CALL- CUSTOMER INFO PAGE

2019-06-13 19:05:51 - [TEST_STEP][PASSED] - delay(2): Delayed 2 second(s)

2019-06-13 19:05:53 - [MESSAGE][PASSED] - Delayed 2 second(s)

2019-06-13 19:05:53 - [TEST_STEP][PASSED] - executeJavaScript("var previewBar = document.getElementById("preview-bar-iframe"); previewBar.style.display = "none";", []): Execute JavaScript 'var previewBar = document.getElementById("preview-bar-iframe"); previewBar.style.display = "none";' successfully

2019-06-13 19:05:53 - [MESSAGE][PASSED] - Execute JavaScript 'var previewBar = document.getElementById("preview-bar-iframe"); previewBar.style.display = "none";' successfully

2019-06-13 19:05:53 - [TEST_STEP][PASSED] - setText(findTestObject("APOLLO- Desktop/Customer Information page/Email"), "suman@gmail.com"): Text 'suman@gmail.com' is set on object 'Object Repository/APOLLO- Desktop/Customer Information page/Email'

2019-06-13 19:05:53 - [MESSAGE][PASSED] - Text 'suman@gmail.com' is set on object 'Object Repository/APOLLO- Desktop/Customer Information page/Email'

2019-06-13 19:05:53 - [TEST_STEP][PASSED] - delay(2): Delayed 2 second(s)

2019-06-13 19:05:55 - [MESSAGE][PASSED] - Delayed 2 second(s)

2019-06-13 19:05:55 - [TEST_STEP][PASSED] - setText(findTestObject("APOLLO- Desktop/Customer Information page/First name"), "suman"): Text 'suman' is set on object 'Object Repository/APOLLO- Desktop/Customer Information page/First name'

2019-06-13 19:05:55 - [MESSAGE][PASSED] - Text 'suman' is set on object 'Object Repository/APOLLO- Desktop/Customer Information page/First name'

2019-06-13 19:05:55 - [TEST_STEP][PASSED] - delay(2): Delayed 2 second(s)

2019-06-13 19:05:57 - [MESSAGE][PASSED] - Delayed 2 second(s)

2019-06-13 19:05:57 - [TEST_STEP][PASSED] - setText(findTestObject("APOLLO- Desktop/Customer Information page/Last name"), "kompelly"): Text 'kompelly' is set on object 'Object Repository/APOLLO- Desktop/Customer Information page/Last name'

2019-06-13 19:05:57 - [MESSAGE][PASSED] - Text 'kompelly' is set on object 'Object Repository/APOLLO- Desktop/Customer Information page/Last name'

2019-06-13 19:05:57 - [TEST_STEP][PASSED] - delay(2): Delayed 2 second(s)

2019-06-13 19:05:59 - [MESSAGE][PASSED] - Delayed 2 second(s)

2019-06-13 19:05:59 - [TEST_STEP][PASSED] - setText(findTestObject("APOLLO- Desktop/Customer Information page/Address"), "1435 st alxendre"): Text '1435 st alxendre' is set on object 'Object Repository/APOLLO- Desktop/Customer Information page/Address'

2019-06-13 19:06:00 - [MESSAGE][PASSED] - Text '1435 st alxendre' is set on object 'Object Repository/APOLLO- Desktop/Customer Information page/Address'

2019-06-13 19:06:00 - [TEST_STEP][PASSED] - setText(findTestObject("APOLLO- Desktop/Customer Information page/Apartment"), "220"): Text '220' is set on object 'Object Repository/APOLLO- Desktop/Customer Information page/Apartment'

2019-06-13 19:06:00 - [MESSAGE][PASSED] - Text '220' is set on object 'Object Repository/APOLLO- Desktop/Customer Information page/Apartment'

2019-06-13 19:06:00 - [TEST_STEP][PASSED] - setText(findTestObject("APOLLO- Desktop/Customer Information page/City"), "montreal"): Text 'montreal' is set on object 'Object Repository/APOLLO- Desktop/Customer Information page/City'

2019-06-13 19:06:00 - [MESSAGE][PASSED] - Text 'montreal' is set on object 'Object Repository/APOLLO- Desktop/Customer Information page/City'

2019-06-13 19:06:00 - [TEST_STEP][PASSED] - selectOptionByValue(findTestObject("APOLLO- Desktop/Customer Information page/Country dropdown"), "United States", true): All options with value 'United States' are selected in object 'Object Repository/APOLLO- Desktop/Customer Information page/Country dropdown'  using regular expression

2019-06-13 19:06:03 - [MESSAGE][PASSED] - All options with value 'United States' are selected in object 'Object Repository/APOLLO- Desktop/Customer Information page/Country dropdown'  using regular expression

2019-06-13 19:06:03 - [TEST_STEP][PASSED] - selectOptionByValue(findTestObject("APOLLO- Desktop/Customer Information page/states dropdown"), "NJ", true): All options with value 'NJ' are selected in object 'Object Repository/APOLLO- Desktop/Customer Information page/states dropdown'  using regular expression

2019-06-13 19:06:04 - [MESSAGE][PASSED] - All options with value 'NJ' are selected in object 'Object Repository/APOLLO- Desktop/Customer Information page/states dropdown'  using regular expression

2019-06-13 19:06:04 - [TEST_STEP][PASSED] - setText(findTestObject("APOLLO- Desktop/Customer Information page/ZIP code"), "07057"): Text '07057' is set on object 'Object Repository/APOLLO- Desktop/Customer Information page/ZIP code'

2019-06-13 19:06:04 - [MESSAGE][PASSED] - Text '07057' is set on object 'Object Repository/APOLLO- Desktop/Customer Information page/ZIP code'

2019-06-13 19:06:04 - [MESSAGE][PASSED] - Call Test Case 'Test Cases/CALL- CUSTOMER INFO PAGE' successfully

2019-06-13 19:06:04 - [TEST_STEP][PASSED] - delay(2): Delayed 2 second(s)

2019-06-13 19:06:06 - [MESSAGE][PASSED] - Delayed 2 second(s)

2019-06-13 19:06:06 - [TEST_STEP][PASSED] - executeJavaScript("var previewBar = document.getElementById("preview-bar-iframe"); previewBar.style.display = "none";", []): Execute JavaScript 'var previewBar = document.getElementById("preview-bar-iframe"); previewBar.style.display = "none";' successfully

2019-06-13 19:06:06 - [MESSAGE][PASSED] - Execute JavaScript 'var previewBar = document.getElementById("preview-bar-iframe"); previewBar.style.display = "none";' successfully

2019-06-13 19:06:06 - [TEST_STEP][PASSED] - click(findTestObject("APOLLO- Desktop/Customer Information page/Continue to shipping")): Object: 'Object Repository/APOLLO- Desktop/Customer Information page/Continue to shipping' is clicked on

2019-06-13 19:06:08 - [MESSAGE][PASSED] - Object: 'Object Repository/APOLLO- Desktop/Customer Information page/Continue to shipping' is clicked on

2019-06-13 19:06:08 - [TEST_STEP][PASSED] - delay(1): Delayed 1 second(s)

2019-06-13 19:06:09 - [MESSAGE][PASSED] - Delayed 1 second(s)

2019-06-13 19:06:09 - [TEST_STEP][PASSED] - click(findTestObject("APOLLO- Desktop/Shipping page/Radio button check")): Object: 'Object Repository/APOLLO- Desktop/Shipping page/Radio button check' is clicked on

2019-06-13 19:06:09 - [MESSAGE][PASSED] - Object: 'Object Repository/APOLLO- Desktop/Shipping page/Radio button check' is clicked on

2019-06-13 19:06:09 - [TEST_STEP][PASSED] - executeJavaScript("var previewBar = document.getElementById("preview-bar-iframe"); previewBar.style.display = "none";", []): Execute JavaScript 'var previewBar = document.getElementById("preview-bar-iframe"); previewBar.style.display = "none";' successfully

2019-06-13 19:06:09 - [MESSAGE][PASSED] - Execute JavaScript 'var previewBar = document.getElementById("preview-bar-iframe"); previewBar.style.display = "none";' successfully

2019-06-13 19:06:09 - [TEST_STEP][PASSED] - delay(1): Delayed 1 second(s)

2019-06-13 19:06:10 - [MESSAGE][PASSED] - Delayed 1 second(s)

2019-06-13 19:06:10 - [TEST_STEP][PASSED] - click(findTestObject("APOLLO- Desktop/Shipping page/Continue to payment")): Object: 'Object Repository/APOLLO- Desktop/Shipping page/Continue to payment' is clicked on

2019-06-13 19:06:13 - [MESSAGE][PASSED] - Object: 'Object Repository/APOLLO- Desktop/Shipping page/Continue to payment' is clicked on

2019-06-13 19:06:13 - [TEST_STEP][PASSED] - delay(1): Delayed 1 second(s)

2019-06-13 19:06:14 - [MESSAGE][PASSED] - Delayed 1 second(s)

2019-06-13 19:06:14 - [TEST_STEP][PASSED] - click(findTestObject("APOLLO- Desktop/payment page/Payment section")): Object: 'Object Repository/APOLLO- Desktop/payment page/Payment section' is clicked on

2019-06-13 19:06:14 - [MESSAGE][PASSED] - Object: 'Object Repository/APOLLO- Desktop/payment page/Payment section' is clicked on]]></system-out>
         <system-err><![CDATA[]]></system-err>
      </testcase>
      <testcase name="Test Cases/CRITICAL PATH/Adding product - Search flyout" classname="Test Cases/CRITICAL PATH/Adding product - Search flyout" status="FAILED">
         <failure type="FAILED" message="Test Cases/CRITICAL PATH/Adding product - Search flyout FAILED.
Reason:
com.kms.katalon.core.exception.StepFailedException: Object 'Object Repository/APOLLO- Desktop/Product page/Add to bag' is NOT clickable
	at com.kms.katalon.core.keyword.internal.KeywordMain.stepFailed(KeywordMain.groovy:32)
	at com.kms.katalon.core.webui.keyword.internal.WebUIKeywordMain.stepFailed(WebUIKeywordMain.groovy:65)
	at com.kms.katalon.core.webui.keyword.builtin.VerifyElementClickableKeyword$_verifyElementClickable_closure1.doCall(VerifyElementClickableKeyword.groovy:83)
	at com.kms.katalon.core.webui.keyword.builtin.VerifyElementClickableKeyword$_verifyElementClickable_closure1.call(VerifyElementClickableKeyword.groovy)
	at com.kms.katalon.core.webui.keyword.internal.WebUIKeywordMain.runKeyword(WebUIKeywordMain.groovy:21)
	at com.kms.katalon.core.webui.keyword.builtin.VerifyElementClickableKeyword.verifyElementClickable(VerifyElementClickableKeyword.groovy:96)
	at com.kms.katalon.core.webui.keyword.builtin.VerifyElementClickableKeyword.execute(VerifyElementClickableKeyword.groovy:67)
	at com.kms.katalon.core.keyword.internal.KeywordExecutor.executeKeywordForPlatform(KeywordExecutor.groovy:53)
	at com.kms.katalon.core.webui.keyword.WebUiBuiltInKeywords.verifyElementClickable(WebUiBuiltInKeywords.groovy:548)
	at com.kms.katalon.core.webui.keyword.WebUiBuiltInKeywords$verifyElementClickable$16.call(Unknown Source)
	at Adding product - Search flyout.run(Adding product - Search flyout:36)
	at com.kms.katalon.core.main.ScriptEngine.run(ScriptEngine.java:194)
	at com.kms.katalon.core.main.ScriptEngine.runScriptAsRawText(ScriptEngine.java:119)
	at com.kms.katalon.core.main.TestCaseExecutor.runScript(TestCaseExecutor.java:328)
	at com.kms.katalon.core.main.TestCaseExecutor.doExecute(TestCaseExecutor.java:319)
	at com.kms.katalon.core.main.TestCaseExecutor.processExecutionPhase(TestCaseExecutor.java:298)
	at com.kms.katalon.core.main.TestCaseExecutor.accessMainPhase(TestCaseExecutor.java:290)
	at com.kms.katalon.core.main.TestCaseExecutor.execute(TestCaseExecutor.java:224)
	at com.kms.katalon.core.main.TestSuiteExecutor.accessTestCaseMainPhase(TestSuiteExecutor.java:129)
	at com.kms.katalon.core.main.TestSuiteExecutor.accessTestSuiteMainPhase(TestSuiteExecutor.java:112)
	at com.kms.katalon.core.main.TestSuiteExecutor.execute(TestSuiteExecutor.java:81)
	at com.kms.katalon.core.main.TestCaseMain.startTestSuite(TestCaseMain.java:149)
	at com.kms.katalon.core.main.TestCaseMain$startTestSuite$0.call(Unknown Source)
	at TempTestSuite1560465451242.run(TempTestSuite1560465451242.groovy:36)
"/>
         <system-out><![CDATA[2019-06-13 19:06:14 - [TEST_CASE][FAILED] - Test Cases/CRITICAL PATH/Adding product - Search flyout: Test Cases/CRITICAL PATH/Adding product - Search flyout FAILED.
Reason:
com.kms.katalon.core.exception.StepFailedException: Object 'Object Repository/APOLLO- Desktop/Product page/Add to bag' is NOT clickable
	at com.kms.katalon.core.keyword.internal.KeywordMain.stepFailed(KeywordMain.groovy:32)
	at com.kms.katalon.core.webui.keyword.internal.WebUIKeywordMain.stepFailed(WebUIKeywordMain.groovy:65)
	at com.kms.katalon.core.webui.keyword.builtin.VerifyElementClickableKeyword$_verifyElementClickable_closure1.doCall(VerifyElementClickableKeyword.groovy:83)
	at com.kms.katalon.core.webui.keyword.builtin.VerifyElementClickableKeyword$_verifyElementClickable_closure1.call(VerifyElementClickableKeyword.groovy)
	at com.kms.katalon.core.webui.keyword.internal.WebUIKeywordMain.runKeyword(WebUIKeywordMain.groovy:21)
	at com.kms.katalon.core.webui.keyword.builtin.VerifyElementClickableKeyword.verifyElementClickable(VerifyElementClickableKeyword.groovy:96)
	at com.kms.katalon.core.webui.keyword.builtin.VerifyElementClickableKeyword.execute(VerifyElementClickableKeyword.groovy:67)
	at com.kms.katalon.core.keyword.internal.KeywordExecutor.executeKeywordForPlatform(KeywordExecutor.groovy:53)
	at com.kms.katalon.core.webui.keyword.WebUiBuiltInKeywords.verifyElementClickable(WebUiBuiltInKeywords.groovy:548)
	at com.kms.katalon.core.webui.keyword.WebUiBuiltInKeywords$verifyElementClickable$16.call(Unknown Source)
	at Adding product - Search flyout.run(Adding product - Search flyout:36)
	at com.kms.katalon.core.main.ScriptEngine.run(ScriptEngine.java:194)
	at com.kms.katalon.core.main.ScriptEngine.runScriptAsRawText(ScriptEngine.java:119)
	at com.kms.katalon.core.main.TestCaseExecutor.runScript(TestCaseExecutor.java:328)
	at com.kms.katalon.core.main.TestCaseExecutor.doExecute(TestCaseExecutor.java:319)
	at com.kms.katalon.core.main.TestCaseExecutor.processExecutionPhase(TestCaseExecutor.java:298)
	at com.kms.katalon.core.main.TestCaseExecutor.accessMainPhase(TestCaseExecutor.java:290)
	at com.kms.katalon.core.main.TestCaseExecutor.execute(TestCaseExecutor.java:224)
	at com.kms.katalon.core.main.TestSuiteExecutor.accessTestCaseMainPhase(TestSuiteExecutor.java:129)
	at com.kms.katalon.core.main.TestSuiteExecutor.accessTestSuiteMainPhase(TestSuiteExecutor.java:112)
	at com.kms.katalon.core.main.TestSuiteExecutor.execute(TestSuiteExecutor.java:81)
	at com.kms.katalon.core.main.TestCaseMain.startTestSuite(TestCaseMain.java:149)
	at com.kms.katalon.core.main.TestCaseMain$startTestSuite$0.call(Unknown Source)
	at TempTestSuite1560465451242.run(TempTestSuite1560465451242.groovy:36)


2019-06-13 19:06:14 - [TEST_STEP][PASSED] - callTestCase(findTestCase("CALL - URL"), [:], STOP_ON_FAILURE): Call Test Case 'Test Cases/CALL - URL' successfully

2019-06-13 19:06:14 - [TEST_CASE][PASSED] - Test Cases/CALL - URL: Test Cases/CALL - URL

2019-06-13 19:06:14 - [TEST_STEP][PASSED] - openBrowser(""): Browser is opened with url: ''

2019-06-13 19:06:14 - [MESSAGE][WARNING] - A browser is already opened. Closing browser and opening a new one

2019-06-13 19:06:14 - [MESSAGE][INFO] - Starting 'Chrome' driver

2019-06-13 19:06:15 - [MESSAGE][PASSED] - Browser is opened with url: ''

2019-06-13 19:06:15 - [TEST_STEP][PASSED] - navigateToUrl("https://diff-apollo.myshopify.com/?_ab=0&_fd=0&_sc=1&preview_theme_id=68602101860"): Navigate to 'https://diff-apollo.myshopify.com/?_ab=0&_fd=0&_sc=1&preview_theme_id=68602101860' successfully

2019-06-13 19:06:19 - [MESSAGE][PASSED] - Navigate to 'https://diff-apollo.myshopify.com/?_ab=0&_fd=0&_sc=1&preview_theme_id=68602101860' successfully

2019-06-13 19:06:19 - [TEST_STEP][PASSED] - executeJavaScript("var previewBar = document.getElementById("preview-bar-iframe"); previewBar.style.display = "none";", []): Execute JavaScript 'var previewBar = document.getElementById("preview-bar-iframe"); previewBar.style.display = "none";' successfully

2019-06-13 19:06:19 - [MESSAGE][PASSED] - Execute JavaScript 'var previewBar = document.getElementById("preview-bar-iframe"); previewBar.style.display = "none";' successfully

2019-06-13 19:06:19 - [MESSAGE][PASSED] - Call Test Case 'Test Cases/CALL - URL' successfully

2019-06-13 19:06:19 - [TEST_STEP][PASSED] - delay(2): Delayed 2 second(s)

2019-06-13 19:06:21 - [MESSAGE][PASSED] - Delayed 2 second(s)

2019-06-13 19:06:21 - [TEST_STEP][PASSED] - click(findTestObject("APOLLO- Desktop/Home page/Search input")): Object: 'Object Repository/APOLLO- Desktop/Home page/Search input' is clicked on

2019-06-13 19:06:21 - [MESSAGE][PASSED] - Object: 'Object Repository/APOLLO- Desktop/Home page/Search input' is clicked on

2019-06-13 19:06:21 - [TEST_STEP][PASSED] - delay(1): Delayed 1 second(s)

2019-06-13 19:06:22 - [MESSAGE][PASSED] - Delayed 1 second(s)

2019-06-13 19:06:22 - [TEST_STEP][PASSED] - setText(findTestObject("APOLLO- Desktop/Home page/Search input box to enter"), "jacket"): Text 'jacket' is set on object 'Object Repository/APOLLO- Desktop/Home page/Search input box to enter'

2019-06-13 19:06:22 - [MESSAGE][PASSED] - Text 'jacket' is set on object 'Object Repository/APOLLO- Desktop/Home page/Search input box to enter'

2019-06-13 19:06:22 - [TEST_STEP][PASSED] - delay(1): Delayed 1 second(s)

2019-06-13 19:06:23 - [MESSAGE][PASSED] - Delayed 1 second(s)

2019-06-13 19:06:23 - [TEST_STEP][PASSED] - click(findTestObject("APOLLO- Desktop/Home page/2nd product - search flyout")): Object: 'Object Repository/APOLLO- Desktop/Home page/2nd product - search flyout' is clicked on

2019-06-13 19:06:25 - [MESSAGE][PASSED] - Object: 'Object Repository/APOLLO- Desktop/Home page/2nd product - search flyout' is clicked on

2019-06-13 19:06:25 - [TEST_STEP][PASSED] - delay(1): Delayed 1 second(s)

2019-06-13 19:06:26 - [MESSAGE][PASSED] - Delayed 1 second(s)

2019-06-13 19:06:26 - [TEST_STEP][PASSED] - selectOptionByValue(findTestObject("APOLLO- Desktop/Product page/Color dropdown"), "White", true): All options with value 'White' are selected in object 'Object Repository/APOLLO- Desktop/Product page/Color dropdown'  using regular expression

2019-06-13 19:06:27 - [MESSAGE][PASSED] - All options with value 'White' are selected in object 'Object Repository/APOLLO- Desktop/Product page/Color dropdown'  using regular expression

2019-06-13 19:06:27 - [TEST_STEP][PASSED] - delay(1): Delayed 1 second(s)

2019-06-13 19:06:28 - [MESSAGE][PASSED] - Delayed 1 second(s)

2019-06-13 19:06:28 - [TEST_STEP][FAILED] - a = verifyElementClickable(findTestObject("APOLLO- Desktop/Product page/Add to bag"), CONTINUE_ON_FAILURE): Object 'Object Repository/APOLLO- Desktop/Product page/Add to bag' is NOT clickable

2019-06-13 19:06:28 - [MESSAGE][FAILED] - Object 'Object Repository/APOLLO- Desktop/Product page/Add to bag' is NOT clickable
[[ATTACHMENT|/Users/sumankompelly/Katalon Studio/APOLLO/Reports/Trial/20190613_183731/1560467188189.png]]

2019-06-13 19:06:28 - [TEST_STEP][PASSED] - comment("a=" + a): a=false

2019-06-13 19:06:28 - [MESSAGE][INFO] - a=false

2019-06-13 19:06:28 - [TEST_STEP][PASSED] - if (a == true): null

2019-06-13 19:06:28 - [TEST_STEP][PASSED] - else:  product sold out 

2019-06-13 19:06:28 - [TEST_STEP][PASSED] - comment(" product sold out "):  product sold out 

2019-06-13 19:06:28 - [MESSAGE][INFO] -  product sold out 

2019-06-13 19:06:28 - [TEST_STEP][PASSED] - selectOptionByValue(findTestObject("APOLLO- Desktop/Product page/Color dropdown"), "Black", true): All options with value 'Black' are selected in object 'Object Repository/APOLLO- Desktop/Product page/Color dropdown'  using regular expression

2019-06-13 19:06:28 - [MESSAGE][PASSED] - All options with value 'Black' are selected in object 'Object Repository/APOLLO- Desktop/Product page/Color dropdown'  using regular expression

2019-06-13 19:06:28 - [TEST_STEP][PASSED] - click(findTestObject("APOLLO- Desktop/Product page/Add to bag")): Object: 'Object Repository/APOLLO- Desktop/Product page/Add to bag' is clicked on

2019-06-13 19:06:28 - [MESSAGE][PASSED] - Object: 'Object Repository/APOLLO- Desktop/Product page/Add to bag' is clicked on

2019-06-13 19:06:28 - [TEST_STEP][PASSED] - delay(2): Delayed 2 second(s)

2019-06-13 19:06:30 - [MESSAGE][PASSED] - Delayed 2 second(s)

2019-06-13 19:06:30 - [TEST_STEP][PASSED] - executeJavaScript("var previewBar = document.getElementById("preview-bar-iframe"); previewBar.style.display = "none";", []): Execute JavaScript 'var previewBar = document.getElementById("preview-bar-iframe"); previewBar.style.display = "none";' successfully

2019-06-13 19:06:30 - [MESSAGE][PASSED] - Execute JavaScript 'var previewBar = document.getElementById("preview-bar-iframe"); previewBar.style.display = "none";' successfully

2019-06-13 19:06:30 - [TEST_STEP][PASSED] - click(findTestObject("APOLLO- Desktop/Cart flyout/Checkout")): Object: 'Object Repository/APOLLO- Desktop/Cart flyout/Checkout' is clicked on

2019-06-13 19:06:32 - [MESSAGE][PASSED] - Object: 'Object Repository/APOLLO- Desktop/Cart flyout/Checkout' is clicked on

2019-06-13 19:06:32 - [TEST_STEP][PASSED] - delay(1): Delayed 1 second(s)

2019-06-13 19:06:33 - [MESSAGE][PASSED] - Delayed 1 second(s)

2019-06-13 19:06:33 - [TEST_STEP][PASSED] - callTestCase(findTestCase("CALL- CUSTOMER INFO PAGE"), [:], STOP_ON_FAILURE): Call Test Case 'Test Cases/CALL- CUSTOMER INFO PAGE' successfully

2019-06-13 19:06:33 - [TEST_CASE][PASSED] - Test Cases/CALL- CUSTOMER INFO PAGE: Test Cases/CALL- CUSTOMER INFO PAGE

2019-06-13 19:06:33 - [TEST_STEP][PASSED] - delay(2): Delayed 2 second(s)

2019-06-13 19:06:35 - [MESSAGE][PASSED] - Delayed 2 second(s)

2019-06-13 19:06:35 - [TEST_STEP][PASSED] - executeJavaScript("var previewBar = document.getElementById("preview-bar-iframe"); previewBar.style.display = "none";", []): Execute JavaScript 'var previewBar = document.getElementById("preview-bar-iframe"); previewBar.style.display = "none";' successfully

2019-06-13 19:06:35 - [MESSAGE][PASSED] - Execute JavaScript 'var previewBar = document.getElementById("preview-bar-iframe"); previewBar.style.display = "none";' successfully

2019-06-13 19:06:35 - [TEST_STEP][PASSED] - setText(findTestObject("APOLLO- Desktop/Customer Information page/Email"), "suman@gmail.com"): Text 'suman@gmail.com' is set on object 'Object Repository/APOLLO- Desktop/Customer Information page/Email'

2019-06-13 19:06:36 - [MESSAGE][PASSED] - Text 'suman@gmail.com' is set on object 'Object Repository/APOLLO- Desktop/Customer Information page/Email'

2019-06-13 19:06:36 - [TEST_STEP][PASSED] - delay(2): Delayed 2 second(s)

2019-06-13 19:06:38 - [MESSAGE][PASSED] - Delayed 2 second(s)

2019-06-13 19:06:38 - [TEST_STEP][PASSED] - setText(findTestObject("APOLLO- Desktop/Customer Information page/First name"), "suman"): Text 'suman' is set on object 'Object Repository/APOLLO- Desktop/Customer Information page/First name'

2019-06-13 19:06:38 - [MESSAGE][PASSED] - Text 'suman' is set on object 'Object Repository/APOLLO- Desktop/Customer Information page/First name'

2019-06-13 19:06:38 - [TEST_STEP][PASSED] - delay(2): Delayed 2 second(s)

2019-06-13 19:06:40 - [MESSAGE][PASSED] - Delayed 2 second(s)

2019-06-13 19:06:40 - [TEST_STEP][PASSED] - setText(findTestObject("APOLLO- Desktop/Customer Information page/Last name"), "kompelly"): Text 'kompelly' is set on object 'Object Repository/APOLLO- Desktop/Customer Information page/Last name'

2019-06-13 19:06:40 - [MESSAGE][PASSED] - Text 'kompelly' is set on object 'Object Repository/APOLLO- Desktop/Customer Information page/Last name'

2019-06-13 19:06:40 - [TEST_STEP][PASSED] - delay(2): Delayed 2 second(s)

2019-06-13 19:06:42 - [MESSAGE][PASSED] - Delayed 2 second(s)

2019-06-13 19:06:42 - [TEST_STEP][PASSED] - setText(findTestObject("APOLLO- Desktop/Customer Information page/Address"), "1435 st alxendre"): Text '1435 st alxendre' is set on object 'Object Repository/APOLLO- Desktop/Customer Information page/Address'

2019-06-13 19:06:42 - [MESSAGE][PASSED] - Text '1435 st alxendre' is set on object 'Object Repository/APOLLO- Desktop/Customer Information page/Address'

2019-06-13 19:06:42 - [TEST_STEP][PASSED] - setText(findTestObject("APOLLO- Desktop/Customer Information page/Apartment"), "220"): Text '220' is set on object 'Object Repository/APOLLO- Desktop/Customer Information page/Apartment'

2019-06-13 19:06:42 - [MESSAGE][PASSED] - Text '220' is set on object 'Object Repository/APOLLO- Desktop/Customer Information page/Apartment'

2019-06-13 19:06:42 - [TEST_STEP][PASSED] - setText(findTestObject("APOLLO- Desktop/Customer Information page/City"), "montreal"): Text 'montreal' is set on object 'Object Repository/APOLLO- Desktop/Customer Information page/City'

2019-06-13 19:06:42 - [MESSAGE][PASSED] - Text 'montreal' is set on object 'Object Repository/APOLLO- Desktop/Customer Information page/City'

2019-06-13 19:06:42 - [TEST_STEP][PASSED] - selectOptionByValue(findTestObject("APOLLO- Desktop/Customer Information page/Country dropdown"), "United States", true): All options with value 'United States' are selected in object 'Object Repository/APOLLO- Desktop/Customer Information page/Country dropdown'  using regular expression

2019-06-13 19:06:46 - [MESSAGE][PASSED] - All options with value 'United States' are selected in object 'Object Repository/APOLLO- Desktop/Customer Information page/Country dropdown'  using regular expression

2019-06-13 19:06:46 - [TEST_STEP][PASSED] - selectOptionByValue(findTestObject("APOLLO- Desktop/Customer Information page/states dropdown"), "NJ", true): All options with value 'NJ' are selected in object 'Object Repository/APOLLO- Desktop/Customer Information page/states dropdown'  using regular expression

2019-06-13 19:06:46 - [MESSAGE][PASSED] - All options with value 'NJ' are selected in object 'Object Repository/APOLLO- Desktop/Customer Information page/states dropdown'  using regular expression

2019-06-13 19:06:46 - [TEST_STEP][PASSED] - setText(findTestObject("APOLLO- Desktop/Customer Information page/ZIP code"), "07057"): Text '07057' is set on object 'Object Repository/APOLLO- Desktop/Customer Information page/ZIP code'

2019-06-13 19:06:47 - [MESSAGE][PASSED] - Text '07057' is set on object 'Object Repository/APOLLO- Desktop/Customer Information page/ZIP code'

2019-06-13 19:06:47 - [MESSAGE][PASSED] - Call Test Case 'Test Cases/CALL- CUSTOMER INFO PAGE' successfully

2019-06-13 19:06:47 - [TEST_STEP][PASSED] - click(findTestObject("APOLLO- Desktop/Customer Information page/Continue to shipping")): Object: 'Object Repository/APOLLO- Desktop/Customer Information page/Continue to shipping' is clicked on

2019-06-13 19:06:49 - [MESSAGE][PASSED] - Object: 'Object Repository/APOLLO- Desktop/Customer Information page/Continue to shipping' is clicked on

2019-06-13 19:06:49 - [TEST_STEP][PASSED] - click(findTestObject("APOLLO- Desktop/Shipping page/Radio button check")): Object: 'Object Repository/APOLLO- Desktop/Shipping page/Radio button check' is clicked on

2019-06-13 19:06:50 - [MESSAGE][PASSED] - Object: 'Object Repository/APOLLO- Desktop/Shipping page/Radio button check' is clicked on

2019-06-13 19:06:50 - [TEST_STEP][PASSED] - click(findTestObject("APOLLO- Desktop/Shipping page/Continue to payment")): Object: 'Object Repository/APOLLO- Desktop/Shipping page/Continue to payment' is clicked on

2019-06-13 19:06:53 - [MESSAGE][PASSED] - Object: 'Object Repository/APOLLO- Desktop/Shipping page/Continue to payment' is clicked on

2019-06-13 19:06:53 - [TEST_STEP][FAILED] - click(findTestObject("APOLLO- Desktop/payment page/Payment section")): click(findTestObject("APOLLO- Desktop/payment page/Payment section")) FAILED.
Reason:
com.kms.katalon.core.exception.StepFailedException: Object 'Object Repository/APOLLO- Desktop/Product page/Add to bag' is NOT clickable
	at com.kms.katalon.core.keyword.internal.KeywordMain.stepFailed(KeywordMain.groovy:32)
	at com.kms.katalon.core.webui.keyword.internal.WebUIKeywordMain.stepFailed(WebUIKeywordMain.groovy:65)
	at com.kms.katalon.core.webui.keyword.builtin.VerifyElementClickableKeyword$_verifyElementClickable_closure1.doCall(VerifyElementClickableKeyword.groovy:83)
	at com.kms.katalon.core.webui.keyword.builtin.VerifyElementClickableKeyword$_verifyElementClickable_closure1.call(VerifyElementClickableKeyword.groovy)
	at com.kms.katalon.core.webui.keyword.internal.WebUIKeywordMain.runKeyword(WebUIKeywordMain.groovy:21)
	at com.kms.katalon.core.webui.keyword.builtin.VerifyElementClickableKeyword.verifyElementClickable(VerifyElementClickableKeyword.groovy:96)
	at com.kms.katalon.core.webui.keyword.builtin.VerifyElementClickableKeyword.execute(VerifyElementClickableKeyword.groovy:67)
	at com.kms.katalon.core.keyword.internal.KeywordExecutor.executeKeywordForPlatform(KeywordExecutor.groovy:53)
	at com.kms.katalon.core.webui.keyword.WebUiBuiltInKeywords.verifyElementClickable(WebUiBuiltInKeywords.groovy:548)
	at com.kms.katalon.core.webui.keyword.WebUiBuiltInKeywords$verifyElementClickable$16.call(Unknown Source)
	at Adding product - Search flyout.run(Adding product - Search flyout:36)
	at com.kms.katalon.core.main.ScriptEngine.run(ScriptEngine.java:194)
	at com.kms.katalon.core.main.ScriptEngine.runScriptAsRawText(ScriptEngine.java:119)
	at com.kms.katalon.core.main.TestCaseExecutor.runScript(TestCaseExecutor.java:328)
	at com.kms.katalon.core.main.TestCaseExecutor.doExecute(TestCaseExecutor.java:319)
	at com.kms.katalon.core.main.TestCaseExecutor.processExecutionPhase(TestCaseExecutor.java:298)
	at com.kms.katalon.core.main.TestCaseExecutor.accessMainPhase(TestCaseExecutor.java:290)
	at com.kms.katalon.core.main.TestCaseExecutor.execute(TestCaseExecutor.java:224)
	at com.kms.katalon.core.main.TestSuiteExecutor.accessTestCaseMainPhase(TestSuiteExecutor.java:129)
	at com.kms.katalon.core.main.TestSuiteExecutor.accessTestSuiteMainPhase(TestSuiteExecutor.java:112)
	at com.kms.katalon.core.main.TestSuiteExecutor.execute(TestSuiteExecutor.java:81)
	at com.kms.katalon.core.main.TestCaseMain.startTestSuite(TestCaseMain.java:149)
	at com.kms.katalon.core.main.TestCaseMain$startTestSuite$0.call(Unknown Source)
	at TempTestSuite1560465451242.run(TempTestSuite1560465451242.groovy:36)


2019-06-13 19:06:53 - [MESSAGE][PASSED] - Object: 'Object Repository/APOLLO- Desktop/payment page/Payment section' is clicked on

2019-06-13 19:06:53 - [MESSAGE][FAILED] - click(findTestObject("APOLLO- Desktop/payment page/Payment section")) FAILED.
Reason:
com.kms.katalon.core.exception.StepFailedException: Object 'Object Repository/APOLLO- Desktop/Product page/Add to bag' is NOT clickable
	at com.kms.katalon.core.keyword.internal.KeywordMain.stepFailed(KeywordMain.groovy:32)
	at com.kms.katalon.core.webui.keyword.internal.WebUIKeywordMain.stepFailed(WebUIKeywordMain.groovy:65)
	at com.kms.katalon.core.webui.keyword.builtin.VerifyElementClickableKeyword$_verifyElementClickable_closure1.doCall(VerifyElementClickableKeyword.groovy:83)
	at com.kms.katalon.core.webui.keyword.builtin.VerifyElementClickableKeyword$_verifyElementClickable_closure1.call(VerifyElementClickableKeyword.groovy)
	at com.kms.katalon.core.webui.keyword.internal.WebUIKeywordMain.runKeyword(WebUIKeywordMain.groovy:21)
	at com.kms.katalon.core.webui.keyword.builtin.VerifyElementClickableKeyword.verifyElementClickable(VerifyElementClickableKeyword.groovy:96)
	at com.kms.katalon.core.webui.keyword.builtin.VerifyElementClickableKeyword.execute(VerifyElementClickableKeyword.groovy:67)
	at com.kms.katalon.core.keyword.internal.KeywordExecutor.executeKeywordForPlatform(KeywordExecutor.groovy:53)
	at com.kms.katalon.core.webui.keyword.WebUiBuiltInKeywords.verifyElementClickable(WebUiBuiltInKeywords.groovy:548)
	at com.kms.katalon.core.webui.keyword.WebUiBuiltInKeywords$verifyElementClickable$16.call(Unknown Source)
	at Adding product - Search flyout.run(Adding product - Search flyout:36)
	at com.kms.katalon.core.main.ScriptEngine.run(ScriptEngine.java:194)
	at com.kms.katalon.core.main.ScriptEngine.runScriptAsRawText(ScriptEngine.java:119)
	at com.kms.katalon.core.main.TestCaseExecutor.runScript(TestCaseExecutor.java:328)
	at com.kms.katalon.core.main.TestCaseExecutor.doExecute(TestCaseExecutor.java:319)
	at com.kms.katalon.core.main.TestCaseExecutor.processExecutionPhase(TestCaseExecutor.java:298)
	at com.kms.katalon.core.main.TestCaseExecutor.accessMainPhase(TestCaseExecutor.java:290)
	at com.kms.katalon.core.main.TestCaseExecutor.execute(TestCaseExecutor.java:224)
	at com.kms.katalon.core.main.TestSuiteExecutor.accessTestCaseMainPhase(TestSuiteExecutor.java:129)
	at com.kms.katalon.core.main.TestSuiteExecutor.accessTestSuiteMainPhase(TestSuiteExecutor.java:112)
	at com.kms.katalon.core.main.TestSuiteExecutor.execute(TestSuiteExecutor.java:81)
	at com.kms.katalon.core.main.TestCaseMain.startTestSuite(TestCaseMain.java:149)
	at com.kms.katalon.core.main.TestCaseMain$startTestSuite$0.call(Unknown Source)
	at TempTestSuite1560465451242.run(TempTestSuite1560465451242.groovy:36)]]></system-out>
         <system-err><![CDATA[2019-06-13 19:06:14 - [TEST_CASE][FAILED] - Test Cases/CRITICAL PATH/Adding product - Search flyout: Test Cases/CRITICAL PATH/Adding product - Search flyout FAILED.
Reason:
com.kms.katalon.core.exception.StepFailedException: Object 'Object Repository/APOLLO- Desktop/Product page/Add to bag' is NOT clickable
	at com.kms.katalon.core.keyword.internal.KeywordMain.stepFailed(KeywordMain.groovy:32)
	at com.kms.katalon.core.webui.keyword.internal.WebUIKeywordMain.stepFailed(WebUIKeywordMain.groovy:65)
	at com.kms.katalon.core.webui.keyword.builtin.VerifyElementClickableKeyword$_verifyElementClickable_closure1.doCall(VerifyElementClickableKeyword.groovy:83)
	at com.kms.katalon.core.webui.keyword.builtin.VerifyElementClickableKeyword$_verifyElementClickable_closure1.call(VerifyElementClickableKeyword.groovy)
	at com.kms.katalon.core.webui.keyword.internal.WebUIKeywordMain.runKeyword(WebUIKeywordMain.groovy:21)
	at com.kms.katalon.core.webui.keyword.builtin.VerifyElementClickableKeyword.verifyElementClickable(VerifyElementClickableKeyword.groovy:96)
	at com.kms.katalon.core.webui.keyword.builtin.VerifyElementClickableKeyword.execute(VerifyElementClickableKeyword.groovy:67)
	at com.kms.katalon.core.keyword.internal.KeywordExecutor.executeKeywordForPlatform(KeywordExecutor.groovy:53)
	at com.kms.katalon.core.webui.keyword.WebUiBuiltInKeywords.verifyElementClickable(WebUiBuiltInKeywords.groovy:548)
	at com.kms.katalon.core.webui.keyword.WebUiBuiltInKeywords$verifyElementClickable$16.call(Unknown Source)
	at Adding product - Search flyout.run(Adding product - Search flyout:36)
	at com.kms.katalon.core.main.ScriptEngine.run(ScriptEngine.java:194)
	at com.kms.katalon.core.main.ScriptEngine.runScriptAsRawText(ScriptEngine.java:119)
	at com.kms.katalon.core.main.TestCaseExecutor.runScript(TestCaseExecutor.java:328)
	at com.kms.katalon.core.main.TestCaseExecutor.doExecute(TestCaseExecutor.java:319)
	at com.kms.katalon.core.main.TestCaseExecutor.processExecutionPhase(TestCaseExecutor.java:298)
	at com.kms.katalon.core.main.TestCaseExecutor.accessMainPhase(TestCaseExecutor.java:290)
	at com.kms.katalon.core.main.TestCaseExecutor.execute(TestCaseExecutor.java:224)
	at com.kms.katalon.core.main.TestSuiteExecutor.accessTestCaseMainPhase(TestSuiteExecutor.java:129)
	at com.kms.katalon.core.main.TestSuiteExecutor.accessTestSuiteMainPhase(TestSuiteExecutor.java:112)
	at com.kms.katalon.core.main.TestSuiteExecutor.execute(TestSuiteExecutor.java:81)
	at com.kms.katalon.core.main.TestCaseMain.startTestSuite(TestCaseMain.java:149)
	at com.kms.katalon.core.main.TestCaseMain$startTestSuite$0.call(Unknown Source)
	at TempTestSuite1560465451242.run(TempTestSuite1560465451242.groovy:36)]]></system-err>
      </testcase>
      <testcase name="Test Cases/CRITICAL PATH/Adding product - home page" classname="Test Cases/CRITICAL PATH/Adding product - home page" status="PASSED">
         <system-out><![CDATA[2019-06-13 19:06:53 - [TEST_CASE][PASSED] - Test Cases/CRITICAL PATH/Adding product - home page: Test Cases/CRITICAL PATH/Adding product - home page

2019-06-13 19:06:53 - [TEST_STEP][PASSED] - callTestCase(findTestCase("CALL - URL"), [:], STOP_ON_FAILURE): Call Test Case 'Test Cases/CALL - URL' successfully

2019-06-13 19:06:53 - [TEST_CASE][PASSED] - Test Cases/CALL - URL: Test Cases/CALL - URL

2019-06-13 19:06:53 - [TEST_STEP][PASSED] - openBrowser(""): Browser is opened with url: ''

2019-06-13 19:06:53 - [MESSAGE][WARNING] - A browser is already opened. Closing browser and opening a new one

2019-06-13 19:06:53 - [MESSAGE][INFO] - Starting 'Chrome' driver

2019-06-13 19:06:55 - [MESSAGE][PASSED] - Browser is opened with url: ''

2019-06-13 19:06:55 - [TEST_STEP][PASSED] - navigateToUrl("https://diff-apollo.myshopify.com/?_ab=0&_fd=0&_sc=1&preview_theme_id=68602101860"): Navigate to 'https://diff-apollo.myshopify.com/?_ab=0&_fd=0&_sc=1&preview_theme_id=68602101860' successfully

2019-06-13 19:06:58 - [MESSAGE][PASSED] - Navigate to 'https://diff-apollo.myshopify.com/?_ab=0&_fd=0&_sc=1&preview_theme_id=68602101860' successfully

2019-06-13 19:06:58 - [TEST_STEP][PASSED] - executeJavaScript("var previewBar = document.getElementById("preview-bar-iframe"); previewBar.style.display = "none";", []): Execute JavaScript 'var previewBar = document.getElementById("preview-bar-iframe"); previewBar.style.display = "none";' successfully

2019-06-13 19:06:58 - [MESSAGE][PASSED] - Execute JavaScript 'var previewBar = document.getElementById("preview-bar-iframe"); previewBar.style.display = "none";' successfully

2019-06-13 19:06:58 - [MESSAGE][PASSED] - Call Test Case 'Test Cases/CALL - URL' successfully

2019-06-13 19:06:58 - [TEST_STEP][PASSED] - scrollToElement(findTestObject("APOLLO- Desktop/Home page/OUTER WEAR - TILES - Copy"), 0): Scroll to object 'Object Repository/APOLLO- Desktop/Home page/OUTER WEAR - TILES - Copy' successfully

2019-06-13 19:06:58 - [MESSAGE][WARNING] - Timeout '0' is invalid. Using default page load timeout: '30'

2019-06-13 19:06:58 - [MESSAGE][PASSED] - Scroll to object 'Object Repository/APOLLO- Desktop/Home page/OUTER WEAR - TILES - Copy' successfully

2019-06-13 19:06:58 - [TEST_STEP][PASSED] - delay(1): Delayed 1 second(s)

2019-06-13 19:06:59 - [MESSAGE][PASSED] - Delayed 1 second(s)

2019-06-13 19:06:59 - [TEST_STEP][PASSED] - mouseOver(findTestObject("APOLLO- Desktop/Home page/OUTER WEAR - TILES")): Object: 'Object Repository/APOLLO- Desktop/Home page/OUTER WEAR - TILES' is hovered

2019-06-13 19:06:59 - [MESSAGE][PASSED] - Object: 'Object Repository/APOLLO- Desktop/Home page/OUTER WEAR - TILES' is hovered

2019-06-13 19:06:59 - [TEST_STEP][PASSED] - delay(1): Delayed 1 second(s)

2019-06-13 19:07:00 - [MESSAGE][PASSED] - Delayed 1 second(s)

2019-06-13 19:07:00 - [TEST_STEP][PASSED] - click(findTestObject("APOLLO- Desktop/Home page/Shop mens outer wear -button")): Object: 'Object Repository/APOLLO- Desktop/Home page/Shop mens outer wear -button' is clicked on

2019-06-13 19:07:01 - [MESSAGE][PASSED] - Object: 'Object Repository/APOLLO- Desktop/Home page/Shop mens outer wear -button' is clicked on

2019-06-13 19:07:01 - [TEST_STEP][PASSED] - delay(1): Delayed 1 second(s)

2019-06-13 19:07:02 - [MESSAGE][PASSED] - Delayed 1 second(s)

2019-06-13 19:07:02 - [TEST_STEP][PASSED] - click(findTestObject("APOLLO- Desktop/Collection page/Lenin jacket")): Object: 'Object Repository/APOLLO- Desktop/Collection page/Lenin jacket' is clicked on

2019-06-13 19:07:06 - [MESSAGE][PASSED] - Object: 'Object Repository/APOLLO- Desktop/Collection page/Lenin jacket' is clicked on

2019-06-13 19:07:06 - [TEST_STEP][PASSED] - delay(2): Delayed 2 second(s)

2019-06-13 19:07:08 - [MESSAGE][PASSED] - Delayed 2 second(s)

2019-06-13 19:07:08 - [TEST_STEP][PASSED] - selectOptionByValue(findTestObject("APOLLO- Desktop/Product page/Color dropdown"), "Blue", true): All options with value 'Blue' are selected in object 'Object Repository/APOLLO- Desktop/Product page/Color dropdown'  using regular expression

2019-06-13 19:07:08 - [MESSAGE][PASSED] - All options with value 'Blue' are selected in object 'Object Repository/APOLLO- Desktop/Product page/Color dropdown'  using regular expression

2019-06-13 19:07:08 - [TEST_STEP][PASSED] - delay(1): Delayed 1 second(s)

2019-06-13 19:07:09 - [MESSAGE][PASSED] - Delayed 1 second(s)

2019-06-13 19:07:09 - [TEST_STEP][PASSED] - selectOptionByValue(findTestObject("APOLLO- Desktop/Product page/Size dropdown"), "MD", true): All options with value 'MD' are selected in object 'Object Repository/APOLLO- Desktop/Product page/Size dropdown'  using regular expression

2019-06-13 19:07:09 - [MESSAGE][PASSED] - All options with value 'MD' are selected in object 'Object Repository/APOLLO- Desktop/Product page/Size dropdown'  using regular expression

2019-06-13 19:07:09 - [TEST_STEP][PASSED] - delay(1): Delayed 1 second(s)

2019-06-13 19:07:10 - [MESSAGE][PASSED] - Delayed 1 second(s)

2019-06-13 19:07:10 - [TEST_STEP][PASSED] - click(findTestObject("APOLLO- Desktop/Product page/Increase qunatity - prod page")): Object: 'Object Repository/APOLLO- Desktop/Product page/Increase qunatity - prod page' is clicked on

2019-06-13 19:07:10 - [MESSAGE][PASSED] - Object: 'Object Repository/APOLLO- Desktop/Product page/Increase qunatity - prod page' is clicked on

2019-06-13 19:07:10 - [TEST_STEP][PASSED] - delay(1): Delayed 1 second(s)

2019-06-13 19:07:11 - [MESSAGE][PASSED] - Delayed 1 second(s)

2019-06-13 19:07:11 - [TEST_STEP][PASSED] - click(findTestObject("APOLLO- Desktop/Product page/Increase qunatity - prod page")): Object: 'Object Repository/APOLLO- Desktop/Product page/Increase qunatity - prod page' is clicked on

2019-06-13 19:07:11 - [MESSAGE][PASSED] - Object: 'Object Repository/APOLLO- Desktop/Product page/Increase qunatity - prod page' is clicked on

2019-06-13 19:07:11 - [TEST_STEP][PASSED] - delay(1): Delayed 1 second(s)

2019-06-13 19:07:12 - [MESSAGE][PASSED] - Delayed 1 second(s)

2019-06-13 19:07:12 - [TEST_STEP][PASSED] - click(findTestObject("APOLLO- Desktop/Product page/Add to bag")): Object: 'Object Repository/APOLLO- Desktop/Product page/Add to bag' is clicked on

2019-06-13 19:07:12 - [MESSAGE][PASSED] - Object: 'Object Repository/APOLLO- Desktop/Product page/Add to bag' is clicked on

2019-06-13 19:07:12 - [TEST_STEP][PASSED] - delay(2): Delayed 2 second(s)

2019-06-13 19:07:14 - [MESSAGE][PASSED] - Delayed 2 second(s)

2019-06-13 19:07:14 - [TEST_STEP][PASSED] - executeJavaScript("var previewBar = document.getElementById("preview-bar-iframe"); previewBar.style.display = "none";", []): Execute JavaScript 'var previewBar = document.getElementById("preview-bar-iframe"); previewBar.style.display = "none";' successfully

2019-06-13 19:07:14 - [MESSAGE][PASSED] - Execute JavaScript 'var previewBar = document.getElementById("preview-bar-iframe"); previewBar.style.display = "none";' successfully

2019-06-13 19:07:14 - [TEST_STEP][PASSED] - click(findTestObject("APOLLO- Desktop/Cart flyout/Checkout")): Object: 'Object Repository/APOLLO- Desktop/Cart flyout/Checkout' is clicked on

2019-06-13 19:07:16 - [MESSAGE][PASSED] - Object: 'Object Repository/APOLLO- Desktop/Cart flyout/Checkout' is clicked on

2019-06-13 19:07:16 - [TEST_STEP][PASSED] - delay(1): Delayed 1 second(s)

2019-06-13 19:07:17 - [MESSAGE][PASSED] - Delayed 1 second(s)

2019-06-13 19:07:17 - [TEST_STEP][PASSED] - callTestCase(findTestCase("CALL- CUSTOMER INFO PAGE"), [:], STOP_ON_FAILURE): Call Test Case 'Test Cases/CALL- CUSTOMER INFO PAGE' successfully

2019-06-13 19:07:17 - [TEST_CASE][PASSED] - Test Cases/CALL- CUSTOMER INFO PAGE: Test Cases/CALL- CUSTOMER INFO PAGE

2019-06-13 19:07:17 - [TEST_STEP][PASSED] - delay(2): Delayed 2 second(s)

2019-06-13 19:07:19 - [MESSAGE][PASSED] - Delayed 2 second(s)

2019-06-13 19:07:19 - [TEST_STEP][PASSED] - executeJavaScript("var previewBar = document.getElementById("preview-bar-iframe"); previewBar.style.display = "none";", []): Execute JavaScript 'var previewBar = document.getElementById("preview-bar-iframe"); previewBar.style.display = "none";' successfully

2019-06-13 19:07:19 - [MESSAGE][PASSED] - Execute JavaScript 'var previewBar = document.getElementById("preview-bar-iframe"); previewBar.style.display = "none";' successfully

2019-06-13 19:07:19 - [TEST_STEP][PASSED] - setText(findTestObject("APOLLO- Desktop/Customer Information page/Email"), "suman@gmail.com"): Text 'suman@gmail.com' is set on object 'Object Repository/APOLLO- Desktop/Customer Information page/Email'

2019-06-13 19:07:20 - [MESSAGE][PASSED] - Text 'suman@gmail.com' is set on object 'Object Repository/APOLLO- Desktop/Customer Information page/Email'

2019-06-13 19:07:20 - [TEST_STEP][PASSED] - delay(2): Delayed 2 second(s)

2019-06-13 19:07:22 - [MESSAGE][PASSED] - Delayed 2 second(s)

2019-06-13 19:07:22 - [TEST_STEP][PASSED] - setText(findTestObject("APOLLO- Desktop/Customer Information page/First name"), "suman"): Text 'suman' is set on object 'Object Repository/APOLLO- Desktop/Customer Information page/First name'

2019-06-13 19:07:22 - [MESSAGE][PASSED] - Text 'suman' is set on object 'Object Repository/APOLLO- Desktop/Customer Information page/First name'

2019-06-13 19:07:22 - [TEST_STEP][PASSED] - delay(2): Delayed 2 second(s)

2019-06-13 19:07:24 - [MESSAGE][PASSED] - Delayed 2 second(s)

2019-06-13 19:07:24 - [TEST_STEP][PASSED] - setText(findTestObject("APOLLO- Desktop/Customer Information page/Last name"), "kompelly"): Text 'kompelly' is set on object 'Object Repository/APOLLO- Desktop/Customer Information page/Last name'

2019-06-13 19:07:24 - [MESSAGE][PASSED] - Text 'kompelly' is set on object 'Object Repository/APOLLO- Desktop/Customer Information page/Last name'

2019-06-13 19:07:24 - [TEST_STEP][PASSED] - delay(2): Delayed 2 second(s)

2019-06-13 19:07:26 - [MESSAGE][PASSED] - Delayed 2 second(s)

2019-06-13 19:07:26 - [TEST_STEP][PASSED] - setText(findTestObject("APOLLO- Desktop/Customer Information page/Address"), "1435 st alxendre"): Text '1435 st alxendre' is set on object 'Object Repository/APOLLO- Desktop/Customer Information page/Address'

2019-06-13 19:07:26 - [MESSAGE][PASSED] - Text '1435 st alxendre' is set on object 'Object Repository/APOLLO- Desktop/Customer Information page/Address'

2019-06-13 19:07:26 - [TEST_STEP][PASSED] - setText(findTestObject("APOLLO- Desktop/Customer Information page/Apartment"), "220"): Text '220' is set on object 'Object Repository/APOLLO- Desktop/Customer Information page/Apartment'

2019-06-13 19:07:26 - [MESSAGE][PASSED] - Text '220' is set on object 'Object Repository/APOLLO- Desktop/Customer Information page/Apartment'

2019-06-13 19:07:26 - [TEST_STEP][PASSED] - setText(findTestObject("APOLLO- Desktop/Customer Information page/City"), "montreal"): Text 'montreal' is set on object 'Object Repository/APOLLO- Desktop/Customer Information page/City'

2019-06-13 19:07:26 - [MESSAGE][PASSED] - Text 'montreal' is set on object 'Object Repository/APOLLO- Desktop/Customer Information page/City'

2019-06-13 19:07:26 - [TEST_STEP][PASSED] - selectOptionByValue(findTestObject("APOLLO- Desktop/Customer Information page/Country dropdown"), "United States", true): All options with value 'United States' are selected in object 'Object Repository/APOLLO- Desktop/Customer Information page/Country dropdown'  using regular expression

2019-06-13 19:07:30 - [MESSAGE][PASSED] - All options with value 'United States' are selected in object 'Object Repository/APOLLO- Desktop/Customer Information page/Country dropdown'  using regular expression

2019-06-13 19:07:30 - [TEST_STEP][PASSED] - selectOptionByValue(findTestObject("APOLLO- Desktop/Customer Information page/states dropdown"), "NJ", true): All options with value 'NJ' are selected in object 'Object Repository/APOLLO- Desktop/Customer Information page/states dropdown'  using regular expression

2019-06-13 19:07:30 - [MESSAGE][PASSED] - All options with value 'NJ' are selected in object 'Object Repository/APOLLO- Desktop/Customer Information page/states dropdown'  using regular expression

2019-06-13 19:07:30 - [TEST_STEP][PASSED] - setText(findTestObject("APOLLO- Desktop/Customer Information page/ZIP code"), "07057"): Text '07057' is set on object 'Object Repository/APOLLO- Desktop/Customer Information page/ZIP code'

2019-06-13 19:07:31 - [MESSAGE][PASSED] - Text '07057' is set on object 'Object Repository/APOLLO- Desktop/Customer Information page/ZIP code'

2019-06-13 19:07:31 - [MESSAGE][PASSED] - Call Test Case 'Test Cases/CALL- CUSTOMER INFO PAGE' successfully

2019-06-13 19:07:31 - [TEST_STEP][PASSED] - click(findTestObject("APOLLO- Desktop/Customer Information page/Continue to shipping")): Object: 'Object Repository/APOLLO- Desktop/Customer Information page/Continue to shipping' is clicked on

2019-06-13 19:07:33 - [MESSAGE][PASSED] - Object: 'Object Repository/APOLLO- Desktop/Customer Information page/Continue to shipping' is clicked on

2019-06-13 19:07:33 - [TEST_STEP][PASSED] - click(findTestObject("APOLLO- Desktop/Shipping page/Radio button check")): Object: 'Object Repository/APOLLO- Desktop/Shipping page/Radio button check' is clicked on

2019-06-13 19:07:34 - [MESSAGE][PASSED] - Object: 'Object Repository/APOLLO- Desktop/Shipping page/Radio button check' is clicked on

2019-06-13 19:07:34 - [TEST_STEP][PASSED] - click(findTestObject("APOLLO- Desktop/Shipping page/Continue to payment")): Object: 'Object Repository/APOLLO- Desktop/Shipping page/Continue to payment' is clicked on

2019-06-13 19:07:37 - [MESSAGE][PASSED] - Object: 'Object Repository/APOLLO- Desktop/Shipping page/Continue to payment' is clicked on

2019-06-13 19:07:37 - [TEST_STEP][PASSED] - click(findTestObject("APOLLO- Desktop/payment page/Payment section")): Object: 'Object Repository/APOLLO- Desktop/payment page/Payment section' is clicked on

2019-06-13 19:07:37 - [MESSAGE][PASSED] - Object: 'Object Repository/APOLLO- Desktop/payment page/Payment section' is clicked on]]></system-out>
         <system-err><![CDATA[]]></system-err>
      </testcase>
      <testcase name="Test Cases/CRITICAL PATH/Login and logout" classname="Test Cases/CRITICAL PATH/Login and logout" status="PASSED">
         <system-out><![CDATA[2019-06-13 19:07:37 - [TEST_CASE][PASSED] - Test Cases/CRITICAL PATH/Login and logout: Test Cases/CRITICAL PATH/Login and logout

2019-06-13 19:07:37 - [TEST_STEP][PASSED] - callTestCase(findTestCase("CALL - URL"), [:], STOP_ON_FAILURE): Call Test Case 'Test Cases/CALL - URL' successfully

2019-06-13 19:07:37 - [TEST_CASE][PASSED] - Test Cases/CALL - URL: Test Cases/CALL - URL

2019-06-13 19:07:37 - [TEST_STEP][PASSED] - openBrowser(""): Browser is opened with url: ''

2019-06-13 19:07:37 - [MESSAGE][WARNING] - A browser is already opened. Closing browser and opening a new one

2019-06-13 19:07:37 - [MESSAGE][INFO] - Starting 'Chrome' driver

2019-06-13 19:07:38 - [MESSAGE][PASSED] - Browser is opened with url: ''

2019-06-13 19:07:38 - [TEST_STEP][PASSED] - navigateToUrl("https://diff-apollo.myshopify.com/?_ab=0&_fd=0&_sc=1&preview_theme_id=68602101860"): Navigate to 'https://diff-apollo.myshopify.com/?_ab=0&_fd=0&_sc=1&preview_theme_id=68602101860' successfully

2019-06-13 19:07:41 - [MESSAGE][PASSED] - Navigate to 'https://diff-apollo.myshopify.com/?_ab=0&_fd=0&_sc=1&preview_theme_id=68602101860' successfully

2019-06-13 19:07:41 - [TEST_STEP][PASSED] - executeJavaScript("var previewBar = document.getElementById("preview-bar-iframe"); previewBar.style.display = "none";", []): Execute JavaScript 'var previewBar = document.getElementById("preview-bar-iframe"); previewBar.style.display = "none";' successfully

2019-06-13 19:07:41 - [MESSAGE][PASSED] - Execute JavaScript 'var previewBar = document.getElementById("preview-bar-iframe"); previewBar.style.display = "none";' successfully

2019-06-13 19:07:41 - [MESSAGE][PASSED] - Call Test Case 'Test Cases/CALL - URL' successfully

2019-06-13 19:07:41 - [TEST_STEP][PASSED] - delay(1): Delayed 1 second(s)

2019-06-13 19:07:42 - [MESSAGE][PASSED] - Delayed 1 second(s)

2019-06-13 19:07:42 - [TEST_STEP][PASSED] - click(findTestObject("APOLLO- Desktop/Home page/Account icon")): Object: 'Object Repository/APOLLO- Desktop/Home page/Account icon' is clicked on

2019-06-13 19:07:43 - [MESSAGE][PASSED] - Object: 'Object Repository/APOLLO- Desktop/Home page/Account icon' is clicked on

2019-06-13 19:07:43 - [TEST_STEP][PASSED] - delay(1): Delayed 1 second(s)

2019-06-13 19:07:44 - [MESSAGE][PASSED] - Delayed 1 second(s)

2019-06-13 19:07:44 - [TEST_STEP][PASSED] - setText(findTestObject("APOLLO- Desktop/Home page/Email address"), "suman.kompelly@diffagency.com"): Text 'suman.kompelly@diffagency.com' is set on object 'Object Repository/APOLLO- Desktop/Home page/Email address'

2019-06-13 19:07:44 - [MESSAGE][PASSED] - Text 'suman.kompelly@diffagency.com' is set on object 'Object Repository/APOLLO- Desktop/Home page/Email address'

2019-06-13 19:07:44 - [TEST_STEP][PASSED] - delay(1): Delayed 1 second(s)

2019-06-13 19:07:45 - [MESSAGE][PASSED] - Delayed 1 second(s)

2019-06-13 19:07:45 - [TEST_STEP][PASSED] - setEncryptedText(findTestObject("APOLLO- Desktop/Home page/Password"), "YVtWHtdGuqHfOZKsa+65Fg=="): Text ****** has been set on object 'Object Repository/APOLLO- Desktop/Home page/Password'

2019-06-13 19:07:46 - [MESSAGE][PASSED] - Text ****** has been set on object 'Object Repository/APOLLO- Desktop/Home page/Password'

2019-06-13 19:07:46 - [TEST_STEP][PASSED] - delay(1): Delayed 1 second(s)

2019-06-13 19:07:47 - [MESSAGE][PASSED] - Delayed 1 second(s)

2019-06-13 19:07:47 - [TEST_STEP][PASSED] - click(findTestObject("APOLLO- Desktop/Home page/Sign in button")): Object: 'Object Repository/APOLLO- Desktop/Home page/Sign in button' is clicked on

2019-06-13 19:07:48 - [MESSAGE][PASSED] - Object: 'Object Repository/APOLLO- Desktop/Home page/Sign in button' is clicked on

2019-06-13 19:07:48 - [TEST_STEP][PASSED] - delay(1): Delayed 1 second(s)

2019-06-13 19:07:49 - [MESSAGE][PASSED] - Delayed 1 second(s)

2019-06-13 19:07:49 - [TEST_STEP][PASSED] - click(findTestObject("APOLLO- Desktop/Home page/address page")): Object: 'Object Repository/APOLLO- Desktop/Home page/address page' is clicked on

2019-06-13 19:07:50 - [MESSAGE][PASSED] - Object: 'Object Repository/APOLLO- Desktop/Home page/address page' is clicked on

2019-06-13 19:07:50 - [TEST_STEP][PASSED] - delay(1): Delayed 1 second(s)

2019-06-13 19:07:51 - [MESSAGE][PASSED] - Delayed 1 second(s)

2019-06-13 19:07:51 - [TEST_STEP][PASSED] - click(findTestObject("APOLLO- Desktop/Home page/orders page")): Object: 'Object Repository/APOLLO- Desktop/Home page/orders page' is clicked on

2019-06-13 19:07:53 - [MESSAGE][PASSED] - Object: 'Object Repository/APOLLO- Desktop/Home page/orders page' is clicked on

2019-06-13 19:07:53 - [TEST_STEP][PASSED] - delay(1): Delayed 1 second(s)

2019-06-13 19:07:54 - [MESSAGE][PASSED] - Delayed 1 second(s)

2019-06-13 19:07:54 - [TEST_STEP][PASSED] - click(findTestObject("APOLLO- Desktop/Home page/Details page")): Object: 'Object Repository/APOLLO- Desktop/Home page/Details page' is clicked on

2019-06-13 19:07:56 - [MESSAGE][PASSED] - Object: 'Object Repository/APOLLO- Desktop/Home page/Details page' is clicked on

2019-06-13 19:07:56 - [TEST_STEP][PASSED] - delay(1): Delayed 1 second(s)

2019-06-13 19:07:57 - [MESSAGE][PASSED] - Delayed 1 second(s)

2019-06-13 19:07:57 - [TEST_STEP][PASSED] - click(findTestObject("APOLLO- Desktop/Home page/Logout")): Object: 'Object Repository/APOLLO- Desktop/Home page/Logout' is clicked on

2019-06-13 19:07:59 - [MESSAGE][PASSED] - Object: 'Object Repository/APOLLO- Desktop/Home page/Logout' is clicked on]]></system-out>
         <system-err><![CDATA[]]></system-err>
      </testcase>
      <testcase name="Test Cases/CRITICAL PATH/Decrease quantity - Cart flyout" classname="Test Cases/CRITICAL PATH/Decrease quantity - Cart flyout" status="PASSED">
         <system-out><![CDATA[2019-06-13 19:07:59 - [TEST_CASE][PASSED] - Test Cases/CRITICAL PATH/Decrease quantity - Cart flyout: Test Cases/CRITICAL PATH/Decrease quantity - Cart flyout

2019-06-13 19:08:00 - [TEST_STEP][PASSED] - callTestCase(findTestCase("CALL - URL"), [:], STOP_ON_FAILURE): Call Test Case 'Test Cases/CALL - URL' successfully

2019-06-13 19:08:00 - [TEST_CASE][PASSED] - Test Cases/CALL - URL: Test Cases/CALL - URL

2019-06-13 19:08:00 - [TEST_STEP][PASSED] - openBrowser(""): Browser is opened with url: ''

2019-06-13 19:08:00 - [MESSAGE][WARNING] - A browser is already opened. Closing browser and opening a new one

2019-06-13 19:08:00 - [MESSAGE][INFO] - Starting 'Chrome' driver

2019-06-13 19:08:01 - [MESSAGE][PASSED] - Browser is opened with url: ''

2019-06-13 19:08:01 - [TEST_STEP][PASSED] - navigateToUrl("https://diff-apollo.myshopify.com/?_ab=0&_fd=0&_sc=1&preview_theme_id=68602101860"): Navigate to 'https://diff-apollo.myshopify.com/?_ab=0&_fd=0&_sc=1&preview_theme_id=68602101860' successfully

2019-06-13 19:08:04 - [MESSAGE][PASSED] - Navigate to 'https://diff-apollo.myshopify.com/?_ab=0&_fd=0&_sc=1&preview_theme_id=68602101860' successfully

2019-06-13 19:08:04 - [TEST_STEP][PASSED] - executeJavaScript("var previewBar = document.getElementById("preview-bar-iframe"); previewBar.style.display = "none";", []): Execute JavaScript 'var previewBar = document.getElementById("preview-bar-iframe"); previewBar.style.display = "none";' successfully

2019-06-13 19:08:04 - [MESSAGE][PASSED] - Execute JavaScript 'var previewBar = document.getElementById("preview-bar-iframe"); previewBar.style.display = "none";' successfully

2019-06-13 19:08:04 - [MESSAGE][PASSED] - Call Test Case 'Test Cases/CALL - URL' successfully

2019-06-13 19:08:04 - [TEST_STEP][PASSED] - delay(1): Delayed 1 second(s)

2019-06-13 19:08:05 - [MESSAGE][PASSED] - Delayed 1 second(s)

2019-06-13 19:08:05 - [TEST_STEP][PASSED] - click(findTestObject("APOLLO- Desktop/Burger Menu/Burgermenu")): Object: 'Object Repository/APOLLO- Desktop/Burger Menu/Burgermenu' is clicked on

2019-06-13 19:08:05 - [MESSAGE][PASSED] - Object: 'Object Repository/APOLLO- Desktop/Burger Menu/Burgermenu' is clicked on

2019-06-13 19:08:05 - [TEST_STEP][PASSED] - delay(2): Delayed 2 second(s)

2019-06-13 19:08:07 - [MESSAGE][PASSED] - Delayed 2 second(s)

2019-06-13 19:08:07 - [TEST_STEP][PASSED] - click(findTestObject("APOLLO- Desktop/Burger Menu/Mens chevron")): Object: 'Object Repository/APOLLO- Desktop/Burger Menu/Mens chevron' is clicked on

2019-06-13 19:08:07 - [MESSAGE][PASSED] - Object: 'Object Repository/APOLLO- Desktop/Burger Menu/Mens chevron' is clicked on

2019-06-13 19:08:07 - [TEST_STEP][PASSED] - delay(2): Delayed 2 second(s)

2019-06-13 19:08:09 - [MESSAGE][PASSED] - Delayed 2 second(s)

2019-06-13 19:08:09 - [TEST_STEP][PASSED] - click(findTestObject("APOLLO- Desktop/Burger Menu/Mens - Top Chevron")): Object: 'Object Repository/APOLLO- Desktop/Burger Menu/Mens - Top Chevron' is clicked on

2019-06-13 19:08:09 - [MESSAGE][PASSED] - Object: 'Object Repository/APOLLO- Desktop/Burger Menu/Mens - Top Chevron' is clicked on

2019-06-13 19:08:09 - [TEST_STEP][PASSED] - delay(2): Delayed 2 second(s)

2019-06-13 19:08:11 - [MESSAGE][PASSED] - Delayed 2 second(s)

2019-06-13 19:08:11 - [TEST_STEP][PASSED] - click(findTestObject("APOLLO- Desktop/Burger Menu/Shirts link")): Object: 'Object Repository/APOLLO- Desktop/Burger Menu/Shirts link' is clicked on

2019-06-13 19:08:13 - [MESSAGE][PASSED] - Object: 'Object Repository/APOLLO- Desktop/Burger Menu/Shirts link' is clicked on

2019-06-13 19:08:13 - [TEST_STEP][PASSED] - delay(2): Delayed 2 second(s)

2019-06-13 19:08:15 - [MESSAGE][PASSED] - Delayed 2 second(s)

2019-06-13 19:08:15 - [TEST_STEP][PASSED] - click(findTestObject("APOLLO- Desktop/Collection page/Blue shirt product")): Object: 'Object Repository/APOLLO- Desktop/Collection page/Blue shirt product' is clicked on

2019-06-13 19:08:17 - [MESSAGE][PASSED] - Object: 'Object Repository/APOLLO- Desktop/Collection page/Blue shirt product' is clicked on

2019-06-13 19:08:17 - [TEST_STEP][PASSED] - delay(2): Delayed 2 second(s)

2019-06-13 19:08:19 - [MESSAGE][PASSED] - Delayed 2 second(s)

2019-06-13 19:08:19 - [TEST_STEP][PASSED] - selectOptionByValue(findTestObject("APOLLO- Desktop/Product page/Size dropdown"), "Medium", true): All options with value 'Medium' are selected in object 'Object Repository/APOLLO- Desktop/Product page/Size dropdown'  using regular expression

2019-06-13 19:08:19 - [MESSAGE][PASSED] - All options with value 'Medium' are selected in object 'Object Repository/APOLLO- Desktop/Product page/Size dropdown'  using regular expression

2019-06-13 19:08:19 - [TEST_STEP][PASSED] - delay(2): Delayed 2 second(s)

2019-06-13 19:08:21 - [MESSAGE][PASSED] - Delayed 2 second(s)

2019-06-13 19:08:21 - [TEST_STEP][PASSED] - click(findTestObject("APOLLO- Desktop/Product page/Increase qunatity - prod page")): Object: 'Object Repository/APOLLO- Desktop/Product page/Increase qunatity - prod page' is clicked on

2019-06-13 19:08:21 - [MESSAGE][PASSED] - Object: 'Object Repository/APOLLO- Desktop/Product page/Increase qunatity - prod page' is clicked on

2019-06-13 19:08:21 - [TEST_STEP][PASSED] - delay(2): Delayed 2 second(s)

2019-06-13 19:08:23 - [MESSAGE][PASSED] - Delayed 2 second(s)

2019-06-13 19:08:23 - [TEST_STEP][PASSED] - click(findTestObject("APOLLO- Desktop/Product page/Increase qunatity - prod page")): Object: 'Object Repository/APOLLO- Desktop/Product page/Increase qunatity - prod page' is clicked on

2019-06-13 19:08:23 - [MESSAGE][PASSED] - Object: 'Object Repository/APOLLO- Desktop/Product page/Increase qunatity - prod page' is clicked on

2019-06-13 19:08:23 - [TEST_STEP][PASSED] - delay(2): Delayed 2 second(s)

2019-06-13 19:08:25 - [MESSAGE][PASSED] - Delayed 2 second(s)

2019-06-13 19:08:25 - [TEST_STEP][PASSED] - click(findTestObject("APOLLO- Desktop/Product page/Increase qunatity - prod page")): Object: 'Object Repository/APOLLO- Desktop/Product page/Increase qunatity - prod page' is clicked on

2019-06-13 19:08:25 - [MESSAGE][PASSED] - Object: 'Object Repository/APOLLO- Desktop/Product page/Increase qunatity - prod page' is clicked on

2019-06-13 19:08:25 - [TEST_STEP][PASSED] - delay(2): Delayed 2 second(s)

2019-06-13 19:08:27 - [MESSAGE][PASSED] - Delayed 2 second(s)

2019-06-13 19:08:27 - [TEST_STEP][PASSED] - click(findTestObject("APOLLO- Desktop/Product page/Increase qunatity - prod page")): Object: 'Object Repository/APOLLO- Desktop/Product page/Increase qunatity - prod page' is clicked on

2019-06-13 19:08:27 - [MESSAGE][PASSED] - Object: 'Object Repository/APOLLO- Desktop/Product page/Increase qunatity - prod page' is clicked on

2019-06-13 19:08:27 - [TEST_STEP][PASSED] - delay(2): Delayed 2 second(s)

2019-06-13 19:08:29 - [MESSAGE][PASSED] - Delayed 2 second(s)

2019-06-13 19:08:29 - [TEST_STEP][PASSED] - click(findTestObject("APOLLO- Desktop/Product page/Increase qunatity - prod page")): Object: 'Object Repository/APOLLO- Desktop/Product page/Increase qunatity - prod page' is clicked on

2019-06-13 19:08:29 - [MESSAGE][PASSED] - Object: 'Object Repository/APOLLO- Desktop/Product page/Increase qunatity - prod page' is clicked on

2019-06-13 19:08:29 - [TEST_STEP][PASSED] - delay(2): Delayed 2 second(s)

2019-06-13 19:08:31 - [MESSAGE][PASSED] - Delayed 2 second(s)

2019-06-13 19:08:31 - [TEST_STEP][PASSED] - click(findTestObject("APOLLO- Desktop/Product page/Add to bag")): Object: 'Object Repository/APOLLO- Desktop/Product page/Add to bag' is clicked on

2019-06-13 19:08:31 - [MESSAGE][PASSED] - Object: 'Object Repository/APOLLO- Desktop/Product page/Add to bag' is clicked on

2019-06-13 19:08:31 - [TEST_STEP][PASSED] - delay(2): Delayed 2 second(s)

2019-06-13 19:08:33 - [MESSAGE][PASSED] - Delayed 2 second(s)

2019-06-13 19:08:33 - [TEST_STEP][PASSED] - a = getText(findTestObject("APOLLO- Desktop/Cart flyout/Subtotal in cart flyout")): Text of object 'Object Repository/APOLLO- Desktop/Cart flyout/Subtotal in cart flyout' is: '$76.50'

2019-06-13 19:08:33 - [MESSAGE][PASSED] - Text of object 'Object Repository/APOLLO- Desktop/Cart flyout/Subtotal in cart flyout' is: '$76.50'

2019-06-13 19:08:33 - [TEST_STEP][PASSED] - comment("a=" + a): a=$76.50

2019-06-13 19:08:33 - [MESSAGE][INFO] - a=$76.50

2019-06-13 19:08:33 - [TEST_STEP][PASSED] - delay(2): Delayed 2 second(s)

2019-06-13 19:08:35 - [MESSAGE][PASSED] - Delayed 2 second(s)

2019-06-13 19:08:35 - [TEST_STEP][PASSED] - click(findTestObject("APOLLO- Desktop/Cart flyout/Decrease quantity - cart flyout")): Object: 'Object Repository/APOLLO- Desktop/Cart flyout/Decrease quantity - cart flyout' is clicked on

2019-06-13 19:08:35 - [MESSAGE][PASSED] - Object: 'Object Repository/APOLLO- Desktop/Cart flyout/Decrease quantity - cart flyout' is clicked on

2019-06-13 19:08:35 - [TEST_STEP][PASSED] - delay(2): Delayed 2 second(s)

2019-06-13 19:08:37 - [MESSAGE][PASSED] - Delayed 2 second(s)

2019-06-13 19:08:37 - [TEST_STEP][PASSED] - click(findTestObject("APOLLO- Desktop/Cart flyout/Decrease quantity - cart flyout")): Object: 'Object Repository/APOLLO- Desktop/Cart flyout/Decrease quantity - cart flyout' is clicked on

2019-06-13 19:08:37 - [MESSAGE][PASSED] - Object: 'Object Repository/APOLLO- Desktop/Cart flyout/Decrease quantity - cart flyout' is clicked on

2019-06-13 19:08:37 - [TEST_STEP][PASSED] - delay(2): Delayed 2 second(s)

2019-06-13 19:08:39 - [MESSAGE][PASSED] - Delayed 2 second(s)

2019-06-13 19:08:39 - [TEST_STEP][PASSED] - click(findTestObject("APOLLO- Desktop/Cart flyout/Decrease quantity - cart flyout")): Object: 'Object Repository/APOLLO- Desktop/Cart flyout/Decrease quantity - cart flyout' is clicked on

2019-06-13 19:08:39 - [MESSAGE][PASSED] - Object: 'Object Repository/APOLLO- Desktop/Cart flyout/Decrease quantity - cart flyout' is clicked on

2019-06-13 19:08:39 - [TEST_STEP][PASSED] - delay(2): Delayed 2 second(s)

2019-06-13 19:08:41 - [MESSAGE][PASSED] - Delayed 2 second(s)

2019-06-13 19:08:41 - [TEST_STEP][PASSED] - b = getText(findTestObject("APOLLO- Desktop/Cart flyout/Subtotal in cart flyout")): Text of object 'Object Repository/APOLLO- Desktop/Cart flyout/Subtotal in cart flyout' is: '$60.00'

2019-06-13 19:08:41 - [MESSAGE][PASSED] - Text of object 'Object Repository/APOLLO- Desktop/Cart flyout/Subtotal in cart flyout' is: '$60.00'

2019-06-13 19:08:41 - [TEST_STEP][PASSED] - comment("b=" + b): b=$60.00

2019-06-13 19:08:41 - [MESSAGE][INFO] - b=$60.00

2019-06-13 19:08:41 - [TEST_STEP][PASSED] - verifyNotEqual("a", "b"): Actual object 'a' and expected object 'b' are not equal

2019-06-13 19:08:41 - [MESSAGE][PASSED] - Actual object 'a' and expected object 'b' are not equal

2019-06-13 19:08:41 - [TEST_STEP][PASSED] - delay(2): Delayed 2 second(s)

2019-06-13 19:08:43 - [MESSAGE][PASSED] - Delayed 2 second(s)

2019-06-13 19:08:43 - [TEST_STEP][PASSED] - click(findTestObject("APOLLO- Desktop/Cart flyout/Checkout")): Object: 'Object Repository/APOLLO- Desktop/Cart flyout/Checkout' is clicked on

2019-06-13 19:08:46 - [MESSAGE][PASSED] - Object: 'Object Repository/APOLLO- Desktop/Cart flyout/Checkout' is clicked on

2019-06-13 19:08:46 - [TEST_STEP][PASSED] - delay(2): Delayed 2 second(s)

2019-06-13 19:08:48 - [MESSAGE][PASSED] - Delayed 2 second(s)

2019-06-13 19:08:48 - [TEST_STEP][PASSED] - callTestCase(findTestCase("CALL- CUSTOMER INFO PAGE"), [:], STOP_ON_FAILURE): Call Test Case 'Test Cases/CALL- CUSTOMER INFO PAGE' successfully

2019-06-13 19:08:48 - [TEST_CASE][PASSED] - Test Cases/CALL- CUSTOMER INFO PAGE: Test Cases/CALL- CUSTOMER INFO PAGE

2019-06-13 19:08:48 - [TEST_STEP][PASSED] - delay(2): Delayed 2 second(s)

2019-06-13 19:08:50 - [MESSAGE][PASSED] - Delayed 2 second(s)

2019-06-13 19:08:50 - [TEST_STEP][PASSED] - executeJavaScript("var previewBar = document.getElementById("preview-bar-iframe"); previewBar.style.display = "none";", []): Execute JavaScript 'var previewBar = document.getElementById("preview-bar-iframe"); previewBar.style.display = "none";' successfully

2019-06-13 19:08:50 - [MESSAGE][PASSED] - Execute JavaScript 'var previewBar = document.getElementById("preview-bar-iframe"); previewBar.style.display = "none";' successfully

2019-06-13 19:08:50 - [TEST_STEP][PASSED] - setText(findTestObject("APOLLO- Desktop/Customer Information page/Email"), "suman@gmail.com"): Text 'suman@gmail.com' is set on object 'Object Repository/APOLLO- Desktop/Customer Information page/Email'

2019-06-13 19:08:50 - [MESSAGE][PASSED] - Text 'suman@gmail.com' is set on object 'Object Repository/APOLLO- Desktop/Customer Information page/Email'

2019-06-13 19:08:50 - [TEST_STEP][PASSED] - delay(2): Delayed 2 second(s)

2019-06-13 19:08:52 - [MESSAGE][PASSED] - Delayed 2 second(s)

2019-06-13 19:08:52 - [TEST_STEP][PASSED] - setText(findTestObject("APOLLO- Desktop/Customer Information page/First name"), "suman"): Text 'suman' is set on object 'Object Repository/APOLLO- Desktop/Customer Information page/First name'

2019-06-13 19:08:53 - [MESSAGE][PASSED] - Text 'suman' is set on object 'Object Repository/APOLLO- Desktop/Customer Information page/First name'

2019-06-13 19:08:53 - [TEST_STEP][PASSED] - delay(2): Delayed 2 second(s)

2019-06-13 19:08:55 - [MESSAGE][PASSED] - Delayed 2 second(s)

2019-06-13 19:08:55 - [TEST_STEP][PASSED] - setText(findTestObject("APOLLO- Desktop/Customer Information page/Last name"), "kompelly"): Text 'kompelly' is set on object 'Object Repository/APOLLO- Desktop/Customer Information page/Last name'

2019-06-13 19:08:55 - [MESSAGE][PASSED] - Text 'kompelly' is set on object 'Object Repository/APOLLO- Desktop/Customer Information page/Last name'

2019-06-13 19:08:55 - [TEST_STEP][PASSED] - delay(2): Delayed 2 second(s)

2019-06-13 19:08:57 - [MESSAGE][PASSED] - Delayed 2 second(s)

2019-06-13 19:08:57 - [TEST_STEP][PASSED] - setText(findTestObject("APOLLO- Desktop/Customer Information page/Address"), "1435 st alxendre"): Text '1435 st alxendre' is set on object 'Object Repository/APOLLO- Desktop/Customer Information page/Address'

2019-06-13 19:08:57 - [MESSAGE][PASSED] - Text '1435 st alxendre' is set on object 'Object Repository/APOLLO- Desktop/Customer Information page/Address'

2019-06-13 19:08:57 - [TEST_STEP][PASSED] - setText(findTestObject("APOLLO- Desktop/Customer Information page/Apartment"), "220"): Text '220' is set on object 'Object Repository/APOLLO- Desktop/Customer Information page/Apartment'

2019-06-13 19:08:57 - [MESSAGE][PASSED] - Text '220' is set on object 'Object Repository/APOLLO- Desktop/Customer Information page/Apartment'

2019-06-13 19:08:57 - [TEST_STEP][PASSED] - setText(findTestObject("APOLLO- Desktop/Customer Information page/City"), "montreal"): Text 'montreal' is set on object 'Object Repository/APOLLO- Desktop/Customer Information page/City'

2019-06-13 19:08:57 - [MESSAGE][PASSED] - Text 'montreal' is set on object 'Object Repository/APOLLO- Desktop/Customer Information page/City'

2019-06-13 19:08:57 - [TEST_STEP][PASSED] - selectOptionByValue(findTestObject("APOLLO- Desktop/Customer Information page/Country dropdown"), "United States", true): All options with value 'United States' are selected in object 'Object Repository/APOLLO- Desktop/Customer Information page/Country dropdown'  using regular expression

2019-06-13 19:09:01 - [MESSAGE][PASSED] - All options with value 'United States' are selected in object 'Object Repository/APOLLO- Desktop/Customer Information page/Country dropdown'  using regular expression

2019-06-13 19:09:01 - [TEST_STEP][PASSED] - selectOptionByValue(findTestObject("APOLLO- Desktop/Customer Information page/states dropdown"), "NJ", true): All options with value 'NJ' are selected in object 'Object Repository/APOLLO- Desktop/Customer Information page/states dropdown'  using regular expression

2019-06-13 19:09:01 - [MESSAGE][PASSED] - All options with value 'NJ' are selected in object 'Object Repository/APOLLO- Desktop/Customer Information page/states dropdown'  using regular expression

2019-06-13 19:09:01 - [TEST_STEP][PASSED] - setText(findTestObject("APOLLO- Desktop/Customer Information page/ZIP code"), "07057"): Text '07057' is set on object 'Object Repository/APOLLO- Desktop/Customer Information page/ZIP code'

2019-06-13 19:09:02 - [MESSAGE][PASSED] - Text '07057' is set on object 'Object Repository/APOLLO- Desktop/Customer Information page/ZIP code'

2019-06-13 19:09:02 - [MESSAGE][PASSED] - Call Test Case 'Test Cases/CALL- CUSTOMER INFO PAGE' successfully

2019-06-13 19:09:02 - [TEST_STEP][PASSED] - delay(2): Delayed 2 second(s)

2019-06-13 19:09:04 - [MESSAGE][PASSED] - Delayed 2 second(s)

2019-06-13 19:09:04 - [TEST_STEP][PASSED] - callTestCase(findTestCase("CALL - SHIPPING TO PAYMENT"), [:], STOP_ON_FAILURE): Call Test Case 'Test Cases/CALL - SHIPPING TO PAYMENT' successfully

2019-06-13 19:09:04 - [TEST_CASE][PASSED] - Test Cases/CALL - SHIPPING TO PAYMENT: Test Cases/CALL - SHIPPING TO PAYMENT

2019-06-13 19:09:04 - [TEST_STEP][PASSED] - click(findTestObject("APOLLO- Desktop/Customer Information page/Continue to shipping")): Object: 'Object Repository/APOLLO- Desktop/Customer Information page/Continue to shipping' is clicked on

2019-06-13 19:09:06 - [MESSAGE][PASSED] - Object: 'Object Repository/APOLLO- Desktop/Customer Information page/Continue to shipping' is clicked on

2019-06-13 19:09:06 - [TEST_STEP][PASSED] - executeJavaScript("var previewBar = document.getElementById("preview-bar-iframe"); previewBar.style.display = "none";", []): Execute JavaScript 'var previewBar = document.getElementById("preview-bar-iframe"); previewBar.style.display = "none";' successfully

2019-06-13 19:09:06 - [MESSAGE][PASSED] - Execute JavaScript 'var previewBar = document.getElementById("preview-bar-iframe"); previewBar.style.display = "none";' successfully

2019-06-13 19:09:06 - [TEST_STEP][PASSED] - click(findTestObject("APOLLO- Desktop/Shipping page/Radio button check")): Object: 'Object Repository/APOLLO- Desktop/Shipping page/Radio button check' is clicked on

2019-06-13 19:09:09 - [MESSAGE][PASSED] - Object: 'Object Repository/APOLLO- Desktop/Shipping page/Radio button check' is clicked on

2019-06-13 19:09:09 - [TEST_STEP][PASSED] - executeJavaScript("var previewBar = document.getElementById("preview-bar-iframe"); previewBar.style.display = "none";", []): Execute JavaScript 'var previewBar = document.getElementById("preview-bar-iframe"); previewBar.style.display = "none";' successfully

2019-06-13 19:09:09 - [MESSAGE][PASSED] - Execute JavaScript 'var previewBar = document.getElementById("preview-bar-iframe"); previewBar.style.display = "none";' successfully

2019-06-13 19:09:09 - [TEST_STEP][PASSED] - click(findTestObject("APOLLO- Desktop/Shipping page/Continue to payment")): Object: 'Object Repository/APOLLO- Desktop/Shipping page/Continue to payment' is clicked on

2019-06-13 19:09:11 - [MESSAGE][PASSED] - Object: 'Object Repository/APOLLO- Desktop/Shipping page/Continue to payment' is clicked on

2019-06-13 19:09:11 - [TEST_STEP][PASSED] - executeJavaScript("var previewBar = document.getElementById("preview-bar-iframe"); previewBar.style.display = "none";", []): Execute JavaScript 'var previewBar = document.getElementById("preview-bar-iframe"); previewBar.style.display = "none";' successfully

2019-06-13 19:09:12 - [MESSAGE][PASSED] - Execute JavaScript 'var previewBar = document.getElementById("preview-bar-iframe"); previewBar.style.display = "none";' successfully

2019-06-13 19:09:12 - [TEST_STEP][PASSED] - click(findTestObject("APOLLO- Desktop/payment page/Payment section")): Object: 'Object Repository/APOLLO- Desktop/payment page/Payment section' is clicked on

2019-06-13 19:09:12 - [MESSAGE][PASSED] - Object: 'Object Repository/APOLLO- Desktop/payment page/Payment section' is clicked on

2019-06-13 19:09:12 - [MESSAGE][PASSED] - Call Test Case 'Test Cases/CALL - SHIPPING TO PAYMENT' successfully]]></system-out>
         <system-err><![CDATA[]]></system-err>
      </testcase>
      <testcase name="Test Cases/CRITICAL PATH/Price comparison - Cart flyout" classname="Test Cases/CRITICAL PATH/Price comparison - Cart flyout" status="PASSED">
         <system-out><![CDATA[2019-06-13 19:09:12 - [TEST_CASE][PASSED] - Test Cases/CRITICAL PATH/Price comparison - Cart flyout: Test Cases/CRITICAL PATH/Price comparison - Cart flyout

2019-06-13 19:09:12 - [TEST_STEP][PASSED] - callTestCase(findTestCase("CALL - URL"), [:], STOP_ON_FAILURE): Call Test Case 'Test Cases/CALL - URL' successfully

2019-06-13 19:09:12 - [TEST_CASE][PASSED] - Test Cases/CALL - URL: Test Cases/CALL - URL

2019-06-13 19:09:12 - [TEST_STEP][PASSED] - openBrowser(""): Browser is opened with url: ''

2019-06-13 19:09:12 - [MESSAGE][WARNING] - A browser is already opened. Closing browser and opening a new one

2019-06-13 19:09:12 - [MESSAGE][INFO] - Starting 'Chrome' driver

2019-06-13 19:09:13 - [MESSAGE][PASSED] - Browser is opened with url: ''

2019-06-13 19:09:13 - [TEST_STEP][PASSED] - navigateToUrl("https://diff-apollo.myshopify.com/?_ab=0&_fd=0&_sc=1&preview_theme_id=68602101860"): Navigate to 'https://diff-apollo.myshopify.com/?_ab=0&_fd=0&_sc=1&preview_theme_id=68602101860' successfully

2019-06-13 19:09:16 - [MESSAGE][PASSED] - Navigate to 'https://diff-apollo.myshopify.com/?_ab=0&_fd=0&_sc=1&preview_theme_id=68602101860' successfully

2019-06-13 19:09:16 - [TEST_STEP][PASSED] - executeJavaScript("var previewBar = document.getElementById("preview-bar-iframe"); previewBar.style.display = "none";", []): Execute JavaScript 'var previewBar = document.getElementById("preview-bar-iframe"); previewBar.style.display = "none";' successfully

2019-06-13 19:09:16 - [MESSAGE][PASSED] - Execute JavaScript 'var previewBar = document.getElementById("preview-bar-iframe"); previewBar.style.display = "none";' successfully

2019-06-13 19:09:16 - [MESSAGE][PASSED] - Call Test Case 'Test Cases/CALL - URL' successfully

2019-06-13 19:09:16 - [TEST_STEP][PASSED] - click(findTestObject("APOLLO- Desktop/Burger Menu/Burgermenu")): Object: 'Object Repository/APOLLO- Desktop/Burger Menu/Burgermenu' is clicked on

2019-06-13 19:09:16 - [MESSAGE][PASSED] - Object: 'Object Repository/APOLLO- Desktop/Burger Menu/Burgermenu' is clicked on

2019-06-13 19:09:16 - [TEST_STEP][PASSED] - delay(2): Delayed 2 second(s)

2019-06-13 19:09:18 - [MESSAGE][PASSED] - Delayed 2 second(s)

2019-06-13 19:09:18 - [TEST_STEP][PASSED] - click(findTestObject("APOLLO- Desktop/Burger Menu/Mens chevron")): Object: 'Object Repository/APOLLO- Desktop/Burger Menu/Mens chevron' is clicked on

2019-06-13 19:09:18 - [MESSAGE][PASSED] - Object: 'Object Repository/APOLLO- Desktop/Burger Menu/Mens chevron' is clicked on

2019-06-13 19:09:18 - [TEST_STEP][PASSED] - delay(2): Delayed 2 second(s)

2019-06-13 19:09:20 - [MESSAGE][PASSED] - Delayed 2 second(s)

2019-06-13 19:09:20 - [TEST_STEP][PASSED] - click(findTestObject("APOLLO- Desktop/Burger Menu/Mens - Top Chevron")): Object: 'Object Repository/APOLLO- Desktop/Burger Menu/Mens - Top Chevron' is clicked on

2019-06-13 19:09:20 - [MESSAGE][PASSED] - Object: 'Object Repository/APOLLO- Desktop/Burger Menu/Mens - Top Chevron' is clicked on

2019-06-13 19:09:20 - [TEST_STEP][PASSED] - delay(2): Delayed 2 second(s)

2019-06-13 19:09:22 - [MESSAGE][PASSED] - Delayed 2 second(s)

2019-06-13 19:09:22 - [TEST_STEP][PASSED] - click(findTestObject("APOLLO- Desktop/Burger Menu/Shirts link")): Object: 'Object Repository/APOLLO- Desktop/Burger Menu/Shirts link' is clicked on

2019-06-13 19:09:24 - [MESSAGE][PASSED] - Object: 'Object Repository/APOLLO- Desktop/Burger Menu/Shirts link' is clicked on

2019-06-13 19:09:24 - [TEST_STEP][PASSED] - delay(2): Delayed 2 second(s)

2019-06-13 19:09:26 - [MESSAGE][PASSED] - Delayed 2 second(s)

2019-06-13 19:09:26 - [TEST_STEP][PASSED] - click(findTestObject("APOLLO- Desktop/Collection page/Blue shirt product")): Object: 'Object Repository/APOLLO- Desktop/Collection page/Blue shirt product' is clicked on

2019-06-13 19:09:28 - [MESSAGE][PASSED] - Object: 'Object Repository/APOLLO- Desktop/Collection page/Blue shirt product' is clicked on

2019-06-13 19:09:28 - [TEST_STEP][PASSED] - delay(2): Delayed 2 second(s)

2019-06-13 19:09:30 - [MESSAGE][PASSED] - Delayed 2 second(s)

2019-06-13 19:09:30 - [TEST_STEP][PASSED] - selectOptionByValue(findTestObject("APOLLO- Desktop/Product page/Size dropdown"), "Medium", true): All options with value 'Medium' are selected in object 'Object Repository/APOLLO- Desktop/Product page/Size dropdown'  using regular expression

2019-06-13 19:09:30 - [MESSAGE][PASSED] - All options with value 'Medium' are selected in object 'Object Repository/APOLLO- Desktop/Product page/Size dropdown'  using regular expression

2019-06-13 19:09:30 - [TEST_STEP][PASSED] - delay(2): Delayed 2 second(s)

2019-06-13 19:09:32 - [MESSAGE][PASSED] - Delayed 2 second(s)

2019-06-13 19:09:32 - [TEST_STEP][PASSED] - click(findTestObject("APOLLO- Desktop/Product page/Add to bag")): Object: 'Object Repository/APOLLO- Desktop/Product page/Add to bag' is clicked on

2019-06-13 19:09:32 - [MESSAGE][PASSED] - Object: 'Object Repository/APOLLO- Desktop/Product page/Add to bag' is clicked on

2019-06-13 19:09:32 - [TEST_STEP][PASSED] - delay(2): Delayed 2 second(s)

2019-06-13 19:09:34 - [MESSAGE][PASSED] - Delayed 2 second(s)

2019-06-13 19:09:34 - [TEST_STEP][PASSED] - click(findTestObject("APOLLO- Desktop/Burger Menu/Burgermenu")): Object: 'Object Repository/APOLLO- Desktop/Burger Menu/Burgermenu' is clicked on

2019-06-13 19:09:34 - [MESSAGE][PASSED] - Object: 'Object Repository/APOLLO- Desktop/Burger Menu/Burgermenu' is clicked on

2019-06-13 19:09:34 - [TEST_STEP][PASSED] - delay(2): Delayed 2 second(s)

2019-06-13 19:09:36 - [MESSAGE][PASSED] - Delayed 2 second(s)

2019-06-13 19:09:36 - [TEST_STEP][PASSED] - click(findTestObject("APOLLO- Desktop/Burger Menu/KIds link")): Object: 'Object Repository/APOLLO- Desktop/Burger Menu/KIds link' is clicked on

2019-06-13 19:09:38 - [MESSAGE][PASSED] - Object: 'Object Repository/APOLLO- Desktop/Burger Menu/KIds link' is clicked on

2019-06-13 19:09:38 - [TEST_STEP][PASSED] - delay(2): Delayed 2 second(s)

2019-06-13 19:09:40 - [MESSAGE][PASSED] - Delayed 2 second(s)

2019-06-13 19:09:40 - [TEST_STEP][PASSED] - click(findTestObject("APOLLO- Desktop/Collection page/Sailor sweatshirt")): Object: 'Object Repository/APOLLO- Desktop/Collection page/Sailor sweatshirt' is clicked on

2019-06-13 19:09:42 - [MESSAGE][PASSED] - Object: 'Object Repository/APOLLO- Desktop/Collection page/Sailor sweatshirt' is clicked on

2019-06-13 19:09:42 - [TEST_STEP][PASSED] - delay(2): Delayed 2 second(s)

2019-06-13 19:09:44 - [MESSAGE][PASSED] - Delayed 2 second(s)

2019-06-13 19:09:44 - [TEST_STEP][PASSED] - click(findTestObject("APOLLO- Desktop/Product page/Add to bag")): Object: 'Object Repository/APOLLO- Desktop/Product page/Add to bag' is clicked on

2019-06-13 19:09:44 - [MESSAGE][PASSED] - Object: 'Object Repository/APOLLO- Desktop/Product page/Add to bag' is clicked on

2019-06-13 19:09:44 - [TEST_STEP][PASSED] - delay(2): Delayed 2 second(s)

2019-06-13 19:09:46 - [MESSAGE][PASSED] - Delayed 2 second(s)

2019-06-13 19:09:46 - [TEST_STEP][PASSED] - executeJavaScript("var previewBar = document.getElementById("preview-bar-iframe"); previewBar.style.display = "none";", []): Execute JavaScript 'var previewBar = document.getElementById("preview-bar-iframe"); previewBar.style.display = "none";' successfully

2019-06-13 19:09:46 - [MESSAGE][PASSED] - Execute JavaScript 'var previewBar = document.getElementById("preview-bar-iframe"); previewBar.style.display = "none";' successfully

2019-06-13 19:09:46 - [TEST_STEP][PASSED] - a = getText(findTestObject("APOLLO- Desktop/Cart flyout/Unit price - first product")): Text of object 'Object Repository/APOLLO- Desktop/Cart flyout/Unit price - first product' is: '$30'

2019-06-13 19:09:46 - [MESSAGE][PASSED] - Text of object 'Object Repository/APOLLO- Desktop/Cart flyout/Unit price - first product' is: '$30'

2019-06-13 19:09:46 - [TEST_STEP][PASSED] - comment("a=" + a): a=$30

2019-06-13 19:09:46 - [MESSAGE][INFO] - a=$30

2019-06-13 19:09:46 - [TEST_STEP][PASSED] - a1 = a.substring(1): null

2019-06-13 19:09:46 - [TEST_STEP][PASSED] - comment("a1=" + a1): a1=30

2019-06-13 19:09:46 - [MESSAGE][INFO] - a1=30

2019-06-13 19:09:46 - [TEST_STEP][PASSED] - b = getText(findTestObject("APOLLO- Desktop/Cart flyout/Unit price - second product")): Text of object 'Object Repository/APOLLO- Desktop/Cart flyout/Unit price - second product' is: '$30'

2019-06-13 19:09:46 - [MESSAGE][PASSED] - Text of object 'Object Repository/APOLLO- Desktop/Cart flyout/Unit price - second product' is: '$30'

2019-06-13 19:09:46 - [TEST_STEP][PASSED] - comment("b=" + b): b=$30

2019-06-13 19:09:46 - [MESSAGE][INFO] - b=$30

2019-06-13 19:09:46 - [TEST_STEP][PASSED] - b1 = b.substring(1): null

2019-06-13 19:09:46 - [TEST_STEP][PASSED] - comment("b1=" + b1): b1=30

2019-06-13 19:09:46 - [MESSAGE][INFO] - b1=30

2019-06-13 19:09:46 - [TEST_STEP][PASSED] - p1 = <not implemented yet for class: org.codehaus.groovy.ast.expr.EmptyExpression>: null

2019-06-13 19:09:46 - [TEST_STEP][PASSED] - p2 = <not implemented yet for class: org.codehaus.groovy.ast.expr.EmptyExpression>: null

2019-06-13 19:09:46 - [TEST_STEP][PASSED] - try: p1=30.0

2019-06-13 19:09:46 - [TEST_STEP][PASSED] - str = a1: null

2019-06-13 19:09:46 - [TEST_STEP][PASSED] - comment("str=" + str): str=30

2019-06-13 19:09:46 - [MESSAGE][INFO] - str=30

2019-06-13 19:09:46 - [TEST_STEP][PASSED] - p1 = Double.valueOf(str): null

2019-06-13 19:09:46 - [TEST_STEP][PASSED] - comment("p1=" + p1): p1=30.0

2019-06-13 19:09:46 - [MESSAGE][INFO] - p1=30.0

2019-06-13 19:09:46 - [TEST_STEP][PASSED] - try: p2=30.0

2019-06-13 19:09:46 - [TEST_STEP][PASSED] - str5 = b1: null

2019-06-13 19:09:46 - [TEST_STEP][PASSED] - comment("str5=" + str5): str5=30

2019-06-13 19:09:46 - [MESSAGE][INFO] - str5=30

2019-06-13 19:09:46 - [TEST_STEP][PASSED] - p2 = Double.valueOf(str5): null

2019-06-13 19:09:46 - [TEST_STEP][PASSED] - comment("p2=" + p2): p2=30.0

2019-06-13 19:09:46 - [MESSAGE][INFO] - p2=30.0

2019-06-13 19:09:46 - [TEST_STEP][PASSED] - total = p1 + p2: null

2019-06-13 19:09:46 - [TEST_STEP][PASSED] - comment("total=" + total): total=60.0

2019-06-13 19:09:46 - [MESSAGE][INFO] - total=60.0

2019-06-13 19:09:46 - [TEST_STEP][PASSED] - c = getText(findTestObject("APOLLO- Desktop/Cart flyout/Subtotal in cart flyout")): Text of object 'Object Repository/APOLLO- Desktop/Cart flyout/Subtotal in cart flyout' is: '$60.00'

2019-06-13 19:09:46 - [MESSAGE][PASSED] - Text of object 'Object Repository/APOLLO- Desktop/Cart flyout/Subtotal in cart flyout' is: '$60.00'

2019-06-13 19:09:46 - [TEST_STEP][PASSED] - comment("c=" + c): c=$60.00

2019-06-13 19:09:46 - [MESSAGE][INFO] - c=$60.00

2019-06-13 19:09:46 - [TEST_STEP][PASSED] - c1 = c.substring(1): null

2019-06-13 19:09:46 - [TEST_STEP][PASSED] - comment("c1=" + c1): c1=60.00

2019-06-13 19:09:46 - [MESSAGE][INFO] - c1=60.00

2019-06-13 19:09:46 - [TEST_STEP][PASSED] - p3 = <not implemented yet for class: org.codehaus.groovy.ast.expr.EmptyExpression>: null

2019-06-13 19:09:46 - [TEST_STEP][PASSED] - try: p3=60.0

2019-06-13 19:09:46 - [TEST_STEP][PASSED] - str = c1: null

2019-06-13 19:09:46 - [TEST_STEP][PASSED] - comment("str=" + str): str=60.00

2019-06-13 19:09:46 - [MESSAGE][INFO] - str=60.00

2019-06-13 19:09:46 - [TEST_STEP][PASSED] - p3 = Double.valueOf(str): null

2019-06-13 19:09:46 - [TEST_STEP][PASSED] - comment("p3=" + p3): p3=60.0

2019-06-13 19:09:46 - [MESSAGE][INFO] - p3=60.0

2019-06-13 19:09:46 - [TEST_STEP][PASSED] - verifyEqual(total, p3): Actual object '60' and expected object '60' are equal

2019-06-13 19:09:46 - [MESSAGE][PASSED] - Actual object '60' and expected object '60' are equal

2019-06-13 19:09:46 - [TEST_STEP][PASSED] - click(findTestObject("APOLLO- Desktop/Cart flyout/Checkout")): Object: 'Object Repository/APOLLO- Desktop/Cart flyout/Checkout' is clicked on

2019-06-13 19:09:50 - [MESSAGE][PASSED] - Object: 'Object Repository/APOLLO- Desktop/Cart flyout/Checkout' is clicked on

2019-06-13 19:09:50 - [TEST_STEP][PASSED] - callTestCase(findTestCase("CALL- CUSTOMER INFO PAGE"), [:], STOP_ON_FAILURE): Call Test Case 'Test Cases/CALL- CUSTOMER INFO PAGE' successfully

2019-06-13 19:09:50 - [TEST_CASE][PASSED] - Test Cases/CALL- CUSTOMER INFO PAGE: Test Cases/CALL- CUSTOMER INFO PAGE

2019-06-13 19:09:50 - [TEST_STEP][PASSED] - delay(2): Delayed 2 second(s)

2019-06-13 19:09:52 - [MESSAGE][PASSED] - Delayed 2 second(s)

2019-06-13 19:09:52 - [TEST_STEP][PASSED] - executeJavaScript("var previewBar = document.getElementById("preview-bar-iframe"); previewBar.style.display = "none";", []): Execute JavaScript 'var previewBar = document.getElementById("preview-bar-iframe"); previewBar.style.display = "none";' successfully

2019-06-13 19:09:52 - [MESSAGE][PASSED] - Execute JavaScript 'var previewBar = document.getElementById("preview-bar-iframe"); previewBar.style.display = "none";' successfully

2019-06-13 19:09:52 - [TEST_STEP][PASSED] - setText(findTestObject("APOLLO- Desktop/Customer Information page/Email"), "suman@gmail.com"): Text 'suman@gmail.com' is set on object 'Object Repository/APOLLO- Desktop/Customer Information page/Email'

2019-06-13 19:09:52 - [MESSAGE][PASSED] - Text 'suman@gmail.com' is set on object 'Object Repository/APOLLO- Desktop/Customer Information page/Email'

2019-06-13 19:09:52 - [TEST_STEP][PASSED] - delay(2): Delayed 2 second(s)

2019-06-13 19:09:54 - [MESSAGE][PASSED] - Delayed 2 second(s)

2019-06-13 19:09:54 - [TEST_STEP][PASSED] - setText(findTestObject("APOLLO- Desktop/Customer Information page/First name"), "suman"): Text 'suman' is set on object 'Object Repository/APOLLO- Desktop/Customer Information page/First name'

2019-06-13 19:09:54 - [MESSAGE][PASSED] - Text 'suman' is set on object 'Object Repository/APOLLO- Desktop/Customer Information page/First name'

2019-06-13 19:09:54 - [TEST_STEP][PASSED] - delay(2): Delayed 2 second(s)

2019-06-13 19:09:56 - [MESSAGE][PASSED] - Delayed 2 second(s)

2019-06-13 19:09:56 - [TEST_STEP][PASSED] - setText(findTestObject("APOLLO- Desktop/Customer Information page/Last name"), "kompelly"): Text 'kompelly' is set on object 'Object Repository/APOLLO- Desktop/Customer Information page/Last name'

2019-06-13 19:09:56 - [MESSAGE][PASSED] - Text 'kompelly' is set on object 'Object Repository/APOLLO- Desktop/Customer Information page/Last name'

2019-06-13 19:09:56 - [TEST_STEP][PASSED] - delay(2): Delayed 2 second(s)

2019-06-13 19:09:58 - [MESSAGE][PASSED] - Delayed 2 second(s)

2019-06-13 19:09:58 - [TEST_STEP][PASSED] - setText(findTestObject("APOLLO- Desktop/Customer Information page/Address"), "1435 st alxendre"): Text '1435 st alxendre' is set on object 'Object Repository/APOLLO- Desktop/Customer Information page/Address'

2019-06-13 19:09:59 - [MESSAGE][PASSED] - Text '1435 st alxendre' is set on object 'Object Repository/APOLLO- Desktop/Customer Information page/Address'

2019-06-13 19:09:59 - [TEST_STEP][PASSED] - setText(findTestObject("APOLLO- Desktop/Customer Information page/Apartment"), "220"): Text '220' is set on object 'Object Repository/APOLLO- Desktop/Customer Information page/Apartment'

2019-06-13 19:09:59 - [MESSAGE][PASSED] - Text '220' is set on object 'Object Repository/APOLLO- Desktop/Customer Information page/Apartment'

2019-06-13 19:09:59 - [TEST_STEP][PASSED] - setText(findTestObject("APOLLO- Desktop/Customer Information page/City"), "montreal"): Text 'montreal' is set on object 'Object Repository/APOLLO- Desktop/Customer Information page/City'

2019-06-13 19:09:59 - [MESSAGE][PASSED] - Text 'montreal' is set on object 'Object Repository/APOLLO- Desktop/Customer Information page/City'

2019-06-13 19:09:59 - [TEST_STEP][PASSED] - selectOptionByValue(findTestObject("APOLLO- Desktop/Customer Information page/Country dropdown"), "United States", true): All options with value 'United States' are selected in object 'Object Repository/APOLLO- Desktop/Customer Information page/Country dropdown'  using regular expression

2019-06-13 19:10:02 - [MESSAGE][PASSED] - All options with value 'United States' are selected in object 'Object Repository/APOLLO- Desktop/Customer Information page/Country dropdown'  using regular expression

2019-06-13 19:10:02 - [TEST_STEP][PASSED] - selectOptionByValue(findTestObject("APOLLO- Desktop/Customer Information page/states dropdown"), "NJ", true): All options with value 'NJ' are selected in object 'Object Repository/APOLLO- Desktop/Customer Information page/states dropdown'  using regular expression

2019-06-13 19:10:03 - [MESSAGE][PASSED] - All options with value 'NJ' are selected in object 'Object Repository/APOLLO- Desktop/Customer Information page/states dropdown'  using regular expression

2019-06-13 19:10:03 - [TEST_STEP][PASSED] - setText(findTestObject("APOLLO- Desktop/Customer Information page/ZIP code"), "07057"): Text '07057' is set on object 'Object Repository/APOLLO- Desktop/Customer Information page/ZIP code'

2019-06-13 19:10:03 - [MESSAGE][PASSED] - Text '07057' is set on object 'Object Repository/APOLLO- Desktop/Customer Information page/ZIP code'

2019-06-13 19:10:03 - [MESSAGE][PASSED] - Call Test Case 'Test Cases/CALL- CUSTOMER INFO PAGE' successfully

2019-06-13 19:10:03 - [TEST_STEP][PASSED] - click(findTestObject("APOLLO- Desktop/Customer Information page/Continue to shipping")): Object: 'Object Repository/APOLLO- Desktop/Customer Information page/Continue to shipping' is clicked on

2019-06-13 19:10:09 - [MESSAGE][PASSED] - Object: 'Object Repository/APOLLO- Desktop/Customer Information page/Continue to shipping' is clicked on

2019-06-13 19:10:09 - [TEST_STEP][PASSED] - click(findTestObject("APOLLO- Desktop/Shipping page/Radio button check")): Object: 'Object Repository/APOLLO- Desktop/Shipping page/Radio button check' is clicked on

2019-06-13 19:10:12 - [MESSAGE][PASSED] - Object: 'Object Repository/APOLLO- Desktop/Shipping page/Radio button check' is clicked on

2019-06-13 19:10:12 - [TEST_STEP][PASSED] - click(findTestObject("APOLLO- Desktop/Shipping page/Continue to payment")): Object: 'Object Repository/APOLLO- Desktop/Shipping page/Continue to payment' is clicked on

2019-06-13 19:10:19 - [MESSAGE][PASSED] - Object: 'Object Repository/APOLLO- Desktop/Shipping page/Continue to payment' is clicked on

2019-06-13 19:10:19 - [TEST_STEP][PASSED] - click(findTestObject("APOLLO- Desktop/payment page/Payment section")): Object: 'Object Repository/APOLLO- Desktop/payment page/Payment section' is clicked on

2019-06-13 19:10:19 - [MESSAGE][PASSED] - Object: 'Object Repository/APOLLO- Desktop/payment page/Payment section' is clicked on]]></system-out>
         <system-err><![CDATA[]]></system-err>
      </testcase>
      <system-out><![CDATA[2019-06-13 18:37:33 - [TEST_SUITE][FAILED] - Trial: Test Cases/COLLECTION PAGE/Filter FAILED.
Reason:
com.kms.katalon.core.exception.StepFailedException: Unable to click on object 'Object Repository/APOLLO- Desktop/Collection page/Filter/a_Green' (Root cause: org.openqa.selenium.ElementNotVisibleException: element not interactable
  (Session info: chrome=75.0.3770.90)
  (Driver info: chromedriver=2.43.600229 (3fae4d0cda5334b4f533bede5a4787f7b832d052),platform=Mac OS X 10.13.6 x86_64) (WARNING: The server did not provide any stacktrace information)
Command duration or timeout: 0 milliseconds
Build info: version: '3.7.1', revision: '8a0099a', time: '2017-11-06T21:07:36.161Z'
System info: host: 'sumans-MacBook-Pro.local', ip: 'fe80:0:0:0:145f:b2f6:5126:870a%en0', os.name: 'Mac OS X', os.arch: 'x86_64', os.version: '10.13.6', java.version: '1.8.0_181'
Driver info: com.kms.katalon.selenium.driver.CChromeDriver
Capabilities {acceptInsecureCerts: false, acceptSslCerts: false, applicationCacheEnabled: false, browserConnectionEnabled: false, browserName: chrome, chrome: {chromedriverVersion: 2.43.600229 (3fae4d0cda5334..., userDataDir: /var/folders/1t/c55l8xzs6gq...}, cssSelectorsEnabled: true, databaseEnabled: false, goog:chromeOptions: {debuggerAddress: localhost:61251}, handlesAlerts: true, hasTouchScreen: false, javascriptEnabled: true, locationContextEnabled: true, mobileEmulationEnabled: false, nativeEvents: true, networkConnectionEnabled: false, pageLoadStrategy: normal, platform: MAC, platformName: MAC, rotatable: false, setWindowRect: true, takesHeapSnapshot: true, takesScreenshot: true, unexpectedAlertBehaviour: , unhandledPromptBehavior: , version: 75.0.3770.90, webStorageEnabled: true}
Session ID: 75368061048ebec7e974b4b188df3b73)
	at com.kms.katalon.core.keyword.internal.KeywordMain.stepFailed(KeywordMain.groovy:36)
	at com.kms.katalon.core.webui.keyword.internal.WebUIKeywordMain.stepFailed(WebUIKeywordMain.groovy:65)
	at com.kms.katalon.core.webui.keyword.internal.WebUIKeywordMain.runKeyword(WebUIKeywordMain.groovy:27)
	at com.kms.katalon.core.webui.keyword.builtin.ClickKeyword.click(ClickKeyword.groovy:86)
	at com.kms.katalon.core.webui.keyword.builtin.ClickKeyword.execute(ClickKeyword.groovy:67)
	at com.kms.katalon.core.keyword.internal.KeywordExecutor.executeKeywordForPlatform(KeywordExecutor.groovy:53)
	at com.kms.katalon.core.webui.keyword.WebUiBuiltInKeywords.click(WebUiBuiltInKeywords.groovy:616)
	at com.kms.katalon.core.webui.keyword.WebUiBuiltInKeywords$click$2.call(Unknown Source)
	at Filter.run(Filter:183)
	at com.kms.katalon.core.main.ScriptEngine.run(ScriptEngine.java:194)
	at com.kms.katalon.core.main.ScriptEngine.runScriptAsRawText(ScriptEngine.java:119)
	at com.kms.katalon.core.main.TestCaseExecutor.runScript(TestCaseExecutor.java:328)
	at com.kms.katalon.core.main.TestCaseExecutor.doExecute(TestCaseExecutor.java:319)
	at com.kms.katalon.core.main.TestCaseExecutor.processExecutionPhase(TestCaseExecutor.java:298)
	at com.kms.katalon.core.main.TestCaseExecutor.accessMainPhase(TestCaseExecutor.java:290)
	at com.kms.katalon.core.main.TestCaseExecutor.execute(TestCaseExecutor.java:224)
	at com.kms.katalon.core.main.TestSuiteExecutor.accessTestCaseMainPhase(TestSuiteExecutor.java:129)
	at com.kms.katalon.core.main.TestSuiteExecutor.accessTestSuiteMainPhase(TestSuiteExecutor.java:112)
	at com.kms.katalon.core.main.TestSuiteExecutor.execute(TestSuiteExecutor.java:81)
	at com.kms.katalon.core.main.TestCaseMain.startTestSuite(TestCaseMain.java:149)
	at com.kms.katalon.core.main.TestCaseMain$startTestSuite$0.call(Unknown Source)
	at TempTestSuite1560465451242.run(TempTestSuite1560465451242.groovy:36)]]></system-out>
      <system-err><![CDATA[2019-06-13 18:37:33 - [TEST_SUITE][FAILED] - Trial: Test Cases/COLLECTION PAGE/Filter FAILED.
Reason:
com.kms.katalon.core.exception.StepFailedException: Unable to click on object 'Object Repository/APOLLO- Desktop/Collection page/Filter/a_Green' (Root cause: org.openqa.selenium.ElementNotVisibleException: element not interactable
  (Session info: chrome=75.0.3770.90)
  (Driver info: chromedriver=2.43.600229 (3fae4d0cda5334b4f533bede5a4787f7b832d052),platform=Mac OS X 10.13.6 x86_64) (WARNING: The server did not provide any stacktrace information)
Command duration or timeout: 0 milliseconds
Build info: version: '3.7.1', revision: '8a0099a', time: '2017-11-06T21:07:36.161Z'
System info: host: 'sumans-MacBook-Pro.local', ip: 'fe80:0:0:0:145f:b2f6:5126:870a%en0', os.name: 'Mac OS X', os.arch: 'x86_64', os.version: '10.13.6', java.version: '1.8.0_181'
Driver info: com.kms.katalon.selenium.driver.CChromeDriver
Capabilities {acceptInsecureCerts: false, acceptSslCerts: false, applicationCacheEnabled: false, browserConnectionEnabled: false, browserName: chrome, chrome: {chromedriverVersion: 2.43.600229 (3fae4d0cda5334..., userDataDir: /var/folders/1t/c55l8xzs6gq...}, cssSelectorsEnabled: true, databaseEnabled: false, goog:chromeOptions: {debuggerAddress: localhost:61251}, handlesAlerts: true, hasTouchScreen: false, javascriptEnabled: true, locationContextEnabled: true, mobileEmulationEnabled: false, nativeEvents: true, networkConnectionEnabled: false, pageLoadStrategy: normal, platform: MAC, platformName: MAC, rotatable: false, setWindowRect: true, takesHeapSnapshot: true, takesScreenshot: true, unexpectedAlertBehaviour: , unhandledPromptBehavior: , version: 75.0.3770.90, webStorageEnabled: true}
Session ID: 75368061048ebec7e974b4b188df3b73)
	at com.kms.katalon.core.keyword.internal.KeywordMain.stepFailed(KeywordMain.groovy:36)
	at com.kms.katalon.core.webui.keyword.internal.WebUIKeywordMain.stepFailed(WebUIKeywordMain.groovy:65)
	at com.kms.katalon.core.webui.keyword.internal.WebUIKeywordMain.runKeyword(WebUIKeywordMain.groovy:27)
	at com.kms.katalon.core.webui.keyword.builtin.ClickKeyword.click(ClickKeyword.groovy:86)
	at com.kms.katalon.core.webui.keyword.builtin.ClickKeyword.execute(ClickKeyword.groovy:67)
	at com.kms.katalon.core.keyword.internal.KeywordExecutor.executeKeywordForPlatform(KeywordExecutor.groovy:53)
	at com.kms.katalon.core.webui.keyword.WebUiBuiltInKeywords.click(WebUiBuiltInKeywords.groovy:616)
	at com.kms.katalon.core.webui.keyword.WebUiBuiltInKeywords$click$2.call(Unknown Source)
	at Filter.run(Filter:183)
	at com.kms.katalon.core.main.ScriptEngine.run(ScriptEngine.java:194)
	at com.kms.katalon.core.main.ScriptEngine.runScriptAsRawText(ScriptEngine.java:119)
	at com.kms.katalon.core.main.TestCaseExecutor.runScript(TestCaseExecutor.java:328)
	at com.kms.katalon.core.main.TestCaseExecutor.doExecute(TestCaseExecutor.java:319)
	at com.kms.katalon.core.main.TestCaseExecutor.processExecutionPhase(TestCaseExecutor.java:298)
	at com.kms.katalon.core.main.TestCaseExecutor.accessMainPhase(TestCaseExecutor.java:290)
	at com.kms.katalon.core.main.TestCaseExecutor.execute(TestCaseExecutor.java:224)
	at com.kms.katalon.core.main.TestSuiteExecutor.accessTestCaseMainPhase(TestSuiteExecutor.java:129)
	at com.kms.katalon.core.main.TestSuiteExecutor.accessTestSuiteMainPhase(TestSuiteExecutor.java:112)
	at com.kms.katalon.core.main.TestSuiteExecutor.execute(TestSuiteExecutor.java:81)
	at com.kms.katalon.core.main.TestCaseMain.startTestSuite(TestCaseMain.java:149)
	at com.kms.katalon.core.main.TestCaseMain$startTestSuite$0.call(Unknown Source)
	at TempTestSuite1560465451242.run(TempTestSuite1560465451242.groovy:36)]]></system-err>
   </testsuite>
</testsuites>
