<?xml version="1.0" encoding="UTF-8"?>
<testsuites name="Apollo - dark build" time="1792" tests="24" failures="7" errors="0">
   <testsuite name="Apollo - dark build" tests="24" failures="7" errors="0" time="1792" timestamp="2019-06-25 12:00:03" hostname="sumankompelly - 10.0.126.233" id="Test Suites/Apollo - dark build">
      <properties>
         <property name="deviceName" value=""/>
         <property name="devicePlatform" value=""/>
         <property name="logFolder" value="/Users/sumankompelly/Katalon Studio/APOLLO/Reports/Apollo - dark build/20190625_120001"/>
         <property name="logFiles" value="/Users/sumankompelly/Katalon Studio/APOLLO/Reports/Apollo - dark build/20190625_120001/execution0.log"/>
         <property name="attachments" value="/Users/sumankompelly/Katalon Studio/APOLLO/Reports/Apollo - dark build/20190625_120001/1561478459892.png, /Users/sumankompelly/Katalon Studio/APOLLO/Reports/Apollo - dark build/20190625_120001/1561478469284.png, /Users/sumankompelly/Katalon Studio/APOLLO/Reports/Apollo - dark build/20190625_120001/1561478478623.png, /Users/sumankompelly/Katalon Studio/APOLLO/Reports/Apollo - dark build/20190625_120001/1561478487910.png, /Users/sumankompelly/Katalon Studio/APOLLO/Reports/Apollo - dark build/20190625_120001/1561478497076.png, /Users/sumankompelly/Katalon Studio/APOLLO/Reports/Apollo - dark build/20190625_120001/1561478506147.png, /Users/sumankompelly/Katalon Studio/APOLLO/Reports/Apollo - dark build/20190625_120001/1561478516155.png, /Users/sumankompelly/Katalon Studio/APOLLO/Reports/Apollo - dark build/20190625_120001/1561478523083.png, /Users/sumankompelly/Katalon Studio/APOLLO/Reports/Apollo - dark build/20190625_120001/1561478781030.png, /Users/sumankompelly/Katalon Studio/APOLLO/Reports/Apollo - dark build/20190625_120001/1561479265836.png, /Users/sumankompelly/Katalon Studio/APOLLO/Reports/Apollo - dark build/20190625_120001/1561479319268.png, /Users/sumankompelly/Katalon Studio/APOLLO/Reports/Apollo - dark build/20190625_120001/1561479582853.png, /Users/sumankompelly/Katalon Studio/APOLLO/Reports/Apollo - dark build/20190625_120001/1561479601938.png, /Users/sumankompelly/Katalon Studio/APOLLO/Reports/Apollo - dark build/20190625_120001/1561480009967.png, /Users/sumankompelly/Katalon Studio/APOLLO/Reports/Apollo - dark build/20190625_120001/1561480050631.png"/>
         <property name="hostName" value="sumankompelly - 10.0.126.233"/>
         <property name="os" value="Mac OS X 64bit"/>
         <property name="katalonVersion" value="5.10.1.1"/>
         <property name="browser" value="Chrome 75.0.3770.100"/>
         <property name="hostAddress" value="10.0.126.233"/>
         <property name="sessionId" value="b947b3df5a75b81d9362473ba93ac216"/>
         <property name="seleniumVersion" value="3.7.1"/>
         <property name="proxyInformation" value="ProxyInformation{proxyOption=NO_PROXY, proxyServerType=HTTP, password=, proxyServerAddress=, proxyServerPort=0}"/>
         <property name="platform" value="Mac OS X"/>
      </properties>
      <testcase name="Test Cases/COLLECTION PAGE/colour variants" classname="Test Cases/COLLECTION PAGE/colour variants" status="PASSED">
         <system-out><![CDATA[2019-06-25 12:00:04 - [TEST_CASE][PASSED] - Test Cases/COLLECTION PAGE/colour variants: Test Cases/COLLECTION PAGE/colour variants

2019-06-25 12:00:04 - [TEST_STEP][PASSED] - callTestCase(findTestCase("CALL - URL"), [:], STOP_ON_FAILURE): Call Test Case 'Test Cases/CALL - URL' successfully

2019-06-25 12:00:04 - [TEST_CASE][PASSED] - Test Cases/CALL - URL: Test Cases/CALL - URL

2019-06-25 12:00:04 - [TEST_STEP][PASSED] - openBrowser(""): Browser is opened with url: ''

2019-06-25 12:00:05 - [MESSAGE][INFO] - Starting 'Chrome' driver

2019-06-25 12:00:05 - [MESSAGE][INFO] - Action delay is set to 0 seconds

2019-06-25 12:00:07 - [MESSAGE][PASSED] - Browser is opened with url: ''

2019-06-25 12:00:07 - [TEST_STEP][PASSED] - navigateToUrl("https://diff-apollo.myshopify.com/?key=eec34184cfd8f82cda816f82753a8c8e9e240f30cf54470e19667b8cbb401948&preview_theme_id="): Navigate to 'https://diff-apollo.myshopify.com/?key=eec34184cfd8f82cda816f82753a8c8e9e240f30cf54470e19667b8cbb401948&preview_theme_id=' successfully

2019-06-25 12:00:09 - [MESSAGE][PASSED] - Navigate to 'https://diff-apollo.myshopify.com/?key=eec34184cfd8f82cda816f82753a8c8e9e240f30cf54470e19667b8cbb401948&preview_theme_id=' successfully

2019-06-25 12:00:09 - [TEST_STEP][NOT_RUN] - executeJavaScript("var previewBar = document.getElementById("preview-bar-iframe"); previewBar.style.display = "none";", []): NOT_RUN: executeJavaScript("var previewBar = document.getElementById("preview-bar-iframe"); previewBar.style.display = "none";", [])

2019-06-25 12:00:09 - [MESSAGE][NOT_RUN] - NOT_RUN: executeJavaScript("var previewBar = document.getElementById("preview-bar-iframe"); previewBar.style.display = "none";", [])

2019-06-25 12:00:09 - [MESSAGE][PASSED] - Call Test Case 'Test Cases/CALL - URL' successfully

2019-06-25 12:00:09 - [TEST_STEP][PASSED] - delay(2): Delayed 2 second(s)

2019-06-25 12:00:11 - [MESSAGE][PASSED] - Delayed 2 second(s)

2019-06-25 12:00:11 - [TEST_STEP][PASSED] - click(findTestObject("APOLLO- Desktop/Burger Menu/Burgermenu")): Object: 'Object Repository/APOLLO- Desktop/Burger Menu/Burgermenu' is clicked on

2019-06-25 12:00:12 - [MESSAGE][PASSED] - Object: 'Object Repository/APOLLO- Desktop/Burger Menu/Burgermenu' is clicked on

2019-06-25 12:00:12 - [TEST_STEP][PASSED] - delay(2): Delayed 2 second(s)

2019-06-25 12:00:14 - [MESSAGE][PASSED] - Delayed 2 second(s)

2019-06-25 12:00:14 - [TEST_STEP][PASSED] - click(findTestObject("APOLLO- Desktop/Burger Menu/Mens chevron")): Object: 'Object Repository/APOLLO- Desktop/Burger Menu/Mens chevron' is clicked on

2019-06-25 12:00:14 - [MESSAGE][PASSED] - Object: 'Object Repository/APOLLO- Desktop/Burger Menu/Mens chevron' is clicked on

2019-06-25 12:00:14 - [TEST_STEP][PASSED] - delay(2): Delayed 2 second(s)

2019-06-25 12:00:16 - [MESSAGE][PASSED] - Delayed 2 second(s)

2019-06-25 12:00:16 - [TEST_STEP][PASSED] - click(findTestObject("APOLLO- Desktop/Burger Menu/Mens - Top Chevron")): Object: 'Object Repository/APOLLO- Desktop/Burger Menu/Mens - Top Chevron' is clicked on

2019-06-25 12:00:16 - [MESSAGE][PASSED] - Object: 'Object Repository/APOLLO- Desktop/Burger Menu/Mens - Top Chevron' is clicked on

2019-06-25 12:00:16 - [TEST_STEP][PASSED] - delay(2): Delayed 2 second(s)

2019-06-25 12:00:18 - [MESSAGE][PASSED] - Delayed 2 second(s)

2019-06-25 12:00:18 - [TEST_STEP][PASSED] - click(findTestObject("APOLLO- Desktop/Burger Menu/Shirts link")): Object: 'Object Repository/APOLLO- Desktop/Burger Menu/Shirts link' is clicked on

2019-06-25 12:00:20 - [MESSAGE][PASSED] - Object: 'Object Repository/APOLLO- Desktop/Burger Menu/Shirts link' is clicked on

2019-06-25 12:00:20 - [TEST_STEP][NOT_RUN] - executeJavaScript("var previewBar = document.getElementById("preview-bar-iframe"); previewBar.style.display = "none";", []): NOT_RUN: executeJavaScript("var previewBar = document.getElementById("preview-bar-iframe"); previewBar.style.display = "none";", [])

2019-06-25 12:00:20 - [MESSAGE][NOT_RUN] - NOT_RUN: executeJavaScript("var previewBar = document.getElementById("preview-bar-iframe"); previewBar.style.display = "none";", [])

2019-06-25 12:00:20 - [TEST_STEP][PASSED] - delay(2): Delayed 2 second(s)

2019-06-25 12:00:22 - [MESSAGE][PASSED] - Delayed 2 second(s)

2019-06-25 12:00:22 - [TEST_STEP][NOT_RUN] - executeJavaScript("var previewBar = document.getElementById("preview-bar-iframe"); previewBar.style.display = "none";", []): NOT_RUN: executeJavaScript("var previewBar = document.getElementById("preview-bar-iframe"); previewBar.style.display = "none";", [])

2019-06-25 12:00:22 - [MESSAGE][NOT_RUN] - NOT_RUN: executeJavaScript("var previewBar = document.getElementById("preview-bar-iframe"); previewBar.style.display = "none";", [])

2019-06-25 12:00:22 - [TEST_STEP][PASSED] - delay(2): Delayed 2 second(s)

2019-06-25 12:00:24 - [MESSAGE][PASSED] - Delayed 2 second(s)

2019-06-25 12:00:24 - [TEST_STEP][PASSED] - scrollToElement(findTestObject("APOLLO- Desktop/Collection page/Blue shirt product"), 0): Scroll to object 'Object Repository/APOLLO- Desktop/Collection page/Blue shirt product' successfully

2019-06-25 12:00:24 - [MESSAGE][WARNING] - Timeout '0' is invalid. Using default page load timeout: '30'

2019-06-25 12:00:24 - [MESSAGE][PASSED] - Scroll to object 'Object Repository/APOLLO- Desktop/Collection page/Blue shirt product' successfully

2019-06-25 12:00:24 - [TEST_STEP][PASSED] - delay(2): Delayed 2 second(s)

2019-06-25 12:00:26 - [MESSAGE][PASSED] - Delayed 2 second(s)

2019-06-25 12:00:26 - [TEST_STEP][PASSED] - click(findTestObject("APOLLO- Desktop/Collection page/color variants/red variant")): Object: 'Object Repository/APOLLO- Desktop/Collection page/color variants/red variant' is clicked on

2019-06-25 12:00:26 - [MESSAGE][PASSED] - Object: 'Object Repository/APOLLO- Desktop/Collection page/color variants/red variant' is clicked on

2019-06-25 12:00:26 - [TEST_STEP][PASSED] - delay(2): Delayed 2 second(s)

2019-06-25 12:00:28 - [MESSAGE][PASSED] - Delayed 2 second(s)

2019-06-25 12:00:28 - [TEST_STEP][PASSED] - click(findTestObject("APOLLO- Desktop/Collection page/color variants/Purple variant")): Object: 'Object Repository/APOLLO- Desktop/Collection page/color variants/Purple variant' is clicked on

2019-06-25 12:00:28 - [MESSAGE][PASSED] - Object: 'Object Repository/APOLLO- Desktop/Collection page/color variants/Purple variant' is clicked on

2019-06-25 12:00:28 - [TEST_STEP][PASSED] - delay(2): Delayed 2 second(s)

2019-06-25 12:00:30 - [MESSAGE][PASSED] - Delayed 2 second(s)

2019-06-25 12:00:30 - [TEST_STEP][PASSED] - click(findTestObject("APOLLO- Desktop/Collection page/color variants/green variant")): Object: 'Object Repository/APOLLO- Desktop/Collection page/color variants/green variant' is clicked on

2019-06-25 12:00:30 - [MESSAGE][PASSED] - Object: 'Object Repository/APOLLO- Desktop/Collection page/color variants/green variant' is clicked on

2019-06-25 12:00:30 - [TEST_STEP][PASSED] - delay(2): Delayed 2 second(s)

2019-06-25 12:00:32 - [MESSAGE][PASSED] - Delayed 2 second(s)

2019-06-25 12:00:32 - [TEST_STEP][PASSED] - click(findTestObject("APOLLO- Desktop/Collection page/color variants/Blue variant")): Object: 'Object Repository/APOLLO- Desktop/Collection page/color variants/Blue variant' is clicked on

2019-06-25 12:00:32 - [MESSAGE][PASSED] - Object: 'Object Repository/APOLLO- Desktop/Collection page/color variants/Blue variant' is clicked on

2019-06-25 12:00:32 - [TEST_STEP][PASSED] - delay(2): Delayed 2 second(s)

2019-06-25 12:00:34 - [MESSAGE][PASSED] - Delayed 2 second(s)

2019-06-25 12:00:34 - [TEST_STEP][PASSED] - click(findTestObject("APOLLO- Desktop/Collection page/color variants/Black variant")): Object: 'Object Repository/APOLLO- Desktop/Collection page/color variants/Black variant' is clicked on

2019-06-25 12:00:34 - [MESSAGE][PASSED] - Object: 'Object Repository/APOLLO- Desktop/Collection page/color variants/Black variant' is clicked on]]></system-out>
         <system-err><![CDATA[]]></system-err>
      </testcase>
      <testcase name="Test Cases/COLLECTION PAGE/Sort" classname="Test Cases/COLLECTION PAGE/Sort" status="PASSED">
         <system-out><![CDATA[2019-06-25 12:00:34 - [TEST_CASE][PASSED] - Test Cases/COLLECTION PAGE/Sort: Test Cases/COLLECTION PAGE/Sort

2019-06-25 12:00:35 - [TEST_STEP][PASSED] - callTestCase(findTestCase("CALL - URL"), [:], STOP_ON_FAILURE): Call Test Case 'Test Cases/CALL - URL' successfully

2019-06-25 12:00:35 - [TEST_CASE][PASSED] - Test Cases/CALL - URL: Test Cases/CALL - URL

2019-06-25 12:00:35 - [TEST_STEP][PASSED] - openBrowser(""): Browser is opened with url: ''

2019-06-25 12:00:35 - [MESSAGE][WARNING] - A browser is already opened. Closing browser and opening a new one

2019-06-25 12:00:35 - [MESSAGE][INFO] - Starting 'Chrome' driver

2019-06-25 12:00:36 - [MESSAGE][PASSED] - Browser is opened with url: ''

2019-06-25 12:00:36 - [TEST_STEP][PASSED] - navigateToUrl("https://diff-apollo.myshopify.com/?key=eec34184cfd8f82cda816f82753a8c8e9e240f30cf54470e19667b8cbb401948&preview_theme_id="): Navigate to 'https://diff-apollo.myshopify.com/?key=eec34184cfd8f82cda816f82753a8c8e9e240f30cf54470e19667b8cbb401948&preview_theme_id=' successfully

2019-06-25 12:00:39 - [MESSAGE][PASSED] - Navigate to 'https://diff-apollo.myshopify.com/?key=eec34184cfd8f82cda816f82753a8c8e9e240f30cf54470e19667b8cbb401948&preview_theme_id=' successfully

2019-06-25 12:00:39 - [TEST_STEP][NOT_RUN] - executeJavaScript("var previewBar = document.getElementById("preview-bar-iframe"); previewBar.style.display = "none";", []): NOT_RUN: executeJavaScript("var previewBar = document.getElementById("preview-bar-iframe"); previewBar.style.display = "none";", [])

2019-06-25 12:00:39 - [MESSAGE][NOT_RUN] - NOT_RUN: executeJavaScript("var previewBar = document.getElementById("preview-bar-iframe"); previewBar.style.display = "none";", [])

2019-06-25 12:00:39 - [MESSAGE][PASSED] - Call Test Case 'Test Cases/CALL - URL' successfully

2019-06-25 12:00:39 - [TEST_STEP][PASSED] - delay(2): Delayed 2 second(s)

2019-06-25 12:00:41 - [MESSAGE][PASSED] - Delayed 2 second(s)

2019-06-25 12:00:41 - [TEST_STEP][PASSED] - click(findTestObject("APOLLO- Desktop/Burger Menu/Burgermenu")): Object: 'Object Repository/APOLLO- Desktop/Burger Menu/Burgermenu' is clicked on

2019-06-25 12:00:41 - [MESSAGE][PASSED] - Object: 'Object Repository/APOLLO- Desktop/Burger Menu/Burgermenu' is clicked on

2019-06-25 12:00:41 - [TEST_STEP][PASSED] - delay(2): Delayed 2 second(s)

2019-06-25 12:00:43 - [MESSAGE][PASSED] - Delayed 2 second(s)

2019-06-25 12:00:43 - [TEST_STEP][PASSED] - click(findTestObject("APOLLO- Desktop/Burger Menu/Mens chevron")): Object: 'Object Repository/APOLLO- Desktop/Burger Menu/Mens chevron' is clicked on

2019-06-25 12:00:43 - [MESSAGE][PASSED] - Object: 'Object Repository/APOLLO- Desktop/Burger Menu/Mens chevron' is clicked on

2019-06-25 12:00:43 - [TEST_STEP][PASSED] - delay(2): Delayed 2 second(s)

2019-06-25 12:00:46 - [MESSAGE][PASSED] - Delayed 2 second(s)

2019-06-25 12:00:46 - [TEST_STEP][PASSED] - click(findTestObject("APOLLO- Desktop/Burger Menu/Mens - Top Chevron")): Object: 'Object Repository/APOLLO- Desktop/Burger Menu/Mens - Top Chevron' is clicked on

2019-06-25 12:00:46 - [MESSAGE][PASSED] - Object: 'Object Repository/APOLLO- Desktop/Burger Menu/Mens - Top Chevron' is clicked on

2019-06-25 12:00:46 - [TEST_STEP][PASSED] - delay(2): Delayed 2 second(s)

2019-06-25 12:00:48 - [MESSAGE][PASSED] - Delayed 2 second(s)

2019-06-25 12:00:48 - [TEST_STEP][PASSED] - click(findTestObject("APOLLO- Desktop/Burger Menu/Shirts link")): Object: 'Object Repository/APOLLO- Desktop/Burger Menu/Shirts link' is clicked on

2019-06-25 12:00:49 - [MESSAGE][PASSED] - Object: 'Object Repository/APOLLO- Desktop/Burger Menu/Shirts link' is clicked on

2019-06-25 12:00:49 - [TEST_STEP][NOT_RUN] - executeJavaScript("var previewBar = document.getElementById("preview-bar-iframe"); previewBar.style.display = "none";", []): NOT_RUN: executeJavaScript("var previewBar = document.getElementById("preview-bar-iframe"); previewBar.style.display = "none";", [])

2019-06-25 12:00:49 - [MESSAGE][NOT_RUN] - NOT_RUN: executeJavaScript("var previewBar = document.getElementById("preview-bar-iframe"); previewBar.style.display = "none";", [])

2019-06-25 12:00:49 - [TEST_STEP][PASSED] - delay(2): Delayed 2 second(s)

2019-06-25 12:00:51 - [MESSAGE][PASSED] - Delayed 2 second(s)

2019-06-25 12:00:51 - [TEST_STEP][NOT_RUN] - executeJavaScript("var previewBar = document.getElementById("preview-bar-iframe"); previewBar.style.display = "none";", []): NOT_RUN: executeJavaScript("var previewBar = document.getElementById("preview-bar-iframe"); previewBar.style.display = "none";", [])

2019-06-25 12:00:51 - [MESSAGE][NOT_RUN] - NOT_RUN: executeJavaScript("var previewBar = document.getElementById("preview-bar-iframe"); previewBar.style.display = "none";", [])

2019-06-25 12:00:51 - [TEST_STEP][PASSED] - delay(2): Delayed 2 second(s)

2019-06-25 12:00:53 - [MESSAGE][PASSED] - Delayed 2 second(s)

2019-06-25 12:00:53 - [TEST_STEP][PASSED] - click(findTestObject("APOLLO- Desktop/Collection page/sort/Filter dropdown")): Object: 'Object Repository/APOLLO- Desktop/Collection page/sort/Filter dropdown' is clicked on

2019-06-25 12:00:53 - [MESSAGE][PASSED] - Object: 'Object Repository/APOLLO- Desktop/Collection page/sort/Filter dropdown' is clicked on

2019-06-25 12:00:53 - [TEST_STEP][PASSED] - delay(2): Delayed 2 second(s)

2019-06-25 12:00:55 - [MESSAGE][PASSED] - Delayed 2 second(s)

2019-06-25 12:00:55 - [TEST_STEP][PASSED] - click(findTestObject("APOLLO- Desktop/Collection page/sort/Featured")): Object: 'Object Repository/APOLLO- Desktop/Collection page/sort/Featured' is clicked on

2019-06-25 12:00:55 - [MESSAGE][PASSED] - Object: 'Object Repository/APOLLO- Desktop/Collection page/sort/Featured' is clicked on

2019-06-25 12:00:55 - [TEST_STEP][PASSED] - delay(2): Delayed 2 second(s)

2019-06-25 12:00:57 - [MESSAGE][PASSED] - Delayed 2 second(s)

2019-06-25 12:00:57 - [TEST_STEP][PASSED] - click(findTestObject("APOLLO- Desktop/Collection page/sort/Filter dropdown")): Object: 'Object Repository/APOLLO- Desktop/Collection page/sort/Filter dropdown' is clicked on

2019-06-25 12:00:57 - [MESSAGE][PASSED] - Object: 'Object Repository/APOLLO- Desktop/Collection page/sort/Filter dropdown' is clicked on

2019-06-25 12:00:57 - [TEST_STEP][PASSED] - delay(2): Delayed 2 second(s)

2019-06-25 12:00:59 - [MESSAGE][PASSED] - Delayed 2 second(s)

2019-06-25 12:00:59 - [TEST_STEP][PASSED] - takeScreenshot(): Taking screenshot successfully

2019-06-25 12:01:01 - [MESSAGE][PASSED] - Taking screenshot successfully
[[ATTACHMENT|/Users/sumankompelly/Katalon Studio/APOLLO/Reports/Apollo - dark build/20190625_120001/1561478459892.png]]

2019-06-25 12:01:01 - [TEST_STEP][PASSED] - delay(2): Delayed 2 second(s)

2019-06-25 12:01:03 - [MESSAGE][PASSED] - Delayed 2 second(s)

2019-06-25 12:01:03 - [TEST_STEP][PASSED] - click(findTestObject("APOLLO- Desktop/Collection page/sort/Filter dropdown")): Object: 'Object Repository/APOLLO- Desktop/Collection page/sort/Filter dropdown' is clicked on

2019-06-25 12:01:03 - [MESSAGE][PASSED] - Object: 'Object Repository/APOLLO- Desktop/Collection page/sort/Filter dropdown' is clicked on

2019-06-25 12:01:03 - [TEST_STEP][PASSED] - delay(2): Delayed 2 second(s)

2019-06-25 12:01:05 - [MESSAGE][PASSED] - Delayed 2 second(s)

2019-06-25 12:01:05 - [TEST_STEP][PASSED] - click(findTestObject("APOLLO- Desktop/Collection page/sort/Best selling")): Object: 'Object Repository/APOLLO- Desktop/Collection page/sort/Best selling' is clicked on

2019-06-25 12:01:05 - [MESSAGE][PASSED] - Object: 'Object Repository/APOLLO- Desktop/Collection page/sort/Best selling' is clicked on

2019-06-25 12:01:05 - [TEST_STEP][PASSED] - delay(2): Delayed 2 second(s)

2019-06-25 12:01:07 - [MESSAGE][PASSED] - Delayed 2 second(s)

2019-06-25 12:01:07 - [TEST_STEP][PASSED] - click(findTestObject("APOLLO- Desktop/Collection page/sort/Filter dropdown")): Object: 'Object Repository/APOLLO- Desktop/Collection page/sort/Filter dropdown' is clicked on

2019-06-25 12:01:07 - [MESSAGE][PASSED] - Object: 'Object Repository/APOLLO- Desktop/Collection page/sort/Filter dropdown' is clicked on

2019-06-25 12:01:07 - [TEST_STEP][PASSED] - delay(2): Delayed 2 second(s)

2019-06-25 12:01:09 - [MESSAGE][PASSED] - Delayed 2 second(s)

2019-06-25 12:01:09 - [TEST_STEP][PASSED] - takeScreenshot(): Taking screenshot successfully

2019-06-25 12:01:10 - [MESSAGE][PASSED] - Taking screenshot successfully
[[ATTACHMENT|/Users/sumankompelly/Katalon Studio/APOLLO/Reports/Apollo - dark build/20190625_120001/1561478469284.png]]

2019-06-25 12:01:10 - [TEST_STEP][PASSED] - delay(2): Delayed 2 second(s)

2019-06-25 12:01:12 - [MESSAGE][PASSED] - Delayed 2 second(s)

2019-06-25 12:01:12 - [TEST_STEP][PASSED] - click(findTestObject("APOLLO- Desktop/Collection page/sort/Filter dropdown")): Object: 'Object Repository/APOLLO- Desktop/Collection page/sort/Filter dropdown' is clicked on

2019-06-25 12:01:12 - [MESSAGE][PASSED] - Object: 'Object Repository/APOLLO- Desktop/Collection page/sort/Filter dropdown' is clicked on

2019-06-25 12:01:12 - [TEST_STEP][PASSED] - delay(2): Delayed 2 second(s)

2019-06-25 12:01:14 - [MESSAGE][PASSED] - Delayed 2 second(s)

2019-06-25 12:01:14 - [TEST_STEP][PASSED] - click(findTestObject("APOLLO- Desktop/Collection page/sort/Alphabetically A-Z")): Object: 'Object Repository/APOLLO- Desktop/Collection page/sort/Alphabetically A-Z' is clicked on

2019-06-25 12:01:14 - [MESSAGE][PASSED] - Object: 'Object Repository/APOLLO- Desktop/Collection page/sort/Alphabetically A-Z' is clicked on

2019-06-25 12:01:14 - [TEST_STEP][PASSED] - delay(2): Delayed 2 second(s)

2019-06-25 12:01:16 - [MESSAGE][PASSED] - Delayed 2 second(s)

2019-06-25 12:01:16 - [TEST_STEP][PASSED] - click(findTestObject("APOLLO- Desktop/Collection page/sort/Filter dropdown")): Object: 'Object Repository/APOLLO- Desktop/Collection page/sort/Filter dropdown' is clicked on

2019-06-25 12:01:16 - [MESSAGE][PASSED] - Object: 'Object Repository/APOLLO- Desktop/Collection page/sort/Filter dropdown' is clicked on

2019-06-25 12:01:16 - [TEST_STEP][PASSED] - delay(2): Delayed 2 second(s)

2019-06-25 12:01:18 - [MESSAGE][PASSED] - Delayed 2 second(s)

2019-06-25 12:01:18 - [TEST_STEP][PASSED] - takeScreenshot(): Taking screenshot successfully

2019-06-25 12:01:19 - [MESSAGE][PASSED] - Taking screenshot successfully
[[ATTACHMENT|/Users/sumankompelly/Katalon Studio/APOLLO/Reports/Apollo - dark build/20190625_120001/1561478478623.png]]

2019-06-25 12:01:19 - [TEST_STEP][PASSED] - delay(2): Delayed 2 second(s)

2019-06-25 12:01:21 - [MESSAGE][PASSED] - Delayed 2 second(s)

2019-06-25 12:01:21 - [TEST_STEP][PASSED] - click(findTestObject("APOLLO- Desktop/Collection page/sort/Filter dropdown")): Object: 'Object Repository/APOLLO- Desktop/Collection page/sort/Filter dropdown' is clicked on

2019-06-25 12:01:21 - [MESSAGE][PASSED] - Object: 'Object Repository/APOLLO- Desktop/Collection page/sort/Filter dropdown' is clicked on

2019-06-25 12:01:21 - [TEST_STEP][PASSED] - delay(2): Delayed 2 second(s)

2019-06-25 12:01:23 - [MESSAGE][PASSED] - Delayed 2 second(s)

2019-06-25 12:01:23 - [TEST_STEP][PASSED] - click(findTestObject("APOLLO- Desktop/Collection page/sort/Alphabetically Z-A")): Object: 'Object Repository/APOLLO- Desktop/Collection page/sort/Alphabetically Z-A' is clicked on

2019-06-25 12:01:23 - [MESSAGE][PASSED] - Object: 'Object Repository/APOLLO- Desktop/Collection page/sort/Alphabetically Z-A' is clicked on

2019-06-25 12:01:23 - [TEST_STEP][PASSED] - delay(2): Delayed 2 second(s)

2019-06-25 12:01:25 - [MESSAGE][PASSED] - Delayed 2 second(s)

2019-06-25 12:01:25 - [TEST_STEP][PASSED] - click(findTestObject("APOLLO- Desktop/Collection page/sort/Filter dropdown")): Object: 'Object Repository/APOLLO- Desktop/Collection page/sort/Filter dropdown' is clicked on

2019-06-25 12:01:25 - [MESSAGE][PASSED] - Object: 'Object Repository/APOLLO- Desktop/Collection page/sort/Filter dropdown' is clicked on

2019-06-25 12:01:25 - [TEST_STEP][PASSED] - delay(2): Delayed 2 second(s)

2019-06-25 12:01:27 - [MESSAGE][PASSED] - Delayed 2 second(s)

2019-06-25 12:01:27 - [TEST_STEP][PASSED] - takeScreenshot(): Taking screenshot successfully

2019-06-25 12:01:28 - [MESSAGE][PASSED] - Taking screenshot successfully
[[ATTACHMENT|/Users/sumankompelly/Katalon Studio/APOLLO/Reports/Apollo - dark build/20190625_120001/1561478487910.png]]

2019-06-25 12:01:28 - [TEST_STEP][PASSED] - delay(2): Delayed 2 second(s)

2019-06-25 12:01:30 - [MESSAGE][PASSED] - Delayed 2 second(s)

2019-06-25 12:01:30 - [TEST_STEP][PASSED] - click(findTestObject("APOLLO- Desktop/Collection page/sort/Filter dropdown")): Object: 'Object Repository/APOLLO- Desktop/Collection page/sort/Filter dropdown' is clicked on

2019-06-25 12:01:30 - [MESSAGE][PASSED] - Object: 'Object Repository/APOLLO- Desktop/Collection page/sort/Filter dropdown' is clicked on

2019-06-25 12:01:30 - [TEST_STEP][PASSED] - delay(2): Delayed 2 second(s)

2019-06-25 12:01:32 - [MESSAGE][PASSED] - Delayed 2 second(s)

2019-06-25 12:01:32 - [TEST_STEP][PASSED] - click(findTestObject("APOLLO- Desktop/Collection page/sort/Price-Low to high")): Object: 'Object Repository/APOLLO- Desktop/Collection page/sort/Price-Low to high' is clicked on

2019-06-25 12:01:33 - [MESSAGE][PASSED] - Object: 'Object Repository/APOLLO- Desktop/Collection page/sort/Price-Low to high' is clicked on

2019-06-25 12:01:33 - [TEST_STEP][PASSED] - delay(2): Delayed 2 second(s)

2019-06-25 12:01:35 - [MESSAGE][PASSED] - Delayed 2 second(s)

2019-06-25 12:01:35 - [TEST_STEP][PASSED] - click(findTestObject("APOLLO- Desktop/Collection page/sort/Filter dropdown")): Object: 'Object Repository/APOLLO- Desktop/Collection page/sort/Filter dropdown' is clicked on

2019-06-25 12:01:35 - [MESSAGE][PASSED] - Object: 'Object Repository/APOLLO- Desktop/Collection page/sort/Filter dropdown' is clicked on

2019-06-25 12:01:35 - [TEST_STEP][PASSED] - delay(2): Delayed 2 second(s)

2019-06-25 12:01:37 - [MESSAGE][PASSED] - Delayed 2 second(s)

2019-06-25 12:01:37 - [TEST_STEP][PASSED] - takeScreenshot(): Taking screenshot successfully

2019-06-25 12:01:37 - [MESSAGE][PASSED] - Taking screenshot successfully
[[ATTACHMENT|/Users/sumankompelly/Katalon Studio/APOLLO/Reports/Apollo - dark build/20190625_120001/1561478497076.png]]

2019-06-25 12:01:37 - [TEST_STEP][PASSED] - delay(2): Delayed 2 second(s)

2019-06-25 12:01:39 - [MESSAGE][PASSED] - Delayed 2 second(s)

2019-06-25 12:01:39 - [TEST_STEP][PASSED] - click(findTestObject("APOLLO- Desktop/Collection page/sort/Filter dropdown")): Object: 'Object Repository/APOLLO- Desktop/Collection page/sort/Filter dropdown' is clicked on

2019-06-25 12:01:40 - [MESSAGE][PASSED] - Object: 'Object Repository/APOLLO- Desktop/Collection page/sort/Filter dropdown' is clicked on

2019-06-25 12:01:40 - [TEST_STEP][PASSED] - delay(2): Delayed 2 second(s)

2019-06-25 12:01:42 - [MESSAGE][PASSED] - Delayed 2 second(s)

2019-06-25 12:01:42 - [TEST_STEP][PASSED] - click(findTestObject("APOLLO- Desktop/Collection page/sort/price-High to low")): Object: 'Object Repository/APOLLO- Desktop/Collection page/sort/price-High to low' is clicked on

2019-06-25 12:01:42 - [MESSAGE][PASSED] - Object: 'Object Repository/APOLLO- Desktop/Collection page/sort/price-High to low' is clicked on

2019-06-25 12:01:42 - [TEST_STEP][PASSED] - delay(2): Delayed 2 second(s)

2019-06-25 12:01:44 - [MESSAGE][PASSED] - Delayed 2 second(s)

2019-06-25 12:01:44 - [TEST_STEP][PASSED] - click(findTestObject("APOLLO- Desktop/Collection page/sort/Filter dropdown")): Object: 'Object Repository/APOLLO- Desktop/Collection page/sort/Filter dropdown' is clicked on

2019-06-25 12:01:44 - [MESSAGE][PASSED] - Object: 'Object Repository/APOLLO- Desktop/Collection page/sort/Filter dropdown' is clicked on

2019-06-25 12:01:44 - [TEST_STEP][PASSED] - delay(2): Delayed 2 second(s)

2019-06-25 12:01:46 - [MESSAGE][PASSED] - Delayed 2 second(s)

2019-06-25 12:01:46 - [TEST_STEP][PASSED] - takeScreenshot(): Taking screenshot successfully

2019-06-25 12:01:46 - [MESSAGE][PASSED] - Taking screenshot successfully
[[ATTACHMENT|/Users/sumankompelly/Katalon Studio/APOLLO/Reports/Apollo - dark build/20190625_120001/1561478506147.png]]

2019-06-25 12:01:46 - [TEST_STEP][PASSED] - delay(2): Delayed 2 second(s)

2019-06-25 12:01:48 - [MESSAGE][PASSED] - Delayed 2 second(s)

2019-06-25 12:01:48 - [TEST_STEP][PASSED] - click(findTestObject("APOLLO- Desktop/Collection page/sort/Filter dropdown")): Object: 'Object Repository/APOLLO- Desktop/Collection page/sort/Filter dropdown' is clicked on

2019-06-25 12:01:48 - [MESSAGE][PASSED] - Object: 'Object Repository/APOLLO- Desktop/Collection page/sort/Filter dropdown' is clicked on

2019-06-25 12:01:48 - [TEST_STEP][PASSED] - delay(2): Delayed 2 second(s)

2019-06-25 12:01:51 - [MESSAGE][PASSED] - Delayed 2 second(s)

2019-06-25 12:01:51 - [TEST_STEP][PASSED] - click(findTestObject("APOLLO- Desktop/Collection page/sort/Date - old to new")): Object: 'Object Repository/APOLLO- Desktop/Collection page/sort/Date - old to new' is clicked on

2019-06-25 12:01:51 - [MESSAGE][PASSED] - Object: 'Object Repository/APOLLO- Desktop/Collection page/sort/Date - old to new' is clicked on

2019-06-25 12:01:51 - [TEST_STEP][PASSED] - delay(3): Delayed 3 second(s)

2019-06-25 12:01:54 - [MESSAGE][PASSED] - Delayed 3 second(s)

2019-06-25 12:01:54 - [TEST_STEP][PASSED] - click(findTestObject("APOLLO- Desktop/Collection page/sort/Filter dropdown")): Object: 'Object Repository/APOLLO- Desktop/Collection page/sort/Filter dropdown' is clicked on

2019-06-25 12:01:54 - [MESSAGE][PASSED] - Object: 'Object Repository/APOLLO- Desktop/Collection page/sort/Filter dropdown' is clicked on

2019-06-25 12:01:54 - [TEST_STEP][PASSED] - delay(2): Delayed 2 second(s)

2019-06-25 12:01:56 - [MESSAGE][PASSED] - Delayed 2 second(s)

2019-06-25 12:01:56 - [TEST_STEP][PASSED] - takeScreenshot(): Taking screenshot successfully

2019-06-25 12:01:56 - [MESSAGE][PASSED] - Taking screenshot successfully
[[ATTACHMENT|/Users/sumankompelly/Katalon Studio/APOLLO/Reports/Apollo - dark build/20190625_120001/1561478516155.png]]

2019-06-25 12:01:56 - [TEST_STEP][PASSED] - delay(2): Delayed 2 second(s)

2019-06-25 12:01:58 - [MESSAGE][PASSED] - Delayed 2 second(s)

2019-06-25 12:01:58 - [TEST_STEP][PASSED] - click(findTestObject("APOLLO- Desktop/Collection page/sort/Filter dropdown")): Object: 'Object Repository/APOLLO- Desktop/Collection page/sort/Filter dropdown' is clicked on

2019-06-25 12:01:58 - [MESSAGE][PASSED] - Object: 'Object Repository/APOLLO- Desktop/Collection page/sort/Filter dropdown' is clicked on

2019-06-25 12:01:58 - [TEST_STEP][PASSED] - delay(2): Delayed 2 second(s)

2019-06-25 12:02:00 - [MESSAGE][PASSED] - Delayed 2 second(s)

2019-06-25 12:02:00 - [TEST_STEP][PASSED] - click(findTestObject("APOLLO- Desktop/Collection page/sort/Date- new to old")): Object: 'Object Repository/APOLLO- Desktop/Collection page/sort/Date- new to old' is clicked on

2019-06-25 12:02:01 - [MESSAGE][PASSED] - Object: 'Object Repository/APOLLO- Desktop/Collection page/sort/Date- new to old' is clicked on

2019-06-25 12:02:01 - [TEST_STEP][PASSED] - delay(2): Delayed 2 second(s)

2019-06-25 12:02:03 - [MESSAGE][PASSED] - Delayed 2 second(s)

2019-06-25 12:02:03 - [TEST_STEP][PASSED] - click(findTestObject("APOLLO- Desktop/Collection page/sort/Filter dropdown")): Object: 'Object Repository/APOLLO- Desktop/Collection page/sort/Filter dropdown' is clicked on

2019-06-25 12:02:03 - [MESSAGE][PASSED] - Object: 'Object Repository/APOLLO- Desktop/Collection page/sort/Filter dropdown' is clicked on

2019-06-25 12:02:03 - [TEST_STEP][PASSED] - takeScreenshot(): Taking screenshot successfully

2019-06-25 12:02:04 - [MESSAGE][PASSED] - Taking screenshot successfully
[[ATTACHMENT|/Users/sumankompelly/Katalon Studio/APOLLO/Reports/Apollo - dark build/20190625_120001/1561478523083.png]]

2019-06-25 12:02:04 - [TEST_STEP][PASSED] - delay(2): Delayed 2 second(s)

2019-06-25 12:02:06 - [MESSAGE][PASSED] - Delayed 2 second(s)]]></system-out>
         <system-err><![CDATA[]]></system-err>
      </testcase>
      <testcase name="Test Cases/COLLECTION PAGE/Prouducts layout style" classname="Test Cases/COLLECTION PAGE/Prouducts layout style" status="PASSED">
         <system-out><![CDATA[2019-06-25 12:02:06 - [TEST_CASE][PASSED] - Test Cases/COLLECTION PAGE/Prouducts layout style: Test Cases/COLLECTION PAGE/Prouducts layout style

2019-06-25 12:02:06 - [TEST_STEP][PASSED] - callTestCase(findTestCase("CALL - URL"), [:], STOP_ON_FAILURE): Call Test Case 'Test Cases/CALL - URL' successfully

2019-06-25 12:02:06 - [TEST_CASE][PASSED] - Test Cases/CALL - URL: Test Cases/CALL - URL

2019-06-25 12:02:06 - [TEST_STEP][PASSED] - openBrowser(""): Browser is opened with url: ''

2019-06-25 12:02:06 - [MESSAGE][WARNING] - A browser is already opened. Closing browser and opening a new one

2019-06-25 12:02:06 - [MESSAGE][INFO] - Starting 'Chrome' driver

2019-06-25 12:02:07 - [MESSAGE][PASSED] - Browser is opened with url: ''

2019-06-25 12:02:07 - [TEST_STEP][PASSED] - navigateToUrl("https://diff-apollo.myshopify.com/?key=eec34184cfd8f82cda816f82753a8c8e9e240f30cf54470e19667b8cbb401948&preview_theme_id="): Navigate to 'https://diff-apollo.myshopify.com/?key=eec34184cfd8f82cda816f82753a8c8e9e240f30cf54470e19667b8cbb401948&preview_theme_id=' successfully

2019-06-25 12:02:10 - [MESSAGE][PASSED] - Navigate to 'https://diff-apollo.myshopify.com/?key=eec34184cfd8f82cda816f82753a8c8e9e240f30cf54470e19667b8cbb401948&preview_theme_id=' successfully

2019-06-25 12:02:10 - [TEST_STEP][NOT_RUN] - executeJavaScript("var previewBar = document.getElementById("preview-bar-iframe"); previewBar.style.display = "none";", []): NOT_RUN: executeJavaScript("var previewBar = document.getElementById("preview-bar-iframe"); previewBar.style.display = "none";", [])

2019-06-25 12:02:10 - [MESSAGE][NOT_RUN] - NOT_RUN: executeJavaScript("var previewBar = document.getElementById("preview-bar-iframe"); previewBar.style.display = "none";", [])

2019-06-25 12:02:10 - [MESSAGE][PASSED] - Call Test Case 'Test Cases/CALL - URL' successfully

2019-06-25 12:02:10 - [TEST_STEP][PASSED] - delay(2): Delayed 2 second(s)

2019-06-25 12:02:12 - [MESSAGE][PASSED] - Delayed 2 second(s)

2019-06-25 12:02:12 - [TEST_STEP][PASSED] - click(findTestObject("APOLLO- Desktop/Burger Menu/Burgermenu")): Object: 'Object Repository/APOLLO- Desktop/Burger Menu/Burgermenu' is clicked on

2019-06-25 12:02:12 - [MESSAGE][PASSED] - Object: 'Object Repository/APOLLO- Desktop/Burger Menu/Burgermenu' is clicked on

2019-06-25 12:02:12 - [TEST_STEP][PASSED] - delay(2): Delayed 2 second(s)

2019-06-25 12:02:14 - [MESSAGE][PASSED] - Delayed 2 second(s)

2019-06-25 12:02:14 - [TEST_STEP][PASSED] - click(findTestObject("APOLLO- Desktop/Burger Menu/Mens chevron")): Object: 'Object Repository/APOLLO- Desktop/Burger Menu/Mens chevron' is clicked on

2019-06-25 12:02:14 - [MESSAGE][PASSED] - Object: 'Object Repository/APOLLO- Desktop/Burger Menu/Mens chevron' is clicked on

2019-06-25 12:02:14 - [TEST_STEP][PASSED] - delay(2): Delayed 2 second(s)

2019-06-25 12:02:16 - [MESSAGE][PASSED] - Delayed 2 second(s)

2019-06-25 12:02:16 - [TEST_STEP][PASSED] - click(findTestObject("APOLLO- Desktop/Burger Menu/Mens - Top Chevron")): Object: 'Object Repository/APOLLO- Desktop/Burger Menu/Mens - Top Chevron' is clicked on

2019-06-25 12:02:16 - [MESSAGE][PASSED] - Object: 'Object Repository/APOLLO- Desktop/Burger Menu/Mens - Top Chevron' is clicked on

2019-06-25 12:02:16 - [TEST_STEP][PASSED] - delay(2): Delayed 2 second(s)

2019-06-25 12:02:18 - [MESSAGE][PASSED] - Delayed 2 second(s)

2019-06-25 12:02:18 - [TEST_STEP][PASSED] - click(findTestObject("APOLLO- Desktop/Burger Menu/Shirts link")): Object: 'Object Repository/APOLLO- Desktop/Burger Menu/Shirts link' is clicked on

2019-06-25 12:02:19 - [MESSAGE][PASSED] - Object: 'Object Repository/APOLLO- Desktop/Burger Menu/Shirts link' is clicked on

2019-06-25 12:02:19 - [TEST_STEP][NOT_RUN] - executeJavaScript("var previewBar = document.getElementById("preview-bar-iframe"); previewBar.style.display = "none";", []): NOT_RUN: executeJavaScript("var previewBar = document.getElementById("preview-bar-iframe"); previewBar.style.display = "none";", [])

2019-06-25 12:02:19 - [MESSAGE][NOT_RUN] - NOT_RUN: executeJavaScript("var previewBar = document.getElementById("preview-bar-iframe"); previewBar.style.display = "none";", [])

2019-06-25 12:02:19 - [TEST_STEP][PASSED] - delay(2): Delayed 2 second(s)

2019-06-25 12:02:21 - [MESSAGE][PASSED] - Delayed 2 second(s)

2019-06-25 12:02:21 - [TEST_STEP][NOT_RUN] - executeJavaScript("var previewBar = document.getElementById("preview-bar-iframe"); previewBar.style.display = "none";", []): NOT_RUN: executeJavaScript("var previewBar = document.getElementById("preview-bar-iframe"); previewBar.style.display = "none";", [])

2019-06-25 12:02:21 - [MESSAGE][NOT_RUN] - NOT_RUN: executeJavaScript("var previewBar = document.getElementById("preview-bar-iframe"); previewBar.style.display = "none";", [])

2019-06-25 12:02:21 - [TEST_STEP][PASSED] - delay(2): Delayed 2 second(s)

2019-06-25 12:02:23 - [MESSAGE][PASSED] - Delayed 2 second(s)

2019-06-25 12:02:23 - [TEST_STEP][PASSED] - click(findTestObject("APOLLO- Desktop/Collection page/layout less")): Object: 'Object Repository/APOLLO- Desktop/Collection page/layout less' is clicked on

2019-06-25 12:02:24 - [MESSAGE][PASSED] - Object: 'Object Repository/APOLLO- Desktop/Collection page/layout less' is clicked on

2019-06-25 12:02:24 - [TEST_STEP][PASSED] - delay(2): Delayed 2 second(s)

2019-06-25 12:02:26 - [MESSAGE][PASSED] - Delayed 2 second(s)

2019-06-25 12:02:26 - [TEST_STEP][PASSED] - a = getPageHeight(): Current page's height is 4180

2019-06-25 12:02:26 - [MESSAGE][PASSED] - Current page's height is 4180

2019-06-25 12:02:26 - [TEST_STEP][PASSED] - comment("a=" + a): a=4180

2019-06-25 12:02:26 - [MESSAGE][INFO] - a=4180

2019-06-25 12:02:26 - [TEST_STEP][PASSED] - delay(2): Delayed 2 second(s)

2019-06-25 12:02:28 - [MESSAGE][PASSED] - Delayed 2 second(s)

2019-06-25 12:02:28 - [TEST_STEP][PASSED] - click(findTestObject("APOLLO- Desktop/Collection page/layout more")): Object: 'Object Repository/APOLLO- Desktop/Collection page/layout more' is clicked on

2019-06-25 12:02:29 - [MESSAGE][PASSED] - Object: 'Object Repository/APOLLO- Desktop/Collection page/layout more' is clicked on

2019-06-25 12:02:29 - [TEST_STEP][PASSED] - delay(2): Delayed 2 second(s)

2019-06-25 12:02:31 - [MESSAGE][PASSED] - Delayed 2 second(s)

2019-06-25 12:02:31 - [TEST_STEP][PASSED] - b = getPageHeight(): Current page's height is 2056

2019-06-25 12:02:31 - [MESSAGE][PASSED] - Current page's height is 2056

2019-06-25 12:02:31 - [TEST_STEP][PASSED] - comment("b=" + b): b=2056

2019-06-25 12:02:31 - [MESSAGE][INFO] - b=2056

2019-06-25 12:02:31 - [TEST_STEP][PASSED] - verifyLessThan(b, a): Actual number '2,056' is less than expected number '4,180'

2019-06-25 12:02:31 - [MESSAGE][PASSED] - Actual number '2,056' is less than expected number '4,180']]></system-out>
         <system-err><![CDATA[]]></system-err>
      </testcase>
      <testcase name="Test Cases/COLLECTION PAGE/Filter" classname="Test Cases/COLLECTION PAGE/Filter" status="PASSED">
         <system-out><![CDATA[2019-06-25 12:02:31 - [TEST_CASE][PASSED] - Test Cases/COLLECTION PAGE/Filter: Test Cases/COLLECTION PAGE/Filter

2019-06-25 12:02:31 - [TEST_STEP][PASSED] - callTestCase(findTestCase("CALL - URL"), [:], STOP_ON_FAILURE): Call Test Case 'Test Cases/CALL - URL' successfully

2019-06-25 12:02:31 - [TEST_CASE][PASSED] - Test Cases/CALL - URL: Test Cases/CALL - URL

2019-06-25 12:02:31 - [TEST_STEP][PASSED] - openBrowser(""): Browser is opened with url: ''

2019-06-25 12:02:31 - [MESSAGE][WARNING] - A browser is already opened. Closing browser and opening a new one

2019-06-25 12:02:32 - [MESSAGE][INFO] - Starting 'Chrome' driver

2019-06-25 12:02:33 - [MESSAGE][PASSED] - Browser is opened with url: ''

2019-06-25 12:02:33 - [TEST_STEP][PASSED] - navigateToUrl("https://diff-apollo.myshopify.com/?key=eec34184cfd8f82cda816f82753a8c8e9e240f30cf54470e19667b8cbb401948&preview_theme_id="): Navigate to 'https://diff-apollo.myshopify.com/?key=eec34184cfd8f82cda816f82753a8c8e9e240f30cf54470e19667b8cbb401948&preview_theme_id=' successfully

2019-06-25 12:02:35 - [MESSAGE][PASSED] - Navigate to 'https://diff-apollo.myshopify.com/?key=eec34184cfd8f82cda816f82753a8c8e9e240f30cf54470e19667b8cbb401948&preview_theme_id=' successfully

2019-06-25 12:02:35 - [TEST_STEP][NOT_RUN] - executeJavaScript("var previewBar = document.getElementById("preview-bar-iframe"); previewBar.style.display = "none";", []): NOT_RUN: executeJavaScript("var previewBar = document.getElementById("preview-bar-iframe"); previewBar.style.display = "none";", [])

2019-06-25 12:02:35 - [MESSAGE][NOT_RUN] - NOT_RUN: executeJavaScript("var previewBar = document.getElementById("preview-bar-iframe"); previewBar.style.display = "none";", [])

2019-06-25 12:02:35 - [MESSAGE][PASSED] - Call Test Case 'Test Cases/CALL - URL' successfully

2019-06-25 12:02:35 - [TEST_STEP][PASSED] - delay(2): Delayed 2 second(s)

2019-06-25 12:02:37 - [MESSAGE][PASSED] - Delayed 2 second(s)

2019-06-25 12:02:37 - [TEST_STEP][PASSED] - click(findTestObject("APOLLO- Desktop/Burger Menu/Burgermenu")): Object: 'Object Repository/APOLLO- Desktop/Burger Menu/Burgermenu' is clicked on

2019-06-25 12:02:37 - [MESSAGE][PASSED] - Object: 'Object Repository/APOLLO- Desktop/Burger Menu/Burgermenu' is clicked on

2019-06-25 12:02:37 - [TEST_STEP][PASSED] - delay(2): Delayed 2 second(s)

2019-06-25 12:02:39 - [MESSAGE][PASSED] - Delayed 2 second(s)

2019-06-25 12:02:39 - [TEST_STEP][PASSED] - click(findTestObject("APOLLO- Desktop/Burger Menu/Mens chevron")): Object: 'Object Repository/APOLLO- Desktop/Burger Menu/Mens chevron' is clicked on

2019-06-25 12:02:40 - [MESSAGE][PASSED] - Object: 'Object Repository/APOLLO- Desktop/Burger Menu/Mens chevron' is clicked on

2019-06-25 12:02:40 - [TEST_STEP][PASSED] - delay(2): Delayed 2 second(s)

2019-06-25 12:02:42 - [MESSAGE][PASSED] - Delayed 2 second(s)

2019-06-25 12:02:42 - [TEST_STEP][PASSED] - click(findTestObject("APOLLO- Desktop/Burger Menu/Mens - Top Chevron")): Object: 'Object Repository/APOLLO- Desktop/Burger Menu/Mens - Top Chevron' is clicked on

2019-06-25 12:02:42 - [MESSAGE][PASSED] - Object: 'Object Repository/APOLLO- Desktop/Burger Menu/Mens - Top Chevron' is clicked on

2019-06-25 12:02:42 - [TEST_STEP][PASSED] - delay(2): Delayed 2 second(s)

2019-06-25 12:02:44 - [MESSAGE][PASSED] - Delayed 2 second(s)

2019-06-25 12:02:44 - [TEST_STEP][PASSED] - click(findTestObject("APOLLO- Desktop/Burger Menu/Shirts link")): Object: 'Object Repository/APOLLO- Desktop/Burger Menu/Shirts link' is clicked on

2019-06-25 12:02:44 - [MESSAGE][PASSED] - Object: 'Object Repository/APOLLO- Desktop/Burger Menu/Shirts link' is clicked on

2019-06-25 12:02:44 - [TEST_STEP][NOT_RUN] - executeJavaScript("var previewBar = document.getElementById("preview-bar-iframe"); previewBar.style.display = "none";", []): NOT_RUN: executeJavaScript("var previewBar = document.getElementById("preview-bar-iframe"); previewBar.style.display = "none";", [])

2019-06-25 12:02:44 - [MESSAGE][NOT_RUN] - NOT_RUN: executeJavaScript("var previewBar = document.getElementById("preview-bar-iframe"); previewBar.style.display = "none";", [])

2019-06-25 12:02:44 - [TEST_STEP][PASSED] - delay(2): Delayed 2 second(s)

2019-06-25 12:02:46 - [MESSAGE][PASSED] - Delayed 2 second(s)

2019-06-25 12:02:46 - [TEST_STEP][NOT_RUN] - executeJavaScript("var previewBar = document.getElementById("preview-bar-iframe"); previewBar.style.display = "none";", []): NOT_RUN: executeJavaScript("var previewBar = document.getElementById("preview-bar-iframe"); previewBar.style.display = "none";", [])

2019-06-25 12:02:46 - [MESSAGE][NOT_RUN] - NOT_RUN: executeJavaScript("var previewBar = document.getElementById("preview-bar-iframe"); previewBar.style.display = "none";", [])

2019-06-25 12:02:46 - [TEST_STEP][PASSED] - delay(2): Delayed 2 second(s)

2019-06-25 12:02:48 - [MESSAGE][PASSED] - Delayed 2 second(s)

2019-06-25 12:02:48 - [TEST_STEP][PASSED] - click(findTestObject("APOLLO- Desktop/Collection page/Filter/Filter dropdown")): Object: 'Object Repository/APOLLO- Desktop/Collection page/Filter/Filter dropdown' is clicked on

2019-06-25 12:02:48 - [MESSAGE][PASSED] - Object: 'Object Repository/APOLLO- Desktop/Collection page/Filter/Filter dropdown' is clicked on

2019-06-25 12:02:48 - [TEST_STEP][PASSED] - delay(2): Delayed 2 second(s)

2019-06-25 12:02:50 - [MESSAGE][PASSED] - Delayed 2 second(s)

2019-06-25 12:02:50 - [TEST_STEP][PASSED] - click(findTestObject("APOLLO- Desktop/Collection page/Filter/a_Small")): Object: 'Object Repository/APOLLO- Desktop/Collection page/Filter/a_Small' is clicked on

2019-06-25 12:02:50 - [MESSAGE][PASSED] - Object: 'Object Repository/APOLLO- Desktop/Collection page/Filter/a_Small' is clicked on

2019-06-25 12:02:50 - [TEST_STEP][PASSED] - delay(2): Delayed 2 second(s)

2019-06-25 12:02:52 - [MESSAGE][PASSED] - Delayed 2 second(s)

2019-06-25 12:02:52 - [TEST_STEP][PASSED] - click(findTestObject("APOLLO- Desktop/Collection page/Filter/Filter dropdown")): Object: 'Object Repository/APOLLO- Desktop/Collection page/Filter/Filter dropdown' is clicked on

2019-06-25 12:02:52 - [MESSAGE][PASSED] - Object: 'Object Repository/APOLLO- Desktop/Collection page/Filter/Filter dropdown' is clicked on

2019-06-25 12:02:52 - [TEST_STEP][PASSED] - delay(2): Delayed 2 second(s)

2019-06-25 12:02:54 - [MESSAGE][PASSED] - Delayed 2 second(s)

2019-06-25 12:02:54 - [TEST_STEP][PASSED] - click(findTestObject("APOLLO- Desktop/Collection page/Filter/Color dropdown")): Object: 'Object Repository/APOLLO- Desktop/Collection page/Filter/Color dropdown' is clicked on

2019-06-25 12:02:54 - [MESSAGE][PASSED] - Object: 'Object Repository/APOLLO- Desktop/Collection page/Filter/Color dropdown' is clicked on

2019-06-25 12:02:54 - [TEST_STEP][PASSED] - delay(2): Delayed 2 second(s)

2019-06-25 12:02:56 - [MESSAGE][PASSED] - Delayed 2 second(s)

2019-06-25 12:02:56 - [TEST_STEP][PASSED] - click(findTestObject("APOLLO- Desktop/Collection page/Filter/a_Red")): Object: 'Object Repository/APOLLO- Desktop/Collection page/Filter/a_Red' is clicked on

2019-06-25 12:02:57 - [MESSAGE][PASSED] - Object: 'Object Repository/APOLLO- Desktop/Collection page/Filter/a_Red' is clicked on

2019-06-25 12:02:57 - [TEST_STEP][PASSED] - delay(2): Delayed 2 second(s)

2019-06-25 12:02:59 - [MESSAGE][PASSED] - Delayed 2 second(s)

2019-06-25 12:02:59 - [TEST_STEP][PASSED] - click(findTestObject("APOLLO- Desktop/Collection page/Filter/Color dropdown")): Object: 'Object Repository/APOLLO- Desktop/Collection page/Filter/Color dropdown' is clicked on

2019-06-25 12:02:59 - [MESSAGE][PASSED] - Object: 'Object Repository/APOLLO- Desktop/Collection page/Filter/Color dropdown' is clicked on

2019-06-25 12:02:59 - [TEST_STEP][PASSED] - delay(2): Delayed 2 second(s)

2019-06-25 12:03:01 - [MESSAGE][PASSED] - Delayed 2 second(s)

2019-06-25 12:03:01 - [TEST_STEP][PASSED] - a = getText(findTestObject("APOLLO- Desktop/Collection page/Filter/Filtered count")): Text of object 'Object Repository/APOLLO- Desktop/Collection page/Filter/Filtered count' is: '2'

2019-06-25 12:03:01 - [MESSAGE][PASSED] - Text of object 'Object Repository/APOLLO- Desktop/Collection page/Filter/Filtered count' is: '2'

2019-06-25 12:03:01 - [TEST_STEP][PASSED] - delay(2): Delayed 2 second(s)

2019-06-25 12:03:03 - [MESSAGE][PASSED] - Delayed 2 second(s)

2019-06-25 12:03:03 - [TEST_STEP][PASSED] - comment("a=" + a): a=2

2019-06-25 12:03:03 - [MESSAGE][INFO] - a=2

2019-06-25 12:03:03 - [TEST_STEP][PASSED] - b = 0: null

2019-06-25 12:03:03 - [TEST_STEP][PASSED] - verifyNotEqual("a", "b"): Actual object 'a' and expected object 'b' are not equal

2019-06-25 12:03:03 - [MESSAGE][PASSED] - Actual object 'a' and expected object 'b' are not equal

2019-06-25 12:03:03 - [TEST_STEP][PASSED] - delay(2): Delayed 2 second(s)

2019-06-25 12:03:05 - [MESSAGE][PASSED] - Delayed 2 second(s)

2019-06-25 12:03:05 - [TEST_STEP][PASSED] - click(findTestObject("APOLLO- Desktop/Collection page/Filter/Color dropdown")): Object: 'Object Repository/APOLLO- Desktop/Collection page/Filter/Color dropdown' is clicked on

2019-06-25 12:03:05 - [MESSAGE][PASSED] - Object: 'Object Repository/APOLLO- Desktop/Collection page/Filter/Color dropdown' is clicked on

2019-06-25 12:03:05 - [TEST_STEP][PASSED] - delay(2): Delayed 2 second(s)

2019-06-25 12:03:07 - [MESSAGE][PASSED] - Delayed 2 second(s)

2019-06-25 12:03:07 - [TEST_STEP][PASSED] - click(findTestObject("APOLLO- Desktop/Collection page/Filter/a_Green")): Object: 'Object Repository/APOLLO- Desktop/Collection page/Filter/a_Green' is clicked on

2019-06-25 12:03:07 - [MESSAGE][PASSED] - Object: 'Object Repository/APOLLO- Desktop/Collection page/Filter/a_Green' is clicked on

2019-06-25 12:03:07 - [TEST_STEP][PASSED] - delay(2): Delayed 2 second(s)

2019-06-25 12:03:09 - [MESSAGE][PASSED] - Delayed 2 second(s)

2019-06-25 12:03:09 - [TEST_STEP][PASSED] - click(findTestObject("APOLLO- Desktop/Collection page/Filter/Color dropdown")): Object: 'Object Repository/APOLLO- Desktop/Collection page/Filter/Color dropdown' is clicked on

2019-06-25 12:03:09 - [MESSAGE][PASSED] - Object: 'Object Repository/APOLLO- Desktop/Collection page/Filter/Color dropdown' is clicked on

2019-06-25 12:03:09 - [TEST_STEP][PASSED] - delay(2): Delayed 2 second(s)

2019-06-25 12:03:11 - [MESSAGE][PASSED] - Delayed 2 second(s)

2019-06-25 12:03:11 - [TEST_STEP][PASSED] - a1 = getText(findTestObject("APOLLO- Desktop/Collection page/Filter/Filtered count")): Text of object 'Object Repository/APOLLO- Desktop/Collection page/Filter/Filtered count' is: '2'

2019-06-25 12:03:11 - [MESSAGE][PASSED] - Text of object 'Object Repository/APOLLO- Desktop/Collection page/Filter/Filtered count' is: '2'

2019-06-25 12:03:11 - [TEST_STEP][PASSED] - delay(2): Delayed 2 second(s)

2019-06-25 12:03:13 - [MESSAGE][PASSED] - Delayed 2 second(s)

2019-06-25 12:03:13 - [TEST_STEP][PASSED] - comment("a1=" + a1): a1=2

2019-06-25 12:03:13 - [MESSAGE][INFO] - a1=2

2019-06-25 12:03:13 - [TEST_STEP][PASSED] - verifyNotEqual("a1", "b"): Actual object 'a1' and expected object 'b' are not equal

2019-06-25 12:03:13 - [MESSAGE][PASSED] - Actual object 'a1' and expected object 'b' are not equal

2019-06-25 12:03:13 - [TEST_STEP][PASSED] - delay(2): Delayed 2 second(s)

2019-06-25 12:03:15 - [MESSAGE][PASSED] - Delayed 2 second(s)

2019-06-25 12:03:15 - [TEST_STEP][PASSED] - delay(2): Delayed 2 second(s)

2019-06-25 12:03:17 - [MESSAGE][PASSED] - Delayed 2 second(s)

2019-06-25 12:03:17 - [TEST_STEP][PASSED] - delay(2): Delayed 2 second(s)

2019-06-25 12:03:19 - [MESSAGE][PASSED] - Delayed 2 second(s)

2019-06-25 12:03:19 - [TEST_STEP][PASSED] - click(findTestObject("APOLLO- Desktop/Collection page/Filter/Color dropdown")): Object: 'Object Repository/APOLLO- Desktop/Collection page/Filter/Color dropdown' is clicked on

2019-06-25 12:03:19 - [MESSAGE][PASSED] - Object: 'Object Repository/APOLLO- Desktop/Collection page/Filter/Color dropdown' is clicked on

2019-06-25 12:03:19 - [TEST_STEP][PASSED] - delay(2): Delayed 2 second(s)

2019-06-25 12:03:21 - [MESSAGE][PASSED] - Delayed 2 second(s)

2019-06-25 12:03:21 - [TEST_STEP][PASSED] - click(findTestObject("APOLLO- Desktop/Collection page/Filter/a_Blue")): Object: 'Object Repository/APOLLO- Desktop/Collection page/Filter/a_Blue' is clicked on

2019-06-25 12:03:21 - [MESSAGE][PASSED] - Object: 'Object Repository/APOLLO- Desktop/Collection page/Filter/a_Blue' is clicked on

2019-06-25 12:03:21 - [TEST_STEP][PASSED] - delay(2): Delayed 2 second(s)

2019-06-25 12:03:23 - [MESSAGE][PASSED] - Delayed 2 second(s)

2019-06-25 12:03:23 - [TEST_STEP][PASSED] - click(findTestObject("APOLLO- Desktop/Collection page/Filter/Color dropdown")): Object: 'Object Repository/APOLLO- Desktop/Collection page/Filter/Color dropdown' is clicked on

2019-06-25 12:03:23 - [MESSAGE][PASSED] - Object: 'Object Repository/APOLLO- Desktop/Collection page/Filter/Color dropdown' is clicked on

2019-06-25 12:03:23 - [TEST_STEP][PASSED] - delay(2): Delayed 2 second(s)

2019-06-25 12:03:25 - [MESSAGE][PASSED] - Delayed 2 second(s)

2019-06-25 12:03:25 - [TEST_STEP][PASSED] - a2 = getText(findTestObject("APOLLO- Desktop/Collection page/Filter/Filtered count")): Text of object 'Object Repository/APOLLO- Desktop/Collection page/Filter/Filtered count' is: '3'

2019-06-25 12:03:25 - [MESSAGE][PASSED] - Text of object 'Object Repository/APOLLO- Desktop/Collection page/Filter/Filtered count' is: '3'

2019-06-25 12:03:25 - [TEST_STEP][PASSED] - delay(2): Delayed 2 second(s)

2019-06-25 12:03:27 - [MESSAGE][PASSED] - Delayed 2 second(s)

2019-06-25 12:03:27 - [TEST_STEP][PASSED] - comment("a2=" + a2): a2=3

2019-06-25 12:03:27 - [MESSAGE][INFO] - a2=3

2019-06-25 12:03:27 - [TEST_STEP][PASSED] - verifyNotEqual("a2", "b"): Actual object 'a2' and expected object 'b' are not equal

2019-06-25 12:03:27 - [MESSAGE][PASSED] - Actual object 'a2' and expected object 'b' are not equal

2019-06-25 12:03:27 - [TEST_STEP][PASSED] - delay(2): Delayed 2 second(s)

2019-06-25 12:03:29 - [MESSAGE][PASSED] - Delayed 2 second(s)

2019-06-25 12:03:29 - [TEST_STEP][PASSED] - delay(2): Delayed 2 second(s)

2019-06-25 12:03:31 - [MESSAGE][PASSED] - Delayed 2 second(s)

2019-06-25 12:03:31 - [TEST_STEP][PASSED] - click(findTestObject("APOLLO- Desktop/Collection page/Filter/Color dropdown")): Object: 'Object Repository/APOLLO- Desktop/Collection page/Filter/Color dropdown' is clicked on

2019-06-25 12:03:31 - [MESSAGE][PASSED] - Object: 'Object Repository/APOLLO- Desktop/Collection page/Filter/Color dropdown' is clicked on

2019-06-25 12:03:31 - [TEST_STEP][PASSED] - delay(2): Delayed 2 second(s)

2019-06-25 12:03:33 - [MESSAGE][PASSED] - Delayed 2 second(s)

2019-06-25 12:03:33 - [TEST_STEP][PASSED] - click(findTestObject("APOLLO- Desktop/Collection page/Filter/a_Purple")): Object: 'Object Repository/APOLLO- Desktop/Collection page/Filter/a_Purple' is clicked on

2019-06-25 12:03:33 - [MESSAGE][PASSED] - Object: 'Object Repository/APOLLO- Desktop/Collection page/Filter/a_Purple' is clicked on

2019-06-25 12:03:33 - [TEST_STEP][PASSED] - delay(2): Delayed 2 second(s)

2019-06-25 12:03:35 - [MESSAGE][PASSED] - Delayed 2 second(s)

2019-06-25 12:03:35 - [TEST_STEP][PASSED] - delay(2): Delayed 2 second(s)

2019-06-25 12:03:37 - [MESSAGE][PASSED] - Delayed 2 second(s)

2019-06-25 12:03:37 - [TEST_STEP][PASSED] - a3 = getText(findTestObject("APOLLO- Desktop/Collection page/Filter/Filtered count")): Text of object 'Object Repository/APOLLO- Desktop/Collection page/Filter/Filtered count' is: '2'

2019-06-25 12:03:37 - [MESSAGE][PASSED] - Text of object 'Object Repository/APOLLO- Desktop/Collection page/Filter/Filtered count' is: '2'

2019-06-25 12:03:37 - [TEST_STEP][PASSED] - delay(2): Delayed 2 second(s)

2019-06-25 12:03:39 - [MESSAGE][PASSED] - Delayed 2 second(s)

2019-06-25 12:03:39 - [TEST_STEP][PASSED] - comment("a3=" + a3): a3=2

2019-06-25 12:03:39 - [MESSAGE][INFO] - a3=2

2019-06-25 12:03:39 - [TEST_STEP][PASSED] - verifyNotEqual("a3", "b"): Actual object 'a3' and expected object 'b' are not equal

2019-06-25 12:03:39 - [MESSAGE][PASSED] - Actual object 'a3' and expected object 'b' are not equal

2019-06-25 12:03:39 - [TEST_STEP][PASSED] - delay(2): Delayed 2 second(s)

2019-06-25 12:03:41 - [MESSAGE][PASSED] - Delayed 2 second(s)

2019-06-25 12:03:41 - [TEST_STEP][PASSED] - delay(2): Delayed 2 second(s)

2019-06-25 12:03:43 - [MESSAGE][PASSED] - Delayed 2 second(s)

2019-06-25 12:03:43 - [TEST_STEP][PASSED] - click(findTestObject("APOLLO- Desktop/Collection page/Filter/Filter dropdown")): Object: 'Object Repository/APOLLO- Desktop/Collection page/Filter/Filter dropdown' is clicked on

2019-06-25 12:03:43 - [MESSAGE][PASSED] - Object: 'Object Repository/APOLLO- Desktop/Collection page/Filter/Filter dropdown' is clicked on

2019-06-25 12:03:43 - [TEST_STEP][PASSED] - delay(2): Delayed 2 second(s)

2019-06-25 12:03:45 - [MESSAGE][PASSED] - Delayed 2 second(s)

2019-06-25 12:03:45 - [TEST_STEP][PASSED] - click(findTestObject("APOLLO- Desktop/Collection page/Filter/a_Medium")): Object: 'Object Repository/APOLLO- Desktop/Collection page/Filter/a_Medium' is clicked on

2019-06-25 12:03:45 - [MESSAGE][PASSED] - Object: 'Object Repository/APOLLO- Desktop/Collection page/Filter/a_Medium' is clicked on

2019-06-25 12:03:45 - [TEST_STEP][PASSED] - delay(2): Delayed 2 second(s)

2019-06-25 12:03:47 - [MESSAGE][PASSED] - Delayed 2 second(s)

2019-06-25 12:03:47 - [TEST_STEP][PASSED] - click(findTestObject("APOLLO- Desktop/Collection page/Filter/Filter dropdown")): Object: 'Object Repository/APOLLO- Desktop/Collection page/Filter/Filter dropdown' is clicked on

2019-06-25 12:03:47 - [MESSAGE][PASSED] - Object: 'Object Repository/APOLLO- Desktop/Collection page/Filter/Filter dropdown' is clicked on

2019-06-25 12:03:47 - [TEST_STEP][PASSED] - delay(2): Delayed 2 second(s)

2019-06-25 12:03:49 - [MESSAGE][PASSED] - Delayed 2 second(s)

2019-06-25 12:03:49 - [TEST_STEP][PASSED] - click(findTestObject("APOLLO- Desktop/Collection page/Filter/Color dropdown")): Object: 'Object Repository/APOLLO- Desktop/Collection page/Filter/Color dropdown' is clicked on

2019-06-25 12:03:49 - [MESSAGE][PASSED] - Object: 'Object Repository/APOLLO- Desktop/Collection page/Filter/Color dropdown' is clicked on

2019-06-25 12:03:49 - [TEST_STEP][PASSED] - delay(2): Delayed 2 second(s)

2019-06-25 12:03:51 - [MESSAGE][PASSED] - Delayed 2 second(s)

2019-06-25 12:03:51 - [TEST_STEP][PASSED] - click(findTestObject("APOLLO- Desktop/Collection page/Filter/a_Red")): Object: 'Object Repository/APOLLO- Desktop/Collection page/Filter/a_Red' is clicked on

2019-06-25 12:03:52 - [MESSAGE][PASSED] - Object: 'Object Repository/APOLLO- Desktop/Collection page/Filter/a_Red' is clicked on

2019-06-25 12:03:52 - [TEST_STEP][PASSED] - click(findTestObject("APOLLO- Desktop/Collection page/Filter/Color dropdown")): Object: 'Object Repository/APOLLO- Desktop/Collection page/Filter/Color dropdown' is clicked on

2019-06-25 12:03:52 - [MESSAGE][PASSED] - Object: 'Object Repository/APOLLO- Desktop/Collection page/Filter/Color dropdown' is clicked on

2019-06-25 12:03:52 - [TEST_STEP][PASSED] - delay(2): Delayed 2 second(s)

2019-06-25 12:03:54 - [MESSAGE][PASSED] - Delayed 2 second(s)

2019-06-25 12:03:54 - [TEST_STEP][PASSED] - a4 = getText(findTestObject("APOLLO- Desktop/Collection page/Filter/Filtered count")): Text of object 'Object Repository/APOLLO- Desktop/Collection page/Filter/Filtered count' is: '2'

2019-06-25 12:03:54 - [MESSAGE][PASSED] - Text of object 'Object Repository/APOLLO- Desktop/Collection page/Filter/Filtered count' is: '2'

2019-06-25 12:03:54 - [TEST_STEP][PASSED] - comment("a4=" + a4): a4=2

2019-06-25 12:03:54 - [MESSAGE][INFO] - a4=2

2019-06-25 12:03:54 - [TEST_STEP][PASSED] - verifyNotEqual("a4", "b"): Actual object 'a4' and expected object 'b' are not equal

2019-06-25 12:03:54 - [MESSAGE][PASSED] - Actual object 'a4' and expected object 'b' are not equal

2019-06-25 12:03:54 - [TEST_STEP][PASSED] - delay(4): Delayed 4 second(s)

2019-06-25 12:03:58 - [MESSAGE][PASSED] - Delayed 4 second(s)

2019-06-25 12:03:58 - [TEST_STEP][PASSED] - click(findTestObject("APOLLO- Desktop/Collection page/Filter/Color dropdown")): Object: 'Object Repository/APOLLO- Desktop/Collection page/Filter/Color dropdown' is clicked on

2019-06-25 12:03:58 - [MESSAGE][PASSED] - Object: 'Object Repository/APOLLO- Desktop/Collection page/Filter/Color dropdown' is clicked on

2019-06-25 12:03:58 - [TEST_STEP][PASSED] - delay(2): Delayed 2 second(s)

2019-06-25 12:04:00 - [MESSAGE][PASSED] - Delayed 2 second(s)

2019-06-25 12:04:00 - [TEST_STEP][PASSED] - click(findTestObject("APOLLO- Desktop/Collection page/Filter/a_Green")): Object: 'Object Repository/APOLLO- Desktop/Collection page/Filter/a_Green' is clicked on

2019-06-25 12:04:00 - [MESSAGE][PASSED] - Object: 'Object Repository/APOLLO- Desktop/Collection page/Filter/a_Green' is clicked on

2019-06-25 12:04:00 - [TEST_STEP][PASSED] - delay(2): Delayed 2 second(s)

2019-06-25 12:04:02 - [MESSAGE][PASSED] - Delayed 2 second(s)

2019-06-25 12:04:02 - [TEST_STEP][PASSED] - click(findTestObject("APOLLO- Desktop/Collection page/Filter/Color dropdown")): Object: 'Object Repository/APOLLO- Desktop/Collection page/Filter/Color dropdown' is clicked on

2019-06-25 12:04:02 - [MESSAGE][PASSED] - Object: 'Object Repository/APOLLO- Desktop/Collection page/Filter/Color dropdown' is clicked on

2019-06-25 12:04:02 - [TEST_STEP][PASSED] - delay(2): Delayed 2 second(s)

2019-06-25 12:04:04 - [MESSAGE][PASSED] - Delayed 2 second(s)

2019-06-25 12:04:04 - [TEST_STEP][PASSED] - a5 = getText(findTestObject("APOLLO- Desktop/Collection page/Filter/Filtered count")): Text of object 'Object Repository/APOLLO- Desktop/Collection page/Filter/Filtered count' is: '2'

2019-06-25 12:04:04 - [MESSAGE][PASSED] - Text of object 'Object Repository/APOLLO- Desktop/Collection page/Filter/Filtered count' is: '2'

2019-06-25 12:04:04 - [TEST_STEP][PASSED] - delay(2): Delayed 2 second(s)

2019-06-25 12:04:06 - [MESSAGE][PASSED] - Delayed 2 second(s)

2019-06-25 12:04:06 - [TEST_STEP][PASSED] - comment("a5=" + a5): a5=2

2019-06-25 12:04:06 - [MESSAGE][INFO] - a5=2

2019-06-25 12:04:06 - [TEST_STEP][PASSED] - verifyNotEqual("a5", "b"): Actual object 'a5' and expected object 'b' are not equal

2019-06-25 12:04:06 - [MESSAGE][PASSED] - Actual object 'a5' and expected object 'b' are not equal

2019-06-25 12:04:06 - [TEST_STEP][PASSED] - delay(2): Delayed 2 second(s)

2019-06-25 12:04:08 - [MESSAGE][PASSED] - Delayed 2 second(s)

2019-06-25 12:04:08 - [TEST_STEP][PASSED] - click(findTestObject("APOLLO- Desktop/Collection page/Filter/Color dropdown")): Object: 'Object Repository/APOLLO- Desktop/Collection page/Filter/Color dropdown' is clicked on

2019-06-25 12:04:08 - [MESSAGE][PASSED] - Object: 'Object Repository/APOLLO- Desktop/Collection page/Filter/Color dropdown' is clicked on

2019-06-25 12:04:08 - [TEST_STEP][PASSED] - delay(2): Delayed 2 second(s)

2019-06-25 12:04:10 - [MESSAGE][PASSED] - Delayed 2 second(s)

2019-06-25 12:04:10 - [TEST_STEP][PASSED] - click(findTestObject("APOLLO- Desktop/Collection page/Filter/a_Blue")): Object: 'Object Repository/APOLLO- Desktop/Collection page/Filter/a_Blue' is clicked on

2019-06-25 12:04:10 - [MESSAGE][PASSED] - Object: 'Object Repository/APOLLO- Desktop/Collection page/Filter/a_Blue' is clicked on

2019-06-25 12:04:10 - [TEST_STEP][PASSED] - delay(2): Delayed 2 second(s)

2019-06-25 12:04:12 - [MESSAGE][PASSED] - Delayed 2 second(s)

2019-06-25 12:04:12 - [TEST_STEP][PASSED] - click(findTestObject("APOLLO- Desktop/Collection page/Filter/Color dropdown")): Object: 'Object Repository/APOLLO- Desktop/Collection page/Filter/Color dropdown' is clicked on

2019-06-25 12:04:12 - [MESSAGE][PASSED] - Object: 'Object Repository/APOLLO- Desktop/Collection page/Filter/Color dropdown' is clicked on

2019-06-25 12:04:12 - [TEST_STEP][PASSED] - delay(2): Delayed 2 second(s)

2019-06-25 12:04:14 - [MESSAGE][PASSED] - Delayed 2 second(s)

2019-06-25 12:04:14 - [TEST_STEP][PASSED] - a6 = getText(findTestObject("APOLLO- Desktop/Collection page/Filter/Filtered count")): Text of object 'Object Repository/APOLLO- Desktop/Collection page/Filter/Filtered count' is: '2'

2019-06-25 12:04:14 - [MESSAGE][PASSED] - Text of object 'Object Repository/APOLLO- Desktop/Collection page/Filter/Filtered count' is: '2'

2019-06-25 12:04:14 - [TEST_STEP][PASSED] - comment("a6=" + a6): a6=2

2019-06-25 12:04:14 - [MESSAGE][INFO] - a6=2

2019-06-25 12:04:14 - [TEST_STEP][PASSED] - verifyNotEqual("a6", "b"): Actual object 'a6' and expected object 'b' are not equal

2019-06-25 12:04:14 - [MESSAGE][PASSED] - Actual object 'a6' and expected object 'b' are not equal

2019-06-25 12:04:14 - [TEST_STEP][PASSED] - delay(2): Delayed 2 second(s)

2019-06-25 12:04:16 - [MESSAGE][PASSED] - Delayed 2 second(s)

2019-06-25 12:04:16 - [TEST_STEP][PASSED] - click(findTestObject("APOLLO- Desktop/Collection page/Filter/Color dropdown")): Object: 'Object Repository/APOLLO- Desktop/Collection page/Filter/Color dropdown' is clicked on

2019-06-25 12:04:16 - [MESSAGE][PASSED] - Object: 'Object Repository/APOLLO- Desktop/Collection page/Filter/Color dropdown' is clicked on

2019-06-25 12:04:16 - [TEST_STEP][PASSED] - delay(2): Delayed 2 second(s)

2019-06-25 12:04:18 - [MESSAGE][PASSED] - Delayed 2 second(s)

2019-06-25 12:04:18 - [TEST_STEP][PASSED] - click(findTestObject("APOLLO- Desktop/Collection page/Filter/a_Purple")): Object: 'Object Repository/APOLLO- Desktop/Collection page/Filter/a_Purple' is clicked on

2019-06-25 12:04:18 - [MESSAGE][PASSED] - Object: 'Object Repository/APOLLO- Desktop/Collection page/Filter/a_Purple' is clicked on

2019-06-25 12:04:18 - [TEST_STEP][PASSED] - delay(2): Delayed 2 second(s)

2019-06-25 12:04:20 - [MESSAGE][PASSED] - Delayed 2 second(s)

2019-06-25 12:04:20 - [TEST_STEP][PASSED] - click(findTestObject("APOLLO- Desktop/Collection page/Filter/Color dropdown")): Object: 'Object Repository/APOLLO- Desktop/Collection page/Filter/Color dropdown' is clicked on

2019-06-25 12:04:20 - [MESSAGE][PASSED] - Object: 'Object Repository/APOLLO- Desktop/Collection page/Filter/Color dropdown' is clicked on

2019-06-25 12:04:20 - [TEST_STEP][PASSED] - delay(2): Delayed 2 second(s)

2019-06-25 12:04:22 - [MESSAGE][PASSED] - Delayed 2 second(s)

2019-06-25 12:04:22 - [TEST_STEP][PASSED] - a7 = getText(findTestObject("APOLLO- Desktop/Collection page/Filter/Filtered count")): Text of object 'Object Repository/APOLLO- Desktop/Collection page/Filter/Filtered count' is: '2'

2019-06-25 12:04:22 - [MESSAGE][PASSED] - Text of object 'Object Repository/APOLLO- Desktop/Collection page/Filter/Filtered count' is: '2'

2019-06-25 12:04:22 - [TEST_STEP][PASSED] - delay(2): Delayed 2 second(s)

2019-06-25 12:04:24 - [MESSAGE][PASSED] - Delayed 2 second(s)

2019-06-25 12:04:24 - [TEST_STEP][PASSED] - comment("a7=" + a7): a7=2

2019-06-25 12:04:24 - [MESSAGE][INFO] - a7=2

2019-06-25 12:04:24 - [TEST_STEP][PASSED] - verifyNotEqual("a7", "b"): Actual object 'a7' and expected object 'b' are not equal

2019-06-25 12:04:24 - [MESSAGE][PASSED] - Actual object 'a7' and expected object 'b' are not equal

2019-06-25 12:04:24 - [TEST_STEP][PASSED] - delay(2): Delayed 2 second(s)

2019-06-25 12:04:26 - [MESSAGE][PASSED] - Delayed 2 second(s)

2019-06-25 12:04:26 - [TEST_STEP][PASSED] - click(findTestObject("APOLLO- Desktop/Collection page/Filter/Filter dropdown")): Object: 'Object Repository/APOLLO- Desktop/Collection page/Filter/Filter dropdown' is clicked on

2019-06-25 12:04:26 - [MESSAGE][PASSED] - Object: 'Object Repository/APOLLO- Desktop/Collection page/Filter/Filter dropdown' is clicked on

2019-06-25 12:04:26 - [TEST_STEP][PASSED] - delay(2): Delayed 2 second(s)

2019-06-25 12:04:28 - [MESSAGE][PASSED] - Delayed 2 second(s)

2019-06-25 12:04:28 - [TEST_STEP][PASSED] - click(findTestObject("APOLLO- Desktop/Collection page/Filter/a_Large")): Object: 'Object Repository/APOLLO- Desktop/Collection page/Filter/a_Large' is clicked on

2019-06-25 12:04:28 - [MESSAGE][PASSED] - Object: 'Object Repository/APOLLO- Desktop/Collection page/Filter/a_Large' is clicked on

2019-06-25 12:04:28 - [TEST_STEP][PASSED] - delay(2): Delayed 2 second(s)

2019-06-25 12:04:30 - [MESSAGE][PASSED] - Delayed 2 second(s)

2019-06-25 12:04:30 - [TEST_STEP][PASSED] - click(findTestObject("APOLLO- Desktop/Collection page/Filter/Filter dropdown")): Object: 'Object Repository/APOLLO- Desktop/Collection page/Filter/Filter dropdown' is clicked on

2019-06-25 12:04:30 - [MESSAGE][PASSED] - Object: 'Object Repository/APOLLO- Desktop/Collection page/Filter/Filter dropdown' is clicked on

2019-06-25 12:04:30 - [TEST_STEP][PASSED] - delay(2): Delayed 2 second(s)

2019-06-25 12:04:32 - [MESSAGE][PASSED] - Delayed 2 second(s)

2019-06-25 12:04:32 - [TEST_STEP][PASSED] - click(findTestObject("APOLLO- Desktop/Collection page/Filter/Color dropdown")): Object: 'Object Repository/APOLLO- Desktop/Collection page/Filter/Color dropdown' is clicked on

2019-06-25 12:04:32 - [MESSAGE][PASSED] - Object: 'Object Repository/APOLLO- Desktop/Collection page/Filter/Color dropdown' is clicked on

2019-06-25 12:04:32 - [TEST_STEP][PASSED] - delay(2): Delayed 2 second(s)

2019-06-25 12:04:34 - [MESSAGE][PASSED] - Delayed 2 second(s)

2019-06-25 12:04:34 - [TEST_STEP][PASSED] - click(findTestObject("APOLLO- Desktop/Collection page/Filter/a_Red")): Object: 'Object Repository/APOLLO- Desktop/Collection page/Filter/a_Red' is clicked on

2019-06-25 12:04:34 - [MESSAGE][PASSED] - Object: 'Object Repository/APOLLO- Desktop/Collection page/Filter/a_Red' is clicked on

2019-06-25 12:04:34 - [TEST_STEP][PASSED] - delay(2): Delayed 2 second(s)

2019-06-25 12:04:36 - [MESSAGE][PASSED] - Delayed 2 second(s)

2019-06-25 12:04:36 - [TEST_STEP][PASSED] - click(findTestObject("APOLLO- Desktop/Collection page/Filter/Color dropdown")): Object: 'Object Repository/APOLLO- Desktop/Collection page/Filter/Color dropdown' is clicked on

2019-06-25 12:04:36 - [MESSAGE][PASSED] - Object: 'Object Repository/APOLLO- Desktop/Collection page/Filter/Color dropdown' is clicked on

2019-06-25 12:04:36 - [TEST_STEP][PASSED] - delay(2): Delayed 2 second(s)

2019-06-25 12:04:38 - [MESSAGE][PASSED] - Delayed 2 second(s)

2019-06-25 12:04:38 - [TEST_STEP][PASSED] - a8 = getText(findTestObject("APOLLO- Desktop/Collection page/Filter/Filtered count")): Text of object 'Object Repository/APOLLO- Desktop/Collection page/Filter/Filtered count' is: '2'

2019-06-25 12:04:38 - [MESSAGE][PASSED] - Text of object 'Object Repository/APOLLO- Desktop/Collection page/Filter/Filtered count' is: '2'

2019-06-25 12:04:38 - [TEST_STEP][PASSED] - delay(2): Delayed 2 second(s)

2019-06-25 12:04:40 - [MESSAGE][PASSED] - Delayed 2 second(s)

2019-06-25 12:04:40 - [TEST_STEP][PASSED] - comment("a8=" + a8): a8=2

2019-06-25 12:04:40 - [MESSAGE][INFO] - a8=2

2019-06-25 12:04:40 - [TEST_STEP][PASSED] - verifyNotEqual("a8", "b"): Actual object 'a8' and expected object 'b' are not equal

2019-06-25 12:04:40 - [MESSAGE][PASSED] - Actual object 'a8' and expected object 'b' are not equal

2019-06-25 12:04:40 - [TEST_STEP][PASSED] - delay(2): Delayed 2 second(s)

2019-06-25 12:04:42 - [MESSAGE][PASSED] - Delayed 2 second(s)

2019-06-25 12:04:42 - [TEST_STEP][PASSED] - click(findTestObject("APOLLO- Desktop/Collection page/Filter/Color dropdown")): Object: 'Object Repository/APOLLO- Desktop/Collection page/Filter/Color dropdown' is clicked on

2019-06-25 12:04:43 - [MESSAGE][PASSED] - Object: 'Object Repository/APOLLO- Desktop/Collection page/Filter/Color dropdown' is clicked on

2019-06-25 12:04:43 - [TEST_STEP][PASSED] - delay(2): Delayed 2 second(s)

2019-06-25 12:04:45 - [MESSAGE][PASSED] - Delayed 2 second(s)

2019-06-25 12:04:45 - [TEST_STEP][PASSED] - click(findTestObject("APOLLO- Desktop/Collection page/Filter/a_Green")): Object: 'Object Repository/APOLLO- Desktop/Collection page/Filter/a_Green' is clicked on

2019-06-25 12:04:45 - [MESSAGE][PASSED] - Object: 'Object Repository/APOLLO- Desktop/Collection page/Filter/a_Green' is clicked on

2019-06-25 12:04:45 - [TEST_STEP][PASSED] - delay(2): Delayed 2 second(s)

2019-06-25 12:04:47 - [MESSAGE][PASSED] - Delayed 2 second(s)

2019-06-25 12:04:47 - [TEST_STEP][PASSED] - click(findTestObject("APOLLO- Desktop/Collection page/Filter/Color dropdown")): Object: 'Object Repository/APOLLO- Desktop/Collection page/Filter/Color dropdown' is clicked on

2019-06-25 12:04:47 - [MESSAGE][PASSED] - Object: 'Object Repository/APOLLO- Desktop/Collection page/Filter/Color dropdown' is clicked on

2019-06-25 12:04:47 - [TEST_STEP][PASSED] - delay(2): Delayed 2 second(s)

2019-06-25 12:04:49 - [MESSAGE][PASSED] - Delayed 2 second(s)

2019-06-25 12:04:49 - [TEST_STEP][PASSED] - a9 = getText(findTestObject("APOLLO- Desktop/Collection page/Filter/Filtered count")): Text of object 'Object Repository/APOLLO- Desktop/Collection page/Filter/Filtered count' is: '2'

2019-06-25 12:04:49 - [MESSAGE][PASSED] - Text of object 'Object Repository/APOLLO- Desktop/Collection page/Filter/Filtered count' is: '2'

2019-06-25 12:04:49 - [TEST_STEP][PASSED] - delay(2): Delayed 2 second(s)

2019-06-25 12:04:51 - [MESSAGE][PASSED] - Delayed 2 second(s)

2019-06-25 12:04:51 - [TEST_STEP][PASSED] - comment("a9=" + a9): a9=2

2019-06-25 12:04:51 - [MESSAGE][INFO] - a9=2

2019-06-25 12:04:51 - [TEST_STEP][PASSED] - verifyNotEqual("a9", "b"): Actual object 'a9' and expected object 'b' are not equal

2019-06-25 12:04:51 - [MESSAGE][PASSED] - Actual object 'a9' and expected object 'b' are not equal

2019-06-25 12:04:51 - [TEST_STEP][PASSED] - delay(2): Delayed 2 second(s)

2019-06-25 12:04:53 - [MESSAGE][PASSED] - Delayed 2 second(s)

2019-06-25 12:04:53 - [TEST_STEP][PASSED] - click(findTestObject("APOLLO- Desktop/Collection page/Filter/Color dropdown")): Object: 'Object Repository/APOLLO- Desktop/Collection page/Filter/Color dropdown' is clicked on

2019-06-25 12:04:53 - [MESSAGE][PASSED] - Object: 'Object Repository/APOLLO- Desktop/Collection page/Filter/Color dropdown' is clicked on

2019-06-25 12:04:53 - [TEST_STEP][PASSED] - delay(2): Delayed 2 second(s)

2019-06-25 12:04:55 - [MESSAGE][PASSED] - Delayed 2 second(s)

2019-06-25 12:04:55 - [TEST_STEP][PASSED] - click(findTestObject("APOLLO- Desktop/Collection page/Filter/a_Blue")): Object: 'Object Repository/APOLLO- Desktop/Collection page/Filter/a_Blue' is clicked on

2019-06-25 12:04:55 - [MESSAGE][PASSED] - Object: 'Object Repository/APOLLO- Desktop/Collection page/Filter/a_Blue' is clicked on

2019-06-25 12:04:55 - [TEST_STEP][PASSED] - delay(2): Delayed 2 second(s)

2019-06-25 12:04:57 - [MESSAGE][PASSED] - Delayed 2 second(s)

2019-06-25 12:04:57 - [TEST_STEP][PASSED] - click(findTestObject("APOLLO- Desktop/Collection page/Filter/Color dropdown")): Object: 'Object Repository/APOLLO- Desktop/Collection page/Filter/Color dropdown' is clicked on

2019-06-25 12:04:57 - [MESSAGE][PASSED] - Object: 'Object Repository/APOLLO- Desktop/Collection page/Filter/Color dropdown' is clicked on

2019-06-25 12:04:57 - [TEST_STEP][PASSED] - delay(2): Delayed 2 second(s)

2019-06-25 12:04:59 - [MESSAGE][PASSED] - Delayed 2 second(s)

2019-06-25 12:04:59 - [TEST_STEP][PASSED] - a10 = getText(findTestObject("APOLLO- Desktop/Collection page/Filter/Filtered count")): Text of object 'Object Repository/APOLLO- Desktop/Collection page/Filter/Filtered count' is: '2'

2019-06-25 12:04:59 - [MESSAGE][PASSED] - Text of object 'Object Repository/APOLLO- Desktop/Collection page/Filter/Filtered count' is: '2'

2019-06-25 12:04:59 - [TEST_STEP][PASSED] - comment("a10=" + a10): a10=2

2019-06-25 12:04:59 - [MESSAGE][INFO] - a10=2

2019-06-25 12:04:59 - [TEST_STEP][PASSED] - verifyNotEqual("a10", "b"): Actual object 'a10' and expected object 'b' are not equal

2019-06-25 12:04:59 - [MESSAGE][PASSED] - Actual object 'a10' and expected object 'b' are not equal

2019-06-25 12:04:59 - [TEST_STEP][PASSED] - delay(2): Delayed 2 second(s)

2019-06-25 12:05:01 - [MESSAGE][PASSED] - Delayed 2 second(s)

2019-06-25 12:05:01 - [TEST_STEP][PASSED] - click(findTestObject("APOLLO- Desktop/Collection page/Filter/Color dropdown")): Object: 'Object Repository/APOLLO- Desktop/Collection page/Filter/Color dropdown' is clicked on

2019-06-25 12:05:01 - [MESSAGE][PASSED] - Object: 'Object Repository/APOLLO- Desktop/Collection page/Filter/Color dropdown' is clicked on

2019-06-25 12:05:01 - [TEST_STEP][PASSED] - delay(2): Delayed 2 second(s)

2019-06-25 12:05:03 - [MESSAGE][PASSED] - Delayed 2 second(s)

2019-06-25 12:05:03 - [TEST_STEP][PASSED] - click(findTestObject("APOLLO- Desktop/Collection page/Filter/a_Purple")): Object: 'Object Repository/APOLLO- Desktop/Collection page/Filter/a_Purple' is clicked on

2019-06-25 12:05:03 - [MESSAGE][PASSED] - Object: 'Object Repository/APOLLO- Desktop/Collection page/Filter/a_Purple' is clicked on

2019-06-25 12:05:03 - [TEST_STEP][PASSED] - delay(2): Delayed 2 second(s)

2019-06-25 12:05:05 - [MESSAGE][PASSED] - Delayed 2 second(s)

2019-06-25 12:05:05 - [TEST_STEP][PASSED] - click(findTestObject("APOLLO- Desktop/Collection page/Filter/Color dropdown")): Object: 'Object Repository/APOLLO- Desktop/Collection page/Filter/Color dropdown' is clicked on

2019-06-25 12:05:05 - [MESSAGE][PASSED] - Object: 'Object Repository/APOLLO- Desktop/Collection page/Filter/Color dropdown' is clicked on

2019-06-25 12:05:05 - [TEST_STEP][PASSED] - delay(2): Delayed 2 second(s)

2019-06-25 12:05:07 - [MESSAGE][PASSED] - Delayed 2 second(s)

2019-06-25 12:05:07 - [TEST_STEP][PASSED] - a11 = getText(findTestObject("APOLLO- Desktop/Collection page/Filter/Filtered count")): Text of object 'Object Repository/APOLLO- Desktop/Collection page/Filter/Filtered count' is: '2'

2019-06-25 12:05:07 - [MESSAGE][PASSED] - Text of object 'Object Repository/APOLLO- Desktop/Collection page/Filter/Filtered count' is: '2'

2019-06-25 12:05:07 - [TEST_STEP][PASSED] - delay(2): Delayed 2 second(s)

2019-06-25 12:05:09 - [MESSAGE][PASSED] - Delayed 2 second(s)

2019-06-25 12:05:09 - [TEST_STEP][PASSED] - comment("a11=" + a11): a11=2

2019-06-25 12:05:09 - [MESSAGE][INFO] - a11=2

2019-06-25 12:05:09 - [TEST_STEP][PASSED] - verifyNotEqual("a11", "b"): Actual object 'a11' and expected object 'b' are not equal

2019-06-25 12:05:09 - [MESSAGE][PASSED] - Actual object 'a11' and expected object 'b' are not equal

2019-06-25 12:05:09 - [TEST_STEP][PASSED] - delay(2): Delayed 2 second(s)

2019-06-25 12:05:11 - [MESSAGE][PASSED] - Delayed 2 second(s)

2019-06-25 12:05:11 - [TEST_STEP][NOT_RUN] - click(findTestObject("APOLLO- Desktop/Collection page/Filter/Color dropdown")): NOT_RUN: click(findTestObject("APOLLO- Desktop/Collection page/Filter/Color dropdown"))

2019-06-25 12:05:11 - [MESSAGE][NOT_RUN] - NOT_RUN: click(findTestObject("APOLLO- Desktop/Collection page/Filter/Color dropdown"))

2019-06-25 12:05:11 - [TEST_STEP][PASSED] - delay(2): Delayed 2 second(s)

2019-06-25 12:05:13 - [MESSAGE][PASSED] - Delayed 2 second(s)

2019-06-25 12:05:13 - [TEST_STEP][PASSED] - click(findTestObject("APOLLO- Desktop/Collection page/Filter/a_Clear all filters")): Object: 'Object Repository/APOLLO- Desktop/Collection page/Filter/a_Clear all filters' is clicked on

2019-06-25 12:05:13 - [MESSAGE][PASSED] - Object: 'Object Repository/APOLLO- Desktop/Collection page/Filter/a_Clear all filters' is clicked on

2019-06-25 12:05:13 - [TEST_STEP][PASSED] - delay(2): Delayed 2 second(s)

2019-06-25 12:05:15 - [MESSAGE][PASSED] - Delayed 2 second(s)

2019-06-25 12:05:15 - [TEST_STEP][PASSED] - a12 = getText(findTestObject("APOLLO- Desktop/Collection page/Filter/Filtered count")): Text of object 'Object Repository/APOLLO- Desktop/Collection page/Filter/Filtered count' is: '7'

2019-06-25 12:05:15 - [MESSAGE][PASSED] - Text of object 'Object Repository/APOLLO- Desktop/Collection page/Filter/Filtered count' is: '7'

2019-06-25 12:05:15 - [TEST_STEP][PASSED] - delay(2): Delayed 2 second(s)

2019-06-25 12:05:17 - [MESSAGE][PASSED] - Delayed 2 second(s)

2019-06-25 12:05:17 - [TEST_STEP][PASSED] - comment("a12=" + a12): a12=7

2019-06-25 12:05:17 - [MESSAGE][INFO] - a12=7

2019-06-25 12:05:17 - [TEST_STEP][PASSED] - verifyNotEqual("a12", "b"): Actual object 'a12' and expected object 'b' are not equal

2019-06-25 12:05:17 - [MESSAGE][PASSED] - Actual object 'a12' and expected object 'b' are not equal]]></system-out>
         <system-err><![CDATA[]]></system-err>
      </testcase>
      <testcase name="Test Cases/HOME PAGE/Store locator" classname="Test Cases/HOME PAGE/Store locator" status="PASSED">
         <system-out><![CDATA[2019-06-25 12:05:17 - [TEST_CASE][PASSED] - Test Cases/HOME PAGE/Store locator: Test Cases/HOME PAGE/Store locator

2019-06-25 12:05:17 - [TEST_STEP][PASSED] - callTestCase(findTestCase("CALL - URL"), [:], STOP_ON_FAILURE): Call Test Case 'Test Cases/CALL - URL' successfully

2019-06-25 12:05:17 - [TEST_CASE][PASSED] - Test Cases/CALL - URL: Test Cases/CALL - URL

2019-06-25 12:05:17 - [TEST_STEP][PASSED] - openBrowser(""): Browser is opened with url: ''

2019-06-25 12:05:17 - [MESSAGE][WARNING] - A browser is already opened. Closing browser and opening a new one

2019-06-25 12:05:17 - [MESSAGE][INFO] - Starting 'Chrome' driver

2019-06-25 12:05:19 - [MESSAGE][PASSED] - Browser is opened with url: ''

2019-06-25 12:05:19 - [TEST_STEP][PASSED] - navigateToUrl("https://diff-apollo.myshopify.com/?key=eec34184cfd8f82cda816f82753a8c8e9e240f30cf54470e19667b8cbb401948&preview_theme_id="): Navigate to 'https://diff-apollo.myshopify.com/?key=eec34184cfd8f82cda816f82753a8c8e9e240f30cf54470e19667b8cbb401948&preview_theme_id=' successfully

2019-06-25 12:05:23 - [MESSAGE][PASSED] - Navigate to 'https://diff-apollo.myshopify.com/?key=eec34184cfd8f82cda816f82753a8c8e9e240f30cf54470e19667b8cbb401948&preview_theme_id=' successfully

2019-06-25 12:05:23 - [TEST_STEP][NOT_RUN] - executeJavaScript("var previewBar = document.getElementById("preview-bar-iframe"); previewBar.style.display = "none";", []): NOT_RUN: executeJavaScript("var previewBar = document.getElementById("preview-bar-iframe"); previewBar.style.display = "none";", [])

2019-06-25 12:05:23 - [MESSAGE][NOT_RUN] - NOT_RUN: executeJavaScript("var previewBar = document.getElementById("preview-bar-iframe"); previewBar.style.display = "none";", [])

2019-06-25 12:05:23 - [MESSAGE][PASSED] - Call Test Case 'Test Cases/CALL - URL' successfully

2019-06-25 12:05:23 - [TEST_STEP][PASSED] - delay(2): Delayed 2 second(s)

2019-06-25 12:05:25 - [MESSAGE][PASSED] - Delayed 2 second(s)

2019-06-25 12:05:25 - [TEST_STEP][PASSED] - click(findTestObject("APOLLO- Desktop/Home page/Map location icon")): Object: 'Object Repository/APOLLO- Desktop/Home page/Map location icon' is clicked on

2019-06-25 12:05:26 - [MESSAGE][PASSED] - Object: 'Object Repository/APOLLO- Desktop/Home page/Map location icon' is clicked on

2019-06-25 12:05:26 - [TEST_STEP][PASSED] - a = getWindowTitle(): Current window's title is: 'Our Store – Diff Apollo'

2019-06-25 12:05:26 - [MESSAGE][PASSED] - Current window's title is: 'Our Store – Diff Apollo'

2019-06-25 12:05:26 - [TEST_STEP][PASSED] - comment(" a=" + a):  a=Our Store – Diff Apollo

2019-06-25 12:05:26 - [MESSAGE][INFO] -  a=Our Store – Diff Apollo

2019-06-25 12:05:26 - [TEST_STEP][PASSED] - b = "Our Store – Diff Apollo": null

2019-06-25 12:05:26 - [TEST_STEP][PASSED] - if (a == b):  navigation is on right page

2019-06-25 12:05:26 - [TEST_STEP][PASSED] - comment(" navigation is on right page"):  navigation is on right page

2019-06-25 12:05:26 - [MESSAGE][INFO] -  navigation is on right page]]></system-out>
         <system-err><![CDATA[]]></system-err>
      </testcase>
      <testcase name="Test Cases/HOME PAGE/New letter and video CTA" classname="Test Cases/HOME PAGE/New letter and video CTA" status="PASSED">
         <system-out><![CDATA[2019-06-25 12:05:26 - [TEST_CASE][PASSED] - Test Cases/HOME PAGE/New letter and video CTA: Test Cases/HOME PAGE/New letter and video CTA

2019-06-25 12:05:26 - [TEST_STEP][PASSED] - callTestCase(findTestCase("CALL - URL"), [:], STOP_ON_FAILURE): Call Test Case 'Test Cases/CALL - URL' successfully

2019-06-25 12:05:26 - [TEST_CASE][PASSED] - Test Cases/CALL - URL: Test Cases/CALL - URL

2019-06-25 12:05:26 - [TEST_STEP][PASSED] - openBrowser(""): Browser is opened with url: ''

2019-06-25 12:05:26 - [MESSAGE][WARNING] - A browser is already opened. Closing browser and opening a new one

2019-06-25 12:05:26 - [MESSAGE][INFO] - Starting 'Chrome' driver

2019-06-25 12:05:28 - [MESSAGE][PASSED] - Browser is opened with url: ''

2019-06-25 12:05:28 - [TEST_STEP][PASSED] - navigateToUrl("https://diff-apollo.myshopify.com/?key=eec34184cfd8f82cda816f82753a8c8e9e240f30cf54470e19667b8cbb401948&preview_theme_id="): Navigate to 'https://diff-apollo.myshopify.com/?key=eec34184cfd8f82cda816f82753a8c8e9e240f30cf54470e19667b8cbb401948&preview_theme_id=' successfully

2019-06-25 12:05:30 - [MESSAGE][PASSED] - Navigate to 'https://diff-apollo.myshopify.com/?key=eec34184cfd8f82cda816f82753a8c8e9e240f30cf54470e19667b8cbb401948&preview_theme_id=' successfully

2019-06-25 12:05:30 - [TEST_STEP][NOT_RUN] - executeJavaScript("var previewBar = document.getElementById("preview-bar-iframe"); previewBar.style.display = "none";", []): NOT_RUN: executeJavaScript("var previewBar = document.getElementById("preview-bar-iframe"); previewBar.style.display = "none";", [])

2019-06-25 12:05:30 - [MESSAGE][NOT_RUN] - NOT_RUN: executeJavaScript("var previewBar = document.getElementById("preview-bar-iframe"); previewBar.style.display = "none";", [])

2019-06-25 12:05:30 - [MESSAGE][PASSED] - Call Test Case 'Test Cases/CALL - URL' successfully

2019-06-25 12:05:30 - [TEST_STEP][PASSED] - delay(2): Delayed 2 second(s)

2019-06-25 12:05:32 - [MESSAGE][PASSED] - Delayed 2 second(s)

2019-06-25 12:05:32 - [TEST_STEP][PASSED] - scrollToElement(findTestObject("APOLLO- Desktop/Home page/News letter and CTA/Subscribe to our newsletter"), 0): Scroll to object 'Object Repository/APOLLO- Desktop/Home page/News letter and CTA/Subscribe to our newsletter' successfully

2019-06-25 12:05:32 - [MESSAGE][WARNING] - Timeout '0' is invalid. Using default page load timeout: '30'

2019-06-25 12:05:32 - [MESSAGE][PASSED] - Scroll to object 'Object Repository/APOLLO- Desktop/Home page/News letter and CTA/Subscribe to our newsletter' successfully

2019-06-25 12:05:32 - [TEST_STEP][PASSED] - delay(2): Delayed 2 second(s)

2019-06-25 12:05:34 - [MESSAGE][PASSED] - Delayed 2 second(s)

2019-06-25 12:05:34 - [TEST_STEP][PASSED] - setText(findTestObject("APOLLO- Desktop/Home page/News letter and CTA/input_Subscribe to our newsletter"), "suman@gmail.com"): Text 'suman@gmail.com' is set on object 'Object Repository/APOLLO- Desktop/Home page/News letter and CTA/input_Subscribe to our newsletter'

2019-06-25 12:05:35 - [MESSAGE][PASSED] - Text 'suman@gmail.com' is set on object 'Object Repository/APOLLO- Desktop/Home page/News letter and CTA/input_Subscribe to our newsletter'

2019-06-25 12:05:35 - [TEST_STEP][PASSED] - delay(2): Delayed 2 second(s)

2019-06-25 12:05:37 - [MESSAGE][PASSED] - Delayed 2 second(s)

2019-06-25 12:05:37 - [TEST_STEP][PASSED] - click(findTestObject("APOLLO- Desktop/Home page/News letter and CTA/button Sign Up")): Object: 'Object Repository/APOLLO- Desktop/Home page/News letter and CTA/button Sign Up' is clicked on

2019-06-25 12:05:40 - [MESSAGE][PASSED] - Object: 'Object Repository/APOLLO- Desktop/Home page/News letter and CTA/button Sign Up' is clicked on

2019-06-25 12:05:40 - [TEST_STEP][PASSED] - delay(2): Delayed 2 second(s)

2019-06-25 12:05:42 - [MESSAGE][PASSED] - Delayed 2 second(s)

2019-06-25 12:05:42 - [TEST_STEP][NOT_RUN] - a = getText(findTestObject("APOLLO- Desktop/Home page/News letter and CTA/p_Thanks for signing up for ou")): NOT_RUN: a = getText(findTestObject("APOLLO- Desktop/Home page/News letter and CTA/p_Thanks for signing up for ou"))

2019-06-25 12:05:42 - [MESSAGE][NOT_RUN] - NOT_RUN: a = getText(findTestObject("APOLLO- Desktop/Home page/News letter and CTA/p_Thanks for signing up for ou"))

2019-06-25 12:05:42 - [TEST_STEP][NOT_RUN] - comment("a=" + a): NOT_RUN: comment("a=" + a)

2019-06-25 12:05:42 - [MESSAGE][NOT_RUN] - NOT_RUN: comment("a=" + a)

2019-06-25 12:05:42 - [TEST_STEP][NOT_RUN] - delay(2): NOT_RUN: delay(2)

2019-06-25 12:05:42 - [MESSAGE][NOT_RUN] - NOT_RUN: delay(2)

2019-06-25 12:05:42 - [TEST_STEP][NOT_RUN] - b = "Thanks for signing up for our newsletter ": NOT_RUN: b = "Thanks for signing up for our newsletter "

2019-06-25 12:05:42 - [MESSAGE][NOT_RUN] - NOT_RUN: b = "Thanks for signing up for our newsletter "

2019-06-25 12:05:42 - [TEST_STEP][NOT_RUN] - if (a == b): NOT_RUN: if (a == b)

2019-06-25 12:05:42 - [MESSAGE][NOT_RUN] - NOT_RUN: if (a == b)

2019-06-25 12:05:42 - [TEST_STEP][PASSED] - delay(2): Delayed 2 second(s)

2019-06-25 12:05:44 - [MESSAGE][PASSED] - Delayed 2 second(s)

2019-06-25 12:05:44 - [TEST_STEP][PASSED] - click(findTestObject("APOLLO- Desktop/Home page/News letter and CTA/start shopping")): Object: 'Object Repository/APOLLO- Desktop/Home page/News letter and CTA/start shopping' is clicked on

2019-06-25 12:05:49 - [MESSAGE][PASSED] - Object: 'Object Repository/APOLLO- Desktop/Home page/News letter and CTA/start shopping' is clicked on]]></system-out>
         <system-err><![CDATA[]]></system-err>
      </testcase>
      <testcase name="Test Cases/HOME PAGE/Hero banner - CTA" classname="Test Cases/HOME PAGE/Hero banner - CTA" status="FAILED">
         <failure type="FAILED" message="Test Cases/HOME PAGE/Hero banner - CTA FAILED.
Reason:
com.kms.katalon.core.exception.StepFailedException: Unable to click on object 'Object Repository/APOLLO- Desktop/Home page/Hero banner - CTA/Shop womesn outer wear' (Root cause: org.openqa.selenium.ElementNotVisibleException: element not interactable
  (Session info: chrome=75.0.3770.100)
  (Driver info: chromedriver=2.43.600229 (3fae4d0cda5334b4f533bede5a4787f7b832d052),platform=Mac OS X 10.13.6 x86_64) (WARNING: The server did not provide any stacktrace information)
Command duration or timeout: 0 milliseconds
Build info: version: '3.7.1', revision: '8a0099a', time: '2017-11-06T21:07:36.161Z'
System info: host: 'sumans-MacBook-Pro.local', ip: 'fe80:0:0:0:b7:68e8:717b:cb34%en0', os.name: 'Mac OS X', os.arch: 'x86_64', os.version: '10.13.6', java.version: '1.8.0_181'
Driver info: com.kms.katalon.selenium.driver.CChromeDriver
Capabilities {acceptInsecureCerts: false, acceptSslCerts: false, applicationCacheEnabled: false, browserConnectionEnabled: false, browserName: chrome, chrome: {chromedriverVersion: 2.43.600229 (3fae4d0cda5334..., userDataDir: /var/folders/1t/c55l8xzs6gq...}, cssSelectorsEnabled: true, databaseEnabled: false, goog:chromeOptions: {debuggerAddress: localhost:54170}, handlesAlerts: true, hasTouchScreen: false, javascriptEnabled: true, locationContextEnabled: true, mobileEmulationEnabled: false, nativeEvents: true, networkConnectionEnabled: false, pageLoadStrategy: normal, platform: MAC, platformName: MAC, rotatable: false, setWindowRect: true, takesHeapSnapshot: true, takesScreenshot: true, unexpectedAlertBehaviour: , unhandledPromptBehavior: , version: 75.0.3770.100, webStorageEnabled: true}
Session ID: cfb4c4e03092855eb67c4e93ea78bda0)
	at com.kms.katalon.core.keyword.internal.KeywordMain.stepFailed(KeywordMain.groovy:36)
	at com.kms.katalon.core.webui.keyword.internal.WebUIKeywordMain.stepFailed(WebUIKeywordMain.groovy:65)
	at com.kms.katalon.core.webui.keyword.internal.WebUIKeywordMain.runKeyword(WebUIKeywordMain.groovy:27)
	at com.kms.katalon.core.webui.keyword.builtin.ClickKeyword.click(ClickKeyword.groovy:86)
	at com.kms.katalon.core.webui.keyword.builtin.ClickKeyword.execute(ClickKeyword.groovy:67)
	at com.kms.katalon.core.keyword.internal.KeywordExecutor.executeKeywordForPlatform(KeywordExecutor.groovy:53)
	at com.kms.katalon.core.webui.keyword.WebUiBuiltInKeywords.click(WebUiBuiltInKeywords.groovy:616)
	at com.kms.katalon.core.webui.keyword.WebUiBuiltInKeywords$click$1.call(Unknown Source)
	at Hero banner - CTA.run(Hero banner - CTA:48)
	at com.kms.katalon.core.main.ScriptEngine.run(ScriptEngine.java:194)
	at com.kms.katalon.core.main.ScriptEngine.runScriptAsRawText(ScriptEngine.java:119)
	at com.kms.katalon.core.main.TestCaseExecutor.runScript(TestCaseExecutor.java:328)
	at com.kms.katalon.core.main.TestCaseExecutor.doExecute(TestCaseExecutor.java:319)
	at com.kms.katalon.core.main.TestCaseExecutor.processExecutionPhase(TestCaseExecutor.java:298)
	at com.kms.katalon.core.main.TestCaseExecutor.accessMainPhase(TestCaseExecutor.java:290)
	at com.kms.katalon.core.main.TestCaseExecutor.execute(TestCaseExecutor.java:224)
	at com.kms.katalon.core.main.TestSuiteExecutor.accessTestCaseMainPhase(TestSuiteExecutor.java:129)
	at com.kms.katalon.core.main.TestSuiteExecutor.accessTestSuiteMainPhase(TestSuiteExecutor.java:112)
	at com.kms.katalon.core.main.TestSuiteExecutor.execute(TestSuiteExecutor.java:81)
	at com.kms.katalon.core.main.TestCaseMain.startTestSuite(TestCaseMain.java:149)
	at com.kms.katalon.core.main.TestCaseMain$startTestSuite$0.call(Unknown Source)
	at TempTestSuite1561478401383.run(TempTestSuite1561478401383.groovy:36)
"/>
         <system-out><![CDATA[2019-06-25 12:05:49 - [TEST_CASE][FAILED] - Test Cases/HOME PAGE/Hero banner - CTA: Test Cases/HOME PAGE/Hero banner - CTA FAILED.
Reason:
com.kms.katalon.core.exception.StepFailedException: Unable to click on object 'Object Repository/APOLLO- Desktop/Home page/Hero banner - CTA/Shop womesn outer wear' (Root cause: org.openqa.selenium.ElementNotVisibleException: element not interactable
  (Session info: chrome=75.0.3770.100)
  (Driver info: chromedriver=2.43.600229 (3fae4d0cda5334b4f533bede5a4787f7b832d052),platform=Mac OS X 10.13.6 x86_64) (WARNING: The server did not provide any stacktrace information)
Command duration or timeout: 0 milliseconds
Build info: version: '3.7.1', revision: '8a0099a', time: '2017-11-06T21:07:36.161Z'
System info: host: 'sumans-MacBook-Pro.local', ip: 'fe80:0:0:0:b7:68e8:717b:cb34%en0', os.name: 'Mac OS X', os.arch: 'x86_64', os.version: '10.13.6', java.version: '1.8.0_181'
Driver info: com.kms.katalon.selenium.driver.CChromeDriver
Capabilities {acceptInsecureCerts: false, acceptSslCerts: false, applicationCacheEnabled: false, browserConnectionEnabled: false, browserName: chrome, chrome: {chromedriverVersion: 2.43.600229 (3fae4d0cda5334..., userDataDir: /var/folders/1t/c55l8xzs6gq...}, cssSelectorsEnabled: true, databaseEnabled: false, goog:chromeOptions: {debuggerAddress: localhost:54170}, handlesAlerts: true, hasTouchScreen: false, javascriptEnabled: true, locationContextEnabled: true, mobileEmulationEnabled: false, nativeEvents: true, networkConnectionEnabled: false, pageLoadStrategy: normal, platform: MAC, platformName: MAC, rotatable: false, setWindowRect: true, takesHeapSnapshot: true, takesScreenshot: true, unexpectedAlertBehaviour: , unhandledPromptBehavior: , version: 75.0.3770.100, webStorageEnabled: true}
Session ID: cfb4c4e03092855eb67c4e93ea78bda0)
	at com.kms.katalon.core.keyword.internal.KeywordMain.stepFailed(KeywordMain.groovy:36)
	at com.kms.katalon.core.webui.keyword.internal.WebUIKeywordMain.stepFailed(WebUIKeywordMain.groovy:65)
	at com.kms.katalon.core.webui.keyword.internal.WebUIKeywordMain.runKeyword(WebUIKeywordMain.groovy:27)
	at com.kms.katalon.core.webui.keyword.builtin.ClickKeyword.click(ClickKeyword.groovy:86)
	at com.kms.katalon.core.webui.keyword.builtin.ClickKeyword.execute(ClickKeyword.groovy:67)
	at com.kms.katalon.core.keyword.internal.KeywordExecutor.executeKeywordForPlatform(KeywordExecutor.groovy:53)
	at com.kms.katalon.core.webui.keyword.WebUiBuiltInKeywords.click(WebUiBuiltInKeywords.groovy:616)
	at com.kms.katalon.core.webui.keyword.WebUiBuiltInKeywords$click$1.call(Unknown Source)
	at Hero banner - CTA.run(Hero banner - CTA:48)
	at com.kms.katalon.core.main.ScriptEngine.run(ScriptEngine.java:194)
	at com.kms.katalon.core.main.ScriptEngine.runScriptAsRawText(ScriptEngine.java:119)
	at com.kms.katalon.core.main.TestCaseExecutor.runScript(TestCaseExecutor.java:328)
	at com.kms.katalon.core.main.TestCaseExecutor.doExecute(TestCaseExecutor.java:319)
	at com.kms.katalon.core.main.TestCaseExecutor.processExecutionPhase(TestCaseExecutor.java:298)
	at com.kms.katalon.core.main.TestCaseExecutor.accessMainPhase(TestCaseExecutor.java:290)
	at com.kms.katalon.core.main.TestCaseExecutor.execute(TestCaseExecutor.java:224)
	at com.kms.katalon.core.main.TestSuiteExecutor.accessTestCaseMainPhase(TestSuiteExecutor.java:129)
	at com.kms.katalon.core.main.TestSuiteExecutor.accessTestSuiteMainPhase(TestSuiteExecutor.java:112)
	at com.kms.katalon.core.main.TestSuiteExecutor.execute(TestSuiteExecutor.java:81)
	at com.kms.katalon.core.main.TestCaseMain.startTestSuite(TestCaseMain.java:149)
	at com.kms.katalon.core.main.TestCaseMain$startTestSuite$0.call(Unknown Source)
	at TempTestSuite1561478401383.run(TempTestSuite1561478401383.groovy:36)


2019-06-25 12:05:49 - [TEST_STEP][PASSED] - callTestCase(findTestCase("CALL - URL"), [:], STOP_ON_FAILURE): Call Test Case 'Test Cases/CALL - URL' successfully

2019-06-25 12:05:49 - [TEST_CASE][PASSED] - Test Cases/CALL - URL: Test Cases/CALL - URL

2019-06-25 12:05:49 - [TEST_STEP][PASSED] - openBrowser(""): Browser is opened with url: ''

2019-06-25 12:05:49 - [MESSAGE][WARNING] - A browser is already opened. Closing browser and opening a new one

2019-06-25 12:05:50 - [MESSAGE][INFO] - Starting 'Chrome' driver

2019-06-25 12:05:51 - [MESSAGE][PASSED] - Browser is opened with url: ''

2019-06-25 12:05:51 - [TEST_STEP][PASSED] - navigateToUrl("https://diff-apollo.myshopify.com/?key=eec34184cfd8f82cda816f82753a8c8e9e240f30cf54470e19667b8cbb401948&preview_theme_id="): Navigate to 'https://diff-apollo.myshopify.com/?key=eec34184cfd8f82cda816f82753a8c8e9e240f30cf54470e19667b8cbb401948&preview_theme_id=' successfully

2019-06-25 12:05:54 - [MESSAGE][PASSED] - Navigate to 'https://diff-apollo.myshopify.com/?key=eec34184cfd8f82cda816f82753a8c8e9e240f30cf54470e19667b8cbb401948&preview_theme_id=' successfully

2019-06-25 12:05:54 - [TEST_STEP][NOT_RUN] - executeJavaScript("var previewBar = document.getElementById("preview-bar-iframe"); previewBar.style.display = "none";", []): NOT_RUN: executeJavaScript("var previewBar = document.getElementById("preview-bar-iframe"); previewBar.style.display = "none";", [])

2019-06-25 12:05:54 - [MESSAGE][NOT_RUN] - NOT_RUN: executeJavaScript("var previewBar = document.getElementById("preview-bar-iframe"); previewBar.style.display = "none";", [])

2019-06-25 12:05:54 - [MESSAGE][PASSED] - Call Test Case 'Test Cases/CALL - URL' successfully

2019-06-25 12:05:54 - [TEST_STEP][PASSED] - delay(2): Delayed 2 second(s)

2019-06-25 12:05:56 - [MESSAGE][PASSED] - Delayed 2 second(s)

2019-06-25 12:05:56 - [TEST_STEP][PASSED] - click(findTestObject("APOLLO- Desktop/Home page/Hero banner - CTA/First slick slide")): Object: 'Object Repository/APOLLO- Desktop/Home page/Hero banner - CTA/First slick slide' is clicked on

2019-06-25 12:05:56 - [MESSAGE][PASSED] - Object: 'Object Repository/APOLLO- Desktop/Home page/Hero banner - CTA/First slick slide' is clicked on

2019-06-25 12:05:56 - [TEST_STEP][PASSED] - delay(2): Delayed 2 second(s)

2019-06-25 12:05:58 - [MESSAGE][PASSED] - Delayed 2 second(s)

2019-06-25 12:05:58 - [TEST_STEP][PASSED] - click(findTestObject("APOLLO- Desktop/Home page/Hero banner - CTA/Shop Men button")): Object: 'Object Repository/APOLLO- Desktop/Home page/Hero banner - CTA/Shop Men button' is clicked on

2019-06-25 12:06:00 - [MESSAGE][PASSED] - Object: 'Object Repository/APOLLO- Desktop/Home page/Hero banner - CTA/Shop Men button' is clicked on

2019-06-25 12:06:00 - [TEST_STEP][PASSED] - delay(2): Delayed 2 second(s)

2019-06-25 12:06:02 - [MESSAGE][PASSED] - Delayed 2 second(s)

2019-06-25 12:06:02 - [TEST_STEP][PASSED] - click(findTestObject("APOLLO- Desktop/Home page/Hero banner - CTA/Apollo icon")): Object: 'Object Repository/APOLLO- Desktop/Home page/Hero banner - CTA/Apollo icon' is clicked on

2019-06-25 12:06:06 - [MESSAGE][PASSED] - Object: 'Object Repository/APOLLO- Desktop/Home page/Hero banner - CTA/Apollo icon' is clicked on

2019-06-25 12:06:06 - [TEST_STEP][PASSED] - delay(2): Delayed 2 second(s)

2019-06-25 12:06:08 - [MESSAGE][PASSED] - Delayed 2 second(s)

2019-06-25 12:06:08 - [TEST_STEP][PASSED] - click(findTestObject("APOLLO- Desktop/Home page/Hero banner - CTA/second slick slide")): Object: 'Object Repository/APOLLO- Desktop/Home page/Hero banner - CTA/second slick slide' is clicked on

2019-06-25 12:06:08 - [MESSAGE][PASSED] - Object: 'Object Repository/APOLLO- Desktop/Home page/Hero banner - CTA/second slick slide' is clicked on

2019-06-25 12:06:08 - [TEST_STEP][PASSED] - delay(2): Delayed 2 second(s)

2019-06-25 12:06:10 - [MESSAGE][PASSED] - Delayed 2 second(s)

2019-06-25 12:06:10 - [TEST_STEP][PASSED] - click(findTestObject("APOLLO- Desktop/Home page/Hero banner - CTA/Shop Women button")): Object: 'Object Repository/APOLLO- Desktop/Home page/Hero banner - CTA/Shop Women button' is clicked on

2019-06-25 12:06:13 - [MESSAGE][PASSED] - Object: 'Object Repository/APOLLO- Desktop/Home page/Hero banner - CTA/Shop Women button' is clicked on

2019-06-25 12:06:13 - [TEST_STEP][PASSED] - delay(2): Delayed 2 second(s)

2019-06-25 12:06:15 - [MESSAGE][PASSED] - Delayed 2 second(s)

2019-06-25 12:06:15 - [TEST_STEP][PASSED] - click(findTestObject("APOLLO- Desktop/Home page/Hero banner - CTA/Apollo icon")): Object: 'Object Repository/APOLLO- Desktop/Home page/Hero banner - CTA/Apollo icon' is clicked on

2019-06-25 12:06:16 - [MESSAGE][PASSED] - Object: 'Object Repository/APOLLO- Desktop/Home page/Hero banner - CTA/Apollo icon' is clicked on

2019-06-25 12:06:16 - [TEST_STEP][PASSED] - delay(2): Delayed 2 second(s)

2019-06-25 12:06:18 - [MESSAGE][PASSED] - Delayed 2 second(s)

2019-06-25 12:06:18 - [TEST_STEP][PASSED] - click(findTestObject("APOLLO- Desktop/Home page/Hero banner - CTA/Third slick slide")): Object: 'Object Repository/APOLLO- Desktop/Home page/Hero banner - CTA/Third slick slide' is clicked on

2019-06-25 12:06:18 - [MESSAGE][PASSED] - Object: 'Object Repository/APOLLO- Desktop/Home page/Hero banner - CTA/Third slick slide' is clicked on

2019-06-25 12:06:18 - [TEST_STEP][PASSED] - delay(2): Delayed 2 second(s)

2019-06-25 12:06:20 - [MESSAGE][PASSED] - Delayed 2 second(s)

2019-06-25 12:06:20 - [TEST_STEP][FAILED] - click(findTestObject("APOLLO- Desktop/Home page/Hero banner - CTA/Shop womesn outer wear")): click(findTestObject("APOLLO- Desktop/Home page/Hero banner - CTA/Shop womesn outer wear")) FAILED.
Reason:
com.kms.katalon.core.exception.StepFailedException: Unable to click on object 'Object Repository/APOLLO- Desktop/Home page/Hero banner - CTA/Shop womesn outer wear' (Root cause: org.openqa.selenium.ElementNotVisibleException: element not interactable
  (Session info: chrome=75.0.3770.100)
  (Driver info: chromedriver=2.43.600229 (3fae4d0cda5334b4f533bede5a4787f7b832d052),platform=Mac OS X 10.13.6 x86_64) (WARNING: The server did not provide any stacktrace information)
Command duration or timeout: 0 milliseconds
Build info: version: '3.7.1', revision: '8a0099a', time: '2017-11-06T21:07:36.161Z'
System info: host: 'sumans-MacBook-Pro.local', ip: 'fe80:0:0:0:b7:68e8:717b:cb34%en0', os.name: 'Mac OS X', os.arch: 'x86_64', os.version: '10.13.6', java.version: '1.8.0_181'
Driver info: com.kms.katalon.selenium.driver.CChromeDriver
Capabilities {acceptInsecureCerts: false, acceptSslCerts: false, applicationCacheEnabled: false, browserConnectionEnabled: false, browserName: chrome, chrome: {chromedriverVersion: 2.43.600229 (3fae4d0cda5334..., userDataDir: /var/folders/1t/c55l8xzs6gq...}, cssSelectorsEnabled: true, databaseEnabled: false, goog:chromeOptions: {debuggerAddress: localhost:54170}, handlesAlerts: true, hasTouchScreen: false, javascriptEnabled: true, locationContextEnabled: true, mobileEmulationEnabled: false, nativeEvents: true, networkConnectionEnabled: false, pageLoadStrategy: normal, platform: MAC, platformName: MAC, rotatable: false, setWindowRect: true, takesHeapSnapshot: true, takesScreenshot: true, unexpectedAlertBehaviour: , unhandledPromptBehavior: , version: 75.0.3770.100, webStorageEnabled: true}
Session ID: cfb4c4e03092855eb67c4e93ea78bda0)
	at com.kms.katalon.core.keyword.internal.KeywordMain.stepFailed(KeywordMain.groovy:36)
	at com.kms.katalon.core.webui.keyword.internal.WebUIKeywordMain.stepFailed(WebUIKeywordMain.groovy:65)
	at com.kms.katalon.core.webui.keyword.internal.WebUIKeywordMain.runKeyword(WebUIKeywordMain.groovy:27)
	at com.kms.katalon.core.webui.keyword.builtin.ClickKeyword.click(ClickKeyword.groovy:86)
	at com.kms.katalon.core.webui.keyword.builtin.ClickKeyword.execute(ClickKeyword.groovy:67)
	at com.kms.katalon.core.keyword.internal.KeywordExecutor.executeKeywordForPlatform(KeywordExecutor.groovy:53)
	at com.kms.katalon.core.webui.keyword.WebUiBuiltInKeywords.click(WebUiBuiltInKeywords.groovy:616)
	at com.kms.katalon.core.webui.keyword.WebUiBuiltInKeywords$click$1.call(Unknown Source)
	at Hero banner - CTA.run(Hero banner - CTA:48)
	at com.kms.katalon.core.main.ScriptEngine.run(ScriptEngine.java:194)
	at com.kms.katalon.core.main.ScriptEngine.runScriptAsRawText(ScriptEngine.java:119)
	at com.kms.katalon.core.main.TestCaseExecutor.runScript(TestCaseExecutor.java:328)
	at com.kms.katalon.core.main.TestCaseExecutor.doExecute(TestCaseExecutor.java:319)
	at com.kms.katalon.core.main.TestCaseExecutor.processExecutionPhase(TestCaseExecutor.java:298)
	at com.kms.katalon.core.main.TestCaseExecutor.accessMainPhase(TestCaseExecutor.java:290)
	at com.kms.katalon.core.main.TestCaseExecutor.execute(TestCaseExecutor.java:224)
	at com.kms.katalon.core.main.TestSuiteExecutor.accessTestCaseMainPhase(TestSuiteExecutor.java:129)
	at com.kms.katalon.core.main.TestSuiteExecutor.accessTestSuiteMainPhase(TestSuiteExecutor.java:112)
	at com.kms.katalon.core.main.TestSuiteExecutor.execute(TestSuiteExecutor.java:81)
	at com.kms.katalon.core.main.TestCaseMain.startTestSuite(TestCaseMain.java:149)
	at com.kms.katalon.core.main.TestCaseMain$startTestSuite$0.call(Unknown Source)
	at TempTestSuite1561478401383.run(TempTestSuite1561478401383.groovy:36)


2019-06-25 12:06:22 - [MESSAGE][FAILED] - Unable to click on object 'Object Repository/APOLLO- Desktop/Home page/Hero banner - CTA/Shop womesn outer wear' (Root cause: org.openqa.selenium.ElementNotVisibleException: element not interactable
  (Session info: chrome=75.0.3770.100)
  (Driver info: chromedriver=2.43.600229 (3fae4d0cda5334b4f533bede5a4787f7b832d052),platform=Mac OS X 10.13.6 x86_64) (WARNING: The server did not provide any stacktrace information)
Command duration or timeout: 0 milliseconds
Build info: version: '3.7.1', revision: '8a0099a', time: '2017-11-06T21:07:36.161Z'
System info: host: 'sumans-MacBook-Pro.local', ip: 'fe80:0:0:0:b7:68e8:717b:cb34%en0', os.name: 'Mac OS X', os.arch: 'x86_64', os.version: '10.13.6', java.version: '1.8.0_181'
Driver info: com.kms.katalon.selenium.driver.CChromeDriver
Capabilities {acceptInsecureCerts: false, acceptSslCerts: false, applicationCacheEnabled: false, browserConnectionEnabled: false, browserName: chrome, chrome: {chromedriverVersion: 2.43.600229 (3fae4d0cda5334..., userDataDir: /var/folders/1t/c55l8xzs6gq...}, cssSelectorsEnabled: true, databaseEnabled: false, goog:chromeOptions: {debuggerAddress: localhost:54170}, handlesAlerts: true, hasTouchScreen: false, javascriptEnabled: true, locationContextEnabled: true, mobileEmulationEnabled: false, nativeEvents: true, networkConnectionEnabled: false, pageLoadStrategy: normal, platform: MAC, platformName: MAC, rotatable: false, setWindowRect: true, takesHeapSnapshot: true, takesScreenshot: true, unexpectedAlertBehaviour: , unhandledPromptBehavior: , version: 75.0.3770.100, webStorageEnabled: true}
Session ID: cfb4c4e03092855eb67c4e93ea78bda0)
[[ATTACHMENT|/Users/sumankompelly/Katalon Studio/APOLLO/Reports/Apollo - dark build/20190625_120001/1561478781030.png]]

2019-06-25 12:06:22 - [MESSAGE][FAILED] - click(findTestObject("APOLLO- Desktop/Home page/Hero banner - CTA/Shop womesn outer wear")) FAILED.
Reason:
com.kms.katalon.core.exception.StepFailedException: Unable to click on object 'Object Repository/APOLLO- Desktop/Home page/Hero banner - CTA/Shop womesn outer wear' (Root cause: org.openqa.selenium.ElementNotVisibleException: element not interactable
  (Session info: chrome=75.0.3770.100)
  (Driver info: chromedriver=2.43.600229 (3fae4d0cda5334b4f533bede5a4787f7b832d052),platform=Mac OS X 10.13.6 x86_64) (WARNING: The server did not provide any stacktrace information)
Command duration or timeout: 0 milliseconds
Build info: version: '3.7.1', revision: '8a0099a', time: '2017-11-06T21:07:36.161Z'
System info: host: 'sumans-MacBook-Pro.local', ip: 'fe80:0:0:0:b7:68e8:717b:cb34%en0', os.name: 'Mac OS X', os.arch: 'x86_64', os.version: '10.13.6', java.version: '1.8.0_181'
Driver info: com.kms.katalon.selenium.driver.CChromeDriver
Capabilities {acceptInsecureCerts: false, acceptSslCerts: false, applicationCacheEnabled: false, browserConnectionEnabled: false, browserName: chrome, chrome: {chromedriverVersion: 2.43.600229 (3fae4d0cda5334..., userDataDir: /var/folders/1t/c55l8xzs6gq...}, cssSelectorsEnabled: true, databaseEnabled: false, goog:chromeOptions: {debuggerAddress: localhost:54170}, handlesAlerts: true, hasTouchScreen: false, javascriptEnabled: true, locationContextEnabled: true, mobileEmulationEnabled: false, nativeEvents: true, networkConnectionEnabled: false, pageLoadStrategy: normal, platform: MAC, platformName: MAC, rotatable: false, setWindowRect: true, takesHeapSnapshot: true, takesScreenshot: true, unexpectedAlertBehaviour: , unhandledPromptBehavior: , version: 75.0.3770.100, webStorageEnabled: true}
Session ID: cfb4c4e03092855eb67c4e93ea78bda0)
	at com.kms.katalon.core.keyword.internal.KeywordMain.stepFailed(KeywordMain.groovy:36)
	at com.kms.katalon.core.webui.keyword.internal.WebUIKeywordMain.stepFailed(WebUIKeywordMain.groovy:65)
	at com.kms.katalon.core.webui.keyword.internal.WebUIKeywordMain.runKeyword(WebUIKeywordMain.groovy:27)
	at com.kms.katalon.core.webui.keyword.builtin.ClickKeyword.click(ClickKeyword.groovy:86)
	at com.kms.katalon.core.webui.keyword.builtin.ClickKeyword.execute(ClickKeyword.groovy:67)
	at com.kms.katalon.core.keyword.internal.KeywordExecutor.executeKeywordForPlatform(KeywordExecutor.groovy:53)
	at com.kms.katalon.core.webui.keyword.WebUiBuiltInKeywords.click(WebUiBuiltInKeywords.groovy:616)
	at com.kms.katalon.core.webui.keyword.WebUiBuiltInKeywords$click$1.call(Unknown Source)
	at Hero banner - CTA.run(Hero banner - CTA:48)
	at com.kms.katalon.core.main.ScriptEngine.run(ScriptEngine.java:194)
	at com.kms.katalon.core.main.ScriptEngine.runScriptAsRawText(ScriptEngine.java:119)
	at com.kms.katalon.core.main.TestCaseExecutor.runScript(TestCaseExecutor.java:328)
	at com.kms.katalon.core.main.TestCaseExecutor.doExecute(TestCaseExecutor.java:319)
	at com.kms.katalon.core.main.TestCaseExecutor.processExecutionPhase(TestCaseExecutor.java:298)
	at com.kms.katalon.core.main.TestCaseExecutor.accessMainPhase(TestCaseExecutor.java:290)
	at com.kms.katalon.core.main.TestCaseExecutor.execute(TestCaseExecutor.java:224)
	at com.kms.katalon.core.main.TestSuiteExecutor.accessTestCaseMainPhase(TestSuiteExecutor.java:129)
	at com.kms.katalon.core.main.TestSuiteExecutor.accessTestSuiteMainPhase(TestSuiteExecutor.java:112)
	at com.kms.katalon.core.main.TestSuiteExecutor.execute(TestSuiteExecutor.java:81)
	at com.kms.katalon.core.main.TestCaseMain.startTestSuite(TestCaseMain.java:149)
	at com.kms.katalon.core.main.TestCaseMain$startTestSuite$0.call(Unknown Source)
	at TempTestSuite1561478401383.run(TempTestSuite1561478401383.groovy:36)]]></system-out>
         <system-err><![CDATA[2019-06-25 12:05:49 - [TEST_CASE][FAILED] - Test Cases/HOME PAGE/Hero banner - CTA: Test Cases/HOME PAGE/Hero banner - CTA FAILED.
Reason:
com.kms.katalon.core.exception.StepFailedException: Unable to click on object 'Object Repository/APOLLO- Desktop/Home page/Hero banner - CTA/Shop womesn outer wear' (Root cause: org.openqa.selenium.ElementNotVisibleException: element not interactable
  (Session info: chrome=75.0.3770.100)
  (Driver info: chromedriver=2.43.600229 (3fae4d0cda5334b4f533bede5a4787f7b832d052),platform=Mac OS X 10.13.6 x86_64) (WARNING: The server did not provide any stacktrace information)
Command duration or timeout: 0 milliseconds
Build info: version: '3.7.1', revision: '8a0099a', time: '2017-11-06T21:07:36.161Z'
System info: host: 'sumans-MacBook-Pro.local', ip: 'fe80:0:0:0:b7:68e8:717b:cb34%en0', os.name: 'Mac OS X', os.arch: 'x86_64', os.version: '10.13.6', java.version: '1.8.0_181'
Driver info: com.kms.katalon.selenium.driver.CChromeDriver
Capabilities {acceptInsecureCerts: false, acceptSslCerts: false, applicationCacheEnabled: false, browserConnectionEnabled: false, browserName: chrome, chrome: {chromedriverVersion: 2.43.600229 (3fae4d0cda5334..., userDataDir: /var/folders/1t/c55l8xzs6gq...}, cssSelectorsEnabled: true, databaseEnabled: false, goog:chromeOptions: {debuggerAddress: localhost:54170}, handlesAlerts: true, hasTouchScreen: false, javascriptEnabled: true, locationContextEnabled: true, mobileEmulationEnabled: false, nativeEvents: true, networkConnectionEnabled: false, pageLoadStrategy: normal, platform: MAC, platformName: MAC, rotatable: false, setWindowRect: true, takesHeapSnapshot: true, takesScreenshot: true, unexpectedAlertBehaviour: , unhandledPromptBehavior: , version: 75.0.3770.100, webStorageEnabled: true}
Session ID: cfb4c4e03092855eb67c4e93ea78bda0)
	at com.kms.katalon.core.keyword.internal.KeywordMain.stepFailed(KeywordMain.groovy:36)
	at com.kms.katalon.core.webui.keyword.internal.WebUIKeywordMain.stepFailed(WebUIKeywordMain.groovy:65)
	at com.kms.katalon.core.webui.keyword.internal.WebUIKeywordMain.runKeyword(WebUIKeywordMain.groovy:27)
	at com.kms.katalon.core.webui.keyword.builtin.ClickKeyword.click(ClickKeyword.groovy:86)
	at com.kms.katalon.core.webui.keyword.builtin.ClickKeyword.execute(ClickKeyword.groovy:67)
	at com.kms.katalon.core.keyword.internal.KeywordExecutor.executeKeywordForPlatform(KeywordExecutor.groovy:53)
	at com.kms.katalon.core.webui.keyword.WebUiBuiltInKeywords.click(WebUiBuiltInKeywords.groovy:616)
	at com.kms.katalon.core.webui.keyword.WebUiBuiltInKeywords$click$1.call(Unknown Source)
	at Hero banner - CTA.run(Hero banner - CTA:48)
	at com.kms.katalon.core.main.ScriptEngine.run(ScriptEngine.java:194)
	at com.kms.katalon.core.main.ScriptEngine.runScriptAsRawText(ScriptEngine.java:119)
	at com.kms.katalon.core.main.TestCaseExecutor.runScript(TestCaseExecutor.java:328)
	at com.kms.katalon.core.main.TestCaseExecutor.doExecute(TestCaseExecutor.java:319)
	at com.kms.katalon.core.main.TestCaseExecutor.processExecutionPhase(TestCaseExecutor.java:298)
	at com.kms.katalon.core.main.TestCaseExecutor.accessMainPhase(TestCaseExecutor.java:290)
	at com.kms.katalon.core.main.TestCaseExecutor.execute(TestCaseExecutor.java:224)
	at com.kms.katalon.core.main.TestSuiteExecutor.accessTestCaseMainPhase(TestSuiteExecutor.java:129)
	at com.kms.katalon.core.main.TestSuiteExecutor.accessTestSuiteMainPhase(TestSuiteExecutor.java:112)
	at com.kms.katalon.core.main.TestSuiteExecutor.execute(TestSuiteExecutor.java:81)
	at com.kms.katalon.core.main.TestCaseMain.startTestSuite(TestCaseMain.java:149)
	at com.kms.katalon.core.main.TestCaseMain$startTestSuite$0.call(Unknown Source)
	at TempTestSuite1561478401383.run(TempTestSuite1561478401383.groovy:36)]]></system-err>
      </testcase>
      <testcase name="Test Cases/HOME PAGE/Burger menu - navigation links" classname="Test Cases/HOME PAGE/Burger menu - navigation links" status="PASSED">
         <system-out><![CDATA[2019-06-25 12:06:22 - [TEST_CASE][PASSED] - Test Cases/HOME PAGE/Burger menu - navigation links: Test Cases/HOME PAGE/Burger menu - navigation links

2019-06-25 12:06:22 - [TEST_STEP][PASSED] - callTestCase(findTestCase("CALL - URL"), [:], STOP_ON_FAILURE): Call Test Case 'Test Cases/CALL - URL' successfully

2019-06-25 12:06:22 - [TEST_CASE][PASSED] - Test Cases/CALL - URL: Test Cases/CALL - URL

2019-06-25 12:06:22 - [TEST_STEP][PASSED] - openBrowser(""): Browser is opened with url: ''

2019-06-25 12:06:22 - [MESSAGE][WARNING] - A browser is already opened. Closing browser and opening a new one

2019-06-25 12:06:22 - [MESSAGE][INFO] - Starting 'Chrome' driver

2019-06-25 12:06:24 - [MESSAGE][PASSED] - Browser is opened with url: ''

2019-06-25 12:06:24 - [TEST_STEP][PASSED] - navigateToUrl("https://diff-apollo.myshopify.com/?key=eec34184cfd8f82cda816f82753a8c8e9e240f30cf54470e19667b8cbb401948&preview_theme_id="): Navigate to 'https://diff-apollo.myshopify.com/?key=eec34184cfd8f82cda816f82753a8c8e9e240f30cf54470e19667b8cbb401948&preview_theme_id=' successfully

2019-06-25 12:06:26 - [MESSAGE][PASSED] - Navigate to 'https://diff-apollo.myshopify.com/?key=eec34184cfd8f82cda816f82753a8c8e9e240f30cf54470e19667b8cbb401948&preview_theme_id=' successfully

2019-06-25 12:06:26 - [TEST_STEP][NOT_RUN] - executeJavaScript("var previewBar = document.getElementById("preview-bar-iframe"); previewBar.style.display = "none";", []): NOT_RUN: executeJavaScript("var previewBar = document.getElementById("preview-bar-iframe"); previewBar.style.display = "none";", [])

2019-06-25 12:06:26 - [MESSAGE][NOT_RUN] - NOT_RUN: executeJavaScript("var previewBar = document.getElementById("preview-bar-iframe"); previewBar.style.display = "none";", [])

2019-06-25 12:06:26 - [MESSAGE][PASSED] - Call Test Case 'Test Cases/CALL - URL' successfully

2019-06-25 12:06:26 - [TEST_STEP][PASSED] - delay(2): Delayed 2 second(s)

2019-06-25 12:06:28 - [MESSAGE][PASSED] - Delayed 2 second(s)

2019-06-25 12:06:28 - [TEST_STEP][PASSED] - click(findTestObject("APOLLO- Desktop/Burger Menu/Burgermenu")): Object: 'Object Repository/APOLLO- Desktop/Burger Menu/Burgermenu' is clicked on

2019-06-25 12:06:28 - [MESSAGE][PASSED] - Object: 'Object Repository/APOLLO- Desktop/Burger Menu/Burgermenu' is clicked on

2019-06-25 12:06:28 - [TEST_STEP][PASSED] - delay(2): Delayed 2 second(s)

2019-06-25 12:06:30 - [MESSAGE][PASSED] - Delayed 2 second(s)

2019-06-25 12:06:30 - [TEST_STEP][PASSED] - click(findTestObject("APOLLO- Desktop/Burger Menu/Mens chevron")): Object: 'Object Repository/APOLLO- Desktop/Burger Menu/Mens chevron' is clicked on

2019-06-25 12:06:31 - [MESSAGE][PASSED] - Object: 'Object Repository/APOLLO- Desktop/Burger Menu/Mens chevron' is clicked on

2019-06-25 12:06:31 - [TEST_STEP][PASSED] - delay(2): Delayed 2 second(s)

2019-06-25 12:06:33 - [MESSAGE][PASSED] - Delayed 2 second(s)

2019-06-25 12:06:33 - [TEST_STEP][PASSED] - click(findTestObject("APOLLO- Desktop/Burger Menu/Mens - Top Chevron")): Object: 'Object Repository/APOLLO- Desktop/Burger Menu/Mens - Top Chevron' is clicked on

2019-06-25 12:06:33 - [MESSAGE][PASSED] - Object: 'Object Repository/APOLLO- Desktop/Burger Menu/Mens - Top Chevron' is clicked on

2019-06-25 12:06:33 - [TEST_STEP][PASSED] - delay(2): Delayed 2 second(s)

2019-06-25 12:06:35 - [MESSAGE][PASSED] - Delayed 2 second(s)

2019-06-25 12:06:35 - [TEST_STEP][PASSED] - click(findTestObject("APOLLO- Desktop/Burger Menu/Shirts link")): Object: 'Object Repository/APOLLO- Desktop/Burger Menu/Shirts link' is clicked on

2019-06-25 12:06:35 - [MESSAGE][PASSED] - Object: 'Object Repository/APOLLO- Desktop/Burger Menu/Shirts link' is clicked on

2019-06-25 12:06:35 - [TEST_STEP][PASSED] - delay(2): Delayed 2 second(s)

2019-06-25 12:06:37 - [MESSAGE][PASSED] - Delayed 2 second(s)

2019-06-25 12:06:37 - [TEST_STEP][PASSED] - click(findTestObject("APOLLO- Desktop/Burger Menu/Burgermenu")): Object: 'Object Repository/APOLLO- Desktop/Burger Menu/Burgermenu' is clicked on

2019-06-25 12:06:37 - [MESSAGE][PASSED] - Object: 'Object Repository/APOLLO- Desktop/Burger Menu/Burgermenu' is clicked on

2019-06-25 12:06:37 - [TEST_STEP][PASSED] - delay(2): Delayed 2 second(s)

2019-06-25 12:06:39 - [MESSAGE][PASSED] - Delayed 2 second(s)

2019-06-25 12:06:39 - [TEST_STEP][PASSED] - click(findTestObject("APOLLO- Desktop/Burger Menu/Mens chevron")): Object: 'Object Repository/APOLLO- Desktop/Burger Menu/Mens chevron' is clicked on

2019-06-25 12:06:40 - [MESSAGE][PASSED] - Object: 'Object Repository/APOLLO- Desktop/Burger Menu/Mens chevron' is clicked on

2019-06-25 12:06:40 - [TEST_STEP][PASSED] - delay(2): Delayed 2 second(s)

2019-06-25 12:06:42 - [MESSAGE][PASSED] - Delayed 2 second(s)

2019-06-25 12:06:42 - [TEST_STEP][PASSED] - click(findTestObject("APOLLO- Desktop/Burger Menu/Mens - Top Chevron")): Object: 'Object Repository/APOLLO- Desktop/Burger Menu/Mens - Top Chevron' is clicked on

2019-06-25 12:06:42 - [MESSAGE][PASSED] - Object: 'Object Repository/APOLLO- Desktop/Burger Menu/Mens - Top Chevron' is clicked on

2019-06-25 12:06:42 - [TEST_STEP][PASSED] - delay(2): Delayed 2 second(s)

2019-06-25 12:06:44 - [MESSAGE][PASSED] - Delayed 2 second(s)

2019-06-25 12:06:44 - [TEST_STEP][PASSED] - click(findTestObject("APOLLO- Desktop/Burger Menu/T- Shirts link")): Object: 'Object Repository/APOLLO- Desktop/Burger Menu/T- Shirts link' is clicked on

2019-06-25 12:06:46 - [MESSAGE][PASSED] - Object: 'Object Repository/APOLLO- Desktop/Burger Menu/T- Shirts link' is clicked on

2019-06-25 12:06:46 - [TEST_STEP][PASSED] - delay(2): Delayed 2 second(s)

2019-06-25 12:06:48 - [MESSAGE][PASSED] - Delayed 2 second(s)

2019-06-25 12:06:48 - [TEST_STEP][PASSED] - click(findTestObject("APOLLO- Desktop/Burger Menu/Burgermenu")): Object: 'Object Repository/APOLLO- Desktop/Burger Menu/Burgermenu' is clicked on

2019-06-25 12:06:48 - [MESSAGE][PASSED] - Object: 'Object Repository/APOLLO- Desktop/Burger Menu/Burgermenu' is clicked on

2019-06-25 12:06:48 - [TEST_STEP][PASSED] - delay(2): Delayed 2 second(s)

2019-06-25 12:06:50 - [MESSAGE][PASSED] - Delayed 2 second(s)

2019-06-25 12:06:50 - [TEST_STEP][PASSED] - click(findTestObject("APOLLO- Desktop/Burger Menu/Mens chevron")): Object: 'Object Repository/APOLLO- Desktop/Burger Menu/Mens chevron' is clicked on

2019-06-25 12:06:51 - [MESSAGE][PASSED] - Object: 'Object Repository/APOLLO- Desktop/Burger Menu/Mens chevron' is clicked on

2019-06-25 12:06:51 - [TEST_STEP][PASSED] - delay(2): Delayed 2 second(s)

2019-06-25 12:06:53 - [MESSAGE][PASSED] - Delayed 2 second(s)

2019-06-25 12:06:53 - [TEST_STEP][PASSED] - click(findTestObject("APOLLO- Desktop/Burger Menu/Mens - Top Chevron")): Object: 'Object Repository/APOLLO- Desktop/Burger Menu/Mens - Top Chevron' is clicked on

2019-06-25 12:06:53 - [MESSAGE][PASSED] - Object: 'Object Repository/APOLLO- Desktop/Burger Menu/Mens - Top Chevron' is clicked on

2019-06-25 12:06:53 - [TEST_STEP][PASSED] - delay(2): Delayed 2 second(s)

2019-06-25 12:06:55 - [MESSAGE][PASSED] - Delayed 2 second(s)

2019-06-25 12:06:55 - [TEST_STEP][PASSED] - click(findTestObject("APOLLO- Desktop/Burger Menu/Sweaters")): Object: 'Object Repository/APOLLO- Desktop/Burger Menu/Sweaters' is clicked on

2019-06-25 12:06:57 - [MESSAGE][PASSED] - Object: 'Object Repository/APOLLO- Desktop/Burger Menu/Sweaters' is clicked on

2019-06-25 12:06:57 - [TEST_STEP][PASSED] - delay(2): Delayed 2 second(s)

2019-06-25 12:06:59 - [MESSAGE][PASSED] - Delayed 2 second(s)

2019-06-25 12:06:59 - [TEST_STEP][PASSED] - click(findTestObject("APOLLO- Desktop/Burger Menu/Burgermenu")): Object: 'Object Repository/APOLLO- Desktop/Burger Menu/Burgermenu' is clicked on

2019-06-25 12:06:59 - [MESSAGE][PASSED] - Object: 'Object Repository/APOLLO- Desktop/Burger Menu/Burgermenu' is clicked on

2019-06-25 12:06:59 - [TEST_STEP][PASSED] - delay(2): Delayed 2 second(s)

2019-06-25 12:07:01 - [MESSAGE][PASSED] - Delayed 2 second(s)

2019-06-25 12:07:01 - [TEST_STEP][PASSED] - click(findTestObject("APOLLO- Desktop/Burger Menu/Women link")): Object: 'Object Repository/APOLLO- Desktop/Burger Menu/Women link' is clicked on

2019-06-25 12:07:01 - [MESSAGE][PASSED] - Object: 'Object Repository/APOLLO- Desktop/Burger Menu/Women link' is clicked on

2019-06-25 12:07:01 - [TEST_STEP][PASSED] - delay(2): Delayed 2 second(s)

2019-06-25 12:07:03 - [MESSAGE][PASSED] - Delayed 2 second(s)

2019-06-25 12:07:03 - [TEST_STEP][PASSED] - click(findTestObject("APOLLO- Desktop/Burger Menu/Jackets - Coats")): Object: 'Object Repository/APOLLO- Desktop/Burger Menu/Jackets - Coats' is clicked on

2019-06-25 12:07:05 - [MESSAGE][PASSED] - Object: 'Object Repository/APOLLO- Desktop/Burger Menu/Jackets - Coats' is clicked on

2019-06-25 12:07:05 - [TEST_STEP][PASSED] - delay(2): Delayed 2 second(s)

2019-06-25 12:07:07 - [MESSAGE][PASSED] - Delayed 2 second(s)

2019-06-25 12:07:07 - [TEST_STEP][PASSED] - click(findTestObject("APOLLO- Desktop/Burger Menu/Burgermenu")): Object: 'Object Repository/APOLLO- Desktop/Burger Menu/Burgermenu' is clicked on

2019-06-25 12:07:07 - [MESSAGE][PASSED] - Object: 'Object Repository/APOLLO- Desktop/Burger Menu/Burgermenu' is clicked on

2019-06-25 12:07:07 - [TEST_STEP][PASSED] - delay(2): Delayed 2 second(s)

2019-06-25 12:07:09 - [MESSAGE][PASSED] - Delayed 2 second(s)

2019-06-25 12:07:09 - [TEST_STEP][PASSED] - click(findTestObject("APOLLO- Desktop/Burger Menu/Women link")): Object: 'Object Repository/APOLLO- Desktop/Burger Menu/Women link' is clicked on

2019-06-25 12:07:09 - [MESSAGE][PASSED] - Object: 'Object Repository/APOLLO- Desktop/Burger Menu/Women link' is clicked on

2019-06-25 12:07:09 - [TEST_STEP][PASSED] - delay(2): Delayed 2 second(s)

2019-06-25 12:07:11 - [MESSAGE][PASSED] - Delayed 2 second(s)

2019-06-25 12:07:11 - [TEST_STEP][PASSED] - click(findTestObject("APOLLO- Desktop/Burger Menu/Bottoms")): Object: 'Object Repository/APOLLO- Desktop/Burger Menu/Bottoms' is clicked on

2019-06-25 12:07:13 - [MESSAGE][PASSED] - Object: 'Object Repository/APOLLO- Desktop/Burger Menu/Bottoms' is clicked on

2019-06-25 12:07:13 - [TEST_STEP][PASSED] - delay(2): Delayed 2 second(s)

2019-06-25 12:07:15 - [MESSAGE][PASSED] - Delayed 2 second(s)

2019-06-25 12:07:15 - [TEST_STEP][PASSED] - click(findTestObject("APOLLO- Desktop/Burger Menu/Burgermenu")): Object: 'Object Repository/APOLLO- Desktop/Burger Menu/Burgermenu' is clicked on

2019-06-25 12:07:15 - [MESSAGE][PASSED] - Object: 'Object Repository/APOLLO- Desktop/Burger Menu/Burgermenu' is clicked on

2019-06-25 12:07:15 - [TEST_STEP][PASSED] - delay(2): Delayed 2 second(s)

2019-06-25 12:07:17 - [MESSAGE][PASSED] - Delayed 2 second(s)

2019-06-25 12:07:17 - [TEST_STEP][PASSED] - click(findTestObject("APOLLO- Desktop/Burger Menu/Women link")): Object: 'Object Repository/APOLLO- Desktop/Burger Menu/Women link' is clicked on

2019-06-25 12:07:17 - [MESSAGE][PASSED] - Object: 'Object Repository/APOLLO- Desktop/Burger Menu/Women link' is clicked on

2019-06-25 12:07:17 - [TEST_STEP][PASSED] - delay(2): Delayed 2 second(s)

2019-06-25 12:07:19 - [MESSAGE][PASSED] - Delayed 2 second(s)

2019-06-25 12:07:19 - [TEST_STEP][PASSED] - click(findTestObject("APOLLO- Desktop/Burger Menu/Shop all")): Object: 'Object Repository/APOLLO- Desktop/Burger Menu/Shop all' is clicked on

2019-06-25 12:07:20 - [MESSAGE][PASSED] - Object: 'Object Repository/APOLLO- Desktop/Burger Menu/Shop all' is clicked on

2019-06-25 12:07:20 - [TEST_STEP][PASSED] - delay(2): Delayed 2 second(s)

2019-06-25 12:07:22 - [MESSAGE][PASSED] - Delayed 2 second(s)

2019-06-25 12:07:22 - [TEST_STEP][PASSED] - click(findTestObject("APOLLO- Desktop/Burger Menu/Burgermenu")): Object: 'Object Repository/APOLLO- Desktop/Burger Menu/Burgermenu' is clicked on

2019-06-25 12:07:22 - [MESSAGE][PASSED] - Object: 'Object Repository/APOLLO- Desktop/Burger Menu/Burgermenu' is clicked on

2019-06-25 12:07:22 - [TEST_STEP][PASSED] - delay(2): Delayed 2 second(s)

2019-06-25 12:07:24 - [MESSAGE][PASSED] - Delayed 2 second(s)

2019-06-25 12:07:24 - [TEST_STEP][PASSED] - click(findTestObject("APOLLO- Desktop/Burger Menu/Women link")): Object: 'Object Repository/APOLLO- Desktop/Burger Menu/Women link' is clicked on

2019-06-25 12:07:24 - [MESSAGE][PASSED] - Object: 'Object Repository/APOLLO- Desktop/Burger Menu/Women link' is clicked on

2019-06-25 12:07:24 - [TEST_STEP][PASSED] - delay(2): Delayed 2 second(s)

2019-06-25 12:07:26 - [MESSAGE][PASSED] - Delayed 2 second(s)

2019-06-25 12:07:26 - [TEST_STEP][PASSED] - click(findTestObject("APOLLO- Desktop/Burger Menu/Women - Top Chevron")): Object: 'Object Repository/APOLLO- Desktop/Burger Menu/Women - Top Chevron' is clicked on

2019-06-25 12:07:26 - [MESSAGE][PASSED] - Object: 'Object Repository/APOLLO- Desktop/Burger Menu/Women - Top Chevron' is clicked on

2019-06-25 12:07:26 - [TEST_STEP][PASSED] - delay(2): Delayed 2 second(s)

2019-06-25 12:07:28 - [MESSAGE][PASSED] - Delayed 2 second(s)

2019-06-25 12:07:28 - [TEST_STEP][PASSED] - click(findTestObject("APOLLO- Desktop/Burger Menu/Shirts link - women")): Object: 'Object Repository/APOLLO- Desktop/Burger Menu/Shirts link - women' is clicked on

2019-06-25 12:07:31 - [MESSAGE][PASSED] - Object: 'Object Repository/APOLLO- Desktop/Burger Menu/Shirts link - women' is clicked on

2019-06-25 12:07:31 - [TEST_STEP][PASSED] - delay(2): Delayed 2 second(s)

2019-06-25 12:07:33 - [MESSAGE][PASSED] - Delayed 2 second(s)

2019-06-25 12:07:33 - [TEST_STEP][PASSED] - click(findTestObject("APOLLO- Desktop/Burger Menu/Burgermenu")): Object: 'Object Repository/APOLLO- Desktop/Burger Menu/Burgermenu' is clicked on

2019-06-25 12:07:33 - [MESSAGE][PASSED] - Object: 'Object Repository/APOLLO- Desktop/Burger Menu/Burgermenu' is clicked on

2019-06-25 12:07:33 - [TEST_STEP][PASSED] - delay(2): Delayed 2 second(s)

2019-06-25 12:07:35 - [MESSAGE][PASSED] - Delayed 2 second(s)

2019-06-25 12:07:35 - [TEST_STEP][PASSED] - click(findTestObject("APOLLO- Desktop/Burger Menu/Women link")): Object: 'Object Repository/APOLLO- Desktop/Burger Menu/Women link' is clicked on

2019-06-25 12:07:35 - [MESSAGE][PASSED] - Object: 'Object Repository/APOLLO- Desktop/Burger Menu/Women link' is clicked on

2019-06-25 12:07:35 - [TEST_STEP][PASSED] - delay(2): Delayed 2 second(s)

2019-06-25 12:07:37 - [MESSAGE][PASSED] - Delayed 2 second(s)

2019-06-25 12:07:37 - [TEST_STEP][PASSED] - click(findTestObject("APOLLO- Desktop/Burger Menu/Women - Top Chevron")): Object: 'Object Repository/APOLLO- Desktop/Burger Menu/Women - Top Chevron' is clicked on

2019-06-25 12:07:37 - [MESSAGE][PASSED] - Object: 'Object Repository/APOLLO- Desktop/Burger Menu/Women - Top Chevron' is clicked on

2019-06-25 12:07:37 - [TEST_STEP][PASSED] - delay(2): Delayed 2 second(s)

2019-06-25 12:07:39 - [MESSAGE][PASSED] - Delayed 2 second(s)

2019-06-25 12:07:39 - [TEST_STEP][PASSED] - click(findTestObject("APOLLO- Desktop/Burger Menu/Sweaters - women")): Object: 'Object Repository/APOLLO- Desktop/Burger Menu/Sweaters - women' is clicked on

2019-06-25 12:07:42 - [MESSAGE][PASSED] - Object: 'Object Repository/APOLLO- Desktop/Burger Menu/Sweaters - women' is clicked on

2019-06-25 12:07:42 - [TEST_STEP][PASSED] - delay(2): Delayed 2 second(s)

2019-06-25 12:07:44 - [MESSAGE][PASSED] - Delayed 2 second(s)

2019-06-25 12:07:44 - [TEST_STEP][PASSED] - click(findTestObject("APOLLO- Desktop/Burger Menu/Burgermenu")): Object: 'Object Repository/APOLLO- Desktop/Burger Menu/Burgermenu' is clicked on

2019-06-25 12:07:45 - [MESSAGE][PASSED] - Object: 'Object Repository/APOLLO- Desktop/Burger Menu/Burgermenu' is clicked on

2019-06-25 12:07:45 - [TEST_STEP][PASSED] - delay(2): Delayed 2 second(s)

2019-06-25 12:07:47 - [MESSAGE][PASSED] - Delayed 2 second(s)

2019-06-25 12:07:47 - [TEST_STEP][PASSED] - click(findTestObject("APOLLO- Desktop/Burger Menu/KIds link")): Object: 'Object Repository/APOLLO- Desktop/Burger Menu/KIds link' is clicked on

2019-06-25 12:07:48 - [MESSAGE][PASSED] - Object: 'Object Repository/APOLLO- Desktop/Burger Menu/KIds link' is clicked on

2019-06-25 12:07:48 - [TEST_STEP][PASSED] - delay(2): Delayed 2 second(s)

2019-06-25 12:07:50 - [MESSAGE][PASSED] - Delayed 2 second(s)

2019-06-25 12:07:50 - [TEST_STEP][PASSED] - click(findTestObject("APOLLO- Desktop/Burger Menu/Burgermenu")): Object: 'Object Repository/APOLLO- Desktop/Burger Menu/Burgermenu' is clicked on

2019-06-25 12:07:50 - [MESSAGE][PASSED] - Object: 'Object Repository/APOLLO- Desktop/Burger Menu/Burgermenu' is clicked on

2019-06-25 12:07:50 - [TEST_STEP][PASSED] - delay(2): Delayed 2 second(s)

2019-06-25 12:07:52 - [MESSAGE][PASSED] - Delayed 2 second(s)

2019-06-25 12:07:52 - [TEST_STEP][PASSED] - click(findTestObject("APOLLO- Desktop/Burger Menu/collections")): Object: 'Object Repository/APOLLO- Desktop/Burger Menu/collections' is clicked on

2019-06-25 12:07:53 - [MESSAGE][PASSED] - Object: 'Object Repository/APOLLO- Desktop/Burger Menu/collections' is clicked on

2019-06-25 12:07:53 - [TEST_STEP][PASSED] - delay(2): Delayed 2 second(s)

2019-06-25 12:07:55 - [MESSAGE][PASSED] - Delayed 2 second(s)

2019-06-25 12:07:55 - [TEST_STEP][PASSED] - click(findTestObject("APOLLO- Desktop/Burger Menu/Burgermenu")): Object: 'Object Repository/APOLLO- Desktop/Burger Menu/Burgermenu' is clicked on

2019-06-25 12:07:55 - [MESSAGE][PASSED] - Object: 'Object Repository/APOLLO- Desktop/Burger Menu/Burgermenu' is clicked on

2019-06-25 12:07:55 - [TEST_STEP][PASSED] - delay(2): Delayed 2 second(s)

2019-06-25 12:07:57 - [MESSAGE][PASSED] - Delayed 2 second(s)

2019-06-25 12:07:57 - [TEST_STEP][PASSED] - click(findTestObject("APOLLO- Desktop/Burger Menu/About")): Object: 'Object Repository/APOLLO- Desktop/Burger Menu/About' is clicked on

2019-06-25 12:07:59 - [MESSAGE][PASSED] - Object: 'Object Repository/APOLLO- Desktop/Burger Menu/About' is clicked on

2019-06-25 12:07:59 - [TEST_STEP][PASSED] - delay(2): Delayed 2 second(s)

2019-06-25 12:08:01 - [MESSAGE][PASSED] - Delayed 2 second(s)

2019-06-25 12:08:01 - [TEST_STEP][PASSED] - click(findTestObject("APOLLO- Desktop/Burger Menu/Burgermenu")): Object: 'Object Repository/APOLLO- Desktop/Burger Menu/Burgermenu' is clicked on

2019-06-25 12:08:01 - [MESSAGE][PASSED] - Object: 'Object Repository/APOLLO- Desktop/Burger Menu/Burgermenu' is clicked on

2019-06-25 12:08:01 - [TEST_STEP][PASSED] - delay(2): Delayed 2 second(s)

2019-06-25 12:08:03 - [MESSAGE][PASSED] - Delayed 2 second(s)

2019-06-25 12:08:03 - [TEST_STEP][PASSED] - click(findTestObject("APOLLO- Desktop/Burger Menu/Blog")): Object: 'Object Repository/APOLLO- Desktop/Burger Menu/Blog' is clicked on

2019-06-25 12:08:04 - [MESSAGE][PASSED] - Object: 'Object Repository/APOLLO- Desktop/Burger Menu/Blog' is clicked on

2019-06-25 12:08:04 - [TEST_STEP][PASSED] - delay(2): Delayed 2 second(s)

2019-06-25 12:08:06 - [MESSAGE][PASSED] - Delayed 2 second(s)

2019-06-25 12:08:06 - [TEST_STEP][PASSED] - click(findTestObject("APOLLO- Desktop/Burger Menu/Burgermenu")): Object: 'Object Repository/APOLLO- Desktop/Burger Menu/Burgermenu' is clicked on

2019-06-25 12:08:06 - [MESSAGE][PASSED] - Object: 'Object Repository/APOLLO- Desktop/Burger Menu/Burgermenu' is clicked on

2019-06-25 12:08:06 - [TEST_STEP][PASSED] - delay(2): Delayed 2 second(s)

2019-06-25 12:08:08 - [MESSAGE][PASSED] - Delayed 2 second(s)

2019-06-25 12:08:08 - [TEST_STEP][PASSED] - click(findTestObject("APOLLO- Desktop/Burger Menu/Support")): Object: 'Object Repository/APOLLO- Desktop/Burger Menu/Support' is clicked on

2019-06-25 12:08:09 - [MESSAGE][PASSED] - Object: 'Object Repository/APOLLO- Desktop/Burger Menu/Support' is clicked on

2019-06-25 12:08:09 - [TEST_STEP][PASSED] - delay(2): Delayed 2 second(s)

2019-06-25 12:08:11 - [MESSAGE][PASSED] - Delayed 2 second(s)

2019-06-25 12:08:11 - [TEST_STEP][PASSED] - click(findTestObject("APOLLO- Desktop/Burger Menu/Burgermenu")): Object: 'Object Repository/APOLLO- Desktop/Burger Menu/Burgermenu' is clicked on

2019-06-25 12:08:11 - [MESSAGE][PASSED] - Object: 'Object Repository/APOLLO- Desktop/Burger Menu/Burgermenu' is clicked on

2019-06-25 12:08:11 - [TEST_STEP][PASSED] - delay(2): Delayed 2 second(s)

2019-06-25 12:08:13 - [MESSAGE][PASSED] - Delayed 2 second(s)

2019-06-25 12:08:13 - [TEST_STEP][PASSED] - click(findTestObject("APOLLO- Desktop/Burger Menu/Contact us")): Object: 'Object Repository/APOLLO- Desktop/Burger Menu/Contact us' is clicked on

2019-06-25 12:08:14 - [MESSAGE][PASSED] - Object: 'Object Repository/APOLLO- Desktop/Burger Menu/Contact us' is clicked on]]></system-out>
         <system-err><![CDATA[]]></system-err>
      </testcase>
      <testcase name="Test Cases/HOME PAGE/Featured collection" classname="Test Cases/HOME PAGE/Featured collection" status="PASSED">
         <system-out><![CDATA[2019-06-25 12:08:14 - [TEST_CASE][PASSED] - Test Cases/HOME PAGE/Featured collection: Test Cases/HOME PAGE/Featured collection

2019-06-25 12:08:14 - [TEST_STEP][PASSED] - callTestCase(findTestCase("CALL - URL"), [:], STOP_ON_FAILURE): Call Test Case 'Test Cases/CALL - URL' successfully

2019-06-25 12:08:14 - [TEST_CASE][PASSED] - Test Cases/CALL - URL: Test Cases/CALL - URL

2019-06-25 12:08:14 - [TEST_STEP][PASSED] - openBrowser(""): Browser is opened with url: ''

2019-06-25 12:08:14 - [MESSAGE][WARNING] - A browser is already opened. Closing browser and opening a new one

2019-06-25 12:08:14 - [MESSAGE][INFO] - Starting 'Chrome' driver

2019-06-25 12:08:15 - [MESSAGE][PASSED] - Browser is opened with url: ''

2019-06-25 12:08:15 - [TEST_STEP][PASSED] - navigateToUrl("https://diff-apollo.myshopify.com/?key=eec34184cfd8f82cda816f82753a8c8e9e240f30cf54470e19667b8cbb401948&preview_theme_id="): Navigate to 'https://diff-apollo.myshopify.com/?key=eec34184cfd8f82cda816f82753a8c8e9e240f30cf54470e19667b8cbb401948&preview_theme_id=' successfully

2019-06-25 12:08:18 - [MESSAGE][PASSED] - Navigate to 'https://diff-apollo.myshopify.com/?key=eec34184cfd8f82cda816f82753a8c8e9e240f30cf54470e19667b8cbb401948&preview_theme_id=' successfully

2019-06-25 12:08:18 - [TEST_STEP][NOT_RUN] - executeJavaScript("var previewBar = document.getElementById("preview-bar-iframe"); previewBar.style.display = "none";", []): NOT_RUN: executeJavaScript("var previewBar = document.getElementById("preview-bar-iframe"); previewBar.style.display = "none";", [])

2019-06-25 12:08:18 - [MESSAGE][NOT_RUN] - NOT_RUN: executeJavaScript("var previewBar = document.getElementById("preview-bar-iframe"); previewBar.style.display = "none";", [])

2019-06-25 12:08:18 - [MESSAGE][PASSED] - Call Test Case 'Test Cases/CALL - URL' successfully

2019-06-25 12:08:18 - [TEST_STEP][PASSED] - delay(1): Delayed 1 second(s)

2019-06-25 12:08:19 - [MESSAGE][PASSED] - Delayed 1 second(s)

2019-06-25 12:08:19 - [TEST_STEP][PASSED] - scrollToElement(findTestObject("APOLLO- Desktop/Home page/Featured collection/Sophisticated and elegant - Tile"), 0): Scroll to object 'Object Repository/APOLLO- Desktop/Home page/Featured collection/Sophisticated and elegant - Tile' successfully

2019-06-25 12:08:19 - [MESSAGE][WARNING] - Timeout '0' is invalid. Using default page load timeout: '30'

2019-06-25 12:08:19 - [MESSAGE][PASSED] - Scroll to object 'Object Repository/APOLLO- Desktop/Home page/Featured collection/Sophisticated and elegant - Tile' successfully

2019-06-25 12:08:19 - [TEST_STEP][PASSED] - delay(1): Delayed 1 second(s)

2019-06-25 12:08:20 - [MESSAGE][PASSED] - Delayed 1 second(s)

2019-06-25 12:08:20 - [TEST_STEP][PASSED] - mouseOver(findTestObject("APOLLO- Desktop/Home page/Featured collection/Sophisticated and elegant - Tile - hover")): Object: 'Object Repository/APOLLO- Desktop/Home page/Featured collection/Sophisticated and elegant - Tile - hover' is hovered

2019-06-25 12:08:20 - [MESSAGE][PASSED] - Object: 'Object Repository/APOLLO- Desktop/Home page/Featured collection/Sophisticated and elegant - Tile - hover' is hovered

2019-06-25 12:08:20 - [TEST_STEP][PASSED] - delay(1): Delayed 1 second(s)

2019-06-25 12:08:21 - [MESSAGE][PASSED] - Delayed 1 second(s)

2019-06-25 12:08:21 - [TEST_STEP][PASSED] - click(findTestObject("APOLLO- Desktop/Home page/Featured collection/shop womens bottoms - button")): Object: 'Object Repository/APOLLO- Desktop/Home page/Featured collection/shop womens bottoms - button' is clicked on

2019-06-25 12:08:25 - [MESSAGE][PASSED] - Object: 'Object Repository/APOLLO- Desktop/Home page/Featured collection/shop womens bottoms - button' is clicked on

2019-06-25 12:08:25 - [TEST_STEP][PASSED] - delay(1): Delayed 1 second(s)

2019-06-25 12:08:26 - [MESSAGE][PASSED] - Delayed 1 second(s)

2019-06-25 12:08:26 - [TEST_STEP][PASSED] - click(findTestObject("APOLLO- Desktop/Home page/Hero banner - CTA/Apollo icon")): Object: 'Object Repository/APOLLO- Desktop/Home page/Hero banner - CTA/Apollo icon' is clicked on

2019-06-25 12:08:27 - [MESSAGE][PASSED] - Object: 'Object Repository/APOLLO- Desktop/Home page/Hero banner - CTA/Apollo icon' is clicked on

2019-06-25 12:08:27 - [TEST_STEP][NOT_RUN] - executeJavaScript("var previewBar = document.getElementById("preview-bar-iframe"); previewBar.style.display = "none";", []): NOT_RUN: executeJavaScript("var previewBar = document.getElementById("preview-bar-iframe"); previewBar.style.display = "none";", [])

2019-06-25 12:08:27 - [MESSAGE][NOT_RUN] - NOT_RUN: executeJavaScript("var previewBar = document.getElementById("preview-bar-iframe"); previewBar.style.display = "none";", [])

2019-06-25 12:08:27 - [TEST_STEP][PASSED] - delay(1): Delayed 1 second(s)

2019-06-25 12:08:28 - [MESSAGE][PASSED] - Delayed 1 second(s)

2019-06-25 12:08:28 - [TEST_STEP][PASSED] - scrollToElement(findTestObject("APOLLO- Desktop/Home page/Featured collection/Designed for function - Tile"), 0): Scroll to object 'Object Repository/APOLLO- Desktop/Home page/Featured collection/Designed for function - Tile' successfully

2019-06-25 12:08:28 - [MESSAGE][WARNING] - Timeout '0' is invalid. Using default page load timeout: '30'

2019-06-25 12:08:28 - [MESSAGE][PASSED] - Scroll to object 'Object Repository/APOLLO- Desktop/Home page/Featured collection/Designed for function - Tile' successfully

2019-06-25 12:08:28 - [TEST_STEP][PASSED] - delay(1): Delayed 1 second(s)

2019-06-25 12:08:29 - [MESSAGE][PASSED] - Delayed 1 second(s)

2019-06-25 12:08:29 - [TEST_STEP][PASSED] - mouseOver(findTestObject("APOLLO- Desktop/Home page/Featured collection/Designed for function - Tile - hover")): Object: 'Object Repository/APOLLO- Desktop/Home page/Featured collection/Designed for function - Tile - hover' is hovered

2019-06-25 12:08:30 - [MESSAGE][PASSED] - Object: 'Object Repository/APOLLO- Desktop/Home page/Featured collection/Designed for function - Tile - hover' is hovered

2019-06-25 12:08:30 - [TEST_STEP][PASSED] - delay(1): Delayed 1 second(s)

2019-06-25 12:08:31 - [MESSAGE][PASSED] - Delayed 1 second(s)

2019-06-25 12:08:31 - [TEST_STEP][PASSED] - click(findTestObject("APOLLO- Desktop/Home page/Featured collection/Shop menss jacket - button")): Object: 'Object Repository/APOLLO- Desktop/Home page/Featured collection/Shop menss jacket - button' is clicked on

2019-06-25 12:08:36 - [MESSAGE][PASSED] - Object: 'Object Repository/APOLLO- Desktop/Home page/Featured collection/Shop menss jacket - button' is clicked on

2019-06-25 12:08:36 - [TEST_STEP][PASSED] - delay(1): Delayed 1 second(s)

2019-06-25 12:08:37 - [MESSAGE][PASSED] - Delayed 1 second(s)

2019-06-25 12:08:37 - [TEST_STEP][PASSED] - click(findTestObject("APOLLO- Desktop/Home page/Hero banner - CTA/Apollo icon")): Object: 'Object Repository/APOLLO- Desktop/Home page/Hero banner - CTA/Apollo icon' is clicked on

2019-06-25 12:08:38 - [MESSAGE][PASSED] - Object: 'Object Repository/APOLLO- Desktop/Home page/Hero banner - CTA/Apollo icon' is clicked on

2019-06-25 12:08:38 - [TEST_STEP][NOT_RUN] - executeJavaScript("var previewBar = document.getElementById("preview-bar-iframe"); previewBar.style.display = "none";", []): NOT_RUN: executeJavaScript("var previewBar = document.getElementById("preview-bar-iframe"); previewBar.style.display = "none";", [])

2019-06-25 12:08:38 - [MESSAGE][NOT_RUN] - NOT_RUN: executeJavaScript("var previewBar = document.getElementById("preview-bar-iframe"); previewBar.style.display = "none";", [])

2019-06-25 12:08:38 - [TEST_STEP][PASSED] - delay(1): Delayed 1 second(s)

2019-06-25 12:08:39 - [MESSAGE][PASSED] - Delayed 1 second(s)

2019-06-25 12:08:39 - [TEST_STEP][PASSED] - scrollToElement(findTestObject("APOLLO- Desktop/Home page/Featured collection/Sweaters - Tile"), 0): Scroll to object 'Object Repository/APOLLO- Desktop/Home page/Featured collection/Sweaters - Tile' successfully

2019-06-25 12:08:39 - [MESSAGE][WARNING] - Timeout '0' is invalid. Using default page load timeout: '30'

2019-06-25 12:08:39 - [MESSAGE][PASSED] - Scroll to object 'Object Repository/APOLLO- Desktop/Home page/Featured collection/Sweaters - Tile' successfully

2019-06-25 12:08:39 - [TEST_STEP][PASSED] - delay(1): Delayed 1 second(s)

2019-06-25 12:08:40 - [MESSAGE][PASSED] - Delayed 1 second(s)

2019-06-25 12:08:40 - [TEST_STEP][PASSED] - mouseOver(findTestObject("APOLLO- Desktop/Home page/Featured collection/Sweaters - Tile - hover")): Object: 'Object Repository/APOLLO- Desktop/Home page/Featured collection/Sweaters - Tile - hover' is hovered

2019-06-25 12:08:41 - [MESSAGE][PASSED] - Object: 'Object Repository/APOLLO- Desktop/Home page/Featured collection/Sweaters - Tile - hover' is hovered

2019-06-25 12:08:41 - [TEST_STEP][PASSED] - delay(1): Delayed 1 second(s)

2019-06-25 12:08:42 - [MESSAGE][PASSED] - Delayed 1 second(s)

2019-06-25 12:08:42 - [TEST_STEP][PASSED] - click(findTestObject("APOLLO- Desktop/Home page/Featured collection/shop womens sweaters - button")): Object: 'Object Repository/APOLLO- Desktop/Home page/Featured collection/shop womens sweaters - button' is clicked on

2019-06-25 12:08:55 - [MESSAGE][PASSED] - Object: 'Object Repository/APOLLO- Desktop/Home page/Featured collection/shop womens sweaters - button' is clicked on

2019-06-25 12:08:55 - [TEST_STEP][PASSED] - delay(1): Delayed 1 second(s)

2019-06-25 12:08:56 - [MESSAGE][PASSED] - Delayed 1 second(s)

2019-06-25 12:08:56 - [TEST_STEP][PASSED] - click(findTestObject("APOLLO- Desktop/Home page/Hero banner - CTA/Apollo icon")): Object: 'Object Repository/APOLLO- Desktop/Home page/Hero banner - CTA/Apollo icon' is clicked on

2019-06-25 12:08:58 - [MESSAGE][PASSED] - Object: 'Object Repository/APOLLO- Desktop/Home page/Hero banner - CTA/Apollo icon' is clicked on

2019-06-25 12:08:58 - [TEST_STEP][NOT_RUN] - executeJavaScript("var previewBar = document.getElementById("preview-bar-iframe"); previewBar.style.display = "none";", []): NOT_RUN: executeJavaScript("var previewBar = document.getElementById("preview-bar-iframe"); previewBar.style.display = "none";", [])

2019-06-25 12:08:58 - [MESSAGE][NOT_RUN] - NOT_RUN: executeJavaScript("var previewBar = document.getElementById("preview-bar-iframe"); previewBar.style.display = "none";", [])

2019-06-25 12:08:58 - [TEST_STEP][PASSED] - delay(1): Delayed 1 second(s)

2019-06-25 12:08:59 - [MESSAGE][PASSED] - Delayed 1 second(s)

2019-06-25 12:08:59 - [TEST_STEP][PASSED] - scrollToElement(findTestObject("APOLLO- Desktop/Home page/Featured collection/Shirts - Tile"), 0): Scroll to object 'Object Repository/APOLLO- Desktop/Home page/Featured collection/Shirts - Tile' successfully

2019-06-25 12:08:59 - [MESSAGE][WARNING] - Timeout '0' is invalid. Using default page load timeout: '30'

2019-06-25 12:08:59 - [MESSAGE][PASSED] - Scroll to object 'Object Repository/APOLLO- Desktop/Home page/Featured collection/Shirts - Tile' successfully

2019-06-25 12:08:59 - [TEST_STEP][PASSED] - delay(1): Delayed 1 second(s)

2019-06-25 12:09:00 - [MESSAGE][PASSED] - Delayed 1 second(s)

2019-06-25 12:09:00 - [TEST_STEP][PASSED] - mouseOver(findTestObject("APOLLO- Desktop/Home page/Featured collection/Shirts - Tile - hover")): Object: 'Object Repository/APOLLO- Desktop/Home page/Featured collection/Shirts - Tile - hover' is hovered

2019-06-25 12:09:00 - [MESSAGE][PASSED] - Object: 'Object Repository/APOLLO- Desktop/Home page/Featured collection/Shirts - Tile - hover' is hovered

2019-06-25 12:09:00 - [TEST_STEP][PASSED] - delay(1): Delayed 1 second(s)

2019-06-25 12:09:01 - [MESSAGE][PASSED] - Delayed 1 second(s)

2019-06-25 12:09:01 - [TEST_STEP][PASSED] - click(findTestObject("APOLLO- Desktop/Home page/Featured collection/Shop menss shirt - button")): Object: 'Object Repository/APOLLO- Desktop/Home page/Featured collection/Shop menss shirt - button' is clicked on

2019-06-25 12:09:03 - [MESSAGE][PASSED] - Object: 'Object Repository/APOLLO- Desktop/Home page/Featured collection/Shop menss shirt - button' is clicked on

2019-06-25 12:09:03 - [TEST_STEP][PASSED] - delay(1): Delayed 1 second(s)

2019-06-25 12:09:04 - [MESSAGE][PASSED] - Delayed 1 second(s)

2019-06-25 12:09:04 - [TEST_STEP][PASSED] - click(findTestObject("APOLLO- Desktop/Home page/Hero banner - CTA/Apollo icon")): Object: 'Object Repository/APOLLO- Desktop/Home page/Hero banner - CTA/Apollo icon' is clicked on

2019-06-25 12:09:05 - [MESSAGE][PASSED] - Object: 'Object Repository/APOLLO- Desktop/Home page/Hero banner - CTA/Apollo icon' is clicked on

2019-06-25 12:09:05 - [TEST_STEP][NOT_RUN] - executeJavaScript("var previewBar = document.getElementById("preview-bar-iframe"); previewBar.style.display = "none";", []): NOT_RUN: executeJavaScript("var previewBar = document.getElementById("preview-bar-iframe"); previewBar.style.display = "none";", [])

2019-06-25 12:09:05 - [MESSAGE][NOT_RUN] - NOT_RUN: executeJavaScript("var previewBar = document.getElementById("preview-bar-iframe"); previewBar.style.display = "none";", [])

2019-06-25 12:09:05 - [TEST_STEP][PASSED] - delay(1): Delayed 1 second(s)

2019-06-25 12:09:06 - [MESSAGE][PASSED] - Delayed 1 second(s)

2019-06-25 12:09:06 - [TEST_STEP][PASSED] - scrollToElement(findTestObject("APOLLO- Desktop/Home page/OUTER WEAR - TILES - Copy"), 0): Scroll to object 'Object Repository/APOLLO- Desktop/Home page/OUTER WEAR - TILES - Copy' successfully

2019-06-25 12:09:06 - [MESSAGE][WARNING] - Timeout '0' is invalid. Using default page load timeout: '30'

2019-06-25 12:09:06 - [MESSAGE][PASSED] - Scroll to object 'Object Repository/APOLLO- Desktop/Home page/OUTER WEAR - TILES - Copy' successfully

2019-06-25 12:09:06 - [TEST_STEP][PASSED] - delay(1): Delayed 1 second(s)

2019-06-25 12:09:07 - [MESSAGE][PASSED] - Delayed 1 second(s)

2019-06-25 12:09:07 - [TEST_STEP][PASSED] - mouseOver(findTestObject("APOLLO- Desktop/Home page/OUTER WEAR - TILES")): Object: 'Object Repository/APOLLO- Desktop/Home page/OUTER WEAR - TILES' is hovered

2019-06-25 12:09:08 - [MESSAGE][PASSED] - Object: 'Object Repository/APOLLO- Desktop/Home page/OUTER WEAR - TILES' is hovered

2019-06-25 12:09:08 - [TEST_STEP][PASSED] - delay(1): Delayed 1 second(s)

2019-06-25 12:09:09 - [MESSAGE][PASSED] - Delayed 1 second(s)

2019-06-25 12:09:09 - [TEST_STEP][PASSED] - click(findTestObject("APOLLO- Desktop/Home page/Shop mens outer wear -button")): Object: 'Object Repository/APOLLO- Desktop/Home page/Shop mens outer wear -button' is clicked on

2019-06-25 12:09:10 - [MESSAGE][PASSED] - Object: 'Object Repository/APOLLO- Desktop/Home page/Shop mens outer wear -button' is clicked on

2019-06-25 12:09:10 - [TEST_STEP][PASSED] - click(findTestObject("APOLLO- Desktop/Home page/Hero banner - CTA/Apollo icon")): Object: 'Object Repository/APOLLO- Desktop/Home page/Hero banner - CTA/Apollo icon' is clicked on

2019-06-25 12:09:11 - [MESSAGE][PASSED] - Object: 'Object Repository/APOLLO- Desktop/Home page/Hero banner - CTA/Apollo icon' is clicked on]]></system-out>
         <system-err><![CDATA[]]></system-err>
      </testcase>
      <testcase name="Test Cases/HOME PAGE/Footer" classname="Test Cases/HOME PAGE/Footer" status="PASSED">
         <system-out><![CDATA[2019-06-25 12:09:11 - [TEST_CASE][PASSED] - Test Cases/HOME PAGE/Footer: Test Cases/HOME PAGE/Footer

2019-06-25 12:09:11 - [TEST_STEP][PASSED] - callTestCase(findTestCase("CALL - URL"), [:], STOP_ON_FAILURE): Call Test Case 'Test Cases/CALL - URL' successfully

2019-06-25 12:09:11 - [TEST_CASE][PASSED] - Test Cases/CALL - URL: Test Cases/CALL - URL

2019-06-25 12:09:11 - [TEST_STEP][PASSED] - openBrowser(""): Browser is opened with url: ''

2019-06-25 12:09:11 - [MESSAGE][WARNING] - A browser is already opened. Closing browser and opening a new one

2019-06-25 12:09:12 - [MESSAGE][INFO] - Starting 'Chrome' driver

2019-06-25 12:09:13 - [MESSAGE][PASSED] - Browser is opened with url: ''

2019-06-25 12:09:13 - [TEST_STEP][PASSED] - navigateToUrl("https://diff-apollo.myshopify.com/?key=eec34184cfd8f82cda816f82753a8c8e9e240f30cf54470e19667b8cbb401948&preview_theme_id="): Navigate to 'https://diff-apollo.myshopify.com/?key=eec34184cfd8f82cda816f82753a8c8e9e240f30cf54470e19667b8cbb401948&preview_theme_id=' successfully

2019-06-25 12:09:15 - [MESSAGE][PASSED] - Navigate to 'https://diff-apollo.myshopify.com/?key=eec34184cfd8f82cda816f82753a8c8e9e240f30cf54470e19667b8cbb401948&preview_theme_id=' successfully

2019-06-25 12:09:15 - [TEST_STEP][NOT_RUN] - executeJavaScript("var previewBar = document.getElementById("preview-bar-iframe"); previewBar.style.display = "none";", []): NOT_RUN: executeJavaScript("var previewBar = document.getElementById("preview-bar-iframe"); previewBar.style.display = "none";", [])

2019-06-25 12:09:15 - [MESSAGE][NOT_RUN] - NOT_RUN: executeJavaScript("var previewBar = document.getElementById("preview-bar-iframe"); previewBar.style.display = "none";", [])

2019-06-25 12:09:15 - [MESSAGE][PASSED] - Call Test Case 'Test Cases/CALL - URL' successfully

2019-06-25 12:09:15 - [TEST_STEP][PASSED] - delay(2): Delayed 2 second(s)

2019-06-25 12:09:17 - [MESSAGE][PASSED] - Delayed 2 second(s)

2019-06-25 12:09:17 - [TEST_STEP][PASSED] - scrollToElement(findTestObject("APOLLO- Desktop/Home page/Footer/Social icons position"), 0): Scroll to object 'Object Repository/APOLLO- Desktop/Home page/Footer/Social icons position' successfully

2019-06-25 12:09:17 - [MESSAGE][WARNING] - Timeout '0' is invalid. Using default page load timeout: '30'

2019-06-25 12:09:18 - [MESSAGE][PASSED] - Scroll to object 'Object Repository/APOLLO- Desktop/Home page/Footer/Social icons position' successfully

2019-06-25 12:09:18 - [TEST_STEP][PASSED] - delay(2): Delayed 2 second(s)

2019-06-25 12:09:20 - [MESSAGE][PASSED] - Delayed 2 second(s)

2019-06-25 12:09:20 - [TEST_STEP][PASSED] - click(findTestObject("APOLLO- Desktop/Home page/Footer/facebook icon")): Object: 'Object Repository/APOLLO- Desktop/Home page/Footer/facebook icon' is clicked on

2019-06-25 12:09:20 - [MESSAGE][PASSED] - Object: 'Object Repository/APOLLO- Desktop/Home page/Footer/facebook icon' is clicked on

2019-06-25 12:09:20 - [TEST_STEP][PASSED] - delay(2): Delayed 2 second(s)

2019-06-25 12:09:22 - [MESSAGE][PASSED] - Delayed 2 second(s)

2019-06-25 12:09:22 - [TEST_STEP][PASSED] - click(findTestObject("APOLLO- Desktop/Home page/Footer/Twitter icon")): Object: 'Object Repository/APOLLO- Desktop/Home page/Footer/Twitter icon' is clicked on

2019-06-25 12:09:27 - [MESSAGE][PASSED] - Object: 'Object Repository/APOLLO- Desktop/Home page/Footer/Twitter icon' is clicked on

2019-06-25 12:09:27 - [TEST_STEP][PASSED] - delay(2): Delayed 2 second(s)

2019-06-25 12:09:29 - [MESSAGE][PASSED] - Delayed 2 second(s)

2019-06-25 12:09:29 - [TEST_STEP][PASSED] - click(findTestObject("APOLLO- Desktop/Home page/Footer/Instagram icon")): Object: 'Object Repository/APOLLO- Desktop/Home page/Footer/Instagram icon' is clicked on

2019-06-25 12:09:34 - [MESSAGE][PASSED] - Object: 'Object Repository/APOLLO- Desktop/Home page/Footer/Instagram icon' is clicked on

2019-06-25 12:09:34 - [TEST_STEP][PASSED] - delay(2): Delayed 2 second(s)

2019-06-25 12:09:36 - [MESSAGE][PASSED] - Delayed 2 second(s)

2019-06-25 12:09:36 - [TEST_STEP][PASSED] - click(findTestObject("APOLLO- Desktop/Home page/Footer/Pintrest")): Object: 'Object Repository/APOLLO- Desktop/Home page/Footer/Pintrest' is clicked on

2019-06-25 12:09:41 - [MESSAGE][PASSED] - Object: 'Object Repository/APOLLO- Desktop/Home page/Footer/Pintrest' is clicked on

2019-06-25 12:09:41 - [TEST_STEP][PASSED] - delay(2): Delayed 2 second(s)

2019-06-25 12:09:43 - [MESSAGE][PASSED] - Delayed 2 second(s)

2019-06-25 12:09:43 - [TEST_STEP][PASSED] - click(findTestObject("APOLLO- Desktop/Home page/Footer/div_Shop")): Object: 'Object Repository/APOLLO- Desktop/Home page/Footer/div_Shop' is clicked on

2019-06-25 12:09:49 - [MESSAGE][PASSED] - Object: 'Object Repository/APOLLO- Desktop/Home page/Footer/div_Shop' is clicked on

2019-06-25 12:09:49 - [TEST_STEP][NOT_RUN] - executeJavaScript("var previewBar = document.getElementById("preview-bar-iframe"); previewBar.style.display = "none";", []): NOT_RUN: executeJavaScript("var previewBar = document.getElementById("preview-bar-iframe"); previewBar.style.display = "none";", [])

2019-06-25 12:09:49 - [MESSAGE][NOT_RUN] - NOT_RUN: executeJavaScript("var previewBar = document.getElementById("preview-bar-iframe"); previewBar.style.display = "none";", [])

2019-06-25 12:09:49 - [TEST_STEP][PASSED] - delay(4): Delayed 4 second(s)

2019-06-25 12:09:53 - [MESSAGE][PASSED] - Delayed 4 second(s)

2019-06-25 12:09:53 - [TEST_STEP][PASSED] - click(findTestObject("APOLLO- Desktop/Home page/Footer/Shop")): Object: 'Object Repository/APOLLO- Desktop/Home page/Footer/Shop' is clicked on

2019-06-25 12:10:00 - [MESSAGE][PASSED] - Object: 'Object Repository/APOLLO- Desktop/Home page/Footer/Shop' is clicked on

2019-06-25 12:10:00 - [TEST_STEP][PASSED] - delay(2): Delayed 2 second(s)

2019-06-25 12:10:02 - [MESSAGE][PASSED] - Delayed 2 second(s)

2019-06-25 12:10:02 - [TEST_STEP][NOT_RUN] - executeJavaScript("var previewBar = document.getElementById("preview-bar-iframe"); previewBar.style.display = "none";", []): NOT_RUN: executeJavaScript("var previewBar = document.getElementById("preview-bar-iframe"); previewBar.style.display = "none";", [])

2019-06-25 12:10:02 - [MESSAGE][NOT_RUN] - NOT_RUN: executeJavaScript("var previewBar = document.getElementById("preview-bar-iframe"); previewBar.style.display = "none";", [])

2019-06-25 12:10:02 - [TEST_STEP][PASSED] - delay(2): Delayed 2 second(s)

2019-06-25 12:10:04 - [MESSAGE][PASSED] - Delayed 2 second(s)

2019-06-25 12:10:04 - [TEST_STEP][PASSED] - click(findTestObject("APOLLO- Desktop/Home page/Footer/About")): Object: 'Object Repository/APOLLO- Desktop/Home page/Footer/About' is clicked on

2019-06-25 12:10:09 - [MESSAGE][PASSED] - Object: 'Object Repository/APOLLO- Desktop/Home page/Footer/About' is clicked on

2019-06-25 12:10:09 - [TEST_STEP][PASSED] - delay(2): Delayed 2 second(s)

2019-06-25 12:10:11 - [MESSAGE][PASSED] - Delayed 2 second(s)

2019-06-25 12:10:11 - [TEST_STEP][NOT_RUN] - executeJavaScript("var previewBar = document.getElementById("preview-bar-iframe"); previewBar.style.display = "none";", []): NOT_RUN: executeJavaScript("var previewBar = document.getElementById("preview-bar-iframe"); previewBar.style.display = "none";", [])

2019-06-25 12:10:11 - [MESSAGE][NOT_RUN] - NOT_RUN: executeJavaScript("var previewBar = document.getElementById("preview-bar-iframe"); previewBar.style.display = "none";", [])

2019-06-25 12:10:11 - [TEST_STEP][PASSED] - delay(2): Delayed 2 second(s)

2019-06-25 12:10:13 - [MESSAGE][PASSED] - Delayed 2 second(s)

2019-06-25 12:10:13 - [TEST_STEP][PASSED] - click(findTestObject("APOLLO- Desktop/Home page/Footer/Blog")): Object: 'Object Repository/APOLLO- Desktop/Home page/Footer/Blog' is clicked on

2019-06-25 12:10:19 - [MESSAGE][PASSED] - Object: 'Object Repository/APOLLO- Desktop/Home page/Footer/Blog' is clicked on

2019-06-25 12:10:19 - [TEST_STEP][PASSED] - delay(2): Delayed 2 second(s)

2019-06-25 12:10:21 - [MESSAGE][PASSED] - Delayed 2 second(s)

2019-06-25 12:10:21 - [TEST_STEP][NOT_RUN] - executeJavaScript("var previewBar = document.getElementById("preview-bar-iframe"); previewBar.style.display = "none";", []): NOT_RUN: executeJavaScript("var previewBar = document.getElementById("preview-bar-iframe"); previewBar.style.display = "none";", [])

2019-06-25 12:10:21 - [MESSAGE][NOT_RUN] - NOT_RUN: executeJavaScript("var previewBar = document.getElementById("preview-bar-iframe"); previewBar.style.display = "none";", [])

2019-06-25 12:10:21 - [TEST_STEP][PASSED] - delay(2): Delayed 2 second(s)

2019-06-25 12:10:23 - [MESSAGE][PASSED] - Delayed 2 second(s)

2019-06-25 12:10:23 - [TEST_STEP][PASSED] - click(findTestObject("APOLLO- Desktop/Home page/Footer/Support")): Object: 'Object Repository/APOLLO- Desktop/Home page/Footer/Support' is clicked on

2019-06-25 12:10:29 - [MESSAGE][PASSED] - Object: 'Object Repository/APOLLO- Desktop/Home page/Footer/Support' is clicked on

2019-06-25 12:10:29 - [TEST_STEP][PASSED] - delay(2): Delayed 2 second(s)

2019-06-25 12:10:31 - [MESSAGE][PASSED] - Delayed 2 second(s)

2019-06-25 12:10:31 - [TEST_STEP][NOT_RUN] - executeJavaScript("var previewBar = document.getElementById("preview-bar-iframe"); previewBar.style.display = "none";", []): NOT_RUN: executeJavaScript("var previewBar = document.getElementById("preview-bar-iframe"); previewBar.style.display = "none";", [])

2019-06-25 12:10:31 - [MESSAGE][NOT_RUN] - NOT_RUN: executeJavaScript("var previewBar = document.getElementById("preview-bar-iframe"); previewBar.style.display = "none";", [])

2019-06-25 12:10:31 - [TEST_STEP][PASSED] - delay(2): Delayed 2 second(s)

2019-06-25 12:10:33 - [MESSAGE][PASSED] - Delayed 2 second(s)

2019-06-25 12:10:33 - [TEST_STEP][PASSED] - click(findTestObject("APOLLO- Desktop/Home page/Footer/a_Contact")): Object: 'Object Repository/APOLLO- Desktop/Home page/Footer/a_Contact' is clicked on

2019-06-25 12:10:41 - [MESSAGE][PASSED] - Object: 'Object Repository/APOLLO- Desktop/Home page/Footer/a_Contact' is clicked on

2019-06-25 12:10:41 - [TEST_STEP][PASSED] - delay(2): Delayed 2 second(s)

2019-06-25 12:10:43 - [MESSAGE][PASSED] - Delayed 2 second(s)

2019-06-25 12:10:43 - [TEST_STEP][NOT_RUN] - executeJavaScript("var previewBar = document.getElementById("preview-bar-iframe"); previewBar.style.display = "none";", []): NOT_RUN: executeJavaScript("var previewBar = document.getElementById("preview-bar-iframe"); previewBar.style.display = "none";", [])

2019-06-25 12:10:43 - [MESSAGE][NOT_RUN] - NOT_RUN: executeJavaScript("var previewBar = document.getElementById("preview-bar-iframe"); previewBar.style.display = "none";", [])

2019-06-25 12:10:43 - [TEST_STEP][PASSED] - delay(2): Delayed 2 second(s)

2019-06-25 12:10:45 - [MESSAGE][PASSED] - Delayed 2 second(s)

2019-06-25 12:10:45 - [TEST_STEP][PASSED] - click(findTestObject("APOLLO- Desktop/Home page/Footer/a_Men")): Object: 'Object Repository/APOLLO- Desktop/Home page/Footer/a_Men' is clicked on

2019-06-25 12:10:50 - [MESSAGE][PASSED] - Object: 'Object Repository/APOLLO- Desktop/Home page/Footer/a_Men' is clicked on

2019-06-25 12:10:50 - [TEST_STEP][PASSED] - delay(2): Delayed 2 second(s)

2019-06-25 12:10:52 - [MESSAGE][PASSED] - Delayed 2 second(s)

2019-06-25 12:10:52 - [TEST_STEP][NOT_RUN] - executeJavaScript("var previewBar = document.getElementById("preview-bar-iframe"); previewBar.style.display = "none";", []): NOT_RUN: executeJavaScript("var previewBar = document.getElementById("preview-bar-iframe"); previewBar.style.display = "none";", [])

2019-06-25 12:10:52 - [MESSAGE][NOT_RUN] - NOT_RUN: executeJavaScript("var previewBar = document.getElementById("preview-bar-iframe"); previewBar.style.display = "none";", [])

2019-06-25 12:10:52 - [TEST_STEP][PASSED] - delay(2): Delayed 2 second(s)

2019-06-25 12:10:54 - [MESSAGE][PASSED] - Delayed 2 second(s)

2019-06-25 12:10:54 - [TEST_STEP][PASSED] - click(findTestObject("APOLLO- Desktop/Home page/Footer/a_Women")): Object: 'Object Repository/APOLLO- Desktop/Home page/Footer/a_Women' is clicked on

2019-06-25 12:11:01 - [MESSAGE][PASSED] - Object: 'Object Repository/APOLLO- Desktop/Home page/Footer/a_Women' is clicked on

2019-06-25 12:11:01 - [TEST_STEP][PASSED] - delay(2): Delayed 2 second(s)

2019-06-25 12:11:03 - [MESSAGE][PASSED] - Delayed 2 second(s)

2019-06-25 12:11:03 - [TEST_STEP][NOT_RUN] - executeJavaScript("var previewBar = document.getElementById("preview-bar-iframe"); previewBar.style.display = "none";", []): NOT_RUN: executeJavaScript("var previewBar = document.getElementById("preview-bar-iframe"); previewBar.style.display = "none";", [])

2019-06-25 12:11:03 - [MESSAGE][NOT_RUN] - NOT_RUN: executeJavaScript("var previewBar = document.getElementById("preview-bar-iframe"); previewBar.style.display = "none";", [])

2019-06-25 12:11:03 - [TEST_STEP][PASSED] - delay(2): Delayed 2 second(s)

2019-06-25 12:11:05 - [MESSAGE][PASSED] - Delayed 2 second(s)

2019-06-25 12:11:05 - [TEST_STEP][PASSED] - click(findTestObject("APOLLO- Desktop/Home page/Footer/a_Kids")): Object: 'Object Repository/APOLLO- Desktop/Home page/Footer/a_Kids' is clicked on

2019-06-25 12:11:11 - [MESSAGE][PASSED] - Object: 'Object Repository/APOLLO- Desktop/Home page/Footer/a_Kids' is clicked on

2019-06-25 12:11:11 - [TEST_STEP][PASSED] - delay(2): Delayed 2 second(s)

2019-06-25 12:11:13 - [MESSAGE][PASSED] - Delayed 2 second(s)

2019-06-25 12:11:13 - [TEST_STEP][NOT_RUN] - executeJavaScript("var previewBar = document.getElementById("preview-bar-iframe"); previewBar.style.display = "none";", []): NOT_RUN: executeJavaScript("var previewBar = document.getElementById("preview-bar-iframe"); previewBar.style.display = "none";", [])

2019-06-25 12:11:13 - [MESSAGE][NOT_RUN] - NOT_RUN: executeJavaScript("var previewBar = document.getElementById("preview-bar-iframe"); previewBar.style.display = "none";", [])

2019-06-25 12:11:13 - [TEST_STEP][PASSED] - delay(2): Delayed 2 second(s)

2019-06-25 12:11:15 - [MESSAGE][PASSED] - Delayed 2 second(s)

2019-06-25 12:11:15 - [TEST_STEP][PASSED] - click(findTestObject("APOLLO- Desktop/Home page/Footer/a_Collections")): Object: 'Object Repository/APOLLO- Desktop/Home page/Footer/a_Collections' is clicked on

2019-06-25 12:11:20 - [MESSAGE][PASSED] - Object: 'Object Repository/APOLLO- Desktop/Home page/Footer/a_Collections' is clicked on

2019-06-25 12:11:20 - [TEST_STEP][PASSED] - delay(2): Delayed 2 second(s)

2019-06-25 12:11:22 - [MESSAGE][PASSED] - Delayed 2 second(s)

2019-06-25 12:11:22 - [TEST_STEP][NOT_RUN] - executeJavaScript("var previewBar = document.getElementById("preview-bar-iframe"); previewBar.style.display = "none";", []): NOT_RUN: executeJavaScript("var previewBar = document.getElementById("preview-bar-iframe"); previewBar.style.display = "none";", [])

2019-06-25 12:11:22 - [MESSAGE][NOT_RUN] - NOT_RUN: executeJavaScript("var previewBar = document.getElementById("preview-bar-iframe"); previewBar.style.display = "none";", [])

2019-06-25 12:11:22 - [TEST_STEP][PASSED] - delay(2): Delayed 2 second(s)

2019-06-25 12:11:24 - [MESSAGE][PASSED] - Delayed 2 second(s)

2019-06-25 12:11:24 - [TEST_STEP][PASSED] - click(findTestObject("APOLLO- Desktop/Home page/Footer/a_About")): Object: 'Object Repository/APOLLO- Desktop/Home page/Footer/a_About' is clicked on

2019-06-25 12:11:30 - [MESSAGE][PASSED] - Object: 'Object Repository/APOLLO- Desktop/Home page/Footer/a_About' is clicked on

2019-06-25 12:11:30 - [TEST_STEP][PASSED] - delay(2): Delayed 2 second(s)

2019-06-25 12:11:32 - [MESSAGE][PASSED] - Delayed 2 second(s)

2019-06-25 12:11:32 - [TEST_STEP][NOT_RUN] - executeJavaScript("var previewBar = document.getElementById("preview-bar-iframe"); previewBar.style.display = "none";", []): NOT_RUN: executeJavaScript("var previewBar = document.getElementById("preview-bar-iframe"); previewBar.style.display = "none";", [])

2019-06-25 12:11:32 - [MESSAGE][NOT_RUN] - NOT_RUN: executeJavaScript("var previewBar = document.getElementById("preview-bar-iframe"); previewBar.style.display = "none";", [])

2019-06-25 12:11:32 - [TEST_STEP][PASSED] - delay(2): Delayed 2 second(s)

2019-06-25 12:11:34 - [MESSAGE][PASSED] - Delayed 2 second(s)

2019-06-25 12:11:34 - [TEST_STEP][PASSED] - click(findTestObject("APOLLO- Desktop/Home page/Footer/a_Blog")): Object: 'Object Repository/APOLLO- Desktop/Home page/Footer/a_Blog' is clicked on

2019-06-25 12:11:41 - [MESSAGE][PASSED] - Object: 'Object Repository/APOLLO- Desktop/Home page/Footer/a_Blog' is clicked on

2019-06-25 12:11:41 - [TEST_STEP][PASSED] - delay(2): Delayed 2 second(s)

2019-06-25 12:11:43 - [MESSAGE][PASSED] - Delayed 2 second(s)

2019-06-25 12:11:43 - [TEST_STEP][NOT_RUN] - executeJavaScript("var previewBar = document.getElementById("preview-bar-iframe"); previewBar.style.display = "none";", []): NOT_RUN: executeJavaScript("var previewBar = document.getElementById("preview-bar-iframe"); previewBar.style.display = "none";", [])

2019-06-25 12:11:43 - [MESSAGE][NOT_RUN] - NOT_RUN: executeJavaScript("var previewBar = document.getElementById("preview-bar-iframe"); previewBar.style.display = "none";", [])

2019-06-25 12:11:43 - [TEST_STEP][PASSED] - delay(2): Delayed 2 second(s)

2019-06-25 12:11:45 - [MESSAGE][PASSED] - Delayed 2 second(s)

2019-06-25 12:11:45 - [TEST_STEP][PASSED] - click(findTestObject("APOLLO- Desktop/Home page/Footer/Support")): Object: 'Object Repository/APOLLO- Desktop/Home page/Footer/Support' is clicked on

2019-06-25 12:11:51 - [MESSAGE][PASSED] - Object: 'Object Repository/APOLLO- Desktop/Home page/Footer/Support' is clicked on

2019-06-25 12:11:51 - [TEST_STEP][PASSED] - delay(2): Delayed 2 second(s)

2019-06-25 12:11:53 - [MESSAGE][PASSED] - Delayed 2 second(s)

2019-06-25 12:11:53 - [TEST_STEP][NOT_RUN] - executeJavaScript("var previewBar = document.getElementById("preview-bar-iframe"); previewBar.style.display = "none";", []): NOT_RUN: executeJavaScript("var previewBar = document.getElementById("preview-bar-iframe"); previewBar.style.display = "none";", [])

2019-06-25 12:11:53 - [MESSAGE][NOT_RUN] - NOT_RUN: executeJavaScript("var previewBar = document.getElementById("preview-bar-iframe"); previewBar.style.display = "none";", [])

2019-06-25 12:11:53 - [TEST_STEP][PASSED] - delay(2): Delayed 2 second(s)

2019-06-25 12:11:55 - [MESSAGE][PASSED] - Delayed 2 second(s)

2019-06-25 12:11:55 - [TEST_STEP][PASSED] - click(findTestObject("APOLLO- Desktop/Home page/Footer/a_Contact Us")): Object: 'Object Repository/APOLLO- Desktop/Home page/Footer/a_Contact Us' is clicked on

2019-06-25 12:12:02 - [MESSAGE][PASSED] - Object: 'Object Repository/APOLLO- Desktop/Home page/Footer/a_Contact Us' is clicked on]]></system-out>
         <system-err><![CDATA[]]></system-err>
      </testcase>
      <testcase name="Test Cases/HOME PAGE/Cart flyout opening" classname="Test Cases/HOME PAGE/Cart flyout opening" status="PASSED">
         <system-out><![CDATA[2019-06-25 12:12:03 - [TEST_CASE][PASSED] - Test Cases/HOME PAGE/Cart flyout opening: Test Cases/HOME PAGE/Cart flyout opening

2019-06-25 12:12:03 - [TEST_STEP][PASSED] - callTestCase(findTestCase("CALL - URL"), [:], STOP_ON_FAILURE): Call Test Case 'Test Cases/CALL - URL' successfully

2019-06-25 12:12:03 - [TEST_CASE][PASSED] - Test Cases/CALL - URL: Test Cases/CALL - URL

2019-06-25 12:12:03 - [TEST_STEP][PASSED] - openBrowser(""): Browser is opened with url: ''

2019-06-25 12:12:03 - [MESSAGE][WARNING] - A browser is already opened. Closing browser and opening a new one

2019-06-25 12:12:03 - [MESSAGE][INFO] - Starting 'Chrome' driver

2019-06-25 12:12:04 - [MESSAGE][PASSED] - Browser is opened with url: ''

2019-06-25 12:12:04 - [TEST_STEP][PASSED] - navigateToUrl("https://diff-apollo.myshopify.com/?key=eec34184cfd8f82cda816f82753a8c8e9e240f30cf54470e19667b8cbb401948&preview_theme_id="): Navigate to 'https://diff-apollo.myshopify.com/?key=eec34184cfd8f82cda816f82753a8c8e9e240f30cf54470e19667b8cbb401948&preview_theme_id=' successfully

2019-06-25 12:12:07 - [MESSAGE][PASSED] - Navigate to 'https://diff-apollo.myshopify.com/?key=eec34184cfd8f82cda816f82753a8c8e9e240f30cf54470e19667b8cbb401948&preview_theme_id=' successfully

2019-06-25 12:12:07 - [TEST_STEP][NOT_RUN] - executeJavaScript("var previewBar = document.getElementById("preview-bar-iframe"); previewBar.style.display = "none";", []): NOT_RUN: executeJavaScript("var previewBar = document.getElementById("preview-bar-iframe"); previewBar.style.display = "none";", [])

2019-06-25 12:12:07 - [MESSAGE][NOT_RUN] - NOT_RUN: executeJavaScript("var previewBar = document.getElementById("preview-bar-iframe"); previewBar.style.display = "none";", [])

2019-06-25 12:12:07 - [MESSAGE][PASSED] - Call Test Case 'Test Cases/CALL - URL' successfully

2019-06-25 12:12:07 - [TEST_STEP][PASSED] - delay(2): Delayed 2 second(s)

2019-06-25 12:12:09 - [MESSAGE][PASSED] - Delayed 2 second(s)

2019-06-25 12:12:09 - [TEST_STEP][PASSED] - click(findTestObject("APOLLO- Desktop/Home page/cart icon open")): Object: 'Object Repository/APOLLO- Desktop/Home page/cart icon open' is clicked on

2019-06-25 12:12:09 - [MESSAGE][PASSED] - Object: 'Object Repository/APOLLO- Desktop/Home page/cart icon open' is clicked on

2019-06-25 12:12:09 - [TEST_STEP][PASSED] - flag = verifyTextPresent("Your bag", false): Text 'Your bag' is present on page 

2019-06-25 12:12:09 - [MESSAGE][PASSED] - Text 'Your bag' is present on page 

2019-06-25 12:12:09 - [TEST_STEP][PASSED] - delay(2): Delayed 2 second(s)

2019-06-25 12:12:11 - [MESSAGE][PASSED] - Delayed 2 second(s)

2019-06-25 12:12:11 - [TEST_STEP][PASSED] - comment("flag=" + flag): flag=true

2019-06-25 12:12:11 - [MESSAGE][INFO] - flag=true

2019-06-25 12:12:11 - [TEST_STEP][PASSED] - if (flag == true): Delayed 2 second(s)

2019-06-25 12:12:11 - [TEST_STEP][PASSED] - comment(" cart flyout opened"):  cart flyout opened

2019-06-25 12:12:11 - [MESSAGE][INFO] -  cart flyout opened

2019-06-25 12:12:11 - [TEST_STEP][PASSED] - delay(2): Delayed 2 second(s)

2019-06-25 12:12:13 - [MESSAGE][PASSED] - Delayed 2 second(s)

2019-06-25 12:12:13 - [TEST_STEP][PASSED] - click(findTestObject("APOLLO- Desktop/Cart flyout/Cart collapse")): Object: 'Object Repository/APOLLO- Desktop/Cart flyout/Cart collapse' is clicked on

2019-06-25 12:12:14 - [MESSAGE][PASSED] - Object: 'Object Repository/APOLLO- Desktop/Cart flyout/Cart collapse' is clicked on

2019-06-25 12:12:14 - [TEST_STEP][PASSED] - delay(2): Delayed 2 second(s)

2019-06-25 12:12:16 - [MESSAGE][PASSED] - Delayed 2 second(s)

2019-06-25 12:12:16 - [TEST_STEP][PASSED] - flag1 = verifyTextNotPresent("Your bag", false): Text 'Your bag' is not present on page

2019-06-25 12:12:16 - [MESSAGE][PASSED] - Text 'Your bag' is not present on page

2019-06-25 12:12:16 - [TEST_STEP][PASSED] - comment("flag1=" + flag1): flag1=true

2019-06-25 12:12:16 - [MESSAGE][INFO] - flag1=true

2019-06-25 12:12:16 - [TEST_STEP][PASSED] - if (flag1 == true):  cart flyout closed

2019-06-25 12:12:16 - [TEST_STEP][PASSED] - comment(" cart flyout closed"):  cart flyout closed

2019-06-25 12:12:16 - [MESSAGE][INFO] -  cart flyout closed]]></system-out>
         <system-err><![CDATA[]]></system-err>
      </testcase>
      <testcase name="Test Cases/HOME PAGE/Popular products" classname="Test Cases/HOME PAGE/Popular products" status="PASSED">
         <system-out><![CDATA[2019-06-25 12:12:16 - [TEST_CASE][PASSED] - Test Cases/HOME PAGE/Popular products: Test Cases/HOME PAGE/Popular products

2019-06-25 12:12:16 - [TEST_STEP][PASSED] - callTestCase(findTestCase("CALL - URL"), [:], STOP_ON_FAILURE): Call Test Case 'Test Cases/CALL - URL' successfully

2019-06-25 12:12:16 - [TEST_CASE][PASSED] - Test Cases/CALL - URL: Test Cases/CALL - URL

2019-06-25 12:12:16 - [TEST_STEP][PASSED] - openBrowser(""): Browser is opened with url: ''

2019-06-25 12:12:16 - [MESSAGE][WARNING] - A browser is already opened. Closing browser and opening a new one

2019-06-25 12:12:16 - [MESSAGE][INFO] - Starting 'Chrome' driver

2019-06-25 12:12:17 - [MESSAGE][PASSED] - Browser is opened with url: ''

2019-06-25 12:12:17 - [TEST_STEP][PASSED] - navigateToUrl("https://diff-apollo.myshopify.com/?key=eec34184cfd8f82cda816f82753a8c8e9e240f30cf54470e19667b8cbb401948&preview_theme_id="): Navigate to 'https://diff-apollo.myshopify.com/?key=eec34184cfd8f82cda816f82753a8c8e9e240f30cf54470e19667b8cbb401948&preview_theme_id=' successfully

2019-06-25 12:12:20 - [MESSAGE][PASSED] - Navigate to 'https://diff-apollo.myshopify.com/?key=eec34184cfd8f82cda816f82753a8c8e9e240f30cf54470e19667b8cbb401948&preview_theme_id=' successfully

2019-06-25 12:12:20 - [TEST_STEP][NOT_RUN] - executeJavaScript("var previewBar = document.getElementById("preview-bar-iframe"); previewBar.style.display = "none";", []): NOT_RUN: executeJavaScript("var previewBar = document.getElementById("preview-bar-iframe"); previewBar.style.display = "none";", [])

2019-06-25 12:12:20 - [MESSAGE][NOT_RUN] - NOT_RUN: executeJavaScript("var previewBar = document.getElementById("preview-bar-iframe"); previewBar.style.display = "none";", [])

2019-06-25 12:12:20 - [MESSAGE][PASSED] - Call Test Case 'Test Cases/CALL - URL' successfully

2019-06-25 12:12:20 - [TEST_STEP][PASSED] - delay(2): Delayed 2 second(s)

2019-06-25 12:12:22 - [MESSAGE][PASSED] - Delayed 2 second(s)

2019-06-25 12:12:22 - [TEST_STEP][PASSED] - scrollToElement(findTestObject("APOLLO- Desktop/Home page/Popular products/Popular products tile"), 0): Scroll to object 'Object Repository/APOLLO- Desktop/Home page/Popular products/Popular products tile' successfully

2019-06-25 12:12:22 - [MESSAGE][WARNING] - Timeout '0' is invalid. Using default page load timeout: '30'

2019-06-25 12:12:22 - [MESSAGE][PASSED] - Scroll to object 'Object Repository/APOLLO- Desktop/Home page/Popular products/Popular products tile' successfully

2019-06-25 12:12:22 - [TEST_STEP][PASSED] - delay(2): Delayed 2 second(s)

2019-06-25 12:12:24 - [MESSAGE][PASSED] - Delayed 2 second(s)

2019-06-25 12:12:24 - [TEST_STEP][PASSED] - click(findTestObject("APOLLO- Desktop/Home page/Popular products/Popular products tile - women slider")): Object: 'Object Repository/APOLLO- Desktop/Home page/Popular products/Popular products tile - women slider' is clicked on

2019-06-25 12:12:25 - [MESSAGE][PASSED] - Object: 'Object Repository/APOLLO- Desktop/Home page/Popular products/Popular products tile - women slider' is clicked on

2019-06-25 12:12:25 - [TEST_STEP][PASSED] - delay(2): Delayed 2 second(s)

2019-06-25 12:12:27 - [MESSAGE][PASSED] - Delayed 2 second(s)

2019-06-25 12:12:27 - [TEST_STEP][PASSED] - click(findTestObject("APOLLO- Desktop/Home page/Popular products/first product- women")): Object: 'Object Repository/APOLLO- Desktop/Home page/Popular products/first product- women' is clicked on

2019-06-25 12:12:33 - [MESSAGE][PASSED] - Object: 'Object Repository/APOLLO- Desktop/Home page/Popular products/first product- women' is clicked on

2019-06-25 12:12:33 - [TEST_STEP][PASSED] - delay(2): Delayed 2 second(s)

2019-06-25 12:12:35 - [MESSAGE][PASSED] - Delayed 2 second(s)

2019-06-25 12:12:35 - [TEST_STEP][PASSED] - click(findTestObject("APOLLO- Desktop/Home page/Hero banner - CTA/Apollo icon")): Object: 'Object Repository/APOLLO- Desktop/Home page/Hero banner - CTA/Apollo icon' is clicked on

2019-06-25 12:12:37 - [MESSAGE][PASSED] - Object: 'Object Repository/APOLLO- Desktop/Home page/Hero banner - CTA/Apollo icon' is clicked on

2019-06-25 12:12:37 - [TEST_STEP][PASSED] - delay(2): Delayed 2 second(s)

2019-06-25 12:12:39 - [MESSAGE][PASSED] - Delayed 2 second(s)

2019-06-25 12:12:39 - [TEST_STEP][PASSED] - scrollToElement(findTestObject("APOLLO- Desktop/Home page/Popular products/Popular products tile"), 0): Scroll to object 'Object Repository/APOLLO- Desktop/Home page/Popular products/Popular products tile' successfully

2019-06-25 12:12:39 - [MESSAGE][WARNING] - Timeout '0' is invalid. Using default page load timeout: '30'

2019-06-25 12:12:39 - [MESSAGE][PASSED] - Scroll to object 'Object Repository/APOLLO- Desktop/Home page/Popular products/Popular products tile' successfully

2019-06-25 12:12:39 - [TEST_STEP][PASSED] - delay(2): Delayed 2 second(s)

2019-06-25 12:12:41 - [MESSAGE][PASSED] - Delayed 2 second(s)

2019-06-25 12:12:41 - [TEST_STEP][PASSED] - click(findTestObject("APOLLO- Desktop/Home page/Popular products/Popular products tile - kids slider")): Object: 'Object Repository/APOLLO- Desktop/Home page/Popular products/Popular products tile - kids slider' is clicked on

2019-06-25 12:12:41 - [MESSAGE][PASSED] - Object: 'Object Repository/APOLLO- Desktop/Home page/Popular products/Popular products tile - kids slider' is clicked on

2019-06-25 12:12:41 - [TEST_STEP][PASSED] - delay(2): Delayed 2 second(s)

2019-06-25 12:12:43 - [MESSAGE][PASSED] - Delayed 2 second(s)

2019-06-25 12:12:43 - [TEST_STEP][PASSED] - click(findTestObject("APOLLO- Desktop/Home page/Popular products/first product- kids")): Object: 'Object Repository/APOLLO- Desktop/Home page/Popular products/first product- kids' is clicked on

2019-06-25 12:12:45 - [MESSAGE][PASSED] - Object: 'Object Repository/APOLLO- Desktop/Home page/Popular products/first product- kids' is clicked on

2019-06-25 12:12:45 - [TEST_STEP][PASSED] - delay(2): Delayed 2 second(s)

2019-06-25 12:12:47 - [MESSAGE][PASSED] - Delayed 2 second(s)

2019-06-25 12:12:47 - [TEST_STEP][PASSED] - click(findTestObject("APOLLO- Desktop/Home page/Hero banner - CTA/Apollo icon")): Object: 'Object Repository/APOLLO- Desktop/Home page/Hero banner - CTA/Apollo icon' is clicked on

2019-06-25 12:12:48 - [MESSAGE][PASSED] - Object: 'Object Repository/APOLLO- Desktop/Home page/Hero banner - CTA/Apollo icon' is clicked on

2019-06-25 12:12:48 - [TEST_STEP][PASSED] - delay(2): Delayed 2 second(s)

2019-06-25 12:12:50 - [MESSAGE][PASSED] - Delayed 2 second(s)

2019-06-25 12:12:50 - [TEST_STEP][NOT_RUN] - executeJavaScript("var previewBar = document.getElementById("preview-bar-iframe"); previewBar.style.display = "none";", []): NOT_RUN: executeJavaScript("var previewBar = document.getElementById("preview-bar-iframe"); previewBar.style.display = "none";", [])

2019-06-25 12:12:50 - [MESSAGE][NOT_RUN] - NOT_RUN: executeJavaScript("var previewBar = document.getElementById("preview-bar-iframe"); previewBar.style.display = "none";", [])

2019-06-25 12:12:50 - [TEST_STEP][PASSED] - click(findTestObject("APOLLO- Desktop/Home page/Popular products/Popular products tile - men slider")): Object: 'Object Repository/APOLLO- Desktop/Home page/Popular products/Popular products tile - men slider' is clicked on

2019-06-25 12:12:51 - [MESSAGE][PASSED] - Object: 'Object Repository/APOLLO- Desktop/Home page/Popular products/Popular products tile - men slider' is clicked on

2019-06-25 12:12:51 - [TEST_STEP][PASSED] - delay(2): Delayed 2 second(s)

2019-06-25 12:12:53 - [MESSAGE][PASSED] - Delayed 2 second(s)

2019-06-25 12:12:53 - [TEST_STEP][PASSED] - click(findTestObject("APOLLO- Desktop/Home page/Popular products/first product- men")): Object: 'Object Repository/APOLLO- Desktop/Home page/Popular products/first product- men' is clicked on

2019-06-25 12:12:55 - [MESSAGE][PASSED] - Object: 'Object Repository/APOLLO- Desktop/Home page/Popular products/first product- men' is clicked on

2019-06-25 12:12:55 - [TEST_STEP][PASSED] - delay(2): Delayed 2 second(s)

2019-06-25 12:12:57 - [MESSAGE][PASSED] - Delayed 2 second(s)

2019-06-25 12:12:57 - [TEST_STEP][PASSED] - click(findTestObject("APOLLO- Desktop/Home page/Hero banner - CTA/Apollo icon")): Object: 'Object Repository/APOLLO- Desktop/Home page/Hero banner - CTA/Apollo icon' is clicked on

2019-06-25 12:12:58 - [MESSAGE][PASSED] - Object: 'Object Repository/APOLLO- Desktop/Home page/Hero banner - CTA/Apollo icon' is clicked on

2019-06-25 12:12:58 - [TEST_STEP][PASSED] - delay(2): Delayed 2 second(s)

2019-06-25 12:13:00 - [MESSAGE][PASSED] - Delayed 2 second(s)

2019-06-25 12:13:00 - [TEST_STEP][NOT_RUN] - executeJavaScript("var previewBar = document.getElementById("preview-bar-iframe"); previewBar.style.display = "none";", []): NOT_RUN: executeJavaScript("var previewBar = document.getElementById("preview-bar-iframe"); previewBar.style.display = "none";", [])

2019-06-25 12:13:01 - [MESSAGE][NOT_RUN] - NOT_RUN: executeJavaScript("var previewBar = document.getElementById("preview-bar-iframe"); previewBar.style.display = "none";", [])

2019-06-25 12:13:01 - [TEST_STEP][PASSED] - scrollToElement(findTestObject("APOLLO- Desktop/Home page/Popular products/Popular products tile"), 0): Scroll to object 'Object Repository/APOLLO- Desktop/Home page/Popular products/Popular products tile' successfully

2019-06-25 12:13:01 - [MESSAGE][WARNING] - Timeout '0' is invalid. Using default page load timeout: '30'

2019-06-25 12:13:01 - [MESSAGE][PASSED] - Scroll to object 'Object Repository/APOLLO- Desktop/Home page/Popular products/Popular products tile' successfully

2019-06-25 12:13:01 - [TEST_STEP][PASSED] - delay(2): Delayed 2 second(s)

2019-06-25 12:13:03 - [MESSAGE][PASSED] - Delayed 2 second(s)

2019-06-25 12:13:03 - [TEST_STEP][PASSED] - mouseOver(findTestObject("APOLLO- Desktop/Home page/Popular products/Previous button chevron")): Object: 'Object Repository/APOLLO- Desktop/Home page/Popular products/Previous button chevron' is hovered

2019-06-25 12:13:03 - [MESSAGE][PASSED] - Object: 'Object Repository/APOLLO- Desktop/Home page/Popular products/Previous button chevron' is hovered

2019-06-25 12:13:03 - [TEST_STEP][PASSED] - delay(2): Delayed 2 second(s)

2019-06-25 12:13:05 - [MESSAGE][PASSED] - Delayed 2 second(s)

2019-06-25 12:13:05 - [TEST_STEP][PASSED] - click(findTestObject("APOLLO- Desktop/Home page/Popular products/Previous button chevron")): Object: 'Object Repository/APOLLO- Desktop/Home page/Popular products/Previous button chevron' is clicked on

2019-06-25 12:13:05 - [MESSAGE][PASSED] - Object: 'Object Repository/APOLLO- Desktop/Home page/Popular products/Previous button chevron' is clicked on

2019-06-25 12:13:05 - [TEST_STEP][PASSED] - delay(2): Delayed 2 second(s)

2019-06-25 12:13:07 - [MESSAGE][PASSED] - Delayed 2 second(s)

2019-06-25 12:13:07 - [TEST_STEP][PASSED] - click(findTestObject("APOLLO- Desktop/Home page/Popular products/Previous button chevron")): Object: 'Object Repository/APOLLO- Desktop/Home page/Popular products/Previous button chevron' is clicked on

2019-06-25 12:13:07 - [MESSAGE][PASSED] - Object: 'Object Repository/APOLLO- Desktop/Home page/Popular products/Previous button chevron' is clicked on

2019-06-25 12:13:07 - [TEST_STEP][PASSED] - delay(2): Delayed 2 second(s)

2019-06-25 12:13:09 - [MESSAGE][PASSED] - Delayed 2 second(s)

2019-06-25 12:13:09 - [TEST_STEP][PASSED] - click(findTestObject("APOLLO- Desktop/Home page/Popular products/Next button chevron")): Object: 'Object Repository/APOLLO- Desktop/Home page/Popular products/Next button chevron' is clicked on

2019-06-25 12:13:09 - [MESSAGE][PASSED] - Object: 'Object Repository/APOLLO- Desktop/Home page/Popular products/Next button chevron' is clicked on]]></system-out>
         <system-err><![CDATA[]]></system-err>
      </testcase>
      <testcase name="Test Cases/HOME PAGE/Our latest blog posts" classname="Test Cases/HOME PAGE/Our latest blog posts" status="PASSED">
         <system-out><![CDATA[2019-06-25 12:13:09 - [TEST_CASE][PASSED] - Test Cases/HOME PAGE/Our latest blog posts: Test Cases/HOME PAGE/Our latest blog posts

2019-06-25 12:13:09 - [TEST_STEP][PASSED] - callTestCase(findTestCase("CALL - URL"), [:], STOP_ON_FAILURE): Call Test Case 'Test Cases/CALL - URL' successfully

2019-06-25 12:13:09 - [TEST_CASE][PASSED] - Test Cases/CALL - URL: Test Cases/CALL - URL

2019-06-25 12:13:09 - [TEST_STEP][PASSED] - openBrowser(""): Browser is opened with url: ''

2019-06-25 12:13:09 - [MESSAGE][WARNING] - A browser is already opened. Closing browser and opening a new one

2019-06-25 12:13:09 - [MESSAGE][INFO] - Starting 'Chrome' driver

2019-06-25 12:13:10 - [MESSAGE][PASSED] - Browser is opened with url: ''

2019-06-25 12:13:10 - [TEST_STEP][PASSED] - navigateToUrl("https://diff-apollo.myshopify.com/?key=eec34184cfd8f82cda816f82753a8c8e9e240f30cf54470e19667b8cbb401948&preview_theme_id="): Navigate to 'https://diff-apollo.myshopify.com/?key=eec34184cfd8f82cda816f82753a8c8e9e240f30cf54470e19667b8cbb401948&preview_theme_id=' successfully

2019-06-25 12:13:13 - [MESSAGE][PASSED] - Navigate to 'https://diff-apollo.myshopify.com/?key=eec34184cfd8f82cda816f82753a8c8e9e240f30cf54470e19667b8cbb401948&preview_theme_id=' successfully

2019-06-25 12:13:13 - [TEST_STEP][NOT_RUN] - executeJavaScript("var previewBar = document.getElementById("preview-bar-iframe"); previewBar.style.display = "none";", []): NOT_RUN: executeJavaScript("var previewBar = document.getElementById("preview-bar-iframe"); previewBar.style.display = "none";", [])

2019-06-25 12:13:13 - [MESSAGE][NOT_RUN] - NOT_RUN: executeJavaScript("var previewBar = document.getElementById("preview-bar-iframe"); previewBar.style.display = "none";", [])

2019-06-25 12:13:13 - [MESSAGE][PASSED] - Call Test Case 'Test Cases/CALL - URL' successfully

2019-06-25 12:13:13 - [TEST_STEP][PASSED] - delay(2): Delayed 2 second(s)

2019-06-25 12:13:15 - [MESSAGE][PASSED] - Delayed 2 second(s)

2019-06-25 12:13:15 - [TEST_STEP][PASSED] - scrollToElement(findTestObject("APOLLO- Desktop/Home page/Our latest blog posts/Our latest Blog posts"), 0): Scroll to object 'Object Repository/APOLLO- Desktop/Home page/Our latest blog posts/Our latest Blog posts' successfully

2019-06-25 12:13:15 - [MESSAGE][WARNING] - Timeout '0' is invalid. Using default page load timeout: '30'

2019-06-25 12:13:15 - [MESSAGE][PASSED] - Scroll to object 'Object Repository/APOLLO- Desktop/Home page/Our latest blog posts/Our latest Blog posts' successfully

2019-06-25 12:13:15 - [TEST_STEP][PASSED] - delay(2): Delayed 2 second(s)

2019-06-25 12:13:17 - [MESSAGE][PASSED] - Delayed 2 second(s)

2019-06-25 12:13:17 - [TEST_STEP][PASSED] - click(findTestObject("APOLLO- Desktop/Home page/Our latest blog posts/second slider")): Object: 'Object Repository/APOLLO- Desktop/Home page/Our latest blog posts/second slider' is clicked on

2019-06-25 12:13:17 - [MESSAGE][PASSED] - Object: 'Object Repository/APOLLO- Desktop/Home page/Our latest blog posts/second slider' is clicked on

2019-06-25 12:13:17 - [TEST_STEP][PASSED] - delay(2): Delayed 2 second(s)

2019-06-25 12:13:19 - [MESSAGE][PASSED] - Delayed 2 second(s)

2019-06-25 12:13:19 - [TEST_STEP][PASSED] - click(findTestObject("APOLLO- Desktop/Home page/Our latest blog posts/third slider")): Object: 'Object Repository/APOLLO- Desktop/Home page/Our latest blog posts/third slider' is clicked on

2019-06-25 12:13:19 - [MESSAGE][PASSED] - Object: 'Object Repository/APOLLO- Desktop/Home page/Our latest blog posts/third slider' is clicked on

2019-06-25 12:13:19 - [TEST_STEP][PASSED] - delay(2): Delayed 2 second(s)

2019-06-25 12:13:21 - [MESSAGE][PASSED] - Delayed 2 second(s)

2019-06-25 12:13:21 - [TEST_STEP][PASSED] - click(findTestObject("APOLLO- Desktop/Home page/Our latest blog posts/first slider")): Object: 'Object Repository/APOLLO- Desktop/Home page/Our latest blog posts/first slider' is clicked on

2019-06-25 12:13:21 - [MESSAGE][PASSED] - Object: 'Object Repository/APOLLO- Desktop/Home page/Our latest blog posts/first slider' is clicked on

2019-06-25 12:13:21 - [TEST_STEP][PASSED] - delay(2): Delayed 2 second(s)

2019-06-25 12:13:23 - [MESSAGE][PASSED] - Delayed 2 second(s)

2019-06-25 12:13:23 - [TEST_STEP][PASSED] - click(findTestObject("APOLLO- Desktop/Home page/Our latest blog posts/Visit Blog")): Object: 'Object Repository/APOLLO- Desktop/Home page/Our latest blog posts/Visit Blog' is clicked on

2019-06-25 12:13:24 - [MESSAGE][PASSED] - Object: 'Object Repository/APOLLO- Desktop/Home page/Our latest blog posts/Visit Blog' is clicked on

2019-06-25 12:13:24 - [TEST_STEP][PASSED] - delay(2): Delayed 2 second(s)

2019-06-25 12:13:26 - [MESSAGE][PASSED] - Delayed 2 second(s)

2019-06-25 12:13:26 - [TEST_STEP][PASSED] - click(findTestObject("APOLLO- Desktop/Home page/Hero banner - CTA/Apollo icon")): Object: 'Object Repository/APOLLO- Desktop/Home page/Hero banner - CTA/Apollo icon' is clicked on

2019-06-25 12:13:27 - [MESSAGE][PASSED] - Object: 'Object Repository/APOLLO- Desktop/Home page/Hero banner - CTA/Apollo icon' is clicked on

2019-06-25 12:13:27 - [TEST_STEP][PASSED] - delay(2): Delayed 2 second(s)

2019-06-25 12:13:29 - [MESSAGE][PASSED] - Delayed 2 second(s)

2019-06-25 12:13:29 - [TEST_STEP][PASSED] - scrollToElement(findTestObject("APOLLO- Desktop/Home page/Our latest blog posts/Our latest Blog posts"), 0): Scroll to object 'Object Repository/APOLLO- Desktop/Home page/Our latest blog posts/Our latest Blog posts' successfully

2019-06-25 12:13:29 - [MESSAGE][WARNING] - Timeout '0' is invalid. Using default page load timeout: '30'

2019-06-25 12:13:29 - [MESSAGE][PASSED] - Scroll to object 'Object Repository/APOLLO- Desktop/Home page/Our latest blog posts/Our latest Blog posts' successfully

2019-06-25 12:13:29 - [TEST_STEP][PASSED] - delay(2): Delayed 2 second(s)

2019-06-25 12:13:31 - [MESSAGE][PASSED] - Delayed 2 second(s)

2019-06-25 12:13:31 - [TEST_STEP][PASSED] - click(findTestObject("APOLLO- Desktop/Home page/Our latest blog posts/Read more link")): Object: 'Object Repository/APOLLO- Desktop/Home page/Our latest blog posts/Read more link' is clicked on

2019-06-25 12:13:32 - [MESSAGE][PASSED] - Object: 'Object Repository/APOLLO- Desktop/Home page/Our latest blog posts/Read more link' is clicked on

2019-06-25 12:13:32 - [TEST_STEP][PASSED] - delay(2): Delayed 2 second(s)

2019-06-25 12:13:34 - [MESSAGE][PASSED] - Delayed 2 second(s)

2019-06-25 12:13:34 - [TEST_STEP][PASSED] - click(findTestObject("APOLLO- Desktop/Home page/Hero banner - CTA/Apollo icon")): Object: 'Object Repository/APOLLO- Desktop/Home page/Hero banner - CTA/Apollo icon' is clicked on

2019-06-25 12:13:36 - [MESSAGE][PASSED] - Object: 'Object Repository/APOLLO- Desktop/Home page/Hero banner - CTA/Apollo icon' is clicked on

2019-06-25 12:13:36 - [TEST_STEP][PASSED] - delay(2): Delayed 2 second(s)

2019-06-25 12:13:38 - [MESSAGE][PASSED] - Delayed 2 second(s)

2019-06-25 12:13:38 - [TEST_STEP][PASSED] - scrollToElement(findTestObject("APOLLO- Desktop/Home page/Our latest blog posts/Our latest Blog posts"), 0): Scroll to object 'Object Repository/APOLLO- Desktop/Home page/Our latest blog posts/Our latest Blog posts' successfully

2019-06-25 12:13:38 - [MESSAGE][WARNING] - Timeout '0' is invalid. Using default page load timeout: '30'

2019-06-25 12:13:38 - [MESSAGE][PASSED] - Scroll to object 'Object Repository/APOLLO- Desktop/Home page/Our latest blog posts/Our latest Blog posts' successfully

2019-06-25 12:13:38 - [TEST_STEP][PASSED] - delay(2): Delayed 2 second(s)

2019-06-25 12:13:40 - [MESSAGE][PASSED] - Delayed 2 second(s)

2019-06-25 12:13:40 - [TEST_STEP][PASSED] - mouseOver(findTestObject("APOLLO- Desktop/Home page/Our latest blog posts/button_Next")): Object: 'Object Repository/APOLLO- Desktop/Home page/Our latest blog posts/button_Next' is hovered

2019-06-25 12:13:40 - [MESSAGE][PASSED] - Object: 'Object Repository/APOLLO- Desktop/Home page/Our latest blog posts/button_Next' is hovered

2019-06-25 12:13:40 - [TEST_STEP][PASSED] - delay(2): Delayed 2 second(s)

2019-06-25 12:13:42 - [MESSAGE][PASSED] - Delayed 2 second(s)

2019-06-25 12:13:42 - [TEST_STEP][PASSED] - click(findTestObject("APOLLO- Desktop/Home page/Our latest blog posts/button_Next")): Object: 'Object Repository/APOLLO- Desktop/Home page/Our latest blog posts/button_Next' is clicked on

2019-06-25 12:13:42 - [MESSAGE][PASSED] - Object: 'Object Repository/APOLLO- Desktop/Home page/Our latest blog posts/button_Next' is clicked on

2019-06-25 12:13:42 - [TEST_STEP][PASSED] - delay(2): Delayed 2 second(s)

2019-06-25 12:13:44 - [MESSAGE][PASSED] - Delayed 2 second(s)

2019-06-25 12:13:44 - [TEST_STEP][PASSED] - click(findTestObject("APOLLO- Desktop/Home page/Our latest blog posts/button_Previous")): Object: 'Object Repository/APOLLO- Desktop/Home page/Our latest blog posts/button_Previous' is clicked on

2019-06-25 12:13:44 - [MESSAGE][PASSED] - Object: 'Object Repository/APOLLO- Desktop/Home page/Our latest blog posts/button_Previous' is clicked on]]></system-out>
         <system-err><![CDATA[]]></system-err>
      </testcase>
      <testcase name="Test Cases/HOME PAGE/Follow us" classname="Test Cases/HOME PAGE/Follow us" status="FAILED">
         <failure type="FAILED" message="Test Cases/HOME PAGE/Follow us FAILED.
Reason:
com.kms.katalon.core.exception.StepFailedException: Unable to scroll to object 'Object Repository/APOLLO- Desktop/Home page/Follow us/apollodarktheme' (Root cause: com.kms.katalon.core.webui.exception.WebElementNotFoundException: Web element with id: 'Object Repository/APOLLO- Desktop/Home page/Follow us/apollodarktheme' located by 'By.xpath: //h1[@class='o-title c-instagram-username']' not found)
	at com.kms.katalon.core.keyword.internal.KeywordMain.stepFailed(KeywordMain.groovy:36)
	at com.kms.katalon.core.webui.keyword.internal.WebUIKeywordMain.stepFailed(WebUIKeywordMain.groovy:65)
	at com.kms.katalon.core.webui.keyword.internal.WebUIKeywordMain.runKeyword(WebUIKeywordMain.groovy:27)
	at com.kms.katalon.core.webui.keyword.builtin.ScrollToElementKeyword.scrollToElement(ScrollToElementKeyword.groovy:88)
	at com.kms.katalon.core.webui.keyword.builtin.ScrollToElementKeyword.execute(ScrollToElementKeyword.groovy:68)
	at com.kms.katalon.core.keyword.internal.KeywordExecutor.executeKeywordForPlatform(KeywordExecutor.groovy:53)
	at com.kms.katalon.core.webui.keyword.WebUiBuiltInKeywords.scrollToElement(WebUiBuiltInKeywords.groovy:2975)
	at com.kms.katalon.core.webui.keyword.WebUiBuiltInKeywords$scrollToElement$2.call(Unknown Source)
	at Follow us.run(Follow us:32)
	at com.kms.katalon.core.main.ScriptEngine.run(ScriptEngine.java:194)
	at com.kms.katalon.core.main.ScriptEngine.runScriptAsRawText(ScriptEngine.java:119)
	at com.kms.katalon.core.main.TestCaseExecutor.runScript(TestCaseExecutor.java:328)
	at com.kms.katalon.core.main.TestCaseExecutor.doExecute(TestCaseExecutor.java:319)
	at com.kms.katalon.core.main.TestCaseExecutor.processExecutionPhase(TestCaseExecutor.java:298)
	at com.kms.katalon.core.main.TestCaseExecutor.accessMainPhase(TestCaseExecutor.java:290)
	at com.kms.katalon.core.main.TestCaseExecutor.execute(TestCaseExecutor.java:224)
	at com.kms.katalon.core.main.TestSuiteExecutor.accessTestCaseMainPhase(TestSuiteExecutor.java:129)
	at com.kms.katalon.core.main.TestSuiteExecutor.accessTestSuiteMainPhase(TestSuiteExecutor.java:112)
	at com.kms.katalon.core.main.TestSuiteExecutor.execute(TestSuiteExecutor.java:81)
	at com.kms.katalon.core.main.TestCaseMain.startTestSuite(TestCaseMain.java:149)
	at com.kms.katalon.core.main.TestCaseMain$startTestSuite$0.call(Unknown Source)
	at TempTestSuite1561478401383.run(TempTestSuite1561478401383.groovy:36)
"/>
         <system-out><![CDATA[2019-06-25 12:13:44 - [TEST_CASE][FAILED] - Test Cases/HOME PAGE/Follow us: Test Cases/HOME PAGE/Follow us FAILED.
Reason:
com.kms.katalon.core.exception.StepFailedException: Unable to scroll to object 'Object Repository/APOLLO- Desktop/Home page/Follow us/apollodarktheme' (Root cause: com.kms.katalon.core.webui.exception.WebElementNotFoundException: Web element with id: 'Object Repository/APOLLO- Desktop/Home page/Follow us/apollodarktheme' located by 'By.xpath: //h1[@class='o-title c-instagram-username']' not found)
	at com.kms.katalon.core.keyword.internal.KeywordMain.stepFailed(KeywordMain.groovy:36)
	at com.kms.katalon.core.webui.keyword.internal.WebUIKeywordMain.stepFailed(WebUIKeywordMain.groovy:65)
	at com.kms.katalon.core.webui.keyword.internal.WebUIKeywordMain.runKeyword(WebUIKeywordMain.groovy:27)
	at com.kms.katalon.core.webui.keyword.builtin.ScrollToElementKeyword.scrollToElement(ScrollToElementKeyword.groovy:88)
	at com.kms.katalon.core.webui.keyword.builtin.ScrollToElementKeyword.execute(ScrollToElementKeyword.groovy:68)
	at com.kms.katalon.core.keyword.internal.KeywordExecutor.executeKeywordForPlatform(KeywordExecutor.groovy:53)
	at com.kms.katalon.core.webui.keyword.WebUiBuiltInKeywords.scrollToElement(WebUiBuiltInKeywords.groovy:2975)
	at com.kms.katalon.core.webui.keyword.WebUiBuiltInKeywords$scrollToElement$2.call(Unknown Source)
	at Follow us.run(Follow us:32)
	at com.kms.katalon.core.main.ScriptEngine.run(ScriptEngine.java:194)
	at com.kms.katalon.core.main.ScriptEngine.runScriptAsRawText(ScriptEngine.java:119)
	at com.kms.katalon.core.main.TestCaseExecutor.runScript(TestCaseExecutor.java:328)
	at com.kms.katalon.core.main.TestCaseExecutor.doExecute(TestCaseExecutor.java:319)
	at com.kms.katalon.core.main.TestCaseExecutor.processExecutionPhase(TestCaseExecutor.java:298)
	at com.kms.katalon.core.main.TestCaseExecutor.accessMainPhase(TestCaseExecutor.java:290)
	at com.kms.katalon.core.main.TestCaseExecutor.execute(TestCaseExecutor.java:224)
	at com.kms.katalon.core.main.TestSuiteExecutor.accessTestCaseMainPhase(TestSuiteExecutor.java:129)
	at com.kms.katalon.core.main.TestSuiteExecutor.accessTestSuiteMainPhase(TestSuiteExecutor.java:112)
	at com.kms.katalon.core.main.TestSuiteExecutor.execute(TestSuiteExecutor.java:81)
	at com.kms.katalon.core.main.TestCaseMain.startTestSuite(TestCaseMain.java:149)
	at com.kms.katalon.core.main.TestCaseMain$startTestSuite$0.call(Unknown Source)
	at TempTestSuite1561478401383.run(TempTestSuite1561478401383.groovy:36)


2019-06-25 12:13:44 - [TEST_STEP][PASSED] - callTestCase(findTestCase("CALL - URL"), [:], STOP_ON_FAILURE): Call Test Case 'Test Cases/CALL - URL' successfully

2019-06-25 12:13:44 - [TEST_CASE][PASSED] - Test Cases/CALL - URL: Test Cases/CALL - URL

2019-06-25 12:13:44 - [TEST_STEP][PASSED] - openBrowser(""): Browser is opened with url: ''

2019-06-25 12:13:44 - [MESSAGE][WARNING] - A browser is already opened. Closing browser and opening a new one

2019-06-25 12:13:44 - [MESSAGE][INFO] - Starting 'Chrome' driver

2019-06-25 12:13:45 - [MESSAGE][PASSED] - Browser is opened with url: ''

2019-06-25 12:13:45 - [TEST_STEP][PASSED] - navigateToUrl("https://diff-apollo.myshopify.com/?key=eec34184cfd8f82cda816f82753a8c8e9e240f30cf54470e19667b8cbb401948&preview_theme_id="): Navigate to 'https://diff-apollo.myshopify.com/?key=eec34184cfd8f82cda816f82753a8c8e9e240f30cf54470e19667b8cbb401948&preview_theme_id=' successfully

2019-06-25 12:13:48 - [MESSAGE][PASSED] - Navigate to 'https://diff-apollo.myshopify.com/?key=eec34184cfd8f82cda816f82753a8c8e9e240f30cf54470e19667b8cbb401948&preview_theme_id=' successfully

2019-06-25 12:13:48 - [TEST_STEP][NOT_RUN] - executeJavaScript("var previewBar = document.getElementById("preview-bar-iframe"); previewBar.style.display = "none";", []): NOT_RUN: executeJavaScript("var previewBar = document.getElementById("preview-bar-iframe"); previewBar.style.display = "none";", [])

2019-06-25 12:13:48 - [MESSAGE][NOT_RUN] - NOT_RUN: executeJavaScript("var previewBar = document.getElementById("preview-bar-iframe"); previewBar.style.display = "none";", [])

2019-06-25 12:13:48 - [MESSAGE][PASSED] - Call Test Case 'Test Cases/CALL - URL' successfully

2019-06-25 12:13:48 - [TEST_STEP][PASSED] - delay(2): Delayed 2 second(s)

2019-06-25 12:13:50 - [MESSAGE][PASSED] - Delayed 2 second(s)

2019-06-25 12:13:50 - [TEST_STEP][PASSED] - scrollToElement(findTestObject("APOLLO- Desktop/Home page/Follow us/apollodarktheme"), 0): Scroll to object 'Object Repository/APOLLO- Desktop/Home page/Follow us/apollodarktheme' successfully

2019-06-25 12:13:50 - [MESSAGE][WARNING] - Timeout '0' is invalid. Using default page load timeout: '30'

2019-06-25 12:13:50 - [MESSAGE][PASSED] - Scroll to object 'Object Repository/APOLLO- Desktop/Home page/Follow us/apollodarktheme' successfully

2019-06-25 12:13:50 - [TEST_STEP][PASSED] - delay(2): Delayed 2 second(s)

2019-06-25 12:13:52 - [MESSAGE][PASSED] - Delayed 2 second(s)

2019-06-25 12:13:52 - [TEST_STEP][PASSED] - scrollToElement(findTestObject("APOLLO- Desktop/Home page/Our latest blog posts/Visit Blog"), 0): Scroll to object 'Object Repository/APOLLO- Desktop/Home page/Our latest blog posts/Visit Blog' successfully

2019-06-25 12:13:52 - [MESSAGE][WARNING] - Timeout '0' is invalid. Using default page load timeout: '30'

2019-06-25 12:13:52 - [MESSAGE][PASSED] - Scroll to object 'Object Repository/APOLLO- Desktop/Home page/Our latest blog posts/Visit Blog' successfully

2019-06-25 12:13:52 - [TEST_STEP][PASSED] - delay(2): Delayed 2 second(s)

2019-06-25 12:13:54 - [MESSAGE][PASSED] - Delayed 2 second(s)

2019-06-25 12:13:54 - [TEST_STEP][PASSED] - click(findTestObject("APOLLO- Desktop/Home page/Follow us/product tile")): Object: 'Object Repository/APOLLO- Desktop/Home page/Follow us/product tile' is clicked on

2019-06-25 12:13:54 - [MESSAGE][PASSED] - Object: 'Object Repository/APOLLO- Desktop/Home page/Follow us/product tile' is clicked on

2019-06-25 12:13:54 - [TEST_STEP][PASSED] - back(): Navigate back successfully

2019-06-25 12:13:54 - [MESSAGE][PASSED] - Navigate back successfully

2019-06-25 12:13:54 - [TEST_STEP][FAILED] - scrollToElement(findTestObject("APOLLO- Desktop/Home page/Follow us/apollodarktheme"), 0): scrollToElement(findTestObject("APOLLO- Desktop/Home page/Follow us/apollodarktheme"), 0) FAILED.
Reason:
com.kms.katalon.core.exception.StepFailedException: Unable to scroll to object 'Object Repository/APOLLO- Desktop/Home page/Follow us/apollodarktheme' (Root cause: com.kms.katalon.core.webui.exception.WebElementNotFoundException: Web element with id: 'Object Repository/APOLLO- Desktop/Home page/Follow us/apollodarktheme' located by 'By.xpath: //h1[@class='o-title c-instagram-username']' not found)
	at com.kms.katalon.core.keyword.internal.KeywordMain.stepFailed(KeywordMain.groovy:36)
	at com.kms.katalon.core.webui.keyword.internal.WebUIKeywordMain.stepFailed(WebUIKeywordMain.groovy:65)
	at com.kms.katalon.core.webui.keyword.internal.WebUIKeywordMain.runKeyword(WebUIKeywordMain.groovy:27)
	at com.kms.katalon.core.webui.keyword.builtin.ScrollToElementKeyword.scrollToElement(ScrollToElementKeyword.groovy:88)
	at com.kms.katalon.core.webui.keyword.builtin.ScrollToElementKeyword.execute(ScrollToElementKeyword.groovy:68)
	at com.kms.katalon.core.keyword.internal.KeywordExecutor.executeKeywordForPlatform(KeywordExecutor.groovy:53)
	at com.kms.katalon.core.webui.keyword.WebUiBuiltInKeywords.scrollToElement(WebUiBuiltInKeywords.groovy:2975)
	at com.kms.katalon.core.webui.keyword.WebUiBuiltInKeywords$scrollToElement$2.call(Unknown Source)
	at Follow us.run(Follow us:32)
	at com.kms.katalon.core.main.ScriptEngine.run(ScriptEngine.java:194)
	at com.kms.katalon.core.main.ScriptEngine.runScriptAsRawText(ScriptEngine.java:119)
	at com.kms.katalon.core.main.TestCaseExecutor.runScript(TestCaseExecutor.java:328)
	at com.kms.katalon.core.main.TestCaseExecutor.doExecute(TestCaseExecutor.java:319)
	at com.kms.katalon.core.main.TestCaseExecutor.processExecutionPhase(TestCaseExecutor.java:298)
	at com.kms.katalon.core.main.TestCaseExecutor.accessMainPhase(TestCaseExecutor.java:290)
	at com.kms.katalon.core.main.TestCaseExecutor.execute(TestCaseExecutor.java:224)
	at com.kms.katalon.core.main.TestSuiteExecutor.accessTestCaseMainPhase(TestSuiteExecutor.java:129)
	at com.kms.katalon.core.main.TestSuiteExecutor.accessTestSuiteMainPhase(TestSuiteExecutor.java:112)
	at com.kms.katalon.core.main.TestSuiteExecutor.execute(TestSuiteExecutor.java:81)
	at com.kms.katalon.core.main.TestCaseMain.startTestSuite(TestCaseMain.java:149)
	at com.kms.katalon.core.main.TestCaseMain$startTestSuite$0.call(Unknown Source)
	at TempTestSuite1561478401383.run(TempTestSuite1561478401383.groovy:36)


2019-06-25 12:13:54 - [MESSAGE][WARNING] - Timeout '0' is invalid. Using default page load timeout: '30'

2019-06-25 12:14:25 - [MESSAGE][INFO] - Unable to find the element located by 'By.xpath: //h1[@class='o-title c-instagram-username']'. Please recheck the objects properties to make sure the desired element is located. 

2019-06-25 12:14:26 - [MESSAGE][FAILED] - Unable to scroll to object 'Object Repository/APOLLO- Desktop/Home page/Follow us/apollodarktheme' (Root cause: com.kms.katalon.core.webui.exception.WebElementNotFoundException: Web element with id: 'Object Repository/APOLLO- Desktop/Home page/Follow us/apollodarktheme' located by 'By.xpath: //h1[@class='o-title c-instagram-username']' not found)
[[ATTACHMENT|/Users/sumankompelly/Katalon Studio/APOLLO/Reports/Apollo - dark build/20190625_120001/1561479265836.png]]

2019-06-25 12:14:26 - [MESSAGE][FAILED] - scrollToElement(findTestObject("APOLLO- Desktop/Home page/Follow us/apollodarktheme"), 0) FAILED.
Reason:
com.kms.katalon.core.exception.StepFailedException: Unable to scroll to object 'Object Repository/APOLLO- Desktop/Home page/Follow us/apollodarktheme' (Root cause: com.kms.katalon.core.webui.exception.WebElementNotFoundException: Web element with id: 'Object Repository/APOLLO- Desktop/Home page/Follow us/apollodarktheme' located by 'By.xpath: //h1[@class='o-title c-instagram-username']' not found)
	at com.kms.katalon.core.keyword.internal.KeywordMain.stepFailed(KeywordMain.groovy:36)
	at com.kms.katalon.core.webui.keyword.internal.WebUIKeywordMain.stepFailed(WebUIKeywordMain.groovy:65)
	at com.kms.katalon.core.webui.keyword.internal.WebUIKeywordMain.runKeyword(WebUIKeywordMain.groovy:27)
	at com.kms.katalon.core.webui.keyword.builtin.ScrollToElementKeyword.scrollToElement(ScrollToElementKeyword.groovy:88)
	at com.kms.katalon.core.webui.keyword.builtin.ScrollToElementKeyword.execute(ScrollToElementKeyword.groovy:68)
	at com.kms.katalon.core.keyword.internal.KeywordExecutor.executeKeywordForPlatform(KeywordExecutor.groovy:53)
	at com.kms.katalon.core.webui.keyword.WebUiBuiltInKeywords.scrollToElement(WebUiBuiltInKeywords.groovy:2975)
	at com.kms.katalon.core.webui.keyword.WebUiBuiltInKeywords$scrollToElement$2.call(Unknown Source)
	at Follow us.run(Follow us:32)
	at com.kms.katalon.core.main.ScriptEngine.run(ScriptEngine.java:194)
	at com.kms.katalon.core.main.ScriptEngine.runScriptAsRawText(ScriptEngine.java:119)
	at com.kms.katalon.core.main.TestCaseExecutor.runScript(TestCaseExecutor.java:328)
	at com.kms.katalon.core.main.TestCaseExecutor.doExecute(TestCaseExecutor.java:319)
	at com.kms.katalon.core.main.TestCaseExecutor.processExecutionPhase(TestCaseExecutor.java:298)
	at com.kms.katalon.core.main.TestCaseExecutor.accessMainPhase(TestCaseExecutor.java:290)
	at com.kms.katalon.core.main.TestCaseExecutor.execute(TestCaseExecutor.java:224)
	at com.kms.katalon.core.main.TestSuiteExecutor.accessTestCaseMainPhase(TestSuiteExecutor.java:129)
	at com.kms.katalon.core.main.TestSuiteExecutor.accessTestSuiteMainPhase(TestSuiteExecutor.java:112)
	at com.kms.katalon.core.main.TestSuiteExecutor.execute(TestSuiteExecutor.java:81)
	at com.kms.katalon.core.main.TestCaseMain.startTestSuite(TestCaseMain.java:149)
	at com.kms.katalon.core.main.TestCaseMain$startTestSuite$0.call(Unknown Source)
	at TempTestSuite1561478401383.run(TempTestSuite1561478401383.groovy:36)]]></system-out>
         <system-err><![CDATA[2019-06-25 12:13:44 - [TEST_CASE][FAILED] - Test Cases/HOME PAGE/Follow us: Test Cases/HOME PAGE/Follow us FAILED.
Reason:
com.kms.katalon.core.exception.StepFailedException: Unable to scroll to object 'Object Repository/APOLLO- Desktop/Home page/Follow us/apollodarktheme' (Root cause: com.kms.katalon.core.webui.exception.WebElementNotFoundException: Web element with id: 'Object Repository/APOLLO- Desktop/Home page/Follow us/apollodarktheme' located by 'By.xpath: //h1[@class='o-title c-instagram-username']' not found)
	at com.kms.katalon.core.keyword.internal.KeywordMain.stepFailed(KeywordMain.groovy:36)
	at com.kms.katalon.core.webui.keyword.internal.WebUIKeywordMain.stepFailed(WebUIKeywordMain.groovy:65)
	at com.kms.katalon.core.webui.keyword.internal.WebUIKeywordMain.runKeyword(WebUIKeywordMain.groovy:27)
	at com.kms.katalon.core.webui.keyword.builtin.ScrollToElementKeyword.scrollToElement(ScrollToElementKeyword.groovy:88)
	at com.kms.katalon.core.webui.keyword.builtin.ScrollToElementKeyword.execute(ScrollToElementKeyword.groovy:68)
	at com.kms.katalon.core.keyword.internal.KeywordExecutor.executeKeywordForPlatform(KeywordExecutor.groovy:53)
	at com.kms.katalon.core.webui.keyword.WebUiBuiltInKeywords.scrollToElement(WebUiBuiltInKeywords.groovy:2975)
	at com.kms.katalon.core.webui.keyword.WebUiBuiltInKeywords$scrollToElement$2.call(Unknown Source)
	at Follow us.run(Follow us:32)
	at com.kms.katalon.core.main.ScriptEngine.run(ScriptEngine.java:194)
	at com.kms.katalon.core.main.ScriptEngine.runScriptAsRawText(ScriptEngine.java:119)
	at com.kms.katalon.core.main.TestCaseExecutor.runScript(TestCaseExecutor.java:328)
	at com.kms.katalon.core.main.TestCaseExecutor.doExecute(TestCaseExecutor.java:319)
	at com.kms.katalon.core.main.TestCaseExecutor.processExecutionPhase(TestCaseExecutor.java:298)
	at com.kms.katalon.core.main.TestCaseExecutor.accessMainPhase(TestCaseExecutor.java:290)
	at com.kms.katalon.core.main.TestCaseExecutor.execute(TestCaseExecutor.java:224)
	at com.kms.katalon.core.main.TestSuiteExecutor.accessTestCaseMainPhase(TestSuiteExecutor.java:129)
	at com.kms.katalon.core.main.TestSuiteExecutor.accessTestSuiteMainPhase(TestSuiteExecutor.java:112)
	at com.kms.katalon.core.main.TestSuiteExecutor.execute(TestSuiteExecutor.java:81)
	at com.kms.katalon.core.main.TestCaseMain.startTestSuite(TestCaseMain.java:149)
	at com.kms.katalon.core.main.TestCaseMain$startTestSuite$0.call(Unknown Source)
	at TempTestSuite1561478401383.run(TempTestSuite1561478401383.groovy:36)]]></system-err>
      </testcase>
      <testcase name="Test Cases/PRODUCT PAGE/Social media icons" classname="Test Cases/PRODUCT PAGE/Social media icons" status="FAILED">
         <failure type="FAILED" message="Test Cases/PRODUCT PAGE/Social media icons FAILED.
Reason:
com.kms.katalon.core.exception.StepFailedException: Unable to click on object 'Object Repository/APOLLO- Desktop/Product page/facebook icon' (Root cause: com.kms.katalon.core.webui.exception.WebElementNotFoundException: Web element with id: 'Object Repository/APOLLO- Desktop/Product page/facebook icon' located by 'By.xpath: //div[@class='c-product-summary c-product-summary--shadow js-sticky u-text-center js-scroll-fade is-loaded is_stuck']//li[1]//a[1]' not found)
	at com.kms.katalon.core.keyword.internal.KeywordMain.stepFailed(KeywordMain.groovy:36)
	at com.kms.katalon.core.webui.keyword.internal.WebUIKeywordMain.stepFailed(WebUIKeywordMain.groovy:65)
	at com.kms.katalon.core.webui.keyword.internal.WebUIKeywordMain.runKeyword(WebUIKeywordMain.groovy:27)
	at com.kms.katalon.core.webui.keyword.builtin.ClickKeyword.click(ClickKeyword.groovy:86)
	at com.kms.katalon.core.webui.keyword.builtin.ClickKeyword.execute(ClickKeyword.groovy:67)
	at com.kms.katalon.core.keyword.internal.KeywordExecutor.executeKeywordForPlatform(KeywordExecutor.groovy:53)
	at com.kms.katalon.core.webui.keyword.WebUiBuiltInKeywords.click(WebUiBuiltInKeywords.groovy:616)
	at com.kms.katalon.core.webui.keyword.WebUiBuiltInKeywords$click$1.call(Unknown Source)
	at Social media icons.run(Social media icons:48)
	at com.kms.katalon.core.main.ScriptEngine.run(ScriptEngine.java:194)
	at com.kms.katalon.core.main.ScriptEngine.runScriptAsRawText(ScriptEngine.java:119)
	at com.kms.katalon.core.main.TestCaseExecutor.runScript(TestCaseExecutor.java:328)
	at com.kms.katalon.core.main.TestCaseExecutor.doExecute(TestCaseExecutor.java:319)
	at com.kms.katalon.core.main.TestCaseExecutor.processExecutionPhase(TestCaseExecutor.java:298)
	at com.kms.katalon.core.main.TestCaseExecutor.accessMainPhase(TestCaseExecutor.java:290)
	at com.kms.katalon.core.main.TestCaseExecutor.execute(TestCaseExecutor.java:224)
	at com.kms.katalon.core.main.TestSuiteExecutor.accessTestCaseMainPhase(TestSuiteExecutor.java:129)
	at com.kms.katalon.core.main.TestSuiteExecutor.accessTestSuiteMainPhase(TestSuiteExecutor.java:112)
	at com.kms.katalon.core.main.TestSuiteExecutor.execute(TestSuiteExecutor.java:81)
	at com.kms.katalon.core.main.TestCaseMain.startTestSuite(TestCaseMain.java:149)
	at com.kms.katalon.core.main.TestCaseMain$startTestSuite$0.call(Unknown Source)
	at TempTestSuite1561478401383.run(TempTestSuite1561478401383.groovy:36)
"/>
         <system-out><![CDATA[2019-06-25 12:14:26 - [TEST_CASE][FAILED] - Test Cases/PRODUCT PAGE/Social media icons: Test Cases/PRODUCT PAGE/Social media icons FAILED.
Reason:
com.kms.katalon.core.exception.StepFailedException: Unable to click on object 'Object Repository/APOLLO- Desktop/Product page/facebook icon' (Root cause: com.kms.katalon.core.webui.exception.WebElementNotFoundException: Web element with id: 'Object Repository/APOLLO- Desktop/Product page/facebook icon' located by 'By.xpath: //div[@class='c-product-summary c-product-summary--shadow js-sticky u-text-center js-scroll-fade is-loaded is_stuck']//li[1]//a[1]' not found)
	at com.kms.katalon.core.keyword.internal.KeywordMain.stepFailed(KeywordMain.groovy:36)
	at com.kms.katalon.core.webui.keyword.internal.WebUIKeywordMain.stepFailed(WebUIKeywordMain.groovy:65)
	at com.kms.katalon.core.webui.keyword.internal.WebUIKeywordMain.runKeyword(WebUIKeywordMain.groovy:27)
	at com.kms.katalon.core.webui.keyword.builtin.ClickKeyword.click(ClickKeyword.groovy:86)
	at com.kms.katalon.core.webui.keyword.builtin.ClickKeyword.execute(ClickKeyword.groovy:67)
	at com.kms.katalon.core.keyword.internal.KeywordExecutor.executeKeywordForPlatform(KeywordExecutor.groovy:53)
	at com.kms.katalon.core.webui.keyword.WebUiBuiltInKeywords.click(WebUiBuiltInKeywords.groovy:616)
	at com.kms.katalon.core.webui.keyword.WebUiBuiltInKeywords$click$1.call(Unknown Source)
	at Social media icons.run(Social media icons:48)
	at com.kms.katalon.core.main.ScriptEngine.run(ScriptEngine.java:194)
	at com.kms.katalon.core.main.ScriptEngine.runScriptAsRawText(ScriptEngine.java:119)
	at com.kms.katalon.core.main.TestCaseExecutor.runScript(TestCaseExecutor.java:328)
	at com.kms.katalon.core.main.TestCaseExecutor.doExecute(TestCaseExecutor.java:319)
	at com.kms.katalon.core.main.TestCaseExecutor.processExecutionPhase(TestCaseExecutor.java:298)
	at com.kms.katalon.core.main.TestCaseExecutor.accessMainPhase(TestCaseExecutor.java:290)
	at com.kms.katalon.core.main.TestCaseExecutor.execute(TestCaseExecutor.java:224)
	at com.kms.katalon.core.main.TestSuiteExecutor.accessTestCaseMainPhase(TestSuiteExecutor.java:129)
	at com.kms.katalon.core.main.TestSuiteExecutor.accessTestSuiteMainPhase(TestSuiteExecutor.java:112)
	at com.kms.katalon.core.main.TestSuiteExecutor.execute(TestSuiteExecutor.java:81)
	at com.kms.katalon.core.main.TestCaseMain.startTestSuite(TestCaseMain.java:149)
	at com.kms.katalon.core.main.TestCaseMain$startTestSuite$0.call(Unknown Source)
	at TempTestSuite1561478401383.run(TempTestSuite1561478401383.groovy:36)


2019-06-25 12:14:26 - [TEST_STEP][PASSED] - callTestCase(findTestCase("CALL - URL"), [:], STOP_ON_FAILURE): Call Test Case 'Test Cases/CALL - URL' successfully

2019-06-25 12:14:26 - [TEST_CASE][PASSED] - Test Cases/CALL - URL: Test Cases/CALL - URL

2019-06-25 12:14:26 - [TEST_STEP][PASSED] - openBrowser(""): Browser is opened with url: ''

2019-06-25 12:14:26 - [MESSAGE][WARNING] - A browser is already opened. Closing browser and opening a new one

2019-06-25 12:14:26 - [MESSAGE][INFO] - Starting 'Chrome' driver

2019-06-25 12:14:27 - [MESSAGE][PASSED] - Browser is opened with url: ''

2019-06-25 12:14:27 - [TEST_STEP][PASSED] - navigateToUrl("https://diff-apollo.myshopify.com/?key=eec34184cfd8f82cda816f82753a8c8e9e240f30cf54470e19667b8cbb401948&preview_theme_id="): Navigate to 'https://diff-apollo.myshopify.com/?key=eec34184cfd8f82cda816f82753a8c8e9e240f30cf54470e19667b8cbb401948&preview_theme_id=' successfully

2019-06-25 12:14:31 - [MESSAGE][PASSED] - Navigate to 'https://diff-apollo.myshopify.com/?key=eec34184cfd8f82cda816f82753a8c8e9e240f30cf54470e19667b8cbb401948&preview_theme_id=' successfully

2019-06-25 12:14:31 - [TEST_STEP][NOT_RUN] - executeJavaScript("var previewBar = document.getElementById("preview-bar-iframe"); previewBar.style.display = "none";", []): NOT_RUN: executeJavaScript("var previewBar = document.getElementById("preview-bar-iframe"); previewBar.style.display = "none";", [])

2019-06-25 12:14:31 - [MESSAGE][NOT_RUN] - NOT_RUN: executeJavaScript("var previewBar = document.getElementById("preview-bar-iframe"); previewBar.style.display = "none";", [])

2019-06-25 12:14:31 - [MESSAGE][PASSED] - Call Test Case 'Test Cases/CALL - URL' successfully

2019-06-25 12:14:31 - [TEST_STEP][PASSED] - delay(2): Delayed 2 second(s)

2019-06-25 12:14:33 - [MESSAGE][PASSED] - Delayed 2 second(s)

2019-06-25 12:14:33 - [TEST_STEP][PASSED] - click(findTestObject("APOLLO- Desktop/Burger Menu/Burgermenu")): Object: 'Object Repository/APOLLO- Desktop/Burger Menu/Burgermenu' is clicked on

2019-06-25 12:14:33 - [MESSAGE][PASSED] - Object: 'Object Repository/APOLLO- Desktop/Burger Menu/Burgermenu' is clicked on

2019-06-25 12:14:33 - [TEST_STEP][PASSED] - delay(2): Delayed 2 second(s)

2019-06-25 12:14:35 - [MESSAGE][PASSED] - Delayed 2 second(s)

2019-06-25 12:14:35 - [TEST_STEP][PASSED] - click(findTestObject("APOLLO- Desktop/Burger Menu/Mens chevron")): Object: 'Object Repository/APOLLO- Desktop/Burger Menu/Mens chevron' is clicked on

2019-06-25 12:14:35 - [MESSAGE][PASSED] - Object: 'Object Repository/APOLLO- Desktop/Burger Menu/Mens chevron' is clicked on

2019-06-25 12:14:35 - [TEST_STEP][PASSED] - delay(2): Delayed 2 second(s)

2019-06-25 12:14:37 - [MESSAGE][PASSED] - Delayed 2 second(s)

2019-06-25 12:14:37 - [TEST_STEP][PASSED] - click(findTestObject("APOLLO- Desktop/Burger Menu/Mens - Top Chevron")): Object: 'Object Repository/APOLLO- Desktop/Burger Menu/Mens - Top Chevron' is clicked on

2019-06-25 12:14:37 - [MESSAGE][PASSED] - Object: 'Object Repository/APOLLO- Desktop/Burger Menu/Mens - Top Chevron' is clicked on

2019-06-25 12:14:37 - [TEST_STEP][PASSED] - delay(2): Delayed 2 second(s)

2019-06-25 12:14:39 - [MESSAGE][PASSED] - Delayed 2 second(s)

2019-06-25 12:14:39 - [TEST_STEP][PASSED] - click(findTestObject("APOLLO- Desktop/Burger Menu/Shirts link")): Object: 'Object Repository/APOLLO- Desktop/Burger Menu/Shirts link' is clicked on

2019-06-25 12:14:41 - [MESSAGE][PASSED] - Object: 'Object Repository/APOLLO- Desktop/Burger Menu/Shirts link' is clicked on

2019-06-25 12:14:41 - [TEST_STEP][NOT_RUN] - executeJavaScript("var previewBar = document.getElementById("preview-bar-iframe"); previewBar.style.display = "none";", []): NOT_RUN: executeJavaScript("var previewBar = document.getElementById("preview-bar-iframe"); previewBar.style.display = "none";", [])

2019-06-25 12:14:41 - [MESSAGE][NOT_RUN] - NOT_RUN: executeJavaScript("var previewBar = document.getElementById("preview-bar-iframe"); previewBar.style.display = "none";", [])

2019-06-25 12:14:41 - [TEST_STEP][PASSED] - delay(2): Delayed 2 second(s)

2019-06-25 12:14:43 - [MESSAGE][PASSED] - Delayed 2 second(s)

2019-06-25 12:14:43 - [TEST_STEP][PASSED] - click(findTestObject("APOLLO- Desktop/Collection page/Blue shirt product")): Object: 'Object Repository/APOLLO- Desktop/Collection page/Blue shirt product' is clicked on

2019-06-25 12:14:44 - [MESSAGE][PASSED] - Object: 'Object Repository/APOLLO- Desktop/Collection page/Blue shirt product' is clicked on

2019-06-25 12:14:44 - [TEST_STEP][PASSED] - delay(2): Delayed 2 second(s)

2019-06-25 12:14:46 - [MESSAGE][PASSED] - Delayed 2 second(s)

2019-06-25 12:14:46 - [TEST_STEP][NOT_RUN] - executeJavaScript("var previewBar = document.getElementById("preview-bar-iframe"); previewBar.style.display = "none";", []): NOT_RUN: executeJavaScript("var previewBar = document.getElementById("preview-bar-iframe"); previewBar.style.display = "none";", [])

2019-06-25 12:14:46 - [MESSAGE][NOT_RUN] - NOT_RUN: executeJavaScript("var previewBar = document.getElementById("preview-bar-iframe"); previewBar.style.display = "none";", [])

2019-06-25 12:14:46 - [TEST_STEP][PASSED] - delay(2): Delayed 2 second(s)

2019-06-25 12:14:48 - [MESSAGE][PASSED] - Delayed 2 second(s)

2019-06-25 12:14:48 - [TEST_STEP][FAILED] - click(findTestObject("APOLLO- Desktop/Product page/facebook icon")): click(findTestObject("APOLLO- Desktop/Product page/facebook icon")) FAILED.
Reason:
com.kms.katalon.core.exception.StepFailedException: Unable to click on object 'Object Repository/APOLLO- Desktop/Product page/facebook icon' (Root cause: com.kms.katalon.core.webui.exception.WebElementNotFoundException: Web element with id: 'Object Repository/APOLLO- Desktop/Product page/facebook icon' located by 'By.xpath: //div[@class='c-product-summary c-product-summary--shadow js-sticky u-text-center js-scroll-fade is-loaded is_stuck']//li[1]//a[1]' not found)
	at com.kms.katalon.core.keyword.internal.KeywordMain.stepFailed(KeywordMain.groovy:36)
	at com.kms.katalon.core.webui.keyword.internal.WebUIKeywordMain.stepFailed(WebUIKeywordMain.groovy:65)
	at com.kms.katalon.core.webui.keyword.internal.WebUIKeywordMain.runKeyword(WebUIKeywordMain.groovy:27)
	at com.kms.katalon.core.webui.keyword.builtin.ClickKeyword.click(ClickKeyword.groovy:86)
	at com.kms.katalon.core.webui.keyword.builtin.ClickKeyword.execute(ClickKeyword.groovy:67)
	at com.kms.katalon.core.keyword.internal.KeywordExecutor.executeKeywordForPlatform(KeywordExecutor.groovy:53)
	at com.kms.katalon.core.webui.keyword.WebUiBuiltInKeywords.click(WebUiBuiltInKeywords.groovy:616)
	at com.kms.katalon.core.webui.keyword.WebUiBuiltInKeywords$click$1.call(Unknown Source)
	at Social media icons.run(Social media icons:48)
	at com.kms.katalon.core.main.ScriptEngine.run(ScriptEngine.java:194)
	at com.kms.katalon.core.main.ScriptEngine.runScriptAsRawText(ScriptEngine.java:119)
	at com.kms.katalon.core.main.TestCaseExecutor.runScript(TestCaseExecutor.java:328)
	at com.kms.katalon.core.main.TestCaseExecutor.doExecute(TestCaseExecutor.java:319)
	at com.kms.katalon.core.main.TestCaseExecutor.processExecutionPhase(TestCaseExecutor.java:298)
	at com.kms.katalon.core.main.TestCaseExecutor.accessMainPhase(TestCaseExecutor.java:290)
	at com.kms.katalon.core.main.TestCaseExecutor.execute(TestCaseExecutor.java:224)
	at com.kms.katalon.core.main.TestSuiteExecutor.accessTestCaseMainPhase(TestSuiteExecutor.java:129)
	at com.kms.katalon.core.main.TestSuiteExecutor.accessTestSuiteMainPhase(TestSuiteExecutor.java:112)
	at com.kms.katalon.core.main.TestSuiteExecutor.execute(TestSuiteExecutor.java:81)
	at com.kms.katalon.core.main.TestCaseMain.startTestSuite(TestCaseMain.java:149)
	at com.kms.katalon.core.main.TestCaseMain$startTestSuite$0.call(Unknown Source)
	at TempTestSuite1561478401383.run(TempTestSuite1561478401383.groovy:36)


2019-06-25 12:15:19 - [MESSAGE][INFO] - Unable to find the element located by 'By.xpath: //div[@class='c-product-summary c-product-summary--shadow js-sticky u-text-center js-scroll-fade is-loaded is_stuck']//li[1]//a[1]'. Please recheck the objects properties to make sure the desired element is located. 

2019-06-25 12:15:20 - [MESSAGE][FAILED] - Unable to click on object 'Object Repository/APOLLO- Desktop/Product page/facebook icon' (Root cause: com.kms.katalon.core.webui.exception.WebElementNotFoundException: Web element with id: 'Object Repository/APOLLO- Desktop/Product page/facebook icon' located by 'By.xpath: //div[@class='c-product-summary c-product-summary--shadow js-sticky u-text-center js-scroll-fade is-loaded is_stuck']//li[1]//a[1]' not found)
[[ATTACHMENT|/Users/sumankompelly/Katalon Studio/APOLLO/Reports/Apollo - dark build/20190625_120001/1561479319268.png]]

2019-06-25 12:15:20 - [MESSAGE][FAILED] - click(findTestObject("APOLLO- Desktop/Product page/facebook icon")) FAILED.
Reason:
com.kms.katalon.core.exception.StepFailedException: Unable to click on object 'Object Repository/APOLLO- Desktop/Product page/facebook icon' (Root cause: com.kms.katalon.core.webui.exception.WebElementNotFoundException: Web element with id: 'Object Repository/APOLLO- Desktop/Product page/facebook icon' located by 'By.xpath: //div[@class='c-product-summary c-product-summary--shadow js-sticky u-text-center js-scroll-fade is-loaded is_stuck']//li[1]//a[1]' not found)
	at com.kms.katalon.core.keyword.internal.KeywordMain.stepFailed(KeywordMain.groovy:36)
	at com.kms.katalon.core.webui.keyword.internal.WebUIKeywordMain.stepFailed(WebUIKeywordMain.groovy:65)
	at com.kms.katalon.core.webui.keyword.internal.WebUIKeywordMain.runKeyword(WebUIKeywordMain.groovy:27)
	at com.kms.katalon.core.webui.keyword.builtin.ClickKeyword.click(ClickKeyword.groovy:86)
	at com.kms.katalon.core.webui.keyword.builtin.ClickKeyword.execute(ClickKeyword.groovy:67)
	at com.kms.katalon.core.keyword.internal.KeywordExecutor.executeKeywordForPlatform(KeywordExecutor.groovy:53)
	at com.kms.katalon.core.webui.keyword.WebUiBuiltInKeywords.click(WebUiBuiltInKeywords.groovy:616)
	at com.kms.katalon.core.webui.keyword.WebUiBuiltInKeywords$click$1.call(Unknown Source)
	at Social media icons.run(Social media icons:48)
	at com.kms.katalon.core.main.ScriptEngine.run(ScriptEngine.java:194)
	at com.kms.katalon.core.main.ScriptEngine.runScriptAsRawText(ScriptEngine.java:119)
	at com.kms.katalon.core.main.TestCaseExecutor.runScript(TestCaseExecutor.java:328)
	at com.kms.katalon.core.main.TestCaseExecutor.doExecute(TestCaseExecutor.java:319)
	at com.kms.katalon.core.main.TestCaseExecutor.processExecutionPhase(TestCaseExecutor.java:298)
	at com.kms.katalon.core.main.TestCaseExecutor.accessMainPhase(TestCaseExecutor.java:290)
	at com.kms.katalon.core.main.TestCaseExecutor.execute(TestCaseExecutor.java:224)
	at com.kms.katalon.core.main.TestSuiteExecutor.accessTestCaseMainPhase(TestSuiteExecutor.java:129)
	at com.kms.katalon.core.main.TestSuiteExecutor.accessTestSuiteMainPhase(TestSuiteExecutor.java:112)
	at com.kms.katalon.core.main.TestSuiteExecutor.execute(TestSuiteExecutor.java:81)
	at com.kms.katalon.core.main.TestCaseMain.startTestSuite(TestCaseMain.java:149)
	at com.kms.katalon.core.main.TestCaseMain$startTestSuite$0.call(Unknown Source)
	at TempTestSuite1561478401383.run(TempTestSuite1561478401383.groovy:36)]]></system-out>
         <system-err><![CDATA[2019-06-25 12:14:26 - [TEST_CASE][FAILED] - Test Cases/PRODUCT PAGE/Social media icons: Test Cases/PRODUCT PAGE/Social media icons FAILED.
Reason:
com.kms.katalon.core.exception.StepFailedException: Unable to click on object 'Object Repository/APOLLO- Desktop/Product page/facebook icon' (Root cause: com.kms.katalon.core.webui.exception.WebElementNotFoundException: Web element with id: 'Object Repository/APOLLO- Desktop/Product page/facebook icon' located by 'By.xpath: //div[@class='c-product-summary c-product-summary--shadow js-sticky u-text-center js-scroll-fade is-loaded is_stuck']//li[1]//a[1]' not found)
	at com.kms.katalon.core.keyword.internal.KeywordMain.stepFailed(KeywordMain.groovy:36)
	at com.kms.katalon.core.webui.keyword.internal.WebUIKeywordMain.stepFailed(WebUIKeywordMain.groovy:65)
	at com.kms.katalon.core.webui.keyword.internal.WebUIKeywordMain.runKeyword(WebUIKeywordMain.groovy:27)
	at com.kms.katalon.core.webui.keyword.builtin.ClickKeyword.click(ClickKeyword.groovy:86)
	at com.kms.katalon.core.webui.keyword.builtin.ClickKeyword.execute(ClickKeyword.groovy:67)
	at com.kms.katalon.core.keyword.internal.KeywordExecutor.executeKeywordForPlatform(KeywordExecutor.groovy:53)
	at com.kms.katalon.core.webui.keyword.WebUiBuiltInKeywords.click(WebUiBuiltInKeywords.groovy:616)
	at com.kms.katalon.core.webui.keyword.WebUiBuiltInKeywords$click$1.call(Unknown Source)
	at Social media icons.run(Social media icons:48)
	at com.kms.katalon.core.main.ScriptEngine.run(ScriptEngine.java:194)
	at com.kms.katalon.core.main.ScriptEngine.runScriptAsRawText(ScriptEngine.java:119)
	at com.kms.katalon.core.main.TestCaseExecutor.runScript(TestCaseExecutor.java:328)
	at com.kms.katalon.core.main.TestCaseExecutor.doExecute(TestCaseExecutor.java:319)
	at com.kms.katalon.core.main.TestCaseExecutor.processExecutionPhase(TestCaseExecutor.java:298)
	at com.kms.katalon.core.main.TestCaseExecutor.accessMainPhase(TestCaseExecutor.java:290)
	at com.kms.katalon.core.main.TestCaseExecutor.execute(TestCaseExecutor.java:224)
	at com.kms.katalon.core.main.TestSuiteExecutor.accessTestCaseMainPhase(TestSuiteExecutor.java:129)
	at com.kms.katalon.core.main.TestSuiteExecutor.accessTestSuiteMainPhase(TestSuiteExecutor.java:112)
	at com.kms.katalon.core.main.TestSuiteExecutor.execute(TestSuiteExecutor.java:81)
	at com.kms.katalon.core.main.TestCaseMain.startTestSuite(TestCaseMain.java:149)
	at com.kms.katalon.core.main.TestCaseMain$startTestSuite$0.call(Unknown Source)
	at TempTestSuite1561478401383.run(TempTestSuite1561478401383.groovy:36)]]></system-err>
      </testcase>
      <testcase name="Test Cases/PRODUCT PAGE/More payment link and buy with google pay" classname="Test Cases/PRODUCT PAGE/More payment link and buy with google pay" status="PASSED">
         <system-out><![CDATA[2019-06-25 12:15:20 - [TEST_CASE][PASSED] - Test Cases/PRODUCT PAGE/More payment link and buy with google pay: Test Cases/PRODUCT PAGE/More payment link and buy with google pay

2019-06-25 12:15:20 - [TEST_STEP][PASSED] - callTestCase(findTestCase("CALL - URL"), [:], STOP_ON_FAILURE): Call Test Case 'Test Cases/CALL - URL' successfully

2019-06-25 12:15:20 - [TEST_CASE][PASSED] - Test Cases/CALL - URL: Test Cases/CALL - URL

2019-06-25 12:15:20 - [TEST_STEP][PASSED] - openBrowser(""): Browser is opened with url: ''

2019-06-25 12:15:20 - [MESSAGE][WARNING] - A browser is already opened. Closing browser and opening a new one

2019-06-25 12:15:20 - [MESSAGE][INFO] - Starting 'Chrome' driver

2019-06-25 12:15:21 - [MESSAGE][PASSED] - Browser is opened with url: ''

2019-06-25 12:15:21 - [TEST_STEP][PASSED] - navigateToUrl("https://diff-apollo.myshopify.com/?key=eec34184cfd8f82cda816f82753a8c8e9e240f30cf54470e19667b8cbb401948&preview_theme_id="): Navigate to 'https://diff-apollo.myshopify.com/?key=eec34184cfd8f82cda816f82753a8c8e9e240f30cf54470e19667b8cbb401948&preview_theme_id=' successfully

2019-06-25 12:15:23 - [MESSAGE][PASSED] - Navigate to 'https://diff-apollo.myshopify.com/?key=eec34184cfd8f82cda816f82753a8c8e9e240f30cf54470e19667b8cbb401948&preview_theme_id=' successfully

2019-06-25 12:15:23 - [TEST_STEP][NOT_RUN] - executeJavaScript("var previewBar = document.getElementById("preview-bar-iframe"); previewBar.style.display = "none";", []): NOT_RUN: executeJavaScript("var previewBar = document.getElementById("preview-bar-iframe"); previewBar.style.display = "none";", [])

2019-06-25 12:15:23 - [MESSAGE][NOT_RUN] - NOT_RUN: executeJavaScript("var previewBar = document.getElementById("preview-bar-iframe"); previewBar.style.display = "none";", [])

2019-06-25 12:15:23 - [MESSAGE][PASSED] - Call Test Case 'Test Cases/CALL - URL' successfully

2019-06-25 12:15:23 - [TEST_STEP][PASSED] - delay(2): Delayed 2 second(s)

2019-06-25 12:15:25 - [MESSAGE][PASSED] - Delayed 2 second(s)

2019-06-25 12:15:25 - [TEST_STEP][PASSED] - click(findTestObject("APOLLO- Desktop/Burger Menu/Burgermenu")): Object: 'Object Repository/APOLLO- Desktop/Burger Menu/Burgermenu' is clicked on

2019-06-25 12:15:26 - [MESSAGE][PASSED] - Object: 'Object Repository/APOLLO- Desktop/Burger Menu/Burgermenu' is clicked on

2019-06-25 12:15:26 - [TEST_STEP][PASSED] - delay(2): Delayed 2 second(s)

2019-06-25 12:15:28 - [MESSAGE][PASSED] - Delayed 2 second(s)

2019-06-25 12:15:28 - [TEST_STEP][PASSED] - click(findTestObject("APOLLO- Desktop/Burger Menu/Mens chevron")): Object: 'Object Repository/APOLLO- Desktop/Burger Menu/Mens chevron' is clicked on

2019-06-25 12:15:28 - [MESSAGE][PASSED] - Object: 'Object Repository/APOLLO- Desktop/Burger Menu/Mens chevron' is clicked on

2019-06-25 12:15:28 - [TEST_STEP][PASSED] - delay(2): Delayed 2 second(s)

2019-06-25 12:15:30 - [MESSAGE][PASSED] - Delayed 2 second(s)

2019-06-25 12:15:30 - [TEST_STEP][PASSED] - click(findTestObject("APOLLO- Desktop/Burger Menu/Mens - Top Chevron")): Object: 'Object Repository/APOLLO- Desktop/Burger Menu/Mens - Top Chevron' is clicked on

2019-06-25 12:15:30 - [MESSAGE][PASSED] - Object: 'Object Repository/APOLLO- Desktop/Burger Menu/Mens - Top Chevron' is clicked on

2019-06-25 12:15:30 - [TEST_STEP][PASSED] - delay(2): Delayed 2 second(s)

2019-06-25 12:15:32 - [MESSAGE][PASSED] - Delayed 2 second(s)

2019-06-25 12:15:32 - [TEST_STEP][PASSED] - click(findTestObject("APOLLO- Desktop/Burger Menu/Shirts link")): Object: 'Object Repository/APOLLO- Desktop/Burger Menu/Shirts link' is clicked on

2019-06-25 12:15:33 - [MESSAGE][PASSED] - Object: 'Object Repository/APOLLO- Desktop/Burger Menu/Shirts link' is clicked on

2019-06-25 12:15:33 - [TEST_STEP][NOT_RUN] - executeJavaScript("var previewBar = document.getElementById("preview-bar-iframe"); previewBar.style.display = "none";", []): NOT_RUN: executeJavaScript("var previewBar = document.getElementById("preview-bar-iframe"); previewBar.style.display = "none";", [])

2019-06-25 12:15:33 - [MESSAGE][NOT_RUN] - NOT_RUN: executeJavaScript("var previewBar = document.getElementById("preview-bar-iframe"); previewBar.style.display = "none";", [])

2019-06-25 12:15:33 - [TEST_STEP][PASSED] - delay(2): Delayed 2 second(s)

2019-06-25 12:15:35 - [MESSAGE][PASSED] - Delayed 2 second(s)

2019-06-25 12:15:35 - [TEST_STEP][PASSED] - click(findTestObject("APOLLO- Desktop/Collection page/Blue shirt product")): Object: 'Object Repository/APOLLO- Desktop/Collection page/Blue shirt product' is clicked on

2019-06-25 12:15:36 - [MESSAGE][PASSED] - Object: 'Object Repository/APOLLO- Desktop/Collection page/Blue shirt product' is clicked on

2019-06-25 12:15:36 - [TEST_STEP][PASSED] - delay(2): Delayed 2 second(s)

2019-06-25 12:15:38 - [MESSAGE][PASSED] - Delayed 2 second(s)

2019-06-25 12:15:38 - [TEST_STEP][NOT_RUN] - executeJavaScript("var previewBar = document.getElementById("preview-bar-iframe"); previewBar.style.display = "none";", []): NOT_RUN: executeJavaScript("var previewBar = document.getElementById("preview-bar-iframe"); previewBar.style.display = "none";", [])

2019-06-25 12:15:38 - [MESSAGE][NOT_RUN] - NOT_RUN: executeJavaScript("var previewBar = document.getElementById("preview-bar-iframe"); previewBar.style.display = "none";", [])

2019-06-25 12:15:38 - [TEST_STEP][PASSED] - delay(2): Delayed 2 second(s)

2019-06-25 12:15:40 - [MESSAGE][PASSED] - Delayed 2 second(s)

2019-06-25 12:15:40 - [TEST_STEP][PASSED] - click(findTestObject("APOLLO- Desktop/Product page/More payment options")): Object: 'Object Repository/APOLLO- Desktop/Product page/More payment options' is clicked on

2019-06-25 12:15:40 - [MESSAGE][PASSED] - Object: 'Object Repository/APOLLO- Desktop/Product page/More payment options' is clicked on

2019-06-25 12:15:40 - [TEST_STEP][PASSED] - delay(2): Delayed 2 second(s)

2019-06-25 12:15:42 - [MESSAGE][PASSED] - Delayed 2 second(s)

2019-06-25 12:15:42 - [TEST_STEP][PASSED] - click(findTestObject("APOLLO- Desktop/Product page/Checkout- more payment")): Object: 'Object Repository/APOLLO- Desktop/Product page/Checkout- more payment' is clicked on

2019-06-25 12:15:44 - [MESSAGE][PASSED] - Object: 'Object Repository/APOLLO- Desktop/Product page/Checkout- more payment' is clicked on

2019-06-25 12:15:44 - [TEST_STEP][PASSED] - delay(2): Delayed 2 second(s)

2019-06-25 12:15:46 - [MESSAGE][PASSED] - Delayed 2 second(s)

2019-06-25 12:15:46 - [TEST_STEP][PASSED] - callTestCase(findTestCase("CALL- CUSTOMER INFO PAGE"), [:], STOP_ON_FAILURE): Call Test Case 'Test Cases/CALL- CUSTOMER INFO PAGE' successfully

2019-06-25 12:15:46 - [TEST_CASE][PASSED] - Test Cases/CALL- CUSTOMER INFO PAGE: Test Cases/CALL- CUSTOMER INFO PAGE

2019-06-25 12:15:46 - [TEST_STEP][PASSED] - delay(2): Delayed 2 second(s)

2019-06-25 12:15:48 - [MESSAGE][PASSED] - Delayed 2 second(s)

2019-06-25 12:15:48 - [TEST_STEP][NOT_RUN] - executeJavaScript("var previewBar = document.getElementById("preview-bar-iframe"); previewBar.style.display = "none";", []): NOT_RUN: executeJavaScript("var previewBar = document.getElementById("preview-bar-iframe"); previewBar.style.display = "none";", [])

2019-06-25 12:15:48 - [MESSAGE][NOT_RUN] - NOT_RUN: executeJavaScript("var previewBar = document.getElementById("preview-bar-iframe"); previewBar.style.display = "none";", [])

2019-06-25 12:15:48 - [TEST_STEP][PASSED] - setText(findTestObject("APOLLO- Desktop/Customer Information page/Email"), "suman@gmail.com"): Text 'suman@gmail.com' is set on object 'Object Repository/APOLLO- Desktop/Customer Information page/Email'

2019-06-25 12:15:48 - [MESSAGE][PASSED] - Text 'suman@gmail.com' is set on object 'Object Repository/APOLLO- Desktop/Customer Information page/Email'

2019-06-25 12:15:48 - [TEST_STEP][PASSED] - delay(2): Delayed 2 second(s)

2019-06-25 12:15:50 - [MESSAGE][PASSED] - Delayed 2 second(s)

2019-06-25 12:15:50 - [TEST_STEP][PASSED] - setText(findTestObject("APOLLO- Desktop/Customer Information page/First name"), "suman"): Text 'suman' is set on object 'Object Repository/APOLLO- Desktop/Customer Information page/First name'

2019-06-25 12:15:50 - [MESSAGE][PASSED] - Text 'suman' is set on object 'Object Repository/APOLLO- Desktop/Customer Information page/First name'

2019-06-25 12:15:50 - [TEST_STEP][PASSED] - delay(2): Delayed 2 second(s)

2019-06-25 12:15:52 - [MESSAGE][PASSED] - Delayed 2 second(s)

2019-06-25 12:15:52 - [TEST_STEP][PASSED] - setText(findTestObject("APOLLO- Desktop/Customer Information page/Last name"), "kompelly"): Text 'kompelly' is set on object 'Object Repository/APOLLO- Desktop/Customer Information page/Last name'

2019-06-25 12:15:52 - [MESSAGE][PASSED] - Text 'kompelly' is set on object 'Object Repository/APOLLO- Desktop/Customer Information page/Last name'

2019-06-25 12:15:52 - [TEST_STEP][PASSED] - delay(2): Delayed 2 second(s)

2019-06-25 12:15:54 - [MESSAGE][PASSED] - Delayed 2 second(s)

2019-06-25 12:15:54 - [TEST_STEP][PASSED] - setText(findTestObject("APOLLO- Desktop/Customer Information page/Address"), "1435 st alxendre"): Text '1435 st alxendre' is set on object 'Object Repository/APOLLO- Desktop/Customer Information page/Address'

2019-06-25 12:15:55 - [MESSAGE][PASSED] - Text '1435 st alxendre' is set on object 'Object Repository/APOLLO- Desktop/Customer Information page/Address'

2019-06-25 12:15:55 - [TEST_STEP][PASSED] - setText(findTestObject("APOLLO- Desktop/Customer Information page/Apartment"), "220"): Text '220' is set on object 'Object Repository/APOLLO- Desktop/Customer Information page/Apartment'

2019-06-25 12:15:55 - [MESSAGE][PASSED] - Text '220' is set on object 'Object Repository/APOLLO- Desktop/Customer Information page/Apartment'

2019-06-25 12:15:55 - [TEST_STEP][PASSED] - setText(findTestObject("APOLLO- Desktop/Customer Information page/City"), "montreal"): Text 'montreal' is set on object 'Object Repository/APOLLO- Desktop/Customer Information page/City'

2019-06-25 12:15:55 - [MESSAGE][PASSED] - Text 'montreal' is set on object 'Object Repository/APOLLO- Desktop/Customer Information page/City'

2019-06-25 12:15:55 - [TEST_STEP][PASSED] - selectOptionByValue(findTestObject("APOLLO- Desktop/Customer Information page/Country dropdown"), "United States", true): All options with value 'United States' are selected in object 'Object Repository/APOLLO- Desktop/Customer Information page/Country dropdown'  using regular expression

2019-06-25 12:15:58 - [MESSAGE][PASSED] - All options with value 'United States' are selected in object 'Object Repository/APOLLO- Desktop/Customer Information page/Country dropdown'  using regular expression

2019-06-25 12:15:58 - [TEST_STEP][PASSED] - selectOptionByValue(findTestObject("APOLLO- Desktop/Customer Information page/states dropdown"), "NJ", true): All options with value 'NJ' are selected in object 'Object Repository/APOLLO- Desktop/Customer Information page/states dropdown'  using regular expression

2019-06-25 12:15:59 - [MESSAGE][PASSED] - All options with value 'NJ' are selected in object 'Object Repository/APOLLO- Desktop/Customer Information page/states dropdown'  using regular expression

2019-06-25 12:15:59 - [TEST_STEP][PASSED] - setText(findTestObject("APOLLO- Desktop/Customer Information page/ZIP code"), "07057"): Text '07057' is set on object 'Object Repository/APOLLO- Desktop/Customer Information page/ZIP code'

2019-06-25 12:15:59 - [MESSAGE][PASSED] - Text '07057' is set on object 'Object Repository/APOLLO- Desktop/Customer Information page/ZIP code'

2019-06-25 12:15:59 - [MESSAGE][PASSED] - Call Test Case 'Test Cases/CALL- CUSTOMER INFO PAGE' successfully

2019-06-25 12:15:59 - [TEST_STEP][PASSED] - delay(2): Delayed 2 second(s)

2019-06-25 12:16:01 - [MESSAGE][PASSED] - Delayed 2 second(s)

2019-06-25 12:16:01 - [TEST_STEP][PASSED] - callTestCase(findTestCase("CALL - SHIPPING TO PAYMENT"), [:], STOP_ON_FAILURE): Call Test Case 'Test Cases/CALL - SHIPPING TO PAYMENT' successfully

2019-06-25 12:16:01 - [TEST_CASE][PASSED] - Test Cases/CALL - SHIPPING TO PAYMENT: Test Cases/CALL - SHIPPING TO PAYMENT

2019-06-25 12:16:01 - [TEST_STEP][PASSED] - click(findTestObject("APOLLO- Desktop/Customer Information page/Continue to shipping")): Object: 'Object Repository/APOLLO- Desktop/Customer Information page/Continue to shipping' is clicked on

2019-06-25 12:16:04 - [MESSAGE][PASSED] - Object: 'Object Repository/APOLLO- Desktop/Customer Information page/Continue to shipping' is clicked on

2019-06-25 12:16:04 - [TEST_STEP][NOT_RUN] - executeJavaScript("var previewBar = document.getElementById("preview-bar-iframe"); previewBar.style.display = "none";", []): NOT_RUN: executeJavaScript("var previewBar = document.getElementById("preview-bar-iframe"); previewBar.style.display = "none";", [])

2019-06-25 12:16:04 - [MESSAGE][NOT_RUN] - NOT_RUN: executeJavaScript("var previewBar = document.getElementById("preview-bar-iframe"); previewBar.style.display = "none";", [])

2019-06-25 12:16:04 - [TEST_STEP][PASSED] - click(findTestObject("APOLLO- Desktop/Shipping page/Radio button check")): Object: 'Object Repository/APOLLO- Desktop/Shipping page/Radio button check' is clicked on

2019-06-25 12:16:06 - [MESSAGE][PASSED] - Object: 'Object Repository/APOLLO- Desktop/Shipping page/Radio button check' is clicked on

2019-06-25 12:16:06 - [TEST_STEP][NOT_RUN] - executeJavaScript("var previewBar = document.getElementById("preview-bar-iframe"); previewBar.style.display = "none";", []): NOT_RUN: executeJavaScript("var previewBar = document.getElementById("preview-bar-iframe"); previewBar.style.display = "none";", [])

2019-06-25 12:16:06 - [MESSAGE][NOT_RUN] - NOT_RUN: executeJavaScript("var previewBar = document.getElementById("preview-bar-iframe"); previewBar.style.display = "none";", [])

2019-06-25 12:16:06 - [TEST_STEP][PASSED] - click(findTestObject("APOLLO- Desktop/Shipping page/Continue to payment")): Object: 'Object Repository/APOLLO- Desktop/Shipping page/Continue to payment' is clicked on

2019-06-25 12:16:08 - [MESSAGE][PASSED] - Object: 'Object Repository/APOLLO- Desktop/Shipping page/Continue to payment' is clicked on

2019-06-25 12:16:08 - [TEST_STEP][NOT_RUN] - executeJavaScript("var previewBar = document.getElementById("preview-bar-iframe"); previewBar.style.display = "none";", []): NOT_RUN: executeJavaScript("var previewBar = document.getElementById("preview-bar-iframe"); previewBar.style.display = "none";", [])

2019-06-25 12:16:08 - [MESSAGE][NOT_RUN] - NOT_RUN: executeJavaScript("var previewBar = document.getElementById("preview-bar-iframe"); previewBar.style.display = "none";", [])

2019-06-25 12:16:08 - [TEST_STEP][PASSED] - click(findTestObject("APOLLO- Desktop/payment page/Payment section")): Object: 'Object Repository/APOLLO- Desktop/payment page/Payment section' is clicked on

2019-06-25 12:16:08 - [MESSAGE][PASSED] - Object: 'Object Repository/APOLLO- Desktop/payment page/Payment section' is clicked on

2019-06-25 12:16:08 - [MESSAGE][PASSED] - Call Test Case 'Test Cases/CALL - SHIPPING TO PAYMENT' successfully

2019-06-25 12:16:08 - [TEST_STEP][PASSED] - delay(2): Delayed 2 second(s)

2019-06-25 12:16:10 - [MESSAGE][PASSED] - Delayed 2 second(s)

2019-06-25 12:16:10 - [TEST_STEP][PASSED] - navigateToUrl("https://diff-apollo.myshopify.com/collections/mens-shirts/products/striped-t-shirt?variant=20036806639716"): Navigate to 'https://diff-apollo.myshopify.com/collections/mens-shirts/products/striped-t-shirt?variant=20036806639716' successfully

2019-06-25 12:16:19 - [MESSAGE][PASSED] - Navigate to 'https://diff-apollo.myshopify.com/collections/mens-shirts/products/striped-t-shirt?variant=20036806639716' successfully

2019-06-25 12:16:19 - [TEST_STEP][PASSED] - delay(2): Delayed 2 second(s)

2019-06-25 12:16:21 - [MESSAGE][PASSED] - Delayed 2 second(s)

2019-06-25 12:16:21 - [TEST_STEP][PASSED] - click(findTestObject("APOLLO- Desktop/Product page/Buy with google pay")): Object: 'Object Repository/APOLLO- Desktop/Product page/Buy with google pay' is clicked on

2019-06-25 12:16:21 - [MESSAGE][PASSED] - Object: 'Object Repository/APOLLO- Desktop/Product page/Buy with google pay' is clicked on

2019-06-25 12:16:21 - [TEST_STEP][PASSED] - delay(2): Delayed 2 second(s)

2019-06-25 12:16:23 - [MESSAGE][PASSED] - Delayed 2 second(s)]]></system-out>
         <system-err><![CDATA[]]></system-err>
      </testcase>
      <testcase name="Test Cases/PRODUCT PAGE/Product chevron dropdowns" classname="Test Cases/PRODUCT PAGE/Product chevron dropdowns" status="PASSED">
         <system-out><![CDATA[2019-06-25 12:16:23 - [TEST_CASE][PASSED] - Test Cases/PRODUCT PAGE/Product chevron dropdowns: Test Cases/PRODUCT PAGE/Product chevron dropdowns

2019-06-25 12:16:23 - [TEST_STEP][PASSED] - callTestCase(findTestCase("CALL - URL"), [:], STOP_ON_FAILURE): Call Test Case 'Test Cases/CALL - URL' successfully

2019-06-25 12:16:24 - [TEST_CASE][PASSED] - Test Cases/CALL - URL: Test Cases/CALL - URL

2019-06-25 12:16:24 - [TEST_STEP][PASSED] - openBrowser(""): Browser is opened with url: ''

2019-06-25 12:16:24 - [MESSAGE][WARNING] - A browser is already opened. Closing browser and opening a new one

2019-06-25 12:16:24 - [MESSAGE][INFO] - Starting 'Chrome' driver

2019-06-25 12:16:25 - [MESSAGE][PASSED] - Browser is opened with url: ''

2019-06-25 12:16:25 - [TEST_STEP][PASSED] - navigateToUrl("https://diff-apollo.myshopify.com/?key=eec34184cfd8f82cda816f82753a8c8e9e240f30cf54470e19667b8cbb401948&preview_theme_id="): Navigate to 'https://diff-apollo.myshopify.com/?key=eec34184cfd8f82cda816f82753a8c8e9e240f30cf54470e19667b8cbb401948&preview_theme_id=' successfully

2019-06-25 12:16:27 - [MESSAGE][PASSED] - Navigate to 'https://diff-apollo.myshopify.com/?key=eec34184cfd8f82cda816f82753a8c8e9e240f30cf54470e19667b8cbb401948&preview_theme_id=' successfully

2019-06-25 12:16:27 - [TEST_STEP][NOT_RUN] - executeJavaScript("var previewBar = document.getElementById("preview-bar-iframe"); previewBar.style.display = "none";", []): NOT_RUN: executeJavaScript("var previewBar = document.getElementById("preview-bar-iframe"); previewBar.style.display = "none";", [])

2019-06-25 12:16:27 - [MESSAGE][NOT_RUN] - NOT_RUN: executeJavaScript("var previewBar = document.getElementById("preview-bar-iframe"); previewBar.style.display = "none";", [])

2019-06-25 12:16:27 - [MESSAGE][PASSED] - Call Test Case 'Test Cases/CALL - URL' successfully

2019-06-25 12:16:27 - [TEST_STEP][PASSED] - delay(2): Delayed 2 second(s)

2019-06-25 12:16:29 - [MESSAGE][PASSED] - Delayed 2 second(s)

2019-06-25 12:16:29 - [TEST_STEP][PASSED] - click(findTestObject("APOLLO- Desktop/Burger Menu/Burgermenu")): Object: 'Object Repository/APOLLO- Desktop/Burger Menu/Burgermenu' is clicked on

2019-06-25 12:16:29 - [MESSAGE][PASSED] - Object: 'Object Repository/APOLLO- Desktop/Burger Menu/Burgermenu' is clicked on

2019-06-25 12:16:29 - [TEST_STEP][PASSED] - delay(2): Delayed 2 second(s)

2019-06-25 12:16:31 - [MESSAGE][PASSED] - Delayed 2 second(s)

2019-06-25 12:16:31 - [TEST_STEP][PASSED] - click(findTestObject("APOLLO- Desktop/Burger Menu/Mens chevron")): Object: 'Object Repository/APOLLO- Desktop/Burger Menu/Mens chevron' is clicked on

2019-06-25 12:16:32 - [MESSAGE][PASSED] - Object: 'Object Repository/APOLLO- Desktop/Burger Menu/Mens chevron' is clicked on

2019-06-25 12:16:32 - [TEST_STEP][PASSED] - delay(2): Delayed 2 second(s)

2019-06-25 12:16:34 - [MESSAGE][PASSED] - Delayed 2 second(s)

2019-06-25 12:16:34 - [TEST_STEP][PASSED] - click(findTestObject("APOLLO- Desktop/Burger Menu/Mens - Top Chevron")): Object: 'Object Repository/APOLLO- Desktop/Burger Menu/Mens - Top Chevron' is clicked on

2019-06-25 12:16:34 - [MESSAGE][PASSED] - Object: 'Object Repository/APOLLO- Desktop/Burger Menu/Mens - Top Chevron' is clicked on

2019-06-25 12:16:34 - [TEST_STEP][PASSED] - delay(2): Delayed 2 second(s)

2019-06-25 12:16:36 - [MESSAGE][PASSED] - Delayed 2 second(s)

2019-06-25 12:16:36 - [TEST_STEP][PASSED] - click(findTestObject("APOLLO- Desktop/Burger Menu/Shirts link")): Object: 'Object Repository/APOLLO- Desktop/Burger Menu/Shirts link' is clicked on

2019-06-25 12:16:37 - [MESSAGE][PASSED] - Object: 'Object Repository/APOLLO- Desktop/Burger Menu/Shirts link' is clicked on

2019-06-25 12:16:37 - [TEST_STEP][NOT_RUN] - executeJavaScript("var previewBar = document.getElementById("preview-bar-iframe"); previewBar.style.display = "none";", []): NOT_RUN: executeJavaScript("var previewBar = document.getElementById("preview-bar-iframe"); previewBar.style.display = "none";", [])

2019-06-25 12:16:37 - [MESSAGE][NOT_RUN] - NOT_RUN: executeJavaScript("var previewBar = document.getElementById("preview-bar-iframe"); previewBar.style.display = "none";", [])

2019-06-25 12:16:37 - [TEST_STEP][PASSED] - delay(2): Delayed 2 second(s)

2019-06-25 12:16:39 - [MESSAGE][PASSED] - Delayed 2 second(s)

2019-06-25 12:16:39 - [TEST_STEP][PASSED] - click(findTestObject("APOLLO- Desktop/Collection page/Blue shirt product")): Object: 'Object Repository/APOLLO- Desktop/Collection page/Blue shirt product' is clicked on

2019-06-25 12:16:40 - [MESSAGE][PASSED] - Object: 'Object Repository/APOLLO- Desktop/Collection page/Blue shirt product' is clicked on

2019-06-25 12:16:40 - [TEST_STEP][PASSED] - delay(2): Delayed 2 second(s)

2019-06-25 12:16:42 - [MESSAGE][PASSED] - Delayed 2 second(s)

2019-06-25 12:16:42 - [TEST_STEP][NOT_RUN] - executeJavaScript("var previewBar = document.getElementById("preview-bar-iframe"); previewBar.style.display = "none";", []): NOT_RUN: executeJavaScript("var previewBar = document.getElementById("preview-bar-iframe"); previewBar.style.display = "none";", [])

2019-06-25 12:16:42 - [MESSAGE][NOT_RUN] - NOT_RUN: executeJavaScript("var previewBar = document.getElementById("preview-bar-iframe"); previewBar.style.display = "none";", [])

2019-06-25 12:16:42 - [TEST_STEP][PASSED] - delay(2): Delayed 2 second(s)

2019-06-25 12:16:44 - [MESSAGE][PASSED] - Delayed 2 second(s)

2019-06-25 12:16:44 - [TEST_STEP][PASSED] - click(findTestObject("APOLLO- Desktop/Product page/Details chevron open")): Object: 'Object Repository/APOLLO- Desktop/Product page/Details chevron open' is clicked on

2019-06-25 12:16:44 - [MESSAGE][PASSED] - Object: 'Object Repository/APOLLO- Desktop/Product page/Details chevron open' is clicked on

2019-06-25 12:16:44 - [TEST_STEP][PASSED] - delay(2): Delayed 2 second(s)

2019-06-25 12:16:46 - [MESSAGE][PASSED] - Delayed 2 second(s)

2019-06-25 12:16:46 - [TEST_STEP][PASSED] - click(findTestObject("APOLLO- Desktop/Product page/Details chevron close")): Object: 'Object Repository/APOLLO- Desktop/Product page/Details chevron close' is clicked on

2019-06-25 12:16:47 - [MESSAGE][PASSED] - Object: 'Object Repository/APOLLO- Desktop/Product page/Details chevron close' is clicked on

2019-06-25 12:16:47 - [TEST_STEP][PASSED] - delay(2): Delayed 2 second(s)

2019-06-25 12:16:49 - [MESSAGE][PASSED] - Delayed 2 second(s)

2019-06-25 12:16:49 - [TEST_STEP][PASSED] - click(findTestObject("APOLLO- Desktop/Product page/Type chevron open")): Object: 'Object Repository/APOLLO- Desktop/Product page/Type chevron open' is clicked on

2019-06-25 12:16:49 - [MESSAGE][PASSED] - Object: 'Object Repository/APOLLO- Desktop/Product page/Type chevron open' is clicked on

2019-06-25 12:16:49 - [TEST_STEP][PASSED] - delay(2): Delayed 2 second(s)

2019-06-25 12:16:51 - [MESSAGE][PASSED] - Delayed 2 second(s)

2019-06-25 12:16:51 - [TEST_STEP][PASSED] - click(findTestObject("APOLLO- Desktop/Product page/Type chevron close")): Object: 'Object Repository/APOLLO- Desktop/Product page/Type chevron close' is clicked on

2019-06-25 12:16:51 - [MESSAGE][PASSED] - Object: 'Object Repository/APOLLO- Desktop/Product page/Type chevron close' is clicked on

2019-06-25 12:16:51 - [TEST_STEP][PASSED] - delay(2): Delayed 2 second(s)

2019-06-25 12:16:53 - [MESSAGE][PASSED] - Delayed 2 second(s)

2019-06-25 12:16:53 - [TEST_STEP][PASSED] - click(findTestObject("APOLLO- Desktop/Product page/Brand chevron open")): Object: 'Object Repository/APOLLO- Desktop/Product page/Brand chevron open' is clicked on

2019-06-25 12:16:53 - [MESSAGE][PASSED] - Object: 'Object Repository/APOLLO- Desktop/Product page/Brand chevron open' is clicked on

2019-06-25 12:16:53 - [TEST_STEP][PASSED] - delay(2): Delayed 2 second(s)

2019-06-25 12:16:55 - [MESSAGE][PASSED] - Delayed 2 second(s)

2019-06-25 12:16:55 - [TEST_STEP][PASSED] - click(findTestObject("APOLLO- Desktop/Product page/Brand chevron close")): Object: 'Object Repository/APOLLO- Desktop/Product page/Brand chevron close' is clicked on

2019-06-25 12:16:55 - [MESSAGE][PASSED] - Object: 'Object Repository/APOLLO- Desktop/Product page/Brand chevron close' is clicked on

2019-06-25 12:16:55 - [TEST_STEP][PASSED] - delay(2): Delayed 2 second(s)

2019-06-25 12:16:57 - [MESSAGE][PASSED] - Delayed 2 second(s)

2019-06-25 12:16:57 - [TEST_STEP][PASSED] - click(findTestObject("APOLLO- Desktop/Product page/Shipping chevron open")): Object: 'Object Repository/APOLLO- Desktop/Product page/Shipping chevron open' is clicked on

2019-06-25 12:16:57 - [MESSAGE][PASSED] - Object: 'Object Repository/APOLLO- Desktop/Product page/Shipping chevron open' is clicked on

2019-06-25 12:16:57 - [TEST_STEP][PASSED] - delay(2): Delayed 2 second(s)

2019-06-25 12:16:59 - [MESSAGE][PASSED] - Delayed 2 second(s)

2019-06-25 12:16:59 - [TEST_STEP][PASSED] - click(findTestObject("APOLLO- Desktop/Product page/Shipping chevron close")): Object: 'Object Repository/APOLLO- Desktop/Product page/Shipping chevron close' is clicked on

2019-06-25 12:16:59 - [MESSAGE][PASSED] - Object: 'Object Repository/APOLLO- Desktop/Product page/Shipping chevron close' is clicked on

2019-06-25 12:16:59 - [TEST_STEP][PASSED] - delay(2): Delayed 2 second(s)

2019-06-25 12:17:01 - [MESSAGE][PASSED] - Delayed 2 second(s)

2019-06-25 12:17:01 - [TEST_STEP][PASSED] - click(findTestObject("APOLLO- Desktop/Product page/reviews chevron open")): Object: 'Object Repository/APOLLO- Desktop/Product page/reviews chevron open' is clicked on

2019-06-25 12:17:01 - [MESSAGE][PASSED] - Object: 'Object Repository/APOLLO- Desktop/Product page/reviews chevron open' is clicked on

2019-06-25 12:17:01 - [TEST_STEP][PASSED] - delay(2): Delayed 2 second(s)

2019-06-25 12:17:03 - [MESSAGE][PASSED] - Delayed 2 second(s)

2019-06-25 12:17:03 - [TEST_STEP][PASSED] - click(findTestObject("APOLLO- Desktop/Product page/reviews chevron close")): Object: 'Object Repository/APOLLO- Desktop/Product page/reviews chevron close' is clicked on

2019-06-25 12:17:03 - [MESSAGE][PASSED] - Object: 'Object Repository/APOLLO- Desktop/Product page/reviews chevron close' is clicked on

2019-06-25 12:17:03 - [TEST_STEP][PASSED] - delay(2): Delayed 2 second(s)

2019-06-25 12:17:05 - [MESSAGE][PASSED] - Delayed 2 second(s)

2019-06-25 12:17:05 - [TEST_STEP][PASSED] - click(findTestObject("APOLLO- Desktop/Product page/reviews chevron open")): Object: 'Object Repository/APOLLO- Desktop/Product page/reviews chevron open' is clicked on

2019-06-25 12:17:05 - [MESSAGE][PASSED] - Object: 'Object Repository/APOLLO- Desktop/Product page/reviews chevron open' is clicked on

2019-06-25 12:17:05 - [TEST_STEP][PASSED] - delay(2): Delayed 2 second(s)

2019-06-25 12:17:07 - [MESSAGE][PASSED] - Delayed 2 second(s)

2019-06-25 12:17:07 - [TEST_STEP][PASSED] - click(findTestObject("APOLLO- Desktop/Product page/a_Write a review")): Object: 'Object Repository/APOLLO- Desktop/Product page/a_Write a review' is clicked on

2019-06-25 12:17:07 - [MESSAGE][PASSED] - Object: 'Object Repository/APOLLO- Desktop/Product page/a_Write a review' is clicked on

2019-06-25 12:17:07 - [TEST_STEP][PASSED] - delay(2): Delayed 2 second(s)

2019-06-25 12:17:09 - [MESSAGE][PASSED] - Delayed 2 second(s)

2019-06-25 12:17:09 - [TEST_STEP][PASSED] - setText(findTestObject("APOLLO- Desktop/Product page/input_Name_reviewauthor"), "suman"): Text 'suman' is set on object 'Object Repository/APOLLO- Desktop/Product page/input_Name_reviewauthor'

2019-06-25 12:17:09 - [MESSAGE][PASSED] - Text 'suman' is set on object 'Object Repository/APOLLO- Desktop/Product page/input_Name_reviewauthor'

2019-06-25 12:17:09 - [TEST_STEP][PASSED] - delay(2): Delayed 2 second(s)

2019-06-25 12:17:11 - [MESSAGE][PASSED] - Delayed 2 second(s)

2019-06-25 12:17:11 - [TEST_STEP][PASSED] - setText(findTestObject("APOLLO- Desktop/Product page/input_Email_reviewemail"), "`suman@gmail.com", STOP_ON_FAILURE): Text '`suman@gmail.com' is set on object 'Object Repository/APOLLO- Desktop/Product page/input_Email_reviewemail'

2019-06-25 12:17:11 - [MESSAGE][PASSED] - Text '`suman@gmail.com' is set on object 'Object Repository/APOLLO- Desktop/Product page/input_Email_reviewemail'

2019-06-25 12:17:11 - [TEST_STEP][PASSED] - delay(2): Delayed 2 second(s)

2019-06-25 12:17:13 - [MESSAGE][PASSED] - Delayed 2 second(s)

2019-06-25 12:17:13 - [TEST_STEP][PASSED] - click(findTestObject("APOLLO- Desktop/Product page/Stars review")): Object: 'Object Repository/APOLLO- Desktop/Product page/Stars review' is clicked on

2019-06-25 12:17:13 - [MESSAGE][PASSED] - Object: 'Object Repository/APOLLO- Desktop/Product page/Stars review' is clicked on

2019-06-25 12:17:13 - [TEST_STEP][PASSED] - delay(2): Delayed 2 second(s)

2019-06-25 12:17:15 - [MESSAGE][PASSED] - Delayed 2 second(s)

2019-06-25 12:17:15 - [TEST_STEP][PASSED] - setText(findTestObject("APOLLO- Desktop/Product page/input_Review Title_reviewtitle"), "Nice product"): Text 'Nice product' is set on object 'Object Repository/APOLLO- Desktop/Product page/input_Review Title_reviewtitle'

2019-06-25 12:17:16 - [MESSAGE][PASSED] - Text 'Nice product' is set on object 'Object Repository/APOLLO- Desktop/Product page/input_Review Title_reviewtitle'

2019-06-25 12:17:16 - [TEST_STEP][PASSED] - delay(2): Delayed 2 second(s)

2019-06-25 12:17:18 - [MESSAGE][PASSED] - Delayed 2 second(s)

2019-06-25 12:17:18 - [TEST_STEP][PASSED] - setText(findTestObject("APOLLO- Desktop/Product page/textarea_characters remaining_"), "Good product"): Text 'Good product' is set on object 'Object Repository/APOLLO- Desktop/Product page/textarea_characters remaining_'

2019-06-25 12:17:18 - [MESSAGE][PASSED] - Text 'Good product' is set on object 'Object Repository/APOLLO- Desktop/Product page/textarea_characters remaining_'

2019-06-25 12:17:18 - [TEST_STEP][PASSED] - delay(2): Delayed 2 second(s)

2019-06-25 12:17:20 - [MESSAGE][PASSED] - Delayed 2 second(s)

2019-06-25 12:17:20 - [TEST_STEP][PASSED] - click(findTestObject("APOLLO- Desktop/Product page/Submit review")): Object: 'Object Repository/APOLLO- Desktop/Product page/Submit review' is clicked on

2019-06-25 12:17:20 - [MESSAGE][PASSED] - Object: 'Object Repository/APOLLO- Desktop/Product page/Submit review' is clicked on

2019-06-25 12:17:20 - [TEST_STEP][PASSED] - delay(2): Delayed 2 second(s)

2019-06-25 12:17:22 - [MESSAGE][PASSED] - Delayed 2 second(s)

2019-06-25 12:17:22 - [TEST_STEP][PASSED] - click(findTestObject("APOLLO- Desktop/Product page/number-2"), CONTINUE_ON_FAILURE): Object: 'Object Repository/APOLLO- Desktop/Product page/number-2' is clicked on

2019-06-25 12:17:22 - [MESSAGE][PASSED] - Object: 'Object Repository/APOLLO- Desktop/Product page/number-2' is clicked on

2019-06-25 12:17:22 - [TEST_STEP][PASSED] - delay(2, CONTINUE_ON_FAILURE): Delayed 2 second(s)

2019-06-25 12:17:24 - [MESSAGE][PASSED] - Delayed 2 second(s)

2019-06-25 12:17:24 - [TEST_STEP][PASSED] - click(findTestObject("APOLLO- Desktop/Product page/a_Next"), CONTINUE_ON_FAILURE): Object: 'Object Repository/APOLLO- Desktop/Product page/a_Next' is clicked on

2019-06-25 12:17:24 - [MESSAGE][PASSED] - Object: 'Object Repository/APOLLO- Desktop/Product page/a_Next' is clicked on

2019-06-25 12:17:24 - [TEST_STEP][PASSED] - delay(2, CONTINUE_ON_FAILURE): Delayed 2 second(s)

2019-06-25 12:17:26 - [MESSAGE][PASSED] - Delayed 2 second(s)

2019-06-25 12:17:26 - [TEST_STEP][PASSED] - click(findTestObject("APOLLO- Desktop/Product page/a_ Previous"), CONTINUE_ON_FAILURE): Object: 'Object Repository/APOLLO- Desktop/Product page/a_ Previous' is clicked on

2019-06-25 12:17:26 - [MESSAGE][PASSED] - Object: 'Object Repository/APOLLO- Desktop/Product page/a_ Previous' is clicked on]]></system-out>
         <system-err><![CDATA[]]></system-err>
      </testcase>
      <testcase name="Test Cases/PRODUCT PAGE/You might also like" classname="Test Cases/PRODUCT PAGE/You might also like" status="PASSED">
         <system-out><![CDATA[2019-06-25 12:17:26 - [TEST_CASE][PASSED] - Test Cases/PRODUCT PAGE/You might also like: Test Cases/PRODUCT PAGE/You might also like

2019-06-25 12:17:26 - [TEST_STEP][PASSED] - callTestCase(findTestCase("CALL - URL"), [:], STOP_ON_FAILURE): Call Test Case 'Test Cases/CALL - URL' successfully

2019-06-25 12:17:26 - [TEST_CASE][PASSED] - Test Cases/CALL - URL: Test Cases/CALL - URL

2019-06-25 12:17:26 - [TEST_STEP][PASSED] - openBrowser(""): Browser is opened with url: ''

2019-06-25 12:17:26 - [MESSAGE][WARNING] - A browser is already opened. Closing browser and opening a new one

2019-06-25 12:17:26 - [MESSAGE][INFO] - Starting 'Chrome' driver

2019-06-25 12:17:27 - [MESSAGE][PASSED] - Browser is opened with url: ''

2019-06-25 12:17:27 - [TEST_STEP][PASSED] - navigateToUrl("https://diff-apollo.myshopify.com/?key=eec34184cfd8f82cda816f82753a8c8e9e240f30cf54470e19667b8cbb401948&preview_theme_id="): Navigate to 'https://diff-apollo.myshopify.com/?key=eec34184cfd8f82cda816f82753a8c8e9e240f30cf54470e19667b8cbb401948&preview_theme_id=' successfully

2019-06-25 12:17:31 - [MESSAGE][PASSED] - Navigate to 'https://diff-apollo.myshopify.com/?key=eec34184cfd8f82cda816f82753a8c8e9e240f30cf54470e19667b8cbb401948&preview_theme_id=' successfully

2019-06-25 12:17:31 - [TEST_STEP][NOT_RUN] - executeJavaScript("var previewBar = document.getElementById("preview-bar-iframe"); previewBar.style.display = "none";", []): NOT_RUN: executeJavaScript("var previewBar = document.getElementById("preview-bar-iframe"); previewBar.style.display = "none";", [])

2019-06-25 12:17:31 - [MESSAGE][NOT_RUN] - NOT_RUN: executeJavaScript("var previewBar = document.getElementById("preview-bar-iframe"); previewBar.style.display = "none";", [])

2019-06-25 12:17:31 - [MESSAGE][PASSED] - Call Test Case 'Test Cases/CALL - URL' successfully

2019-06-25 12:17:31 - [TEST_STEP][PASSED] - delay(2): Delayed 2 second(s)

2019-06-25 12:17:33 - [MESSAGE][PASSED] - Delayed 2 second(s)

2019-06-25 12:17:33 - [TEST_STEP][PASSED] - click(findTestObject("APOLLO- Desktop/Burger Menu/Burgermenu")): Object: 'Object Repository/APOLLO- Desktop/Burger Menu/Burgermenu' is clicked on

2019-06-25 12:17:33 - [MESSAGE][PASSED] - Object: 'Object Repository/APOLLO- Desktop/Burger Menu/Burgermenu' is clicked on

2019-06-25 12:17:33 - [TEST_STEP][PASSED] - delay(2): Delayed 2 second(s)

2019-06-25 12:17:35 - [MESSAGE][PASSED] - Delayed 2 second(s)

2019-06-25 12:17:35 - [TEST_STEP][PASSED] - click(findTestObject("APOLLO- Desktop/Burger Menu/Mens chevron")): Object: 'Object Repository/APOLLO- Desktop/Burger Menu/Mens chevron' is clicked on

2019-06-25 12:17:35 - [MESSAGE][PASSED] - Object: 'Object Repository/APOLLO- Desktop/Burger Menu/Mens chevron' is clicked on

2019-06-25 12:17:35 - [TEST_STEP][PASSED] - delay(2): Delayed 2 second(s)

2019-06-25 12:17:37 - [MESSAGE][PASSED] - Delayed 2 second(s)

2019-06-25 12:17:37 - [TEST_STEP][PASSED] - click(findTestObject("APOLLO- Desktop/Burger Menu/Mens - Top Chevron")): Object: 'Object Repository/APOLLO- Desktop/Burger Menu/Mens - Top Chevron' is clicked on

2019-06-25 12:17:37 - [MESSAGE][PASSED] - Object: 'Object Repository/APOLLO- Desktop/Burger Menu/Mens - Top Chevron' is clicked on

2019-06-25 12:17:37 - [TEST_STEP][PASSED] - delay(2): Delayed 2 second(s)

2019-06-25 12:17:39 - [MESSAGE][PASSED] - Delayed 2 second(s)

2019-06-25 12:17:39 - [TEST_STEP][PASSED] - click(findTestObject("APOLLO- Desktop/Burger Menu/Shirts link")): Object: 'Object Repository/APOLLO- Desktop/Burger Menu/Shirts link' is clicked on

2019-06-25 12:17:43 - [MESSAGE][PASSED] - Object: 'Object Repository/APOLLO- Desktop/Burger Menu/Shirts link' is clicked on

2019-06-25 12:17:43 - [TEST_STEP][NOT_RUN] - executeJavaScript("var previewBar = document.getElementById("preview-bar-iframe"); previewBar.style.display = "none";", []): NOT_RUN: executeJavaScript("var previewBar = document.getElementById("preview-bar-iframe"); previewBar.style.display = "none";", [])

2019-06-25 12:17:43 - [MESSAGE][NOT_RUN] - NOT_RUN: executeJavaScript("var previewBar = document.getElementById("preview-bar-iframe"); previewBar.style.display = "none";", [])

2019-06-25 12:17:43 - [TEST_STEP][PASSED] - delay(2): Delayed 2 second(s)

2019-06-25 12:17:45 - [MESSAGE][PASSED] - Delayed 2 second(s)

2019-06-25 12:17:45 - [TEST_STEP][PASSED] - click(findTestObject("APOLLO- Desktop/Collection page/Blue shirt product")): Object: 'Object Repository/APOLLO- Desktop/Collection page/Blue shirt product' is clicked on

2019-06-25 12:17:47 - [MESSAGE][PASSED] - Object: 'Object Repository/APOLLO- Desktop/Collection page/Blue shirt product' is clicked on

2019-06-25 12:17:47 - [TEST_STEP][PASSED] - delay(2): Delayed 2 second(s)

2019-06-25 12:17:49 - [MESSAGE][PASSED] - Delayed 2 second(s)

2019-06-25 12:17:49 - [TEST_STEP][NOT_RUN] - executeJavaScript("var previewBar = document.getElementById("preview-bar-iframe"); previewBar.style.display = "none";", []): NOT_RUN: executeJavaScript("var previewBar = document.getElementById("preview-bar-iframe"); previewBar.style.display = "none";", [])

2019-06-25 12:17:49 - [MESSAGE][NOT_RUN] - NOT_RUN: executeJavaScript("var previewBar = document.getElementById("preview-bar-iframe"); previewBar.style.display = "none";", [])

2019-06-25 12:17:49 - [TEST_STEP][PASSED] - delay(2): Delayed 2 second(s)

2019-06-25 12:17:51 - [MESSAGE][PASSED] - Delayed 2 second(s)

2019-06-25 12:17:51 - [TEST_STEP][PASSED] - click(findTestObject("APOLLO- Desktop/Product page/You might alos like/you might also like")): Object: 'Object Repository/APOLLO- Desktop/Product page/You might alos like/you might also like' is clicked on

2019-06-25 12:17:51 - [MESSAGE][PASSED] - Object: 'Object Repository/APOLLO- Desktop/Product page/You might alos like/you might also like' is clicked on

2019-06-25 12:17:51 - [TEST_STEP][PASSED] - delay(2): Delayed 2 second(s)

2019-06-25 12:17:53 - [MESSAGE][PASSED] - Delayed 2 second(s)

2019-06-25 12:17:53 - [TEST_STEP][PASSED] - click(findTestObject("APOLLO- Desktop/Product page/You might alos like/Next button")): Object: 'Object Repository/APOLLO- Desktop/Product page/You might alos like/Next button' is clicked on

2019-06-25 12:17:53 - [MESSAGE][PASSED] - Object: 'Object Repository/APOLLO- Desktop/Product page/You might alos like/Next button' is clicked on

2019-06-25 12:17:53 - [TEST_STEP][PASSED] - delay(2): Delayed 2 second(s)

2019-06-25 12:17:55 - [MESSAGE][PASSED] - Delayed 2 second(s)

2019-06-25 12:17:55 - [TEST_STEP][PASSED] - click(findTestObject("APOLLO- Desktop/Product page/You might alos like/Previous button")): Object: 'Object Repository/APOLLO- Desktop/Product page/You might alos like/Previous button' is clicked on

2019-06-25 12:17:55 - [MESSAGE][PASSED] - Object: 'Object Repository/APOLLO- Desktop/Product page/You might alos like/Previous button' is clicked on

2019-06-25 12:17:55 - [TEST_STEP][PASSED] - delay(2): Delayed 2 second(s)

2019-06-25 12:17:57 - [MESSAGE][PASSED] - Delayed 2 second(s)

2019-06-25 12:17:57 - [TEST_STEP][PASSED] - click(findTestObject("APOLLO- Desktop/Product page/You might alos like/Product tile")): Object: 'Object Repository/APOLLO- Desktop/Product page/You might alos like/Product tile' is clicked on

2019-06-25 12:18:03 - [MESSAGE][PASSED] - Object: 'Object Repository/APOLLO- Desktop/Product page/You might alos like/Product tile' is clicked on

2019-06-25 12:18:03 - [TEST_STEP][PASSED] - delay(2): Delayed 2 second(s)

2019-06-25 12:18:05 - [MESSAGE][PASSED] - Delayed 2 second(s)

2019-06-25 12:18:05 - [TEST_STEP][PASSED] - click(findTestObject("APOLLO- Desktop/Product page/Add to bag")): Object: 'Object Repository/APOLLO- Desktop/Product page/Add to bag' is clicked on

2019-06-25 12:18:05 - [MESSAGE][PASSED] - Object: 'Object Repository/APOLLO- Desktop/Product page/Add to bag' is clicked on

2019-06-25 12:18:05 - [TEST_STEP][PASSED] - delay(2): Delayed 2 second(s)

2019-06-25 12:18:07 - [MESSAGE][PASSED] - Delayed 2 second(s)

2019-06-25 12:18:07 - [TEST_STEP][NOT_RUN] - executeJavaScript("var previewBar = document.getElementById("preview-bar-iframe"); previewBar.style.display = "none";", []): NOT_RUN: executeJavaScript("var previewBar = document.getElementById("preview-bar-iframe"); previewBar.style.display = "none";", [])

2019-06-25 12:18:07 - [MESSAGE][NOT_RUN] - NOT_RUN: executeJavaScript("var previewBar = document.getElementById("preview-bar-iframe"); previewBar.style.display = "none";", [])

2019-06-25 12:18:07 - [TEST_STEP][PASSED] - click(findTestObject("APOLLO- Desktop/Cart flyout/Checkout")): Object: 'Object Repository/APOLLO- Desktop/Cart flyout/Checkout' is clicked on

2019-06-25 12:18:12 - [MESSAGE][PASSED] - Object: 'Object Repository/APOLLO- Desktop/Cart flyout/Checkout' is clicked on

2019-06-25 12:18:12 - [TEST_STEP][PASSED] - callTestCase(findTestCase("CALL- CUSTOMER INFO PAGE"), [:], STOP_ON_FAILURE): Call Test Case 'Test Cases/CALL- CUSTOMER INFO PAGE' successfully

2019-06-25 12:18:12 - [TEST_CASE][PASSED] - Test Cases/CALL- CUSTOMER INFO PAGE: Test Cases/CALL- CUSTOMER INFO PAGE

2019-06-25 12:18:12 - [TEST_STEP][PASSED] - delay(2): Delayed 2 second(s)

2019-06-25 12:18:14 - [MESSAGE][PASSED] - Delayed 2 second(s)

2019-06-25 12:18:14 - [TEST_STEP][NOT_RUN] - executeJavaScript("var previewBar = document.getElementById("preview-bar-iframe"); previewBar.style.display = "none";", []): NOT_RUN: executeJavaScript("var previewBar = document.getElementById("preview-bar-iframe"); previewBar.style.display = "none";", [])

2019-06-25 12:18:14 - [MESSAGE][NOT_RUN] - NOT_RUN: executeJavaScript("var previewBar = document.getElementById("preview-bar-iframe"); previewBar.style.display = "none";", [])

2019-06-25 12:18:14 - [TEST_STEP][PASSED] - setText(findTestObject("APOLLO- Desktop/Customer Information page/Email"), "suman@gmail.com"): Text 'suman@gmail.com' is set on object 'Object Repository/APOLLO- Desktop/Customer Information page/Email'

2019-06-25 12:18:14 - [MESSAGE][PASSED] - Text 'suman@gmail.com' is set on object 'Object Repository/APOLLO- Desktop/Customer Information page/Email'

2019-06-25 12:18:14 - [TEST_STEP][PASSED] - delay(2): Delayed 2 second(s)

2019-06-25 12:18:16 - [MESSAGE][PASSED] - Delayed 2 second(s)

2019-06-25 12:18:16 - [TEST_STEP][PASSED] - setText(findTestObject("APOLLO- Desktop/Customer Information page/First name"), "suman"): Text 'suman' is set on object 'Object Repository/APOLLO- Desktop/Customer Information page/First name'

2019-06-25 12:18:16 - [MESSAGE][PASSED] - Text 'suman' is set on object 'Object Repository/APOLLO- Desktop/Customer Information page/First name'

2019-06-25 12:18:16 - [TEST_STEP][PASSED] - delay(2): Delayed 2 second(s)

2019-06-25 12:18:18 - [MESSAGE][PASSED] - Delayed 2 second(s)

2019-06-25 12:18:18 - [TEST_STEP][PASSED] - setText(findTestObject("APOLLO- Desktop/Customer Information page/Last name"), "kompelly"): Text 'kompelly' is set on object 'Object Repository/APOLLO- Desktop/Customer Information page/Last name'

2019-06-25 12:18:18 - [MESSAGE][PASSED] - Text 'kompelly' is set on object 'Object Repository/APOLLO- Desktop/Customer Information page/Last name'

2019-06-25 12:18:18 - [TEST_STEP][PASSED] - delay(2): Delayed 2 second(s)

2019-06-25 12:18:20 - [MESSAGE][PASSED] - Delayed 2 second(s)

2019-06-25 12:18:20 - [TEST_STEP][PASSED] - setText(findTestObject("APOLLO- Desktop/Customer Information page/Address"), "1435 st alxendre"): Text '1435 st alxendre' is set on object 'Object Repository/APOLLO- Desktop/Customer Information page/Address'

2019-06-25 12:18:20 - [MESSAGE][PASSED] - Text '1435 st alxendre' is set on object 'Object Repository/APOLLO- Desktop/Customer Information page/Address'

2019-06-25 12:18:20 - [TEST_STEP][PASSED] - setText(findTestObject("APOLLO- Desktop/Customer Information page/Apartment"), "220"): Text '220' is set on object 'Object Repository/APOLLO- Desktop/Customer Information page/Apartment'

2019-06-25 12:18:20 - [MESSAGE][PASSED] - Text '220' is set on object 'Object Repository/APOLLO- Desktop/Customer Information page/Apartment'

2019-06-25 12:18:20 - [TEST_STEP][PASSED] - setText(findTestObject("APOLLO- Desktop/Customer Information page/City"), "montreal"): Text 'montreal' is set on object 'Object Repository/APOLLO- Desktop/Customer Information page/City'

2019-06-25 12:18:21 - [MESSAGE][PASSED] - Text 'montreal' is set on object 'Object Repository/APOLLO- Desktop/Customer Information page/City'

2019-06-25 12:18:21 - [TEST_STEP][PASSED] - selectOptionByValue(findTestObject("APOLLO- Desktop/Customer Information page/Country dropdown"), "United States", true): All options with value 'United States' are selected in object 'Object Repository/APOLLO- Desktop/Customer Information page/Country dropdown'  using regular expression

2019-06-25 12:18:24 - [MESSAGE][PASSED] - All options with value 'United States' are selected in object 'Object Repository/APOLLO- Desktop/Customer Information page/Country dropdown'  using regular expression

2019-06-25 12:18:24 - [TEST_STEP][PASSED] - selectOptionByValue(findTestObject("APOLLO- Desktop/Customer Information page/states dropdown"), "NJ", true): All options with value 'NJ' are selected in object 'Object Repository/APOLLO- Desktop/Customer Information page/states dropdown'  using regular expression

2019-06-25 12:18:25 - [MESSAGE][PASSED] - All options with value 'NJ' are selected in object 'Object Repository/APOLLO- Desktop/Customer Information page/states dropdown'  using regular expression

2019-06-25 12:18:25 - [TEST_STEP][PASSED] - setText(findTestObject("APOLLO- Desktop/Customer Information page/ZIP code"), "07057"): Text '07057' is set on object 'Object Repository/APOLLO- Desktop/Customer Information page/ZIP code'

2019-06-25 12:18:25 - [MESSAGE][PASSED] - Text '07057' is set on object 'Object Repository/APOLLO- Desktop/Customer Information page/ZIP code'

2019-06-25 12:18:25 - [MESSAGE][PASSED] - Call Test Case 'Test Cases/CALL- CUSTOMER INFO PAGE' successfully

2019-06-25 12:18:25 - [TEST_STEP][PASSED] - delay(2): Delayed 2 second(s)

2019-06-25 12:18:27 - [MESSAGE][PASSED] - Delayed 2 second(s)

2019-06-25 12:18:27 - [TEST_STEP][PASSED] - callTestCase(findTestCase("CALL - SHIPPING TO PAYMENT"), [:], STOP_ON_FAILURE): Call Test Case 'Test Cases/CALL - SHIPPING TO PAYMENT' successfully

2019-06-25 12:18:27 - [TEST_CASE][PASSED] - Test Cases/CALL - SHIPPING TO PAYMENT: Test Cases/CALL - SHIPPING TO PAYMENT

2019-06-25 12:18:27 - [TEST_STEP][PASSED] - click(findTestObject("APOLLO- Desktop/Customer Information page/Continue to shipping")): Object: 'Object Repository/APOLLO- Desktop/Customer Information page/Continue to shipping' is clicked on

2019-06-25 12:18:29 - [MESSAGE][PASSED] - Object: 'Object Repository/APOLLO- Desktop/Customer Information page/Continue to shipping' is clicked on

2019-06-25 12:18:29 - [TEST_STEP][NOT_RUN] - executeJavaScript("var previewBar = document.getElementById("preview-bar-iframe"); previewBar.style.display = "none";", []): NOT_RUN: executeJavaScript("var previewBar = document.getElementById("preview-bar-iframe"); previewBar.style.display = "none";", [])

2019-06-25 12:18:29 - [MESSAGE][NOT_RUN] - NOT_RUN: executeJavaScript("var previewBar = document.getElementById("preview-bar-iframe"); previewBar.style.display = "none";", [])

2019-06-25 12:18:29 - [TEST_STEP][PASSED] - click(findTestObject("APOLLO- Desktop/Shipping page/Radio button check")): Object: 'Object Repository/APOLLO- Desktop/Shipping page/Radio button check' is clicked on

2019-06-25 12:18:30 - [MESSAGE][PASSED] - Object: 'Object Repository/APOLLO- Desktop/Shipping page/Radio button check' is clicked on

2019-06-25 12:18:30 - [TEST_STEP][NOT_RUN] - executeJavaScript("var previewBar = document.getElementById("preview-bar-iframe"); previewBar.style.display = "none";", []): NOT_RUN: executeJavaScript("var previewBar = document.getElementById("preview-bar-iframe"); previewBar.style.display = "none";", [])

2019-06-25 12:18:30 - [MESSAGE][NOT_RUN] - NOT_RUN: executeJavaScript("var previewBar = document.getElementById("preview-bar-iframe"); previewBar.style.display = "none";", [])

2019-06-25 12:18:30 - [TEST_STEP][PASSED] - click(findTestObject("APOLLO- Desktop/Shipping page/Continue to payment")): Object: 'Object Repository/APOLLO- Desktop/Shipping page/Continue to payment' is clicked on

2019-06-25 12:18:32 - [MESSAGE][PASSED] - Object: 'Object Repository/APOLLO- Desktop/Shipping page/Continue to payment' is clicked on

2019-06-25 12:18:32 - [TEST_STEP][NOT_RUN] - executeJavaScript("var previewBar = document.getElementById("preview-bar-iframe"); previewBar.style.display = "none";", []): NOT_RUN: executeJavaScript("var previewBar = document.getElementById("preview-bar-iframe"); previewBar.style.display = "none";", [])

2019-06-25 12:18:32 - [MESSAGE][NOT_RUN] - NOT_RUN: executeJavaScript("var previewBar = document.getElementById("preview-bar-iframe"); previewBar.style.display = "none";", [])

2019-06-25 12:18:32 - [TEST_STEP][PASSED] - click(findTestObject("APOLLO- Desktop/payment page/Payment section")): Object: 'Object Repository/APOLLO- Desktop/payment page/Payment section' is clicked on

2019-06-25 12:18:32 - [MESSAGE][PASSED] - Object: 'Object Repository/APOLLO- Desktop/payment page/Payment section' is clicked on

2019-06-25 12:18:32 - [MESSAGE][PASSED] - Call Test Case 'Test Cases/CALL - SHIPPING TO PAYMENT' successfully]]></system-out>
         <system-err><![CDATA[]]></system-err>
      </testcase>
      <testcase name="Test Cases/PRODUCT PAGE/Shop all products CTA" classname="Test Cases/PRODUCT PAGE/Shop all products CTA" status="PASSED">
         <system-out><![CDATA[2019-06-25 12:18:32 - [TEST_CASE][PASSED] - Test Cases/PRODUCT PAGE/Shop all products CTA: Test Cases/PRODUCT PAGE/Shop all products CTA

2019-06-25 12:18:33 - [TEST_STEP][PASSED] - callTestCase(findTestCase("CALL - URL"), [:], STOP_ON_FAILURE): Call Test Case 'Test Cases/CALL - URL' successfully

2019-06-25 12:18:33 - [TEST_CASE][PASSED] - Test Cases/CALL - URL: Test Cases/CALL - URL

2019-06-25 12:18:33 - [TEST_STEP][PASSED] - openBrowser(""): Browser is opened with url: ''

2019-06-25 12:18:33 - [MESSAGE][WARNING] - A browser is already opened. Closing browser and opening a new one

2019-06-25 12:18:33 - [MESSAGE][INFO] - Starting 'Chrome' driver

2019-06-25 12:18:34 - [MESSAGE][PASSED] - Browser is opened with url: ''

2019-06-25 12:18:34 - [TEST_STEP][PASSED] - navigateToUrl("https://diff-apollo.myshopify.com/?key=eec34184cfd8f82cda816f82753a8c8e9e240f30cf54470e19667b8cbb401948&preview_theme_id="): Navigate to 'https://diff-apollo.myshopify.com/?key=eec34184cfd8f82cda816f82753a8c8e9e240f30cf54470e19667b8cbb401948&preview_theme_id=' successfully

2019-06-25 12:18:38 - [MESSAGE][PASSED] - Navigate to 'https://diff-apollo.myshopify.com/?key=eec34184cfd8f82cda816f82753a8c8e9e240f30cf54470e19667b8cbb401948&preview_theme_id=' successfully

2019-06-25 12:18:38 - [TEST_STEP][NOT_RUN] - executeJavaScript("var previewBar = document.getElementById("preview-bar-iframe"); previewBar.style.display = "none";", []): NOT_RUN: executeJavaScript("var previewBar = document.getElementById("preview-bar-iframe"); previewBar.style.display = "none";", [])

2019-06-25 12:18:38 - [MESSAGE][NOT_RUN] - NOT_RUN: executeJavaScript("var previewBar = document.getElementById("preview-bar-iframe"); previewBar.style.display = "none";", [])

2019-06-25 12:18:38 - [MESSAGE][PASSED] - Call Test Case 'Test Cases/CALL - URL' successfully

2019-06-25 12:18:38 - [TEST_STEP][PASSED] - delay(2): Delayed 2 second(s)

2019-06-25 12:18:40 - [MESSAGE][PASSED] - Delayed 2 second(s)

2019-06-25 12:18:40 - [TEST_STEP][PASSED] - click(findTestObject("APOLLO- Desktop/Burger Menu/Burgermenu")): Object: 'Object Repository/APOLLO- Desktop/Burger Menu/Burgermenu' is clicked on

2019-06-25 12:18:40 - [MESSAGE][PASSED] - Object: 'Object Repository/APOLLO- Desktop/Burger Menu/Burgermenu' is clicked on

2019-06-25 12:18:40 - [TEST_STEP][PASSED] - delay(2): Delayed 2 second(s)

2019-06-25 12:18:42 - [MESSAGE][PASSED] - Delayed 2 second(s)

2019-06-25 12:18:42 - [TEST_STEP][PASSED] - click(findTestObject("APOLLO- Desktop/Burger Menu/Mens chevron")): Object: 'Object Repository/APOLLO- Desktop/Burger Menu/Mens chevron' is clicked on

2019-06-25 12:18:42 - [MESSAGE][PASSED] - Object: 'Object Repository/APOLLO- Desktop/Burger Menu/Mens chevron' is clicked on

2019-06-25 12:18:42 - [TEST_STEP][PASSED] - delay(2): Delayed 2 second(s)

2019-06-25 12:18:44 - [MESSAGE][PASSED] - Delayed 2 second(s)

2019-06-25 12:18:44 - [TEST_STEP][PASSED] - click(findTestObject("APOLLO- Desktop/Burger Menu/Mens - Top Chevron")): Object: 'Object Repository/APOLLO- Desktop/Burger Menu/Mens - Top Chevron' is clicked on

2019-06-25 12:18:44 - [MESSAGE][PASSED] - Object: 'Object Repository/APOLLO- Desktop/Burger Menu/Mens - Top Chevron' is clicked on

2019-06-25 12:18:44 - [TEST_STEP][PASSED] - delay(2): Delayed 2 second(s)

2019-06-25 12:18:46 - [MESSAGE][PASSED] - Delayed 2 second(s)

2019-06-25 12:18:46 - [TEST_STEP][PASSED] - click(findTestObject("APOLLO- Desktop/Burger Menu/Shirts link")): Object: 'Object Repository/APOLLO- Desktop/Burger Menu/Shirts link' is clicked on

2019-06-25 12:18:47 - [MESSAGE][PASSED] - Object: 'Object Repository/APOLLO- Desktop/Burger Menu/Shirts link' is clicked on

2019-06-25 12:18:47 - [TEST_STEP][NOT_RUN] - executeJavaScript("var previewBar = document.getElementById("preview-bar-iframe"); previewBar.style.display = "none";", []): NOT_RUN: executeJavaScript("var previewBar = document.getElementById("preview-bar-iframe"); previewBar.style.display = "none";", [])

2019-06-25 12:18:47 - [MESSAGE][NOT_RUN] - NOT_RUN: executeJavaScript("var previewBar = document.getElementById("preview-bar-iframe"); previewBar.style.display = "none";", [])

2019-06-25 12:18:47 - [TEST_STEP][PASSED] - delay(2): Delayed 2 second(s)

2019-06-25 12:18:49 - [MESSAGE][PASSED] - Delayed 2 second(s)

2019-06-25 12:18:49 - [TEST_STEP][PASSED] - click(findTestObject("APOLLO- Desktop/Collection page/Blue shirt product")): Object: 'Object Repository/APOLLO- Desktop/Collection page/Blue shirt product' is clicked on

2019-06-25 12:18:50 - [MESSAGE][PASSED] - Object: 'Object Repository/APOLLO- Desktop/Collection page/Blue shirt product' is clicked on

2019-06-25 12:18:50 - [TEST_STEP][PASSED] - delay(2): Delayed 2 second(s)

2019-06-25 12:18:52 - [MESSAGE][PASSED] - Delayed 2 second(s)

2019-06-25 12:18:52 - [TEST_STEP][NOT_RUN] - executeJavaScript("var previewBar = document.getElementById("preview-bar-iframe"); previewBar.style.display = "none";", []): NOT_RUN: executeJavaScript("var previewBar = document.getElementById("preview-bar-iframe"); previewBar.style.display = "none";", [])

2019-06-25 12:18:52 - [MESSAGE][NOT_RUN] - NOT_RUN: executeJavaScript("var previewBar = document.getElementById("preview-bar-iframe"); previewBar.style.display = "none";", [])

2019-06-25 12:18:52 - [TEST_STEP][PASSED] - delay(2): Delayed 2 second(s)

2019-06-25 12:18:54 - [MESSAGE][PASSED] - Delayed 2 second(s)

2019-06-25 12:18:54 - [TEST_STEP][PASSED] - click(findTestObject("APOLLO- Desktop/Product page/a_Shop all products")): Object: 'Object Repository/APOLLO- Desktop/Product page/a_Shop all products' is clicked on

2019-06-25 12:18:56 - [MESSAGE][PASSED] - Object: 'Object Repository/APOLLO- Desktop/Product page/a_Shop all products' is clicked on

2019-06-25 12:18:56 - [TEST_STEP][PASSED] - a = getWindowTitle(): Current window's title is: 'Products – Diff Apollo'

2019-06-25 12:18:56 - [MESSAGE][PASSED] - Current window's title is: 'Products – Diff Apollo'

2019-06-25 12:18:56 - [TEST_STEP][PASSED] - comment(" a=" + a):  a=Products – Diff Apollo

2019-06-25 12:18:56 - [MESSAGE][INFO] -  a=Products – Diff Apollo

2019-06-25 12:18:56 - [TEST_STEP][PASSED] - b = "Products – Diff Apollo": null

2019-06-25 12:18:56 - [TEST_STEP][PASSED] - if (a == b): right page

2019-06-25 12:18:56 - [TEST_STEP][PASSED] - comment("right page"): right page

2019-06-25 12:18:56 - [MESSAGE][INFO] - right page]]></system-out>
         <system-err><![CDATA[]]></system-err>
      </testcase>
      <testcase name="Test Cases/PRODUCT PAGE/Image sliders and chevrons" classname="Test Cases/PRODUCT PAGE/Image sliders and chevrons" status="FAILED">
         <failure type="FAILED" message="Test Cases/PRODUCT PAGE/Image sliders and chevrons FAILED.
Reason:
com.kms.katalon.core.exception.StepFailedException: Unable to click on object 'Object Repository/APOLLO- Desktop/Collection page/Striped T-shirt' (Root cause: com.kms.katalon.core.webui.exception.WebElementNotFoundException: Web element with id: 'Object Repository/APOLLO- Desktop/Collection page/Striped T-shirt' located by 'By.xpath: //div[@id='shopify-section-collection-template']/section/div[3]/ol/li[1]/div/a/div

' not found)
	at com.kms.katalon.core.keyword.internal.KeywordMain.stepFailed(KeywordMain.groovy:36)
	at com.kms.katalon.core.webui.keyword.internal.WebUIKeywordMain.stepFailed(WebUIKeywordMain.groovy:65)
	at com.kms.katalon.core.webui.keyword.internal.WebUIKeywordMain.runKeyword(WebUIKeywordMain.groovy:27)
	at com.kms.katalon.core.webui.keyword.builtin.ClickKeyword.click(ClickKeyword.groovy:86)
	at com.kms.katalon.core.webui.keyword.builtin.ClickKeyword.execute(ClickKeyword.groovy:67)
	at com.kms.katalon.core.keyword.internal.KeywordExecutor.executeKeywordForPlatform(KeywordExecutor.groovy:53)
	at com.kms.katalon.core.webui.keyword.WebUiBuiltInKeywords.click(WebUiBuiltInKeywords.groovy:616)
	at com.kms.katalon.core.webui.keyword.WebUiBuiltInKeywords$click$1.call(Unknown Source)
	at Image sliders and chevrons.run(Image sliders and chevrons:39)
	at com.kms.katalon.core.main.ScriptEngine.run(ScriptEngine.java:194)
	at com.kms.katalon.core.main.ScriptEngine.runScriptAsRawText(ScriptEngine.java:119)
	at com.kms.katalon.core.main.TestCaseExecutor.runScript(TestCaseExecutor.java:328)
	at com.kms.katalon.core.main.TestCaseExecutor.doExecute(TestCaseExecutor.java:319)
	at com.kms.katalon.core.main.TestCaseExecutor.processExecutionPhase(TestCaseExecutor.java:298)
	at com.kms.katalon.core.main.TestCaseExecutor.accessMainPhase(TestCaseExecutor.java:290)
	at com.kms.katalon.core.main.TestCaseExecutor.execute(TestCaseExecutor.java:224)
	at com.kms.katalon.core.main.TestSuiteExecutor.accessTestCaseMainPhase(TestSuiteExecutor.java:129)
	at com.kms.katalon.core.main.TestSuiteExecutor.accessTestSuiteMainPhase(TestSuiteExecutor.java:112)
	at com.kms.katalon.core.main.TestSuiteExecutor.execute(TestSuiteExecutor.java:81)
	at com.kms.katalon.core.main.TestCaseMain.startTestSuite(TestCaseMain.java:149)
	at com.kms.katalon.core.main.TestCaseMain$startTestSuite$0.call(Unknown Source)
	at TempTestSuite1561478401383.run(TempTestSuite1561478401383.groovy:36)
"/>
         <system-out><![CDATA[2019-06-25 12:18:56 - [TEST_CASE][FAILED] - Test Cases/PRODUCT PAGE/Image sliders and chevrons: Test Cases/PRODUCT PAGE/Image sliders and chevrons FAILED.
Reason:
com.kms.katalon.core.exception.StepFailedException: Unable to click on object 'Object Repository/APOLLO- Desktop/Collection page/Striped T-shirt' (Root cause: com.kms.katalon.core.webui.exception.WebElementNotFoundException: Web element with id: 'Object Repository/APOLLO- Desktop/Collection page/Striped T-shirt' located by 'By.xpath: //div[@id='shopify-section-collection-template']/section/div[3]/ol/li[1]/div/a/div

' not found)
	at com.kms.katalon.core.keyword.internal.KeywordMain.stepFailed(KeywordMain.groovy:36)
	at com.kms.katalon.core.webui.keyword.internal.WebUIKeywordMain.stepFailed(WebUIKeywordMain.groovy:65)
	at com.kms.katalon.core.webui.keyword.internal.WebUIKeywordMain.runKeyword(WebUIKeywordMain.groovy:27)
	at com.kms.katalon.core.webui.keyword.builtin.ClickKeyword.click(ClickKeyword.groovy:86)
	at com.kms.katalon.core.webui.keyword.builtin.ClickKeyword.execute(ClickKeyword.groovy:67)
	at com.kms.katalon.core.keyword.internal.KeywordExecutor.executeKeywordForPlatform(KeywordExecutor.groovy:53)
	at com.kms.katalon.core.webui.keyword.WebUiBuiltInKeywords.click(WebUiBuiltInKeywords.groovy:616)
	at com.kms.katalon.core.webui.keyword.WebUiBuiltInKeywords$click$1.call(Unknown Source)
	at Image sliders and chevrons.run(Image sliders and chevrons:39)
	at com.kms.katalon.core.main.ScriptEngine.run(ScriptEngine.java:194)
	at com.kms.katalon.core.main.ScriptEngine.runScriptAsRawText(ScriptEngine.java:119)
	at com.kms.katalon.core.main.TestCaseExecutor.runScript(TestCaseExecutor.java:328)
	at com.kms.katalon.core.main.TestCaseExecutor.doExecute(TestCaseExecutor.java:319)
	at com.kms.katalon.core.main.TestCaseExecutor.processExecutionPhase(TestCaseExecutor.java:298)
	at com.kms.katalon.core.main.TestCaseExecutor.accessMainPhase(TestCaseExecutor.java:290)
	at com.kms.katalon.core.main.TestCaseExecutor.execute(TestCaseExecutor.java:224)
	at com.kms.katalon.core.main.TestSuiteExecutor.accessTestCaseMainPhase(TestSuiteExecutor.java:129)
	at com.kms.katalon.core.main.TestSuiteExecutor.accessTestSuiteMainPhase(TestSuiteExecutor.java:112)
	at com.kms.katalon.core.main.TestSuiteExecutor.execute(TestSuiteExecutor.java:81)
	at com.kms.katalon.core.main.TestCaseMain.startTestSuite(TestCaseMain.java:149)
	at com.kms.katalon.core.main.TestCaseMain$startTestSuite$0.call(Unknown Source)
	at TempTestSuite1561478401383.run(TempTestSuite1561478401383.groovy:36)


2019-06-25 12:18:56 - [TEST_STEP][PASSED] - callTestCase(findTestCase("CALL - URL"), [:], STOP_ON_FAILURE): Call Test Case 'Test Cases/CALL - URL' successfully

2019-06-25 12:18:56 - [TEST_CASE][PASSED] - Test Cases/CALL - URL: Test Cases/CALL - URL

2019-06-25 12:18:56 - [TEST_STEP][PASSED] - openBrowser(""): Browser is opened with url: ''

2019-06-25 12:18:56 - [MESSAGE][WARNING] - A browser is already opened. Closing browser and opening a new one

2019-06-25 12:18:56 - [MESSAGE][INFO] - Starting 'Chrome' driver

2019-06-25 12:18:58 - [MESSAGE][PASSED] - Browser is opened with url: ''

2019-06-25 12:18:58 - [TEST_STEP][PASSED] - navigateToUrl("https://diff-apollo.myshopify.com/?key=eec34184cfd8f82cda816f82753a8c8e9e240f30cf54470e19667b8cbb401948&preview_theme_id="): Navigate to 'https://diff-apollo.myshopify.com/?key=eec34184cfd8f82cda816f82753a8c8e9e240f30cf54470e19667b8cbb401948&preview_theme_id=' successfully

2019-06-25 12:19:00 - [MESSAGE][PASSED] - Navigate to 'https://diff-apollo.myshopify.com/?key=eec34184cfd8f82cda816f82753a8c8e9e240f30cf54470e19667b8cbb401948&preview_theme_id=' successfully

2019-06-25 12:19:00 - [TEST_STEP][NOT_RUN] - executeJavaScript("var previewBar = document.getElementById("preview-bar-iframe"); previewBar.style.display = "none";", []): NOT_RUN: executeJavaScript("var previewBar = document.getElementById("preview-bar-iframe"); previewBar.style.display = "none";", [])

2019-06-25 12:19:00 - [MESSAGE][NOT_RUN] - NOT_RUN: executeJavaScript("var previewBar = document.getElementById("preview-bar-iframe"); previewBar.style.display = "none";", [])

2019-06-25 12:19:00 - [MESSAGE][PASSED] - Call Test Case 'Test Cases/CALL - URL' successfully

2019-06-25 12:19:00 - [TEST_STEP][PASSED] - delay(2): Delayed 2 second(s)

2019-06-25 12:19:02 - [MESSAGE][PASSED] - Delayed 2 second(s)

2019-06-25 12:19:02 - [TEST_STEP][PASSED] - click(findTestObject("APOLLO- Desktop/Burger Menu/Burgermenu")): Object: 'Object Repository/APOLLO- Desktop/Burger Menu/Burgermenu' is clicked on

2019-06-25 12:19:02 - [MESSAGE][PASSED] - Object: 'Object Repository/APOLLO- Desktop/Burger Menu/Burgermenu' is clicked on

2019-06-25 12:19:02 - [TEST_STEP][PASSED] - delay(2): Delayed 2 second(s)

2019-06-25 12:19:04 - [MESSAGE][PASSED] - Delayed 2 second(s)

2019-06-25 12:19:04 - [TEST_STEP][PASSED] - click(findTestObject("APOLLO- Desktop/Burger Menu/Mens chevron")): Object: 'Object Repository/APOLLO- Desktop/Burger Menu/Mens chevron' is clicked on

2019-06-25 12:19:05 - [MESSAGE][PASSED] - Object: 'Object Repository/APOLLO- Desktop/Burger Menu/Mens chevron' is clicked on

2019-06-25 12:19:05 - [TEST_STEP][PASSED] - delay(2): Delayed 2 second(s)

2019-06-25 12:19:07 - [MESSAGE][PASSED] - Delayed 2 second(s)

2019-06-25 12:19:07 - [TEST_STEP][PASSED] - click(findTestObject("APOLLO- Desktop/Burger Menu/Mens - Top Chevron")): Object: 'Object Repository/APOLLO- Desktop/Burger Menu/Mens - Top Chevron' is clicked on

2019-06-25 12:19:07 - [MESSAGE][PASSED] - Object: 'Object Repository/APOLLO- Desktop/Burger Menu/Mens - Top Chevron' is clicked on

2019-06-25 12:19:07 - [TEST_STEP][PASSED] - delay(2): Delayed 2 second(s)

2019-06-25 12:19:09 - [MESSAGE][PASSED] - Delayed 2 second(s)

2019-06-25 12:19:09 - [TEST_STEP][PASSED] - click(findTestObject("APOLLO- Desktop/Burger Menu/Shirts link")): Object: 'Object Repository/APOLLO- Desktop/Burger Menu/Shirts link' is clicked on

2019-06-25 12:19:10 - [MESSAGE][PASSED] - Object: 'Object Repository/APOLLO- Desktop/Burger Menu/Shirts link' is clicked on

2019-06-25 12:19:10 - [TEST_STEP][NOT_RUN] - executeJavaScript("var previewBar = document.getElementById("preview-bar-iframe"); previewBar.style.display = "none";", []): NOT_RUN: executeJavaScript("var previewBar = document.getElementById("preview-bar-iframe"); previewBar.style.display = "none";", [])

2019-06-25 12:19:10 - [MESSAGE][NOT_RUN] - NOT_RUN: executeJavaScript("var previewBar = document.getElementById("preview-bar-iframe"); previewBar.style.display = "none";", [])

2019-06-25 12:19:10 - [TEST_STEP][PASSED] - delay(2): Delayed 2 second(s)

2019-06-25 12:19:12 - [MESSAGE][PASSED] - Delayed 2 second(s)

2019-06-25 12:19:12 - [TEST_STEP][FAILED] - click(findTestObject("APOLLO- Desktop/Collection page/Striped T-shirt")): click(findTestObject("APOLLO- Desktop/Collection page/Striped T-shirt")) FAILED.
Reason:
com.kms.katalon.core.exception.StepFailedException: Unable to click on object 'Object Repository/APOLLO- Desktop/Collection page/Striped T-shirt' (Root cause: com.kms.katalon.core.webui.exception.WebElementNotFoundException: Web element with id: 'Object Repository/APOLLO- Desktop/Collection page/Striped T-shirt' located by 'By.xpath: //div[@id='shopify-section-collection-template']/section/div[3]/ol/li[1]/div/a/div

' not found)
	at com.kms.katalon.core.keyword.internal.KeywordMain.stepFailed(KeywordMain.groovy:36)
	at com.kms.katalon.core.webui.keyword.internal.WebUIKeywordMain.stepFailed(WebUIKeywordMain.groovy:65)
	at com.kms.katalon.core.webui.keyword.internal.WebUIKeywordMain.runKeyword(WebUIKeywordMain.groovy:27)
	at com.kms.katalon.core.webui.keyword.builtin.ClickKeyword.click(ClickKeyword.groovy:86)
	at com.kms.katalon.core.webui.keyword.builtin.ClickKeyword.execute(ClickKeyword.groovy:67)
	at com.kms.katalon.core.keyword.internal.KeywordExecutor.executeKeywordForPlatform(KeywordExecutor.groovy:53)
	at com.kms.katalon.core.webui.keyword.WebUiBuiltInKeywords.click(WebUiBuiltInKeywords.groovy:616)
	at com.kms.katalon.core.webui.keyword.WebUiBuiltInKeywords$click$1.call(Unknown Source)
	at Image sliders and chevrons.run(Image sliders and chevrons:39)
	at com.kms.katalon.core.main.ScriptEngine.run(ScriptEngine.java:194)
	at com.kms.katalon.core.main.ScriptEngine.runScriptAsRawText(ScriptEngine.java:119)
	at com.kms.katalon.core.main.TestCaseExecutor.runScript(TestCaseExecutor.java:328)
	at com.kms.katalon.core.main.TestCaseExecutor.doExecute(TestCaseExecutor.java:319)
	at com.kms.katalon.core.main.TestCaseExecutor.processExecutionPhase(TestCaseExecutor.java:298)
	at com.kms.katalon.core.main.TestCaseExecutor.accessMainPhase(TestCaseExecutor.java:290)
	at com.kms.katalon.core.main.TestCaseExecutor.execute(TestCaseExecutor.java:224)
	at com.kms.katalon.core.main.TestSuiteExecutor.accessTestCaseMainPhase(TestSuiteExecutor.java:129)
	at com.kms.katalon.core.main.TestSuiteExecutor.accessTestSuiteMainPhase(TestSuiteExecutor.java:112)
	at com.kms.katalon.core.main.TestSuiteExecutor.execute(TestSuiteExecutor.java:81)
	at com.kms.katalon.core.main.TestCaseMain.startTestSuite(TestCaseMain.java:149)
	at com.kms.katalon.core.main.TestCaseMain$startTestSuite$0.call(Unknown Source)
	at TempTestSuite1561478401383.run(TempTestSuite1561478401383.groovy:36)


2019-06-25 12:19:42 - [MESSAGE][INFO] - Unable to find the element located by 'By.xpath: //div[@id='shopify-section-collection-template']/section/div[3]/ol/li[1]/div/a/div

'. Please recheck the objects properties to make sure the desired element is located. 

2019-06-25 12:19:44 - [MESSAGE][FAILED] - Unable to click on object 'Object Repository/APOLLO- Desktop/Collection page/Striped T-shirt' (Root cause: com.kms.katalon.core.webui.exception.WebElementNotFoundException: Web element with id: 'Object Repository/APOLLO- Desktop/Collection page/Striped T-shirt' located by 'By.xpath: //div[@id='shopify-section-collection-template']/section/div[3]/ol/li[1]/div/a/div

' not found)
[[ATTACHMENT|/Users/sumankompelly/Katalon Studio/APOLLO/Reports/Apollo - dark build/20190625_120001/1561479582853.png]]

2019-06-25 12:19:44 - [MESSAGE][FAILED] - click(findTestObject("APOLLO- Desktop/Collection page/Striped T-shirt")) FAILED.
Reason:
com.kms.katalon.core.exception.StepFailedException: Unable to click on object 'Object Repository/APOLLO- Desktop/Collection page/Striped T-shirt' (Root cause: com.kms.katalon.core.webui.exception.WebElementNotFoundException: Web element with id: 'Object Repository/APOLLO- Desktop/Collection page/Striped T-shirt' located by 'By.xpath: //div[@id='shopify-section-collection-template']/section/div[3]/ol/li[1]/div/a/div

' not found)
	at com.kms.katalon.core.keyword.internal.KeywordMain.stepFailed(KeywordMain.groovy:36)
	at com.kms.katalon.core.webui.keyword.internal.WebUIKeywordMain.stepFailed(WebUIKeywordMain.groovy:65)
	at com.kms.katalon.core.webui.keyword.internal.WebUIKeywordMain.runKeyword(WebUIKeywordMain.groovy:27)
	at com.kms.katalon.core.webui.keyword.builtin.ClickKeyword.click(ClickKeyword.groovy:86)
	at com.kms.katalon.core.webui.keyword.builtin.ClickKeyword.execute(ClickKeyword.groovy:67)
	at com.kms.katalon.core.keyword.internal.KeywordExecutor.executeKeywordForPlatform(KeywordExecutor.groovy:53)
	at com.kms.katalon.core.webui.keyword.WebUiBuiltInKeywords.click(WebUiBuiltInKeywords.groovy:616)
	at com.kms.katalon.core.webui.keyword.WebUiBuiltInKeywords$click$1.call(Unknown Source)
	at Image sliders and chevrons.run(Image sliders and chevrons:39)
	at com.kms.katalon.core.main.ScriptEngine.run(ScriptEngine.java:194)
	at com.kms.katalon.core.main.ScriptEngine.runScriptAsRawText(ScriptEngine.java:119)
	at com.kms.katalon.core.main.TestCaseExecutor.runScript(TestCaseExecutor.java:328)
	at com.kms.katalon.core.main.TestCaseExecutor.doExecute(TestCaseExecutor.java:319)
	at com.kms.katalon.core.main.TestCaseExecutor.processExecutionPhase(TestCaseExecutor.java:298)
	at com.kms.katalon.core.main.TestCaseExecutor.accessMainPhase(TestCaseExecutor.java:290)
	at com.kms.katalon.core.main.TestCaseExecutor.execute(TestCaseExecutor.java:224)
	at com.kms.katalon.core.main.TestSuiteExecutor.accessTestCaseMainPhase(TestSuiteExecutor.java:129)
	at com.kms.katalon.core.main.TestSuiteExecutor.accessTestSuiteMainPhase(TestSuiteExecutor.java:112)
	at com.kms.katalon.core.main.TestSuiteExecutor.execute(TestSuiteExecutor.java:81)
	at com.kms.katalon.core.main.TestCaseMain.startTestSuite(TestCaseMain.java:149)
	at com.kms.katalon.core.main.TestCaseMain$startTestSuite$0.call(Unknown Source)
	at TempTestSuite1561478401383.run(TempTestSuite1561478401383.groovy:36)]]></system-out>
         <system-err><![CDATA[2019-06-25 12:18:56 - [TEST_CASE][FAILED] - Test Cases/PRODUCT PAGE/Image sliders and chevrons: Test Cases/PRODUCT PAGE/Image sliders and chevrons FAILED.
Reason:
com.kms.katalon.core.exception.StepFailedException: Unable to click on object 'Object Repository/APOLLO- Desktop/Collection page/Striped T-shirt' (Root cause: com.kms.katalon.core.webui.exception.WebElementNotFoundException: Web element with id: 'Object Repository/APOLLO- Desktop/Collection page/Striped T-shirt' located by 'By.xpath: //div[@id='shopify-section-collection-template']/section/div[3]/ol/li[1]/div/a/div

' not found)
	at com.kms.katalon.core.keyword.internal.KeywordMain.stepFailed(KeywordMain.groovy:36)
	at com.kms.katalon.core.webui.keyword.internal.WebUIKeywordMain.stepFailed(WebUIKeywordMain.groovy:65)
	at com.kms.katalon.core.webui.keyword.internal.WebUIKeywordMain.runKeyword(WebUIKeywordMain.groovy:27)
	at com.kms.katalon.core.webui.keyword.builtin.ClickKeyword.click(ClickKeyword.groovy:86)
	at com.kms.katalon.core.webui.keyword.builtin.ClickKeyword.execute(ClickKeyword.groovy:67)
	at com.kms.katalon.core.keyword.internal.KeywordExecutor.executeKeywordForPlatform(KeywordExecutor.groovy:53)
	at com.kms.katalon.core.webui.keyword.WebUiBuiltInKeywords.click(WebUiBuiltInKeywords.groovy:616)
	at com.kms.katalon.core.webui.keyword.WebUiBuiltInKeywords$click$1.call(Unknown Source)
	at Image sliders and chevrons.run(Image sliders and chevrons:39)
	at com.kms.katalon.core.main.ScriptEngine.run(ScriptEngine.java:194)
	at com.kms.katalon.core.main.ScriptEngine.runScriptAsRawText(ScriptEngine.java:119)
	at com.kms.katalon.core.main.TestCaseExecutor.runScript(TestCaseExecutor.java:328)
	at com.kms.katalon.core.main.TestCaseExecutor.doExecute(TestCaseExecutor.java:319)
	at com.kms.katalon.core.main.TestCaseExecutor.processExecutionPhase(TestCaseExecutor.java:298)
	at com.kms.katalon.core.main.TestCaseExecutor.accessMainPhase(TestCaseExecutor.java:290)
	at com.kms.katalon.core.main.TestCaseExecutor.execute(TestCaseExecutor.java:224)
	at com.kms.katalon.core.main.TestSuiteExecutor.accessTestCaseMainPhase(TestSuiteExecutor.java:129)
	at com.kms.katalon.core.main.TestSuiteExecutor.accessTestSuiteMainPhase(TestSuiteExecutor.java:112)
	at com.kms.katalon.core.main.TestSuiteExecutor.execute(TestSuiteExecutor.java:81)
	at com.kms.katalon.core.main.TestCaseMain.startTestSuite(TestCaseMain.java:149)
	at com.kms.katalon.core.main.TestCaseMain$startTestSuite$0.call(Unknown Source)
	at TempTestSuite1561478401383.run(TempTestSuite1561478401383.groovy:36)]]></system-err>
      </testcase>
      <testcase name="Test Cases/CRITICAL PATH/Home page - add to bag CTA" classname="Test Cases/CRITICAL PATH/Home page - add to bag CTA" status="FAILED">
         <failure type="FAILED" message="Test Cases/CRITICAL PATH/Home page - add to bag CTA FAILED.
Reason:
com.kms.katalon.core.exception.StepFailedException: Object 'Object Repository/APOLLO- Desktop/Product page/Add to bag' is NOT clickable
	at com.kms.katalon.core.keyword.internal.KeywordMain.stepFailed(KeywordMain.groovy:32)
	at com.kms.katalon.core.webui.keyword.internal.WebUIKeywordMain.stepFailed(WebUIKeywordMain.groovy:65)
	at com.kms.katalon.core.webui.keyword.builtin.VerifyElementClickableKeyword$_verifyElementClickable_closure1.doCall(VerifyElementClickableKeyword.groovy:83)
	at com.kms.katalon.core.webui.keyword.builtin.VerifyElementClickableKeyword$_verifyElementClickable_closure1.call(VerifyElementClickableKeyword.groovy)
	at com.kms.katalon.core.webui.keyword.internal.WebUIKeywordMain.runKeyword(WebUIKeywordMain.groovy:21)
	at com.kms.katalon.core.webui.keyword.builtin.VerifyElementClickableKeyword.verifyElementClickable(VerifyElementClickableKeyword.groovy:96)
	at com.kms.katalon.core.webui.keyword.builtin.VerifyElementClickableKeyword.execute(VerifyElementClickableKeyword.groovy:67)
	at com.kms.katalon.core.keyword.internal.KeywordExecutor.executeKeywordForPlatform(KeywordExecutor.groovy:53)
	at com.kms.katalon.core.webui.keyword.WebUiBuiltInKeywords.verifyElementClickable(WebUiBuiltInKeywords.groovy:548)
	at com.kms.katalon.core.webui.keyword.WebUiBuiltInKeywords$verifyElementClickable$16.call(Unknown Source)
	at Home page - add to bag CTA.run(Home page - add to bag CTA:116)
	at com.kms.katalon.core.main.ScriptEngine.run(ScriptEngine.java:194)
	at com.kms.katalon.core.main.ScriptEngine.runScriptAsRawText(ScriptEngine.java:119)
	at com.kms.katalon.core.main.TestCaseExecutor.runScript(TestCaseExecutor.java:328)
	at com.kms.katalon.core.main.TestCaseExecutor.doExecute(TestCaseExecutor.java:319)
	at com.kms.katalon.core.main.TestCaseExecutor.processExecutionPhase(TestCaseExecutor.java:298)
	at com.kms.katalon.core.main.TestCaseExecutor.accessMainPhase(TestCaseExecutor.java:290)
	at com.kms.katalon.core.main.TestCaseExecutor.execute(TestCaseExecutor.java:224)
	at com.kms.katalon.core.main.TestSuiteExecutor.accessTestCaseMainPhase(TestSuiteExecutor.java:129)
	at com.kms.katalon.core.main.TestSuiteExecutor.accessTestSuiteMainPhase(TestSuiteExecutor.java:112)
	at com.kms.katalon.core.main.TestSuiteExecutor.execute(TestSuiteExecutor.java:81)
	at com.kms.katalon.core.main.TestCaseMain.startTestSuite(TestCaseMain.java:149)
	at com.kms.katalon.core.main.TestCaseMain$startTestSuite$0.call(Unknown Source)
	at TempTestSuite1561478401383.run(TempTestSuite1561478401383.groovy:36)
"/>
         <system-out><![CDATA[2019-06-25 12:19:44 - [TEST_CASE][FAILED] - Test Cases/CRITICAL PATH/Home page - add to bag CTA: Test Cases/CRITICAL PATH/Home page - add to bag CTA FAILED.
Reason:
com.kms.katalon.core.exception.StepFailedException: Object 'Object Repository/APOLLO- Desktop/Product page/Add to bag' is NOT clickable
	at com.kms.katalon.core.keyword.internal.KeywordMain.stepFailed(KeywordMain.groovy:32)
	at com.kms.katalon.core.webui.keyword.internal.WebUIKeywordMain.stepFailed(WebUIKeywordMain.groovy:65)
	at com.kms.katalon.core.webui.keyword.builtin.VerifyElementClickableKeyword$_verifyElementClickable_closure1.doCall(VerifyElementClickableKeyword.groovy:83)
	at com.kms.katalon.core.webui.keyword.builtin.VerifyElementClickableKeyword$_verifyElementClickable_closure1.call(VerifyElementClickableKeyword.groovy)
	at com.kms.katalon.core.webui.keyword.internal.WebUIKeywordMain.runKeyword(WebUIKeywordMain.groovy:21)
	at com.kms.katalon.core.webui.keyword.builtin.VerifyElementClickableKeyword.verifyElementClickable(VerifyElementClickableKeyword.groovy:96)
	at com.kms.katalon.core.webui.keyword.builtin.VerifyElementClickableKeyword.execute(VerifyElementClickableKeyword.groovy:67)
	at com.kms.katalon.core.keyword.internal.KeywordExecutor.executeKeywordForPlatform(KeywordExecutor.groovy:53)
	at com.kms.katalon.core.webui.keyword.WebUiBuiltInKeywords.verifyElementClickable(WebUiBuiltInKeywords.groovy:548)
	at com.kms.katalon.core.webui.keyword.WebUiBuiltInKeywords$verifyElementClickable$16.call(Unknown Source)
	at Home page - add to bag CTA.run(Home page - add to bag CTA:116)
	at com.kms.katalon.core.main.ScriptEngine.run(ScriptEngine.java:194)
	at com.kms.katalon.core.main.ScriptEngine.runScriptAsRawText(ScriptEngine.java:119)
	at com.kms.katalon.core.main.TestCaseExecutor.runScript(TestCaseExecutor.java:328)
	at com.kms.katalon.core.main.TestCaseExecutor.doExecute(TestCaseExecutor.java:319)
	at com.kms.katalon.core.main.TestCaseExecutor.processExecutionPhase(TestCaseExecutor.java:298)
	at com.kms.katalon.core.main.TestCaseExecutor.accessMainPhase(TestCaseExecutor.java:290)
	at com.kms.katalon.core.main.TestCaseExecutor.execute(TestCaseExecutor.java:224)
	at com.kms.katalon.core.main.TestSuiteExecutor.accessTestCaseMainPhase(TestSuiteExecutor.java:129)
	at com.kms.katalon.core.main.TestSuiteExecutor.accessTestSuiteMainPhase(TestSuiteExecutor.java:112)
	at com.kms.katalon.core.main.TestSuiteExecutor.execute(TestSuiteExecutor.java:81)
	at com.kms.katalon.core.main.TestCaseMain.startTestSuite(TestCaseMain.java:149)
	at com.kms.katalon.core.main.TestCaseMain$startTestSuite$0.call(Unknown Source)
	at TempTestSuite1561478401383.run(TempTestSuite1561478401383.groovy:36)


2019-06-25 12:19:44 - [TEST_STEP][PASSED] - callTestCase(findTestCase("CALL - URL"), [:], STOP_ON_FAILURE): Call Test Case 'Test Cases/CALL - URL' successfully

2019-06-25 12:19:44 - [TEST_CASE][PASSED] - Test Cases/CALL - URL: Test Cases/CALL - URL

2019-06-25 12:19:44 - [TEST_STEP][PASSED] - openBrowser(""): Browser is opened with url: ''

2019-06-25 12:19:44 - [MESSAGE][WARNING] - A browser is already opened. Closing browser and opening a new one

2019-06-25 12:19:44 - [MESSAGE][INFO] - Starting 'Chrome' driver

2019-06-25 12:19:45 - [MESSAGE][PASSED] - Browser is opened with url: ''

2019-06-25 12:19:45 - [TEST_STEP][PASSED] - navigateToUrl("https://diff-apollo.myshopify.com/?key=eec34184cfd8f82cda816f82753a8c8e9e240f30cf54470e19667b8cbb401948&preview_theme_id="): Navigate to 'https://diff-apollo.myshopify.com/?key=eec34184cfd8f82cda816f82753a8c8e9e240f30cf54470e19667b8cbb401948&preview_theme_id=' successfully

2019-06-25 12:19:47 - [MESSAGE][PASSED] - Navigate to 'https://diff-apollo.myshopify.com/?key=eec34184cfd8f82cda816f82753a8c8e9e240f30cf54470e19667b8cbb401948&preview_theme_id=' successfully

2019-06-25 12:19:47 - [TEST_STEP][NOT_RUN] - executeJavaScript("var previewBar = document.getElementById("preview-bar-iframe"); previewBar.style.display = "none";", []): NOT_RUN: executeJavaScript("var previewBar = document.getElementById("preview-bar-iframe"); previewBar.style.display = "none";", [])

2019-06-25 12:19:47 - [MESSAGE][NOT_RUN] - NOT_RUN: executeJavaScript("var previewBar = document.getElementById("preview-bar-iframe"); previewBar.style.display = "none";", [])

2019-06-25 12:19:47 - [MESSAGE][PASSED] - Call Test Case 'Test Cases/CALL - URL' successfully

2019-06-25 12:19:47 - [TEST_STEP][PASSED] - flag = verifyElementClickable(findTestObject("APOLLO- Desktop/Home page/Navy variant")): Object 'Object Repository/APOLLO- Desktop/Home page/Navy variant' is clickable

2019-06-25 12:19:47 - [MESSAGE][PASSED] - Object 'Object Repository/APOLLO- Desktop/Home page/Navy variant' is clickable

2019-06-25 12:19:47 - [TEST_STEP][PASSED] - comment("flag=" + flag): flag=true

2019-06-25 12:19:47 - [MESSAGE][INFO] - flag=true

2019-06-25 12:19:47 - [TEST_STEP][PASSED] - if (flag == true): Object: 'Object Repository/APOLLO- Desktop/Product page/Add to bag' is clicked on

2019-06-25 12:19:47 - [TEST_STEP][PASSED] - click(findTestObject("APOLLO- Desktop/Home page/Navy variant")): Object: 'Object Repository/APOLLO- Desktop/Home page/Navy variant' is clicked on

2019-06-25 12:19:48 - [MESSAGE][PASSED] - Object: 'Object Repository/APOLLO- Desktop/Home page/Navy variant' is clicked on

2019-06-25 12:19:48 - [TEST_STEP][PASSED] - delay(1): Delayed 1 second(s)

2019-06-25 12:19:49 - [MESSAGE][PASSED] - Delayed 1 second(s)

2019-06-25 12:19:49 - [TEST_STEP][PASSED] - a = verifyElementClickable(findTestObject("APOLLO- Desktop/Product page/Add to bag"), CONTINUE_ON_FAILURE): Object 'Object Repository/APOLLO- Desktop/Product page/Add to bag' is clickable

2019-06-25 12:19:49 - [MESSAGE][PASSED] - Object 'Object Repository/APOLLO- Desktop/Product page/Add to bag' is clickable

2019-06-25 12:19:49 - [TEST_STEP][PASSED] - comment("a=" + a): a=true

2019-06-25 12:19:49 - [MESSAGE][INFO] - a=true

2019-06-25 12:19:49 - [TEST_STEP][PASSED] - if (a == true): Object: 'Object Repository/APOLLO- Desktop/Product page/Add to bag' is clicked on

2019-06-25 12:19:49 - [TEST_STEP][PASSED] - click(findTestObject("APOLLO- Desktop/Product page/Add to bag")): Object: 'Object Repository/APOLLO- Desktop/Product page/Add to bag' is clicked on

2019-06-25 12:19:49 - [MESSAGE][PASSED] - Object: 'Object Repository/APOLLO- Desktop/Product page/Add to bag' is clicked on

2019-06-25 12:19:49 - [TEST_STEP][PASSED] - delay(2): Delayed 2 second(s)

2019-06-25 12:19:51 - [MESSAGE][PASSED] - Delayed 2 second(s)

2019-06-25 12:19:51 - [TEST_STEP][PASSED] - click(findTestObject("APOLLO- Desktop/Cart flyout/Cart collapse")): Object: 'Object Repository/APOLLO- Desktop/Cart flyout/Cart collapse' is clicked on

2019-06-25 12:19:51 - [MESSAGE][PASSED] - Object: 'Object Repository/APOLLO- Desktop/Cart flyout/Cart collapse' is clicked on

2019-06-25 12:19:51 - [TEST_STEP][PASSED] - delay(1): Delayed 1 second(s)

2019-06-25 12:19:52 - [MESSAGE][PASSED] - Delayed 1 second(s)

2019-06-25 12:19:52 - [TEST_STEP][PASSED] - flag1 = verifyElementClickable(findTestObject("APOLLO- Desktop/Home page/Grey variant")): Object 'Object Repository/APOLLO- Desktop/Home page/Grey variant' is clickable

2019-06-25 12:19:52 - [MESSAGE][PASSED] - Object 'Object Repository/APOLLO- Desktop/Home page/Grey variant' is clickable

2019-06-25 12:19:52 - [TEST_STEP][PASSED] - comment("flag1=" + flag1): flag1=true

2019-06-25 12:19:52 - [MESSAGE][INFO] - flag1=true

2019-06-25 12:19:52 - [TEST_STEP][PASSED] - if (flag1 == true): Object: 'Object Repository/APOLLO- Desktop/Product page/Add to bag' is clicked on

2019-06-25 12:19:52 - [TEST_STEP][PASSED] - click(findTestObject("APOLLO- Desktop/Home page/Grey variant")): Object: 'Object Repository/APOLLO- Desktop/Home page/Grey variant' is clicked on

2019-06-25 12:19:52 - [MESSAGE][PASSED] - Object: 'Object Repository/APOLLO- Desktop/Home page/Grey variant' is clicked on

2019-06-25 12:19:52 - [TEST_STEP][PASSED] - delay(1): Delayed 1 second(s)

2019-06-25 12:19:53 - [MESSAGE][PASSED] - Delayed 1 second(s)

2019-06-25 12:19:53 - [TEST_STEP][PASSED] - a1 = verifyElementClickable(findTestObject("APOLLO- Desktop/Product page/Add to bag"), CONTINUE_ON_FAILURE): Object 'Object Repository/APOLLO- Desktop/Product page/Add to bag' is clickable

2019-06-25 12:19:53 - [MESSAGE][PASSED] - Object 'Object Repository/APOLLO- Desktop/Product page/Add to bag' is clickable

2019-06-25 12:19:53 - [TEST_STEP][PASSED] - comment("a1=" + a1): a1=true

2019-06-25 12:19:53 - [MESSAGE][INFO] - a1=true

2019-06-25 12:19:53 - [TEST_STEP][PASSED] - if (a1 == true): Object: 'Object Repository/APOLLO- Desktop/Product page/Add to bag' is clicked on

2019-06-25 12:19:53 - [TEST_STEP][PASSED] - click(findTestObject("APOLLO- Desktop/Product page/Add to bag")): Object: 'Object Repository/APOLLO- Desktop/Product page/Add to bag' is clicked on

2019-06-25 12:19:53 - [MESSAGE][PASSED] - Object: 'Object Repository/APOLLO- Desktop/Product page/Add to bag' is clicked on

2019-06-25 12:19:53 - [TEST_STEP][PASSED] - delay(2): Delayed 2 second(s)

2019-06-25 12:19:55 - [MESSAGE][PASSED] - Delayed 2 second(s)

2019-06-25 12:19:55 - [TEST_STEP][PASSED] - click(findTestObject("APOLLO- Desktop/Cart flyout/Cart collapse")): Object: 'Object Repository/APOLLO- Desktop/Cart flyout/Cart collapse' is clicked on

2019-06-25 12:19:55 - [MESSAGE][PASSED] - Object: 'Object Repository/APOLLO- Desktop/Cart flyout/Cart collapse' is clicked on

2019-06-25 12:19:55 - [TEST_STEP][PASSED] - delay(1): Delayed 1 second(s)

2019-06-25 12:19:56 - [MESSAGE][PASSED] - Delayed 1 second(s)

2019-06-25 12:19:56 - [TEST_STEP][PASSED] - flag2 = verifyElementClickable(findTestObject("APOLLO- Desktop/Home page/White variant")): Object 'Object Repository/APOLLO- Desktop/Home page/White variant' is clickable

2019-06-25 12:19:56 - [MESSAGE][PASSED] - Object 'Object Repository/APOLLO- Desktop/Home page/White variant' is clickable

2019-06-25 12:19:56 - [TEST_STEP][PASSED] - comment("flag2=" + flag2): flag2=true

2019-06-25 12:19:56 - [MESSAGE][INFO] - flag2=true

2019-06-25 12:19:56 - [TEST_STEP][PASSED] - if (flag2 == true): Object: 'Object Repository/APOLLO- Desktop/Product page/Add to bag' is clicked on

2019-06-25 12:19:56 - [TEST_STEP][PASSED] - click(findTestObject("APOLLO- Desktop/Home page/White variant")): Object: 'Object Repository/APOLLO- Desktop/Home page/White variant' is clicked on

2019-06-25 12:19:56 - [MESSAGE][PASSED] - Object: 'Object Repository/APOLLO- Desktop/Home page/White variant' is clicked on

2019-06-25 12:19:56 - [TEST_STEP][PASSED] - delay(1): Delayed 1 second(s)

2019-06-25 12:19:57 - [MESSAGE][PASSED] - Delayed 1 second(s)

2019-06-25 12:19:57 - [TEST_STEP][PASSED] - a2 = verifyElementClickable(findTestObject("APOLLO- Desktop/Product page/Add to bag"), CONTINUE_ON_FAILURE): Object 'Object Repository/APOLLO- Desktop/Product page/Add to bag' is clickable

2019-06-25 12:19:57 - [MESSAGE][PASSED] - Object 'Object Repository/APOLLO- Desktop/Product page/Add to bag' is clickable

2019-06-25 12:19:57 - [TEST_STEP][PASSED] - comment("a2=" + a2): a2=true

2019-06-25 12:19:57 - [MESSAGE][INFO] - a2=true

2019-06-25 12:19:57 - [TEST_STEP][PASSED] - if (a2 == true): Object: 'Object Repository/APOLLO- Desktop/Product page/Add to bag' is clicked on

2019-06-25 12:19:57 - [TEST_STEP][PASSED] - click(findTestObject("APOLLO- Desktop/Product page/Add to bag")): Object: 'Object Repository/APOLLO- Desktop/Product page/Add to bag' is clicked on

2019-06-25 12:19:57 - [MESSAGE][PASSED] - Object: 'Object Repository/APOLLO- Desktop/Product page/Add to bag' is clicked on

2019-06-25 12:19:57 - [TEST_STEP][PASSED] - delay(2): Delayed 2 second(s)

2019-06-25 12:19:59 - [MESSAGE][PASSED] - Delayed 2 second(s)

2019-06-25 12:19:59 - [TEST_STEP][PASSED] - click(findTestObject("APOLLO- Desktop/Cart flyout/Cart collapse")): Object: 'Object Repository/APOLLO- Desktop/Cart flyout/Cart collapse' is clicked on

2019-06-25 12:19:59 - [MESSAGE][PASSED] - Object: 'Object Repository/APOLLO- Desktop/Cart flyout/Cart collapse' is clicked on

2019-06-25 12:19:59 - [TEST_STEP][PASSED] - delay(1): Delayed 1 second(s)

2019-06-25 12:20:00 - [MESSAGE][PASSED] - Delayed 1 second(s)

2019-06-25 12:20:00 - [TEST_STEP][PASSED] - flag3 = verifyElementClickable(findTestObject("APOLLO- Desktop/Home page/Black variant")): Object 'Object Repository/APOLLO- Desktop/Home page/Black variant' is clickable

2019-06-25 12:20:00 - [MESSAGE][PASSED] - Object 'Object Repository/APOLLO- Desktop/Home page/Black variant' is clickable

2019-06-25 12:20:00 - [TEST_STEP][PASSED] - comment("flag3=" + flag3): flag3=true

2019-06-25 12:20:00 - [MESSAGE][INFO] - flag3=true

2019-06-25 12:20:00 - [TEST_STEP][FAILED] - if (flag3 == true):  product sold out 

2019-06-25 12:20:00 - [TEST_STEP][PASSED] - click(findTestObject("APOLLO- Desktop/Home page/Black variant")): Object: 'Object Repository/APOLLO- Desktop/Home page/Black variant' is clicked on

2019-06-25 12:20:00 - [MESSAGE][PASSED] - Object: 'Object Repository/APOLLO- Desktop/Home page/Black variant' is clicked on

2019-06-25 12:20:00 - [TEST_STEP][PASSED] - delay(1): Delayed 1 second(s)

2019-06-25 12:20:01 - [MESSAGE][PASSED] - Delayed 1 second(s)

2019-06-25 12:20:01 - [TEST_STEP][FAILED] - a3 = verifyElementClickable(findTestObject("APOLLO- Desktop/Product page/Add to bag"), CONTINUE_ON_FAILURE): Object 'Object Repository/APOLLO- Desktop/Product page/Add to bag' is NOT clickable

2019-06-25 12:20:02 - [MESSAGE][FAILED] - Object 'Object Repository/APOLLO- Desktop/Product page/Add to bag' is NOT clickable
[[ATTACHMENT|/Users/sumankompelly/Katalon Studio/APOLLO/Reports/Apollo - dark build/20190625_120001/1561479601938.png]]

2019-06-25 12:20:02 - [TEST_STEP][PASSED] - comment("a3=" + a3): a3=false

2019-06-25 12:20:02 - [MESSAGE][INFO] - a3=false

2019-06-25 12:20:02 - [TEST_STEP][PASSED] - if (a3 == true): null

2019-06-25 12:20:02 - [TEST_STEP][PASSED] - else:  product sold out 

2019-06-25 12:20:02 - [TEST_STEP][PASSED] - comment(" product sold out "):  product sold out 

2019-06-25 12:20:02 - [MESSAGE][INFO] -  product sold out 

2019-06-25 12:20:02 - [TEST_STEP][PASSED] - delay(2): Delayed 2 second(s)

2019-06-25 12:20:04 - [MESSAGE][PASSED] - Delayed 2 second(s)

2019-06-25 12:20:04 - [TEST_STEP][PASSED] - click(findTestObject("APOLLO- Desktop/Home page/cart icon open")): Object: 'Object Repository/APOLLO- Desktop/Home page/cart icon open' is clicked on

2019-06-25 12:20:04 - [MESSAGE][PASSED] - Object: 'Object Repository/APOLLO- Desktop/Home page/cart icon open' is clicked on

2019-06-25 12:20:04 - [TEST_STEP][PASSED] - delay(2): Delayed 2 second(s)

2019-06-25 12:20:06 - [MESSAGE][PASSED] - Delayed 2 second(s)

2019-06-25 12:20:06 - [TEST_STEP][PASSED] - click(findTestObject("APOLLO- Desktop/Cart flyout/Checkout")): Object: 'Object Repository/APOLLO- Desktop/Cart flyout/Checkout' is clicked on

2019-06-25 12:20:10 - [MESSAGE][PASSED] - Object: 'Object Repository/APOLLO- Desktop/Cart flyout/Checkout' is clicked on

2019-06-25 12:20:10 - [TEST_STEP][PASSED] - delay(2): Delayed 2 second(s)

2019-06-25 12:20:12 - [MESSAGE][PASSED] - Delayed 2 second(s)

2019-06-25 12:20:12 - [TEST_STEP][PASSED] - callTestCase(findTestCase("CALL- CUSTOMER INFO PAGE"), [:], STOP_ON_FAILURE): Call Test Case 'Test Cases/CALL- CUSTOMER INFO PAGE' successfully

2019-06-25 12:20:12 - [TEST_CASE][PASSED] - Test Cases/CALL- CUSTOMER INFO PAGE: Test Cases/CALL- CUSTOMER INFO PAGE

2019-06-25 12:20:12 - [TEST_STEP][PASSED] - delay(2): Delayed 2 second(s)

2019-06-25 12:20:14 - [MESSAGE][PASSED] - Delayed 2 second(s)

2019-06-25 12:20:14 - [TEST_STEP][NOT_RUN] - executeJavaScript("var previewBar = document.getElementById("preview-bar-iframe"); previewBar.style.display = "none";", []): NOT_RUN: executeJavaScript("var previewBar = document.getElementById("preview-bar-iframe"); previewBar.style.display = "none";", [])

2019-06-25 12:20:14 - [MESSAGE][NOT_RUN] - NOT_RUN: executeJavaScript("var previewBar = document.getElementById("preview-bar-iframe"); previewBar.style.display = "none";", [])

2019-06-25 12:20:14 - [TEST_STEP][PASSED] - setText(findTestObject("APOLLO- Desktop/Customer Information page/Email"), "suman@gmail.com"): Text 'suman@gmail.com' is set on object 'Object Repository/APOLLO- Desktop/Customer Information page/Email'

2019-06-25 12:20:15 - [MESSAGE][PASSED] - Text 'suman@gmail.com' is set on object 'Object Repository/APOLLO- Desktop/Customer Information page/Email'

2019-06-25 12:20:15 - [TEST_STEP][PASSED] - delay(2): Delayed 2 second(s)

2019-06-25 12:20:17 - [MESSAGE][PASSED] - Delayed 2 second(s)

2019-06-25 12:20:17 - [TEST_STEP][PASSED] - setText(findTestObject("APOLLO- Desktop/Customer Information page/First name"), "suman"): Text 'suman' is set on object 'Object Repository/APOLLO- Desktop/Customer Information page/First name'

2019-06-25 12:20:17 - [MESSAGE][PASSED] - Text 'suman' is set on object 'Object Repository/APOLLO- Desktop/Customer Information page/First name'

2019-06-25 12:20:17 - [TEST_STEP][PASSED] - delay(2): Delayed 2 second(s)

2019-06-25 12:20:19 - [MESSAGE][PASSED] - Delayed 2 second(s)

2019-06-25 12:20:19 - [TEST_STEP][PASSED] - setText(findTestObject("APOLLO- Desktop/Customer Information page/Last name"), "kompelly"): Text 'kompelly' is set on object 'Object Repository/APOLLO- Desktop/Customer Information page/Last name'

2019-06-25 12:20:19 - [MESSAGE][PASSED] - Text 'kompelly' is set on object 'Object Repository/APOLLO- Desktop/Customer Information page/Last name'

2019-06-25 12:20:19 - [TEST_STEP][PASSED] - delay(2): Delayed 2 second(s)

2019-06-25 12:20:21 - [MESSAGE][PASSED] - Delayed 2 second(s)

2019-06-25 12:20:21 - [TEST_STEP][PASSED] - setText(findTestObject("APOLLO- Desktop/Customer Information page/Address"), "1435 st alxendre"): Text '1435 st alxendre' is set on object 'Object Repository/APOLLO- Desktop/Customer Information page/Address'

2019-06-25 12:20:21 - [MESSAGE][PASSED] - Text '1435 st alxendre' is set on object 'Object Repository/APOLLO- Desktop/Customer Information page/Address'

2019-06-25 12:20:21 - [TEST_STEP][PASSED] - setText(findTestObject("APOLLO- Desktop/Customer Information page/Apartment"), "220"): Text '220' is set on object 'Object Repository/APOLLO- Desktop/Customer Information page/Apartment'

2019-06-25 12:20:21 - [MESSAGE][PASSED] - Text '220' is set on object 'Object Repository/APOLLO- Desktop/Customer Information page/Apartment'

2019-06-25 12:20:21 - [TEST_STEP][PASSED] - setText(findTestObject("APOLLO- Desktop/Customer Information page/City"), "montreal"): Text 'montreal' is set on object 'Object Repository/APOLLO- Desktop/Customer Information page/City'

2019-06-25 12:20:22 - [MESSAGE][PASSED] - Text 'montreal' is set on object 'Object Repository/APOLLO- Desktop/Customer Information page/City'

2019-06-25 12:20:22 - [TEST_STEP][PASSED] - selectOptionByValue(findTestObject("APOLLO- Desktop/Customer Information page/Country dropdown"), "United States", true): All options with value 'United States' are selected in object 'Object Repository/APOLLO- Desktop/Customer Information page/Country dropdown'  using regular expression

2019-06-25 12:20:25 - [MESSAGE][PASSED] - All options with value 'United States' are selected in object 'Object Repository/APOLLO- Desktop/Customer Information page/Country dropdown'  using regular expression

2019-06-25 12:20:25 - [TEST_STEP][PASSED] - selectOptionByValue(findTestObject("APOLLO- Desktop/Customer Information page/states dropdown"), "NJ", true): All options with value 'NJ' are selected in object 'Object Repository/APOLLO- Desktop/Customer Information page/states dropdown'  using regular expression

2019-06-25 12:20:25 - [MESSAGE][PASSED] - All options with value 'NJ' are selected in object 'Object Repository/APOLLO- Desktop/Customer Information page/states dropdown'  using regular expression

2019-06-25 12:20:25 - [TEST_STEP][PASSED] - setText(findTestObject("APOLLO- Desktop/Customer Information page/ZIP code"), "07057"): Text '07057' is set on object 'Object Repository/APOLLO- Desktop/Customer Information page/ZIP code'

2019-06-25 12:20:26 - [MESSAGE][PASSED] - Text '07057' is set on object 'Object Repository/APOLLO- Desktop/Customer Information page/ZIP code'

2019-06-25 12:20:26 - [MESSAGE][PASSED] - Call Test Case 'Test Cases/CALL- CUSTOMER INFO PAGE' successfully

2019-06-25 12:20:26 - [TEST_STEP][PASSED] - delay(2): Delayed 2 second(s)

2019-06-25 12:20:28 - [MESSAGE][PASSED] - Delayed 2 second(s)

2019-06-25 12:20:28 - [TEST_STEP][FAILED] - callTestCase(findTestCase("CALL - SHIPPING TO PAYMENT"), [:], STOP_ON_FAILURE): callTestCase(findTestCase("CALL - SHIPPING TO PAYMENT"), [:], STOP_ON_FAILURE) FAILED.
Reason:
com.kms.katalon.core.exception.StepFailedException: Object 'Object Repository/APOLLO- Desktop/Product page/Add to bag' is NOT clickable
	at com.kms.katalon.core.keyword.internal.KeywordMain.stepFailed(KeywordMain.groovy:32)
	at com.kms.katalon.core.webui.keyword.internal.WebUIKeywordMain.stepFailed(WebUIKeywordMain.groovy:65)
	at com.kms.katalon.core.webui.keyword.builtin.VerifyElementClickableKeyword$_verifyElementClickable_closure1.doCall(VerifyElementClickableKeyword.groovy:83)
	at com.kms.katalon.core.webui.keyword.builtin.VerifyElementClickableKeyword$_verifyElementClickable_closure1.call(VerifyElementClickableKeyword.groovy)
	at com.kms.katalon.core.webui.keyword.internal.WebUIKeywordMain.runKeyword(WebUIKeywordMain.groovy:21)
	at com.kms.katalon.core.webui.keyword.builtin.VerifyElementClickableKeyword.verifyElementClickable(VerifyElementClickableKeyword.groovy:96)
	at com.kms.katalon.core.webui.keyword.builtin.VerifyElementClickableKeyword.execute(VerifyElementClickableKeyword.groovy:67)
	at com.kms.katalon.core.keyword.internal.KeywordExecutor.executeKeywordForPlatform(KeywordExecutor.groovy:53)
	at com.kms.katalon.core.webui.keyword.WebUiBuiltInKeywords.verifyElementClickable(WebUiBuiltInKeywords.groovy:548)
	at com.kms.katalon.core.webui.keyword.WebUiBuiltInKeywords$verifyElementClickable$16.call(Unknown Source)
	at Home page - add to bag CTA.run(Home page - add to bag CTA:116)
	at com.kms.katalon.core.main.ScriptEngine.run(ScriptEngine.java:194)
	at com.kms.katalon.core.main.ScriptEngine.runScriptAsRawText(ScriptEngine.java:119)
	at com.kms.katalon.core.main.TestCaseExecutor.runScript(TestCaseExecutor.java:328)
	at com.kms.katalon.core.main.TestCaseExecutor.doExecute(TestCaseExecutor.java:319)
	at com.kms.katalon.core.main.TestCaseExecutor.processExecutionPhase(TestCaseExecutor.java:298)
	at com.kms.katalon.core.main.TestCaseExecutor.accessMainPhase(TestCaseExecutor.java:290)
	at com.kms.katalon.core.main.TestCaseExecutor.execute(TestCaseExecutor.java:224)
	at com.kms.katalon.core.main.TestSuiteExecutor.accessTestCaseMainPhase(TestSuiteExecutor.java:129)
	at com.kms.katalon.core.main.TestSuiteExecutor.accessTestSuiteMainPhase(TestSuiteExecutor.java:112)
	at com.kms.katalon.core.main.TestSuiteExecutor.execute(TestSuiteExecutor.java:81)
	at com.kms.katalon.core.main.TestCaseMain.startTestSuite(TestCaseMain.java:149)
	at com.kms.katalon.core.main.TestCaseMain$startTestSuite$0.call(Unknown Source)
	at TempTestSuite1561478401383.run(TempTestSuite1561478401383.groovy:36)


2019-06-25 12:20:28 - [TEST_CASE][PASSED] - Test Cases/CALL - SHIPPING TO PAYMENT: Test Cases/CALL - SHIPPING TO PAYMENT

2019-06-25 12:20:28 - [TEST_STEP][PASSED] - click(findTestObject("APOLLO- Desktop/Customer Information page/Continue to shipping")): Object: 'Object Repository/APOLLO- Desktop/Customer Information page/Continue to shipping' is clicked on

2019-06-25 12:20:29 - [MESSAGE][PASSED] - Object: 'Object Repository/APOLLO- Desktop/Customer Information page/Continue to shipping' is clicked on

2019-06-25 12:20:29 - [TEST_STEP][NOT_RUN] - executeJavaScript("var previewBar = document.getElementById("preview-bar-iframe"); previewBar.style.display = "none";", []): NOT_RUN: executeJavaScript("var previewBar = document.getElementById("preview-bar-iframe"); previewBar.style.display = "none";", [])

2019-06-25 12:20:29 - [MESSAGE][NOT_RUN] - NOT_RUN: executeJavaScript("var previewBar = document.getElementById("preview-bar-iframe"); previewBar.style.display = "none";", [])

2019-06-25 12:20:29 - [TEST_STEP][PASSED] - click(findTestObject("APOLLO- Desktop/Shipping page/Radio button check")): Object: 'Object Repository/APOLLO- Desktop/Shipping page/Radio button check' is clicked on

2019-06-25 12:20:31 - [MESSAGE][PASSED] - Object: 'Object Repository/APOLLO- Desktop/Shipping page/Radio button check' is clicked on

2019-06-25 12:20:31 - [TEST_STEP][NOT_RUN] - executeJavaScript("var previewBar = document.getElementById("preview-bar-iframe"); previewBar.style.display = "none";", []): NOT_RUN: executeJavaScript("var previewBar = document.getElementById("preview-bar-iframe"); previewBar.style.display = "none";", [])

2019-06-25 12:20:31 - [MESSAGE][NOT_RUN] - NOT_RUN: executeJavaScript("var previewBar = document.getElementById("preview-bar-iframe"); previewBar.style.display = "none";", [])

2019-06-25 12:20:31 - [TEST_STEP][PASSED] - click(findTestObject("APOLLO- Desktop/Shipping page/Continue to payment")): Object: 'Object Repository/APOLLO- Desktop/Shipping page/Continue to payment' is clicked on

2019-06-25 12:20:33 - [MESSAGE][PASSED] - Object: 'Object Repository/APOLLO- Desktop/Shipping page/Continue to payment' is clicked on

2019-06-25 12:20:33 - [TEST_STEP][NOT_RUN] - executeJavaScript("var previewBar = document.getElementById("preview-bar-iframe"); previewBar.style.display = "none";", []): NOT_RUN: executeJavaScript("var previewBar = document.getElementById("preview-bar-iframe"); previewBar.style.display = "none";", [])

2019-06-25 12:20:33 - [MESSAGE][NOT_RUN] - NOT_RUN: executeJavaScript("var previewBar = document.getElementById("preview-bar-iframe"); previewBar.style.display = "none";", [])

2019-06-25 12:20:33 - [TEST_STEP][PASSED] - click(findTestObject("APOLLO- Desktop/payment page/Payment section")): Object: 'Object Repository/APOLLO- Desktop/payment page/Payment section' is clicked on

2019-06-25 12:20:33 - [MESSAGE][PASSED] - Object: 'Object Repository/APOLLO- Desktop/payment page/Payment section' is clicked on

2019-06-25 12:20:33 - [MESSAGE][PASSED] - Call Test Case 'Test Cases/CALL - SHIPPING TO PAYMENT' successfully

2019-06-25 12:20:33 - [MESSAGE][FAILED] - callTestCase(findTestCase("CALL - SHIPPING TO PAYMENT"), [:], STOP_ON_FAILURE) FAILED.
Reason:
com.kms.katalon.core.exception.StepFailedException: Object 'Object Repository/APOLLO- Desktop/Product page/Add to bag' is NOT clickable
	at com.kms.katalon.core.keyword.internal.KeywordMain.stepFailed(KeywordMain.groovy:32)
	at com.kms.katalon.core.webui.keyword.internal.WebUIKeywordMain.stepFailed(WebUIKeywordMain.groovy:65)
	at com.kms.katalon.core.webui.keyword.builtin.VerifyElementClickableKeyword$_verifyElementClickable_closure1.doCall(VerifyElementClickableKeyword.groovy:83)
	at com.kms.katalon.core.webui.keyword.builtin.VerifyElementClickableKeyword$_verifyElementClickable_closure1.call(VerifyElementClickableKeyword.groovy)
	at com.kms.katalon.core.webui.keyword.internal.WebUIKeywordMain.runKeyword(WebUIKeywordMain.groovy:21)
	at com.kms.katalon.core.webui.keyword.builtin.VerifyElementClickableKeyword.verifyElementClickable(VerifyElementClickableKeyword.groovy:96)
	at com.kms.katalon.core.webui.keyword.builtin.VerifyElementClickableKeyword.execute(VerifyElementClickableKeyword.groovy:67)
	at com.kms.katalon.core.keyword.internal.KeywordExecutor.executeKeywordForPlatform(KeywordExecutor.groovy:53)
	at com.kms.katalon.core.webui.keyword.WebUiBuiltInKeywords.verifyElementClickable(WebUiBuiltInKeywords.groovy:548)
	at com.kms.katalon.core.webui.keyword.WebUiBuiltInKeywords$verifyElementClickable$16.call(Unknown Source)
	at Home page - add to bag CTA.run(Home page - add to bag CTA:116)
	at com.kms.katalon.core.main.ScriptEngine.run(ScriptEngine.java:194)
	at com.kms.katalon.core.main.ScriptEngine.runScriptAsRawText(ScriptEngine.java:119)
	at com.kms.katalon.core.main.TestCaseExecutor.runScript(TestCaseExecutor.java:328)
	at com.kms.katalon.core.main.TestCaseExecutor.doExecute(TestCaseExecutor.java:319)
	at com.kms.katalon.core.main.TestCaseExecutor.processExecutionPhase(TestCaseExecutor.java:298)
	at com.kms.katalon.core.main.TestCaseExecutor.accessMainPhase(TestCaseExecutor.java:290)
	at com.kms.katalon.core.main.TestCaseExecutor.execute(TestCaseExecutor.java:224)
	at com.kms.katalon.core.main.TestSuiteExecutor.accessTestCaseMainPhase(TestSuiteExecutor.java:129)
	at com.kms.katalon.core.main.TestSuiteExecutor.accessTestSuiteMainPhase(TestSuiteExecutor.java:112)
	at com.kms.katalon.core.main.TestSuiteExecutor.execute(TestSuiteExecutor.java:81)
	at com.kms.katalon.core.main.TestCaseMain.startTestSuite(TestCaseMain.java:149)
	at com.kms.katalon.core.main.TestCaseMain$startTestSuite$0.call(Unknown Source)
	at TempTestSuite1561478401383.run(TempTestSuite1561478401383.groovy:36)]]></system-out>
         <system-err><![CDATA[2019-06-25 12:19:44 - [TEST_CASE][FAILED] - Test Cases/CRITICAL PATH/Home page - add to bag CTA: Test Cases/CRITICAL PATH/Home page - add to bag CTA FAILED.
Reason:
com.kms.katalon.core.exception.StepFailedException: Object 'Object Repository/APOLLO- Desktop/Product page/Add to bag' is NOT clickable
	at com.kms.katalon.core.keyword.internal.KeywordMain.stepFailed(KeywordMain.groovy:32)
	at com.kms.katalon.core.webui.keyword.internal.WebUIKeywordMain.stepFailed(WebUIKeywordMain.groovy:65)
	at com.kms.katalon.core.webui.keyword.builtin.VerifyElementClickableKeyword$_verifyElementClickable_closure1.doCall(VerifyElementClickableKeyword.groovy:83)
	at com.kms.katalon.core.webui.keyword.builtin.VerifyElementClickableKeyword$_verifyElementClickable_closure1.call(VerifyElementClickableKeyword.groovy)
	at com.kms.katalon.core.webui.keyword.internal.WebUIKeywordMain.runKeyword(WebUIKeywordMain.groovy:21)
	at com.kms.katalon.core.webui.keyword.builtin.VerifyElementClickableKeyword.verifyElementClickable(VerifyElementClickableKeyword.groovy:96)
	at com.kms.katalon.core.webui.keyword.builtin.VerifyElementClickableKeyword.execute(VerifyElementClickableKeyword.groovy:67)
	at com.kms.katalon.core.keyword.internal.KeywordExecutor.executeKeywordForPlatform(KeywordExecutor.groovy:53)
	at com.kms.katalon.core.webui.keyword.WebUiBuiltInKeywords.verifyElementClickable(WebUiBuiltInKeywords.groovy:548)
	at com.kms.katalon.core.webui.keyword.WebUiBuiltInKeywords$verifyElementClickable$16.call(Unknown Source)
	at Home page - add to bag CTA.run(Home page - add to bag CTA:116)
	at com.kms.katalon.core.main.ScriptEngine.run(ScriptEngine.java:194)
	at com.kms.katalon.core.main.ScriptEngine.runScriptAsRawText(ScriptEngine.java:119)
	at com.kms.katalon.core.main.TestCaseExecutor.runScript(TestCaseExecutor.java:328)
	at com.kms.katalon.core.main.TestCaseExecutor.doExecute(TestCaseExecutor.java:319)
	at com.kms.katalon.core.main.TestCaseExecutor.processExecutionPhase(TestCaseExecutor.java:298)
	at com.kms.katalon.core.main.TestCaseExecutor.accessMainPhase(TestCaseExecutor.java:290)
	at com.kms.katalon.core.main.TestCaseExecutor.execute(TestCaseExecutor.java:224)
	at com.kms.katalon.core.main.TestSuiteExecutor.accessTestCaseMainPhase(TestSuiteExecutor.java:129)
	at com.kms.katalon.core.main.TestSuiteExecutor.accessTestSuiteMainPhase(TestSuiteExecutor.java:112)
	at com.kms.katalon.core.main.TestSuiteExecutor.execute(TestSuiteExecutor.java:81)
	at com.kms.katalon.core.main.TestCaseMain.startTestSuite(TestCaseMain.java:149)
	at com.kms.katalon.core.main.TestCaseMain$startTestSuite$0.call(Unknown Source)
	at TempTestSuite1561478401383.run(TempTestSuite1561478401383.groovy:36)]]></system-err>
      </testcase>
      <testcase name="Test Cases/CRITICAL PATH/Increase quantity - cart page" classname="Test Cases/CRITICAL PATH/Increase quantity - cart page" status="PASSED">
         <system-out><![CDATA[2019-06-25 12:20:33 - [TEST_CASE][PASSED] - Test Cases/CRITICAL PATH/Increase quantity - cart page: Test Cases/CRITICAL PATH/Increase quantity - cart page

2019-06-25 12:20:33 - [TEST_STEP][PASSED] - callTestCase(findTestCase("CALL - URL"), [:], STOP_ON_FAILURE): Call Test Case 'Test Cases/CALL - URL' successfully

2019-06-25 12:20:33 - [TEST_CASE][PASSED] - Test Cases/CALL - URL: Test Cases/CALL - URL

2019-06-25 12:20:33 - [TEST_STEP][PASSED] - openBrowser(""): Browser is opened with url: ''

2019-06-25 12:20:33 - [MESSAGE][WARNING] - A browser is already opened. Closing browser and opening a new one

2019-06-25 12:20:34 - [MESSAGE][INFO] - Starting 'Chrome' driver

2019-06-25 12:20:35 - [MESSAGE][PASSED] - Browser is opened with url: ''

2019-06-25 12:20:35 - [TEST_STEP][PASSED] - navigateToUrl("https://diff-apollo.myshopify.com/?key=eec34184cfd8f82cda816f82753a8c8e9e240f30cf54470e19667b8cbb401948&preview_theme_id="): Navigate to 'https://diff-apollo.myshopify.com/?key=eec34184cfd8f82cda816f82753a8c8e9e240f30cf54470e19667b8cbb401948&preview_theme_id=' successfully

2019-06-25 12:20:37 - [MESSAGE][PASSED] - Navigate to 'https://diff-apollo.myshopify.com/?key=eec34184cfd8f82cda816f82753a8c8e9e240f30cf54470e19667b8cbb401948&preview_theme_id=' successfully

2019-06-25 12:20:37 - [TEST_STEP][NOT_RUN] - executeJavaScript("var previewBar = document.getElementById("preview-bar-iframe"); previewBar.style.display = "none";", []): NOT_RUN: executeJavaScript("var previewBar = document.getElementById("preview-bar-iframe"); previewBar.style.display = "none";", [])

2019-06-25 12:20:37 - [MESSAGE][NOT_RUN] - NOT_RUN: executeJavaScript("var previewBar = document.getElementById("preview-bar-iframe"); previewBar.style.display = "none";", [])

2019-06-25 12:20:37 - [MESSAGE][PASSED] - Call Test Case 'Test Cases/CALL - URL' successfully

2019-06-25 12:20:37 - [TEST_STEP][PASSED] - delay(1): Delayed 1 second(s)

2019-06-25 12:20:38 - [MESSAGE][PASSED] - Delayed 1 second(s)

2019-06-25 12:20:38 - [TEST_STEP][PASSED] - click(findTestObject("APOLLO- Desktop/Burger Menu/Burgermenu")): Object: 'Object Repository/APOLLO- Desktop/Burger Menu/Burgermenu' is clicked on

2019-06-25 12:20:38 - [MESSAGE][PASSED] - Object: 'Object Repository/APOLLO- Desktop/Burger Menu/Burgermenu' is clicked on

2019-06-25 12:20:38 - [TEST_STEP][PASSED] - delay(2): Delayed 2 second(s)

2019-06-25 12:20:40 - [MESSAGE][PASSED] - Delayed 2 second(s)

2019-06-25 12:20:40 - [TEST_STEP][PASSED] - click(findTestObject("APOLLO- Desktop/Burger Menu/Mens chevron")): Object: 'Object Repository/APOLLO- Desktop/Burger Menu/Mens chevron' is clicked on

2019-06-25 12:20:40 - [MESSAGE][PASSED] - Object: 'Object Repository/APOLLO- Desktop/Burger Menu/Mens chevron' is clicked on

2019-06-25 12:20:40 - [TEST_STEP][PASSED] - delay(2): Delayed 2 second(s)

2019-06-25 12:20:42 - [MESSAGE][PASSED] - Delayed 2 second(s)

2019-06-25 12:20:42 - [TEST_STEP][PASSED] - click(findTestObject("APOLLO- Desktop/Burger Menu/Mens - Top Chevron")): Object: 'Object Repository/APOLLO- Desktop/Burger Menu/Mens - Top Chevron' is clicked on

2019-06-25 12:20:43 - [MESSAGE][PASSED] - Object: 'Object Repository/APOLLO- Desktop/Burger Menu/Mens - Top Chevron' is clicked on

2019-06-25 12:20:43 - [TEST_STEP][PASSED] - delay(2): Delayed 2 second(s)

2019-06-25 12:20:45 - [MESSAGE][PASSED] - Delayed 2 second(s)

2019-06-25 12:20:45 - [TEST_STEP][PASSED] - click(findTestObject("APOLLO- Desktop/Burger Menu/Shirts link")): Object: 'Object Repository/APOLLO- Desktop/Burger Menu/Shirts link' is clicked on

2019-06-25 12:20:46 - [MESSAGE][PASSED] - Object: 'Object Repository/APOLLO- Desktop/Burger Menu/Shirts link' is clicked on

2019-06-25 12:20:46 - [TEST_STEP][NOT_RUN] - executeJavaScript("var previewBar = document.getElementById("preview-bar-iframe"); previewBar.style.display = "none";", []): NOT_RUN: executeJavaScript("var previewBar = document.getElementById("preview-bar-iframe"); previewBar.style.display = "none";", [])

2019-06-25 12:20:46 - [MESSAGE][NOT_RUN] - NOT_RUN: executeJavaScript("var previewBar = document.getElementById("preview-bar-iframe"); previewBar.style.display = "none";", [])

2019-06-25 12:20:46 - [TEST_STEP][PASSED] - delay(2): Delayed 2 second(s)

2019-06-25 12:20:48 - [MESSAGE][PASSED] - Delayed 2 second(s)

2019-06-25 12:20:48 - [TEST_STEP][PASSED] - click(findTestObject("APOLLO- Desktop/Collection page/Blue shirt product")): Object: 'Object Repository/APOLLO- Desktop/Collection page/Blue shirt product' is clicked on

2019-06-25 12:20:49 - [MESSAGE][PASSED] - Object: 'Object Repository/APOLLO- Desktop/Collection page/Blue shirt product' is clicked on

2019-06-25 12:20:49 - [TEST_STEP][PASSED] - delay(2): Delayed 2 second(s)

2019-06-25 12:20:51 - [MESSAGE][PASSED] - Delayed 2 second(s)

2019-06-25 12:20:51 - [TEST_STEP][PASSED] - selectOptionByValue(findTestObject("APOLLO- Desktop/Product page/Size dropdown"), "Medium", true): All options with value 'Medium' are selected in object 'Object Repository/APOLLO- Desktop/Product page/Size dropdown'  using regular expression

2019-06-25 12:20:51 - [MESSAGE][PASSED] - All options with value 'Medium' are selected in object 'Object Repository/APOLLO- Desktop/Product page/Size dropdown'  using regular expression

2019-06-25 12:20:51 - [TEST_STEP][PASSED] - delay(2): Delayed 2 second(s)

2019-06-25 12:20:53 - [MESSAGE][PASSED] - Delayed 2 second(s)

2019-06-25 12:20:53 - [TEST_STEP][PASSED] - click(findTestObject("APOLLO- Desktop/Product page/Add to bag")): Object: 'Object Repository/APOLLO- Desktop/Product page/Add to bag' is clicked on

2019-06-25 12:20:53 - [MESSAGE][PASSED] - Object: 'Object Repository/APOLLO- Desktop/Product page/Add to bag' is clicked on

2019-06-25 12:20:53 - [TEST_STEP][PASSED] - delay(2): Delayed 2 second(s)

2019-06-25 12:20:55 - [MESSAGE][PASSED] - Delayed 2 second(s)

2019-06-25 12:20:55 - [TEST_STEP][PASSED] - click(findTestObject("APOLLO- Desktop/Cart flyout/Checkout")): Object: 'Object Repository/APOLLO- Desktop/Cart flyout/Checkout' is clicked on

2019-06-25 12:20:56 - [MESSAGE][PASSED] - Object: 'Object Repository/APOLLO- Desktop/Cart flyout/Checkout' is clicked on

2019-06-25 12:20:56 - [TEST_STEP][PASSED] - delay(2): Delayed 2 second(s)

2019-06-25 12:20:58 - [MESSAGE][PASSED] - Delayed 2 second(s)

2019-06-25 12:20:58 - [TEST_STEP][PASSED] - click(findTestObject("APOLLO- Desktop/Customer Information page/Cart page breadcrumb")): Object: 'Object Repository/APOLLO- Desktop/Customer Information page/Cart page breadcrumb' is clicked on

2019-06-25 12:21:01 - [MESSAGE][PASSED] - Object: 'Object Repository/APOLLO- Desktop/Customer Information page/Cart page breadcrumb' is clicked on

2019-06-25 12:21:01 - [TEST_STEP][PASSED] - delay(2): Delayed 2 second(s)

2019-06-25 12:21:03 - [MESSAGE][PASSED] - Delayed 2 second(s)

2019-06-25 12:21:03 - [TEST_STEP][PASSED] - a = getText(findTestObject("APOLLO- Desktop/Cart page/Subtotal in cart page")): Text of object 'Object Repository/APOLLO- Desktop/Cart page/Subtotal in cart page' is: '$30.00'

2019-06-25 12:21:03 - [MESSAGE][PASSED] - Text of object 'Object Repository/APOLLO- Desktop/Cart page/Subtotal in cart page' is: '$30.00'

2019-06-25 12:21:03 - [TEST_STEP][PASSED] - comment("a=" + a): a=$30.00

2019-06-25 12:21:03 - [MESSAGE][INFO] - a=$30.00

2019-06-25 12:21:03 - [TEST_STEP][PASSED] - delay(2): Delayed 2 second(s)

2019-06-25 12:21:05 - [MESSAGE][PASSED] - Delayed 2 second(s)

2019-06-25 12:21:05 - [TEST_STEP][PASSED] - click(findTestObject("APOLLO- Desktop/Cart page/Increase quantity - cart page")): Object: 'Object Repository/APOLLO- Desktop/Cart page/Increase quantity - cart page' is clicked on

2019-06-25 12:21:05 - [MESSAGE][PASSED] - Object: 'Object Repository/APOLLO- Desktop/Cart page/Increase quantity - cart page' is clicked on

2019-06-25 12:21:05 - [TEST_STEP][PASSED] - delay(2): Delayed 2 second(s)

2019-06-25 12:21:07 - [MESSAGE][PASSED] - Delayed 2 second(s)

2019-06-25 12:21:07 - [TEST_STEP][PASSED] - click(findTestObject("APOLLO- Desktop/Cart page/Increase quantity - cart page")): Object: 'Object Repository/APOLLO- Desktop/Cart page/Increase quantity - cart page' is clicked on

2019-06-25 12:21:07 - [MESSAGE][PASSED] - Object: 'Object Repository/APOLLO- Desktop/Cart page/Increase quantity - cart page' is clicked on

2019-06-25 12:21:07 - [TEST_STEP][PASSED] - delay(2): Delayed 2 second(s)

2019-06-25 12:21:09 - [MESSAGE][PASSED] - Delayed 2 second(s)

2019-06-25 12:21:09 - [TEST_STEP][PASSED] - setText(findTestObject("APOLLO- Desktop/Cart flyout/CArt quanty update"), "3"): Text '3' is set on object 'Object Repository/APOLLO- Desktop/Cart flyout/CArt quanty update'

2019-06-25 12:21:09 - [MESSAGE][PASSED] - Text '3' is set on object 'Object Repository/APOLLO- Desktop/Cart flyout/CArt quanty update'

2019-06-25 12:21:09 - [TEST_STEP][PASSED] - delay(2): Delayed 2 second(s)

2019-06-25 12:21:11 - [MESSAGE][PASSED] - Delayed 2 second(s)

2019-06-25 12:21:11 - [TEST_STEP][PASSED] - click(findTestObject("APOLLO- Desktop/Cart page/Click outside the page")): Object: 'Object Repository/APOLLO- Desktop/Cart page/Click outside the page' is clicked on

2019-06-25 12:21:11 - [MESSAGE][PASSED] - Object: 'Object Repository/APOLLO- Desktop/Cart page/Click outside the page' is clicked on

2019-06-25 12:21:11 - [TEST_STEP][PASSED] - delay(2): Delayed 2 second(s)

2019-06-25 12:21:13 - [MESSAGE][PASSED] - Delayed 2 second(s)

2019-06-25 12:21:13 - [TEST_STEP][PASSED] - b = getText(findTestObject("APOLLO- Desktop/Cart page/Subtotal in cart page")): Text of object 'Object Repository/APOLLO- Desktop/Cart page/Subtotal in cart page' is: '$60.00'

2019-06-25 12:21:13 - [MESSAGE][PASSED] - Text of object 'Object Repository/APOLLO- Desktop/Cart page/Subtotal in cart page' is: '$60.00'

2019-06-25 12:21:13 - [TEST_STEP][PASSED] - comment("b=" + b): b=$60.00

2019-06-25 12:21:13 - [MESSAGE][INFO] - b=$60.00

2019-06-25 12:21:13 - [TEST_STEP][PASSED] - flag = verifyNotEqual("a", "b"): Actual object 'a' and expected object 'b' are not equal

2019-06-25 12:21:13 - [MESSAGE][PASSED] - Actual object 'a' and expected object 'b' are not equal

2019-06-25 12:21:13 - [TEST_STEP][PASSED] - if (flag == true): Quantity selector working

2019-06-25 12:21:13 - [TEST_STEP][PASSED] - comment("Quantity selector working"): Quantity selector working

2019-06-25 12:21:13 - [MESSAGE][INFO] - Quantity selector working

2019-06-25 12:21:13 - [TEST_STEP][PASSED] - delay(2): Delayed 2 second(s)

2019-06-25 12:21:15 - [MESSAGE][PASSED] - Delayed 2 second(s)

2019-06-25 12:21:15 - [TEST_STEP][NOT_RUN] - executeJavaScript("var previewBar = document.getElementById("preview-bar-iframe"); previewBar.style.display = "none";", []): NOT_RUN: executeJavaScript("var previewBar = document.getElementById("preview-bar-iframe"); previewBar.style.display = "none";", [])

2019-06-25 12:21:15 - [MESSAGE][NOT_RUN] - NOT_RUN: executeJavaScript("var previewBar = document.getElementById("preview-bar-iframe"); previewBar.style.display = "none";", [])

2019-06-25 12:21:15 - [TEST_STEP][PASSED] - delay(2): Delayed 2 second(s)

2019-06-25 12:21:17 - [MESSAGE][PASSED] - Delayed 2 second(s)

2019-06-25 12:21:17 - [TEST_STEP][PASSED] - click(findTestObject("APOLLO- Desktop/Cart flyout/Checkout")): Object: 'Object Repository/APOLLO- Desktop/Cart flyout/Checkout' is clicked on

2019-06-25 12:21:19 - [MESSAGE][PASSED] - Object: 'Object Repository/APOLLO- Desktop/Cart flyout/Checkout' is clicked on

2019-06-25 12:21:19 - [TEST_STEP][PASSED] - delay(2): Delayed 2 second(s)

2019-06-25 12:21:21 - [MESSAGE][PASSED] - Delayed 2 second(s)

2019-06-25 12:21:21 - [TEST_STEP][PASSED] - callTestCase(findTestCase("CALL- CUSTOMER INFO PAGE"), [:], STOP_ON_FAILURE): Call Test Case 'Test Cases/CALL- CUSTOMER INFO PAGE' successfully

2019-06-25 12:21:21 - [TEST_CASE][PASSED] - Test Cases/CALL- CUSTOMER INFO PAGE: Test Cases/CALL- CUSTOMER INFO PAGE

2019-06-25 12:21:21 - [TEST_STEP][PASSED] - delay(2): Delayed 2 second(s)

2019-06-25 12:21:23 - [MESSAGE][PASSED] - Delayed 2 second(s)

2019-06-25 12:21:23 - [TEST_STEP][NOT_RUN] - executeJavaScript("var previewBar = document.getElementById("preview-bar-iframe"); previewBar.style.display = "none";", []): NOT_RUN: executeJavaScript("var previewBar = document.getElementById("preview-bar-iframe"); previewBar.style.display = "none";", [])

2019-06-25 12:21:23 - [MESSAGE][NOT_RUN] - NOT_RUN: executeJavaScript("var previewBar = document.getElementById("preview-bar-iframe"); previewBar.style.display = "none";", [])

2019-06-25 12:21:23 - [TEST_STEP][PASSED] - setText(findTestObject("APOLLO- Desktop/Customer Information page/Email"), "suman@gmail.com"): Text 'suman@gmail.com' is set on object 'Object Repository/APOLLO- Desktop/Customer Information page/Email'

2019-06-25 12:21:23 - [MESSAGE][PASSED] - Text 'suman@gmail.com' is set on object 'Object Repository/APOLLO- Desktop/Customer Information page/Email'

2019-06-25 12:21:23 - [TEST_STEP][PASSED] - delay(2): Delayed 2 second(s)

2019-06-25 12:21:25 - [MESSAGE][PASSED] - Delayed 2 second(s)

2019-06-25 12:21:25 - [TEST_STEP][PASSED] - setText(findTestObject("APOLLO- Desktop/Customer Information page/First name"), "suman"): Text 'suman' is set on object 'Object Repository/APOLLO- Desktop/Customer Information page/First name'

2019-06-25 12:21:25 - [MESSAGE][PASSED] - Text 'suman' is set on object 'Object Repository/APOLLO- Desktop/Customer Information page/First name'

2019-06-25 12:21:25 - [TEST_STEP][PASSED] - delay(2): Delayed 2 second(s)

2019-06-25 12:21:27 - [MESSAGE][PASSED] - Delayed 2 second(s)

2019-06-25 12:21:27 - [TEST_STEP][PASSED] - setText(findTestObject("APOLLO- Desktop/Customer Information page/Last name"), "kompelly"): Text 'kompelly' is set on object 'Object Repository/APOLLO- Desktop/Customer Information page/Last name'

2019-06-25 12:21:28 - [MESSAGE][PASSED] - Text 'kompelly' is set on object 'Object Repository/APOLLO- Desktop/Customer Information page/Last name'

2019-06-25 12:21:28 - [TEST_STEP][PASSED] - delay(2): Delayed 2 second(s)

2019-06-25 12:21:30 - [MESSAGE][PASSED] - Delayed 2 second(s)

2019-06-25 12:21:30 - [TEST_STEP][PASSED] - setText(findTestObject("APOLLO- Desktop/Customer Information page/Address"), "1435 st alxendre"): Text '1435 st alxendre' is set on object 'Object Repository/APOLLO- Desktop/Customer Information page/Address'

2019-06-25 12:21:30 - [MESSAGE][PASSED] - Text '1435 st alxendre' is set on object 'Object Repository/APOLLO- Desktop/Customer Information page/Address'

2019-06-25 12:21:30 - [TEST_STEP][PASSED] - setText(findTestObject("APOLLO- Desktop/Customer Information page/Apartment"), "220"): Text '220' is set on object 'Object Repository/APOLLO- Desktop/Customer Information page/Apartment'

2019-06-25 12:21:30 - [MESSAGE][PASSED] - Text '220' is set on object 'Object Repository/APOLLO- Desktop/Customer Information page/Apartment'

2019-06-25 12:21:30 - [TEST_STEP][PASSED] - setText(findTestObject("APOLLO- Desktop/Customer Information page/City"), "montreal"): Text 'montreal' is set on object 'Object Repository/APOLLO- Desktop/Customer Information page/City'

2019-06-25 12:21:30 - [MESSAGE][PASSED] - Text 'montreal' is set on object 'Object Repository/APOLLO- Desktop/Customer Information page/City'

2019-06-25 12:21:30 - [TEST_STEP][PASSED] - selectOptionByValue(findTestObject("APOLLO- Desktop/Customer Information page/Country dropdown"), "United States", true): All options with value 'United States' are selected in object 'Object Repository/APOLLO- Desktop/Customer Information page/Country dropdown'  using regular expression

2019-06-25 12:21:33 - [MESSAGE][PASSED] - All options with value 'United States' are selected in object 'Object Repository/APOLLO- Desktop/Customer Information page/Country dropdown'  using regular expression

2019-06-25 12:21:33 - [TEST_STEP][PASSED] - selectOptionByValue(findTestObject("APOLLO- Desktop/Customer Information page/states dropdown"), "NJ", true): All options with value 'NJ' are selected in object 'Object Repository/APOLLO- Desktop/Customer Information page/states dropdown'  using regular expression

2019-06-25 12:21:34 - [MESSAGE][PASSED] - All options with value 'NJ' are selected in object 'Object Repository/APOLLO- Desktop/Customer Information page/states dropdown'  using regular expression

2019-06-25 12:21:34 - [TEST_STEP][PASSED] - setText(findTestObject("APOLLO- Desktop/Customer Information page/ZIP code"), "07057"): Text '07057' is set on object 'Object Repository/APOLLO- Desktop/Customer Information page/ZIP code'

2019-06-25 12:21:34 - [MESSAGE][PASSED] - Text '07057' is set on object 'Object Repository/APOLLO- Desktop/Customer Information page/ZIP code'

2019-06-25 12:21:34 - [MESSAGE][PASSED] - Call Test Case 'Test Cases/CALL- CUSTOMER INFO PAGE' successfully

2019-06-25 12:21:34 - [TEST_STEP][PASSED] - delay(2): Delayed 2 second(s)

2019-06-25 12:21:36 - [MESSAGE][PASSED] - Delayed 2 second(s)

2019-06-25 12:21:36 - [TEST_STEP][NOT_RUN] - executeJavaScript("var previewBar = document.getElementById("preview-bar-iframe"); previewBar.style.display = "none";", []): NOT_RUN: executeJavaScript("var previewBar = document.getElementById("preview-bar-iframe"); previewBar.style.display = "none";", [])

2019-06-25 12:21:36 - [MESSAGE][NOT_RUN] - NOT_RUN: executeJavaScript("var previewBar = document.getElementById("preview-bar-iframe"); previewBar.style.display = "none";", [])

2019-06-25 12:21:36 - [TEST_STEP][PASSED] - click(findTestObject("APOLLO- Desktop/Customer Information page/Continue to shipping")): Object: 'Object Repository/APOLLO- Desktop/Customer Information page/Continue to shipping' is clicked on

2019-06-25 12:21:38 - [MESSAGE][PASSED] - Object: 'Object Repository/APOLLO- Desktop/Customer Information page/Continue to shipping' is clicked on

2019-06-25 12:21:38 - [TEST_STEP][PASSED] - delay(1): Delayed 1 second(s)

2019-06-25 12:21:39 - [MESSAGE][PASSED] - Delayed 1 second(s)

2019-06-25 12:21:39 - [TEST_STEP][PASSED] - click(findTestObject("APOLLO- Desktop/Shipping page/Radio button check")): Object: 'Object Repository/APOLLO- Desktop/Shipping page/Radio button check' is clicked on

2019-06-25 12:21:40 - [MESSAGE][PASSED] - Object: 'Object Repository/APOLLO- Desktop/Shipping page/Radio button check' is clicked on

2019-06-25 12:21:40 - [TEST_STEP][NOT_RUN] - executeJavaScript("var previewBar = document.getElementById("preview-bar-iframe"); previewBar.style.display = "none";", []): NOT_RUN: executeJavaScript("var previewBar = document.getElementById("preview-bar-iframe"); previewBar.style.display = "none";", [])

2019-06-25 12:21:40 - [MESSAGE][NOT_RUN] - NOT_RUN: executeJavaScript("var previewBar = document.getElementById("preview-bar-iframe"); previewBar.style.display = "none";", [])

2019-06-25 12:21:40 - [TEST_STEP][PASSED] - delay(1): Delayed 1 second(s)

2019-06-25 12:21:41 - [MESSAGE][PASSED] - Delayed 1 second(s)

2019-06-25 12:21:41 - [TEST_STEP][PASSED] - click(findTestObject("APOLLO- Desktop/Shipping page/Continue to payment")): Object: 'Object Repository/APOLLO- Desktop/Shipping page/Continue to payment' is clicked on

2019-06-25 12:21:43 - [MESSAGE][PASSED] - Object: 'Object Repository/APOLLO- Desktop/Shipping page/Continue to payment' is clicked on

2019-06-25 12:21:43 - [TEST_STEP][PASSED] - delay(1): Delayed 1 second(s)

2019-06-25 12:21:44 - [MESSAGE][PASSED] - Delayed 1 second(s)

2019-06-25 12:21:44 - [TEST_STEP][PASSED] - click(findTestObject("APOLLO- Desktop/payment page/Payment section")): Object: 'Object Repository/APOLLO- Desktop/payment page/Payment section' is clicked on

2019-06-25 12:21:44 - [MESSAGE][PASSED] - Object: 'Object Repository/APOLLO- Desktop/payment page/Payment section' is clicked on]]></system-out>
         <system-err><![CDATA[]]></system-err>
      </testcase>
      <testcase name="Test Cases/CRITICAL PATH/Increase quantity - Cart flyout" classname="Test Cases/CRITICAL PATH/Increase quantity - Cart flyout" status="PASSED">
         <system-out><![CDATA[2019-06-25 12:21:44 - [TEST_CASE][PASSED] - Test Cases/CRITICAL PATH/Increase quantity - Cart flyout: Test Cases/CRITICAL PATH/Increase quantity - Cart flyout

2019-06-25 12:21:44 - [TEST_STEP][PASSED] - callTestCase(findTestCase("CALL - URL"), [:], STOP_ON_FAILURE): Call Test Case 'Test Cases/CALL - URL' successfully

2019-06-25 12:21:44 - [TEST_CASE][PASSED] - Test Cases/CALL - URL: Test Cases/CALL - URL

2019-06-25 12:21:44 - [TEST_STEP][PASSED] - openBrowser(""): Browser is opened with url: ''

2019-06-25 12:21:44 - [MESSAGE][WARNING] - A browser is already opened. Closing browser and opening a new one

2019-06-25 12:21:44 - [MESSAGE][INFO] - Starting 'Chrome' driver

2019-06-25 12:21:45 - [MESSAGE][PASSED] - Browser is opened with url: ''

2019-06-25 12:21:45 - [TEST_STEP][PASSED] - navigateToUrl("https://diff-apollo.myshopify.com/?key=eec34184cfd8f82cda816f82753a8c8e9e240f30cf54470e19667b8cbb401948&preview_theme_id="): Navigate to 'https://diff-apollo.myshopify.com/?key=eec34184cfd8f82cda816f82753a8c8e9e240f30cf54470e19667b8cbb401948&preview_theme_id=' successfully

2019-06-25 12:21:48 - [MESSAGE][PASSED] - Navigate to 'https://diff-apollo.myshopify.com/?key=eec34184cfd8f82cda816f82753a8c8e9e240f30cf54470e19667b8cbb401948&preview_theme_id=' successfully

2019-06-25 12:21:48 - [TEST_STEP][NOT_RUN] - executeJavaScript("var previewBar = document.getElementById("preview-bar-iframe"); previewBar.style.display = "none";", []): NOT_RUN: executeJavaScript("var previewBar = document.getElementById("preview-bar-iframe"); previewBar.style.display = "none";", [])

2019-06-25 12:21:48 - [MESSAGE][NOT_RUN] - NOT_RUN: executeJavaScript("var previewBar = document.getElementById("preview-bar-iframe"); previewBar.style.display = "none";", [])

2019-06-25 12:21:48 - [MESSAGE][PASSED] - Call Test Case 'Test Cases/CALL - URL' successfully

2019-06-25 12:21:48 - [TEST_STEP][PASSED] - delay(1): Delayed 1 second(s)

2019-06-25 12:21:49 - [MESSAGE][PASSED] - Delayed 1 second(s)

2019-06-25 12:21:49 - [TEST_STEP][PASSED] - click(findTestObject("APOLLO- Desktop/Burger Menu/Burgermenu")): Object: 'Object Repository/APOLLO- Desktop/Burger Menu/Burgermenu' is clicked on

2019-06-25 12:21:49 - [MESSAGE][PASSED] - Object: 'Object Repository/APOLLO- Desktop/Burger Menu/Burgermenu' is clicked on

2019-06-25 12:21:49 - [TEST_STEP][PASSED] - delay(2): Delayed 2 second(s)

2019-06-25 12:21:51 - [MESSAGE][PASSED] - Delayed 2 second(s)

2019-06-25 12:21:51 - [TEST_STEP][PASSED] - click(findTestObject("APOLLO- Desktop/Burger Menu/Mens chevron")): Object: 'Object Repository/APOLLO- Desktop/Burger Menu/Mens chevron' is clicked on

2019-06-25 12:21:51 - [MESSAGE][PASSED] - Object: 'Object Repository/APOLLO- Desktop/Burger Menu/Mens chevron' is clicked on

2019-06-25 12:21:51 - [TEST_STEP][PASSED] - delay(2): Delayed 2 second(s)

2019-06-25 12:21:53 - [MESSAGE][PASSED] - Delayed 2 second(s)

2019-06-25 12:21:53 - [TEST_STEP][PASSED] - click(findTestObject("APOLLO- Desktop/Burger Menu/Mens - Top Chevron")): Object: 'Object Repository/APOLLO- Desktop/Burger Menu/Mens - Top Chevron' is clicked on

2019-06-25 12:21:53 - [MESSAGE][PASSED] - Object: 'Object Repository/APOLLO- Desktop/Burger Menu/Mens - Top Chevron' is clicked on

2019-06-25 12:21:53 - [TEST_STEP][PASSED] - delay(2): Delayed 2 second(s)

2019-06-25 12:21:55 - [MESSAGE][PASSED] - Delayed 2 second(s)

2019-06-25 12:21:55 - [TEST_STEP][PASSED] - click(findTestObject("APOLLO- Desktop/Burger Menu/Shirts link")): Object: 'Object Repository/APOLLO- Desktop/Burger Menu/Shirts link' is clicked on

2019-06-25 12:21:57 - [MESSAGE][PASSED] - Object: 'Object Repository/APOLLO- Desktop/Burger Menu/Shirts link' is clicked on

2019-06-25 12:21:57 - [TEST_STEP][NOT_RUN] - executeJavaScript("var previewBar = document.getElementById("preview-bar-iframe"); previewBar.style.display = "none";", []): NOT_RUN: executeJavaScript("var previewBar = document.getElementById("preview-bar-iframe"); previewBar.style.display = "none";", [])

2019-06-25 12:21:57 - [MESSAGE][NOT_RUN] - NOT_RUN: executeJavaScript("var previewBar = document.getElementById("preview-bar-iframe"); previewBar.style.display = "none";", [])

2019-06-25 12:21:57 - [TEST_STEP][PASSED] - delay(2): Delayed 2 second(s)

2019-06-25 12:21:59 - [MESSAGE][PASSED] - Delayed 2 second(s)

2019-06-25 12:21:59 - [TEST_STEP][PASSED] - click(findTestObject("APOLLO- Desktop/Collection page/Blue shirt product")): Object: 'Object Repository/APOLLO- Desktop/Collection page/Blue shirt product' is clicked on

2019-06-25 12:22:00 - [MESSAGE][PASSED] - Object: 'Object Repository/APOLLO- Desktop/Collection page/Blue shirt product' is clicked on

2019-06-25 12:22:00 - [TEST_STEP][PASSED] - delay(2): Delayed 2 second(s)

2019-06-25 12:22:02 - [MESSAGE][PASSED] - Delayed 2 second(s)

2019-06-25 12:22:02 - [TEST_STEP][PASSED] - selectOptionByValue(findTestObject("APOLLO- Desktop/Product page/Size dropdown"), "Medium", true): All options with value 'Medium' are selected in object 'Object Repository/APOLLO- Desktop/Product page/Size dropdown'  using regular expression

2019-06-25 12:22:02 - [MESSAGE][PASSED] - All options with value 'Medium' are selected in object 'Object Repository/APOLLO- Desktop/Product page/Size dropdown'  using regular expression

2019-06-25 12:22:02 - [TEST_STEP][PASSED] - delay(2): Delayed 2 second(s)

2019-06-25 12:22:04 - [MESSAGE][PASSED] - Delayed 2 second(s)

2019-06-25 12:22:04 - [TEST_STEP][PASSED] - click(findTestObject("APOLLO- Desktop/Product page/Add to bag")): Object: 'Object Repository/APOLLO- Desktop/Product page/Add to bag' is clicked on

2019-06-25 12:22:04 - [MESSAGE][PASSED] - Object: 'Object Repository/APOLLO- Desktop/Product page/Add to bag' is clicked on

2019-06-25 12:22:04 - [TEST_STEP][PASSED] - delay(2): Delayed 2 second(s)

2019-06-25 12:22:06 - [MESSAGE][PASSED] - Delayed 2 second(s)

2019-06-25 12:22:06 - [TEST_STEP][PASSED] - a = getText(findTestObject("APOLLO- Desktop/Cart flyout/Subtotal in cart flyout")): Text of object 'Object Repository/APOLLO- Desktop/Cart flyout/Subtotal in cart flyout' is: '$30.00'

2019-06-25 12:22:06 - [MESSAGE][PASSED] - Text of object 'Object Repository/APOLLO- Desktop/Cart flyout/Subtotal in cart flyout' is: '$30.00'

2019-06-25 12:22:06 - [TEST_STEP][PASSED] - comment("a=" + a): a=$30.00

2019-06-25 12:22:06 - [MESSAGE][INFO] - a=$30.00

2019-06-25 12:22:06 - [TEST_STEP][PASSED] - delay(2): Delayed 2 second(s)

2019-06-25 12:22:08 - [MESSAGE][PASSED] - Delayed 2 second(s)

2019-06-25 12:22:08 - [TEST_STEP][PASSED] - click(findTestObject("APOLLO- Desktop/Cart flyout/Increase quantity - cart flyout")): Object: 'Object Repository/APOLLO- Desktop/Cart flyout/Increase quantity - cart flyout' is clicked on

2019-06-25 12:22:08 - [MESSAGE][PASSED] - Object: 'Object Repository/APOLLO- Desktop/Cart flyout/Increase quantity - cart flyout' is clicked on

2019-06-25 12:22:08 - [TEST_STEP][PASSED] - delay(2): Delayed 2 second(s)

2019-06-25 12:22:10 - [MESSAGE][PASSED] - Delayed 2 second(s)

2019-06-25 12:22:10 - [TEST_STEP][PASSED] - click(findTestObject("APOLLO- Desktop/Cart flyout/Increase quantity - cart flyout")): Object: 'Object Repository/APOLLO- Desktop/Cart flyout/Increase quantity - cart flyout' is clicked on

2019-06-25 12:22:10 - [MESSAGE][PASSED] - Object: 'Object Repository/APOLLO- Desktop/Cart flyout/Increase quantity - cart flyout' is clicked on

2019-06-25 12:22:10 - [TEST_STEP][PASSED] - delay(2): Delayed 2 second(s)

2019-06-25 12:22:12 - [MESSAGE][PASSED] - Delayed 2 second(s)

2019-06-25 12:22:12 - [TEST_STEP][PASSED] - click(findTestObject("APOLLO- Desktop/random/Page_Apollo - Dark  Diff Apollo/CArt quanty update")): Object: 'Object Repository/APOLLO- Desktop/random/Page_Apollo - Dark  Diff Apollo/CArt quanty update' is clicked on

2019-06-25 12:22:12 - [MESSAGE][PASSED] - Object: 'Object Repository/APOLLO- Desktop/random/Page_Apollo - Dark  Diff Apollo/CArt quanty update' is clicked on

2019-06-25 12:22:12 - [TEST_STEP][PASSED] - delay(2): Delayed 2 second(s)

2019-06-25 12:22:14 - [MESSAGE][PASSED] - Delayed 2 second(s)

2019-06-25 12:22:14 - [TEST_STEP][PASSED] - click(findTestObject("APOLLO- Desktop/random/Page_Apollo - Dark  Diff Apollo/td_Wool Sweater")): Object: 'Object Repository/APOLLO- Desktop/random/Page_Apollo - Dark  Diff Apollo/td_Wool Sweater' is clicked on

2019-06-25 12:22:14 - [MESSAGE][PASSED] - Object: 'Object Repository/APOLLO- Desktop/random/Page_Apollo - Dark  Diff Apollo/td_Wool Sweater' is clicked on

2019-06-25 12:22:14 - [TEST_STEP][PASSED] - delay(2): Delayed 2 second(s)

2019-06-25 12:22:16 - [MESSAGE][PASSED] - Delayed 2 second(s)

2019-06-25 12:22:16 - [TEST_STEP][PASSED] - b = getText(findTestObject("APOLLO- Desktop/Cart flyout/Subtotal in cart flyout")): Text of object 'Object Repository/APOLLO- Desktop/Cart flyout/Subtotal in cart flyout' is: '$60.00'

2019-06-25 12:22:16 - [MESSAGE][PASSED] - Text of object 'Object Repository/APOLLO- Desktop/Cart flyout/Subtotal in cart flyout' is: '$60.00'

2019-06-25 12:22:16 - [TEST_STEP][PASSED] - comment("b=" + b): b=$60.00

2019-06-25 12:22:16 - [MESSAGE][INFO] - b=$60.00

2019-06-25 12:22:16 - [TEST_STEP][PASSED] - flag = verifyNotEqual("a", "b"): Actual object 'a' and expected object 'b' are not equal

2019-06-25 12:22:16 - [MESSAGE][PASSED] - Actual object 'a' and expected object 'b' are not equal

2019-06-25 12:22:16 - [TEST_STEP][PASSED] - if (flag == true): Quantity selector working

2019-06-25 12:22:16 - [TEST_STEP][PASSED] - comment("Quantity selector working"): Quantity selector working

2019-06-25 12:22:16 - [MESSAGE][INFO] - Quantity selector working

2019-06-25 12:22:16 - [TEST_STEP][PASSED] - delay(2): Delayed 2 second(s)

2019-06-25 12:22:18 - [MESSAGE][PASSED] - Delayed 2 second(s)

2019-06-25 12:22:19 - [TEST_STEP][PASSED] - click(findTestObject("APOLLO- Desktop/Cart flyout/Checkout")): Object: 'Object Repository/APOLLO- Desktop/Cart flyout/Checkout' is clicked on

2019-06-25 12:22:20 - [MESSAGE][PASSED] - Object: 'Object Repository/APOLLO- Desktop/Cart flyout/Checkout' is clicked on

2019-06-25 12:22:20 - [TEST_STEP][PASSED] - delay(2): Delayed 2 second(s)

2019-06-25 12:22:22 - [MESSAGE][PASSED] - Delayed 2 second(s)

2019-06-25 12:22:22 - [TEST_STEP][PASSED] - callTestCase(findTestCase("CALL- CUSTOMER INFO PAGE"), [:], STOP_ON_FAILURE): Call Test Case 'Test Cases/CALL- CUSTOMER INFO PAGE' successfully

2019-06-25 12:22:22 - [TEST_CASE][PASSED] - Test Cases/CALL- CUSTOMER INFO PAGE: Test Cases/CALL- CUSTOMER INFO PAGE

2019-06-25 12:22:22 - [TEST_STEP][PASSED] - delay(2): Delayed 2 second(s)

2019-06-25 12:22:24 - [MESSAGE][PASSED] - Delayed 2 second(s)

2019-06-25 12:22:24 - [TEST_STEP][NOT_RUN] - executeJavaScript("var previewBar = document.getElementById("preview-bar-iframe"); previewBar.style.display = "none";", []): NOT_RUN: executeJavaScript("var previewBar = document.getElementById("preview-bar-iframe"); previewBar.style.display = "none";", [])

2019-06-25 12:22:24 - [MESSAGE][NOT_RUN] - NOT_RUN: executeJavaScript("var previewBar = document.getElementById("preview-bar-iframe"); previewBar.style.display = "none";", [])

2019-06-25 12:22:24 - [TEST_STEP][PASSED] - setText(findTestObject("APOLLO- Desktop/Customer Information page/Email"), "suman@gmail.com"): Text 'suman@gmail.com' is set on object 'Object Repository/APOLLO- Desktop/Customer Information page/Email'

2019-06-25 12:22:25 - [MESSAGE][PASSED] - Text 'suman@gmail.com' is set on object 'Object Repository/APOLLO- Desktop/Customer Information page/Email'

2019-06-25 12:22:25 - [TEST_STEP][PASSED] - delay(2): Delayed 2 second(s)

2019-06-25 12:22:27 - [MESSAGE][PASSED] - Delayed 2 second(s)

2019-06-25 12:22:27 - [TEST_STEP][PASSED] - setText(findTestObject("APOLLO- Desktop/Customer Information page/First name"), "suman"): Text 'suman' is set on object 'Object Repository/APOLLO- Desktop/Customer Information page/First name'

2019-06-25 12:22:27 - [MESSAGE][PASSED] - Text 'suman' is set on object 'Object Repository/APOLLO- Desktop/Customer Information page/First name'

2019-06-25 12:22:27 - [TEST_STEP][PASSED] - delay(2): Delayed 2 second(s)

2019-06-25 12:22:29 - [MESSAGE][PASSED] - Delayed 2 second(s)

2019-06-25 12:22:29 - [TEST_STEP][PASSED] - setText(findTestObject("APOLLO- Desktop/Customer Information page/Last name"), "kompelly"): Text 'kompelly' is set on object 'Object Repository/APOLLO- Desktop/Customer Information page/Last name'

2019-06-25 12:22:29 - [MESSAGE][PASSED] - Text 'kompelly' is set on object 'Object Repository/APOLLO- Desktop/Customer Information page/Last name'

2019-06-25 12:22:29 - [TEST_STEP][PASSED] - delay(2): Delayed 2 second(s)

2019-06-25 12:22:31 - [MESSAGE][PASSED] - Delayed 2 second(s)

2019-06-25 12:22:31 - [TEST_STEP][PASSED] - setText(findTestObject("APOLLO- Desktop/Customer Information page/Address"), "1435 st alxendre"): Text '1435 st alxendre' is set on object 'Object Repository/APOLLO- Desktop/Customer Information page/Address'

2019-06-25 12:22:31 - [MESSAGE][PASSED] - Text '1435 st alxendre' is set on object 'Object Repository/APOLLO- Desktop/Customer Information page/Address'

2019-06-25 12:22:31 - [TEST_STEP][PASSED] - setText(findTestObject("APOLLO- Desktop/Customer Information page/Apartment"), "220"): Text '220' is set on object 'Object Repository/APOLLO- Desktop/Customer Information page/Apartment'

2019-06-25 12:22:31 - [MESSAGE][PASSED] - Text '220' is set on object 'Object Repository/APOLLO- Desktop/Customer Information page/Apartment'

2019-06-25 12:22:31 - [TEST_STEP][PASSED] - setText(findTestObject("APOLLO- Desktop/Customer Information page/City"), "montreal"): Text 'montreal' is set on object 'Object Repository/APOLLO- Desktop/Customer Information page/City'

2019-06-25 12:22:31 - [MESSAGE][PASSED] - Text 'montreal' is set on object 'Object Repository/APOLLO- Desktop/Customer Information page/City'

2019-06-25 12:22:31 - [TEST_STEP][PASSED] - selectOptionByValue(findTestObject("APOLLO- Desktop/Customer Information page/Country dropdown"), "United States", true): All options with value 'United States' are selected in object 'Object Repository/APOLLO- Desktop/Customer Information page/Country dropdown'  using regular expression

2019-06-25 12:22:35 - [MESSAGE][PASSED] - All options with value 'United States' are selected in object 'Object Repository/APOLLO- Desktop/Customer Information page/Country dropdown'  using regular expression

2019-06-25 12:22:35 - [TEST_STEP][PASSED] - selectOptionByValue(findTestObject("APOLLO- Desktop/Customer Information page/states dropdown"), "NJ", true): All options with value 'NJ' are selected in object 'Object Repository/APOLLO- Desktop/Customer Information page/states dropdown'  using regular expression

2019-06-25 12:22:36 - [MESSAGE][PASSED] - All options with value 'NJ' are selected in object 'Object Repository/APOLLO- Desktop/Customer Information page/states dropdown'  using regular expression

2019-06-25 12:22:36 - [TEST_STEP][PASSED] - setText(findTestObject("APOLLO- Desktop/Customer Information page/ZIP code"), "07057"): Text '07057' is set on object 'Object Repository/APOLLO- Desktop/Customer Information page/ZIP code'

2019-06-25 12:22:36 - [MESSAGE][PASSED] - Text '07057' is set on object 'Object Repository/APOLLO- Desktop/Customer Information page/ZIP code'

2019-06-25 12:22:36 - [MESSAGE][PASSED] - Call Test Case 'Test Cases/CALL- CUSTOMER INFO PAGE' successfully

2019-06-25 12:22:36 - [TEST_STEP][PASSED] - delay(2): Delayed 2 second(s)

2019-06-25 12:22:38 - [MESSAGE][PASSED] - Delayed 2 second(s)

2019-06-25 12:22:38 - [TEST_STEP][PASSED] - callTestCase(findTestCase("CALL - SHIPPING TO PAYMENT"), [:], STOP_ON_FAILURE): Call Test Case 'Test Cases/CALL - SHIPPING TO PAYMENT' successfully

2019-06-25 12:22:38 - [TEST_CASE][PASSED] - Test Cases/CALL - SHIPPING TO PAYMENT: Test Cases/CALL - SHIPPING TO PAYMENT

2019-06-25 12:22:38 - [TEST_STEP][PASSED] - click(findTestObject("APOLLO- Desktop/Customer Information page/Continue to shipping")): Object: 'Object Repository/APOLLO- Desktop/Customer Information page/Continue to shipping' is clicked on

2019-06-25 12:22:40 - [MESSAGE][PASSED] - Object: 'Object Repository/APOLLO- Desktop/Customer Information page/Continue to shipping' is clicked on

2019-06-25 12:22:40 - [TEST_STEP][NOT_RUN] - executeJavaScript("var previewBar = document.getElementById("preview-bar-iframe"); previewBar.style.display = "none";", []): NOT_RUN: executeJavaScript("var previewBar = document.getElementById("preview-bar-iframe"); previewBar.style.display = "none";", [])

2019-06-25 12:22:40 - [MESSAGE][NOT_RUN] - NOT_RUN: executeJavaScript("var previewBar = document.getElementById("preview-bar-iframe"); previewBar.style.display = "none";", [])

2019-06-25 12:22:40 - [TEST_STEP][PASSED] - click(findTestObject("APOLLO- Desktop/Shipping page/Radio button check")): Object: 'Object Repository/APOLLO- Desktop/Shipping page/Radio button check' is clicked on

2019-06-25 12:22:41 - [MESSAGE][PASSED] - Object: 'Object Repository/APOLLO- Desktop/Shipping page/Radio button check' is clicked on

2019-06-25 12:22:41 - [TEST_STEP][NOT_RUN] - executeJavaScript("var previewBar = document.getElementById("preview-bar-iframe"); previewBar.style.display = "none";", []): NOT_RUN: executeJavaScript("var previewBar = document.getElementById("preview-bar-iframe"); previewBar.style.display = "none";", [])

2019-06-25 12:22:41 - [MESSAGE][NOT_RUN] - NOT_RUN: executeJavaScript("var previewBar = document.getElementById("preview-bar-iframe"); previewBar.style.display = "none";", [])

2019-06-25 12:22:41 - [TEST_STEP][PASSED] - click(findTestObject("APOLLO- Desktop/Shipping page/Continue to payment")): Object: 'Object Repository/APOLLO- Desktop/Shipping page/Continue to payment' is clicked on

2019-06-25 12:22:43 - [MESSAGE][PASSED] - Object: 'Object Repository/APOLLO- Desktop/Shipping page/Continue to payment' is clicked on

2019-06-25 12:22:43 - [TEST_STEP][NOT_RUN] - executeJavaScript("var previewBar = document.getElementById("preview-bar-iframe"); previewBar.style.display = "none";", []): NOT_RUN: executeJavaScript("var previewBar = document.getElementById("preview-bar-iframe"); previewBar.style.display = "none";", [])

2019-06-25 12:22:43 - [MESSAGE][NOT_RUN] - NOT_RUN: executeJavaScript("var previewBar = document.getElementById("preview-bar-iframe"); previewBar.style.display = "none";", [])

2019-06-25 12:22:43 - [TEST_STEP][PASSED] - click(findTestObject("APOLLO- Desktop/payment page/Payment section")): Object: 'Object Repository/APOLLO- Desktop/payment page/Payment section' is clicked on

2019-06-25 12:22:43 - [MESSAGE][PASSED] - Object: 'Object Repository/APOLLO- Desktop/payment page/Payment section' is clicked on

2019-06-25 12:22:43 - [MESSAGE][PASSED] - Call Test Case 'Test Cases/CALL - SHIPPING TO PAYMENT' successfully]]></system-out>
         <system-err><![CDATA[]]></system-err>
      </testcase>
      <testcase name="Test Cases/CRITICAL PATH/Adding diff prods to cart" classname="Test Cases/CRITICAL PATH/Adding diff prods to cart" status="PASSED">
         <system-out><![CDATA[2019-06-25 12:22:43 - [TEST_CASE][PASSED] - Test Cases/CRITICAL PATH/Adding diff prods to cart: Test Cases/CRITICAL PATH/Adding diff prods to cart

2019-06-25 12:22:43 - [TEST_STEP][PASSED] - callTestCase(findTestCase("CALL - URL"), [:], STOP_ON_FAILURE): Call Test Case 'Test Cases/CALL - URL' successfully

2019-06-25 12:22:43 - [TEST_CASE][PASSED] - Test Cases/CALL - URL: Test Cases/CALL - URL

2019-06-25 12:22:43 - [TEST_STEP][PASSED] - openBrowser(""): Browser is opened with url: ''

2019-06-25 12:22:43 - [MESSAGE][WARNING] - A browser is already opened. Closing browser and opening a new one

2019-06-25 12:22:43 - [MESSAGE][INFO] - Starting 'Chrome' driver

2019-06-25 12:22:44 - [MESSAGE][PASSED] - Browser is opened with url: ''

2019-06-25 12:22:44 - [TEST_STEP][PASSED] - navigateToUrl("https://diff-apollo.myshopify.com/?key=eec34184cfd8f82cda816f82753a8c8e9e240f30cf54470e19667b8cbb401948&preview_theme_id="): Navigate to 'https://diff-apollo.myshopify.com/?key=eec34184cfd8f82cda816f82753a8c8e9e240f30cf54470e19667b8cbb401948&preview_theme_id=' successfully

2019-06-25 12:22:47 - [MESSAGE][PASSED] - Navigate to 'https://diff-apollo.myshopify.com/?key=eec34184cfd8f82cda816f82753a8c8e9e240f30cf54470e19667b8cbb401948&preview_theme_id=' successfully

2019-06-25 12:22:47 - [TEST_STEP][NOT_RUN] - executeJavaScript("var previewBar = document.getElementById("preview-bar-iframe"); previewBar.style.display = "none";", []): NOT_RUN: executeJavaScript("var previewBar = document.getElementById("preview-bar-iframe"); previewBar.style.display = "none";", [])

2019-06-25 12:22:47 - [MESSAGE][NOT_RUN] - NOT_RUN: executeJavaScript("var previewBar = document.getElementById("preview-bar-iframe"); previewBar.style.display = "none";", [])

2019-06-25 12:22:47 - [MESSAGE][PASSED] - Call Test Case 'Test Cases/CALL - URL' successfully

2019-06-25 12:22:47 - [TEST_STEP][PASSED] - click(findTestObject("APOLLO- Desktop/Burger Menu/Burgermenu")): Object: 'Object Repository/APOLLO- Desktop/Burger Menu/Burgermenu' is clicked on

2019-06-25 12:22:47 - [MESSAGE][PASSED] - Object: 'Object Repository/APOLLO- Desktop/Burger Menu/Burgermenu' is clicked on

2019-06-25 12:22:47 - [TEST_STEP][PASSED] - delay(2): Delayed 2 second(s)

2019-06-25 12:22:49 - [MESSAGE][PASSED] - Delayed 2 second(s)

2019-06-25 12:22:49 - [TEST_STEP][PASSED] - click(findTestObject("APOLLO- Desktop/Burger Menu/Mens chevron")): Object: 'Object Repository/APOLLO- Desktop/Burger Menu/Mens chevron' is clicked on

2019-06-25 12:22:49 - [MESSAGE][PASSED] - Object: 'Object Repository/APOLLO- Desktop/Burger Menu/Mens chevron' is clicked on

2019-06-25 12:22:49 - [TEST_STEP][PASSED] - delay(2): Delayed 2 second(s)

2019-06-25 12:22:51 - [MESSAGE][PASSED] - Delayed 2 second(s)

2019-06-25 12:22:51 - [TEST_STEP][PASSED] - click(findTestObject("APOLLO- Desktop/Burger Menu/Mens - Top Chevron")): Object: 'Object Repository/APOLLO- Desktop/Burger Menu/Mens - Top Chevron' is clicked on

2019-06-25 12:22:51 - [MESSAGE][PASSED] - Object: 'Object Repository/APOLLO- Desktop/Burger Menu/Mens - Top Chevron' is clicked on

2019-06-25 12:22:51 - [TEST_STEP][PASSED] - delay(2): Delayed 2 second(s)

2019-06-25 12:22:53 - [MESSAGE][PASSED] - Delayed 2 second(s)

2019-06-25 12:22:53 - [TEST_STEP][PASSED] - click(findTestObject("APOLLO- Desktop/Burger Menu/Shirts link")): Object: 'Object Repository/APOLLO- Desktop/Burger Menu/Shirts link' is clicked on

2019-06-25 12:22:55 - [MESSAGE][PASSED] - Object: 'Object Repository/APOLLO- Desktop/Burger Menu/Shirts link' is clicked on

2019-06-25 12:22:55 - [TEST_STEP][NOT_RUN] - executeJavaScript("var previewBar = document.getElementById("preview-bar-iframe"); previewBar.style.display = "none";", []): NOT_RUN: executeJavaScript("var previewBar = document.getElementById("preview-bar-iframe"); previewBar.style.display = "none";", [])

2019-06-25 12:22:55 - [MESSAGE][NOT_RUN] - NOT_RUN: executeJavaScript("var previewBar = document.getElementById("preview-bar-iframe"); previewBar.style.display = "none";", [])

2019-06-25 12:22:55 - [TEST_STEP][PASSED] - delay(2): Delayed 2 second(s)

2019-06-25 12:22:57 - [MESSAGE][PASSED] - Delayed 2 second(s)

2019-06-25 12:22:57 - [TEST_STEP][PASSED] - click(findTestObject("APOLLO- Desktop/Collection page/Blue shirt product")): Object: 'Object Repository/APOLLO- Desktop/Collection page/Blue shirt product' is clicked on

2019-06-25 12:22:58 - [MESSAGE][PASSED] - Object: 'Object Repository/APOLLO- Desktop/Collection page/Blue shirt product' is clicked on

2019-06-25 12:22:58 - [TEST_STEP][NOT_RUN] - executeJavaScript("var previewBar = document.getElementById("preview-bar-iframe"); previewBar.style.display = "none";", []): NOT_RUN: executeJavaScript("var previewBar = document.getElementById("preview-bar-iframe"); previewBar.style.display = "none";", [])

2019-06-25 12:22:58 - [MESSAGE][NOT_RUN] - NOT_RUN: executeJavaScript("var previewBar = document.getElementById("preview-bar-iframe"); previewBar.style.display = "none";", [])

2019-06-25 12:22:58 - [TEST_STEP][PASSED] - delay(2): Delayed 2 second(s)

2019-06-25 12:23:00 - [MESSAGE][PASSED] - Delayed 2 second(s)

2019-06-25 12:23:00 - [TEST_STEP][PASSED] - selectOptionByValue(findTestObject("APOLLO- Desktop/Product page/Size dropdown"), "Medium", true): All options with value 'Medium' are selected in object 'Object Repository/APOLLO- Desktop/Product page/Size dropdown'  using regular expression

2019-06-25 12:23:00 - [MESSAGE][PASSED] - All options with value 'Medium' are selected in object 'Object Repository/APOLLO- Desktop/Product page/Size dropdown'  using regular expression

2019-06-25 12:23:00 - [TEST_STEP][PASSED] - delay(2): Delayed 2 second(s)

2019-06-25 12:23:02 - [MESSAGE][PASSED] - Delayed 2 second(s)

2019-06-25 12:23:02 - [TEST_STEP][PASSED] - click(findTestObject("APOLLO- Desktop/Product page/Add to bag")): Object: 'Object Repository/APOLLO- Desktop/Product page/Add to bag' is clicked on

2019-06-25 12:23:02 - [MESSAGE][PASSED] - Object: 'Object Repository/APOLLO- Desktop/Product page/Add to bag' is clicked on

2019-06-25 12:23:02 - [TEST_STEP][PASSED] - delay(2): Delayed 2 second(s)

2019-06-25 12:23:04 - [MESSAGE][PASSED] - Delayed 2 second(s)

2019-06-25 12:23:04 - [TEST_STEP][PASSED] - selectOptionByValue(findTestObject("APOLLO- Desktop/Product page/Size dropdown"), "Large", true): All options with value 'Large' are selected in object 'Object Repository/APOLLO- Desktop/Product page/Size dropdown'  using regular expression

2019-06-25 12:23:04 - [MESSAGE][PASSED] - All options with value 'Large' are selected in object 'Object Repository/APOLLO- Desktop/Product page/Size dropdown'  using regular expression

2019-06-25 12:23:04 - [TEST_STEP][PASSED] - delay(2): Delayed 2 second(s)

2019-06-25 12:23:06 - [MESSAGE][PASSED] - Delayed 2 second(s)

2019-06-25 12:23:06 - [TEST_STEP][PASSED] - click(findTestObject("APOLLO- Desktop/Product page/Add to bag")): Object: 'Object Repository/APOLLO- Desktop/Product page/Add to bag' is clicked on

2019-06-25 12:23:06 - [MESSAGE][PASSED] - Object: 'Object Repository/APOLLO- Desktop/Product page/Add to bag' is clicked on

2019-06-25 12:23:06 - [TEST_STEP][PASSED] - delay(2): Delayed 2 second(s)

2019-06-25 12:23:08 - [MESSAGE][PASSED] - Delayed 2 second(s)

2019-06-25 12:23:08 - [TEST_STEP][PASSED] - selectOptionByValue(findTestObject("APOLLO- Desktop/Product page/Size dropdown"), "Extra Large", true): All options with value 'Extra Large' are selected in object 'Object Repository/APOLLO- Desktop/Product page/Size dropdown'  using regular expression

2019-06-25 12:23:08 - [MESSAGE][PASSED] - All options with value 'Extra Large' are selected in object 'Object Repository/APOLLO- Desktop/Product page/Size dropdown'  using regular expression

2019-06-25 12:23:08 - [TEST_STEP][PASSED] - delay(2): Delayed 2 second(s)

2019-06-25 12:23:10 - [MESSAGE][PASSED] - Delayed 2 second(s)

2019-06-25 12:23:10 - [TEST_STEP][PASSED] - click(findTestObject("APOLLO- Desktop/Product page/Add to bag")): Object: 'Object Repository/APOLLO- Desktop/Product page/Add to bag' is clicked on

2019-06-25 12:23:10 - [MESSAGE][PASSED] - Object: 'Object Repository/APOLLO- Desktop/Product page/Add to bag' is clicked on

2019-06-25 12:23:10 - [TEST_STEP][PASSED] - delay(2): Delayed 2 second(s)

2019-06-25 12:23:12 - [MESSAGE][PASSED] - Delayed 2 second(s)

2019-06-25 12:23:12 - [TEST_STEP][PASSED] - click(findTestObject("APOLLO- Desktop/Burger Menu/Burgermenu")): Object: 'Object Repository/APOLLO- Desktop/Burger Menu/Burgermenu' is clicked on

2019-06-25 12:23:13 - [MESSAGE][PASSED] - Object: 'Object Repository/APOLLO- Desktop/Burger Menu/Burgermenu' is clicked on

2019-06-25 12:23:13 - [TEST_STEP][PASSED] - delay(2): Delayed 2 second(s)

2019-06-25 12:23:15 - [MESSAGE][PASSED] - Delayed 2 second(s)

2019-06-25 12:23:15 - [TEST_STEP][PASSED] - click(findTestObject("APOLLO- Desktop/Burger Menu/KIds link")): Object: 'Object Repository/APOLLO- Desktop/Burger Menu/KIds link' is clicked on

2019-06-25 12:23:18 - [MESSAGE][PASSED] - Object: 'Object Repository/APOLLO- Desktop/Burger Menu/KIds link' is clicked on

2019-06-25 12:23:18 - [TEST_STEP][PASSED] - delay(2): Delayed 2 second(s)

2019-06-25 12:23:20 - [MESSAGE][PASSED] - Delayed 2 second(s)

2019-06-25 12:23:20 - [TEST_STEP][PASSED] - click(findTestObject("APOLLO- Desktop/Collection page/Sailor sweatshirt")): Object: 'Object Repository/APOLLO- Desktop/Collection page/Sailor sweatshirt' is clicked on

2019-06-25 12:23:22 - [MESSAGE][PASSED] - Object: 'Object Repository/APOLLO- Desktop/Collection page/Sailor sweatshirt' is clicked on

2019-06-25 12:23:22 - [TEST_STEP][PASSED] - delay(2): Delayed 2 second(s)

2019-06-25 12:23:24 - [MESSAGE][PASSED] - Delayed 2 second(s)

2019-06-25 12:23:24 - [TEST_STEP][PASSED] - click(findTestObject("APOLLO- Desktop/Product page/Add to bag")): Object: 'Object Repository/APOLLO- Desktop/Product page/Add to bag' is clicked on

2019-06-25 12:23:24 - [MESSAGE][PASSED] - Object: 'Object Repository/APOLLO- Desktop/Product page/Add to bag' is clicked on

2019-06-25 12:23:24 - [TEST_STEP][PASSED] - delay(2): Delayed 2 second(s)

2019-06-25 12:23:26 - [MESSAGE][PASSED] - Delayed 2 second(s)

2019-06-25 12:23:26 - [TEST_STEP][PASSED] - click(findTestObject("APOLLO- Desktop/Burger Menu/Burgermenu")): Object: 'Object Repository/APOLLO- Desktop/Burger Menu/Burgermenu' is clicked on

2019-06-25 12:23:26 - [MESSAGE][PASSED] - Object: 'Object Repository/APOLLO- Desktop/Burger Menu/Burgermenu' is clicked on

2019-06-25 12:23:26 - [TEST_STEP][PASSED] - delay(2): Delayed 2 second(s)

2019-06-25 12:23:28 - [MESSAGE][PASSED] - Delayed 2 second(s)

2019-06-25 12:23:28 - [TEST_STEP][PASSED] - click(findTestObject("APOLLO- Desktop/Burger Menu/Women link")): Object: 'Object Repository/APOLLO- Desktop/Burger Menu/Women link' is clicked on

2019-06-25 12:23:28 - [MESSAGE][PASSED] - Object: 'Object Repository/APOLLO- Desktop/Burger Menu/Women link' is clicked on

2019-06-25 12:23:28 - [TEST_STEP][PASSED] - delay(2): Delayed 2 second(s)

2019-06-25 12:23:30 - [MESSAGE][PASSED] - Delayed 2 second(s)

2019-06-25 12:23:30 - [TEST_STEP][PASSED] - click(findTestObject("APOLLO- Desktop/Burger Menu/Jackets - Coats")): Object: 'Object Repository/APOLLO- Desktop/Burger Menu/Jackets - Coats' is clicked on

2019-06-25 12:23:34 - [MESSAGE][PASSED] - Object: 'Object Repository/APOLLO- Desktop/Burger Menu/Jackets - Coats' is clicked on

2019-06-25 12:23:34 - [TEST_STEP][PASSED] - delay(2): Delayed 2 second(s)

2019-06-25 12:23:36 - [MESSAGE][PASSED] - Delayed 2 second(s)

2019-06-25 12:23:36 - [TEST_STEP][PASSED] - click(findTestObject("APOLLO- Desktop/Collection page/Womens long nude winter coat")): Object: 'Object Repository/APOLLO- Desktop/Collection page/Womens long nude winter coat' is clicked on

2019-06-25 12:23:39 - [MESSAGE][PASSED] - Object: 'Object Repository/APOLLO- Desktop/Collection page/Womens long nude winter coat' is clicked on

2019-06-25 12:23:39 - [TEST_STEP][PASSED] - delay(2): Delayed 2 second(s)

2019-06-25 12:23:41 - [MESSAGE][PASSED] - Delayed 2 second(s)

2019-06-25 12:23:41 - [TEST_STEP][PASSED] - selectOptionByValue(findTestObject("APOLLO- Desktop/Product page/Size dropdown"), "Small", true): All options with value 'Small' are selected in object 'Object Repository/APOLLO- Desktop/Product page/Size dropdown'  using regular expression

2019-06-25 12:23:41 - [MESSAGE][PASSED] - All options with value 'Small' are selected in object 'Object Repository/APOLLO- Desktop/Product page/Size dropdown'  using regular expression

2019-06-25 12:23:41 - [TEST_STEP][PASSED] - delay(2): Delayed 2 second(s)

2019-06-25 12:23:43 - [MESSAGE][PASSED] - Delayed 2 second(s)

2019-06-25 12:23:43 - [TEST_STEP][PASSED] - click(findTestObject("APOLLO- Desktop/Product page/Add to bag")): Object: 'Object Repository/APOLLO- Desktop/Product page/Add to bag' is clicked on

2019-06-25 12:23:43 - [MESSAGE][PASSED] - Object: 'Object Repository/APOLLO- Desktop/Product page/Add to bag' is clicked on

2019-06-25 12:23:43 - [TEST_STEP][PASSED] - delay(2): Delayed 2 second(s)

2019-06-25 12:23:45 - [MESSAGE][PASSED] - Delayed 2 second(s)

2019-06-25 12:23:45 - [TEST_STEP][NOT_RUN] - executeJavaScript("var previewBar = document.getElementById("preview-bar-iframe"); previewBar.style.display = "none";", []): NOT_RUN: executeJavaScript("var previewBar = document.getElementById("preview-bar-iframe"); previewBar.style.display = "none";", [])

2019-06-25 12:23:45 - [MESSAGE][NOT_RUN] - NOT_RUN: executeJavaScript("var previewBar = document.getElementById("preview-bar-iframe"); previewBar.style.display = "none";", [])

2019-06-25 12:23:45 - [TEST_STEP][PASSED] - click(findTestObject("APOLLO- Desktop/Cart flyout/Checkout")): Object: 'Object Repository/APOLLO- Desktop/Cart flyout/Checkout' is clicked on

2019-06-25 12:23:54 - [MESSAGE][PASSED] - Object: 'Object Repository/APOLLO- Desktop/Cart flyout/Checkout' is clicked on

2019-06-25 12:23:54 - [TEST_STEP][PASSED] - callTestCase(findTestCase("CALL- CUSTOMER INFO PAGE"), [:], STOP_ON_FAILURE): Call Test Case 'Test Cases/CALL- CUSTOMER INFO PAGE' successfully

2019-06-25 12:23:54 - [TEST_CASE][PASSED] - Test Cases/CALL- CUSTOMER INFO PAGE: Test Cases/CALL- CUSTOMER INFO PAGE

2019-06-25 12:23:54 - [TEST_STEP][PASSED] - delay(2): Delayed 2 second(s)

2019-06-25 12:23:56 - [MESSAGE][PASSED] - Delayed 2 second(s)

2019-06-25 12:23:56 - [TEST_STEP][NOT_RUN] - executeJavaScript("var previewBar = document.getElementById("preview-bar-iframe"); previewBar.style.display = "none";", []): NOT_RUN: executeJavaScript("var previewBar = document.getElementById("preview-bar-iframe"); previewBar.style.display = "none";", [])

2019-06-25 12:23:56 - [MESSAGE][NOT_RUN] - NOT_RUN: executeJavaScript("var previewBar = document.getElementById("preview-bar-iframe"); previewBar.style.display = "none";", [])

2019-06-25 12:23:56 - [TEST_STEP][PASSED] - setText(findTestObject("APOLLO- Desktop/Customer Information page/Email"), "suman@gmail.com"): Text 'suman@gmail.com' is set on object 'Object Repository/APOLLO- Desktop/Customer Information page/Email'

2019-06-25 12:23:57 - [MESSAGE][PASSED] - Text 'suman@gmail.com' is set on object 'Object Repository/APOLLO- Desktop/Customer Information page/Email'

2019-06-25 12:23:57 - [TEST_STEP][PASSED] - delay(2): Delayed 2 second(s)

2019-06-25 12:23:59 - [MESSAGE][PASSED] - Delayed 2 second(s)

2019-06-25 12:23:59 - [TEST_STEP][PASSED] - setText(findTestObject("APOLLO- Desktop/Customer Information page/First name"), "suman"): Text 'suman' is set on object 'Object Repository/APOLLO- Desktop/Customer Information page/First name'

2019-06-25 12:23:59 - [MESSAGE][PASSED] - Text 'suman' is set on object 'Object Repository/APOLLO- Desktop/Customer Information page/First name'

2019-06-25 12:23:59 - [TEST_STEP][PASSED] - delay(2): Delayed 2 second(s)

2019-06-25 12:24:01 - [MESSAGE][PASSED] - Delayed 2 second(s)

2019-06-25 12:24:01 - [TEST_STEP][PASSED] - setText(findTestObject("APOLLO- Desktop/Customer Information page/Last name"), "kompelly"): Text 'kompelly' is set on object 'Object Repository/APOLLO- Desktop/Customer Information page/Last name'

2019-06-25 12:24:01 - [MESSAGE][PASSED] - Text 'kompelly' is set on object 'Object Repository/APOLLO- Desktop/Customer Information page/Last name'

2019-06-25 12:24:01 - [TEST_STEP][PASSED] - delay(2): Delayed 2 second(s)

2019-06-25 12:24:03 - [MESSAGE][PASSED] - Delayed 2 second(s)

2019-06-25 12:24:03 - [TEST_STEP][PASSED] - setText(findTestObject("APOLLO- Desktop/Customer Information page/Address"), "1435 st alxendre"): Text '1435 st alxendre' is set on object 'Object Repository/APOLLO- Desktop/Customer Information page/Address'

2019-06-25 12:24:03 - [MESSAGE][PASSED] - Text '1435 st alxendre' is set on object 'Object Repository/APOLLO- Desktop/Customer Information page/Address'

2019-06-25 12:24:03 - [TEST_STEP][PASSED] - setText(findTestObject("APOLLO- Desktop/Customer Information page/Apartment"), "220"): Text '220' is set on object 'Object Repository/APOLLO- Desktop/Customer Information page/Apartment'

2019-06-25 12:24:03 - [MESSAGE][PASSED] - Text '220' is set on object 'Object Repository/APOLLO- Desktop/Customer Information page/Apartment'

2019-06-25 12:24:03 - [TEST_STEP][PASSED] - setText(findTestObject("APOLLO- Desktop/Customer Information page/City"), "montreal"): Text 'montreal' is set on object 'Object Repository/APOLLO- Desktop/Customer Information page/City'

2019-06-25 12:24:03 - [MESSAGE][PASSED] - Text 'montreal' is set on object 'Object Repository/APOLLO- Desktop/Customer Information page/City'

2019-06-25 12:24:03 - [TEST_STEP][PASSED] - selectOptionByValue(findTestObject("APOLLO- Desktop/Customer Information page/Country dropdown"), "United States", true): All options with value 'United States' are selected in object 'Object Repository/APOLLO- Desktop/Customer Information page/Country dropdown'  using regular expression

2019-06-25 12:24:07 - [MESSAGE][PASSED] - All options with value 'United States' are selected in object 'Object Repository/APOLLO- Desktop/Customer Information page/Country dropdown'  using regular expression

2019-06-25 12:24:07 - [TEST_STEP][PASSED] - selectOptionByValue(findTestObject("APOLLO- Desktop/Customer Information page/states dropdown"), "NJ", true): All options with value 'NJ' are selected in object 'Object Repository/APOLLO- Desktop/Customer Information page/states dropdown'  using regular expression

2019-06-25 12:24:07 - [MESSAGE][PASSED] - All options with value 'NJ' are selected in object 'Object Repository/APOLLO- Desktop/Customer Information page/states dropdown'  using regular expression

2019-06-25 12:24:07 - [TEST_STEP][PASSED] - setText(findTestObject("APOLLO- Desktop/Customer Information page/ZIP code"), "07057"): Text '07057' is set on object 'Object Repository/APOLLO- Desktop/Customer Information page/ZIP code'

2019-06-25 12:24:07 - [MESSAGE][PASSED] - Text '07057' is set on object 'Object Repository/APOLLO- Desktop/Customer Information page/ZIP code'

2019-06-25 12:24:07 - [MESSAGE][PASSED] - Call Test Case 'Test Cases/CALL- CUSTOMER INFO PAGE' successfully

2019-06-25 12:24:07 - [TEST_STEP][PASSED] - click(findTestObject("APOLLO- Desktop/Customer Information page/Continue to shipping")): Object: 'Object Repository/APOLLO- Desktop/Customer Information page/Continue to shipping' is clicked on

2019-06-25 12:24:09 - [MESSAGE][PASSED] - Object: 'Object Repository/APOLLO- Desktop/Customer Information page/Continue to shipping' is clicked on

2019-06-25 12:24:09 - [TEST_STEP][NOT_RUN] - executeJavaScript("var previewBar = document.getElementById("preview-bar-iframe"); previewBar.style.display = "none";", []): NOT_RUN: executeJavaScript("var previewBar = document.getElementById("preview-bar-iframe"); previewBar.style.display = "none";", [])

2019-06-25 12:24:09 - [MESSAGE][NOT_RUN] - NOT_RUN: executeJavaScript("var previewBar = document.getElementById("preview-bar-iframe"); previewBar.style.display = "none";", [])

2019-06-25 12:24:09 - [TEST_STEP][PASSED] - click(findTestObject("APOLLO- Desktop/Shipping page/Radio button check")): Object: 'Object Repository/APOLLO- Desktop/Shipping page/Radio button check' is clicked on

2019-06-25 12:24:11 - [MESSAGE][PASSED] - Object: 'Object Repository/APOLLO- Desktop/Shipping page/Radio button check' is clicked on

2019-06-25 12:24:11 - [TEST_STEP][NOT_RUN] - executeJavaScript("var previewBar = document.getElementById("preview-bar-iframe"); previewBar.style.display = "none";", []): NOT_RUN: executeJavaScript("var previewBar = document.getElementById("preview-bar-iframe"); previewBar.style.display = "none";", [])

2019-06-25 12:24:11 - [MESSAGE][NOT_RUN] - NOT_RUN: executeJavaScript("var previewBar = document.getElementById("preview-bar-iframe"); previewBar.style.display = "none";", [])

2019-06-25 12:24:11 - [TEST_STEP][PASSED] - click(findTestObject("APOLLO- Desktop/Shipping page/Continue to payment")): Object: 'Object Repository/APOLLO- Desktop/Shipping page/Continue to payment' is clicked on

2019-06-25 12:24:13 - [MESSAGE][PASSED] - Object: 'Object Repository/APOLLO- Desktop/Shipping page/Continue to payment' is clicked on

2019-06-25 12:24:13 - [TEST_STEP][NOT_RUN] - executeJavaScript("var previewBar = document.getElementById("preview-bar-iframe"); previewBar.style.display = "none";", []): NOT_RUN: executeJavaScript("var previewBar = document.getElementById("preview-bar-iframe"); previewBar.style.display = "none";", [])

2019-06-25 12:24:13 - [MESSAGE][NOT_RUN] - NOT_RUN: executeJavaScript("var previewBar = document.getElementById("preview-bar-iframe"); previewBar.style.display = "none";", [])

2019-06-25 12:24:13 - [TEST_STEP][PASSED] - click(findTestObject("APOLLO- Desktop/payment page/Payment section")): Object: 'Object Repository/APOLLO- Desktop/payment page/Payment section' is clicked on

2019-06-25 12:24:13 - [MESSAGE][PASSED] - Object: 'Object Repository/APOLLO- Desktop/payment page/Payment section' is clicked on]]></system-out>
         <system-err><![CDATA[]]></system-err>
      </testcase>
      <testcase name="Test Cases/CRITICAL PATH/Price comparison - cart page" classname="Test Cases/CRITICAL PATH/Price comparison - cart page" status="PASSED">
         <system-out><![CDATA[2019-06-25 12:24:13 - [TEST_CASE][PASSED] - Test Cases/CRITICAL PATH/Price comparison - cart page: Test Cases/CRITICAL PATH/Price comparison - cart page

2019-06-25 12:24:14 - [TEST_STEP][PASSED] - callTestCase(findTestCase("CALL - URL"), [:], STOP_ON_FAILURE): Call Test Case 'Test Cases/CALL - URL' successfully

2019-06-25 12:24:14 - [TEST_CASE][PASSED] - Test Cases/CALL - URL: Test Cases/CALL - URL

2019-06-25 12:24:14 - [TEST_STEP][PASSED] - openBrowser(""): Browser is opened with url: ''

2019-06-25 12:24:14 - [MESSAGE][WARNING] - A browser is already opened. Closing browser and opening a new one

2019-06-25 12:24:14 - [MESSAGE][INFO] - Starting 'Chrome' driver

2019-06-25 12:24:15 - [MESSAGE][PASSED] - Browser is opened with url: ''

2019-06-25 12:24:15 - [TEST_STEP][PASSED] - navigateToUrl("https://diff-apollo.myshopify.com/?key=eec34184cfd8f82cda816f82753a8c8e9e240f30cf54470e19667b8cbb401948&preview_theme_id="): Navigate to 'https://diff-apollo.myshopify.com/?key=eec34184cfd8f82cda816f82753a8c8e9e240f30cf54470e19667b8cbb401948&preview_theme_id=' successfully

2019-06-25 12:24:17 - [MESSAGE][PASSED] - Navigate to 'https://diff-apollo.myshopify.com/?key=eec34184cfd8f82cda816f82753a8c8e9e240f30cf54470e19667b8cbb401948&preview_theme_id=' successfully

2019-06-25 12:24:17 - [TEST_STEP][NOT_RUN] - executeJavaScript("var previewBar = document.getElementById("preview-bar-iframe"); previewBar.style.display = "none";", []): NOT_RUN: executeJavaScript("var previewBar = document.getElementById("preview-bar-iframe"); previewBar.style.display = "none";", [])

2019-06-25 12:24:17 - [MESSAGE][NOT_RUN] - NOT_RUN: executeJavaScript("var previewBar = document.getElementById("preview-bar-iframe"); previewBar.style.display = "none";", [])

2019-06-25 12:24:17 - [MESSAGE][PASSED] - Call Test Case 'Test Cases/CALL - URL' successfully

2019-06-25 12:24:17 - [TEST_STEP][PASSED] - click(findTestObject("APOLLO- Desktop/Burger Menu/Burgermenu")): Object: 'Object Repository/APOLLO- Desktop/Burger Menu/Burgermenu' is clicked on

2019-06-25 12:24:18 - [MESSAGE][PASSED] - Object: 'Object Repository/APOLLO- Desktop/Burger Menu/Burgermenu' is clicked on

2019-06-25 12:24:18 - [TEST_STEP][PASSED] - delay(2): Delayed 2 second(s)

2019-06-25 12:24:20 - [MESSAGE][PASSED] - Delayed 2 second(s)

2019-06-25 12:24:20 - [TEST_STEP][PASSED] - click(findTestObject("APOLLO- Desktop/Burger Menu/Mens chevron")): Object: 'Object Repository/APOLLO- Desktop/Burger Menu/Mens chevron' is clicked on

2019-06-25 12:24:20 - [MESSAGE][PASSED] - Object: 'Object Repository/APOLLO- Desktop/Burger Menu/Mens chevron' is clicked on

2019-06-25 12:24:20 - [TEST_STEP][PASSED] - delay(2): Delayed 2 second(s)

2019-06-25 12:24:22 - [MESSAGE][PASSED] - Delayed 2 second(s)

2019-06-25 12:24:22 - [TEST_STEP][PASSED] - click(findTestObject("APOLLO- Desktop/Burger Menu/Mens - Top Chevron")): Object: 'Object Repository/APOLLO- Desktop/Burger Menu/Mens - Top Chevron' is clicked on

2019-06-25 12:24:22 - [MESSAGE][PASSED] - Object: 'Object Repository/APOLLO- Desktop/Burger Menu/Mens - Top Chevron' is clicked on

2019-06-25 12:24:22 - [TEST_STEP][PASSED] - delay(2): Delayed 2 second(s)

2019-06-25 12:24:24 - [MESSAGE][PASSED] - Delayed 2 second(s)

2019-06-25 12:24:24 - [TEST_STEP][PASSED] - click(findTestObject("APOLLO- Desktop/Burger Menu/Shirts link")): Object: 'Object Repository/APOLLO- Desktop/Burger Menu/Shirts link' is clicked on

2019-06-25 12:24:26 - [MESSAGE][PASSED] - Object: 'Object Repository/APOLLO- Desktop/Burger Menu/Shirts link' is clicked on

2019-06-25 12:24:26 - [TEST_STEP][PASSED] - delay(2): Delayed 2 second(s)

2019-06-25 12:24:28 - [MESSAGE][PASSED] - Delayed 2 second(s)

2019-06-25 12:24:28 - [TEST_STEP][PASSED] - click(findTestObject("APOLLO- Desktop/Collection page/Blue shirt product")): Object: 'Object Repository/APOLLO- Desktop/Collection page/Blue shirt product' is clicked on

2019-06-25 12:24:29 - [MESSAGE][PASSED] - Object: 'Object Repository/APOLLO- Desktop/Collection page/Blue shirt product' is clicked on

2019-06-25 12:24:29 - [TEST_STEP][PASSED] - delay(2): Delayed 2 second(s)

2019-06-25 12:24:31 - [MESSAGE][PASSED] - Delayed 2 second(s)

2019-06-25 12:24:31 - [TEST_STEP][PASSED] - selectOptionByValue(findTestObject("APOLLO- Desktop/Product page/Size dropdown"), "Medium", true): All options with value 'Medium' are selected in object 'Object Repository/APOLLO- Desktop/Product page/Size dropdown'  using regular expression

2019-06-25 12:24:31 - [MESSAGE][PASSED] - All options with value 'Medium' are selected in object 'Object Repository/APOLLO- Desktop/Product page/Size dropdown'  using regular expression

2019-06-25 12:24:31 - [TEST_STEP][PASSED] - delay(2): Delayed 2 second(s)

2019-06-25 12:24:33 - [MESSAGE][PASSED] - Delayed 2 second(s)

2019-06-25 12:24:33 - [TEST_STEP][PASSED] - click(findTestObject("APOLLO- Desktop/Product page/Add to bag")): Object: 'Object Repository/APOLLO- Desktop/Product page/Add to bag' is clicked on

2019-06-25 12:24:33 - [MESSAGE][PASSED] - Object: 'Object Repository/APOLLO- Desktop/Product page/Add to bag' is clicked on

2019-06-25 12:24:33 - [TEST_STEP][PASSED] - delay(2): Delayed 2 second(s)

2019-06-25 12:24:35 - [MESSAGE][PASSED] - Delayed 2 second(s)

2019-06-25 12:24:35 - [TEST_STEP][PASSED] - click(findTestObject("APOLLO- Desktop/Burger Menu/Burgermenu")): Object: 'Object Repository/APOLLO- Desktop/Burger Menu/Burgermenu' is clicked on

2019-06-25 12:24:35 - [MESSAGE][PASSED] - Object: 'Object Repository/APOLLO- Desktop/Burger Menu/Burgermenu' is clicked on

2019-06-25 12:24:35 - [TEST_STEP][PASSED] - delay(2): Delayed 2 second(s)

2019-06-25 12:24:37 - [MESSAGE][PASSED] - Delayed 2 second(s)

2019-06-25 12:24:37 - [TEST_STEP][PASSED] - click(findTestObject("APOLLO- Desktop/Burger Menu/KIds link")): Object: 'Object Repository/APOLLO- Desktop/Burger Menu/KIds link' is clicked on

2019-06-25 12:24:40 - [MESSAGE][PASSED] - Object: 'Object Repository/APOLLO- Desktop/Burger Menu/KIds link' is clicked on

2019-06-25 12:24:40 - [TEST_STEP][PASSED] - delay(2): Delayed 2 second(s)

2019-06-25 12:24:42 - [MESSAGE][PASSED] - Delayed 2 second(s)

2019-06-25 12:24:42 - [TEST_STEP][PASSED] - click(findTestObject("APOLLO- Desktop/Collection page/Sailor sweatshirt")): Object: 'Object Repository/APOLLO- Desktop/Collection page/Sailor sweatshirt' is clicked on

2019-06-25 12:24:44 - [MESSAGE][PASSED] - Object: 'Object Repository/APOLLO- Desktop/Collection page/Sailor sweatshirt' is clicked on

2019-06-25 12:24:44 - [TEST_STEP][PASSED] - delay(2): Delayed 2 second(s)

2019-06-25 12:24:46 - [MESSAGE][PASSED] - Delayed 2 second(s)

2019-06-25 12:24:46 - [TEST_STEP][PASSED] - click(findTestObject("APOLLO- Desktop/Product page/Add to bag")): Object: 'Object Repository/APOLLO- Desktop/Product page/Add to bag' is clicked on

2019-06-25 12:24:46 - [MESSAGE][PASSED] - Object: 'Object Repository/APOLLO- Desktop/Product page/Add to bag' is clicked on

2019-06-25 12:24:46 - [TEST_STEP][PASSED] - delay(2): Delayed 2 second(s)

2019-06-25 12:24:48 - [MESSAGE][PASSED] - Delayed 2 second(s)

2019-06-25 12:24:48 - [TEST_STEP][PASSED] - click(findTestObject("APOLLO- Desktop/Cart flyout/Checkout")): Object: 'Object Repository/APOLLO- Desktop/Cart flyout/Checkout' is clicked on

2019-06-25 12:24:51 - [MESSAGE][PASSED] - Object: 'Object Repository/APOLLO- Desktop/Cart flyout/Checkout' is clicked on

2019-06-25 12:24:51 - [TEST_STEP][PASSED] - delay(2): Delayed 2 second(s)

2019-06-25 12:24:53 - [MESSAGE][PASSED] - Delayed 2 second(s)

2019-06-25 12:24:53 - [TEST_STEP][PASSED] - click(findTestObject("APOLLO- Desktop/Customer Information page/Cart page breadcrumb")): Object: 'Object Repository/APOLLO- Desktop/Customer Information page/Cart page breadcrumb' is clicked on

2019-06-25 12:24:55 - [MESSAGE][PASSED] - Object: 'Object Repository/APOLLO- Desktop/Customer Information page/Cart page breadcrumb' is clicked on

2019-06-25 12:24:55 - [TEST_STEP][PASSED] - delay(2): Delayed 2 second(s)

2019-06-25 12:24:57 - [MESSAGE][PASSED] - Delayed 2 second(s)

2019-06-25 12:24:57 - [TEST_STEP][NOT_RUN] - executeJavaScript("var previewBar = document.getElementById("preview-bar-iframe"); previewBar.style.display = "none";", []): NOT_RUN: executeJavaScript("var previewBar = document.getElementById("preview-bar-iframe"); previewBar.style.display = "none";", [])

2019-06-25 12:24:57 - [MESSAGE][NOT_RUN] - NOT_RUN: executeJavaScript("var previewBar = document.getElementById("preview-bar-iframe"); previewBar.style.display = "none";", [])

2019-06-25 12:24:57 - [TEST_STEP][PASSED] - a = getText(findTestObject("APOLLO- Desktop/Cart page/Unit price - 1st product")): Text of object 'Object Repository/APOLLO- Desktop/Cart page/Unit price - 1st product' is: '$30'

2019-06-25 12:24:57 - [MESSAGE][PASSED] - Text of object 'Object Repository/APOLLO- Desktop/Cart page/Unit price - 1st product' is: '$30'

2019-06-25 12:24:57 - [TEST_STEP][PASSED] - comment("a=" + a): a=$30

2019-06-25 12:24:57 - [MESSAGE][INFO] - a=$30

2019-06-25 12:24:57 - [TEST_STEP][PASSED] - a1 = a.substring(1): null

2019-06-25 12:24:57 - [TEST_STEP][PASSED] - comment("a1=" + a1): a1=30

2019-06-25 12:24:57 - [MESSAGE][INFO] - a1=30

2019-06-25 12:24:57 - [TEST_STEP][PASSED] - b = getText(findTestObject("APOLLO- Desktop/Cart page/Unit price - 2nd product")): Text of object 'Object Repository/APOLLO- Desktop/Cart page/Unit price - 2nd product' is: '$30'

2019-06-25 12:24:57 - [MESSAGE][PASSED] - Text of object 'Object Repository/APOLLO- Desktop/Cart page/Unit price - 2nd product' is: '$30'

2019-06-25 12:24:57 - [TEST_STEP][PASSED] - comment("b=" + b): b=$30

2019-06-25 12:24:57 - [MESSAGE][INFO] - b=$30

2019-06-25 12:24:57 - [TEST_STEP][PASSED] - b1 = b.substring(1): null

2019-06-25 12:24:57 - [TEST_STEP][PASSED] - comment("b1=" + b1): b1=30

2019-06-25 12:24:57 - [MESSAGE][INFO] - b1=30

2019-06-25 12:24:57 - [TEST_STEP][PASSED] - p1 = <not implemented yet for class: org.codehaus.groovy.ast.expr.EmptyExpression>: null

2019-06-25 12:24:57 - [TEST_STEP][PASSED] - p2 = <not implemented yet for class: org.codehaus.groovy.ast.expr.EmptyExpression>: null

2019-06-25 12:24:57 - [TEST_STEP][PASSED] - try: p1=30.0

2019-06-25 12:24:57 - [TEST_STEP][PASSED] - str = a1: null

2019-06-25 12:24:57 - [TEST_STEP][PASSED] - comment("str=" + str): str=30

2019-06-25 12:24:57 - [MESSAGE][INFO] - str=30

2019-06-25 12:24:57 - [TEST_STEP][PASSED] - p1 = Double.valueOf(str): null

2019-06-25 12:24:57 - [TEST_STEP][PASSED] - comment("p1=" + p1): p1=30.0

2019-06-25 12:24:57 - [MESSAGE][INFO] - p1=30.0

2019-06-25 12:24:57 - [TEST_STEP][PASSED] - try: p2=30.0

2019-06-25 12:24:57 - [TEST_STEP][PASSED] - str5 = b1: null

2019-06-25 12:24:57 - [TEST_STEP][PASSED] - comment("str5=" + str5): str5=30

2019-06-25 12:24:57 - [MESSAGE][INFO] - str5=30

2019-06-25 12:24:57 - [TEST_STEP][PASSED] - p2 = Double.valueOf(str5): null

2019-06-25 12:24:57 - [TEST_STEP][PASSED] - comment("p2=" + p2): p2=30.0

2019-06-25 12:24:57 - [MESSAGE][INFO] - p2=30.0

2019-06-25 12:24:57 - [TEST_STEP][PASSED] - total = p1 + p2: null

2019-06-25 12:24:57 - [TEST_STEP][PASSED] - comment("total=" + total): total=60.0

2019-06-25 12:24:57 - [MESSAGE][INFO] - total=60.0

2019-06-25 12:24:57 - [TEST_STEP][PASSED] - c = getText(findTestObject("APOLLO- Desktop/Cart page/Subtotal in cart page")): Text of object 'Object Repository/APOLLO- Desktop/Cart page/Subtotal in cart page' is: '$60.00'

2019-06-25 12:24:57 - [MESSAGE][PASSED] - Text of object 'Object Repository/APOLLO- Desktop/Cart page/Subtotal in cart page' is: '$60.00'

2019-06-25 12:24:57 - [TEST_STEP][PASSED] - comment("c=" + c): c=$60.00

2019-06-25 12:24:57 - [MESSAGE][INFO] - c=$60.00

2019-06-25 12:24:57 - [TEST_STEP][PASSED] - c1 = c.substring(1): null

2019-06-25 12:24:57 - [TEST_STEP][PASSED] - comment("c1=" + c1): c1=60.00

2019-06-25 12:24:57 - [MESSAGE][INFO] - c1=60.00

2019-06-25 12:24:57 - [TEST_STEP][PASSED] - p3 = <not implemented yet for class: org.codehaus.groovy.ast.expr.EmptyExpression>: null

2019-06-25 12:24:57 - [TEST_STEP][PASSED] - try: p3=60.0

2019-06-25 12:24:57 - [TEST_STEP][PASSED] - str = c1: null

2019-06-25 12:24:57 - [TEST_STEP][PASSED] - comment("str=" + str): str=60.00

2019-06-25 12:24:57 - [MESSAGE][INFO] - str=60.00

2019-06-25 12:24:57 - [TEST_STEP][PASSED] - p3 = Double.valueOf(str): null

2019-06-25 12:24:57 - [TEST_STEP][PASSED] - comment("p3=" + p3): p3=60.0

2019-06-25 12:24:57 - [MESSAGE][INFO] - p3=60.0

2019-06-25 12:24:57 - [TEST_STEP][PASSED] - verifyEqual(total, p3): Actual object '60' and expected object '60' are equal

2019-06-25 12:24:57 - [MESSAGE][PASSED] - Actual object '60' and expected object '60' are equal

2019-06-25 12:24:57 - [TEST_STEP][PASSED] - click(findTestObject("APOLLO- Desktop/Cart flyout/Checkout")): Object: 'Object Repository/APOLLO- Desktop/Cart flyout/Checkout' is clicked on

2019-06-25 12:24:59 - [MESSAGE][PASSED] - Object: 'Object Repository/APOLLO- Desktop/Cart flyout/Checkout' is clicked on

2019-06-25 12:24:59 - [TEST_STEP][PASSED] - callTestCase(findTestCase("CALL- CUSTOMER INFO PAGE"), [:], STOP_ON_FAILURE): Call Test Case 'Test Cases/CALL- CUSTOMER INFO PAGE' successfully

2019-06-25 12:24:59 - [TEST_CASE][PASSED] - Test Cases/CALL- CUSTOMER INFO PAGE: Test Cases/CALL- CUSTOMER INFO PAGE

2019-06-25 12:24:59 - [TEST_STEP][PASSED] - delay(2): Delayed 2 second(s)

2019-06-25 12:25:01 - [MESSAGE][PASSED] - Delayed 2 second(s)

2019-06-25 12:25:01 - [TEST_STEP][NOT_RUN] - executeJavaScript("var previewBar = document.getElementById("preview-bar-iframe"); previewBar.style.display = "none";", []): NOT_RUN: executeJavaScript("var previewBar = document.getElementById("preview-bar-iframe"); previewBar.style.display = "none";", [])

2019-06-25 12:25:01 - [MESSAGE][NOT_RUN] - NOT_RUN: executeJavaScript("var previewBar = document.getElementById("preview-bar-iframe"); previewBar.style.display = "none";", [])

2019-06-25 12:25:01 - [TEST_STEP][PASSED] - setText(findTestObject("APOLLO- Desktop/Customer Information page/Email"), "suman@gmail.com"): Text 'suman@gmail.com' is set on object 'Object Repository/APOLLO- Desktop/Customer Information page/Email'

2019-06-25 12:25:01 - [MESSAGE][PASSED] - Text 'suman@gmail.com' is set on object 'Object Repository/APOLLO- Desktop/Customer Information page/Email'

2019-06-25 12:25:01 - [TEST_STEP][PASSED] - delay(2): Delayed 2 second(s)

2019-06-25 12:25:03 - [MESSAGE][PASSED] - Delayed 2 second(s)

2019-06-25 12:25:03 - [TEST_STEP][PASSED] - setText(findTestObject("APOLLO- Desktop/Customer Information page/First name"), "suman"): Text 'suman' is set on object 'Object Repository/APOLLO- Desktop/Customer Information page/First name'

2019-06-25 12:25:03 - [MESSAGE][PASSED] - Text 'suman' is set on object 'Object Repository/APOLLO- Desktop/Customer Information page/First name'

2019-06-25 12:25:03 - [TEST_STEP][PASSED] - delay(2): Delayed 2 second(s)

2019-06-25 12:25:05 - [MESSAGE][PASSED] - Delayed 2 second(s)

2019-06-25 12:25:05 - [TEST_STEP][PASSED] - setText(findTestObject("APOLLO- Desktop/Customer Information page/Last name"), "kompelly"): Text 'kompelly' is set on object 'Object Repository/APOLLO- Desktop/Customer Information page/Last name'

2019-06-25 12:25:05 - [MESSAGE][PASSED] - Text 'kompelly' is set on object 'Object Repository/APOLLO- Desktop/Customer Information page/Last name'

2019-06-25 12:25:05 - [TEST_STEP][PASSED] - delay(2): Delayed 2 second(s)

2019-06-25 12:25:07 - [MESSAGE][PASSED] - Delayed 2 second(s)

2019-06-25 12:25:07 - [TEST_STEP][PASSED] - setText(findTestObject("APOLLO- Desktop/Customer Information page/Address"), "1435 st alxendre"): Text '1435 st alxendre' is set on object 'Object Repository/APOLLO- Desktop/Customer Information page/Address'

2019-06-25 12:25:07 - [MESSAGE][PASSED] - Text '1435 st alxendre' is set on object 'Object Repository/APOLLO- Desktop/Customer Information page/Address'

2019-06-25 12:25:07 - [TEST_STEP][PASSED] - setText(findTestObject("APOLLO- Desktop/Customer Information page/Apartment"), "220"): Text '220' is set on object 'Object Repository/APOLLO- Desktop/Customer Information page/Apartment'

2019-06-25 12:25:08 - [MESSAGE][PASSED] - Text '220' is set on object 'Object Repository/APOLLO- Desktop/Customer Information page/Apartment'

2019-06-25 12:25:08 - [TEST_STEP][PASSED] - setText(findTestObject("APOLLO- Desktop/Customer Information page/City"), "montreal"): Text 'montreal' is set on object 'Object Repository/APOLLO- Desktop/Customer Information page/City'

2019-06-25 12:25:08 - [MESSAGE][PASSED] - Text 'montreal' is set on object 'Object Repository/APOLLO- Desktop/Customer Information page/City'

2019-06-25 12:25:08 - [TEST_STEP][PASSED] - selectOptionByValue(findTestObject("APOLLO- Desktop/Customer Information page/Country dropdown"), "United States", true): All options with value 'United States' are selected in object 'Object Repository/APOLLO- Desktop/Customer Information page/Country dropdown'  using regular expression

2019-06-25 12:25:11 - [MESSAGE][PASSED] - All options with value 'United States' are selected in object 'Object Repository/APOLLO- Desktop/Customer Information page/Country dropdown'  using regular expression

2019-06-25 12:25:11 - [TEST_STEP][PASSED] - selectOptionByValue(findTestObject("APOLLO- Desktop/Customer Information page/states dropdown"), "NJ", true): All options with value 'NJ' are selected in object 'Object Repository/APOLLO- Desktop/Customer Information page/states dropdown'  using regular expression

2019-06-25 12:25:12 - [MESSAGE][PASSED] - All options with value 'NJ' are selected in object 'Object Repository/APOLLO- Desktop/Customer Information page/states dropdown'  using regular expression

2019-06-25 12:25:12 - [TEST_STEP][PASSED] - setText(findTestObject("APOLLO- Desktop/Customer Information page/ZIP code"), "07057"): Text '07057' is set on object 'Object Repository/APOLLO- Desktop/Customer Information page/ZIP code'

2019-06-25 12:25:12 - [MESSAGE][PASSED] - Text '07057' is set on object 'Object Repository/APOLLO- Desktop/Customer Information page/ZIP code'

2019-06-25 12:25:12 - [MESSAGE][PASSED] - Call Test Case 'Test Cases/CALL- CUSTOMER INFO PAGE' successfully

2019-06-25 12:25:12 - [TEST_STEP][PASSED] - click(findTestObject("APOLLO- Desktop/Customer Information page/Continue to shipping")): Object: 'Object Repository/APOLLO- Desktop/Customer Information page/Continue to shipping' is clicked on

2019-06-25 12:25:14 - [MESSAGE][PASSED] - Object: 'Object Repository/APOLLO- Desktop/Customer Information page/Continue to shipping' is clicked on

2019-06-25 12:25:14 - [TEST_STEP][NOT_RUN] - executeJavaScript("var previewBar = document.getElementById("preview-bar-iframe"); previewBar.style.display = "none";", []): NOT_RUN: executeJavaScript("var previewBar = document.getElementById("preview-bar-iframe"); previewBar.style.display = "none";", [])

2019-06-25 12:25:14 - [MESSAGE][NOT_RUN] - NOT_RUN: executeJavaScript("var previewBar = document.getElementById("preview-bar-iframe"); previewBar.style.display = "none";", [])

2019-06-25 12:25:14 - [TEST_STEP][PASSED] - click(findTestObject("APOLLO- Desktop/Shipping page/Radio button check")): Object: 'Object Repository/APOLLO- Desktop/Shipping page/Radio button check' is clicked on

2019-06-25 12:25:15 - [MESSAGE][PASSED] - Object: 'Object Repository/APOLLO- Desktop/Shipping page/Radio button check' is clicked on

2019-06-25 12:25:15 - [TEST_STEP][NOT_RUN] - executeJavaScript("var previewBar = document.getElementById("preview-bar-iframe"); previewBar.style.display = "none";", []): NOT_RUN: executeJavaScript("var previewBar = document.getElementById("preview-bar-iframe"); previewBar.style.display = "none";", [])

2019-06-25 12:25:15 - [MESSAGE][NOT_RUN] - NOT_RUN: executeJavaScript("var previewBar = document.getElementById("preview-bar-iframe"); previewBar.style.display = "none";", [])

2019-06-25 12:25:15 - [TEST_STEP][PASSED] - click(findTestObject("APOLLO- Desktop/Shipping page/Continue to payment")): Object: 'Object Repository/APOLLO- Desktop/Shipping page/Continue to payment' is clicked on

2019-06-25 12:25:17 - [MESSAGE][PASSED] - Object: 'Object Repository/APOLLO- Desktop/Shipping page/Continue to payment' is clicked on

2019-06-25 12:25:17 - [TEST_STEP][NOT_RUN] - executeJavaScript("var previewBar = document.getElementById("preview-bar-iframe"); previewBar.style.display = "none";", []): NOT_RUN: executeJavaScript("var previewBar = document.getElementById("preview-bar-iframe"); previewBar.style.display = "none";", [])

2019-06-25 12:25:17 - [MESSAGE][NOT_RUN] - NOT_RUN: executeJavaScript("var previewBar = document.getElementById("preview-bar-iframe"); previewBar.style.display = "none";", [])

2019-06-25 12:25:17 - [TEST_STEP][PASSED] - click(findTestObject("APOLLO- Desktop/payment page/Payment section")): Object: 'Object Repository/APOLLO- Desktop/payment page/Payment section' is clicked on

2019-06-25 12:25:18 - [MESSAGE][PASSED] - Object: 'Object Repository/APOLLO- Desktop/payment page/Payment section' is clicked on]]></system-out>
         <system-err><![CDATA[]]></system-err>
      </testcase>
      <testcase name="Test Cases/CRITICAL PATH/Decrease quantity - cart page" classname="Test Cases/CRITICAL PATH/Decrease quantity - cart page" status="PASSED">
         <system-out><![CDATA[2019-06-25 12:25:18 - [TEST_CASE][PASSED] - Test Cases/CRITICAL PATH/Decrease quantity - cart page: Test Cases/CRITICAL PATH/Decrease quantity - cart page

2019-06-25 12:25:18 - [TEST_STEP][PASSED] - callTestCase(findTestCase("CALL - URL"), [:], STOP_ON_FAILURE): Call Test Case 'Test Cases/CALL - URL' successfully

2019-06-25 12:25:18 - [TEST_CASE][PASSED] - Test Cases/CALL - URL: Test Cases/CALL - URL

2019-06-25 12:25:18 - [TEST_STEP][PASSED] - openBrowser(""): Browser is opened with url: ''

2019-06-25 12:25:18 - [MESSAGE][WARNING] - A browser is already opened. Closing browser and opening a new one

2019-06-25 12:25:18 - [MESSAGE][INFO] - Starting 'Chrome' driver

2019-06-25 12:25:19 - [MESSAGE][PASSED] - Browser is opened with url: ''

2019-06-25 12:25:19 - [TEST_STEP][PASSED] - navigateToUrl("https://diff-apollo.myshopify.com/?key=eec34184cfd8f82cda816f82753a8c8e9e240f30cf54470e19667b8cbb401948&preview_theme_id="): Navigate to 'https://diff-apollo.myshopify.com/?key=eec34184cfd8f82cda816f82753a8c8e9e240f30cf54470e19667b8cbb401948&preview_theme_id=' successfully

2019-06-25 12:25:22 - [MESSAGE][PASSED] - Navigate to 'https://diff-apollo.myshopify.com/?key=eec34184cfd8f82cda816f82753a8c8e9e240f30cf54470e19667b8cbb401948&preview_theme_id=' successfully

2019-06-25 12:25:22 - [TEST_STEP][NOT_RUN] - executeJavaScript("var previewBar = document.getElementById("preview-bar-iframe"); previewBar.style.display = "none";", []): NOT_RUN: executeJavaScript("var previewBar = document.getElementById("preview-bar-iframe"); previewBar.style.display = "none";", [])

2019-06-25 12:25:22 - [MESSAGE][NOT_RUN] - NOT_RUN: executeJavaScript("var previewBar = document.getElementById("preview-bar-iframe"); previewBar.style.display = "none";", [])

2019-06-25 12:25:22 - [MESSAGE][PASSED] - Call Test Case 'Test Cases/CALL - URL' successfully

2019-06-25 12:25:22 - [TEST_STEP][PASSED] - delay(1): Delayed 1 second(s)

2019-06-25 12:25:23 - [MESSAGE][PASSED] - Delayed 1 second(s)

2019-06-25 12:25:23 - [TEST_STEP][PASSED] - click(findTestObject("APOLLO- Desktop/Burger Menu/Burgermenu")): Object: 'Object Repository/APOLLO- Desktop/Burger Menu/Burgermenu' is clicked on

2019-06-25 12:25:23 - [MESSAGE][PASSED] - Object: 'Object Repository/APOLLO- Desktop/Burger Menu/Burgermenu' is clicked on

2019-06-25 12:25:23 - [TEST_STEP][PASSED] - delay(2): Delayed 2 second(s)

2019-06-25 12:25:25 - [MESSAGE][PASSED] - Delayed 2 second(s)

2019-06-25 12:25:25 - [TEST_STEP][PASSED] - click(findTestObject("APOLLO- Desktop/Burger Menu/Mens chevron")): Object: 'Object Repository/APOLLO- Desktop/Burger Menu/Mens chevron' is clicked on

2019-06-25 12:25:25 - [MESSAGE][PASSED] - Object: 'Object Repository/APOLLO- Desktop/Burger Menu/Mens chevron' is clicked on

2019-06-25 12:25:25 - [TEST_STEP][PASSED] - delay(2): Delayed 2 second(s)

2019-06-25 12:25:27 - [MESSAGE][PASSED] - Delayed 2 second(s)

2019-06-25 12:25:27 - [TEST_STEP][PASSED] - click(findTestObject("APOLLO- Desktop/Burger Menu/Mens - Top Chevron")): Object: 'Object Repository/APOLLO- Desktop/Burger Menu/Mens - Top Chevron' is clicked on

2019-06-25 12:25:27 - [MESSAGE][PASSED] - Object: 'Object Repository/APOLLO- Desktop/Burger Menu/Mens - Top Chevron' is clicked on

2019-06-25 12:25:27 - [TEST_STEP][PASSED] - delay(2): Delayed 2 second(s)

2019-06-25 12:25:29 - [MESSAGE][PASSED] - Delayed 2 second(s)

2019-06-25 12:25:29 - [TEST_STEP][PASSED] - click(findTestObject("APOLLO- Desktop/Burger Menu/Shirts link")): Object: 'Object Repository/APOLLO- Desktop/Burger Menu/Shirts link' is clicked on

2019-06-25 12:25:30 - [MESSAGE][PASSED] - Object: 'Object Repository/APOLLO- Desktop/Burger Menu/Shirts link' is clicked on

2019-06-25 12:25:30 - [TEST_STEP][NOT_RUN] - executeJavaScript("var previewBar = document.getElementById("preview-bar-iframe"); previewBar.style.display = "none";", []): NOT_RUN: executeJavaScript("var previewBar = document.getElementById("preview-bar-iframe"); previewBar.style.display = "none";", [])

2019-06-25 12:25:30 - [MESSAGE][NOT_RUN] - NOT_RUN: executeJavaScript("var previewBar = document.getElementById("preview-bar-iframe"); previewBar.style.display = "none";", [])

2019-06-25 12:25:30 - [TEST_STEP][PASSED] - delay(2): Delayed 2 second(s)

2019-06-25 12:25:32 - [MESSAGE][PASSED] - Delayed 2 second(s)

2019-06-25 12:25:32 - [TEST_STEP][PASSED] - click(findTestObject("APOLLO- Desktop/Collection page/Blue shirt product")): Object: 'Object Repository/APOLLO- Desktop/Collection page/Blue shirt product' is clicked on

2019-06-25 12:25:33 - [MESSAGE][PASSED] - Object: 'Object Repository/APOLLO- Desktop/Collection page/Blue shirt product' is clicked on

2019-06-25 12:25:33 - [TEST_STEP][PASSED] - delay(2): Delayed 2 second(s)

2019-06-25 12:25:35 - [MESSAGE][PASSED] - Delayed 2 second(s)

2019-06-25 12:25:35 - [TEST_STEP][PASSED] - selectOptionByValue(findTestObject("APOLLO- Desktop/Product page/Size dropdown"), "Medium", true): All options with value 'Medium' are selected in object 'Object Repository/APOLLO- Desktop/Product page/Size dropdown'  using regular expression

2019-06-25 12:25:35 - [MESSAGE][PASSED] - All options with value 'Medium' are selected in object 'Object Repository/APOLLO- Desktop/Product page/Size dropdown'  using regular expression

2019-06-25 12:25:35 - [TEST_STEP][PASSED] - delay(2): Delayed 2 second(s)

2019-06-25 12:25:37 - [MESSAGE][PASSED] - Delayed 2 second(s)

2019-06-25 12:25:37 - [TEST_STEP][PASSED] - click(findTestObject("APOLLO- Desktop/Product page/Increase qunatity - prod page")): Object: 'Object Repository/APOLLO- Desktop/Product page/Increase qunatity - prod page' is clicked on

2019-06-25 12:25:37 - [MESSAGE][PASSED] - Object: 'Object Repository/APOLLO- Desktop/Product page/Increase qunatity - prod page' is clicked on

2019-06-25 12:25:37 - [TEST_STEP][PASSED] - delay(2): Delayed 2 second(s)

2019-06-25 12:25:39 - [MESSAGE][PASSED] - Delayed 2 second(s)

2019-06-25 12:25:39 - [TEST_STEP][PASSED] - click(findTestObject("APOLLO- Desktop/Product page/Increase qunatity - prod page")): Object: 'Object Repository/APOLLO- Desktop/Product page/Increase qunatity - prod page' is clicked on

2019-06-25 12:25:39 - [MESSAGE][PASSED] - Object: 'Object Repository/APOLLO- Desktop/Product page/Increase qunatity - prod page' is clicked on

2019-06-25 12:25:39 - [TEST_STEP][PASSED] - delay(2): Delayed 2 second(s)

2019-06-25 12:25:41 - [MESSAGE][PASSED] - Delayed 2 second(s)

2019-06-25 12:25:41 - [TEST_STEP][PASSED] - click(findTestObject("APOLLO- Desktop/Product page/Increase qunatity - prod page")): Object: 'Object Repository/APOLLO- Desktop/Product page/Increase qunatity - prod page' is clicked on

2019-06-25 12:25:41 - [MESSAGE][PASSED] - Object: 'Object Repository/APOLLO- Desktop/Product page/Increase qunatity - prod page' is clicked on

2019-06-25 12:25:41 - [TEST_STEP][PASSED] - delay(2): Delayed 2 second(s)

2019-06-25 12:25:43 - [MESSAGE][PASSED] - Delayed 2 second(s)

2019-06-25 12:25:43 - [TEST_STEP][PASSED] - click(findTestObject("APOLLO- Desktop/Product page/Increase qunatity - prod page")): Object: 'Object Repository/APOLLO- Desktop/Product page/Increase qunatity - prod page' is clicked on

2019-06-25 12:25:43 - [MESSAGE][PASSED] - Object: 'Object Repository/APOLLO- Desktop/Product page/Increase qunatity - prod page' is clicked on

2019-06-25 12:25:43 - [TEST_STEP][PASSED] - delay(2): Delayed 2 second(s)

2019-06-25 12:25:45 - [MESSAGE][PASSED] - Delayed 2 second(s)

2019-06-25 12:25:45 - [TEST_STEP][PASSED] - click(findTestObject("APOLLO- Desktop/Product page/Increase qunatity - prod page")): Object: 'Object Repository/APOLLO- Desktop/Product page/Increase qunatity - prod page' is clicked on

2019-06-25 12:25:45 - [MESSAGE][PASSED] - Object: 'Object Repository/APOLLO- Desktop/Product page/Increase qunatity - prod page' is clicked on

2019-06-25 12:25:45 - [TEST_STEP][PASSED] - delay(2): Delayed 2 second(s)

2019-06-25 12:25:47 - [MESSAGE][PASSED] - Delayed 2 second(s)

2019-06-25 12:25:47 - [TEST_STEP][PASSED] - click(findTestObject("APOLLO- Desktop/Product page/Add to bag")): Object: 'Object Repository/APOLLO- Desktop/Product page/Add to bag' is clicked on

2019-06-25 12:25:47 - [MESSAGE][PASSED] - Object: 'Object Repository/APOLLO- Desktop/Product page/Add to bag' is clicked on

2019-06-25 12:25:47 - [TEST_STEP][PASSED] - delay(2): Delayed 2 second(s)

2019-06-25 12:25:49 - [MESSAGE][PASSED] - Delayed 2 second(s)

2019-06-25 12:25:49 - [TEST_STEP][PASSED] - delay(2): Delayed 2 second(s)

2019-06-25 12:25:51 - [MESSAGE][PASSED] - Delayed 2 second(s)

2019-06-25 12:25:51 - [TEST_STEP][PASSED] - click(findTestObject("APOLLO- Desktop/Cart flyout/Checkout")): Object: 'Object Repository/APOLLO- Desktop/Cart flyout/Checkout' is clicked on

2019-06-25 12:25:54 - [MESSAGE][PASSED] - Object: 'Object Repository/APOLLO- Desktop/Cart flyout/Checkout' is clicked on

2019-06-25 12:25:54 - [TEST_STEP][PASSED] - delay(2): Delayed 2 second(s)

2019-06-25 12:25:56 - [MESSAGE][PASSED] - Delayed 2 second(s)

2019-06-25 12:25:56 - [TEST_STEP][PASSED] - click(findTestObject("APOLLO- Desktop/Customer Information page/Cart page breadcrumb")): Object: 'Object Repository/APOLLO- Desktop/Customer Information page/Cart page breadcrumb' is clicked on

2019-06-25 12:25:57 - [MESSAGE][PASSED] - Object: 'Object Repository/APOLLO- Desktop/Customer Information page/Cart page breadcrumb' is clicked on

2019-06-25 12:25:57 - [TEST_STEP][NOT_RUN] - executeJavaScript("var previewBar = document.getElementById("preview-bar-iframe"); previewBar.style.display = "none";", []): NOT_RUN: executeJavaScript("var previewBar = document.getElementById("preview-bar-iframe"); previewBar.style.display = "none";", [])

2019-06-25 12:25:57 - [MESSAGE][NOT_RUN] - NOT_RUN: executeJavaScript("var previewBar = document.getElementById("preview-bar-iframe"); previewBar.style.display = "none";", [])

2019-06-25 12:25:57 - [TEST_STEP][PASSED] - delay(2): Delayed 2 second(s)

2019-06-25 12:25:59 - [MESSAGE][PASSED] - Delayed 2 second(s)

2019-06-25 12:25:59 - [TEST_STEP][PASSED] - a = getText(findTestObject("APOLLO- Desktop/Cart page/Subtotal in cart page")): Text of object 'Object Repository/APOLLO- Desktop/Cart page/Subtotal in cart page' is: '$76.50'

2019-06-25 12:25:59 - [MESSAGE][PASSED] - Text of object 'Object Repository/APOLLO- Desktop/Cart page/Subtotal in cart page' is: '$76.50'

2019-06-25 12:25:59 - [TEST_STEP][PASSED] - comment("a=" + a): a=$76.50

2019-06-25 12:25:59 - [MESSAGE][INFO] - a=$76.50

2019-06-25 12:25:59 - [TEST_STEP][PASSED] - delay(2): Delayed 2 second(s)

2019-06-25 12:26:01 - [MESSAGE][PASSED] - Delayed 2 second(s)

2019-06-25 12:26:01 - [TEST_STEP][PASSED] - click(findTestObject("APOLLO- Desktop/Cart page/Decrease quantity - cart page")): Object: 'Object Repository/APOLLO- Desktop/Cart page/Decrease quantity - cart page' is clicked on

2019-06-25 12:26:01 - [MESSAGE][PASSED] - Object: 'Object Repository/APOLLO- Desktop/Cart page/Decrease quantity - cart page' is clicked on

2019-06-25 12:26:01 - [TEST_STEP][PASSED] - delay(2): Delayed 2 second(s)

2019-06-25 12:26:03 - [MESSAGE][PASSED] - Delayed 2 second(s)

2019-06-25 12:26:03 - [TEST_STEP][PASSED] - click(findTestObject("APOLLO- Desktop/Cart page/Decrease quantity - cart page")): Object: 'Object Repository/APOLLO- Desktop/Cart page/Decrease quantity - cart page' is clicked on

2019-06-25 12:26:04 - [MESSAGE][PASSED] - Object: 'Object Repository/APOLLO- Desktop/Cart page/Decrease quantity - cart page' is clicked on

2019-06-25 12:26:04 - [TEST_STEP][PASSED] - delay(2): Delayed 2 second(s)

2019-06-25 12:26:06 - [MESSAGE][PASSED] - Delayed 2 second(s)

2019-06-25 12:26:06 - [TEST_STEP][PASSED] - click(findTestObject("APOLLO- Desktop/Cart page/Decrease quantity - cart page")): Object: 'Object Repository/APOLLO- Desktop/Cart page/Decrease quantity - cart page' is clicked on

2019-06-25 12:26:06 - [MESSAGE][PASSED] - Object: 'Object Repository/APOLLO- Desktop/Cart page/Decrease quantity - cart page' is clicked on

2019-06-25 12:26:06 - [TEST_STEP][PASSED] - delay(2): Delayed 2 second(s)

2019-06-25 12:26:08 - [MESSAGE][PASSED] - Delayed 2 second(s)

2019-06-25 12:26:08 - [TEST_STEP][PASSED] - setText(findTestObject("APOLLO- Desktop/Cart flyout/CArt quanty update"), "1"): Text '1' is set on object 'Object Repository/APOLLO- Desktop/Cart flyout/CArt quanty update'

2019-06-25 12:26:08 - [MESSAGE][PASSED] - Text '1' is set on object 'Object Repository/APOLLO- Desktop/Cart flyout/CArt quanty update'

2019-06-25 12:26:08 - [TEST_STEP][PASSED] - delay(2): Delayed 2 second(s)

2019-06-25 12:26:10 - [MESSAGE][PASSED] - Delayed 2 second(s)

2019-06-25 12:26:10 - [TEST_STEP][PASSED] - click(findTestObject("APOLLO- Desktop/Cart page/Click outside the page")): Object: 'Object Repository/APOLLO- Desktop/Cart page/Click outside the page' is clicked on

2019-06-25 12:26:10 - [MESSAGE][PASSED] - Object: 'Object Repository/APOLLO- Desktop/Cart page/Click outside the page' is clicked on

2019-06-25 12:26:10 - [TEST_STEP][PASSED] - delay(2): Delayed 2 second(s)

2019-06-25 12:26:12 - [MESSAGE][PASSED] - Delayed 2 second(s)

2019-06-25 12:26:12 - [TEST_STEP][PASSED] - b = getText(findTestObject("APOLLO- Desktop/Cart page/Subtotal in cart page")): Text of object 'Object Repository/APOLLO- Desktop/Cart page/Subtotal in cart page' is: '$30.00'

2019-06-25 12:26:12 - [MESSAGE][PASSED] - Text of object 'Object Repository/APOLLO- Desktop/Cart page/Subtotal in cart page' is: '$30.00'

2019-06-25 12:26:12 - [TEST_STEP][PASSED] - comment("b=" + b): b=$30.00

2019-06-25 12:26:12 - [MESSAGE][INFO] - b=$30.00

2019-06-25 12:26:12 - [TEST_STEP][PASSED] - verifyNotEqual("a", "b"): Actual object 'a' and expected object 'b' are not equal

2019-06-25 12:26:12 - [MESSAGE][PASSED] - Actual object 'a' and expected object 'b' are not equal

2019-06-25 12:26:12 - [TEST_STEP][PASSED] - delay(2): Delayed 2 second(s)

2019-06-25 12:26:14 - [MESSAGE][PASSED] - Delayed 2 second(s)

2019-06-25 12:26:14 - [TEST_STEP][PASSED] - click(findTestObject("APOLLO- Desktop/Cart flyout/Checkout")): Object: 'Object Repository/APOLLO- Desktop/Cart flyout/Checkout' is clicked on

2019-06-25 12:26:16 - [MESSAGE][PASSED] - Object: 'Object Repository/APOLLO- Desktop/Cart flyout/Checkout' is clicked on

2019-06-25 12:26:16 - [TEST_STEP][PASSED] - delay(2): Delayed 2 second(s)

2019-06-25 12:26:18 - [MESSAGE][PASSED] - Delayed 2 second(s)

2019-06-25 12:26:18 - [TEST_STEP][PASSED] - callTestCase(findTestCase("CALL- CUSTOMER INFO PAGE"), [:], STOP_ON_FAILURE): Call Test Case 'Test Cases/CALL- CUSTOMER INFO PAGE' successfully

2019-06-25 12:26:18 - [TEST_CASE][PASSED] - Test Cases/CALL- CUSTOMER INFO PAGE: Test Cases/CALL- CUSTOMER INFO PAGE

2019-06-25 12:26:18 - [TEST_STEP][PASSED] - delay(2): Delayed 2 second(s)

2019-06-25 12:26:20 - [MESSAGE][PASSED] - Delayed 2 second(s)

2019-06-25 12:26:20 - [TEST_STEP][NOT_RUN] - executeJavaScript("var previewBar = document.getElementById("preview-bar-iframe"); previewBar.style.display = "none";", []): NOT_RUN: executeJavaScript("var previewBar = document.getElementById("preview-bar-iframe"); previewBar.style.display = "none";", [])

2019-06-25 12:26:20 - [MESSAGE][NOT_RUN] - NOT_RUN: executeJavaScript("var previewBar = document.getElementById("preview-bar-iframe"); previewBar.style.display = "none";", [])

2019-06-25 12:26:20 - [TEST_STEP][PASSED] - setText(findTestObject("APOLLO- Desktop/Customer Information page/Email"), "suman@gmail.com"): Text 'suman@gmail.com' is set on object 'Object Repository/APOLLO- Desktop/Customer Information page/Email'

2019-06-25 12:26:20 - [MESSAGE][PASSED] - Text 'suman@gmail.com' is set on object 'Object Repository/APOLLO- Desktop/Customer Information page/Email'

2019-06-25 12:26:21 - [TEST_STEP][PASSED] - delay(2): Delayed 2 second(s)

2019-06-25 12:26:23 - [MESSAGE][PASSED] - Delayed 2 second(s)

2019-06-25 12:26:23 - [TEST_STEP][PASSED] - setText(findTestObject("APOLLO- Desktop/Customer Information page/First name"), "suman"): Text 'suman' is set on object 'Object Repository/APOLLO- Desktop/Customer Information page/First name'

2019-06-25 12:26:23 - [MESSAGE][PASSED] - Text 'suman' is set on object 'Object Repository/APOLLO- Desktop/Customer Information page/First name'

2019-06-25 12:26:23 - [TEST_STEP][PASSED] - delay(2): Delayed 2 second(s)

2019-06-25 12:26:25 - [MESSAGE][PASSED] - Delayed 2 second(s)

2019-06-25 12:26:25 - [TEST_STEP][PASSED] - setText(findTestObject("APOLLO- Desktop/Customer Information page/Last name"), "kompelly"): Text 'kompelly' is set on object 'Object Repository/APOLLO- Desktop/Customer Information page/Last name'

2019-06-25 12:26:25 - [MESSAGE][PASSED] - Text 'kompelly' is set on object 'Object Repository/APOLLO- Desktop/Customer Information page/Last name'

2019-06-25 12:26:25 - [TEST_STEP][PASSED] - delay(2): Delayed 2 second(s)

2019-06-25 12:26:27 - [MESSAGE][PASSED] - Delayed 2 second(s)

2019-06-25 12:26:27 - [TEST_STEP][PASSED] - setText(findTestObject("APOLLO- Desktop/Customer Information page/Address"), "1435 st alxendre"): Text '1435 st alxendre' is set on object 'Object Repository/APOLLO- Desktop/Customer Information page/Address'

2019-06-25 12:26:27 - [MESSAGE][PASSED] - Text '1435 st alxendre' is set on object 'Object Repository/APOLLO- Desktop/Customer Information page/Address'

2019-06-25 12:26:27 - [TEST_STEP][PASSED] - setText(findTestObject("APOLLO- Desktop/Customer Information page/Apartment"), "220"): Text '220' is set on object 'Object Repository/APOLLO- Desktop/Customer Information page/Apartment'

2019-06-25 12:26:27 - [MESSAGE][PASSED] - Text '220' is set on object 'Object Repository/APOLLO- Desktop/Customer Information page/Apartment'

2019-06-25 12:26:27 - [TEST_STEP][PASSED] - setText(findTestObject("APOLLO- Desktop/Customer Information page/City"), "montreal"): Text 'montreal' is set on object 'Object Repository/APOLLO- Desktop/Customer Information page/City'

2019-06-25 12:26:27 - [MESSAGE][PASSED] - Text 'montreal' is set on object 'Object Repository/APOLLO- Desktop/Customer Information page/City'

2019-06-25 12:26:27 - [TEST_STEP][PASSED] - selectOptionByValue(findTestObject("APOLLO- Desktop/Customer Information page/Country dropdown"), "United States", true): All options with value 'United States' are selected in object 'Object Repository/APOLLO- Desktop/Customer Information page/Country dropdown'  using regular expression

2019-06-25 12:26:30 - [MESSAGE][PASSED] - All options with value 'United States' are selected in object 'Object Repository/APOLLO- Desktop/Customer Information page/Country dropdown'  using regular expression

2019-06-25 12:26:30 - [TEST_STEP][PASSED] - selectOptionByValue(findTestObject("APOLLO- Desktop/Customer Information page/states dropdown"), "NJ", true): All options with value 'NJ' are selected in object 'Object Repository/APOLLO- Desktop/Customer Information page/states dropdown'  using regular expression

2019-06-25 12:26:31 - [MESSAGE][PASSED] - All options with value 'NJ' are selected in object 'Object Repository/APOLLO- Desktop/Customer Information page/states dropdown'  using regular expression

2019-06-25 12:26:31 - [TEST_STEP][PASSED] - setText(findTestObject("APOLLO- Desktop/Customer Information page/ZIP code"), "07057"): Text '07057' is set on object 'Object Repository/APOLLO- Desktop/Customer Information page/ZIP code'

2019-06-25 12:26:31 - [MESSAGE][PASSED] - Text '07057' is set on object 'Object Repository/APOLLO- Desktop/Customer Information page/ZIP code'

2019-06-25 12:26:31 - [MESSAGE][PASSED] - Call Test Case 'Test Cases/CALL- CUSTOMER INFO PAGE' successfully

2019-06-25 12:26:31 - [TEST_STEP][PASSED] - delay(2): Delayed 2 second(s)

2019-06-25 12:26:33 - [MESSAGE][PASSED] - Delayed 2 second(s)

2019-06-25 12:26:33 - [TEST_STEP][NOT_RUN] - executeJavaScript("var previewBar = document.getElementById("preview-bar-iframe"); previewBar.style.display = "none";", []): NOT_RUN: executeJavaScript("var previewBar = document.getElementById("preview-bar-iframe"); previewBar.style.display = "none";", [])

2019-06-25 12:26:33 - [MESSAGE][NOT_RUN] - NOT_RUN: executeJavaScript("var previewBar = document.getElementById("preview-bar-iframe"); previewBar.style.display = "none";", [])

2019-06-25 12:26:33 - [TEST_STEP][PASSED] - click(findTestObject("APOLLO- Desktop/Customer Information page/Continue to shipping")): Object: 'Object Repository/APOLLO- Desktop/Customer Information page/Continue to shipping' is clicked on

2019-06-25 12:26:35 - [MESSAGE][PASSED] - Object: 'Object Repository/APOLLO- Desktop/Customer Information page/Continue to shipping' is clicked on

2019-06-25 12:26:35 - [TEST_STEP][PASSED] - delay(1): Delayed 1 second(s)

2019-06-25 12:26:36 - [MESSAGE][PASSED] - Delayed 1 second(s)

2019-06-25 12:26:36 - [TEST_STEP][PASSED] - click(findTestObject("APOLLO- Desktop/Shipping page/Radio button check")): Object: 'Object Repository/APOLLO- Desktop/Shipping page/Radio button check' is clicked on

2019-06-25 12:26:37 - [MESSAGE][PASSED] - Object: 'Object Repository/APOLLO- Desktop/Shipping page/Radio button check' is clicked on

2019-06-25 12:26:37 - [TEST_STEP][NOT_RUN] - executeJavaScript("var previewBar = document.getElementById("preview-bar-iframe"); previewBar.style.display = "none";", []): NOT_RUN: executeJavaScript("var previewBar = document.getElementById("preview-bar-iframe"); previewBar.style.display = "none";", [])

2019-06-25 12:26:37 - [MESSAGE][NOT_RUN] - NOT_RUN: executeJavaScript("var previewBar = document.getElementById("preview-bar-iframe"); previewBar.style.display = "none";", [])

2019-06-25 12:26:37 - [TEST_STEP][PASSED] - delay(1): Delayed 1 second(s)

2019-06-25 12:26:38 - [MESSAGE][PASSED] - Delayed 1 second(s)

2019-06-25 12:26:38 - [TEST_STEP][PASSED] - click(findTestObject("APOLLO- Desktop/Shipping page/Continue to payment")): Object: 'Object Repository/APOLLO- Desktop/Shipping page/Continue to payment' is clicked on

2019-06-25 12:26:40 - [MESSAGE][PASSED] - Object: 'Object Repository/APOLLO- Desktop/Shipping page/Continue to payment' is clicked on

2019-06-25 12:26:40 - [TEST_STEP][PASSED] - delay(1): Delayed 1 second(s)

2019-06-25 12:26:41 - [MESSAGE][PASSED] - Delayed 1 second(s)

2019-06-25 12:26:41 - [TEST_STEP][PASSED] - click(findTestObject("APOLLO- Desktop/payment page/Payment section")): Object: 'Object Repository/APOLLO- Desktop/payment page/Payment section' is clicked on

2019-06-25 12:26:41 - [MESSAGE][PASSED] - Object: 'Object Repository/APOLLO- Desktop/payment page/Payment section' is clicked on]]></system-out>
         <system-err><![CDATA[]]></system-err>
      </testcase>
      <testcase name="Test Cases/CRITICAL PATH/Adding product - Search flyout" classname="Test Cases/CRITICAL PATH/Adding product - Search flyout" status="FAILED">
         <failure type="FAILED" message="Test Cases/CRITICAL PATH/Adding product - Search flyout FAILED.
Reason:
com.kms.katalon.core.exception.StepFailedException: Unable to click on object 'Object Repository/APOLLO- Desktop/Home page/2nd product - search flyout' (Root cause: org.openqa.selenium.ElementNotVisibleException: element not interactable
  (Session info: chrome=75.0.3770.100)
  (Driver info: chromedriver=2.43.600229 (3fae4d0cda5334b4f533bede5a4787f7b832d052),platform=Mac OS X 10.13.6 x86_64) (WARNING: The server did not provide any stacktrace information)
Command duration or timeout: 0 milliseconds
Build info: version: '3.7.1', revision: '8a0099a', time: '2017-11-06T21:07:36.161Z'
System info: host: 'sumans-MacBook-Pro.local', ip: 'fe80:0:0:0:b7:68e8:717b:cb34%en0', os.name: 'Mac OS X', os.arch: 'x86_64', os.version: '10.13.6', java.version: '1.8.0_181'
Driver info: com.kms.katalon.selenium.driver.CChromeDriver
Capabilities {acceptInsecureCerts: false, acceptSslCerts: false, applicationCacheEnabled: false, browserConnectionEnabled: false, browserName: chrome, chrome: {chromedriverVersion: 2.43.600229 (3fae4d0cda5334..., userDataDir: /var/folders/1t/c55l8xzs6gq...}, cssSelectorsEnabled: true, databaseEnabled: false, goog:chromeOptions: {debuggerAddress: localhost:55476}, handlesAlerts: true, hasTouchScreen: false, javascriptEnabled: true, locationContextEnabled: true, mobileEmulationEnabled: false, nativeEvents: true, networkConnectionEnabled: false, pageLoadStrategy: normal, platform: MAC, platformName: MAC, rotatable: false, setWindowRect: true, takesHeapSnapshot: true, takesScreenshot: true, unexpectedAlertBehaviour: , unhandledPromptBehavior: , version: 75.0.3770.100, webStorageEnabled: true}
Session ID: b0fc763e2815d3b22eb12cc060420a85)
	at com.kms.katalon.core.keyword.internal.KeywordMain.stepFailed(KeywordMain.groovy:36)
	at com.kms.katalon.core.webui.keyword.internal.WebUIKeywordMain.stepFailed(WebUIKeywordMain.groovy:65)
	at com.kms.katalon.core.webui.keyword.internal.WebUIKeywordMain.runKeyword(WebUIKeywordMain.groovy:27)
	at com.kms.katalon.core.webui.keyword.builtin.ClickKeyword.click(ClickKeyword.groovy:86)
	at com.kms.katalon.core.webui.keyword.builtin.ClickKeyword.execute(ClickKeyword.groovy:67)
	at com.kms.katalon.core.keyword.internal.KeywordExecutor.executeKeywordForPlatform(KeywordExecutor.groovy:53)
	at com.kms.katalon.core.webui.keyword.WebUiBuiltInKeywords.click(WebUiBuiltInKeywords.groovy:616)
	at com.kms.katalon.core.webui.keyword.WebUiBuiltInKeywords$click$1.call(Unknown Source)
	at Adding product - Search flyout.run(Adding product - Search flyout:28)
	at com.kms.katalon.core.main.ScriptEngine.run(ScriptEngine.java:194)
	at com.kms.katalon.core.main.ScriptEngine.runScriptAsRawText(ScriptEngine.java:119)
	at com.kms.katalon.core.main.TestCaseExecutor.runScript(TestCaseExecutor.java:328)
	at com.kms.katalon.core.main.TestCaseExecutor.doExecute(TestCaseExecutor.java:319)
	at com.kms.katalon.core.main.TestCaseExecutor.processExecutionPhase(TestCaseExecutor.java:298)
	at com.kms.katalon.core.main.TestCaseExecutor.accessMainPhase(TestCaseExecutor.java:290)
	at com.kms.katalon.core.main.TestCaseExecutor.execute(TestCaseExecutor.java:224)
	at com.kms.katalon.core.main.TestSuiteExecutor.accessTestCaseMainPhase(TestSuiteExecutor.java:129)
	at com.kms.katalon.core.main.TestSuiteExecutor.accessTestSuiteMainPhase(TestSuiteExecutor.java:112)
	at com.kms.katalon.core.main.TestSuiteExecutor.execute(TestSuiteExecutor.java:81)
	at com.kms.katalon.core.main.TestCaseMain.startTestSuite(TestCaseMain.java:149)
	at com.kms.katalon.core.main.TestCaseMain$startTestSuite$0.call(Unknown Source)
	at TempTestSuite1561478401383.run(TempTestSuite1561478401383.groovy:36)
"/>
         <system-out><![CDATA[2019-06-25 12:26:41 - [TEST_CASE][FAILED] - Test Cases/CRITICAL PATH/Adding product - Search flyout: Test Cases/CRITICAL PATH/Adding product - Search flyout FAILED.
Reason:
com.kms.katalon.core.exception.StepFailedException: Unable to click on object 'Object Repository/APOLLO- Desktop/Home page/2nd product - search flyout' (Root cause: org.openqa.selenium.ElementNotVisibleException: element not interactable
  (Session info: chrome=75.0.3770.100)
  (Driver info: chromedriver=2.43.600229 (3fae4d0cda5334b4f533bede5a4787f7b832d052),platform=Mac OS X 10.13.6 x86_64) (WARNING: The server did not provide any stacktrace information)
Command duration or timeout: 0 milliseconds
Build info: version: '3.7.1', revision: '8a0099a', time: '2017-11-06T21:07:36.161Z'
System info: host: 'sumans-MacBook-Pro.local', ip: 'fe80:0:0:0:b7:68e8:717b:cb34%en0', os.name: 'Mac OS X', os.arch: 'x86_64', os.version: '10.13.6', java.version: '1.8.0_181'
Driver info: com.kms.katalon.selenium.driver.CChromeDriver
Capabilities {acceptInsecureCerts: false, acceptSslCerts: false, applicationCacheEnabled: false, browserConnectionEnabled: false, browserName: chrome, chrome: {chromedriverVersion: 2.43.600229 (3fae4d0cda5334..., userDataDir: /var/folders/1t/c55l8xzs6gq...}, cssSelectorsEnabled: true, databaseEnabled: false, goog:chromeOptions: {debuggerAddress: localhost:55476}, handlesAlerts: true, hasTouchScreen: false, javascriptEnabled: true, locationContextEnabled: true, mobileEmulationEnabled: false, nativeEvents: true, networkConnectionEnabled: false, pageLoadStrategy: normal, platform: MAC, platformName: MAC, rotatable: false, setWindowRect: true, takesHeapSnapshot: true, takesScreenshot: true, unexpectedAlertBehaviour: , unhandledPromptBehavior: , version: 75.0.3770.100, webStorageEnabled: true}
Session ID: b0fc763e2815d3b22eb12cc060420a85)
	at com.kms.katalon.core.keyword.internal.KeywordMain.stepFailed(KeywordMain.groovy:36)
	at com.kms.katalon.core.webui.keyword.internal.WebUIKeywordMain.stepFailed(WebUIKeywordMain.groovy:65)
	at com.kms.katalon.core.webui.keyword.internal.WebUIKeywordMain.runKeyword(WebUIKeywordMain.groovy:27)
	at com.kms.katalon.core.webui.keyword.builtin.ClickKeyword.click(ClickKeyword.groovy:86)
	at com.kms.katalon.core.webui.keyword.builtin.ClickKeyword.execute(ClickKeyword.groovy:67)
	at com.kms.katalon.core.keyword.internal.KeywordExecutor.executeKeywordForPlatform(KeywordExecutor.groovy:53)
	at com.kms.katalon.core.webui.keyword.WebUiBuiltInKeywords.click(WebUiBuiltInKeywords.groovy:616)
	at com.kms.katalon.core.webui.keyword.WebUiBuiltInKeywords$click$1.call(Unknown Source)
	at Adding product - Search flyout.run(Adding product - Search flyout:28)
	at com.kms.katalon.core.main.ScriptEngine.run(ScriptEngine.java:194)
	at com.kms.katalon.core.main.ScriptEngine.runScriptAsRawText(ScriptEngine.java:119)
	at com.kms.katalon.core.main.TestCaseExecutor.runScript(TestCaseExecutor.java:328)
	at com.kms.katalon.core.main.TestCaseExecutor.doExecute(TestCaseExecutor.java:319)
	at com.kms.katalon.core.main.TestCaseExecutor.processExecutionPhase(TestCaseExecutor.java:298)
	at com.kms.katalon.core.main.TestCaseExecutor.accessMainPhase(TestCaseExecutor.java:290)
	at com.kms.katalon.core.main.TestCaseExecutor.execute(TestCaseExecutor.java:224)
	at com.kms.katalon.core.main.TestSuiteExecutor.accessTestCaseMainPhase(TestSuiteExecutor.java:129)
	at com.kms.katalon.core.main.TestSuiteExecutor.accessTestSuiteMainPhase(TestSuiteExecutor.java:112)
	at com.kms.katalon.core.main.TestSuiteExecutor.execute(TestSuiteExecutor.java:81)
	at com.kms.katalon.core.main.TestCaseMain.startTestSuite(TestCaseMain.java:149)
	at com.kms.katalon.core.main.TestCaseMain$startTestSuite$0.call(Unknown Source)
	at TempTestSuite1561478401383.run(TempTestSuite1561478401383.groovy:36)


2019-06-25 12:26:41 - [TEST_STEP][PASSED] - callTestCase(findTestCase("CALL - URL"), [:], STOP_ON_FAILURE): Call Test Case 'Test Cases/CALL - URL' successfully

2019-06-25 12:26:41 - [TEST_CASE][PASSED] - Test Cases/CALL - URL: Test Cases/CALL - URL

2019-06-25 12:26:41 - [TEST_STEP][PASSED] - openBrowser(""): Browser is opened with url: ''

2019-06-25 12:26:41 - [MESSAGE][WARNING] - A browser is already opened. Closing browser and opening a new one

2019-06-25 12:26:41 - [MESSAGE][INFO] - Starting 'Chrome' driver

2019-06-25 12:26:42 - [MESSAGE][PASSED] - Browser is opened with url: ''

2019-06-25 12:26:42 - [TEST_STEP][PASSED] - navigateToUrl("https://diff-apollo.myshopify.com/?key=eec34184cfd8f82cda816f82753a8c8e9e240f30cf54470e19667b8cbb401948&preview_theme_id="): Navigate to 'https://diff-apollo.myshopify.com/?key=eec34184cfd8f82cda816f82753a8c8e9e240f30cf54470e19667b8cbb401948&preview_theme_id=' successfully

2019-06-25 12:26:45 - [MESSAGE][PASSED] - Navigate to 'https://diff-apollo.myshopify.com/?key=eec34184cfd8f82cda816f82753a8c8e9e240f30cf54470e19667b8cbb401948&preview_theme_id=' successfully

2019-06-25 12:26:45 - [TEST_STEP][NOT_RUN] - executeJavaScript("var previewBar = document.getElementById("preview-bar-iframe"); previewBar.style.display = "none";", []): NOT_RUN: executeJavaScript("var previewBar = document.getElementById("preview-bar-iframe"); previewBar.style.display = "none";", [])

2019-06-25 12:26:45 - [MESSAGE][NOT_RUN] - NOT_RUN: executeJavaScript("var previewBar = document.getElementById("preview-bar-iframe"); previewBar.style.display = "none";", [])

2019-06-25 12:26:45 - [MESSAGE][PASSED] - Call Test Case 'Test Cases/CALL - URL' successfully

2019-06-25 12:26:45 - [TEST_STEP][PASSED] - delay(2): Delayed 2 second(s)

2019-06-25 12:26:47 - [MESSAGE][PASSED] - Delayed 2 second(s)

2019-06-25 12:26:47 - [TEST_STEP][PASSED] - click(findTestObject("APOLLO- Desktop/Home page/Search input")): Object: 'Object Repository/APOLLO- Desktop/Home page/Search input' is clicked on

2019-06-25 12:26:47 - [MESSAGE][PASSED] - Object: 'Object Repository/APOLLO- Desktop/Home page/Search input' is clicked on

2019-06-25 12:26:47 - [TEST_STEP][PASSED] - delay(1): Delayed 1 second(s)

2019-06-25 12:26:48 - [MESSAGE][PASSED] - Delayed 1 second(s)

2019-06-25 12:26:48 - [TEST_STEP][PASSED] - setText(findTestObject("APOLLO- Desktop/Home page/Search input box to enter"), "jacket"): Text 'jacket' is set on object 'Object Repository/APOLLO- Desktop/Home page/Search input box to enter'

2019-06-25 12:26:48 - [MESSAGE][PASSED] - Text 'jacket' is set on object 'Object Repository/APOLLO- Desktop/Home page/Search input box to enter'

2019-06-25 12:26:48 - [TEST_STEP][PASSED] - delay(1): Delayed 1 second(s)

2019-06-25 12:26:49 - [MESSAGE][PASSED] - Delayed 1 second(s)

2019-06-25 12:26:49 - [TEST_STEP][FAILED] - click(findTestObject("APOLLO- Desktop/Home page/2nd product - search flyout")): click(findTestObject("APOLLO- Desktop/Home page/2nd product - search flyout")) FAILED.
Reason:
com.kms.katalon.core.exception.StepFailedException: Unable to click on object 'Object Repository/APOLLO- Desktop/Home page/2nd product - search flyout' (Root cause: org.openqa.selenium.ElementNotVisibleException: element not interactable
  (Session info: chrome=75.0.3770.100)
  (Driver info: chromedriver=2.43.600229 (3fae4d0cda5334b4f533bede5a4787f7b832d052),platform=Mac OS X 10.13.6 x86_64) (WARNING: The server did not provide any stacktrace information)
Command duration or timeout: 0 milliseconds
Build info: version: '3.7.1', revision: '8a0099a', time: '2017-11-06T21:07:36.161Z'
System info: host: 'sumans-MacBook-Pro.local', ip: 'fe80:0:0:0:b7:68e8:717b:cb34%en0', os.name: 'Mac OS X', os.arch: 'x86_64', os.version: '10.13.6', java.version: '1.8.0_181'
Driver info: com.kms.katalon.selenium.driver.CChromeDriver
Capabilities {acceptInsecureCerts: false, acceptSslCerts: false, applicationCacheEnabled: false, browserConnectionEnabled: false, browserName: chrome, chrome: {chromedriverVersion: 2.43.600229 (3fae4d0cda5334..., userDataDir: /var/folders/1t/c55l8xzs6gq...}, cssSelectorsEnabled: true, databaseEnabled: false, goog:chromeOptions: {debuggerAddress: localhost:55476}, handlesAlerts: true, hasTouchScreen: false, javascriptEnabled: true, locationContextEnabled: true, mobileEmulationEnabled: false, nativeEvents: true, networkConnectionEnabled: false, pageLoadStrategy: normal, platform: MAC, platformName: MAC, rotatable: false, setWindowRect: true, takesHeapSnapshot: true, takesScreenshot: true, unexpectedAlertBehaviour: , unhandledPromptBehavior: , version: 75.0.3770.100, webStorageEnabled: true}
Session ID: b0fc763e2815d3b22eb12cc060420a85)
	at com.kms.katalon.core.keyword.internal.KeywordMain.stepFailed(KeywordMain.groovy:36)
	at com.kms.katalon.core.webui.keyword.internal.WebUIKeywordMain.stepFailed(WebUIKeywordMain.groovy:65)
	at com.kms.katalon.core.webui.keyword.internal.WebUIKeywordMain.runKeyword(WebUIKeywordMain.groovy:27)
	at com.kms.katalon.core.webui.keyword.builtin.ClickKeyword.click(ClickKeyword.groovy:86)
	at com.kms.katalon.core.webui.keyword.builtin.ClickKeyword.execute(ClickKeyword.groovy:67)
	at com.kms.katalon.core.keyword.internal.KeywordExecutor.executeKeywordForPlatform(KeywordExecutor.groovy:53)
	at com.kms.katalon.core.webui.keyword.WebUiBuiltInKeywords.click(WebUiBuiltInKeywords.groovy:616)
	at com.kms.katalon.core.webui.keyword.WebUiBuiltInKeywords$click$1.call(Unknown Source)
	at Adding product - Search flyout.run(Adding product - Search flyout:28)
	at com.kms.katalon.core.main.ScriptEngine.run(ScriptEngine.java:194)
	at com.kms.katalon.core.main.ScriptEngine.runScriptAsRawText(ScriptEngine.java:119)
	at com.kms.katalon.core.main.TestCaseExecutor.runScript(TestCaseExecutor.java:328)
	at com.kms.katalon.core.main.TestCaseExecutor.doExecute(TestCaseExecutor.java:319)
	at com.kms.katalon.core.main.TestCaseExecutor.processExecutionPhase(TestCaseExecutor.java:298)
	at com.kms.katalon.core.main.TestCaseExecutor.accessMainPhase(TestCaseExecutor.java:290)
	at com.kms.katalon.core.main.TestCaseExecutor.execute(TestCaseExecutor.java:224)
	at com.kms.katalon.core.main.TestSuiteExecutor.accessTestCaseMainPhase(TestSuiteExecutor.java:129)
	at com.kms.katalon.core.main.TestSuiteExecutor.accessTestSuiteMainPhase(TestSuiteExecutor.java:112)
	at com.kms.katalon.core.main.TestSuiteExecutor.execute(TestSuiteExecutor.java:81)
	at com.kms.katalon.core.main.TestCaseMain.startTestSuite(TestCaseMain.java:149)
	at com.kms.katalon.core.main.TestCaseMain$startTestSuite$0.call(Unknown Source)
	at TempTestSuite1561478401383.run(TempTestSuite1561478401383.groovy:36)


2019-06-25 12:26:50 - [MESSAGE][FAILED] - Unable to click on object 'Object Repository/APOLLO- Desktop/Home page/2nd product - search flyout' (Root cause: org.openqa.selenium.ElementNotVisibleException: element not interactable
  (Session info: chrome=75.0.3770.100)
  (Driver info: chromedriver=2.43.600229 (3fae4d0cda5334b4f533bede5a4787f7b832d052),platform=Mac OS X 10.13.6 x86_64) (WARNING: The server did not provide any stacktrace information)
Command duration or timeout: 0 milliseconds
Build info: version: '3.7.1', revision: '8a0099a', time: '2017-11-06T21:07:36.161Z'
System info: host: 'sumans-MacBook-Pro.local', ip: 'fe80:0:0:0:b7:68e8:717b:cb34%en0', os.name: 'Mac OS X', os.arch: 'x86_64', os.version: '10.13.6', java.version: '1.8.0_181'
Driver info: com.kms.katalon.selenium.driver.CChromeDriver
Capabilities {acceptInsecureCerts: false, acceptSslCerts: false, applicationCacheEnabled: false, browserConnectionEnabled: false, browserName: chrome, chrome: {chromedriverVersion: 2.43.600229 (3fae4d0cda5334..., userDataDir: /var/folders/1t/c55l8xzs6gq...}, cssSelectorsEnabled: true, databaseEnabled: false, goog:chromeOptions: {debuggerAddress: localhost:55476}, handlesAlerts: true, hasTouchScreen: false, javascriptEnabled: true, locationContextEnabled: true, mobileEmulationEnabled: false, nativeEvents: true, networkConnectionEnabled: false, pageLoadStrategy: normal, platform: MAC, platformName: MAC, rotatable: false, setWindowRect: true, takesHeapSnapshot: true, takesScreenshot: true, unexpectedAlertBehaviour: , unhandledPromptBehavior: , version: 75.0.3770.100, webStorageEnabled: true}
Session ID: b0fc763e2815d3b22eb12cc060420a85)
[[ATTACHMENT|/Users/sumankompelly/Katalon Studio/APOLLO/Reports/Apollo - dark build/20190625_120001/1561480009967.png]]

2019-06-25 12:26:50 - [MESSAGE][FAILED] - click(findTestObject("APOLLO- Desktop/Home page/2nd product - search flyout")) FAILED.
Reason:
com.kms.katalon.core.exception.StepFailedException: Unable to click on object 'Object Repository/APOLLO- Desktop/Home page/2nd product - search flyout' (Root cause: org.openqa.selenium.ElementNotVisibleException: element not interactable
  (Session info: chrome=75.0.3770.100)
  (Driver info: chromedriver=2.43.600229 (3fae4d0cda5334b4f533bede5a4787f7b832d052),platform=Mac OS X 10.13.6 x86_64) (WARNING: The server did not provide any stacktrace information)
Command duration or timeout: 0 milliseconds
Build info: version: '3.7.1', revision: '8a0099a', time: '2017-11-06T21:07:36.161Z'
System info: host: 'sumans-MacBook-Pro.local', ip: 'fe80:0:0:0:b7:68e8:717b:cb34%en0', os.name: 'Mac OS X', os.arch: 'x86_64', os.version: '10.13.6', java.version: '1.8.0_181'
Driver info: com.kms.katalon.selenium.driver.CChromeDriver
Capabilities {acceptInsecureCerts: false, acceptSslCerts: false, applicationCacheEnabled: false, browserConnectionEnabled: false, browserName: chrome, chrome: {chromedriverVersion: 2.43.600229 (3fae4d0cda5334..., userDataDir: /var/folders/1t/c55l8xzs6gq...}, cssSelectorsEnabled: true, databaseEnabled: false, goog:chromeOptions: {debuggerAddress: localhost:55476}, handlesAlerts: true, hasTouchScreen: false, javascriptEnabled: true, locationContextEnabled: true, mobileEmulationEnabled: false, nativeEvents: true, networkConnectionEnabled: false, pageLoadStrategy: normal, platform: MAC, platformName: MAC, rotatable: false, setWindowRect: true, takesHeapSnapshot: true, takesScreenshot: true, unexpectedAlertBehaviour: , unhandledPromptBehavior: , version: 75.0.3770.100, webStorageEnabled: true}
Session ID: b0fc763e2815d3b22eb12cc060420a85)
	at com.kms.katalon.core.keyword.internal.KeywordMain.stepFailed(KeywordMain.groovy:36)
	at com.kms.katalon.core.webui.keyword.internal.WebUIKeywordMain.stepFailed(WebUIKeywordMain.groovy:65)
	at com.kms.katalon.core.webui.keyword.internal.WebUIKeywordMain.runKeyword(WebUIKeywordMain.groovy:27)
	at com.kms.katalon.core.webui.keyword.builtin.ClickKeyword.click(ClickKeyword.groovy:86)
	at com.kms.katalon.core.webui.keyword.builtin.ClickKeyword.execute(ClickKeyword.groovy:67)
	at com.kms.katalon.core.keyword.internal.KeywordExecutor.executeKeywordForPlatform(KeywordExecutor.groovy:53)
	at com.kms.katalon.core.webui.keyword.WebUiBuiltInKeywords.click(WebUiBuiltInKeywords.groovy:616)
	at com.kms.katalon.core.webui.keyword.WebUiBuiltInKeywords$click$1.call(Unknown Source)
	at Adding product - Search flyout.run(Adding product - Search flyout:28)
	at com.kms.katalon.core.main.ScriptEngine.run(ScriptEngine.java:194)
	at com.kms.katalon.core.main.ScriptEngine.runScriptAsRawText(ScriptEngine.java:119)
	at com.kms.katalon.core.main.TestCaseExecutor.runScript(TestCaseExecutor.java:328)
	at com.kms.katalon.core.main.TestCaseExecutor.doExecute(TestCaseExecutor.java:319)
	at com.kms.katalon.core.main.TestCaseExecutor.processExecutionPhase(TestCaseExecutor.java:298)
	at com.kms.katalon.core.main.TestCaseExecutor.accessMainPhase(TestCaseExecutor.java:290)
	at com.kms.katalon.core.main.TestCaseExecutor.execute(TestCaseExecutor.java:224)
	at com.kms.katalon.core.main.TestSuiteExecutor.accessTestCaseMainPhase(TestSuiteExecutor.java:129)
	at com.kms.katalon.core.main.TestSuiteExecutor.accessTestSuiteMainPhase(TestSuiteExecutor.java:112)
	at com.kms.katalon.core.main.TestSuiteExecutor.execute(TestSuiteExecutor.java:81)
	at com.kms.katalon.core.main.TestCaseMain.startTestSuite(TestCaseMain.java:149)
	at com.kms.katalon.core.main.TestCaseMain$startTestSuite$0.call(Unknown Source)
	at TempTestSuite1561478401383.run(TempTestSuite1561478401383.groovy:36)]]></system-out>
         <system-err><![CDATA[2019-06-25 12:26:41 - [TEST_CASE][FAILED] - Test Cases/CRITICAL PATH/Adding product - Search flyout: Test Cases/CRITICAL PATH/Adding product - Search flyout FAILED.
Reason:
com.kms.katalon.core.exception.StepFailedException: Unable to click on object 'Object Repository/APOLLO- Desktop/Home page/2nd product - search flyout' (Root cause: org.openqa.selenium.ElementNotVisibleException: element not interactable
  (Session info: chrome=75.0.3770.100)
  (Driver info: chromedriver=2.43.600229 (3fae4d0cda5334b4f533bede5a4787f7b832d052),platform=Mac OS X 10.13.6 x86_64) (WARNING: The server did not provide any stacktrace information)
Command duration or timeout: 0 milliseconds
Build info: version: '3.7.1', revision: '8a0099a', time: '2017-11-06T21:07:36.161Z'
System info: host: 'sumans-MacBook-Pro.local', ip: 'fe80:0:0:0:b7:68e8:717b:cb34%en0', os.name: 'Mac OS X', os.arch: 'x86_64', os.version: '10.13.6', java.version: '1.8.0_181'
Driver info: com.kms.katalon.selenium.driver.CChromeDriver
Capabilities {acceptInsecureCerts: false, acceptSslCerts: false, applicationCacheEnabled: false, browserConnectionEnabled: false, browserName: chrome, chrome: {chromedriverVersion: 2.43.600229 (3fae4d0cda5334..., userDataDir: /var/folders/1t/c55l8xzs6gq...}, cssSelectorsEnabled: true, databaseEnabled: false, goog:chromeOptions: {debuggerAddress: localhost:55476}, handlesAlerts: true, hasTouchScreen: false, javascriptEnabled: true, locationContextEnabled: true, mobileEmulationEnabled: false, nativeEvents: true, networkConnectionEnabled: false, pageLoadStrategy: normal, platform: MAC, platformName: MAC, rotatable: false, setWindowRect: true, takesHeapSnapshot: true, takesScreenshot: true, unexpectedAlertBehaviour: , unhandledPromptBehavior: , version: 75.0.3770.100, webStorageEnabled: true}
Session ID: b0fc763e2815d3b22eb12cc060420a85)
	at com.kms.katalon.core.keyword.internal.KeywordMain.stepFailed(KeywordMain.groovy:36)
	at com.kms.katalon.core.webui.keyword.internal.WebUIKeywordMain.stepFailed(WebUIKeywordMain.groovy:65)
	at com.kms.katalon.core.webui.keyword.internal.WebUIKeywordMain.runKeyword(WebUIKeywordMain.groovy:27)
	at com.kms.katalon.core.webui.keyword.builtin.ClickKeyword.click(ClickKeyword.groovy:86)
	at com.kms.katalon.core.webui.keyword.builtin.ClickKeyword.execute(ClickKeyword.groovy:67)
	at com.kms.katalon.core.keyword.internal.KeywordExecutor.executeKeywordForPlatform(KeywordExecutor.groovy:53)
	at com.kms.katalon.core.webui.keyword.WebUiBuiltInKeywords.click(WebUiBuiltInKeywords.groovy:616)
	at com.kms.katalon.core.webui.keyword.WebUiBuiltInKeywords$click$1.call(Unknown Source)
	at Adding product - Search flyout.run(Adding product - Search flyout:28)
	at com.kms.katalon.core.main.ScriptEngine.run(ScriptEngine.java:194)
	at com.kms.katalon.core.main.ScriptEngine.runScriptAsRawText(ScriptEngine.java:119)
	at com.kms.katalon.core.main.TestCaseExecutor.runScript(TestCaseExecutor.java:328)
	at com.kms.katalon.core.main.TestCaseExecutor.doExecute(TestCaseExecutor.java:319)
	at com.kms.katalon.core.main.TestCaseExecutor.processExecutionPhase(TestCaseExecutor.java:298)
	at com.kms.katalon.core.main.TestCaseExecutor.accessMainPhase(TestCaseExecutor.java:290)
	at com.kms.katalon.core.main.TestCaseExecutor.execute(TestCaseExecutor.java:224)
	at com.kms.katalon.core.main.TestSuiteExecutor.accessTestCaseMainPhase(TestSuiteExecutor.java:129)
	at com.kms.katalon.core.main.TestSuiteExecutor.accessTestSuiteMainPhase(TestSuiteExecutor.java:112)
	at com.kms.katalon.core.main.TestSuiteExecutor.execute(TestSuiteExecutor.java:81)
	at com.kms.katalon.core.main.TestCaseMain.startTestSuite(TestCaseMain.java:149)
	at com.kms.katalon.core.main.TestCaseMain$startTestSuite$0.call(Unknown Source)
	at TempTestSuite1561478401383.run(TempTestSuite1561478401383.groovy:36)]]></system-err>
      </testcase>
      <testcase name="Test Cases/CRITICAL PATH/Adding product - home page" classname="Test Cases/CRITICAL PATH/Adding product - home page" status="FAILED">
         <failure type="FAILED" message="Test Cases/CRITICAL PATH/Adding product - home page FAILED.
Reason:
com.kms.katalon.core.exception.StepFailedException: Unable to click on object 'Object Repository/APOLLO- Desktop/Collection page/Lenin jacket' (Root cause: com.kms.katalon.core.webui.exception.WebElementNotFoundException: Web element with id: 'Object Repository/APOLLO- Desktop/Collection page/Lenin jacket' located by 'By.xpath: //div[@id='shopify-section-collection-template']/section/div[3]/ol/li/div/a/div' not found)
	at com.kms.katalon.core.keyword.internal.KeywordMain.stepFailed(KeywordMain.groovy:36)
	at com.kms.katalon.core.webui.keyword.internal.WebUIKeywordMain.stepFailed(WebUIKeywordMain.groovy:65)
	at com.kms.katalon.core.webui.keyword.internal.WebUIKeywordMain.runKeyword(WebUIKeywordMain.groovy:27)
	at com.kms.katalon.core.webui.keyword.builtin.ClickKeyword.click(ClickKeyword.groovy:86)
	at com.kms.katalon.core.webui.keyword.builtin.ClickKeyword.execute(ClickKeyword.groovy:67)
	at com.kms.katalon.core.keyword.internal.KeywordExecutor.executeKeywordForPlatform(KeywordExecutor.groovy:53)
	at com.kms.katalon.core.webui.keyword.WebUiBuiltInKeywords.click(WebUiBuiltInKeywords.groovy:616)
	at com.kms.katalon.core.webui.keyword.WebUiBuiltInKeywords$click$1.call(Unknown Source)
	at Adding product - home page.run(Adding product - home page:30)
	at com.kms.katalon.core.main.ScriptEngine.run(ScriptEngine.java:194)
	at com.kms.katalon.core.main.ScriptEngine.runScriptAsRawText(ScriptEngine.java:119)
	at com.kms.katalon.core.main.TestCaseExecutor.runScript(TestCaseExecutor.java:328)
	at com.kms.katalon.core.main.TestCaseExecutor.doExecute(TestCaseExecutor.java:319)
	at com.kms.katalon.core.main.TestCaseExecutor.processExecutionPhase(TestCaseExecutor.java:298)
	at com.kms.katalon.core.main.TestCaseExecutor.accessMainPhase(TestCaseExecutor.java:290)
	at com.kms.katalon.core.main.TestCaseExecutor.execute(TestCaseExecutor.java:224)
	at com.kms.katalon.core.main.TestSuiteExecutor.accessTestCaseMainPhase(TestSuiteExecutor.java:129)
	at com.kms.katalon.core.main.TestSuiteExecutor.accessTestSuiteMainPhase(TestSuiteExecutor.java:112)
	at com.kms.katalon.core.main.TestSuiteExecutor.execute(TestSuiteExecutor.java:81)
	at com.kms.katalon.core.main.TestCaseMain.startTestSuite(TestCaseMain.java:149)
	at com.kms.katalon.core.main.TestCaseMain$startTestSuite$0.call(Unknown Source)
	at TempTestSuite1561478401383.run(TempTestSuite1561478401383.groovy:36)
"/>
         <system-out><![CDATA[2019-06-25 12:26:50 - [TEST_CASE][FAILED] - Test Cases/CRITICAL PATH/Adding product - home page: Test Cases/CRITICAL PATH/Adding product - home page FAILED.
Reason:
com.kms.katalon.core.exception.StepFailedException: Unable to click on object 'Object Repository/APOLLO- Desktop/Collection page/Lenin jacket' (Root cause: com.kms.katalon.core.webui.exception.WebElementNotFoundException: Web element with id: 'Object Repository/APOLLO- Desktop/Collection page/Lenin jacket' located by 'By.xpath: //div[@id='shopify-section-collection-template']/section/div[3]/ol/li/div/a/div' not found)
	at com.kms.katalon.core.keyword.internal.KeywordMain.stepFailed(KeywordMain.groovy:36)
	at com.kms.katalon.core.webui.keyword.internal.WebUIKeywordMain.stepFailed(WebUIKeywordMain.groovy:65)
	at com.kms.katalon.core.webui.keyword.internal.WebUIKeywordMain.runKeyword(WebUIKeywordMain.groovy:27)
	at com.kms.katalon.core.webui.keyword.builtin.ClickKeyword.click(ClickKeyword.groovy:86)
	at com.kms.katalon.core.webui.keyword.builtin.ClickKeyword.execute(ClickKeyword.groovy:67)
	at com.kms.katalon.core.keyword.internal.KeywordExecutor.executeKeywordForPlatform(KeywordExecutor.groovy:53)
	at com.kms.katalon.core.webui.keyword.WebUiBuiltInKeywords.click(WebUiBuiltInKeywords.groovy:616)
	at com.kms.katalon.core.webui.keyword.WebUiBuiltInKeywords$click$1.call(Unknown Source)
	at Adding product - home page.run(Adding product - home page:30)
	at com.kms.katalon.core.main.ScriptEngine.run(ScriptEngine.java:194)
	at com.kms.katalon.core.main.ScriptEngine.runScriptAsRawText(ScriptEngine.java:119)
	at com.kms.katalon.core.main.TestCaseExecutor.runScript(TestCaseExecutor.java:328)
	at com.kms.katalon.core.main.TestCaseExecutor.doExecute(TestCaseExecutor.java:319)
	at com.kms.katalon.core.main.TestCaseExecutor.processExecutionPhase(TestCaseExecutor.java:298)
	at com.kms.katalon.core.main.TestCaseExecutor.accessMainPhase(TestCaseExecutor.java:290)
	at com.kms.katalon.core.main.TestCaseExecutor.execute(TestCaseExecutor.java:224)
	at com.kms.katalon.core.main.TestSuiteExecutor.accessTestCaseMainPhase(TestSuiteExecutor.java:129)
	at com.kms.katalon.core.main.TestSuiteExecutor.accessTestSuiteMainPhase(TestSuiteExecutor.java:112)
	at com.kms.katalon.core.main.TestSuiteExecutor.execute(TestSuiteExecutor.java:81)
	at com.kms.katalon.core.main.TestCaseMain.startTestSuite(TestCaseMain.java:149)
	at com.kms.katalon.core.main.TestCaseMain$startTestSuite$0.call(Unknown Source)
	at TempTestSuite1561478401383.run(TempTestSuite1561478401383.groovy:36)


2019-06-25 12:26:51 - [TEST_STEP][PASSED] - callTestCase(findTestCase("CALL - URL"), [:], STOP_ON_FAILURE): Call Test Case 'Test Cases/CALL - URL' successfully

2019-06-25 12:26:51 - [TEST_CASE][PASSED] - Test Cases/CALL - URL: Test Cases/CALL - URL

2019-06-25 12:26:51 - [TEST_STEP][PASSED] - openBrowser(""): Browser is opened with url: ''

2019-06-25 12:26:51 - [MESSAGE][WARNING] - A browser is already opened. Closing browser and opening a new one

2019-06-25 12:26:51 - [MESSAGE][INFO] - Starting 'Chrome' driver

2019-06-25 12:26:52 - [MESSAGE][PASSED] - Browser is opened with url: ''

2019-06-25 12:26:52 - [TEST_STEP][PASSED] - navigateToUrl("https://diff-apollo.myshopify.com/?key=eec34184cfd8f82cda816f82753a8c8e9e240f30cf54470e19667b8cbb401948&preview_theme_id="): Navigate to 'https://diff-apollo.myshopify.com/?key=eec34184cfd8f82cda816f82753a8c8e9e240f30cf54470e19667b8cbb401948&preview_theme_id=' successfully

2019-06-25 12:26:54 - [MESSAGE][PASSED] - Navigate to 'https://diff-apollo.myshopify.com/?key=eec34184cfd8f82cda816f82753a8c8e9e240f30cf54470e19667b8cbb401948&preview_theme_id=' successfully

2019-06-25 12:26:54 - [TEST_STEP][NOT_RUN] - executeJavaScript("var previewBar = document.getElementById("preview-bar-iframe"); previewBar.style.display = "none";", []): NOT_RUN: executeJavaScript("var previewBar = document.getElementById("preview-bar-iframe"); previewBar.style.display = "none";", [])

2019-06-25 12:26:54 - [MESSAGE][NOT_RUN] - NOT_RUN: executeJavaScript("var previewBar = document.getElementById("preview-bar-iframe"); previewBar.style.display = "none";", [])

2019-06-25 12:26:54 - [MESSAGE][PASSED] - Call Test Case 'Test Cases/CALL - URL' successfully

2019-06-25 12:26:54 - [TEST_STEP][PASSED] - scrollToElement(findTestObject("APOLLO- Desktop/Home page/OUTER WEAR - TILES - Copy"), 0): Scroll to object 'Object Repository/APOLLO- Desktop/Home page/OUTER WEAR - TILES - Copy' successfully

2019-06-25 12:26:54 - [MESSAGE][WARNING] - Timeout '0' is invalid. Using default page load timeout: '30'

2019-06-25 12:26:54 - [MESSAGE][PASSED] - Scroll to object 'Object Repository/APOLLO- Desktop/Home page/OUTER WEAR - TILES - Copy' successfully

2019-06-25 12:26:54 - [TEST_STEP][PASSED] - delay(1): Delayed 1 second(s)

2019-06-25 12:26:55 - [MESSAGE][PASSED] - Delayed 1 second(s)

2019-06-25 12:26:55 - [TEST_STEP][PASSED] - mouseOver(findTestObject("APOLLO- Desktop/Home page/OUTER WEAR - TILES")): Object: 'Object Repository/APOLLO- Desktop/Home page/OUTER WEAR - TILES' is hovered

2019-06-25 12:26:56 - [MESSAGE][PASSED] - Object: 'Object Repository/APOLLO- Desktop/Home page/OUTER WEAR - TILES' is hovered

2019-06-25 12:26:56 - [TEST_STEP][PASSED] - delay(1): Delayed 1 second(s)

2019-06-25 12:26:57 - [MESSAGE][PASSED] - Delayed 1 second(s)

2019-06-25 12:26:57 - [TEST_STEP][PASSED] - click(findTestObject("APOLLO- Desktop/Home page/Shop mens outer wear -button")): Object: 'Object Repository/APOLLO- Desktop/Home page/Shop mens outer wear -button' is clicked on

2019-06-25 12:26:58 - [MESSAGE][PASSED] - Object: 'Object Repository/APOLLO- Desktop/Home page/Shop mens outer wear -button' is clicked on

2019-06-25 12:26:58 - [TEST_STEP][PASSED] - delay(1): Delayed 1 second(s)

2019-06-25 12:26:59 - [MESSAGE][PASSED] - Delayed 1 second(s)

2019-06-25 12:26:59 - [TEST_STEP][FAILED] - click(findTestObject("APOLLO- Desktop/Collection page/Lenin jacket")): click(findTestObject("APOLLO- Desktop/Collection page/Lenin jacket")) FAILED.
Reason:
com.kms.katalon.core.exception.StepFailedException: Unable to click on object 'Object Repository/APOLLO- Desktop/Collection page/Lenin jacket' (Root cause: com.kms.katalon.core.webui.exception.WebElementNotFoundException: Web element with id: 'Object Repository/APOLLO- Desktop/Collection page/Lenin jacket' located by 'By.xpath: //div[@id='shopify-section-collection-template']/section/div[3]/ol/li/div/a/div' not found)
	at com.kms.katalon.core.keyword.internal.KeywordMain.stepFailed(KeywordMain.groovy:36)
	at com.kms.katalon.core.webui.keyword.internal.WebUIKeywordMain.stepFailed(WebUIKeywordMain.groovy:65)
	at com.kms.katalon.core.webui.keyword.internal.WebUIKeywordMain.runKeyword(WebUIKeywordMain.groovy:27)
	at com.kms.katalon.core.webui.keyword.builtin.ClickKeyword.click(ClickKeyword.groovy:86)
	at com.kms.katalon.core.webui.keyword.builtin.ClickKeyword.execute(ClickKeyword.groovy:67)
	at com.kms.katalon.core.keyword.internal.KeywordExecutor.executeKeywordForPlatform(KeywordExecutor.groovy:53)
	at com.kms.katalon.core.webui.keyword.WebUiBuiltInKeywords.click(WebUiBuiltInKeywords.groovy:616)
	at com.kms.katalon.core.webui.keyword.WebUiBuiltInKeywords$click$1.call(Unknown Source)
	at Adding product - home page.run(Adding product - home page:30)
	at com.kms.katalon.core.main.ScriptEngine.run(ScriptEngine.java:194)
	at com.kms.katalon.core.main.ScriptEngine.runScriptAsRawText(ScriptEngine.java:119)
	at com.kms.katalon.core.main.TestCaseExecutor.runScript(TestCaseExecutor.java:328)
	at com.kms.katalon.core.main.TestCaseExecutor.doExecute(TestCaseExecutor.java:319)
	at com.kms.katalon.core.main.TestCaseExecutor.processExecutionPhase(TestCaseExecutor.java:298)
	at com.kms.katalon.core.main.TestCaseExecutor.accessMainPhase(TestCaseExecutor.java:290)
	at com.kms.katalon.core.main.TestCaseExecutor.execute(TestCaseExecutor.java:224)
	at com.kms.katalon.core.main.TestSuiteExecutor.accessTestCaseMainPhase(TestSuiteExecutor.java:129)
	at com.kms.katalon.core.main.TestSuiteExecutor.accessTestSuiteMainPhase(TestSuiteExecutor.java:112)
	at com.kms.katalon.core.main.TestSuiteExecutor.execute(TestSuiteExecutor.java:81)
	at com.kms.katalon.core.main.TestCaseMain.startTestSuite(TestCaseMain.java:149)
	at com.kms.katalon.core.main.TestCaseMain$startTestSuite$0.call(Unknown Source)
	at TempTestSuite1561478401383.run(TempTestSuite1561478401383.groovy:36)


2019-06-25 12:27:30 - [MESSAGE][INFO] - Unable to find the element located by 'By.xpath: //div[@id='shopify-section-collection-template']/section/div[3]/ol/li/div/a/div'. Please recheck the objects properties to make sure the desired element is located. 

2019-06-25 12:27:31 - [MESSAGE][FAILED] - Unable to click on object 'Object Repository/APOLLO- Desktop/Collection page/Lenin jacket' (Root cause: com.kms.katalon.core.webui.exception.WebElementNotFoundException: Web element with id: 'Object Repository/APOLLO- Desktop/Collection page/Lenin jacket' located by 'By.xpath: //div[@id='shopify-section-collection-template']/section/div[3]/ol/li/div/a/div' not found)
[[ATTACHMENT|/Users/sumankompelly/Katalon Studio/APOLLO/Reports/Apollo - dark build/20190625_120001/1561480050631.png]]

2019-06-25 12:27:31 - [MESSAGE][FAILED] - click(findTestObject("APOLLO- Desktop/Collection page/Lenin jacket")) FAILED.
Reason:
com.kms.katalon.core.exception.StepFailedException: Unable to click on object 'Object Repository/APOLLO- Desktop/Collection page/Lenin jacket' (Root cause: com.kms.katalon.core.webui.exception.WebElementNotFoundException: Web element with id: 'Object Repository/APOLLO- Desktop/Collection page/Lenin jacket' located by 'By.xpath: //div[@id='shopify-section-collection-template']/section/div[3]/ol/li/div/a/div' not found)
	at com.kms.katalon.core.keyword.internal.KeywordMain.stepFailed(KeywordMain.groovy:36)
	at com.kms.katalon.core.webui.keyword.internal.WebUIKeywordMain.stepFailed(WebUIKeywordMain.groovy:65)
	at com.kms.katalon.core.webui.keyword.internal.WebUIKeywordMain.runKeyword(WebUIKeywordMain.groovy:27)
	at com.kms.katalon.core.webui.keyword.builtin.ClickKeyword.click(ClickKeyword.groovy:86)
	at com.kms.katalon.core.webui.keyword.builtin.ClickKeyword.execute(ClickKeyword.groovy:67)
	at com.kms.katalon.core.keyword.internal.KeywordExecutor.executeKeywordForPlatform(KeywordExecutor.groovy:53)
	at com.kms.katalon.core.webui.keyword.WebUiBuiltInKeywords.click(WebUiBuiltInKeywords.groovy:616)
	at com.kms.katalon.core.webui.keyword.WebUiBuiltInKeywords$click$1.call(Unknown Source)
	at Adding product - home page.run(Adding product - home page:30)
	at com.kms.katalon.core.main.ScriptEngine.run(ScriptEngine.java:194)
	at com.kms.katalon.core.main.ScriptEngine.runScriptAsRawText(ScriptEngine.java:119)
	at com.kms.katalon.core.main.TestCaseExecutor.runScript(TestCaseExecutor.java:328)
	at com.kms.katalon.core.main.TestCaseExecutor.doExecute(TestCaseExecutor.java:319)
	at com.kms.katalon.core.main.TestCaseExecutor.processExecutionPhase(TestCaseExecutor.java:298)
	at com.kms.katalon.core.main.TestCaseExecutor.accessMainPhase(TestCaseExecutor.java:290)
	at com.kms.katalon.core.main.TestCaseExecutor.execute(TestCaseExecutor.java:224)
	at com.kms.katalon.core.main.TestSuiteExecutor.accessTestCaseMainPhase(TestSuiteExecutor.java:129)
	at com.kms.katalon.core.main.TestSuiteExecutor.accessTestSuiteMainPhase(TestSuiteExecutor.java:112)
	at com.kms.katalon.core.main.TestSuiteExecutor.execute(TestSuiteExecutor.java:81)
	at com.kms.katalon.core.main.TestCaseMain.startTestSuite(TestCaseMain.java:149)
	at com.kms.katalon.core.main.TestCaseMain$startTestSuite$0.call(Unknown Source)
	at TempTestSuite1561478401383.run(TempTestSuite1561478401383.groovy:36)]]></system-out>
         <system-err><![CDATA[2019-06-25 12:26:50 - [TEST_CASE][FAILED] - Test Cases/CRITICAL PATH/Adding product - home page: Test Cases/CRITICAL PATH/Adding product - home page FAILED.
Reason:
com.kms.katalon.core.exception.StepFailedException: Unable to click on object 'Object Repository/APOLLO- Desktop/Collection page/Lenin jacket' (Root cause: com.kms.katalon.core.webui.exception.WebElementNotFoundException: Web element with id: 'Object Repository/APOLLO- Desktop/Collection page/Lenin jacket' located by 'By.xpath: //div[@id='shopify-section-collection-template']/section/div[3]/ol/li/div/a/div' not found)
	at com.kms.katalon.core.keyword.internal.KeywordMain.stepFailed(KeywordMain.groovy:36)
	at com.kms.katalon.core.webui.keyword.internal.WebUIKeywordMain.stepFailed(WebUIKeywordMain.groovy:65)
	at com.kms.katalon.core.webui.keyword.internal.WebUIKeywordMain.runKeyword(WebUIKeywordMain.groovy:27)
	at com.kms.katalon.core.webui.keyword.builtin.ClickKeyword.click(ClickKeyword.groovy:86)
	at com.kms.katalon.core.webui.keyword.builtin.ClickKeyword.execute(ClickKeyword.groovy:67)
	at com.kms.katalon.core.keyword.internal.KeywordExecutor.executeKeywordForPlatform(KeywordExecutor.groovy:53)
	at com.kms.katalon.core.webui.keyword.WebUiBuiltInKeywords.click(WebUiBuiltInKeywords.groovy:616)
	at com.kms.katalon.core.webui.keyword.WebUiBuiltInKeywords$click$1.call(Unknown Source)
	at Adding product - home page.run(Adding product - home page:30)
	at com.kms.katalon.core.main.ScriptEngine.run(ScriptEngine.java:194)
	at com.kms.katalon.core.main.ScriptEngine.runScriptAsRawText(ScriptEngine.java:119)
	at com.kms.katalon.core.main.TestCaseExecutor.runScript(TestCaseExecutor.java:328)
	at com.kms.katalon.core.main.TestCaseExecutor.doExecute(TestCaseExecutor.java:319)
	at com.kms.katalon.core.main.TestCaseExecutor.processExecutionPhase(TestCaseExecutor.java:298)
	at com.kms.katalon.core.main.TestCaseExecutor.accessMainPhase(TestCaseExecutor.java:290)
	at com.kms.katalon.core.main.TestCaseExecutor.execute(TestCaseExecutor.java:224)
	at com.kms.katalon.core.main.TestSuiteExecutor.accessTestCaseMainPhase(TestSuiteExecutor.java:129)
	at com.kms.katalon.core.main.TestSuiteExecutor.accessTestSuiteMainPhase(TestSuiteExecutor.java:112)
	at com.kms.katalon.core.main.TestSuiteExecutor.execute(TestSuiteExecutor.java:81)
	at com.kms.katalon.core.main.TestCaseMain.startTestSuite(TestCaseMain.java:149)
	at com.kms.katalon.core.main.TestCaseMain$startTestSuite$0.call(Unknown Source)
	at TempTestSuite1561478401383.run(TempTestSuite1561478401383.groovy:36)]]></system-err>
      </testcase>
      <testcase name="Test Cases/CRITICAL PATH/Login and logout" classname="Test Cases/CRITICAL PATH/Login and logout" status="PASSED">
         <system-out><![CDATA[2019-06-25 12:27:31 - [TEST_CASE][PASSED] - Test Cases/CRITICAL PATH/Login and logout: Test Cases/CRITICAL PATH/Login and logout

2019-06-25 12:27:31 - [TEST_STEP][PASSED] - callTestCase(findTestCase("CALL - URL"), [:], STOP_ON_FAILURE): Call Test Case 'Test Cases/CALL - URL' successfully

2019-06-25 12:27:31 - [TEST_CASE][PASSED] - Test Cases/CALL - URL: Test Cases/CALL - URL

2019-06-25 12:27:31 - [TEST_STEP][PASSED] - openBrowser(""): Browser is opened with url: ''

2019-06-25 12:27:31 - [MESSAGE][WARNING] - A browser is already opened. Closing browser and opening a new one

2019-06-25 12:27:31 - [MESSAGE][INFO] - Starting 'Chrome' driver

2019-06-25 12:27:32 - [MESSAGE][PASSED] - Browser is opened with url: ''

2019-06-25 12:27:32 - [TEST_STEP][PASSED] - navigateToUrl("https://diff-apollo.myshopify.com/?key=eec34184cfd8f82cda816f82753a8c8e9e240f30cf54470e19667b8cbb401948&preview_theme_id="): Navigate to 'https://diff-apollo.myshopify.com/?key=eec34184cfd8f82cda816f82753a8c8e9e240f30cf54470e19667b8cbb401948&preview_theme_id=' successfully

2019-06-25 12:27:35 - [MESSAGE][PASSED] - Navigate to 'https://diff-apollo.myshopify.com/?key=eec34184cfd8f82cda816f82753a8c8e9e240f30cf54470e19667b8cbb401948&preview_theme_id=' successfully

2019-06-25 12:27:35 - [TEST_STEP][NOT_RUN] - executeJavaScript("var previewBar = document.getElementById("preview-bar-iframe"); previewBar.style.display = "none";", []): NOT_RUN: executeJavaScript("var previewBar = document.getElementById("preview-bar-iframe"); previewBar.style.display = "none";", [])

2019-06-25 12:27:35 - [MESSAGE][NOT_RUN] - NOT_RUN: executeJavaScript("var previewBar = document.getElementById("preview-bar-iframe"); previewBar.style.display = "none";", [])

2019-06-25 12:27:35 - [MESSAGE][PASSED] - Call Test Case 'Test Cases/CALL - URL' successfully

2019-06-25 12:27:35 - [TEST_STEP][PASSED] - delay(1): Delayed 1 second(s)

2019-06-25 12:27:36 - [MESSAGE][PASSED] - Delayed 1 second(s)

2019-06-25 12:27:36 - [TEST_STEP][PASSED] - click(findTestObject("APOLLO- Desktop/Home page/Account icon")): Object: 'Object Repository/APOLLO- Desktop/Home page/Account icon' is clicked on

2019-06-25 12:27:37 - [MESSAGE][PASSED] - Object: 'Object Repository/APOLLO- Desktop/Home page/Account icon' is clicked on

2019-06-25 12:27:37 - [TEST_STEP][PASSED] - delay(1): Delayed 1 second(s)

2019-06-25 12:27:38 - [MESSAGE][PASSED] - Delayed 1 second(s)

2019-06-25 12:27:38 - [TEST_STEP][PASSED] - setText(findTestObject("APOLLO- Desktop/Home page/Email address"), "suman.kompelly@diffagency.com"): Text 'suman.kompelly@diffagency.com' is set on object 'Object Repository/APOLLO- Desktop/Home page/Email address'

2019-06-25 12:27:38 - [MESSAGE][PASSED] - Text 'suman.kompelly@diffagency.com' is set on object 'Object Repository/APOLLO- Desktop/Home page/Email address'

2019-06-25 12:27:38 - [TEST_STEP][PASSED] - delay(1): Delayed 1 second(s)

2019-06-25 12:27:39 - [MESSAGE][PASSED] - Delayed 1 second(s)

2019-06-25 12:27:39 - [TEST_STEP][PASSED] - setEncryptedText(findTestObject("APOLLO- Desktop/Home page/Password"), "YVtWHtdGuqHfOZKsa+65Fg=="): Text ****** has been set on object 'Object Repository/APOLLO- Desktop/Home page/Password'

2019-06-25 12:27:39 - [MESSAGE][PASSED] - Text ****** has been set on object 'Object Repository/APOLLO- Desktop/Home page/Password'

2019-06-25 12:27:39 - [TEST_STEP][PASSED] - delay(1): Delayed 1 second(s)

2019-06-25 12:27:40 - [MESSAGE][PASSED] - Delayed 1 second(s)

2019-06-25 12:27:40 - [TEST_STEP][PASSED] - click(findTestObject("APOLLO- Desktop/Home page/Sign in button")): Object: 'Object Repository/APOLLO- Desktop/Home page/Sign in button' is clicked on

2019-06-25 12:27:42 - [MESSAGE][PASSED] - Object: 'Object Repository/APOLLO- Desktop/Home page/Sign in button' is clicked on

2019-06-25 12:27:42 - [TEST_STEP][PASSED] - delay(1): Delayed 1 second(s)

2019-06-25 12:27:43 - [MESSAGE][PASSED] - Delayed 1 second(s)

2019-06-25 12:27:43 - [TEST_STEP][PASSED] - click(findTestObject("APOLLO- Desktop/Home page/address page")): Object: 'Object Repository/APOLLO- Desktop/Home page/address page' is clicked on

2019-06-25 12:27:45 - [MESSAGE][PASSED] - Object: 'Object Repository/APOLLO- Desktop/Home page/address page' is clicked on

2019-06-25 12:27:45 - [TEST_STEP][PASSED] - delay(1): Delayed 1 second(s)

2019-06-25 12:27:46 - [MESSAGE][PASSED] - Delayed 1 second(s)

2019-06-25 12:27:46 - [TEST_STEP][PASSED] - click(findTestObject("APOLLO- Desktop/Home page/orders page")): Object: 'Object Repository/APOLLO- Desktop/Home page/orders page' is clicked on

2019-06-25 12:27:47 - [MESSAGE][PASSED] - Object: 'Object Repository/APOLLO- Desktop/Home page/orders page' is clicked on

2019-06-25 12:27:47 - [TEST_STEP][PASSED] - delay(1): Delayed 1 second(s)

2019-06-25 12:27:48 - [MESSAGE][PASSED] - Delayed 1 second(s)

2019-06-25 12:27:48 - [TEST_STEP][PASSED] - click(findTestObject("APOLLO- Desktop/Home page/Details page")): Object: 'Object Repository/APOLLO- Desktop/Home page/Details page' is clicked on

2019-06-25 12:27:49 - [MESSAGE][PASSED] - Object: 'Object Repository/APOLLO- Desktop/Home page/Details page' is clicked on

2019-06-25 12:27:49 - [TEST_STEP][PASSED] - delay(1): Delayed 1 second(s)

2019-06-25 12:27:50 - [MESSAGE][PASSED] - Delayed 1 second(s)

2019-06-25 12:27:50 - [TEST_STEP][PASSED] - click(findTestObject("APOLLO- Desktop/Home page/Logout")): Object: 'Object Repository/APOLLO- Desktop/Home page/Logout' is clicked on

2019-06-25 12:27:53 - [MESSAGE][PASSED] - Object: 'Object Repository/APOLLO- Desktop/Home page/Logout' is clicked on]]></system-out>
         <system-err><![CDATA[]]></system-err>
      </testcase>
      <testcase name="Test Cases/CRITICAL PATH/Decrease quantity - Cart flyout" classname="Test Cases/CRITICAL PATH/Decrease quantity - Cart flyout" status="PASSED">
         <system-out><![CDATA[2019-06-25 12:27:53 - [TEST_CASE][PASSED] - Test Cases/CRITICAL PATH/Decrease quantity - Cart flyout: Test Cases/CRITICAL PATH/Decrease quantity - Cart flyout

2019-06-25 12:27:53 - [TEST_STEP][PASSED] - callTestCase(findTestCase("CALL - URL"), [:], STOP_ON_FAILURE): Call Test Case 'Test Cases/CALL - URL' successfully

2019-06-25 12:27:53 - [TEST_CASE][PASSED] - Test Cases/CALL - URL: Test Cases/CALL - URL

2019-06-25 12:27:53 - [TEST_STEP][PASSED] - openBrowser(""): Browser is opened with url: ''

2019-06-25 12:27:53 - [MESSAGE][WARNING] - A browser is already opened. Closing browser and opening a new one

2019-06-25 12:27:53 - [MESSAGE][INFO] - Starting 'Chrome' driver

2019-06-25 12:27:54 - [MESSAGE][PASSED] - Browser is opened with url: ''

2019-06-25 12:27:54 - [TEST_STEP][PASSED] - navigateToUrl("https://diff-apollo.myshopify.com/?key=eec34184cfd8f82cda816f82753a8c8e9e240f30cf54470e19667b8cbb401948&preview_theme_id="): Navigate to 'https://diff-apollo.myshopify.com/?key=eec34184cfd8f82cda816f82753a8c8e9e240f30cf54470e19667b8cbb401948&preview_theme_id=' successfully

2019-06-25 12:27:57 - [MESSAGE][PASSED] - Navigate to 'https://diff-apollo.myshopify.com/?key=eec34184cfd8f82cda816f82753a8c8e9e240f30cf54470e19667b8cbb401948&preview_theme_id=' successfully

2019-06-25 12:27:57 - [TEST_STEP][NOT_RUN] - executeJavaScript("var previewBar = document.getElementById("preview-bar-iframe"); previewBar.style.display = "none";", []): NOT_RUN: executeJavaScript("var previewBar = document.getElementById("preview-bar-iframe"); previewBar.style.display = "none";", [])

2019-06-25 12:27:57 - [MESSAGE][NOT_RUN] - NOT_RUN: executeJavaScript("var previewBar = document.getElementById("preview-bar-iframe"); previewBar.style.display = "none";", [])

2019-06-25 12:27:57 - [MESSAGE][PASSED] - Call Test Case 'Test Cases/CALL - URL' successfully

2019-06-25 12:27:57 - [TEST_STEP][PASSED] - delay(1): Delayed 1 second(s)

2019-06-25 12:27:58 - [MESSAGE][PASSED] - Delayed 1 second(s)

2019-06-25 12:27:58 - [TEST_STEP][PASSED] - click(findTestObject("APOLLO- Desktop/Burger Menu/Burgermenu")): Object: 'Object Repository/APOLLO- Desktop/Burger Menu/Burgermenu' is clicked on

2019-06-25 12:27:58 - [MESSAGE][PASSED] - Object: 'Object Repository/APOLLO- Desktop/Burger Menu/Burgermenu' is clicked on

2019-06-25 12:27:58 - [TEST_STEP][PASSED] - delay(2): Delayed 2 second(s)

2019-06-25 12:28:00 - [MESSAGE][PASSED] - Delayed 2 second(s)

2019-06-25 12:28:00 - [TEST_STEP][PASSED] - click(findTestObject("APOLLO- Desktop/Burger Menu/Mens chevron")): Object: 'Object Repository/APOLLO- Desktop/Burger Menu/Mens chevron' is clicked on

2019-06-25 12:28:00 - [MESSAGE][PASSED] - Object: 'Object Repository/APOLLO- Desktop/Burger Menu/Mens chevron' is clicked on

2019-06-25 12:28:00 - [TEST_STEP][PASSED] - delay(2): Delayed 2 second(s)

2019-06-25 12:28:02 - [MESSAGE][PASSED] - Delayed 2 second(s)

2019-06-25 12:28:02 - [TEST_STEP][PASSED] - click(findTestObject("APOLLO- Desktop/Burger Menu/Mens - Top Chevron")): Object: 'Object Repository/APOLLO- Desktop/Burger Menu/Mens - Top Chevron' is clicked on

2019-06-25 12:28:02 - [MESSAGE][PASSED] - Object: 'Object Repository/APOLLO- Desktop/Burger Menu/Mens - Top Chevron' is clicked on

2019-06-25 12:28:02 - [TEST_STEP][PASSED] - delay(2): Delayed 2 second(s)

2019-06-25 12:28:04 - [MESSAGE][PASSED] - Delayed 2 second(s)

2019-06-25 12:28:04 - [TEST_STEP][PASSED] - click(findTestObject("APOLLO- Desktop/Burger Menu/Shirts link")): Object: 'Object Repository/APOLLO- Desktop/Burger Menu/Shirts link' is clicked on

2019-06-25 12:28:05 - [MESSAGE][PASSED] - Object: 'Object Repository/APOLLO- Desktop/Burger Menu/Shirts link' is clicked on

2019-06-25 12:28:05 - [TEST_STEP][NOT_RUN] - executeJavaScript("var previewBar = document.getElementById("preview-bar-iframe"); previewBar.style.display = "none";", []): NOT_RUN: executeJavaScript("var previewBar = document.getElementById("preview-bar-iframe"); previewBar.style.display = "none";", [])

2019-06-25 12:28:05 - [MESSAGE][NOT_RUN] - NOT_RUN: executeJavaScript("var previewBar = document.getElementById("preview-bar-iframe"); previewBar.style.display = "none";", [])

2019-06-25 12:28:05 - [TEST_STEP][PASSED] - delay(2): Delayed 2 second(s)

2019-06-25 12:28:07 - [MESSAGE][PASSED] - Delayed 2 second(s)

2019-06-25 12:28:07 - [TEST_STEP][PASSED] - click(findTestObject("APOLLO- Desktop/Collection page/Blue shirt product")): Object: 'Object Repository/APOLLO- Desktop/Collection page/Blue shirt product' is clicked on

2019-06-25 12:28:08 - [MESSAGE][PASSED] - Object: 'Object Repository/APOLLO- Desktop/Collection page/Blue shirt product' is clicked on

2019-06-25 12:28:08 - [TEST_STEP][PASSED] - delay(2): Delayed 2 second(s)

2019-06-25 12:28:10 - [MESSAGE][PASSED] - Delayed 2 second(s)

2019-06-25 12:28:10 - [TEST_STEP][PASSED] - selectOptionByValue(findTestObject("APOLLO- Desktop/Product page/Size dropdown"), "Medium", true): All options with value 'Medium' are selected in object 'Object Repository/APOLLO- Desktop/Product page/Size dropdown'  using regular expression

2019-06-25 12:28:10 - [MESSAGE][PASSED] - All options with value 'Medium' are selected in object 'Object Repository/APOLLO- Desktop/Product page/Size dropdown'  using regular expression

2019-06-25 12:28:10 - [TEST_STEP][PASSED] - delay(2): Delayed 2 second(s)

2019-06-25 12:28:12 - [MESSAGE][PASSED] - Delayed 2 second(s)

2019-06-25 12:28:12 - [TEST_STEP][PASSED] - click(findTestObject("APOLLO- Desktop/Product page/Increase qunatity - prod page")): Object: 'Object Repository/APOLLO- Desktop/Product page/Increase qunatity - prod page' is clicked on

2019-06-25 12:28:12 - [MESSAGE][PASSED] - Object: 'Object Repository/APOLLO- Desktop/Product page/Increase qunatity - prod page' is clicked on

2019-06-25 12:28:12 - [TEST_STEP][PASSED] - delay(2): Delayed 2 second(s)

2019-06-25 12:28:14 - [MESSAGE][PASSED] - Delayed 2 second(s)

2019-06-25 12:28:14 - [TEST_STEP][PASSED] - click(findTestObject("APOLLO- Desktop/Product page/Increase qunatity - prod page")): Object: 'Object Repository/APOLLO- Desktop/Product page/Increase qunatity - prod page' is clicked on

2019-06-25 12:28:14 - [MESSAGE][PASSED] - Object: 'Object Repository/APOLLO- Desktop/Product page/Increase qunatity - prod page' is clicked on

2019-06-25 12:28:14 - [TEST_STEP][PASSED] - delay(2): Delayed 2 second(s)

2019-06-25 12:28:16 - [MESSAGE][PASSED] - Delayed 2 second(s)

2019-06-25 12:28:16 - [TEST_STEP][PASSED] - click(findTestObject("APOLLO- Desktop/Product page/Increase qunatity - prod page")): Object: 'Object Repository/APOLLO- Desktop/Product page/Increase qunatity - prod page' is clicked on

2019-06-25 12:28:16 - [MESSAGE][PASSED] - Object: 'Object Repository/APOLLO- Desktop/Product page/Increase qunatity - prod page' is clicked on

2019-06-25 12:28:16 - [TEST_STEP][PASSED] - delay(2): Delayed 2 second(s)

2019-06-25 12:28:18 - [MESSAGE][PASSED] - Delayed 2 second(s)

2019-06-25 12:28:18 - [TEST_STEP][PASSED] - click(findTestObject("APOLLO- Desktop/Product page/Increase qunatity - prod page")): Object: 'Object Repository/APOLLO- Desktop/Product page/Increase qunatity - prod page' is clicked on

2019-06-25 12:28:18 - [MESSAGE][PASSED] - Object: 'Object Repository/APOLLO- Desktop/Product page/Increase qunatity - prod page' is clicked on

2019-06-25 12:28:18 - [TEST_STEP][PASSED] - delay(2): Delayed 2 second(s)

2019-06-25 12:28:20 - [MESSAGE][PASSED] - Delayed 2 second(s)

2019-06-25 12:28:21 - [TEST_STEP][PASSED] - click(findTestObject("APOLLO- Desktop/Product page/Increase qunatity - prod page")): Object: 'Object Repository/APOLLO- Desktop/Product page/Increase qunatity - prod page' is clicked on

2019-06-25 12:28:21 - [MESSAGE][PASSED] - Object: 'Object Repository/APOLLO- Desktop/Product page/Increase qunatity - prod page' is clicked on

2019-06-25 12:28:21 - [TEST_STEP][PASSED] - delay(2): Delayed 2 second(s)

2019-06-25 12:28:23 - [MESSAGE][PASSED] - Delayed 2 second(s)

2019-06-25 12:28:23 - [TEST_STEP][PASSED] - click(findTestObject("APOLLO- Desktop/Product page/Add to bag")): Object: 'Object Repository/APOLLO- Desktop/Product page/Add to bag' is clicked on

2019-06-25 12:28:23 - [MESSAGE][PASSED] - Object: 'Object Repository/APOLLO- Desktop/Product page/Add to bag' is clicked on

2019-06-25 12:28:23 - [TEST_STEP][PASSED] - delay(2): Delayed 2 second(s)

2019-06-25 12:28:25 - [MESSAGE][PASSED] - Delayed 2 second(s)

2019-06-25 12:28:25 - [TEST_STEP][PASSED] - a = getText(findTestObject("APOLLO- Desktop/Cart flyout/Subtotal in cart flyout")): Text of object 'Object Repository/APOLLO- Desktop/Cart flyout/Subtotal in cart flyout' is: '$76.50'

2019-06-25 12:28:25 - [MESSAGE][PASSED] - Text of object 'Object Repository/APOLLO- Desktop/Cart flyout/Subtotal in cart flyout' is: '$76.50'

2019-06-25 12:28:25 - [TEST_STEP][PASSED] - comment("a=" + a): a=$76.50

2019-06-25 12:28:25 - [MESSAGE][INFO] - a=$76.50

2019-06-25 12:28:25 - [TEST_STEP][PASSED] - delay(2): Delayed 2 second(s)

2019-06-25 12:28:27 - [MESSAGE][PASSED] - Delayed 2 second(s)

2019-06-25 12:28:27 - [TEST_STEP][PASSED] - click(findTestObject("APOLLO- Desktop/Cart flyout/Decrease quantity - cart flyout")): Object: 'Object Repository/APOLLO- Desktop/Cart flyout/Decrease quantity - cart flyout' is clicked on

2019-06-25 12:28:27 - [MESSAGE][PASSED] - Object: 'Object Repository/APOLLO- Desktop/Cart flyout/Decrease quantity - cart flyout' is clicked on

2019-06-25 12:28:27 - [TEST_STEP][PASSED] - delay(2): Delayed 2 second(s)

2019-06-25 12:28:29 - [MESSAGE][PASSED] - Delayed 2 second(s)

2019-06-25 12:28:29 - [TEST_STEP][PASSED] - click(findTestObject("APOLLO- Desktop/Cart flyout/Decrease quantity - cart flyout")): Object: 'Object Repository/APOLLO- Desktop/Cart flyout/Decrease quantity - cart flyout' is clicked on

2019-06-25 12:28:29 - [MESSAGE][PASSED] - Object: 'Object Repository/APOLLO- Desktop/Cart flyout/Decrease quantity - cart flyout' is clicked on

2019-06-25 12:28:29 - [TEST_STEP][PASSED] - delay(2): Delayed 2 second(s)

2019-06-25 12:28:31 - [MESSAGE][PASSED] - Delayed 2 second(s)

2019-06-25 12:28:31 - [TEST_STEP][PASSED] - click(findTestObject("APOLLO- Desktop/Cart flyout/Decrease quantity - cart flyout")): Object: 'Object Repository/APOLLO- Desktop/Cart flyout/Decrease quantity - cart flyout' is clicked on

2019-06-25 12:28:31 - [MESSAGE][PASSED] - Object: 'Object Repository/APOLLO- Desktop/Cart flyout/Decrease quantity - cart flyout' is clicked on

2019-06-25 12:28:31 - [TEST_STEP][PASSED] - delay(2): Delayed 2 second(s)

2019-06-25 12:28:33 - [MESSAGE][PASSED] - Delayed 2 second(s)

2019-06-25 12:28:33 - [TEST_STEP][PASSED] - b = getText(findTestObject("APOLLO- Desktop/Cart flyout/Subtotal in cart flyout")): Text of object 'Object Repository/APOLLO- Desktop/Cart flyout/Subtotal in cart flyout' is: '$60.00'

2019-06-25 12:28:33 - [MESSAGE][PASSED] - Text of object 'Object Repository/APOLLO- Desktop/Cart flyout/Subtotal in cart flyout' is: '$60.00'

2019-06-25 12:28:33 - [TEST_STEP][PASSED] - comment("b=" + b): b=$60.00

2019-06-25 12:28:33 - [MESSAGE][INFO] - b=$60.00

2019-06-25 12:28:33 - [TEST_STEP][PASSED] - verifyNotEqual("a", "b"): Actual object 'a' and expected object 'b' are not equal

2019-06-25 12:28:33 - [MESSAGE][PASSED] - Actual object 'a' and expected object 'b' are not equal

2019-06-25 12:28:33 - [TEST_STEP][PASSED] - delay(2): Delayed 2 second(s)

2019-06-25 12:28:35 - [MESSAGE][PASSED] - Delayed 2 second(s)

2019-06-25 12:28:35 - [TEST_STEP][PASSED] - click(findTestObject("APOLLO- Desktop/Cart flyout/Checkout")): Object: 'Object Repository/APOLLO- Desktop/Cart flyout/Checkout' is clicked on

2019-06-25 12:28:38 - [MESSAGE][PASSED] - Object: 'Object Repository/APOLLO- Desktop/Cart flyout/Checkout' is clicked on

2019-06-25 12:28:38 - [TEST_STEP][PASSED] - delay(2): Delayed 2 second(s)

2019-06-25 12:28:40 - [MESSAGE][PASSED] - Delayed 2 second(s)

2019-06-25 12:28:40 - [TEST_STEP][PASSED] - callTestCase(findTestCase("CALL- CUSTOMER INFO PAGE"), [:], STOP_ON_FAILURE): Call Test Case 'Test Cases/CALL- CUSTOMER INFO PAGE' successfully

2019-06-25 12:28:40 - [TEST_CASE][PASSED] - Test Cases/CALL- CUSTOMER INFO PAGE: Test Cases/CALL- CUSTOMER INFO PAGE

2019-06-25 12:28:40 - [TEST_STEP][PASSED] - delay(2): Delayed 2 second(s)

2019-06-25 12:28:42 - [MESSAGE][PASSED] - Delayed 2 second(s)

2019-06-25 12:28:42 - [TEST_STEP][NOT_RUN] - executeJavaScript("var previewBar = document.getElementById("preview-bar-iframe"); previewBar.style.display = "none";", []): NOT_RUN: executeJavaScript("var previewBar = document.getElementById("preview-bar-iframe"); previewBar.style.display = "none";", [])

2019-06-25 12:28:42 - [MESSAGE][NOT_RUN] - NOT_RUN: executeJavaScript("var previewBar = document.getElementById("preview-bar-iframe"); previewBar.style.display = "none";", [])

2019-06-25 12:28:42 - [TEST_STEP][PASSED] - setText(findTestObject("APOLLO- Desktop/Customer Information page/Email"), "suman@gmail.com"): Text 'suman@gmail.com' is set on object 'Object Repository/APOLLO- Desktop/Customer Information page/Email'

2019-06-25 12:28:42 - [MESSAGE][PASSED] - Text 'suman@gmail.com' is set on object 'Object Repository/APOLLO- Desktop/Customer Information page/Email'

2019-06-25 12:28:42 - [TEST_STEP][PASSED] - delay(2): Delayed 2 second(s)

2019-06-25 12:28:44 - [MESSAGE][PASSED] - Delayed 2 second(s)

2019-06-25 12:28:44 - [TEST_STEP][PASSED] - setText(findTestObject("APOLLO- Desktop/Customer Information page/First name"), "suman"): Text 'suman' is set on object 'Object Repository/APOLLO- Desktop/Customer Information page/First name'

2019-06-25 12:28:44 - [MESSAGE][PASSED] - Text 'suman' is set on object 'Object Repository/APOLLO- Desktop/Customer Information page/First name'

2019-06-25 12:28:44 - [TEST_STEP][PASSED] - delay(2): Delayed 2 second(s)

2019-06-25 12:28:46 - [MESSAGE][PASSED] - Delayed 2 second(s)

2019-06-25 12:28:46 - [TEST_STEP][PASSED] - setText(findTestObject("APOLLO- Desktop/Customer Information page/Last name"), "kompelly"): Text 'kompelly' is set on object 'Object Repository/APOLLO- Desktop/Customer Information page/Last name'

2019-06-25 12:28:46 - [MESSAGE][PASSED] - Text 'kompelly' is set on object 'Object Repository/APOLLO- Desktop/Customer Information page/Last name'

2019-06-25 12:28:46 - [TEST_STEP][PASSED] - delay(2): Delayed 2 second(s)

2019-06-25 12:28:48 - [MESSAGE][PASSED] - Delayed 2 second(s)

2019-06-25 12:28:48 - [TEST_STEP][PASSED] - setText(findTestObject("APOLLO- Desktop/Customer Information page/Address"), "1435 st alxendre"): Text '1435 st alxendre' is set on object 'Object Repository/APOLLO- Desktop/Customer Information page/Address'

2019-06-25 12:28:49 - [MESSAGE][PASSED] - Text '1435 st alxendre' is set on object 'Object Repository/APOLLO- Desktop/Customer Information page/Address'

2019-06-25 12:28:49 - [TEST_STEP][PASSED] - setText(findTestObject("APOLLO- Desktop/Customer Information page/Apartment"), "220"): Text '220' is set on object 'Object Repository/APOLLO- Desktop/Customer Information page/Apartment'

2019-06-25 12:28:49 - [MESSAGE][PASSED] - Text '220' is set on object 'Object Repository/APOLLO- Desktop/Customer Information page/Apartment'

2019-06-25 12:28:49 - [TEST_STEP][PASSED] - setText(findTestObject("APOLLO- Desktop/Customer Information page/City"), "montreal"): Text 'montreal' is set on object 'Object Repository/APOLLO- Desktop/Customer Information page/City'

2019-06-25 12:28:49 - [MESSAGE][PASSED] - Text 'montreal' is set on object 'Object Repository/APOLLO- Desktop/Customer Information page/City'

2019-06-25 12:28:49 - [TEST_STEP][PASSED] - selectOptionByValue(findTestObject("APOLLO- Desktop/Customer Information page/Country dropdown"), "United States", true): All options with value 'United States' are selected in object 'Object Repository/APOLLO- Desktop/Customer Information page/Country dropdown'  using regular expression

2019-06-25 12:28:52 - [MESSAGE][PASSED] - All options with value 'United States' are selected in object 'Object Repository/APOLLO- Desktop/Customer Information page/Country dropdown'  using regular expression

2019-06-25 12:28:52 - [TEST_STEP][PASSED] - selectOptionByValue(findTestObject("APOLLO- Desktop/Customer Information page/states dropdown"), "NJ", true): All options with value 'NJ' are selected in object 'Object Repository/APOLLO- Desktop/Customer Information page/states dropdown'  using regular expression

2019-06-25 12:28:53 - [MESSAGE][PASSED] - All options with value 'NJ' are selected in object 'Object Repository/APOLLO- Desktop/Customer Information page/states dropdown'  using regular expression

2019-06-25 12:28:53 - [TEST_STEP][PASSED] - setText(findTestObject("APOLLO- Desktop/Customer Information page/ZIP code"), "07057"): Text '07057' is set on object 'Object Repository/APOLLO- Desktop/Customer Information page/ZIP code'

2019-06-25 12:28:53 - [MESSAGE][PASSED] - Text '07057' is set on object 'Object Repository/APOLLO- Desktop/Customer Information page/ZIP code'

2019-06-25 12:28:53 - [MESSAGE][PASSED] - Call Test Case 'Test Cases/CALL- CUSTOMER INFO PAGE' successfully

2019-06-25 12:28:53 - [TEST_STEP][PASSED] - delay(2): Delayed 2 second(s)

2019-06-25 12:28:55 - [MESSAGE][PASSED] - Delayed 2 second(s)

2019-06-25 12:28:55 - [TEST_STEP][PASSED] - callTestCase(findTestCase("CALL - SHIPPING TO PAYMENT"), [:], STOP_ON_FAILURE): Call Test Case 'Test Cases/CALL - SHIPPING TO PAYMENT' successfully

2019-06-25 12:28:55 - [TEST_CASE][PASSED] - Test Cases/CALL - SHIPPING TO PAYMENT: Test Cases/CALL - SHIPPING TO PAYMENT

2019-06-25 12:28:55 - [TEST_STEP][PASSED] - click(findTestObject("APOLLO- Desktop/Customer Information page/Continue to shipping")): Object: 'Object Repository/APOLLO- Desktop/Customer Information page/Continue to shipping' is clicked on

2019-06-25 12:28:57 - [MESSAGE][PASSED] - Object: 'Object Repository/APOLLO- Desktop/Customer Information page/Continue to shipping' is clicked on

2019-06-25 12:28:57 - [TEST_STEP][NOT_RUN] - executeJavaScript("var previewBar = document.getElementById("preview-bar-iframe"); previewBar.style.display = "none";", []): NOT_RUN: executeJavaScript("var previewBar = document.getElementById("preview-bar-iframe"); previewBar.style.display = "none";", [])

2019-06-25 12:28:57 - [MESSAGE][NOT_RUN] - NOT_RUN: executeJavaScript("var previewBar = document.getElementById("preview-bar-iframe"); previewBar.style.display = "none";", [])

2019-06-25 12:28:57 - [TEST_STEP][PASSED] - click(findTestObject("APOLLO- Desktop/Shipping page/Radio button check")): Object: 'Object Repository/APOLLO- Desktop/Shipping page/Radio button check' is clicked on

2019-06-25 12:28:59 - [MESSAGE][PASSED] - Object: 'Object Repository/APOLLO- Desktop/Shipping page/Radio button check' is clicked on

2019-06-25 12:28:59 - [TEST_STEP][NOT_RUN] - executeJavaScript("var previewBar = document.getElementById("preview-bar-iframe"); previewBar.style.display = "none";", []): NOT_RUN: executeJavaScript("var previewBar = document.getElementById("preview-bar-iframe"); previewBar.style.display = "none";", [])

2019-06-25 12:28:59 - [MESSAGE][NOT_RUN] - NOT_RUN: executeJavaScript("var previewBar = document.getElementById("preview-bar-iframe"); previewBar.style.display = "none";", [])

2019-06-25 12:28:59 - [TEST_STEP][PASSED] - click(findTestObject("APOLLO- Desktop/Shipping page/Continue to payment")): Object: 'Object Repository/APOLLO- Desktop/Shipping page/Continue to payment' is clicked on

2019-06-25 12:29:02 - [MESSAGE][PASSED] - Object: 'Object Repository/APOLLO- Desktop/Shipping page/Continue to payment' is clicked on

2019-06-25 12:29:02 - [TEST_STEP][NOT_RUN] - executeJavaScript("var previewBar = document.getElementById("preview-bar-iframe"); previewBar.style.display = "none";", []): NOT_RUN: executeJavaScript("var previewBar = document.getElementById("preview-bar-iframe"); previewBar.style.display = "none";", [])

2019-06-25 12:29:02 - [MESSAGE][NOT_RUN] - NOT_RUN: executeJavaScript("var previewBar = document.getElementById("preview-bar-iframe"); previewBar.style.display = "none";", [])

2019-06-25 12:29:02 - [TEST_STEP][PASSED] - click(findTestObject("APOLLO- Desktop/payment page/Payment section")): Object: 'Object Repository/APOLLO- Desktop/payment page/Payment section' is clicked on

2019-06-25 12:29:02 - [MESSAGE][PASSED] - Object: 'Object Repository/APOLLO- Desktop/payment page/Payment section' is clicked on

2019-06-25 12:29:02 - [MESSAGE][PASSED] - Call Test Case 'Test Cases/CALL - SHIPPING TO PAYMENT' successfully]]></system-out>
         <system-err><![CDATA[]]></system-err>
      </testcase>
      <testcase name="Test Cases/CRITICAL PATH/Price comparison - Cart flyout" classname="Test Cases/CRITICAL PATH/Price comparison - Cart flyout" status="PASSED">
         <system-out><![CDATA[2019-06-25 12:29:02 - [TEST_CASE][PASSED] - Test Cases/CRITICAL PATH/Price comparison - Cart flyout: Test Cases/CRITICAL PATH/Price comparison - Cart flyout

2019-06-25 12:29:03 - [TEST_STEP][PASSED] - callTestCase(findTestCase("CALL - URL"), [:], STOP_ON_FAILURE): Call Test Case 'Test Cases/CALL - URL' successfully

2019-06-25 12:29:03 - [TEST_CASE][PASSED] - Test Cases/CALL - URL: Test Cases/CALL - URL

2019-06-25 12:29:03 - [TEST_STEP][PASSED] - openBrowser(""): Browser is opened with url: ''

2019-06-25 12:29:03 - [MESSAGE][WARNING] - A browser is already opened. Closing browser and opening a new one

2019-06-25 12:29:03 - [MESSAGE][INFO] - Starting 'Chrome' driver

2019-06-25 12:29:04 - [MESSAGE][PASSED] - Browser is opened with url: ''

2019-06-25 12:29:04 - [TEST_STEP][PASSED] - navigateToUrl("https://diff-apollo.myshopify.com/?key=eec34184cfd8f82cda816f82753a8c8e9e240f30cf54470e19667b8cbb401948&preview_theme_id="): Navigate to 'https://diff-apollo.myshopify.com/?key=eec34184cfd8f82cda816f82753a8c8e9e240f30cf54470e19667b8cbb401948&preview_theme_id=' successfully

2019-06-25 12:29:07 - [MESSAGE][PASSED] - Navigate to 'https://diff-apollo.myshopify.com/?key=eec34184cfd8f82cda816f82753a8c8e9e240f30cf54470e19667b8cbb401948&preview_theme_id=' successfully

2019-06-25 12:29:07 - [TEST_STEP][NOT_RUN] - executeJavaScript("var previewBar = document.getElementById("preview-bar-iframe"); previewBar.style.display = "none";", []): NOT_RUN: executeJavaScript("var previewBar = document.getElementById("preview-bar-iframe"); previewBar.style.display = "none";", [])

2019-06-25 12:29:07 - [MESSAGE][NOT_RUN] - NOT_RUN: executeJavaScript("var previewBar = document.getElementById("preview-bar-iframe"); previewBar.style.display = "none";", [])

2019-06-25 12:29:07 - [MESSAGE][PASSED] - Call Test Case 'Test Cases/CALL - URL' successfully

2019-06-25 12:29:07 - [TEST_STEP][PASSED] - click(findTestObject("APOLLO- Desktop/Burger Menu/Burgermenu")): Object: 'Object Repository/APOLLO- Desktop/Burger Menu/Burgermenu' is clicked on

2019-06-25 12:29:07 - [MESSAGE][PASSED] - Object: 'Object Repository/APOLLO- Desktop/Burger Menu/Burgermenu' is clicked on

2019-06-25 12:29:07 - [TEST_STEP][PASSED] - delay(2): Delayed 2 second(s)

2019-06-25 12:29:09 - [MESSAGE][PASSED] - Delayed 2 second(s)

2019-06-25 12:29:09 - [TEST_STEP][PASSED] - click(findTestObject("APOLLO- Desktop/Burger Menu/Mens chevron")): Object: 'Object Repository/APOLLO- Desktop/Burger Menu/Mens chevron' is clicked on

2019-06-25 12:29:09 - [MESSAGE][PASSED] - Object: 'Object Repository/APOLLO- Desktop/Burger Menu/Mens chevron' is clicked on

2019-06-25 12:29:09 - [TEST_STEP][PASSED] - delay(2): Delayed 2 second(s)

2019-06-25 12:29:11 - [MESSAGE][PASSED] - Delayed 2 second(s)

2019-06-25 12:29:11 - [TEST_STEP][PASSED] - click(findTestObject("APOLLO- Desktop/Burger Menu/Mens - Top Chevron")): Object: 'Object Repository/APOLLO- Desktop/Burger Menu/Mens - Top Chevron' is clicked on

2019-06-25 12:29:11 - [MESSAGE][PASSED] - Object: 'Object Repository/APOLLO- Desktop/Burger Menu/Mens - Top Chevron' is clicked on

2019-06-25 12:29:11 - [TEST_STEP][PASSED] - delay(2): Delayed 2 second(s)

2019-06-25 12:29:13 - [MESSAGE][PASSED] - Delayed 2 second(s)

2019-06-25 12:29:13 - [TEST_STEP][PASSED] - click(findTestObject("APOLLO- Desktop/Burger Menu/Shirts link")): Object: 'Object Repository/APOLLO- Desktop/Burger Menu/Shirts link' is clicked on

2019-06-25 12:29:14 - [MESSAGE][PASSED] - Object: 'Object Repository/APOLLO- Desktop/Burger Menu/Shirts link' is clicked on

2019-06-25 12:29:14 - [TEST_STEP][PASSED] - delay(2): Delayed 2 second(s)

2019-06-25 12:29:16 - [MESSAGE][PASSED] - Delayed 2 second(s)

2019-06-25 12:29:16 - [TEST_STEP][PASSED] - click(findTestObject("APOLLO- Desktop/Collection page/Blue shirt product")): Object: 'Object Repository/APOLLO- Desktop/Collection page/Blue shirt product' is clicked on

2019-06-25 12:29:17 - [MESSAGE][PASSED] - Object: 'Object Repository/APOLLO- Desktop/Collection page/Blue shirt product' is clicked on

2019-06-25 12:29:17 - [TEST_STEP][PASSED] - delay(2): Delayed 2 second(s)

2019-06-25 12:29:19 - [MESSAGE][PASSED] - Delayed 2 second(s)

2019-06-25 12:29:19 - [TEST_STEP][PASSED] - selectOptionByValue(findTestObject("APOLLO- Desktop/Product page/Size dropdown"), "Medium", true): All options with value 'Medium' are selected in object 'Object Repository/APOLLO- Desktop/Product page/Size dropdown'  using regular expression

2019-06-25 12:29:19 - [MESSAGE][PASSED] - All options with value 'Medium' are selected in object 'Object Repository/APOLLO- Desktop/Product page/Size dropdown'  using regular expression

2019-06-25 12:29:19 - [TEST_STEP][PASSED] - delay(2): Delayed 2 second(s)

2019-06-25 12:29:21 - [MESSAGE][PASSED] - Delayed 2 second(s)

2019-06-25 12:29:21 - [TEST_STEP][PASSED] - click(findTestObject("APOLLO- Desktop/Product page/Add to bag")): Object: 'Object Repository/APOLLO- Desktop/Product page/Add to bag' is clicked on

2019-06-25 12:29:21 - [MESSAGE][PASSED] - Object: 'Object Repository/APOLLO- Desktop/Product page/Add to bag' is clicked on

2019-06-25 12:29:21 - [TEST_STEP][PASSED] - delay(2): Delayed 2 second(s)

2019-06-25 12:29:23 - [MESSAGE][PASSED] - Delayed 2 second(s)

2019-06-25 12:29:23 - [TEST_STEP][PASSED] - click(findTestObject("APOLLO- Desktop/Burger Menu/Burgermenu")): Object: 'Object Repository/APOLLO- Desktop/Burger Menu/Burgermenu' is clicked on

2019-06-25 12:29:23 - [MESSAGE][PASSED] - Object: 'Object Repository/APOLLO- Desktop/Burger Menu/Burgermenu' is clicked on

2019-06-25 12:29:23 - [TEST_STEP][PASSED] - delay(2): Delayed 2 second(s)

2019-06-25 12:29:25 - [MESSAGE][PASSED] - Delayed 2 second(s)

2019-06-25 12:29:25 - [TEST_STEP][PASSED] - click(findTestObject("APOLLO- Desktop/Burger Menu/KIds link")): Object: 'Object Repository/APOLLO- Desktop/Burger Menu/KIds link' is clicked on

2019-06-25 12:29:26 - [MESSAGE][PASSED] - Object: 'Object Repository/APOLLO- Desktop/Burger Menu/KIds link' is clicked on

2019-06-25 12:29:26 - [TEST_STEP][PASSED] - delay(2): Delayed 2 second(s)

2019-06-25 12:29:28 - [MESSAGE][PASSED] - Delayed 2 second(s)

2019-06-25 12:29:28 - [TEST_STEP][PASSED] - click(findTestObject("APOLLO- Desktop/Collection page/Sailor sweatshirt")): Object: 'Object Repository/APOLLO- Desktop/Collection page/Sailor sweatshirt' is clicked on

2019-06-25 12:29:29 - [MESSAGE][PASSED] - Object: 'Object Repository/APOLLO- Desktop/Collection page/Sailor sweatshirt' is clicked on

2019-06-25 12:29:29 - [TEST_STEP][PASSED] - delay(2): Delayed 2 second(s)

2019-06-25 12:29:31 - [MESSAGE][PASSED] - Delayed 2 second(s)

2019-06-25 12:29:31 - [TEST_STEP][PASSED] - click(findTestObject("APOLLO- Desktop/Product page/Add to bag")): Object: 'Object Repository/APOLLO- Desktop/Product page/Add to bag' is clicked on

2019-06-25 12:29:31 - [MESSAGE][PASSED] - Object: 'Object Repository/APOLLO- Desktop/Product page/Add to bag' is clicked on

2019-06-25 12:29:31 - [TEST_STEP][PASSED] - delay(2): Delayed 2 second(s)

2019-06-25 12:29:33 - [MESSAGE][PASSED] - Delayed 2 second(s)

2019-06-25 12:29:33 - [TEST_STEP][NOT_RUN] - executeJavaScript("var previewBar = document.getElementById("preview-bar-iframe"); previewBar.style.display = "none";", []): NOT_RUN: executeJavaScript("var previewBar = document.getElementById("preview-bar-iframe"); previewBar.style.display = "none";", [])

2019-06-25 12:29:33 - [MESSAGE][NOT_RUN] - NOT_RUN: executeJavaScript("var previewBar = document.getElementById("preview-bar-iframe"); previewBar.style.display = "none";", [])

2019-06-25 12:29:33 - [TEST_STEP][PASSED] - a = getText(findTestObject("APOLLO- Desktop/Cart flyout/Unit price - first product")): Text of object 'Object Repository/APOLLO- Desktop/Cart flyout/Unit price - first product' is: '$30'

2019-06-25 12:29:33 - [MESSAGE][PASSED] - Text of object 'Object Repository/APOLLO- Desktop/Cart flyout/Unit price - first product' is: '$30'

2019-06-25 12:29:33 - [TEST_STEP][PASSED] - comment("a=" + a): a=$30

2019-06-25 12:29:33 - [MESSAGE][INFO] - a=$30

2019-06-25 12:29:33 - [TEST_STEP][PASSED] - a1 = a.substring(1): null

2019-06-25 12:29:33 - [TEST_STEP][PASSED] - comment("a1=" + a1): a1=30

2019-06-25 12:29:33 - [MESSAGE][INFO] - a1=30

2019-06-25 12:29:33 - [TEST_STEP][PASSED] - b = getText(findTestObject("APOLLO- Desktop/Cart flyout/Unit price - second product")): Text of object 'Object Repository/APOLLO- Desktop/Cart flyout/Unit price - second product' is: '$30'

2019-06-25 12:29:33 - [MESSAGE][PASSED] - Text of object 'Object Repository/APOLLO- Desktop/Cart flyout/Unit price - second product' is: '$30'

2019-06-25 12:29:33 - [TEST_STEP][PASSED] - comment("b=" + b): b=$30

2019-06-25 12:29:33 - [MESSAGE][INFO] - b=$30

2019-06-25 12:29:33 - [TEST_STEP][PASSED] - b1 = b.substring(1): null

2019-06-25 12:29:33 - [TEST_STEP][PASSED] - comment("b1=" + b1): b1=30

2019-06-25 12:29:33 - [MESSAGE][INFO] - b1=30

2019-06-25 12:29:33 - [TEST_STEP][PASSED] - p1 = <not implemented yet for class: org.codehaus.groovy.ast.expr.EmptyExpression>: null

2019-06-25 12:29:33 - [TEST_STEP][PASSED] - p2 = <not implemented yet for class: org.codehaus.groovy.ast.expr.EmptyExpression>: null

2019-06-25 12:29:33 - [TEST_STEP][PASSED] - try: p1=30.0

2019-06-25 12:29:33 - [TEST_STEP][PASSED] - str = a1: null

2019-06-25 12:29:33 - [TEST_STEP][PASSED] - comment("str=" + str): str=30

2019-06-25 12:29:33 - [MESSAGE][INFO] - str=30

2019-06-25 12:29:33 - [TEST_STEP][PASSED] - p1 = Double.valueOf(str): null

2019-06-25 12:29:33 - [TEST_STEP][PASSED] - comment("p1=" + p1): p1=30.0

2019-06-25 12:29:33 - [MESSAGE][INFO] - p1=30.0

2019-06-25 12:29:33 - [TEST_STEP][PASSED] - try: p2=30.0

2019-06-25 12:29:33 - [TEST_STEP][PASSED] - str5 = b1: null

2019-06-25 12:29:33 - [TEST_STEP][PASSED] - comment("str5=" + str5): str5=30

2019-06-25 12:29:33 - [MESSAGE][INFO] - str5=30

2019-06-25 12:29:33 - [TEST_STEP][PASSED] - p2 = Double.valueOf(str5): null

2019-06-25 12:29:33 - [TEST_STEP][PASSED] - comment("p2=" + p2): p2=30.0

2019-06-25 12:29:33 - [MESSAGE][INFO] - p2=30.0

2019-06-25 12:29:33 - [TEST_STEP][PASSED] - total = p1 + p2: null

2019-06-25 12:29:33 - [TEST_STEP][PASSED] - comment("total=" + total): total=60.0

2019-06-25 12:29:33 - [MESSAGE][INFO] - total=60.0

2019-06-25 12:29:33 - [TEST_STEP][PASSED] - c = getText(findTestObject("APOLLO- Desktop/Cart flyout/Subtotal in cart flyout")): Text of object 'Object Repository/APOLLO- Desktop/Cart flyout/Subtotal in cart flyout' is: '$60.00'

2019-06-25 12:29:33 - [MESSAGE][PASSED] - Text of object 'Object Repository/APOLLO- Desktop/Cart flyout/Subtotal in cart flyout' is: '$60.00'

2019-06-25 12:29:33 - [TEST_STEP][PASSED] - comment("c=" + c): c=$60.00

2019-06-25 12:29:33 - [MESSAGE][INFO] - c=$60.00

2019-06-25 12:29:33 - [TEST_STEP][PASSED] - c1 = c.substring(1): null

2019-06-25 12:29:33 - [TEST_STEP][PASSED] - comment("c1=" + c1): c1=60.00

2019-06-25 12:29:33 - [MESSAGE][INFO] - c1=60.00

2019-06-25 12:29:33 - [TEST_STEP][PASSED] - p3 = <not implemented yet for class: org.codehaus.groovy.ast.expr.EmptyExpression>: null

2019-06-25 12:29:33 - [TEST_STEP][PASSED] - try: p3=60.0

2019-06-25 12:29:33 - [TEST_STEP][PASSED] - str = c1: null

2019-06-25 12:29:33 - [TEST_STEP][PASSED] - comment("str=" + str): str=60.00

2019-06-25 12:29:33 - [MESSAGE][INFO] - str=60.00

2019-06-25 12:29:33 - [TEST_STEP][PASSED] - p3 = Double.valueOf(str): null

2019-06-25 12:29:33 - [TEST_STEP][PASSED] - comment("p3=" + p3): p3=60.0

2019-06-25 12:29:33 - [MESSAGE][INFO] - p3=60.0

2019-06-25 12:29:33 - [TEST_STEP][PASSED] - verifyEqual(total, p3): Actual object '60' and expected object '60' are equal

2019-06-25 12:29:33 - [MESSAGE][PASSED] - Actual object '60' and expected object '60' are equal

2019-06-25 12:29:33 - [TEST_STEP][PASSED] - click(findTestObject("APOLLO- Desktop/Cart flyout/Checkout")): Object: 'Object Repository/APOLLO- Desktop/Cart flyout/Checkout' is clicked on

2019-06-25 12:29:36 - [MESSAGE][PASSED] - Object: 'Object Repository/APOLLO- Desktop/Cart flyout/Checkout' is clicked on

2019-06-25 12:29:36 - [TEST_STEP][PASSED] - callTestCase(findTestCase("CALL- CUSTOMER INFO PAGE"), [:], STOP_ON_FAILURE): Call Test Case 'Test Cases/CALL- CUSTOMER INFO PAGE' successfully

2019-06-25 12:29:36 - [TEST_CASE][PASSED] - Test Cases/CALL- CUSTOMER INFO PAGE: Test Cases/CALL- CUSTOMER INFO PAGE

2019-06-25 12:29:36 - [TEST_STEP][PASSED] - delay(2): Delayed 2 second(s)

2019-06-25 12:29:38 - [MESSAGE][PASSED] - Delayed 2 second(s)

2019-06-25 12:29:38 - [TEST_STEP][NOT_RUN] - executeJavaScript("var previewBar = document.getElementById("preview-bar-iframe"); previewBar.style.display = "none";", []): NOT_RUN: executeJavaScript("var previewBar = document.getElementById("preview-bar-iframe"); previewBar.style.display = "none";", [])

2019-06-25 12:29:38 - [MESSAGE][NOT_RUN] - NOT_RUN: executeJavaScript("var previewBar = document.getElementById("preview-bar-iframe"); previewBar.style.display = "none";", [])

2019-06-25 12:29:38 - [TEST_STEP][PASSED] - setText(findTestObject("APOLLO- Desktop/Customer Information page/Email"), "suman@gmail.com"): Text 'suman@gmail.com' is set on object 'Object Repository/APOLLO- Desktop/Customer Information page/Email'

2019-06-25 12:29:38 - [MESSAGE][PASSED] - Text 'suman@gmail.com' is set on object 'Object Repository/APOLLO- Desktop/Customer Information page/Email'

2019-06-25 12:29:38 - [TEST_STEP][PASSED] - delay(2): Delayed 2 second(s)

2019-06-25 12:29:40 - [MESSAGE][PASSED] - Delayed 2 second(s)

2019-06-25 12:29:40 - [TEST_STEP][PASSED] - setText(findTestObject("APOLLO- Desktop/Customer Information page/First name"), "suman"): Text 'suman' is set on object 'Object Repository/APOLLO- Desktop/Customer Information page/First name'

2019-06-25 12:29:40 - [MESSAGE][PASSED] - Text 'suman' is set on object 'Object Repository/APOLLO- Desktop/Customer Information page/First name'

2019-06-25 12:29:40 - [TEST_STEP][PASSED] - delay(2): Delayed 2 second(s)

2019-06-25 12:29:42 - [MESSAGE][PASSED] - Delayed 2 second(s)

2019-06-25 12:29:42 - [TEST_STEP][PASSED] - setText(findTestObject("APOLLO- Desktop/Customer Information page/Last name"), "kompelly"): Text 'kompelly' is set on object 'Object Repository/APOLLO- Desktop/Customer Information page/Last name'

2019-06-25 12:29:42 - [MESSAGE][PASSED] - Text 'kompelly' is set on object 'Object Repository/APOLLO- Desktop/Customer Information page/Last name'

2019-06-25 12:29:42 - [TEST_STEP][PASSED] - delay(2): Delayed 2 second(s)

2019-06-25 12:29:44 - [MESSAGE][PASSED] - Delayed 2 second(s)

2019-06-25 12:29:44 - [TEST_STEP][PASSED] - setText(findTestObject("APOLLO- Desktop/Customer Information page/Address"), "1435 st alxendre"): Text '1435 st alxendre' is set on object 'Object Repository/APOLLO- Desktop/Customer Information page/Address'

2019-06-25 12:29:45 - [MESSAGE][PASSED] - Text '1435 st alxendre' is set on object 'Object Repository/APOLLO- Desktop/Customer Information page/Address'

2019-06-25 12:29:45 - [TEST_STEP][PASSED] - setText(findTestObject("APOLLO- Desktop/Customer Information page/Apartment"), "220"): Text '220' is set on object 'Object Repository/APOLLO- Desktop/Customer Information page/Apartment'

2019-06-25 12:29:45 - [MESSAGE][PASSED] - Text '220' is set on object 'Object Repository/APOLLO- Desktop/Customer Information page/Apartment'

2019-06-25 12:29:45 - [TEST_STEP][PASSED] - setText(findTestObject("APOLLO- Desktop/Customer Information page/City"), "montreal"): Text 'montreal' is set on object 'Object Repository/APOLLO- Desktop/Customer Information page/City'

2019-06-25 12:29:45 - [MESSAGE][PASSED] - Text 'montreal' is set on object 'Object Repository/APOLLO- Desktop/Customer Information page/City'

2019-06-25 12:29:45 - [TEST_STEP][PASSED] - selectOptionByValue(findTestObject("APOLLO- Desktop/Customer Information page/Country dropdown"), "United States", true): All options with value 'United States' are selected in object 'Object Repository/APOLLO- Desktop/Customer Information page/Country dropdown'  using regular expression

2019-06-25 12:29:48 - [MESSAGE][PASSED] - All options with value 'United States' are selected in object 'Object Repository/APOLLO- Desktop/Customer Information page/Country dropdown'  using regular expression

2019-06-25 12:29:48 - [TEST_STEP][PASSED] - selectOptionByValue(findTestObject("APOLLO- Desktop/Customer Information page/states dropdown"), "NJ", true): All options with value 'NJ' are selected in object 'Object Repository/APOLLO- Desktop/Customer Information page/states dropdown'  using regular expression

2019-06-25 12:29:49 - [MESSAGE][PASSED] - All options with value 'NJ' are selected in object 'Object Repository/APOLLO- Desktop/Customer Information page/states dropdown'  using regular expression

2019-06-25 12:29:49 - [TEST_STEP][PASSED] - setText(findTestObject("APOLLO- Desktop/Customer Information page/ZIP code"), "07057"): Text '07057' is set on object 'Object Repository/APOLLO- Desktop/Customer Information page/ZIP code'

2019-06-25 12:29:49 - [MESSAGE][PASSED] - Text '07057' is set on object 'Object Repository/APOLLO- Desktop/Customer Information page/ZIP code'

2019-06-25 12:29:49 - [MESSAGE][PASSED] - Call Test Case 'Test Cases/CALL- CUSTOMER INFO PAGE' successfully

2019-06-25 12:29:49 - [TEST_STEP][PASSED] - click(findTestObject("APOLLO- Desktop/Customer Information page/Continue to shipping")): Object: 'Object Repository/APOLLO- Desktop/Customer Information page/Continue to shipping' is clicked on

2019-06-25 12:29:52 - [MESSAGE][PASSED] - Object: 'Object Repository/APOLLO- Desktop/Customer Information page/Continue to shipping' is clicked on

2019-06-25 12:29:52 - [TEST_STEP][PASSED] - click(findTestObject("APOLLO- Desktop/Shipping page/Radio button check")): Object: 'Object Repository/APOLLO- Desktop/Shipping page/Radio button check' is clicked on

2019-06-25 12:29:54 - [MESSAGE][PASSED] - Object: 'Object Repository/APOLLO- Desktop/Shipping page/Radio button check' is clicked on

2019-06-25 12:29:54 - [TEST_STEP][PASSED] - click(findTestObject("APOLLO- Desktop/Shipping page/Continue to payment")): Object: 'Object Repository/APOLLO- Desktop/Shipping page/Continue to payment' is clicked on

2019-06-25 12:29:56 - [MESSAGE][PASSED] - Object: 'Object Repository/APOLLO- Desktop/Shipping page/Continue to payment' is clicked on

2019-06-25 12:29:56 - [TEST_STEP][PASSED] - click(findTestObject("APOLLO- Desktop/payment page/Payment section")): Object: 'Object Repository/APOLLO- Desktop/payment page/Payment section' is clicked on

2019-06-25 12:29:56 - [MESSAGE][PASSED] - Object: 'Object Repository/APOLLO- Desktop/payment page/Payment section' is clicked on]]></system-out>
         <system-err><![CDATA[]]></system-err>
      </testcase>
      <system-out><![CDATA[2019-06-25 12:00:03 - [TEST_SUITE][FAILED] - Apollo - dark build: Test Cases/HOME PAGE/Hero banner - CTA FAILED.
Reason:
com.kms.katalon.core.exception.StepFailedException: Unable to click on object 'Object Repository/APOLLO- Desktop/Home page/Hero banner - CTA/Shop womesn outer wear' (Root cause: org.openqa.selenium.ElementNotVisibleException: element not interactable
  (Session info: chrome=75.0.3770.100)
  (Driver info: chromedriver=2.43.600229 (3fae4d0cda5334b4f533bede5a4787f7b832d052),platform=Mac OS X 10.13.6 x86_64) (WARNING: The server did not provide any stacktrace information)
Command duration or timeout: 0 milliseconds
Build info: version: '3.7.1', revision: '8a0099a', time: '2017-11-06T21:07:36.161Z'
System info: host: 'sumans-MacBook-Pro.local', ip: 'fe80:0:0:0:b7:68e8:717b:cb34%en0', os.name: 'Mac OS X', os.arch: 'x86_64', os.version: '10.13.6', java.version: '1.8.0_181'
Driver info: com.kms.katalon.selenium.driver.CChromeDriver
Capabilities {acceptInsecureCerts: false, acceptSslCerts: false, applicationCacheEnabled: false, browserConnectionEnabled: false, browserName: chrome, chrome: {chromedriverVersion: 2.43.600229 (3fae4d0cda5334..., userDataDir: /var/folders/1t/c55l8xzs6gq...}, cssSelectorsEnabled: true, databaseEnabled: false, goog:chromeOptions: {debuggerAddress: localhost:54170}, handlesAlerts: true, hasTouchScreen: false, javascriptEnabled: true, locationContextEnabled: true, mobileEmulationEnabled: false, nativeEvents: true, networkConnectionEnabled: false, pageLoadStrategy: normal, platform: MAC, platformName: MAC, rotatable: false, setWindowRect: true, takesHeapSnapshot: true, takesScreenshot: true, unexpectedAlertBehaviour: , unhandledPromptBehavior: , version: 75.0.3770.100, webStorageEnabled: true}
Session ID: cfb4c4e03092855eb67c4e93ea78bda0)
	at com.kms.katalon.core.keyword.internal.KeywordMain.stepFailed(KeywordMain.groovy:36)
	at com.kms.katalon.core.webui.keyword.internal.WebUIKeywordMain.stepFailed(WebUIKeywordMain.groovy:65)
	at com.kms.katalon.core.webui.keyword.internal.WebUIKeywordMain.runKeyword(WebUIKeywordMain.groovy:27)
	at com.kms.katalon.core.webui.keyword.builtin.ClickKeyword.click(ClickKeyword.groovy:86)
	at com.kms.katalon.core.webui.keyword.builtin.ClickKeyword.execute(ClickKeyword.groovy:67)
	at com.kms.katalon.core.keyword.internal.KeywordExecutor.executeKeywordForPlatform(KeywordExecutor.groovy:53)
	at com.kms.katalon.core.webui.keyword.WebUiBuiltInKeywords.click(WebUiBuiltInKeywords.groovy:616)
	at com.kms.katalon.core.webui.keyword.WebUiBuiltInKeywords$click$1.call(Unknown Source)
	at Hero banner - CTA.run(Hero banner - CTA:48)
	at com.kms.katalon.core.main.ScriptEngine.run(ScriptEngine.java:194)
	at com.kms.katalon.core.main.ScriptEngine.runScriptAsRawText(ScriptEngine.java:119)
	at com.kms.katalon.core.main.TestCaseExecutor.runScript(TestCaseExecutor.java:328)
	at com.kms.katalon.core.main.TestCaseExecutor.doExecute(TestCaseExecutor.java:319)
	at com.kms.katalon.core.main.TestCaseExecutor.processExecutionPhase(TestCaseExecutor.java:298)
	at com.kms.katalon.core.main.TestCaseExecutor.accessMainPhase(TestCaseExecutor.java:290)
	at com.kms.katalon.core.main.TestCaseExecutor.execute(TestCaseExecutor.java:224)
	at com.kms.katalon.core.main.TestSuiteExecutor.accessTestCaseMainPhase(TestSuiteExecutor.java:129)
	at com.kms.katalon.core.main.TestSuiteExecutor.accessTestSuiteMainPhase(TestSuiteExecutor.java:112)
	at com.kms.katalon.core.main.TestSuiteExecutor.execute(TestSuiteExecutor.java:81)
	at com.kms.katalon.core.main.TestCaseMain.startTestSuite(TestCaseMain.java:149)
	at com.kms.katalon.core.main.TestCaseMain$startTestSuite$0.call(Unknown Source)
	at TempTestSuite1561478401383.run(TempTestSuite1561478401383.groovy:36)]]></system-out>
      <system-err><![CDATA[2019-06-25 12:00:03 - [TEST_SUITE][FAILED] - Apollo - dark build: Test Cases/HOME PAGE/Hero banner - CTA FAILED.
Reason:
com.kms.katalon.core.exception.StepFailedException: Unable to click on object 'Object Repository/APOLLO- Desktop/Home page/Hero banner - CTA/Shop womesn outer wear' (Root cause: org.openqa.selenium.ElementNotVisibleException: element not interactable
  (Session info: chrome=75.0.3770.100)
  (Driver info: chromedriver=2.43.600229 (3fae4d0cda5334b4f533bede5a4787f7b832d052),platform=Mac OS X 10.13.6 x86_64) (WARNING: The server did not provide any stacktrace information)
Command duration or timeout: 0 milliseconds
Build info: version: '3.7.1', revision: '8a0099a', time: '2017-11-06T21:07:36.161Z'
System info: host: 'sumans-MacBook-Pro.local', ip: 'fe80:0:0:0:b7:68e8:717b:cb34%en0', os.name: 'Mac OS X', os.arch: 'x86_64', os.version: '10.13.6', java.version: '1.8.0_181'
Driver info: com.kms.katalon.selenium.driver.CChromeDriver
Capabilities {acceptInsecureCerts: false, acceptSslCerts: false, applicationCacheEnabled: false, browserConnectionEnabled: false, browserName: chrome, chrome: {chromedriverVersion: 2.43.600229 (3fae4d0cda5334..., userDataDir: /var/folders/1t/c55l8xzs6gq...}, cssSelectorsEnabled: true, databaseEnabled: false, goog:chromeOptions: {debuggerAddress: localhost:54170}, handlesAlerts: true, hasTouchScreen: false, javascriptEnabled: true, locationContextEnabled: true, mobileEmulationEnabled: false, nativeEvents: true, networkConnectionEnabled: false, pageLoadStrategy: normal, platform: MAC, platformName: MAC, rotatable: false, setWindowRect: true, takesHeapSnapshot: true, takesScreenshot: true, unexpectedAlertBehaviour: , unhandledPromptBehavior: , version: 75.0.3770.100, webStorageEnabled: true}
Session ID: cfb4c4e03092855eb67c4e93ea78bda0)
	at com.kms.katalon.core.keyword.internal.KeywordMain.stepFailed(KeywordMain.groovy:36)
	at com.kms.katalon.core.webui.keyword.internal.WebUIKeywordMain.stepFailed(WebUIKeywordMain.groovy:65)
	at com.kms.katalon.core.webui.keyword.internal.WebUIKeywordMain.runKeyword(WebUIKeywordMain.groovy:27)
	at com.kms.katalon.core.webui.keyword.builtin.ClickKeyword.click(ClickKeyword.groovy:86)
	at com.kms.katalon.core.webui.keyword.builtin.ClickKeyword.execute(ClickKeyword.groovy:67)
	at com.kms.katalon.core.keyword.internal.KeywordExecutor.executeKeywordForPlatform(KeywordExecutor.groovy:53)
	at com.kms.katalon.core.webui.keyword.WebUiBuiltInKeywords.click(WebUiBuiltInKeywords.groovy:616)
	at com.kms.katalon.core.webui.keyword.WebUiBuiltInKeywords$click$1.call(Unknown Source)
	at Hero banner - CTA.run(Hero banner - CTA:48)
	at com.kms.katalon.core.main.ScriptEngine.run(ScriptEngine.java:194)
	at com.kms.katalon.core.main.ScriptEngine.runScriptAsRawText(ScriptEngine.java:119)
	at com.kms.katalon.core.main.TestCaseExecutor.runScript(TestCaseExecutor.java:328)
	at com.kms.katalon.core.main.TestCaseExecutor.doExecute(TestCaseExecutor.java:319)
	at com.kms.katalon.core.main.TestCaseExecutor.processExecutionPhase(TestCaseExecutor.java:298)
	at com.kms.katalon.core.main.TestCaseExecutor.accessMainPhase(TestCaseExecutor.java:290)
	at com.kms.katalon.core.main.TestCaseExecutor.execute(TestCaseExecutor.java:224)
	at com.kms.katalon.core.main.TestSuiteExecutor.accessTestCaseMainPhase(TestSuiteExecutor.java:129)
	at com.kms.katalon.core.main.TestSuiteExecutor.accessTestSuiteMainPhase(TestSuiteExecutor.java:112)
	at com.kms.katalon.core.main.TestSuiteExecutor.execute(TestSuiteExecutor.java:81)
	at com.kms.katalon.core.main.TestCaseMain.startTestSuite(TestCaseMain.java:149)
	at com.kms.katalon.core.main.TestCaseMain$startTestSuite$0.call(Unknown Source)
	at TempTestSuite1561478401383.run(TempTestSuite1561478401383.groovy:36)]]></system-err>
   </testsuite>
</testsuites>
