<?xml version="1.0" encoding="UTF-8"?>
<testsuites name="Apollo - dark build" time="2436" tests="10" failures="21" errors="0">
   <testsuite name="Apollo - dark build" tests="10" failures="21" errors="0" time="2436" timestamp="2019-07-10 17:40:14" hostname="sumankompelly - 10.0.126.233" id="Test Suites/Apollo - dark build">
      <properties>
         <property name="deviceName" value=""/>
         <property name="devicePlatform" value=""/>
         <property name="logFolder" value="/Users/sumankompelly/git/Apollo-Dark-Desktop/Reports/Apollo - dark build/20190710_174012"/>
         <property name="logFiles" value="/Users/sumankompelly/git/Apollo-Dark-Desktop/Reports/Apollo - dark build/20190710_174012/execution0.log"/>
         <property name="attachments" value="/Users/sumankompelly/git/Apollo-Dark-Desktop/Reports/Apollo - dark build/20190710_174012/1562794913692.png, /Users/sumankompelly/git/Apollo-Dark-Desktop/Reports/Apollo - dark build/20190710_174012/1562795013434.png, /Users/sumankompelly/git/Apollo-Dark-Desktop/Reports/Apollo - dark build/20190710_174012/1562795089343.png, /Users/sumankompelly/git/Apollo-Dark-Desktop/Reports/Apollo - dark build/20190710_174012/1562795484378.png, /Users/sumankompelly/git/Apollo-Dark-Desktop/Reports/Apollo - dark build/20190710_174012/1562795639505.png, /Users/sumankompelly/git/Apollo-Dark-Desktop/Reports/Apollo - dark build/20190710_174012/1562795679661.png, /Users/sumankompelly/git/Apollo-Dark-Desktop/Reports/Apollo - dark build/20190710_174012/1562795789943.png, /Users/sumankompelly/git/Apollo-Dark-Desktop/Reports/Apollo - dark build/20190710_174012/1562795884240.png, /Users/sumankompelly/git/Apollo-Dark-Desktop/Reports/Apollo - dark build/20190710_174012/1562795928813.png, /Users/sumankompelly/git/Apollo-Dark-Desktop/Reports/Apollo - dark build/20190710_174012/1562795990539.png, /Users/sumankompelly/git/Apollo-Dark-Desktop/Reports/Apollo - dark build/20190710_174012/1562796036826.png, /Users/sumankompelly/git/Apollo-Dark-Desktop/Reports/Apollo - dark build/20190710_174012/1562796161261.png, /Users/sumankompelly/git/Apollo-Dark-Desktop/Reports/Apollo - dark build/20190710_174012/1562796244871.png, /Users/sumankompelly/git/Apollo-Dark-Desktop/Reports/Apollo - dark build/20190710_174012/1562796384998.png, /Users/sumankompelly/git/Apollo-Dark-Desktop/Reports/Apollo - dark build/20190710_174012/1562796444950.png, /Users/sumankompelly/git/Apollo-Dark-Desktop/Reports/Apollo - dark build/20190710_174012/1562796524167.png, /Users/sumankompelly/git/Apollo-Dark-Desktop/Reports/Apollo - dark build/20190710_174012/1562796624210.png, /Users/sumankompelly/git/Apollo-Dark-Desktop/Reports/Apollo - dark build/20190710_174012/1562796671971.png, /Users/sumankompelly/git/Apollo-Dark-Desktop/Reports/Apollo - dark build/20190710_174012/1562796747796.png, /Users/sumankompelly/git/Apollo-Dark-Desktop/Reports/Apollo - dark build/20190710_174012/1562796889235.png, /Users/sumankompelly/git/Apollo-Dark-Desktop/Reports/Apollo - dark build/20190710_174012/1562797096677.png, /Users/sumankompelly/git/Apollo-Dark-Desktop/Reports/Apollo - dark build/20190710_174012/1562797247363.png"/>
         <property name="hostName" value="sumankompelly - 10.0.126.233"/>
         <property name="os" value="Mac OS X 64bit"/>
         <property name="katalonVersion" value="5.10.1.1"/>
         <property name="browser" value="Edge 18"/>
         <property name="hostAddress" value="10.0.126.233"/>
         <property name="sessionId" value="564a2a97f247b5ce3a4abe26436d85e0d38e59ca"/>
         <property name="seleniumVersion" value="3.7.1"/>
         <property name="proxyInformation" value="ProxyInformation{proxyOption=NO_PROXY, proxyServerType=HTTP, password=, proxyServerAddress=, proxyServerPort=0}"/>
         <property name="platform" value="Mac OS X"/>
      </properties>
      <testcase name="Test Cases/COLLECTION PAGE/colour variants" classname="Test Cases/COLLECTION PAGE/colour variants" status="PASSED">
         <system-out><![CDATA[2019-07-10 17:40:15 - [TEST_CASE][PASSED] - Test Cases/COLLECTION PAGE/colour variants: Test Cases/COLLECTION PAGE/colour variants

2019-07-10 17:40:15 - [TEST_STEP][PASSED] - callTestCase(findTestCase("CALL - URL"), [:], STOP_ON_FAILURE): Call Test Case 'Test Cases/CALL - URL' successfully

2019-07-10 17:40:15 - [TEST_CASE][PASSED] - Test Cases/CALL - URL: Test Cases/CALL - URL

2019-07-10 17:40:15 - [TEST_STEP][PASSED] - openBrowser(""): Browser is opened with url: ''

2019-07-10 17:40:16 - [MESSAGE][INFO] - Starting 'Remote' driver

2019-07-10 17:40:16 - [MESSAGE][INFO] - User set preference: ['os', 'Windows']

2019-07-10 17:40:16 - [MESSAGE][INFO] - User set preference: ['os_version', '10']

2019-07-10 17:40:16 - [MESSAGE][INFO] - User set preference: ['browser', 'Edge']

2019-07-10 17:40:16 - [MESSAGE][INFO] - User set preference: ['browser_version', '18.0']

2019-07-10 17:40:16 - [MESSAGE][INFO] - User set preference: ['resolution', '']

2019-07-10 17:40:16 - [MESSAGE][INFO] - Connecting to remote web server 'https://dianatest3:Z3oqw9ysqTeRQJq5wFCp@hub-cloud.browserstack.com/wd/hub' with type 'Selenium'

2019-07-10 17:40:16 - [MESSAGE][INFO] - Action delay is set to 0 seconds

2019-07-10 17:40:32 - [MESSAGE][PASSED] - Browser is opened with url: ''

2019-07-10 17:40:32 - [TEST_STEP][PASSED] - navigateToUrl("https://diff-apollo.myshopify.com/?_ab=0&_fd=0&_sc=1&preview_theme_id=68640637028"): Navigate to 'https://diff-apollo.myshopify.com/?_ab=0&_fd=0&_sc=1&preview_theme_id=68640637028' successfully

2019-07-10 17:40:41 - [MESSAGE][PASSED] - Navigate to 'https://diff-apollo.myshopify.com/?_ab=0&_fd=0&_sc=1&preview_theme_id=68640637028' successfully

2019-07-10 17:40:41 - [TEST_STEP][NOT_RUN] - executeJavaScript("var previewBar = document.getElementById("preview-bar-iframe"); previewBar.style.display = "none";", []): NOT_RUN: executeJavaScript("var previewBar = document.getElementById("preview-bar-iframe"); previewBar.style.display = "none";", [])

2019-07-10 17:40:41 - [MESSAGE][NOT_RUN] - NOT_RUN: executeJavaScript("var previewBar = document.getElementById("preview-bar-iframe"); previewBar.style.display = "none";", [])

2019-07-10 17:40:41 - [TEST_STEP][PASSED] - maximizeWindow(): Current window maximized

2019-07-10 17:40:42 - [MESSAGE][PASSED] - Current window maximized

2019-07-10 17:40:42 - [MESSAGE][PASSED] - Call Test Case 'Test Cases/CALL - URL' successfully

2019-07-10 17:40:42 - [TEST_STEP][PASSED] - delay(2): Delayed 2 second(s)

2019-07-10 17:40:44 - [MESSAGE][PASSED] - Delayed 2 second(s)

2019-07-10 17:40:44 - [TEST_STEP][PASSED] - click(findTestObject("APOLLO- Desktop/Burger Menu/Burgermenu")): Object: 'Object Repository/APOLLO- Desktop/Burger Menu/Burgermenu' is clicked on

2019-07-10 17:40:44 - [MESSAGE][PASSED] - Object: 'Object Repository/APOLLO- Desktop/Burger Menu/Burgermenu' is clicked on

2019-07-10 17:40:44 - [TEST_STEP][PASSED] - delay(2): Delayed 2 second(s)

2019-07-10 17:40:46 - [MESSAGE][PASSED] - Delayed 2 second(s)

2019-07-10 17:40:46 - [TEST_STEP][PASSED] - click(findTestObject("APOLLO- Desktop/Burger Menu/Mens chevron")): Object: 'Object Repository/APOLLO- Desktop/Burger Menu/Mens chevron' is clicked on

2019-07-10 17:40:47 - [MESSAGE][PASSED] - Object: 'Object Repository/APOLLO- Desktop/Burger Menu/Mens chevron' is clicked on

2019-07-10 17:40:47 - [TEST_STEP][PASSED] - delay(2): Delayed 2 second(s)

2019-07-10 17:40:49 - [MESSAGE][PASSED] - Delayed 2 second(s)

2019-07-10 17:40:49 - [TEST_STEP][PASSED] - click(findTestObject("APOLLO- Desktop/Burger Menu/Mens - Top Chevron")): Object: 'Object Repository/APOLLO- Desktop/Burger Menu/Mens - Top Chevron' is clicked on

2019-07-10 17:40:50 - [MESSAGE][PASSED] - Object: 'Object Repository/APOLLO- Desktop/Burger Menu/Mens - Top Chevron' is clicked on

2019-07-10 17:40:50 - [TEST_STEP][PASSED] - delay(2): Delayed 2 second(s)

2019-07-10 17:40:52 - [MESSAGE][PASSED] - Delayed 2 second(s)

2019-07-10 17:40:52 - [TEST_STEP][PASSED] - click(findTestObject("APOLLO- Desktop/Burger Menu/Shirts link")): Object: 'Object Repository/APOLLO- Desktop/Burger Menu/Shirts link' is clicked on

2019-07-10 17:40:52 - [MESSAGE][PASSED] - Object: 'Object Repository/APOLLO- Desktop/Burger Menu/Shirts link' is clicked on

2019-07-10 17:40:52 - [TEST_STEP][NOT_RUN] - executeJavaScript("var previewBar = document.getElementById("preview-bar-iframe"); previewBar.style.display = "none";", []): NOT_RUN: executeJavaScript("var previewBar = document.getElementById("preview-bar-iframe"); previewBar.style.display = "none";", [])

2019-07-10 17:40:52 - [MESSAGE][NOT_RUN] - NOT_RUN: executeJavaScript("var previewBar = document.getElementById("preview-bar-iframe"); previewBar.style.display = "none";", [])

2019-07-10 17:40:52 - [TEST_STEP][PASSED] - delay(2): Delayed 2 second(s)

2019-07-10 17:40:54 - [MESSAGE][PASSED] - Delayed 2 second(s)

2019-07-10 17:40:54 - [TEST_STEP][NOT_RUN] - executeJavaScript("var previewBar = document.getElementById("preview-bar-iframe"); previewBar.style.display = "none";", []): NOT_RUN: executeJavaScript("var previewBar = document.getElementById("preview-bar-iframe"); previewBar.style.display = "none";", [])

2019-07-10 17:40:54 - [MESSAGE][NOT_RUN] - NOT_RUN: executeJavaScript("var previewBar = document.getElementById("preview-bar-iframe"); previewBar.style.display = "none";", [])

2019-07-10 17:40:54 - [TEST_STEP][PASSED] - delay(2): Delayed 2 second(s)

2019-07-10 17:40:56 - [MESSAGE][PASSED] - Delayed 2 second(s)

2019-07-10 17:40:56 - [TEST_STEP][PASSED] - scrollToElement(findTestObject("APOLLO- Desktop/Collection page/Blue shirt product"), 0): Scroll to object 'Object Repository/APOLLO- Desktop/Collection page/Blue shirt product' successfully

2019-07-10 17:40:56 - [MESSAGE][WARNING] - Timeout '0' is invalid. Using default page load timeout: '30'

2019-07-10 17:40:57 - [MESSAGE][PASSED] - Scroll to object 'Object Repository/APOLLO- Desktop/Collection page/Blue shirt product' successfully

2019-07-10 17:40:57 - [TEST_STEP][PASSED] - delay(2): Delayed 2 second(s)

2019-07-10 17:40:59 - [MESSAGE][PASSED] - Delayed 2 second(s)

2019-07-10 17:40:59 - [TEST_STEP][PASSED] - click(findTestObject("APOLLO- Desktop/Collection page/color variants/red variant")): Object: 'Object Repository/APOLLO- Desktop/Collection page/color variants/red variant' is clicked on

2019-07-10 17:40:59 - [MESSAGE][PASSED] - Object: 'Object Repository/APOLLO- Desktop/Collection page/color variants/red variant' is clicked on

2019-07-10 17:40:59 - [TEST_STEP][PASSED] - delay(2): Delayed 2 second(s)

2019-07-10 17:41:01 - [MESSAGE][PASSED] - Delayed 2 second(s)

2019-07-10 17:41:01 - [TEST_STEP][PASSED] - click(findTestObject("APOLLO- Desktop/Collection page/color variants/Purple variant")): Object: 'Object Repository/APOLLO- Desktop/Collection page/color variants/Purple variant' is clicked on

2019-07-10 17:41:02 - [MESSAGE][PASSED] - Object: 'Object Repository/APOLLO- Desktop/Collection page/color variants/Purple variant' is clicked on

2019-07-10 17:41:02 - [TEST_STEP][PASSED] - delay(2): Delayed 2 second(s)

2019-07-10 17:41:04 - [MESSAGE][PASSED] - Delayed 2 second(s)

2019-07-10 17:41:04 - [TEST_STEP][PASSED] - click(findTestObject("APOLLO- Desktop/Collection page/color variants/green variant")): Object: 'Object Repository/APOLLO- Desktop/Collection page/color variants/green variant' is clicked on

2019-07-10 17:41:05 - [MESSAGE][PASSED] - Object: 'Object Repository/APOLLO- Desktop/Collection page/color variants/green variant' is clicked on

2019-07-10 17:41:05 - [TEST_STEP][PASSED] - delay(2): Delayed 2 second(s)

2019-07-10 17:41:07 - [MESSAGE][PASSED] - Delayed 2 second(s)

2019-07-10 17:41:07 - [TEST_STEP][PASSED] - click(findTestObject("APOLLO- Desktop/Collection page/color variants/Blue variant")): Object: 'Object Repository/APOLLO- Desktop/Collection page/color variants/Blue variant' is clicked on

2019-07-10 17:41:07 - [MESSAGE][PASSED] - Object: 'Object Repository/APOLLO- Desktop/Collection page/color variants/Blue variant' is clicked on

2019-07-10 17:41:07 - [TEST_STEP][PASSED] - delay(2): Delayed 2 second(s)

2019-07-10 17:41:09 - [MESSAGE][PASSED] - Delayed 2 second(s)

2019-07-10 17:41:09 - [TEST_STEP][PASSED] - click(findTestObject("APOLLO- Desktop/Collection page/color variants/Black variant")): Object: 'Object Repository/APOLLO- Desktop/Collection page/color variants/Black variant' is clicked on

2019-07-10 17:41:10 - [MESSAGE][PASSED] - Object: 'Object Repository/APOLLO- Desktop/Collection page/color variants/Black variant' is clicked on]]></system-out>
         <system-err><![CDATA[]]></system-err>
      </testcase>
      <testcase name="Test Cases/COLLECTION PAGE/Sort" classname="Test Cases/COLLECTION PAGE/Sort" status="FAILED">
         <failure type="FAILED" message="Test Cases/COLLECTION PAGE/Sort FAILED.
Reason:
com.kms.katalon.core.exception.StepFailedException: Unable to click on object 'Object Repository/APOLLO- Desktop/Collection page/sort/Featured' (Root cause: org.openqa.selenium.ElementClickInterceptedException: The command failed because the specified element is obscured.
Build info: version: '3.7.1', revision: '8a0099a', time: '2017-11-06T21:07:36.161Z'
System info: host: 'sumans-MacBook-Pro.local', ip: 'fe80:0:0:0:47c:ca88:4245:b7a7%en0', os.name: 'Mac OS X', os.arch: 'x86_64', os.version: '10.13.6', java.version: '1.8.0_181'
Driver info: com.kms.katalon.selenium.driver.CRemoteWebDriver
Capabilities {acceptInsecureCerts: false, browserName: MicrosoftEdge, browserVersion: 44.18362.1.0, javascriptEnabled: true, pageLoadStrategy: normal, platform: WINDOWS, platformName: WINDOWS, proxy: Proxy(), setWindowRect: false, timeouts: {implicit: 0, pageLoad: 300000, script: 30000}}
Session ID: d48060b76cc597f9cf7b6daad161cf01e3dab60b)
	at com.kms.katalon.core.keyword.internal.KeywordMain.stepFailed(KeywordMain.groovy:36)
	at com.kms.katalon.core.webui.keyword.internal.WebUIKeywordMain.stepFailed(WebUIKeywordMain.groovy:65)
	at com.kms.katalon.core.webui.keyword.internal.WebUIKeywordMain.runKeyword(WebUIKeywordMain.groovy:27)
	at com.kms.katalon.core.webui.keyword.builtin.ClickKeyword.click(ClickKeyword.groovy:86)
	at com.kms.katalon.core.webui.keyword.builtin.ClickKeyword.execute(ClickKeyword.groovy:67)
	at com.kms.katalon.core.keyword.internal.KeywordExecutor.executeKeywordForPlatform(KeywordExecutor.groovy:53)
	at com.kms.katalon.core.webui.keyword.WebUiBuiltInKeywords.click(WebUiBuiltInKeywords.groovy:616)
	at com.kms.katalon.core.webui.keyword.WebUiBuiltInKeywords$click$2.call(Unknown Source)
	at Sort.run(Sort:48)
	at com.kms.katalon.core.main.ScriptEngine.run(ScriptEngine.java:194)
	at com.kms.katalon.core.main.ScriptEngine.runScriptAsRawText(ScriptEngine.java:119)
	at com.kms.katalon.core.main.TestCaseExecutor.runScript(TestCaseExecutor.java:328)
	at com.kms.katalon.core.main.TestCaseExecutor.doExecute(TestCaseExecutor.java:319)
	at com.kms.katalon.core.main.TestCaseExecutor.processExecutionPhase(TestCaseExecutor.java:298)
	at com.kms.katalon.core.main.TestCaseExecutor.accessMainPhase(TestCaseExecutor.java:290)
	at com.kms.katalon.core.main.TestCaseExecutor.execute(TestCaseExecutor.java:224)
	at com.kms.katalon.core.main.TestSuiteExecutor.accessTestCaseMainPhase(TestSuiteExecutor.java:129)
	at com.kms.katalon.core.main.TestSuiteExecutor.accessTestSuiteMainPhase(TestSuiteExecutor.java:112)
	at com.kms.katalon.core.main.TestSuiteExecutor.execute(TestSuiteExecutor.java:81)
	at com.kms.katalon.core.main.TestCaseMain.startTestSuite(TestCaseMain.java:149)
	at com.kms.katalon.core.main.TestCaseMain$startTestSuite$0.call(Unknown Source)
	at TempTestSuite1562794812628.run(TempTestSuite1562794812628.groovy:36)
"/>
         <system-out><![CDATA[2019-07-10 17:41:10 - [TEST_CASE][FAILED] - Test Cases/COLLECTION PAGE/Sort: Test Cases/COLLECTION PAGE/Sort FAILED.
Reason:
com.kms.katalon.core.exception.StepFailedException: Unable to click on object 'Object Repository/APOLLO- Desktop/Collection page/sort/Featured' (Root cause: org.openqa.selenium.ElementClickInterceptedException: The command failed because the specified element is obscured.
Build info: version: '3.7.1', revision: '8a0099a', time: '2017-11-06T21:07:36.161Z'
System info: host: 'sumans-MacBook-Pro.local', ip: 'fe80:0:0:0:47c:ca88:4245:b7a7%en0', os.name: 'Mac OS X', os.arch: 'x86_64', os.version: '10.13.6', java.version: '1.8.0_181'
Driver info: com.kms.katalon.selenium.driver.CRemoteWebDriver
Capabilities {acceptInsecureCerts: false, browserName: MicrosoftEdge, browserVersion: 44.18362.1.0, javascriptEnabled: true, pageLoadStrategy: normal, platform: WINDOWS, platformName: WINDOWS, proxy: Proxy(), setWindowRect: false, timeouts: {implicit: 0, pageLoad: 300000, script: 30000}}
Session ID: d48060b76cc597f9cf7b6daad161cf01e3dab60b)
	at com.kms.katalon.core.keyword.internal.KeywordMain.stepFailed(KeywordMain.groovy:36)
	at com.kms.katalon.core.webui.keyword.internal.WebUIKeywordMain.stepFailed(WebUIKeywordMain.groovy:65)
	at com.kms.katalon.core.webui.keyword.internal.WebUIKeywordMain.runKeyword(WebUIKeywordMain.groovy:27)
	at com.kms.katalon.core.webui.keyword.builtin.ClickKeyword.click(ClickKeyword.groovy:86)
	at com.kms.katalon.core.webui.keyword.builtin.ClickKeyword.execute(ClickKeyword.groovy:67)
	at com.kms.katalon.core.keyword.internal.KeywordExecutor.executeKeywordForPlatform(KeywordExecutor.groovy:53)
	at com.kms.katalon.core.webui.keyword.WebUiBuiltInKeywords.click(WebUiBuiltInKeywords.groovy:616)
	at com.kms.katalon.core.webui.keyword.WebUiBuiltInKeywords$click$2.call(Unknown Source)
	at Sort.run(Sort:48)
	at com.kms.katalon.core.main.ScriptEngine.run(ScriptEngine.java:194)
	at com.kms.katalon.core.main.ScriptEngine.runScriptAsRawText(ScriptEngine.java:119)
	at com.kms.katalon.core.main.TestCaseExecutor.runScript(TestCaseExecutor.java:328)
	at com.kms.katalon.core.main.TestCaseExecutor.doExecute(TestCaseExecutor.java:319)
	at com.kms.katalon.core.main.TestCaseExecutor.processExecutionPhase(TestCaseExecutor.java:298)
	at com.kms.katalon.core.main.TestCaseExecutor.accessMainPhase(TestCaseExecutor.java:290)
	at com.kms.katalon.core.main.TestCaseExecutor.execute(TestCaseExecutor.java:224)
	at com.kms.katalon.core.main.TestSuiteExecutor.accessTestCaseMainPhase(TestSuiteExecutor.java:129)
	at com.kms.katalon.core.main.TestSuiteExecutor.accessTestSuiteMainPhase(TestSuiteExecutor.java:112)
	at com.kms.katalon.core.main.TestSuiteExecutor.execute(TestSuiteExecutor.java:81)
	at com.kms.katalon.core.main.TestCaseMain.startTestSuite(TestCaseMain.java:149)
	at com.kms.katalon.core.main.TestCaseMain$startTestSuite$0.call(Unknown Source)
	at TempTestSuite1562794812628.run(TempTestSuite1562794812628.groovy:36)


2019-07-10 17:41:10 - [TEST_STEP][PASSED] - callTestCase(findTestCase("CALL - URL"), [:], STOP_ON_FAILURE): Call Test Case 'Test Cases/CALL - URL' successfully

2019-07-10 17:41:10 - [TEST_CASE][PASSED] - Test Cases/CALL - URL: Test Cases/CALL - URL

2019-07-10 17:41:10 - [TEST_STEP][PASSED] - openBrowser(""): Browser is opened with url: ''

2019-07-10 17:41:10 - [MESSAGE][WARNING] - A browser is already opened. Closing browser and opening a new one

2019-07-10 17:41:11 - [MESSAGE][INFO] - Starting 'Remote' driver

2019-07-10 17:41:11 - [MESSAGE][INFO] - User set preference: ['os', 'Windows']

2019-07-10 17:41:11 - [MESSAGE][INFO] - User set preference: ['os_version', '10']

2019-07-10 17:41:11 - [MESSAGE][INFO] - User set preference: ['browser', 'Edge']

2019-07-10 17:41:11 - [MESSAGE][INFO] - User set preference: ['browser_version', '18.0']

2019-07-10 17:41:11 - [MESSAGE][INFO] - User set preference: ['resolution', '']

2019-07-10 17:41:11 - [MESSAGE][INFO] - Connecting to remote web server 'https://dianatest3:Z3oqw9ysqTeRQJq5wFCp@hub-cloud.browserstack.com/wd/hub' with type 'Selenium'

2019-07-10 17:41:21 - [MESSAGE][PASSED] - Browser is opened with url: ''

2019-07-10 17:41:21 - [TEST_STEP][PASSED] - navigateToUrl("https://diff-apollo.myshopify.com/?_ab=0&_fd=0&_sc=1&preview_theme_id=68640637028"): Navigate to 'https://diff-apollo.myshopify.com/?_ab=0&_fd=0&_sc=1&preview_theme_id=68640637028' successfully

2019-07-10 17:41:32 - [MESSAGE][PASSED] - Navigate to 'https://diff-apollo.myshopify.com/?_ab=0&_fd=0&_sc=1&preview_theme_id=68640637028' successfully

2019-07-10 17:41:32 - [TEST_STEP][NOT_RUN] - executeJavaScript("var previewBar = document.getElementById("preview-bar-iframe"); previewBar.style.display = "none";", []): NOT_RUN: executeJavaScript("var previewBar = document.getElementById("preview-bar-iframe"); previewBar.style.display = "none";", [])

2019-07-10 17:41:32 - [MESSAGE][NOT_RUN] - NOT_RUN: executeJavaScript("var previewBar = document.getElementById("preview-bar-iframe"); previewBar.style.display = "none";", [])

2019-07-10 17:41:32 - [TEST_STEP][PASSED] - maximizeWindow(): Current window maximized

2019-07-10 17:41:34 - [MESSAGE][PASSED] - Current window maximized

2019-07-10 17:41:34 - [MESSAGE][PASSED] - Call Test Case 'Test Cases/CALL - URL' successfully

2019-07-10 17:41:34 - [TEST_STEP][PASSED] - delay(2): Delayed 2 second(s)

2019-07-10 17:41:36 - [MESSAGE][PASSED] - Delayed 2 second(s)

2019-07-10 17:41:36 - [TEST_STEP][PASSED] - click(findTestObject("APOLLO- Desktop/Burger Menu/Burgermenu")): Object: 'Object Repository/APOLLO- Desktop/Burger Menu/Burgermenu' is clicked on

2019-07-10 17:41:36 - [MESSAGE][PASSED] - Object: 'Object Repository/APOLLO- Desktop/Burger Menu/Burgermenu' is clicked on

2019-07-10 17:41:36 - [TEST_STEP][PASSED] - delay(2): Delayed 2 second(s)

2019-07-10 17:41:38 - [MESSAGE][PASSED] - Delayed 2 second(s)

2019-07-10 17:41:38 - [TEST_STEP][PASSED] - click(findTestObject("APOLLO- Desktop/Burger Menu/Mens chevron")): Object: 'Object Repository/APOLLO- Desktop/Burger Menu/Mens chevron' is clicked on

2019-07-10 17:41:40 - [MESSAGE][PASSED] - Object: 'Object Repository/APOLLO- Desktop/Burger Menu/Mens chevron' is clicked on

2019-07-10 17:41:40 - [TEST_STEP][PASSED] - delay(2): Delayed 2 second(s)

2019-07-10 17:41:42 - [MESSAGE][PASSED] - Delayed 2 second(s)

2019-07-10 17:41:42 - [TEST_STEP][PASSED] - click(findTestObject("APOLLO- Desktop/Burger Menu/Mens - Top Chevron")): Object: 'Object Repository/APOLLO- Desktop/Burger Menu/Mens - Top Chevron' is clicked on

2019-07-10 17:41:43 - [MESSAGE][PASSED] - Object: 'Object Repository/APOLLO- Desktop/Burger Menu/Mens - Top Chevron' is clicked on

2019-07-10 17:41:43 - [TEST_STEP][PASSED] - delay(2): Delayed 2 second(s)

2019-07-10 17:41:45 - [MESSAGE][PASSED] - Delayed 2 second(s)

2019-07-10 17:41:45 - [TEST_STEP][PASSED] - click(findTestObject("APOLLO- Desktop/Burger Menu/Shirts link")): Object: 'Object Repository/APOLLO- Desktop/Burger Menu/Shirts link' is clicked on

2019-07-10 17:41:46 - [MESSAGE][PASSED] - Object: 'Object Repository/APOLLO- Desktop/Burger Menu/Shirts link' is clicked on

2019-07-10 17:41:46 - [TEST_STEP][NOT_RUN] - executeJavaScript("var previewBar = document.getElementById("preview-bar-iframe"); previewBar.style.display = "none";", []): NOT_RUN: executeJavaScript("var previewBar = document.getElementById("preview-bar-iframe"); previewBar.style.display = "none";", [])

2019-07-10 17:41:46 - [MESSAGE][NOT_RUN] - NOT_RUN: executeJavaScript("var previewBar = document.getElementById("preview-bar-iframe"); previewBar.style.display = "none";", [])

2019-07-10 17:41:46 - [TEST_STEP][PASSED] - delay(2): Delayed 2 second(s)

2019-07-10 17:41:48 - [MESSAGE][PASSED] - Delayed 2 second(s)

2019-07-10 17:41:48 - [TEST_STEP][NOT_RUN] - executeJavaScript("var previewBar = document.getElementById("preview-bar-iframe"); previewBar.style.display = "none";", []): NOT_RUN: executeJavaScript("var previewBar = document.getElementById("preview-bar-iframe"); previewBar.style.display = "none";", [])

2019-07-10 17:41:48 - [MESSAGE][NOT_RUN] - NOT_RUN: executeJavaScript("var previewBar = document.getElementById("preview-bar-iframe"); previewBar.style.display = "none";", [])

2019-07-10 17:41:48 - [TEST_STEP][PASSED] - delay(2): Delayed 2 second(s)

2019-07-10 17:41:50 - [MESSAGE][PASSED] - Delayed 2 second(s)

2019-07-10 17:41:50 - [TEST_STEP][PASSED] - click(findTestObject("APOLLO- Desktop/Collection page/sort/Filter dropdown")): Object: 'Object Repository/APOLLO- Desktop/Collection page/sort/Filter dropdown' is clicked on

2019-07-10 17:41:51 - [MESSAGE][PASSED] - Object: 'Object Repository/APOLLO- Desktop/Collection page/sort/Filter dropdown' is clicked on

2019-07-10 17:41:51 - [TEST_STEP][PASSED] - delay(2): Delayed 2 second(s)

2019-07-10 17:41:53 - [MESSAGE][PASSED] - Delayed 2 second(s)

2019-07-10 17:41:53 - [TEST_STEP][FAILED] - click(findTestObject("APOLLO- Desktop/Collection page/sort/Featured")): click(findTestObject("APOLLO- Desktop/Collection page/sort/Featured")) FAILED.
Reason:
com.kms.katalon.core.exception.StepFailedException: Unable to click on object 'Object Repository/APOLLO- Desktop/Collection page/sort/Featured' (Root cause: org.openqa.selenium.ElementClickInterceptedException: The command failed because the specified element is obscured.
Build info: version: '3.7.1', revision: '8a0099a', time: '2017-11-06T21:07:36.161Z'
System info: host: 'sumans-MacBook-Pro.local', ip: 'fe80:0:0:0:47c:ca88:4245:b7a7%en0', os.name: 'Mac OS X', os.arch: 'x86_64', os.version: '10.13.6', java.version: '1.8.0_181'
Driver info: com.kms.katalon.selenium.driver.CRemoteWebDriver
Capabilities {acceptInsecureCerts: false, browserName: MicrosoftEdge, browserVersion: 44.18362.1.0, javascriptEnabled: true, pageLoadStrategy: normal, platform: WINDOWS, platformName: WINDOWS, proxy: Proxy(), setWindowRect: false, timeouts: {implicit: 0, pageLoad: 300000, script: 30000}}
Session ID: d48060b76cc597f9cf7b6daad161cf01e3dab60b)
	at com.kms.katalon.core.keyword.internal.KeywordMain.stepFailed(KeywordMain.groovy:36)
	at com.kms.katalon.core.webui.keyword.internal.WebUIKeywordMain.stepFailed(WebUIKeywordMain.groovy:65)
	at com.kms.katalon.core.webui.keyword.internal.WebUIKeywordMain.runKeyword(WebUIKeywordMain.groovy:27)
	at com.kms.katalon.core.webui.keyword.builtin.ClickKeyword.click(ClickKeyword.groovy:86)
	at com.kms.katalon.core.webui.keyword.builtin.ClickKeyword.execute(ClickKeyword.groovy:67)
	at com.kms.katalon.core.keyword.internal.KeywordExecutor.executeKeywordForPlatform(KeywordExecutor.groovy:53)
	at com.kms.katalon.core.webui.keyword.WebUiBuiltInKeywords.click(WebUiBuiltInKeywords.groovy:616)
	at com.kms.katalon.core.webui.keyword.WebUiBuiltInKeywords$click$2.call(Unknown Source)
	at Sort.run(Sort:48)
	at com.kms.katalon.core.main.ScriptEngine.run(ScriptEngine.java:194)
	at com.kms.katalon.core.main.ScriptEngine.runScriptAsRawText(ScriptEngine.java:119)
	at com.kms.katalon.core.main.TestCaseExecutor.runScript(TestCaseExecutor.java:328)
	at com.kms.katalon.core.main.TestCaseExecutor.doExecute(TestCaseExecutor.java:319)
	at com.kms.katalon.core.main.TestCaseExecutor.processExecutionPhase(TestCaseExecutor.java:298)
	at com.kms.katalon.core.main.TestCaseExecutor.accessMainPhase(TestCaseExecutor.java:290)
	at com.kms.katalon.core.main.TestCaseExecutor.execute(TestCaseExecutor.java:224)
	at com.kms.katalon.core.main.TestSuiteExecutor.accessTestCaseMainPhase(TestSuiteExecutor.java:129)
	at com.kms.katalon.core.main.TestSuiteExecutor.accessTestSuiteMainPhase(TestSuiteExecutor.java:112)
	at com.kms.katalon.core.main.TestSuiteExecutor.execute(TestSuiteExecutor.java:81)
	at com.kms.katalon.core.main.TestCaseMain.startTestSuite(TestCaseMain.java:149)
	at com.kms.katalon.core.main.TestCaseMain$startTestSuite$0.call(Unknown Source)
	at TempTestSuite1562794812628.run(TempTestSuite1562794812628.groovy:36)


2019-07-10 17:41:55 - [MESSAGE][FAILED] - Unable to click on object 'Object Repository/APOLLO- Desktop/Collection page/sort/Featured' (Root cause: org.openqa.selenium.ElementClickInterceptedException: The command failed because the specified element is obscured.
Build info: version: '3.7.1', revision: '8a0099a', time: '2017-11-06T21:07:36.161Z'
System info: host: 'sumans-MacBook-Pro.local', ip: 'fe80:0:0:0:47c:ca88:4245:b7a7%en0', os.name: 'Mac OS X', os.arch: 'x86_64', os.version: '10.13.6', java.version: '1.8.0_181'
Driver info: com.kms.katalon.selenium.driver.CRemoteWebDriver
Capabilities {acceptInsecureCerts: false, browserName: MicrosoftEdge, browserVersion: 44.18362.1.0, javascriptEnabled: true, pageLoadStrategy: normal, platform: WINDOWS, platformName: WINDOWS, proxy: Proxy(), setWindowRect: false, timeouts: {implicit: 0, pageLoad: 300000, script: 30000}}
Session ID: d48060b76cc597f9cf7b6daad161cf01e3dab60b)
[[ATTACHMENT|/Users/sumankompelly/git/Apollo-Dark-Desktop/Reports/Apollo - dark build/20190710_174012/1562794913692.png]]

2019-07-10 17:41:55 - [MESSAGE][FAILED] - click(findTestObject("APOLLO- Desktop/Collection page/sort/Featured")) FAILED.
Reason:
com.kms.katalon.core.exception.StepFailedException: Unable to click on object 'Object Repository/APOLLO- Desktop/Collection page/sort/Featured' (Root cause: org.openqa.selenium.ElementClickInterceptedException: The command failed because the specified element is obscured.
Build info: version: '3.7.1', revision: '8a0099a', time: '2017-11-06T21:07:36.161Z'
System info: host: 'sumans-MacBook-Pro.local', ip: 'fe80:0:0:0:47c:ca88:4245:b7a7%en0', os.name: 'Mac OS X', os.arch: 'x86_64', os.version: '10.13.6', java.version: '1.8.0_181'
Driver info: com.kms.katalon.selenium.driver.CRemoteWebDriver
Capabilities {acceptInsecureCerts: false, browserName: MicrosoftEdge, browserVersion: 44.18362.1.0, javascriptEnabled: true, pageLoadStrategy: normal, platform: WINDOWS, platformName: WINDOWS, proxy: Proxy(), setWindowRect: false, timeouts: {implicit: 0, pageLoad: 300000, script: 30000}}
Session ID: d48060b76cc597f9cf7b6daad161cf01e3dab60b)
	at com.kms.katalon.core.keyword.internal.KeywordMain.stepFailed(KeywordMain.groovy:36)
	at com.kms.katalon.core.webui.keyword.internal.WebUIKeywordMain.stepFailed(WebUIKeywordMain.groovy:65)
	at com.kms.katalon.core.webui.keyword.internal.WebUIKeywordMain.runKeyword(WebUIKeywordMain.groovy:27)
	at com.kms.katalon.core.webui.keyword.builtin.ClickKeyword.click(ClickKeyword.groovy:86)
	at com.kms.katalon.core.webui.keyword.builtin.ClickKeyword.execute(ClickKeyword.groovy:67)
	at com.kms.katalon.core.keyword.internal.KeywordExecutor.executeKeywordForPlatform(KeywordExecutor.groovy:53)
	at com.kms.katalon.core.webui.keyword.WebUiBuiltInKeywords.click(WebUiBuiltInKeywords.groovy:616)
	at com.kms.katalon.core.webui.keyword.WebUiBuiltInKeywords$click$2.call(Unknown Source)
	at Sort.run(Sort:48)
	at com.kms.katalon.core.main.ScriptEngine.run(ScriptEngine.java:194)
	at com.kms.katalon.core.main.ScriptEngine.runScriptAsRawText(ScriptEngine.java:119)
	at com.kms.katalon.core.main.TestCaseExecutor.runScript(TestCaseExecutor.java:328)
	at com.kms.katalon.core.main.TestCaseExecutor.doExecute(TestCaseExecutor.java:319)
	at com.kms.katalon.core.main.TestCaseExecutor.processExecutionPhase(TestCaseExecutor.java:298)
	at com.kms.katalon.core.main.TestCaseExecutor.accessMainPhase(TestCaseExecutor.java:290)
	at com.kms.katalon.core.main.TestCaseExecutor.execute(TestCaseExecutor.java:224)
	at com.kms.katalon.core.main.TestSuiteExecutor.accessTestCaseMainPhase(TestSuiteExecutor.java:129)
	at com.kms.katalon.core.main.TestSuiteExecutor.accessTestSuiteMainPhase(TestSuiteExecutor.java:112)
	at com.kms.katalon.core.main.TestSuiteExecutor.execute(TestSuiteExecutor.java:81)
	at com.kms.katalon.core.main.TestCaseMain.startTestSuite(TestCaseMain.java:149)
	at com.kms.katalon.core.main.TestCaseMain$startTestSuite$0.call(Unknown Source)
	at TempTestSuite1562794812628.run(TempTestSuite1562794812628.groovy:36)]]></system-out>
         <system-err><![CDATA[2019-07-10 17:41:10 - [TEST_CASE][FAILED] - Test Cases/COLLECTION PAGE/Sort: Test Cases/COLLECTION PAGE/Sort FAILED.
Reason:
com.kms.katalon.core.exception.StepFailedException: Unable to click on object 'Object Repository/APOLLO- Desktop/Collection page/sort/Featured' (Root cause: org.openqa.selenium.ElementClickInterceptedException: The command failed because the specified element is obscured.
Build info: version: '3.7.1', revision: '8a0099a', time: '2017-11-06T21:07:36.161Z'
System info: host: 'sumans-MacBook-Pro.local', ip: 'fe80:0:0:0:47c:ca88:4245:b7a7%en0', os.name: 'Mac OS X', os.arch: 'x86_64', os.version: '10.13.6', java.version: '1.8.0_181'
Driver info: com.kms.katalon.selenium.driver.CRemoteWebDriver
Capabilities {acceptInsecureCerts: false, browserName: MicrosoftEdge, browserVersion: 44.18362.1.0, javascriptEnabled: true, pageLoadStrategy: normal, platform: WINDOWS, platformName: WINDOWS, proxy: Proxy(), setWindowRect: false, timeouts: {implicit: 0, pageLoad: 300000, script: 30000}}
Session ID: d48060b76cc597f9cf7b6daad161cf01e3dab60b)
	at com.kms.katalon.core.keyword.internal.KeywordMain.stepFailed(KeywordMain.groovy:36)
	at com.kms.katalon.core.webui.keyword.internal.WebUIKeywordMain.stepFailed(WebUIKeywordMain.groovy:65)
	at com.kms.katalon.core.webui.keyword.internal.WebUIKeywordMain.runKeyword(WebUIKeywordMain.groovy:27)
	at com.kms.katalon.core.webui.keyword.builtin.ClickKeyword.click(ClickKeyword.groovy:86)
	at com.kms.katalon.core.webui.keyword.builtin.ClickKeyword.execute(ClickKeyword.groovy:67)
	at com.kms.katalon.core.keyword.internal.KeywordExecutor.executeKeywordForPlatform(KeywordExecutor.groovy:53)
	at com.kms.katalon.core.webui.keyword.WebUiBuiltInKeywords.click(WebUiBuiltInKeywords.groovy:616)
	at com.kms.katalon.core.webui.keyword.WebUiBuiltInKeywords$click$2.call(Unknown Source)
	at Sort.run(Sort:48)
	at com.kms.katalon.core.main.ScriptEngine.run(ScriptEngine.java:194)
	at com.kms.katalon.core.main.ScriptEngine.runScriptAsRawText(ScriptEngine.java:119)
	at com.kms.katalon.core.main.TestCaseExecutor.runScript(TestCaseExecutor.java:328)
	at com.kms.katalon.core.main.TestCaseExecutor.doExecute(TestCaseExecutor.java:319)
	at com.kms.katalon.core.main.TestCaseExecutor.processExecutionPhase(TestCaseExecutor.java:298)
	at com.kms.katalon.core.main.TestCaseExecutor.accessMainPhase(TestCaseExecutor.java:290)
	at com.kms.katalon.core.main.TestCaseExecutor.execute(TestCaseExecutor.java:224)
	at com.kms.katalon.core.main.TestSuiteExecutor.accessTestCaseMainPhase(TestSuiteExecutor.java:129)
	at com.kms.katalon.core.main.TestSuiteExecutor.accessTestSuiteMainPhase(TestSuiteExecutor.java:112)
	at com.kms.katalon.core.main.TestSuiteExecutor.execute(TestSuiteExecutor.java:81)
	at com.kms.katalon.core.main.TestCaseMain.startTestSuite(TestCaseMain.java:149)
	at com.kms.katalon.core.main.TestCaseMain$startTestSuite$0.call(Unknown Source)
	at TempTestSuite1562794812628.run(TempTestSuite1562794812628.groovy:36)]]></system-err>
      </testcase>
      <testcase name="Test Cases/COLLECTION PAGE/Prouducts layout style" classname="Test Cases/COLLECTION PAGE/Prouducts layout style" status="PASSED">
         <system-out><![CDATA[2019-07-10 17:41:55 - [TEST_CASE][PASSED] - Test Cases/COLLECTION PAGE/Prouducts layout style: Test Cases/COLLECTION PAGE/Prouducts layout style

2019-07-10 17:41:55 - [TEST_STEP][PASSED] - callTestCase(findTestCase("CALL - URL"), [:], STOP_ON_FAILURE): Call Test Case 'Test Cases/CALL - URL' successfully

2019-07-10 17:41:55 - [TEST_CASE][PASSED] - Test Cases/CALL - URL: Test Cases/CALL - URL

2019-07-10 17:41:55 - [TEST_STEP][PASSED] - openBrowser(""): Browser is opened with url: ''

2019-07-10 17:41:55 - [MESSAGE][WARNING] - A browser is already opened. Closing browser and opening a new one

2019-07-10 17:41:56 - [MESSAGE][INFO] - Starting 'Remote' driver

2019-07-10 17:41:56 - [MESSAGE][INFO] - User set preference: ['os', 'Windows']

2019-07-10 17:41:56 - [MESSAGE][INFO] - User set preference: ['os_version', '10']

2019-07-10 17:41:56 - [MESSAGE][INFO] - User set preference: ['browser', 'Edge']

2019-07-10 17:41:56 - [MESSAGE][INFO] - User set preference: ['browser_version', '18.0']

2019-07-10 17:41:56 - [MESSAGE][INFO] - User set preference: ['resolution', '']

2019-07-10 17:41:56 - [MESSAGE][INFO] - Connecting to remote web server 'https://dianatest3:Z3oqw9ysqTeRQJq5wFCp@hub-cloud.browserstack.com/wd/hub' with type 'Selenium'

2019-07-10 17:42:09 - [MESSAGE][PASSED] - Browser is opened with url: ''

2019-07-10 17:42:09 - [TEST_STEP][PASSED] - navigateToUrl("https://diff-apollo.myshopify.com/?_ab=0&_fd=0&_sc=1&preview_theme_id=68640637028"): Navigate to 'https://diff-apollo.myshopify.com/?_ab=0&_fd=0&_sc=1&preview_theme_id=68640637028' successfully

2019-07-10 17:42:22 - [MESSAGE][PASSED] - Navigate to 'https://diff-apollo.myshopify.com/?_ab=0&_fd=0&_sc=1&preview_theme_id=68640637028' successfully

2019-07-10 17:42:22 - [TEST_STEP][NOT_RUN] - executeJavaScript("var previewBar = document.getElementById("preview-bar-iframe"); previewBar.style.display = "none";", []): NOT_RUN: executeJavaScript("var previewBar = document.getElementById("preview-bar-iframe"); previewBar.style.display = "none";", [])

2019-07-10 17:42:22 - [MESSAGE][NOT_RUN] - NOT_RUN: executeJavaScript("var previewBar = document.getElementById("preview-bar-iframe"); previewBar.style.display = "none";", [])

2019-07-10 17:42:22 - [TEST_STEP][PASSED] - maximizeWindow(): Current window maximized

2019-07-10 17:42:23 - [MESSAGE][PASSED] - Current window maximized

2019-07-10 17:42:23 - [MESSAGE][PASSED] - Call Test Case 'Test Cases/CALL - URL' successfully

2019-07-10 17:42:23 - [TEST_STEP][PASSED] - delay(2): Delayed 2 second(s)

2019-07-10 17:42:25 - [MESSAGE][PASSED] - Delayed 2 second(s)

2019-07-10 17:42:25 - [TEST_STEP][PASSED] - click(findTestObject("APOLLO- Desktop/Burger Menu/Burgermenu")): Object: 'Object Repository/APOLLO- Desktop/Burger Menu/Burgermenu' is clicked on

2019-07-10 17:42:27 - [MESSAGE][PASSED] - Object: 'Object Repository/APOLLO- Desktop/Burger Menu/Burgermenu' is clicked on

2019-07-10 17:42:27 - [TEST_STEP][PASSED] - delay(2): Delayed 2 second(s)

2019-07-10 17:42:29 - [MESSAGE][PASSED] - Delayed 2 second(s)

2019-07-10 17:42:29 - [TEST_STEP][PASSED] - click(findTestObject("APOLLO- Desktop/Burger Menu/Mens chevron")): Object: 'Object Repository/APOLLO- Desktop/Burger Menu/Mens chevron' is clicked on

2019-07-10 17:42:29 - [MESSAGE][PASSED] - Object: 'Object Repository/APOLLO- Desktop/Burger Menu/Mens chevron' is clicked on

2019-07-10 17:42:29 - [TEST_STEP][PASSED] - delay(2): Delayed 2 second(s)

2019-07-10 17:42:31 - [MESSAGE][PASSED] - Delayed 2 second(s)

2019-07-10 17:42:31 - [TEST_STEP][PASSED] - click(findTestObject("APOLLO- Desktop/Burger Menu/Mens - Top Chevron")): Object: 'Object Repository/APOLLO- Desktop/Burger Menu/Mens - Top Chevron' is clicked on

2019-07-10 17:42:32 - [MESSAGE][PASSED] - Object: 'Object Repository/APOLLO- Desktop/Burger Menu/Mens - Top Chevron' is clicked on

2019-07-10 17:42:32 - [TEST_STEP][PASSED] - delay(2): Delayed 2 second(s)

2019-07-10 17:42:34 - [MESSAGE][PASSED] - Delayed 2 second(s)

2019-07-10 17:42:34 - [TEST_STEP][PASSED] - click(findTestObject("APOLLO- Desktop/Burger Menu/Shirts link")): Object: 'Object Repository/APOLLO- Desktop/Burger Menu/Shirts link' is clicked on

2019-07-10 17:42:35 - [MESSAGE][PASSED] - Object: 'Object Repository/APOLLO- Desktop/Burger Menu/Shirts link' is clicked on

2019-07-10 17:42:35 - [TEST_STEP][NOT_RUN] - executeJavaScript("var previewBar = document.getElementById("preview-bar-iframe"); previewBar.style.display = "none";", []): NOT_RUN: executeJavaScript("var previewBar = document.getElementById("preview-bar-iframe"); previewBar.style.display = "none";", [])

2019-07-10 17:42:35 - [MESSAGE][NOT_RUN] - NOT_RUN: executeJavaScript("var previewBar = document.getElementById("preview-bar-iframe"); previewBar.style.display = "none";", [])

2019-07-10 17:42:35 - [TEST_STEP][PASSED] - delay(2): Delayed 2 second(s)

2019-07-10 17:42:37 - [MESSAGE][PASSED] - Delayed 2 second(s)

2019-07-10 17:42:37 - [TEST_STEP][NOT_RUN] - executeJavaScript("var previewBar = document.getElementById("preview-bar-iframe"); previewBar.style.display = "none";", []): NOT_RUN: executeJavaScript("var previewBar = document.getElementById("preview-bar-iframe"); previewBar.style.display = "none";", [])

2019-07-10 17:42:37 - [MESSAGE][NOT_RUN] - NOT_RUN: executeJavaScript("var previewBar = document.getElementById("preview-bar-iframe"); previewBar.style.display = "none";", [])

2019-07-10 17:42:37 - [TEST_STEP][PASSED] - delay(2): Delayed 2 second(s)

2019-07-10 17:42:39 - [MESSAGE][PASSED] - Delayed 2 second(s)

2019-07-10 17:42:39 - [TEST_STEP][PASSED] - click(findTestObject("APOLLO- Desktop/Collection page/layout less")): Object: 'Object Repository/APOLLO- Desktop/Collection page/layout less' is clicked on

2019-07-10 17:42:39 - [MESSAGE][PASSED] - Object: 'Object Repository/APOLLO- Desktop/Collection page/layout less' is clicked on

2019-07-10 17:42:39 - [TEST_STEP][PASSED] - delay(2): Delayed 2 second(s)

2019-07-10 17:42:41 - [MESSAGE][PASSED] - Delayed 2 second(s)

2019-07-10 17:42:41 - [TEST_STEP][PASSED] - a = getPageHeight(): Current page's height is 3892

2019-07-10 17:42:41 - [MESSAGE][PASSED] - Current page's height is 3892

2019-07-10 17:42:41 - [TEST_STEP][PASSED] - comment("a=" + a): a=3892

2019-07-10 17:42:41 - [MESSAGE][INFO] - a=3892

2019-07-10 17:42:41 - [TEST_STEP][PASSED] - delay(2): Delayed 2 second(s)

2019-07-10 17:42:43 - [MESSAGE][PASSED] - Delayed 2 second(s)

2019-07-10 17:42:43 - [TEST_STEP][PASSED] - click(findTestObject("APOLLO- Desktop/Collection page/layout more")): Object: 'Object Repository/APOLLO- Desktop/Collection page/layout more' is clicked on

2019-07-10 17:42:44 - [MESSAGE][PASSED] - Object: 'Object Repository/APOLLO- Desktop/Collection page/layout more' is clicked on

2019-07-10 17:42:44 - [TEST_STEP][PASSED] - delay(2): Delayed 2 second(s)

2019-07-10 17:42:46 - [MESSAGE][PASSED] - Delayed 2 second(s)

2019-07-10 17:42:46 - [TEST_STEP][PASSED] - b = getPageHeight(): Current page's height is 2067

2019-07-10 17:42:46 - [MESSAGE][PASSED] - Current page's height is 2067

2019-07-10 17:42:46 - [TEST_STEP][PASSED] - comment("b=" + b): b=2067

2019-07-10 17:42:46 - [MESSAGE][INFO] - b=2067

2019-07-10 17:42:46 - [TEST_STEP][PASSED] - verifyLessThan(b, a): Actual number '2,067' is less than expected number '3,892'

2019-07-10 17:42:46 - [MESSAGE][PASSED] - Actual number '2,067' is less than expected number '3,892']]></system-out>
         <system-err><![CDATA[]]></system-err>
      </testcase>
      <testcase name="Test Cases/COLLECTION PAGE/Filter" classname="Test Cases/COLLECTION PAGE/Filter" status="FAILED">
         <failure type="FAILED" message="Test Cases/COLLECTION PAGE/Filter FAILED.
Reason:
com.kms.katalon.core.exception.StepFailedException: Unable to click on object 'Object Repository/APOLLO- Desktop/Collection page/Filter/a_Small' (Root cause: org.openqa.selenium.ElementClickInterceptedException: The command failed because the specified element is obscured.
Build info: version: '3.7.1', revision: '8a0099a', time: '2017-11-06T21:07:36.161Z'
System info: host: 'sumans-MacBook-Pro.local', ip: 'fe80:0:0:0:47c:ca88:4245:b7a7%en0', os.name: 'Mac OS X', os.arch: 'x86_64', os.version: '10.13.6', java.version: '1.8.0_181'
Driver info: com.kms.katalon.selenium.driver.CRemoteWebDriver
Capabilities {acceptInsecureCerts: false, browserName: MicrosoftEdge, browserVersion: 44.18362.1.0, javascriptEnabled: true, pageLoadStrategy: normal, platform: WINDOWS, platformName: WINDOWS, proxy: Proxy(), setWindowRect: false, timeouts: {implicit: 0, pageLoad: 300000, script: 30000}}
Session ID: 4fe337367b4f6bf033389dbd4173824aa8f5a352)
	at com.kms.katalon.core.keyword.internal.KeywordMain.stepFailed(KeywordMain.groovy:36)
	at com.kms.katalon.core.webui.keyword.internal.WebUIKeywordMain.stepFailed(WebUIKeywordMain.groovy:65)
	at com.kms.katalon.core.webui.keyword.internal.WebUIKeywordMain.runKeyword(WebUIKeywordMain.groovy:27)
	at com.kms.katalon.core.webui.keyword.builtin.ClickKeyword.click(ClickKeyword.groovy:86)
	at com.kms.katalon.core.webui.keyword.builtin.ClickKeyword.execute(ClickKeyword.groovy:67)
	at com.kms.katalon.core.keyword.internal.KeywordExecutor.executeKeywordForPlatform(KeywordExecutor.groovy:53)
	at com.kms.katalon.core.webui.keyword.WebUiBuiltInKeywords.click(WebUiBuiltInKeywords.groovy:616)
	at com.kms.katalon.core.webui.keyword.WebUiBuiltInKeywords$click$2.call(Unknown Source)
	at Filter.run(Filter:48)
	at com.kms.katalon.core.main.ScriptEngine.run(ScriptEngine.java:194)
	at com.kms.katalon.core.main.ScriptEngine.runScriptAsRawText(ScriptEngine.java:119)
	at com.kms.katalon.core.main.TestCaseExecutor.runScript(TestCaseExecutor.java:328)
	at com.kms.katalon.core.main.TestCaseExecutor.doExecute(TestCaseExecutor.java:319)
	at com.kms.katalon.core.main.TestCaseExecutor.processExecutionPhase(TestCaseExecutor.java:298)
	at com.kms.katalon.core.main.TestCaseExecutor.accessMainPhase(TestCaseExecutor.java:290)
	at com.kms.katalon.core.main.TestCaseExecutor.execute(TestCaseExecutor.java:224)
	at com.kms.katalon.core.main.TestSuiteExecutor.accessTestCaseMainPhase(TestSuiteExecutor.java:129)
	at com.kms.katalon.core.main.TestSuiteExecutor.accessTestSuiteMainPhase(TestSuiteExecutor.java:112)
	at com.kms.katalon.core.main.TestSuiteExecutor.execute(TestSuiteExecutor.java:81)
	at com.kms.katalon.core.main.TestCaseMain.startTestSuite(TestCaseMain.java:149)
	at com.kms.katalon.core.main.TestCaseMain$startTestSuite$0.call(Unknown Source)
	at TempTestSuite1562794812628.run(TempTestSuite1562794812628.groovy:36)
"/>
         <system-out><![CDATA[2019-07-10 17:42:46 - [TEST_CASE][FAILED] - Test Cases/COLLECTION PAGE/Filter: Test Cases/COLLECTION PAGE/Filter FAILED.
Reason:
com.kms.katalon.core.exception.StepFailedException: Unable to click on object 'Object Repository/APOLLO- Desktop/Collection page/Filter/a_Small' (Root cause: org.openqa.selenium.ElementClickInterceptedException: The command failed because the specified element is obscured.
Build info: version: '3.7.1', revision: '8a0099a', time: '2017-11-06T21:07:36.161Z'
System info: host: 'sumans-MacBook-Pro.local', ip: 'fe80:0:0:0:47c:ca88:4245:b7a7%en0', os.name: 'Mac OS X', os.arch: 'x86_64', os.version: '10.13.6', java.version: '1.8.0_181'
Driver info: com.kms.katalon.selenium.driver.CRemoteWebDriver
Capabilities {acceptInsecureCerts: false, browserName: MicrosoftEdge, browserVersion: 44.18362.1.0, javascriptEnabled: true, pageLoadStrategy: normal, platform: WINDOWS, platformName: WINDOWS, proxy: Proxy(), setWindowRect: false, timeouts: {implicit: 0, pageLoad: 300000, script: 30000}}
Session ID: 4fe337367b4f6bf033389dbd4173824aa8f5a352)
	at com.kms.katalon.core.keyword.internal.KeywordMain.stepFailed(KeywordMain.groovy:36)
	at com.kms.katalon.core.webui.keyword.internal.WebUIKeywordMain.stepFailed(WebUIKeywordMain.groovy:65)
	at com.kms.katalon.core.webui.keyword.internal.WebUIKeywordMain.runKeyword(WebUIKeywordMain.groovy:27)
	at com.kms.katalon.core.webui.keyword.builtin.ClickKeyword.click(ClickKeyword.groovy:86)
	at com.kms.katalon.core.webui.keyword.builtin.ClickKeyword.execute(ClickKeyword.groovy:67)
	at com.kms.katalon.core.keyword.internal.KeywordExecutor.executeKeywordForPlatform(KeywordExecutor.groovy:53)
	at com.kms.katalon.core.webui.keyword.WebUiBuiltInKeywords.click(WebUiBuiltInKeywords.groovy:616)
	at com.kms.katalon.core.webui.keyword.WebUiBuiltInKeywords$click$2.call(Unknown Source)
	at Filter.run(Filter:48)
	at com.kms.katalon.core.main.ScriptEngine.run(ScriptEngine.java:194)
	at com.kms.katalon.core.main.ScriptEngine.runScriptAsRawText(ScriptEngine.java:119)
	at com.kms.katalon.core.main.TestCaseExecutor.runScript(TestCaseExecutor.java:328)
	at com.kms.katalon.core.main.TestCaseExecutor.doExecute(TestCaseExecutor.java:319)
	at com.kms.katalon.core.main.TestCaseExecutor.processExecutionPhase(TestCaseExecutor.java:298)
	at com.kms.katalon.core.main.TestCaseExecutor.accessMainPhase(TestCaseExecutor.java:290)
	at com.kms.katalon.core.main.TestCaseExecutor.execute(TestCaseExecutor.java:224)
	at com.kms.katalon.core.main.TestSuiteExecutor.accessTestCaseMainPhase(TestSuiteExecutor.java:129)
	at com.kms.katalon.core.main.TestSuiteExecutor.accessTestSuiteMainPhase(TestSuiteExecutor.java:112)
	at com.kms.katalon.core.main.TestSuiteExecutor.execute(TestSuiteExecutor.java:81)
	at com.kms.katalon.core.main.TestCaseMain.startTestSuite(TestCaseMain.java:149)
	at com.kms.katalon.core.main.TestCaseMain$startTestSuite$0.call(Unknown Source)
	at TempTestSuite1562794812628.run(TempTestSuite1562794812628.groovy:36)


2019-07-10 17:42:47 - [TEST_STEP][PASSED] - callTestCase(findTestCase("CALL - URL"), [:], STOP_ON_FAILURE): Call Test Case 'Test Cases/CALL - URL' successfully

2019-07-10 17:42:47 - [TEST_CASE][PASSED] - Test Cases/CALL - URL: Test Cases/CALL - URL

2019-07-10 17:42:47 - [TEST_STEP][PASSED] - openBrowser(""): Browser is opened with url: ''

2019-07-10 17:42:47 - [MESSAGE][WARNING] - A browser is already opened. Closing browser and opening a new one

2019-07-10 17:42:49 - [MESSAGE][INFO] - Starting 'Remote' driver

2019-07-10 17:42:49 - [MESSAGE][INFO] - User set preference: ['os', 'Windows']

2019-07-10 17:42:49 - [MESSAGE][INFO] - User set preference: ['os_version', '10']

2019-07-10 17:42:49 - [MESSAGE][INFO] - User set preference: ['browser', 'Edge']

2019-07-10 17:42:49 - [MESSAGE][INFO] - User set preference: ['browser_version', '18.0']

2019-07-10 17:42:49 - [MESSAGE][INFO] - User set preference: ['resolution', '']

2019-07-10 17:42:49 - [MESSAGE][INFO] - Connecting to remote web server 'https://dianatest3:Z3oqw9ysqTeRQJq5wFCp@hub-cloud.browserstack.com/wd/hub' with type 'Selenium'

2019-07-10 17:43:00 - [MESSAGE][PASSED] - Browser is opened with url: ''

2019-07-10 17:43:00 - [TEST_STEP][PASSED] - navigateToUrl("https://diff-apollo.myshopify.com/?_ab=0&_fd=0&_sc=1&preview_theme_id=68640637028"): Navigate to 'https://diff-apollo.myshopify.com/?_ab=0&_fd=0&_sc=1&preview_theme_id=68640637028' successfully

2019-07-10 17:43:13 - [MESSAGE][PASSED] - Navigate to 'https://diff-apollo.myshopify.com/?_ab=0&_fd=0&_sc=1&preview_theme_id=68640637028' successfully

2019-07-10 17:43:13 - [TEST_STEP][NOT_RUN] - executeJavaScript("var previewBar = document.getElementById("preview-bar-iframe"); previewBar.style.display = "none";", []): NOT_RUN: executeJavaScript("var previewBar = document.getElementById("preview-bar-iframe"); previewBar.style.display = "none";", [])

2019-07-10 17:43:13 - [MESSAGE][NOT_RUN] - NOT_RUN: executeJavaScript("var previewBar = document.getElementById("preview-bar-iframe"); previewBar.style.display = "none";", [])

2019-07-10 17:43:13 - [TEST_STEP][PASSED] - maximizeWindow(): Current window maximized

2019-07-10 17:43:13 - [MESSAGE][PASSED] - Current window maximized

2019-07-10 17:43:13 - [MESSAGE][PASSED] - Call Test Case 'Test Cases/CALL - URL' successfully

2019-07-10 17:43:13 - [TEST_STEP][PASSED] - delay(2): Delayed 2 second(s)

2019-07-10 17:43:15 - [MESSAGE][PASSED] - Delayed 2 second(s)

2019-07-10 17:43:15 - [TEST_STEP][PASSED] - click(findTestObject("APOLLO- Desktop/Burger Menu/Burgermenu")): Object: 'Object Repository/APOLLO- Desktop/Burger Menu/Burgermenu' is clicked on

2019-07-10 17:43:16 - [MESSAGE][PASSED] - Object: 'Object Repository/APOLLO- Desktop/Burger Menu/Burgermenu' is clicked on

2019-07-10 17:43:16 - [TEST_STEP][PASSED] - delay(2): Delayed 2 second(s)

2019-07-10 17:43:18 - [MESSAGE][PASSED] - Delayed 2 second(s)

2019-07-10 17:43:18 - [TEST_STEP][PASSED] - click(findTestObject("APOLLO- Desktop/Burger Menu/Mens chevron")): Object: 'Object Repository/APOLLO- Desktop/Burger Menu/Mens chevron' is clicked on

2019-07-10 17:43:19 - [MESSAGE][PASSED] - Object: 'Object Repository/APOLLO- Desktop/Burger Menu/Mens chevron' is clicked on

2019-07-10 17:43:19 - [TEST_STEP][PASSED] - delay(2): Delayed 2 second(s)

2019-07-10 17:43:21 - [MESSAGE][PASSED] - Delayed 2 second(s)

2019-07-10 17:43:21 - [TEST_STEP][PASSED] - click(findTestObject("APOLLO- Desktop/Burger Menu/Mens - Top Chevron")): Object: 'Object Repository/APOLLO- Desktop/Burger Menu/Mens - Top Chevron' is clicked on

2019-07-10 17:43:23 - [MESSAGE][PASSED] - Object: 'Object Repository/APOLLO- Desktop/Burger Menu/Mens - Top Chevron' is clicked on

2019-07-10 17:43:23 - [TEST_STEP][PASSED] - delay(2): Delayed 2 second(s)

2019-07-10 17:43:25 - [MESSAGE][PASSED] - Delayed 2 second(s)

2019-07-10 17:43:25 - [TEST_STEP][PASSED] - click(findTestObject("APOLLO- Desktop/Burger Menu/Shirts link")): Object: 'Object Repository/APOLLO- Desktop/Burger Menu/Shirts link' is clicked on

2019-07-10 17:43:26 - [MESSAGE][PASSED] - Object: 'Object Repository/APOLLO- Desktop/Burger Menu/Shirts link' is clicked on

2019-07-10 17:43:26 - [TEST_STEP][NOT_RUN] - executeJavaScript("var previewBar = document.getElementById("preview-bar-iframe"); previewBar.style.display = "none";", []): NOT_RUN: executeJavaScript("var previewBar = document.getElementById("preview-bar-iframe"); previewBar.style.display = "none";", [])

2019-07-10 17:43:26 - [MESSAGE][NOT_RUN] - NOT_RUN: executeJavaScript("var previewBar = document.getElementById("preview-bar-iframe"); previewBar.style.display = "none";", [])

2019-07-10 17:43:26 - [TEST_STEP][PASSED] - delay(2): Delayed 2 second(s)

2019-07-10 17:43:28 - [MESSAGE][PASSED] - Delayed 2 second(s)

2019-07-10 17:43:28 - [TEST_STEP][NOT_RUN] - executeJavaScript("var previewBar = document.getElementById("preview-bar-iframe"); previewBar.style.display = "none";", []): NOT_RUN: executeJavaScript("var previewBar = document.getElementById("preview-bar-iframe"); previewBar.style.display = "none";", [])

2019-07-10 17:43:28 - [MESSAGE][NOT_RUN] - NOT_RUN: executeJavaScript("var previewBar = document.getElementById("preview-bar-iframe"); previewBar.style.display = "none";", [])

2019-07-10 17:43:28 - [TEST_STEP][PASSED] - delay(2): Delayed 2 second(s)

2019-07-10 17:43:30 - [MESSAGE][PASSED] - Delayed 2 second(s)

2019-07-10 17:43:30 - [TEST_STEP][PASSED] - click(findTestObject("APOLLO- Desktop/Collection page/Filter/Filter dropdown")): Object: 'Object Repository/APOLLO- Desktop/Collection page/Filter/Filter dropdown' is clicked on

2019-07-10 17:43:30 - [MESSAGE][PASSED] - Object: 'Object Repository/APOLLO- Desktop/Collection page/Filter/Filter dropdown' is clicked on

2019-07-10 17:43:30 - [TEST_STEP][PASSED] - delay(2): Delayed 2 second(s)

2019-07-10 17:43:32 - [MESSAGE][PASSED] - Delayed 2 second(s)

2019-07-10 17:43:32 - [TEST_STEP][FAILED] - click(findTestObject("APOLLO- Desktop/Collection page/Filter/a_Small")): click(findTestObject("APOLLO- Desktop/Collection page/Filter/a_Small")) FAILED.
Reason:
com.kms.katalon.core.exception.StepFailedException: Unable to click on object 'Object Repository/APOLLO- Desktop/Collection page/Filter/a_Small' (Root cause: org.openqa.selenium.ElementClickInterceptedException: The command failed because the specified element is obscured.
Build info: version: '3.7.1', revision: '8a0099a', time: '2017-11-06T21:07:36.161Z'
System info: host: 'sumans-MacBook-Pro.local', ip: 'fe80:0:0:0:47c:ca88:4245:b7a7%en0', os.name: 'Mac OS X', os.arch: 'x86_64', os.version: '10.13.6', java.version: '1.8.0_181'
Driver info: com.kms.katalon.selenium.driver.CRemoteWebDriver
Capabilities {acceptInsecureCerts: false, browserName: MicrosoftEdge, browserVersion: 44.18362.1.0, javascriptEnabled: true, pageLoadStrategy: normal, platform: WINDOWS, platformName: WINDOWS, proxy: Proxy(), setWindowRect: false, timeouts: {implicit: 0, pageLoad: 300000, script: 30000}}
Session ID: 4fe337367b4f6bf033389dbd4173824aa8f5a352)
	at com.kms.katalon.core.keyword.internal.KeywordMain.stepFailed(KeywordMain.groovy:36)
	at com.kms.katalon.core.webui.keyword.internal.WebUIKeywordMain.stepFailed(WebUIKeywordMain.groovy:65)
	at com.kms.katalon.core.webui.keyword.internal.WebUIKeywordMain.runKeyword(WebUIKeywordMain.groovy:27)
	at com.kms.katalon.core.webui.keyword.builtin.ClickKeyword.click(ClickKeyword.groovy:86)
	at com.kms.katalon.core.webui.keyword.builtin.ClickKeyword.execute(ClickKeyword.groovy:67)
	at com.kms.katalon.core.keyword.internal.KeywordExecutor.executeKeywordForPlatform(KeywordExecutor.groovy:53)
	at com.kms.katalon.core.webui.keyword.WebUiBuiltInKeywords.click(WebUiBuiltInKeywords.groovy:616)
	at com.kms.katalon.core.webui.keyword.WebUiBuiltInKeywords$click$2.call(Unknown Source)
	at Filter.run(Filter:48)
	at com.kms.katalon.core.main.ScriptEngine.run(ScriptEngine.java:194)
	at com.kms.katalon.core.main.ScriptEngine.runScriptAsRawText(ScriptEngine.java:119)
	at com.kms.katalon.core.main.TestCaseExecutor.runScript(TestCaseExecutor.java:328)
	at com.kms.katalon.core.main.TestCaseExecutor.doExecute(TestCaseExecutor.java:319)
	at com.kms.katalon.core.main.TestCaseExecutor.processExecutionPhase(TestCaseExecutor.java:298)
	at com.kms.katalon.core.main.TestCaseExecutor.accessMainPhase(TestCaseExecutor.java:290)
	at com.kms.katalon.core.main.TestCaseExecutor.execute(TestCaseExecutor.java:224)
	at com.kms.katalon.core.main.TestSuiteExecutor.accessTestCaseMainPhase(TestSuiteExecutor.java:129)
	at com.kms.katalon.core.main.TestSuiteExecutor.accessTestSuiteMainPhase(TestSuiteExecutor.java:112)
	at com.kms.katalon.core.main.TestSuiteExecutor.execute(TestSuiteExecutor.java:81)
	at com.kms.katalon.core.main.TestCaseMain.startTestSuite(TestCaseMain.java:149)
	at com.kms.katalon.core.main.TestCaseMain$startTestSuite$0.call(Unknown Source)
	at TempTestSuite1562794812628.run(TempTestSuite1562794812628.groovy:36)


2019-07-10 17:43:34 - [MESSAGE][FAILED] - Unable to click on object 'Object Repository/APOLLO- Desktop/Collection page/Filter/a_Small' (Root cause: org.openqa.selenium.ElementClickInterceptedException: The command failed because the specified element is obscured.
Build info: version: '3.7.1', revision: '8a0099a', time: '2017-11-06T21:07:36.161Z'
System info: host: 'sumans-MacBook-Pro.local', ip: 'fe80:0:0:0:47c:ca88:4245:b7a7%en0', os.name: 'Mac OS X', os.arch: 'x86_64', os.version: '10.13.6', java.version: '1.8.0_181'
Driver info: com.kms.katalon.selenium.driver.CRemoteWebDriver
Capabilities {acceptInsecureCerts: false, browserName: MicrosoftEdge, browserVersion: 44.18362.1.0, javascriptEnabled: true, pageLoadStrategy: normal, platform: WINDOWS, platformName: WINDOWS, proxy: Proxy(), setWindowRect: false, timeouts: {implicit: 0, pageLoad: 300000, script: 30000}}
Session ID: 4fe337367b4f6bf033389dbd4173824aa8f5a352)
[[ATTACHMENT|/Users/sumankompelly/git/Apollo-Dark-Desktop/Reports/Apollo - dark build/20190710_174012/1562795013434.png]]

2019-07-10 17:43:34 - [MESSAGE][FAILED] - click(findTestObject("APOLLO- Desktop/Collection page/Filter/a_Small")) FAILED.
Reason:
com.kms.katalon.core.exception.StepFailedException: Unable to click on object 'Object Repository/APOLLO- Desktop/Collection page/Filter/a_Small' (Root cause: org.openqa.selenium.ElementClickInterceptedException: The command failed because the specified element is obscured.
Build info: version: '3.7.1', revision: '8a0099a', time: '2017-11-06T21:07:36.161Z'
System info: host: 'sumans-MacBook-Pro.local', ip: 'fe80:0:0:0:47c:ca88:4245:b7a7%en0', os.name: 'Mac OS X', os.arch: 'x86_64', os.version: '10.13.6', java.version: '1.8.0_181'
Driver info: com.kms.katalon.selenium.driver.CRemoteWebDriver
Capabilities {acceptInsecureCerts: false, browserName: MicrosoftEdge, browserVersion: 44.18362.1.0, javascriptEnabled: true, pageLoadStrategy: normal, platform: WINDOWS, platformName: WINDOWS, proxy: Proxy(), setWindowRect: false, timeouts: {implicit: 0, pageLoad: 300000, script: 30000}}
Session ID: 4fe337367b4f6bf033389dbd4173824aa8f5a352)
	at com.kms.katalon.core.keyword.internal.KeywordMain.stepFailed(KeywordMain.groovy:36)
	at com.kms.katalon.core.webui.keyword.internal.WebUIKeywordMain.stepFailed(WebUIKeywordMain.groovy:65)
	at com.kms.katalon.core.webui.keyword.internal.WebUIKeywordMain.runKeyword(WebUIKeywordMain.groovy:27)
	at com.kms.katalon.core.webui.keyword.builtin.ClickKeyword.click(ClickKeyword.groovy:86)
	at com.kms.katalon.core.webui.keyword.builtin.ClickKeyword.execute(ClickKeyword.groovy:67)
	at com.kms.katalon.core.keyword.internal.KeywordExecutor.executeKeywordForPlatform(KeywordExecutor.groovy:53)
	at com.kms.katalon.core.webui.keyword.WebUiBuiltInKeywords.click(WebUiBuiltInKeywords.groovy:616)
	at com.kms.katalon.core.webui.keyword.WebUiBuiltInKeywords$click$2.call(Unknown Source)
	at Filter.run(Filter:48)
	at com.kms.katalon.core.main.ScriptEngine.run(ScriptEngine.java:194)
	at com.kms.katalon.core.main.ScriptEngine.runScriptAsRawText(ScriptEngine.java:119)
	at com.kms.katalon.core.main.TestCaseExecutor.runScript(TestCaseExecutor.java:328)
	at com.kms.katalon.core.main.TestCaseExecutor.doExecute(TestCaseExecutor.java:319)
	at com.kms.katalon.core.main.TestCaseExecutor.processExecutionPhase(TestCaseExecutor.java:298)
	at com.kms.katalon.core.main.TestCaseExecutor.accessMainPhase(TestCaseExecutor.java:290)
	at com.kms.katalon.core.main.TestCaseExecutor.execute(TestCaseExecutor.java:224)
	at com.kms.katalon.core.main.TestSuiteExecutor.accessTestCaseMainPhase(TestSuiteExecutor.java:129)
	at com.kms.katalon.core.main.TestSuiteExecutor.accessTestSuiteMainPhase(TestSuiteExecutor.java:112)
	at com.kms.katalon.core.main.TestSuiteExecutor.execute(TestSuiteExecutor.java:81)
	at com.kms.katalon.core.main.TestCaseMain.startTestSuite(TestCaseMain.java:149)
	at com.kms.katalon.core.main.TestCaseMain$startTestSuite$0.call(Unknown Source)
	at TempTestSuite1562794812628.run(TempTestSuite1562794812628.groovy:36)]]></system-out>
         <system-err><![CDATA[2019-07-10 17:42:46 - [TEST_CASE][FAILED] - Test Cases/COLLECTION PAGE/Filter: Test Cases/COLLECTION PAGE/Filter FAILED.
Reason:
com.kms.katalon.core.exception.StepFailedException: Unable to click on object 'Object Repository/APOLLO- Desktop/Collection page/Filter/a_Small' (Root cause: org.openqa.selenium.ElementClickInterceptedException: The command failed because the specified element is obscured.
Build info: version: '3.7.1', revision: '8a0099a', time: '2017-11-06T21:07:36.161Z'
System info: host: 'sumans-MacBook-Pro.local', ip: 'fe80:0:0:0:47c:ca88:4245:b7a7%en0', os.name: 'Mac OS X', os.arch: 'x86_64', os.version: '10.13.6', java.version: '1.8.0_181'
Driver info: com.kms.katalon.selenium.driver.CRemoteWebDriver
Capabilities {acceptInsecureCerts: false, browserName: MicrosoftEdge, browserVersion: 44.18362.1.0, javascriptEnabled: true, pageLoadStrategy: normal, platform: WINDOWS, platformName: WINDOWS, proxy: Proxy(), setWindowRect: false, timeouts: {implicit: 0, pageLoad: 300000, script: 30000}}
Session ID: 4fe337367b4f6bf033389dbd4173824aa8f5a352)
	at com.kms.katalon.core.keyword.internal.KeywordMain.stepFailed(KeywordMain.groovy:36)
	at com.kms.katalon.core.webui.keyword.internal.WebUIKeywordMain.stepFailed(WebUIKeywordMain.groovy:65)
	at com.kms.katalon.core.webui.keyword.internal.WebUIKeywordMain.runKeyword(WebUIKeywordMain.groovy:27)
	at com.kms.katalon.core.webui.keyword.builtin.ClickKeyword.click(ClickKeyword.groovy:86)
	at com.kms.katalon.core.webui.keyword.builtin.ClickKeyword.execute(ClickKeyword.groovy:67)
	at com.kms.katalon.core.keyword.internal.KeywordExecutor.executeKeywordForPlatform(KeywordExecutor.groovy:53)
	at com.kms.katalon.core.webui.keyword.WebUiBuiltInKeywords.click(WebUiBuiltInKeywords.groovy:616)
	at com.kms.katalon.core.webui.keyword.WebUiBuiltInKeywords$click$2.call(Unknown Source)
	at Filter.run(Filter:48)
	at com.kms.katalon.core.main.ScriptEngine.run(ScriptEngine.java:194)
	at com.kms.katalon.core.main.ScriptEngine.runScriptAsRawText(ScriptEngine.java:119)
	at com.kms.katalon.core.main.TestCaseExecutor.runScript(TestCaseExecutor.java:328)
	at com.kms.katalon.core.main.TestCaseExecutor.doExecute(TestCaseExecutor.java:319)
	at com.kms.katalon.core.main.TestCaseExecutor.processExecutionPhase(TestCaseExecutor.java:298)
	at com.kms.katalon.core.main.TestCaseExecutor.accessMainPhase(TestCaseExecutor.java:290)
	at com.kms.katalon.core.main.TestCaseExecutor.execute(TestCaseExecutor.java:224)
	at com.kms.katalon.core.main.TestSuiteExecutor.accessTestCaseMainPhase(TestSuiteExecutor.java:129)
	at com.kms.katalon.core.main.TestSuiteExecutor.accessTestSuiteMainPhase(TestSuiteExecutor.java:112)
	at com.kms.katalon.core.main.TestSuiteExecutor.execute(TestSuiteExecutor.java:81)
	at com.kms.katalon.core.main.TestCaseMain.startTestSuite(TestCaseMain.java:149)
	at com.kms.katalon.core.main.TestCaseMain$startTestSuite$0.call(Unknown Source)
	at TempTestSuite1562794812628.run(TempTestSuite1562794812628.groovy:36)]]></system-err>
      </testcase>
      <testcase name="Test Cases/HOME PAGE/Store locator" classname="Test Cases/HOME PAGE/Store locator" status="PASSED">
         <system-out><![CDATA[2019-07-10 17:43:34 - [TEST_CASE][PASSED] - Test Cases/HOME PAGE/Store locator: Test Cases/HOME PAGE/Store locator

2019-07-10 17:43:34 - [TEST_STEP][PASSED] - callTestCase(findTestCase("CALL - URL"), [:], STOP_ON_FAILURE): Call Test Case 'Test Cases/CALL - URL' successfully

2019-07-10 17:43:34 - [TEST_CASE][PASSED] - Test Cases/CALL - URL: Test Cases/CALL - URL

2019-07-10 17:43:34 - [TEST_STEP][PASSED] - openBrowser(""): Browser is opened with url: ''

2019-07-10 17:43:34 - [MESSAGE][WARNING] - A browser is already opened. Closing browser and opening a new one

2019-07-10 17:43:36 - [MESSAGE][INFO] - Starting 'Remote' driver

2019-07-10 17:43:36 - [MESSAGE][INFO] - User set preference: ['os', 'Windows']

2019-07-10 17:43:36 - [MESSAGE][INFO] - User set preference: ['os_version', '10']

2019-07-10 17:43:36 - [MESSAGE][INFO] - User set preference: ['browser', 'Edge']

2019-07-10 17:43:36 - [MESSAGE][INFO] - User set preference: ['browser_version', '18.0']

2019-07-10 17:43:36 - [MESSAGE][INFO] - User set preference: ['resolution', '']

2019-07-10 17:43:36 - [MESSAGE][INFO] - Connecting to remote web server 'https://dianatest3:Z3oqw9ysqTeRQJq5wFCp@hub-cloud.browserstack.com/wd/hub' with type 'Selenium'

2019-07-10 17:43:49 - [MESSAGE][PASSED] - Browser is opened with url: ''

2019-07-10 17:43:49 - [TEST_STEP][PASSED] - navigateToUrl("https://diff-apollo.myshopify.com/?_ab=0&_fd=0&_sc=1&preview_theme_id=68640637028"): Navigate to 'https://diff-apollo.myshopify.com/?_ab=0&_fd=0&_sc=1&preview_theme_id=68640637028' successfully

2019-07-10 17:44:07 - [MESSAGE][PASSED] - Navigate to 'https://diff-apollo.myshopify.com/?_ab=0&_fd=0&_sc=1&preview_theme_id=68640637028' successfully

2019-07-10 17:44:07 - [TEST_STEP][NOT_RUN] - executeJavaScript("var previewBar = document.getElementById("preview-bar-iframe"); previewBar.style.display = "none";", []): NOT_RUN: executeJavaScript("var previewBar = document.getElementById("preview-bar-iframe"); previewBar.style.display = "none";", [])

2019-07-10 17:44:07 - [MESSAGE][NOT_RUN] - NOT_RUN: executeJavaScript("var previewBar = document.getElementById("preview-bar-iframe"); previewBar.style.display = "none";", [])

2019-07-10 17:44:07 - [TEST_STEP][PASSED] - maximizeWindow(): Current window maximized

2019-07-10 17:44:07 - [MESSAGE][PASSED] - Current window maximized

2019-07-10 17:44:07 - [MESSAGE][PASSED] - Call Test Case 'Test Cases/CALL - URL' successfully

2019-07-10 17:44:07 - [TEST_STEP][PASSED] - delay(2): Delayed 2 second(s)

2019-07-10 17:44:09 - [MESSAGE][PASSED] - Delayed 2 second(s)

2019-07-10 17:44:09 - [TEST_STEP][PASSED] - click(findTestObject("APOLLO- Desktop/Home page/Map location icon")): Object: 'Object Repository/APOLLO- Desktop/Home page/Map location icon' is clicked on

2019-07-10 17:44:13 - [MESSAGE][PASSED] - Object: 'Object Repository/APOLLO- Desktop/Home page/Map location icon' is clicked on

2019-07-10 17:44:13 - [TEST_STEP][PASSED] - a = getWindowTitle(): Current window's title is: 'Our Store – Diff Apollo'

2019-07-10 17:44:15 - [MESSAGE][PASSED] - Current window's title is: 'Our Store – Diff Apollo'

2019-07-10 17:44:15 - [TEST_STEP][PASSED] - comment(" a=" + a):  a=Our Store – Diff Apollo

2019-07-10 17:44:15 - [MESSAGE][INFO] -  a=Our Store – Diff Apollo

2019-07-10 17:44:15 - [TEST_STEP][PASSED] - b = "Our Store – Diff Apollo": null

2019-07-10 17:44:15 - [TEST_STEP][PASSED] - if (a == b):  navigation is on right page

2019-07-10 17:44:15 - [TEST_STEP][PASSED] - comment(" navigation is on right page"):  navigation is on right page

2019-07-10 17:44:15 - [MESSAGE][INFO] -  navigation is on right page]]></system-out>
         <system-err><![CDATA[]]></system-err>
      </testcase>
      <testcase name="Test Cases/HOME PAGE/New letter and video CTA" classname="Test Cases/HOME PAGE/New letter and video CTA" status="FAILED">
         <failure type="FAILED" message="Test Cases/HOME PAGE/New letter and video CTA FAILED.
Reason:
com.kms.katalon.core.exception.StepFailedException: Unable to click on object 'Object Repository/APOLLO- Desktop/Home page/News letter and CTA/button Sign Up' (Root cause: org.openqa.selenium.ElementClickInterceptedException: The command failed because the specified element is obscured.
Build info: version: '3.7.1', revision: '8a0099a', time: '2017-11-06T21:07:36.161Z'
System info: host: 'sumans-MacBook-Pro.local', ip: 'fe80:0:0:0:47c:ca88:4245:b7a7%en0', os.name: 'Mac OS X', os.arch: 'x86_64', os.version: '10.13.6', java.version: '1.8.0_181'
Driver info: com.kms.katalon.selenium.driver.CRemoteWebDriver
Capabilities {acceptInsecureCerts: false, browserName: MicrosoftEdge, browserVersion: 44.18362.1.0, javascriptEnabled: true, pageLoadStrategy: normal, platform: WINDOWS, platformName: WINDOWS, proxy: Proxy(), setWindowRect: false, timeouts: {implicit: 0, pageLoad: 300000, script: 30000}}
Session ID: c8b61855e7c74aa8f12af6fe79656cbc0ee1c539)
	at com.kms.katalon.core.keyword.internal.KeywordMain.stepFailed(KeywordMain.groovy:36)
	at com.kms.katalon.core.webui.keyword.internal.WebUIKeywordMain.stepFailed(WebUIKeywordMain.groovy:65)
	at com.kms.katalon.core.webui.keyword.internal.WebUIKeywordMain.runKeyword(WebUIKeywordMain.groovy:27)
	at com.kms.katalon.core.webui.keyword.builtin.ClickKeyword.click(ClickKeyword.groovy:86)
	at com.kms.katalon.core.webui.keyword.builtin.ClickKeyword.execute(ClickKeyword.groovy:67)
	at com.kms.katalon.core.keyword.internal.KeywordExecutor.executeKeywordForPlatform(KeywordExecutor.groovy:53)
	at com.kms.katalon.core.webui.keyword.WebUiBuiltInKeywords.click(WebUiBuiltInKeywords.groovy:616)
	at com.kms.katalon.core.webui.keyword.WebUiBuiltInKeywords$click$2.call(Unknown Source)
	at New letter and video CTA.run(New letter and video CTA:28)
	at com.kms.katalon.core.main.ScriptEngine.run(ScriptEngine.java:194)
	at com.kms.katalon.core.main.ScriptEngine.runScriptAsRawText(ScriptEngine.java:119)
	at com.kms.katalon.core.main.TestCaseExecutor.runScript(TestCaseExecutor.java:328)
	at com.kms.katalon.core.main.TestCaseExecutor.doExecute(TestCaseExecutor.java:319)
	at com.kms.katalon.core.main.TestCaseExecutor.processExecutionPhase(TestCaseExecutor.java:298)
	at com.kms.katalon.core.main.TestCaseExecutor.accessMainPhase(TestCaseExecutor.java:290)
	at com.kms.katalon.core.main.TestCaseExecutor.execute(TestCaseExecutor.java:224)
	at com.kms.katalon.core.main.TestSuiteExecutor.accessTestCaseMainPhase(TestSuiteExecutor.java:129)
	at com.kms.katalon.core.main.TestSuiteExecutor.accessTestSuiteMainPhase(TestSuiteExecutor.java:112)
	at com.kms.katalon.core.main.TestSuiteExecutor.execute(TestSuiteExecutor.java:81)
	at com.kms.katalon.core.main.TestCaseMain.startTestSuite(TestCaseMain.java:149)
	at com.kms.katalon.core.main.TestCaseMain$startTestSuite$0.call(Unknown Source)
	at TempTestSuite1562794812628.run(TempTestSuite1562794812628.groovy:36)
"/>
         <system-out><![CDATA[2019-07-10 17:44:15 - [TEST_CASE][FAILED] - Test Cases/HOME PAGE/New letter and video CTA: Test Cases/HOME PAGE/New letter and video CTA FAILED.
Reason:
com.kms.katalon.core.exception.StepFailedException: Unable to click on object 'Object Repository/APOLLO- Desktop/Home page/News letter and CTA/button Sign Up' (Root cause: org.openqa.selenium.ElementClickInterceptedException: The command failed because the specified element is obscured.
Build info: version: '3.7.1', revision: '8a0099a', time: '2017-11-06T21:07:36.161Z'
System info: host: 'sumans-MacBook-Pro.local', ip: 'fe80:0:0:0:47c:ca88:4245:b7a7%en0', os.name: 'Mac OS X', os.arch: 'x86_64', os.version: '10.13.6', java.version: '1.8.0_181'
Driver info: com.kms.katalon.selenium.driver.CRemoteWebDriver
Capabilities {acceptInsecureCerts: false, browserName: MicrosoftEdge, browserVersion: 44.18362.1.0, javascriptEnabled: true, pageLoadStrategy: normal, platform: WINDOWS, platformName: WINDOWS, proxy: Proxy(), setWindowRect: false, timeouts: {implicit: 0, pageLoad: 300000, script: 30000}}
Session ID: c8b61855e7c74aa8f12af6fe79656cbc0ee1c539)
	at com.kms.katalon.core.keyword.internal.KeywordMain.stepFailed(KeywordMain.groovy:36)
	at com.kms.katalon.core.webui.keyword.internal.WebUIKeywordMain.stepFailed(WebUIKeywordMain.groovy:65)
	at com.kms.katalon.core.webui.keyword.internal.WebUIKeywordMain.runKeyword(WebUIKeywordMain.groovy:27)
	at com.kms.katalon.core.webui.keyword.builtin.ClickKeyword.click(ClickKeyword.groovy:86)
	at com.kms.katalon.core.webui.keyword.builtin.ClickKeyword.execute(ClickKeyword.groovy:67)
	at com.kms.katalon.core.keyword.internal.KeywordExecutor.executeKeywordForPlatform(KeywordExecutor.groovy:53)
	at com.kms.katalon.core.webui.keyword.WebUiBuiltInKeywords.click(WebUiBuiltInKeywords.groovy:616)
	at com.kms.katalon.core.webui.keyword.WebUiBuiltInKeywords$click$2.call(Unknown Source)
	at New letter and video CTA.run(New letter and video CTA:28)
	at com.kms.katalon.core.main.ScriptEngine.run(ScriptEngine.java:194)
	at com.kms.katalon.core.main.ScriptEngine.runScriptAsRawText(ScriptEngine.java:119)
	at com.kms.katalon.core.main.TestCaseExecutor.runScript(TestCaseExecutor.java:328)
	at com.kms.katalon.core.main.TestCaseExecutor.doExecute(TestCaseExecutor.java:319)
	at com.kms.katalon.core.main.TestCaseExecutor.processExecutionPhase(TestCaseExecutor.java:298)
	at com.kms.katalon.core.main.TestCaseExecutor.accessMainPhase(TestCaseExecutor.java:290)
	at com.kms.katalon.core.main.TestCaseExecutor.execute(TestCaseExecutor.java:224)
	at com.kms.katalon.core.main.TestSuiteExecutor.accessTestCaseMainPhase(TestSuiteExecutor.java:129)
	at com.kms.katalon.core.main.TestSuiteExecutor.accessTestSuiteMainPhase(TestSuiteExecutor.java:112)
	at com.kms.katalon.core.main.TestSuiteExecutor.execute(TestSuiteExecutor.java:81)
	at com.kms.katalon.core.main.TestCaseMain.startTestSuite(TestCaseMain.java:149)
	at com.kms.katalon.core.main.TestCaseMain$startTestSuite$0.call(Unknown Source)
	at TempTestSuite1562794812628.run(TempTestSuite1562794812628.groovy:36)


2019-07-10 17:44:15 - [TEST_STEP][PASSED] - callTestCase(findTestCase("CALL - URL"), [:], STOP_ON_FAILURE): Call Test Case 'Test Cases/CALL - URL' successfully

2019-07-10 17:44:15 - [TEST_CASE][PASSED] - Test Cases/CALL - URL: Test Cases/CALL - URL

2019-07-10 17:44:15 - [TEST_STEP][PASSED] - openBrowser(""): Browser is opened with url: ''

2019-07-10 17:44:15 - [MESSAGE][WARNING] - A browser is already opened. Closing browser and opening a new one

2019-07-10 17:44:17 - [MESSAGE][INFO] - Starting 'Remote' driver

2019-07-10 17:44:17 - [MESSAGE][INFO] - User set preference: ['os', 'Windows']

2019-07-10 17:44:17 - [MESSAGE][INFO] - User set preference: ['os_version', '10']

2019-07-10 17:44:17 - [MESSAGE][INFO] - User set preference: ['browser', 'Edge']

2019-07-10 17:44:17 - [MESSAGE][INFO] - User set preference: ['browser_version', '18.0']

2019-07-10 17:44:17 - [MESSAGE][INFO] - User set preference: ['resolution', '']

2019-07-10 17:44:17 - [MESSAGE][INFO] - Connecting to remote web server 'https://dianatest3:Z3oqw9ysqTeRQJq5wFCp@hub-cloud.browserstack.com/wd/hub' with type 'Selenium'

2019-07-10 17:44:27 - [MESSAGE][PASSED] - Browser is opened with url: ''

2019-07-10 17:44:27 - [TEST_STEP][PASSED] - navigateToUrl("https://diff-apollo.myshopify.com/?_ab=0&_fd=0&_sc=1&preview_theme_id=68640637028"): Navigate to 'https://diff-apollo.myshopify.com/?_ab=0&_fd=0&_sc=1&preview_theme_id=68640637028' successfully

2019-07-10 17:44:40 - [MESSAGE][PASSED] - Navigate to 'https://diff-apollo.myshopify.com/?_ab=0&_fd=0&_sc=1&preview_theme_id=68640637028' successfully

2019-07-10 17:44:40 - [TEST_STEP][NOT_RUN] - executeJavaScript("var previewBar = document.getElementById("preview-bar-iframe"); previewBar.style.display = "none";", []): NOT_RUN: executeJavaScript("var previewBar = document.getElementById("preview-bar-iframe"); previewBar.style.display = "none";", [])

2019-07-10 17:44:40 - [MESSAGE][NOT_RUN] - NOT_RUN: executeJavaScript("var previewBar = document.getElementById("preview-bar-iframe"); previewBar.style.display = "none";", [])

2019-07-10 17:44:40 - [TEST_STEP][PASSED] - maximizeWindow(): Current window maximized

2019-07-10 17:44:40 - [MESSAGE][PASSED] - Current window maximized

2019-07-10 17:44:40 - [MESSAGE][PASSED] - Call Test Case 'Test Cases/CALL - URL' successfully

2019-07-10 17:44:40 - [TEST_STEP][PASSED] - delay(2): Delayed 2 second(s)

2019-07-10 17:44:42 - [MESSAGE][PASSED] - Delayed 2 second(s)

2019-07-10 17:44:42 - [TEST_STEP][PASSED] - scrollToElement(findTestObject("APOLLO- Desktop/Home page/News letter and CTA/Subscribe to our newsletter"), 0): Scroll to object 'Object Repository/APOLLO- Desktop/Home page/News letter and CTA/Subscribe to our newsletter' successfully

2019-07-10 17:44:42 - [MESSAGE][WARNING] - Timeout '0' is invalid. Using default page load timeout: '30'

2019-07-10 17:44:42 - [MESSAGE][PASSED] - Scroll to object 'Object Repository/APOLLO- Desktop/Home page/News letter and CTA/Subscribe to our newsletter' successfully

2019-07-10 17:44:42 - [TEST_STEP][PASSED] - delay(2): Delayed 2 second(s)

2019-07-10 17:44:44 - [MESSAGE][PASSED] - Delayed 2 second(s)

2019-07-10 17:44:44 - [TEST_STEP][PASSED] - setText(findTestObject("APOLLO- Desktop/Home page/News letter and CTA/input_Subscribe to our newsletter"), "suman@gmail.com"): Text 'suman@gmail.com' is set on object 'Object Repository/APOLLO- Desktop/Home page/News letter and CTA/input_Subscribe to our newsletter'

2019-07-10 17:44:46 - [MESSAGE][PASSED] - Text 'suman@gmail.com' is set on object 'Object Repository/APOLLO- Desktop/Home page/News letter and CTA/input_Subscribe to our newsletter'

2019-07-10 17:44:46 - [TEST_STEP][PASSED] - delay(2): Delayed 2 second(s)

2019-07-10 17:44:48 - [MESSAGE][PASSED] - Delayed 2 second(s)

2019-07-10 17:44:48 - [TEST_STEP][FAILED] - click(findTestObject("APOLLO- Desktop/Home page/News letter and CTA/button Sign Up")): click(findTestObject("APOLLO- Desktop/Home page/News letter and CTA/button Sign Up")) FAILED.
Reason:
com.kms.katalon.core.exception.StepFailedException: Unable to click on object 'Object Repository/APOLLO- Desktop/Home page/News letter and CTA/button Sign Up' (Root cause: org.openqa.selenium.ElementClickInterceptedException: The command failed because the specified element is obscured.
Build info: version: '3.7.1', revision: '8a0099a', time: '2017-11-06T21:07:36.161Z'
System info: host: 'sumans-MacBook-Pro.local', ip: 'fe80:0:0:0:47c:ca88:4245:b7a7%en0', os.name: 'Mac OS X', os.arch: 'x86_64', os.version: '10.13.6', java.version: '1.8.0_181'
Driver info: com.kms.katalon.selenium.driver.CRemoteWebDriver
Capabilities {acceptInsecureCerts: false, browserName: MicrosoftEdge, browserVersion: 44.18362.1.0, javascriptEnabled: true, pageLoadStrategy: normal, platform: WINDOWS, platformName: WINDOWS, proxy: Proxy(), setWindowRect: false, timeouts: {implicit: 0, pageLoad: 300000, script: 30000}}
Session ID: c8b61855e7c74aa8f12af6fe79656cbc0ee1c539)
	at com.kms.katalon.core.keyword.internal.KeywordMain.stepFailed(KeywordMain.groovy:36)
	at com.kms.katalon.core.webui.keyword.internal.WebUIKeywordMain.stepFailed(WebUIKeywordMain.groovy:65)
	at com.kms.katalon.core.webui.keyword.internal.WebUIKeywordMain.runKeyword(WebUIKeywordMain.groovy:27)
	at com.kms.katalon.core.webui.keyword.builtin.ClickKeyword.click(ClickKeyword.groovy:86)
	at com.kms.katalon.core.webui.keyword.builtin.ClickKeyword.execute(ClickKeyword.groovy:67)
	at com.kms.katalon.core.keyword.internal.KeywordExecutor.executeKeywordForPlatform(KeywordExecutor.groovy:53)
	at com.kms.katalon.core.webui.keyword.WebUiBuiltInKeywords.click(WebUiBuiltInKeywords.groovy:616)
	at com.kms.katalon.core.webui.keyword.WebUiBuiltInKeywords$click$2.call(Unknown Source)
	at New letter and video CTA.run(New letter and video CTA:28)
	at com.kms.katalon.core.main.ScriptEngine.run(ScriptEngine.java:194)
	at com.kms.katalon.core.main.ScriptEngine.runScriptAsRawText(ScriptEngine.java:119)
	at com.kms.katalon.core.main.TestCaseExecutor.runScript(TestCaseExecutor.java:328)
	at com.kms.katalon.core.main.TestCaseExecutor.doExecute(TestCaseExecutor.java:319)
	at com.kms.katalon.core.main.TestCaseExecutor.processExecutionPhase(TestCaseExecutor.java:298)
	at com.kms.katalon.core.main.TestCaseExecutor.accessMainPhase(TestCaseExecutor.java:290)
	at com.kms.katalon.core.main.TestCaseExecutor.execute(TestCaseExecutor.java:224)
	at com.kms.katalon.core.main.TestSuiteExecutor.accessTestCaseMainPhase(TestSuiteExecutor.java:129)
	at com.kms.katalon.core.main.TestSuiteExecutor.accessTestSuiteMainPhase(TestSuiteExecutor.java:112)
	at com.kms.katalon.core.main.TestSuiteExecutor.execute(TestSuiteExecutor.java:81)
	at com.kms.katalon.core.main.TestCaseMain.startTestSuite(TestCaseMain.java:149)
	at com.kms.katalon.core.main.TestCaseMain$startTestSuite$0.call(Unknown Source)
	at TempTestSuite1562794812628.run(TempTestSuite1562794812628.groovy:36)


2019-07-10 17:44:50 - [MESSAGE][FAILED] - Unable to click on object 'Object Repository/APOLLO- Desktop/Home page/News letter and CTA/button Sign Up' (Root cause: org.openqa.selenium.ElementClickInterceptedException: The command failed because the specified element is obscured.
Build info: version: '3.7.1', revision: '8a0099a', time: '2017-11-06T21:07:36.161Z'
System info: host: 'sumans-MacBook-Pro.local', ip: 'fe80:0:0:0:47c:ca88:4245:b7a7%en0', os.name: 'Mac OS X', os.arch: 'x86_64', os.version: '10.13.6', java.version: '1.8.0_181'
Driver info: com.kms.katalon.selenium.driver.CRemoteWebDriver
Capabilities {acceptInsecureCerts: false, browserName: MicrosoftEdge, browserVersion: 44.18362.1.0, javascriptEnabled: true, pageLoadStrategy: normal, platform: WINDOWS, platformName: WINDOWS, proxy: Proxy(), setWindowRect: false, timeouts: {implicit: 0, pageLoad: 300000, script: 30000}}
Session ID: c8b61855e7c74aa8f12af6fe79656cbc0ee1c539)
[[ATTACHMENT|/Users/sumankompelly/git/Apollo-Dark-Desktop/Reports/Apollo - dark build/20190710_174012/1562795089343.png]]

2019-07-10 17:44:50 - [MESSAGE][FAILED] - click(findTestObject("APOLLO- Desktop/Home page/News letter and CTA/button Sign Up")) FAILED.
Reason:
com.kms.katalon.core.exception.StepFailedException: Unable to click on object 'Object Repository/APOLLO- Desktop/Home page/News letter and CTA/button Sign Up' (Root cause: org.openqa.selenium.ElementClickInterceptedException: The command failed because the specified element is obscured.
Build info: version: '3.7.1', revision: '8a0099a', time: '2017-11-06T21:07:36.161Z'
System info: host: 'sumans-MacBook-Pro.local', ip: 'fe80:0:0:0:47c:ca88:4245:b7a7%en0', os.name: 'Mac OS X', os.arch: 'x86_64', os.version: '10.13.6', java.version: '1.8.0_181'
Driver info: com.kms.katalon.selenium.driver.CRemoteWebDriver
Capabilities {acceptInsecureCerts: false, browserName: MicrosoftEdge, browserVersion: 44.18362.1.0, javascriptEnabled: true, pageLoadStrategy: normal, platform: WINDOWS, platformName: WINDOWS, proxy: Proxy(), setWindowRect: false, timeouts: {implicit: 0, pageLoad: 300000, script: 30000}}
Session ID: c8b61855e7c74aa8f12af6fe79656cbc0ee1c539)
	at com.kms.katalon.core.keyword.internal.KeywordMain.stepFailed(KeywordMain.groovy:36)
	at com.kms.katalon.core.webui.keyword.internal.WebUIKeywordMain.stepFailed(WebUIKeywordMain.groovy:65)
	at com.kms.katalon.core.webui.keyword.internal.WebUIKeywordMain.runKeyword(WebUIKeywordMain.groovy:27)
	at com.kms.katalon.core.webui.keyword.builtin.ClickKeyword.click(ClickKeyword.groovy:86)
	at com.kms.katalon.core.webui.keyword.builtin.ClickKeyword.execute(ClickKeyword.groovy:67)
	at com.kms.katalon.core.keyword.internal.KeywordExecutor.executeKeywordForPlatform(KeywordExecutor.groovy:53)
	at com.kms.katalon.core.webui.keyword.WebUiBuiltInKeywords.click(WebUiBuiltInKeywords.groovy:616)
	at com.kms.katalon.core.webui.keyword.WebUiBuiltInKeywords$click$2.call(Unknown Source)
	at New letter and video CTA.run(New letter and video CTA:28)
	at com.kms.katalon.core.main.ScriptEngine.run(ScriptEngine.java:194)
	at com.kms.katalon.core.main.ScriptEngine.runScriptAsRawText(ScriptEngine.java:119)
	at com.kms.katalon.core.main.TestCaseExecutor.runScript(TestCaseExecutor.java:328)
	at com.kms.katalon.core.main.TestCaseExecutor.doExecute(TestCaseExecutor.java:319)
	at com.kms.katalon.core.main.TestCaseExecutor.processExecutionPhase(TestCaseExecutor.java:298)
	at com.kms.katalon.core.main.TestCaseExecutor.accessMainPhase(TestCaseExecutor.java:290)
	at com.kms.katalon.core.main.TestCaseExecutor.execute(TestCaseExecutor.java:224)
	at com.kms.katalon.core.main.TestSuiteExecutor.accessTestCaseMainPhase(TestSuiteExecutor.java:129)
	at com.kms.katalon.core.main.TestSuiteExecutor.accessTestSuiteMainPhase(TestSuiteExecutor.java:112)
	at com.kms.katalon.core.main.TestSuiteExecutor.execute(TestSuiteExecutor.java:81)
	at com.kms.katalon.core.main.TestCaseMain.startTestSuite(TestCaseMain.java:149)
	at com.kms.katalon.core.main.TestCaseMain$startTestSuite$0.call(Unknown Source)
	at TempTestSuite1562794812628.run(TempTestSuite1562794812628.groovy:36)]]></system-out>
         <system-err><![CDATA[2019-07-10 17:44:15 - [TEST_CASE][FAILED] - Test Cases/HOME PAGE/New letter and video CTA: Test Cases/HOME PAGE/New letter and video CTA FAILED.
Reason:
com.kms.katalon.core.exception.StepFailedException: Unable to click on object 'Object Repository/APOLLO- Desktop/Home page/News letter and CTA/button Sign Up' (Root cause: org.openqa.selenium.ElementClickInterceptedException: The command failed because the specified element is obscured.
Build info: version: '3.7.1', revision: '8a0099a', time: '2017-11-06T21:07:36.161Z'
System info: host: 'sumans-MacBook-Pro.local', ip: 'fe80:0:0:0:47c:ca88:4245:b7a7%en0', os.name: 'Mac OS X', os.arch: 'x86_64', os.version: '10.13.6', java.version: '1.8.0_181'
Driver info: com.kms.katalon.selenium.driver.CRemoteWebDriver
Capabilities {acceptInsecureCerts: false, browserName: MicrosoftEdge, browserVersion: 44.18362.1.0, javascriptEnabled: true, pageLoadStrategy: normal, platform: WINDOWS, platformName: WINDOWS, proxy: Proxy(), setWindowRect: false, timeouts: {implicit: 0, pageLoad: 300000, script: 30000}}
Session ID: c8b61855e7c74aa8f12af6fe79656cbc0ee1c539)
	at com.kms.katalon.core.keyword.internal.KeywordMain.stepFailed(KeywordMain.groovy:36)
	at com.kms.katalon.core.webui.keyword.internal.WebUIKeywordMain.stepFailed(WebUIKeywordMain.groovy:65)
	at com.kms.katalon.core.webui.keyword.internal.WebUIKeywordMain.runKeyword(WebUIKeywordMain.groovy:27)
	at com.kms.katalon.core.webui.keyword.builtin.ClickKeyword.click(ClickKeyword.groovy:86)
	at com.kms.katalon.core.webui.keyword.builtin.ClickKeyword.execute(ClickKeyword.groovy:67)
	at com.kms.katalon.core.keyword.internal.KeywordExecutor.executeKeywordForPlatform(KeywordExecutor.groovy:53)
	at com.kms.katalon.core.webui.keyword.WebUiBuiltInKeywords.click(WebUiBuiltInKeywords.groovy:616)
	at com.kms.katalon.core.webui.keyword.WebUiBuiltInKeywords$click$2.call(Unknown Source)
	at New letter and video CTA.run(New letter and video CTA:28)
	at com.kms.katalon.core.main.ScriptEngine.run(ScriptEngine.java:194)
	at com.kms.katalon.core.main.ScriptEngine.runScriptAsRawText(ScriptEngine.java:119)
	at com.kms.katalon.core.main.TestCaseExecutor.runScript(TestCaseExecutor.java:328)
	at com.kms.katalon.core.main.TestCaseExecutor.doExecute(TestCaseExecutor.java:319)
	at com.kms.katalon.core.main.TestCaseExecutor.processExecutionPhase(TestCaseExecutor.java:298)
	at com.kms.katalon.core.main.TestCaseExecutor.accessMainPhase(TestCaseExecutor.java:290)
	at com.kms.katalon.core.main.TestCaseExecutor.execute(TestCaseExecutor.java:224)
	at com.kms.katalon.core.main.TestSuiteExecutor.accessTestCaseMainPhase(TestSuiteExecutor.java:129)
	at com.kms.katalon.core.main.TestSuiteExecutor.accessTestSuiteMainPhase(TestSuiteExecutor.java:112)
	at com.kms.katalon.core.main.TestSuiteExecutor.execute(TestSuiteExecutor.java:81)
	at com.kms.katalon.core.main.TestCaseMain.startTestSuite(TestCaseMain.java:149)
	at com.kms.katalon.core.main.TestCaseMain$startTestSuite$0.call(Unknown Source)
	at TempTestSuite1562794812628.run(TempTestSuite1562794812628.groovy:36)]]></system-err>
      </testcase>
      <testcase name="Test Cases/HOME PAGE/Hero banner - CTA" classname="Test Cases/HOME PAGE/Hero banner - CTA" status="PASSED">
         <system-out><![CDATA[2019-07-10 17:44:50 - [TEST_CASE][PASSED] - Test Cases/HOME PAGE/Hero banner - CTA: Test Cases/HOME PAGE/Hero banner - CTA

2019-07-10 17:44:50 - [TEST_STEP][PASSED] - callTestCase(findTestCase("CALL - URL"), [:], STOP_ON_FAILURE): Call Test Case 'Test Cases/CALL - URL' successfully

2019-07-10 17:44:50 - [TEST_CASE][PASSED] - Test Cases/CALL - URL: Test Cases/CALL - URL

2019-07-10 17:44:50 - [TEST_STEP][PASSED] - openBrowser(""): Browser is opened with url: ''

2019-07-10 17:44:50 - [MESSAGE][WARNING] - A browser is already opened. Closing browser and opening a new one

2019-07-10 17:44:55 - [MESSAGE][INFO] - Starting 'Remote' driver

2019-07-10 17:44:55 - [MESSAGE][INFO] - User set preference: ['os', 'Windows']

2019-07-10 17:44:55 - [MESSAGE][INFO] - User set preference: ['os_version', '10']

2019-07-10 17:44:55 - [MESSAGE][INFO] - User set preference: ['browser', 'Edge']

2019-07-10 17:44:55 - [MESSAGE][INFO] - User set preference: ['browser_version', '18.0']

2019-07-10 17:44:55 - [MESSAGE][INFO] - User set preference: ['resolution', '']

2019-07-10 17:44:55 - [MESSAGE][INFO] - Connecting to remote web server 'https://dianatest3:Z3oqw9ysqTeRQJq5wFCp@hub-cloud.browserstack.com/wd/hub' with type 'Selenium'

2019-07-10 17:45:16 - [MESSAGE][PASSED] - Browser is opened with url: ''

2019-07-10 17:45:16 - [TEST_STEP][PASSED] - navigateToUrl("https://diff-apollo.myshopify.com/?_ab=0&_fd=0&_sc=1&preview_theme_id=68640637028"): Navigate to 'https://diff-apollo.myshopify.com/?_ab=0&_fd=0&_sc=1&preview_theme_id=68640637028' successfully

2019-07-10 17:45:30 - [MESSAGE][PASSED] - Navigate to 'https://diff-apollo.myshopify.com/?_ab=0&_fd=0&_sc=1&preview_theme_id=68640637028' successfully

2019-07-10 17:45:30 - [TEST_STEP][NOT_RUN] - executeJavaScript("var previewBar = document.getElementById("preview-bar-iframe"); previewBar.style.display = "none";", []): NOT_RUN: executeJavaScript("var previewBar = document.getElementById("preview-bar-iframe"); previewBar.style.display = "none";", [])

2019-07-10 17:45:30 - [MESSAGE][NOT_RUN] - NOT_RUN: executeJavaScript("var previewBar = document.getElementById("preview-bar-iframe"); previewBar.style.display = "none";", [])

2019-07-10 17:45:30 - [TEST_STEP][PASSED] - maximizeWindow(): Current window maximized

2019-07-10 17:45:30 - [MESSAGE][PASSED] - Current window maximized

2019-07-10 17:45:30 - [MESSAGE][PASSED] - Call Test Case 'Test Cases/CALL - URL' successfully

2019-07-10 17:45:30 - [TEST_STEP][PASSED] - delay(2): Delayed 2 second(s)

2019-07-10 17:45:32 - [MESSAGE][PASSED] - Delayed 2 second(s)

2019-07-10 17:45:32 - [TEST_STEP][PASSED] - click(findTestObject("APOLLO- Desktop/Home page/Hero banner - CTA/First slick slide")): Object: 'Object Repository/APOLLO- Desktop/Home page/Hero banner - CTA/First slick slide' is clicked on

2019-07-10 17:45:34 - [MESSAGE][PASSED] - Object: 'Object Repository/APOLLO- Desktop/Home page/Hero banner - CTA/First slick slide' is clicked on

2019-07-10 17:45:34 - [TEST_STEP][PASSED] - delay(2): Delayed 2 second(s)

2019-07-10 17:45:36 - [MESSAGE][PASSED] - Delayed 2 second(s)

2019-07-10 17:45:36 - [TEST_STEP][PASSED] - click(findTestObject("APOLLO- Desktop/Home page/Hero banner - CTA/Shop Men button")): Object: 'Object Repository/APOLLO- Desktop/Home page/Hero banner - CTA/Shop Men button' is clicked on

2019-07-10 17:45:36 - [MESSAGE][PASSED] - Object: 'Object Repository/APOLLO- Desktop/Home page/Hero banner - CTA/Shop Men button' is clicked on

2019-07-10 17:45:36 - [TEST_STEP][PASSED] - delay(2): Delayed 2 second(s)

2019-07-10 17:45:38 - [MESSAGE][PASSED] - Delayed 2 second(s)

2019-07-10 17:45:38 - [TEST_STEP][PASSED] - click(findTestObject("APOLLO- Desktop/Home page/Hero banner - CTA/Apollo icon")): Object: 'Object Repository/APOLLO- Desktop/Home page/Hero banner - CTA/Apollo icon' is clicked on

2019-07-10 17:45:40 - [MESSAGE][PASSED] - Object: 'Object Repository/APOLLO- Desktop/Home page/Hero banner - CTA/Apollo icon' is clicked on

2019-07-10 17:45:40 - [TEST_STEP][PASSED] - delay(2): Delayed 2 second(s)

2019-07-10 17:45:42 - [MESSAGE][PASSED] - Delayed 2 second(s)

2019-07-10 17:45:42 - [TEST_STEP][PASSED] - click(findTestObject("APOLLO- Desktop/Home page/Hero banner - CTA/second slick slide")): Object: 'Object Repository/APOLLO- Desktop/Home page/Hero banner - CTA/second slick slide' is clicked on

2019-07-10 17:45:47 - [MESSAGE][PASSED] - Object: 'Object Repository/APOLLO- Desktop/Home page/Hero banner - CTA/second slick slide' is clicked on

2019-07-10 17:45:47 - [TEST_STEP][PASSED] - delay(2): Delayed 2 second(s)

2019-07-10 17:45:49 - [MESSAGE][PASSED] - Delayed 2 second(s)

2019-07-10 17:45:49 - [TEST_STEP][PASSED] - click(findTestObject("APOLLO- Desktop/Home page/Hero banner - CTA/Shop Women button")): Object: 'Object Repository/APOLLO- Desktop/Home page/Hero banner - CTA/Shop Women button' is clicked on

2019-07-10 17:45:49 - [MESSAGE][PASSED] - Object: 'Object Repository/APOLLO- Desktop/Home page/Hero banner - CTA/Shop Women button' is clicked on

2019-07-10 17:45:49 - [TEST_STEP][PASSED] - delay(2): Delayed 2 second(s)

2019-07-10 17:45:51 - [MESSAGE][PASSED] - Delayed 2 second(s)

2019-07-10 17:45:51 - [TEST_STEP][PASSED] - click(findTestObject("APOLLO- Desktop/Home page/Hero banner - CTA/Apollo icon")): Object: 'Object Repository/APOLLO- Desktop/Home page/Hero banner - CTA/Apollo icon' is clicked on

2019-07-10 17:45:52 - [MESSAGE][PASSED] - Object: 'Object Repository/APOLLO- Desktop/Home page/Hero banner - CTA/Apollo icon' is clicked on

2019-07-10 17:45:52 - [TEST_STEP][PASSED] - delay(2): Delayed 2 second(s)

2019-07-10 17:45:54 - [MESSAGE][PASSED] - Delayed 2 second(s)

2019-07-10 17:45:54 - [TEST_STEP][PASSED] - click(findTestObject("APOLLO- Desktop/Home page/Hero banner - CTA/Third slick slide")): Object: 'Object Repository/APOLLO- Desktop/Home page/Hero banner - CTA/Third slick slide' is clicked on

2019-07-10 17:45:56 - [MESSAGE][PASSED] - Object: 'Object Repository/APOLLO- Desktop/Home page/Hero banner - CTA/Third slick slide' is clicked on

2019-07-10 17:45:56 - [TEST_STEP][PASSED] - delay(2): Delayed 2 second(s)

2019-07-10 17:45:58 - [MESSAGE][PASSED] - Delayed 2 second(s)

2019-07-10 17:45:58 - [TEST_STEP][PASSED] - click(findTestObject("APOLLO- Desktop/Home page/Hero banner - CTA/Shop womesn outer wear")): Object: 'Object Repository/APOLLO- Desktop/Home page/Hero banner - CTA/Shop womesn outer wear' is clicked on

2019-07-10 17:45:59 - [MESSAGE][PASSED] - Object: 'Object Repository/APOLLO- Desktop/Home page/Hero banner - CTA/Shop womesn outer wear' is clicked on

2019-07-10 17:45:59 - [TEST_STEP][PASSED] - delay(2): Delayed 2 second(s)

2019-07-10 17:46:01 - [MESSAGE][PASSED] - Delayed 2 second(s)

2019-07-10 17:46:01 - [TEST_STEP][PASSED] - click(findTestObject("APOLLO- Desktop/Home page/Hero banner - CTA/Apollo icon")): Object: 'Object Repository/APOLLO- Desktop/Home page/Hero banner - CTA/Apollo icon' is clicked on

2019-07-10 17:46:03 - [MESSAGE][PASSED] - Object: 'Object Repository/APOLLO- Desktop/Home page/Hero banner - CTA/Apollo icon' is clicked on

2019-07-10 17:46:03 - [TEST_STEP][PASSED] - delay(2): Delayed 2 second(s)

2019-07-10 17:46:05 - [MESSAGE][PASSED] - Delayed 2 second(s)

2019-07-10 17:46:05 - [TEST_STEP][PASSED] - click(findTestObject("APOLLO- Desktop/Home page/Hero banner - CTA/First slick slide")): Object: 'Object Repository/APOLLO- Desktop/Home page/Hero banner - CTA/First slick slide' is clicked on

2019-07-10 17:46:08 - [MESSAGE][PASSED] - Object: 'Object Repository/APOLLO- Desktop/Home page/Hero banner - CTA/First slick slide' is clicked on

2019-07-10 17:46:08 - [TEST_STEP][PASSED] - delay(2): Delayed 2 second(s)

2019-07-10 17:46:10 - [MESSAGE][PASSED] - Delayed 2 second(s)

2019-07-10 17:46:10 - [TEST_STEP][PASSED] - mouseOver(findTestObject("APOLLO- Desktop/Home page/Hero banner - CTA/Next button chevron")): Object: 'Object Repository/APOLLO- Desktop/Home page/Hero banner - CTA/Next button chevron' is hovered

2019-07-10 17:46:10 - [MESSAGE][PASSED] - Object: 'Object Repository/APOLLO- Desktop/Home page/Hero banner - CTA/Next button chevron' is hovered

2019-07-10 17:46:10 - [TEST_STEP][PASSED] - delay(2): Delayed 2 second(s)

2019-07-10 17:46:12 - [MESSAGE][PASSED] - Delayed 2 second(s)

2019-07-10 17:46:12 - [TEST_STEP][PASSED] - click(findTestObject("APOLLO- Desktop/Home page/Hero banner - CTA/Next button chevron")): Object: 'Object Repository/APOLLO- Desktop/Home page/Hero banner - CTA/Next button chevron' is clicked on

2019-07-10 17:46:12 - [MESSAGE][PASSED] - Object: 'Object Repository/APOLLO- Desktop/Home page/Hero banner - CTA/Next button chevron' is clicked on

2019-07-10 17:46:12 - [TEST_STEP][PASSED] - delay(2): Delayed 2 second(s)

2019-07-10 17:46:14 - [MESSAGE][PASSED] - Delayed 2 second(s)

2019-07-10 17:46:14 - [TEST_STEP][PASSED] - click(findTestObject("APOLLO- Desktop/Home page/Hero banner - CTA/Previous button chevron")): Object: 'Object Repository/APOLLO- Desktop/Home page/Hero banner - CTA/Previous button chevron' is clicked on

2019-07-10 17:46:15 - [MESSAGE][PASSED] - Object: 'Object Repository/APOLLO- Desktop/Home page/Hero banner - CTA/Previous button chevron' is clicked on

2019-07-10 17:46:15 - [TEST_STEP][PASSED] - delay(2): Delayed 2 second(s)

2019-07-10 17:46:17 - [MESSAGE][PASSED] - Delayed 2 second(s)

2019-07-10 17:46:17 - [TEST_STEP][PASSED] - click(findTestObject("APOLLO- Desktop/Home page/Hero banner - CTA/button_Next section")): Object: 'Object Repository/APOLLO- Desktop/Home page/Hero banner - CTA/button_Next section' is clicked on

2019-07-10 17:46:17 - [MESSAGE][PASSED] - Object: 'Object Repository/APOLLO- Desktop/Home page/Hero banner - CTA/button_Next section' is clicked on

2019-07-10 17:46:17 - [TEST_STEP][PASSED] - delay(2): Delayed 2 second(s)

2019-07-10 17:46:19 - [MESSAGE][PASSED] - Delayed 2 second(s)

2019-07-10 17:46:19 - [TEST_STEP][PASSED] - verifyTextPresent("Wool Sweater", false): Text 'Wool Sweater' is present on page 

2019-07-10 17:46:21 - [MESSAGE][PASSED] - Text 'Wool Sweater' is present on page]]></system-out>
         <system-err><![CDATA[]]></system-err>
      </testcase>
      <testcase name="Test Cases/HOME PAGE/Burger menu - navigation links" classname="Test Cases/HOME PAGE/Burger menu - navigation links" status="PASSED">
         <system-out><![CDATA[2019-07-10 17:46:21 - [TEST_CASE][PASSED] - Test Cases/HOME PAGE/Burger menu - navigation links: Test Cases/HOME PAGE/Burger menu - navigation links

2019-07-10 17:46:21 - [TEST_STEP][PASSED] - callTestCase(findTestCase("CALL - URL"), [:], STOP_ON_FAILURE): Call Test Case 'Test Cases/CALL - URL' successfully

2019-07-10 17:46:21 - [TEST_CASE][PASSED] - Test Cases/CALL - URL: Test Cases/CALL - URL

2019-07-10 17:46:21 - [TEST_STEP][PASSED] - openBrowser(""): Browser is opened with url: ''

2019-07-10 17:46:21 - [MESSAGE][WARNING] - A browser is already opened. Closing browser and opening a new one

2019-07-10 17:46:23 - [MESSAGE][INFO] - Starting 'Remote' driver

2019-07-10 17:46:23 - [MESSAGE][INFO] - User set preference: ['os', 'Windows']

2019-07-10 17:46:23 - [MESSAGE][INFO] - User set preference: ['os_version', '10']

2019-07-10 17:46:23 - [MESSAGE][INFO] - User set preference: ['browser', 'Edge']

2019-07-10 17:46:23 - [MESSAGE][INFO] - User set preference: ['browser_version', '18.0']

2019-07-10 17:46:23 - [MESSAGE][INFO] - User set preference: ['resolution', '']

2019-07-10 17:46:23 - [MESSAGE][INFO] - Connecting to remote web server 'https://dianatest3:Z3oqw9ysqTeRQJq5wFCp@hub-cloud.browserstack.com/wd/hub' with type 'Selenium'

2019-07-10 17:46:37 - [MESSAGE][PASSED] - Browser is opened with url: ''

2019-07-10 17:46:37 - [TEST_STEP][PASSED] - navigateToUrl("https://diff-apollo.myshopify.com/?_ab=0&_fd=0&_sc=1&preview_theme_id=68640637028"): Navigate to 'https://diff-apollo.myshopify.com/?_ab=0&_fd=0&_sc=1&preview_theme_id=68640637028' successfully

2019-07-10 17:46:57 - [MESSAGE][PASSED] - Navigate to 'https://diff-apollo.myshopify.com/?_ab=0&_fd=0&_sc=1&preview_theme_id=68640637028' successfully

2019-07-10 17:46:57 - [TEST_STEP][NOT_RUN] - executeJavaScript("var previewBar = document.getElementById("preview-bar-iframe"); previewBar.style.display = "none";", []): NOT_RUN: executeJavaScript("var previewBar = document.getElementById("preview-bar-iframe"); previewBar.style.display = "none";", [])

2019-07-10 17:46:57 - [MESSAGE][NOT_RUN] - NOT_RUN: executeJavaScript("var previewBar = document.getElementById("preview-bar-iframe"); previewBar.style.display = "none";", [])

2019-07-10 17:46:57 - [TEST_STEP][PASSED] - maximizeWindow(): Current window maximized

2019-07-10 17:46:58 - [MESSAGE][PASSED] - Current window maximized

2019-07-10 17:46:58 - [MESSAGE][PASSED] - Call Test Case 'Test Cases/CALL - URL' successfully

2019-07-10 17:46:58 - [TEST_STEP][PASSED] - delay(2): Delayed 2 second(s)

2019-07-10 17:47:00 - [MESSAGE][PASSED] - Delayed 2 second(s)

2019-07-10 17:47:00 - [TEST_STEP][PASSED] - click(findTestObject("APOLLO- Desktop/Burger Menu/Burgermenu")): Object: 'Object Repository/APOLLO- Desktop/Burger Menu/Burgermenu' is clicked on

2019-07-10 17:47:01 - [MESSAGE][PASSED] - Object: 'Object Repository/APOLLO- Desktop/Burger Menu/Burgermenu' is clicked on

2019-07-10 17:47:01 - [TEST_STEP][PASSED] - delay(2): Delayed 2 second(s)

2019-07-10 17:47:03 - [MESSAGE][PASSED] - Delayed 2 second(s)

2019-07-10 17:47:03 - [TEST_STEP][PASSED] - click(findTestObject("APOLLO- Desktop/Burger Menu/Mens chevron")): Object: 'Object Repository/APOLLO- Desktop/Burger Menu/Mens chevron' is clicked on

2019-07-10 17:47:05 - [MESSAGE][PASSED] - Object: 'Object Repository/APOLLO- Desktop/Burger Menu/Mens chevron' is clicked on

2019-07-10 17:47:05 - [TEST_STEP][PASSED] - delay(2): Delayed 2 second(s)

2019-07-10 17:47:07 - [MESSAGE][PASSED] - Delayed 2 second(s)

2019-07-10 17:47:07 - [TEST_STEP][PASSED] - click(findTestObject("APOLLO- Desktop/Burger Menu/Mens - Top Chevron")): Object: 'Object Repository/APOLLO- Desktop/Burger Menu/Mens - Top Chevron' is clicked on

2019-07-10 17:47:08 - [MESSAGE][PASSED] - Object: 'Object Repository/APOLLO- Desktop/Burger Menu/Mens - Top Chevron' is clicked on

2019-07-10 17:47:08 - [TEST_STEP][PASSED] - delay(2): Delayed 2 second(s)

2019-07-10 17:47:10 - [MESSAGE][PASSED] - Delayed 2 second(s)

2019-07-10 17:47:10 - [TEST_STEP][PASSED] - click(findTestObject("APOLLO- Desktop/Burger Menu/Shirts link")): Object: 'Object Repository/APOLLO- Desktop/Burger Menu/Shirts link' is clicked on

2019-07-10 17:47:12 - [MESSAGE][PASSED] - Object: 'Object Repository/APOLLO- Desktop/Burger Menu/Shirts link' is clicked on

2019-07-10 17:47:12 - [TEST_STEP][PASSED] - delay(2): Delayed 2 second(s)

2019-07-10 17:47:14 - [MESSAGE][PASSED] - Delayed 2 second(s)

2019-07-10 17:47:14 - [TEST_STEP][PASSED] - click(findTestObject("APOLLO- Desktop/Burger Menu/Burgermenu")): Object: 'Object Repository/APOLLO- Desktop/Burger Menu/Burgermenu' is clicked on

2019-07-10 17:47:15 - [MESSAGE][PASSED] - Object: 'Object Repository/APOLLO- Desktop/Burger Menu/Burgermenu' is clicked on

2019-07-10 17:47:15 - [TEST_STEP][PASSED] - delay(2): Delayed 2 second(s)

2019-07-10 17:47:17 - [MESSAGE][PASSED] - Delayed 2 second(s)

2019-07-10 17:47:17 - [TEST_STEP][PASSED] - click(findTestObject("APOLLO- Desktop/Burger Menu/Mens chevron")): Object: 'Object Repository/APOLLO- Desktop/Burger Menu/Mens chevron' is clicked on

2019-07-10 17:47:18 - [MESSAGE][PASSED] - Object: 'Object Repository/APOLLO- Desktop/Burger Menu/Mens chevron' is clicked on

2019-07-10 17:47:18 - [TEST_STEP][PASSED] - delay(2): Delayed 2 second(s)

2019-07-10 17:47:20 - [MESSAGE][PASSED] - Delayed 2 second(s)

2019-07-10 17:47:20 - [TEST_STEP][PASSED] - click(findTestObject("APOLLO- Desktop/Burger Menu/Mens - Top Chevron")): Object: 'Object Repository/APOLLO- Desktop/Burger Menu/Mens - Top Chevron' is clicked on

2019-07-10 17:47:20 - [MESSAGE][PASSED] - Object: 'Object Repository/APOLLO- Desktop/Burger Menu/Mens - Top Chevron' is clicked on

2019-07-10 17:47:20 - [TEST_STEP][PASSED] - delay(2): Delayed 2 second(s)

2019-07-10 17:47:22 - [MESSAGE][PASSED] - Delayed 2 second(s)

2019-07-10 17:47:22 - [TEST_STEP][PASSED] - click(findTestObject("APOLLO- Desktop/Burger Menu/T- Shirts link")): Object: 'Object Repository/APOLLO- Desktop/Burger Menu/T- Shirts link' is clicked on

2019-07-10 17:47:23 - [MESSAGE][PASSED] - Object: 'Object Repository/APOLLO- Desktop/Burger Menu/T- Shirts link' is clicked on

2019-07-10 17:47:23 - [TEST_STEP][PASSED] - delay(2): Delayed 2 second(s)

2019-07-10 17:47:25 - [MESSAGE][PASSED] - Delayed 2 second(s)

2019-07-10 17:47:25 - [TEST_STEP][PASSED] - click(findTestObject("APOLLO- Desktop/Burger Menu/Burgermenu")): Object: 'Object Repository/APOLLO- Desktop/Burger Menu/Burgermenu' is clicked on

2019-07-10 17:47:26 - [MESSAGE][PASSED] - Object: 'Object Repository/APOLLO- Desktop/Burger Menu/Burgermenu' is clicked on

2019-07-10 17:47:26 - [TEST_STEP][PASSED] - delay(2): Delayed 2 second(s)

2019-07-10 17:47:28 - [MESSAGE][PASSED] - Delayed 2 second(s)

2019-07-10 17:47:28 - [TEST_STEP][PASSED] - click(findTestObject("APOLLO- Desktop/Burger Menu/Mens chevron")): Object: 'Object Repository/APOLLO- Desktop/Burger Menu/Mens chevron' is clicked on

2019-07-10 17:47:29 - [MESSAGE][PASSED] - Object: 'Object Repository/APOLLO- Desktop/Burger Menu/Mens chevron' is clicked on

2019-07-10 17:47:29 - [TEST_STEP][PASSED] - delay(2): Delayed 2 second(s)

2019-07-10 17:47:31 - [MESSAGE][PASSED] - Delayed 2 second(s)

2019-07-10 17:47:31 - [TEST_STEP][PASSED] - click(findTestObject("APOLLO- Desktop/Burger Menu/Mens - Top Chevron")): Object: 'Object Repository/APOLLO- Desktop/Burger Menu/Mens - Top Chevron' is clicked on

2019-07-10 17:47:32 - [MESSAGE][PASSED] - Object: 'Object Repository/APOLLO- Desktop/Burger Menu/Mens - Top Chevron' is clicked on

2019-07-10 17:47:32 - [TEST_STEP][PASSED] - delay(2): Delayed 2 second(s)

2019-07-10 17:47:34 - [MESSAGE][PASSED] - Delayed 2 second(s)

2019-07-10 17:47:34 - [TEST_STEP][PASSED] - click(findTestObject("APOLLO- Desktop/Burger Menu/Sweaters")): Object: 'Object Repository/APOLLO- Desktop/Burger Menu/Sweaters' is clicked on

2019-07-10 17:47:34 - [MESSAGE][PASSED] - Object: 'Object Repository/APOLLO- Desktop/Burger Menu/Sweaters' is clicked on

2019-07-10 17:47:34 - [TEST_STEP][PASSED] - delay(2): Delayed 2 second(s)

2019-07-10 17:47:36 - [MESSAGE][PASSED] - Delayed 2 second(s)

2019-07-10 17:47:36 - [TEST_STEP][PASSED] - click(findTestObject("APOLLO- Desktop/Burger Menu/Burgermenu")): Object: 'Object Repository/APOLLO- Desktop/Burger Menu/Burgermenu' is clicked on

2019-07-10 17:47:37 - [MESSAGE][PASSED] - Object: 'Object Repository/APOLLO- Desktop/Burger Menu/Burgermenu' is clicked on

2019-07-10 17:47:37 - [TEST_STEP][PASSED] - delay(2): Delayed 2 second(s)

2019-07-10 17:47:39 - [MESSAGE][PASSED] - Delayed 2 second(s)

2019-07-10 17:47:39 - [TEST_STEP][PASSED] - click(findTestObject("APOLLO- Desktop/Burger Menu/Women link")): Object: 'Object Repository/APOLLO- Desktop/Burger Menu/Women link' is clicked on

2019-07-10 17:47:40 - [MESSAGE][PASSED] - Object: 'Object Repository/APOLLO- Desktop/Burger Menu/Women link' is clicked on

2019-07-10 17:47:40 - [TEST_STEP][PASSED] - delay(2): Delayed 2 second(s)

2019-07-10 17:47:42 - [MESSAGE][PASSED] - Delayed 2 second(s)

2019-07-10 17:47:42 - [TEST_STEP][PASSED] - click(findTestObject("APOLLO- Desktop/Burger Menu/Jackets - Coats")): Object: 'Object Repository/APOLLO- Desktop/Burger Menu/Jackets - Coats' is clicked on

2019-07-10 17:47:42 - [MESSAGE][PASSED] - Object: 'Object Repository/APOLLO- Desktop/Burger Menu/Jackets - Coats' is clicked on

2019-07-10 17:47:42 - [TEST_STEP][PASSED] - delay(2): Delayed 2 second(s)

2019-07-10 17:47:44 - [MESSAGE][PASSED] - Delayed 2 second(s)

2019-07-10 17:47:44 - [TEST_STEP][PASSED] - click(findTestObject("APOLLO- Desktop/Burger Menu/Burgermenu")): Object: 'Object Repository/APOLLO- Desktop/Burger Menu/Burgermenu' is clicked on

2019-07-10 17:47:45 - [MESSAGE][PASSED] - Object: 'Object Repository/APOLLO- Desktop/Burger Menu/Burgermenu' is clicked on

2019-07-10 17:47:45 - [TEST_STEP][PASSED] - delay(2): Delayed 2 second(s)

2019-07-10 17:47:47 - [MESSAGE][PASSED] - Delayed 2 second(s)

2019-07-10 17:47:47 - [TEST_STEP][PASSED] - click(findTestObject("APOLLO- Desktop/Burger Menu/Women link")): Object: 'Object Repository/APOLLO- Desktop/Burger Menu/Women link' is clicked on

2019-07-10 17:47:48 - [MESSAGE][PASSED] - Object: 'Object Repository/APOLLO- Desktop/Burger Menu/Women link' is clicked on

2019-07-10 17:47:48 - [TEST_STEP][PASSED] - delay(2): Delayed 2 second(s)

2019-07-10 17:47:50 - [MESSAGE][PASSED] - Delayed 2 second(s)

2019-07-10 17:47:50 - [TEST_STEP][PASSED] - click(findTestObject("APOLLO- Desktop/Burger Menu/Bottoms")): Object: 'Object Repository/APOLLO- Desktop/Burger Menu/Bottoms' is clicked on

2019-07-10 17:47:50 - [MESSAGE][PASSED] - Object: 'Object Repository/APOLLO- Desktop/Burger Menu/Bottoms' is clicked on

2019-07-10 17:47:50 - [TEST_STEP][PASSED] - delay(2): Delayed 2 second(s)

2019-07-10 17:47:52 - [MESSAGE][PASSED] - Delayed 2 second(s)

2019-07-10 17:47:52 - [TEST_STEP][PASSED] - click(findTestObject("APOLLO- Desktop/Burger Menu/Burgermenu")): Object: 'Object Repository/APOLLO- Desktop/Burger Menu/Burgermenu' is clicked on

2019-07-10 17:47:53 - [MESSAGE][PASSED] - Object: 'Object Repository/APOLLO- Desktop/Burger Menu/Burgermenu' is clicked on

2019-07-10 17:47:53 - [TEST_STEP][PASSED] - delay(2): Delayed 2 second(s)

2019-07-10 17:47:55 - [MESSAGE][PASSED] - Delayed 2 second(s)

2019-07-10 17:47:55 - [TEST_STEP][PASSED] - click(findTestObject("APOLLO- Desktop/Burger Menu/Women link")): Object: 'Object Repository/APOLLO- Desktop/Burger Menu/Women link' is clicked on

2019-07-10 17:47:56 - [MESSAGE][PASSED] - Object: 'Object Repository/APOLLO- Desktop/Burger Menu/Women link' is clicked on

2019-07-10 17:47:56 - [TEST_STEP][PASSED] - delay(2): Delayed 2 second(s)

2019-07-10 17:47:58 - [MESSAGE][PASSED] - Delayed 2 second(s)

2019-07-10 17:47:58 - [TEST_STEP][PASSED] - click(findTestObject("APOLLO- Desktop/Burger Menu/Shop all")): Object: 'Object Repository/APOLLO- Desktop/Burger Menu/Shop all' is clicked on

2019-07-10 17:47:58 - [MESSAGE][PASSED] - Object: 'Object Repository/APOLLO- Desktop/Burger Menu/Shop all' is clicked on

2019-07-10 17:47:58 - [TEST_STEP][PASSED] - delay(2): Delayed 2 second(s)

2019-07-10 17:48:00 - [MESSAGE][PASSED] - Delayed 2 second(s)

2019-07-10 17:48:00 - [TEST_STEP][PASSED] - click(findTestObject("APOLLO- Desktop/Burger Menu/Burgermenu")): Object: 'Object Repository/APOLLO- Desktop/Burger Menu/Burgermenu' is clicked on

2019-07-10 17:48:01 - [MESSAGE][PASSED] - Object: 'Object Repository/APOLLO- Desktop/Burger Menu/Burgermenu' is clicked on

2019-07-10 17:48:01 - [TEST_STEP][PASSED] - delay(2): Delayed 2 second(s)

2019-07-10 17:48:03 - [MESSAGE][PASSED] - Delayed 2 second(s)

2019-07-10 17:48:03 - [TEST_STEP][PASSED] - click(findTestObject("APOLLO- Desktop/Burger Menu/Women link")): Object: 'Object Repository/APOLLO- Desktop/Burger Menu/Women link' is clicked on

2019-07-10 17:48:03 - [MESSAGE][PASSED] - Object: 'Object Repository/APOLLO- Desktop/Burger Menu/Women link' is clicked on

2019-07-10 17:48:03 - [TEST_STEP][PASSED] - delay(2): Delayed 2 second(s)

2019-07-10 17:48:05 - [MESSAGE][PASSED] - Delayed 2 second(s)

2019-07-10 17:48:05 - [TEST_STEP][PASSED] - click(findTestObject("APOLLO- Desktop/Burger Menu/Women - Top Chevron")): Object: 'Object Repository/APOLLO- Desktop/Burger Menu/Women - Top Chevron' is clicked on

2019-07-10 17:48:06 - [MESSAGE][PASSED] - Object: 'Object Repository/APOLLO- Desktop/Burger Menu/Women - Top Chevron' is clicked on

2019-07-10 17:48:06 - [TEST_STEP][PASSED] - delay(2): Delayed 2 second(s)

2019-07-10 17:48:08 - [MESSAGE][PASSED] - Delayed 2 second(s)

2019-07-10 17:48:08 - [TEST_STEP][PASSED] - click(findTestObject("APOLLO- Desktop/Burger Menu/Shirts link - women")): Object: 'Object Repository/APOLLO- Desktop/Burger Menu/Shirts link - women' is clicked on

2019-07-10 17:48:08 - [MESSAGE][PASSED] - Object: 'Object Repository/APOLLO- Desktop/Burger Menu/Shirts link - women' is clicked on

2019-07-10 17:48:08 - [TEST_STEP][PASSED] - delay(2): Delayed 2 second(s)

2019-07-10 17:48:10 - [MESSAGE][PASSED] - Delayed 2 second(s)

2019-07-10 17:48:10 - [TEST_STEP][PASSED] - click(findTestObject("APOLLO- Desktop/Burger Menu/Burgermenu")): Object: 'Object Repository/APOLLO- Desktop/Burger Menu/Burgermenu' is clicked on

2019-07-10 17:48:11 - [MESSAGE][PASSED] - Object: 'Object Repository/APOLLO- Desktop/Burger Menu/Burgermenu' is clicked on

2019-07-10 17:48:11 - [TEST_STEP][PASSED] - delay(2): Delayed 2 second(s)

2019-07-10 17:48:13 - [MESSAGE][PASSED] - Delayed 2 second(s)

2019-07-10 17:48:13 - [TEST_STEP][PASSED] - click(findTestObject("APOLLO- Desktop/Burger Menu/Women link")): Object: 'Object Repository/APOLLO- Desktop/Burger Menu/Women link' is clicked on

2019-07-10 17:48:13 - [MESSAGE][PASSED] - Object: 'Object Repository/APOLLO- Desktop/Burger Menu/Women link' is clicked on

2019-07-10 17:48:13 - [TEST_STEP][PASSED] - delay(2): Delayed 2 second(s)

2019-07-10 17:48:16 - [MESSAGE][PASSED] - Delayed 2 second(s)

2019-07-10 17:48:16 - [TEST_STEP][PASSED] - click(findTestObject("APOLLO- Desktop/Burger Menu/Women - Top Chevron")): Object: 'Object Repository/APOLLO- Desktop/Burger Menu/Women - Top Chevron' is clicked on

2019-07-10 17:48:16 - [MESSAGE][PASSED] - Object: 'Object Repository/APOLLO- Desktop/Burger Menu/Women - Top Chevron' is clicked on

2019-07-10 17:48:16 - [TEST_STEP][PASSED] - delay(2): Delayed 2 second(s)

2019-07-10 17:48:18 - [MESSAGE][PASSED] - Delayed 2 second(s)

2019-07-10 17:48:18 - [TEST_STEP][PASSED] - click(findTestObject("APOLLO- Desktop/Burger Menu/Sweaters - women")): Object: 'Object Repository/APOLLO- Desktop/Burger Menu/Sweaters - women' is clicked on

2019-07-10 17:48:18 - [MESSAGE][PASSED] - Object: 'Object Repository/APOLLO- Desktop/Burger Menu/Sweaters - women' is clicked on

2019-07-10 17:48:18 - [TEST_STEP][PASSED] - delay(2): Delayed 2 second(s)

2019-07-10 17:48:20 - [MESSAGE][PASSED] - Delayed 2 second(s)

2019-07-10 17:48:20 - [TEST_STEP][PASSED] - click(findTestObject("APOLLO- Desktop/Burger Menu/Burgermenu")): Object: 'Object Repository/APOLLO- Desktop/Burger Menu/Burgermenu' is clicked on

2019-07-10 17:48:21 - [MESSAGE][PASSED] - Object: 'Object Repository/APOLLO- Desktop/Burger Menu/Burgermenu' is clicked on

2019-07-10 17:48:21 - [TEST_STEP][PASSED] - delay(2): Delayed 2 second(s)

2019-07-10 17:48:23 - [MESSAGE][PASSED] - Delayed 2 second(s)

2019-07-10 17:48:23 - [TEST_STEP][PASSED] - click(findTestObject("APOLLO- Desktop/Burger Menu/KIds link")): Object: 'Object Repository/APOLLO- Desktop/Burger Menu/KIds link' is clicked on

2019-07-10 17:48:23 - [MESSAGE][PASSED] - Object: 'Object Repository/APOLLO- Desktop/Burger Menu/KIds link' is clicked on

2019-07-10 17:48:23 - [TEST_STEP][PASSED] - delay(2): Delayed 2 second(s)

2019-07-10 17:48:25 - [MESSAGE][PASSED] - Delayed 2 second(s)

2019-07-10 17:48:25 - [TEST_STEP][PASSED] - click(findTestObject("APOLLO- Desktop/Burger Menu/Burgermenu")): Object: 'Object Repository/APOLLO- Desktop/Burger Menu/Burgermenu' is clicked on

2019-07-10 17:48:26 - [MESSAGE][PASSED] - Object: 'Object Repository/APOLLO- Desktop/Burger Menu/Burgermenu' is clicked on

2019-07-10 17:48:26 - [TEST_STEP][PASSED] - delay(2): Delayed 2 second(s)

2019-07-10 17:48:28 - [MESSAGE][PASSED] - Delayed 2 second(s)

2019-07-10 17:48:28 - [TEST_STEP][PASSED] - click(findTestObject("APOLLO- Desktop/Burger Menu/collections")): Object: 'Object Repository/APOLLO- Desktop/Burger Menu/collections' is clicked on

2019-07-10 17:48:29 - [MESSAGE][PASSED] - Object: 'Object Repository/APOLLO- Desktop/Burger Menu/collections' is clicked on

2019-07-10 17:48:29 - [TEST_STEP][PASSED] - delay(2): Delayed 2 second(s)

2019-07-10 17:48:31 - [MESSAGE][PASSED] - Delayed 2 second(s)

2019-07-10 17:48:31 - [TEST_STEP][PASSED] - click(findTestObject("APOLLO- Desktop/Burger Menu/Burgermenu")): Object: 'Object Repository/APOLLO- Desktop/Burger Menu/Burgermenu' is clicked on

2019-07-10 17:48:31 - [MESSAGE][PASSED] - Object: 'Object Repository/APOLLO- Desktop/Burger Menu/Burgermenu' is clicked on

2019-07-10 17:48:31 - [TEST_STEP][PASSED] - delay(2): Delayed 2 second(s)

2019-07-10 17:48:33 - [MESSAGE][PASSED] - Delayed 2 second(s)

2019-07-10 17:48:33 - [TEST_STEP][PASSED] - click(findTestObject("APOLLO- Desktop/Burger Menu/About")): Object: 'Object Repository/APOLLO- Desktop/Burger Menu/About' is clicked on

2019-07-10 17:48:34 - [MESSAGE][PASSED] - Object: 'Object Repository/APOLLO- Desktop/Burger Menu/About' is clicked on

2019-07-10 17:48:34 - [TEST_STEP][PASSED] - delay(2): Delayed 2 second(s)

2019-07-10 17:48:36 - [MESSAGE][PASSED] - Delayed 2 second(s)

2019-07-10 17:48:36 - [TEST_STEP][PASSED] - click(findTestObject("APOLLO- Desktop/Burger Menu/Burgermenu")): Object: 'Object Repository/APOLLO- Desktop/Burger Menu/Burgermenu' is clicked on

2019-07-10 17:48:36 - [MESSAGE][PASSED] - Object: 'Object Repository/APOLLO- Desktop/Burger Menu/Burgermenu' is clicked on

2019-07-10 17:48:36 - [TEST_STEP][PASSED] - delay(2): Delayed 2 second(s)

2019-07-10 17:48:38 - [MESSAGE][PASSED] - Delayed 2 second(s)

2019-07-10 17:48:38 - [TEST_STEP][PASSED] - click(findTestObject("APOLLO- Desktop/Burger Menu/Blog")): Object: 'Object Repository/APOLLO- Desktop/Burger Menu/Blog' is clicked on

2019-07-10 17:48:39 - [MESSAGE][PASSED] - Object: 'Object Repository/APOLLO- Desktop/Burger Menu/Blog' is clicked on

2019-07-10 17:48:39 - [TEST_STEP][PASSED] - delay(2): Delayed 2 second(s)

2019-07-10 17:48:41 - [MESSAGE][PASSED] - Delayed 2 second(s)

2019-07-10 17:48:41 - [TEST_STEP][PASSED] - click(findTestObject("APOLLO- Desktop/Burger Menu/Burgermenu")): Object: 'Object Repository/APOLLO- Desktop/Burger Menu/Burgermenu' is clicked on

2019-07-10 17:48:41 - [MESSAGE][PASSED] - Object: 'Object Repository/APOLLO- Desktop/Burger Menu/Burgermenu' is clicked on

2019-07-10 17:48:41 - [TEST_STEP][PASSED] - delay(2): Delayed 2 second(s)

2019-07-10 17:48:43 - [MESSAGE][PASSED] - Delayed 2 second(s)

2019-07-10 17:48:43 - [TEST_STEP][PASSED] - click(findTestObject("APOLLO- Desktop/Burger Menu/Support")): Object: 'Object Repository/APOLLO- Desktop/Burger Menu/Support' is clicked on

2019-07-10 17:48:44 - [MESSAGE][PASSED] - Object: 'Object Repository/APOLLO- Desktop/Burger Menu/Support' is clicked on

2019-07-10 17:48:44 - [TEST_STEP][PASSED] - delay(2): Delayed 2 second(s)

2019-07-10 17:48:46 - [MESSAGE][PASSED] - Delayed 2 second(s)

2019-07-10 17:48:46 - [TEST_STEP][PASSED] - click(findTestObject("APOLLO- Desktop/Burger Menu/Burgermenu")): Object: 'Object Repository/APOLLO- Desktop/Burger Menu/Burgermenu' is clicked on

2019-07-10 17:48:47 - [MESSAGE][PASSED] - Object: 'Object Repository/APOLLO- Desktop/Burger Menu/Burgermenu' is clicked on

2019-07-10 17:48:47 - [TEST_STEP][PASSED] - delay(2): Delayed 2 second(s)

2019-07-10 17:48:49 - [MESSAGE][PASSED] - Delayed 2 second(s)

2019-07-10 17:48:49 - [TEST_STEP][PASSED] - click(findTestObject("APOLLO- Desktop/Burger Menu/Contact us")): Object: 'Object Repository/APOLLO- Desktop/Burger Menu/Contact us' is clicked on

2019-07-10 17:48:49 - [MESSAGE][PASSED] - Object: 'Object Repository/APOLLO- Desktop/Burger Menu/Contact us' is clicked on]]></system-out>
         <system-err><![CDATA[]]></system-err>
      </testcase>
      <testcase name="Test Cases/HOME PAGE/Featured collection" classname="Test Cases/HOME PAGE/Featured collection" status="PASSED">
         <system-out><![CDATA[2019-07-10 17:48:49 - [TEST_CASE][PASSED] - Test Cases/HOME PAGE/Featured collection: Test Cases/HOME PAGE/Featured collection

2019-07-10 17:48:49 - [TEST_STEP][PASSED] - callTestCase(findTestCase("CALL - URL"), [:], STOP_ON_FAILURE): Call Test Case 'Test Cases/CALL - URL' successfully

2019-07-10 17:48:49 - [TEST_CASE][PASSED] - Test Cases/CALL - URL: Test Cases/CALL - URL

2019-07-10 17:48:49 - [TEST_STEP][PASSED] - openBrowser(""): Browser is opened with url: ''

2019-07-10 17:48:49 - [MESSAGE][WARNING] - A browser is already opened. Closing browser and opening a new one

2019-07-10 17:48:55 - [MESSAGE][INFO] - Starting 'Remote' driver

2019-07-10 17:48:55 - [MESSAGE][INFO] - User set preference: ['os', 'Windows']

2019-07-10 17:48:55 - [MESSAGE][INFO] - User set preference: ['os_version', '10']

2019-07-10 17:48:55 - [MESSAGE][INFO] - User set preference: ['browser', 'Edge']

2019-07-10 17:48:55 - [MESSAGE][INFO] - User set preference: ['browser_version', '18.0']

2019-07-10 17:48:55 - [MESSAGE][INFO] - User set preference: ['resolution', '']

2019-07-10 17:48:55 - [MESSAGE][INFO] - Connecting to remote web server 'https://dianatest3:Z3oqw9ysqTeRQJq5wFCp@hub-cloud.browserstack.com/wd/hub' with type 'Selenium'

2019-07-10 17:49:06 - [MESSAGE][PASSED] - Browser is opened with url: ''

2019-07-10 17:49:06 - [TEST_STEP][PASSED] - navigateToUrl("https://diff-apollo.myshopify.com/?_ab=0&_fd=0&_sc=1&preview_theme_id=68640637028"): Navigate to 'https://diff-apollo.myshopify.com/?_ab=0&_fd=0&_sc=1&preview_theme_id=68640637028' successfully

2019-07-10 17:49:19 - [MESSAGE][PASSED] - Navigate to 'https://diff-apollo.myshopify.com/?_ab=0&_fd=0&_sc=1&preview_theme_id=68640637028' successfully

2019-07-10 17:49:19 - [TEST_STEP][NOT_RUN] - executeJavaScript("var previewBar = document.getElementById("preview-bar-iframe"); previewBar.style.display = "none";", []): NOT_RUN: executeJavaScript("var previewBar = document.getElementById("preview-bar-iframe"); previewBar.style.display = "none";", [])

2019-07-10 17:49:19 - [MESSAGE][NOT_RUN] - NOT_RUN: executeJavaScript("var previewBar = document.getElementById("preview-bar-iframe"); previewBar.style.display = "none";", [])

2019-07-10 17:49:19 - [TEST_STEP][PASSED] - maximizeWindow(): Current window maximized

2019-07-10 17:49:19 - [MESSAGE][PASSED] - Current window maximized

2019-07-10 17:49:19 - [MESSAGE][PASSED] - Call Test Case 'Test Cases/CALL - URL' successfully

2019-07-10 17:49:19 - [TEST_STEP][PASSED] - delay(1): Delayed 1 second(s)

2019-07-10 17:49:20 - [MESSAGE][PASSED] - Delayed 1 second(s)

2019-07-10 17:49:20 - [TEST_STEP][PASSED] - scrollToElement(findTestObject("APOLLO- Desktop/Home page/Featured collection/Sophisticated and elegant - Tile"), 0): Scroll to object 'Object Repository/APOLLO- Desktop/Home page/Featured collection/Sophisticated and elegant - Tile' successfully

2019-07-10 17:49:20 - [MESSAGE][WARNING] - Timeout '0' is invalid. Using default page load timeout: '30'

2019-07-10 17:49:22 - [MESSAGE][PASSED] - Scroll to object 'Object Repository/APOLLO- Desktop/Home page/Featured collection/Sophisticated and elegant - Tile' successfully

2019-07-10 17:49:22 - [TEST_STEP][PASSED] - delay(1): Delayed 1 second(s)

2019-07-10 17:49:23 - [MESSAGE][PASSED] - Delayed 1 second(s)

2019-07-10 17:49:23 - [TEST_STEP][PASSED] - mouseOver(findTestObject("APOLLO- Desktop/Home page/Featured collection/Sophisticated and elegant - Tile - hover")): Object: 'Object Repository/APOLLO- Desktop/Home page/Featured collection/Sophisticated and elegant - Tile - hover' is hovered

2019-07-10 17:49:23 - [MESSAGE][PASSED] - Object: 'Object Repository/APOLLO- Desktop/Home page/Featured collection/Sophisticated and elegant - Tile - hover' is hovered

2019-07-10 17:49:23 - [TEST_STEP][PASSED] - delay(1): Delayed 1 second(s)

2019-07-10 17:49:24 - [MESSAGE][PASSED] - Delayed 1 second(s)

2019-07-10 17:49:24 - [TEST_STEP][PASSED] - click(findTestObject("APOLLO- Desktop/Home page/Featured collection/shop womens bottoms - button")): Object: 'Object Repository/APOLLO- Desktop/Home page/Featured collection/shop womens bottoms - button' is clicked on

2019-07-10 17:49:26 - [MESSAGE][PASSED] - Object: 'Object Repository/APOLLO- Desktop/Home page/Featured collection/shop womens bottoms - button' is clicked on

2019-07-10 17:49:26 - [TEST_STEP][PASSED] - delay(1): Delayed 1 second(s)

2019-07-10 17:49:27 - [MESSAGE][PASSED] - Delayed 1 second(s)

2019-07-10 17:49:27 - [TEST_STEP][PASSED] - click(findTestObject("APOLLO- Desktop/Home page/Hero banner - CTA/Apollo icon")): Object: 'Object Repository/APOLLO- Desktop/Home page/Hero banner - CTA/Apollo icon' is clicked on

2019-07-10 17:49:29 - [MESSAGE][PASSED] - Object: 'Object Repository/APOLLO- Desktop/Home page/Hero banner - CTA/Apollo icon' is clicked on

2019-07-10 17:49:29 - [TEST_STEP][NOT_RUN] - executeJavaScript("var previewBar = document.getElementById("preview-bar-iframe"); previewBar.style.display = "none";", []): NOT_RUN: executeJavaScript("var previewBar = document.getElementById("preview-bar-iframe"); previewBar.style.display = "none";", [])

2019-07-10 17:49:29 - [MESSAGE][NOT_RUN] - NOT_RUN: executeJavaScript("var previewBar = document.getElementById("preview-bar-iframe"); previewBar.style.display = "none";", [])

2019-07-10 17:49:29 - [TEST_STEP][PASSED] - delay(1): Delayed 1 second(s)

2019-07-10 17:49:30 - [MESSAGE][PASSED] - Delayed 1 second(s)

2019-07-10 17:49:30 - [TEST_STEP][PASSED] - scrollToElement(findTestObject("APOLLO- Desktop/Home page/Featured collection/Designed for function - Tile"), 0): Scroll to object 'Object Repository/APOLLO- Desktop/Home page/Featured collection/Designed for function - Tile' successfully

2019-07-10 17:49:30 - [MESSAGE][WARNING] - Timeout '0' is invalid. Using default page load timeout: '30'

2019-07-10 17:49:33 - [MESSAGE][PASSED] - Scroll to object 'Object Repository/APOLLO- Desktop/Home page/Featured collection/Designed for function - Tile' successfully

2019-07-10 17:49:33 - [TEST_STEP][PASSED] - delay(1): Delayed 1 second(s)

2019-07-10 17:49:34 - [MESSAGE][PASSED] - Delayed 1 second(s)

2019-07-10 17:49:34 - [TEST_STEP][PASSED] - mouseOver(findTestObject("APOLLO- Desktop/Home page/Featured collection/Designed for function - Tile - hover")): Object: 'Object Repository/APOLLO- Desktop/Home page/Featured collection/Designed for function - Tile - hover' is hovered

2019-07-10 17:49:36 - [MESSAGE][PASSED] - Object: 'Object Repository/APOLLO- Desktop/Home page/Featured collection/Designed for function - Tile - hover' is hovered

2019-07-10 17:49:36 - [TEST_STEP][PASSED] - delay(1): Delayed 1 second(s)

2019-07-10 17:49:37 - [MESSAGE][PASSED] - Delayed 1 second(s)

2019-07-10 17:49:37 - [TEST_STEP][PASSED] - click(findTestObject("APOLLO- Desktop/Home page/Featured collection/Shop menss jacket - button")): Object: 'Object Repository/APOLLO- Desktop/Home page/Featured collection/Shop menss jacket - button' is clicked on

2019-07-10 17:49:41 - [MESSAGE][PASSED] - Object: 'Object Repository/APOLLO- Desktop/Home page/Featured collection/Shop menss jacket - button' is clicked on

2019-07-10 17:49:41 - [TEST_STEP][PASSED] - delay(1): Delayed 1 second(s)

2019-07-10 17:49:42 - [MESSAGE][PASSED] - Delayed 1 second(s)

2019-07-10 17:49:42 - [TEST_STEP][PASSED] - click(findTestObject("APOLLO- Desktop/Home page/Hero banner - CTA/Apollo icon")): Object: 'Object Repository/APOLLO- Desktop/Home page/Hero banner - CTA/Apollo icon' is clicked on

2019-07-10 17:49:44 - [MESSAGE][PASSED] - Object: 'Object Repository/APOLLO- Desktop/Home page/Hero banner - CTA/Apollo icon' is clicked on

2019-07-10 17:49:44 - [TEST_STEP][NOT_RUN] - executeJavaScript("var previewBar = document.getElementById("preview-bar-iframe"); previewBar.style.display = "none";", []): NOT_RUN: executeJavaScript("var previewBar = document.getElementById("preview-bar-iframe"); previewBar.style.display = "none";", [])

2019-07-10 17:49:44 - [MESSAGE][NOT_RUN] - NOT_RUN: executeJavaScript("var previewBar = document.getElementById("preview-bar-iframe"); previewBar.style.display = "none";", [])

2019-07-10 17:49:44 - [TEST_STEP][PASSED] - delay(1): Delayed 1 second(s)

2019-07-10 17:49:45 - [MESSAGE][PASSED] - Delayed 1 second(s)

2019-07-10 17:49:45 - [TEST_STEP][PASSED] - scrollToElement(findTestObject("APOLLO- Desktop/Home page/Featured collection/Sweaters - Tile"), 0): Scroll to object 'Object Repository/APOLLO- Desktop/Home page/Featured collection/Sweaters - Tile' successfully

2019-07-10 17:49:45 - [MESSAGE][WARNING] - Timeout '0' is invalid. Using default page load timeout: '30'

2019-07-10 17:49:49 - [MESSAGE][PASSED] - Scroll to object 'Object Repository/APOLLO- Desktop/Home page/Featured collection/Sweaters - Tile' successfully

2019-07-10 17:49:49 - [TEST_STEP][PASSED] - delay(1): Delayed 1 second(s)

2019-07-10 17:49:50 - [MESSAGE][PASSED] - Delayed 1 second(s)

2019-07-10 17:49:50 - [TEST_STEP][PASSED] - mouseOver(findTestObject("APOLLO- Desktop/Home page/Featured collection/Sweaters - Tile - hover")): Object: 'Object Repository/APOLLO- Desktop/Home page/Featured collection/Sweaters - Tile - hover' is hovered

2019-07-10 17:49:52 - [MESSAGE][PASSED] - Object: 'Object Repository/APOLLO- Desktop/Home page/Featured collection/Sweaters - Tile - hover' is hovered

2019-07-10 17:49:52 - [TEST_STEP][PASSED] - delay(1): Delayed 1 second(s)

2019-07-10 17:49:53 - [MESSAGE][PASSED] - Delayed 1 second(s)

2019-07-10 17:49:53 - [TEST_STEP][PASSED] - click(findTestObject("APOLLO- Desktop/Home page/Featured collection/shop womens sweaters - button")): Object: 'Object Repository/APOLLO- Desktop/Home page/Featured collection/shop womens sweaters - button' is clicked on

2019-07-10 17:49:53 - [MESSAGE][PASSED] - Object: 'Object Repository/APOLLO- Desktop/Home page/Featured collection/shop womens sweaters - button' is clicked on

2019-07-10 17:49:53 - [TEST_STEP][PASSED] - delay(1): Delayed 1 second(s)

2019-07-10 17:49:55 - [MESSAGE][PASSED] - Delayed 1 second(s)

2019-07-10 17:49:55 - [TEST_STEP][PASSED] - click(findTestObject("APOLLO- Desktop/Home page/Hero banner - CTA/Apollo icon")): Object: 'Object Repository/APOLLO- Desktop/Home page/Hero banner - CTA/Apollo icon' is clicked on

2019-07-10 17:49:56 - [MESSAGE][PASSED] - Object: 'Object Repository/APOLLO- Desktop/Home page/Hero banner - CTA/Apollo icon' is clicked on

2019-07-10 17:49:56 - [TEST_STEP][NOT_RUN] - executeJavaScript("var previewBar = document.getElementById("preview-bar-iframe"); previewBar.style.display = "none";", []): NOT_RUN: executeJavaScript("var previewBar = document.getElementById("preview-bar-iframe"); previewBar.style.display = "none";", [])

2019-07-10 17:49:56 - [MESSAGE][NOT_RUN] - NOT_RUN: executeJavaScript("var previewBar = document.getElementById("preview-bar-iframe"); previewBar.style.display = "none";", [])

2019-07-10 17:49:56 - [TEST_STEP][PASSED] - delay(1): Delayed 1 second(s)

2019-07-10 17:49:57 - [MESSAGE][PASSED] - Delayed 1 second(s)

2019-07-10 17:49:57 - [TEST_STEP][PASSED] - scrollToElement(findTestObject("APOLLO- Desktop/Home page/Featured collection/Shirts - Tile"), 0): Scroll to object 'Object Repository/APOLLO- Desktop/Home page/Featured collection/Shirts - Tile' successfully

2019-07-10 17:49:57 - [MESSAGE][WARNING] - Timeout '0' is invalid. Using default page load timeout: '30'

2019-07-10 17:50:01 - [MESSAGE][PASSED] - Scroll to object 'Object Repository/APOLLO- Desktop/Home page/Featured collection/Shirts - Tile' successfully

2019-07-10 17:50:01 - [TEST_STEP][PASSED] - delay(1): Delayed 1 second(s)

2019-07-10 17:50:02 - [MESSAGE][PASSED] - Delayed 1 second(s)

2019-07-10 17:50:02 - [TEST_STEP][PASSED] - mouseOver(findTestObject("APOLLO- Desktop/Home page/Featured collection/Shirts - Tile - hover")): Object: 'Object Repository/APOLLO- Desktop/Home page/Featured collection/Shirts - Tile - hover' is hovered

2019-07-10 17:50:04 - [MESSAGE][PASSED] - Object: 'Object Repository/APOLLO- Desktop/Home page/Featured collection/Shirts - Tile - hover' is hovered

2019-07-10 17:50:04 - [TEST_STEP][PASSED] - delay(1): Delayed 1 second(s)

2019-07-10 17:50:05 - [MESSAGE][PASSED] - Delayed 1 second(s)

2019-07-10 17:50:05 - [TEST_STEP][PASSED] - click(findTestObject("APOLLO- Desktop/Home page/Featured collection/Shop menss shirt - button")): Object: 'Object Repository/APOLLO- Desktop/Home page/Featured collection/Shop menss shirt - button' is clicked on

2019-07-10 17:50:05 - [MESSAGE][PASSED] - Object: 'Object Repository/APOLLO- Desktop/Home page/Featured collection/Shop menss shirt - button' is clicked on

2019-07-10 17:50:05 - [TEST_STEP][PASSED] - delay(1): Delayed 1 second(s)

2019-07-10 17:50:06 - [MESSAGE][PASSED] - Delayed 1 second(s)

2019-07-10 17:50:06 - [TEST_STEP][PASSED] - click(findTestObject("APOLLO- Desktop/Home page/Hero banner - CTA/Apollo icon")): Object: 'Object Repository/APOLLO- Desktop/Home page/Hero banner - CTA/Apollo icon' is clicked on

2019-07-10 17:50:08 - [MESSAGE][PASSED] - Object: 'Object Repository/APOLLO- Desktop/Home page/Hero banner - CTA/Apollo icon' is clicked on

2019-07-10 17:50:08 - [TEST_STEP][NOT_RUN] - executeJavaScript("var previewBar = document.getElementById("preview-bar-iframe"); previewBar.style.display = "none";", []): NOT_RUN: executeJavaScript("var previewBar = document.getElementById("preview-bar-iframe"); previewBar.style.display = "none";", [])

2019-07-10 17:50:08 - [MESSAGE][NOT_RUN] - NOT_RUN: executeJavaScript("var previewBar = document.getElementById("preview-bar-iframe"); previewBar.style.display = "none";", [])

2019-07-10 17:50:08 - [TEST_STEP][PASSED] - delay(1): Delayed 1 second(s)

2019-07-10 17:50:09 - [MESSAGE][PASSED] - Delayed 1 second(s)

2019-07-10 17:50:09 - [TEST_STEP][PASSED] - scrollToElement(findTestObject("APOLLO- Desktop/Home page/OUTER WEAR - TILES - Copy"), 0): Scroll to object 'Object Repository/APOLLO- Desktop/Home page/OUTER WEAR - TILES - Copy' successfully

2019-07-10 17:50:09 - [MESSAGE][WARNING] - Timeout '0' is invalid. Using default page load timeout: '30'

2019-07-10 17:50:13 - [MESSAGE][PASSED] - Scroll to object 'Object Repository/APOLLO- Desktop/Home page/OUTER WEAR - TILES - Copy' successfully

2019-07-10 17:50:13 - [TEST_STEP][PASSED] - delay(1): Delayed 1 second(s)

2019-07-10 17:50:14 - [MESSAGE][PASSED] - Delayed 1 second(s)

2019-07-10 17:50:14 - [TEST_STEP][PASSED] - mouseOver(findTestObject("APOLLO- Desktop/Home page/OUTER WEAR - TILES")): Object: 'Object Repository/APOLLO- Desktop/Home page/OUTER WEAR - TILES' is hovered

2019-07-10 17:50:15 - [MESSAGE][PASSED] - Object: 'Object Repository/APOLLO- Desktop/Home page/OUTER WEAR - TILES' is hovered

2019-07-10 17:50:15 - [TEST_STEP][PASSED] - delay(1): Delayed 1 second(s)

2019-07-10 17:50:16 - [MESSAGE][PASSED] - Delayed 1 second(s)

2019-07-10 17:50:16 - [TEST_STEP][PASSED] - click(findTestObject("APOLLO- Desktop/Home page/Shop mens outer wear -button")): Object: 'Object Repository/APOLLO- Desktop/Home page/Shop mens outer wear -button' is clicked on

2019-07-10 17:50:17 - [MESSAGE][PASSED] - Object: 'Object Repository/APOLLO- Desktop/Home page/Shop mens outer wear -button' is clicked on

2019-07-10 17:50:17 - [TEST_STEP][PASSED] - click(findTestObject("APOLLO- Desktop/Home page/Hero banner - CTA/Apollo icon")): Object: 'Object Repository/APOLLO- Desktop/Home page/Hero banner - CTA/Apollo icon' is clicked on

2019-07-10 17:50:20 - [MESSAGE][PASSED] - Object: 'Object Repository/APOLLO- Desktop/Home page/Hero banner - CTA/Apollo icon' is clicked on]]></system-out>
         <system-err><![CDATA[]]></system-err>
      </testcase>
      <testcase name="Test Cases/HOME PAGE/Footer" classname="Test Cases/HOME PAGE/Footer" status="FAILED">
         <failure type="FAILED" message="Test Cases/HOME PAGE/Footer FAILED.
Reason:
com.kms.katalon.core.exception.StepFailedException: Unable to click on object 'Object Repository/APOLLO- Desktop/Home page/Footer/About' (Root cause: org.openqa.selenium.ElementClickInterceptedException: The command failed because the specified element is obscured.
Build info: version: '3.7.1', revision: '8a0099a', time: '2017-11-06T21:07:36.161Z'
System info: host: 'sumans-MacBook-Pro.local', ip: 'fe80:0:0:0:47c:ca88:4245:b7a7%en0', os.name: 'Mac OS X', os.arch: 'x86_64', os.version: '10.13.6', java.version: '1.8.0_181'
Driver info: com.kms.katalon.selenium.driver.CRemoteWebDriver
Capabilities {acceptInsecureCerts: false, browserName: MicrosoftEdge, browserVersion: 44.18362.1.0, javascriptEnabled: true, pageLoadStrategy: normal, platform: WINDOWS, platformName: WINDOWS, proxy: Proxy(), setWindowRect: false, timeouts: {implicit: 0, pageLoad: 300000, script: 30000}}
Session ID: 761d80184acbc6fbd062abaa5d46d1e7533e1773)
	at com.kms.katalon.core.keyword.internal.KeywordMain.stepFailed(KeywordMain.groovy:36)
	at com.kms.katalon.core.webui.keyword.internal.WebUIKeywordMain.stepFailed(WebUIKeywordMain.groovy:65)
	at com.kms.katalon.core.webui.keyword.internal.WebUIKeywordMain.runKeyword(WebUIKeywordMain.groovy:27)
	at com.kms.katalon.core.webui.keyword.builtin.ClickKeyword.click(ClickKeyword.groovy:86)
	at com.kms.katalon.core.webui.keyword.builtin.ClickKeyword.execute(ClickKeyword.groovy:67)
	at com.kms.katalon.core.keyword.internal.KeywordExecutor.executeKeywordForPlatform(KeywordExecutor.groovy:53)
	at com.kms.katalon.core.webui.keyword.WebUiBuiltInKeywords.click(WebUiBuiltInKeywords.groovy:616)
	at com.kms.katalon.core.webui.keyword.WebUiBuiltInKeywords$click$2.call(Unknown Source)
	at Footer.run(Footer:56)
	at com.kms.katalon.core.main.ScriptEngine.run(ScriptEngine.java:194)
	at com.kms.katalon.core.main.ScriptEngine.runScriptAsRawText(ScriptEngine.java:119)
	at com.kms.katalon.core.main.TestCaseExecutor.runScript(TestCaseExecutor.java:328)
	at com.kms.katalon.core.main.TestCaseExecutor.doExecute(TestCaseExecutor.java:319)
	at com.kms.katalon.core.main.TestCaseExecutor.processExecutionPhase(TestCaseExecutor.java:298)
	at com.kms.katalon.core.main.TestCaseExecutor.accessMainPhase(TestCaseExecutor.java:290)
	at com.kms.katalon.core.main.TestCaseExecutor.execute(TestCaseExecutor.java:224)
	at com.kms.katalon.core.main.TestSuiteExecutor.accessTestCaseMainPhase(TestSuiteExecutor.java:129)
	at com.kms.katalon.core.main.TestSuiteExecutor.accessTestSuiteMainPhase(TestSuiteExecutor.java:112)
	at com.kms.katalon.core.main.TestSuiteExecutor.execute(TestSuiteExecutor.java:81)
	at com.kms.katalon.core.main.TestCaseMain.startTestSuite(TestCaseMain.java:149)
	at com.kms.katalon.core.main.TestCaseMain$startTestSuite$0.call(Unknown Source)
	at TempTestSuite1562794812628.run(TempTestSuite1562794812628.groovy:36)
"/>
         <system-out><![CDATA[2019-07-10 17:50:20 - [TEST_CASE][FAILED] - Test Cases/HOME PAGE/Footer: Test Cases/HOME PAGE/Footer FAILED.
Reason:
com.kms.katalon.core.exception.StepFailedException: Unable to click on object 'Object Repository/APOLLO- Desktop/Home page/Footer/About' (Root cause: org.openqa.selenium.ElementClickInterceptedException: The command failed because the specified element is obscured.
Build info: version: '3.7.1', revision: '8a0099a', time: '2017-11-06T21:07:36.161Z'
System info: host: 'sumans-MacBook-Pro.local', ip: 'fe80:0:0:0:47c:ca88:4245:b7a7%en0', os.name: 'Mac OS X', os.arch: 'x86_64', os.version: '10.13.6', java.version: '1.8.0_181'
Driver info: com.kms.katalon.selenium.driver.CRemoteWebDriver
Capabilities {acceptInsecureCerts: false, browserName: MicrosoftEdge, browserVersion: 44.18362.1.0, javascriptEnabled: true, pageLoadStrategy: normal, platform: WINDOWS, platformName: WINDOWS, proxy: Proxy(), setWindowRect: false, timeouts: {implicit: 0, pageLoad: 300000, script: 30000}}
Session ID: 761d80184acbc6fbd062abaa5d46d1e7533e1773)
	at com.kms.katalon.core.keyword.internal.KeywordMain.stepFailed(KeywordMain.groovy:36)
	at com.kms.katalon.core.webui.keyword.internal.WebUIKeywordMain.stepFailed(WebUIKeywordMain.groovy:65)
	at com.kms.katalon.core.webui.keyword.internal.WebUIKeywordMain.runKeyword(WebUIKeywordMain.groovy:27)
	at com.kms.katalon.core.webui.keyword.builtin.ClickKeyword.click(ClickKeyword.groovy:86)
	at com.kms.katalon.core.webui.keyword.builtin.ClickKeyword.execute(ClickKeyword.groovy:67)
	at com.kms.katalon.core.keyword.internal.KeywordExecutor.executeKeywordForPlatform(KeywordExecutor.groovy:53)
	at com.kms.katalon.core.webui.keyword.WebUiBuiltInKeywords.click(WebUiBuiltInKeywords.groovy:616)
	at com.kms.katalon.core.webui.keyword.WebUiBuiltInKeywords$click$2.call(Unknown Source)
	at Footer.run(Footer:56)
	at com.kms.katalon.core.main.ScriptEngine.run(ScriptEngine.java:194)
	at com.kms.katalon.core.main.ScriptEngine.runScriptAsRawText(ScriptEngine.java:119)
	at com.kms.katalon.core.main.TestCaseExecutor.runScript(TestCaseExecutor.java:328)
	at com.kms.katalon.core.main.TestCaseExecutor.doExecute(TestCaseExecutor.java:319)
	at com.kms.katalon.core.main.TestCaseExecutor.processExecutionPhase(TestCaseExecutor.java:298)
	at com.kms.katalon.core.main.TestCaseExecutor.accessMainPhase(TestCaseExecutor.java:290)
	at com.kms.katalon.core.main.TestCaseExecutor.execute(TestCaseExecutor.java:224)
	at com.kms.katalon.core.main.TestSuiteExecutor.accessTestCaseMainPhase(TestSuiteExecutor.java:129)
	at com.kms.katalon.core.main.TestSuiteExecutor.accessTestSuiteMainPhase(TestSuiteExecutor.java:112)
	at com.kms.katalon.core.main.TestSuiteExecutor.execute(TestSuiteExecutor.java:81)
	at com.kms.katalon.core.main.TestCaseMain.startTestSuite(TestCaseMain.java:149)
	at com.kms.katalon.core.main.TestCaseMain$startTestSuite$0.call(Unknown Source)
	at TempTestSuite1562794812628.run(TempTestSuite1562794812628.groovy:36)


2019-07-10 17:50:20 - [TEST_STEP][PASSED] - callTestCase(findTestCase("CALL - URL"), [:], STOP_ON_FAILURE): Call Test Case 'Test Cases/CALL - URL' successfully

2019-07-10 17:50:20 - [TEST_CASE][PASSED] - Test Cases/CALL - URL: Test Cases/CALL - URL

2019-07-10 17:50:20 - [TEST_STEP][PASSED] - openBrowser(""): Browser is opened with url: ''

2019-07-10 17:50:20 - [MESSAGE][WARNING] - A browser is already opened. Closing browser and opening a new one

2019-07-10 17:50:22 - [MESSAGE][INFO] - Starting 'Remote' driver

2019-07-10 17:50:22 - [MESSAGE][INFO] - User set preference: ['os', 'Windows']

2019-07-10 17:50:22 - [MESSAGE][INFO] - User set preference: ['os_version', '10']

2019-07-10 17:50:22 - [MESSAGE][INFO] - User set preference: ['browser', 'Edge']

2019-07-10 17:50:22 - [MESSAGE][INFO] - User set preference: ['browser_version', '18.0']

2019-07-10 17:50:22 - [MESSAGE][INFO] - User set preference: ['resolution', '']

2019-07-10 17:50:22 - [MESSAGE][INFO] - Connecting to remote web server 'https://dianatest3:Z3oqw9ysqTeRQJq5wFCp@hub-cloud.browserstack.com/wd/hub' with type 'Selenium'

2019-07-10 17:50:32 - [MESSAGE][PASSED] - Browser is opened with url: ''

2019-07-10 17:50:32 - [TEST_STEP][PASSED] - navigateToUrl("https://diff-apollo.myshopify.com/?_ab=0&_fd=0&_sc=1&preview_theme_id=68640637028"): Navigate to 'https://diff-apollo.myshopify.com/?_ab=0&_fd=0&_sc=1&preview_theme_id=68640637028' successfully

2019-07-10 17:50:41 - [MESSAGE][PASSED] - Navigate to 'https://diff-apollo.myshopify.com/?_ab=0&_fd=0&_sc=1&preview_theme_id=68640637028' successfully

2019-07-10 17:50:41 - [TEST_STEP][NOT_RUN] - executeJavaScript("var previewBar = document.getElementById("preview-bar-iframe"); previewBar.style.display = "none";", []): NOT_RUN: executeJavaScript("var previewBar = document.getElementById("preview-bar-iframe"); previewBar.style.display = "none";", [])

2019-07-10 17:50:41 - [MESSAGE][NOT_RUN] - NOT_RUN: executeJavaScript("var previewBar = document.getElementById("preview-bar-iframe"); previewBar.style.display = "none";", [])

2019-07-10 17:50:41 - [TEST_STEP][PASSED] - maximizeWindow(): Current window maximized

2019-07-10 17:50:41 - [MESSAGE][PASSED] - Current window maximized

2019-07-10 17:50:41 - [MESSAGE][PASSED] - Call Test Case 'Test Cases/CALL - URL' successfully

2019-07-10 17:50:41 - [TEST_STEP][PASSED] - delay(2): Delayed 2 second(s)

2019-07-10 17:50:43 - [MESSAGE][PASSED] - Delayed 2 second(s)

2019-07-10 17:50:43 - [TEST_STEP][PASSED] - scrollToElement(findTestObject("APOLLO- Desktop/Home page/Footer/Social icons position"), 0): Scroll to object 'Object Repository/APOLLO- Desktop/Home page/Footer/Social icons position' successfully

2019-07-10 17:50:43 - [MESSAGE][WARNING] - Timeout '0' is invalid. Using default page load timeout: '30'

2019-07-10 17:50:44 - [MESSAGE][PASSED] - Scroll to object 'Object Repository/APOLLO- Desktop/Home page/Footer/Social icons position' successfully

2019-07-10 17:50:44 - [TEST_STEP][PASSED] - delay(2): Delayed 2 second(s)

2019-07-10 17:50:46 - [MESSAGE][PASSED] - Delayed 2 second(s)

2019-07-10 17:50:46 - [TEST_STEP][PASSED] - click(findTestObject("APOLLO- Desktop/Home page/Footer/facebook icon")): Object: 'Object Repository/APOLLO- Desktop/Home page/Footer/facebook icon' is clicked on

2019-07-10 17:50:48 - [MESSAGE][PASSED] - Object: 'Object Repository/APOLLO- Desktop/Home page/Footer/facebook icon' is clicked on

2019-07-10 17:50:48 - [TEST_STEP][PASSED] - delay(2): Delayed 2 second(s)

2019-07-10 17:50:50 - [MESSAGE][PASSED] - Delayed 2 second(s)

2019-07-10 17:50:50 - [TEST_STEP][PASSED] - click(findTestObject("APOLLO- Desktop/Home page/Footer/Twitter icon")): Object: 'Object Repository/APOLLO- Desktop/Home page/Footer/Twitter icon' is clicked on

2019-07-10 17:50:57 - [MESSAGE][PASSED] - Object: 'Object Repository/APOLLO- Desktop/Home page/Footer/Twitter icon' is clicked on

2019-07-10 17:50:57 - [TEST_STEP][PASSED] - delay(2): Delayed 2 second(s)

2019-07-10 17:50:59 - [MESSAGE][PASSED] - Delayed 2 second(s)

2019-07-10 17:50:59 - [TEST_STEP][PASSED] - click(findTestObject("APOLLO- Desktop/Home page/Footer/Instagram icon")): Object: 'Object Repository/APOLLO- Desktop/Home page/Footer/Instagram icon' is clicked on

2019-07-10 17:51:05 - [MESSAGE][PASSED] - Object: 'Object Repository/APOLLO- Desktop/Home page/Footer/Instagram icon' is clicked on

2019-07-10 17:51:05 - [TEST_STEP][PASSED] - delay(2): Delayed 2 second(s)

2019-07-10 17:51:07 - [MESSAGE][PASSED] - Delayed 2 second(s)

2019-07-10 17:51:07 - [TEST_STEP][PASSED] - click(findTestObject("APOLLO- Desktop/Home page/Footer/Pintrest")): Object: 'Object Repository/APOLLO- Desktop/Home page/Footer/Pintrest' is clicked on

2019-07-10 17:51:10 - [MESSAGE][PASSED] - Object: 'Object Repository/APOLLO- Desktop/Home page/Footer/Pintrest' is clicked on

2019-07-10 17:51:10 - [TEST_STEP][PASSED] - delay(2): Delayed 2 second(s)

2019-07-10 17:51:12 - [MESSAGE][PASSED] - Delayed 2 second(s)

2019-07-10 17:51:12 - [TEST_STEP][PASSED] - click(findTestObject("APOLLO- Desktop/Home page/Footer/div_Shop")): Object: 'Object Repository/APOLLO- Desktop/Home page/Footer/div_Shop' is clicked on

2019-07-10 17:51:14 - [MESSAGE][PASSED] - Object: 'Object Repository/APOLLO- Desktop/Home page/Footer/div_Shop' is clicked on

2019-07-10 17:51:14 - [TEST_STEP][NOT_RUN] - executeJavaScript("var previewBar = document.getElementById("preview-bar-iframe"); previewBar.style.display = "none";", []): NOT_RUN: executeJavaScript("var previewBar = document.getElementById("preview-bar-iframe"); previewBar.style.display = "none";", [])

2019-07-10 17:51:14 - [MESSAGE][NOT_RUN] - NOT_RUN: executeJavaScript("var previewBar = document.getElementById("preview-bar-iframe"); previewBar.style.display = "none";", [])

2019-07-10 17:51:14 - [TEST_STEP][PASSED] - delay(4): Delayed 4 second(s)

2019-07-10 17:51:18 - [MESSAGE][PASSED] - Delayed 4 second(s)

2019-07-10 17:51:18 - [TEST_STEP][PASSED] - click(findTestObject("APOLLO- Desktop/Home page/Footer/Shop")): Object: 'Object Repository/APOLLO- Desktop/Home page/Footer/Shop' is clicked on

2019-07-10 17:51:19 - [MESSAGE][PASSED] - Object: 'Object Repository/APOLLO- Desktop/Home page/Footer/Shop' is clicked on

2019-07-10 17:51:19 - [TEST_STEP][PASSED] - delay(2): Delayed 2 second(s)

2019-07-10 17:51:21 - [MESSAGE][PASSED] - Delayed 2 second(s)

2019-07-10 17:51:21 - [TEST_STEP][NOT_RUN] - executeJavaScript("var previewBar = document.getElementById("preview-bar-iframe"); previewBar.style.display = "none";", []): NOT_RUN: executeJavaScript("var previewBar = document.getElementById("preview-bar-iframe"); previewBar.style.display = "none";", [])

2019-07-10 17:51:21 - [MESSAGE][NOT_RUN] - NOT_RUN: executeJavaScript("var previewBar = document.getElementById("preview-bar-iframe"); previewBar.style.display = "none";", [])

2019-07-10 17:51:21 - [TEST_STEP][PASSED] - delay(2): Delayed 2 second(s)

2019-07-10 17:51:23 - [MESSAGE][PASSED] - Delayed 2 second(s)

2019-07-10 17:51:23 - [TEST_STEP][FAILED] - click(findTestObject("APOLLO- Desktop/Home page/Footer/About")): click(findTestObject("APOLLO- Desktop/Home page/Footer/About")) FAILED.
Reason:
com.kms.katalon.core.exception.StepFailedException: Unable to click on object 'Object Repository/APOLLO- Desktop/Home page/Footer/About' (Root cause: org.openqa.selenium.ElementClickInterceptedException: The command failed because the specified element is obscured.
Build info: version: '3.7.1', revision: '8a0099a', time: '2017-11-06T21:07:36.161Z'
System info: host: 'sumans-MacBook-Pro.local', ip: 'fe80:0:0:0:47c:ca88:4245:b7a7%en0', os.name: 'Mac OS X', os.arch: 'x86_64', os.version: '10.13.6', java.version: '1.8.0_181'
Driver info: com.kms.katalon.selenium.driver.CRemoteWebDriver
Capabilities {acceptInsecureCerts: false, browserName: MicrosoftEdge, browserVersion: 44.18362.1.0, javascriptEnabled: true, pageLoadStrategy: normal, platform: WINDOWS, platformName: WINDOWS, proxy: Proxy(), setWindowRect: false, timeouts: {implicit: 0, pageLoad: 300000, script: 30000}}
Session ID: 761d80184acbc6fbd062abaa5d46d1e7533e1773)
	at com.kms.katalon.core.keyword.internal.KeywordMain.stepFailed(KeywordMain.groovy:36)
	at com.kms.katalon.core.webui.keyword.internal.WebUIKeywordMain.stepFailed(WebUIKeywordMain.groovy:65)
	at com.kms.katalon.core.webui.keyword.internal.WebUIKeywordMain.runKeyword(WebUIKeywordMain.groovy:27)
	at com.kms.katalon.core.webui.keyword.builtin.ClickKeyword.click(ClickKeyword.groovy:86)
	at com.kms.katalon.core.webui.keyword.builtin.ClickKeyword.execute(ClickKeyword.groovy:67)
	at com.kms.katalon.core.keyword.internal.KeywordExecutor.executeKeywordForPlatform(KeywordExecutor.groovy:53)
	at com.kms.katalon.core.webui.keyword.WebUiBuiltInKeywords.click(WebUiBuiltInKeywords.groovy:616)
	at com.kms.katalon.core.webui.keyword.WebUiBuiltInKeywords$click$2.call(Unknown Source)
	at Footer.run(Footer:56)
	at com.kms.katalon.core.main.ScriptEngine.run(ScriptEngine.java:194)
	at com.kms.katalon.core.main.ScriptEngine.runScriptAsRawText(ScriptEngine.java:119)
	at com.kms.katalon.core.main.TestCaseExecutor.runScript(TestCaseExecutor.java:328)
	at com.kms.katalon.core.main.TestCaseExecutor.doExecute(TestCaseExecutor.java:319)
	at com.kms.katalon.core.main.TestCaseExecutor.processExecutionPhase(TestCaseExecutor.java:298)
	at com.kms.katalon.core.main.TestCaseExecutor.accessMainPhase(TestCaseExecutor.java:290)
	at com.kms.katalon.core.main.TestCaseExecutor.execute(TestCaseExecutor.java:224)
	at com.kms.katalon.core.main.TestSuiteExecutor.accessTestCaseMainPhase(TestSuiteExecutor.java:129)
	at com.kms.katalon.core.main.TestSuiteExecutor.accessTestSuiteMainPhase(TestSuiteExecutor.java:112)
	at com.kms.katalon.core.main.TestSuiteExecutor.execute(TestSuiteExecutor.java:81)
	at com.kms.katalon.core.main.TestCaseMain.startTestSuite(TestCaseMain.java:149)
	at com.kms.katalon.core.main.TestCaseMain$startTestSuite$0.call(Unknown Source)
	at TempTestSuite1562794812628.run(TempTestSuite1562794812628.groovy:36)


2019-07-10 17:51:25 - [MESSAGE][FAILED] - Unable to click on object 'Object Repository/APOLLO- Desktop/Home page/Footer/About' (Root cause: org.openqa.selenium.ElementClickInterceptedException: The command failed because the specified element is obscured.
Build info: version: '3.7.1', revision: '8a0099a', time: '2017-11-06T21:07:36.161Z'
System info: host: 'sumans-MacBook-Pro.local', ip: 'fe80:0:0:0:47c:ca88:4245:b7a7%en0', os.name: 'Mac OS X', os.arch: 'x86_64', os.version: '10.13.6', java.version: '1.8.0_181'
Driver info: com.kms.katalon.selenium.driver.CRemoteWebDriver
Capabilities {acceptInsecureCerts: false, browserName: MicrosoftEdge, browserVersion: 44.18362.1.0, javascriptEnabled: true, pageLoadStrategy: normal, platform: WINDOWS, platformName: WINDOWS, proxy: Proxy(), setWindowRect: false, timeouts: {implicit: 0, pageLoad: 300000, script: 30000}}
Session ID: 761d80184acbc6fbd062abaa5d46d1e7533e1773)
[[ATTACHMENT|/Users/sumankompelly/git/Apollo-Dark-Desktop/Reports/Apollo - dark build/20190710_174012/1562795484378.png]]

2019-07-10 17:51:25 - [MESSAGE][FAILED] - click(findTestObject("APOLLO- Desktop/Home page/Footer/About")) FAILED.
Reason:
com.kms.katalon.core.exception.StepFailedException: Unable to click on object 'Object Repository/APOLLO- Desktop/Home page/Footer/About' (Root cause: org.openqa.selenium.ElementClickInterceptedException: The command failed because the specified element is obscured.
Build info: version: '3.7.1', revision: '8a0099a', time: '2017-11-06T21:07:36.161Z'
System info: host: 'sumans-MacBook-Pro.local', ip: 'fe80:0:0:0:47c:ca88:4245:b7a7%en0', os.name: 'Mac OS X', os.arch: 'x86_64', os.version: '10.13.6', java.version: '1.8.0_181'
Driver info: com.kms.katalon.selenium.driver.CRemoteWebDriver
Capabilities {acceptInsecureCerts: false, browserName: MicrosoftEdge, browserVersion: 44.18362.1.0, javascriptEnabled: true, pageLoadStrategy: normal, platform: WINDOWS, platformName: WINDOWS, proxy: Proxy(), setWindowRect: false, timeouts: {implicit: 0, pageLoad: 300000, script: 30000}}
Session ID: 761d80184acbc6fbd062abaa5d46d1e7533e1773)
	at com.kms.katalon.core.keyword.internal.KeywordMain.stepFailed(KeywordMain.groovy:36)
	at com.kms.katalon.core.webui.keyword.internal.WebUIKeywordMain.stepFailed(WebUIKeywordMain.groovy:65)
	at com.kms.katalon.core.webui.keyword.internal.WebUIKeywordMain.runKeyword(WebUIKeywordMain.groovy:27)
	at com.kms.katalon.core.webui.keyword.builtin.ClickKeyword.click(ClickKeyword.groovy:86)
	at com.kms.katalon.core.webui.keyword.builtin.ClickKeyword.execute(ClickKeyword.groovy:67)
	at com.kms.katalon.core.keyword.internal.KeywordExecutor.executeKeywordForPlatform(KeywordExecutor.groovy:53)
	at com.kms.katalon.core.webui.keyword.WebUiBuiltInKeywords.click(WebUiBuiltInKeywords.groovy:616)
	at com.kms.katalon.core.webui.keyword.WebUiBuiltInKeywords$click$2.call(Unknown Source)
	at Footer.run(Footer:56)
	at com.kms.katalon.core.main.ScriptEngine.run(ScriptEngine.java:194)
	at com.kms.katalon.core.main.ScriptEngine.runScriptAsRawText(ScriptEngine.java:119)
	at com.kms.katalon.core.main.TestCaseExecutor.runScript(TestCaseExecutor.java:328)
	at com.kms.katalon.core.main.TestCaseExecutor.doExecute(TestCaseExecutor.java:319)
	at com.kms.katalon.core.main.TestCaseExecutor.processExecutionPhase(TestCaseExecutor.java:298)
	at com.kms.katalon.core.main.TestCaseExecutor.accessMainPhase(TestCaseExecutor.java:290)
	at com.kms.katalon.core.main.TestCaseExecutor.execute(TestCaseExecutor.java:224)
	at com.kms.katalon.core.main.TestSuiteExecutor.accessTestCaseMainPhase(TestSuiteExecutor.java:129)
	at com.kms.katalon.core.main.TestSuiteExecutor.accessTestSuiteMainPhase(TestSuiteExecutor.java:112)
	at com.kms.katalon.core.main.TestSuiteExecutor.execute(TestSuiteExecutor.java:81)
	at com.kms.katalon.core.main.TestCaseMain.startTestSuite(TestCaseMain.java:149)
	at com.kms.katalon.core.main.TestCaseMain$startTestSuite$0.call(Unknown Source)
	at TempTestSuite1562794812628.run(TempTestSuite1562794812628.groovy:36)]]></system-out>
         <system-err><![CDATA[2019-07-10 17:50:20 - [TEST_CASE][FAILED] - Test Cases/HOME PAGE/Footer: Test Cases/HOME PAGE/Footer FAILED.
Reason:
com.kms.katalon.core.exception.StepFailedException: Unable to click on object 'Object Repository/APOLLO- Desktop/Home page/Footer/About' (Root cause: org.openqa.selenium.ElementClickInterceptedException: The command failed because the specified element is obscured.
Build info: version: '3.7.1', revision: '8a0099a', time: '2017-11-06T21:07:36.161Z'
System info: host: 'sumans-MacBook-Pro.local', ip: 'fe80:0:0:0:47c:ca88:4245:b7a7%en0', os.name: 'Mac OS X', os.arch: 'x86_64', os.version: '10.13.6', java.version: '1.8.0_181'
Driver info: com.kms.katalon.selenium.driver.CRemoteWebDriver
Capabilities {acceptInsecureCerts: false, browserName: MicrosoftEdge, browserVersion: 44.18362.1.0, javascriptEnabled: true, pageLoadStrategy: normal, platform: WINDOWS, platformName: WINDOWS, proxy: Proxy(), setWindowRect: false, timeouts: {implicit: 0, pageLoad: 300000, script: 30000}}
Session ID: 761d80184acbc6fbd062abaa5d46d1e7533e1773)
	at com.kms.katalon.core.keyword.internal.KeywordMain.stepFailed(KeywordMain.groovy:36)
	at com.kms.katalon.core.webui.keyword.internal.WebUIKeywordMain.stepFailed(WebUIKeywordMain.groovy:65)
	at com.kms.katalon.core.webui.keyword.internal.WebUIKeywordMain.runKeyword(WebUIKeywordMain.groovy:27)
	at com.kms.katalon.core.webui.keyword.builtin.ClickKeyword.click(ClickKeyword.groovy:86)
	at com.kms.katalon.core.webui.keyword.builtin.ClickKeyword.execute(ClickKeyword.groovy:67)
	at com.kms.katalon.core.keyword.internal.KeywordExecutor.executeKeywordForPlatform(KeywordExecutor.groovy:53)
	at com.kms.katalon.core.webui.keyword.WebUiBuiltInKeywords.click(WebUiBuiltInKeywords.groovy:616)
	at com.kms.katalon.core.webui.keyword.WebUiBuiltInKeywords$click$2.call(Unknown Source)
	at Footer.run(Footer:56)
	at com.kms.katalon.core.main.ScriptEngine.run(ScriptEngine.java:194)
	at com.kms.katalon.core.main.ScriptEngine.runScriptAsRawText(ScriptEngine.java:119)
	at com.kms.katalon.core.main.TestCaseExecutor.runScript(TestCaseExecutor.java:328)
	at com.kms.katalon.core.main.TestCaseExecutor.doExecute(TestCaseExecutor.java:319)
	at com.kms.katalon.core.main.TestCaseExecutor.processExecutionPhase(TestCaseExecutor.java:298)
	at com.kms.katalon.core.main.TestCaseExecutor.accessMainPhase(TestCaseExecutor.java:290)
	at com.kms.katalon.core.main.TestCaseExecutor.execute(TestCaseExecutor.java:224)
	at com.kms.katalon.core.main.TestSuiteExecutor.accessTestCaseMainPhase(TestSuiteExecutor.java:129)
	at com.kms.katalon.core.main.TestSuiteExecutor.accessTestSuiteMainPhase(TestSuiteExecutor.java:112)
	at com.kms.katalon.core.main.TestSuiteExecutor.execute(TestSuiteExecutor.java:81)
	at com.kms.katalon.core.main.TestCaseMain.startTestSuite(TestCaseMain.java:149)
	at com.kms.katalon.core.main.TestCaseMain$startTestSuite$0.call(Unknown Source)
	at TempTestSuite1562794812628.run(TempTestSuite1562794812628.groovy:36)]]></system-err>
      </testcase>
      <testcase name="Test Cases/HOME PAGE/Cart flyout opening" classname="Test Cases/HOME PAGE/Cart flyout opening" status="PASSED">
         <system-out><![CDATA[2019-07-10 17:51:25 - [TEST_CASE][PASSED] - Test Cases/HOME PAGE/Cart flyout opening: Test Cases/HOME PAGE/Cart flyout opening

2019-07-10 17:51:25 - [TEST_STEP][PASSED] - callTestCase(findTestCase("CALL - URL"), [:], STOP_ON_FAILURE): Call Test Case 'Test Cases/CALL - URL' successfully

2019-07-10 17:51:25 - [TEST_CASE][PASSED] - Test Cases/CALL - URL: Test Cases/CALL - URL

2019-07-10 17:51:25 - [TEST_STEP][PASSED] - openBrowser(""): Browser is opened with url: ''

2019-07-10 17:51:25 - [MESSAGE][WARNING] - A browser is already opened. Closing browser and opening a new one

2019-07-10 17:51:28 - [MESSAGE][INFO] - Starting 'Remote' driver

2019-07-10 17:51:28 - [MESSAGE][INFO] - User set preference: ['os', 'Windows']

2019-07-10 17:51:28 - [MESSAGE][INFO] - User set preference: ['os_version', '10']

2019-07-10 17:51:28 - [MESSAGE][INFO] - User set preference: ['browser', 'Edge']

2019-07-10 17:51:28 - [MESSAGE][INFO] - User set preference: ['browser_version', '18.0']

2019-07-10 17:51:28 - [MESSAGE][INFO] - User set preference: ['resolution', '']

2019-07-10 17:51:28 - [MESSAGE][INFO] - Connecting to remote web server 'https://dianatest3:Z3oqw9ysqTeRQJq5wFCp@hub-cloud.browserstack.com/wd/hub' with type 'Selenium'

2019-07-10 17:51:47 - [MESSAGE][PASSED] - Browser is opened with url: ''

2019-07-10 17:51:47 - [TEST_STEP][PASSED] - navigateToUrl("https://diff-apollo.myshopify.com/?_ab=0&_fd=0&_sc=1&preview_theme_id=68640637028"): Navigate to 'https://diff-apollo.myshopify.com/?_ab=0&_fd=0&_sc=1&preview_theme_id=68640637028' successfully

2019-07-10 17:51:58 - [MESSAGE][PASSED] - Navigate to 'https://diff-apollo.myshopify.com/?_ab=0&_fd=0&_sc=1&preview_theme_id=68640637028' successfully

2019-07-10 17:51:58 - [TEST_STEP][NOT_RUN] - executeJavaScript("var previewBar = document.getElementById("preview-bar-iframe"); previewBar.style.display = "none";", []): NOT_RUN: executeJavaScript("var previewBar = document.getElementById("preview-bar-iframe"); previewBar.style.display = "none";", [])

2019-07-10 17:51:58 - [MESSAGE][NOT_RUN] - NOT_RUN: executeJavaScript("var previewBar = document.getElementById("preview-bar-iframe"); previewBar.style.display = "none";", [])

2019-07-10 17:51:58 - [TEST_STEP][PASSED] - maximizeWindow(): Current window maximized

2019-07-10 17:51:59 - [MESSAGE][PASSED] - Current window maximized

2019-07-10 17:51:59 - [MESSAGE][PASSED] - Call Test Case 'Test Cases/CALL - URL' successfully

2019-07-10 17:51:59 - [TEST_STEP][PASSED] - delay(2): Delayed 2 second(s)

2019-07-10 17:52:01 - [MESSAGE][PASSED] - Delayed 2 second(s)

2019-07-10 17:52:01 - [TEST_STEP][PASSED] - click(findTestObject("APOLLO- Desktop/Home page/cart icon open")): Object: 'Object Repository/APOLLO- Desktop/Home page/cart icon open' is clicked on

2019-07-10 17:52:02 - [MESSAGE][PASSED] - Object: 'Object Repository/APOLLO- Desktop/Home page/cart icon open' is clicked on

2019-07-10 17:52:02 - [TEST_STEP][PASSED] - flag = verifyTextPresent("Your bag", false): Text 'Your bag' is present on page 

2019-07-10 17:52:06 - [MESSAGE][PASSED] - Text 'Your bag' is present on page 

2019-07-10 17:52:06 - [TEST_STEP][PASSED] - delay(2): Delayed 2 second(s)

2019-07-10 17:52:08 - [MESSAGE][PASSED] - Delayed 2 second(s)

2019-07-10 17:52:08 - [TEST_STEP][PASSED] - comment("flag=" + flag): flag=true

2019-07-10 17:52:08 - [MESSAGE][INFO] - flag=true

2019-07-10 17:52:08 - [TEST_STEP][PASSED] - if (flag == true): Delayed 2 second(s)

2019-07-10 17:52:08 - [TEST_STEP][PASSED] - comment(" cart flyout opened"):  cart flyout opened

2019-07-10 17:52:08 - [MESSAGE][INFO] -  cart flyout opened

2019-07-10 17:52:08 - [TEST_STEP][PASSED] - delay(2): Delayed 2 second(s)

2019-07-10 17:52:10 - [MESSAGE][PASSED] - Delayed 2 second(s)

2019-07-10 17:52:10 - [TEST_STEP][PASSED] - click(findTestObject("APOLLO- Desktop/Cart flyout/Cart collapse")): Object: 'Object Repository/APOLLO- Desktop/Cart flyout/Cart collapse' is clicked on

2019-07-10 17:52:11 - [MESSAGE][PASSED] - Object: 'Object Repository/APOLLO- Desktop/Cart flyout/Cart collapse' is clicked on

2019-07-10 17:52:11 - [TEST_STEP][PASSED] - delay(2): Delayed 2 second(s)

2019-07-10 17:52:13 - [MESSAGE][PASSED] - Delayed 2 second(s)

2019-07-10 17:52:13 - [TEST_STEP][PASSED] - flag1 = verifyTextNotPresent("Your bag", false): Text 'Your bag' is not present on page

2019-07-10 17:52:18 - [MESSAGE][PASSED] - Text 'Your bag' is not present on page

2019-07-10 17:52:18 - [TEST_STEP][PASSED] - comment("flag1=" + flag1): flag1=true

2019-07-10 17:52:18 - [MESSAGE][INFO] - flag1=true

2019-07-10 17:52:18 - [TEST_STEP][PASSED] - if (flag1 == true):  cart flyout closed

2019-07-10 17:52:18 - [TEST_STEP][PASSED] - comment(" cart flyout closed"):  cart flyout closed

2019-07-10 17:52:18 - [MESSAGE][INFO] -  cart flyout closed]]></system-out>
         <system-err><![CDATA[]]></system-err>
      </testcase>
      <testcase name="Test Cases/HOME PAGE/Popular products" classname="Test Cases/HOME PAGE/Popular products" status="FAILED">
         <failure type="FAILED" message="Test Cases/HOME PAGE/Popular products FAILED.
Reason:
com.kms.katalon.core.exception.StepFailedException: Unable to click on object 'Object Repository/APOLLO- Desktop/Home page/Popular products/Popular products tile - men slider' (Root cause: org.openqa.selenium.ElementClickInterceptedException: The command failed because the specified element is obscured.
Build info: version: '3.7.1', revision: '8a0099a', time: '2017-11-06T21:07:36.161Z'
System info: host: 'sumans-MacBook-Pro.local', ip: 'fe80:0:0:0:47c:ca88:4245:b7a7%en0', os.name: 'Mac OS X', os.arch: 'x86_64', os.version: '10.13.6', java.version: '1.8.0_181'
Driver info: com.kms.katalon.selenium.driver.CRemoteWebDriver
Capabilities {acceptInsecureCerts: false, browserName: MicrosoftEdge, browserVersion: 44.18362.1.0, javascriptEnabled: true, pageLoadStrategy: normal, platform: WINDOWS, platformName: WINDOWS, proxy: Proxy(), setWindowRect: false, timeouts: {implicit: 0, pageLoad: 300000, script: 30000}}
Session ID: 9dec4dfe5ad89858f141095077cb947cc557c05d)
	at com.kms.katalon.core.keyword.internal.KeywordMain.stepFailed(KeywordMain.groovy:36)
	at com.kms.katalon.core.webui.keyword.internal.WebUIKeywordMain.stepFailed(WebUIKeywordMain.groovy:65)
	at com.kms.katalon.core.webui.keyword.internal.WebUIKeywordMain.runKeyword(WebUIKeywordMain.groovy:27)
	at com.kms.katalon.core.webui.keyword.builtin.ClickKeyword.click(ClickKeyword.groovy:86)
	at com.kms.katalon.core.webui.keyword.builtin.ClickKeyword.execute(ClickKeyword.groovy:67)
	at com.kms.katalon.core.keyword.internal.KeywordExecutor.executeKeywordForPlatform(KeywordExecutor.groovy:53)
	at com.kms.katalon.core.webui.keyword.WebUiBuiltInKeywords.click(WebUiBuiltInKeywords.groovy:616)
	at com.kms.katalon.core.webui.keyword.WebUiBuiltInKeywords$click$2.call(Unknown Source)
	at Popular products.run(Popular products:55)
	at com.kms.katalon.core.main.ScriptEngine.run(ScriptEngine.java:194)
	at com.kms.katalon.core.main.ScriptEngine.runScriptAsRawText(ScriptEngine.java:119)
	at com.kms.katalon.core.main.TestCaseExecutor.runScript(TestCaseExecutor.java:328)
	at com.kms.katalon.core.main.TestCaseExecutor.doExecute(TestCaseExecutor.java:319)
	at com.kms.katalon.core.main.TestCaseExecutor.processExecutionPhase(TestCaseExecutor.java:298)
	at com.kms.katalon.core.main.TestCaseExecutor.accessMainPhase(TestCaseExecutor.java:290)
	at com.kms.katalon.core.main.TestCaseExecutor.execute(TestCaseExecutor.java:224)
	at com.kms.katalon.core.main.TestSuiteExecutor.accessTestCaseMainPhase(TestSuiteExecutor.java:129)
	at com.kms.katalon.core.main.TestSuiteExecutor.accessTestSuiteMainPhase(TestSuiteExecutor.java:112)
	at com.kms.katalon.core.main.TestSuiteExecutor.execute(TestSuiteExecutor.java:81)
	at com.kms.katalon.core.main.TestCaseMain.startTestSuite(TestCaseMain.java:149)
	at com.kms.katalon.core.main.TestCaseMain$startTestSuite$0.call(Unknown Source)
	at TempTestSuite1562794812628.run(TempTestSuite1562794812628.groovy:36)
"/>
         <system-out><![CDATA[2019-07-10 17:52:18 - [TEST_CASE][FAILED] - Test Cases/HOME PAGE/Popular products: Test Cases/HOME PAGE/Popular products FAILED.
Reason:
com.kms.katalon.core.exception.StepFailedException: Unable to click on object 'Object Repository/APOLLO- Desktop/Home page/Popular products/Popular products tile - men slider' (Root cause: org.openqa.selenium.ElementClickInterceptedException: The command failed because the specified element is obscured.
Build info: version: '3.7.1', revision: '8a0099a', time: '2017-11-06T21:07:36.161Z'
System info: host: 'sumans-MacBook-Pro.local', ip: 'fe80:0:0:0:47c:ca88:4245:b7a7%en0', os.name: 'Mac OS X', os.arch: 'x86_64', os.version: '10.13.6', java.version: '1.8.0_181'
Driver info: com.kms.katalon.selenium.driver.CRemoteWebDriver
Capabilities {acceptInsecureCerts: false, browserName: MicrosoftEdge, browserVersion: 44.18362.1.0, javascriptEnabled: true, pageLoadStrategy: normal, platform: WINDOWS, platformName: WINDOWS, proxy: Proxy(), setWindowRect: false, timeouts: {implicit: 0, pageLoad: 300000, script: 30000}}
Session ID: 9dec4dfe5ad89858f141095077cb947cc557c05d)
	at com.kms.katalon.core.keyword.internal.KeywordMain.stepFailed(KeywordMain.groovy:36)
	at com.kms.katalon.core.webui.keyword.internal.WebUIKeywordMain.stepFailed(WebUIKeywordMain.groovy:65)
	at com.kms.katalon.core.webui.keyword.internal.WebUIKeywordMain.runKeyword(WebUIKeywordMain.groovy:27)
	at com.kms.katalon.core.webui.keyword.builtin.ClickKeyword.click(ClickKeyword.groovy:86)
	at com.kms.katalon.core.webui.keyword.builtin.ClickKeyword.execute(ClickKeyword.groovy:67)
	at com.kms.katalon.core.keyword.internal.KeywordExecutor.executeKeywordForPlatform(KeywordExecutor.groovy:53)
	at com.kms.katalon.core.webui.keyword.WebUiBuiltInKeywords.click(WebUiBuiltInKeywords.groovy:616)
	at com.kms.katalon.core.webui.keyword.WebUiBuiltInKeywords$click$2.call(Unknown Source)
	at Popular products.run(Popular products:55)
	at com.kms.katalon.core.main.ScriptEngine.run(ScriptEngine.java:194)
	at com.kms.katalon.core.main.ScriptEngine.runScriptAsRawText(ScriptEngine.java:119)
	at com.kms.katalon.core.main.TestCaseExecutor.runScript(TestCaseExecutor.java:328)
	at com.kms.katalon.core.main.TestCaseExecutor.doExecute(TestCaseExecutor.java:319)
	at com.kms.katalon.core.main.TestCaseExecutor.processExecutionPhase(TestCaseExecutor.java:298)
	at com.kms.katalon.core.main.TestCaseExecutor.accessMainPhase(TestCaseExecutor.java:290)
	at com.kms.katalon.core.main.TestCaseExecutor.execute(TestCaseExecutor.java:224)
	at com.kms.katalon.core.main.TestSuiteExecutor.accessTestCaseMainPhase(TestSuiteExecutor.java:129)
	at com.kms.katalon.core.main.TestSuiteExecutor.accessTestSuiteMainPhase(TestSuiteExecutor.java:112)
	at com.kms.katalon.core.main.TestSuiteExecutor.execute(TestSuiteExecutor.java:81)
	at com.kms.katalon.core.main.TestCaseMain.startTestSuite(TestCaseMain.java:149)
	at com.kms.katalon.core.main.TestCaseMain$startTestSuite$0.call(Unknown Source)
	at TempTestSuite1562794812628.run(TempTestSuite1562794812628.groovy:36)


2019-07-10 17:52:18 - [TEST_STEP][PASSED] - callTestCase(findTestCase("CALL - URL"), [:], STOP_ON_FAILURE): Call Test Case 'Test Cases/CALL - URL' successfully

2019-07-10 17:52:18 - [TEST_CASE][PASSED] - Test Cases/CALL - URL: Test Cases/CALL - URL

2019-07-10 17:52:18 - [TEST_STEP][PASSED] - openBrowser(""): Browser is opened with url: ''

2019-07-10 17:52:18 - [MESSAGE][WARNING] - A browser is already opened. Closing browser and opening a new one

2019-07-10 17:52:49 - [MESSAGE][INFO] - Starting 'Remote' driver

2019-07-10 17:52:49 - [MESSAGE][INFO] - User set preference: ['os', 'Windows']

2019-07-10 17:52:49 - [MESSAGE][INFO] - User set preference: ['os_version', '10']

2019-07-10 17:52:49 - [MESSAGE][INFO] - User set preference: ['browser', 'Edge']

2019-07-10 17:52:49 - [MESSAGE][INFO] - User set preference: ['browser_version', '18.0']

2019-07-10 17:52:49 - [MESSAGE][INFO] - User set preference: ['resolution', '']

2019-07-10 17:52:49 - [MESSAGE][INFO] - Connecting to remote web server 'https://dianatest3:Z3oqw9ysqTeRQJq5wFCp@hub-cloud.browserstack.com/wd/hub' with type 'Selenium'

2019-07-10 17:53:03 - [MESSAGE][PASSED] - Browser is opened with url: ''

2019-07-10 17:53:03 - [TEST_STEP][PASSED] - navigateToUrl("https://diff-apollo.myshopify.com/?_ab=0&_fd=0&_sc=1&preview_theme_id=68640637028"): Navigate to 'https://diff-apollo.myshopify.com/?_ab=0&_fd=0&_sc=1&preview_theme_id=68640637028' successfully

2019-07-10 17:53:19 - [MESSAGE][PASSED] - Navigate to 'https://diff-apollo.myshopify.com/?_ab=0&_fd=0&_sc=1&preview_theme_id=68640637028' successfully

2019-07-10 17:53:19 - [TEST_STEP][NOT_RUN] - executeJavaScript("var previewBar = document.getElementById("preview-bar-iframe"); previewBar.style.display = "none";", []): NOT_RUN: executeJavaScript("var previewBar = document.getElementById("preview-bar-iframe"); previewBar.style.display = "none";", [])

2019-07-10 17:53:19 - [MESSAGE][NOT_RUN] - NOT_RUN: executeJavaScript("var previewBar = document.getElementById("preview-bar-iframe"); previewBar.style.display = "none";", [])

2019-07-10 17:53:19 - [TEST_STEP][PASSED] - maximizeWindow(): Current window maximized

2019-07-10 17:53:21 - [MESSAGE][PASSED] - Current window maximized

2019-07-10 17:53:21 - [MESSAGE][PASSED] - Call Test Case 'Test Cases/CALL - URL' successfully

2019-07-10 17:53:21 - [TEST_STEP][PASSED] - delay(2): Delayed 2 second(s)

2019-07-10 17:53:23 - [MESSAGE][PASSED] - Delayed 2 second(s)

2019-07-10 17:53:23 - [TEST_STEP][PASSED] - scrollToElement(findTestObject("APOLLO- Desktop/Home page/Popular products/Popular products tile"), 0): Scroll to object 'Object Repository/APOLLO- Desktop/Home page/Popular products/Popular products tile' successfully

2019-07-10 17:53:23 - [MESSAGE][WARNING] - Timeout '0' is invalid. Using default page load timeout: '30'

2019-07-10 17:53:26 - [MESSAGE][PASSED] - Scroll to object 'Object Repository/APOLLO- Desktop/Home page/Popular products/Popular products tile' successfully

2019-07-10 17:53:26 - [TEST_STEP][PASSED] - delay(2): Delayed 2 second(s)

2019-07-10 17:53:28 - [MESSAGE][PASSED] - Delayed 2 second(s)

2019-07-10 17:53:28 - [TEST_STEP][PASSED] - click(findTestObject("APOLLO- Desktop/Home page/Popular products/Popular products tile - women slider")): Object: 'Object Repository/APOLLO- Desktop/Home page/Popular products/Popular products tile - women slider' is clicked on

2019-07-10 17:53:29 - [MESSAGE][PASSED] - Object: 'Object Repository/APOLLO- Desktop/Home page/Popular products/Popular products tile - women slider' is clicked on

2019-07-10 17:53:29 - [TEST_STEP][PASSED] - delay(2): Delayed 2 second(s)

2019-07-10 17:53:31 - [MESSAGE][PASSED] - Delayed 2 second(s)

2019-07-10 17:53:31 - [TEST_STEP][PASSED] - click(findTestObject("APOLLO- Desktop/Home page/Popular products/first product- women")): Object: 'Object Repository/APOLLO- Desktop/Home page/Popular products/first product- women' is clicked on

2019-07-10 17:53:31 - [MESSAGE][PASSED] - Object: 'Object Repository/APOLLO- Desktop/Home page/Popular products/first product- women' is clicked on

2019-07-10 17:53:31 - [TEST_STEP][PASSED] - delay(2): Delayed 2 second(s)

2019-07-10 17:53:33 - [MESSAGE][PASSED] - Delayed 2 second(s)

2019-07-10 17:53:33 - [TEST_STEP][PASSED] - click(findTestObject("APOLLO- Desktop/Home page/Hero banner - CTA/Apollo icon")): Object: 'Object Repository/APOLLO- Desktop/Home page/Hero banner - CTA/Apollo icon' is clicked on

2019-07-10 17:53:36 - [MESSAGE][PASSED] - Object: 'Object Repository/APOLLO- Desktop/Home page/Hero banner - CTA/Apollo icon' is clicked on

2019-07-10 17:53:36 - [TEST_STEP][PASSED] - delay(2): Delayed 2 second(s)

2019-07-10 17:53:38 - [MESSAGE][PASSED] - Delayed 2 second(s)

2019-07-10 17:53:38 - [TEST_STEP][PASSED] - scrollToElement(findTestObject("APOLLO- Desktop/Home page/Popular products/Popular products tile"), 0): Scroll to object 'Object Repository/APOLLO- Desktop/Home page/Popular products/Popular products tile' successfully

2019-07-10 17:53:38 - [MESSAGE][WARNING] - Timeout '0' is invalid. Using default page load timeout: '30'

2019-07-10 17:53:42 - [MESSAGE][PASSED] - Scroll to object 'Object Repository/APOLLO- Desktop/Home page/Popular products/Popular products tile' successfully

2019-07-10 17:53:42 - [TEST_STEP][PASSED] - delay(2): Delayed 2 second(s)

2019-07-10 17:53:44 - [MESSAGE][PASSED] - Delayed 2 second(s)

2019-07-10 17:53:44 - [TEST_STEP][PASSED] - click(findTestObject("APOLLO- Desktop/Home page/Popular products/Popular products tile - kids slider")): Object: 'Object Repository/APOLLO- Desktop/Home page/Popular products/Popular products tile - kids slider' is clicked on

2019-07-10 17:53:48 - [MESSAGE][PASSED] - Object: 'Object Repository/APOLLO- Desktop/Home page/Popular products/Popular products tile - kids slider' is clicked on

2019-07-10 17:53:48 - [TEST_STEP][PASSED] - delay(2): Delayed 2 second(s)

2019-07-10 17:53:50 - [MESSAGE][PASSED] - Delayed 2 second(s)

2019-07-10 17:53:50 - [TEST_STEP][PASSED] - click(findTestObject("APOLLO- Desktop/Home page/Popular products/first product- kids")): Object: 'Object Repository/APOLLO- Desktop/Home page/Popular products/first product- kids' is clicked on

2019-07-10 17:53:50 - [MESSAGE][PASSED] - Object: 'Object Repository/APOLLO- Desktop/Home page/Popular products/first product- kids' is clicked on

2019-07-10 17:53:50 - [TEST_STEP][PASSED] - delay(2): Delayed 2 second(s)

2019-07-10 17:53:52 - [MESSAGE][PASSED] - Delayed 2 second(s)

2019-07-10 17:53:52 - [TEST_STEP][PASSED] - click(findTestObject("APOLLO- Desktop/Home page/Hero banner - CTA/Apollo icon")): Object: 'Object Repository/APOLLO- Desktop/Home page/Hero banner - CTA/Apollo icon' is clicked on

2019-07-10 17:53:54 - [MESSAGE][PASSED] - Object: 'Object Repository/APOLLO- Desktop/Home page/Hero banner - CTA/Apollo icon' is clicked on

2019-07-10 17:53:54 - [TEST_STEP][PASSED] - delay(2): Delayed 2 second(s)

2019-07-10 17:53:56 - [MESSAGE][PASSED] - Delayed 2 second(s)

2019-07-10 17:53:56 - [TEST_STEP][NOT_RUN] - executeJavaScript("var previewBar = document.getElementById("preview-bar-iframe"); previewBar.style.display = "none";", []): NOT_RUN: executeJavaScript("var previewBar = document.getElementById("preview-bar-iframe"); previewBar.style.display = "none";", [])

2019-07-10 17:53:56 - [MESSAGE][NOT_RUN] - NOT_RUN: executeJavaScript("var previewBar = document.getElementById("preview-bar-iframe"); previewBar.style.display = "none";", [])

2019-07-10 17:53:56 - [TEST_STEP][FAILED] - click(findTestObject("APOLLO- Desktop/Home page/Popular products/Popular products tile - men slider")): click(findTestObject("APOLLO- Desktop/Home page/Popular products/Popular products tile - men slider")) FAILED.
Reason:
com.kms.katalon.core.exception.StepFailedException: Unable to click on object 'Object Repository/APOLLO- Desktop/Home page/Popular products/Popular products tile - men slider' (Root cause: org.openqa.selenium.ElementClickInterceptedException: The command failed because the specified element is obscured.
Build info: version: '3.7.1', revision: '8a0099a', time: '2017-11-06T21:07:36.161Z'
System info: host: 'sumans-MacBook-Pro.local', ip: 'fe80:0:0:0:47c:ca88:4245:b7a7%en0', os.name: 'Mac OS X', os.arch: 'x86_64', os.version: '10.13.6', java.version: '1.8.0_181'
Driver info: com.kms.katalon.selenium.driver.CRemoteWebDriver
Capabilities {acceptInsecureCerts: false, browserName: MicrosoftEdge, browserVersion: 44.18362.1.0, javascriptEnabled: true, pageLoadStrategy: normal, platform: WINDOWS, platformName: WINDOWS, proxy: Proxy(), setWindowRect: false, timeouts: {implicit: 0, pageLoad: 300000, script: 30000}}
Session ID: 9dec4dfe5ad89858f141095077cb947cc557c05d)
	at com.kms.katalon.core.keyword.internal.KeywordMain.stepFailed(KeywordMain.groovy:36)
	at com.kms.katalon.core.webui.keyword.internal.WebUIKeywordMain.stepFailed(WebUIKeywordMain.groovy:65)
	at com.kms.katalon.core.webui.keyword.internal.WebUIKeywordMain.runKeyword(WebUIKeywordMain.groovy:27)
	at com.kms.katalon.core.webui.keyword.builtin.ClickKeyword.click(ClickKeyword.groovy:86)
	at com.kms.katalon.core.webui.keyword.builtin.ClickKeyword.execute(ClickKeyword.groovy:67)
	at com.kms.katalon.core.keyword.internal.KeywordExecutor.executeKeywordForPlatform(KeywordExecutor.groovy:53)
	at com.kms.katalon.core.webui.keyword.WebUiBuiltInKeywords.click(WebUiBuiltInKeywords.groovy:616)
	at com.kms.katalon.core.webui.keyword.WebUiBuiltInKeywords$click$2.call(Unknown Source)
	at Popular products.run(Popular products:55)
	at com.kms.katalon.core.main.ScriptEngine.run(ScriptEngine.java:194)
	at com.kms.katalon.core.main.ScriptEngine.runScriptAsRawText(ScriptEngine.java:119)
	at com.kms.katalon.core.main.TestCaseExecutor.runScript(TestCaseExecutor.java:328)
	at com.kms.katalon.core.main.TestCaseExecutor.doExecute(TestCaseExecutor.java:319)
	at com.kms.katalon.core.main.TestCaseExecutor.processExecutionPhase(TestCaseExecutor.java:298)
	at com.kms.katalon.core.main.TestCaseExecutor.accessMainPhase(TestCaseExecutor.java:290)
	at com.kms.katalon.core.main.TestCaseExecutor.execute(TestCaseExecutor.java:224)
	at com.kms.katalon.core.main.TestSuiteExecutor.accessTestCaseMainPhase(TestSuiteExecutor.java:129)
	at com.kms.katalon.core.main.TestSuiteExecutor.accessTestSuiteMainPhase(TestSuiteExecutor.java:112)
	at com.kms.katalon.core.main.TestSuiteExecutor.execute(TestSuiteExecutor.java:81)
	at com.kms.katalon.core.main.TestCaseMain.startTestSuite(TestCaseMain.java:149)
	at com.kms.katalon.core.main.TestCaseMain$startTestSuite$0.call(Unknown Source)
	at TempTestSuite1562794812628.run(TempTestSuite1562794812628.groovy:36)


2019-07-10 17:54:02 - [MESSAGE][FAILED] - Unable to click on object 'Object Repository/APOLLO- Desktop/Home page/Popular products/Popular products tile - men slider' (Root cause: org.openqa.selenium.ElementClickInterceptedException: The command failed because the specified element is obscured.
Build info: version: '3.7.1', revision: '8a0099a', time: '2017-11-06T21:07:36.161Z'
System info: host: 'sumans-MacBook-Pro.local', ip: 'fe80:0:0:0:47c:ca88:4245:b7a7%en0', os.name: 'Mac OS X', os.arch: 'x86_64', os.version: '10.13.6', java.version: '1.8.0_181'
Driver info: com.kms.katalon.selenium.driver.CRemoteWebDriver
Capabilities {acceptInsecureCerts: false, browserName: MicrosoftEdge, browserVersion: 44.18362.1.0, javascriptEnabled: true, pageLoadStrategy: normal, platform: WINDOWS, platformName: WINDOWS, proxy: Proxy(), setWindowRect: false, timeouts: {implicit: 0, pageLoad: 300000, script: 30000}}
Session ID: 9dec4dfe5ad89858f141095077cb947cc557c05d)
[[ATTACHMENT|/Users/sumankompelly/git/Apollo-Dark-Desktop/Reports/Apollo - dark build/20190710_174012/1562795639505.png]]

2019-07-10 17:54:02 - [MESSAGE][FAILED] - click(findTestObject("APOLLO- Desktop/Home page/Popular products/Popular products tile - men slider")) FAILED.
Reason:
com.kms.katalon.core.exception.StepFailedException: Unable to click on object 'Object Repository/APOLLO- Desktop/Home page/Popular products/Popular products tile - men slider' (Root cause: org.openqa.selenium.ElementClickInterceptedException: The command failed because the specified element is obscured.
Build info: version: '3.7.1', revision: '8a0099a', time: '2017-11-06T21:07:36.161Z'
System info: host: 'sumans-MacBook-Pro.local', ip: 'fe80:0:0:0:47c:ca88:4245:b7a7%en0', os.name: 'Mac OS X', os.arch: 'x86_64', os.version: '10.13.6', java.version: '1.8.0_181'
Driver info: com.kms.katalon.selenium.driver.CRemoteWebDriver
Capabilities {acceptInsecureCerts: false, browserName: MicrosoftEdge, browserVersion: 44.18362.1.0, javascriptEnabled: true, pageLoadStrategy: normal, platform: WINDOWS, platformName: WINDOWS, proxy: Proxy(), setWindowRect: false, timeouts: {implicit: 0, pageLoad: 300000, script: 30000}}
Session ID: 9dec4dfe5ad89858f141095077cb947cc557c05d)
	at com.kms.katalon.core.keyword.internal.KeywordMain.stepFailed(KeywordMain.groovy:36)
	at com.kms.katalon.core.webui.keyword.internal.WebUIKeywordMain.stepFailed(WebUIKeywordMain.groovy:65)
	at com.kms.katalon.core.webui.keyword.internal.WebUIKeywordMain.runKeyword(WebUIKeywordMain.groovy:27)
	at com.kms.katalon.core.webui.keyword.builtin.ClickKeyword.click(ClickKeyword.groovy:86)
	at com.kms.katalon.core.webui.keyword.builtin.ClickKeyword.execute(ClickKeyword.groovy:67)
	at com.kms.katalon.core.keyword.internal.KeywordExecutor.executeKeywordForPlatform(KeywordExecutor.groovy:53)
	at com.kms.katalon.core.webui.keyword.WebUiBuiltInKeywords.click(WebUiBuiltInKeywords.groovy:616)
	at com.kms.katalon.core.webui.keyword.WebUiBuiltInKeywords$click$2.call(Unknown Source)
	at Popular products.run(Popular products:55)
	at com.kms.katalon.core.main.ScriptEngine.run(ScriptEngine.java:194)
	at com.kms.katalon.core.main.ScriptEngine.runScriptAsRawText(ScriptEngine.java:119)
	at com.kms.katalon.core.main.TestCaseExecutor.runScript(TestCaseExecutor.java:328)
	at com.kms.katalon.core.main.TestCaseExecutor.doExecute(TestCaseExecutor.java:319)
	at com.kms.katalon.core.main.TestCaseExecutor.processExecutionPhase(TestCaseExecutor.java:298)
	at com.kms.katalon.core.main.TestCaseExecutor.accessMainPhase(TestCaseExecutor.java:290)
	at com.kms.katalon.core.main.TestCaseExecutor.execute(TestCaseExecutor.java:224)
	at com.kms.katalon.core.main.TestSuiteExecutor.accessTestCaseMainPhase(TestSuiteExecutor.java:129)
	at com.kms.katalon.core.main.TestSuiteExecutor.accessTestSuiteMainPhase(TestSuiteExecutor.java:112)
	at com.kms.katalon.core.main.TestSuiteExecutor.execute(TestSuiteExecutor.java:81)
	at com.kms.katalon.core.main.TestCaseMain.startTestSuite(TestCaseMain.java:149)
	at com.kms.katalon.core.main.TestCaseMain$startTestSuite$0.call(Unknown Source)
	at TempTestSuite1562794812628.run(TempTestSuite1562794812628.groovy:36)]]></system-out>
         <system-err><![CDATA[2019-07-10 17:52:18 - [TEST_CASE][FAILED] - Test Cases/HOME PAGE/Popular products: Test Cases/HOME PAGE/Popular products FAILED.
Reason:
com.kms.katalon.core.exception.StepFailedException: Unable to click on object 'Object Repository/APOLLO- Desktop/Home page/Popular products/Popular products tile - men slider' (Root cause: org.openqa.selenium.ElementClickInterceptedException: The command failed because the specified element is obscured.
Build info: version: '3.7.1', revision: '8a0099a', time: '2017-11-06T21:07:36.161Z'
System info: host: 'sumans-MacBook-Pro.local', ip: 'fe80:0:0:0:47c:ca88:4245:b7a7%en0', os.name: 'Mac OS X', os.arch: 'x86_64', os.version: '10.13.6', java.version: '1.8.0_181'
Driver info: com.kms.katalon.selenium.driver.CRemoteWebDriver
Capabilities {acceptInsecureCerts: false, browserName: MicrosoftEdge, browserVersion: 44.18362.1.0, javascriptEnabled: true, pageLoadStrategy: normal, platform: WINDOWS, platformName: WINDOWS, proxy: Proxy(), setWindowRect: false, timeouts: {implicit: 0, pageLoad: 300000, script: 30000}}
Session ID: 9dec4dfe5ad89858f141095077cb947cc557c05d)
	at com.kms.katalon.core.keyword.internal.KeywordMain.stepFailed(KeywordMain.groovy:36)
	at com.kms.katalon.core.webui.keyword.internal.WebUIKeywordMain.stepFailed(WebUIKeywordMain.groovy:65)
	at com.kms.katalon.core.webui.keyword.internal.WebUIKeywordMain.runKeyword(WebUIKeywordMain.groovy:27)
	at com.kms.katalon.core.webui.keyword.builtin.ClickKeyword.click(ClickKeyword.groovy:86)
	at com.kms.katalon.core.webui.keyword.builtin.ClickKeyword.execute(ClickKeyword.groovy:67)
	at com.kms.katalon.core.keyword.internal.KeywordExecutor.executeKeywordForPlatform(KeywordExecutor.groovy:53)
	at com.kms.katalon.core.webui.keyword.WebUiBuiltInKeywords.click(WebUiBuiltInKeywords.groovy:616)
	at com.kms.katalon.core.webui.keyword.WebUiBuiltInKeywords$click$2.call(Unknown Source)
	at Popular products.run(Popular products:55)
	at com.kms.katalon.core.main.ScriptEngine.run(ScriptEngine.java:194)
	at com.kms.katalon.core.main.ScriptEngine.runScriptAsRawText(ScriptEngine.java:119)
	at com.kms.katalon.core.main.TestCaseExecutor.runScript(TestCaseExecutor.java:328)
	at com.kms.katalon.core.main.TestCaseExecutor.doExecute(TestCaseExecutor.java:319)
	at com.kms.katalon.core.main.TestCaseExecutor.processExecutionPhase(TestCaseExecutor.java:298)
	at com.kms.katalon.core.main.TestCaseExecutor.accessMainPhase(TestCaseExecutor.java:290)
	at com.kms.katalon.core.main.TestCaseExecutor.execute(TestCaseExecutor.java:224)
	at com.kms.katalon.core.main.TestSuiteExecutor.accessTestCaseMainPhase(TestSuiteExecutor.java:129)
	at com.kms.katalon.core.main.TestSuiteExecutor.accessTestSuiteMainPhase(TestSuiteExecutor.java:112)
	at com.kms.katalon.core.main.TestSuiteExecutor.execute(TestSuiteExecutor.java:81)
	at com.kms.katalon.core.main.TestCaseMain.startTestSuite(TestCaseMain.java:149)
	at com.kms.katalon.core.main.TestCaseMain$startTestSuite$0.call(Unknown Source)
	at TempTestSuite1562794812628.run(TempTestSuite1562794812628.groovy:36)]]></system-err>
      </testcase>
      <testcase name="Test Cases/HOME PAGE/Our latest blog posts" classname="Test Cases/HOME PAGE/Our latest blog posts" status="FAILED">
         <failure type="FAILED" message="Test Cases/HOME PAGE/Our latest blog posts FAILED.
Reason:
com.kms.katalon.core.exception.StepFailedException: Unable to click on object 'Object Repository/APOLLO- Desktop/Home page/Our latest blog posts/second slider' (Root cause: org.openqa.selenium.ElementClickInterceptedException: The command failed because the specified element is obscured.
Build info: version: '3.7.1', revision: '8a0099a', time: '2017-11-06T21:07:36.161Z'
System info: host: 'sumans-MacBook-Pro.local', ip: 'fe80:0:0:0:47c:ca88:4245:b7a7%en0', os.name: 'Mac OS X', os.arch: 'x86_64', os.version: '10.13.6', java.version: '1.8.0_181'
Driver info: com.kms.katalon.selenium.driver.CRemoteWebDriver
Capabilities {acceptInsecureCerts: false, browserName: MicrosoftEdge, browserVersion: 44.18362.1.0, javascriptEnabled: true, pageLoadStrategy: normal, platform: WINDOWS, platformName: WINDOWS, proxy: Proxy(), setWindowRect: false, timeouts: {implicit: 0, pageLoad: 300000, script: 30000}}
Session ID: 1fd70914860f515e674d6510fe54447b5b76a016)
	at com.kms.katalon.core.keyword.internal.KeywordMain.stepFailed(KeywordMain.groovy:36)
	at com.kms.katalon.core.webui.keyword.internal.WebUIKeywordMain.stepFailed(WebUIKeywordMain.groovy:65)
	at com.kms.katalon.core.webui.keyword.internal.WebUIKeywordMain.runKeyword(WebUIKeywordMain.groovy:27)
	at com.kms.katalon.core.webui.keyword.builtin.ClickKeyword.click(ClickKeyword.groovy:86)
	at com.kms.katalon.core.webui.keyword.builtin.ClickKeyword.execute(ClickKeyword.groovy:67)
	at com.kms.katalon.core.keyword.internal.KeywordExecutor.executeKeywordForPlatform(KeywordExecutor.groovy:53)
	at com.kms.katalon.core.webui.keyword.WebUiBuiltInKeywords.click(WebUiBuiltInKeywords.groovy:616)
	at com.kms.katalon.core.webui.keyword.WebUiBuiltInKeywords$click$2.call(Unknown Source)
	at Our latest blog posts.run(Our latest blog posts:24)
	at com.kms.katalon.core.main.ScriptEngine.run(ScriptEngine.java:194)
	at com.kms.katalon.core.main.ScriptEngine.runScriptAsRawText(ScriptEngine.java:119)
	at com.kms.katalon.core.main.TestCaseExecutor.runScript(TestCaseExecutor.java:328)
	at com.kms.katalon.core.main.TestCaseExecutor.doExecute(TestCaseExecutor.java:319)
	at com.kms.katalon.core.main.TestCaseExecutor.processExecutionPhase(TestCaseExecutor.java:298)
	at com.kms.katalon.core.main.TestCaseExecutor.accessMainPhase(TestCaseExecutor.java:290)
	at com.kms.katalon.core.main.TestCaseExecutor.execute(TestCaseExecutor.java:224)
	at com.kms.katalon.core.main.TestSuiteExecutor.accessTestCaseMainPhase(TestSuiteExecutor.java:129)
	at com.kms.katalon.core.main.TestSuiteExecutor.accessTestSuiteMainPhase(TestSuiteExecutor.java:112)
	at com.kms.katalon.core.main.TestSuiteExecutor.execute(TestSuiteExecutor.java:81)
	at com.kms.katalon.core.main.TestCaseMain.startTestSuite(TestCaseMain.java:149)
	at com.kms.katalon.core.main.TestCaseMain$startTestSuite$0.call(Unknown Source)
	at TempTestSuite1562794812628.run(TempTestSuite1562794812628.groovy:36)
"/>
         <system-out><![CDATA[2019-07-10 17:54:02 - [TEST_CASE][FAILED] - Test Cases/HOME PAGE/Our latest blog posts: Test Cases/HOME PAGE/Our latest blog posts FAILED.
Reason:
com.kms.katalon.core.exception.StepFailedException: Unable to click on object 'Object Repository/APOLLO- Desktop/Home page/Our latest blog posts/second slider' (Root cause: org.openqa.selenium.ElementClickInterceptedException: The command failed because the specified element is obscured.
Build info: version: '3.7.1', revision: '8a0099a', time: '2017-11-06T21:07:36.161Z'
System info: host: 'sumans-MacBook-Pro.local', ip: 'fe80:0:0:0:47c:ca88:4245:b7a7%en0', os.name: 'Mac OS X', os.arch: 'x86_64', os.version: '10.13.6', java.version: '1.8.0_181'
Driver info: com.kms.katalon.selenium.driver.CRemoteWebDriver
Capabilities {acceptInsecureCerts: false, browserName: MicrosoftEdge, browserVersion: 44.18362.1.0, javascriptEnabled: true, pageLoadStrategy: normal, platform: WINDOWS, platformName: WINDOWS, proxy: Proxy(), setWindowRect: false, timeouts: {implicit: 0, pageLoad: 300000, script: 30000}}
Session ID: 1fd70914860f515e674d6510fe54447b5b76a016)
	at com.kms.katalon.core.keyword.internal.KeywordMain.stepFailed(KeywordMain.groovy:36)
	at com.kms.katalon.core.webui.keyword.internal.WebUIKeywordMain.stepFailed(WebUIKeywordMain.groovy:65)
	at com.kms.katalon.core.webui.keyword.internal.WebUIKeywordMain.runKeyword(WebUIKeywordMain.groovy:27)
	at com.kms.katalon.core.webui.keyword.builtin.ClickKeyword.click(ClickKeyword.groovy:86)
	at com.kms.katalon.core.webui.keyword.builtin.ClickKeyword.execute(ClickKeyword.groovy:67)
	at com.kms.katalon.core.keyword.internal.KeywordExecutor.executeKeywordForPlatform(KeywordExecutor.groovy:53)
	at com.kms.katalon.core.webui.keyword.WebUiBuiltInKeywords.click(WebUiBuiltInKeywords.groovy:616)
	at com.kms.katalon.core.webui.keyword.WebUiBuiltInKeywords$click$2.call(Unknown Source)
	at Our latest blog posts.run(Our latest blog posts:24)
	at com.kms.katalon.core.main.ScriptEngine.run(ScriptEngine.java:194)
	at com.kms.katalon.core.main.ScriptEngine.runScriptAsRawText(ScriptEngine.java:119)
	at com.kms.katalon.core.main.TestCaseExecutor.runScript(TestCaseExecutor.java:328)
	at com.kms.katalon.core.main.TestCaseExecutor.doExecute(TestCaseExecutor.java:319)
	at com.kms.katalon.core.main.TestCaseExecutor.processExecutionPhase(TestCaseExecutor.java:298)
	at com.kms.katalon.core.main.TestCaseExecutor.accessMainPhase(TestCaseExecutor.java:290)
	at com.kms.katalon.core.main.TestCaseExecutor.execute(TestCaseExecutor.java:224)
	at com.kms.katalon.core.main.TestSuiteExecutor.accessTestCaseMainPhase(TestSuiteExecutor.java:129)
	at com.kms.katalon.core.main.TestSuiteExecutor.accessTestSuiteMainPhase(TestSuiteExecutor.java:112)
	at com.kms.katalon.core.main.TestSuiteExecutor.execute(TestSuiteExecutor.java:81)
	at com.kms.katalon.core.main.TestCaseMain.startTestSuite(TestCaseMain.java:149)
	at com.kms.katalon.core.main.TestCaseMain$startTestSuite$0.call(Unknown Source)
	at TempTestSuite1562794812628.run(TempTestSuite1562794812628.groovy:36)


2019-07-10 17:54:02 - [TEST_STEP][PASSED] - callTestCase(findTestCase("CALL - URL"), [:], STOP_ON_FAILURE): Call Test Case 'Test Cases/CALL - URL' successfully

2019-07-10 17:54:02 - [TEST_CASE][PASSED] - Test Cases/CALL - URL: Test Cases/CALL - URL

2019-07-10 17:54:02 - [TEST_STEP][PASSED] - openBrowser(""): Browser is opened with url: ''

2019-07-10 17:54:02 - [MESSAGE][WARNING] - A browser is already opened. Closing browser and opening a new one

2019-07-10 17:54:04 - [MESSAGE][INFO] - Starting 'Remote' driver

2019-07-10 17:54:04 - [MESSAGE][INFO] - User set preference: ['os', 'Windows']

2019-07-10 17:54:04 - [MESSAGE][INFO] - User set preference: ['os_version', '10']

2019-07-10 17:54:04 - [MESSAGE][INFO] - User set preference: ['browser', 'Edge']

2019-07-10 17:54:04 - [MESSAGE][INFO] - User set preference: ['browser_version', '18.0']

2019-07-10 17:54:04 - [MESSAGE][INFO] - User set preference: ['resolution', '']

2019-07-10 17:54:04 - [MESSAGE][INFO] - Connecting to remote web server 'https://dianatest3:Z3oqw9ysqTeRQJq5wFCp@hub-cloud.browserstack.com/wd/hub' with type 'Selenium'

2019-07-10 17:54:23 - [MESSAGE][PASSED] - Browser is opened with url: ''

2019-07-10 17:54:23 - [TEST_STEP][PASSED] - navigateToUrl("https://diff-apollo.myshopify.com/?_ab=0&_fd=0&_sc=1&preview_theme_id=68640637028"): Navigate to 'https://diff-apollo.myshopify.com/?_ab=0&_fd=0&_sc=1&preview_theme_id=68640637028' successfully

2019-07-10 17:54:33 - [MESSAGE][PASSED] - Navigate to 'https://diff-apollo.myshopify.com/?_ab=0&_fd=0&_sc=1&preview_theme_id=68640637028' successfully

2019-07-10 17:54:33 - [TEST_STEP][NOT_RUN] - executeJavaScript("var previewBar = document.getElementById("preview-bar-iframe"); previewBar.style.display = "none";", []): NOT_RUN: executeJavaScript("var previewBar = document.getElementById("preview-bar-iframe"); previewBar.style.display = "none";", [])

2019-07-10 17:54:33 - [MESSAGE][NOT_RUN] - NOT_RUN: executeJavaScript("var previewBar = document.getElementById("preview-bar-iframe"); previewBar.style.display = "none";", [])

2019-07-10 17:54:33 - [TEST_STEP][PASSED] - maximizeWindow(): Current window maximized

2019-07-10 17:54:34 - [MESSAGE][PASSED] - Current window maximized

2019-07-10 17:54:34 - [MESSAGE][PASSED] - Call Test Case 'Test Cases/CALL - URL' successfully

2019-07-10 17:54:34 - [TEST_STEP][PASSED] - delay(2): Delayed 2 second(s)

2019-07-10 17:54:36 - [MESSAGE][PASSED] - Delayed 2 second(s)

2019-07-10 17:54:36 - [TEST_STEP][PASSED] - scrollToElement(findTestObject("APOLLO- Desktop/Home page/Our latest blog posts/Our latest Blog posts"), 0): Scroll to object 'Object Repository/APOLLO- Desktop/Home page/Our latest blog posts/Our latest Blog posts' successfully

2019-07-10 17:54:36 - [MESSAGE][WARNING] - Timeout '0' is invalid. Using default page load timeout: '30'

2019-07-10 17:54:37 - [MESSAGE][PASSED] - Scroll to object 'Object Repository/APOLLO- Desktop/Home page/Our latest blog posts/Our latest Blog posts' successfully

2019-07-10 17:54:37 - [TEST_STEP][PASSED] - delay(2): Delayed 2 second(s)

2019-07-10 17:54:39 - [MESSAGE][PASSED] - Delayed 2 second(s)

2019-07-10 17:54:39 - [TEST_STEP][FAILED] - click(findTestObject("APOLLO- Desktop/Home page/Our latest blog posts/second slider")): click(findTestObject("APOLLO- Desktop/Home page/Our latest blog posts/second slider")) FAILED.
Reason:
com.kms.katalon.core.exception.StepFailedException: Unable to click on object 'Object Repository/APOLLO- Desktop/Home page/Our latest blog posts/second slider' (Root cause: org.openqa.selenium.ElementClickInterceptedException: The command failed because the specified element is obscured.
Build info: version: '3.7.1', revision: '8a0099a', time: '2017-11-06T21:07:36.161Z'
System info: host: 'sumans-MacBook-Pro.local', ip: 'fe80:0:0:0:47c:ca88:4245:b7a7%en0', os.name: 'Mac OS X', os.arch: 'x86_64', os.version: '10.13.6', java.version: '1.8.0_181'
Driver info: com.kms.katalon.selenium.driver.CRemoteWebDriver
Capabilities {acceptInsecureCerts: false, browserName: MicrosoftEdge, browserVersion: 44.18362.1.0, javascriptEnabled: true, pageLoadStrategy: normal, platform: WINDOWS, platformName: WINDOWS, proxy: Proxy(), setWindowRect: false, timeouts: {implicit: 0, pageLoad: 300000, script: 30000}}
Session ID: 1fd70914860f515e674d6510fe54447b5b76a016)
	at com.kms.katalon.core.keyword.internal.KeywordMain.stepFailed(KeywordMain.groovy:36)
	at com.kms.katalon.core.webui.keyword.internal.WebUIKeywordMain.stepFailed(WebUIKeywordMain.groovy:65)
	at com.kms.katalon.core.webui.keyword.internal.WebUIKeywordMain.runKeyword(WebUIKeywordMain.groovy:27)
	at com.kms.katalon.core.webui.keyword.builtin.ClickKeyword.click(ClickKeyword.groovy:86)
	at com.kms.katalon.core.webui.keyword.builtin.ClickKeyword.execute(ClickKeyword.groovy:67)
	at com.kms.katalon.core.keyword.internal.KeywordExecutor.executeKeywordForPlatform(KeywordExecutor.groovy:53)
	at com.kms.katalon.core.webui.keyword.WebUiBuiltInKeywords.click(WebUiBuiltInKeywords.groovy:616)
	at com.kms.katalon.core.webui.keyword.WebUiBuiltInKeywords$click$2.call(Unknown Source)
	at Our latest blog posts.run(Our latest blog posts:24)
	at com.kms.katalon.core.main.ScriptEngine.run(ScriptEngine.java:194)
	at com.kms.katalon.core.main.ScriptEngine.runScriptAsRawText(ScriptEngine.java:119)
	at com.kms.katalon.core.main.TestCaseExecutor.runScript(TestCaseExecutor.java:328)
	at com.kms.katalon.core.main.TestCaseExecutor.doExecute(TestCaseExecutor.java:319)
	at com.kms.katalon.core.main.TestCaseExecutor.processExecutionPhase(TestCaseExecutor.java:298)
	at com.kms.katalon.core.main.TestCaseExecutor.accessMainPhase(TestCaseExecutor.java:290)
	at com.kms.katalon.core.main.TestCaseExecutor.execute(TestCaseExecutor.java:224)
	at com.kms.katalon.core.main.TestSuiteExecutor.accessTestCaseMainPhase(TestSuiteExecutor.java:129)
	at com.kms.katalon.core.main.TestSuiteExecutor.accessTestSuiteMainPhase(TestSuiteExecutor.java:112)
	at com.kms.katalon.core.main.TestSuiteExecutor.execute(TestSuiteExecutor.java:81)
	at com.kms.katalon.core.main.TestCaseMain.startTestSuite(TestCaseMain.java:149)
	at com.kms.katalon.core.main.TestCaseMain$startTestSuite$0.call(Unknown Source)
	at TempTestSuite1562794812628.run(TempTestSuite1562794812628.groovy:36)


2019-07-10 17:54:40 - [MESSAGE][FAILED] - Unable to click on object 'Object Repository/APOLLO- Desktop/Home page/Our latest blog posts/second slider' (Root cause: org.openqa.selenium.ElementClickInterceptedException: The command failed because the specified element is obscured.
Build info: version: '3.7.1', revision: '8a0099a', time: '2017-11-06T21:07:36.161Z'
System info: host: 'sumans-MacBook-Pro.local', ip: 'fe80:0:0:0:47c:ca88:4245:b7a7%en0', os.name: 'Mac OS X', os.arch: 'x86_64', os.version: '10.13.6', java.version: '1.8.0_181'
Driver info: com.kms.katalon.selenium.driver.CRemoteWebDriver
Capabilities {acceptInsecureCerts: false, browserName: MicrosoftEdge, browserVersion: 44.18362.1.0, javascriptEnabled: true, pageLoadStrategy: normal, platform: WINDOWS, platformName: WINDOWS, proxy: Proxy(), setWindowRect: false, timeouts: {implicit: 0, pageLoad: 300000, script: 30000}}
Session ID: 1fd70914860f515e674d6510fe54447b5b76a016)
[[ATTACHMENT|/Users/sumankompelly/git/Apollo-Dark-Desktop/Reports/Apollo - dark build/20190710_174012/1562795679661.png]]

2019-07-10 17:54:40 - [MESSAGE][FAILED] - click(findTestObject("APOLLO- Desktop/Home page/Our latest blog posts/second slider")) FAILED.
Reason:
com.kms.katalon.core.exception.StepFailedException: Unable to click on object 'Object Repository/APOLLO- Desktop/Home page/Our latest blog posts/second slider' (Root cause: org.openqa.selenium.ElementClickInterceptedException: The command failed because the specified element is obscured.
Build info: version: '3.7.1', revision: '8a0099a', time: '2017-11-06T21:07:36.161Z'
System info: host: 'sumans-MacBook-Pro.local', ip: 'fe80:0:0:0:47c:ca88:4245:b7a7%en0', os.name: 'Mac OS X', os.arch: 'x86_64', os.version: '10.13.6', java.version: '1.8.0_181'
Driver info: com.kms.katalon.selenium.driver.CRemoteWebDriver
Capabilities {acceptInsecureCerts: false, browserName: MicrosoftEdge, browserVersion: 44.18362.1.0, javascriptEnabled: true, pageLoadStrategy: normal, platform: WINDOWS, platformName: WINDOWS, proxy: Proxy(), setWindowRect: false, timeouts: {implicit: 0, pageLoad: 300000, script: 30000}}
Session ID: 1fd70914860f515e674d6510fe54447b5b76a016)
	at com.kms.katalon.core.keyword.internal.KeywordMain.stepFailed(KeywordMain.groovy:36)
	at com.kms.katalon.core.webui.keyword.internal.WebUIKeywordMain.stepFailed(WebUIKeywordMain.groovy:65)
	at com.kms.katalon.core.webui.keyword.internal.WebUIKeywordMain.runKeyword(WebUIKeywordMain.groovy:27)
	at com.kms.katalon.core.webui.keyword.builtin.ClickKeyword.click(ClickKeyword.groovy:86)
	at com.kms.katalon.core.webui.keyword.builtin.ClickKeyword.execute(ClickKeyword.groovy:67)
	at com.kms.katalon.core.keyword.internal.KeywordExecutor.executeKeywordForPlatform(KeywordExecutor.groovy:53)
	at com.kms.katalon.core.webui.keyword.WebUiBuiltInKeywords.click(WebUiBuiltInKeywords.groovy:616)
	at com.kms.katalon.core.webui.keyword.WebUiBuiltInKeywords$click$2.call(Unknown Source)
	at Our latest blog posts.run(Our latest blog posts:24)
	at com.kms.katalon.core.main.ScriptEngine.run(ScriptEngine.java:194)
	at com.kms.katalon.core.main.ScriptEngine.runScriptAsRawText(ScriptEngine.java:119)
	at com.kms.katalon.core.main.TestCaseExecutor.runScript(TestCaseExecutor.java:328)
	at com.kms.katalon.core.main.TestCaseExecutor.doExecute(TestCaseExecutor.java:319)
	at com.kms.katalon.core.main.TestCaseExecutor.processExecutionPhase(TestCaseExecutor.java:298)
	at com.kms.katalon.core.main.TestCaseExecutor.accessMainPhase(TestCaseExecutor.java:290)
	at com.kms.katalon.core.main.TestCaseExecutor.execute(TestCaseExecutor.java:224)
	at com.kms.katalon.core.main.TestSuiteExecutor.accessTestCaseMainPhase(TestSuiteExecutor.java:129)
	at com.kms.katalon.core.main.TestSuiteExecutor.accessTestSuiteMainPhase(TestSuiteExecutor.java:112)
	at com.kms.katalon.core.main.TestSuiteExecutor.execute(TestSuiteExecutor.java:81)
	at com.kms.katalon.core.main.TestCaseMain.startTestSuite(TestCaseMain.java:149)
	at com.kms.katalon.core.main.TestCaseMain$startTestSuite$0.call(Unknown Source)
	at TempTestSuite1562794812628.run(TempTestSuite1562794812628.groovy:36)]]></system-out>
         <system-err><![CDATA[2019-07-10 17:54:02 - [TEST_CASE][FAILED] - Test Cases/HOME PAGE/Our latest blog posts: Test Cases/HOME PAGE/Our latest blog posts FAILED.
Reason:
com.kms.katalon.core.exception.StepFailedException: Unable to click on object 'Object Repository/APOLLO- Desktop/Home page/Our latest blog posts/second slider' (Root cause: org.openqa.selenium.ElementClickInterceptedException: The command failed because the specified element is obscured.
Build info: version: '3.7.1', revision: '8a0099a', time: '2017-11-06T21:07:36.161Z'
System info: host: 'sumans-MacBook-Pro.local', ip: 'fe80:0:0:0:47c:ca88:4245:b7a7%en0', os.name: 'Mac OS X', os.arch: 'x86_64', os.version: '10.13.6', java.version: '1.8.0_181'
Driver info: com.kms.katalon.selenium.driver.CRemoteWebDriver
Capabilities {acceptInsecureCerts: false, browserName: MicrosoftEdge, browserVersion: 44.18362.1.0, javascriptEnabled: true, pageLoadStrategy: normal, platform: WINDOWS, platformName: WINDOWS, proxy: Proxy(), setWindowRect: false, timeouts: {implicit: 0, pageLoad: 300000, script: 30000}}
Session ID: 1fd70914860f515e674d6510fe54447b5b76a016)
	at com.kms.katalon.core.keyword.internal.KeywordMain.stepFailed(KeywordMain.groovy:36)
	at com.kms.katalon.core.webui.keyword.internal.WebUIKeywordMain.stepFailed(WebUIKeywordMain.groovy:65)
	at com.kms.katalon.core.webui.keyword.internal.WebUIKeywordMain.runKeyword(WebUIKeywordMain.groovy:27)
	at com.kms.katalon.core.webui.keyword.builtin.ClickKeyword.click(ClickKeyword.groovy:86)
	at com.kms.katalon.core.webui.keyword.builtin.ClickKeyword.execute(ClickKeyword.groovy:67)
	at com.kms.katalon.core.keyword.internal.KeywordExecutor.executeKeywordForPlatform(KeywordExecutor.groovy:53)
	at com.kms.katalon.core.webui.keyword.WebUiBuiltInKeywords.click(WebUiBuiltInKeywords.groovy:616)
	at com.kms.katalon.core.webui.keyword.WebUiBuiltInKeywords$click$2.call(Unknown Source)
	at Our latest blog posts.run(Our latest blog posts:24)
	at com.kms.katalon.core.main.ScriptEngine.run(ScriptEngine.java:194)
	at com.kms.katalon.core.main.ScriptEngine.runScriptAsRawText(ScriptEngine.java:119)
	at com.kms.katalon.core.main.TestCaseExecutor.runScript(TestCaseExecutor.java:328)
	at com.kms.katalon.core.main.TestCaseExecutor.doExecute(TestCaseExecutor.java:319)
	at com.kms.katalon.core.main.TestCaseExecutor.processExecutionPhase(TestCaseExecutor.java:298)
	at com.kms.katalon.core.main.TestCaseExecutor.accessMainPhase(TestCaseExecutor.java:290)
	at com.kms.katalon.core.main.TestCaseExecutor.execute(TestCaseExecutor.java:224)
	at com.kms.katalon.core.main.TestSuiteExecutor.accessTestCaseMainPhase(TestSuiteExecutor.java:129)
	at com.kms.katalon.core.main.TestSuiteExecutor.accessTestSuiteMainPhase(TestSuiteExecutor.java:112)
	at com.kms.katalon.core.main.TestSuiteExecutor.execute(TestSuiteExecutor.java:81)
	at com.kms.katalon.core.main.TestCaseMain.startTestSuite(TestCaseMain.java:149)
	at com.kms.katalon.core.main.TestCaseMain$startTestSuite$0.call(Unknown Source)
	at TempTestSuite1562794812628.run(TempTestSuite1562794812628.groovy:36)]]></system-err>
      </testcase>
      <testcase name="Test Cases/HOME PAGE/Follow us" classname="Test Cases/HOME PAGE/Follow us" status="PASSED">
         <system-out><![CDATA[2019-07-10 17:54:40 - [TEST_CASE][PASSED] - Test Cases/HOME PAGE/Follow us: Test Cases/HOME PAGE/Follow us

2019-07-10 17:54:40 - [TEST_STEP][PASSED] - callTestCase(findTestCase("CALL - URL"), [:], STOP_ON_FAILURE): Call Test Case 'Test Cases/CALL - URL' successfully

2019-07-10 17:54:40 - [TEST_CASE][PASSED] - Test Cases/CALL - URL: Test Cases/CALL - URL

2019-07-10 17:54:40 - [TEST_STEP][PASSED] - openBrowser(""): Browser is opened with url: ''

2019-07-10 17:54:40 - [MESSAGE][WARNING] - A browser is already opened. Closing browser and opening a new one

2019-07-10 17:54:42 - [MESSAGE][INFO] - Starting 'Remote' driver

2019-07-10 17:54:42 - [MESSAGE][INFO] - User set preference: ['os', 'Windows']

2019-07-10 17:54:42 - [MESSAGE][INFO] - User set preference: ['os_version', '10']

2019-07-10 17:54:42 - [MESSAGE][INFO] - User set preference: ['browser', 'Edge']

2019-07-10 17:54:42 - [MESSAGE][INFO] - User set preference: ['browser_version', '18.0']

2019-07-10 17:54:42 - [MESSAGE][INFO] - User set preference: ['resolution', '']

2019-07-10 17:54:42 - [MESSAGE][INFO] - Connecting to remote web server 'https://dianatest3:Z3oqw9ysqTeRQJq5wFCp@hub-cloud.browserstack.com/wd/hub' with type 'Selenium'

2019-07-10 17:54:59 - [MESSAGE][PASSED] - Browser is opened with url: ''

2019-07-10 17:54:59 - [TEST_STEP][PASSED] - navigateToUrl("https://diff-apollo.myshopify.com/?_ab=0&_fd=0&_sc=1&preview_theme_id=68640637028"): Navigate to 'https://diff-apollo.myshopify.com/?_ab=0&_fd=0&_sc=1&preview_theme_id=68640637028' successfully

2019-07-10 17:55:08 - [MESSAGE][PASSED] - Navigate to 'https://diff-apollo.myshopify.com/?_ab=0&_fd=0&_sc=1&preview_theme_id=68640637028' successfully

2019-07-10 17:55:08 - [TEST_STEP][NOT_RUN] - executeJavaScript("var previewBar = document.getElementById("preview-bar-iframe"); previewBar.style.display = "none";", []): NOT_RUN: executeJavaScript("var previewBar = document.getElementById("preview-bar-iframe"); previewBar.style.display = "none";", [])

2019-07-10 17:55:08 - [MESSAGE][NOT_RUN] - NOT_RUN: executeJavaScript("var previewBar = document.getElementById("preview-bar-iframe"); previewBar.style.display = "none";", [])

2019-07-10 17:55:08 - [TEST_STEP][PASSED] - maximizeWindow(): Current window maximized

2019-07-10 17:55:08 - [MESSAGE][PASSED] - Current window maximized

2019-07-10 17:55:08 - [MESSAGE][PASSED] - Call Test Case 'Test Cases/CALL - URL' successfully

2019-07-10 17:55:08 - [TEST_STEP][PASSED] - delay(2): Delayed 2 second(s)

2019-07-10 17:55:10 - [MESSAGE][PASSED] - Delayed 2 second(s)

2019-07-10 17:55:10 - [TEST_STEP][PASSED] - scrollToElement(findTestObject("APOLLO- Desktop/Home page/Follow us/apollodarktheme"), 0): Scroll to object 'Object Repository/APOLLO- Desktop/Home page/Follow us/apollodarktheme' successfully

2019-07-10 17:55:10 - [MESSAGE][WARNING] - Timeout '0' is invalid. Using default page load timeout: '30'

2019-07-10 17:55:11 - [MESSAGE][PASSED] - Scroll to object 'Object Repository/APOLLO- Desktop/Home page/Follow us/apollodarktheme' successfully

2019-07-10 17:55:11 - [TEST_STEP][PASSED] - delay(2): Delayed 2 second(s)

2019-07-10 17:55:13 - [MESSAGE][PASSED] - Delayed 2 second(s)

2019-07-10 17:55:13 - [TEST_STEP][PASSED] - scrollToElement(findTestObject("APOLLO- Desktop/Home page/Our latest blog posts/Visit Blog"), 0): Scroll to object 'Object Repository/APOLLO- Desktop/Home page/Our latest blog posts/Visit Blog' successfully

2019-07-10 17:55:13 - [MESSAGE][WARNING] - Timeout '0' is invalid. Using default page load timeout: '30'

2019-07-10 17:55:13 - [MESSAGE][PASSED] - Scroll to object 'Object Repository/APOLLO- Desktop/Home page/Our latest blog posts/Visit Blog' successfully

2019-07-10 17:55:13 - [TEST_STEP][PASSED] - delay(2): Delayed 2 second(s)

2019-07-10 17:55:15 - [MESSAGE][PASSED] - Delayed 2 second(s)

2019-07-10 17:55:15 - [TEST_STEP][PASSED] - click(findTestObject("APOLLO- Desktop/Home page/Follow us/product tile")): Object: 'Object Repository/APOLLO- Desktop/Home page/Follow us/product tile' is clicked on

2019-07-10 17:55:17 - [MESSAGE][PASSED] - Object: 'Object Repository/APOLLO- Desktop/Home page/Follow us/product tile' is clicked on

2019-07-10 17:55:17 - [TEST_STEP][NOT_RUN] - back(): NOT_RUN: back()

2019-07-10 17:55:17 - [MESSAGE][NOT_RUN] - NOT_RUN: back()

2019-07-10 17:55:17 - [TEST_STEP][PASSED] - scrollToElement(findTestObject("APOLLO- Desktop/Home page/Follow us/apollodarktheme"), 0): Scroll to object 'Object Repository/APOLLO- Desktop/Home page/Follow us/apollodarktheme' successfully

2019-07-10 17:55:17 - [MESSAGE][WARNING] - Timeout '0' is invalid. Using default page load timeout: '30'

2019-07-10 17:55:18 - [MESSAGE][PASSED] - Scroll to object 'Object Repository/APOLLO- Desktop/Home page/Follow us/apollodarktheme' successfully

2019-07-10 17:55:18 - [TEST_STEP][PASSED] - delay(2): Delayed 2 second(s)

2019-07-10 17:55:20 - [MESSAGE][PASSED] - Delayed 2 second(s)

2019-07-10 17:55:20 - [TEST_STEP][PASSED] - mouseOver(findTestObject("APOLLO- Desktop/Home page/Follow us/button-previous")): Object: 'Object Repository/APOLLO- Desktop/Home page/Follow us/button-previous' is hovered

2019-07-10 17:55:21 - [MESSAGE][PASSED] - Object: 'Object Repository/APOLLO- Desktop/Home page/Follow us/button-previous' is hovered

2019-07-10 17:55:21 - [TEST_STEP][PASSED] - delay(2): Delayed 2 second(s)

2019-07-10 17:55:23 - [MESSAGE][PASSED] - Delayed 2 second(s)

2019-07-10 17:55:23 - [TEST_STEP][PASSED] - click(findTestObject("APOLLO- Desktop/Home page/Follow us/button-previous")): Object: 'Object Repository/APOLLO- Desktop/Home page/Follow us/button-previous' is clicked on

2019-07-10 17:55:23 - [MESSAGE][PASSED] - Object: 'Object Repository/APOLLO- Desktop/Home page/Follow us/button-previous' is clicked on

2019-07-10 17:55:23 - [TEST_STEP][PASSED] - delay(2): Delayed 2 second(s)

2019-07-10 17:55:25 - [MESSAGE][PASSED] - Delayed 2 second(s)

2019-07-10 17:55:25 - [TEST_STEP][PASSED] - click(findTestObject("APOLLO- Desktop/Home page/Follow us/button- Next")): Object: 'Object Repository/APOLLO- Desktop/Home page/Follow us/button- Next' is clicked on

2019-07-10 17:55:26 - [MESSAGE][PASSED] - Object: 'Object Repository/APOLLO- Desktop/Home page/Follow us/button- Next' is clicked on]]></system-out>
         <system-err><![CDATA[]]></system-err>
      </testcase>
      <testcase name="Test Cases/PRODUCT PAGE/Social media icons" classname="Test Cases/PRODUCT PAGE/Social media icons" status="FAILED">
         <failure type="FAILED" message="Test Cases/PRODUCT PAGE/Social media icons FAILED.
Reason:
com.kms.katalon.core.exception.StepFailedException: Unable to click on object 'Object Repository/APOLLO- Desktop/Product page/twitter icon' (Root cause: org.openqa.selenium.ElementClickInterceptedException: The command failed because the specified element is obscured.
Build info: version: '3.7.1', revision: '8a0099a', time: '2017-11-06T21:07:36.161Z'
System info: host: 'sumans-MacBook-Pro.local', ip: 'fe80:0:0:0:47c:ca88:4245:b7a7%en0', os.name: 'Mac OS X', os.arch: 'x86_64', os.version: '10.13.6', java.version: '1.8.0_181'
Driver info: com.kms.katalon.selenium.driver.CRemoteWebDriver
Capabilities {acceptInsecureCerts: false, browserName: MicrosoftEdge, browserVersion: 44.18362.1.0, javascriptEnabled: true, pageLoadStrategy: normal, platform: WINDOWS, platformName: WINDOWS, proxy: Proxy(), setWindowRect: false, timeouts: {implicit: 0, pageLoad: 300000, script: 30000}}
Session ID: 12fa65523dd05804ec59670af2fecfae2e24c75e)
	at com.kms.katalon.core.keyword.internal.KeywordMain.stepFailed(KeywordMain.groovy:36)
	at com.kms.katalon.core.webui.keyword.internal.WebUIKeywordMain.stepFailed(WebUIKeywordMain.groovy:65)
	at com.kms.katalon.core.webui.keyword.internal.WebUIKeywordMain.runKeyword(WebUIKeywordMain.groovy:27)
	at com.kms.katalon.core.webui.keyword.builtin.ClickKeyword.click(ClickKeyword.groovy:86)
	at com.kms.katalon.core.webui.keyword.builtin.ClickKeyword.execute(ClickKeyword.groovy:67)
	at com.kms.katalon.core.keyword.internal.KeywordExecutor.executeKeywordForPlatform(KeywordExecutor.groovy:53)
	at com.kms.katalon.core.webui.keyword.WebUiBuiltInKeywords.click(WebUiBuiltInKeywords.groovy:616)
	at com.kms.katalon.core.webui.keyword.WebUiBuiltInKeywords$click$2.call(Unknown Source)
	at Social media icons.run(Social media icons:52)
	at com.kms.katalon.core.main.ScriptEngine.run(ScriptEngine.java:194)
	at com.kms.katalon.core.main.ScriptEngine.runScriptAsRawText(ScriptEngine.java:119)
	at com.kms.katalon.core.main.TestCaseExecutor.runScript(TestCaseExecutor.java:328)
	at com.kms.katalon.core.main.TestCaseExecutor.doExecute(TestCaseExecutor.java:319)
	at com.kms.katalon.core.main.TestCaseExecutor.processExecutionPhase(TestCaseExecutor.java:298)
	at com.kms.katalon.core.main.TestCaseExecutor.accessMainPhase(TestCaseExecutor.java:290)
	at com.kms.katalon.core.main.TestCaseExecutor.execute(TestCaseExecutor.java:224)
	at com.kms.katalon.core.main.TestSuiteExecutor.accessTestCaseMainPhase(TestSuiteExecutor.java:129)
	at com.kms.katalon.core.main.TestSuiteExecutor.accessTestSuiteMainPhase(TestSuiteExecutor.java:112)
	at com.kms.katalon.core.main.TestSuiteExecutor.execute(TestSuiteExecutor.java:81)
	at com.kms.katalon.core.main.TestCaseMain.startTestSuite(TestCaseMain.java:149)
	at com.kms.katalon.core.main.TestCaseMain$startTestSuite$0.call(Unknown Source)
	at TempTestSuite1562794812628.run(TempTestSuite1562794812628.groovy:36)
"/>
         <system-out><![CDATA[2019-07-10 17:55:26 - [TEST_CASE][FAILED] - Test Cases/PRODUCT PAGE/Social media icons: Test Cases/PRODUCT PAGE/Social media icons FAILED.
Reason:
com.kms.katalon.core.exception.StepFailedException: Unable to click on object 'Object Repository/APOLLO- Desktop/Product page/twitter icon' (Root cause: org.openqa.selenium.ElementClickInterceptedException: The command failed because the specified element is obscured.
Build info: version: '3.7.1', revision: '8a0099a', time: '2017-11-06T21:07:36.161Z'
System info: host: 'sumans-MacBook-Pro.local', ip: 'fe80:0:0:0:47c:ca88:4245:b7a7%en0', os.name: 'Mac OS X', os.arch: 'x86_64', os.version: '10.13.6', java.version: '1.8.0_181'
Driver info: com.kms.katalon.selenium.driver.CRemoteWebDriver
Capabilities {acceptInsecureCerts: false, browserName: MicrosoftEdge, browserVersion: 44.18362.1.0, javascriptEnabled: true, pageLoadStrategy: normal, platform: WINDOWS, platformName: WINDOWS, proxy: Proxy(), setWindowRect: false, timeouts: {implicit: 0, pageLoad: 300000, script: 30000}}
Session ID: 12fa65523dd05804ec59670af2fecfae2e24c75e)
	at com.kms.katalon.core.keyword.internal.KeywordMain.stepFailed(KeywordMain.groovy:36)
	at com.kms.katalon.core.webui.keyword.internal.WebUIKeywordMain.stepFailed(WebUIKeywordMain.groovy:65)
	at com.kms.katalon.core.webui.keyword.internal.WebUIKeywordMain.runKeyword(WebUIKeywordMain.groovy:27)
	at com.kms.katalon.core.webui.keyword.builtin.ClickKeyword.click(ClickKeyword.groovy:86)
	at com.kms.katalon.core.webui.keyword.builtin.ClickKeyword.execute(ClickKeyword.groovy:67)
	at com.kms.katalon.core.keyword.internal.KeywordExecutor.executeKeywordForPlatform(KeywordExecutor.groovy:53)
	at com.kms.katalon.core.webui.keyword.WebUiBuiltInKeywords.click(WebUiBuiltInKeywords.groovy:616)
	at com.kms.katalon.core.webui.keyword.WebUiBuiltInKeywords$click$2.call(Unknown Source)
	at Social media icons.run(Social media icons:52)
	at com.kms.katalon.core.main.ScriptEngine.run(ScriptEngine.java:194)
	at com.kms.katalon.core.main.ScriptEngine.runScriptAsRawText(ScriptEngine.java:119)
	at com.kms.katalon.core.main.TestCaseExecutor.runScript(TestCaseExecutor.java:328)
	at com.kms.katalon.core.main.TestCaseExecutor.doExecute(TestCaseExecutor.java:319)
	at com.kms.katalon.core.main.TestCaseExecutor.processExecutionPhase(TestCaseExecutor.java:298)
	at com.kms.katalon.core.main.TestCaseExecutor.accessMainPhase(TestCaseExecutor.java:290)
	at com.kms.katalon.core.main.TestCaseExecutor.execute(TestCaseExecutor.java:224)
	at com.kms.katalon.core.main.TestSuiteExecutor.accessTestCaseMainPhase(TestSuiteExecutor.java:129)
	at com.kms.katalon.core.main.TestSuiteExecutor.accessTestSuiteMainPhase(TestSuiteExecutor.java:112)
	at com.kms.katalon.core.main.TestSuiteExecutor.execute(TestSuiteExecutor.java:81)
	at com.kms.katalon.core.main.TestCaseMain.startTestSuite(TestCaseMain.java:149)
	at com.kms.katalon.core.main.TestCaseMain$startTestSuite$0.call(Unknown Source)
	at TempTestSuite1562794812628.run(TempTestSuite1562794812628.groovy:36)


2019-07-10 17:55:26 - [TEST_STEP][PASSED] - callTestCase(findTestCase("CALL - URL"), [:], STOP_ON_FAILURE): Call Test Case 'Test Cases/CALL - URL' successfully

2019-07-10 17:55:26 - [TEST_CASE][PASSED] - Test Cases/CALL - URL: Test Cases/CALL - URL

2019-07-10 17:55:26 - [TEST_STEP][PASSED] - openBrowser(""): Browser is opened with url: ''

2019-07-10 17:55:26 - [MESSAGE][WARNING] - A browser is already opened. Closing browser and opening a new one

2019-07-10 17:55:39 - [MESSAGE][INFO] - Starting 'Remote' driver

2019-07-10 17:55:39 - [MESSAGE][INFO] - User set preference: ['os', 'Windows']

2019-07-10 17:55:39 - [MESSAGE][INFO] - User set preference: ['os_version', '10']

2019-07-10 17:55:39 - [MESSAGE][INFO] - User set preference: ['browser', 'Edge']

2019-07-10 17:55:39 - [MESSAGE][INFO] - User set preference: ['browser_version', '18.0']

2019-07-10 17:55:39 - [MESSAGE][INFO] - User set preference: ['resolution', '']

2019-07-10 17:55:39 - [MESSAGE][INFO] - Connecting to remote web server 'https://dianatest3:Z3oqw9ysqTeRQJq5wFCp@hub-cloud.browserstack.com/wd/hub' with type 'Selenium'

2019-07-10 17:55:57 - [MESSAGE][PASSED] - Browser is opened with url: ''

2019-07-10 17:55:57 - [TEST_STEP][PASSED] - navigateToUrl("https://diff-apollo.myshopify.com/?_ab=0&_fd=0&_sc=1&preview_theme_id=68640637028"): Navigate to 'https://diff-apollo.myshopify.com/?_ab=0&_fd=0&_sc=1&preview_theme_id=68640637028' successfully

2019-07-10 17:56:07 - [MESSAGE][PASSED] - Navigate to 'https://diff-apollo.myshopify.com/?_ab=0&_fd=0&_sc=1&preview_theme_id=68640637028' successfully

2019-07-10 17:56:07 - [TEST_STEP][NOT_RUN] - executeJavaScript("var previewBar = document.getElementById("preview-bar-iframe"); previewBar.style.display = "none";", []): NOT_RUN: executeJavaScript("var previewBar = document.getElementById("preview-bar-iframe"); previewBar.style.display = "none";", [])

2019-07-10 17:56:07 - [MESSAGE][NOT_RUN] - NOT_RUN: executeJavaScript("var previewBar = document.getElementById("preview-bar-iframe"); previewBar.style.display = "none";", [])

2019-07-10 17:56:07 - [TEST_STEP][PASSED] - maximizeWindow(): Current window maximized

2019-07-10 17:56:08 - [MESSAGE][PASSED] - Current window maximized

2019-07-10 17:56:08 - [MESSAGE][PASSED] - Call Test Case 'Test Cases/CALL - URL' successfully

2019-07-10 17:56:08 - [TEST_STEP][PASSED] - delay(2): Delayed 2 second(s)

2019-07-10 17:56:10 - [MESSAGE][PASSED] - Delayed 2 second(s)

2019-07-10 17:56:10 - [TEST_STEP][PASSED] - click(findTestObject("APOLLO- Desktop/Burger Menu/Burgermenu")): Object: 'Object Repository/APOLLO- Desktop/Burger Menu/Burgermenu' is clicked on

2019-07-10 17:56:10 - [MESSAGE][PASSED] - Object: 'Object Repository/APOLLO- Desktop/Burger Menu/Burgermenu' is clicked on

2019-07-10 17:56:10 - [TEST_STEP][PASSED] - delay(2): Delayed 2 second(s)

2019-07-10 17:56:12 - [MESSAGE][PASSED] - Delayed 2 second(s)

2019-07-10 17:56:12 - [TEST_STEP][PASSED] - click(findTestObject("APOLLO- Desktop/Burger Menu/Mens chevron")): Object: 'Object Repository/APOLLO- Desktop/Burger Menu/Mens chevron' is clicked on

2019-07-10 17:56:13 - [MESSAGE][PASSED] - Object: 'Object Repository/APOLLO- Desktop/Burger Menu/Mens chevron' is clicked on

2019-07-10 17:56:13 - [TEST_STEP][PASSED] - delay(2): Delayed 2 second(s)

2019-07-10 17:56:15 - [MESSAGE][PASSED] - Delayed 2 second(s)

2019-07-10 17:56:15 - [TEST_STEP][PASSED] - click(findTestObject("APOLLO- Desktop/Burger Menu/Mens - Top Chevron")): Object: 'Object Repository/APOLLO- Desktop/Burger Menu/Mens - Top Chevron' is clicked on

2019-07-10 17:56:16 - [MESSAGE][PASSED] - Object: 'Object Repository/APOLLO- Desktop/Burger Menu/Mens - Top Chevron' is clicked on

2019-07-10 17:56:16 - [TEST_STEP][PASSED] - delay(2): Delayed 2 second(s)

2019-07-10 17:56:18 - [MESSAGE][PASSED] - Delayed 2 second(s)

2019-07-10 17:56:18 - [TEST_STEP][PASSED] - click(findTestObject("APOLLO- Desktop/Burger Menu/Shirts link")): Object: 'Object Repository/APOLLO- Desktop/Burger Menu/Shirts link' is clicked on

2019-07-10 17:56:18 - [MESSAGE][PASSED] - Object: 'Object Repository/APOLLO- Desktop/Burger Menu/Shirts link' is clicked on

2019-07-10 17:56:18 - [TEST_STEP][NOT_RUN] - executeJavaScript("var previewBar = document.getElementById("preview-bar-iframe"); previewBar.style.display = "none";", []): NOT_RUN: executeJavaScript("var previewBar = document.getElementById("preview-bar-iframe"); previewBar.style.display = "none";", [])

2019-07-10 17:56:18 - [MESSAGE][NOT_RUN] - NOT_RUN: executeJavaScript("var previewBar = document.getElementById("preview-bar-iframe"); previewBar.style.display = "none";", [])

2019-07-10 17:56:18 - [TEST_STEP][PASSED] - delay(2): Delayed 2 second(s)

2019-07-10 17:56:20 - [MESSAGE][PASSED] - Delayed 2 second(s)

2019-07-10 17:56:20 - [TEST_STEP][PASSED] - click(findTestObject("APOLLO- Desktop/Collection page/Blue shirt product")): Object: 'Object Repository/APOLLO- Desktop/Collection page/Blue shirt product' is clicked on

2019-07-10 17:56:21 - [MESSAGE][PASSED] - Object: 'Object Repository/APOLLO- Desktop/Collection page/Blue shirt product' is clicked on

2019-07-10 17:56:21 - [TEST_STEP][PASSED] - delay(2): Delayed 2 second(s)

2019-07-10 17:56:23 - [MESSAGE][PASSED] - Delayed 2 second(s)

2019-07-10 17:56:23 - [TEST_STEP][NOT_RUN] - executeJavaScript("var previewBar = document.getElementById("preview-bar-iframe"); previewBar.style.display = "none";", []): NOT_RUN: executeJavaScript("var previewBar = document.getElementById("preview-bar-iframe"); previewBar.style.display = "none";", [])

2019-07-10 17:56:23 - [MESSAGE][NOT_RUN] - NOT_RUN: executeJavaScript("var previewBar = document.getElementById("preview-bar-iframe"); previewBar.style.display = "none";", [])

2019-07-10 17:56:23 - [TEST_STEP][PASSED] - delay(2): Delayed 2 second(s)

2019-07-10 17:56:25 - [MESSAGE][PASSED] - Delayed 2 second(s)

2019-07-10 17:56:25 - [TEST_STEP][PASSED] - click(findTestObject("APOLLO- Desktop/Product page/facebook icon")): Object: 'Object Repository/APOLLO- Desktop/Product page/facebook icon' is clicked on

2019-07-10 17:56:26 - [MESSAGE][PASSED] - Object: 'Object Repository/APOLLO- Desktop/Product page/facebook icon' is clicked on

2019-07-10 17:56:26 - [TEST_STEP][PASSED] - delay(2): Delayed 2 second(s)

2019-07-10 17:56:28 - [MESSAGE][PASSED] - Delayed 2 second(s)

2019-07-10 17:56:28 - [TEST_STEP][FAILED] - click(findTestObject("APOLLO- Desktop/Product page/twitter icon")): click(findTestObject("APOLLO- Desktop/Product page/twitter icon")) FAILED.
Reason:
com.kms.katalon.core.exception.StepFailedException: Unable to click on object 'Object Repository/APOLLO- Desktop/Product page/twitter icon' (Root cause: org.openqa.selenium.ElementClickInterceptedException: The command failed because the specified element is obscured.
Build info: version: '3.7.1', revision: '8a0099a', time: '2017-11-06T21:07:36.161Z'
System info: host: 'sumans-MacBook-Pro.local', ip: 'fe80:0:0:0:47c:ca88:4245:b7a7%en0', os.name: 'Mac OS X', os.arch: 'x86_64', os.version: '10.13.6', java.version: '1.8.0_181'
Driver info: com.kms.katalon.selenium.driver.CRemoteWebDriver
Capabilities {acceptInsecureCerts: false, browserName: MicrosoftEdge, browserVersion: 44.18362.1.0, javascriptEnabled: true, pageLoadStrategy: normal, platform: WINDOWS, platformName: WINDOWS, proxy: Proxy(), setWindowRect: false, timeouts: {implicit: 0, pageLoad: 300000, script: 30000}}
Session ID: 12fa65523dd05804ec59670af2fecfae2e24c75e)
	at com.kms.katalon.core.keyword.internal.KeywordMain.stepFailed(KeywordMain.groovy:36)
	at com.kms.katalon.core.webui.keyword.internal.WebUIKeywordMain.stepFailed(WebUIKeywordMain.groovy:65)
	at com.kms.katalon.core.webui.keyword.internal.WebUIKeywordMain.runKeyword(WebUIKeywordMain.groovy:27)
	at com.kms.katalon.core.webui.keyword.builtin.ClickKeyword.click(ClickKeyword.groovy:86)
	at com.kms.katalon.core.webui.keyword.builtin.ClickKeyword.execute(ClickKeyword.groovy:67)
	at com.kms.katalon.core.keyword.internal.KeywordExecutor.executeKeywordForPlatform(KeywordExecutor.groovy:53)
	at com.kms.katalon.core.webui.keyword.WebUiBuiltInKeywords.click(WebUiBuiltInKeywords.groovy:616)
	at com.kms.katalon.core.webui.keyword.WebUiBuiltInKeywords$click$2.call(Unknown Source)
	at Social media icons.run(Social media icons:52)
	at com.kms.katalon.core.main.ScriptEngine.run(ScriptEngine.java:194)
	at com.kms.katalon.core.main.ScriptEngine.runScriptAsRawText(ScriptEngine.java:119)
	at com.kms.katalon.core.main.TestCaseExecutor.runScript(TestCaseExecutor.java:328)
	at com.kms.katalon.core.main.TestCaseExecutor.doExecute(TestCaseExecutor.java:319)
	at com.kms.katalon.core.main.TestCaseExecutor.processExecutionPhase(TestCaseExecutor.java:298)
	at com.kms.katalon.core.main.TestCaseExecutor.accessMainPhase(TestCaseExecutor.java:290)
	at com.kms.katalon.core.main.TestCaseExecutor.execute(TestCaseExecutor.java:224)
	at com.kms.katalon.core.main.TestSuiteExecutor.accessTestCaseMainPhase(TestSuiteExecutor.java:129)
	at com.kms.katalon.core.main.TestSuiteExecutor.accessTestSuiteMainPhase(TestSuiteExecutor.java:112)
	at com.kms.katalon.core.main.TestSuiteExecutor.execute(TestSuiteExecutor.java:81)
	at com.kms.katalon.core.main.TestCaseMain.startTestSuite(TestCaseMain.java:149)
	at com.kms.katalon.core.main.TestCaseMain$startTestSuite$0.call(Unknown Source)
	at TempTestSuite1562794812628.run(TempTestSuite1562794812628.groovy:36)


2019-07-10 17:56:30 - [MESSAGE][FAILED] - Unable to click on object 'Object Repository/APOLLO- Desktop/Product page/twitter icon' (Root cause: org.openqa.selenium.ElementClickInterceptedException: The command failed because the specified element is obscured.
Build info: version: '3.7.1', revision: '8a0099a', time: '2017-11-06T21:07:36.161Z'
System info: host: 'sumans-MacBook-Pro.local', ip: 'fe80:0:0:0:47c:ca88:4245:b7a7%en0', os.name: 'Mac OS X', os.arch: 'x86_64', os.version: '10.13.6', java.version: '1.8.0_181'
Driver info: com.kms.katalon.selenium.driver.CRemoteWebDriver
Capabilities {acceptInsecureCerts: false, browserName: MicrosoftEdge, browserVersion: 44.18362.1.0, javascriptEnabled: true, pageLoadStrategy: normal, platform: WINDOWS, platformName: WINDOWS, proxy: Proxy(), setWindowRect: false, timeouts: {implicit: 0, pageLoad: 300000, script: 30000}}
Session ID: 12fa65523dd05804ec59670af2fecfae2e24c75e)
[[ATTACHMENT|/Users/sumankompelly/git/Apollo-Dark-Desktop/Reports/Apollo - dark build/20190710_174012/1562795789943.png]]

2019-07-10 17:56:30 - [MESSAGE][FAILED] - click(findTestObject("APOLLO- Desktop/Product page/twitter icon")) FAILED.
Reason:
com.kms.katalon.core.exception.StepFailedException: Unable to click on object 'Object Repository/APOLLO- Desktop/Product page/twitter icon' (Root cause: org.openqa.selenium.ElementClickInterceptedException: The command failed because the specified element is obscured.
Build info: version: '3.7.1', revision: '8a0099a', time: '2017-11-06T21:07:36.161Z'
System info: host: 'sumans-MacBook-Pro.local', ip: 'fe80:0:0:0:47c:ca88:4245:b7a7%en0', os.name: 'Mac OS X', os.arch: 'x86_64', os.version: '10.13.6', java.version: '1.8.0_181'
Driver info: com.kms.katalon.selenium.driver.CRemoteWebDriver
Capabilities {acceptInsecureCerts: false, browserName: MicrosoftEdge, browserVersion: 44.18362.1.0, javascriptEnabled: true, pageLoadStrategy: normal, platform: WINDOWS, platformName: WINDOWS, proxy: Proxy(), setWindowRect: false, timeouts: {implicit: 0, pageLoad: 300000, script: 30000}}
Session ID: 12fa65523dd05804ec59670af2fecfae2e24c75e)
	at com.kms.katalon.core.keyword.internal.KeywordMain.stepFailed(KeywordMain.groovy:36)
	at com.kms.katalon.core.webui.keyword.internal.WebUIKeywordMain.stepFailed(WebUIKeywordMain.groovy:65)
	at com.kms.katalon.core.webui.keyword.internal.WebUIKeywordMain.runKeyword(WebUIKeywordMain.groovy:27)
	at com.kms.katalon.core.webui.keyword.builtin.ClickKeyword.click(ClickKeyword.groovy:86)
	at com.kms.katalon.core.webui.keyword.builtin.ClickKeyword.execute(ClickKeyword.groovy:67)
	at com.kms.katalon.core.keyword.internal.KeywordExecutor.executeKeywordForPlatform(KeywordExecutor.groovy:53)
	at com.kms.katalon.core.webui.keyword.WebUiBuiltInKeywords.click(WebUiBuiltInKeywords.groovy:616)
	at com.kms.katalon.core.webui.keyword.WebUiBuiltInKeywords$click$2.call(Unknown Source)
	at Social media icons.run(Social media icons:52)
	at com.kms.katalon.core.main.ScriptEngine.run(ScriptEngine.java:194)
	at com.kms.katalon.core.main.ScriptEngine.runScriptAsRawText(ScriptEngine.java:119)
	at com.kms.katalon.core.main.TestCaseExecutor.runScript(TestCaseExecutor.java:328)
	at com.kms.katalon.core.main.TestCaseExecutor.doExecute(TestCaseExecutor.java:319)
	at com.kms.katalon.core.main.TestCaseExecutor.processExecutionPhase(TestCaseExecutor.java:298)
	at com.kms.katalon.core.main.TestCaseExecutor.accessMainPhase(TestCaseExecutor.java:290)
	at com.kms.katalon.core.main.TestCaseExecutor.execute(TestCaseExecutor.java:224)
	at com.kms.katalon.core.main.TestSuiteExecutor.accessTestCaseMainPhase(TestSuiteExecutor.java:129)
	at com.kms.katalon.core.main.TestSuiteExecutor.accessTestSuiteMainPhase(TestSuiteExecutor.java:112)
	at com.kms.katalon.core.main.TestSuiteExecutor.execute(TestSuiteExecutor.java:81)
	at com.kms.katalon.core.main.TestCaseMain.startTestSuite(TestCaseMain.java:149)
	at com.kms.katalon.core.main.TestCaseMain$startTestSuite$0.call(Unknown Source)
	at TempTestSuite1562794812628.run(TempTestSuite1562794812628.groovy:36)]]></system-out>
         <system-err><![CDATA[2019-07-10 17:55:26 - [TEST_CASE][FAILED] - Test Cases/PRODUCT PAGE/Social media icons: Test Cases/PRODUCT PAGE/Social media icons FAILED.
Reason:
com.kms.katalon.core.exception.StepFailedException: Unable to click on object 'Object Repository/APOLLO- Desktop/Product page/twitter icon' (Root cause: org.openqa.selenium.ElementClickInterceptedException: The command failed because the specified element is obscured.
Build info: version: '3.7.1', revision: '8a0099a', time: '2017-11-06T21:07:36.161Z'
System info: host: 'sumans-MacBook-Pro.local', ip: 'fe80:0:0:0:47c:ca88:4245:b7a7%en0', os.name: 'Mac OS X', os.arch: 'x86_64', os.version: '10.13.6', java.version: '1.8.0_181'
Driver info: com.kms.katalon.selenium.driver.CRemoteWebDriver
Capabilities {acceptInsecureCerts: false, browserName: MicrosoftEdge, browserVersion: 44.18362.1.0, javascriptEnabled: true, pageLoadStrategy: normal, platform: WINDOWS, platformName: WINDOWS, proxy: Proxy(), setWindowRect: false, timeouts: {implicit: 0, pageLoad: 300000, script: 30000}}
Session ID: 12fa65523dd05804ec59670af2fecfae2e24c75e)
	at com.kms.katalon.core.keyword.internal.KeywordMain.stepFailed(KeywordMain.groovy:36)
	at com.kms.katalon.core.webui.keyword.internal.WebUIKeywordMain.stepFailed(WebUIKeywordMain.groovy:65)
	at com.kms.katalon.core.webui.keyword.internal.WebUIKeywordMain.runKeyword(WebUIKeywordMain.groovy:27)
	at com.kms.katalon.core.webui.keyword.builtin.ClickKeyword.click(ClickKeyword.groovy:86)
	at com.kms.katalon.core.webui.keyword.builtin.ClickKeyword.execute(ClickKeyword.groovy:67)
	at com.kms.katalon.core.keyword.internal.KeywordExecutor.executeKeywordForPlatform(KeywordExecutor.groovy:53)
	at com.kms.katalon.core.webui.keyword.WebUiBuiltInKeywords.click(WebUiBuiltInKeywords.groovy:616)
	at com.kms.katalon.core.webui.keyword.WebUiBuiltInKeywords$click$2.call(Unknown Source)
	at Social media icons.run(Social media icons:52)
	at com.kms.katalon.core.main.ScriptEngine.run(ScriptEngine.java:194)
	at com.kms.katalon.core.main.ScriptEngine.runScriptAsRawText(ScriptEngine.java:119)
	at com.kms.katalon.core.main.TestCaseExecutor.runScript(TestCaseExecutor.java:328)
	at com.kms.katalon.core.main.TestCaseExecutor.doExecute(TestCaseExecutor.java:319)
	at com.kms.katalon.core.main.TestCaseExecutor.processExecutionPhase(TestCaseExecutor.java:298)
	at com.kms.katalon.core.main.TestCaseExecutor.accessMainPhase(TestCaseExecutor.java:290)
	at com.kms.katalon.core.main.TestCaseExecutor.execute(TestCaseExecutor.java:224)
	at com.kms.katalon.core.main.TestSuiteExecutor.accessTestCaseMainPhase(TestSuiteExecutor.java:129)
	at com.kms.katalon.core.main.TestSuiteExecutor.accessTestSuiteMainPhase(TestSuiteExecutor.java:112)
	at com.kms.katalon.core.main.TestSuiteExecutor.execute(TestSuiteExecutor.java:81)
	at com.kms.katalon.core.main.TestCaseMain.startTestSuite(TestCaseMain.java:149)
	at com.kms.katalon.core.main.TestCaseMain$startTestSuite$0.call(Unknown Source)
	at TempTestSuite1562794812628.run(TempTestSuite1562794812628.groovy:36)]]></system-err>
      </testcase>
      <testcase name="Test Cases/PRODUCT PAGE/More payment link and buy with google pay" classname="Test Cases/PRODUCT PAGE/More payment link and buy with google pay" status="FAILED">
         <failure type="FAILED" message="Test Cases/PRODUCT PAGE/More payment link and buy with google pay FAILED.
Reason:
com.kms.katalon.core.exception.StepFailedException: Unable to click on object 'Object Repository/APOLLO- Desktop/Product page/More payment options' (Root cause: com.kms.katalon.core.webui.exception.WebElementNotFoundException: Web element with id: 'Object Repository/APOLLO- Desktop/Product page/More payment options' located by 'By.xpath: //button[@class='shopify-payment-button__more-options _2ogcW-Q9I-rgsSkNbRiJzA']' not found)
	at com.kms.katalon.core.keyword.internal.KeywordMain.stepFailed(KeywordMain.groovy:36)
	at com.kms.katalon.core.webui.keyword.internal.WebUIKeywordMain.stepFailed(WebUIKeywordMain.groovy:65)
	at com.kms.katalon.core.webui.keyword.internal.WebUIKeywordMain.runKeyword(WebUIKeywordMain.groovy:27)
	at com.kms.katalon.core.webui.keyword.builtin.ClickKeyword.click(ClickKeyword.groovy:86)
	at com.kms.katalon.core.webui.keyword.builtin.ClickKeyword.execute(ClickKeyword.groovy:67)
	at com.kms.katalon.core.keyword.internal.KeywordExecutor.executeKeywordForPlatform(KeywordExecutor.groovy:53)
	at com.kms.katalon.core.webui.keyword.WebUiBuiltInKeywords.click(WebUiBuiltInKeywords.groovy:616)
	at com.kms.katalon.core.webui.keyword.WebUiBuiltInKeywords$click$2.call(Unknown Source)
	at More payment link and buy with google pay.run(More payment link and buy with google pay:48)
	at com.kms.katalon.core.main.ScriptEngine.run(ScriptEngine.java:194)
	at com.kms.katalon.core.main.ScriptEngine.runScriptAsRawText(ScriptEngine.java:119)
	at com.kms.katalon.core.main.TestCaseExecutor.runScript(TestCaseExecutor.java:328)
	at com.kms.katalon.core.main.TestCaseExecutor.doExecute(TestCaseExecutor.java:319)
	at com.kms.katalon.core.main.TestCaseExecutor.processExecutionPhase(TestCaseExecutor.java:298)
	at com.kms.katalon.core.main.TestCaseExecutor.accessMainPhase(TestCaseExecutor.java:290)
	at com.kms.katalon.core.main.TestCaseExecutor.execute(TestCaseExecutor.java:224)
	at com.kms.katalon.core.main.TestSuiteExecutor.accessTestCaseMainPhase(TestSuiteExecutor.java:129)
	at com.kms.katalon.core.main.TestSuiteExecutor.accessTestSuiteMainPhase(TestSuiteExecutor.java:112)
	at com.kms.katalon.core.main.TestSuiteExecutor.execute(TestSuiteExecutor.java:81)
	at com.kms.katalon.core.main.TestCaseMain.startTestSuite(TestCaseMain.java:149)
	at com.kms.katalon.core.main.TestCaseMain$startTestSuite$0.call(Unknown Source)
	at TempTestSuite1562794812628.run(TempTestSuite1562794812628.groovy:36)
"/>
         <system-out><![CDATA[2019-07-10 17:56:30 - [TEST_CASE][FAILED] - Test Cases/PRODUCT PAGE/More payment link and buy with google pay: Test Cases/PRODUCT PAGE/More payment link and buy with google pay FAILED.
Reason:
com.kms.katalon.core.exception.StepFailedException: Unable to click on object 'Object Repository/APOLLO- Desktop/Product page/More payment options' (Root cause: com.kms.katalon.core.webui.exception.WebElementNotFoundException: Web element with id: 'Object Repository/APOLLO- Desktop/Product page/More payment options' located by 'By.xpath: //button[@class='shopify-payment-button__more-options _2ogcW-Q9I-rgsSkNbRiJzA']' not found)
	at com.kms.katalon.core.keyword.internal.KeywordMain.stepFailed(KeywordMain.groovy:36)
	at com.kms.katalon.core.webui.keyword.internal.WebUIKeywordMain.stepFailed(WebUIKeywordMain.groovy:65)
	at com.kms.katalon.core.webui.keyword.internal.WebUIKeywordMain.runKeyword(WebUIKeywordMain.groovy:27)
	at com.kms.katalon.core.webui.keyword.builtin.ClickKeyword.click(ClickKeyword.groovy:86)
	at com.kms.katalon.core.webui.keyword.builtin.ClickKeyword.execute(ClickKeyword.groovy:67)
	at com.kms.katalon.core.keyword.internal.KeywordExecutor.executeKeywordForPlatform(KeywordExecutor.groovy:53)
	at com.kms.katalon.core.webui.keyword.WebUiBuiltInKeywords.click(WebUiBuiltInKeywords.groovy:616)
	at com.kms.katalon.core.webui.keyword.WebUiBuiltInKeywords$click$2.call(Unknown Source)
	at More payment link and buy with google pay.run(More payment link and buy with google pay:48)
	at com.kms.katalon.core.main.ScriptEngine.run(ScriptEngine.java:194)
	at com.kms.katalon.core.main.ScriptEngine.runScriptAsRawText(ScriptEngine.java:119)
	at com.kms.katalon.core.main.TestCaseExecutor.runScript(TestCaseExecutor.java:328)
	at com.kms.katalon.core.main.TestCaseExecutor.doExecute(TestCaseExecutor.java:319)
	at com.kms.katalon.core.main.TestCaseExecutor.processExecutionPhase(TestCaseExecutor.java:298)
	at com.kms.katalon.core.main.TestCaseExecutor.accessMainPhase(TestCaseExecutor.java:290)
	at com.kms.katalon.core.main.TestCaseExecutor.execute(TestCaseExecutor.java:224)
	at com.kms.katalon.core.main.TestSuiteExecutor.accessTestCaseMainPhase(TestSuiteExecutor.java:129)
	at com.kms.katalon.core.main.TestSuiteExecutor.accessTestSuiteMainPhase(TestSuiteExecutor.java:112)
	at com.kms.katalon.core.main.TestSuiteExecutor.execute(TestSuiteExecutor.java:81)
	at com.kms.katalon.core.main.TestCaseMain.startTestSuite(TestCaseMain.java:149)
	at com.kms.katalon.core.main.TestCaseMain$startTestSuite$0.call(Unknown Source)
	at TempTestSuite1562794812628.run(TempTestSuite1562794812628.groovy:36)


2019-07-10 17:56:31 - [TEST_STEP][PASSED] - callTestCase(findTestCase("CALL - URL"), [:], STOP_ON_FAILURE): Call Test Case 'Test Cases/CALL - URL' successfully

2019-07-10 17:56:31 - [TEST_CASE][PASSED] - Test Cases/CALL - URL: Test Cases/CALL - URL

2019-07-10 17:56:31 - [TEST_STEP][PASSED] - openBrowser(""): Browser is opened with url: ''

2019-07-10 17:56:31 - [MESSAGE][WARNING] - A browser is already opened. Closing browser and opening a new one

2019-07-10 17:56:32 - [MESSAGE][INFO] - Starting 'Remote' driver

2019-07-10 17:56:32 - [MESSAGE][INFO] - User set preference: ['os', 'Windows']

2019-07-10 17:56:32 - [MESSAGE][INFO] - User set preference: ['os_version', '10']

2019-07-10 17:56:32 - [MESSAGE][INFO] - User set preference: ['browser', 'Edge']

2019-07-10 17:56:32 - [MESSAGE][INFO] - User set preference: ['browser_version', '18.0']

2019-07-10 17:56:32 - [MESSAGE][INFO] - User set preference: ['resolution', '']

2019-07-10 17:56:32 - [MESSAGE][INFO] - Connecting to remote web server 'https://dianatest3:Z3oqw9ysqTeRQJq5wFCp@hub-cloud.browserstack.com/wd/hub' with type 'Selenium'

2019-07-10 17:56:43 - [MESSAGE][PASSED] - Browser is opened with url: ''

2019-07-10 17:56:43 - [TEST_STEP][PASSED] - navigateToUrl("https://diff-apollo.myshopify.com/?_ab=0&_fd=0&_sc=1&preview_theme_id=68640637028"): Navigate to 'https://diff-apollo.myshopify.com/?_ab=0&_fd=0&_sc=1&preview_theme_id=68640637028' successfully

2019-07-10 17:56:55 - [MESSAGE][PASSED] - Navigate to 'https://diff-apollo.myshopify.com/?_ab=0&_fd=0&_sc=1&preview_theme_id=68640637028' successfully

2019-07-10 17:56:55 - [TEST_STEP][NOT_RUN] - executeJavaScript("var previewBar = document.getElementById("preview-bar-iframe"); previewBar.style.display = "none";", []): NOT_RUN: executeJavaScript("var previewBar = document.getElementById("preview-bar-iframe"); previewBar.style.display = "none";", [])

2019-07-10 17:56:55 - [MESSAGE][NOT_RUN] - NOT_RUN: executeJavaScript("var previewBar = document.getElementById("preview-bar-iframe"); previewBar.style.display = "none";", [])

2019-07-10 17:56:55 - [TEST_STEP][PASSED] - maximizeWindow(): Current window maximized

2019-07-10 17:56:55 - [MESSAGE][PASSED] - Current window maximized

2019-07-10 17:56:55 - [MESSAGE][PASSED] - Call Test Case 'Test Cases/CALL - URL' successfully

2019-07-10 17:56:55 - [TEST_STEP][PASSED] - delay(2): Delayed 2 second(s)

2019-07-10 17:56:57 - [MESSAGE][PASSED] - Delayed 2 second(s)

2019-07-10 17:56:57 - [TEST_STEP][PASSED] - click(findTestObject("APOLLO- Desktop/Burger Menu/Burgermenu")): Object: 'Object Repository/APOLLO- Desktop/Burger Menu/Burgermenu' is clicked on

2019-07-10 17:56:58 - [MESSAGE][PASSED] - Object: 'Object Repository/APOLLO- Desktop/Burger Menu/Burgermenu' is clicked on

2019-07-10 17:56:58 - [TEST_STEP][PASSED] - delay(2): Delayed 2 second(s)

2019-07-10 17:57:00 - [MESSAGE][PASSED] - Delayed 2 second(s)

2019-07-10 17:57:00 - [TEST_STEP][PASSED] - click(findTestObject("APOLLO- Desktop/Burger Menu/Mens chevron")): Object: 'Object Repository/APOLLO- Desktop/Burger Menu/Mens chevron' is clicked on

2019-07-10 17:57:01 - [MESSAGE][PASSED] - Object: 'Object Repository/APOLLO- Desktop/Burger Menu/Mens chevron' is clicked on

2019-07-10 17:57:01 - [TEST_STEP][PASSED] - delay(2): Delayed 2 second(s)

2019-07-10 17:57:03 - [MESSAGE][PASSED] - Delayed 2 second(s)

2019-07-10 17:57:03 - [TEST_STEP][PASSED] - click(findTestObject("APOLLO- Desktop/Burger Menu/Mens - Top Chevron")): Object: 'Object Repository/APOLLO- Desktop/Burger Menu/Mens - Top Chevron' is clicked on

2019-07-10 17:57:04 - [MESSAGE][PASSED] - Object: 'Object Repository/APOLLO- Desktop/Burger Menu/Mens - Top Chevron' is clicked on

2019-07-10 17:57:04 - [TEST_STEP][PASSED] - delay(2): Delayed 2 second(s)

2019-07-10 17:57:06 - [MESSAGE][PASSED] - Delayed 2 second(s)

2019-07-10 17:57:06 - [TEST_STEP][PASSED] - click(findTestObject("APOLLO- Desktop/Burger Menu/Shirts link")): Object: 'Object Repository/APOLLO- Desktop/Burger Menu/Shirts link' is clicked on

2019-07-10 17:57:07 - [MESSAGE][PASSED] - Object: 'Object Repository/APOLLO- Desktop/Burger Menu/Shirts link' is clicked on

2019-07-10 17:57:07 - [TEST_STEP][NOT_RUN] - executeJavaScript("var previewBar = document.getElementById("preview-bar-iframe"); previewBar.style.display = "none";", []): NOT_RUN: executeJavaScript("var previewBar = document.getElementById("preview-bar-iframe"); previewBar.style.display = "none";", [])

2019-07-10 17:57:07 - [MESSAGE][NOT_RUN] - NOT_RUN: executeJavaScript("var previewBar = document.getElementById("preview-bar-iframe"); previewBar.style.display = "none";", [])

2019-07-10 17:57:07 - [TEST_STEP][PASSED] - delay(2): Delayed 2 second(s)

2019-07-10 17:57:09 - [MESSAGE][PASSED] - Delayed 2 second(s)

2019-07-10 17:57:09 - [TEST_STEP][PASSED] - click(findTestObject("APOLLO- Desktop/Collection page/Blue shirt product")): Object: 'Object Repository/APOLLO- Desktop/Collection page/Blue shirt product' is clicked on

2019-07-10 17:57:10 - [MESSAGE][PASSED] - Object: 'Object Repository/APOLLO- Desktop/Collection page/Blue shirt product' is clicked on

2019-07-10 17:57:10 - [TEST_STEP][PASSED] - delay(2): Delayed 2 second(s)

2019-07-10 17:57:12 - [MESSAGE][PASSED] - Delayed 2 second(s)

2019-07-10 17:57:12 - [TEST_STEP][NOT_RUN] - executeJavaScript("var previewBar = document.getElementById("preview-bar-iframe"); previewBar.style.display = "none";", []): NOT_RUN: executeJavaScript("var previewBar = document.getElementById("preview-bar-iframe"); previewBar.style.display = "none";", [])

2019-07-10 17:57:12 - [MESSAGE][NOT_RUN] - NOT_RUN: executeJavaScript("var previewBar = document.getElementById("preview-bar-iframe"); previewBar.style.display = "none";", [])

2019-07-10 17:57:12 - [TEST_STEP][PASSED] - delay(2): Delayed 2 second(s)

2019-07-10 17:57:14 - [MESSAGE][PASSED] - Delayed 2 second(s)

2019-07-10 17:57:14 - [TEST_STEP][FAILED] - click(findTestObject("APOLLO- Desktop/Product page/More payment options")): click(findTestObject("APOLLO- Desktop/Product page/More payment options")) FAILED.
Reason:
com.kms.katalon.core.exception.StepFailedException: Unable to click on object 'Object Repository/APOLLO- Desktop/Product page/More payment options' (Root cause: com.kms.katalon.core.webui.exception.WebElementNotFoundException: Web element with id: 'Object Repository/APOLLO- Desktop/Product page/More payment options' located by 'By.xpath: //button[@class='shopify-payment-button__more-options _2ogcW-Q9I-rgsSkNbRiJzA']' not found)
	at com.kms.katalon.core.keyword.internal.KeywordMain.stepFailed(KeywordMain.groovy:36)
	at com.kms.katalon.core.webui.keyword.internal.WebUIKeywordMain.stepFailed(WebUIKeywordMain.groovy:65)
	at com.kms.katalon.core.webui.keyword.internal.WebUIKeywordMain.runKeyword(WebUIKeywordMain.groovy:27)
	at com.kms.katalon.core.webui.keyword.builtin.ClickKeyword.click(ClickKeyword.groovy:86)
	at com.kms.katalon.core.webui.keyword.builtin.ClickKeyword.execute(ClickKeyword.groovy:67)
	at com.kms.katalon.core.keyword.internal.KeywordExecutor.executeKeywordForPlatform(KeywordExecutor.groovy:53)
	at com.kms.katalon.core.webui.keyword.WebUiBuiltInKeywords.click(WebUiBuiltInKeywords.groovy:616)
	at com.kms.katalon.core.webui.keyword.WebUiBuiltInKeywords$click$2.call(Unknown Source)
	at More payment link and buy with google pay.run(More payment link and buy with google pay:48)
	at com.kms.katalon.core.main.ScriptEngine.run(ScriptEngine.java:194)
	at com.kms.katalon.core.main.ScriptEngine.runScriptAsRawText(ScriptEngine.java:119)
	at com.kms.katalon.core.main.TestCaseExecutor.runScript(TestCaseExecutor.java:328)
	at com.kms.katalon.core.main.TestCaseExecutor.doExecute(TestCaseExecutor.java:319)
	at com.kms.katalon.core.main.TestCaseExecutor.processExecutionPhase(TestCaseExecutor.java:298)
	at com.kms.katalon.core.main.TestCaseExecutor.accessMainPhase(TestCaseExecutor.java:290)
	at com.kms.katalon.core.main.TestCaseExecutor.execute(TestCaseExecutor.java:224)
	at com.kms.katalon.core.main.TestSuiteExecutor.accessTestCaseMainPhase(TestSuiteExecutor.java:129)
	at com.kms.katalon.core.main.TestSuiteExecutor.accessTestSuiteMainPhase(TestSuiteExecutor.java:112)
	at com.kms.katalon.core.main.TestSuiteExecutor.execute(TestSuiteExecutor.java:81)
	at com.kms.katalon.core.main.TestCaseMain.startTestSuite(TestCaseMain.java:149)
	at com.kms.katalon.core.main.TestCaseMain$startTestSuite$0.call(Unknown Source)
	at TempTestSuite1562794812628.run(TempTestSuite1562794812628.groovy:36)


2019-07-10 17:58:04 - [MESSAGE][INFO] - Unable to find the element located by 'By.xpath: //button[@class='shopify-payment-button__more-options _2ogcW-Q9I-rgsSkNbRiJzA']'. Please recheck the objects properties to make sure the desired element is located. 

2019-07-10 17:58:05 - [MESSAGE][FAILED] - Unable to click on object 'Object Repository/APOLLO- Desktop/Product page/More payment options' (Root cause: com.kms.katalon.core.webui.exception.WebElementNotFoundException: Web element with id: 'Object Repository/APOLLO- Desktop/Product page/More payment options' located by 'By.xpath: //button[@class='shopify-payment-button__more-options _2ogcW-Q9I-rgsSkNbRiJzA']' not found)
[[ATTACHMENT|/Users/sumankompelly/git/Apollo-Dark-Desktop/Reports/Apollo - dark build/20190710_174012/1562795884240.png]]

2019-07-10 17:58:05 - [MESSAGE][FAILED] - click(findTestObject("APOLLO- Desktop/Product page/More payment options")) FAILED.
Reason:
com.kms.katalon.core.exception.StepFailedException: Unable to click on object 'Object Repository/APOLLO- Desktop/Product page/More payment options' (Root cause: com.kms.katalon.core.webui.exception.WebElementNotFoundException: Web element with id: 'Object Repository/APOLLO- Desktop/Product page/More payment options' located by 'By.xpath: //button[@class='shopify-payment-button__more-options _2ogcW-Q9I-rgsSkNbRiJzA']' not found)
	at com.kms.katalon.core.keyword.internal.KeywordMain.stepFailed(KeywordMain.groovy:36)
	at com.kms.katalon.core.webui.keyword.internal.WebUIKeywordMain.stepFailed(WebUIKeywordMain.groovy:65)
	at com.kms.katalon.core.webui.keyword.internal.WebUIKeywordMain.runKeyword(WebUIKeywordMain.groovy:27)
	at com.kms.katalon.core.webui.keyword.builtin.ClickKeyword.click(ClickKeyword.groovy:86)
	at com.kms.katalon.core.webui.keyword.builtin.ClickKeyword.execute(ClickKeyword.groovy:67)
	at com.kms.katalon.core.keyword.internal.KeywordExecutor.executeKeywordForPlatform(KeywordExecutor.groovy:53)
	at com.kms.katalon.core.webui.keyword.WebUiBuiltInKeywords.click(WebUiBuiltInKeywords.groovy:616)
	at com.kms.katalon.core.webui.keyword.WebUiBuiltInKeywords$click$2.call(Unknown Source)
	at More payment link and buy with google pay.run(More payment link and buy with google pay:48)
	at com.kms.katalon.core.main.ScriptEngine.run(ScriptEngine.java:194)
	at com.kms.katalon.core.main.ScriptEngine.runScriptAsRawText(ScriptEngine.java:119)
	at com.kms.katalon.core.main.TestCaseExecutor.runScript(TestCaseExecutor.java:328)
	at com.kms.katalon.core.main.TestCaseExecutor.doExecute(TestCaseExecutor.java:319)
	at com.kms.katalon.core.main.TestCaseExecutor.processExecutionPhase(TestCaseExecutor.java:298)
	at com.kms.katalon.core.main.TestCaseExecutor.accessMainPhase(TestCaseExecutor.java:290)
	at com.kms.katalon.core.main.TestCaseExecutor.execute(TestCaseExecutor.java:224)
	at com.kms.katalon.core.main.TestSuiteExecutor.accessTestCaseMainPhase(TestSuiteExecutor.java:129)
	at com.kms.katalon.core.main.TestSuiteExecutor.accessTestSuiteMainPhase(TestSuiteExecutor.java:112)
	at com.kms.katalon.core.main.TestSuiteExecutor.execute(TestSuiteExecutor.java:81)
	at com.kms.katalon.core.main.TestCaseMain.startTestSuite(TestCaseMain.java:149)
	at com.kms.katalon.core.main.TestCaseMain$startTestSuite$0.call(Unknown Source)
	at TempTestSuite1562794812628.run(TempTestSuite1562794812628.groovy:36)]]></system-out>
         <system-err><![CDATA[2019-07-10 17:56:30 - [TEST_CASE][FAILED] - Test Cases/PRODUCT PAGE/More payment link and buy with google pay: Test Cases/PRODUCT PAGE/More payment link and buy with google pay FAILED.
Reason:
com.kms.katalon.core.exception.StepFailedException: Unable to click on object 'Object Repository/APOLLO- Desktop/Product page/More payment options' (Root cause: com.kms.katalon.core.webui.exception.WebElementNotFoundException: Web element with id: 'Object Repository/APOLLO- Desktop/Product page/More payment options' located by 'By.xpath: //button[@class='shopify-payment-button__more-options _2ogcW-Q9I-rgsSkNbRiJzA']' not found)
	at com.kms.katalon.core.keyword.internal.KeywordMain.stepFailed(KeywordMain.groovy:36)
	at com.kms.katalon.core.webui.keyword.internal.WebUIKeywordMain.stepFailed(WebUIKeywordMain.groovy:65)
	at com.kms.katalon.core.webui.keyword.internal.WebUIKeywordMain.runKeyword(WebUIKeywordMain.groovy:27)
	at com.kms.katalon.core.webui.keyword.builtin.ClickKeyword.click(ClickKeyword.groovy:86)
	at com.kms.katalon.core.webui.keyword.builtin.ClickKeyword.execute(ClickKeyword.groovy:67)
	at com.kms.katalon.core.keyword.internal.KeywordExecutor.executeKeywordForPlatform(KeywordExecutor.groovy:53)
	at com.kms.katalon.core.webui.keyword.WebUiBuiltInKeywords.click(WebUiBuiltInKeywords.groovy:616)
	at com.kms.katalon.core.webui.keyword.WebUiBuiltInKeywords$click$2.call(Unknown Source)
	at More payment link and buy with google pay.run(More payment link and buy with google pay:48)
	at com.kms.katalon.core.main.ScriptEngine.run(ScriptEngine.java:194)
	at com.kms.katalon.core.main.ScriptEngine.runScriptAsRawText(ScriptEngine.java:119)
	at com.kms.katalon.core.main.TestCaseExecutor.runScript(TestCaseExecutor.java:328)
	at com.kms.katalon.core.main.TestCaseExecutor.doExecute(TestCaseExecutor.java:319)
	at com.kms.katalon.core.main.TestCaseExecutor.processExecutionPhase(TestCaseExecutor.java:298)
	at com.kms.katalon.core.main.TestCaseExecutor.accessMainPhase(TestCaseExecutor.java:290)
	at com.kms.katalon.core.main.TestCaseExecutor.execute(TestCaseExecutor.java:224)
	at com.kms.katalon.core.main.TestSuiteExecutor.accessTestCaseMainPhase(TestSuiteExecutor.java:129)
	at com.kms.katalon.core.main.TestSuiteExecutor.accessTestSuiteMainPhase(TestSuiteExecutor.java:112)
	at com.kms.katalon.core.main.TestSuiteExecutor.execute(TestSuiteExecutor.java:81)
	at com.kms.katalon.core.main.TestCaseMain.startTestSuite(TestCaseMain.java:149)
	at com.kms.katalon.core.main.TestCaseMain$startTestSuite$0.call(Unknown Source)
	at TempTestSuite1562794812628.run(TempTestSuite1562794812628.groovy:36)]]></system-err>
      </testcase>
      <testcase name="Test Cases/PRODUCT PAGE/Product chevron dropdowns" classname="Test Cases/PRODUCT PAGE/Product chevron dropdowns" status="FAILED">
         <failure type="FAILED" message="Test Cases/PRODUCT PAGE/Product chevron dropdowns FAILED.
Reason:
com.kms.katalon.core.exception.StepFailedException: Unable to click on object 'Object Repository/APOLLO- Desktop/Product page/Details chevron open' (Root cause: org.openqa.selenium.ElementClickInterceptedException: The command failed because the specified element is obscured.
Build info: version: '3.7.1', revision: '8a0099a', time: '2017-11-06T21:07:36.161Z'
System info: host: 'sumans-MacBook-Pro.local', ip: 'fe80:0:0:0:47c:ca88:4245:b7a7%en0', os.name: 'Mac OS X', os.arch: 'x86_64', os.version: '10.13.6', java.version: '1.8.0_181'
Driver info: com.kms.katalon.selenium.driver.CRemoteWebDriver
Capabilities {acceptInsecureCerts: false, browserName: MicrosoftEdge, browserVersion: 44.18362.1.0, javascriptEnabled: true, pageLoadStrategy: normal, platform: WINDOWS, platformName: WINDOWS, proxy: Proxy(), setWindowRect: false, timeouts: {implicit: 0, pageLoad: 300000, script: 30000}}
Session ID: 48cd1dde9ab84cacc2200a20274f23f8b94a6180)
	at com.kms.katalon.core.keyword.internal.KeywordMain.stepFailed(KeywordMain.groovy:36)
	at com.kms.katalon.core.webui.keyword.internal.WebUIKeywordMain.stepFailed(WebUIKeywordMain.groovy:65)
	at com.kms.katalon.core.webui.keyword.internal.WebUIKeywordMain.runKeyword(WebUIKeywordMain.groovy:27)
	at com.kms.katalon.core.webui.keyword.builtin.ClickKeyword.click(ClickKeyword.groovy:86)
	at com.kms.katalon.core.webui.keyword.builtin.ClickKeyword.execute(ClickKeyword.groovy:67)
	at com.kms.katalon.core.keyword.internal.KeywordExecutor.executeKeywordForPlatform(KeywordExecutor.groovy:53)
	at com.kms.katalon.core.webui.keyword.WebUiBuiltInKeywords.click(WebUiBuiltInKeywords.groovy:616)
	at com.kms.katalon.core.webui.keyword.WebUiBuiltInKeywords$click$2.call(Unknown Source)
	at Product chevron dropdowns.run(Product chevron dropdowns:48)
	at com.kms.katalon.core.main.ScriptEngine.run(ScriptEngine.java:194)
	at com.kms.katalon.core.main.ScriptEngine.runScriptAsRawText(ScriptEngine.java:119)
	at com.kms.katalon.core.main.TestCaseExecutor.runScript(TestCaseExecutor.java:328)
	at com.kms.katalon.core.main.TestCaseExecutor.doExecute(TestCaseExecutor.java:319)
	at com.kms.katalon.core.main.TestCaseExecutor.processExecutionPhase(TestCaseExecutor.java:298)
	at com.kms.katalon.core.main.TestCaseExecutor.accessMainPhase(TestCaseExecutor.java:290)
	at com.kms.katalon.core.main.TestCaseExecutor.execute(TestCaseExecutor.java:224)
	at com.kms.katalon.core.main.TestSuiteExecutor.accessTestCaseMainPhase(TestSuiteExecutor.java:129)
	at com.kms.katalon.core.main.TestSuiteExecutor.accessTestSuiteMainPhase(TestSuiteExecutor.java:112)
	at com.kms.katalon.core.main.TestSuiteExecutor.execute(TestSuiteExecutor.java:81)
	at com.kms.katalon.core.main.TestCaseMain.startTestSuite(TestCaseMain.java:149)
	at com.kms.katalon.core.main.TestCaseMain$startTestSuite$0.call(Unknown Source)
	at TempTestSuite1562794812628.run(TempTestSuite1562794812628.groovy:36)
"/>
         <system-out><![CDATA[2019-07-10 17:58:05 - [TEST_CASE][FAILED] - Test Cases/PRODUCT PAGE/Product chevron dropdowns: Test Cases/PRODUCT PAGE/Product chevron dropdowns FAILED.
Reason:
com.kms.katalon.core.exception.StepFailedException: Unable to click on object 'Object Repository/APOLLO- Desktop/Product page/Details chevron open' (Root cause: org.openqa.selenium.ElementClickInterceptedException: The command failed because the specified element is obscured.
Build info: version: '3.7.1', revision: '8a0099a', time: '2017-11-06T21:07:36.161Z'
System info: host: 'sumans-MacBook-Pro.local', ip: 'fe80:0:0:0:47c:ca88:4245:b7a7%en0', os.name: 'Mac OS X', os.arch: 'x86_64', os.version: '10.13.6', java.version: '1.8.0_181'
Driver info: com.kms.katalon.selenium.driver.CRemoteWebDriver
Capabilities {acceptInsecureCerts: false, browserName: MicrosoftEdge, browserVersion: 44.18362.1.0, javascriptEnabled: true, pageLoadStrategy: normal, platform: WINDOWS, platformName: WINDOWS, proxy: Proxy(), setWindowRect: false, timeouts: {implicit: 0, pageLoad: 300000, script: 30000}}
Session ID: 48cd1dde9ab84cacc2200a20274f23f8b94a6180)
	at com.kms.katalon.core.keyword.internal.KeywordMain.stepFailed(KeywordMain.groovy:36)
	at com.kms.katalon.core.webui.keyword.internal.WebUIKeywordMain.stepFailed(WebUIKeywordMain.groovy:65)
	at com.kms.katalon.core.webui.keyword.internal.WebUIKeywordMain.runKeyword(WebUIKeywordMain.groovy:27)
	at com.kms.katalon.core.webui.keyword.builtin.ClickKeyword.click(ClickKeyword.groovy:86)
	at com.kms.katalon.core.webui.keyword.builtin.ClickKeyword.execute(ClickKeyword.groovy:67)
	at com.kms.katalon.core.keyword.internal.KeywordExecutor.executeKeywordForPlatform(KeywordExecutor.groovy:53)
	at com.kms.katalon.core.webui.keyword.WebUiBuiltInKeywords.click(WebUiBuiltInKeywords.groovy:616)
	at com.kms.katalon.core.webui.keyword.WebUiBuiltInKeywords$click$2.call(Unknown Source)
	at Product chevron dropdowns.run(Product chevron dropdowns:48)
	at com.kms.katalon.core.main.ScriptEngine.run(ScriptEngine.java:194)
	at com.kms.katalon.core.main.ScriptEngine.runScriptAsRawText(ScriptEngine.java:119)
	at com.kms.katalon.core.main.TestCaseExecutor.runScript(TestCaseExecutor.java:328)
	at com.kms.katalon.core.main.TestCaseExecutor.doExecute(TestCaseExecutor.java:319)
	at com.kms.katalon.core.main.TestCaseExecutor.processExecutionPhase(TestCaseExecutor.java:298)
	at com.kms.katalon.core.main.TestCaseExecutor.accessMainPhase(TestCaseExecutor.java:290)
	at com.kms.katalon.core.main.TestCaseExecutor.execute(TestCaseExecutor.java:224)
	at com.kms.katalon.core.main.TestSuiteExecutor.accessTestCaseMainPhase(TestSuiteExecutor.java:129)
	at com.kms.katalon.core.main.TestSuiteExecutor.accessTestSuiteMainPhase(TestSuiteExecutor.java:112)
	at com.kms.katalon.core.main.TestSuiteExecutor.execute(TestSuiteExecutor.java:81)
	at com.kms.katalon.core.main.TestCaseMain.startTestSuite(TestCaseMain.java:149)
	at com.kms.katalon.core.main.TestCaseMain$startTestSuite$0.call(Unknown Source)
	at TempTestSuite1562794812628.run(TempTestSuite1562794812628.groovy:36)


2019-07-10 17:58:05 - [TEST_STEP][PASSED] - callTestCase(findTestCase("CALL - URL"), [:], STOP_ON_FAILURE): Call Test Case 'Test Cases/CALL - URL' successfully

2019-07-10 17:58:05 - [TEST_CASE][PASSED] - Test Cases/CALL - URL: Test Cases/CALL - URL

2019-07-10 17:58:05 - [TEST_STEP][PASSED] - openBrowser(""): Browser is opened with url: ''

2019-07-10 17:58:05 - [MESSAGE][WARNING] - A browser is already opened. Closing browser and opening a new one

2019-07-10 17:58:08 - [MESSAGE][INFO] - Starting 'Remote' driver

2019-07-10 17:58:08 - [MESSAGE][INFO] - User set preference: ['os', 'Windows']

2019-07-10 17:58:08 - [MESSAGE][INFO] - User set preference: ['os_version', '10']

2019-07-10 17:58:08 - [MESSAGE][INFO] - User set preference: ['browser', 'Edge']

2019-07-10 17:58:08 - [MESSAGE][INFO] - User set preference: ['browser_version', '18.0']

2019-07-10 17:58:08 - [MESSAGE][INFO] - User set preference: ['resolution', '']

2019-07-10 17:58:08 - [MESSAGE][INFO] - Connecting to remote web server 'https://dianatest3:Z3oqw9ysqTeRQJq5wFCp@hub-cloud.browserstack.com/wd/hub' with type 'Selenium'

2019-07-10 17:58:17 - [MESSAGE][PASSED] - Browser is opened with url: ''

2019-07-10 17:58:17 - [TEST_STEP][PASSED] - navigateToUrl("https://diff-apollo.myshopify.com/?_ab=0&_fd=0&_sc=1&preview_theme_id=68640637028"): Navigate to 'https://diff-apollo.myshopify.com/?_ab=0&_fd=0&_sc=1&preview_theme_id=68640637028' successfully

2019-07-10 17:58:29 - [MESSAGE][PASSED] - Navigate to 'https://diff-apollo.myshopify.com/?_ab=0&_fd=0&_sc=1&preview_theme_id=68640637028' successfully

2019-07-10 17:58:29 - [TEST_STEP][NOT_RUN] - executeJavaScript("var previewBar = document.getElementById("preview-bar-iframe"); previewBar.style.display = "none";", []): NOT_RUN: executeJavaScript("var previewBar = document.getElementById("preview-bar-iframe"); previewBar.style.display = "none";", [])

2019-07-10 17:58:29 - [MESSAGE][NOT_RUN] - NOT_RUN: executeJavaScript("var previewBar = document.getElementById("preview-bar-iframe"); previewBar.style.display = "none";", [])

2019-07-10 17:58:29 - [TEST_STEP][PASSED] - maximizeWindow(): Current window maximized

2019-07-10 17:58:29 - [MESSAGE][PASSED] - Current window maximized

2019-07-10 17:58:29 - [MESSAGE][PASSED] - Call Test Case 'Test Cases/CALL - URL' successfully

2019-07-10 17:58:29 - [TEST_STEP][PASSED] - delay(2): Delayed 2 second(s)

2019-07-10 17:58:31 - [MESSAGE][PASSED] - Delayed 2 second(s)

2019-07-10 17:58:31 - [TEST_STEP][PASSED] - click(findTestObject("APOLLO- Desktop/Burger Menu/Burgermenu")): Object: 'Object Repository/APOLLO- Desktop/Burger Menu/Burgermenu' is clicked on

2019-07-10 17:58:32 - [MESSAGE][PASSED] - Object: 'Object Repository/APOLLO- Desktop/Burger Menu/Burgermenu' is clicked on

2019-07-10 17:58:32 - [TEST_STEP][PASSED] - delay(2): Delayed 2 second(s)

2019-07-10 17:58:34 - [MESSAGE][PASSED] - Delayed 2 second(s)

2019-07-10 17:58:34 - [TEST_STEP][PASSED] - click(findTestObject("APOLLO- Desktop/Burger Menu/Mens chevron")): Object: 'Object Repository/APOLLO- Desktop/Burger Menu/Mens chevron' is clicked on

2019-07-10 17:58:34 - [MESSAGE][PASSED] - Object: 'Object Repository/APOLLO- Desktop/Burger Menu/Mens chevron' is clicked on

2019-07-10 17:58:34 - [TEST_STEP][PASSED] - delay(2): Delayed 2 second(s)

2019-07-10 17:58:36 - [MESSAGE][PASSED] - Delayed 2 second(s)

2019-07-10 17:58:37 - [TEST_STEP][PASSED] - click(findTestObject("APOLLO- Desktop/Burger Menu/Mens - Top Chevron")): Object: 'Object Repository/APOLLO- Desktop/Burger Menu/Mens - Top Chevron' is clicked on

2019-07-10 17:58:37 - [MESSAGE][PASSED] - Object: 'Object Repository/APOLLO- Desktop/Burger Menu/Mens - Top Chevron' is clicked on

2019-07-10 17:58:37 - [TEST_STEP][PASSED] - delay(2): Delayed 2 second(s)

2019-07-10 17:58:39 - [MESSAGE][PASSED] - Delayed 2 second(s)

2019-07-10 17:58:39 - [TEST_STEP][PASSED] - click(findTestObject("APOLLO- Desktop/Burger Menu/Shirts link")): Object: 'Object Repository/APOLLO- Desktop/Burger Menu/Shirts link' is clicked on

2019-07-10 17:58:40 - [MESSAGE][PASSED] - Object: 'Object Repository/APOLLO- Desktop/Burger Menu/Shirts link' is clicked on

2019-07-10 17:58:40 - [TEST_STEP][NOT_RUN] - executeJavaScript("var previewBar = document.getElementById("preview-bar-iframe"); previewBar.style.display = "none";", []): NOT_RUN: executeJavaScript("var previewBar = document.getElementById("preview-bar-iframe"); previewBar.style.display = "none";", [])

2019-07-10 17:58:40 - [MESSAGE][NOT_RUN] - NOT_RUN: executeJavaScript("var previewBar = document.getElementById("preview-bar-iframe"); previewBar.style.display = "none";", [])

2019-07-10 17:58:40 - [TEST_STEP][PASSED] - delay(2): Delayed 2 second(s)

2019-07-10 17:58:42 - [MESSAGE][PASSED] - Delayed 2 second(s)

2019-07-10 17:58:42 - [TEST_STEP][PASSED] - click(findTestObject("APOLLO- Desktop/Collection page/Blue shirt product")): Object: 'Object Repository/APOLLO- Desktop/Collection page/Blue shirt product' is clicked on

2019-07-10 17:58:43 - [MESSAGE][PASSED] - Object: 'Object Repository/APOLLO- Desktop/Collection page/Blue shirt product' is clicked on

2019-07-10 17:58:43 - [TEST_STEP][PASSED] - delay(2): Delayed 2 second(s)

2019-07-10 17:58:45 - [MESSAGE][PASSED] - Delayed 2 second(s)

2019-07-10 17:58:45 - [TEST_STEP][NOT_RUN] - executeJavaScript("var previewBar = document.getElementById("preview-bar-iframe"); previewBar.style.display = "none";", []): NOT_RUN: executeJavaScript("var previewBar = document.getElementById("preview-bar-iframe"); previewBar.style.display = "none";", [])

2019-07-10 17:58:45 - [MESSAGE][NOT_RUN] - NOT_RUN: executeJavaScript("var previewBar = document.getElementById("preview-bar-iframe"); previewBar.style.display = "none";", [])

2019-07-10 17:58:45 - [TEST_STEP][PASSED] - delay(2): Delayed 2 second(s)

2019-07-10 17:58:47 - [MESSAGE][PASSED] - Delayed 2 second(s)

2019-07-10 17:58:47 - [TEST_STEP][FAILED] - click(findTestObject("APOLLO- Desktop/Product page/Details chevron open")): click(findTestObject("APOLLO- Desktop/Product page/Details chevron open")) FAILED.
Reason:
com.kms.katalon.core.exception.StepFailedException: Unable to click on object 'Object Repository/APOLLO- Desktop/Product page/Details chevron open' (Root cause: org.openqa.selenium.ElementClickInterceptedException: The command failed because the specified element is obscured.
Build info: version: '3.7.1', revision: '8a0099a', time: '2017-11-06T21:07:36.161Z'
System info: host: 'sumans-MacBook-Pro.local', ip: 'fe80:0:0:0:47c:ca88:4245:b7a7%en0', os.name: 'Mac OS X', os.arch: 'x86_64', os.version: '10.13.6', java.version: '1.8.0_181'
Driver info: com.kms.katalon.selenium.driver.CRemoteWebDriver
Capabilities {acceptInsecureCerts: false, browserName: MicrosoftEdge, browserVersion: 44.18362.1.0, javascriptEnabled: true, pageLoadStrategy: normal, platform: WINDOWS, platformName: WINDOWS, proxy: Proxy(), setWindowRect: false, timeouts: {implicit: 0, pageLoad: 300000, script: 30000}}
Session ID: 48cd1dde9ab84cacc2200a20274f23f8b94a6180)
	at com.kms.katalon.core.keyword.internal.KeywordMain.stepFailed(KeywordMain.groovy:36)
	at com.kms.katalon.core.webui.keyword.internal.WebUIKeywordMain.stepFailed(WebUIKeywordMain.groovy:65)
	at com.kms.katalon.core.webui.keyword.internal.WebUIKeywordMain.runKeyword(WebUIKeywordMain.groovy:27)
	at com.kms.katalon.core.webui.keyword.builtin.ClickKeyword.click(ClickKeyword.groovy:86)
	at com.kms.katalon.core.webui.keyword.builtin.ClickKeyword.execute(ClickKeyword.groovy:67)
	at com.kms.katalon.core.keyword.internal.KeywordExecutor.executeKeywordForPlatform(KeywordExecutor.groovy:53)
	at com.kms.katalon.core.webui.keyword.WebUiBuiltInKeywords.click(WebUiBuiltInKeywords.groovy:616)
	at com.kms.katalon.core.webui.keyword.WebUiBuiltInKeywords$click$2.call(Unknown Source)
	at Product chevron dropdowns.run(Product chevron dropdowns:48)
	at com.kms.katalon.core.main.ScriptEngine.run(ScriptEngine.java:194)
	at com.kms.katalon.core.main.ScriptEngine.runScriptAsRawText(ScriptEngine.java:119)
	at com.kms.katalon.core.main.TestCaseExecutor.runScript(TestCaseExecutor.java:328)
	at com.kms.katalon.core.main.TestCaseExecutor.doExecute(TestCaseExecutor.java:319)
	at com.kms.katalon.core.main.TestCaseExecutor.processExecutionPhase(TestCaseExecutor.java:298)
	at com.kms.katalon.core.main.TestCaseExecutor.accessMainPhase(TestCaseExecutor.java:290)
	at com.kms.katalon.core.main.TestCaseExecutor.execute(TestCaseExecutor.java:224)
	at com.kms.katalon.core.main.TestSuiteExecutor.accessTestCaseMainPhase(TestSuiteExecutor.java:129)
	at com.kms.katalon.core.main.TestSuiteExecutor.accessTestSuiteMainPhase(TestSuiteExecutor.java:112)
	at com.kms.katalon.core.main.TestSuiteExecutor.execute(TestSuiteExecutor.java:81)
	at com.kms.katalon.core.main.TestCaseMain.startTestSuite(TestCaseMain.java:149)
	at com.kms.katalon.core.main.TestCaseMain$startTestSuite$0.call(Unknown Source)
	at TempTestSuite1562794812628.run(TempTestSuite1562794812628.groovy:36)


2019-07-10 17:58:50 - [MESSAGE][FAILED] - Unable to click on object 'Object Repository/APOLLO- Desktop/Product page/Details chevron open' (Root cause: org.openqa.selenium.ElementClickInterceptedException: The command failed because the specified element is obscured.
Build info: version: '3.7.1', revision: '8a0099a', time: '2017-11-06T21:07:36.161Z'
System info: host: 'sumans-MacBook-Pro.local', ip: 'fe80:0:0:0:47c:ca88:4245:b7a7%en0', os.name: 'Mac OS X', os.arch: 'x86_64', os.version: '10.13.6', java.version: '1.8.0_181'
Driver info: com.kms.katalon.selenium.driver.CRemoteWebDriver
Capabilities {acceptInsecureCerts: false, browserName: MicrosoftEdge, browserVersion: 44.18362.1.0, javascriptEnabled: true, pageLoadStrategy: normal, platform: WINDOWS, platformName: WINDOWS, proxy: Proxy(), setWindowRect: false, timeouts: {implicit: 0, pageLoad: 300000, script: 30000}}
Session ID: 48cd1dde9ab84cacc2200a20274f23f8b94a6180)
[[ATTACHMENT|/Users/sumankompelly/git/Apollo-Dark-Desktop/Reports/Apollo - dark build/20190710_174012/1562795928813.png]]

2019-07-10 17:58:50 - [MESSAGE][FAILED] - click(findTestObject("APOLLO- Desktop/Product page/Details chevron open")) FAILED.
Reason:
com.kms.katalon.core.exception.StepFailedException: Unable to click on object 'Object Repository/APOLLO- Desktop/Product page/Details chevron open' (Root cause: org.openqa.selenium.ElementClickInterceptedException: The command failed because the specified element is obscured.
Build info: version: '3.7.1', revision: '8a0099a', time: '2017-11-06T21:07:36.161Z'
System info: host: 'sumans-MacBook-Pro.local', ip: 'fe80:0:0:0:47c:ca88:4245:b7a7%en0', os.name: 'Mac OS X', os.arch: 'x86_64', os.version: '10.13.6', java.version: '1.8.0_181'
Driver info: com.kms.katalon.selenium.driver.CRemoteWebDriver
Capabilities {acceptInsecureCerts: false, browserName: MicrosoftEdge, browserVersion: 44.18362.1.0, javascriptEnabled: true, pageLoadStrategy: normal, platform: WINDOWS, platformName: WINDOWS, proxy: Proxy(), setWindowRect: false, timeouts: {implicit: 0, pageLoad: 300000, script: 30000}}
Session ID: 48cd1dde9ab84cacc2200a20274f23f8b94a6180)
	at com.kms.katalon.core.keyword.internal.KeywordMain.stepFailed(KeywordMain.groovy:36)
	at com.kms.katalon.core.webui.keyword.internal.WebUIKeywordMain.stepFailed(WebUIKeywordMain.groovy:65)
	at com.kms.katalon.core.webui.keyword.internal.WebUIKeywordMain.runKeyword(WebUIKeywordMain.groovy:27)
	at com.kms.katalon.core.webui.keyword.builtin.ClickKeyword.click(ClickKeyword.groovy:86)
	at com.kms.katalon.core.webui.keyword.builtin.ClickKeyword.execute(ClickKeyword.groovy:67)
	at com.kms.katalon.core.keyword.internal.KeywordExecutor.executeKeywordForPlatform(KeywordExecutor.groovy:53)
	at com.kms.katalon.core.webui.keyword.WebUiBuiltInKeywords.click(WebUiBuiltInKeywords.groovy:616)
	at com.kms.katalon.core.webui.keyword.WebUiBuiltInKeywords$click$2.call(Unknown Source)
	at Product chevron dropdowns.run(Product chevron dropdowns:48)
	at com.kms.katalon.core.main.ScriptEngine.run(ScriptEngine.java:194)
	at com.kms.katalon.core.main.ScriptEngine.runScriptAsRawText(ScriptEngine.java:119)
	at com.kms.katalon.core.main.TestCaseExecutor.runScript(TestCaseExecutor.java:328)
	at com.kms.katalon.core.main.TestCaseExecutor.doExecute(TestCaseExecutor.java:319)
	at com.kms.katalon.core.main.TestCaseExecutor.processExecutionPhase(TestCaseExecutor.java:298)
	at com.kms.katalon.core.main.TestCaseExecutor.accessMainPhase(TestCaseExecutor.java:290)
	at com.kms.katalon.core.main.TestCaseExecutor.execute(TestCaseExecutor.java:224)
	at com.kms.katalon.core.main.TestSuiteExecutor.accessTestCaseMainPhase(TestSuiteExecutor.java:129)
	at com.kms.katalon.core.main.TestSuiteExecutor.accessTestSuiteMainPhase(TestSuiteExecutor.java:112)
	at com.kms.katalon.core.main.TestSuiteExecutor.execute(TestSuiteExecutor.java:81)
	at com.kms.katalon.core.main.TestCaseMain.startTestSuite(TestCaseMain.java:149)
	at com.kms.katalon.core.main.TestCaseMain$startTestSuite$0.call(Unknown Source)
	at TempTestSuite1562794812628.run(TempTestSuite1562794812628.groovy:36)]]></system-out>
         <system-err><![CDATA[2019-07-10 17:58:05 - [TEST_CASE][FAILED] - Test Cases/PRODUCT PAGE/Product chevron dropdowns: Test Cases/PRODUCT PAGE/Product chevron dropdowns FAILED.
Reason:
com.kms.katalon.core.exception.StepFailedException: Unable to click on object 'Object Repository/APOLLO- Desktop/Product page/Details chevron open' (Root cause: org.openqa.selenium.ElementClickInterceptedException: The command failed because the specified element is obscured.
Build info: version: '3.7.1', revision: '8a0099a', time: '2017-11-06T21:07:36.161Z'
System info: host: 'sumans-MacBook-Pro.local', ip: 'fe80:0:0:0:47c:ca88:4245:b7a7%en0', os.name: 'Mac OS X', os.arch: 'x86_64', os.version: '10.13.6', java.version: '1.8.0_181'
Driver info: com.kms.katalon.selenium.driver.CRemoteWebDriver
Capabilities {acceptInsecureCerts: false, browserName: MicrosoftEdge, browserVersion: 44.18362.1.0, javascriptEnabled: true, pageLoadStrategy: normal, platform: WINDOWS, platformName: WINDOWS, proxy: Proxy(), setWindowRect: false, timeouts: {implicit: 0, pageLoad: 300000, script: 30000}}
Session ID: 48cd1dde9ab84cacc2200a20274f23f8b94a6180)
	at com.kms.katalon.core.keyword.internal.KeywordMain.stepFailed(KeywordMain.groovy:36)
	at com.kms.katalon.core.webui.keyword.internal.WebUIKeywordMain.stepFailed(WebUIKeywordMain.groovy:65)
	at com.kms.katalon.core.webui.keyword.internal.WebUIKeywordMain.runKeyword(WebUIKeywordMain.groovy:27)
	at com.kms.katalon.core.webui.keyword.builtin.ClickKeyword.click(ClickKeyword.groovy:86)
	at com.kms.katalon.core.webui.keyword.builtin.ClickKeyword.execute(ClickKeyword.groovy:67)
	at com.kms.katalon.core.keyword.internal.KeywordExecutor.executeKeywordForPlatform(KeywordExecutor.groovy:53)
	at com.kms.katalon.core.webui.keyword.WebUiBuiltInKeywords.click(WebUiBuiltInKeywords.groovy:616)
	at com.kms.katalon.core.webui.keyword.WebUiBuiltInKeywords$click$2.call(Unknown Source)
	at Product chevron dropdowns.run(Product chevron dropdowns:48)
	at com.kms.katalon.core.main.ScriptEngine.run(ScriptEngine.java:194)
	at com.kms.katalon.core.main.ScriptEngine.runScriptAsRawText(ScriptEngine.java:119)
	at com.kms.katalon.core.main.TestCaseExecutor.runScript(TestCaseExecutor.java:328)
	at com.kms.katalon.core.main.TestCaseExecutor.doExecute(TestCaseExecutor.java:319)
	at com.kms.katalon.core.main.TestCaseExecutor.processExecutionPhase(TestCaseExecutor.java:298)
	at com.kms.katalon.core.main.TestCaseExecutor.accessMainPhase(TestCaseExecutor.java:290)
	at com.kms.katalon.core.main.TestCaseExecutor.execute(TestCaseExecutor.java:224)
	at com.kms.katalon.core.main.TestSuiteExecutor.accessTestCaseMainPhase(TestSuiteExecutor.java:129)
	at com.kms.katalon.core.main.TestSuiteExecutor.accessTestSuiteMainPhase(TestSuiteExecutor.java:112)
	at com.kms.katalon.core.main.TestSuiteExecutor.execute(TestSuiteExecutor.java:81)
	at com.kms.katalon.core.main.TestCaseMain.startTestSuite(TestCaseMain.java:149)
	at com.kms.katalon.core.main.TestCaseMain$startTestSuite$0.call(Unknown Source)
	at TempTestSuite1562794812628.run(TempTestSuite1562794812628.groovy:36)]]></system-err>
      </testcase>
      <testcase name="Test Cases/PRODUCT PAGE/You might also like" classname="Test Cases/PRODUCT PAGE/You might also like" status="FAILED">
         <failure type="FAILED" message="Test Cases/PRODUCT PAGE/You might also like FAILED.
Reason:
com.kms.katalon.core.exception.StepFailedException: Unable to click on object 'Object Repository/APOLLO- Desktop/Product page/You might alos like/you might also like' (Root cause: org.openqa.selenium.ElementClickInterceptedException: The command failed because the specified element is obscured.
Build info: version: '3.7.1', revision: '8a0099a', time: '2017-11-06T21:07:36.161Z'
System info: host: 'sumans-MacBook-Pro.local', ip: 'fe80:0:0:0:47c:ca88:4245:b7a7%en0', os.name: 'Mac OS X', os.arch: 'x86_64', os.version: '10.13.6', java.version: '1.8.0_181'
Driver info: com.kms.katalon.selenium.driver.CRemoteWebDriver
Capabilities {acceptInsecureCerts: false, browserName: MicrosoftEdge, browserVersion: 44.18362.1.0, javascriptEnabled: true, pageLoadStrategy: normal, platform: WINDOWS, platformName: WINDOWS, proxy: Proxy(), setWindowRect: false, timeouts: {implicit: 0, pageLoad: 300000, script: 30000}}
Session ID: 282fd9e20f981ec05f4ce0ea4e4b30392f3162a1)
	at com.kms.katalon.core.keyword.internal.KeywordMain.stepFailed(KeywordMain.groovy:36)
	at com.kms.katalon.core.webui.keyword.internal.WebUIKeywordMain.stepFailed(WebUIKeywordMain.groovy:65)
	at com.kms.katalon.core.webui.keyword.internal.WebUIKeywordMain.runKeyword(WebUIKeywordMain.groovy:27)
	at com.kms.katalon.core.webui.keyword.builtin.ClickKeyword.click(ClickKeyword.groovy:86)
	at com.kms.katalon.core.webui.keyword.builtin.ClickKeyword.execute(ClickKeyword.groovy:67)
	at com.kms.katalon.core.keyword.internal.KeywordExecutor.executeKeywordForPlatform(KeywordExecutor.groovy:53)
	at com.kms.katalon.core.webui.keyword.WebUiBuiltInKeywords.click(WebUiBuiltInKeywords.groovy:616)
	at com.kms.katalon.core.webui.keyword.WebUiBuiltInKeywords$click$2.call(Unknown Source)
	at You might also like.run(You might also like:48)
	at com.kms.katalon.core.main.ScriptEngine.run(ScriptEngine.java:194)
	at com.kms.katalon.core.main.ScriptEngine.runScriptAsRawText(ScriptEngine.java:119)
	at com.kms.katalon.core.main.TestCaseExecutor.runScript(TestCaseExecutor.java:328)
	at com.kms.katalon.core.main.TestCaseExecutor.doExecute(TestCaseExecutor.java:319)
	at com.kms.katalon.core.main.TestCaseExecutor.processExecutionPhase(TestCaseExecutor.java:298)
	at com.kms.katalon.core.main.TestCaseExecutor.accessMainPhase(TestCaseExecutor.java:290)
	at com.kms.katalon.core.main.TestCaseExecutor.execute(TestCaseExecutor.java:224)
	at com.kms.katalon.core.main.TestSuiteExecutor.accessTestCaseMainPhase(TestSuiteExecutor.java:129)
	at com.kms.katalon.core.main.TestSuiteExecutor.accessTestSuiteMainPhase(TestSuiteExecutor.java:112)
	at com.kms.katalon.core.main.TestSuiteExecutor.execute(TestSuiteExecutor.java:81)
	at com.kms.katalon.core.main.TestCaseMain.startTestSuite(TestCaseMain.java:149)
	at com.kms.katalon.core.main.TestCaseMain$startTestSuite$0.call(Unknown Source)
	at TempTestSuite1562794812628.run(TempTestSuite1562794812628.groovy:36)
"/>
         <system-out><![CDATA[2019-07-10 17:58:50 - [TEST_CASE][FAILED] - Test Cases/PRODUCT PAGE/You might also like: Test Cases/PRODUCT PAGE/You might also like FAILED.
Reason:
com.kms.katalon.core.exception.StepFailedException: Unable to click on object 'Object Repository/APOLLO- Desktop/Product page/You might alos like/you might also like' (Root cause: org.openqa.selenium.ElementClickInterceptedException: The command failed because the specified element is obscured.
Build info: version: '3.7.1', revision: '8a0099a', time: '2017-11-06T21:07:36.161Z'
System info: host: 'sumans-MacBook-Pro.local', ip: 'fe80:0:0:0:47c:ca88:4245:b7a7%en0', os.name: 'Mac OS X', os.arch: 'x86_64', os.version: '10.13.6', java.version: '1.8.0_181'
Driver info: com.kms.katalon.selenium.driver.CRemoteWebDriver
Capabilities {acceptInsecureCerts: false, browserName: MicrosoftEdge, browserVersion: 44.18362.1.0, javascriptEnabled: true, pageLoadStrategy: normal, platform: WINDOWS, platformName: WINDOWS, proxy: Proxy(), setWindowRect: false, timeouts: {implicit: 0, pageLoad: 300000, script: 30000}}
Session ID: 282fd9e20f981ec05f4ce0ea4e4b30392f3162a1)
	at com.kms.katalon.core.keyword.internal.KeywordMain.stepFailed(KeywordMain.groovy:36)
	at com.kms.katalon.core.webui.keyword.internal.WebUIKeywordMain.stepFailed(WebUIKeywordMain.groovy:65)
	at com.kms.katalon.core.webui.keyword.internal.WebUIKeywordMain.runKeyword(WebUIKeywordMain.groovy:27)
	at com.kms.katalon.core.webui.keyword.builtin.ClickKeyword.click(ClickKeyword.groovy:86)
	at com.kms.katalon.core.webui.keyword.builtin.ClickKeyword.execute(ClickKeyword.groovy:67)
	at com.kms.katalon.core.keyword.internal.KeywordExecutor.executeKeywordForPlatform(KeywordExecutor.groovy:53)
	at com.kms.katalon.core.webui.keyword.WebUiBuiltInKeywords.click(WebUiBuiltInKeywords.groovy:616)
	at com.kms.katalon.core.webui.keyword.WebUiBuiltInKeywords$click$2.call(Unknown Source)
	at You might also like.run(You might also like:48)
	at com.kms.katalon.core.main.ScriptEngine.run(ScriptEngine.java:194)
	at com.kms.katalon.core.main.ScriptEngine.runScriptAsRawText(ScriptEngine.java:119)
	at com.kms.katalon.core.main.TestCaseExecutor.runScript(TestCaseExecutor.java:328)
	at com.kms.katalon.core.main.TestCaseExecutor.doExecute(TestCaseExecutor.java:319)
	at com.kms.katalon.core.main.TestCaseExecutor.processExecutionPhase(TestCaseExecutor.java:298)
	at com.kms.katalon.core.main.TestCaseExecutor.accessMainPhase(TestCaseExecutor.java:290)
	at com.kms.katalon.core.main.TestCaseExecutor.execute(TestCaseExecutor.java:224)
	at com.kms.katalon.core.main.TestSuiteExecutor.accessTestCaseMainPhase(TestSuiteExecutor.java:129)
	at com.kms.katalon.core.main.TestSuiteExecutor.accessTestSuiteMainPhase(TestSuiteExecutor.java:112)
	at com.kms.katalon.core.main.TestSuiteExecutor.execute(TestSuiteExecutor.java:81)
	at com.kms.katalon.core.main.TestCaseMain.startTestSuite(TestCaseMain.java:149)
	at com.kms.katalon.core.main.TestCaseMain$startTestSuite$0.call(Unknown Source)
	at TempTestSuite1562794812628.run(TempTestSuite1562794812628.groovy:36)


2019-07-10 17:58:50 - [TEST_STEP][PASSED] - callTestCase(findTestCase("CALL - URL"), [:], STOP_ON_FAILURE): Call Test Case 'Test Cases/CALL - URL' successfully

2019-07-10 17:58:50 - [TEST_CASE][PASSED] - Test Cases/CALL - URL: Test Cases/CALL - URL

2019-07-10 17:58:50 - [TEST_STEP][PASSED] - openBrowser(""): Browser is opened with url: ''

2019-07-10 17:58:50 - [MESSAGE][WARNING] - A browser is already opened. Closing browser and opening a new one

2019-07-10 17:58:55 - [MESSAGE][INFO] - Starting 'Remote' driver

2019-07-10 17:58:55 - [MESSAGE][INFO] - User set preference: ['os', 'Windows']

2019-07-10 17:58:55 - [MESSAGE][INFO] - User set preference: ['os_version', '10']

2019-07-10 17:58:55 - [MESSAGE][INFO] - User set preference: ['browser', 'Edge']

2019-07-10 17:58:55 - [MESSAGE][INFO] - User set preference: ['browser_version', '18.0']

2019-07-10 17:58:55 - [MESSAGE][INFO] - User set preference: ['resolution', '']

2019-07-10 17:58:55 - [MESSAGE][INFO] - Connecting to remote web server 'https://dianatest3:Z3oqw9ysqTeRQJq5wFCp@hub-cloud.browserstack.com/wd/hub' with type 'Selenium'

2019-07-10 17:59:16 - [MESSAGE][PASSED] - Browser is opened with url: ''

2019-07-10 17:59:16 - [TEST_STEP][PASSED] - navigateToUrl("https://diff-apollo.myshopify.com/?_ab=0&_fd=0&_sc=1&preview_theme_id=68640637028"): Navigate to 'https://diff-apollo.myshopify.com/?_ab=0&_fd=0&_sc=1&preview_theme_id=68640637028' successfully

2019-07-10 17:59:29 - [MESSAGE][PASSED] - Navigate to 'https://diff-apollo.myshopify.com/?_ab=0&_fd=0&_sc=1&preview_theme_id=68640637028' successfully

2019-07-10 17:59:29 - [TEST_STEP][NOT_RUN] - executeJavaScript("var previewBar = document.getElementById("preview-bar-iframe"); previewBar.style.display = "none";", []): NOT_RUN: executeJavaScript("var previewBar = document.getElementById("preview-bar-iframe"); previewBar.style.display = "none";", [])

2019-07-10 17:59:29 - [MESSAGE][NOT_RUN] - NOT_RUN: executeJavaScript("var previewBar = document.getElementById("preview-bar-iframe"); previewBar.style.display = "none";", [])

2019-07-10 17:59:29 - [TEST_STEP][PASSED] - maximizeWindow(): Current window maximized

2019-07-10 17:59:30 - [MESSAGE][PASSED] - Current window maximized

2019-07-10 17:59:30 - [MESSAGE][PASSED] - Call Test Case 'Test Cases/CALL - URL' successfully

2019-07-10 17:59:30 - [TEST_STEP][PASSED] - delay(2): Delayed 2 second(s)

2019-07-10 17:59:32 - [MESSAGE][PASSED] - Delayed 2 second(s)

2019-07-10 17:59:32 - [TEST_STEP][PASSED] - click(findTestObject("APOLLO- Desktop/Burger Menu/Burgermenu")): Object: 'Object Repository/APOLLO- Desktop/Burger Menu/Burgermenu' is clicked on

2019-07-10 17:59:32 - [MESSAGE][PASSED] - Object: 'Object Repository/APOLLO- Desktop/Burger Menu/Burgermenu' is clicked on

2019-07-10 17:59:32 - [TEST_STEP][PASSED] - delay(2): Delayed 2 second(s)

2019-07-10 17:59:34 - [MESSAGE][PASSED] - Delayed 2 second(s)

2019-07-10 17:59:34 - [TEST_STEP][PASSED] - click(findTestObject("APOLLO- Desktop/Burger Menu/Mens chevron")): Object: 'Object Repository/APOLLO- Desktop/Burger Menu/Mens chevron' is clicked on

2019-07-10 17:59:35 - [MESSAGE][PASSED] - Object: 'Object Repository/APOLLO- Desktop/Burger Menu/Mens chevron' is clicked on

2019-07-10 17:59:35 - [TEST_STEP][PASSED] - delay(2): Delayed 2 second(s)

2019-07-10 17:59:37 - [MESSAGE][PASSED] - Delayed 2 second(s)

2019-07-10 17:59:37 - [TEST_STEP][PASSED] - click(findTestObject("APOLLO- Desktop/Burger Menu/Mens - Top Chevron")): Object: 'Object Repository/APOLLO- Desktop/Burger Menu/Mens - Top Chevron' is clicked on

2019-07-10 17:59:39 - [MESSAGE][PASSED] - Object: 'Object Repository/APOLLO- Desktop/Burger Menu/Mens - Top Chevron' is clicked on

2019-07-10 17:59:39 - [TEST_STEP][PASSED] - delay(2): Delayed 2 second(s)

2019-07-10 17:59:41 - [MESSAGE][PASSED] - Delayed 2 second(s)

2019-07-10 17:59:41 - [TEST_STEP][PASSED] - click(findTestObject("APOLLO- Desktop/Burger Menu/Shirts link")): Object: 'Object Repository/APOLLO- Desktop/Burger Menu/Shirts link' is clicked on

2019-07-10 17:59:42 - [MESSAGE][PASSED] - Object: 'Object Repository/APOLLO- Desktop/Burger Menu/Shirts link' is clicked on

2019-07-10 17:59:42 - [TEST_STEP][NOT_RUN] - executeJavaScript("var previewBar = document.getElementById("preview-bar-iframe"); previewBar.style.display = "none";", []): NOT_RUN: executeJavaScript("var previewBar = document.getElementById("preview-bar-iframe"); previewBar.style.display = "none";", [])

2019-07-10 17:59:42 - [MESSAGE][NOT_RUN] - NOT_RUN: executeJavaScript("var previewBar = document.getElementById("preview-bar-iframe"); previewBar.style.display = "none";", [])

2019-07-10 17:59:42 - [TEST_STEP][PASSED] - delay(2): Delayed 2 second(s)

2019-07-10 17:59:44 - [MESSAGE][PASSED] - Delayed 2 second(s)

2019-07-10 17:59:44 - [TEST_STEP][PASSED] - click(findTestObject("APOLLO- Desktop/Collection page/Blue shirt product")): Object: 'Object Repository/APOLLO- Desktop/Collection page/Blue shirt product' is clicked on

2019-07-10 17:59:45 - [MESSAGE][PASSED] - Object: 'Object Repository/APOLLO- Desktop/Collection page/Blue shirt product' is clicked on

2019-07-10 17:59:45 - [TEST_STEP][PASSED] - delay(2): Delayed 2 second(s)

2019-07-10 17:59:47 - [MESSAGE][PASSED] - Delayed 2 second(s)

2019-07-10 17:59:47 - [TEST_STEP][NOT_RUN] - executeJavaScript("var previewBar = document.getElementById("preview-bar-iframe"); previewBar.style.display = "none";", []): NOT_RUN: executeJavaScript("var previewBar = document.getElementById("preview-bar-iframe"); previewBar.style.display = "none";", [])

2019-07-10 17:59:47 - [MESSAGE][NOT_RUN] - NOT_RUN: executeJavaScript("var previewBar = document.getElementById("preview-bar-iframe"); previewBar.style.display = "none";", [])

2019-07-10 17:59:47 - [TEST_STEP][PASSED] - delay(2): Delayed 2 second(s)

2019-07-10 17:59:49 - [MESSAGE][PASSED] - Delayed 2 second(s)

2019-07-10 17:59:49 - [TEST_STEP][FAILED] - click(findTestObject("APOLLO- Desktop/Product page/You might alos like/you might also like")): click(findTestObject("APOLLO- Desktop/Product page/You might alos like/you might also like")) FAILED.
Reason:
com.kms.katalon.core.exception.StepFailedException: Unable to click on object 'Object Repository/APOLLO- Desktop/Product page/You might alos like/you might also like' (Root cause: org.openqa.selenium.ElementClickInterceptedException: The command failed because the specified element is obscured.
Build info: version: '3.7.1', revision: '8a0099a', time: '2017-11-06T21:07:36.161Z'
System info: host: 'sumans-MacBook-Pro.local', ip: 'fe80:0:0:0:47c:ca88:4245:b7a7%en0', os.name: 'Mac OS X', os.arch: 'x86_64', os.version: '10.13.6', java.version: '1.8.0_181'
Driver info: com.kms.katalon.selenium.driver.CRemoteWebDriver
Capabilities {acceptInsecureCerts: false, browserName: MicrosoftEdge, browserVersion: 44.18362.1.0, javascriptEnabled: true, pageLoadStrategy: normal, platform: WINDOWS, platformName: WINDOWS, proxy: Proxy(), setWindowRect: false, timeouts: {implicit: 0, pageLoad: 300000, script: 30000}}
Session ID: 282fd9e20f981ec05f4ce0ea4e4b30392f3162a1)
	at com.kms.katalon.core.keyword.internal.KeywordMain.stepFailed(KeywordMain.groovy:36)
	at com.kms.katalon.core.webui.keyword.internal.WebUIKeywordMain.stepFailed(WebUIKeywordMain.groovy:65)
	at com.kms.katalon.core.webui.keyword.internal.WebUIKeywordMain.runKeyword(WebUIKeywordMain.groovy:27)
	at com.kms.katalon.core.webui.keyword.builtin.ClickKeyword.click(ClickKeyword.groovy:86)
	at com.kms.katalon.core.webui.keyword.builtin.ClickKeyword.execute(ClickKeyword.groovy:67)
	at com.kms.katalon.core.keyword.internal.KeywordExecutor.executeKeywordForPlatform(KeywordExecutor.groovy:53)
	at com.kms.katalon.core.webui.keyword.WebUiBuiltInKeywords.click(WebUiBuiltInKeywords.groovy:616)
	at com.kms.katalon.core.webui.keyword.WebUiBuiltInKeywords$click$2.call(Unknown Source)
	at You might also like.run(You might also like:48)
	at com.kms.katalon.core.main.ScriptEngine.run(ScriptEngine.java:194)
	at com.kms.katalon.core.main.ScriptEngine.runScriptAsRawText(ScriptEngine.java:119)
	at com.kms.katalon.core.main.TestCaseExecutor.runScript(TestCaseExecutor.java:328)
	at com.kms.katalon.core.main.TestCaseExecutor.doExecute(TestCaseExecutor.java:319)
	at com.kms.katalon.core.main.TestCaseExecutor.processExecutionPhase(TestCaseExecutor.java:298)
	at com.kms.katalon.core.main.TestCaseExecutor.accessMainPhase(TestCaseExecutor.java:290)
	at com.kms.katalon.core.main.TestCaseExecutor.execute(TestCaseExecutor.java:224)
	at com.kms.katalon.core.main.TestSuiteExecutor.accessTestCaseMainPhase(TestSuiteExecutor.java:129)
	at com.kms.katalon.core.main.TestSuiteExecutor.accessTestSuiteMainPhase(TestSuiteExecutor.java:112)
	at com.kms.katalon.core.main.TestSuiteExecutor.execute(TestSuiteExecutor.java:81)
	at com.kms.katalon.core.main.TestCaseMain.startTestSuite(TestCaseMain.java:149)
	at com.kms.katalon.core.main.TestCaseMain$startTestSuite$0.call(Unknown Source)
	at TempTestSuite1562794812628.run(TempTestSuite1562794812628.groovy:36)


2019-07-10 17:59:51 - [MESSAGE][FAILED] - Unable to click on object 'Object Repository/APOLLO- Desktop/Product page/You might alos like/you might also like' (Root cause: org.openqa.selenium.ElementClickInterceptedException: The command failed because the specified element is obscured.
Build info: version: '3.7.1', revision: '8a0099a', time: '2017-11-06T21:07:36.161Z'
System info: host: 'sumans-MacBook-Pro.local', ip: 'fe80:0:0:0:47c:ca88:4245:b7a7%en0', os.name: 'Mac OS X', os.arch: 'x86_64', os.version: '10.13.6', java.version: '1.8.0_181'
Driver info: com.kms.katalon.selenium.driver.CRemoteWebDriver
Capabilities {acceptInsecureCerts: false, browserName: MicrosoftEdge, browserVersion: 44.18362.1.0, javascriptEnabled: true, pageLoadStrategy: normal, platform: WINDOWS, platformName: WINDOWS, proxy: Proxy(), setWindowRect: false, timeouts: {implicit: 0, pageLoad: 300000, script: 30000}}
Session ID: 282fd9e20f981ec05f4ce0ea4e4b30392f3162a1)
[[ATTACHMENT|/Users/sumankompelly/git/Apollo-Dark-Desktop/Reports/Apollo - dark build/20190710_174012/1562795990539.png]]

2019-07-10 17:59:51 - [MESSAGE][FAILED] - click(findTestObject("APOLLO- Desktop/Product page/You might alos like/you might also like")) FAILED.
Reason:
com.kms.katalon.core.exception.StepFailedException: Unable to click on object 'Object Repository/APOLLO- Desktop/Product page/You might alos like/you might also like' (Root cause: org.openqa.selenium.ElementClickInterceptedException: The command failed because the specified element is obscured.
Build info: version: '3.7.1', revision: '8a0099a', time: '2017-11-06T21:07:36.161Z'
System info: host: 'sumans-MacBook-Pro.local', ip: 'fe80:0:0:0:47c:ca88:4245:b7a7%en0', os.name: 'Mac OS X', os.arch: 'x86_64', os.version: '10.13.6', java.version: '1.8.0_181'
Driver info: com.kms.katalon.selenium.driver.CRemoteWebDriver
Capabilities {acceptInsecureCerts: false, browserName: MicrosoftEdge, browserVersion: 44.18362.1.0, javascriptEnabled: true, pageLoadStrategy: normal, platform: WINDOWS, platformName: WINDOWS, proxy: Proxy(), setWindowRect: false, timeouts: {implicit: 0, pageLoad: 300000, script: 30000}}
Session ID: 282fd9e20f981ec05f4ce0ea4e4b30392f3162a1)
	at com.kms.katalon.core.keyword.internal.KeywordMain.stepFailed(KeywordMain.groovy:36)
	at com.kms.katalon.core.webui.keyword.internal.WebUIKeywordMain.stepFailed(WebUIKeywordMain.groovy:65)
	at com.kms.katalon.core.webui.keyword.internal.WebUIKeywordMain.runKeyword(WebUIKeywordMain.groovy:27)
	at com.kms.katalon.core.webui.keyword.builtin.ClickKeyword.click(ClickKeyword.groovy:86)
	at com.kms.katalon.core.webui.keyword.builtin.ClickKeyword.execute(ClickKeyword.groovy:67)
	at com.kms.katalon.core.keyword.internal.KeywordExecutor.executeKeywordForPlatform(KeywordExecutor.groovy:53)
	at com.kms.katalon.core.webui.keyword.WebUiBuiltInKeywords.click(WebUiBuiltInKeywords.groovy:616)
	at com.kms.katalon.core.webui.keyword.WebUiBuiltInKeywords$click$2.call(Unknown Source)
	at You might also like.run(You might also like:48)
	at com.kms.katalon.core.main.ScriptEngine.run(ScriptEngine.java:194)
	at com.kms.katalon.core.main.ScriptEngine.runScriptAsRawText(ScriptEngine.java:119)
	at com.kms.katalon.core.main.TestCaseExecutor.runScript(TestCaseExecutor.java:328)
	at com.kms.katalon.core.main.TestCaseExecutor.doExecute(TestCaseExecutor.java:319)
	at com.kms.katalon.core.main.TestCaseExecutor.processExecutionPhase(TestCaseExecutor.java:298)
	at com.kms.katalon.core.main.TestCaseExecutor.accessMainPhase(TestCaseExecutor.java:290)
	at com.kms.katalon.core.main.TestCaseExecutor.execute(TestCaseExecutor.java:224)
	at com.kms.katalon.core.main.TestSuiteExecutor.accessTestCaseMainPhase(TestSuiteExecutor.java:129)
	at com.kms.katalon.core.main.TestSuiteExecutor.accessTestSuiteMainPhase(TestSuiteExecutor.java:112)
	at com.kms.katalon.core.main.TestSuiteExecutor.execute(TestSuiteExecutor.java:81)
	at com.kms.katalon.core.main.TestCaseMain.startTestSuite(TestCaseMain.java:149)
	at com.kms.katalon.core.main.TestCaseMain$startTestSuite$0.call(Unknown Source)
	at TempTestSuite1562794812628.run(TempTestSuite1562794812628.groovy:36)]]></system-out>
         <system-err><![CDATA[2019-07-10 17:58:50 - [TEST_CASE][FAILED] - Test Cases/PRODUCT PAGE/You might also like: Test Cases/PRODUCT PAGE/You might also like FAILED.
Reason:
com.kms.katalon.core.exception.StepFailedException: Unable to click on object 'Object Repository/APOLLO- Desktop/Product page/You might alos like/you might also like' (Root cause: org.openqa.selenium.ElementClickInterceptedException: The command failed because the specified element is obscured.
Build info: version: '3.7.1', revision: '8a0099a', time: '2017-11-06T21:07:36.161Z'
System info: host: 'sumans-MacBook-Pro.local', ip: 'fe80:0:0:0:47c:ca88:4245:b7a7%en0', os.name: 'Mac OS X', os.arch: 'x86_64', os.version: '10.13.6', java.version: '1.8.0_181'
Driver info: com.kms.katalon.selenium.driver.CRemoteWebDriver
Capabilities {acceptInsecureCerts: false, browserName: MicrosoftEdge, browserVersion: 44.18362.1.0, javascriptEnabled: true, pageLoadStrategy: normal, platform: WINDOWS, platformName: WINDOWS, proxy: Proxy(), setWindowRect: false, timeouts: {implicit: 0, pageLoad: 300000, script: 30000}}
Session ID: 282fd9e20f981ec05f4ce0ea4e4b30392f3162a1)
	at com.kms.katalon.core.keyword.internal.KeywordMain.stepFailed(KeywordMain.groovy:36)
	at com.kms.katalon.core.webui.keyword.internal.WebUIKeywordMain.stepFailed(WebUIKeywordMain.groovy:65)
	at com.kms.katalon.core.webui.keyword.internal.WebUIKeywordMain.runKeyword(WebUIKeywordMain.groovy:27)
	at com.kms.katalon.core.webui.keyword.builtin.ClickKeyword.click(ClickKeyword.groovy:86)
	at com.kms.katalon.core.webui.keyword.builtin.ClickKeyword.execute(ClickKeyword.groovy:67)
	at com.kms.katalon.core.keyword.internal.KeywordExecutor.executeKeywordForPlatform(KeywordExecutor.groovy:53)
	at com.kms.katalon.core.webui.keyword.WebUiBuiltInKeywords.click(WebUiBuiltInKeywords.groovy:616)
	at com.kms.katalon.core.webui.keyword.WebUiBuiltInKeywords$click$2.call(Unknown Source)
	at You might also like.run(You might also like:48)
	at com.kms.katalon.core.main.ScriptEngine.run(ScriptEngine.java:194)
	at com.kms.katalon.core.main.ScriptEngine.runScriptAsRawText(ScriptEngine.java:119)
	at com.kms.katalon.core.main.TestCaseExecutor.runScript(TestCaseExecutor.java:328)
	at com.kms.katalon.core.main.TestCaseExecutor.doExecute(TestCaseExecutor.java:319)
	at com.kms.katalon.core.main.TestCaseExecutor.processExecutionPhase(TestCaseExecutor.java:298)
	at com.kms.katalon.core.main.TestCaseExecutor.accessMainPhase(TestCaseExecutor.java:290)
	at com.kms.katalon.core.main.TestCaseExecutor.execute(TestCaseExecutor.java:224)
	at com.kms.katalon.core.main.TestSuiteExecutor.accessTestCaseMainPhase(TestSuiteExecutor.java:129)
	at com.kms.katalon.core.main.TestSuiteExecutor.accessTestSuiteMainPhase(TestSuiteExecutor.java:112)
	at com.kms.katalon.core.main.TestSuiteExecutor.execute(TestSuiteExecutor.java:81)
	at com.kms.katalon.core.main.TestCaseMain.startTestSuite(TestCaseMain.java:149)
	at com.kms.katalon.core.main.TestCaseMain$startTestSuite$0.call(Unknown Source)
	at TempTestSuite1562794812628.run(TempTestSuite1562794812628.groovy:36)]]></system-err>
      </testcase>
      <testcase name="Test Cases/PRODUCT PAGE/Shop all products CTA" classname="Test Cases/PRODUCT PAGE/Shop all products CTA" status="FAILED">
         <failure type="FAILED" message="Test Cases/PRODUCT PAGE/Shop all products CTA FAILED.
Reason:
com.kms.katalon.core.exception.StepFailedException: Unable to click on object 'Object Repository/APOLLO- Desktop/Product page/a_Shop all products' (Root cause: org.openqa.selenium.ElementClickInterceptedException: The command failed because the specified element is obscured.
Build info: version: '3.7.1', revision: '8a0099a', time: '2017-11-06T21:07:36.161Z'
System info: host: 'sumans-MacBook-Pro.local', ip: 'fe80:0:0:0:47c:ca88:4245:b7a7%en0', os.name: 'Mac OS X', os.arch: 'x86_64', os.version: '10.13.6', java.version: '1.8.0_181'
Driver info: com.kms.katalon.selenium.driver.CRemoteWebDriver
Capabilities {acceptInsecureCerts: false, browserName: MicrosoftEdge, browserVersion: 44.18362.1.0, javascriptEnabled: true, pageLoadStrategy: normal, platform: WINDOWS, platformName: WINDOWS, proxy: Proxy(), setWindowRect: false, timeouts: {implicit: 0, pageLoad: 300000, script: 30000}}
Session ID: 9c6fcd3f31aea720e6875ffed8cddc3e8b9cecc4)
	at com.kms.katalon.core.keyword.internal.KeywordMain.stepFailed(KeywordMain.groovy:36)
	at com.kms.katalon.core.webui.keyword.internal.WebUIKeywordMain.stepFailed(WebUIKeywordMain.groovy:65)
	at com.kms.katalon.core.webui.keyword.internal.WebUIKeywordMain.runKeyword(WebUIKeywordMain.groovy:27)
	at com.kms.katalon.core.webui.keyword.builtin.ClickKeyword.click(ClickKeyword.groovy:86)
	at com.kms.katalon.core.webui.keyword.builtin.ClickKeyword.execute(ClickKeyword.groovy:67)
	at com.kms.katalon.core.keyword.internal.KeywordExecutor.executeKeywordForPlatform(KeywordExecutor.groovy:53)
	at com.kms.katalon.core.webui.keyword.WebUiBuiltInKeywords.click(WebUiBuiltInKeywords.groovy:616)
	at com.kms.katalon.core.webui.keyword.WebUiBuiltInKeywords$click$2.call(Unknown Source)
	at Shop all products CTA.run(Shop all products CTA:48)
	at com.kms.katalon.core.main.ScriptEngine.run(ScriptEngine.java:194)
	at com.kms.katalon.core.main.ScriptEngine.runScriptAsRawText(ScriptEngine.java:119)
	at com.kms.katalon.core.main.TestCaseExecutor.runScript(TestCaseExecutor.java:328)
	at com.kms.katalon.core.main.TestCaseExecutor.doExecute(TestCaseExecutor.java:319)
	at com.kms.katalon.core.main.TestCaseExecutor.processExecutionPhase(TestCaseExecutor.java:298)
	at com.kms.katalon.core.main.TestCaseExecutor.accessMainPhase(TestCaseExecutor.java:290)
	at com.kms.katalon.core.main.TestCaseExecutor.execute(TestCaseExecutor.java:224)
	at com.kms.katalon.core.main.TestSuiteExecutor.accessTestCaseMainPhase(TestSuiteExecutor.java:129)
	at com.kms.katalon.core.main.TestSuiteExecutor.accessTestSuiteMainPhase(TestSuiteExecutor.java:112)
	at com.kms.katalon.core.main.TestSuiteExecutor.execute(TestSuiteExecutor.java:81)
	at com.kms.katalon.core.main.TestCaseMain.startTestSuite(TestCaseMain.java:149)
	at com.kms.katalon.core.main.TestCaseMain$startTestSuite$0.call(Unknown Source)
	at TempTestSuite1562794812628.run(TempTestSuite1562794812628.groovy:36)
"/>
         <system-out><![CDATA[2019-07-10 17:59:51 - [TEST_CASE][FAILED] - Test Cases/PRODUCT PAGE/Shop all products CTA: Test Cases/PRODUCT PAGE/Shop all products CTA FAILED.
Reason:
com.kms.katalon.core.exception.StepFailedException: Unable to click on object 'Object Repository/APOLLO- Desktop/Product page/a_Shop all products' (Root cause: org.openqa.selenium.ElementClickInterceptedException: The command failed because the specified element is obscured.
Build info: version: '3.7.1', revision: '8a0099a', time: '2017-11-06T21:07:36.161Z'
System info: host: 'sumans-MacBook-Pro.local', ip: 'fe80:0:0:0:47c:ca88:4245:b7a7%en0', os.name: 'Mac OS X', os.arch: 'x86_64', os.version: '10.13.6', java.version: '1.8.0_181'
Driver info: com.kms.katalon.selenium.driver.CRemoteWebDriver
Capabilities {acceptInsecureCerts: false, browserName: MicrosoftEdge, browserVersion: 44.18362.1.0, javascriptEnabled: true, pageLoadStrategy: normal, platform: WINDOWS, platformName: WINDOWS, proxy: Proxy(), setWindowRect: false, timeouts: {implicit: 0, pageLoad: 300000, script: 30000}}
Session ID: 9c6fcd3f31aea720e6875ffed8cddc3e8b9cecc4)
	at com.kms.katalon.core.keyword.internal.KeywordMain.stepFailed(KeywordMain.groovy:36)
	at com.kms.katalon.core.webui.keyword.internal.WebUIKeywordMain.stepFailed(WebUIKeywordMain.groovy:65)
	at com.kms.katalon.core.webui.keyword.internal.WebUIKeywordMain.runKeyword(WebUIKeywordMain.groovy:27)
	at com.kms.katalon.core.webui.keyword.builtin.ClickKeyword.click(ClickKeyword.groovy:86)
	at com.kms.katalon.core.webui.keyword.builtin.ClickKeyword.execute(ClickKeyword.groovy:67)
	at com.kms.katalon.core.keyword.internal.KeywordExecutor.executeKeywordForPlatform(KeywordExecutor.groovy:53)
	at com.kms.katalon.core.webui.keyword.WebUiBuiltInKeywords.click(WebUiBuiltInKeywords.groovy:616)
	at com.kms.katalon.core.webui.keyword.WebUiBuiltInKeywords$click$2.call(Unknown Source)
	at Shop all products CTA.run(Shop all products CTA:48)
	at com.kms.katalon.core.main.ScriptEngine.run(ScriptEngine.java:194)
	at com.kms.katalon.core.main.ScriptEngine.runScriptAsRawText(ScriptEngine.java:119)
	at com.kms.katalon.core.main.TestCaseExecutor.runScript(TestCaseExecutor.java:328)
	at com.kms.katalon.core.main.TestCaseExecutor.doExecute(TestCaseExecutor.java:319)
	at com.kms.katalon.core.main.TestCaseExecutor.processExecutionPhase(TestCaseExecutor.java:298)
	at com.kms.katalon.core.main.TestCaseExecutor.accessMainPhase(TestCaseExecutor.java:290)
	at com.kms.katalon.core.main.TestCaseExecutor.execute(TestCaseExecutor.java:224)
	at com.kms.katalon.core.main.TestSuiteExecutor.accessTestCaseMainPhase(TestSuiteExecutor.java:129)
	at com.kms.katalon.core.main.TestSuiteExecutor.accessTestSuiteMainPhase(TestSuiteExecutor.java:112)
	at com.kms.katalon.core.main.TestSuiteExecutor.execute(TestSuiteExecutor.java:81)
	at com.kms.katalon.core.main.TestCaseMain.startTestSuite(TestCaseMain.java:149)
	at com.kms.katalon.core.main.TestCaseMain$startTestSuite$0.call(Unknown Source)
	at TempTestSuite1562794812628.run(TempTestSuite1562794812628.groovy:36)


2019-07-10 17:59:51 - [TEST_STEP][PASSED] - callTestCase(findTestCase("CALL - URL"), [:], STOP_ON_FAILURE): Call Test Case 'Test Cases/CALL - URL' successfully

2019-07-10 17:59:51 - [TEST_CASE][PASSED] - Test Cases/CALL - URL: Test Cases/CALL - URL

2019-07-10 17:59:51 - [TEST_STEP][PASSED] - openBrowser(""): Browser is opened with url: ''

2019-07-10 17:59:51 - [MESSAGE][WARNING] - A browser is already opened. Closing browser and opening a new one

2019-07-10 17:59:52 - [MESSAGE][INFO] - Starting 'Remote' driver

2019-07-10 17:59:52 - [MESSAGE][INFO] - User set preference: ['os', 'Windows']

2019-07-10 17:59:52 - [MESSAGE][INFO] - User set preference: ['os_version', '10']

2019-07-10 17:59:52 - [MESSAGE][INFO] - User set preference: ['browser', 'Edge']

2019-07-10 17:59:52 - [MESSAGE][INFO] - User set preference: ['browser_version', '18.0']

2019-07-10 17:59:52 - [MESSAGE][INFO] - User set preference: ['resolution', '']

2019-07-10 17:59:52 - [MESSAGE][INFO] - Connecting to remote web server 'https://dianatest3:Z3oqw9ysqTeRQJq5wFCp@hub-cloud.browserstack.com/wd/hub' with type 'Selenium'

2019-07-10 18:00:03 - [MESSAGE][PASSED] - Browser is opened with url: ''

2019-07-10 18:00:03 - [TEST_STEP][PASSED] - navigateToUrl("https://diff-apollo.myshopify.com/?_ab=0&_fd=0&_sc=1&preview_theme_id=68640637028"): Navigate to 'https://diff-apollo.myshopify.com/?_ab=0&_fd=0&_sc=1&preview_theme_id=68640637028' successfully

2019-07-10 18:00:16 - [MESSAGE][PASSED] - Navigate to 'https://diff-apollo.myshopify.com/?_ab=0&_fd=0&_sc=1&preview_theme_id=68640637028' successfully

2019-07-10 18:00:16 - [TEST_STEP][NOT_RUN] - executeJavaScript("var previewBar = document.getElementById("preview-bar-iframe"); previewBar.style.display = "none";", []): NOT_RUN: executeJavaScript("var previewBar = document.getElementById("preview-bar-iframe"); previewBar.style.display = "none";", [])

2019-07-10 18:00:16 - [MESSAGE][NOT_RUN] - NOT_RUN: executeJavaScript("var previewBar = document.getElementById("preview-bar-iframe"); previewBar.style.display = "none";", [])

2019-07-10 18:00:16 - [TEST_STEP][PASSED] - maximizeWindow(): Current window maximized

2019-07-10 18:00:17 - [MESSAGE][PASSED] - Current window maximized

2019-07-10 18:00:17 - [MESSAGE][PASSED] - Call Test Case 'Test Cases/CALL - URL' successfully

2019-07-10 18:00:17 - [TEST_STEP][PASSED] - delay(2): Delayed 2 second(s)

2019-07-10 18:00:19 - [MESSAGE][PASSED] - Delayed 2 second(s)

2019-07-10 18:00:19 - [TEST_STEP][PASSED] - click(findTestObject("APOLLO- Desktop/Burger Menu/Burgermenu")): Object: 'Object Repository/APOLLO- Desktop/Burger Menu/Burgermenu' is clicked on

2019-07-10 18:00:20 - [MESSAGE][PASSED] - Object: 'Object Repository/APOLLO- Desktop/Burger Menu/Burgermenu' is clicked on

2019-07-10 18:00:20 - [TEST_STEP][PASSED] - delay(2): Delayed 2 second(s)

2019-07-10 18:00:22 - [MESSAGE][PASSED] - Delayed 2 second(s)

2019-07-10 18:00:22 - [TEST_STEP][PASSED] - click(findTestObject("APOLLO- Desktop/Burger Menu/Mens chevron")): Object: 'Object Repository/APOLLO- Desktop/Burger Menu/Mens chevron' is clicked on

2019-07-10 18:00:23 - [MESSAGE][PASSED] - Object: 'Object Repository/APOLLO- Desktop/Burger Menu/Mens chevron' is clicked on

2019-07-10 18:00:23 - [TEST_STEP][PASSED] - delay(2): Delayed 2 second(s)

2019-07-10 18:00:25 - [MESSAGE][PASSED] - Delayed 2 second(s)

2019-07-10 18:00:25 - [TEST_STEP][PASSED] - click(findTestObject("APOLLO- Desktop/Burger Menu/Mens - Top Chevron")): Object: 'Object Repository/APOLLO- Desktop/Burger Menu/Mens - Top Chevron' is clicked on

2019-07-10 18:00:26 - [MESSAGE][PASSED] - Object: 'Object Repository/APOLLO- Desktop/Burger Menu/Mens - Top Chevron' is clicked on

2019-07-10 18:00:26 - [TEST_STEP][PASSED] - delay(2): Delayed 2 second(s)

2019-07-10 18:00:28 - [MESSAGE][PASSED] - Delayed 2 second(s)

2019-07-10 18:00:28 - [TEST_STEP][PASSED] - click(findTestObject("APOLLO- Desktop/Burger Menu/Shirts link")): Object: 'Object Repository/APOLLO- Desktop/Burger Menu/Shirts link' is clicked on

2019-07-10 18:00:28 - [MESSAGE][PASSED] - Object: 'Object Repository/APOLLO- Desktop/Burger Menu/Shirts link' is clicked on

2019-07-10 18:00:28 - [TEST_STEP][NOT_RUN] - executeJavaScript("var previewBar = document.getElementById("preview-bar-iframe"); previewBar.style.display = "none";", []): NOT_RUN: executeJavaScript("var previewBar = document.getElementById("preview-bar-iframe"); previewBar.style.display = "none";", [])

2019-07-10 18:00:28 - [MESSAGE][NOT_RUN] - NOT_RUN: executeJavaScript("var previewBar = document.getElementById("preview-bar-iframe"); previewBar.style.display = "none";", [])

2019-07-10 18:00:28 - [TEST_STEP][PASSED] - delay(2): Delayed 2 second(s)

2019-07-10 18:00:30 - [MESSAGE][PASSED] - Delayed 2 second(s)

2019-07-10 18:00:30 - [TEST_STEP][PASSED] - click(findTestObject("APOLLO- Desktop/Collection page/Blue shirt product")): Object: 'Object Repository/APOLLO- Desktop/Collection page/Blue shirt product' is clicked on

2019-07-10 18:00:31 - [MESSAGE][PASSED] - Object: 'Object Repository/APOLLO- Desktop/Collection page/Blue shirt product' is clicked on

2019-07-10 18:00:31 - [TEST_STEP][PASSED] - delay(2): Delayed 2 second(s)

2019-07-10 18:00:33 - [MESSAGE][PASSED] - Delayed 2 second(s)

2019-07-10 18:00:33 - [TEST_STEP][NOT_RUN] - executeJavaScript("var previewBar = document.getElementById("preview-bar-iframe"); previewBar.style.display = "none";", []): NOT_RUN: executeJavaScript("var previewBar = document.getElementById("preview-bar-iframe"); previewBar.style.display = "none";", [])

2019-07-10 18:00:33 - [MESSAGE][NOT_RUN] - NOT_RUN: executeJavaScript("var previewBar = document.getElementById("preview-bar-iframe"); previewBar.style.display = "none";", [])

2019-07-10 18:00:33 - [TEST_STEP][PASSED] - delay(2): Delayed 2 second(s)

2019-07-10 18:00:35 - [MESSAGE][PASSED] - Delayed 2 second(s)

2019-07-10 18:00:35 - [TEST_STEP][FAILED] - click(findTestObject("APOLLO- Desktop/Product page/a_Shop all products")): click(findTestObject("APOLLO- Desktop/Product page/a_Shop all products")) FAILED.
Reason:
com.kms.katalon.core.exception.StepFailedException: Unable to click on object 'Object Repository/APOLLO- Desktop/Product page/a_Shop all products' (Root cause: org.openqa.selenium.ElementClickInterceptedException: The command failed because the specified element is obscured.
Build info: version: '3.7.1', revision: '8a0099a', time: '2017-11-06T21:07:36.161Z'
System info: host: 'sumans-MacBook-Pro.local', ip: 'fe80:0:0:0:47c:ca88:4245:b7a7%en0', os.name: 'Mac OS X', os.arch: 'x86_64', os.version: '10.13.6', java.version: '1.8.0_181'
Driver info: com.kms.katalon.selenium.driver.CRemoteWebDriver
Capabilities {acceptInsecureCerts: false, browserName: MicrosoftEdge, browserVersion: 44.18362.1.0, javascriptEnabled: true, pageLoadStrategy: normal, platform: WINDOWS, platformName: WINDOWS, proxy: Proxy(), setWindowRect: false, timeouts: {implicit: 0, pageLoad: 300000, script: 30000}}
Session ID: 9c6fcd3f31aea720e6875ffed8cddc3e8b9cecc4)
	at com.kms.katalon.core.keyword.internal.KeywordMain.stepFailed(KeywordMain.groovy:36)
	at com.kms.katalon.core.webui.keyword.internal.WebUIKeywordMain.stepFailed(WebUIKeywordMain.groovy:65)
	at com.kms.katalon.core.webui.keyword.internal.WebUIKeywordMain.runKeyword(WebUIKeywordMain.groovy:27)
	at com.kms.katalon.core.webui.keyword.builtin.ClickKeyword.click(ClickKeyword.groovy:86)
	at com.kms.katalon.core.webui.keyword.builtin.ClickKeyword.execute(ClickKeyword.groovy:67)
	at com.kms.katalon.core.keyword.internal.KeywordExecutor.executeKeywordForPlatform(KeywordExecutor.groovy:53)
	at com.kms.katalon.core.webui.keyword.WebUiBuiltInKeywords.click(WebUiBuiltInKeywords.groovy:616)
	at com.kms.katalon.core.webui.keyword.WebUiBuiltInKeywords$click$2.call(Unknown Source)
	at Shop all products CTA.run(Shop all products CTA:48)
	at com.kms.katalon.core.main.ScriptEngine.run(ScriptEngine.java:194)
	at com.kms.katalon.core.main.ScriptEngine.runScriptAsRawText(ScriptEngine.java:119)
	at com.kms.katalon.core.main.TestCaseExecutor.runScript(TestCaseExecutor.java:328)
	at com.kms.katalon.core.main.TestCaseExecutor.doExecute(TestCaseExecutor.java:319)
	at com.kms.katalon.core.main.TestCaseExecutor.processExecutionPhase(TestCaseExecutor.java:298)
	at com.kms.katalon.core.main.TestCaseExecutor.accessMainPhase(TestCaseExecutor.java:290)
	at com.kms.katalon.core.main.TestCaseExecutor.execute(TestCaseExecutor.java:224)
	at com.kms.katalon.core.main.TestSuiteExecutor.accessTestCaseMainPhase(TestSuiteExecutor.java:129)
	at com.kms.katalon.core.main.TestSuiteExecutor.accessTestSuiteMainPhase(TestSuiteExecutor.java:112)
	at com.kms.katalon.core.main.TestSuiteExecutor.execute(TestSuiteExecutor.java:81)
	at com.kms.katalon.core.main.TestCaseMain.startTestSuite(TestCaseMain.java:149)
	at com.kms.katalon.core.main.TestCaseMain$startTestSuite$0.call(Unknown Source)
	at TempTestSuite1562794812628.run(TempTestSuite1562794812628.groovy:36)


2019-07-10 18:00:38 - [MESSAGE][FAILED] - Unable to click on object 'Object Repository/APOLLO- Desktop/Product page/a_Shop all products' (Root cause: org.openqa.selenium.ElementClickInterceptedException: The command failed because the specified element is obscured.
Build info: version: '3.7.1', revision: '8a0099a', time: '2017-11-06T21:07:36.161Z'
System info: host: 'sumans-MacBook-Pro.local', ip: 'fe80:0:0:0:47c:ca88:4245:b7a7%en0', os.name: 'Mac OS X', os.arch: 'x86_64', os.version: '10.13.6', java.version: '1.8.0_181'
Driver info: com.kms.katalon.selenium.driver.CRemoteWebDriver
Capabilities {acceptInsecureCerts: false, browserName: MicrosoftEdge, browserVersion: 44.18362.1.0, javascriptEnabled: true, pageLoadStrategy: normal, platform: WINDOWS, platformName: WINDOWS, proxy: Proxy(), setWindowRect: false, timeouts: {implicit: 0, pageLoad: 300000, script: 30000}}
Session ID: 9c6fcd3f31aea720e6875ffed8cddc3e8b9cecc4)
[[ATTACHMENT|/Users/sumankompelly/git/Apollo-Dark-Desktop/Reports/Apollo - dark build/20190710_174012/1562796036826.png]]

2019-07-10 18:00:38 - [MESSAGE][FAILED] - click(findTestObject("APOLLO- Desktop/Product page/a_Shop all products")) FAILED.
Reason:
com.kms.katalon.core.exception.StepFailedException: Unable to click on object 'Object Repository/APOLLO- Desktop/Product page/a_Shop all products' (Root cause: org.openqa.selenium.ElementClickInterceptedException: The command failed because the specified element is obscured.
Build info: version: '3.7.1', revision: '8a0099a', time: '2017-11-06T21:07:36.161Z'
System info: host: 'sumans-MacBook-Pro.local', ip: 'fe80:0:0:0:47c:ca88:4245:b7a7%en0', os.name: 'Mac OS X', os.arch: 'x86_64', os.version: '10.13.6', java.version: '1.8.0_181'
Driver info: com.kms.katalon.selenium.driver.CRemoteWebDriver
Capabilities {acceptInsecureCerts: false, browserName: MicrosoftEdge, browserVersion: 44.18362.1.0, javascriptEnabled: true, pageLoadStrategy: normal, platform: WINDOWS, platformName: WINDOWS, proxy: Proxy(), setWindowRect: false, timeouts: {implicit: 0, pageLoad: 300000, script: 30000}}
Session ID: 9c6fcd3f31aea720e6875ffed8cddc3e8b9cecc4)
	at com.kms.katalon.core.keyword.internal.KeywordMain.stepFailed(KeywordMain.groovy:36)
	at com.kms.katalon.core.webui.keyword.internal.WebUIKeywordMain.stepFailed(WebUIKeywordMain.groovy:65)
	at com.kms.katalon.core.webui.keyword.internal.WebUIKeywordMain.runKeyword(WebUIKeywordMain.groovy:27)
	at com.kms.katalon.core.webui.keyword.builtin.ClickKeyword.click(ClickKeyword.groovy:86)
	at com.kms.katalon.core.webui.keyword.builtin.ClickKeyword.execute(ClickKeyword.groovy:67)
	at com.kms.katalon.core.keyword.internal.KeywordExecutor.executeKeywordForPlatform(KeywordExecutor.groovy:53)
	at com.kms.katalon.core.webui.keyword.WebUiBuiltInKeywords.click(WebUiBuiltInKeywords.groovy:616)
	at com.kms.katalon.core.webui.keyword.WebUiBuiltInKeywords$click$2.call(Unknown Source)
	at Shop all products CTA.run(Shop all products CTA:48)
	at com.kms.katalon.core.main.ScriptEngine.run(ScriptEngine.java:194)
	at com.kms.katalon.core.main.ScriptEngine.runScriptAsRawText(ScriptEngine.java:119)
	at com.kms.katalon.core.main.TestCaseExecutor.runScript(TestCaseExecutor.java:328)
	at com.kms.katalon.core.main.TestCaseExecutor.doExecute(TestCaseExecutor.java:319)
	at com.kms.katalon.core.main.TestCaseExecutor.processExecutionPhase(TestCaseExecutor.java:298)
	at com.kms.katalon.core.main.TestCaseExecutor.accessMainPhase(TestCaseExecutor.java:290)
	at com.kms.katalon.core.main.TestCaseExecutor.execute(TestCaseExecutor.java:224)
	at com.kms.katalon.core.main.TestSuiteExecutor.accessTestCaseMainPhase(TestSuiteExecutor.java:129)
	at com.kms.katalon.core.main.TestSuiteExecutor.accessTestSuiteMainPhase(TestSuiteExecutor.java:112)
	at com.kms.katalon.core.main.TestSuiteExecutor.execute(TestSuiteExecutor.java:81)
	at com.kms.katalon.core.main.TestCaseMain.startTestSuite(TestCaseMain.java:149)
	at com.kms.katalon.core.main.TestCaseMain$startTestSuite$0.call(Unknown Source)
	at TempTestSuite1562794812628.run(TempTestSuite1562794812628.groovy:36)]]></system-out>
         <system-err><![CDATA[2019-07-10 17:59:51 - [TEST_CASE][FAILED] - Test Cases/PRODUCT PAGE/Shop all products CTA: Test Cases/PRODUCT PAGE/Shop all products CTA FAILED.
Reason:
com.kms.katalon.core.exception.StepFailedException: Unable to click on object 'Object Repository/APOLLO- Desktop/Product page/a_Shop all products' (Root cause: org.openqa.selenium.ElementClickInterceptedException: The command failed because the specified element is obscured.
Build info: version: '3.7.1', revision: '8a0099a', time: '2017-11-06T21:07:36.161Z'
System info: host: 'sumans-MacBook-Pro.local', ip: 'fe80:0:0:0:47c:ca88:4245:b7a7%en0', os.name: 'Mac OS X', os.arch: 'x86_64', os.version: '10.13.6', java.version: '1.8.0_181'
Driver info: com.kms.katalon.selenium.driver.CRemoteWebDriver
Capabilities {acceptInsecureCerts: false, browserName: MicrosoftEdge, browserVersion: 44.18362.1.0, javascriptEnabled: true, pageLoadStrategy: normal, platform: WINDOWS, platformName: WINDOWS, proxy: Proxy(), setWindowRect: false, timeouts: {implicit: 0, pageLoad: 300000, script: 30000}}
Session ID: 9c6fcd3f31aea720e6875ffed8cddc3e8b9cecc4)
	at com.kms.katalon.core.keyword.internal.KeywordMain.stepFailed(KeywordMain.groovy:36)
	at com.kms.katalon.core.webui.keyword.internal.WebUIKeywordMain.stepFailed(WebUIKeywordMain.groovy:65)
	at com.kms.katalon.core.webui.keyword.internal.WebUIKeywordMain.runKeyword(WebUIKeywordMain.groovy:27)
	at com.kms.katalon.core.webui.keyword.builtin.ClickKeyword.click(ClickKeyword.groovy:86)
	at com.kms.katalon.core.webui.keyword.builtin.ClickKeyword.execute(ClickKeyword.groovy:67)
	at com.kms.katalon.core.keyword.internal.KeywordExecutor.executeKeywordForPlatform(KeywordExecutor.groovy:53)
	at com.kms.katalon.core.webui.keyword.WebUiBuiltInKeywords.click(WebUiBuiltInKeywords.groovy:616)
	at com.kms.katalon.core.webui.keyword.WebUiBuiltInKeywords$click$2.call(Unknown Source)
	at Shop all products CTA.run(Shop all products CTA:48)
	at com.kms.katalon.core.main.ScriptEngine.run(ScriptEngine.java:194)
	at com.kms.katalon.core.main.ScriptEngine.runScriptAsRawText(ScriptEngine.java:119)
	at com.kms.katalon.core.main.TestCaseExecutor.runScript(TestCaseExecutor.java:328)
	at com.kms.katalon.core.main.TestCaseExecutor.doExecute(TestCaseExecutor.java:319)
	at com.kms.katalon.core.main.TestCaseExecutor.processExecutionPhase(TestCaseExecutor.java:298)
	at com.kms.katalon.core.main.TestCaseExecutor.accessMainPhase(TestCaseExecutor.java:290)
	at com.kms.katalon.core.main.TestCaseExecutor.execute(TestCaseExecutor.java:224)
	at com.kms.katalon.core.main.TestSuiteExecutor.accessTestCaseMainPhase(TestSuiteExecutor.java:129)
	at com.kms.katalon.core.main.TestSuiteExecutor.accessTestSuiteMainPhase(TestSuiteExecutor.java:112)
	at com.kms.katalon.core.main.TestSuiteExecutor.execute(TestSuiteExecutor.java:81)
	at com.kms.katalon.core.main.TestCaseMain.startTestSuite(TestCaseMain.java:149)
	at com.kms.katalon.core.main.TestCaseMain$startTestSuite$0.call(Unknown Source)
	at TempTestSuite1562794812628.run(TempTestSuite1562794812628.groovy:36)]]></system-err>
      </testcase>
      <testcase name="Test Cases/PRODUCT PAGE/Image sliders and chevrons" classname="Test Cases/PRODUCT PAGE/Image sliders and chevrons" status="PASSED">
         <system-out><![CDATA[2019-07-10 18:00:38 - [TEST_CASE][PASSED] - Test Cases/PRODUCT PAGE/Image sliders and chevrons: Test Cases/PRODUCT PAGE/Image sliders and chevrons

2019-07-10 18:00:38 - [TEST_STEP][PASSED] - callTestCase(findTestCase("CALL - URL"), [:], STOP_ON_FAILURE): Call Test Case 'Test Cases/CALL - URL' successfully

2019-07-10 18:00:38 - [TEST_CASE][PASSED] - Test Cases/CALL - URL: Test Cases/CALL - URL

2019-07-10 18:00:38 - [TEST_STEP][PASSED] - openBrowser(""): Browser is opened with url: ''

2019-07-10 18:00:38 - [MESSAGE][WARNING] - A browser is already opened. Closing browser and opening a new one

2019-07-10 18:00:40 - [MESSAGE][INFO] - Starting 'Remote' driver

2019-07-10 18:00:40 - [MESSAGE][INFO] - User set preference: ['os', 'Windows']

2019-07-10 18:00:40 - [MESSAGE][INFO] - User set preference: ['os_version', '10']

2019-07-10 18:00:40 - [MESSAGE][INFO] - User set preference: ['browser', 'Edge']

2019-07-10 18:00:40 - [MESSAGE][INFO] - User set preference: ['browser_version', '18.0']

2019-07-10 18:00:40 - [MESSAGE][INFO] - User set preference: ['resolution', '']

2019-07-10 18:00:40 - [MESSAGE][INFO] - Connecting to remote web server 'https://dianatest3:Z3oqw9ysqTeRQJq5wFCp@hub-cloud.browserstack.com/wd/hub' with type 'Selenium'

2019-07-10 18:00:52 - [MESSAGE][PASSED] - Browser is opened with url: ''

2019-07-10 18:00:52 - [TEST_STEP][PASSED] - navigateToUrl("https://diff-apollo.myshopify.com/?_ab=0&_fd=0&_sc=1&preview_theme_id=68640637028"): Navigate to 'https://diff-apollo.myshopify.com/?_ab=0&_fd=0&_sc=1&preview_theme_id=68640637028' successfully

2019-07-10 18:01:11 - [MESSAGE][PASSED] - Navigate to 'https://diff-apollo.myshopify.com/?_ab=0&_fd=0&_sc=1&preview_theme_id=68640637028' successfully

2019-07-10 18:01:11 - [TEST_STEP][NOT_RUN] - executeJavaScript("var previewBar = document.getElementById("preview-bar-iframe"); previewBar.style.display = "none";", []): NOT_RUN: executeJavaScript("var previewBar = document.getElementById("preview-bar-iframe"); previewBar.style.display = "none";", [])

2019-07-10 18:01:11 - [MESSAGE][NOT_RUN] - NOT_RUN: executeJavaScript("var previewBar = document.getElementById("preview-bar-iframe"); previewBar.style.display = "none";", [])

2019-07-10 18:01:11 - [TEST_STEP][PASSED] - maximizeWindow(): Current window maximized

2019-07-10 18:01:11 - [MESSAGE][PASSED] - Current window maximized

2019-07-10 18:01:11 - [MESSAGE][PASSED] - Call Test Case 'Test Cases/CALL - URL' successfully

2019-07-10 18:01:11 - [TEST_STEP][PASSED] - delay(2): Delayed 2 second(s)

2019-07-10 18:01:13 - [MESSAGE][PASSED] - Delayed 2 second(s)

2019-07-10 18:01:13 - [TEST_STEP][PASSED] - click(findTestObject("APOLLO- Desktop/Burger Menu/Burgermenu")): Object: 'Object Repository/APOLLO- Desktop/Burger Menu/Burgermenu' is clicked on

2019-07-10 18:01:14 - [MESSAGE][PASSED] - Object: 'Object Repository/APOLLO- Desktop/Burger Menu/Burgermenu' is clicked on

2019-07-10 18:01:14 - [TEST_STEP][PASSED] - delay(2): Delayed 2 second(s)

2019-07-10 18:01:16 - [MESSAGE][PASSED] - Delayed 2 second(s)

2019-07-10 18:01:16 - [TEST_STEP][PASSED] - click(findTestObject("APOLLO- Desktop/Burger Menu/Mens chevron")): Object: 'Object Repository/APOLLO- Desktop/Burger Menu/Mens chevron' is clicked on

2019-07-10 18:01:18 - [MESSAGE][PASSED] - Object: 'Object Repository/APOLLO- Desktop/Burger Menu/Mens chevron' is clicked on

2019-07-10 18:01:18 - [TEST_STEP][PASSED] - delay(2): Delayed 2 second(s)

2019-07-10 18:01:20 - [MESSAGE][PASSED] - Delayed 2 second(s)

2019-07-10 18:01:20 - [TEST_STEP][PASSED] - click(findTestObject("APOLLO- Desktop/Burger Menu/Mens - Top Chevron")): Object: 'Object Repository/APOLLO- Desktop/Burger Menu/Mens - Top Chevron' is clicked on

2019-07-10 18:01:21 - [MESSAGE][PASSED] - Object: 'Object Repository/APOLLO- Desktop/Burger Menu/Mens - Top Chevron' is clicked on

2019-07-10 18:01:21 - [TEST_STEP][PASSED] - delay(2): Delayed 2 second(s)

2019-07-10 18:01:23 - [MESSAGE][PASSED] - Delayed 2 second(s)

2019-07-10 18:01:23 - [TEST_STEP][PASSED] - click(findTestObject("APOLLO- Desktop/Burger Menu/Shirts link")): Object: 'Object Repository/APOLLO- Desktop/Burger Menu/Shirts link' is clicked on

2019-07-10 18:01:26 - [MESSAGE][PASSED] - Object: 'Object Repository/APOLLO- Desktop/Burger Menu/Shirts link' is clicked on

2019-07-10 18:01:26 - [TEST_STEP][NOT_RUN] - executeJavaScript("var previewBar = document.getElementById("preview-bar-iframe"); previewBar.style.display = "none";", []): NOT_RUN: executeJavaScript("var previewBar = document.getElementById("preview-bar-iframe"); previewBar.style.display = "none";", [])

2019-07-10 18:01:26 - [MESSAGE][NOT_RUN] - NOT_RUN: executeJavaScript("var previewBar = document.getElementById("preview-bar-iframe"); previewBar.style.display = "none";", [])

2019-07-10 18:01:26 - [TEST_STEP][PASSED] - delay(2): Delayed 2 second(s)

2019-07-10 18:01:28 - [MESSAGE][PASSED] - Delayed 2 second(s)

2019-07-10 18:01:28 - [TEST_STEP][PASSED] - click(findTestObject("APOLLO- Desktop/Collection page/Striped T-shirt")): Object: 'Object Repository/APOLLO- Desktop/Collection page/Striped T-shirt' is clicked on

2019-07-10 18:01:30 - [MESSAGE][PASSED] - Object: 'Object Repository/APOLLO- Desktop/Collection page/Striped T-shirt' is clicked on

2019-07-10 18:01:30 - [TEST_STEP][PASSED] - delay(2): Delayed 2 second(s)

2019-07-10 18:01:32 - [MESSAGE][PASSED] - Delayed 2 second(s)

2019-07-10 18:01:32 - [TEST_STEP][NOT_RUN] - executeJavaScript("var previewBar = document.getElementById("preview-bar-iframe"); previewBar.style.display = "none";", []): NOT_RUN: executeJavaScript("var previewBar = document.getElementById("preview-bar-iframe"); previewBar.style.display = "none";", [])

2019-07-10 18:01:32 - [MESSAGE][NOT_RUN] - NOT_RUN: executeJavaScript("var previewBar = document.getElementById("preview-bar-iframe"); previewBar.style.display = "none";", [])

2019-07-10 18:01:32 - [TEST_STEP][PASSED] - delay(2): Delayed 2 second(s)

2019-07-10 18:01:34 - [MESSAGE][PASSED] - Delayed 2 second(s)

2019-07-10 18:01:34 - [TEST_STEP][PASSED] - click(findTestObject("APOLLO- Desktop/Product page/Image slider 1")): Object: 'Object Repository/APOLLO- Desktop/Product page/Image slider 1' is clicked on

2019-07-10 18:01:36 - [MESSAGE][PASSED] - Object: 'Object Repository/APOLLO- Desktop/Product page/Image slider 1' is clicked on

2019-07-10 18:01:36 - [TEST_STEP][PASSED] - delay(2): Delayed 2 second(s)

2019-07-10 18:01:38 - [MESSAGE][PASSED] - Delayed 2 second(s)

2019-07-10 18:01:38 - [TEST_STEP][PASSED] - click(findTestObject("APOLLO- Desktop/Product page/Image slider 2")): Object: 'Object Repository/APOLLO- Desktop/Product page/Image slider 2' is clicked on

2019-07-10 18:01:40 - [MESSAGE][PASSED] - Object: 'Object Repository/APOLLO- Desktop/Product page/Image slider 2' is clicked on

2019-07-10 18:01:40 - [TEST_STEP][PASSED] - delay(2): Delayed 2 second(s)

2019-07-10 18:01:42 - [MESSAGE][PASSED] - Delayed 2 second(s)

2019-07-10 18:01:42 - [TEST_STEP][PASSED] - click(findTestObject("APOLLO- Desktop/Product page/Image slider 3")): Object: 'Object Repository/APOLLO- Desktop/Product page/Image slider 3' is clicked on

2019-07-10 18:01:43 - [MESSAGE][PASSED] - Object: 'Object Repository/APOLLO- Desktop/Product page/Image slider 3' is clicked on

2019-07-10 18:01:43 - [TEST_STEP][PASSED] - delay(2): Delayed 2 second(s)

2019-07-10 18:01:45 - [MESSAGE][PASSED] - Delayed 2 second(s)

2019-07-10 18:01:45 - [TEST_STEP][PASSED] - click(findTestObject("APOLLO- Desktop/Product page/Image slider 4")): Object: 'Object Repository/APOLLO- Desktop/Product page/Image slider 4' is clicked on

2019-07-10 18:01:45 - [MESSAGE][PASSED] - Object: 'Object Repository/APOLLO- Desktop/Product page/Image slider 4' is clicked on

2019-07-10 18:01:45 - [TEST_STEP][PASSED] - delay(2): Delayed 2 second(s)

2019-07-10 18:01:47 - [MESSAGE][PASSED] - Delayed 2 second(s)

2019-07-10 18:01:47 - [TEST_STEP][PASSED] - click(findTestObject("APOLLO- Desktop/Product page/Image slider 5")): Object: 'Object Repository/APOLLO- Desktop/Product page/Image slider 5' is clicked on

2019-07-10 18:01:48 - [MESSAGE][PASSED] - Object: 'Object Repository/APOLLO- Desktop/Product page/Image slider 5' is clicked on

2019-07-10 18:01:48 - [TEST_STEP][PASSED] - delay(2): Delayed 2 second(s)

2019-07-10 18:01:50 - [MESSAGE][PASSED] - Delayed 2 second(s)

2019-07-10 18:01:50 - [TEST_STEP][PASSED] - click(findTestObject("APOLLO- Desktop/Product page/Image slider 7")): Object: 'Object Repository/APOLLO- Desktop/Product page/Image slider 7' is clicked on

2019-07-10 18:01:50 - [MESSAGE][PASSED] - Object: 'Object Repository/APOLLO- Desktop/Product page/Image slider 7' is clicked on

2019-07-10 18:01:50 - [TEST_STEP][PASSED] - delay(2): Delayed 2 second(s)

2019-07-10 18:01:52 - [MESSAGE][PASSED] - Delayed 2 second(s)

2019-07-10 18:01:52 - [TEST_STEP][PASSED] - click(findTestObject("APOLLO- Desktop/Product page/Image slider 8")): Object: 'Object Repository/APOLLO- Desktop/Product page/Image slider 8' is clicked on

2019-07-10 18:01:53 - [MESSAGE][PASSED] - Object: 'Object Repository/APOLLO- Desktop/Product page/Image slider 8' is clicked on

2019-07-10 18:01:53 - [TEST_STEP][NOT_RUN] - delay(2): NOT_RUN: delay(2)

2019-07-10 18:01:53 - [MESSAGE][NOT_RUN] - NOT_RUN: delay(2)

2019-07-10 18:01:53 - [TEST_STEP][PASSED] - delay(2): Delayed 2 second(s)

2019-07-10 18:01:55 - [MESSAGE][PASSED] - Delayed 2 second(s)

2019-07-10 18:01:55 - [TEST_STEP][NOT_RUN] - mouseOver(findTestObject("APOLLO- Desktop/Product page/Next button")): NOT_RUN: mouseOver(findTestObject("APOLLO- Desktop/Product page/Next button"))

2019-07-10 18:01:55 - [MESSAGE][NOT_RUN] - NOT_RUN: mouseOver(findTestObject("APOLLO- Desktop/Product page/Next button"))

2019-07-10 18:01:55 - [TEST_STEP][PASSED] - delay(2): Delayed 2 second(s)

2019-07-10 18:01:57 - [MESSAGE][PASSED] - Delayed 2 second(s)

2019-07-10 18:01:57 - [TEST_STEP][PASSED] - mouseOver(findTestObject("APOLLO- Desktop/Product page/Previous button")): Object: 'Object Repository/APOLLO- Desktop/Product page/Previous button' is hovered

2019-07-10 18:01:57 - [MESSAGE][PASSED] - Object: 'Object Repository/APOLLO- Desktop/Product page/Previous button' is hovered

2019-07-10 18:01:57 - [TEST_STEP][PASSED] - delay(2): Delayed 2 second(s)

2019-07-10 18:01:59 - [MESSAGE][PASSED] - Delayed 2 second(s)

2019-07-10 18:01:59 - [TEST_STEP][PASSED] - click(findTestObject("APOLLO- Desktop/Product page/Previous button")): Object: 'Object Repository/APOLLO- Desktop/Product page/Previous button' is clicked on

2019-07-10 18:02:00 - [MESSAGE][PASSED] - Object: 'Object Repository/APOLLO- Desktop/Product page/Previous button' is clicked on

2019-07-10 18:02:00 - [TEST_STEP][PASSED] - delay(2): Delayed 2 second(s)

2019-07-10 18:02:02 - [MESSAGE][PASSED] - Delayed 2 second(s)

2019-07-10 18:02:02 - [TEST_STEP][PASSED] - click(findTestObject("APOLLO- Desktop/Product page/Next button")): Object: 'Object Repository/APOLLO- Desktop/Product page/Next button' is clicked on

2019-07-10 18:02:02 - [MESSAGE][PASSED] - Object: 'Object Repository/APOLLO- Desktop/Product page/Next button' is clicked on]]></system-out>
         <system-err><![CDATA[]]></system-err>
      </testcase>
      <testcase name="Test Cases/CRITICAL PATH/Home page - add to bag CTA" classname="Test Cases/CRITICAL PATH/Home page - add to bag CTA" status="FAILED">
         <failure type="FAILED" message="Test Cases/CRITICAL PATH/Home page - add to bag CTA FAILED.
Reason:
com.kms.katalon.core.exception.StepFailedException: Unable to click on object 'Object Repository/APOLLO- Desktop/Home page/Navy variant' (Root cause: org.openqa.selenium.ElementClickInterceptedException: The command failed because the specified element is obscured.
Build info: version: '3.7.1', revision: '8a0099a', time: '2017-11-06T21:07:36.161Z'
System info: host: 'sumans-MacBook-Pro.local', ip: 'fe80:0:0:0:47c:ca88:4245:b7a7%en0', os.name: 'Mac OS X', os.arch: 'x86_64', os.version: '10.13.6', java.version: '1.8.0_181'
Driver info: com.kms.katalon.selenium.driver.CRemoteWebDriver
Capabilities {acceptInsecureCerts: false, browserName: MicrosoftEdge, browserVersion: 44.18362.1.0, javascriptEnabled: true, pageLoadStrategy: normal, platform: WINDOWS, platformName: WINDOWS, proxy: Proxy(), setWindowRect: false, timeouts: {implicit: 0, pageLoad: 300000, script: 30000}}
Session ID: e9a51eba31c9beaa737ebc254075cd989355f991)
	at com.kms.katalon.core.keyword.internal.KeywordMain.stepFailed(KeywordMain.groovy:36)
	at com.kms.katalon.core.webui.keyword.internal.WebUIKeywordMain.stepFailed(WebUIKeywordMain.groovy:65)
	at com.kms.katalon.core.webui.keyword.internal.WebUIKeywordMain.runKeyword(WebUIKeywordMain.groovy:27)
	at com.kms.katalon.core.webui.keyword.builtin.ClickKeyword.click(ClickKeyword.groovy:86)
	at com.kms.katalon.core.webui.keyword.builtin.ClickKeyword.execute(ClickKeyword.groovy:67)
	at com.kms.katalon.core.keyword.internal.KeywordExecutor.executeKeywordForPlatform(KeywordExecutor.groovy:53)
	at com.kms.katalon.core.webui.keyword.WebUiBuiltInKeywords.click(WebUiBuiltInKeywords.groovy:616)
	at com.kms.katalon.core.webui.keyword.WebUiBuiltInKeywords$click$2.call(Unknown Source)
	at Home page - add to bag CTA.run(Home page - add to bag CTA:25)
	at com.kms.katalon.core.main.ScriptEngine.run(ScriptEngine.java:194)
	at com.kms.katalon.core.main.ScriptEngine.runScriptAsRawText(ScriptEngine.java:119)
	at com.kms.katalon.core.main.TestCaseExecutor.runScript(TestCaseExecutor.java:328)
	at com.kms.katalon.core.main.TestCaseExecutor.doExecute(TestCaseExecutor.java:319)
	at com.kms.katalon.core.main.TestCaseExecutor.processExecutionPhase(TestCaseExecutor.java:298)
	at com.kms.katalon.core.main.TestCaseExecutor.accessMainPhase(TestCaseExecutor.java:290)
	at com.kms.katalon.core.main.TestCaseExecutor.execute(TestCaseExecutor.java:224)
	at com.kms.katalon.core.main.TestSuiteExecutor.accessTestCaseMainPhase(TestSuiteExecutor.java:129)
	at com.kms.katalon.core.main.TestSuiteExecutor.accessTestSuiteMainPhase(TestSuiteExecutor.java:112)
	at com.kms.katalon.core.main.TestSuiteExecutor.execute(TestSuiteExecutor.java:81)
	at com.kms.katalon.core.main.TestCaseMain.startTestSuite(TestCaseMain.java:149)
	at com.kms.katalon.core.main.TestCaseMain$startTestSuite$0.call(Unknown Source)
	at TempTestSuite1562794812628.run(TempTestSuite1562794812628.groovy:36)
"/>
         <system-out><![CDATA[2019-07-10 18:02:02 - [TEST_CASE][FAILED] - Test Cases/CRITICAL PATH/Home page - add to bag CTA: Test Cases/CRITICAL PATH/Home page - add to bag CTA FAILED.
Reason:
com.kms.katalon.core.exception.StepFailedException: Unable to click on object 'Object Repository/APOLLO- Desktop/Home page/Navy variant' (Root cause: org.openqa.selenium.ElementClickInterceptedException: The command failed because the specified element is obscured.
Build info: version: '3.7.1', revision: '8a0099a', time: '2017-11-06T21:07:36.161Z'
System info: host: 'sumans-MacBook-Pro.local', ip: 'fe80:0:0:0:47c:ca88:4245:b7a7%en0', os.name: 'Mac OS X', os.arch: 'x86_64', os.version: '10.13.6', java.version: '1.8.0_181'
Driver info: com.kms.katalon.selenium.driver.CRemoteWebDriver
Capabilities {acceptInsecureCerts: false, browserName: MicrosoftEdge, browserVersion: 44.18362.1.0, javascriptEnabled: true, pageLoadStrategy: normal, platform: WINDOWS, platformName: WINDOWS, proxy: Proxy(), setWindowRect: false, timeouts: {implicit: 0, pageLoad: 300000, script: 30000}}
Session ID: e9a51eba31c9beaa737ebc254075cd989355f991)
	at com.kms.katalon.core.keyword.internal.KeywordMain.stepFailed(KeywordMain.groovy:36)
	at com.kms.katalon.core.webui.keyword.internal.WebUIKeywordMain.stepFailed(WebUIKeywordMain.groovy:65)
	at com.kms.katalon.core.webui.keyword.internal.WebUIKeywordMain.runKeyword(WebUIKeywordMain.groovy:27)
	at com.kms.katalon.core.webui.keyword.builtin.ClickKeyword.click(ClickKeyword.groovy:86)
	at com.kms.katalon.core.webui.keyword.builtin.ClickKeyword.execute(ClickKeyword.groovy:67)
	at com.kms.katalon.core.keyword.internal.KeywordExecutor.executeKeywordForPlatform(KeywordExecutor.groovy:53)
	at com.kms.katalon.core.webui.keyword.WebUiBuiltInKeywords.click(WebUiBuiltInKeywords.groovy:616)
	at com.kms.katalon.core.webui.keyword.WebUiBuiltInKeywords$click$2.call(Unknown Source)
	at Home page - add to bag CTA.run(Home page - add to bag CTA:25)
	at com.kms.katalon.core.main.ScriptEngine.run(ScriptEngine.java:194)
	at com.kms.katalon.core.main.ScriptEngine.runScriptAsRawText(ScriptEngine.java:119)
	at com.kms.katalon.core.main.TestCaseExecutor.runScript(TestCaseExecutor.java:328)
	at com.kms.katalon.core.main.TestCaseExecutor.doExecute(TestCaseExecutor.java:319)
	at com.kms.katalon.core.main.TestCaseExecutor.processExecutionPhase(TestCaseExecutor.java:298)
	at com.kms.katalon.core.main.TestCaseExecutor.accessMainPhase(TestCaseExecutor.java:290)
	at com.kms.katalon.core.main.TestCaseExecutor.execute(TestCaseExecutor.java:224)
	at com.kms.katalon.core.main.TestSuiteExecutor.accessTestCaseMainPhase(TestSuiteExecutor.java:129)
	at com.kms.katalon.core.main.TestSuiteExecutor.accessTestSuiteMainPhase(TestSuiteExecutor.java:112)
	at com.kms.katalon.core.main.TestSuiteExecutor.execute(TestSuiteExecutor.java:81)
	at com.kms.katalon.core.main.TestCaseMain.startTestSuite(TestCaseMain.java:149)
	at com.kms.katalon.core.main.TestCaseMain$startTestSuite$0.call(Unknown Source)
	at TempTestSuite1562794812628.run(TempTestSuite1562794812628.groovy:36)


2019-07-10 18:02:03 - [TEST_STEP][PASSED] - callTestCase(findTestCase("CALL - URL"), [:], STOP_ON_FAILURE): Call Test Case 'Test Cases/CALL - URL' successfully

2019-07-10 18:02:03 - [TEST_CASE][PASSED] - Test Cases/CALL - URL: Test Cases/CALL - URL

2019-07-10 18:02:03 - [TEST_STEP][PASSED] - openBrowser(""): Browser is opened with url: ''

2019-07-10 18:02:03 - [MESSAGE][WARNING] - A browser is already opened. Closing browser and opening a new one

2019-07-10 18:02:06 - [MESSAGE][INFO] - Starting 'Remote' driver

2019-07-10 18:02:06 - [MESSAGE][INFO] - User set preference: ['os', 'Windows']

2019-07-10 18:02:06 - [MESSAGE][INFO] - User set preference: ['os_version', '10']

2019-07-10 18:02:06 - [MESSAGE][INFO] - User set preference: ['browser', 'Edge']

2019-07-10 18:02:06 - [MESSAGE][INFO] - User set preference: ['browser_version', '18.0']

2019-07-10 18:02:06 - [MESSAGE][INFO] - User set preference: ['resolution', '']

2019-07-10 18:02:06 - [MESSAGE][INFO] - Connecting to remote web server 'https://dianatest3:Z3oqw9ysqTeRQJq5wFCp@hub-cloud.browserstack.com/wd/hub' with type 'Selenium'

2019-07-10 18:02:24 - [MESSAGE][PASSED] - Browser is opened with url: ''

2019-07-10 18:02:24 - [TEST_STEP][PASSED] - navigateToUrl("https://diff-apollo.myshopify.com/?_ab=0&_fd=0&_sc=1&preview_theme_id=68640637028"): Navigate to 'https://diff-apollo.myshopify.com/?_ab=0&_fd=0&_sc=1&preview_theme_id=68640637028' successfully

2019-07-10 18:02:36 - [MESSAGE][PASSED] - Navigate to 'https://diff-apollo.myshopify.com/?_ab=0&_fd=0&_sc=1&preview_theme_id=68640637028' successfully

2019-07-10 18:02:36 - [TEST_STEP][NOT_RUN] - executeJavaScript("var previewBar = document.getElementById("preview-bar-iframe"); previewBar.style.display = "none";", []): NOT_RUN: executeJavaScript("var previewBar = document.getElementById("preview-bar-iframe"); previewBar.style.display = "none";", [])

2019-07-10 18:02:36 - [MESSAGE][NOT_RUN] - NOT_RUN: executeJavaScript("var previewBar = document.getElementById("preview-bar-iframe"); previewBar.style.display = "none";", [])

2019-07-10 18:02:36 - [TEST_STEP][PASSED] - maximizeWindow(): Current window maximized

2019-07-10 18:02:38 - [MESSAGE][PASSED] - Current window maximized

2019-07-10 18:02:38 - [MESSAGE][PASSED] - Call Test Case 'Test Cases/CALL - URL' successfully

2019-07-10 18:02:38 - [TEST_STEP][PASSED] - flag = verifyElementClickable(findTestObject("APOLLO- Desktop/Home page/Navy variant")): Object 'Object Repository/APOLLO- Desktop/Home page/Navy variant' is clickable

2019-07-10 18:02:40 - [MESSAGE][PASSED] - Object 'Object Repository/APOLLO- Desktop/Home page/Navy variant' is clickable

2019-07-10 18:02:40 - [TEST_STEP][PASSED] - comment("flag=" + flag): flag=true

2019-07-10 18:02:40 - [MESSAGE][INFO] - flag=true

2019-07-10 18:02:40 - [TEST_STEP][FAILED] - if (flag == true): if (flag == true) FAILED.
Reason:
com.kms.katalon.core.exception.StepFailedException: Unable to click on object 'Object Repository/APOLLO- Desktop/Home page/Navy variant' (Root cause: org.openqa.selenium.ElementClickInterceptedException: The command failed because the specified element is obscured.
Build info: version: '3.7.1', revision: '8a0099a', time: '2017-11-06T21:07:36.161Z'
System info: host: 'sumans-MacBook-Pro.local', ip: 'fe80:0:0:0:47c:ca88:4245:b7a7%en0', os.name: 'Mac OS X', os.arch: 'x86_64', os.version: '10.13.6', java.version: '1.8.0_181'
Driver info: com.kms.katalon.selenium.driver.CRemoteWebDriver
Capabilities {acceptInsecureCerts: false, browserName: MicrosoftEdge, browserVersion: 44.18362.1.0, javascriptEnabled: true, pageLoadStrategy: normal, platform: WINDOWS, platformName: WINDOWS, proxy: Proxy(), setWindowRect: false, timeouts: {implicit: 0, pageLoad: 300000, script: 30000}}
Session ID: e9a51eba31c9beaa737ebc254075cd989355f991)
	at com.kms.katalon.core.keyword.internal.KeywordMain.stepFailed(KeywordMain.groovy:36)
	at com.kms.katalon.core.webui.keyword.internal.WebUIKeywordMain.stepFailed(WebUIKeywordMain.groovy:65)
	at com.kms.katalon.core.webui.keyword.internal.WebUIKeywordMain.runKeyword(WebUIKeywordMain.groovy:27)
	at com.kms.katalon.core.webui.keyword.builtin.ClickKeyword.click(ClickKeyword.groovy:86)
	at com.kms.katalon.core.webui.keyword.builtin.ClickKeyword.execute(ClickKeyword.groovy:67)
	at com.kms.katalon.core.keyword.internal.KeywordExecutor.executeKeywordForPlatform(KeywordExecutor.groovy:53)
	at com.kms.katalon.core.webui.keyword.WebUiBuiltInKeywords.click(WebUiBuiltInKeywords.groovy:616)
	at com.kms.katalon.core.webui.keyword.WebUiBuiltInKeywords$click$2.call(Unknown Source)
	at Home page - add to bag CTA.run(Home page - add to bag CTA:25)
	at com.kms.katalon.core.main.ScriptEngine.run(ScriptEngine.java:194)
	at com.kms.katalon.core.main.ScriptEngine.runScriptAsRawText(ScriptEngine.java:119)
	at com.kms.katalon.core.main.TestCaseExecutor.runScript(TestCaseExecutor.java:328)
	at com.kms.katalon.core.main.TestCaseExecutor.doExecute(TestCaseExecutor.java:319)
	at com.kms.katalon.core.main.TestCaseExecutor.processExecutionPhase(TestCaseExecutor.java:298)
	at com.kms.katalon.core.main.TestCaseExecutor.accessMainPhase(TestCaseExecutor.java:290)
	at com.kms.katalon.core.main.TestCaseExecutor.execute(TestCaseExecutor.java:224)
	at com.kms.katalon.core.main.TestSuiteExecutor.accessTestCaseMainPhase(TestSuiteExecutor.java:129)
	at com.kms.katalon.core.main.TestSuiteExecutor.accessTestSuiteMainPhase(TestSuiteExecutor.java:112)
	at com.kms.katalon.core.main.TestSuiteExecutor.execute(TestSuiteExecutor.java:81)
	at com.kms.katalon.core.main.TestCaseMain.startTestSuite(TestCaseMain.java:149)
	at com.kms.katalon.core.main.TestCaseMain$startTestSuite$0.call(Unknown Source)
	at TempTestSuite1562794812628.run(TempTestSuite1562794812628.groovy:36)


2019-07-10 18:02:40 - [TEST_STEP][FAILED] - click(findTestObject("APOLLO- Desktop/Home page/Navy variant")): if (flag == true) FAILED.
Reason:
com.kms.katalon.core.exception.StepFailedException: Unable to click on object 'Object Repository/APOLLO- Desktop/Home page/Navy variant' (Root cause: org.openqa.selenium.ElementClickInterceptedException: The command failed because the specified element is obscured.
Build info: version: '3.7.1', revision: '8a0099a', time: '2017-11-06T21:07:36.161Z'
System info: host: 'sumans-MacBook-Pro.local', ip: 'fe80:0:0:0:47c:ca88:4245:b7a7%en0', os.name: 'Mac OS X', os.arch: 'x86_64', os.version: '10.13.6', java.version: '1.8.0_181'
Driver info: com.kms.katalon.selenium.driver.CRemoteWebDriver
Capabilities {acceptInsecureCerts: false, browserName: MicrosoftEdge, browserVersion: 44.18362.1.0, javascriptEnabled: true, pageLoadStrategy: normal, platform: WINDOWS, platformName: WINDOWS, proxy: Proxy(), setWindowRect: false, timeouts: {implicit: 0, pageLoad: 300000, script: 30000}}
Session ID: e9a51eba31c9beaa737ebc254075cd989355f991)
	at com.kms.katalon.core.keyword.internal.KeywordMain.stepFailed(KeywordMain.groovy:36)
	at com.kms.katalon.core.webui.keyword.internal.WebUIKeywordMain.stepFailed(WebUIKeywordMain.groovy:65)
	at com.kms.katalon.core.webui.keyword.internal.WebUIKeywordMain.runKeyword(WebUIKeywordMain.groovy:27)
	at com.kms.katalon.core.webui.keyword.builtin.ClickKeyword.click(ClickKeyword.groovy:86)
	at com.kms.katalon.core.webui.keyword.builtin.ClickKeyword.execute(ClickKeyword.groovy:67)
	at com.kms.katalon.core.keyword.internal.KeywordExecutor.executeKeywordForPlatform(KeywordExecutor.groovy:53)
	at com.kms.katalon.core.webui.keyword.WebUiBuiltInKeywords.click(WebUiBuiltInKeywords.groovy:616)
	at com.kms.katalon.core.webui.keyword.WebUiBuiltInKeywords$click$2.call(Unknown Source)
	at Home page - add to bag CTA.run(Home page - add to bag CTA:25)
	at com.kms.katalon.core.main.ScriptEngine.run(ScriptEngine.java:194)
	at com.kms.katalon.core.main.ScriptEngine.runScriptAsRawText(ScriptEngine.java:119)
	at com.kms.katalon.core.main.TestCaseExecutor.runScript(TestCaseExecutor.java:328)
	at com.kms.katalon.core.main.TestCaseExecutor.doExecute(TestCaseExecutor.java:319)
	at com.kms.katalon.core.main.TestCaseExecutor.processExecutionPhase(TestCaseExecutor.java:298)
	at com.kms.katalon.core.main.TestCaseExecutor.accessMainPhase(TestCaseExecutor.java:290)
	at com.kms.katalon.core.main.TestCaseExecutor.execute(TestCaseExecutor.java:224)
	at com.kms.katalon.core.main.TestSuiteExecutor.accessTestCaseMainPhase(TestSuiteExecutor.java:129)
	at com.kms.katalon.core.main.TestSuiteExecutor.accessTestSuiteMainPhase(TestSuiteExecutor.java:112)
	at com.kms.katalon.core.main.TestSuiteExecutor.execute(TestSuiteExecutor.java:81)
	at com.kms.katalon.core.main.TestCaseMain.startTestSuite(TestCaseMain.java:149)
	at com.kms.katalon.core.main.TestCaseMain$startTestSuite$0.call(Unknown Source)
	at TempTestSuite1562794812628.run(TempTestSuite1562794812628.groovy:36)


2019-07-10 18:02:42 - [MESSAGE][FAILED] - Unable to click on object 'Object Repository/APOLLO- Desktop/Home page/Navy variant' (Root cause: org.openqa.selenium.ElementClickInterceptedException: The command failed because the specified element is obscured.
Build info: version: '3.7.1', revision: '8a0099a', time: '2017-11-06T21:07:36.161Z'
System info: host: 'sumans-MacBook-Pro.local', ip: 'fe80:0:0:0:47c:ca88:4245:b7a7%en0', os.name: 'Mac OS X', os.arch: 'x86_64', os.version: '10.13.6', java.version: '1.8.0_181'
Driver info: com.kms.katalon.selenium.driver.CRemoteWebDriver
Capabilities {acceptInsecureCerts: false, browserName: MicrosoftEdge, browserVersion: 44.18362.1.0, javascriptEnabled: true, pageLoadStrategy: normal, platform: WINDOWS, platformName: WINDOWS, proxy: Proxy(), setWindowRect: false, timeouts: {implicit: 0, pageLoad: 300000, script: 30000}}
Session ID: e9a51eba31c9beaa737ebc254075cd989355f991)
[[ATTACHMENT|/Users/sumankompelly/git/Apollo-Dark-Desktop/Reports/Apollo - dark build/20190710_174012/1562796161261.png]]

2019-07-10 18:02:42 - [MESSAGE][FAILED] - if (flag == true) FAILED.
Reason:
com.kms.katalon.core.exception.StepFailedException: Unable to click on object 'Object Repository/APOLLO- Desktop/Home page/Navy variant' (Root cause: org.openqa.selenium.ElementClickInterceptedException: The command failed because the specified element is obscured.
Build info: version: '3.7.1', revision: '8a0099a', time: '2017-11-06T21:07:36.161Z'
System info: host: 'sumans-MacBook-Pro.local', ip: 'fe80:0:0:0:47c:ca88:4245:b7a7%en0', os.name: 'Mac OS X', os.arch: 'x86_64', os.version: '10.13.6', java.version: '1.8.0_181'
Driver info: com.kms.katalon.selenium.driver.CRemoteWebDriver
Capabilities {acceptInsecureCerts: false, browserName: MicrosoftEdge, browserVersion: 44.18362.1.0, javascriptEnabled: true, pageLoadStrategy: normal, platform: WINDOWS, platformName: WINDOWS, proxy: Proxy(), setWindowRect: false, timeouts: {implicit: 0, pageLoad: 300000, script: 30000}}
Session ID: e9a51eba31c9beaa737ebc254075cd989355f991)
	at com.kms.katalon.core.keyword.internal.KeywordMain.stepFailed(KeywordMain.groovy:36)
	at com.kms.katalon.core.webui.keyword.internal.WebUIKeywordMain.stepFailed(WebUIKeywordMain.groovy:65)
	at com.kms.katalon.core.webui.keyword.internal.WebUIKeywordMain.runKeyword(WebUIKeywordMain.groovy:27)
	at com.kms.katalon.core.webui.keyword.builtin.ClickKeyword.click(ClickKeyword.groovy:86)
	at com.kms.katalon.core.webui.keyword.builtin.ClickKeyword.execute(ClickKeyword.groovy:67)
	at com.kms.katalon.core.keyword.internal.KeywordExecutor.executeKeywordForPlatform(KeywordExecutor.groovy:53)
	at com.kms.katalon.core.webui.keyword.WebUiBuiltInKeywords.click(WebUiBuiltInKeywords.groovy:616)
	at com.kms.katalon.core.webui.keyword.WebUiBuiltInKeywords$click$2.call(Unknown Source)
	at Home page - add to bag CTA.run(Home page - add to bag CTA:25)
	at com.kms.katalon.core.main.ScriptEngine.run(ScriptEngine.java:194)
	at com.kms.katalon.core.main.ScriptEngine.runScriptAsRawText(ScriptEngine.java:119)
	at com.kms.katalon.core.main.TestCaseExecutor.runScript(TestCaseExecutor.java:328)
	at com.kms.katalon.core.main.TestCaseExecutor.doExecute(TestCaseExecutor.java:319)
	at com.kms.katalon.core.main.TestCaseExecutor.processExecutionPhase(TestCaseExecutor.java:298)
	at com.kms.katalon.core.main.TestCaseExecutor.accessMainPhase(TestCaseExecutor.java:290)
	at com.kms.katalon.core.main.TestCaseExecutor.execute(TestCaseExecutor.java:224)
	at com.kms.katalon.core.main.TestSuiteExecutor.accessTestCaseMainPhase(TestSuiteExecutor.java:129)
	at com.kms.katalon.core.main.TestSuiteExecutor.accessTestSuiteMainPhase(TestSuiteExecutor.java:112)
	at com.kms.katalon.core.main.TestSuiteExecutor.execute(TestSuiteExecutor.java:81)
	at com.kms.katalon.core.main.TestCaseMain.startTestSuite(TestCaseMain.java:149)
	at com.kms.katalon.core.main.TestCaseMain$startTestSuite$0.call(Unknown Source)
	at TempTestSuite1562794812628.run(TempTestSuite1562794812628.groovy:36)]]></system-out>
         <system-err><![CDATA[2019-07-10 18:02:02 - [TEST_CASE][FAILED] - Test Cases/CRITICAL PATH/Home page - add to bag CTA: Test Cases/CRITICAL PATH/Home page - add to bag CTA FAILED.
Reason:
com.kms.katalon.core.exception.StepFailedException: Unable to click on object 'Object Repository/APOLLO- Desktop/Home page/Navy variant' (Root cause: org.openqa.selenium.ElementClickInterceptedException: The command failed because the specified element is obscured.
Build info: version: '3.7.1', revision: '8a0099a', time: '2017-11-06T21:07:36.161Z'
System info: host: 'sumans-MacBook-Pro.local', ip: 'fe80:0:0:0:47c:ca88:4245:b7a7%en0', os.name: 'Mac OS X', os.arch: 'x86_64', os.version: '10.13.6', java.version: '1.8.0_181'
Driver info: com.kms.katalon.selenium.driver.CRemoteWebDriver
Capabilities {acceptInsecureCerts: false, browserName: MicrosoftEdge, browserVersion: 44.18362.1.0, javascriptEnabled: true, pageLoadStrategy: normal, platform: WINDOWS, platformName: WINDOWS, proxy: Proxy(), setWindowRect: false, timeouts: {implicit: 0, pageLoad: 300000, script: 30000}}
Session ID: e9a51eba31c9beaa737ebc254075cd989355f991)
	at com.kms.katalon.core.keyword.internal.KeywordMain.stepFailed(KeywordMain.groovy:36)
	at com.kms.katalon.core.webui.keyword.internal.WebUIKeywordMain.stepFailed(WebUIKeywordMain.groovy:65)
	at com.kms.katalon.core.webui.keyword.internal.WebUIKeywordMain.runKeyword(WebUIKeywordMain.groovy:27)
	at com.kms.katalon.core.webui.keyword.builtin.ClickKeyword.click(ClickKeyword.groovy:86)
	at com.kms.katalon.core.webui.keyword.builtin.ClickKeyword.execute(ClickKeyword.groovy:67)
	at com.kms.katalon.core.keyword.internal.KeywordExecutor.executeKeywordForPlatform(KeywordExecutor.groovy:53)
	at com.kms.katalon.core.webui.keyword.WebUiBuiltInKeywords.click(WebUiBuiltInKeywords.groovy:616)
	at com.kms.katalon.core.webui.keyword.WebUiBuiltInKeywords$click$2.call(Unknown Source)
	at Home page - add to bag CTA.run(Home page - add to bag CTA:25)
	at com.kms.katalon.core.main.ScriptEngine.run(ScriptEngine.java:194)
	at com.kms.katalon.core.main.ScriptEngine.runScriptAsRawText(ScriptEngine.java:119)
	at com.kms.katalon.core.main.TestCaseExecutor.runScript(TestCaseExecutor.java:328)
	at com.kms.katalon.core.main.TestCaseExecutor.doExecute(TestCaseExecutor.java:319)
	at com.kms.katalon.core.main.TestCaseExecutor.processExecutionPhase(TestCaseExecutor.java:298)
	at com.kms.katalon.core.main.TestCaseExecutor.accessMainPhase(TestCaseExecutor.java:290)
	at com.kms.katalon.core.main.TestCaseExecutor.execute(TestCaseExecutor.java:224)
	at com.kms.katalon.core.main.TestSuiteExecutor.accessTestCaseMainPhase(TestSuiteExecutor.java:129)
	at com.kms.katalon.core.main.TestSuiteExecutor.accessTestSuiteMainPhase(TestSuiteExecutor.java:112)
	at com.kms.katalon.core.main.TestSuiteExecutor.execute(TestSuiteExecutor.java:81)
	at com.kms.katalon.core.main.TestCaseMain.startTestSuite(TestCaseMain.java:149)
	at com.kms.katalon.core.main.TestCaseMain$startTestSuite$0.call(Unknown Source)
	at TempTestSuite1562794812628.run(TempTestSuite1562794812628.groovy:36)]]></system-err>
      </testcase>
      <testcase name="Test Cases/CRITICAL PATH/Increase quantity - cart page" classname="Test Cases/CRITICAL PATH/Increase quantity - cart page" status="FAILED">
         <failure type="FAILED" message="Test Cases/CRITICAL PATH/Increase quantity - cart page FAILED.
Reason:
com.kms.katalon.core.exception.StepFailedException: Unable to click on object 'Object Repository/APOLLO- Desktop/Cart flyout/Checkout' (Root cause: org.openqa.selenium.ElementClickInterceptedException: The command failed because the specified element is obscured.
Build info: version: '3.7.1', revision: '8a0099a', time: '2017-11-06T21:07:36.161Z'
System info: host: 'sumans-MacBook-Pro.local', ip: 'fe80:0:0:0:47c:ca88:4245:b7a7%en0', os.name: 'Mac OS X', os.arch: 'x86_64', os.version: '10.13.6', java.version: '1.8.0_181'
Driver info: com.kms.katalon.selenium.driver.CRemoteWebDriver
Capabilities {acceptInsecureCerts: false, browserName: MicrosoftEdge, browserVersion: 44.18362.1.0, javascriptEnabled: true, pageLoadStrategy: normal, platform: WINDOWS, platformName: WINDOWS, proxy: Proxy(), setWindowRect: false, timeouts: {implicit: 0, pageLoad: 300000, script: 30000}}
Session ID: 37cef41abae9e6d86033d6aff6dee1d19f973d40)
	at com.kms.katalon.core.keyword.internal.KeywordMain.stepFailed(KeywordMain.groovy:36)
	at com.kms.katalon.core.webui.keyword.internal.WebUIKeywordMain.stepFailed(WebUIKeywordMain.groovy:65)
	at com.kms.katalon.core.webui.keyword.internal.WebUIKeywordMain.runKeyword(WebUIKeywordMain.groovy:27)
	at com.kms.katalon.core.webui.keyword.builtin.ClickKeyword.click(ClickKeyword.groovy:86)
	at com.kms.katalon.core.webui.keyword.builtin.ClickKeyword.execute(ClickKeyword.groovy:67)
	at com.kms.katalon.core.keyword.internal.KeywordExecutor.executeKeywordForPlatform(KeywordExecutor.groovy:53)
	at com.kms.katalon.core.webui.keyword.WebUiBuiltInKeywords.click(WebUiBuiltInKeywords.groovy:616)
	at com.kms.katalon.core.webui.keyword.WebUiBuiltInKeywords$click$2.call(Unknown Source)
	at Increase quantity - cart page.run(Increase quantity - cart page:100)
	at com.kms.katalon.core.main.ScriptEngine.run(ScriptEngine.java:194)
	at com.kms.katalon.core.main.ScriptEngine.runScriptAsRawText(ScriptEngine.java:119)
	at com.kms.katalon.core.main.TestCaseExecutor.runScript(TestCaseExecutor.java:328)
	at com.kms.katalon.core.main.TestCaseExecutor.doExecute(TestCaseExecutor.java:319)
	at com.kms.katalon.core.main.TestCaseExecutor.processExecutionPhase(TestCaseExecutor.java:298)
	at com.kms.katalon.core.main.TestCaseExecutor.accessMainPhase(TestCaseExecutor.java:290)
	at com.kms.katalon.core.main.TestCaseExecutor.execute(TestCaseExecutor.java:224)
	at com.kms.katalon.core.main.TestSuiteExecutor.accessTestCaseMainPhase(TestSuiteExecutor.java:129)
	at com.kms.katalon.core.main.TestSuiteExecutor.accessTestSuiteMainPhase(TestSuiteExecutor.java:112)
	at com.kms.katalon.core.main.TestSuiteExecutor.execute(TestSuiteExecutor.java:81)
	at com.kms.katalon.core.main.TestCaseMain.startTestSuite(TestCaseMain.java:149)
	at com.kms.katalon.core.main.TestCaseMain$startTestSuite$0.call(Unknown Source)
	at TempTestSuite1562794812628.run(TempTestSuite1562794812628.groovy:36)
"/>
         <system-out><![CDATA[2019-07-10 18:02:42 - [TEST_CASE][FAILED] - Test Cases/CRITICAL PATH/Increase quantity - cart page: Test Cases/CRITICAL PATH/Increase quantity - cart page FAILED.
Reason:
com.kms.katalon.core.exception.StepFailedException: Unable to click on object 'Object Repository/APOLLO- Desktop/Cart flyout/Checkout' (Root cause: org.openqa.selenium.ElementClickInterceptedException: The command failed because the specified element is obscured.
Build info: version: '3.7.1', revision: '8a0099a', time: '2017-11-06T21:07:36.161Z'
System info: host: 'sumans-MacBook-Pro.local', ip: 'fe80:0:0:0:47c:ca88:4245:b7a7%en0', os.name: 'Mac OS X', os.arch: 'x86_64', os.version: '10.13.6', java.version: '1.8.0_181'
Driver info: com.kms.katalon.selenium.driver.CRemoteWebDriver
Capabilities {acceptInsecureCerts: false, browserName: MicrosoftEdge, browserVersion: 44.18362.1.0, javascriptEnabled: true, pageLoadStrategy: normal, platform: WINDOWS, platformName: WINDOWS, proxy: Proxy(), setWindowRect: false, timeouts: {implicit: 0, pageLoad: 300000, script: 30000}}
Session ID: 37cef41abae9e6d86033d6aff6dee1d19f973d40)
	at com.kms.katalon.core.keyword.internal.KeywordMain.stepFailed(KeywordMain.groovy:36)
	at com.kms.katalon.core.webui.keyword.internal.WebUIKeywordMain.stepFailed(WebUIKeywordMain.groovy:65)
	at com.kms.katalon.core.webui.keyword.internal.WebUIKeywordMain.runKeyword(WebUIKeywordMain.groovy:27)
	at com.kms.katalon.core.webui.keyword.builtin.ClickKeyword.click(ClickKeyword.groovy:86)
	at com.kms.katalon.core.webui.keyword.builtin.ClickKeyword.execute(ClickKeyword.groovy:67)
	at com.kms.katalon.core.keyword.internal.KeywordExecutor.executeKeywordForPlatform(KeywordExecutor.groovy:53)
	at com.kms.katalon.core.webui.keyword.WebUiBuiltInKeywords.click(WebUiBuiltInKeywords.groovy:616)
	at com.kms.katalon.core.webui.keyword.WebUiBuiltInKeywords$click$2.call(Unknown Source)
	at Increase quantity - cart page.run(Increase quantity - cart page:100)
	at com.kms.katalon.core.main.ScriptEngine.run(ScriptEngine.java:194)
	at com.kms.katalon.core.main.ScriptEngine.runScriptAsRawText(ScriptEngine.java:119)
	at com.kms.katalon.core.main.TestCaseExecutor.runScript(TestCaseExecutor.java:328)
	at com.kms.katalon.core.main.TestCaseExecutor.doExecute(TestCaseExecutor.java:319)
	at com.kms.katalon.core.main.TestCaseExecutor.processExecutionPhase(TestCaseExecutor.java:298)
	at com.kms.katalon.core.main.TestCaseExecutor.accessMainPhase(TestCaseExecutor.java:290)
	at com.kms.katalon.core.main.TestCaseExecutor.execute(TestCaseExecutor.java:224)
	at com.kms.katalon.core.main.TestSuiteExecutor.accessTestCaseMainPhase(TestSuiteExecutor.java:129)
	at com.kms.katalon.core.main.TestSuiteExecutor.accessTestSuiteMainPhase(TestSuiteExecutor.java:112)
	at com.kms.katalon.core.main.TestSuiteExecutor.execute(TestSuiteExecutor.java:81)
	at com.kms.katalon.core.main.TestCaseMain.startTestSuite(TestCaseMain.java:149)
	at com.kms.katalon.core.main.TestCaseMain$startTestSuite$0.call(Unknown Source)
	at TempTestSuite1562794812628.run(TempTestSuite1562794812628.groovy:36)


2019-07-10 18:02:42 - [TEST_STEP][PASSED] - callTestCase(findTestCase("CALL - URL"), [:], STOP_ON_FAILURE): Call Test Case 'Test Cases/CALL - URL' successfully

2019-07-10 18:02:42 - [TEST_CASE][PASSED] - Test Cases/CALL - URL: Test Cases/CALL - URL

2019-07-10 18:02:42 - [TEST_STEP][PASSED] - openBrowser(""): Browser is opened with url: ''

2019-07-10 18:02:42 - [MESSAGE][WARNING] - A browser is already opened. Closing browser and opening a new one

2019-07-10 18:02:44 - [MESSAGE][INFO] - Starting 'Remote' driver

2019-07-10 18:02:44 - [MESSAGE][INFO] - User set preference: ['os', 'Windows']

2019-07-10 18:02:44 - [MESSAGE][INFO] - User set preference: ['os_version', '10']

2019-07-10 18:02:44 - [MESSAGE][INFO] - User set preference: ['browser', 'Edge']

2019-07-10 18:02:44 - [MESSAGE][INFO] - User set preference: ['browser_version', '18.0']

2019-07-10 18:02:44 - [MESSAGE][INFO] - User set preference: ['resolution', '']

2019-07-10 18:02:44 - [MESSAGE][INFO] - Connecting to remote web server 'https://dianatest3:Z3oqw9ysqTeRQJq5wFCp@hub-cloud.browserstack.com/wd/hub' with type 'Selenium'

2019-07-10 18:02:58 - [MESSAGE][PASSED] - Browser is opened with url: ''

2019-07-10 18:02:58 - [TEST_STEP][PASSED] - navigateToUrl("https://diff-apollo.myshopify.com/?_ab=0&_fd=0&_sc=1&preview_theme_id=68640637028"): Navigate to 'https://diff-apollo.myshopify.com/?_ab=0&_fd=0&_sc=1&preview_theme_id=68640637028' successfully

2019-07-10 18:03:11 - [MESSAGE][PASSED] - Navigate to 'https://diff-apollo.myshopify.com/?_ab=0&_fd=0&_sc=1&preview_theme_id=68640637028' successfully

2019-07-10 18:03:11 - [TEST_STEP][NOT_RUN] - executeJavaScript("var previewBar = document.getElementById("preview-bar-iframe"); previewBar.style.display = "none";", []): NOT_RUN: executeJavaScript("var previewBar = document.getElementById("preview-bar-iframe"); previewBar.style.display = "none";", [])

2019-07-10 18:03:11 - [MESSAGE][NOT_RUN] - NOT_RUN: executeJavaScript("var previewBar = document.getElementById("preview-bar-iframe"); previewBar.style.display = "none";", [])

2019-07-10 18:03:11 - [TEST_STEP][PASSED] - maximizeWindow(): Current window maximized

2019-07-10 18:03:12 - [MESSAGE][PASSED] - Current window maximized

2019-07-10 18:03:12 - [MESSAGE][PASSED] - Call Test Case 'Test Cases/CALL - URL' successfully

2019-07-10 18:03:12 - [TEST_STEP][PASSED] - delay(1): Delayed 1 second(s)

2019-07-10 18:03:13 - [MESSAGE][PASSED] - Delayed 1 second(s)

2019-07-10 18:03:13 - [TEST_STEP][PASSED] - click(findTestObject("APOLLO- Desktop/Burger Menu/Burgermenu")): Object: 'Object Repository/APOLLO- Desktop/Burger Menu/Burgermenu' is clicked on

2019-07-10 18:03:14 - [MESSAGE][PASSED] - Object: 'Object Repository/APOLLO- Desktop/Burger Menu/Burgermenu' is clicked on

2019-07-10 18:03:14 - [TEST_STEP][PASSED] - delay(2): Delayed 2 second(s)

2019-07-10 18:03:16 - [MESSAGE][PASSED] - Delayed 2 second(s)

2019-07-10 18:03:16 - [TEST_STEP][PASSED] - click(findTestObject("APOLLO- Desktop/Burger Menu/Mens chevron")): Object: 'Object Repository/APOLLO- Desktop/Burger Menu/Mens chevron' is clicked on

2019-07-10 18:03:17 - [MESSAGE][PASSED] - Object: 'Object Repository/APOLLO- Desktop/Burger Menu/Mens chevron' is clicked on

2019-07-10 18:03:17 - [TEST_STEP][PASSED] - delay(2): Delayed 2 second(s)

2019-07-10 18:03:19 - [MESSAGE][PASSED] - Delayed 2 second(s)

2019-07-10 18:03:19 - [TEST_STEP][PASSED] - click(findTestObject("APOLLO- Desktop/Burger Menu/Mens - Top Chevron")): Object: 'Object Repository/APOLLO- Desktop/Burger Menu/Mens - Top Chevron' is clicked on

2019-07-10 18:03:20 - [MESSAGE][PASSED] - Object: 'Object Repository/APOLLO- Desktop/Burger Menu/Mens - Top Chevron' is clicked on

2019-07-10 18:03:20 - [TEST_STEP][PASSED] - delay(2): Delayed 2 second(s)

2019-07-10 18:03:22 - [MESSAGE][PASSED] - Delayed 2 second(s)

2019-07-10 18:03:22 - [TEST_STEP][PASSED] - click(findTestObject("APOLLO- Desktop/Burger Menu/Shirts link")): Object: 'Object Repository/APOLLO- Desktop/Burger Menu/Shirts link' is clicked on

2019-07-10 18:03:23 - [MESSAGE][PASSED] - Object: 'Object Repository/APOLLO- Desktop/Burger Menu/Shirts link' is clicked on

2019-07-10 18:03:23 - [TEST_STEP][NOT_RUN] - executeJavaScript("var previewBar = document.getElementById("preview-bar-iframe"); previewBar.style.display = "none";", []): NOT_RUN: executeJavaScript("var previewBar = document.getElementById("preview-bar-iframe"); previewBar.style.display = "none";", [])

2019-07-10 18:03:23 - [MESSAGE][NOT_RUN] - NOT_RUN: executeJavaScript("var previewBar = document.getElementById("preview-bar-iframe"); previewBar.style.display = "none";", [])

2019-07-10 18:03:23 - [TEST_STEP][PASSED] - delay(2): Delayed 2 second(s)

2019-07-10 18:03:25 - [MESSAGE][PASSED] - Delayed 2 second(s)

2019-07-10 18:03:25 - [TEST_STEP][PASSED] - click(findTestObject("APOLLO- Desktop/Collection page/Blue shirt product")): Object: 'Object Repository/APOLLO- Desktop/Collection page/Blue shirt product' is clicked on

2019-07-10 18:03:28 - [MESSAGE][PASSED] - Object: 'Object Repository/APOLLO- Desktop/Collection page/Blue shirt product' is clicked on

2019-07-10 18:03:28 - [TEST_STEP][PASSED] - delay(2): Delayed 2 second(s)

2019-07-10 18:03:30 - [MESSAGE][PASSED] - Delayed 2 second(s)

2019-07-10 18:03:30 - [TEST_STEP][PASSED] - selectOptionByValue(findTestObject("APOLLO- Desktop/Product page/Size dropdown"), "Medium", true): All options with value 'Medium' are selected in object 'Object Repository/APOLLO- Desktop/Product page/Size dropdown'  using regular expression

2019-07-10 18:03:35 - [MESSAGE][PASSED] - All options with value 'Medium' are selected in object 'Object Repository/APOLLO- Desktop/Product page/Size dropdown'  using regular expression

2019-07-10 18:03:35 - [TEST_STEP][PASSED] - delay(2): Delayed 2 second(s)

2019-07-10 18:03:37 - [MESSAGE][PASSED] - Delayed 2 second(s)

2019-07-10 18:03:37 - [TEST_STEP][PASSED] - click(findTestObject("APOLLO- Desktop/Product page/Add to bag")): Object: 'Object Repository/APOLLO- Desktop/Product page/Add to bag' is clicked on

2019-07-10 18:03:38 - [MESSAGE][PASSED] - Object: 'Object Repository/APOLLO- Desktop/Product page/Add to bag' is clicked on

2019-07-10 18:03:38 - [TEST_STEP][PASSED] - delay(2): Delayed 2 second(s)

2019-07-10 18:03:40 - [MESSAGE][PASSED] - Delayed 2 second(s)

2019-07-10 18:03:40 - [TEST_STEP][PASSED] - click(findTestObject("APOLLO- Desktop/Cart flyout/Checkout")): Object: 'Object Repository/APOLLO- Desktop/Cart flyout/Checkout' is clicked on

2019-07-10 18:03:40 - [MESSAGE][PASSED] - Object: 'Object Repository/APOLLO- Desktop/Cart flyout/Checkout' is clicked on

2019-07-10 18:03:40 - [TEST_STEP][PASSED] - delay(2): Delayed 2 second(s)

2019-07-10 18:03:42 - [MESSAGE][PASSED] - Delayed 2 second(s)

2019-07-10 18:03:42 - [TEST_STEP][PASSED] - click(findTestObject("APOLLO- Desktop/Customer Information page/Cart page breadcrumb")): Object: 'Object Repository/APOLLO- Desktop/Customer Information page/Cart page breadcrumb' is clicked on

2019-07-10 18:03:43 - [MESSAGE][PASSED] - Object: 'Object Repository/APOLLO- Desktop/Customer Information page/Cart page breadcrumb' is clicked on

2019-07-10 18:03:43 - [TEST_STEP][PASSED] - delay(2): Delayed 2 second(s)

2019-07-10 18:03:45 - [MESSAGE][PASSED] - Delayed 2 second(s)

2019-07-10 18:03:45 - [TEST_STEP][PASSED] - a = getText(findTestObject("APOLLO- Desktop/Cart page/Subtotal in cart page")): Text of object 'Object Repository/APOLLO- Desktop/Cart page/Subtotal in cart page' is: '$30.00'

2019-07-10 18:03:47 - [MESSAGE][PASSED] - Text of object 'Object Repository/APOLLO- Desktop/Cart page/Subtotal in cart page' is: '$30.00'

2019-07-10 18:03:47 - [TEST_STEP][PASSED] - comment("a=" + a): a=$30.00

2019-07-10 18:03:47 - [MESSAGE][INFO] - a=$30.00

2019-07-10 18:03:47 - [TEST_STEP][PASSED] - delay(2): Delayed 2 second(s)

2019-07-10 18:03:49 - [MESSAGE][PASSED] - Delayed 2 second(s)

2019-07-10 18:03:49 - [TEST_STEP][PASSED] - click(findTestObject("APOLLO- Desktop/Cart page/Increase quantity - cart page")): Object: 'Object Repository/APOLLO- Desktop/Cart page/Increase quantity - cart page' is clicked on

2019-07-10 18:03:49 - [MESSAGE][PASSED] - Object: 'Object Repository/APOLLO- Desktop/Cart page/Increase quantity - cart page' is clicked on

2019-07-10 18:03:49 - [TEST_STEP][PASSED] - delay(2): Delayed 2 second(s)

2019-07-10 18:03:51 - [MESSAGE][PASSED] - Delayed 2 second(s)

2019-07-10 18:03:51 - [TEST_STEP][PASSED] - click(findTestObject("APOLLO- Desktop/Cart page/Increase quantity - cart page")): Object: 'Object Repository/APOLLO- Desktop/Cart page/Increase quantity - cart page' is clicked on

2019-07-10 18:03:52 - [MESSAGE][PASSED] - Object: 'Object Repository/APOLLO- Desktop/Cart page/Increase quantity - cart page' is clicked on

2019-07-10 18:03:52 - [TEST_STEP][PASSED] - delay(2): Delayed 2 second(s)

2019-07-10 18:03:54 - [MESSAGE][PASSED] - Delayed 2 second(s)

2019-07-10 18:03:54 - [TEST_STEP][PASSED] - setText(findTestObject("APOLLO- Desktop/Cart flyout/CArt quanty update"), "3"): Text '3' is set on object 'Object Repository/APOLLO- Desktop/Cart flyout/CArt quanty update'

2019-07-10 18:03:55 - [MESSAGE][PASSED] - Text '3' is set on object 'Object Repository/APOLLO- Desktop/Cart flyout/CArt quanty update'

2019-07-10 18:03:55 - [TEST_STEP][PASSED] - delay(2): Delayed 2 second(s)

2019-07-10 18:03:57 - [MESSAGE][PASSED] - Delayed 2 second(s)

2019-07-10 18:03:57 - [TEST_STEP][PASSED] - click(findTestObject("APOLLO- Desktop/Cart page/Click outside the page")): Object: 'Object Repository/APOLLO- Desktop/Cart page/Click outside the page' is clicked on

2019-07-10 18:03:57 - [MESSAGE][PASSED] - Object: 'Object Repository/APOLLO- Desktop/Cart page/Click outside the page' is clicked on

2019-07-10 18:03:57 - [TEST_STEP][PASSED] - delay(2): Delayed 2 second(s)

2019-07-10 18:03:59 - [MESSAGE][PASSED] - Delayed 2 second(s)

2019-07-10 18:03:59 - [TEST_STEP][PASSED] - b = getText(findTestObject("APOLLO- Desktop/Cart page/Subtotal in cart page")): Text of object 'Object Repository/APOLLO- Desktop/Cart page/Subtotal in cart page' is: '$30.00'

2019-07-10 18:04:00 - [MESSAGE][PASSED] - Text of object 'Object Repository/APOLLO- Desktop/Cart page/Subtotal in cart page' is: '$30.00'

2019-07-10 18:04:00 - [TEST_STEP][PASSED] - comment("b=" + b): b=$30.00

2019-07-10 18:04:00 - [MESSAGE][INFO] - b=$30.00

2019-07-10 18:04:00 - [TEST_STEP][PASSED] - flag = verifyNotEqual("a", "b"): Actual object 'a' and expected object 'b' are not equal

2019-07-10 18:04:00 - [MESSAGE][PASSED] - Actual object 'a' and expected object 'b' are not equal

2019-07-10 18:04:00 - [TEST_STEP][PASSED] - if (flag == true): Quantity selector working

2019-07-10 18:04:00 - [TEST_STEP][PASSED] - comment("Quantity selector working"): Quantity selector working

2019-07-10 18:04:00 - [MESSAGE][INFO] - Quantity selector working

2019-07-10 18:04:00 - [TEST_STEP][PASSED] - delay(2): Delayed 2 second(s)

2019-07-10 18:04:02 - [MESSAGE][PASSED] - Delayed 2 second(s)

2019-07-10 18:04:02 - [TEST_STEP][NOT_RUN] - executeJavaScript("var previewBar = document.getElementById("preview-bar-iframe"); previewBar.style.display = "none";", []): NOT_RUN: executeJavaScript("var previewBar = document.getElementById("preview-bar-iframe"); previewBar.style.display = "none";", [])

2019-07-10 18:04:02 - [MESSAGE][NOT_RUN] - NOT_RUN: executeJavaScript("var previewBar = document.getElementById("preview-bar-iframe"); previewBar.style.display = "none";", [])

2019-07-10 18:04:02 - [TEST_STEP][PASSED] - delay(2): Delayed 2 second(s)

2019-07-10 18:04:04 - [MESSAGE][PASSED] - Delayed 2 second(s)

2019-07-10 18:04:04 - [TEST_STEP][FAILED] - click(findTestObject("APOLLO- Desktop/Cart flyout/Checkout")): click(findTestObject("APOLLO- Desktop/Cart flyout/Checkout")) FAILED.
Reason:
com.kms.katalon.core.exception.StepFailedException: Unable to click on object 'Object Repository/APOLLO- Desktop/Cart flyout/Checkout' (Root cause: org.openqa.selenium.ElementClickInterceptedException: The command failed because the specified element is obscured.
Build info: version: '3.7.1', revision: '8a0099a', time: '2017-11-06T21:07:36.161Z'
System info: host: 'sumans-MacBook-Pro.local', ip: 'fe80:0:0:0:47c:ca88:4245:b7a7%en0', os.name: 'Mac OS X', os.arch: 'x86_64', os.version: '10.13.6', java.version: '1.8.0_181'
Driver info: com.kms.katalon.selenium.driver.CRemoteWebDriver
Capabilities {acceptInsecureCerts: false, browserName: MicrosoftEdge, browserVersion: 44.18362.1.0, javascriptEnabled: true, pageLoadStrategy: normal, platform: WINDOWS, platformName: WINDOWS, proxy: Proxy(), setWindowRect: false, timeouts: {implicit: 0, pageLoad: 300000, script: 30000}}
Session ID: 37cef41abae9e6d86033d6aff6dee1d19f973d40)
	at com.kms.katalon.core.keyword.internal.KeywordMain.stepFailed(KeywordMain.groovy:36)
	at com.kms.katalon.core.webui.keyword.internal.WebUIKeywordMain.stepFailed(WebUIKeywordMain.groovy:65)
	at com.kms.katalon.core.webui.keyword.internal.WebUIKeywordMain.runKeyword(WebUIKeywordMain.groovy:27)
	at com.kms.katalon.core.webui.keyword.builtin.ClickKeyword.click(ClickKeyword.groovy:86)
	at com.kms.katalon.core.webui.keyword.builtin.ClickKeyword.execute(ClickKeyword.groovy:67)
	at com.kms.katalon.core.keyword.internal.KeywordExecutor.executeKeywordForPlatform(KeywordExecutor.groovy:53)
	at com.kms.katalon.core.webui.keyword.WebUiBuiltInKeywords.click(WebUiBuiltInKeywords.groovy:616)
	at com.kms.katalon.core.webui.keyword.WebUiBuiltInKeywords$click$2.call(Unknown Source)
	at Increase quantity - cart page.run(Increase quantity - cart page:100)
	at com.kms.katalon.core.main.ScriptEngine.run(ScriptEngine.java:194)
	at com.kms.katalon.core.main.ScriptEngine.runScriptAsRawText(ScriptEngine.java:119)
	at com.kms.katalon.core.main.TestCaseExecutor.runScript(TestCaseExecutor.java:328)
	at com.kms.katalon.core.main.TestCaseExecutor.doExecute(TestCaseExecutor.java:319)
	at com.kms.katalon.core.main.TestCaseExecutor.processExecutionPhase(TestCaseExecutor.java:298)
	at com.kms.katalon.core.main.TestCaseExecutor.accessMainPhase(TestCaseExecutor.java:290)
	at com.kms.katalon.core.main.TestCaseExecutor.execute(TestCaseExecutor.java:224)
	at com.kms.katalon.core.main.TestSuiteExecutor.accessTestCaseMainPhase(TestSuiteExecutor.java:129)
	at com.kms.katalon.core.main.TestSuiteExecutor.accessTestSuiteMainPhase(TestSuiteExecutor.java:112)
	at com.kms.katalon.core.main.TestSuiteExecutor.execute(TestSuiteExecutor.java:81)
	at com.kms.katalon.core.main.TestCaseMain.startTestSuite(TestCaseMain.java:149)
	at com.kms.katalon.core.main.TestCaseMain$startTestSuite$0.call(Unknown Source)
	at TempTestSuite1562794812628.run(TempTestSuite1562794812628.groovy:36)


2019-07-10 18:04:05 - [MESSAGE][FAILED] - Unable to click on object 'Object Repository/APOLLO- Desktop/Cart flyout/Checkout' (Root cause: org.openqa.selenium.ElementClickInterceptedException: The command failed because the specified element is obscured.
Build info: version: '3.7.1', revision: '8a0099a', time: '2017-11-06T21:07:36.161Z'
System info: host: 'sumans-MacBook-Pro.local', ip: 'fe80:0:0:0:47c:ca88:4245:b7a7%en0', os.name: 'Mac OS X', os.arch: 'x86_64', os.version: '10.13.6', java.version: '1.8.0_181'
Driver info: com.kms.katalon.selenium.driver.CRemoteWebDriver
Capabilities {acceptInsecureCerts: false, browserName: MicrosoftEdge, browserVersion: 44.18362.1.0, javascriptEnabled: true, pageLoadStrategy: normal, platform: WINDOWS, platformName: WINDOWS, proxy: Proxy(), setWindowRect: false, timeouts: {implicit: 0, pageLoad: 300000, script: 30000}}
Session ID: 37cef41abae9e6d86033d6aff6dee1d19f973d40)
[[ATTACHMENT|/Users/sumankompelly/git/Apollo-Dark-Desktop/Reports/Apollo - dark build/20190710_174012/1562796244871.png]]

2019-07-10 18:04:05 - [MESSAGE][FAILED] - click(findTestObject("APOLLO- Desktop/Cart flyout/Checkout")) FAILED.
Reason:
com.kms.katalon.core.exception.StepFailedException: Unable to click on object 'Object Repository/APOLLO- Desktop/Cart flyout/Checkout' (Root cause: org.openqa.selenium.ElementClickInterceptedException: The command failed because the specified element is obscured.
Build info: version: '3.7.1', revision: '8a0099a', time: '2017-11-06T21:07:36.161Z'
System info: host: 'sumans-MacBook-Pro.local', ip: 'fe80:0:0:0:47c:ca88:4245:b7a7%en0', os.name: 'Mac OS X', os.arch: 'x86_64', os.version: '10.13.6', java.version: '1.8.0_181'
Driver info: com.kms.katalon.selenium.driver.CRemoteWebDriver
Capabilities {acceptInsecureCerts: false, browserName: MicrosoftEdge, browserVersion: 44.18362.1.0, javascriptEnabled: true, pageLoadStrategy: normal, platform: WINDOWS, platformName: WINDOWS, proxy: Proxy(), setWindowRect: false, timeouts: {implicit: 0, pageLoad: 300000, script: 30000}}
Session ID: 37cef41abae9e6d86033d6aff6dee1d19f973d40)
	at com.kms.katalon.core.keyword.internal.KeywordMain.stepFailed(KeywordMain.groovy:36)
	at com.kms.katalon.core.webui.keyword.internal.WebUIKeywordMain.stepFailed(WebUIKeywordMain.groovy:65)
	at com.kms.katalon.core.webui.keyword.internal.WebUIKeywordMain.runKeyword(WebUIKeywordMain.groovy:27)
	at com.kms.katalon.core.webui.keyword.builtin.ClickKeyword.click(ClickKeyword.groovy:86)
	at com.kms.katalon.core.webui.keyword.builtin.ClickKeyword.execute(ClickKeyword.groovy:67)
	at com.kms.katalon.core.keyword.internal.KeywordExecutor.executeKeywordForPlatform(KeywordExecutor.groovy:53)
	at com.kms.katalon.core.webui.keyword.WebUiBuiltInKeywords.click(WebUiBuiltInKeywords.groovy:616)
	at com.kms.katalon.core.webui.keyword.WebUiBuiltInKeywords$click$2.call(Unknown Source)
	at Increase quantity - cart page.run(Increase quantity - cart page:100)
	at com.kms.katalon.core.main.ScriptEngine.run(ScriptEngine.java:194)
	at com.kms.katalon.core.main.ScriptEngine.runScriptAsRawText(ScriptEngine.java:119)
	at com.kms.katalon.core.main.TestCaseExecutor.runScript(TestCaseExecutor.java:328)
	at com.kms.katalon.core.main.TestCaseExecutor.doExecute(TestCaseExecutor.java:319)
	at com.kms.katalon.core.main.TestCaseExecutor.processExecutionPhase(TestCaseExecutor.java:298)
	at com.kms.katalon.core.main.TestCaseExecutor.accessMainPhase(TestCaseExecutor.java:290)
	at com.kms.katalon.core.main.TestCaseExecutor.execute(TestCaseExecutor.java:224)
	at com.kms.katalon.core.main.TestSuiteExecutor.accessTestCaseMainPhase(TestSuiteExecutor.java:129)
	at com.kms.katalon.core.main.TestSuiteExecutor.accessTestSuiteMainPhase(TestSuiteExecutor.java:112)
	at com.kms.katalon.core.main.TestSuiteExecutor.execute(TestSuiteExecutor.java:81)
	at com.kms.katalon.core.main.TestCaseMain.startTestSuite(TestCaseMain.java:149)
	at com.kms.katalon.core.main.TestCaseMain$startTestSuite$0.call(Unknown Source)
	at TempTestSuite1562794812628.run(TempTestSuite1562794812628.groovy:36)]]></system-out>
         <system-err><![CDATA[2019-07-10 18:02:42 - [TEST_CASE][FAILED] - Test Cases/CRITICAL PATH/Increase quantity - cart page: Test Cases/CRITICAL PATH/Increase quantity - cart page FAILED.
Reason:
com.kms.katalon.core.exception.StepFailedException: Unable to click on object 'Object Repository/APOLLO- Desktop/Cart flyout/Checkout' (Root cause: org.openqa.selenium.ElementClickInterceptedException: The command failed because the specified element is obscured.
Build info: version: '3.7.1', revision: '8a0099a', time: '2017-11-06T21:07:36.161Z'
System info: host: 'sumans-MacBook-Pro.local', ip: 'fe80:0:0:0:47c:ca88:4245:b7a7%en0', os.name: 'Mac OS X', os.arch: 'x86_64', os.version: '10.13.6', java.version: '1.8.0_181'
Driver info: com.kms.katalon.selenium.driver.CRemoteWebDriver
Capabilities {acceptInsecureCerts: false, browserName: MicrosoftEdge, browserVersion: 44.18362.1.0, javascriptEnabled: true, pageLoadStrategy: normal, platform: WINDOWS, platformName: WINDOWS, proxy: Proxy(), setWindowRect: false, timeouts: {implicit: 0, pageLoad: 300000, script: 30000}}
Session ID: 37cef41abae9e6d86033d6aff6dee1d19f973d40)
	at com.kms.katalon.core.keyword.internal.KeywordMain.stepFailed(KeywordMain.groovy:36)
	at com.kms.katalon.core.webui.keyword.internal.WebUIKeywordMain.stepFailed(WebUIKeywordMain.groovy:65)
	at com.kms.katalon.core.webui.keyword.internal.WebUIKeywordMain.runKeyword(WebUIKeywordMain.groovy:27)
	at com.kms.katalon.core.webui.keyword.builtin.ClickKeyword.click(ClickKeyword.groovy:86)
	at com.kms.katalon.core.webui.keyword.builtin.ClickKeyword.execute(ClickKeyword.groovy:67)
	at com.kms.katalon.core.keyword.internal.KeywordExecutor.executeKeywordForPlatform(KeywordExecutor.groovy:53)
	at com.kms.katalon.core.webui.keyword.WebUiBuiltInKeywords.click(WebUiBuiltInKeywords.groovy:616)
	at com.kms.katalon.core.webui.keyword.WebUiBuiltInKeywords$click$2.call(Unknown Source)
	at Increase quantity - cart page.run(Increase quantity - cart page:100)
	at com.kms.katalon.core.main.ScriptEngine.run(ScriptEngine.java:194)
	at com.kms.katalon.core.main.ScriptEngine.runScriptAsRawText(ScriptEngine.java:119)
	at com.kms.katalon.core.main.TestCaseExecutor.runScript(TestCaseExecutor.java:328)
	at com.kms.katalon.core.main.TestCaseExecutor.doExecute(TestCaseExecutor.java:319)
	at com.kms.katalon.core.main.TestCaseExecutor.processExecutionPhase(TestCaseExecutor.java:298)
	at com.kms.katalon.core.main.TestCaseExecutor.accessMainPhase(TestCaseExecutor.java:290)
	at com.kms.katalon.core.main.TestCaseExecutor.execute(TestCaseExecutor.java:224)
	at com.kms.katalon.core.main.TestSuiteExecutor.accessTestCaseMainPhase(TestSuiteExecutor.java:129)
	at com.kms.katalon.core.main.TestSuiteExecutor.accessTestSuiteMainPhase(TestSuiteExecutor.java:112)
	at com.kms.katalon.core.main.TestSuiteExecutor.execute(TestSuiteExecutor.java:81)
	at com.kms.katalon.core.main.TestCaseMain.startTestSuite(TestCaseMain.java:149)
	at com.kms.katalon.core.main.TestCaseMain$startTestSuite$0.call(Unknown Source)
	at TempTestSuite1562794812628.run(TempTestSuite1562794812628.groovy:36)]]></system-err>
      </testcase>
      <testcase name="Test Cases/CRITICAL PATH/Increase quantity - Cart flyout" classname="Test Cases/CRITICAL PATH/Increase quantity - Cart flyout" status="FAILED">
         <failure type="FAILED" message="Test Cases/CRITICAL PATH/Increase quantity - Cart flyout FAILED.
Reason:
com.kms.katalon.core.exception.StepFailedException: Unable to select option by value 'United States' of object 'Object Repository/APOLLO- Desktop/Customer Information page/Country dropdown'  using regular expression (Root cause: org.openqa.selenium.ElementClickInterceptedException: The command failed because the specified element is obscured.
Build info: version: '3.7.1', revision: '8a0099a', time: '2017-11-06T21:07:36.161Z'
System info: host: 'sumans-MacBook-Pro.local', ip: 'fe80:0:0:0:47c:ca88:4245:b7a7%en0', os.name: 'Mac OS X', os.arch: 'x86_64', os.version: '10.13.6', java.version: '1.8.0_181'
Driver info: com.kms.katalon.selenium.driver.CRemoteWebDriver
Capabilities {acceptInsecureCerts: false, browserName: MicrosoftEdge, browserVersion: 44.18362.1.0, javascriptEnabled: true, pageLoadStrategy: normal, platform: WINDOWS, platformName: WINDOWS, proxy: Proxy(), setWindowRect: false, timeouts: {implicit: 0, pageLoad: 300000, script: 30000}}
Session ID: e232714986655a33519b75f6597c5b0b918465e9)
	at com.kms.katalon.core.keyword.internal.KeywordMain.stepFailed(KeywordMain.groovy:36)
	at com.kms.katalon.core.webui.keyword.internal.WebUIKeywordMain.stepFailed(WebUIKeywordMain.groovy:65)
	at com.kms.katalon.core.webui.keyword.internal.WebUIKeywordMain.runKeyword(WebUIKeywordMain.groovy:27)
	at com.kms.katalon.core.webui.keyword.builtin.SelectOptionByValueKeyword.selectOptionByValue(SelectOptionByValueKeyword.groovy:99)
	at com.kms.katalon.core.webui.keyword.builtin.SelectOptionByValueKeyword.execute(SelectOptionByValueKeyword.groovy:71)
	at com.kms.katalon.core.keyword.internal.KeywordExecutor.executeKeywordForPlatform(KeywordExecutor.groovy:53)
	at com.kms.katalon.core.webui.keyword.WebUiBuiltInKeywords.selectOptionByValue(WebUiBuiltInKeywords.groovy:1138)
	at com.kms.katalon.core.webui.keyword.WebUiBuiltInKeywords$selectOptionByValue$11.call(Unknown Source)
	at CALL- CUSTOMER INFO PAGE.run(CALL- CUSTOMER INFO PAGE:39)
	at com.kms.katalon.core.main.ScriptEngine.run(ScriptEngine.java:194)
	at com.kms.katalon.core.main.ScriptEngine.runScriptAsRawText(ScriptEngine.java:119)
	at com.kms.katalon.core.main.TestCaseExecutor.runScript(TestCaseExecutor.java:328)
	at com.kms.katalon.core.main.TestCaseExecutor.doExecute(TestCaseExecutor.java:319)
	at com.kms.katalon.core.main.TestCaseExecutor.processExecutionPhase(TestCaseExecutor.java:298)
	at com.kms.katalon.core.main.TestCaseExecutor.accessMainPhase(TestCaseExecutor.java:290)
	at com.kms.katalon.core.main.TestCaseExecutor.execute(TestCaseExecutor.java:224)
	at com.kms.katalon.core.main.TestCaseMain.runTestCase(TestCaseMain.java:106)
	at com.kms.katalon.core.keyword.builtin.CallTestCaseKeyword$_callTestCase_closure1.doCall(CallTestCaseKeyword.groovy:59)
	at com.kms.katalon.core.keyword.builtin.CallTestCaseKeyword$_callTestCase_closure1.call(CallTestCaseKeyword.groovy)
	at com.kms.katalon.core.keyword.internal.KeywordMain.runKeyword(KeywordMain.groovy:54)
	at com.kms.katalon.core.keyword.builtin.CallTestCaseKeyword.callTestCase(CallTestCaseKeyword.groovy:80)
	at com.kms.katalon.core.keyword.builtin.CallTestCaseKeyword.execute(CallTestCaseKeyword.groovy:44)
	at com.kms.katalon.core.keyword.internal.KeywordExecutor.executeKeywordForPlatform(KeywordExecutor.groovy:53)
	at com.kms.katalon.core.keyword.BuiltinKeywords.callTestCase(BuiltinKeywords.groovy:334)
	at Increase quantity - Cart flyout.run(Increase quantity - Cart flyout:91)
	at com.kms.katalon.core.main.ScriptEngine.run(ScriptEngine.java:194)
	at com.kms.katalon.core.main.ScriptEngine.runScriptAsRawText(ScriptEngine.java:119)
	at com.kms.katalon.core.main.TestCaseExecutor.runScript(TestCaseExecutor.java:328)
	at com.kms.katalon.core.main.TestCaseExecutor.doExecute(TestCaseExecutor.java:319)
	at com.kms.katalon.core.main.TestCaseExecutor.processExecutionPhase(TestCaseExecutor.java:298)
	at com.kms.katalon.core.main.TestCaseExecutor.accessMainPhase(TestCaseExecutor.java:290)
	at com.kms.katalon.core.main.TestCaseExecutor.execute(TestCaseExecutor.java:224)
	at com.kms.katalon.core.main.TestSuiteExecutor.accessTestCaseMainPhase(TestSuiteExecutor.java:129)
	at com.kms.katalon.core.main.TestSuiteExecutor.accessTestSuiteMainPhase(TestSuiteExecutor.java:112)
	at com.kms.katalon.core.main.TestSuiteExecutor.execute(TestSuiteExecutor.java:81)
	at com.kms.katalon.core.main.TestCaseMain.startTestSuite(TestCaseMain.java:149)
	at com.kms.katalon.core.main.TestCaseMain$startTestSuite$0.call(Unknown Source)
	at TempTestSuite1562794812628.run(TempTestSuite1562794812628.groovy:36)
"/>
         <system-out><![CDATA[2019-07-10 18:04:05 - [TEST_CASE][FAILED] - Test Cases/CRITICAL PATH/Increase quantity - Cart flyout: Test Cases/CRITICAL PATH/Increase quantity - Cart flyout FAILED.
Reason:
com.kms.katalon.core.exception.StepFailedException: Unable to select option by value 'United States' of object 'Object Repository/APOLLO- Desktop/Customer Information page/Country dropdown'  using regular expression (Root cause: org.openqa.selenium.ElementClickInterceptedException: The command failed because the specified element is obscured.
Build info: version: '3.7.1', revision: '8a0099a', time: '2017-11-06T21:07:36.161Z'
System info: host: 'sumans-MacBook-Pro.local', ip: 'fe80:0:0:0:47c:ca88:4245:b7a7%en0', os.name: 'Mac OS X', os.arch: 'x86_64', os.version: '10.13.6', java.version: '1.8.0_181'
Driver info: com.kms.katalon.selenium.driver.CRemoteWebDriver
Capabilities {acceptInsecureCerts: false, browserName: MicrosoftEdge, browserVersion: 44.18362.1.0, javascriptEnabled: true, pageLoadStrategy: normal, platform: WINDOWS, platformName: WINDOWS, proxy: Proxy(), setWindowRect: false, timeouts: {implicit: 0, pageLoad: 300000, script: 30000}}
Session ID: e232714986655a33519b75f6597c5b0b918465e9)
	at com.kms.katalon.core.keyword.internal.KeywordMain.stepFailed(KeywordMain.groovy:36)
	at com.kms.katalon.core.webui.keyword.internal.WebUIKeywordMain.stepFailed(WebUIKeywordMain.groovy:65)
	at com.kms.katalon.core.webui.keyword.internal.WebUIKeywordMain.runKeyword(WebUIKeywordMain.groovy:27)
	at com.kms.katalon.core.webui.keyword.builtin.SelectOptionByValueKeyword.selectOptionByValue(SelectOptionByValueKeyword.groovy:99)
	at com.kms.katalon.core.webui.keyword.builtin.SelectOptionByValueKeyword.execute(SelectOptionByValueKeyword.groovy:71)
	at com.kms.katalon.core.keyword.internal.KeywordExecutor.executeKeywordForPlatform(KeywordExecutor.groovy:53)
	at com.kms.katalon.core.webui.keyword.WebUiBuiltInKeywords.selectOptionByValue(WebUiBuiltInKeywords.groovy:1138)
	at com.kms.katalon.core.webui.keyword.WebUiBuiltInKeywords$selectOptionByValue$11.call(Unknown Source)
	at CALL- CUSTOMER INFO PAGE.run(CALL- CUSTOMER INFO PAGE:39)
	at com.kms.katalon.core.main.ScriptEngine.run(ScriptEngine.java:194)
	at com.kms.katalon.core.main.ScriptEngine.runScriptAsRawText(ScriptEngine.java:119)
	at com.kms.katalon.core.main.TestCaseExecutor.runScript(TestCaseExecutor.java:328)
	at com.kms.katalon.core.main.TestCaseExecutor.doExecute(TestCaseExecutor.java:319)
	at com.kms.katalon.core.main.TestCaseExecutor.processExecutionPhase(TestCaseExecutor.java:298)
	at com.kms.katalon.core.main.TestCaseExecutor.accessMainPhase(TestCaseExecutor.java:290)
	at com.kms.katalon.core.main.TestCaseExecutor.execute(TestCaseExecutor.java:224)
	at com.kms.katalon.core.main.TestCaseMain.runTestCase(TestCaseMain.java:106)
	at com.kms.katalon.core.keyword.builtin.CallTestCaseKeyword$_callTestCase_closure1.doCall(CallTestCaseKeyword.groovy:59)
	at com.kms.katalon.core.keyword.builtin.CallTestCaseKeyword$_callTestCase_closure1.call(CallTestCaseKeyword.groovy)
	at com.kms.katalon.core.keyword.internal.KeywordMain.runKeyword(KeywordMain.groovy:54)
	at com.kms.katalon.core.keyword.builtin.CallTestCaseKeyword.callTestCase(CallTestCaseKeyword.groovy:80)
	at com.kms.katalon.core.keyword.builtin.CallTestCaseKeyword.execute(CallTestCaseKeyword.groovy:44)
	at com.kms.katalon.core.keyword.internal.KeywordExecutor.executeKeywordForPlatform(KeywordExecutor.groovy:53)
	at com.kms.katalon.core.keyword.BuiltinKeywords.callTestCase(BuiltinKeywords.groovy:334)
	at Increase quantity - Cart flyout.run(Increase quantity - Cart flyout:91)
	at com.kms.katalon.core.main.ScriptEngine.run(ScriptEngine.java:194)
	at com.kms.katalon.core.main.ScriptEngine.runScriptAsRawText(ScriptEngine.java:119)
	at com.kms.katalon.core.main.TestCaseExecutor.runScript(TestCaseExecutor.java:328)
	at com.kms.katalon.core.main.TestCaseExecutor.doExecute(TestCaseExecutor.java:319)
	at com.kms.katalon.core.main.TestCaseExecutor.processExecutionPhase(TestCaseExecutor.java:298)
	at com.kms.katalon.core.main.TestCaseExecutor.accessMainPhase(TestCaseExecutor.java:290)
	at com.kms.katalon.core.main.TestCaseExecutor.execute(TestCaseExecutor.java:224)
	at com.kms.katalon.core.main.TestSuiteExecutor.accessTestCaseMainPhase(TestSuiteExecutor.java:129)
	at com.kms.katalon.core.main.TestSuiteExecutor.accessTestSuiteMainPhase(TestSuiteExecutor.java:112)
	at com.kms.katalon.core.main.TestSuiteExecutor.execute(TestSuiteExecutor.java:81)
	at com.kms.katalon.core.main.TestCaseMain.startTestSuite(TestCaseMain.java:149)
	at com.kms.katalon.core.main.TestCaseMain$startTestSuite$0.call(Unknown Source)
	at TempTestSuite1562794812628.run(TempTestSuite1562794812628.groovy:36)


2019-07-10 18:04:05 - [TEST_STEP][PASSED] - callTestCase(findTestCase("CALL - URL"), [:], STOP_ON_FAILURE): Call Test Case 'Test Cases/CALL - URL' successfully

2019-07-10 18:04:05 - [TEST_CASE][PASSED] - Test Cases/CALL - URL: Test Cases/CALL - URL

2019-07-10 18:04:05 - [TEST_STEP][PASSED] - openBrowser(""): Browser is opened with url: ''

2019-07-10 18:04:05 - [MESSAGE][WARNING] - A browser is already opened. Closing browser and opening a new one

2019-07-10 18:04:06 - [MESSAGE][INFO] - Starting 'Remote' driver

2019-07-10 18:04:06 - [MESSAGE][INFO] - User set preference: ['os', 'Windows']

2019-07-10 18:04:06 - [MESSAGE][INFO] - User set preference: ['os_version', '10']

2019-07-10 18:04:06 - [MESSAGE][INFO] - User set preference: ['browser', 'Edge']

2019-07-10 18:04:06 - [MESSAGE][INFO] - User set preference: ['browser_version', '18.0']

2019-07-10 18:04:06 - [MESSAGE][INFO] - User set preference: ['resolution', '']

2019-07-10 18:04:06 - [MESSAGE][INFO] - Connecting to remote web server 'https://dianatest3:Z3oqw9ysqTeRQJq5wFCp@hub-cloud.browserstack.com/wd/hub' with type 'Selenium'

2019-07-10 18:04:20 - [MESSAGE][PASSED] - Browser is opened with url: ''

2019-07-10 18:04:20 - [TEST_STEP][PASSED] - navigateToUrl("https://diff-apollo.myshopify.com/?_ab=0&_fd=0&_sc=1&preview_theme_id=68640637028"): Navigate to 'https://diff-apollo.myshopify.com/?_ab=0&_fd=0&_sc=1&preview_theme_id=68640637028' successfully

2019-07-10 18:04:34 - [MESSAGE][PASSED] - Navigate to 'https://diff-apollo.myshopify.com/?_ab=0&_fd=0&_sc=1&preview_theme_id=68640637028' successfully

2019-07-10 18:04:34 - [TEST_STEP][NOT_RUN] - executeJavaScript("var previewBar = document.getElementById("preview-bar-iframe"); previewBar.style.display = "none";", []): NOT_RUN: executeJavaScript("var previewBar = document.getElementById("preview-bar-iframe"); previewBar.style.display = "none";", [])

2019-07-10 18:04:34 - [MESSAGE][NOT_RUN] - NOT_RUN: executeJavaScript("var previewBar = document.getElementById("preview-bar-iframe"); previewBar.style.display = "none";", [])

2019-07-10 18:04:34 - [TEST_STEP][PASSED] - maximizeWindow(): Current window maximized

2019-07-10 18:04:35 - [MESSAGE][PASSED] - Current window maximized

2019-07-10 18:04:35 - [MESSAGE][PASSED] - Call Test Case 'Test Cases/CALL - URL' successfully

2019-07-10 18:04:35 - [TEST_STEP][PASSED] - delay(1): Delayed 1 second(s)

2019-07-10 18:04:36 - [MESSAGE][PASSED] - Delayed 1 second(s)

2019-07-10 18:04:36 - [TEST_STEP][PASSED] - click(findTestObject("APOLLO- Desktop/Burger Menu/Burgermenu")): Object: 'Object Repository/APOLLO- Desktop/Burger Menu/Burgermenu' is clicked on

2019-07-10 18:04:37 - [MESSAGE][PASSED] - Object: 'Object Repository/APOLLO- Desktop/Burger Menu/Burgermenu' is clicked on

2019-07-10 18:04:37 - [TEST_STEP][PASSED] - delay(2): Delayed 2 second(s)

2019-07-10 18:04:39 - [MESSAGE][PASSED] - Delayed 2 second(s)

2019-07-10 18:04:39 - [TEST_STEP][PASSED] - click(findTestObject("APOLLO- Desktop/Burger Menu/Mens chevron")): Object: 'Object Repository/APOLLO- Desktop/Burger Menu/Mens chevron' is clicked on

2019-07-10 18:04:40 - [MESSAGE][PASSED] - Object: 'Object Repository/APOLLO- Desktop/Burger Menu/Mens chevron' is clicked on

2019-07-10 18:04:40 - [TEST_STEP][PASSED] - delay(2): Delayed 2 second(s)

2019-07-10 18:04:42 - [MESSAGE][PASSED] - Delayed 2 second(s)

2019-07-10 18:04:42 - [TEST_STEP][PASSED] - click(findTestObject("APOLLO- Desktop/Burger Menu/Mens - Top Chevron")): Object: 'Object Repository/APOLLO- Desktop/Burger Menu/Mens - Top Chevron' is clicked on

2019-07-10 18:04:42 - [MESSAGE][PASSED] - Object: 'Object Repository/APOLLO- Desktop/Burger Menu/Mens - Top Chevron' is clicked on

2019-07-10 18:04:42 - [TEST_STEP][PASSED] - delay(2): Delayed 2 second(s)

2019-07-10 18:04:44 - [MESSAGE][PASSED] - Delayed 2 second(s)

2019-07-10 18:04:44 - [TEST_STEP][PASSED] - click(findTestObject("APOLLO- Desktop/Burger Menu/Shirts link")): Object: 'Object Repository/APOLLO- Desktop/Burger Menu/Shirts link' is clicked on

2019-07-10 18:04:45 - [MESSAGE][PASSED] - Object: 'Object Repository/APOLLO- Desktop/Burger Menu/Shirts link' is clicked on

2019-07-10 18:04:45 - [TEST_STEP][NOT_RUN] - executeJavaScript("var previewBar = document.getElementById("preview-bar-iframe"); previewBar.style.display = "none";", []): NOT_RUN: executeJavaScript("var previewBar = document.getElementById("preview-bar-iframe"); previewBar.style.display = "none";", [])

2019-07-10 18:04:45 - [MESSAGE][NOT_RUN] - NOT_RUN: executeJavaScript("var previewBar = document.getElementById("preview-bar-iframe"); previewBar.style.display = "none";", [])

2019-07-10 18:04:45 - [TEST_STEP][PASSED] - delay(2): Delayed 2 second(s)

2019-07-10 18:04:47 - [MESSAGE][PASSED] - Delayed 2 second(s)

2019-07-10 18:04:47 - [TEST_STEP][PASSED] - click(findTestObject("APOLLO- Desktop/Collection page/Blue shirt product")): Object: 'Object Repository/APOLLO- Desktop/Collection page/Blue shirt product' is clicked on

2019-07-10 18:04:48 - [MESSAGE][PASSED] - Object: 'Object Repository/APOLLO- Desktop/Collection page/Blue shirt product' is clicked on

2019-07-10 18:04:48 - [TEST_STEP][PASSED] - delay(2): Delayed 2 second(s)

2019-07-10 18:04:50 - [MESSAGE][PASSED] - Delayed 2 second(s)

2019-07-10 18:04:50 - [TEST_STEP][PASSED] - selectOptionByValue(findTestObject("APOLLO- Desktop/Product page/Size dropdown"), "Medium", true): All options with value 'Medium' are selected in object 'Object Repository/APOLLO- Desktop/Product page/Size dropdown'  using regular expression

2019-07-10 18:04:55 - [MESSAGE][PASSED] - All options with value 'Medium' are selected in object 'Object Repository/APOLLO- Desktop/Product page/Size dropdown'  using regular expression

2019-07-10 18:04:55 - [TEST_STEP][PASSED] - delay(2): Delayed 2 second(s)

2019-07-10 18:04:57 - [MESSAGE][PASSED] - Delayed 2 second(s)

2019-07-10 18:04:57 - [TEST_STEP][PASSED] - click(findTestObject("APOLLO- Desktop/Product page/Add to bag")): Object: 'Object Repository/APOLLO- Desktop/Product page/Add to bag' is clicked on

2019-07-10 18:04:58 - [MESSAGE][PASSED] - Object: 'Object Repository/APOLLO- Desktop/Product page/Add to bag' is clicked on

2019-07-10 18:04:58 - [TEST_STEP][PASSED] - delay(2): Delayed 2 second(s)

2019-07-10 18:05:00 - [MESSAGE][PASSED] - Delayed 2 second(s)

2019-07-10 18:05:00 - [TEST_STEP][PASSED] - a = getText(findTestObject("APOLLO- Desktop/Cart flyout/Subtotal in cart flyout")): Text of object 'Object Repository/APOLLO- Desktop/Cart flyout/Subtotal in cart flyout' is: '$30.00'

2019-07-10 18:05:00 - [MESSAGE][PASSED] - Text of object 'Object Repository/APOLLO- Desktop/Cart flyout/Subtotal in cart flyout' is: '$30.00'

2019-07-10 18:05:00 - [TEST_STEP][PASSED] - comment("a=" + a): a=$30.00

2019-07-10 18:05:00 - [MESSAGE][INFO] - a=$30.00

2019-07-10 18:05:00 - [TEST_STEP][PASSED] - delay(2): Delayed 2 second(s)

2019-07-10 18:05:02 - [MESSAGE][PASSED] - Delayed 2 second(s)

2019-07-10 18:05:02 - [TEST_STEP][PASSED] - click(findTestObject("APOLLO- Desktop/Cart flyout/Increase quantity - cart flyout")): Object: 'Object Repository/APOLLO- Desktop/Cart flyout/Increase quantity - cart flyout' is clicked on

2019-07-10 18:05:03 - [MESSAGE][PASSED] - Object: 'Object Repository/APOLLO- Desktop/Cart flyout/Increase quantity - cart flyout' is clicked on

2019-07-10 18:05:03 - [TEST_STEP][PASSED] - delay(2): Delayed 2 second(s)

2019-07-10 18:05:05 - [MESSAGE][PASSED] - Delayed 2 second(s)

2019-07-10 18:05:05 - [TEST_STEP][PASSED] - click(findTestObject("APOLLO- Desktop/Cart flyout/Increase quantity - cart flyout")): Object: 'Object Repository/APOLLO- Desktop/Cart flyout/Increase quantity - cart flyout' is clicked on

2019-07-10 18:05:05 - [MESSAGE][PASSED] - Object: 'Object Repository/APOLLO- Desktop/Cart flyout/Increase quantity - cart flyout' is clicked on

2019-07-10 18:05:05 - [TEST_STEP][PASSED] - delay(2): Delayed 2 second(s)

2019-07-10 18:05:07 - [MESSAGE][PASSED] - Delayed 2 second(s)

2019-07-10 18:05:07 - [TEST_STEP][PASSED] - click(findTestObject("APOLLO- Desktop/random/Page_Apollo - Dark  Diff Apollo/CArt quanty update")): Object: 'Object Repository/APOLLO- Desktop/random/Page_Apollo - Dark  Diff Apollo/CArt quanty update' is clicked on

2019-07-10 18:05:07 - [MESSAGE][PASSED] - Object: 'Object Repository/APOLLO- Desktop/random/Page_Apollo - Dark  Diff Apollo/CArt quanty update' is clicked on

2019-07-10 18:05:07 - [TEST_STEP][PASSED] - delay(2): Delayed 2 second(s)

2019-07-10 18:05:09 - [MESSAGE][PASSED] - Delayed 2 second(s)

2019-07-10 18:05:09 - [TEST_STEP][PASSED] - click(findTestObject("APOLLO- Desktop/random/Page_Apollo - Dark  Diff Apollo/td_Wool Sweater")): Object: 'Object Repository/APOLLO- Desktop/random/Page_Apollo - Dark  Diff Apollo/td_Wool Sweater' is clicked on

2019-07-10 18:05:10 - [MESSAGE][PASSED] - Object: 'Object Repository/APOLLO- Desktop/random/Page_Apollo - Dark  Diff Apollo/td_Wool Sweater' is clicked on

2019-07-10 18:05:10 - [TEST_STEP][PASSED] - delay(2): Delayed 2 second(s)

2019-07-10 18:05:12 - [MESSAGE][PASSED] - Delayed 2 second(s)

2019-07-10 18:05:12 - [TEST_STEP][PASSED] - b = getText(findTestObject("APOLLO- Desktop/Cart flyout/Subtotal in cart flyout")): Text of object 'Object Repository/APOLLO- Desktop/Cart flyout/Subtotal in cart flyout' is: '$60.00'

2019-07-10 18:05:12 - [MESSAGE][PASSED] - Text of object 'Object Repository/APOLLO- Desktop/Cart flyout/Subtotal in cart flyout' is: '$60.00'

2019-07-10 18:05:12 - [TEST_STEP][PASSED] - comment("b=" + b): b=$60.00

2019-07-10 18:05:12 - [MESSAGE][INFO] - b=$60.00

2019-07-10 18:05:12 - [TEST_STEP][PASSED] - flag = verifyNotEqual("a", "b"): Actual object 'a' and expected object 'b' are not equal

2019-07-10 18:05:12 - [MESSAGE][PASSED] - Actual object 'a' and expected object 'b' are not equal

2019-07-10 18:05:12 - [TEST_STEP][PASSED] - if (flag == true): Quantity selector working

2019-07-10 18:05:12 - [TEST_STEP][PASSED] - comment("Quantity selector working"): Quantity selector working

2019-07-10 18:05:12 - [MESSAGE][INFO] - Quantity selector working

2019-07-10 18:05:12 - [TEST_STEP][PASSED] - delay(2): Delayed 2 second(s)

2019-07-10 18:05:14 - [MESSAGE][PASSED] - Delayed 2 second(s)

2019-07-10 18:05:14 - [TEST_STEP][PASSED] - click(findTestObject("APOLLO- Desktop/Cart flyout/Checkout")): Object: 'Object Repository/APOLLO- Desktop/Cart flyout/Checkout' is clicked on

2019-07-10 18:05:15 - [MESSAGE][PASSED] - Object: 'Object Repository/APOLLO- Desktop/Cart flyout/Checkout' is clicked on

2019-07-10 18:05:15 - [TEST_STEP][PASSED] - delay(2): Delayed 2 second(s)

2019-07-10 18:05:17 - [MESSAGE][PASSED] - Delayed 2 second(s)

2019-07-10 18:05:17 - [TEST_STEP][FAILED] - callTestCase(findTestCase("CALL- CUSTOMER INFO PAGE"), [:], STOP_ON_FAILURE): callTestCase(findTestCase("CALL- CUSTOMER INFO PAGE"), [:], STOP_ON_FAILURE) FAILED.
Reason:
com.kms.katalon.core.exception.StepFailedException: Unable to select option by value 'United States' of object 'Object Repository/APOLLO- Desktop/Customer Information page/Country dropdown'  using regular expression (Root cause: org.openqa.selenium.ElementClickInterceptedException: The command failed because the specified element is obscured.
Build info: version: '3.7.1', revision: '8a0099a', time: '2017-11-06T21:07:36.161Z'
System info: host: 'sumans-MacBook-Pro.local', ip: 'fe80:0:0:0:47c:ca88:4245:b7a7%en0', os.name: 'Mac OS X', os.arch: 'x86_64', os.version: '10.13.6', java.version: '1.8.0_181'
Driver info: com.kms.katalon.selenium.driver.CRemoteWebDriver
Capabilities {acceptInsecureCerts: false, browserName: MicrosoftEdge, browserVersion: 44.18362.1.0, javascriptEnabled: true, pageLoadStrategy: normal, platform: WINDOWS, platformName: WINDOWS, proxy: Proxy(), setWindowRect: false, timeouts: {implicit: 0, pageLoad: 300000, script: 30000}}
Session ID: e232714986655a33519b75f6597c5b0b918465e9)
	at com.kms.katalon.core.keyword.internal.KeywordMain.stepFailed(KeywordMain.groovy:36)
	at com.kms.katalon.core.webui.keyword.internal.WebUIKeywordMain.stepFailed(WebUIKeywordMain.groovy:65)
	at com.kms.katalon.core.webui.keyword.internal.WebUIKeywordMain.runKeyword(WebUIKeywordMain.groovy:27)
	at com.kms.katalon.core.webui.keyword.builtin.SelectOptionByValueKeyword.selectOptionByValue(SelectOptionByValueKeyword.groovy:99)
	at com.kms.katalon.core.webui.keyword.builtin.SelectOptionByValueKeyword.execute(SelectOptionByValueKeyword.groovy:71)
	at com.kms.katalon.core.keyword.internal.KeywordExecutor.executeKeywordForPlatform(KeywordExecutor.groovy:53)
	at com.kms.katalon.core.webui.keyword.WebUiBuiltInKeywords.selectOptionByValue(WebUiBuiltInKeywords.groovy:1138)
	at com.kms.katalon.core.webui.keyword.WebUiBuiltInKeywords$selectOptionByValue$11.call(Unknown Source)
	at CALL- CUSTOMER INFO PAGE.run(CALL- CUSTOMER INFO PAGE:39)
	at com.kms.katalon.core.main.ScriptEngine.run(ScriptEngine.java:194)
	at com.kms.katalon.core.main.ScriptEngine.runScriptAsRawText(ScriptEngine.java:119)
	at com.kms.katalon.core.main.TestCaseExecutor.runScript(TestCaseExecutor.java:328)
	at com.kms.katalon.core.main.TestCaseExecutor.doExecute(TestCaseExecutor.java:319)
	at com.kms.katalon.core.main.TestCaseExecutor.processExecutionPhase(TestCaseExecutor.java:298)
	at com.kms.katalon.core.main.TestCaseExecutor.accessMainPhase(TestCaseExecutor.java:290)
	at com.kms.katalon.core.main.TestCaseExecutor.execute(TestCaseExecutor.java:224)
	at com.kms.katalon.core.main.TestCaseMain.runTestCase(TestCaseMain.java:106)
	at com.kms.katalon.core.keyword.builtin.CallTestCaseKeyword$_callTestCase_closure1.doCall(CallTestCaseKeyword.groovy:59)
	at com.kms.katalon.core.keyword.builtin.CallTestCaseKeyword$_callTestCase_closure1.call(CallTestCaseKeyword.groovy)
	at com.kms.katalon.core.keyword.internal.KeywordMain.runKeyword(KeywordMain.groovy:54)
	at com.kms.katalon.core.keyword.builtin.CallTestCaseKeyword.callTestCase(CallTestCaseKeyword.groovy:80)
	at com.kms.katalon.core.keyword.builtin.CallTestCaseKeyword.execute(CallTestCaseKeyword.groovy:44)
	at com.kms.katalon.core.keyword.internal.KeywordExecutor.executeKeywordForPlatform(KeywordExecutor.groovy:53)
	at com.kms.katalon.core.keyword.BuiltinKeywords.callTestCase(BuiltinKeywords.groovy:334)
	at Increase quantity - Cart flyout.run(Increase quantity - Cart flyout:91)
	at com.kms.katalon.core.main.ScriptEngine.run(ScriptEngine.java:194)
	at com.kms.katalon.core.main.ScriptEngine.runScriptAsRawText(ScriptEngine.java:119)
	at com.kms.katalon.core.main.TestCaseExecutor.runScript(TestCaseExecutor.java:328)
	at com.kms.katalon.core.main.TestCaseExecutor.doExecute(TestCaseExecutor.java:319)
	at com.kms.katalon.core.main.TestCaseExecutor.processExecutionPhase(TestCaseExecutor.java:298)
	at com.kms.katalon.core.main.TestCaseExecutor.accessMainPhase(TestCaseExecutor.java:290)
	at com.kms.katalon.core.main.TestCaseExecutor.execute(TestCaseExecutor.java:224)
	at com.kms.katalon.core.main.TestSuiteExecutor.accessTestCaseMainPhase(TestSuiteExecutor.java:129)
	at com.kms.katalon.core.main.TestSuiteExecutor.accessTestSuiteMainPhase(TestSuiteExecutor.java:112)
	at com.kms.katalon.core.main.TestSuiteExecutor.execute(TestSuiteExecutor.java:81)
	at com.kms.katalon.core.main.TestCaseMain.startTestSuite(TestCaseMain.java:149)
	at com.kms.katalon.core.main.TestCaseMain$startTestSuite$0.call(Unknown Source)
	at TempTestSuite1562794812628.run(TempTestSuite1562794812628.groovy:36)


2019-07-10 18:05:17 - [TEST_CASE][FAILED] - Test Cases/CALL- CUSTOMER INFO PAGE: Test Cases/CALL- CUSTOMER INFO PAGE FAILED.
Reason:
com.kms.katalon.core.exception.StepFailedException: Unable to select option by value 'United States' of object 'Object Repository/APOLLO- Desktop/Customer Information page/Country dropdown'  using regular expression (Root cause: org.openqa.selenium.ElementClickInterceptedException: The command failed because the specified element is obscured.
Build info: version: '3.7.1', revision: '8a0099a', time: '2017-11-06T21:07:36.161Z'
System info: host: 'sumans-MacBook-Pro.local', ip: 'fe80:0:0:0:47c:ca88:4245:b7a7%en0', os.name: 'Mac OS X', os.arch: 'x86_64', os.version: '10.13.6', java.version: '1.8.0_181'
Driver info: com.kms.katalon.selenium.driver.CRemoteWebDriver
Capabilities {acceptInsecureCerts: false, browserName: MicrosoftEdge, browserVersion: 44.18362.1.0, javascriptEnabled: true, pageLoadStrategy: normal, platform: WINDOWS, platformName: WINDOWS, proxy: Proxy(), setWindowRect: false, timeouts: {implicit: 0, pageLoad: 300000, script: 30000}}
Session ID: e232714986655a33519b75f6597c5b0b918465e9)
	at com.kms.katalon.core.keyword.internal.KeywordMain.stepFailed(KeywordMain.groovy:36)
	at com.kms.katalon.core.webui.keyword.internal.WebUIKeywordMain.stepFailed(WebUIKeywordMain.groovy:65)
	at com.kms.katalon.core.webui.keyword.internal.WebUIKeywordMain.runKeyword(WebUIKeywordMain.groovy:27)
	at com.kms.katalon.core.webui.keyword.builtin.SelectOptionByValueKeyword.selectOptionByValue(SelectOptionByValueKeyword.groovy:99)
	at com.kms.katalon.core.webui.keyword.builtin.SelectOptionByValueKeyword.execute(SelectOptionByValueKeyword.groovy:71)
	at com.kms.katalon.core.keyword.internal.KeywordExecutor.executeKeywordForPlatform(KeywordExecutor.groovy:53)
	at com.kms.katalon.core.webui.keyword.WebUiBuiltInKeywords.selectOptionByValue(WebUiBuiltInKeywords.groovy:1138)
	at com.kms.katalon.core.webui.keyword.WebUiBuiltInKeywords$selectOptionByValue$11.call(Unknown Source)
	at CALL- CUSTOMER INFO PAGE.run(CALL- CUSTOMER INFO PAGE:39)
	at com.kms.katalon.core.main.ScriptEngine.run(ScriptEngine.java:194)
	at com.kms.katalon.core.main.ScriptEngine.runScriptAsRawText(ScriptEngine.java:119)
	at com.kms.katalon.core.main.TestCaseExecutor.runScript(TestCaseExecutor.java:328)
	at com.kms.katalon.core.main.TestCaseExecutor.doExecute(TestCaseExecutor.java:319)
	at com.kms.katalon.core.main.TestCaseExecutor.processExecutionPhase(TestCaseExecutor.java:298)
	at com.kms.katalon.core.main.TestCaseExecutor.accessMainPhase(TestCaseExecutor.java:290)
	at com.kms.katalon.core.main.TestCaseExecutor.execute(TestCaseExecutor.java:224)
	at com.kms.katalon.core.main.TestCaseMain.runTestCase(TestCaseMain.java:106)
	at com.kms.katalon.core.keyword.builtin.CallTestCaseKeyword$_callTestCase_closure1.doCall(CallTestCaseKeyword.groovy:59)
	at com.kms.katalon.core.keyword.builtin.CallTestCaseKeyword$_callTestCase_closure1.call(CallTestCaseKeyword.groovy)
	at com.kms.katalon.core.keyword.internal.KeywordMain.runKeyword(KeywordMain.groovy:54)
	at com.kms.katalon.core.keyword.builtin.CallTestCaseKeyword.callTestCase(CallTestCaseKeyword.groovy:80)
	at com.kms.katalon.core.keyword.builtin.CallTestCaseKeyword.execute(CallTestCaseKeyword.groovy:44)
	at com.kms.katalon.core.keyword.internal.KeywordExecutor.executeKeywordForPlatform(KeywordExecutor.groovy:53)
	at com.kms.katalon.core.keyword.BuiltinKeywords.callTestCase(BuiltinKeywords.groovy:334)
	at Increase quantity - Cart flyout.run(Increase quantity - Cart flyout:91)
	at com.kms.katalon.core.main.ScriptEngine.run(ScriptEngine.java:194)
	at com.kms.katalon.core.main.ScriptEngine.runScriptAsRawText(ScriptEngine.java:119)
	at com.kms.katalon.core.main.TestCaseExecutor.runScript(TestCaseExecutor.java:328)
	at com.kms.katalon.core.main.TestCaseExecutor.doExecute(TestCaseExecutor.java:319)
	at com.kms.katalon.core.main.TestCaseExecutor.processExecutionPhase(TestCaseExecutor.java:298)
	at com.kms.katalon.core.main.TestCaseExecutor.accessMainPhase(TestCaseExecutor.java:290)
	at com.kms.katalon.core.main.TestCaseExecutor.execute(TestCaseExecutor.java:224)
	at com.kms.katalon.core.main.TestSuiteExecutor.accessTestCaseMainPhase(TestSuiteExecutor.java:129)
	at com.kms.katalon.core.main.TestSuiteExecutor.accessTestSuiteMainPhase(TestSuiteExecutor.java:112)
	at com.kms.katalon.core.main.TestSuiteExecutor.execute(TestSuiteExecutor.java:81)
	at com.kms.katalon.core.main.TestCaseMain.startTestSuite(TestCaseMain.java:149)
	at com.kms.katalon.core.main.TestCaseMain$startTestSuite$0.call(Unknown Source)
	at TempTestSuite1562794812628.run(TempTestSuite1562794812628.groovy:36)


2019-07-10 18:05:17 - [TEST_STEP][PASSED] - delay(2): Delayed 2 second(s)

2019-07-10 18:05:19 - [MESSAGE][PASSED] - Delayed 2 second(s)

2019-07-10 18:05:19 - [TEST_STEP][NOT_RUN] - executeJavaScript("var previewBar = document.getElementById("preview-bar-iframe"); previewBar.style.display = "none";", []): NOT_RUN: executeJavaScript("var previewBar = document.getElementById("preview-bar-iframe"); previewBar.style.display = "none";", [])

2019-07-10 18:05:19 - [MESSAGE][NOT_RUN] - NOT_RUN: executeJavaScript("var previewBar = document.getElementById("preview-bar-iframe"); previewBar.style.display = "none";", [])

2019-07-10 18:05:19 - [TEST_STEP][PASSED] - setText(findTestObject("APOLLO- Desktop/Customer Information page/Email"), "suman@gmail.com"): Text 'suman@gmail.com' is set on object 'Object Repository/APOLLO- Desktop/Customer Information page/Email'

2019-07-10 18:05:20 - [MESSAGE][PASSED] - Text 'suman@gmail.com' is set on object 'Object Repository/APOLLO- Desktop/Customer Information page/Email'

2019-07-10 18:05:20 - [TEST_STEP][PASSED] - delay(2): Delayed 2 second(s)

2019-07-10 18:05:22 - [MESSAGE][PASSED] - Delayed 2 second(s)

2019-07-10 18:05:22 - [TEST_STEP][PASSED] - setText(findTestObject("APOLLO- Desktop/Customer Information page/First name"), "suman"): Text 'suman' is set on object 'Object Repository/APOLLO- Desktop/Customer Information page/First name'

2019-07-10 18:05:24 - [MESSAGE][PASSED] - Text 'suman' is set on object 'Object Repository/APOLLO- Desktop/Customer Information page/First name'

2019-07-10 18:05:24 - [TEST_STEP][PASSED] - delay(2): Delayed 2 second(s)

2019-07-10 18:05:26 - [MESSAGE][PASSED] - Delayed 2 second(s)

2019-07-10 18:05:26 - [TEST_STEP][PASSED] - setText(findTestObject("APOLLO- Desktop/Customer Information page/Last name"), "kompelly"): Text 'kompelly' is set on object 'Object Repository/APOLLO- Desktop/Customer Information page/Last name'

2019-07-10 18:05:27 - [MESSAGE][PASSED] - Text 'kompelly' is set on object 'Object Repository/APOLLO- Desktop/Customer Information page/Last name'

2019-07-10 18:05:27 - [TEST_STEP][PASSED] - delay(2): Delayed 2 second(s)

2019-07-10 18:05:29 - [MESSAGE][PASSED] - Delayed 2 second(s)

2019-07-10 18:05:29 - [TEST_STEP][PASSED] - setText(findTestObject("APOLLO- Desktop/Customer Information page/Address"), "1435 st alxendre"): Text '1435 st alxendre' is set on object 'Object Repository/APOLLO- Desktop/Customer Information page/Address'

2019-07-10 18:05:31 - [MESSAGE][PASSED] - Text '1435 st alxendre' is set on object 'Object Repository/APOLLO- Desktop/Customer Information page/Address'

2019-07-10 18:05:31 - [TEST_STEP][PASSED] - setText(findTestObject("APOLLO- Desktop/Customer Information page/Apartment"), "220"): Text '220' is set on object 'Object Repository/APOLLO- Desktop/Customer Information page/Apartment'

2019-07-10 18:05:32 - [MESSAGE][PASSED] - Text '220' is set on object 'Object Repository/APOLLO- Desktop/Customer Information page/Apartment'

2019-07-10 18:05:32 - [TEST_STEP][PASSED] - setText(findTestObject("APOLLO- Desktop/Customer Information page/City"), "montreal"): Text 'montreal' is set on object 'Object Repository/APOLLO- Desktop/Customer Information page/City'

2019-07-10 18:05:33 - [MESSAGE][PASSED] - Text 'montreal' is set on object 'Object Repository/APOLLO- Desktop/Customer Information page/City'

2019-07-10 18:05:33 - [TEST_STEP][FAILED] - selectOptionByValue(findTestObject("APOLLO- Desktop/Customer Information page/Country dropdown"), "United States", true): selectOptionByValue(findTestObject("APOLLO- Desktop/Customer Information page/Country dropdown"), "United States", true) FAILED.
Reason:
com.kms.katalon.core.exception.StepFailedException: Unable to select option by value 'United States' of object 'Object Repository/APOLLO- Desktop/Customer Information page/Country dropdown'  using regular expression (Root cause: org.openqa.selenium.ElementClickInterceptedException: The command failed because the specified element is obscured.
Build info: version: '3.7.1', revision: '8a0099a', time: '2017-11-06T21:07:36.161Z'
System info: host: 'sumans-MacBook-Pro.local', ip: 'fe80:0:0:0:47c:ca88:4245:b7a7%en0', os.name: 'Mac OS X', os.arch: 'x86_64', os.version: '10.13.6', java.version: '1.8.0_181'
Driver info: com.kms.katalon.selenium.driver.CRemoteWebDriver
Capabilities {acceptInsecureCerts: false, browserName: MicrosoftEdge, browserVersion: 44.18362.1.0, javascriptEnabled: true, pageLoadStrategy: normal, platform: WINDOWS, platformName: WINDOWS, proxy: Proxy(), setWindowRect: false, timeouts: {implicit: 0, pageLoad: 300000, script: 30000}}
Session ID: e232714986655a33519b75f6597c5b0b918465e9)
	at com.kms.katalon.core.keyword.internal.KeywordMain.stepFailed(KeywordMain.groovy:36)
	at com.kms.katalon.core.webui.keyword.internal.WebUIKeywordMain.stepFailed(WebUIKeywordMain.groovy:65)
	at com.kms.katalon.core.webui.keyword.internal.WebUIKeywordMain.runKeyword(WebUIKeywordMain.groovy:27)
	at com.kms.katalon.core.webui.keyword.builtin.SelectOptionByValueKeyword.selectOptionByValue(SelectOptionByValueKeyword.groovy:99)
	at com.kms.katalon.core.webui.keyword.builtin.SelectOptionByValueKeyword.execute(SelectOptionByValueKeyword.groovy:71)
	at com.kms.katalon.core.keyword.internal.KeywordExecutor.executeKeywordForPlatform(KeywordExecutor.groovy:53)
	at com.kms.katalon.core.webui.keyword.WebUiBuiltInKeywords.selectOptionByValue(WebUiBuiltInKeywords.groovy:1138)
	at com.kms.katalon.core.webui.keyword.WebUiBuiltInKeywords$selectOptionByValue$11.call(Unknown Source)
	at CALL- CUSTOMER INFO PAGE.run(CALL- CUSTOMER INFO PAGE:39)
	at com.kms.katalon.core.main.ScriptEngine.run(ScriptEngine.java:194)
	at com.kms.katalon.core.main.ScriptEngine.runScriptAsRawText(ScriptEngine.java:119)
	at com.kms.katalon.core.main.TestCaseExecutor.runScript(TestCaseExecutor.java:328)
	at com.kms.katalon.core.main.TestCaseExecutor.doExecute(TestCaseExecutor.java:319)
	at com.kms.katalon.core.main.TestCaseExecutor.processExecutionPhase(TestCaseExecutor.java:298)
	at com.kms.katalon.core.main.TestCaseExecutor.accessMainPhase(TestCaseExecutor.java:290)
	at com.kms.katalon.core.main.TestCaseExecutor.execute(TestCaseExecutor.java:224)
	at com.kms.katalon.core.main.TestCaseMain.runTestCase(TestCaseMain.java:106)
	at com.kms.katalon.core.keyword.builtin.CallTestCaseKeyword$_callTestCase_closure1.doCall(CallTestCaseKeyword.groovy:59)
	at com.kms.katalon.core.keyword.builtin.CallTestCaseKeyword$_callTestCase_closure1.call(CallTestCaseKeyword.groovy)
	at com.kms.katalon.core.keyword.internal.KeywordMain.runKeyword(KeywordMain.groovy:54)
	at com.kms.katalon.core.keyword.builtin.CallTestCaseKeyword.callTestCase(CallTestCaseKeyword.groovy:80)
	at com.kms.katalon.core.keyword.builtin.CallTestCaseKeyword.execute(CallTestCaseKeyword.groovy:44)
	at com.kms.katalon.core.keyword.internal.KeywordExecutor.executeKeywordForPlatform(KeywordExecutor.groovy:53)
	at com.kms.katalon.core.keyword.BuiltinKeywords.callTestCase(BuiltinKeywords.groovy:334)
	at Increase quantity - Cart flyout.run(Increase quantity - Cart flyout:91)
	at com.kms.katalon.core.main.ScriptEngine.run(ScriptEngine.java:194)
	at com.kms.katalon.core.main.ScriptEngine.runScriptAsRawText(ScriptEngine.java:119)
	at com.kms.katalon.core.main.TestCaseExecutor.runScript(TestCaseExecutor.java:328)
	at com.kms.katalon.core.main.TestCaseExecutor.doExecute(TestCaseExecutor.java:319)
	at com.kms.katalon.core.main.TestCaseExecutor.processExecutionPhase(TestCaseExecutor.java:298)
	at com.kms.katalon.core.main.TestCaseExecutor.accessMainPhase(TestCaseExecutor.java:290)
	at com.kms.katalon.core.main.TestCaseExecutor.execute(TestCaseExecutor.java:224)
	at com.kms.katalon.core.main.TestSuiteExecutor.accessTestCaseMainPhase(TestSuiteExecutor.java:129)
	at com.kms.katalon.core.main.TestSuiteExecutor.accessTestSuiteMainPhase(TestSuiteExecutor.java:112)
	at com.kms.katalon.core.main.TestSuiteExecutor.execute(TestSuiteExecutor.java:81)
	at com.kms.katalon.core.main.TestCaseMain.startTestSuite(TestCaseMain.java:149)
	at com.kms.katalon.core.main.TestCaseMain$startTestSuite$0.call(Unknown Source)
	at TempTestSuite1562794812628.run(TempTestSuite1562794812628.groovy:36)


2019-07-10 18:06:25 - [MESSAGE][FAILED] - Unable to select option by value 'United States' of object 'Object Repository/APOLLO- Desktop/Customer Information page/Country dropdown'  using regular expression (Root cause: org.openqa.selenium.ElementClickInterceptedException: The command failed because the specified element is obscured.
Build info: version: '3.7.1', revision: '8a0099a', time: '2017-11-06T21:07:36.161Z'
System info: host: 'sumans-MacBook-Pro.local', ip: 'fe80:0:0:0:47c:ca88:4245:b7a7%en0', os.name: 'Mac OS X', os.arch: 'x86_64', os.version: '10.13.6', java.version: '1.8.0_181'
Driver info: com.kms.katalon.selenium.driver.CRemoteWebDriver
Capabilities {acceptInsecureCerts: false, browserName: MicrosoftEdge, browserVersion: 44.18362.1.0, javascriptEnabled: true, pageLoadStrategy: normal, platform: WINDOWS, platformName: WINDOWS, proxy: Proxy(), setWindowRect: false, timeouts: {implicit: 0, pageLoad: 300000, script: 30000}}
Session ID: e232714986655a33519b75f6597c5b0b918465e9)
[[ATTACHMENT|/Users/sumankompelly/git/Apollo-Dark-Desktop/Reports/Apollo - dark build/20190710_174012/1562796384998.png]]

2019-07-10 18:06:25 - [MESSAGE][FAILED] - selectOptionByValue(findTestObject("APOLLO- Desktop/Customer Information page/Country dropdown"), "United States", true) FAILED.
Reason:
com.kms.katalon.core.exception.StepFailedException: Unable to select option by value 'United States' of object 'Object Repository/APOLLO- Desktop/Customer Information page/Country dropdown'  using regular expression (Root cause: org.openqa.selenium.ElementClickInterceptedException: The command failed because the specified element is obscured.
Build info: version: '3.7.1', revision: '8a0099a', time: '2017-11-06T21:07:36.161Z'
System info: host: 'sumans-MacBook-Pro.local', ip: 'fe80:0:0:0:47c:ca88:4245:b7a7%en0', os.name: 'Mac OS X', os.arch: 'x86_64', os.version: '10.13.6', java.version: '1.8.0_181'
Driver info: com.kms.katalon.selenium.driver.CRemoteWebDriver
Capabilities {acceptInsecureCerts: false, browserName: MicrosoftEdge, browserVersion: 44.18362.1.0, javascriptEnabled: true, pageLoadStrategy: normal, platform: WINDOWS, platformName: WINDOWS, proxy: Proxy(), setWindowRect: false, timeouts: {implicit: 0, pageLoad: 300000, script: 30000}}
Session ID: e232714986655a33519b75f6597c5b0b918465e9)
	at com.kms.katalon.core.keyword.internal.KeywordMain.stepFailed(KeywordMain.groovy:36)
	at com.kms.katalon.core.webui.keyword.internal.WebUIKeywordMain.stepFailed(WebUIKeywordMain.groovy:65)
	at com.kms.katalon.core.webui.keyword.internal.WebUIKeywordMain.runKeyword(WebUIKeywordMain.groovy:27)
	at com.kms.katalon.core.webui.keyword.builtin.SelectOptionByValueKeyword.selectOptionByValue(SelectOptionByValueKeyword.groovy:99)
	at com.kms.katalon.core.webui.keyword.builtin.SelectOptionByValueKeyword.execute(SelectOptionByValueKeyword.groovy:71)
	at com.kms.katalon.core.keyword.internal.KeywordExecutor.executeKeywordForPlatform(KeywordExecutor.groovy:53)
	at com.kms.katalon.core.webui.keyword.WebUiBuiltInKeywords.selectOptionByValue(WebUiBuiltInKeywords.groovy:1138)
	at com.kms.katalon.core.webui.keyword.WebUiBuiltInKeywords$selectOptionByValue$11.call(Unknown Source)
	at CALL- CUSTOMER INFO PAGE.run(CALL- CUSTOMER INFO PAGE:39)
	at com.kms.katalon.core.main.ScriptEngine.run(ScriptEngine.java:194)
	at com.kms.katalon.core.main.ScriptEngine.runScriptAsRawText(ScriptEngine.java:119)
	at com.kms.katalon.core.main.TestCaseExecutor.runScript(TestCaseExecutor.java:328)
	at com.kms.katalon.core.main.TestCaseExecutor.doExecute(TestCaseExecutor.java:319)
	at com.kms.katalon.core.main.TestCaseExecutor.processExecutionPhase(TestCaseExecutor.java:298)
	at com.kms.katalon.core.main.TestCaseExecutor.accessMainPhase(TestCaseExecutor.java:290)
	at com.kms.katalon.core.main.TestCaseExecutor.execute(TestCaseExecutor.java:224)
	at com.kms.katalon.core.main.TestCaseMain.runTestCase(TestCaseMain.java:106)
	at com.kms.katalon.core.keyword.builtin.CallTestCaseKeyword$_callTestCase_closure1.doCall(CallTestCaseKeyword.groovy:59)
	at com.kms.katalon.core.keyword.builtin.CallTestCaseKeyword$_callTestCase_closure1.call(CallTestCaseKeyword.groovy)
	at com.kms.katalon.core.keyword.internal.KeywordMain.runKeyword(KeywordMain.groovy:54)
	at com.kms.katalon.core.keyword.builtin.CallTestCaseKeyword.callTestCase(CallTestCaseKeyword.groovy:80)
	at com.kms.katalon.core.keyword.builtin.CallTestCaseKeyword.execute(CallTestCaseKeyword.groovy:44)
	at com.kms.katalon.core.keyword.internal.KeywordExecutor.executeKeywordForPlatform(KeywordExecutor.groovy:53)
	at com.kms.katalon.core.keyword.BuiltinKeywords.callTestCase(BuiltinKeywords.groovy:334)
	at Increase quantity - Cart flyout.run(Increase quantity - Cart flyout:91)
	at com.kms.katalon.core.main.ScriptEngine.run(ScriptEngine.java:194)
	at com.kms.katalon.core.main.ScriptEngine.runScriptAsRawText(ScriptEngine.java:119)
	at com.kms.katalon.core.main.TestCaseExecutor.runScript(TestCaseExecutor.java:328)
	at com.kms.katalon.core.main.TestCaseExecutor.doExecute(TestCaseExecutor.java:319)
	at com.kms.katalon.core.main.TestCaseExecutor.processExecutionPhase(TestCaseExecutor.java:298)
	at com.kms.katalon.core.main.TestCaseExecutor.accessMainPhase(TestCaseExecutor.java:290)
	at com.kms.katalon.core.main.TestCaseExecutor.execute(TestCaseExecutor.java:224)
	at com.kms.katalon.core.main.TestSuiteExecutor.accessTestCaseMainPhase(TestSuiteExecutor.java:129)
	at com.kms.katalon.core.main.TestSuiteExecutor.accessTestSuiteMainPhase(TestSuiteExecutor.java:112)
	at com.kms.katalon.core.main.TestSuiteExecutor.execute(TestSuiteExecutor.java:81)
	at com.kms.katalon.core.main.TestCaseMain.startTestSuite(TestCaseMain.java:149)
	at com.kms.katalon.core.main.TestCaseMain$startTestSuite$0.call(Unknown Source)
	at TempTestSuite1562794812628.run(TempTestSuite1562794812628.groovy:36)


2019-07-10 18:06:25 - [MESSAGE][FAILED] - Unable to call Test Case 'Test Cases/CALL- CUSTOMER INFO PAGE' (Root cause: com.kms.katalon.core.exception.StepFailedException: Call Test Case 'Test Cases/CALL- CUSTOMER INFO PAGE' failed)

2019-07-10 18:06:25 - [MESSAGE][FAILED] - callTestCase(findTestCase("CALL- CUSTOMER INFO PAGE"), [:], STOP_ON_FAILURE) FAILED.
Reason:
com.kms.katalon.core.exception.StepFailedException: Unable to select option by value 'United States' of object 'Object Repository/APOLLO- Desktop/Customer Information page/Country dropdown'  using regular expression (Root cause: org.openqa.selenium.ElementClickInterceptedException: The command failed because the specified element is obscured.
Build info: version: '3.7.1', revision: '8a0099a', time: '2017-11-06T21:07:36.161Z'
System info: host: 'sumans-MacBook-Pro.local', ip: 'fe80:0:0:0:47c:ca88:4245:b7a7%en0', os.name: 'Mac OS X', os.arch: 'x86_64', os.version: '10.13.6', java.version: '1.8.0_181'
Driver info: com.kms.katalon.selenium.driver.CRemoteWebDriver
Capabilities {acceptInsecureCerts: false, browserName: MicrosoftEdge, browserVersion: 44.18362.1.0, javascriptEnabled: true, pageLoadStrategy: normal, platform: WINDOWS, platformName: WINDOWS, proxy: Proxy(), setWindowRect: false, timeouts: {implicit: 0, pageLoad: 300000, script: 30000}}
Session ID: e232714986655a33519b75f6597c5b0b918465e9)
	at com.kms.katalon.core.keyword.internal.KeywordMain.stepFailed(KeywordMain.groovy:36)
	at com.kms.katalon.core.webui.keyword.internal.WebUIKeywordMain.stepFailed(WebUIKeywordMain.groovy:65)
	at com.kms.katalon.core.webui.keyword.internal.WebUIKeywordMain.runKeyword(WebUIKeywordMain.groovy:27)
	at com.kms.katalon.core.webui.keyword.builtin.SelectOptionByValueKeyword.selectOptionByValue(SelectOptionByValueKeyword.groovy:99)
	at com.kms.katalon.core.webui.keyword.builtin.SelectOptionByValueKeyword.execute(SelectOptionByValueKeyword.groovy:71)
	at com.kms.katalon.core.keyword.internal.KeywordExecutor.executeKeywordForPlatform(KeywordExecutor.groovy:53)
	at com.kms.katalon.core.webui.keyword.WebUiBuiltInKeywords.selectOptionByValue(WebUiBuiltInKeywords.groovy:1138)
	at com.kms.katalon.core.webui.keyword.WebUiBuiltInKeywords$selectOptionByValue$11.call(Unknown Source)
	at CALL- CUSTOMER INFO PAGE.run(CALL- CUSTOMER INFO PAGE:39)
	at com.kms.katalon.core.main.ScriptEngine.run(ScriptEngine.java:194)
	at com.kms.katalon.core.main.ScriptEngine.runScriptAsRawText(ScriptEngine.java:119)
	at com.kms.katalon.core.main.TestCaseExecutor.runScript(TestCaseExecutor.java:328)
	at com.kms.katalon.core.main.TestCaseExecutor.doExecute(TestCaseExecutor.java:319)
	at com.kms.katalon.core.main.TestCaseExecutor.processExecutionPhase(TestCaseExecutor.java:298)
	at com.kms.katalon.core.main.TestCaseExecutor.accessMainPhase(TestCaseExecutor.java:290)
	at com.kms.katalon.core.main.TestCaseExecutor.execute(TestCaseExecutor.java:224)
	at com.kms.katalon.core.main.TestCaseMain.runTestCase(TestCaseMain.java:106)
	at com.kms.katalon.core.keyword.builtin.CallTestCaseKeyword$_callTestCase_closure1.doCall(CallTestCaseKeyword.groovy:59)
	at com.kms.katalon.core.keyword.builtin.CallTestCaseKeyword$_callTestCase_closure1.call(CallTestCaseKeyword.groovy)
	at com.kms.katalon.core.keyword.internal.KeywordMain.runKeyword(KeywordMain.groovy:54)
	at com.kms.katalon.core.keyword.builtin.CallTestCaseKeyword.callTestCase(CallTestCaseKeyword.groovy:80)
	at com.kms.katalon.core.keyword.builtin.CallTestCaseKeyword.execute(CallTestCaseKeyword.groovy:44)
	at com.kms.katalon.core.keyword.internal.KeywordExecutor.executeKeywordForPlatform(KeywordExecutor.groovy:53)
	at com.kms.katalon.core.keyword.BuiltinKeywords.callTestCase(BuiltinKeywords.groovy:334)
	at Increase quantity - Cart flyout.run(Increase quantity - Cart flyout:91)
	at com.kms.katalon.core.main.ScriptEngine.run(ScriptEngine.java:194)
	at com.kms.katalon.core.main.ScriptEngine.runScriptAsRawText(ScriptEngine.java:119)
	at com.kms.katalon.core.main.TestCaseExecutor.runScript(TestCaseExecutor.java:328)
	at com.kms.katalon.core.main.TestCaseExecutor.doExecute(TestCaseExecutor.java:319)
	at com.kms.katalon.core.main.TestCaseExecutor.processExecutionPhase(TestCaseExecutor.java:298)
	at com.kms.katalon.core.main.TestCaseExecutor.accessMainPhase(TestCaseExecutor.java:290)
	at com.kms.katalon.core.main.TestCaseExecutor.execute(TestCaseExecutor.java:224)
	at com.kms.katalon.core.main.TestSuiteExecutor.accessTestCaseMainPhase(TestSuiteExecutor.java:129)
	at com.kms.katalon.core.main.TestSuiteExecutor.accessTestSuiteMainPhase(TestSuiteExecutor.java:112)
	at com.kms.katalon.core.main.TestSuiteExecutor.execute(TestSuiteExecutor.java:81)
	at com.kms.katalon.core.main.TestCaseMain.startTestSuite(TestCaseMain.java:149)
	at com.kms.katalon.core.main.TestCaseMain$startTestSuite$0.call(Unknown Source)
	at TempTestSuite1562794812628.run(TempTestSuite1562794812628.groovy:36)]]></system-out>
         <system-err><![CDATA[2019-07-10 18:04:05 - [TEST_CASE][FAILED] - Test Cases/CRITICAL PATH/Increase quantity - Cart flyout: Test Cases/CRITICAL PATH/Increase quantity - Cart flyout FAILED.
Reason:
com.kms.katalon.core.exception.StepFailedException: Unable to select option by value 'United States' of object 'Object Repository/APOLLO- Desktop/Customer Information page/Country dropdown'  using regular expression (Root cause: org.openqa.selenium.ElementClickInterceptedException: The command failed because the specified element is obscured.
Build info: version: '3.7.1', revision: '8a0099a', time: '2017-11-06T21:07:36.161Z'
System info: host: 'sumans-MacBook-Pro.local', ip: 'fe80:0:0:0:47c:ca88:4245:b7a7%en0', os.name: 'Mac OS X', os.arch: 'x86_64', os.version: '10.13.6', java.version: '1.8.0_181'
Driver info: com.kms.katalon.selenium.driver.CRemoteWebDriver
Capabilities {acceptInsecureCerts: false, browserName: MicrosoftEdge, browserVersion: 44.18362.1.0, javascriptEnabled: true, pageLoadStrategy: normal, platform: WINDOWS, platformName: WINDOWS, proxy: Proxy(), setWindowRect: false, timeouts: {implicit: 0, pageLoad: 300000, script: 30000}}
Session ID: e232714986655a33519b75f6597c5b0b918465e9)
	at com.kms.katalon.core.keyword.internal.KeywordMain.stepFailed(KeywordMain.groovy:36)
	at com.kms.katalon.core.webui.keyword.internal.WebUIKeywordMain.stepFailed(WebUIKeywordMain.groovy:65)
	at com.kms.katalon.core.webui.keyword.internal.WebUIKeywordMain.runKeyword(WebUIKeywordMain.groovy:27)
	at com.kms.katalon.core.webui.keyword.builtin.SelectOptionByValueKeyword.selectOptionByValue(SelectOptionByValueKeyword.groovy:99)
	at com.kms.katalon.core.webui.keyword.builtin.SelectOptionByValueKeyword.execute(SelectOptionByValueKeyword.groovy:71)
	at com.kms.katalon.core.keyword.internal.KeywordExecutor.executeKeywordForPlatform(KeywordExecutor.groovy:53)
	at com.kms.katalon.core.webui.keyword.WebUiBuiltInKeywords.selectOptionByValue(WebUiBuiltInKeywords.groovy:1138)
	at com.kms.katalon.core.webui.keyword.WebUiBuiltInKeywords$selectOptionByValue$11.call(Unknown Source)
	at CALL- CUSTOMER INFO PAGE.run(CALL- CUSTOMER INFO PAGE:39)
	at com.kms.katalon.core.main.ScriptEngine.run(ScriptEngine.java:194)
	at com.kms.katalon.core.main.ScriptEngine.runScriptAsRawText(ScriptEngine.java:119)
	at com.kms.katalon.core.main.TestCaseExecutor.runScript(TestCaseExecutor.java:328)
	at com.kms.katalon.core.main.TestCaseExecutor.doExecute(TestCaseExecutor.java:319)
	at com.kms.katalon.core.main.TestCaseExecutor.processExecutionPhase(TestCaseExecutor.java:298)
	at com.kms.katalon.core.main.TestCaseExecutor.accessMainPhase(TestCaseExecutor.java:290)
	at com.kms.katalon.core.main.TestCaseExecutor.execute(TestCaseExecutor.java:224)
	at com.kms.katalon.core.main.TestCaseMain.runTestCase(TestCaseMain.java:106)
	at com.kms.katalon.core.keyword.builtin.CallTestCaseKeyword$_callTestCase_closure1.doCall(CallTestCaseKeyword.groovy:59)
	at com.kms.katalon.core.keyword.builtin.CallTestCaseKeyword$_callTestCase_closure1.call(CallTestCaseKeyword.groovy)
	at com.kms.katalon.core.keyword.internal.KeywordMain.runKeyword(KeywordMain.groovy:54)
	at com.kms.katalon.core.keyword.builtin.CallTestCaseKeyword.callTestCase(CallTestCaseKeyword.groovy:80)
	at com.kms.katalon.core.keyword.builtin.CallTestCaseKeyword.execute(CallTestCaseKeyword.groovy:44)
	at com.kms.katalon.core.keyword.internal.KeywordExecutor.executeKeywordForPlatform(KeywordExecutor.groovy:53)
	at com.kms.katalon.core.keyword.BuiltinKeywords.callTestCase(BuiltinKeywords.groovy:334)
	at Increase quantity - Cart flyout.run(Increase quantity - Cart flyout:91)
	at com.kms.katalon.core.main.ScriptEngine.run(ScriptEngine.java:194)
	at com.kms.katalon.core.main.ScriptEngine.runScriptAsRawText(ScriptEngine.java:119)
	at com.kms.katalon.core.main.TestCaseExecutor.runScript(TestCaseExecutor.java:328)
	at com.kms.katalon.core.main.TestCaseExecutor.doExecute(TestCaseExecutor.java:319)
	at com.kms.katalon.core.main.TestCaseExecutor.processExecutionPhase(TestCaseExecutor.java:298)
	at com.kms.katalon.core.main.TestCaseExecutor.accessMainPhase(TestCaseExecutor.java:290)
	at com.kms.katalon.core.main.TestCaseExecutor.execute(TestCaseExecutor.java:224)
	at com.kms.katalon.core.main.TestSuiteExecutor.accessTestCaseMainPhase(TestSuiteExecutor.java:129)
	at com.kms.katalon.core.main.TestSuiteExecutor.accessTestSuiteMainPhase(TestSuiteExecutor.java:112)
	at com.kms.katalon.core.main.TestSuiteExecutor.execute(TestSuiteExecutor.java:81)
	at com.kms.katalon.core.main.TestCaseMain.startTestSuite(TestCaseMain.java:149)
	at com.kms.katalon.core.main.TestCaseMain$startTestSuite$0.call(Unknown Source)
	at TempTestSuite1562794812628.run(TempTestSuite1562794812628.groovy:36)]]></system-err>
      </testcase>
      <testcase name="Test Cases/CRITICAL PATH/Adding diff prods to cart" classname="Test Cases/CRITICAL PATH/Adding diff prods to cart" status="FAILED">
         <failure type="FAILED" message="Test Cases/CRITICAL PATH/Adding diff prods to cart FAILED.
Reason:
com.kms.katalon.core.exception.StepFailedException: Unable to select option by value 'Large' of object 'Object Repository/APOLLO- Desktop/Product page/Size dropdown'  using regular expression (Root cause: org.openqa.selenium.ElementClickInterceptedException: The command failed because the specified element is obscured.
Build info: version: '3.7.1', revision: '8a0099a', time: '2017-11-06T21:07:36.161Z'
System info: host: 'sumans-MacBook-Pro.local', ip: 'fe80:0:0:0:47c:ca88:4245:b7a7%en0', os.name: 'Mac OS X', os.arch: 'x86_64', os.version: '10.13.6', java.version: '1.8.0_181'
Driver info: com.kms.katalon.selenium.driver.CRemoteWebDriver
Capabilities {acceptInsecureCerts: false, browserName: MicrosoftEdge, browserVersion: 44.18362.1.0, javascriptEnabled: true, pageLoadStrategy: normal, platform: WINDOWS, platformName: WINDOWS, proxy: Proxy(), setWindowRect: false, timeouts: {implicit: 0, pageLoad: 300000, script: 30000}}
Session ID: fd498953a18220458fb6028e119fb7a8190c9ae3)
	at com.kms.katalon.core.keyword.internal.KeywordMain.stepFailed(KeywordMain.groovy:36)
	at com.kms.katalon.core.webui.keyword.internal.WebUIKeywordMain.stepFailed(WebUIKeywordMain.groovy:65)
	at com.kms.katalon.core.webui.keyword.internal.WebUIKeywordMain.runKeyword(WebUIKeywordMain.groovy:27)
	at com.kms.katalon.core.webui.keyword.builtin.SelectOptionByValueKeyword.selectOptionByValue(SelectOptionByValueKeyword.groovy:99)
	at com.kms.katalon.core.webui.keyword.builtin.SelectOptionByValueKeyword.execute(SelectOptionByValueKeyword.groovy:71)
	at com.kms.katalon.core.keyword.internal.KeywordExecutor.executeKeywordForPlatform(KeywordExecutor.groovy:53)
	at com.kms.katalon.core.webui.keyword.WebUiBuiltInKeywords.selectOptionByValue(WebUiBuiltInKeywords.groovy:1138)
	at com.kms.katalon.core.webui.keyword.WebUiBuiltInKeywords$selectOptionByValue$11.call(Unknown Source)
	at Adding diff prods to cart.run(Adding diff prods to cart:52)
	at com.kms.katalon.core.main.ScriptEngine.run(ScriptEngine.java:194)
	at com.kms.katalon.core.main.ScriptEngine.runScriptAsRawText(ScriptEngine.java:119)
	at com.kms.katalon.core.main.TestCaseExecutor.runScript(TestCaseExecutor.java:328)
	at com.kms.katalon.core.main.TestCaseExecutor.doExecute(TestCaseExecutor.java:319)
	at com.kms.katalon.core.main.TestCaseExecutor.processExecutionPhase(TestCaseExecutor.java:298)
	at com.kms.katalon.core.main.TestCaseExecutor.accessMainPhase(TestCaseExecutor.java:290)
	at com.kms.katalon.core.main.TestCaseExecutor.execute(TestCaseExecutor.java:224)
	at com.kms.katalon.core.main.TestSuiteExecutor.accessTestCaseMainPhase(TestSuiteExecutor.java:129)
	at com.kms.katalon.core.main.TestSuiteExecutor.accessTestSuiteMainPhase(TestSuiteExecutor.java:112)
	at com.kms.katalon.core.main.TestSuiteExecutor.execute(TestSuiteExecutor.java:81)
	at com.kms.katalon.core.main.TestCaseMain.startTestSuite(TestCaseMain.java:149)
	at com.kms.katalon.core.main.TestCaseMain$startTestSuite$0.call(Unknown Source)
	at TempTestSuite1562794812628.run(TempTestSuite1562794812628.groovy:36)
"/>
         <system-out><![CDATA[2019-07-10 18:06:25 - [TEST_CASE][FAILED] - Test Cases/CRITICAL PATH/Adding diff prods to cart: Test Cases/CRITICAL PATH/Adding diff prods to cart FAILED.
Reason:
com.kms.katalon.core.exception.StepFailedException: Unable to select option by value 'Large' of object 'Object Repository/APOLLO- Desktop/Product page/Size dropdown'  using regular expression (Root cause: org.openqa.selenium.ElementClickInterceptedException: The command failed because the specified element is obscured.
Build info: version: '3.7.1', revision: '8a0099a', time: '2017-11-06T21:07:36.161Z'
System info: host: 'sumans-MacBook-Pro.local', ip: 'fe80:0:0:0:47c:ca88:4245:b7a7%en0', os.name: 'Mac OS X', os.arch: 'x86_64', os.version: '10.13.6', java.version: '1.8.0_181'
Driver info: com.kms.katalon.selenium.driver.CRemoteWebDriver
Capabilities {acceptInsecureCerts: false, browserName: MicrosoftEdge, browserVersion: 44.18362.1.0, javascriptEnabled: true, pageLoadStrategy: normal, platform: WINDOWS, platformName: WINDOWS, proxy: Proxy(), setWindowRect: false, timeouts: {implicit: 0, pageLoad: 300000, script: 30000}}
Session ID: fd498953a18220458fb6028e119fb7a8190c9ae3)
	at com.kms.katalon.core.keyword.internal.KeywordMain.stepFailed(KeywordMain.groovy:36)
	at com.kms.katalon.core.webui.keyword.internal.WebUIKeywordMain.stepFailed(WebUIKeywordMain.groovy:65)
	at com.kms.katalon.core.webui.keyword.internal.WebUIKeywordMain.runKeyword(WebUIKeywordMain.groovy:27)
	at com.kms.katalon.core.webui.keyword.builtin.SelectOptionByValueKeyword.selectOptionByValue(SelectOptionByValueKeyword.groovy:99)
	at com.kms.katalon.core.webui.keyword.builtin.SelectOptionByValueKeyword.execute(SelectOptionByValueKeyword.groovy:71)
	at com.kms.katalon.core.keyword.internal.KeywordExecutor.executeKeywordForPlatform(KeywordExecutor.groovy:53)
	at com.kms.katalon.core.webui.keyword.WebUiBuiltInKeywords.selectOptionByValue(WebUiBuiltInKeywords.groovy:1138)
	at com.kms.katalon.core.webui.keyword.WebUiBuiltInKeywords$selectOptionByValue$11.call(Unknown Source)
	at Adding diff prods to cart.run(Adding diff prods to cart:52)
	at com.kms.katalon.core.main.ScriptEngine.run(ScriptEngine.java:194)
	at com.kms.katalon.core.main.ScriptEngine.runScriptAsRawText(ScriptEngine.java:119)
	at com.kms.katalon.core.main.TestCaseExecutor.runScript(TestCaseExecutor.java:328)
	at com.kms.katalon.core.main.TestCaseExecutor.doExecute(TestCaseExecutor.java:319)
	at com.kms.katalon.core.main.TestCaseExecutor.processExecutionPhase(TestCaseExecutor.java:298)
	at com.kms.katalon.core.main.TestCaseExecutor.accessMainPhase(TestCaseExecutor.java:290)
	at com.kms.katalon.core.main.TestCaseExecutor.execute(TestCaseExecutor.java:224)
	at com.kms.katalon.core.main.TestSuiteExecutor.accessTestCaseMainPhase(TestSuiteExecutor.java:129)
	at com.kms.katalon.core.main.TestSuiteExecutor.accessTestSuiteMainPhase(TestSuiteExecutor.java:112)
	at com.kms.katalon.core.main.TestSuiteExecutor.execute(TestSuiteExecutor.java:81)
	at com.kms.katalon.core.main.TestCaseMain.startTestSuite(TestCaseMain.java:149)
	at com.kms.katalon.core.main.TestCaseMain$startTestSuite$0.call(Unknown Source)
	at TempTestSuite1562794812628.run(TempTestSuite1562794812628.groovy:36)


2019-07-10 18:06:25 - [TEST_STEP][PASSED] - callTestCase(findTestCase("CALL - URL"), [:], STOP_ON_FAILURE): Call Test Case 'Test Cases/CALL - URL' successfully

2019-07-10 18:06:25 - [TEST_CASE][PASSED] - Test Cases/CALL - URL: Test Cases/CALL - URL

2019-07-10 18:06:25 - [TEST_STEP][PASSED] - openBrowser(""): Browser is opened with url: ''

2019-07-10 18:06:25 - [MESSAGE][WARNING] - A browser is already opened. Closing browser and opening a new one

2019-07-10 18:06:26 - [MESSAGE][INFO] - Starting 'Remote' driver

2019-07-10 18:06:26 - [MESSAGE][INFO] - User set preference: ['os', 'Windows']

2019-07-10 18:06:26 - [MESSAGE][INFO] - User set preference: ['os_version', '10']

2019-07-10 18:06:26 - [MESSAGE][INFO] - User set preference: ['browser', 'Edge']

2019-07-10 18:06:26 - [MESSAGE][INFO] - User set preference: ['browser_version', '18.0']

2019-07-10 18:06:26 - [MESSAGE][INFO] - User set preference: ['resolution', '']

2019-07-10 18:06:26 - [MESSAGE][INFO] - Connecting to remote web server 'https://dianatest3:Z3oqw9ysqTeRQJq5wFCp@hub-cloud.browserstack.com/wd/hub' with type 'Selenium'

2019-07-10 18:06:42 - [MESSAGE][PASSED] - Browser is opened with url: ''

2019-07-10 18:06:42 - [TEST_STEP][PASSED] - navigateToUrl("https://diff-apollo.myshopify.com/?_ab=0&_fd=0&_sc=1&preview_theme_id=68640637028"): Navigate to 'https://diff-apollo.myshopify.com/?_ab=0&_fd=0&_sc=1&preview_theme_id=68640637028' successfully

2019-07-10 18:06:53 - [MESSAGE][PASSED] - Navigate to 'https://diff-apollo.myshopify.com/?_ab=0&_fd=0&_sc=1&preview_theme_id=68640637028' successfully

2019-07-10 18:06:53 - [TEST_STEP][NOT_RUN] - executeJavaScript("var previewBar = document.getElementById("preview-bar-iframe"); previewBar.style.display = "none";", []): NOT_RUN: executeJavaScript("var previewBar = document.getElementById("preview-bar-iframe"); previewBar.style.display = "none";", [])

2019-07-10 18:06:53 - [MESSAGE][NOT_RUN] - NOT_RUN: executeJavaScript("var previewBar = document.getElementById("preview-bar-iframe"); previewBar.style.display = "none";", [])

2019-07-10 18:06:53 - [TEST_STEP][PASSED] - maximizeWindow(): Current window maximized

2019-07-10 18:06:55 - [MESSAGE][PASSED] - Current window maximized

2019-07-10 18:06:55 - [MESSAGE][PASSED] - Call Test Case 'Test Cases/CALL - URL' successfully

2019-07-10 18:06:55 - [TEST_STEP][PASSED] - click(findTestObject("APOLLO- Desktop/Burger Menu/Burgermenu")): Object: 'Object Repository/APOLLO- Desktop/Burger Menu/Burgermenu' is clicked on

2019-07-10 18:06:59 - [MESSAGE][PASSED] - Object: 'Object Repository/APOLLO- Desktop/Burger Menu/Burgermenu' is clicked on

2019-07-10 18:06:59 - [TEST_STEP][PASSED] - delay(2): Delayed 2 second(s)

2019-07-10 18:07:01 - [MESSAGE][PASSED] - Delayed 2 second(s)

2019-07-10 18:07:01 - [TEST_STEP][PASSED] - click(findTestObject("APOLLO- Desktop/Burger Menu/Mens chevron")): Object: 'Object Repository/APOLLO- Desktop/Burger Menu/Mens chevron' is clicked on

2019-07-10 18:07:01 - [MESSAGE][PASSED] - Object: 'Object Repository/APOLLO- Desktop/Burger Menu/Mens chevron' is clicked on

2019-07-10 18:07:01 - [TEST_STEP][PASSED] - delay(2): Delayed 2 second(s)

2019-07-10 18:07:03 - [MESSAGE][PASSED] - Delayed 2 second(s)

2019-07-10 18:07:03 - [TEST_STEP][PASSED] - click(findTestObject("APOLLO- Desktop/Burger Menu/Mens - Top Chevron")): Object: 'Object Repository/APOLLO- Desktop/Burger Menu/Mens - Top Chevron' is clicked on

2019-07-10 18:07:04 - [MESSAGE][PASSED] - Object: 'Object Repository/APOLLO- Desktop/Burger Menu/Mens - Top Chevron' is clicked on

2019-07-10 18:07:04 - [TEST_STEP][PASSED] - delay(2): Delayed 2 second(s)

2019-07-10 18:07:06 - [MESSAGE][PASSED] - Delayed 2 second(s)

2019-07-10 18:07:06 - [TEST_STEP][PASSED] - click(findTestObject("APOLLO- Desktop/Burger Menu/Shirts link")): Object: 'Object Repository/APOLLO- Desktop/Burger Menu/Shirts link' is clicked on

2019-07-10 18:07:06 - [MESSAGE][PASSED] - Object: 'Object Repository/APOLLO- Desktop/Burger Menu/Shirts link' is clicked on

2019-07-10 18:07:06 - [TEST_STEP][NOT_RUN] - executeJavaScript("var previewBar = document.getElementById("preview-bar-iframe"); previewBar.style.display = "none";", []): NOT_RUN: executeJavaScript("var previewBar = document.getElementById("preview-bar-iframe"); previewBar.style.display = "none";", [])

2019-07-10 18:07:06 - [MESSAGE][NOT_RUN] - NOT_RUN: executeJavaScript("var previewBar = document.getElementById("preview-bar-iframe"); previewBar.style.display = "none";", [])

2019-07-10 18:07:06 - [TEST_STEP][PASSED] - delay(2): Delayed 2 second(s)

2019-07-10 18:07:08 - [MESSAGE][PASSED] - Delayed 2 second(s)

2019-07-10 18:07:08 - [TEST_STEP][PASSED] - click(findTestObject("APOLLO- Desktop/Collection page/Blue shirt product")): Object: 'Object Repository/APOLLO- Desktop/Collection page/Blue shirt product' is clicked on

2019-07-10 18:07:10 - [MESSAGE][PASSED] - Object: 'Object Repository/APOLLO- Desktop/Collection page/Blue shirt product' is clicked on

2019-07-10 18:07:10 - [TEST_STEP][NOT_RUN] - executeJavaScript("var previewBar = document.getElementById("preview-bar-iframe"); previewBar.style.display = "none";", []): NOT_RUN: executeJavaScript("var previewBar = document.getElementById("preview-bar-iframe"); previewBar.style.display = "none";", [])

2019-07-10 18:07:10 - [MESSAGE][NOT_RUN] - NOT_RUN: executeJavaScript("var previewBar = document.getElementById("preview-bar-iframe"); previewBar.style.display = "none";", [])

2019-07-10 18:07:10 - [TEST_STEP][PASSED] - delay(2): Delayed 2 second(s)

2019-07-10 18:07:12 - [MESSAGE][PASSED] - Delayed 2 second(s)

2019-07-10 18:07:12 - [TEST_STEP][PASSED] - selectOptionByValue(findTestObject("APOLLO- Desktop/Product page/Size dropdown"), "Medium", true): All options with value 'Medium' are selected in object 'Object Repository/APOLLO- Desktop/Product page/Size dropdown'  using regular expression

2019-07-10 18:07:17 - [MESSAGE][PASSED] - All options with value 'Medium' are selected in object 'Object Repository/APOLLO- Desktop/Product page/Size dropdown'  using regular expression

2019-07-10 18:07:17 - [TEST_STEP][PASSED] - delay(2): Delayed 2 second(s)

2019-07-10 18:07:19 - [MESSAGE][PASSED] - Delayed 2 second(s)

2019-07-10 18:07:19 - [TEST_STEP][PASSED] - click(findTestObject("APOLLO- Desktop/Product page/Add to bag")): Object: 'Object Repository/APOLLO- Desktop/Product page/Add to bag' is clicked on

2019-07-10 18:07:20 - [MESSAGE][PASSED] - Object: 'Object Repository/APOLLO- Desktop/Product page/Add to bag' is clicked on

2019-07-10 18:07:20 - [TEST_STEP][PASSED] - delay(2): Delayed 2 second(s)

2019-07-10 18:07:22 - [MESSAGE][PASSED] - Delayed 2 second(s)

2019-07-10 18:07:22 - [TEST_STEP][FAILED] - selectOptionByValue(findTestObject("APOLLO- Desktop/Product page/Size dropdown"), "Large", true): selectOptionByValue(findTestObject("APOLLO- Desktop/Product page/Size dropdown"), "Large", true) FAILED.
Reason:
com.kms.katalon.core.exception.StepFailedException: Unable to select option by value 'Large' of object 'Object Repository/APOLLO- Desktop/Product page/Size dropdown'  using regular expression (Root cause: org.openqa.selenium.ElementClickInterceptedException: The command failed because the specified element is obscured.
Build info: version: '3.7.1', revision: '8a0099a', time: '2017-11-06T21:07:36.161Z'
System info: host: 'sumans-MacBook-Pro.local', ip: 'fe80:0:0:0:47c:ca88:4245:b7a7%en0', os.name: 'Mac OS X', os.arch: 'x86_64', os.version: '10.13.6', java.version: '1.8.0_181'
Driver info: com.kms.katalon.selenium.driver.CRemoteWebDriver
Capabilities {acceptInsecureCerts: false, browserName: MicrosoftEdge, browserVersion: 44.18362.1.0, javascriptEnabled: true, pageLoadStrategy: normal, platform: WINDOWS, platformName: WINDOWS, proxy: Proxy(), setWindowRect: false, timeouts: {implicit: 0, pageLoad: 300000, script: 30000}}
Session ID: fd498953a18220458fb6028e119fb7a8190c9ae3)
	at com.kms.katalon.core.keyword.internal.KeywordMain.stepFailed(KeywordMain.groovy:36)
	at com.kms.katalon.core.webui.keyword.internal.WebUIKeywordMain.stepFailed(WebUIKeywordMain.groovy:65)
	at com.kms.katalon.core.webui.keyword.internal.WebUIKeywordMain.runKeyword(WebUIKeywordMain.groovy:27)
	at com.kms.katalon.core.webui.keyword.builtin.SelectOptionByValueKeyword.selectOptionByValue(SelectOptionByValueKeyword.groovy:99)
	at com.kms.katalon.core.webui.keyword.builtin.SelectOptionByValueKeyword.execute(SelectOptionByValueKeyword.groovy:71)
	at com.kms.katalon.core.keyword.internal.KeywordExecutor.executeKeywordForPlatform(KeywordExecutor.groovy:53)
	at com.kms.katalon.core.webui.keyword.WebUiBuiltInKeywords.selectOptionByValue(WebUiBuiltInKeywords.groovy:1138)
	at com.kms.katalon.core.webui.keyword.WebUiBuiltInKeywords$selectOptionByValue$11.call(Unknown Source)
	at Adding diff prods to cart.run(Adding diff prods to cart:52)
	at com.kms.katalon.core.main.ScriptEngine.run(ScriptEngine.java:194)
	at com.kms.katalon.core.main.ScriptEngine.runScriptAsRawText(ScriptEngine.java:119)
	at com.kms.katalon.core.main.TestCaseExecutor.runScript(TestCaseExecutor.java:328)
	at com.kms.katalon.core.main.TestCaseExecutor.doExecute(TestCaseExecutor.java:319)
	at com.kms.katalon.core.main.TestCaseExecutor.processExecutionPhase(TestCaseExecutor.java:298)
	at com.kms.katalon.core.main.TestCaseExecutor.accessMainPhase(TestCaseExecutor.java:290)
	at com.kms.katalon.core.main.TestCaseExecutor.execute(TestCaseExecutor.java:224)
	at com.kms.katalon.core.main.TestSuiteExecutor.accessTestCaseMainPhase(TestSuiteExecutor.java:129)
	at com.kms.katalon.core.main.TestSuiteExecutor.accessTestSuiteMainPhase(TestSuiteExecutor.java:112)
	at com.kms.katalon.core.main.TestSuiteExecutor.execute(TestSuiteExecutor.java:81)
	at com.kms.katalon.core.main.TestCaseMain.startTestSuite(TestCaseMain.java:149)
	at com.kms.katalon.core.main.TestCaseMain$startTestSuite$0.call(Unknown Source)
	at TempTestSuite1562794812628.run(TempTestSuite1562794812628.groovy:36)


2019-07-10 18:07:26 - [MESSAGE][FAILED] - Unable to select option by value 'Large' of object 'Object Repository/APOLLO- Desktop/Product page/Size dropdown'  using regular expression (Root cause: org.openqa.selenium.ElementClickInterceptedException: The command failed because the specified element is obscured.
Build info: version: '3.7.1', revision: '8a0099a', time: '2017-11-06T21:07:36.161Z'
System info: host: 'sumans-MacBook-Pro.local', ip: 'fe80:0:0:0:47c:ca88:4245:b7a7%en0', os.name: 'Mac OS X', os.arch: 'x86_64', os.version: '10.13.6', java.version: '1.8.0_181'
Driver info: com.kms.katalon.selenium.driver.CRemoteWebDriver
Capabilities {acceptInsecureCerts: false, browserName: MicrosoftEdge, browserVersion: 44.18362.1.0, javascriptEnabled: true, pageLoadStrategy: normal, platform: WINDOWS, platformName: WINDOWS, proxy: Proxy(), setWindowRect: false, timeouts: {implicit: 0, pageLoad: 300000, script: 30000}}
Session ID: fd498953a18220458fb6028e119fb7a8190c9ae3)
[[ATTACHMENT|/Users/sumankompelly/git/Apollo-Dark-Desktop/Reports/Apollo - dark build/20190710_174012/1562796444950.png]]

2019-07-10 18:07:26 - [MESSAGE][FAILED] - selectOptionByValue(findTestObject("APOLLO- Desktop/Product page/Size dropdown"), "Large", true) FAILED.
Reason:
com.kms.katalon.core.exception.StepFailedException: Unable to select option by value 'Large' of object 'Object Repository/APOLLO- Desktop/Product page/Size dropdown'  using regular expression (Root cause: org.openqa.selenium.ElementClickInterceptedException: The command failed because the specified element is obscured.
Build info: version: '3.7.1', revision: '8a0099a', time: '2017-11-06T21:07:36.161Z'
System info: host: 'sumans-MacBook-Pro.local', ip: 'fe80:0:0:0:47c:ca88:4245:b7a7%en0', os.name: 'Mac OS X', os.arch: 'x86_64', os.version: '10.13.6', java.version: '1.8.0_181'
Driver info: com.kms.katalon.selenium.driver.CRemoteWebDriver
Capabilities {acceptInsecureCerts: false, browserName: MicrosoftEdge, browserVersion: 44.18362.1.0, javascriptEnabled: true, pageLoadStrategy: normal, platform: WINDOWS, platformName: WINDOWS, proxy: Proxy(), setWindowRect: false, timeouts: {implicit: 0, pageLoad: 300000, script: 30000}}
Session ID: fd498953a18220458fb6028e119fb7a8190c9ae3)
	at com.kms.katalon.core.keyword.internal.KeywordMain.stepFailed(KeywordMain.groovy:36)
	at com.kms.katalon.core.webui.keyword.internal.WebUIKeywordMain.stepFailed(WebUIKeywordMain.groovy:65)
	at com.kms.katalon.core.webui.keyword.internal.WebUIKeywordMain.runKeyword(WebUIKeywordMain.groovy:27)
	at com.kms.katalon.core.webui.keyword.builtin.SelectOptionByValueKeyword.selectOptionByValue(SelectOptionByValueKeyword.groovy:99)
	at com.kms.katalon.core.webui.keyword.builtin.SelectOptionByValueKeyword.execute(SelectOptionByValueKeyword.groovy:71)
	at com.kms.katalon.core.keyword.internal.KeywordExecutor.executeKeywordForPlatform(KeywordExecutor.groovy:53)
	at com.kms.katalon.core.webui.keyword.WebUiBuiltInKeywords.selectOptionByValue(WebUiBuiltInKeywords.groovy:1138)
	at com.kms.katalon.core.webui.keyword.WebUiBuiltInKeywords$selectOptionByValue$11.call(Unknown Source)
	at Adding diff prods to cart.run(Adding diff prods to cart:52)
	at com.kms.katalon.core.main.ScriptEngine.run(ScriptEngine.java:194)
	at com.kms.katalon.core.main.ScriptEngine.runScriptAsRawText(ScriptEngine.java:119)
	at com.kms.katalon.core.main.TestCaseExecutor.runScript(TestCaseExecutor.java:328)
	at com.kms.katalon.core.main.TestCaseExecutor.doExecute(TestCaseExecutor.java:319)
	at com.kms.katalon.core.main.TestCaseExecutor.processExecutionPhase(TestCaseExecutor.java:298)
	at com.kms.katalon.core.main.TestCaseExecutor.accessMainPhase(TestCaseExecutor.java:290)
	at com.kms.katalon.core.main.TestCaseExecutor.execute(TestCaseExecutor.java:224)
	at com.kms.katalon.core.main.TestSuiteExecutor.accessTestCaseMainPhase(TestSuiteExecutor.java:129)
	at com.kms.katalon.core.main.TestSuiteExecutor.accessTestSuiteMainPhase(TestSuiteExecutor.java:112)
	at com.kms.katalon.core.main.TestSuiteExecutor.execute(TestSuiteExecutor.java:81)
	at com.kms.katalon.core.main.TestCaseMain.startTestSuite(TestCaseMain.java:149)
	at com.kms.katalon.core.main.TestCaseMain$startTestSuite$0.call(Unknown Source)
	at TempTestSuite1562794812628.run(TempTestSuite1562794812628.groovy:36)]]></system-out>
         <system-err><![CDATA[2019-07-10 18:06:25 - [TEST_CASE][FAILED] - Test Cases/CRITICAL PATH/Adding diff prods to cart: Test Cases/CRITICAL PATH/Adding diff prods to cart FAILED.
Reason:
com.kms.katalon.core.exception.StepFailedException: Unable to select option by value 'Large' of object 'Object Repository/APOLLO- Desktop/Product page/Size dropdown'  using regular expression (Root cause: org.openqa.selenium.ElementClickInterceptedException: The command failed because the specified element is obscured.
Build info: version: '3.7.1', revision: '8a0099a', time: '2017-11-06T21:07:36.161Z'
System info: host: 'sumans-MacBook-Pro.local', ip: 'fe80:0:0:0:47c:ca88:4245:b7a7%en0', os.name: 'Mac OS X', os.arch: 'x86_64', os.version: '10.13.6', java.version: '1.8.0_181'
Driver info: com.kms.katalon.selenium.driver.CRemoteWebDriver
Capabilities {acceptInsecureCerts: false, browserName: MicrosoftEdge, browserVersion: 44.18362.1.0, javascriptEnabled: true, pageLoadStrategy: normal, platform: WINDOWS, platformName: WINDOWS, proxy: Proxy(), setWindowRect: false, timeouts: {implicit: 0, pageLoad: 300000, script: 30000}}
Session ID: fd498953a18220458fb6028e119fb7a8190c9ae3)
	at com.kms.katalon.core.keyword.internal.KeywordMain.stepFailed(KeywordMain.groovy:36)
	at com.kms.katalon.core.webui.keyword.internal.WebUIKeywordMain.stepFailed(WebUIKeywordMain.groovy:65)
	at com.kms.katalon.core.webui.keyword.internal.WebUIKeywordMain.runKeyword(WebUIKeywordMain.groovy:27)
	at com.kms.katalon.core.webui.keyword.builtin.SelectOptionByValueKeyword.selectOptionByValue(SelectOptionByValueKeyword.groovy:99)
	at com.kms.katalon.core.webui.keyword.builtin.SelectOptionByValueKeyword.execute(SelectOptionByValueKeyword.groovy:71)
	at com.kms.katalon.core.keyword.internal.KeywordExecutor.executeKeywordForPlatform(KeywordExecutor.groovy:53)
	at com.kms.katalon.core.webui.keyword.WebUiBuiltInKeywords.selectOptionByValue(WebUiBuiltInKeywords.groovy:1138)
	at com.kms.katalon.core.webui.keyword.WebUiBuiltInKeywords$selectOptionByValue$11.call(Unknown Source)
	at Adding diff prods to cart.run(Adding diff prods to cart:52)
	at com.kms.katalon.core.main.ScriptEngine.run(ScriptEngine.java:194)
	at com.kms.katalon.core.main.ScriptEngine.runScriptAsRawText(ScriptEngine.java:119)
	at com.kms.katalon.core.main.TestCaseExecutor.runScript(TestCaseExecutor.java:328)
	at com.kms.katalon.core.main.TestCaseExecutor.doExecute(TestCaseExecutor.java:319)
	at com.kms.katalon.core.main.TestCaseExecutor.processExecutionPhase(TestCaseExecutor.java:298)
	at com.kms.katalon.core.main.TestCaseExecutor.accessMainPhase(TestCaseExecutor.java:290)
	at com.kms.katalon.core.main.TestCaseExecutor.execute(TestCaseExecutor.java:224)
	at com.kms.katalon.core.main.TestSuiteExecutor.accessTestCaseMainPhase(TestSuiteExecutor.java:129)
	at com.kms.katalon.core.main.TestSuiteExecutor.accessTestSuiteMainPhase(TestSuiteExecutor.java:112)
	at com.kms.katalon.core.main.TestSuiteExecutor.execute(TestSuiteExecutor.java:81)
	at com.kms.katalon.core.main.TestCaseMain.startTestSuite(TestCaseMain.java:149)
	at com.kms.katalon.core.main.TestCaseMain$startTestSuite$0.call(Unknown Source)
	at TempTestSuite1562794812628.run(TempTestSuite1562794812628.groovy:36)]]></system-err>
      </testcase>
      <testcase name="Test Cases/CRITICAL PATH/Price comparison - cart page" classname="Test Cases/CRITICAL PATH/Price comparison - cart page" status="FAILED">
         <failure type="FAILED" message="Test Cases/CRITICAL PATH/Price comparison - cart page FAILED.
Reason:
com.kms.katalon.core.exception.StepFailedException: Unable to click on object 'Object Repository/APOLLO- Desktop/Cart flyout/Checkout' (Root cause: org.openqa.selenium.ElementClickInterceptedException: The command failed because the specified element is obscured.
Build info: version: '3.7.1', revision: '8a0099a', time: '2017-11-06T21:07:36.161Z'
System info: host: 'sumans-MacBook-Pro.local', ip: 'fe80:0:0:0:47c:ca88:4245:b7a7%en0', os.name: 'Mac OS X', os.arch: 'x86_64', os.version: '10.13.6', java.version: '1.8.0_181'
Driver info: com.kms.katalon.selenium.driver.CRemoteWebDriver
Capabilities {acceptInsecureCerts: false, browserName: MicrosoftEdge, browserVersion: 44.18362.1.0, javascriptEnabled: true, pageLoadStrategy: normal, platform: WINDOWS, platformName: WINDOWS, proxy: Proxy(), setWindowRect: false, timeouts: {implicit: 0, pageLoad: 300000, script: 30000}}
Session ID: f50aef231d0b45af0aae911d94ec26a511cb7678)
	at com.kms.katalon.core.keyword.internal.KeywordMain.stepFailed(KeywordMain.groovy:36)
	at com.kms.katalon.core.webui.keyword.internal.WebUIKeywordMain.stepFailed(WebUIKeywordMain.groovy:65)
	at com.kms.katalon.core.webui.keyword.internal.WebUIKeywordMain.runKeyword(WebUIKeywordMain.groovy:27)
	at com.kms.katalon.core.webui.keyword.builtin.ClickKeyword.click(ClickKeyword.groovy:86)
	at com.kms.katalon.core.webui.keyword.builtin.ClickKeyword.execute(ClickKeyword.groovy:67)
	at com.kms.katalon.core.keyword.internal.KeywordExecutor.executeKeywordForPlatform(KeywordExecutor.groovy:53)
	at com.kms.katalon.core.webui.keyword.WebUiBuiltInKeywords.click(WebUiBuiltInKeywords.groovy:616)
	at com.kms.katalon.core.webui.keyword.WebUiBuiltInKeywords$click$2.call(Unknown Source)
	at Price comparison - cart page.run(Price comparison - cart page:147)
	at com.kms.katalon.core.main.ScriptEngine.run(ScriptEngine.java:194)
	at com.kms.katalon.core.main.ScriptEngine.runScriptAsRawText(ScriptEngine.java:119)
	at com.kms.katalon.core.main.TestCaseExecutor.runScript(TestCaseExecutor.java:328)
	at com.kms.katalon.core.main.TestCaseExecutor.doExecute(TestCaseExecutor.java:319)
	at com.kms.katalon.core.main.TestCaseExecutor.processExecutionPhase(TestCaseExecutor.java:298)
	at com.kms.katalon.core.main.TestCaseExecutor.accessMainPhase(TestCaseExecutor.java:290)
	at com.kms.katalon.core.main.TestCaseExecutor.execute(TestCaseExecutor.java:224)
	at com.kms.katalon.core.main.TestSuiteExecutor.accessTestCaseMainPhase(TestSuiteExecutor.java:129)
	at com.kms.katalon.core.main.TestSuiteExecutor.accessTestSuiteMainPhase(TestSuiteExecutor.java:112)
	at com.kms.katalon.core.main.TestSuiteExecutor.execute(TestSuiteExecutor.java:81)
	at com.kms.katalon.core.main.TestCaseMain.startTestSuite(TestCaseMain.java:149)
	at com.kms.katalon.core.main.TestCaseMain$startTestSuite$0.call(Unknown Source)
	at TempTestSuite1562794812628.run(TempTestSuite1562794812628.groovy:36)
"/>
         <system-out><![CDATA[2019-07-10 18:07:26 - [TEST_CASE][FAILED] - Test Cases/CRITICAL PATH/Price comparison - cart page: Test Cases/CRITICAL PATH/Price comparison - cart page FAILED.
Reason:
com.kms.katalon.core.exception.StepFailedException: Unable to click on object 'Object Repository/APOLLO- Desktop/Cart flyout/Checkout' (Root cause: org.openqa.selenium.ElementClickInterceptedException: The command failed because the specified element is obscured.
Build info: version: '3.7.1', revision: '8a0099a', time: '2017-11-06T21:07:36.161Z'
System info: host: 'sumans-MacBook-Pro.local', ip: 'fe80:0:0:0:47c:ca88:4245:b7a7%en0', os.name: 'Mac OS X', os.arch: 'x86_64', os.version: '10.13.6', java.version: '1.8.0_181'
Driver info: com.kms.katalon.selenium.driver.CRemoteWebDriver
Capabilities {acceptInsecureCerts: false, browserName: MicrosoftEdge, browserVersion: 44.18362.1.0, javascriptEnabled: true, pageLoadStrategy: normal, platform: WINDOWS, platformName: WINDOWS, proxy: Proxy(), setWindowRect: false, timeouts: {implicit: 0, pageLoad: 300000, script: 30000}}
Session ID: f50aef231d0b45af0aae911d94ec26a511cb7678)
	at com.kms.katalon.core.keyword.internal.KeywordMain.stepFailed(KeywordMain.groovy:36)
	at com.kms.katalon.core.webui.keyword.internal.WebUIKeywordMain.stepFailed(WebUIKeywordMain.groovy:65)
	at com.kms.katalon.core.webui.keyword.internal.WebUIKeywordMain.runKeyword(WebUIKeywordMain.groovy:27)
	at com.kms.katalon.core.webui.keyword.builtin.ClickKeyword.click(ClickKeyword.groovy:86)
	at com.kms.katalon.core.webui.keyword.builtin.ClickKeyword.execute(ClickKeyword.groovy:67)
	at com.kms.katalon.core.keyword.internal.KeywordExecutor.executeKeywordForPlatform(KeywordExecutor.groovy:53)
	at com.kms.katalon.core.webui.keyword.WebUiBuiltInKeywords.click(WebUiBuiltInKeywords.groovy:616)
	at com.kms.katalon.core.webui.keyword.WebUiBuiltInKeywords$click$2.call(Unknown Source)
	at Price comparison - cart page.run(Price comparison - cart page:147)
	at com.kms.katalon.core.main.ScriptEngine.run(ScriptEngine.java:194)
	at com.kms.katalon.core.main.ScriptEngine.runScriptAsRawText(ScriptEngine.java:119)
	at com.kms.katalon.core.main.TestCaseExecutor.runScript(TestCaseExecutor.java:328)
	at com.kms.katalon.core.main.TestCaseExecutor.doExecute(TestCaseExecutor.java:319)
	at com.kms.katalon.core.main.TestCaseExecutor.processExecutionPhase(TestCaseExecutor.java:298)
	at com.kms.katalon.core.main.TestCaseExecutor.accessMainPhase(TestCaseExecutor.java:290)
	at com.kms.katalon.core.main.TestCaseExecutor.execute(TestCaseExecutor.java:224)
	at com.kms.katalon.core.main.TestSuiteExecutor.accessTestCaseMainPhase(TestSuiteExecutor.java:129)
	at com.kms.katalon.core.main.TestSuiteExecutor.accessTestSuiteMainPhase(TestSuiteExecutor.java:112)
	at com.kms.katalon.core.main.TestSuiteExecutor.execute(TestSuiteExecutor.java:81)
	at com.kms.katalon.core.main.TestCaseMain.startTestSuite(TestCaseMain.java:149)
	at com.kms.katalon.core.main.TestCaseMain$startTestSuite$0.call(Unknown Source)
	at TempTestSuite1562794812628.run(TempTestSuite1562794812628.groovy:36)


2019-07-10 18:07:26 - [TEST_STEP][PASSED] - callTestCase(findTestCase("CALL - URL"), [:], STOP_ON_FAILURE): Call Test Case 'Test Cases/CALL - URL' successfully

2019-07-10 18:07:26 - [TEST_CASE][PASSED] - Test Cases/CALL - URL: Test Cases/CALL - URL

2019-07-10 18:07:26 - [TEST_STEP][PASSED] - openBrowser(""): Browser is opened with url: ''

2019-07-10 18:07:26 - [MESSAGE][WARNING] - A browser is already opened. Closing browser and opening a new one

2019-07-10 18:07:27 - [MESSAGE][INFO] - Starting 'Remote' driver

2019-07-10 18:07:27 - [MESSAGE][INFO] - User set preference: ['os', 'Windows']

2019-07-10 18:07:27 - [MESSAGE][INFO] - User set preference: ['os_version', '10']

2019-07-10 18:07:27 - [MESSAGE][INFO] - User set preference: ['browser', 'Edge']

2019-07-10 18:07:27 - [MESSAGE][INFO] - User set preference: ['browser_version', '18.0']

2019-07-10 18:07:27 - [MESSAGE][INFO] - User set preference: ['resolution', '']

2019-07-10 18:07:27 - [MESSAGE][INFO] - Connecting to remote web server 'https://dianatest3:Z3oqw9ysqTeRQJq5wFCp@hub-cloud.browserstack.com/wd/hub' with type 'Selenium'

2019-07-10 18:07:40 - [MESSAGE][PASSED] - Browser is opened with url: ''

2019-07-10 18:07:40 - [TEST_STEP][PASSED] - navigateToUrl("https://diff-apollo.myshopify.com/?_ab=0&_fd=0&_sc=1&preview_theme_id=68640637028"): Navigate to 'https://diff-apollo.myshopify.com/?_ab=0&_fd=0&_sc=1&preview_theme_id=68640637028' successfully

2019-07-10 18:07:50 - [MESSAGE][PASSED] - Navigate to 'https://diff-apollo.myshopify.com/?_ab=0&_fd=0&_sc=1&preview_theme_id=68640637028' successfully

2019-07-10 18:07:50 - [TEST_STEP][NOT_RUN] - executeJavaScript("var previewBar = document.getElementById("preview-bar-iframe"); previewBar.style.display = "none";", []): NOT_RUN: executeJavaScript("var previewBar = document.getElementById("preview-bar-iframe"); previewBar.style.display = "none";", [])

2019-07-10 18:07:50 - [MESSAGE][NOT_RUN] - NOT_RUN: executeJavaScript("var previewBar = document.getElementById("preview-bar-iframe"); previewBar.style.display = "none";", [])

2019-07-10 18:07:50 - [TEST_STEP][PASSED] - maximizeWindow(): Current window maximized

2019-07-10 18:07:50 - [MESSAGE][PASSED] - Current window maximized

2019-07-10 18:07:50 - [MESSAGE][PASSED] - Call Test Case 'Test Cases/CALL - URL' successfully

2019-07-10 18:07:50 - [TEST_STEP][PASSED] - click(findTestObject("APOLLO- Desktop/Burger Menu/Burgermenu")): Object: 'Object Repository/APOLLO- Desktop/Burger Menu/Burgermenu' is clicked on

2019-07-10 18:07:55 - [MESSAGE][PASSED] - Object: 'Object Repository/APOLLO- Desktop/Burger Menu/Burgermenu' is clicked on

2019-07-10 18:07:55 - [TEST_STEP][PASSED] - delay(2): Delayed 2 second(s)

2019-07-10 18:07:57 - [MESSAGE][PASSED] - Delayed 2 second(s)

2019-07-10 18:07:57 - [TEST_STEP][PASSED] - click(findTestObject("APOLLO- Desktop/Burger Menu/Mens chevron")): Object: 'Object Repository/APOLLO- Desktop/Burger Menu/Mens chevron' is clicked on

2019-07-10 18:07:58 - [MESSAGE][PASSED] - Object: 'Object Repository/APOLLO- Desktop/Burger Menu/Mens chevron' is clicked on

2019-07-10 18:07:58 - [TEST_STEP][PASSED] - delay(2): Delayed 2 second(s)

2019-07-10 18:08:00 - [MESSAGE][PASSED] - Delayed 2 second(s)

2019-07-10 18:08:00 - [TEST_STEP][PASSED] - click(findTestObject("APOLLO- Desktop/Burger Menu/Mens - Top Chevron")): Object: 'Object Repository/APOLLO- Desktop/Burger Menu/Mens - Top Chevron' is clicked on

2019-07-10 18:08:00 - [MESSAGE][PASSED] - Object: 'Object Repository/APOLLO- Desktop/Burger Menu/Mens - Top Chevron' is clicked on

2019-07-10 18:08:00 - [TEST_STEP][PASSED] - delay(2): Delayed 2 second(s)

2019-07-10 18:08:02 - [MESSAGE][PASSED] - Delayed 2 second(s)

2019-07-10 18:08:02 - [TEST_STEP][PASSED] - click(findTestObject("APOLLO- Desktop/Burger Menu/Shirts link")): Object: 'Object Repository/APOLLO- Desktop/Burger Menu/Shirts link' is clicked on

2019-07-10 18:08:03 - [MESSAGE][PASSED] - Object: 'Object Repository/APOLLO- Desktop/Burger Menu/Shirts link' is clicked on

2019-07-10 18:08:03 - [TEST_STEP][PASSED] - delay(2): Delayed 2 second(s)

2019-07-10 18:08:05 - [MESSAGE][PASSED] - Delayed 2 second(s)

2019-07-10 18:08:05 - [TEST_STEP][PASSED] - click(findTestObject("APOLLO- Desktop/Collection page/Blue shirt product")): Object: 'Object Repository/APOLLO- Desktop/Collection page/Blue shirt product' is clicked on

2019-07-10 18:08:06 - [MESSAGE][PASSED] - Object: 'Object Repository/APOLLO- Desktop/Collection page/Blue shirt product' is clicked on

2019-07-10 18:08:06 - [TEST_STEP][PASSED] - delay(2): Delayed 2 second(s)

2019-07-10 18:08:08 - [MESSAGE][PASSED] - Delayed 2 second(s)

2019-07-10 18:08:08 - [TEST_STEP][PASSED] - selectOptionByValue(findTestObject("APOLLO- Desktop/Product page/Size dropdown"), "Medium", true): All options with value 'Medium' are selected in object 'Object Repository/APOLLO- Desktop/Product page/Size dropdown'  using regular expression

2019-07-10 18:08:16 - [MESSAGE][PASSED] - All options with value 'Medium' are selected in object 'Object Repository/APOLLO- Desktop/Product page/Size dropdown'  using regular expression

2019-07-10 18:08:16 - [TEST_STEP][PASSED] - delay(2): Delayed 2 second(s)

2019-07-10 18:08:18 - [MESSAGE][PASSED] - Delayed 2 second(s)

2019-07-10 18:08:18 - [TEST_STEP][PASSED] - click(findTestObject("APOLLO- Desktop/Product page/Add to bag")): Object: 'Object Repository/APOLLO- Desktop/Product page/Add to bag' is clicked on

2019-07-10 18:08:19 - [MESSAGE][PASSED] - Object: 'Object Repository/APOLLO- Desktop/Product page/Add to bag' is clicked on

2019-07-10 18:08:19 - [TEST_STEP][PASSED] - delay(2): Delayed 2 second(s)

2019-07-10 18:08:21 - [MESSAGE][PASSED] - Delayed 2 second(s)

2019-07-10 18:08:21 - [TEST_STEP][PASSED] - click(findTestObject("APOLLO- Desktop/Burger Menu/Burgermenu")): Object: 'Object Repository/APOLLO- Desktop/Burger Menu/Burgermenu' is clicked on

2019-07-10 18:08:21 - [MESSAGE][PASSED] - Object: 'Object Repository/APOLLO- Desktop/Burger Menu/Burgermenu' is clicked on

2019-07-10 18:08:21 - [TEST_STEP][PASSED] - delay(2): Delayed 2 second(s)

2019-07-10 18:08:23 - [MESSAGE][PASSED] - Delayed 2 second(s)

2019-07-10 18:08:23 - [TEST_STEP][PASSED] - click(findTestObject("APOLLO- Desktop/Burger Menu/KIds link")): Object: 'Object Repository/APOLLO- Desktop/Burger Menu/KIds link' is clicked on

2019-07-10 18:08:23 - [MESSAGE][PASSED] - Object: 'Object Repository/APOLLO- Desktop/Burger Menu/KIds link' is clicked on

2019-07-10 18:08:24 - [TEST_STEP][PASSED] - delay(2): Delayed 2 second(s)

2019-07-10 18:08:26 - [MESSAGE][PASSED] - Delayed 2 second(s)

2019-07-10 18:08:26 - [TEST_STEP][PASSED] - click(findTestObject("APOLLO- Desktop/Collection page/Sailor sweatshirt")): Object: 'Object Repository/APOLLO- Desktop/Collection page/Sailor sweatshirt' is clicked on

2019-07-10 18:08:26 - [MESSAGE][PASSED] - Object: 'Object Repository/APOLLO- Desktop/Collection page/Sailor sweatshirt' is clicked on

2019-07-10 18:08:26 - [TEST_STEP][PASSED] - delay(2): Delayed 2 second(s)

2019-07-10 18:08:28 - [MESSAGE][PASSED] - Delayed 2 second(s)

2019-07-10 18:08:28 - [TEST_STEP][PASSED] - click(findTestObject("APOLLO- Desktop/Product page/Add to bag")): Object: 'Object Repository/APOLLO- Desktop/Product page/Add to bag' is clicked on

2019-07-10 18:08:31 - [MESSAGE][PASSED] - Object: 'Object Repository/APOLLO- Desktop/Product page/Add to bag' is clicked on

2019-07-10 18:08:31 - [TEST_STEP][PASSED] - delay(2): Delayed 2 second(s)

2019-07-10 18:08:33 - [MESSAGE][PASSED] - Delayed 2 second(s)

2019-07-10 18:08:33 - [TEST_STEP][PASSED] - click(findTestObject("APOLLO- Desktop/Cart flyout/Checkout")): Object: 'Object Repository/APOLLO- Desktop/Cart flyout/Checkout' is clicked on

2019-07-10 18:08:33 - [MESSAGE][PASSED] - Object: 'Object Repository/APOLLO- Desktop/Cart flyout/Checkout' is clicked on

2019-07-10 18:08:33 - [TEST_STEP][PASSED] - delay(2): Delayed 2 second(s)

2019-07-10 18:08:35 - [MESSAGE][PASSED] - Delayed 2 second(s)

2019-07-10 18:08:35 - [TEST_STEP][PASSED] - click(findTestObject("APOLLO- Desktop/Customer Information page/Cart page breadcrumb")): Object: 'Object Repository/APOLLO- Desktop/Customer Information page/Cart page breadcrumb' is clicked on

2019-07-10 18:08:37 - [MESSAGE][PASSED] - Object: 'Object Repository/APOLLO- Desktop/Customer Information page/Cart page breadcrumb' is clicked on

2019-07-10 18:08:37 - [TEST_STEP][PASSED] - delay(2): Delayed 2 second(s)

2019-07-10 18:08:39 - [MESSAGE][PASSED] - Delayed 2 second(s)

2019-07-10 18:08:39 - [TEST_STEP][NOT_RUN] - executeJavaScript("var previewBar = document.getElementById("preview-bar-iframe"); previewBar.style.display = "none";", []): NOT_RUN: executeJavaScript("var previewBar = document.getElementById("preview-bar-iframe"); previewBar.style.display = "none";", [])

2019-07-10 18:08:39 - [MESSAGE][NOT_RUN] - NOT_RUN: executeJavaScript("var previewBar = document.getElementById("preview-bar-iframe"); previewBar.style.display = "none";", [])

2019-07-10 18:08:39 - [TEST_STEP][PASSED] - a = getText(findTestObject("APOLLO- Desktop/Cart page/Unit price - 1st product")): Text of object 'Object Repository/APOLLO- Desktop/Cart page/Unit price - 1st product' is: '$30'

2019-07-10 18:08:42 - [MESSAGE][PASSED] - Text of object 'Object Repository/APOLLO- Desktop/Cart page/Unit price - 1st product' is: '$30'

2019-07-10 18:08:42 - [TEST_STEP][PASSED] - comment("a=" + a): a=$30

2019-07-10 18:08:42 - [MESSAGE][INFO] - a=$30

2019-07-10 18:08:42 - [TEST_STEP][PASSED] - a1 = a.substring(1): null

2019-07-10 18:08:42 - [TEST_STEP][PASSED] - comment("a1=" + a1): a1=30

2019-07-10 18:08:42 - [MESSAGE][INFO] - a1=30

2019-07-10 18:08:42 - [TEST_STEP][PASSED] - b = getText(findTestObject("APOLLO- Desktop/Cart page/Unit price - 2nd product")): Text of object 'Object Repository/APOLLO- Desktop/Cart page/Unit price - 2nd product' is: '$30'

2019-07-10 18:08:43 - [MESSAGE][PASSED] - Text of object 'Object Repository/APOLLO- Desktop/Cart page/Unit price - 2nd product' is: '$30'

2019-07-10 18:08:43 - [TEST_STEP][PASSED] - comment("b=" + b): b=$30

2019-07-10 18:08:43 - [MESSAGE][INFO] - b=$30

2019-07-10 18:08:43 - [TEST_STEP][PASSED] - b1 = b.substring(1): null

2019-07-10 18:08:43 - [TEST_STEP][PASSED] - comment("b1=" + b1): b1=30

2019-07-10 18:08:43 - [MESSAGE][INFO] - b1=30

2019-07-10 18:08:43 - [TEST_STEP][PASSED] - p1 = <not implemented yet for class: org.codehaus.groovy.ast.expr.EmptyExpression>: null

2019-07-10 18:08:43 - [TEST_STEP][PASSED] - p2 = <not implemented yet for class: org.codehaus.groovy.ast.expr.EmptyExpression>: null

2019-07-10 18:08:43 - [TEST_STEP][PASSED] - try: p1=30.0

2019-07-10 18:08:43 - [TEST_STEP][PASSED] - str = a1: null

2019-07-10 18:08:43 - [TEST_STEP][PASSED] - comment("str=" + str): str=30

2019-07-10 18:08:43 - [MESSAGE][INFO] - str=30

2019-07-10 18:08:43 - [TEST_STEP][PASSED] - p1 = Double.valueOf(str): null

2019-07-10 18:08:43 - [TEST_STEP][PASSED] - comment("p1=" + p1): p1=30.0

2019-07-10 18:08:43 - [MESSAGE][INFO] - p1=30.0

2019-07-10 18:08:43 - [TEST_STEP][PASSED] - try: p2=30.0

2019-07-10 18:08:43 - [TEST_STEP][PASSED] - str5 = b1: null

2019-07-10 18:08:43 - [TEST_STEP][PASSED] - comment("str5=" + str5): str5=30

2019-07-10 18:08:43 - [MESSAGE][INFO] - str5=30

2019-07-10 18:08:43 - [TEST_STEP][PASSED] - p2 = Double.valueOf(str5): null

2019-07-10 18:08:43 - [TEST_STEP][PASSED] - comment("p2=" + p2): p2=30.0

2019-07-10 18:08:43 - [MESSAGE][INFO] - p2=30.0

2019-07-10 18:08:43 - [TEST_STEP][PASSED] - total = p1 + p2: null

2019-07-10 18:08:43 - [TEST_STEP][PASSED] - comment("total=" + total): total=60.0

2019-07-10 18:08:43 - [MESSAGE][INFO] - total=60.0

2019-07-10 18:08:43 - [TEST_STEP][PASSED] - c = getText(findTestObject("APOLLO- Desktop/Cart page/Subtotal in cart page")): Text of object 'Object Repository/APOLLO- Desktop/Cart page/Subtotal in cart page' is: '$60.00'

2019-07-10 18:08:43 - [MESSAGE][PASSED] - Text of object 'Object Repository/APOLLO- Desktop/Cart page/Subtotal in cart page' is: '$60.00'

2019-07-10 18:08:43 - [TEST_STEP][PASSED] - comment("c=" + c): c=$60.00

2019-07-10 18:08:43 - [MESSAGE][INFO] - c=$60.00

2019-07-10 18:08:43 - [TEST_STEP][PASSED] - c1 = c.substring(1): null

2019-07-10 18:08:43 - [TEST_STEP][PASSED] - comment("c1=" + c1): c1=60.00

2019-07-10 18:08:43 - [MESSAGE][INFO] - c1=60.00

2019-07-10 18:08:43 - [TEST_STEP][PASSED] - p3 = <not implemented yet for class: org.codehaus.groovy.ast.expr.EmptyExpression>: null

2019-07-10 18:08:43 - [TEST_STEP][PASSED] - try: p3=60.0

2019-07-10 18:08:43 - [TEST_STEP][PASSED] - str = c1: null

2019-07-10 18:08:43 - [TEST_STEP][PASSED] - comment("str=" + str): str=60.00

2019-07-10 18:08:43 - [MESSAGE][INFO] - str=60.00

2019-07-10 18:08:43 - [TEST_STEP][PASSED] - p3 = Double.valueOf(str): null

2019-07-10 18:08:43 - [TEST_STEP][PASSED] - comment("p3=" + p3): p3=60.0

2019-07-10 18:08:43 - [MESSAGE][INFO] - p3=60.0

2019-07-10 18:08:43 - [TEST_STEP][PASSED] - verifyEqual(total, p3): Actual object '60' and expected object '60' are equal

2019-07-10 18:08:43 - [MESSAGE][PASSED] - Actual object '60' and expected object '60' are equal

2019-07-10 18:08:43 - [TEST_STEP][FAILED] - click(findTestObject("APOLLO- Desktop/Cart flyout/Checkout")): click(findTestObject("APOLLO- Desktop/Cart flyout/Checkout")) FAILED.
Reason:
com.kms.katalon.core.exception.StepFailedException: Unable to click on object 'Object Repository/APOLLO- Desktop/Cart flyout/Checkout' (Root cause: org.openqa.selenium.ElementClickInterceptedException: The command failed because the specified element is obscured.
Build info: version: '3.7.1', revision: '8a0099a', time: '2017-11-06T21:07:36.161Z'
System info: host: 'sumans-MacBook-Pro.local', ip: 'fe80:0:0:0:47c:ca88:4245:b7a7%en0', os.name: 'Mac OS X', os.arch: 'x86_64', os.version: '10.13.6', java.version: '1.8.0_181'
Driver info: com.kms.katalon.selenium.driver.CRemoteWebDriver
Capabilities {acceptInsecureCerts: false, browserName: MicrosoftEdge, browserVersion: 44.18362.1.0, javascriptEnabled: true, pageLoadStrategy: normal, platform: WINDOWS, platformName: WINDOWS, proxy: Proxy(), setWindowRect: false, timeouts: {implicit: 0, pageLoad: 300000, script: 30000}}
Session ID: f50aef231d0b45af0aae911d94ec26a511cb7678)
	at com.kms.katalon.core.keyword.internal.KeywordMain.stepFailed(KeywordMain.groovy:36)
	at com.kms.katalon.core.webui.keyword.internal.WebUIKeywordMain.stepFailed(WebUIKeywordMain.groovy:65)
	at com.kms.katalon.core.webui.keyword.internal.WebUIKeywordMain.runKeyword(WebUIKeywordMain.groovy:27)
	at com.kms.katalon.core.webui.keyword.builtin.ClickKeyword.click(ClickKeyword.groovy:86)
	at com.kms.katalon.core.webui.keyword.builtin.ClickKeyword.execute(ClickKeyword.groovy:67)
	at com.kms.katalon.core.keyword.internal.KeywordExecutor.executeKeywordForPlatform(KeywordExecutor.groovy:53)
	at com.kms.katalon.core.webui.keyword.WebUiBuiltInKeywords.click(WebUiBuiltInKeywords.groovy:616)
	at com.kms.katalon.core.webui.keyword.WebUiBuiltInKeywords$click$2.call(Unknown Source)
	at Price comparison - cart page.run(Price comparison - cart page:147)
	at com.kms.katalon.core.main.ScriptEngine.run(ScriptEngine.java:194)
	at com.kms.katalon.core.main.ScriptEngine.runScriptAsRawText(ScriptEngine.java:119)
	at com.kms.katalon.core.main.TestCaseExecutor.runScript(TestCaseExecutor.java:328)
	at com.kms.katalon.core.main.TestCaseExecutor.doExecute(TestCaseExecutor.java:319)
	at com.kms.katalon.core.main.TestCaseExecutor.processExecutionPhase(TestCaseExecutor.java:298)
	at com.kms.katalon.core.main.TestCaseExecutor.accessMainPhase(TestCaseExecutor.java:290)
	at com.kms.katalon.core.main.TestCaseExecutor.execute(TestCaseExecutor.java:224)
	at com.kms.katalon.core.main.TestSuiteExecutor.accessTestCaseMainPhase(TestSuiteExecutor.java:129)
	at com.kms.katalon.core.main.TestSuiteExecutor.accessTestSuiteMainPhase(TestSuiteExecutor.java:112)
	at com.kms.katalon.core.main.TestSuiteExecutor.execute(TestSuiteExecutor.java:81)
	at com.kms.katalon.core.main.TestCaseMain.startTestSuite(TestCaseMain.java:149)
	at com.kms.katalon.core.main.TestCaseMain$startTestSuite$0.call(Unknown Source)
	at TempTestSuite1562794812628.run(TempTestSuite1562794812628.groovy:36)


2019-07-10 18:08:44 - [MESSAGE][FAILED] - Unable to click on object 'Object Repository/APOLLO- Desktop/Cart flyout/Checkout' (Root cause: org.openqa.selenium.ElementClickInterceptedException: The command failed because the specified element is obscured.
Build info: version: '3.7.1', revision: '8a0099a', time: '2017-11-06T21:07:36.161Z'
System info: host: 'sumans-MacBook-Pro.local', ip: 'fe80:0:0:0:47c:ca88:4245:b7a7%en0', os.name: 'Mac OS X', os.arch: 'x86_64', os.version: '10.13.6', java.version: '1.8.0_181'
Driver info: com.kms.katalon.selenium.driver.CRemoteWebDriver
Capabilities {acceptInsecureCerts: false, browserName: MicrosoftEdge, browserVersion: 44.18362.1.0, javascriptEnabled: true, pageLoadStrategy: normal, platform: WINDOWS, platformName: WINDOWS, proxy: Proxy(), setWindowRect: false, timeouts: {implicit: 0, pageLoad: 300000, script: 30000}}
Session ID: f50aef231d0b45af0aae911d94ec26a511cb7678)
[[ATTACHMENT|/Users/sumankompelly/git/Apollo-Dark-Desktop/Reports/Apollo - dark build/20190710_174012/1562796524167.png]]

2019-07-10 18:08:44 - [MESSAGE][FAILED] - click(findTestObject("APOLLO- Desktop/Cart flyout/Checkout")) FAILED.
Reason:
com.kms.katalon.core.exception.StepFailedException: Unable to click on object 'Object Repository/APOLLO- Desktop/Cart flyout/Checkout' (Root cause: org.openqa.selenium.ElementClickInterceptedException: The command failed because the specified element is obscured.
Build info: version: '3.7.1', revision: '8a0099a', time: '2017-11-06T21:07:36.161Z'
System info: host: 'sumans-MacBook-Pro.local', ip: 'fe80:0:0:0:47c:ca88:4245:b7a7%en0', os.name: 'Mac OS X', os.arch: 'x86_64', os.version: '10.13.6', java.version: '1.8.0_181'
Driver info: com.kms.katalon.selenium.driver.CRemoteWebDriver
Capabilities {acceptInsecureCerts: false, browserName: MicrosoftEdge, browserVersion: 44.18362.1.0, javascriptEnabled: true, pageLoadStrategy: normal, platform: WINDOWS, platformName: WINDOWS, proxy: Proxy(), setWindowRect: false, timeouts: {implicit: 0, pageLoad: 300000, script: 30000}}
Session ID: f50aef231d0b45af0aae911d94ec26a511cb7678)
	at com.kms.katalon.core.keyword.internal.KeywordMain.stepFailed(KeywordMain.groovy:36)
	at com.kms.katalon.core.webui.keyword.internal.WebUIKeywordMain.stepFailed(WebUIKeywordMain.groovy:65)
	at com.kms.katalon.core.webui.keyword.internal.WebUIKeywordMain.runKeyword(WebUIKeywordMain.groovy:27)
	at com.kms.katalon.core.webui.keyword.builtin.ClickKeyword.click(ClickKeyword.groovy:86)
	at com.kms.katalon.core.webui.keyword.builtin.ClickKeyword.execute(ClickKeyword.groovy:67)
	at com.kms.katalon.core.keyword.internal.KeywordExecutor.executeKeywordForPlatform(KeywordExecutor.groovy:53)
	at com.kms.katalon.core.webui.keyword.WebUiBuiltInKeywords.click(WebUiBuiltInKeywords.groovy:616)
	at com.kms.katalon.core.webui.keyword.WebUiBuiltInKeywords$click$2.call(Unknown Source)
	at Price comparison - cart page.run(Price comparison - cart page:147)
	at com.kms.katalon.core.main.ScriptEngine.run(ScriptEngine.java:194)
	at com.kms.katalon.core.main.ScriptEngine.runScriptAsRawText(ScriptEngine.java:119)
	at com.kms.katalon.core.main.TestCaseExecutor.runScript(TestCaseExecutor.java:328)
	at com.kms.katalon.core.main.TestCaseExecutor.doExecute(TestCaseExecutor.java:319)
	at com.kms.katalon.core.main.TestCaseExecutor.processExecutionPhase(TestCaseExecutor.java:298)
	at com.kms.katalon.core.main.TestCaseExecutor.accessMainPhase(TestCaseExecutor.java:290)
	at com.kms.katalon.core.main.TestCaseExecutor.execute(TestCaseExecutor.java:224)
	at com.kms.katalon.core.main.TestSuiteExecutor.accessTestCaseMainPhase(TestSuiteExecutor.java:129)
	at com.kms.katalon.core.main.TestSuiteExecutor.accessTestSuiteMainPhase(TestSuiteExecutor.java:112)
	at com.kms.katalon.core.main.TestSuiteExecutor.execute(TestSuiteExecutor.java:81)
	at com.kms.katalon.core.main.TestCaseMain.startTestSuite(TestCaseMain.java:149)
	at com.kms.katalon.core.main.TestCaseMain$startTestSuite$0.call(Unknown Source)
	at TempTestSuite1562794812628.run(TempTestSuite1562794812628.groovy:36)]]></system-out>
         <system-err><![CDATA[2019-07-10 18:07:26 - [TEST_CASE][FAILED] - Test Cases/CRITICAL PATH/Price comparison - cart page: Test Cases/CRITICAL PATH/Price comparison - cart page FAILED.
Reason:
com.kms.katalon.core.exception.StepFailedException: Unable to click on object 'Object Repository/APOLLO- Desktop/Cart flyout/Checkout' (Root cause: org.openqa.selenium.ElementClickInterceptedException: The command failed because the specified element is obscured.
Build info: version: '3.7.1', revision: '8a0099a', time: '2017-11-06T21:07:36.161Z'
System info: host: 'sumans-MacBook-Pro.local', ip: 'fe80:0:0:0:47c:ca88:4245:b7a7%en0', os.name: 'Mac OS X', os.arch: 'x86_64', os.version: '10.13.6', java.version: '1.8.0_181'
Driver info: com.kms.katalon.selenium.driver.CRemoteWebDriver
Capabilities {acceptInsecureCerts: false, browserName: MicrosoftEdge, browserVersion: 44.18362.1.0, javascriptEnabled: true, pageLoadStrategy: normal, platform: WINDOWS, platformName: WINDOWS, proxy: Proxy(), setWindowRect: false, timeouts: {implicit: 0, pageLoad: 300000, script: 30000}}
Session ID: f50aef231d0b45af0aae911d94ec26a511cb7678)
	at com.kms.katalon.core.keyword.internal.KeywordMain.stepFailed(KeywordMain.groovy:36)
	at com.kms.katalon.core.webui.keyword.internal.WebUIKeywordMain.stepFailed(WebUIKeywordMain.groovy:65)
	at com.kms.katalon.core.webui.keyword.internal.WebUIKeywordMain.runKeyword(WebUIKeywordMain.groovy:27)
	at com.kms.katalon.core.webui.keyword.builtin.ClickKeyword.click(ClickKeyword.groovy:86)
	at com.kms.katalon.core.webui.keyword.builtin.ClickKeyword.execute(ClickKeyword.groovy:67)
	at com.kms.katalon.core.keyword.internal.KeywordExecutor.executeKeywordForPlatform(KeywordExecutor.groovy:53)
	at com.kms.katalon.core.webui.keyword.WebUiBuiltInKeywords.click(WebUiBuiltInKeywords.groovy:616)
	at com.kms.katalon.core.webui.keyword.WebUiBuiltInKeywords$click$2.call(Unknown Source)
	at Price comparison - cart page.run(Price comparison - cart page:147)
	at com.kms.katalon.core.main.ScriptEngine.run(ScriptEngine.java:194)
	at com.kms.katalon.core.main.ScriptEngine.runScriptAsRawText(ScriptEngine.java:119)
	at com.kms.katalon.core.main.TestCaseExecutor.runScript(TestCaseExecutor.java:328)
	at com.kms.katalon.core.main.TestCaseExecutor.doExecute(TestCaseExecutor.java:319)
	at com.kms.katalon.core.main.TestCaseExecutor.processExecutionPhase(TestCaseExecutor.java:298)
	at com.kms.katalon.core.main.TestCaseExecutor.accessMainPhase(TestCaseExecutor.java:290)
	at com.kms.katalon.core.main.TestCaseExecutor.execute(TestCaseExecutor.java:224)
	at com.kms.katalon.core.main.TestSuiteExecutor.accessTestCaseMainPhase(TestSuiteExecutor.java:129)
	at com.kms.katalon.core.main.TestSuiteExecutor.accessTestSuiteMainPhase(TestSuiteExecutor.java:112)
	at com.kms.katalon.core.main.TestSuiteExecutor.execute(TestSuiteExecutor.java:81)
	at com.kms.katalon.core.main.TestCaseMain.startTestSuite(TestCaseMain.java:149)
	at com.kms.katalon.core.main.TestCaseMain$startTestSuite$0.call(Unknown Source)
	at TempTestSuite1562794812628.run(TempTestSuite1562794812628.groovy:36)]]></system-err>
      </testcase>
      <testcase name="Test Cases/CRITICAL PATH/Decrease quantity - cart page" classname="Test Cases/CRITICAL PATH/Decrease quantity - cart page" status="FAILED">
         <failure type="FAILED" message="Test Cases/CRITICAL PATH/Decrease quantity - cart page FAILED.
Reason:
com.kms.katalon.core.exception.StepFailedException: Unable to click on object 'Object Repository/APOLLO- Desktop/Cart flyout/Checkout' (Root cause: org.openqa.selenium.ElementClickInterceptedException: The command failed because the specified element is obscured.
Build info: version: '3.7.1', revision: '8a0099a', time: '2017-11-06T21:07:36.161Z'
System info: host: 'sumans-MacBook-Pro.local', ip: 'fe80:0:0:0:47c:ca88:4245:b7a7%en0', os.name: 'Mac OS X', os.arch: 'x86_64', os.version: '10.13.6', java.version: '1.8.0_181'
Driver info: com.kms.katalon.selenium.driver.CRemoteWebDriver
Capabilities {acceptInsecureCerts: false, browserName: MicrosoftEdge, browserVersion: 44.18362.1.0, javascriptEnabled: true, pageLoadStrategy: normal, platform: WINDOWS, platformName: WINDOWS, proxy: Proxy(), setWindowRect: false, timeouts: {implicit: 0, pageLoad: 300000, script: 30000}}
Session ID: c82aa05f98500d3a835ce50d6ac09f23c1f86afb)
	at com.kms.katalon.core.keyword.internal.KeywordMain.stepFailed(KeywordMain.groovy:36)
	at com.kms.katalon.core.webui.keyword.internal.WebUIKeywordMain.stepFailed(WebUIKeywordMain.groovy:65)
	at com.kms.katalon.core.webui.keyword.internal.WebUIKeywordMain.runKeyword(WebUIKeywordMain.groovy:27)
	at com.kms.katalon.core.webui.keyword.builtin.ClickKeyword.click(ClickKeyword.groovy:86)
	at com.kms.katalon.core.webui.keyword.builtin.ClickKeyword.execute(ClickKeyword.groovy:67)
	at com.kms.katalon.core.keyword.internal.KeywordExecutor.executeKeywordForPlatform(KeywordExecutor.groovy:53)
	at com.kms.katalon.core.webui.keyword.WebUiBuiltInKeywords.click(WebUiBuiltInKeywords.groovy:616)
	at com.kms.katalon.core.webui.keyword.WebUiBuiltInKeywords$click$2.call(Unknown Source)
	at Decrease quantity - cart page.run(Decrease quantity - cart page:118)
	at com.kms.katalon.core.main.ScriptEngine.run(ScriptEngine.java:194)
	at com.kms.katalon.core.main.ScriptEngine.runScriptAsRawText(ScriptEngine.java:119)
	at com.kms.katalon.core.main.TestCaseExecutor.runScript(TestCaseExecutor.java:328)
	at com.kms.katalon.core.main.TestCaseExecutor.doExecute(TestCaseExecutor.java:319)
	at com.kms.katalon.core.main.TestCaseExecutor.processExecutionPhase(TestCaseExecutor.java:298)
	at com.kms.katalon.core.main.TestCaseExecutor.accessMainPhase(TestCaseExecutor.java:290)
	at com.kms.katalon.core.main.TestCaseExecutor.execute(TestCaseExecutor.java:224)
	at com.kms.katalon.core.main.TestSuiteExecutor.accessTestCaseMainPhase(TestSuiteExecutor.java:129)
	at com.kms.katalon.core.main.TestSuiteExecutor.accessTestSuiteMainPhase(TestSuiteExecutor.java:112)
	at com.kms.katalon.core.main.TestSuiteExecutor.execute(TestSuiteExecutor.java:81)
	at com.kms.katalon.core.main.TestCaseMain.startTestSuite(TestCaseMain.java:149)
	at com.kms.katalon.core.main.TestCaseMain$startTestSuite$0.call(Unknown Source)
	at TempTestSuite1562794812628.run(TempTestSuite1562794812628.groovy:36)
"/>
         <system-out><![CDATA[2019-07-10 18:08:44 - [TEST_CASE][FAILED] - Test Cases/CRITICAL PATH/Decrease quantity - cart page: Test Cases/CRITICAL PATH/Decrease quantity - cart page FAILED.
Reason:
com.kms.katalon.core.exception.StepFailedException: Unable to click on object 'Object Repository/APOLLO- Desktop/Cart flyout/Checkout' (Root cause: org.openqa.selenium.ElementClickInterceptedException: The command failed because the specified element is obscured.
Build info: version: '3.7.1', revision: '8a0099a', time: '2017-11-06T21:07:36.161Z'
System info: host: 'sumans-MacBook-Pro.local', ip: 'fe80:0:0:0:47c:ca88:4245:b7a7%en0', os.name: 'Mac OS X', os.arch: 'x86_64', os.version: '10.13.6', java.version: '1.8.0_181'
Driver info: com.kms.katalon.selenium.driver.CRemoteWebDriver
Capabilities {acceptInsecureCerts: false, browserName: MicrosoftEdge, browserVersion: 44.18362.1.0, javascriptEnabled: true, pageLoadStrategy: normal, platform: WINDOWS, platformName: WINDOWS, proxy: Proxy(), setWindowRect: false, timeouts: {implicit: 0, pageLoad: 300000, script: 30000}}
Session ID: c82aa05f98500d3a835ce50d6ac09f23c1f86afb)
	at com.kms.katalon.core.keyword.internal.KeywordMain.stepFailed(KeywordMain.groovy:36)
	at com.kms.katalon.core.webui.keyword.internal.WebUIKeywordMain.stepFailed(WebUIKeywordMain.groovy:65)
	at com.kms.katalon.core.webui.keyword.internal.WebUIKeywordMain.runKeyword(WebUIKeywordMain.groovy:27)
	at com.kms.katalon.core.webui.keyword.builtin.ClickKeyword.click(ClickKeyword.groovy:86)
	at com.kms.katalon.core.webui.keyword.builtin.ClickKeyword.execute(ClickKeyword.groovy:67)
	at com.kms.katalon.core.keyword.internal.KeywordExecutor.executeKeywordForPlatform(KeywordExecutor.groovy:53)
	at com.kms.katalon.core.webui.keyword.WebUiBuiltInKeywords.click(WebUiBuiltInKeywords.groovy:616)
	at com.kms.katalon.core.webui.keyword.WebUiBuiltInKeywords$click$2.call(Unknown Source)
	at Decrease quantity - cart page.run(Decrease quantity - cart page:118)
	at com.kms.katalon.core.main.ScriptEngine.run(ScriptEngine.java:194)
	at com.kms.katalon.core.main.ScriptEngine.runScriptAsRawText(ScriptEngine.java:119)
	at com.kms.katalon.core.main.TestCaseExecutor.runScript(TestCaseExecutor.java:328)
	at com.kms.katalon.core.main.TestCaseExecutor.doExecute(TestCaseExecutor.java:319)
	at com.kms.katalon.core.main.TestCaseExecutor.processExecutionPhase(TestCaseExecutor.java:298)
	at com.kms.katalon.core.main.TestCaseExecutor.accessMainPhase(TestCaseExecutor.java:290)
	at com.kms.katalon.core.main.TestCaseExecutor.execute(TestCaseExecutor.java:224)
	at com.kms.katalon.core.main.TestSuiteExecutor.accessTestCaseMainPhase(TestSuiteExecutor.java:129)
	at com.kms.katalon.core.main.TestSuiteExecutor.accessTestSuiteMainPhase(TestSuiteExecutor.java:112)
	at com.kms.katalon.core.main.TestSuiteExecutor.execute(TestSuiteExecutor.java:81)
	at com.kms.katalon.core.main.TestCaseMain.startTestSuite(TestCaseMain.java:149)
	at com.kms.katalon.core.main.TestCaseMain$startTestSuite$0.call(Unknown Source)
	at TempTestSuite1562794812628.run(TempTestSuite1562794812628.groovy:36)


2019-07-10 18:08:44 - [TEST_STEP][PASSED] - callTestCase(findTestCase("CALL - URL"), [:], STOP_ON_FAILURE): Call Test Case 'Test Cases/CALL - URL' successfully

2019-07-10 18:08:44 - [TEST_CASE][PASSED] - Test Cases/CALL - URL: Test Cases/CALL - URL

2019-07-10 18:08:44 - [TEST_STEP][PASSED] - openBrowser(""): Browser is opened with url: ''

2019-07-10 18:08:44 - [MESSAGE][WARNING] - A browser is already opened. Closing browser and opening a new one

2019-07-10 18:08:46 - [MESSAGE][INFO] - Starting 'Remote' driver

2019-07-10 18:08:46 - [MESSAGE][INFO] - User set preference: ['os', 'Windows']

2019-07-10 18:08:46 - [MESSAGE][INFO] - User set preference: ['os_version', '10']

2019-07-10 18:08:46 - [MESSAGE][INFO] - User set preference: ['browser', 'Edge']

2019-07-10 18:08:46 - [MESSAGE][INFO] - User set preference: ['browser_version', '18.0']

2019-07-10 18:08:46 - [MESSAGE][INFO] - User set preference: ['resolution', '']

2019-07-10 18:08:46 - [MESSAGE][INFO] - Connecting to remote web server 'https://dianatest3:Z3oqw9ysqTeRQJq5wFCp@hub-cloud.browserstack.com/wd/hub' with type 'Selenium'

2019-07-10 18:08:57 - [MESSAGE][PASSED] - Browser is opened with url: ''

2019-07-10 18:08:57 - [TEST_STEP][PASSED] - navigateToUrl("https://diff-apollo.myshopify.com/?_ab=0&_fd=0&_sc=1&preview_theme_id=68640637028"): Navigate to 'https://diff-apollo.myshopify.com/?_ab=0&_fd=0&_sc=1&preview_theme_id=68640637028' successfully

2019-07-10 18:09:12 - [MESSAGE][PASSED] - Navigate to 'https://diff-apollo.myshopify.com/?_ab=0&_fd=0&_sc=1&preview_theme_id=68640637028' successfully

2019-07-10 18:09:12 - [TEST_STEP][NOT_RUN] - executeJavaScript("var previewBar = document.getElementById("preview-bar-iframe"); previewBar.style.display = "none";", []): NOT_RUN: executeJavaScript("var previewBar = document.getElementById("preview-bar-iframe"); previewBar.style.display = "none";", [])

2019-07-10 18:09:12 - [MESSAGE][NOT_RUN] - NOT_RUN: executeJavaScript("var previewBar = document.getElementById("preview-bar-iframe"); previewBar.style.display = "none";", [])

2019-07-10 18:09:12 - [TEST_STEP][PASSED] - maximizeWindow(): Current window maximized

2019-07-10 18:09:13 - [MESSAGE][PASSED] - Current window maximized

2019-07-10 18:09:13 - [MESSAGE][PASSED] - Call Test Case 'Test Cases/CALL - URL' successfully

2019-07-10 18:09:13 - [TEST_STEP][PASSED] - delay(1): Delayed 1 second(s)

2019-07-10 18:09:14 - [MESSAGE][PASSED] - Delayed 1 second(s)

2019-07-10 18:09:14 - [TEST_STEP][PASSED] - click(findTestObject("APOLLO- Desktop/Burger Menu/Burgermenu")): Object: 'Object Repository/APOLLO- Desktop/Burger Menu/Burgermenu' is clicked on

2019-07-10 18:09:15 - [MESSAGE][PASSED] - Object: 'Object Repository/APOLLO- Desktop/Burger Menu/Burgermenu' is clicked on

2019-07-10 18:09:15 - [TEST_STEP][PASSED] - delay(2): Delayed 2 second(s)

2019-07-10 18:09:18 - [MESSAGE][PASSED] - Delayed 2 second(s)

2019-07-10 18:09:18 - [TEST_STEP][PASSED] - click(findTestObject("APOLLO- Desktop/Burger Menu/Mens chevron")): Object: 'Object Repository/APOLLO- Desktop/Burger Menu/Mens chevron' is clicked on

2019-07-10 18:09:19 - [MESSAGE][PASSED] - Object: 'Object Repository/APOLLO- Desktop/Burger Menu/Mens chevron' is clicked on

2019-07-10 18:09:19 - [TEST_STEP][PASSED] - delay(2): Delayed 2 second(s)

2019-07-10 18:09:21 - [MESSAGE][PASSED] - Delayed 2 second(s)

2019-07-10 18:09:21 - [TEST_STEP][PASSED] - click(findTestObject("APOLLO- Desktop/Burger Menu/Mens - Top Chevron")): Object: 'Object Repository/APOLLO- Desktop/Burger Menu/Mens - Top Chevron' is clicked on

2019-07-10 18:09:22 - [MESSAGE][PASSED] - Object: 'Object Repository/APOLLO- Desktop/Burger Menu/Mens - Top Chevron' is clicked on

2019-07-10 18:09:22 - [TEST_STEP][PASSED] - delay(2): Delayed 2 second(s)

2019-07-10 18:09:24 - [MESSAGE][PASSED] - Delayed 2 second(s)

2019-07-10 18:09:24 - [TEST_STEP][PASSED] - click(findTestObject("APOLLO- Desktop/Burger Menu/Shirts link")): Object: 'Object Repository/APOLLO- Desktop/Burger Menu/Shirts link' is clicked on

2019-07-10 18:09:26 - [MESSAGE][PASSED] - Object: 'Object Repository/APOLLO- Desktop/Burger Menu/Shirts link' is clicked on

2019-07-10 18:09:26 - [TEST_STEP][NOT_RUN] - executeJavaScript("var previewBar = document.getElementById("preview-bar-iframe"); previewBar.style.display = "none";", []): NOT_RUN: executeJavaScript("var previewBar = document.getElementById("preview-bar-iframe"); previewBar.style.display = "none";", [])

2019-07-10 18:09:26 - [MESSAGE][NOT_RUN] - NOT_RUN: executeJavaScript("var previewBar = document.getElementById("preview-bar-iframe"); previewBar.style.display = "none";", [])

2019-07-10 18:09:26 - [TEST_STEP][PASSED] - delay(2): Delayed 2 second(s)

2019-07-10 18:09:28 - [MESSAGE][PASSED] - Delayed 2 second(s)

2019-07-10 18:09:28 - [TEST_STEP][PASSED] - click(findTestObject("APOLLO- Desktop/Collection page/Blue shirt product")): Object: 'Object Repository/APOLLO- Desktop/Collection page/Blue shirt product' is clicked on

2019-07-10 18:09:29 - [MESSAGE][PASSED] - Object: 'Object Repository/APOLLO- Desktop/Collection page/Blue shirt product' is clicked on

2019-07-10 18:09:29 - [TEST_STEP][PASSED] - delay(2): Delayed 2 second(s)

2019-07-10 18:09:31 - [MESSAGE][PASSED] - Delayed 2 second(s)

2019-07-10 18:09:31 - [TEST_STEP][PASSED] - selectOptionByValue(findTestObject("APOLLO- Desktop/Product page/Size dropdown"), "Medium", true): All options with value 'Medium' are selected in object 'Object Repository/APOLLO- Desktop/Product page/Size dropdown'  using regular expression

2019-07-10 18:09:37 - [MESSAGE][PASSED] - All options with value 'Medium' are selected in object 'Object Repository/APOLLO- Desktop/Product page/Size dropdown'  using regular expression

2019-07-10 18:09:37 - [TEST_STEP][PASSED] - delay(2): Delayed 2 second(s)

2019-07-10 18:09:39 - [MESSAGE][PASSED] - Delayed 2 second(s)

2019-07-10 18:09:39 - [TEST_STEP][PASSED] - click(findTestObject("APOLLO- Desktop/Product page/Increase qunatity - prod page")): Object: 'Object Repository/APOLLO- Desktop/Product page/Increase qunatity - prod page' is clicked on

2019-07-10 18:09:40 - [MESSAGE][PASSED] - Object: 'Object Repository/APOLLO- Desktop/Product page/Increase qunatity - prod page' is clicked on

2019-07-10 18:09:40 - [TEST_STEP][PASSED] - delay(2): Delayed 2 second(s)

2019-07-10 18:09:42 - [MESSAGE][PASSED] - Delayed 2 second(s)

2019-07-10 18:09:42 - [TEST_STEP][PASSED] - click(findTestObject("APOLLO- Desktop/Product page/Increase qunatity - prod page")): Object: 'Object Repository/APOLLO- Desktop/Product page/Increase qunatity - prod page' is clicked on

2019-07-10 18:09:42 - [MESSAGE][PASSED] - Object: 'Object Repository/APOLLO- Desktop/Product page/Increase qunatity - prod page' is clicked on

2019-07-10 18:09:42 - [TEST_STEP][PASSED] - delay(2): Delayed 2 second(s)

2019-07-10 18:09:44 - [MESSAGE][PASSED] - Delayed 2 second(s)

2019-07-10 18:09:44 - [TEST_STEP][PASSED] - click(findTestObject("APOLLO- Desktop/Product page/Increase qunatity - prod page")): Object: 'Object Repository/APOLLO- Desktop/Product page/Increase qunatity - prod page' is clicked on

2019-07-10 18:09:44 - [MESSAGE][PASSED] - Object: 'Object Repository/APOLLO- Desktop/Product page/Increase qunatity - prod page' is clicked on

2019-07-10 18:09:44 - [TEST_STEP][PASSED] - delay(2): Delayed 2 second(s)

2019-07-10 18:09:46 - [MESSAGE][PASSED] - Delayed 2 second(s)

2019-07-10 18:09:46 - [TEST_STEP][PASSED] - click(findTestObject("APOLLO- Desktop/Product page/Increase qunatity - prod page")): Object: 'Object Repository/APOLLO- Desktop/Product page/Increase qunatity - prod page' is clicked on

2019-07-10 18:09:47 - [MESSAGE][PASSED] - Object: 'Object Repository/APOLLO- Desktop/Product page/Increase qunatity - prod page' is clicked on

2019-07-10 18:09:47 - [TEST_STEP][PASSED] - delay(2): Delayed 2 second(s)

2019-07-10 18:09:49 - [MESSAGE][PASSED] - Delayed 2 second(s)

2019-07-10 18:09:49 - [TEST_STEP][PASSED] - click(findTestObject("APOLLO- Desktop/Product page/Increase qunatity - prod page")): Object: 'Object Repository/APOLLO- Desktop/Product page/Increase qunatity - prod page' is clicked on

2019-07-10 18:09:49 - [MESSAGE][PASSED] - Object: 'Object Repository/APOLLO- Desktop/Product page/Increase qunatity - prod page' is clicked on

2019-07-10 18:09:49 - [TEST_STEP][PASSED] - delay(2): Delayed 2 second(s)

2019-07-10 18:09:51 - [MESSAGE][PASSED] - Delayed 2 second(s)

2019-07-10 18:09:51 - [TEST_STEP][PASSED] - click(findTestObject("APOLLO- Desktop/Product page/Add to bag")): Object: 'Object Repository/APOLLO- Desktop/Product page/Add to bag' is clicked on

2019-07-10 18:09:52 - [MESSAGE][PASSED] - Object: 'Object Repository/APOLLO- Desktop/Product page/Add to bag' is clicked on

2019-07-10 18:09:52 - [TEST_STEP][PASSED] - delay(2): Delayed 2 second(s)

2019-07-10 18:09:54 - [MESSAGE][PASSED] - Delayed 2 second(s)

2019-07-10 18:09:54 - [TEST_STEP][PASSED] - delay(2): Delayed 2 second(s)

2019-07-10 18:09:56 - [MESSAGE][PASSED] - Delayed 2 second(s)

2019-07-10 18:09:56 - [TEST_STEP][PASSED] - click(findTestObject("APOLLO- Desktop/Cart flyout/Checkout")): Object: 'Object Repository/APOLLO- Desktop/Cart flyout/Checkout' is clicked on

2019-07-10 18:09:56 - [MESSAGE][PASSED] - Object: 'Object Repository/APOLLO- Desktop/Cart flyout/Checkout' is clicked on

2019-07-10 18:09:56 - [TEST_STEP][PASSED] - delay(2): Delayed 2 second(s)

2019-07-10 18:09:58 - [MESSAGE][PASSED] - Delayed 2 second(s)

2019-07-10 18:09:58 - [TEST_STEP][PASSED] - click(findTestObject("APOLLO- Desktop/Customer Information page/Cart page breadcrumb")): Object: 'Object Repository/APOLLO- Desktop/Customer Information page/Cart page breadcrumb' is clicked on

2019-07-10 18:10:01 - [MESSAGE][PASSED] - Object: 'Object Repository/APOLLO- Desktop/Customer Information page/Cart page breadcrumb' is clicked on

2019-07-10 18:10:01 - [TEST_STEP][NOT_RUN] - executeJavaScript("var previewBar = document.getElementById("preview-bar-iframe"); previewBar.style.display = "none";", []): NOT_RUN: executeJavaScript("var previewBar = document.getElementById("preview-bar-iframe"); previewBar.style.display = "none";", [])

2019-07-10 18:10:01 - [MESSAGE][NOT_RUN] - NOT_RUN: executeJavaScript("var previewBar = document.getElementById("preview-bar-iframe"); previewBar.style.display = "none";", [])

2019-07-10 18:10:01 - [TEST_STEP][PASSED] - delay(2): Delayed 2 second(s)

2019-07-10 18:10:03 - [MESSAGE][PASSED] - Delayed 2 second(s)

2019-07-10 18:10:03 - [TEST_STEP][PASSED] - a = getText(findTestObject("APOLLO- Desktop/Cart page/Subtotal in cart page")): Text of object 'Object Repository/APOLLO- Desktop/Cart page/Subtotal in cart page' is: '$76.50'

2019-07-10 18:10:06 - [MESSAGE][PASSED] - Text of object 'Object Repository/APOLLO- Desktop/Cart page/Subtotal in cart page' is: '$76.50'

2019-07-10 18:10:06 - [TEST_STEP][PASSED] - comment("a=" + a): a=$76.50

2019-07-10 18:10:06 - [MESSAGE][INFO] - a=$76.50

2019-07-10 18:10:06 - [TEST_STEP][PASSED] - delay(2): Delayed 2 second(s)

2019-07-10 18:10:08 - [MESSAGE][PASSED] - Delayed 2 second(s)

2019-07-10 18:10:08 - [TEST_STEP][PASSED] - click(findTestObject("APOLLO- Desktop/Cart page/Decrease quantity - cart page")): Object: 'Object Repository/APOLLO- Desktop/Cart page/Decrease quantity - cart page' is clicked on

2019-07-10 18:10:08 - [MESSAGE][PASSED] - Object: 'Object Repository/APOLLO- Desktop/Cart page/Decrease quantity - cart page' is clicked on

2019-07-10 18:10:08 - [TEST_STEP][PASSED] - delay(2): Delayed 2 second(s)

2019-07-10 18:10:10 - [MESSAGE][PASSED] - Delayed 2 second(s)

2019-07-10 18:10:10 - [TEST_STEP][PASSED] - click(findTestObject("APOLLO- Desktop/Cart page/Decrease quantity - cart page")): Object: 'Object Repository/APOLLO- Desktop/Cart page/Decrease quantity - cart page' is clicked on

2019-07-10 18:10:11 - [MESSAGE][PASSED] - Object: 'Object Repository/APOLLO- Desktop/Cart page/Decrease quantity - cart page' is clicked on

2019-07-10 18:10:11 - [TEST_STEP][PASSED] - delay(2): Delayed 2 second(s)

2019-07-10 18:10:13 - [MESSAGE][PASSED] - Delayed 2 second(s)

2019-07-10 18:10:13 - [TEST_STEP][PASSED] - click(findTestObject("APOLLO- Desktop/Cart page/Decrease quantity - cart page")): Object: 'Object Repository/APOLLO- Desktop/Cart page/Decrease quantity - cart page' is clicked on

2019-07-10 18:10:13 - [MESSAGE][PASSED] - Object: 'Object Repository/APOLLO- Desktop/Cart page/Decrease quantity - cart page' is clicked on

2019-07-10 18:10:13 - [TEST_STEP][PASSED] - delay(2): Delayed 2 second(s)

2019-07-10 18:10:15 - [MESSAGE][PASSED] - Delayed 2 second(s)

2019-07-10 18:10:15 - [TEST_STEP][PASSED] - setText(findTestObject("APOLLO- Desktop/Cart flyout/CArt quanty update"), "1"): Text '1' is set on object 'Object Repository/APOLLO- Desktop/Cart flyout/CArt quanty update'

2019-07-10 18:10:16 - [MESSAGE][PASSED] - Text '1' is set on object 'Object Repository/APOLLO- Desktop/Cart flyout/CArt quanty update'

2019-07-10 18:10:16 - [TEST_STEP][PASSED] - delay(2): Delayed 2 second(s)

2019-07-10 18:10:18 - [MESSAGE][PASSED] - Delayed 2 second(s)

2019-07-10 18:10:18 - [TEST_STEP][PASSED] - click(findTestObject("APOLLO- Desktop/Cart page/Click outside the page")): Object: 'Object Repository/APOLLO- Desktop/Cart page/Click outside the page' is clicked on

2019-07-10 18:10:19 - [MESSAGE][PASSED] - Object: 'Object Repository/APOLLO- Desktop/Cart page/Click outside the page' is clicked on

2019-07-10 18:10:19 - [TEST_STEP][PASSED] - delay(2): Delayed 2 second(s)

2019-07-10 18:10:21 - [MESSAGE][PASSED] - Delayed 2 second(s)

2019-07-10 18:10:21 - [TEST_STEP][PASSED] - b = getText(findTestObject("APOLLO- Desktop/Cart page/Subtotal in cart page")): Text of object 'Object Repository/APOLLO- Desktop/Cart page/Subtotal in cart page' is: '$30.00'

2019-07-10 18:10:21 - [MESSAGE][PASSED] - Text of object 'Object Repository/APOLLO- Desktop/Cart page/Subtotal in cart page' is: '$30.00'

2019-07-10 18:10:21 - [TEST_STEP][PASSED] - comment("b=" + b): b=$30.00

2019-07-10 18:10:21 - [MESSAGE][INFO] - b=$30.00

2019-07-10 18:10:21 - [TEST_STEP][PASSED] - verifyNotEqual("a", "b"): Actual object 'a' and expected object 'b' are not equal

2019-07-10 18:10:21 - [MESSAGE][PASSED] - Actual object 'a' and expected object 'b' are not equal

2019-07-10 18:10:21 - [TEST_STEP][PASSED] - delay(2): Delayed 2 second(s)

2019-07-10 18:10:23 - [MESSAGE][PASSED] - Delayed 2 second(s)

2019-07-10 18:10:23 - [TEST_STEP][FAILED] - click(findTestObject("APOLLO- Desktop/Cart flyout/Checkout")): click(findTestObject("APOLLO- Desktop/Cart flyout/Checkout")) FAILED.
Reason:
com.kms.katalon.core.exception.StepFailedException: Unable to click on object 'Object Repository/APOLLO- Desktop/Cart flyout/Checkout' (Root cause: org.openqa.selenium.ElementClickInterceptedException: The command failed because the specified element is obscured.
Build info: version: '3.7.1', revision: '8a0099a', time: '2017-11-06T21:07:36.161Z'
System info: host: 'sumans-MacBook-Pro.local', ip: 'fe80:0:0:0:47c:ca88:4245:b7a7%en0', os.name: 'Mac OS X', os.arch: 'x86_64', os.version: '10.13.6', java.version: '1.8.0_181'
Driver info: com.kms.katalon.selenium.driver.CRemoteWebDriver
Capabilities {acceptInsecureCerts: false, browserName: MicrosoftEdge, browserVersion: 44.18362.1.0, javascriptEnabled: true, pageLoadStrategy: normal, platform: WINDOWS, platformName: WINDOWS, proxy: Proxy(), setWindowRect: false, timeouts: {implicit: 0, pageLoad: 300000, script: 30000}}
Session ID: c82aa05f98500d3a835ce50d6ac09f23c1f86afb)
	at com.kms.katalon.core.keyword.internal.KeywordMain.stepFailed(KeywordMain.groovy:36)
	at com.kms.katalon.core.webui.keyword.internal.WebUIKeywordMain.stepFailed(WebUIKeywordMain.groovy:65)
	at com.kms.katalon.core.webui.keyword.internal.WebUIKeywordMain.runKeyword(WebUIKeywordMain.groovy:27)
	at com.kms.katalon.core.webui.keyword.builtin.ClickKeyword.click(ClickKeyword.groovy:86)
	at com.kms.katalon.core.webui.keyword.builtin.ClickKeyword.execute(ClickKeyword.groovy:67)
	at com.kms.katalon.core.keyword.internal.KeywordExecutor.executeKeywordForPlatform(KeywordExecutor.groovy:53)
	at com.kms.katalon.core.webui.keyword.WebUiBuiltInKeywords.click(WebUiBuiltInKeywords.groovy:616)
	at com.kms.katalon.core.webui.keyword.WebUiBuiltInKeywords$click$2.call(Unknown Source)
	at Decrease quantity - cart page.run(Decrease quantity - cart page:118)
	at com.kms.katalon.core.main.ScriptEngine.run(ScriptEngine.java:194)
	at com.kms.katalon.core.main.ScriptEngine.runScriptAsRawText(ScriptEngine.java:119)
	at com.kms.katalon.core.main.TestCaseExecutor.runScript(TestCaseExecutor.java:328)
	at com.kms.katalon.core.main.TestCaseExecutor.doExecute(TestCaseExecutor.java:319)
	at com.kms.katalon.core.main.TestCaseExecutor.processExecutionPhase(TestCaseExecutor.java:298)
	at com.kms.katalon.core.main.TestCaseExecutor.accessMainPhase(TestCaseExecutor.java:290)
	at com.kms.katalon.core.main.TestCaseExecutor.execute(TestCaseExecutor.java:224)
	at com.kms.katalon.core.main.TestSuiteExecutor.accessTestCaseMainPhase(TestSuiteExecutor.java:129)
	at com.kms.katalon.core.main.TestSuiteExecutor.accessTestSuiteMainPhase(TestSuiteExecutor.java:112)
	at com.kms.katalon.core.main.TestSuiteExecutor.execute(TestSuiteExecutor.java:81)
	at com.kms.katalon.core.main.TestCaseMain.startTestSuite(TestCaseMain.java:149)
	at com.kms.katalon.core.main.TestCaseMain$startTestSuite$0.call(Unknown Source)
	at TempTestSuite1562794812628.run(TempTestSuite1562794812628.groovy:36)


2019-07-10 18:10:25 - [MESSAGE][FAILED] - Unable to click on object 'Object Repository/APOLLO- Desktop/Cart flyout/Checkout' (Root cause: org.openqa.selenium.ElementClickInterceptedException: The command failed because the specified element is obscured.
Build info: version: '3.7.1', revision: '8a0099a', time: '2017-11-06T21:07:36.161Z'
System info: host: 'sumans-MacBook-Pro.local', ip: 'fe80:0:0:0:47c:ca88:4245:b7a7%en0', os.name: 'Mac OS X', os.arch: 'x86_64', os.version: '10.13.6', java.version: '1.8.0_181'
Driver info: com.kms.katalon.selenium.driver.CRemoteWebDriver
Capabilities {acceptInsecureCerts: false, browserName: MicrosoftEdge, browserVersion: 44.18362.1.0, javascriptEnabled: true, pageLoadStrategy: normal, platform: WINDOWS, platformName: WINDOWS, proxy: Proxy(), setWindowRect: false, timeouts: {implicit: 0, pageLoad: 300000, script: 30000}}
Session ID: c82aa05f98500d3a835ce50d6ac09f23c1f86afb)
[[ATTACHMENT|/Users/sumankompelly/git/Apollo-Dark-Desktop/Reports/Apollo - dark build/20190710_174012/1562796624210.png]]

2019-07-10 18:10:25 - [MESSAGE][FAILED] - click(findTestObject("APOLLO- Desktop/Cart flyout/Checkout")) FAILED.
Reason:
com.kms.katalon.core.exception.StepFailedException: Unable to click on object 'Object Repository/APOLLO- Desktop/Cart flyout/Checkout' (Root cause: org.openqa.selenium.ElementClickInterceptedException: The command failed because the specified element is obscured.
Build info: version: '3.7.1', revision: '8a0099a', time: '2017-11-06T21:07:36.161Z'
System info: host: 'sumans-MacBook-Pro.local', ip: 'fe80:0:0:0:47c:ca88:4245:b7a7%en0', os.name: 'Mac OS X', os.arch: 'x86_64', os.version: '10.13.6', java.version: '1.8.0_181'
Driver info: com.kms.katalon.selenium.driver.CRemoteWebDriver
Capabilities {acceptInsecureCerts: false, browserName: MicrosoftEdge, browserVersion: 44.18362.1.0, javascriptEnabled: true, pageLoadStrategy: normal, platform: WINDOWS, platformName: WINDOWS, proxy: Proxy(), setWindowRect: false, timeouts: {implicit: 0, pageLoad: 300000, script: 30000}}
Session ID: c82aa05f98500d3a835ce50d6ac09f23c1f86afb)
	at com.kms.katalon.core.keyword.internal.KeywordMain.stepFailed(KeywordMain.groovy:36)
	at com.kms.katalon.core.webui.keyword.internal.WebUIKeywordMain.stepFailed(WebUIKeywordMain.groovy:65)
	at com.kms.katalon.core.webui.keyword.internal.WebUIKeywordMain.runKeyword(WebUIKeywordMain.groovy:27)
	at com.kms.katalon.core.webui.keyword.builtin.ClickKeyword.click(ClickKeyword.groovy:86)
	at com.kms.katalon.core.webui.keyword.builtin.ClickKeyword.execute(ClickKeyword.groovy:67)
	at com.kms.katalon.core.keyword.internal.KeywordExecutor.executeKeywordForPlatform(KeywordExecutor.groovy:53)
	at com.kms.katalon.core.webui.keyword.WebUiBuiltInKeywords.click(WebUiBuiltInKeywords.groovy:616)
	at com.kms.katalon.core.webui.keyword.WebUiBuiltInKeywords$click$2.call(Unknown Source)
	at Decrease quantity - cart page.run(Decrease quantity - cart page:118)
	at com.kms.katalon.core.main.ScriptEngine.run(ScriptEngine.java:194)
	at com.kms.katalon.core.main.ScriptEngine.runScriptAsRawText(ScriptEngine.java:119)
	at com.kms.katalon.core.main.TestCaseExecutor.runScript(TestCaseExecutor.java:328)
	at com.kms.katalon.core.main.TestCaseExecutor.doExecute(TestCaseExecutor.java:319)
	at com.kms.katalon.core.main.TestCaseExecutor.processExecutionPhase(TestCaseExecutor.java:298)
	at com.kms.katalon.core.main.TestCaseExecutor.accessMainPhase(TestCaseExecutor.java:290)
	at com.kms.katalon.core.main.TestCaseExecutor.execute(TestCaseExecutor.java:224)
	at com.kms.katalon.core.main.TestSuiteExecutor.accessTestCaseMainPhase(TestSuiteExecutor.java:129)
	at com.kms.katalon.core.main.TestSuiteExecutor.accessTestSuiteMainPhase(TestSuiteExecutor.java:112)
	at com.kms.katalon.core.main.TestSuiteExecutor.execute(TestSuiteExecutor.java:81)
	at com.kms.katalon.core.main.TestCaseMain.startTestSuite(TestCaseMain.java:149)
	at com.kms.katalon.core.main.TestCaseMain$startTestSuite$0.call(Unknown Source)
	at TempTestSuite1562794812628.run(TempTestSuite1562794812628.groovy:36)]]></system-out>
         <system-err><![CDATA[2019-07-10 18:08:44 - [TEST_CASE][FAILED] - Test Cases/CRITICAL PATH/Decrease quantity - cart page: Test Cases/CRITICAL PATH/Decrease quantity - cart page FAILED.
Reason:
com.kms.katalon.core.exception.StepFailedException: Unable to click on object 'Object Repository/APOLLO- Desktop/Cart flyout/Checkout' (Root cause: org.openqa.selenium.ElementClickInterceptedException: The command failed because the specified element is obscured.
Build info: version: '3.7.1', revision: '8a0099a', time: '2017-11-06T21:07:36.161Z'
System info: host: 'sumans-MacBook-Pro.local', ip: 'fe80:0:0:0:47c:ca88:4245:b7a7%en0', os.name: 'Mac OS X', os.arch: 'x86_64', os.version: '10.13.6', java.version: '1.8.0_181'
Driver info: com.kms.katalon.selenium.driver.CRemoteWebDriver
Capabilities {acceptInsecureCerts: false, browserName: MicrosoftEdge, browserVersion: 44.18362.1.0, javascriptEnabled: true, pageLoadStrategy: normal, platform: WINDOWS, platformName: WINDOWS, proxy: Proxy(), setWindowRect: false, timeouts: {implicit: 0, pageLoad: 300000, script: 30000}}
Session ID: c82aa05f98500d3a835ce50d6ac09f23c1f86afb)
	at com.kms.katalon.core.keyword.internal.KeywordMain.stepFailed(KeywordMain.groovy:36)
	at com.kms.katalon.core.webui.keyword.internal.WebUIKeywordMain.stepFailed(WebUIKeywordMain.groovy:65)
	at com.kms.katalon.core.webui.keyword.internal.WebUIKeywordMain.runKeyword(WebUIKeywordMain.groovy:27)
	at com.kms.katalon.core.webui.keyword.builtin.ClickKeyword.click(ClickKeyword.groovy:86)
	at com.kms.katalon.core.webui.keyword.builtin.ClickKeyword.execute(ClickKeyword.groovy:67)
	at com.kms.katalon.core.keyword.internal.KeywordExecutor.executeKeywordForPlatform(KeywordExecutor.groovy:53)
	at com.kms.katalon.core.webui.keyword.WebUiBuiltInKeywords.click(WebUiBuiltInKeywords.groovy:616)
	at com.kms.katalon.core.webui.keyword.WebUiBuiltInKeywords$click$2.call(Unknown Source)
	at Decrease quantity - cart page.run(Decrease quantity - cart page:118)
	at com.kms.katalon.core.main.ScriptEngine.run(ScriptEngine.java:194)
	at com.kms.katalon.core.main.ScriptEngine.runScriptAsRawText(ScriptEngine.java:119)
	at com.kms.katalon.core.main.TestCaseExecutor.runScript(TestCaseExecutor.java:328)
	at com.kms.katalon.core.main.TestCaseExecutor.doExecute(TestCaseExecutor.java:319)
	at com.kms.katalon.core.main.TestCaseExecutor.processExecutionPhase(TestCaseExecutor.java:298)
	at com.kms.katalon.core.main.TestCaseExecutor.accessMainPhase(TestCaseExecutor.java:290)
	at com.kms.katalon.core.main.TestCaseExecutor.execute(TestCaseExecutor.java:224)
	at com.kms.katalon.core.main.TestSuiteExecutor.accessTestCaseMainPhase(TestSuiteExecutor.java:129)
	at com.kms.katalon.core.main.TestSuiteExecutor.accessTestSuiteMainPhase(TestSuiteExecutor.java:112)
	at com.kms.katalon.core.main.TestSuiteExecutor.execute(TestSuiteExecutor.java:81)
	at com.kms.katalon.core.main.TestCaseMain.startTestSuite(TestCaseMain.java:149)
	at com.kms.katalon.core.main.TestCaseMain$startTestSuite$0.call(Unknown Source)
	at TempTestSuite1562794812628.run(TempTestSuite1562794812628.groovy:36)]]></system-err>
      </testcase>
      <testcase name="Test Cases/CRITICAL PATH/Adding product - Search flyout" classname="Test Cases/CRITICAL PATH/Adding product - Search flyout" status="FAILED">
         <failure type="FAILED" message="Test Cases/CRITICAL PATH/Adding product - Search flyout FAILED.
Reason:
com.kms.katalon.core.exception.StepFailedException: Object 'Object Repository/APOLLO- Desktop/Product page/Add to bag' is NOT clickable
	at com.kms.katalon.core.keyword.internal.KeywordMain.stepFailed(KeywordMain.groovy:32)
	at com.kms.katalon.core.webui.keyword.internal.WebUIKeywordMain.stepFailed(WebUIKeywordMain.groovy:65)
	at com.kms.katalon.core.webui.keyword.builtin.VerifyElementClickableKeyword$_verifyElementClickable_closure1.doCall(VerifyElementClickableKeyword.groovy:83)
	at com.kms.katalon.core.webui.keyword.builtin.VerifyElementClickableKeyword$_verifyElementClickable_closure1.call(VerifyElementClickableKeyword.groovy)
	at com.kms.katalon.core.webui.keyword.internal.WebUIKeywordMain.runKeyword(WebUIKeywordMain.groovy:21)
	at com.kms.katalon.core.webui.keyword.builtin.VerifyElementClickableKeyword.verifyElementClickable(VerifyElementClickableKeyword.groovy:96)
	at com.kms.katalon.core.webui.keyword.builtin.VerifyElementClickableKeyword.execute(VerifyElementClickableKeyword.groovy:67)
	at com.kms.katalon.core.keyword.internal.KeywordExecutor.executeKeywordForPlatform(KeywordExecutor.groovy:53)
	at com.kms.katalon.core.webui.keyword.WebUiBuiltInKeywords.verifyElementClickable(WebUiBuiltInKeywords.groovy:548)
	at com.kms.katalon.core.webui.keyword.WebUiBuiltInKeywords$verifyElementClickable$13.call(Unknown Source)
	at Adding product - Search flyout.run(Adding product - Search flyout:36)
	at com.kms.katalon.core.main.ScriptEngine.run(ScriptEngine.java:194)
	at com.kms.katalon.core.main.ScriptEngine.runScriptAsRawText(ScriptEngine.java:119)
	at com.kms.katalon.core.main.TestCaseExecutor.runScript(TestCaseExecutor.java:328)
	at com.kms.katalon.core.main.TestCaseExecutor.doExecute(TestCaseExecutor.java:319)
	at com.kms.katalon.core.main.TestCaseExecutor.processExecutionPhase(TestCaseExecutor.java:298)
	at com.kms.katalon.core.main.TestCaseExecutor.accessMainPhase(TestCaseExecutor.java:290)
	at com.kms.katalon.core.main.TestCaseExecutor.execute(TestCaseExecutor.java:224)
	at com.kms.katalon.core.main.TestSuiteExecutor.accessTestCaseMainPhase(TestSuiteExecutor.java:129)
	at com.kms.katalon.core.main.TestSuiteExecutor.accessTestSuiteMainPhase(TestSuiteExecutor.java:112)
	at com.kms.katalon.core.main.TestSuiteExecutor.execute(TestSuiteExecutor.java:81)
	at com.kms.katalon.core.main.TestCaseMain.startTestSuite(TestCaseMain.java:149)
	at com.kms.katalon.core.main.TestCaseMain$startTestSuite$0.call(Unknown Source)
	at TempTestSuite1562794812628.run(TempTestSuite1562794812628.groovy:36)
"/>
         <system-out><![CDATA[2019-07-10 18:10:25 - [TEST_CASE][FAILED] - Test Cases/CRITICAL PATH/Adding product - Search flyout: Test Cases/CRITICAL PATH/Adding product - Search flyout FAILED.
Reason:
com.kms.katalon.core.exception.StepFailedException: Object 'Object Repository/APOLLO- Desktop/Product page/Add to bag' is NOT clickable
	at com.kms.katalon.core.keyword.internal.KeywordMain.stepFailed(KeywordMain.groovy:32)
	at com.kms.katalon.core.webui.keyword.internal.WebUIKeywordMain.stepFailed(WebUIKeywordMain.groovy:65)
	at com.kms.katalon.core.webui.keyword.builtin.VerifyElementClickableKeyword$_verifyElementClickable_closure1.doCall(VerifyElementClickableKeyword.groovy:83)
	at com.kms.katalon.core.webui.keyword.builtin.VerifyElementClickableKeyword$_verifyElementClickable_closure1.call(VerifyElementClickableKeyword.groovy)
	at com.kms.katalon.core.webui.keyword.internal.WebUIKeywordMain.runKeyword(WebUIKeywordMain.groovy:21)
	at com.kms.katalon.core.webui.keyword.builtin.VerifyElementClickableKeyword.verifyElementClickable(VerifyElementClickableKeyword.groovy:96)
	at com.kms.katalon.core.webui.keyword.builtin.VerifyElementClickableKeyword.execute(VerifyElementClickableKeyword.groovy:67)
	at com.kms.katalon.core.keyword.internal.KeywordExecutor.executeKeywordForPlatform(KeywordExecutor.groovy:53)
	at com.kms.katalon.core.webui.keyword.WebUiBuiltInKeywords.verifyElementClickable(WebUiBuiltInKeywords.groovy:548)
	at com.kms.katalon.core.webui.keyword.WebUiBuiltInKeywords$verifyElementClickable$13.call(Unknown Source)
	at Adding product - Search flyout.run(Adding product - Search flyout:36)
	at com.kms.katalon.core.main.ScriptEngine.run(ScriptEngine.java:194)
	at com.kms.katalon.core.main.ScriptEngine.runScriptAsRawText(ScriptEngine.java:119)
	at com.kms.katalon.core.main.TestCaseExecutor.runScript(TestCaseExecutor.java:328)
	at com.kms.katalon.core.main.TestCaseExecutor.doExecute(TestCaseExecutor.java:319)
	at com.kms.katalon.core.main.TestCaseExecutor.processExecutionPhase(TestCaseExecutor.java:298)
	at com.kms.katalon.core.main.TestCaseExecutor.accessMainPhase(TestCaseExecutor.java:290)
	at com.kms.katalon.core.main.TestCaseExecutor.execute(TestCaseExecutor.java:224)
	at com.kms.katalon.core.main.TestSuiteExecutor.accessTestCaseMainPhase(TestSuiteExecutor.java:129)
	at com.kms.katalon.core.main.TestSuiteExecutor.accessTestSuiteMainPhase(TestSuiteExecutor.java:112)
	at com.kms.katalon.core.main.TestSuiteExecutor.execute(TestSuiteExecutor.java:81)
	at com.kms.katalon.core.main.TestCaseMain.startTestSuite(TestCaseMain.java:149)
	at com.kms.katalon.core.main.TestCaseMain$startTestSuite$0.call(Unknown Source)
	at TempTestSuite1562794812628.run(TempTestSuite1562794812628.groovy:36)


2019-07-10 18:10:25 - [TEST_STEP][PASSED] - callTestCase(findTestCase("CALL - URL"), [:], STOP_ON_FAILURE): Call Test Case 'Test Cases/CALL - URL' successfully

2019-07-10 18:10:25 - [TEST_CASE][PASSED] - Test Cases/CALL - URL: Test Cases/CALL - URL

2019-07-10 18:10:25 - [TEST_STEP][PASSED] - openBrowser(""): Browser is opened with url: ''

2019-07-10 18:10:25 - [MESSAGE][WARNING] - A browser is already opened. Closing browser and opening a new one

2019-07-10 18:10:27 - [MESSAGE][INFO] - Starting 'Remote' driver

2019-07-10 18:10:27 - [MESSAGE][INFO] - User set preference: ['os', 'Windows']

2019-07-10 18:10:27 - [MESSAGE][INFO] - User set preference: ['os_version', '10']

2019-07-10 18:10:27 - [MESSAGE][INFO] - User set preference: ['browser', 'Edge']

2019-07-10 18:10:27 - [MESSAGE][INFO] - User set preference: ['browser_version', '18.0']

2019-07-10 18:10:27 - [MESSAGE][INFO] - User set preference: ['resolution', '']

2019-07-10 18:10:27 - [MESSAGE][INFO] - Connecting to remote web server 'https://dianatest3:Z3oqw9ysqTeRQJq5wFCp@hub-cloud.browserstack.com/wd/hub' with type 'Selenium'

2019-07-10 18:10:39 - [MESSAGE][PASSED] - Browser is opened with url: ''

2019-07-10 18:10:39 - [TEST_STEP][PASSED] - navigateToUrl("https://diff-apollo.myshopify.com/?_ab=0&_fd=0&_sc=1&preview_theme_id=68640637028"): Navigate to 'https://diff-apollo.myshopify.com/?_ab=0&_fd=0&_sc=1&preview_theme_id=68640637028' successfully

2019-07-10 18:10:54 - [MESSAGE][PASSED] - Navigate to 'https://diff-apollo.myshopify.com/?_ab=0&_fd=0&_sc=1&preview_theme_id=68640637028' successfully

2019-07-10 18:10:54 - [TEST_STEP][NOT_RUN] - executeJavaScript("var previewBar = document.getElementById("preview-bar-iframe"); previewBar.style.display = "none";", []): NOT_RUN: executeJavaScript("var previewBar = document.getElementById("preview-bar-iframe"); previewBar.style.display = "none";", [])

2019-07-10 18:10:54 - [MESSAGE][NOT_RUN] - NOT_RUN: executeJavaScript("var previewBar = document.getElementById("preview-bar-iframe"); previewBar.style.display = "none";", [])

2019-07-10 18:10:54 - [TEST_STEP][PASSED] - maximizeWindow(): Current window maximized

2019-07-10 18:10:55 - [MESSAGE][PASSED] - Current window maximized

2019-07-10 18:10:55 - [MESSAGE][PASSED] - Call Test Case 'Test Cases/CALL - URL' successfully

2019-07-10 18:10:55 - [TEST_STEP][PASSED] - delay(2): Delayed 2 second(s)

2019-07-10 18:10:57 - [MESSAGE][PASSED] - Delayed 2 second(s)

2019-07-10 18:10:57 - [TEST_STEP][PASSED] - click(findTestObject("APOLLO- Desktop/Home page/Search input")): Object: 'Object Repository/APOLLO- Desktop/Home page/Search input' is clicked on

2019-07-10 18:10:58 - [MESSAGE][PASSED] - Object: 'Object Repository/APOLLO- Desktop/Home page/Search input' is clicked on

2019-07-10 18:10:58 - [TEST_STEP][PASSED] - delay(1): Delayed 1 second(s)

2019-07-10 18:10:59 - [MESSAGE][PASSED] - Delayed 1 second(s)

2019-07-10 18:10:59 - [TEST_STEP][PASSED] - setText(findTestObject("APOLLO- Desktop/Home page/Search input box to enter"), "jacket"): Text 'jacket' is set on object 'Object Repository/APOLLO- Desktop/Home page/Search input box to enter'

2019-07-10 18:11:00 - [MESSAGE][PASSED] - Text 'jacket' is set on object 'Object Repository/APOLLO- Desktop/Home page/Search input box to enter'

2019-07-10 18:11:00 - [TEST_STEP][PASSED] - delay(1): Delayed 1 second(s)

2019-07-10 18:11:01 - [MESSAGE][PASSED] - Delayed 1 second(s)

2019-07-10 18:11:01 - [TEST_STEP][PASSED] - click(findTestObject("APOLLO- Desktop/Home page/2nd product - search flyout")): Object: 'Object Repository/APOLLO- Desktop/Home page/2nd product - search flyout' is clicked on

2019-07-10 18:11:02 - [MESSAGE][PASSED] - Object: 'Object Repository/APOLLO- Desktop/Home page/2nd product - search flyout' is clicked on

2019-07-10 18:11:02 - [TEST_STEP][PASSED] - delay(1): Delayed 1 second(s)

2019-07-10 18:11:03 - [MESSAGE][PASSED] - Delayed 1 second(s)

2019-07-10 18:11:03 - [TEST_STEP][PASSED] - selectOptionByValue(findTestObject("APOLLO- Desktop/Product page/Color dropdown"), "White", true): All options with value 'White' are selected in object 'Object Repository/APOLLO- Desktop/Product page/Color dropdown'  using regular expression

2019-07-10 18:11:10 - [MESSAGE][PASSED] - All options with value 'White' are selected in object 'Object Repository/APOLLO- Desktop/Product page/Color dropdown'  using regular expression

2019-07-10 18:11:10 - [TEST_STEP][PASSED] - delay(1): Delayed 1 second(s)

2019-07-10 18:11:11 - [MESSAGE][PASSED] - Delayed 1 second(s)

2019-07-10 18:11:11 - [TEST_STEP][FAILED] - a = verifyElementClickable(findTestObject("APOLLO- Desktop/Product page/Add to bag"), CONTINUE_ON_FAILURE): Object 'Object Repository/APOLLO- Desktop/Product page/Add to bag' is NOT clickable

2019-07-10 18:11:13 - [MESSAGE][FAILED] - Object 'Object Repository/APOLLO- Desktop/Product page/Add to bag' is NOT clickable
[[ATTACHMENT|/Users/sumankompelly/git/Apollo-Dark-Desktop/Reports/Apollo - dark build/20190710_174012/1562796671971.png]]

2019-07-10 18:11:13 - [TEST_STEP][PASSED] - comment("a=" + a): a=false

2019-07-10 18:11:13 - [MESSAGE][INFO] - a=false

2019-07-10 18:11:13 - [TEST_STEP][PASSED] - if (a == true): null

2019-07-10 18:11:13 - [TEST_STEP][PASSED] - else:  product sold out 

2019-07-10 18:11:13 - [TEST_STEP][PASSED] - comment(" product sold out "):  product sold out 

2019-07-10 18:11:13 - [MESSAGE][INFO] -  product sold out 

2019-07-10 18:11:13 - [TEST_STEP][PASSED] - selectOptionByValue(findTestObject("APOLLO- Desktop/Product page/Color dropdown"), "Black", true): All options with value 'Black' are selected in object 'Object Repository/APOLLO- Desktop/Product page/Color dropdown'  using regular expression

2019-07-10 18:11:15 - [MESSAGE][PASSED] - All options with value 'Black' are selected in object 'Object Repository/APOLLO- Desktop/Product page/Color dropdown'  using regular expression

2019-07-10 18:11:15 - [TEST_STEP][PASSED] - click(findTestObject("APOLLO- Desktop/Product page/Add to bag")): Object: 'Object Repository/APOLLO- Desktop/Product page/Add to bag' is clicked on

2019-07-10 18:11:15 - [MESSAGE][PASSED] - Object: 'Object Repository/APOLLO- Desktop/Product page/Add to bag' is clicked on

2019-07-10 18:11:15 - [TEST_STEP][PASSED] - delay(2): Delayed 2 second(s)

2019-07-10 18:11:17 - [MESSAGE][PASSED] - Delayed 2 second(s)

2019-07-10 18:11:17 - [TEST_STEP][NOT_RUN] - executeJavaScript("var previewBar = document.getElementById("preview-bar-iframe"); previewBar.style.display = "none";", []): NOT_RUN: executeJavaScript("var previewBar = document.getElementById("preview-bar-iframe"); previewBar.style.display = "none";", [])

2019-07-10 18:11:17 - [MESSAGE][NOT_RUN] - NOT_RUN: executeJavaScript("var previewBar = document.getElementById("preview-bar-iframe"); previewBar.style.display = "none";", [])

2019-07-10 18:11:17 - [TEST_STEP][PASSED] - click(findTestObject("APOLLO- Desktop/Cart flyout/Checkout")): Object: 'Object Repository/APOLLO- Desktop/Cart flyout/Checkout' is clicked on

2019-07-10 18:11:18 - [MESSAGE][PASSED] - Object: 'Object Repository/APOLLO- Desktop/Cart flyout/Checkout' is clicked on

2019-07-10 18:11:18 - [TEST_STEP][PASSED] - delay(1): Delayed 1 second(s)

2019-07-10 18:11:19 - [MESSAGE][PASSED] - Delayed 1 second(s)

2019-07-10 18:11:19 - [TEST_STEP][FAILED] - callTestCase(findTestCase("CALL- CUSTOMER INFO PAGE"), [:], STOP_ON_FAILURE): callTestCase(findTestCase("CALL- CUSTOMER INFO PAGE"), [:], STOP_ON_FAILURE) FAILED.
Reason:
com.kms.katalon.core.exception.StepFailedException: Object 'Object Repository/APOLLO- Desktop/Product page/Add to bag' is NOT clickable
	at com.kms.katalon.core.keyword.internal.KeywordMain.stepFailed(KeywordMain.groovy:32)
	at com.kms.katalon.core.webui.keyword.internal.WebUIKeywordMain.stepFailed(WebUIKeywordMain.groovy:65)
	at com.kms.katalon.core.webui.keyword.builtin.VerifyElementClickableKeyword$_verifyElementClickable_closure1.doCall(VerifyElementClickableKeyword.groovy:83)
	at com.kms.katalon.core.webui.keyword.builtin.VerifyElementClickableKeyword$_verifyElementClickable_closure1.call(VerifyElementClickableKeyword.groovy)
	at com.kms.katalon.core.webui.keyword.internal.WebUIKeywordMain.runKeyword(WebUIKeywordMain.groovy:21)
	at com.kms.katalon.core.webui.keyword.builtin.VerifyElementClickableKeyword.verifyElementClickable(VerifyElementClickableKeyword.groovy:96)
	at com.kms.katalon.core.webui.keyword.builtin.VerifyElementClickableKeyword.execute(VerifyElementClickableKeyword.groovy:67)
	at com.kms.katalon.core.keyword.internal.KeywordExecutor.executeKeywordForPlatform(KeywordExecutor.groovy:53)
	at com.kms.katalon.core.webui.keyword.WebUiBuiltInKeywords.verifyElementClickable(WebUiBuiltInKeywords.groovy:548)
	at com.kms.katalon.core.webui.keyword.WebUiBuiltInKeywords$verifyElementClickable$13.call(Unknown Source)
	at Adding product - Search flyout.run(Adding product - Search flyout:36)
	at com.kms.katalon.core.main.ScriptEngine.run(ScriptEngine.java:194)
	at com.kms.katalon.core.main.ScriptEngine.runScriptAsRawText(ScriptEngine.java:119)
	at com.kms.katalon.core.main.TestCaseExecutor.runScript(TestCaseExecutor.java:328)
	at com.kms.katalon.core.main.TestCaseExecutor.doExecute(TestCaseExecutor.java:319)
	at com.kms.katalon.core.main.TestCaseExecutor.processExecutionPhase(TestCaseExecutor.java:298)
	at com.kms.katalon.core.main.TestCaseExecutor.accessMainPhase(TestCaseExecutor.java:290)
	at com.kms.katalon.core.main.TestCaseExecutor.execute(TestCaseExecutor.java:224)
	at com.kms.katalon.core.main.TestSuiteExecutor.accessTestCaseMainPhase(TestSuiteExecutor.java:129)
	at com.kms.katalon.core.main.TestSuiteExecutor.accessTestSuiteMainPhase(TestSuiteExecutor.java:112)
	at com.kms.katalon.core.main.TestSuiteExecutor.execute(TestSuiteExecutor.java:81)
	at com.kms.katalon.core.main.TestCaseMain.startTestSuite(TestCaseMain.java:149)
	at com.kms.katalon.core.main.TestCaseMain$startTestSuite$0.call(Unknown Source)
	at TempTestSuite1562794812628.run(TempTestSuite1562794812628.groovy:36)


2019-07-10 18:11:19 - [TEST_CASE][FAILED] - Test Cases/CALL- CUSTOMER INFO PAGE: Test Cases/CALL- CUSTOMER INFO PAGE FAILED.
Reason:
com.kms.katalon.core.exception.StepFailedException: Unable to select option by value 'United States' of object 'Object Repository/APOLLO- Desktop/Customer Information page/Country dropdown'  using regular expression (Root cause: org.openqa.selenium.ElementClickInterceptedException: The command failed because the specified element is obscured.
Build info: version: '3.7.1', revision: '8a0099a', time: '2017-11-06T21:07:36.161Z'
System info: host: 'sumans-MacBook-Pro.local', ip: 'fe80:0:0:0:47c:ca88:4245:b7a7%en0', os.name: 'Mac OS X', os.arch: 'x86_64', os.version: '10.13.6', java.version: '1.8.0_181'
Driver info: com.kms.katalon.selenium.driver.CRemoteWebDriver
Capabilities {acceptInsecureCerts: false, browserName: MicrosoftEdge, browserVersion: 44.18362.1.0, javascriptEnabled: true, pageLoadStrategy: normal, platform: WINDOWS, platformName: WINDOWS, proxy: Proxy(), setWindowRect: false, timeouts: {implicit: 0, pageLoad: 300000, script: 30000}}
Session ID: a68615344d3e6242431e79d83872f9f5590f4d5d)
	at com.kms.katalon.core.keyword.internal.KeywordMain.stepFailed(KeywordMain.groovy:36)
	at com.kms.katalon.core.webui.keyword.internal.WebUIKeywordMain.stepFailed(WebUIKeywordMain.groovy:65)
	at com.kms.katalon.core.webui.keyword.internal.WebUIKeywordMain.runKeyword(WebUIKeywordMain.groovy:27)
	at com.kms.katalon.core.webui.keyword.builtin.SelectOptionByValueKeyword.selectOptionByValue(SelectOptionByValueKeyword.groovy:99)
	at com.kms.katalon.core.webui.keyword.builtin.SelectOptionByValueKeyword.execute(SelectOptionByValueKeyword.groovy:71)
	at com.kms.katalon.core.keyword.internal.KeywordExecutor.executeKeywordForPlatform(KeywordExecutor.groovy:53)
	at com.kms.katalon.core.webui.keyword.WebUiBuiltInKeywords.selectOptionByValue(WebUiBuiltInKeywords.groovy:1138)
	at com.kms.katalon.core.webui.keyword.WebUiBuiltInKeywords$selectOptionByValue$11.call(Unknown Source)
	at CALL- CUSTOMER INFO PAGE.run(CALL- CUSTOMER INFO PAGE:39)
	at com.kms.katalon.core.main.ScriptEngine.run(ScriptEngine.java:194)
	at com.kms.katalon.core.main.ScriptEngine.runScriptAsRawText(ScriptEngine.java:119)
	at com.kms.katalon.core.main.TestCaseExecutor.runScript(TestCaseExecutor.java:328)
	at com.kms.katalon.core.main.TestCaseExecutor.doExecute(TestCaseExecutor.java:319)
	at com.kms.katalon.core.main.TestCaseExecutor.processExecutionPhase(TestCaseExecutor.java:298)
	at com.kms.katalon.core.main.TestCaseExecutor.accessMainPhase(TestCaseExecutor.java:290)
	at com.kms.katalon.core.main.TestCaseExecutor.execute(TestCaseExecutor.java:224)
	at com.kms.katalon.core.main.TestCaseMain.runTestCase(TestCaseMain.java:106)
	at com.kms.katalon.core.keyword.builtin.CallTestCaseKeyword$_callTestCase_closure1.doCall(CallTestCaseKeyword.groovy:59)
	at com.kms.katalon.core.keyword.builtin.CallTestCaseKeyword$_callTestCase_closure1.call(CallTestCaseKeyword.groovy)
	at com.kms.katalon.core.keyword.internal.KeywordMain.runKeyword(KeywordMain.groovy:54)
	at com.kms.katalon.core.keyword.builtin.CallTestCaseKeyword.callTestCase(CallTestCaseKeyword.groovy:80)
	at com.kms.katalon.core.keyword.builtin.CallTestCaseKeyword.execute(CallTestCaseKeyword.groovy:44)
	at com.kms.katalon.core.keyword.internal.KeywordExecutor.executeKeywordForPlatform(KeywordExecutor.groovy:53)
	at com.kms.katalon.core.keyword.BuiltinKeywords.callTestCase(BuiltinKeywords.groovy:334)
	at Adding product - Search flyout.run(Adding product - Search flyout:59)
	at com.kms.katalon.core.main.ScriptEngine.run(ScriptEngine.java:194)
	at com.kms.katalon.core.main.ScriptEngine.runScriptAsRawText(ScriptEngine.java:119)
	at com.kms.katalon.core.main.TestCaseExecutor.runScript(TestCaseExecutor.java:328)
	at com.kms.katalon.core.main.TestCaseExecutor.doExecute(TestCaseExecutor.java:319)
	at com.kms.katalon.core.main.TestCaseExecutor.processExecutionPhase(TestCaseExecutor.java:298)
	at com.kms.katalon.core.main.TestCaseExecutor.accessMainPhase(TestCaseExecutor.java:290)
	at com.kms.katalon.core.main.TestCaseExecutor.execute(TestCaseExecutor.java:224)
	at com.kms.katalon.core.main.TestSuiteExecutor.accessTestCaseMainPhase(TestSuiteExecutor.java:129)
	at com.kms.katalon.core.main.TestSuiteExecutor.accessTestSuiteMainPhase(TestSuiteExecutor.java:112)
	at com.kms.katalon.core.main.TestSuiteExecutor.execute(TestSuiteExecutor.java:81)
	at com.kms.katalon.core.main.TestCaseMain.startTestSuite(TestCaseMain.java:149)
	at com.kms.katalon.core.main.TestCaseMain$startTestSuite$0.call(Unknown Source)
	at TempTestSuite1562794812628.run(TempTestSuite1562794812628.groovy:36)


2019-07-10 18:11:19 - [TEST_STEP][PASSED] - delay(2): Delayed 2 second(s)

2019-07-10 18:11:21 - [MESSAGE][PASSED] - Delayed 2 second(s)

2019-07-10 18:11:21 - [TEST_STEP][NOT_RUN] - executeJavaScript("var previewBar = document.getElementById("preview-bar-iframe"); previewBar.style.display = "none";", []): NOT_RUN: executeJavaScript("var previewBar = document.getElementById("preview-bar-iframe"); previewBar.style.display = "none";", [])

2019-07-10 18:11:21 - [MESSAGE][NOT_RUN] - NOT_RUN: executeJavaScript("var previewBar = document.getElementById("preview-bar-iframe"); previewBar.style.display = "none";", [])

2019-07-10 18:11:21 - [TEST_STEP][PASSED] - setText(findTestObject("APOLLO- Desktop/Customer Information page/Email"), "suman@gmail.com"): Text 'suman@gmail.com' is set on object 'Object Repository/APOLLO- Desktop/Customer Information page/Email'

2019-07-10 18:11:23 - [MESSAGE][PASSED] - Text 'suman@gmail.com' is set on object 'Object Repository/APOLLO- Desktop/Customer Information page/Email'

2019-07-10 18:11:23 - [TEST_STEP][PASSED] - delay(2): Delayed 2 second(s)

2019-07-10 18:11:25 - [MESSAGE][PASSED] - Delayed 2 second(s)

2019-07-10 18:11:25 - [TEST_STEP][PASSED] - setText(findTestObject("APOLLO- Desktop/Customer Information page/First name"), "suman"): Text 'suman' is set on object 'Object Repository/APOLLO- Desktop/Customer Information page/First name'

2019-07-10 18:11:27 - [MESSAGE][PASSED] - Text 'suman' is set on object 'Object Repository/APOLLO- Desktop/Customer Information page/First name'

2019-07-10 18:11:27 - [TEST_STEP][PASSED] - delay(2): Delayed 2 second(s)

2019-07-10 18:11:29 - [MESSAGE][PASSED] - Delayed 2 second(s)

2019-07-10 18:11:29 - [TEST_STEP][PASSED] - setText(findTestObject("APOLLO- Desktop/Customer Information page/Last name"), "kompelly"): Text 'kompelly' is set on object 'Object Repository/APOLLO- Desktop/Customer Information page/Last name'

2019-07-10 18:11:30 - [MESSAGE][PASSED] - Text 'kompelly' is set on object 'Object Repository/APOLLO- Desktop/Customer Information page/Last name'

2019-07-10 18:11:30 - [TEST_STEP][PASSED] - delay(2): Delayed 2 second(s)

2019-07-10 18:11:32 - [MESSAGE][PASSED] - Delayed 2 second(s)

2019-07-10 18:11:32 - [TEST_STEP][PASSED] - setText(findTestObject("APOLLO- Desktop/Customer Information page/Address"), "1435 st alxendre"): Text '1435 st alxendre' is set on object 'Object Repository/APOLLO- Desktop/Customer Information page/Address'

2019-07-10 18:11:33 - [MESSAGE][PASSED] - Text '1435 st alxendre' is set on object 'Object Repository/APOLLO- Desktop/Customer Information page/Address'

2019-07-10 18:11:33 - [TEST_STEP][PASSED] - setText(findTestObject("APOLLO- Desktop/Customer Information page/Apartment"), "220"): Text '220' is set on object 'Object Repository/APOLLO- Desktop/Customer Information page/Apartment'

2019-07-10 18:11:35 - [MESSAGE][PASSED] - Text '220' is set on object 'Object Repository/APOLLO- Desktop/Customer Information page/Apartment'

2019-07-10 18:11:35 - [TEST_STEP][PASSED] - setText(findTestObject("APOLLO- Desktop/Customer Information page/City"), "montreal"): Text 'montreal' is set on object 'Object Repository/APOLLO- Desktop/Customer Information page/City'

2019-07-10 18:11:36 - [MESSAGE][PASSED] - Text 'montreal' is set on object 'Object Repository/APOLLO- Desktop/Customer Information page/City'

2019-07-10 18:11:36 - [TEST_STEP][FAILED] - selectOptionByValue(findTestObject("APOLLO- Desktop/Customer Information page/Country dropdown"), "United States", true): selectOptionByValue(findTestObject("APOLLO- Desktop/Customer Information page/Country dropdown"), "United States", true) FAILED.
Reason:
com.kms.katalon.core.exception.StepFailedException: Unable to select option by value 'United States' of object 'Object Repository/APOLLO- Desktop/Customer Information page/Country dropdown'  using regular expression (Root cause: org.openqa.selenium.ElementClickInterceptedException: The command failed because the specified element is obscured.
Build info: version: '3.7.1', revision: '8a0099a', time: '2017-11-06T21:07:36.161Z'
System info: host: 'sumans-MacBook-Pro.local', ip: 'fe80:0:0:0:47c:ca88:4245:b7a7%en0', os.name: 'Mac OS X', os.arch: 'x86_64', os.version: '10.13.6', java.version: '1.8.0_181'
Driver info: com.kms.katalon.selenium.driver.CRemoteWebDriver
Capabilities {acceptInsecureCerts: false, browserName: MicrosoftEdge, browserVersion: 44.18362.1.0, javascriptEnabled: true, pageLoadStrategy: normal, platform: WINDOWS, platformName: WINDOWS, proxy: Proxy(), setWindowRect: false, timeouts: {implicit: 0, pageLoad: 300000, script: 30000}}
Session ID: a68615344d3e6242431e79d83872f9f5590f4d5d)
	at com.kms.katalon.core.keyword.internal.KeywordMain.stepFailed(KeywordMain.groovy:36)
	at com.kms.katalon.core.webui.keyword.internal.WebUIKeywordMain.stepFailed(WebUIKeywordMain.groovy:65)
	at com.kms.katalon.core.webui.keyword.internal.WebUIKeywordMain.runKeyword(WebUIKeywordMain.groovy:27)
	at com.kms.katalon.core.webui.keyword.builtin.SelectOptionByValueKeyword.selectOptionByValue(SelectOptionByValueKeyword.groovy:99)
	at com.kms.katalon.core.webui.keyword.builtin.SelectOptionByValueKeyword.execute(SelectOptionByValueKeyword.groovy:71)
	at com.kms.katalon.core.keyword.internal.KeywordExecutor.executeKeywordForPlatform(KeywordExecutor.groovy:53)
	at com.kms.katalon.core.webui.keyword.WebUiBuiltInKeywords.selectOptionByValue(WebUiBuiltInKeywords.groovy:1138)
	at com.kms.katalon.core.webui.keyword.WebUiBuiltInKeywords$selectOptionByValue$11.call(Unknown Source)
	at CALL- CUSTOMER INFO PAGE.run(CALL- CUSTOMER INFO PAGE:39)
	at com.kms.katalon.core.main.ScriptEngine.run(ScriptEngine.java:194)
	at com.kms.katalon.core.main.ScriptEngine.runScriptAsRawText(ScriptEngine.java:119)
	at com.kms.katalon.core.main.TestCaseExecutor.runScript(TestCaseExecutor.java:328)
	at com.kms.katalon.core.main.TestCaseExecutor.doExecute(TestCaseExecutor.java:319)
	at com.kms.katalon.core.main.TestCaseExecutor.processExecutionPhase(TestCaseExecutor.java:298)
	at com.kms.katalon.core.main.TestCaseExecutor.accessMainPhase(TestCaseExecutor.java:290)
	at com.kms.katalon.core.main.TestCaseExecutor.execute(TestCaseExecutor.java:224)
	at com.kms.katalon.core.main.TestCaseMain.runTestCase(TestCaseMain.java:106)
	at com.kms.katalon.core.keyword.builtin.CallTestCaseKeyword$_callTestCase_closure1.doCall(CallTestCaseKeyword.groovy:59)
	at com.kms.katalon.core.keyword.builtin.CallTestCaseKeyword$_callTestCase_closure1.call(CallTestCaseKeyword.groovy)
	at com.kms.katalon.core.keyword.internal.KeywordMain.runKeyword(KeywordMain.groovy:54)
	at com.kms.katalon.core.keyword.builtin.CallTestCaseKeyword.callTestCase(CallTestCaseKeyword.groovy:80)
	at com.kms.katalon.core.keyword.builtin.CallTestCaseKeyword.execute(CallTestCaseKeyword.groovy:44)
	at com.kms.katalon.core.keyword.internal.KeywordExecutor.executeKeywordForPlatform(KeywordExecutor.groovy:53)
	at com.kms.katalon.core.keyword.BuiltinKeywords.callTestCase(BuiltinKeywords.groovy:334)
	at Adding product - Search flyout.run(Adding product - Search flyout:59)
	at com.kms.katalon.core.main.ScriptEngine.run(ScriptEngine.java:194)
	at com.kms.katalon.core.main.ScriptEngine.runScriptAsRawText(ScriptEngine.java:119)
	at com.kms.katalon.core.main.TestCaseExecutor.runScript(TestCaseExecutor.java:328)
	at com.kms.katalon.core.main.TestCaseExecutor.doExecute(TestCaseExecutor.java:319)
	at com.kms.katalon.core.main.TestCaseExecutor.processExecutionPhase(TestCaseExecutor.java:298)
	at com.kms.katalon.core.main.TestCaseExecutor.accessMainPhase(TestCaseExecutor.java:290)
	at com.kms.katalon.core.main.TestCaseExecutor.execute(TestCaseExecutor.java:224)
	at com.kms.katalon.core.main.TestSuiteExecutor.accessTestCaseMainPhase(TestSuiteExecutor.java:129)
	at com.kms.katalon.core.main.TestSuiteExecutor.accessTestSuiteMainPhase(TestSuiteExecutor.java:112)
	at com.kms.katalon.core.main.TestSuiteExecutor.execute(TestSuiteExecutor.java:81)
	at com.kms.katalon.core.main.TestCaseMain.startTestSuite(TestCaseMain.java:149)
	at com.kms.katalon.core.main.TestCaseMain$startTestSuite$0.call(Unknown Source)
	at TempTestSuite1562794812628.run(TempTestSuite1562794812628.groovy:36)


2019-07-10 18:12:28 - [MESSAGE][FAILED] - Unable to select option by value 'United States' of object 'Object Repository/APOLLO- Desktop/Customer Information page/Country dropdown'  using regular expression (Root cause: org.openqa.selenium.ElementClickInterceptedException: The command failed because the specified element is obscured.
Build info: version: '3.7.1', revision: '8a0099a', time: '2017-11-06T21:07:36.161Z'
System info: host: 'sumans-MacBook-Pro.local', ip: 'fe80:0:0:0:47c:ca88:4245:b7a7%en0', os.name: 'Mac OS X', os.arch: 'x86_64', os.version: '10.13.6', java.version: '1.8.0_181'
Driver info: com.kms.katalon.selenium.driver.CRemoteWebDriver
Capabilities {acceptInsecureCerts: false, browserName: MicrosoftEdge, browserVersion: 44.18362.1.0, javascriptEnabled: true, pageLoadStrategy: normal, platform: WINDOWS, platformName: WINDOWS, proxy: Proxy(), setWindowRect: false, timeouts: {implicit: 0, pageLoad: 300000, script: 30000}}
Session ID: a68615344d3e6242431e79d83872f9f5590f4d5d)
[[ATTACHMENT|/Users/sumankompelly/git/Apollo-Dark-Desktop/Reports/Apollo - dark build/20190710_174012/1562796747796.png]]

2019-07-10 18:12:28 - [MESSAGE][FAILED] - selectOptionByValue(findTestObject("APOLLO- Desktop/Customer Information page/Country dropdown"), "United States", true) FAILED.
Reason:
com.kms.katalon.core.exception.StepFailedException: Unable to select option by value 'United States' of object 'Object Repository/APOLLO- Desktop/Customer Information page/Country dropdown'  using regular expression (Root cause: org.openqa.selenium.ElementClickInterceptedException: The command failed because the specified element is obscured.
Build info: version: '3.7.1', revision: '8a0099a', time: '2017-11-06T21:07:36.161Z'
System info: host: 'sumans-MacBook-Pro.local', ip: 'fe80:0:0:0:47c:ca88:4245:b7a7%en0', os.name: 'Mac OS X', os.arch: 'x86_64', os.version: '10.13.6', java.version: '1.8.0_181'
Driver info: com.kms.katalon.selenium.driver.CRemoteWebDriver
Capabilities {acceptInsecureCerts: false, browserName: MicrosoftEdge, browserVersion: 44.18362.1.0, javascriptEnabled: true, pageLoadStrategy: normal, platform: WINDOWS, platformName: WINDOWS, proxy: Proxy(), setWindowRect: false, timeouts: {implicit: 0, pageLoad: 300000, script: 30000}}
Session ID: a68615344d3e6242431e79d83872f9f5590f4d5d)
	at com.kms.katalon.core.keyword.internal.KeywordMain.stepFailed(KeywordMain.groovy:36)
	at com.kms.katalon.core.webui.keyword.internal.WebUIKeywordMain.stepFailed(WebUIKeywordMain.groovy:65)
	at com.kms.katalon.core.webui.keyword.internal.WebUIKeywordMain.runKeyword(WebUIKeywordMain.groovy:27)
	at com.kms.katalon.core.webui.keyword.builtin.SelectOptionByValueKeyword.selectOptionByValue(SelectOptionByValueKeyword.groovy:99)
	at com.kms.katalon.core.webui.keyword.builtin.SelectOptionByValueKeyword.execute(SelectOptionByValueKeyword.groovy:71)
	at com.kms.katalon.core.keyword.internal.KeywordExecutor.executeKeywordForPlatform(KeywordExecutor.groovy:53)
	at com.kms.katalon.core.webui.keyword.WebUiBuiltInKeywords.selectOptionByValue(WebUiBuiltInKeywords.groovy:1138)
	at com.kms.katalon.core.webui.keyword.WebUiBuiltInKeywords$selectOptionByValue$11.call(Unknown Source)
	at CALL- CUSTOMER INFO PAGE.run(CALL- CUSTOMER INFO PAGE:39)
	at com.kms.katalon.core.main.ScriptEngine.run(ScriptEngine.java:194)
	at com.kms.katalon.core.main.ScriptEngine.runScriptAsRawText(ScriptEngine.java:119)
	at com.kms.katalon.core.main.TestCaseExecutor.runScript(TestCaseExecutor.java:328)
	at com.kms.katalon.core.main.TestCaseExecutor.doExecute(TestCaseExecutor.java:319)
	at com.kms.katalon.core.main.TestCaseExecutor.processExecutionPhase(TestCaseExecutor.java:298)
	at com.kms.katalon.core.main.TestCaseExecutor.accessMainPhase(TestCaseExecutor.java:290)
	at com.kms.katalon.core.main.TestCaseExecutor.execute(TestCaseExecutor.java:224)
	at com.kms.katalon.core.main.TestCaseMain.runTestCase(TestCaseMain.java:106)
	at com.kms.katalon.core.keyword.builtin.CallTestCaseKeyword$_callTestCase_closure1.doCall(CallTestCaseKeyword.groovy:59)
	at com.kms.katalon.core.keyword.builtin.CallTestCaseKeyword$_callTestCase_closure1.call(CallTestCaseKeyword.groovy)
	at com.kms.katalon.core.keyword.internal.KeywordMain.runKeyword(KeywordMain.groovy:54)
	at com.kms.katalon.core.keyword.builtin.CallTestCaseKeyword.callTestCase(CallTestCaseKeyword.groovy:80)
	at com.kms.katalon.core.keyword.builtin.CallTestCaseKeyword.execute(CallTestCaseKeyword.groovy:44)
	at com.kms.katalon.core.keyword.internal.KeywordExecutor.executeKeywordForPlatform(KeywordExecutor.groovy:53)
	at com.kms.katalon.core.keyword.BuiltinKeywords.callTestCase(BuiltinKeywords.groovy:334)
	at Adding product - Search flyout.run(Adding product - Search flyout:59)
	at com.kms.katalon.core.main.ScriptEngine.run(ScriptEngine.java:194)
	at com.kms.katalon.core.main.ScriptEngine.runScriptAsRawText(ScriptEngine.java:119)
	at com.kms.katalon.core.main.TestCaseExecutor.runScript(TestCaseExecutor.java:328)
	at com.kms.katalon.core.main.TestCaseExecutor.doExecute(TestCaseExecutor.java:319)
	at com.kms.katalon.core.main.TestCaseExecutor.processExecutionPhase(TestCaseExecutor.java:298)
	at com.kms.katalon.core.main.TestCaseExecutor.accessMainPhase(TestCaseExecutor.java:290)
	at com.kms.katalon.core.main.TestCaseExecutor.execute(TestCaseExecutor.java:224)
	at com.kms.katalon.core.main.TestSuiteExecutor.accessTestCaseMainPhase(TestSuiteExecutor.java:129)
	at com.kms.katalon.core.main.TestSuiteExecutor.accessTestSuiteMainPhase(TestSuiteExecutor.java:112)
	at com.kms.katalon.core.main.TestSuiteExecutor.execute(TestSuiteExecutor.java:81)
	at com.kms.katalon.core.main.TestCaseMain.startTestSuite(TestCaseMain.java:149)
	at com.kms.katalon.core.main.TestCaseMain$startTestSuite$0.call(Unknown Source)
	at TempTestSuite1562794812628.run(TempTestSuite1562794812628.groovy:36)


2019-07-10 18:12:28 - [MESSAGE][FAILED] - Unable to call Test Case 'Test Cases/CALL- CUSTOMER INFO PAGE' (Root cause: com.kms.katalon.core.exception.StepFailedException: Call Test Case 'Test Cases/CALL- CUSTOMER INFO PAGE' failed)

2019-07-10 18:12:28 - [MESSAGE][FAILED] - callTestCase(findTestCase("CALL- CUSTOMER INFO PAGE"), [:], STOP_ON_FAILURE) FAILED.
Reason:
com.kms.katalon.core.exception.StepFailedException: Object 'Object Repository/APOLLO- Desktop/Product page/Add to bag' is NOT clickable
	at com.kms.katalon.core.keyword.internal.KeywordMain.stepFailed(KeywordMain.groovy:32)
	at com.kms.katalon.core.webui.keyword.internal.WebUIKeywordMain.stepFailed(WebUIKeywordMain.groovy:65)
	at com.kms.katalon.core.webui.keyword.builtin.VerifyElementClickableKeyword$_verifyElementClickable_closure1.doCall(VerifyElementClickableKeyword.groovy:83)
	at com.kms.katalon.core.webui.keyword.builtin.VerifyElementClickableKeyword$_verifyElementClickable_closure1.call(VerifyElementClickableKeyword.groovy)
	at com.kms.katalon.core.webui.keyword.internal.WebUIKeywordMain.runKeyword(WebUIKeywordMain.groovy:21)
	at com.kms.katalon.core.webui.keyword.builtin.VerifyElementClickableKeyword.verifyElementClickable(VerifyElementClickableKeyword.groovy:96)
	at com.kms.katalon.core.webui.keyword.builtin.VerifyElementClickableKeyword.execute(VerifyElementClickableKeyword.groovy:67)
	at com.kms.katalon.core.keyword.internal.KeywordExecutor.executeKeywordForPlatform(KeywordExecutor.groovy:53)
	at com.kms.katalon.core.webui.keyword.WebUiBuiltInKeywords.verifyElementClickable(WebUiBuiltInKeywords.groovy:548)
	at com.kms.katalon.core.webui.keyword.WebUiBuiltInKeywords$verifyElementClickable$13.call(Unknown Source)
	at Adding product - Search flyout.run(Adding product - Search flyout:36)
	at com.kms.katalon.core.main.ScriptEngine.run(ScriptEngine.java:194)
	at com.kms.katalon.core.main.ScriptEngine.runScriptAsRawText(ScriptEngine.java:119)
	at com.kms.katalon.core.main.TestCaseExecutor.runScript(TestCaseExecutor.java:328)
	at com.kms.katalon.core.main.TestCaseExecutor.doExecute(TestCaseExecutor.java:319)
	at com.kms.katalon.core.main.TestCaseExecutor.processExecutionPhase(TestCaseExecutor.java:298)
	at com.kms.katalon.core.main.TestCaseExecutor.accessMainPhase(TestCaseExecutor.java:290)
	at com.kms.katalon.core.main.TestCaseExecutor.execute(TestCaseExecutor.java:224)
	at com.kms.katalon.core.main.TestSuiteExecutor.accessTestCaseMainPhase(TestSuiteExecutor.java:129)
	at com.kms.katalon.core.main.TestSuiteExecutor.accessTestSuiteMainPhase(TestSuiteExecutor.java:112)
	at com.kms.katalon.core.main.TestSuiteExecutor.execute(TestSuiteExecutor.java:81)
	at com.kms.katalon.core.main.TestCaseMain.startTestSuite(TestCaseMain.java:149)
	at com.kms.katalon.core.main.TestCaseMain$startTestSuite$0.call(Unknown Source)
	at TempTestSuite1562794812628.run(TempTestSuite1562794812628.groovy:36)]]></system-out>
         <system-err><![CDATA[2019-07-10 18:10:25 - [TEST_CASE][FAILED] - Test Cases/CRITICAL PATH/Adding product - Search flyout: Test Cases/CRITICAL PATH/Adding product - Search flyout FAILED.
Reason:
com.kms.katalon.core.exception.StepFailedException: Object 'Object Repository/APOLLO- Desktop/Product page/Add to bag' is NOT clickable
	at com.kms.katalon.core.keyword.internal.KeywordMain.stepFailed(KeywordMain.groovy:32)
	at com.kms.katalon.core.webui.keyword.internal.WebUIKeywordMain.stepFailed(WebUIKeywordMain.groovy:65)
	at com.kms.katalon.core.webui.keyword.builtin.VerifyElementClickableKeyword$_verifyElementClickable_closure1.doCall(VerifyElementClickableKeyword.groovy:83)
	at com.kms.katalon.core.webui.keyword.builtin.VerifyElementClickableKeyword$_verifyElementClickable_closure1.call(VerifyElementClickableKeyword.groovy)
	at com.kms.katalon.core.webui.keyword.internal.WebUIKeywordMain.runKeyword(WebUIKeywordMain.groovy:21)
	at com.kms.katalon.core.webui.keyword.builtin.VerifyElementClickableKeyword.verifyElementClickable(VerifyElementClickableKeyword.groovy:96)
	at com.kms.katalon.core.webui.keyword.builtin.VerifyElementClickableKeyword.execute(VerifyElementClickableKeyword.groovy:67)
	at com.kms.katalon.core.keyword.internal.KeywordExecutor.executeKeywordForPlatform(KeywordExecutor.groovy:53)
	at com.kms.katalon.core.webui.keyword.WebUiBuiltInKeywords.verifyElementClickable(WebUiBuiltInKeywords.groovy:548)
	at com.kms.katalon.core.webui.keyword.WebUiBuiltInKeywords$verifyElementClickable$13.call(Unknown Source)
	at Adding product - Search flyout.run(Adding product - Search flyout:36)
	at com.kms.katalon.core.main.ScriptEngine.run(ScriptEngine.java:194)
	at com.kms.katalon.core.main.ScriptEngine.runScriptAsRawText(ScriptEngine.java:119)
	at com.kms.katalon.core.main.TestCaseExecutor.runScript(TestCaseExecutor.java:328)
	at com.kms.katalon.core.main.TestCaseExecutor.doExecute(TestCaseExecutor.java:319)
	at com.kms.katalon.core.main.TestCaseExecutor.processExecutionPhase(TestCaseExecutor.java:298)
	at com.kms.katalon.core.main.TestCaseExecutor.accessMainPhase(TestCaseExecutor.java:290)
	at com.kms.katalon.core.main.TestCaseExecutor.execute(TestCaseExecutor.java:224)
	at com.kms.katalon.core.main.TestSuiteExecutor.accessTestCaseMainPhase(TestSuiteExecutor.java:129)
	at com.kms.katalon.core.main.TestSuiteExecutor.accessTestSuiteMainPhase(TestSuiteExecutor.java:112)
	at com.kms.katalon.core.main.TestSuiteExecutor.execute(TestSuiteExecutor.java:81)
	at com.kms.katalon.core.main.TestCaseMain.startTestSuite(TestCaseMain.java:149)
	at com.kms.katalon.core.main.TestCaseMain$startTestSuite$0.call(Unknown Source)
	at TempTestSuite1562794812628.run(TempTestSuite1562794812628.groovy:36)]]></system-err>
      </testcase>
      <testcase name="Test Cases/CRITICAL PATH/Adding product - home page" classname="Test Cases/CRITICAL PATH/Adding product - home page" status="FAILED">
         <failure type="FAILED" message="Test Cases/CRITICAL PATH/Adding product - home page FAILED.
Reason:
com.kms.katalon.core.exception.StepFailedException: Unable to select option by value 'United States' of object 'Object Repository/APOLLO- Desktop/Customer Information page/Country dropdown'  using regular expression (Root cause: org.openqa.selenium.ElementClickInterceptedException: The command failed because the specified element is obscured.
Build info: version: '3.7.1', revision: '8a0099a', time: '2017-11-06T21:07:36.161Z'
System info: host: 'sumans-MacBook-Pro.local', ip: 'fe80:0:0:0:47c:ca88:4245:b7a7%en0', os.name: 'Mac OS X', os.arch: 'x86_64', os.version: '10.13.6', java.version: '1.8.0_181'
Driver info: com.kms.katalon.selenium.driver.CRemoteWebDriver
Capabilities {acceptInsecureCerts: false, browserName: MicrosoftEdge, browserVersion: 44.18362.1.0, javascriptEnabled: true, pageLoadStrategy: normal, platform: WINDOWS, platformName: WINDOWS, proxy: Proxy(), setWindowRect: false, timeouts: {implicit: 0, pageLoad: 300000, script: 30000}}
Session ID: 6580d7c223f53067a18b76d6e8eb9d2745c959fc)
	at com.kms.katalon.core.keyword.internal.KeywordMain.stepFailed(KeywordMain.groovy:36)
	at com.kms.katalon.core.webui.keyword.internal.WebUIKeywordMain.stepFailed(WebUIKeywordMain.groovy:65)
	at com.kms.katalon.core.webui.keyword.internal.WebUIKeywordMain.runKeyword(WebUIKeywordMain.groovy:27)
	at com.kms.katalon.core.webui.keyword.builtin.SelectOptionByValueKeyword.selectOptionByValue(SelectOptionByValueKeyword.groovy:99)
	at com.kms.katalon.core.webui.keyword.builtin.SelectOptionByValueKeyword.execute(SelectOptionByValueKeyword.groovy:71)
	at com.kms.katalon.core.keyword.internal.KeywordExecutor.executeKeywordForPlatform(KeywordExecutor.groovy:53)
	at com.kms.katalon.core.webui.keyword.WebUiBuiltInKeywords.selectOptionByValue(WebUiBuiltInKeywords.groovy:1138)
	at com.kms.katalon.core.webui.keyword.WebUiBuiltInKeywords$selectOptionByValue$11.call(Unknown Source)
	at CALL- CUSTOMER INFO PAGE.run(CALL- CUSTOMER INFO PAGE:39)
	at com.kms.katalon.core.main.ScriptEngine.run(ScriptEngine.java:194)
	at com.kms.katalon.core.main.ScriptEngine.runScriptAsRawText(ScriptEngine.java:119)
	at com.kms.katalon.core.main.TestCaseExecutor.runScript(TestCaseExecutor.java:328)
	at com.kms.katalon.core.main.TestCaseExecutor.doExecute(TestCaseExecutor.java:319)
	at com.kms.katalon.core.main.TestCaseExecutor.processExecutionPhase(TestCaseExecutor.java:298)
	at com.kms.katalon.core.main.TestCaseExecutor.accessMainPhase(TestCaseExecutor.java:290)
	at com.kms.katalon.core.main.TestCaseExecutor.execute(TestCaseExecutor.java:224)
	at com.kms.katalon.core.main.TestCaseMain.runTestCase(TestCaseMain.java:106)
	at com.kms.katalon.core.keyword.builtin.CallTestCaseKeyword$_callTestCase_closure1.doCall(CallTestCaseKeyword.groovy:59)
	at com.kms.katalon.core.keyword.builtin.CallTestCaseKeyword$_callTestCase_closure1.call(CallTestCaseKeyword.groovy)
	at com.kms.katalon.core.keyword.internal.KeywordMain.runKeyword(KeywordMain.groovy:54)
	at com.kms.katalon.core.keyword.builtin.CallTestCaseKeyword.callTestCase(CallTestCaseKeyword.groovy:80)
	at com.kms.katalon.core.keyword.builtin.CallTestCaseKeyword.execute(CallTestCaseKeyword.groovy:44)
	at com.kms.katalon.core.keyword.internal.KeywordExecutor.executeKeywordForPlatform(KeywordExecutor.groovy:53)
	at com.kms.katalon.core.keyword.BuiltinKeywords.callTestCase(BuiltinKeywords.groovy:334)
	at Adding product - home page.run(Adding product - home page:61)
	at com.kms.katalon.core.main.ScriptEngine.run(ScriptEngine.java:194)
	at com.kms.katalon.core.main.ScriptEngine.runScriptAsRawText(ScriptEngine.java:119)
	at com.kms.katalon.core.main.TestCaseExecutor.runScript(TestCaseExecutor.java:328)
	at com.kms.katalon.core.main.TestCaseExecutor.doExecute(TestCaseExecutor.java:319)
	at com.kms.katalon.core.main.TestCaseExecutor.processExecutionPhase(TestCaseExecutor.java:298)
	at com.kms.katalon.core.main.TestCaseExecutor.accessMainPhase(TestCaseExecutor.java:290)
	at com.kms.katalon.core.main.TestCaseExecutor.execute(TestCaseExecutor.java:224)
	at com.kms.katalon.core.main.TestSuiteExecutor.accessTestCaseMainPhase(TestSuiteExecutor.java:129)
	at com.kms.katalon.core.main.TestSuiteExecutor.accessTestSuiteMainPhase(TestSuiteExecutor.java:112)
	at com.kms.katalon.core.main.TestSuiteExecutor.execute(TestSuiteExecutor.java:81)
	at com.kms.katalon.core.main.TestCaseMain.startTestSuite(TestCaseMain.java:149)
	at com.kms.katalon.core.main.TestCaseMain$startTestSuite$0.call(Unknown Source)
	at TempTestSuite1562794812628.run(TempTestSuite1562794812628.groovy:36)
"/>
         <system-out><![CDATA[2019-07-10 18:12:28 - [TEST_CASE][FAILED] - Test Cases/CRITICAL PATH/Adding product - home page: Test Cases/CRITICAL PATH/Adding product - home page FAILED.
Reason:
com.kms.katalon.core.exception.StepFailedException: Unable to select option by value 'United States' of object 'Object Repository/APOLLO- Desktop/Customer Information page/Country dropdown'  using regular expression (Root cause: org.openqa.selenium.ElementClickInterceptedException: The command failed because the specified element is obscured.
Build info: version: '3.7.1', revision: '8a0099a', time: '2017-11-06T21:07:36.161Z'
System info: host: 'sumans-MacBook-Pro.local', ip: 'fe80:0:0:0:47c:ca88:4245:b7a7%en0', os.name: 'Mac OS X', os.arch: 'x86_64', os.version: '10.13.6', java.version: '1.8.0_181'
Driver info: com.kms.katalon.selenium.driver.CRemoteWebDriver
Capabilities {acceptInsecureCerts: false, browserName: MicrosoftEdge, browserVersion: 44.18362.1.0, javascriptEnabled: true, pageLoadStrategy: normal, platform: WINDOWS, platformName: WINDOWS, proxy: Proxy(), setWindowRect: false, timeouts: {implicit: 0, pageLoad: 300000, script: 30000}}
Session ID: 6580d7c223f53067a18b76d6e8eb9d2745c959fc)
	at com.kms.katalon.core.keyword.internal.KeywordMain.stepFailed(KeywordMain.groovy:36)
	at com.kms.katalon.core.webui.keyword.internal.WebUIKeywordMain.stepFailed(WebUIKeywordMain.groovy:65)
	at com.kms.katalon.core.webui.keyword.internal.WebUIKeywordMain.runKeyword(WebUIKeywordMain.groovy:27)
	at com.kms.katalon.core.webui.keyword.builtin.SelectOptionByValueKeyword.selectOptionByValue(SelectOptionByValueKeyword.groovy:99)
	at com.kms.katalon.core.webui.keyword.builtin.SelectOptionByValueKeyword.execute(SelectOptionByValueKeyword.groovy:71)
	at com.kms.katalon.core.keyword.internal.KeywordExecutor.executeKeywordForPlatform(KeywordExecutor.groovy:53)
	at com.kms.katalon.core.webui.keyword.WebUiBuiltInKeywords.selectOptionByValue(WebUiBuiltInKeywords.groovy:1138)
	at com.kms.katalon.core.webui.keyword.WebUiBuiltInKeywords$selectOptionByValue$11.call(Unknown Source)
	at CALL- CUSTOMER INFO PAGE.run(CALL- CUSTOMER INFO PAGE:39)
	at com.kms.katalon.core.main.ScriptEngine.run(ScriptEngine.java:194)
	at com.kms.katalon.core.main.ScriptEngine.runScriptAsRawText(ScriptEngine.java:119)
	at com.kms.katalon.core.main.TestCaseExecutor.runScript(TestCaseExecutor.java:328)
	at com.kms.katalon.core.main.TestCaseExecutor.doExecute(TestCaseExecutor.java:319)
	at com.kms.katalon.core.main.TestCaseExecutor.processExecutionPhase(TestCaseExecutor.java:298)
	at com.kms.katalon.core.main.TestCaseExecutor.accessMainPhase(TestCaseExecutor.java:290)
	at com.kms.katalon.core.main.TestCaseExecutor.execute(TestCaseExecutor.java:224)
	at com.kms.katalon.core.main.TestCaseMain.runTestCase(TestCaseMain.java:106)
	at com.kms.katalon.core.keyword.builtin.CallTestCaseKeyword$_callTestCase_closure1.doCall(CallTestCaseKeyword.groovy:59)
	at com.kms.katalon.core.keyword.builtin.CallTestCaseKeyword$_callTestCase_closure1.call(CallTestCaseKeyword.groovy)
	at com.kms.katalon.core.keyword.internal.KeywordMain.runKeyword(KeywordMain.groovy:54)
	at com.kms.katalon.core.keyword.builtin.CallTestCaseKeyword.callTestCase(CallTestCaseKeyword.groovy:80)
	at com.kms.katalon.core.keyword.builtin.CallTestCaseKeyword.execute(CallTestCaseKeyword.groovy:44)
	at com.kms.katalon.core.keyword.internal.KeywordExecutor.executeKeywordForPlatform(KeywordExecutor.groovy:53)
	at com.kms.katalon.core.keyword.BuiltinKeywords.callTestCase(BuiltinKeywords.groovy:334)
	at Adding product - home page.run(Adding product - home page:61)
	at com.kms.katalon.core.main.ScriptEngine.run(ScriptEngine.java:194)
	at com.kms.katalon.core.main.ScriptEngine.runScriptAsRawText(ScriptEngine.java:119)
	at com.kms.katalon.core.main.TestCaseExecutor.runScript(TestCaseExecutor.java:328)
	at com.kms.katalon.core.main.TestCaseExecutor.doExecute(TestCaseExecutor.java:319)
	at com.kms.katalon.core.main.TestCaseExecutor.processExecutionPhase(TestCaseExecutor.java:298)
	at com.kms.katalon.core.main.TestCaseExecutor.accessMainPhase(TestCaseExecutor.java:290)
	at com.kms.katalon.core.main.TestCaseExecutor.execute(TestCaseExecutor.java:224)
	at com.kms.katalon.core.main.TestSuiteExecutor.accessTestCaseMainPhase(TestSuiteExecutor.java:129)
	at com.kms.katalon.core.main.TestSuiteExecutor.accessTestSuiteMainPhase(TestSuiteExecutor.java:112)
	at com.kms.katalon.core.main.TestSuiteExecutor.execute(TestSuiteExecutor.java:81)
	at com.kms.katalon.core.main.TestCaseMain.startTestSuite(TestCaseMain.java:149)
	at com.kms.katalon.core.main.TestCaseMain$startTestSuite$0.call(Unknown Source)
	at TempTestSuite1562794812628.run(TempTestSuite1562794812628.groovy:36)


2019-07-10 18:12:28 - [TEST_STEP][PASSED] - callTestCase(findTestCase("CALL - URL"), [:], STOP_ON_FAILURE): Call Test Case 'Test Cases/CALL - URL' successfully

2019-07-10 18:12:28 - [TEST_CASE][PASSED] - Test Cases/CALL - URL: Test Cases/CALL - URL

2019-07-10 18:12:28 - [TEST_STEP][PASSED] - openBrowser(""): Browser is opened with url: ''

2019-07-10 18:12:28 - [MESSAGE][WARNING] - A browser is already opened. Closing browser and opening a new one

2019-07-10 18:12:30 - [MESSAGE][INFO] - Starting 'Remote' driver

2019-07-10 18:12:30 - [MESSAGE][INFO] - User set preference: ['os', 'Windows']

2019-07-10 18:12:30 - [MESSAGE][INFO] - User set preference: ['os_version', '10']

2019-07-10 18:12:30 - [MESSAGE][INFO] - User set preference: ['browser', 'Edge']

2019-07-10 18:12:30 - [MESSAGE][INFO] - User set preference: ['browser_version', '18.0']

2019-07-10 18:12:30 - [MESSAGE][INFO] - User set preference: ['resolution', '']

2019-07-10 18:12:30 - [MESSAGE][INFO] - Connecting to remote web server 'https://dianatest3:Z3oqw9ysqTeRQJq5wFCp@hub-cloud.browserstack.com/wd/hub' with type 'Selenium'

2019-07-10 18:12:40 - [MESSAGE][PASSED] - Browser is opened with url: ''

2019-07-10 18:12:40 - [TEST_STEP][PASSED] - navigateToUrl("https://diff-apollo.myshopify.com/?_ab=0&_fd=0&_sc=1&preview_theme_id=68640637028"): Navigate to 'https://diff-apollo.myshopify.com/?_ab=0&_fd=0&_sc=1&preview_theme_id=68640637028' successfully

2019-07-10 18:13:00 - [MESSAGE][PASSED] - Navigate to 'https://diff-apollo.myshopify.com/?_ab=0&_fd=0&_sc=1&preview_theme_id=68640637028' successfully

2019-07-10 18:13:00 - [TEST_STEP][NOT_RUN] - executeJavaScript("var previewBar = document.getElementById("preview-bar-iframe"); previewBar.style.display = "none";", []): NOT_RUN: executeJavaScript("var previewBar = document.getElementById("preview-bar-iframe"); previewBar.style.display = "none";", [])

2019-07-10 18:13:00 - [MESSAGE][NOT_RUN] - NOT_RUN: executeJavaScript("var previewBar = document.getElementById("preview-bar-iframe"); previewBar.style.display = "none";", [])

2019-07-10 18:13:00 - [TEST_STEP][PASSED] - maximizeWindow(): Current window maximized

2019-07-10 18:13:01 - [MESSAGE][PASSED] - Current window maximized

2019-07-10 18:13:01 - [MESSAGE][PASSED] - Call Test Case 'Test Cases/CALL - URL' successfully

2019-07-10 18:13:01 - [TEST_STEP][PASSED] - scrollToElement(findTestObject("APOLLO- Desktop/Home page/OUTER WEAR - TILES - Copy"), 0): Scroll to object 'Object Repository/APOLLO- Desktop/Home page/OUTER WEAR - TILES - Copy' successfully

2019-07-10 18:13:01 - [MESSAGE][WARNING] - Timeout '0' is invalid. Using default page load timeout: '30'

2019-07-10 18:13:02 - [MESSAGE][PASSED] - Scroll to object 'Object Repository/APOLLO- Desktop/Home page/OUTER WEAR - TILES - Copy' successfully

2019-07-10 18:13:02 - [TEST_STEP][PASSED] - delay(1): Delayed 1 second(s)

2019-07-10 18:13:03 - [MESSAGE][PASSED] - Delayed 1 second(s)

2019-07-10 18:13:03 - [TEST_STEP][PASSED] - mouseOver(findTestObject("APOLLO- Desktop/Home page/OUTER WEAR - TILES")): Object: 'Object Repository/APOLLO- Desktop/Home page/OUTER WEAR - TILES' is hovered

2019-07-10 18:13:05 - [MESSAGE][PASSED] - Object: 'Object Repository/APOLLO- Desktop/Home page/OUTER WEAR - TILES' is hovered

2019-07-10 18:13:05 - [TEST_STEP][PASSED] - delay(1): Delayed 1 second(s)

2019-07-10 18:13:06 - [MESSAGE][PASSED] - Delayed 1 second(s)

2019-07-10 18:13:06 - [TEST_STEP][PASSED] - click(findTestObject("APOLLO- Desktop/Home page/Shop mens outer wear -button")): Object: 'Object Repository/APOLLO- Desktop/Home page/Shop mens outer wear -button' is clicked on

2019-07-10 18:13:06 - [MESSAGE][PASSED] - Object: 'Object Repository/APOLLO- Desktop/Home page/Shop mens outer wear -button' is clicked on

2019-07-10 18:13:06 - [TEST_STEP][PASSED] - delay(1): Delayed 1 second(s)

2019-07-10 18:13:07 - [MESSAGE][PASSED] - Delayed 1 second(s)

2019-07-10 18:13:07 - [TEST_STEP][PASSED] - click(findTestObject("APOLLO- Desktop/Collection page/Lenin jacket")): Object: 'Object Repository/APOLLO- Desktop/Collection page/Lenin jacket' is clicked on

2019-07-10 18:13:09 - [MESSAGE][PASSED] - Object: 'Object Repository/APOLLO- Desktop/Collection page/Lenin jacket' is clicked on

2019-07-10 18:13:09 - [TEST_STEP][PASSED] - delay(2): Delayed 2 second(s)

2019-07-10 18:13:11 - [MESSAGE][PASSED] - Delayed 2 second(s)

2019-07-10 18:13:11 - [TEST_STEP][PASSED] - selectOptionByValue(findTestObject("APOLLO- Desktop/Product page/Color dropdown"), "Blue", true): All options with value 'Blue' are selected in object 'Object Repository/APOLLO- Desktop/Product page/Color dropdown'  using regular expression

2019-07-10 18:13:20 - [MESSAGE][PASSED] - All options with value 'Blue' are selected in object 'Object Repository/APOLLO- Desktop/Product page/Color dropdown'  using regular expression

2019-07-10 18:13:20 - [TEST_STEP][PASSED] - delay(1): Delayed 1 second(s)

2019-07-10 18:13:21 - [MESSAGE][PASSED] - Delayed 1 second(s)

2019-07-10 18:13:21 - [TEST_STEP][PASSED] - selectOptionByValue(findTestObject("APOLLO- Desktop/Product page/Size dropdown"), "MD", true): All options with value 'MD' are selected in object 'Object Repository/APOLLO- Desktop/Product page/Size dropdown'  using regular expression

2019-07-10 18:13:24 - [MESSAGE][PASSED] - All options with value 'MD' are selected in object 'Object Repository/APOLLO- Desktop/Product page/Size dropdown'  using regular expression

2019-07-10 18:13:24 - [TEST_STEP][PASSED] - delay(1): Delayed 1 second(s)

2019-07-10 18:13:25 - [MESSAGE][PASSED] - Delayed 1 second(s)

2019-07-10 18:13:25 - [TEST_STEP][PASSED] - click(findTestObject("APOLLO- Desktop/Product page/Increase qunatity - prod page")): Object: 'Object Repository/APOLLO- Desktop/Product page/Increase qunatity - prod page' is clicked on

2019-07-10 18:13:26 - [MESSAGE][PASSED] - Object: 'Object Repository/APOLLO- Desktop/Product page/Increase qunatity - prod page' is clicked on

2019-07-10 18:13:26 - [TEST_STEP][PASSED] - delay(1): Delayed 1 second(s)

2019-07-10 18:13:27 - [MESSAGE][PASSED] - Delayed 1 second(s)

2019-07-10 18:13:27 - [TEST_STEP][PASSED] - click(findTestObject("APOLLO- Desktop/Product page/Increase qunatity - prod page")): Object: 'Object Repository/APOLLO- Desktop/Product page/Increase qunatity - prod page' is clicked on

2019-07-10 18:13:27 - [MESSAGE][PASSED] - Object: 'Object Repository/APOLLO- Desktop/Product page/Increase qunatity - prod page' is clicked on

2019-07-10 18:13:27 - [TEST_STEP][PASSED] - delay(1): Delayed 1 second(s)

2019-07-10 18:13:28 - [MESSAGE][PASSED] - Delayed 1 second(s)

2019-07-10 18:13:28 - [TEST_STEP][PASSED] - click(findTestObject("APOLLO- Desktop/Product page/Add to bag")): Object: 'Object Repository/APOLLO- Desktop/Product page/Add to bag' is clicked on

2019-07-10 18:13:29 - [MESSAGE][PASSED] - Object: 'Object Repository/APOLLO- Desktop/Product page/Add to bag' is clicked on

2019-07-10 18:13:29 - [TEST_STEP][PASSED] - delay(2): Delayed 2 second(s)

2019-07-10 18:13:31 - [MESSAGE][PASSED] - Delayed 2 second(s)

2019-07-10 18:13:31 - [TEST_STEP][NOT_RUN] - executeJavaScript("var previewBar = document.getElementById("preview-bar-iframe"); previewBar.style.display = "none";", []): NOT_RUN: executeJavaScript("var previewBar = document.getElementById("preview-bar-iframe"); previewBar.style.display = "none";", [])

2019-07-10 18:13:31 - [MESSAGE][NOT_RUN] - NOT_RUN: executeJavaScript("var previewBar = document.getElementById("preview-bar-iframe"); previewBar.style.display = "none";", [])

2019-07-10 18:13:31 - [TEST_STEP][PASSED] - click(findTestObject("APOLLO- Desktop/Cart flyout/Checkout")): Object: 'Object Repository/APOLLO- Desktop/Cart flyout/Checkout' is clicked on

2019-07-10 18:13:31 - [MESSAGE][PASSED] - Object: 'Object Repository/APOLLO- Desktop/Cart flyout/Checkout' is clicked on

2019-07-10 18:13:31 - [TEST_STEP][PASSED] - delay(1): Delayed 1 second(s)

2019-07-10 18:13:32 - [MESSAGE][PASSED] - Delayed 1 second(s)

2019-07-10 18:13:32 - [TEST_STEP][FAILED] - callTestCase(findTestCase("CALL- CUSTOMER INFO PAGE"), [:], STOP_ON_FAILURE): callTestCase(findTestCase("CALL- CUSTOMER INFO PAGE"), [:], STOP_ON_FAILURE) FAILED.
Reason:
com.kms.katalon.core.exception.StepFailedException: Unable to select option by value 'United States' of object 'Object Repository/APOLLO- Desktop/Customer Information page/Country dropdown'  using regular expression (Root cause: org.openqa.selenium.ElementClickInterceptedException: The command failed because the specified element is obscured.
Build info: version: '3.7.1', revision: '8a0099a', time: '2017-11-06T21:07:36.161Z'
System info: host: 'sumans-MacBook-Pro.local', ip: 'fe80:0:0:0:47c:ca88:4245:b7a7%en0', os.name: 'Mac OS X', os.arch: 'x86_64', os.version: '10.13.6', java.version: '1.8.0_181'
Driver info: com.kms.katalon.selenium.driver.CRemoteWebDriver
Capabilities {acceptInsecureCerts: false, browserName: MicrosoftEdge, browserVersion: 44.18362.1.0, javascriptEnabled: true, pageLoadStrategy: normal, platform: WINDOWS, platformName: WINDOWS, proxy: Proxy(), setWindowRect: false, timeouts: {implicit: 0, pageLoad: 300000, script: 30000}}
Session ID: 6580d7c223f53067a18b76d6e8eb9d2745c959fc)
	at com.kms.katalon.core.keyword.internal.KeywordMain.stepFailed(KeywordMain.groovy:36)
	at com.kms.katalon.core.webui.keyword.internal.WebUIKeywordMain.stepFailed(WebUIKeywordMain.groovy:65)
	at com.kms.katalon.core.webui.keyword.internal.WebUIKeywordMain.runKeyword(WebUIKeywordMain.groovy:27)
	at com.kms.katalon.core.webui.keyword.builtin.SelectOptionByValueKeyword.selectOptionByValue(SelectOptionByValueKeyword.groovy:99)
	at com.kms.katalon.core.webui.keyword.builtin.SelectOptionByValueKeyword.execute(SelectOptionByValueKeyword.groovy:71)
	at com.kms.katalon.core.keyword.internal.KeywordExecutor.executeKeywordForPlatform(KeywordExecutor.groovy:53)
	at com.kms.katalon.core.webui.keyword.WebUiBuiltInKeywords.selectOptionByValue(WebUiBuiltInKeywords.groovy:1138)
	at com.kms.katalon.core.webui.keyword.WebUiBuiltInKeywords$selectOptionByValue$11.call(Unknown Source)
	at CALL- CUSTOMER INFO PAGE.run(CALL- CUSTOMER INFO PAGE:39)
	at com.kms.katalon.core.main.ScriptEngine.run(ScriptEngine.java:194)
	at com.kms.katalon.core.main.ScriptEngine.runScriptAsRawText(ScriptEngine.java:119)
	at com.kms.katalon.core.main.TestCaseExecutor.runScript(TestCaseExecutor.java:328)
	at com.kms.katalon.core.main.TestCaseExecutor.doExecute(TestCaseExecutor.java:319)
	at com.kms.katalon.core.main.TestCaseExecutor.processExecutionPhase(TestCaseExecutor.java:298)
	at com.kms.katalon.core.main.TestCaseExecutor.accessMainPhase(TestCaseExecutor.java:290)
	at com.kms.katalon.core.main.TestCaseExecutor.execute(TestCaseExecutor.java:224)
	at com.kms.katalon.core.main.TestCaseMain.runTestCase(TestCaseMain.java:106)
	at com.kms.katalon.core.keyword.builtin.CallTestCaseKeyword$_callTestCase_closure1.doCall(CallTestCaseKeyword.groovy:59)
	at com.kms.katalon.core.keyword.builtin.CallTestCaseKeyword$_callTestCase_closure1.call(CallTestCaseKeyword.groovy)
	at com.kms.katalon.core.keyword.internal.KeywordMain.runKeyword(KeywordMain.groovy:54)
	at com.kms.katalon.core.keyword.builtin.CallTestCaseKeyword.callTestCase(CallTestCaseKeyword.groovy:80)
	at com.kms.katalon.core.keyword.builtin.CallTestCaseKeyword.execute(CallTestCaseKeyword.groovy:44)
	at com.kms.katalon.core.keyword.internal.KeywordExecutor.executeKeywordForPlatform(KeywordExecutor.groovy:53)
	at com.kms.katalon.core.keyword.BuiltinKeywords.callTestCase(BuiltinKeywords.groovy:334)
	at Adding product - home page.run(Adding product - home page:61)
	at com.kms.katalon.core.main.ScriptEngine.run(ScriptEngine.java:194)
	at com.kms.katalon.core.main.ScriptEngine.runScriptAsRawText(ScriptEngine.java:119)
	at com.kms.katalon.core.main.TestCaseExecutor.runScript(TestCaseExecutor.java:328)
	at com.kms.katalon.core.main.TestCaseExecutor.doExecute(TestCaseExecutor.java:319)
	at com.kms.katalon.core.main.TestCaseExecutor.processExecutionPhase(TestCaseExecutor.java:298)
	at com.kms.katalon.core.main.TestCaseExecutor.accessMainPhase(TestCaseExecutor.java:290)
	at com.kms.katalon.core.main.TestCaseExecutor.execute(TestCaseExecutor.java:224)
	at com.kms.katalon.core.main.TestSuiteExecutor.accessTestCaseMainPhase(TestSuiteExecutor.java:129)
	at com.kms.katalon.core.main.TestSuiteExecutor.accessTestSuiteMainPhase(TestSuiteExecutor.java:112)
	at com.kms.katalon.core.main.TestSuiteExecutor.execute(TestSuiteExecutor.java:81)
	at com.kms.katalon.core.main.TestCaseMain.startTestSuite(TestCaseMain.java:149)
	at com.kms.katalon.core.main.TestCaseMain$startTestSuite$0.call(Unknown Source)
	at TempTestSuite1562794812628.run(TempTestSuite1562794812628.groovy:36)


2019-07-10 18:13:32 - [TEST_CASE][FAILED] - Test Cases/CALL- CUSTOMER INFO PAGE: Test Cases/CALL- CUSTOMER INFO PAGE FAILED.
Reason:
com.kms.katalon.core.exception.StepFailedException: Unable to select option by value 'United States' of object 'Object Repository/APOLLO- Desktop/Customer Information page/Country dropdown'  using regular expression (Root cause: org.openqa.selenium.ElementClickInterceptedException: The command failed because the specified element is obscured.
Build info: version: '3.7.1', revision: '8a0099a', time: '2017-11-06T21:07:36.161Z'
System info: host: 'sumans-MacBook-Pro.local', ip: 'fe80:0:0:0:47c:ca88:4245:b7a7%en0', os.name: 'Mac OS X', os.arch: 'x86_64', os.version: '10.13.6', java.version: '1.8.0_181'
Driver info: com.kms.katalon.selenium.driver.CRemoteWebDriver
Capabilities {acceptInsecureCerts: false, browserName: MicrosoftEdge, browserVersion: 44.18362.1.0, javascriptEnabled: true, pageLoadStrategy: normal, platform: WINDOWS, platformName: WINDOWS, proxy: Proxy(), setWindowRect: false, timeouts: {implicit: 0, pageLoad: 300000, script: 30000}}
Session ID: 6580d7c223f53067a18b76d6e8eb9d2745c959fc)
	at com.kms.katalon.core.keyword.internal.KeywordMain.stepFailed(KeywordMain.groovy:36)
	at com.kms.katalon.core.webui.keyword.internal.WebUIKeywordMain.stepFailed(WebUIKeywordMain.groovy:65)
	at com.kms.katalon.core.webui.keyword.internal.WebUIKeywordMain.runKeyword(WebUIKeywordMain.groovy:27)
	at com.kms.katalon.core.webui.keyword.builtin.SelectOptionByValueKeyword.selectOptionByValue(SelectOptionByValueKeyword.groovy:99)
	at com.kms.katalon.core.webui.keyword.builtin.SelectOptionByValueKeyword.execute(SelectOptionByValueKeyword.groovy:71)
	at com.kms.katalon.core.keyword.internal.KeywordExecutor.executeKeywordForPlatform(KeywordExecutor.groovy:53)
	at com.kms.katalon.core.webui.keyword.WebUiBuiltInKeywords.selectOptionByValue(WebUiBuiltInKeywords.groovy:1138)
	at com.kms.katalon.core.webui.keyword.WebUiBuiltInKeywords$selectOptionByValue$11.call(Unknown Source)
	at CALL- CUSTOMER INFO PAGE.run(CALL- CUSTOMER INFO PAGE:39)
	at com.kms.katalon.core.main.ScriptEngine.run(ScriptEngine.java:194)
	at com.kms.katalon.core.main.ScriptEngine.runScriptAsRawText(ScriptEngine.java:119)
	at com.kms.katalon.core.main.TestCaseExecutor.runScript(TestCaseExecutor.java:328)
	at com.kms.katalon.core.main.TestCaseExecutor.doExecute(TestCaseExecutor.java:319)
	at com.kms.katalon.core.main.TestCaseExecutor.processExecutionPhase(TestCaseExecutor.java:298)
	at com.kms.katalon.core.main.TestCaseExecutor.accessMainPhase(TestCaseExecutor.java:290)
	at com.kms.katalon.core.main.TestCaseExecutor.execute(TestCaseExecutor.java:224)
	at com.kms.katalon.core.main.TestCaseMain.runTestCase(TestCaseMain.java:106)
	at com.kms.katalon.core.keyword.builtin.CallTestCaseKeyword$_callTestCase_closure1.doCall(CallTestCaseKeyword.groovy:59)
	at com.kms.katalon.core.keyword.builtin.CallTestCaseKeyword$_callTestCase_closure1.call(CallTestCaseKeyword.groovy)
	at com.kms.katalon.core.keyword.internal.KeywordMain.runKeyword(KeywordMain.groovy:54)
	at com.kms.katalon.core.keyword.builtin.CallTestCaseKeyword.callTestCase(CallTestCaseKeyword.groovy:80)
	at com.kms.katalon.core.keyword.builtin.CallTestCaseKeyword.execute(CallTestCaseKeyword.groovy:44)
	at com.kms.katalon.core.keyword.internal.KeywordExecutor.executeKeywordForPlatform(KeywordExecutor.groovy:53)
	at com.kms.katalon.core.keyword.BuiltinKeywords.callTestCase(BuiltinKeywords.groovy:334)
	at Adding product - home page.run(Adding product - home page:61)
	at com.kms.katalon.core.main.ScriptEngine.run(ScriptEngine.java:194)
	at com.kms.katalon.core.main.ScriptEngine.runScriptAsRawText(ScriptEngine.java:119)
	at com.kms.katalon.core.main.TestCaseExecutor.runScript(TestCaseExecutor.java:328)
	at com.kms.katalon.core.main.TestCaseExecutor.doExecute(TestCaseExecutor.java:319)
	at com.kms.katalon.core.main.TestCaseExecutor.processExecutionPhase(TestCaseExecutor.java:298)
	at com.kms.katalon.core.main.TestCaseExecutor.accessMainPhase(TestCaseExecutor.java:290)
	at com.kms.katalon.core.main.TestCaseExecutor.execute(TestCaseExecutor.java:224)
	at com.kms.katalon.core.main.TestSuiteExecutor.accessTestCaseMainPhase(TestSuiteExecutor.java:129)
	at com.kms.katalon.core.main.TestSuiteExecutor.accessTestSuiteMainPhase(TestSuiteExecutor.java:112)
	at com.kms.katalon.core.main.TestSuiteExecutor.execute(TestSuiteExecutor.java:81)
	at com.kms.katalon.core.main.TestCaseMain.startTestSuite(TestCaseMain.java:149)
	at com.kms.katalon.core.main.TestCaseMain$startTestSuite$0.call(Unknown Source)
	at TempTestSuite1562794812628.run(TempTestSuite1562794812628.groovy:36)


2019-07-10 18:13:32 - [TEST_STEP][PASSED] - delay(2): Delayed 2 second(s)

2019-07-10 18:13:34 - [MESSAGE][PASSED] - Delayed 2 second(s)

2019-07-10 18:13:34 - [TEST_STEP][NOT_RUN] - executeJavaScript("var previewBar = document.getElementById("preview-bar-iframe"); previewBar.style.display = "none";", []): NOT_RUN: executeJavaScript("var previewBar = document.getElementById("preview-bar-iframe"); previewBar.style.display = "none";", [])

2019-07-10 18:13:34 - [MESSAGE][NOT_RUN] - NOT_RUN: executeJavaScript("var previewBar = document.getElementById("preview-bar-iframe"); previewBar.style.display = "none";", [])

2019-07-10 18:13:34 - [TEST_STEP][PASSED] - setText(findTestObject("APOLLO- Desktop/Customer Information page/Email"), "suman@gmail.com"): Text 'suman@gmail.com' is set on object 'Object Repository/APOLLO- Desktop/Customer Information page/Email'

2019-07-10 18:13:37 - [MESSAGE][PASSED] - Text 'suman@gmail.com' is set on object 'Object Repository/APOLLO- Desktop/Customer Information page/Email'

2019-07-10 18:13:37 - [TEST_STEP][PASSED] - delay(2): Delayed 2 second(s)

2019-07-10 18:13:39 - [MESSAGE][PASSED] - Delayed 2 second(s)

2019-07-10 18:13:39 - [TEST_STEP][PASSED] - setText(findTestObject("APOLLO- Desktop/Customer Information page/First name"), "suman"): Text 'suman' is set on object 'Object Repository/APOLLO- Desktop/Customer Information page/First name'

2019-07-10 18:13:40 - [MESSAGE][PASSED] - Text 'suman' is set on object 'Object Repository/APOLLO- Desktop/Customer Information page/First name'

2019-07-10 18:13:40 - [TEST_STEP][PASSED] - delay(2): Delayed 2 second(s)

2019-07-10 18:13:42 - [MESSAGE][PASSED] - Delayed 2 second(s)

2019-07-10 18:13:42 - [TEST_STEP][PASSED] - setText(findTestObject("APOLLO- Desktop/Customer Information page/Last name"), "kompelly"): Text 'kompelly' is set on object 'Object Repository/APOLLO- Desktop/Customer Information page/Last name'

2019-07-10 18:13:44 - [MESSAGE][PASSED] - Text 'kompelly' is set on object 'Object Repository/APOLLO- Desktop/Customer Information page/Last name'

2019-07-10 18:13:44 - [TEST_STEP][PASSED] - delay(2): Delayed 2 second(s)

2019-07-10 18:13:46 - [MESSAGE][PASSED] - Delayed 2 second(s)

2019-07-10 18:13:46 - [TEST_STEP][PASSED] - setText(findTestObject("APOLLO- Desktop/Customer Information page/Address"), "1435 st alxendre"): Text '1435 st alxendre' is set on object 'Object Repository/APOLLO- Desktop/Customer Information page/Address'

2019-07-10 18:13:48 - [MESSAGE][PASSED] - Text '1435 st alxendre' is set on object 'Object Repository/APOLLO- Desktop/Customer Information page/Address'

2019-07-10 18:13:48 - [TEST_STEP][PASSED] - setText(findTestObject("APOLLO- Desktop/Customer Information page/Apartment"), "220"): Text '220' is set on object 'Object Repository/APOLLO- Desktop/Customer Information page/Apartment'

2019-07-10 18:13:49 - [MESSAGE][PASSED] - Text '220' is set on object 'Object Repository/APOLLO- Desktop/Customer Information page/Apartment'

2019-07-10 18:13:49 - [TEST_STEP][PASSED] - setText(findTestObject("APOLLO- Desktop/Customer Information page/City"), "montreal"): Text 'montreal' is set on object 'Object Repository/APOLLO- Desktop/Customer Information page/City'

2019-07-10 18:13:50 - [MESSAGE][PASSED] - Text 'montreal' is set on object 'Object Repository/APOLLO- Desktop/Customer Information page/City'

2019-07-10 18:13:50 - [TEST_STEP][FAILED] - selectOptionByValue(findTestObject("APOLLO- Desktop/Customer Information page/Country dropdown"), "United States", true): selectOptionByValue(findTestObject("APOLLO- Desktop/Customer Information page/Country dropdown"), "United States", true) FAILED.
Reason:
com.kms.katalon.core.exception.StepFailedException: Unable to select option by value 'United States' of object 'Object Repository/APOLLO- Desktop/Customer Information page/Country dropdown'  using regular expression (Root cause: org.openqa.selenium.ElementClickInterceptedException: The command failed because the specified element is obscured.
Build info: version: '3.7.1', revision: '8a0099a', time: '2017-11-06T21:07:36.161Z'
System info: host: 'sumans-MacBook-Pro.local', ip: 'fe80:0:0:0:47c:ca88:4245:b7a7%en0', os.name: 'Mac OS X', os.arch: 'x86_64', os.version: '10.13.6', java.version: '1.8.0_181'
Driver info: com.kms.katalon.selenium.driver.CRemoteWebDriver
Capabilities {acceptInsecureCerts: false, browserName: MicrosoftEdge, browserVersion: 44.18362.1.0, javascriptEnabled: true, pageLoadStrategy: normal, platform: WINDOWS, platformName: WINDOWS, proxy: Proxy(), setWindowRect: false, timeouts: {implicit: 0, pageLoad: 300000, script: 30000}}
Session ID: 6580d7c223f53067a18b76d6e8eb9d2745c959fc)
	at com.kms.katalon.core.keyword.internal.KeywordMain.stepFailed(KeywordMain.groovy:36)
	at com.kms.katalon.core.webui.keyword.internal.WebUIKeywordMain.stepFailed(WebUIKeywordMain.groovy:65)
	at com.kms.katalon.core.webui.keyword.internal.WebUIKeywordMain.runKeyword(WebUIKeywordMain.groovy:27)
	at com.kms.katalon.core.webui.keyword.builtin.SelectOptionByValueKeyword.selectOptionByValue(SelectOptionByValueKeyword.groovy:99)
	at com.kms.katalon.core.webui.keyword.builtin.SelectOptionByValueKeyword.execute(SelectOptionByValueKeyword.groovy:71)
	at com.kms.katalon.core.keyword.internal.KeywordExecutor.executeKeywordForPlatform(KeywordExecutor.groovy:53)
	at com.kms.katalon.core.webui.keyword.WebUiBuiltInKeywords.selectOptionByValue(WebUiBuiltInKeywords.groovy:1138)
	at com.kms.katalon.core.webui.keyword.WebUiBuiltInKeywords$selectOptionByValue$11.call(Unknown Source)
	at CALL- CUSTOMER INFO PAGE.run(CALL- CUSTOMER INFO PAGE:39)
	at com.kms.katalon.core.main.ScriptEngine.run(ScriptEngine.java:194)
	at com.kms.katalon.core.main.ScriptEngine.runScriptAsRawText(ScriptEngine.java:119)
	at com.kms.katalon.core.main.TestCaseExecutor.runScript(TestCaseExecutor.java:328)
	at com.kms.katalon.core.main.TestCaseExecutor.doExecute(TestCaseExecutor.java:319)
	at com.kms.katalon.core.main.TestCaseExecutor.processExecutionPhase(TestCaseExecutor.java:298)
	at com.kms.katalon.core.main.TestCaseExecutor.accessMainPhase(TestCaseExecutor.java:290)
	at com.kms.katalon.core.main.TestCaseExecutor.execute(TestCaseExecutor.java:224)
	at com.kms.katalon.core.main.TestCaseMain.runTestCase(TestCaseMain.java:106)
	at com.kms.katalon.core.keyword.builtin.CallTestCaseKeyword$_callTestCase_closure1.doCall(CallTestCaseKeyword.groovy:59)
	at com.kms.katalon.core.keyword.builtin.CallTestCaseKeyword$_callTestCase_closure1.call(CallTestCaseKeyword.groovy)
	at com.kms.katalon.core.keyword.internal.KeywordMain.runKeyword(KeywordMain.groovy:54)
	at com.kms.katalon.core.keyword.builtin.CallTestCaseKeyword.callTestCase(CallTestCaseKeyword.groovy:80)
	at com.kms.katalon.core.keyword.builtin.CallTestCaseKeyword.execute(CallTestCaseKeyword.groovy:44)
	at com.kms.katalon.core.keyword.internal.KeywordExecutor.executeKeywordForPlatform(KeywordExecutor.groovy:53)
	at com.kms.katalon.core.keyword.BuiltinKeywords.callTestCase(BuiltinKeywords.groovy:334)
	at Adding product - home page.run(Adding product - home page:61)
	at com.kms.katalon.core.main.ScriptEngine.run(ScriptEngine.java:194)
	at com.kms.katalon.core.main.ScriptEngine.runScriptAsRawText(ScriptEngine.java:119)
	at com.kms.katalon.core.main.TestCaseExecutor.runScript(TestCaseExecutor.java:328)
	at com.kms.katalon.core.main.TestCaseExecutor.doExecute(TestCaseExecutor.java:319)
	at com.kms.katalon.core.main.TestCaseExecutor.processExecutionPhase(TestCaseExecutor.java:298)
	at com.kms.katalon.core.main.TestCaseExecutor.accessMainPhase(TestCaseExecutor.java:290)
	at com.kms.katalon.core.main.TestCaseExecutor.execute(TestCaseExecutor.java:224)
	at com.kms.katalon.core.main.TestSuiteExecutor.accessTestCaseMainPhase(TestSuiteExecutor.java:129)
	at com.kms.katalon.core.main.TestSuiteExecutor.accessTestSuiteMainPhase(TestSuiteExecutor.java:112)
	at com.kms.katalon.core.main.TestSuiteExecutor.execute(TestSuiteExecutor.java:81)
	at com.kms.katalon.core.main.TestCaseMain.startTestSuite(TestCaseMain.java:149)
	at com.kms.katalon.core.main.TestCaseMain$startTestSuite$0.call(Unknown Source)
	at TempTestSuite1562794812628.run(TempTestSuite1562794812628.groovy:36)


2019-07-10 18:14:49 - [MESSAGE][FAILED] - Unable to select option by value 'United States' of object 'Object Repository/APOLLO- Desktop/Customer Information page/Country dropdown'  using regular expression (Root cause: org.openqa.selenium.ElementClickInterceptedException: The command failed because the specified element is obscured.
Build info: version: '3.7.1', revision: '8a0099a', time: '2017-11-06T21:07:36.161Z'
System info: host: 'sumans-MacBook-Pro.local', ip: 'fe80:0:0:0:47c:ca88:4245:b7a7%en0', os.name: 'Mac OS X', os.arch: 'x86_64', os.version: '10.13.6', java.version: '1.8.0_181'
Driver info: com.kms.katalon.selenium.driver.CRemoteWebDriver
Capabilities {acceptInsecureCerts: false, browserName: MicrosoftEdge, browserVersion: 44.18362.1.0, javascriptEnabled: true, pageLoadStrategy: normal, platform: WINDOWS, platformName: WINDOWS, proxy: Proxy(), setWindowRect: false, timeouts: {implicit: 0, pageLoad: 300000, script: 30000}}
Session ID: 6580d7c223f53067a18b76d6e8eb9d2745c959fc)
[[ATTACHMENT|/Users/sumankompelly/git/Apollo-Dark-Desktop/Reports/Apollo - dark build/20190710_174012/1562796889235.png]]

2019-07-10 18:14:49 - [MESSAGE][FAILED] - selectOptionByValue(findTestObject("APOLLO- Desktop/Customer Information page/Country dropdown"), "United States", true) FAILED.
Reason:
com.kms.katalon.core.exception.StepFailedException: Unable to select option by value 'United States' of object 'Object Repository/APOLLO- Desktop/Customer Information page/Country dropdown'  using regular expression (Root cause: org.openqa.selenium.ElementClickInterceptedException: The command failed because the specified element is obscured.
Build info: version: '3.7.1', revision: '8a0099a', time: '2017-11-06T21:07:36.161Z'
System info: host: 'sumans-MacBook-Pro.local', ip: 'fe80:0:0:0:47c:ca88:4245:b7a7%en0', os.name: 'Mac OS X', os.arch: 'x86_64', os.version: '10.13.6', java.version: '1.8.0_181'
Driver info: com.kms.katalon.selenium.driver.CRemoteWebDriver
Capabilities {acceptInsecureCerts: false, browserName: MicrosoftEdge, browserVersion: 44.18362.1.0, javascriptEnabled: true, pageLoadStrategy: normal, platform: WINDOWS, platformName: WINDOWS, proxy: Proxy(), setWindowRect: false, timeouts: {implicit: 0, pageLoad: 300000, script: 30000}}
Session ID: 6580d7c223f53067a18b76d6e8eb9d2745c959fc)
	at com.kms.katalon.core.keyword.internal.KeywordMain.stepFailed(KeywordMain.groovy:36)
	at com.kms.katalon.core.webui.keyword.internal.WebUIKeywordMain.stepFailed(WebUIKeywordMain.groovy:65)
	at com.kms.katalon.core.webui.keyword.internal.WebUIKeywordMain.runKeyword(WebUIKeywordMain.groovy:27)
	at com.kms.katalon.core.webui.keyword.builtin.SelectOptionByValueKeyword.selectOptionByValue(SelectOptionByValueKeyword.groovy:99)
	at com.kms.katalon.core.webui.keyword.builtin.SelectOptionByValueKeyword.execute(SelectOptionByValueKeyword.groovy:71)
	at com.kms.katalon.core.keyword.internal.KeywordExecutor.executeKeywordForPlatform(KeywordExecutor.groovy:53)
	at com.kms.katalon.core.webui.keyword.WebUiBuiltInKeywords.selectOptionByValue(WebUiBuiltInKeywords.groovy:1138)
	at com.kms.katalon.core.webui.keyword.WebUiBuiltInKeywords$selectOptionByValue$11.call(Unknown Source)
	at CALL- CUSTOMER INFO PAGE.run(CALL- CUSTOMER INFO PAGE:39)
	at com.kms.katalon.core.main.ScriptEngine.run(ScriptEngine.java:194)
	at com.kms.katalon.core.main.ScriptEngine.runScriptAsRawText(ScriptEngine.java:119)
	at com.kms.katalon.core.main.TestCaseExecutor.runScript(TestCaseExecutor.java:328)
	at com.kms.katalon.core.main.TestCaseExecutor.doExecute(TestCaseExecutor.java:319)
	at com.kms.katalon.core.main.TestCaseExecutor.processExecutionPhase(TestCaseExecutor.java:298)
	at com.kms.katalon.core.main.TestCaseExecutor.accessMainPhase(TestCaseExecutor.java:290)
	at com.kms.katalon.core.main.TestCaseExecutor.execute(TestCaseExecutor.java:224)
	at com.kms.katalon.core.main.TestCaseMain.runTestCase(TestCaseMain.java:106)
	at com.kms.katalon.core.keyword.builtin.CallTestCaseKeyword$_callTestCase_closure1.doCall(CallTestCaseKeyword.groovy:59)
	at com.kms.katalon.core.keyword.builtin.CallTestCaseKeyword$_callTestCase_closure1.call(CallTestCaseKeyword.groovy)
	at com.kms.katalon.core.keyword.internal.KeywordMain.runKeyword(KeywordMain.groovy:54)
	at com.kms.katalon.core.keyword.builtin.CallTestCaseKeyword.callTestCase(CallTestCaseKeyword.groovy:80)
	at com.kms.katalon.core.keyword.builtin.CallTestCaseKeyword.execute(CallTestCaseKeyword.groovy:44)
	at com.kms.katalon.core.keyword.internal.KeywordExecutor.executeKeywordForPlatform(KeywordExecutor.groovy:53)
	at com.kms.katalon.core.keyword.BuiltinKeywords.callTestCase(BuiltinKeywords.groovy:334)
	at Adding product - home page.run(Adding product - home page:61)
	at com.kms.katalon.core.main.ScriptEngine.run(ScriptEngine.java:194)
	at com.kms.katalon.core.main.ScriptEngine.runScriptAsRawText(ScriptEngine.java:119)
	at com.kms.katalon.core.main.TestCaseExecutor.runScript(TestCaseExecutor.java:328)
	at com.kms.katalon.core.main.TestCaseExecutor.doExecute(TestCaseExecutor.java:319)
	at com.kms.katalon.core.main.TestCaseExecutor.processExecutionPhase(TestCaseExecutor.java:298)
	at com.kms.katalon.core.main.TestCaseExecutor.accessMainPhase(TestCaseExecutor.java:290)
	at com.kms.katalon.core.main.TestCaseExecutor.execute(TestCaseExecutor.java:224)
	at com.kms.katalon.core.main.TestSuiteExecutor.accessTestCaseMainPhase(TestSuiteExecutor.java:129)
	at com.kms.katalon.core.main.TestSuiteExecutor.accessTestSuiteMainPhase(TestSuiteExecutor.java:112)
	at com.kms.katalon.core.main.TestSuiteExecutor.execute(TestSuiteExecutor.java:81)
	at com.kms.katalon.core.main.TestCaseMain.startTestSuite(TestCaseMain.java:149)
	at com.kms.katalon.core.main.TestCaseMain$startTestSuite$0.call(Unknown Source)
	at TempTestSuite1562794812628.run(TempTestSuite1562794812628.groovy:36)


2019-07-10 18:14:49 - [MESSAGE][FAILED] - Unable to call Test Case 'Test Cases/CALL- CUSTOMER INFO PAGE' (Root cause: com.kms.katalon.core.exception.StepFailedException: Call Test Case 'Test Cases/CALL- CUSTOMER INFO PAGE' failed)

2019-07-10 18:14:49 - [MESSAGE][FAILED] - callTestCase(findTestCase("CALL- CUSTOMER INFO PAGE"), [:], STOP_ON_FAILURE) FAILED.
Reason:
com.kms.katalon.core.exception.StepFailedException: Unable to select option by value 'United States' of object 'Object Repository/APOLLO- Desktop/Customer Information page/Country dropdown'  using regular expression (Root cause: org.openqa.selenium.ElementClickInterceptedException: The command failed because the specified element is obscured.
Build info: version: '3.7.1', revision: '8a0099a', time: '2017-11-06T21:07:36.161Z'
System info: host: 'sumans-MacBook-Pro.local', ip: 'fe80:0:0:0:47c:ca88:4245:b7a7%en0', os.name: 'Mac OS X', os.arch: 'x86_64', os.version: '10.13.6', java.version: '1.8.0_181'
Driver info: com.kms.katalon.selenium.driver.CRemoteWebDriver
Capabilities {acceptInsecureCerts: false, browserName: MicrosoftEdge, browserVersion: 44.18362.1.0, javascriptEnabled: true, pageLoadStrategy: normal, platform: WINDOWS, platformName: WINDOWS, proxy: Proxy(), setWindowRect: false, timeouts: {implicit: 0, pageLoad: 300000, script: 30000}}
Session ID: 6580d7c223f53067a18b76d6e8eb9d2745c959fc)
	at com.kms.katalon.core.keyword.internal.KeywordMain.stepFailed(KeywordMain.groovy:36)
	at com.kms.katalon.core.webui.keyword.internal.WebUIKeywordMain.stepFailed(WebUIKeywordMain.groovy:65)
	at com.kms.katalon.core.webui.keyword.internal.WebUIKeywordMain.runKeyword(WebUIKeywordMain.groovy:27)
	at com.kms.katalon.core.webui.keyword.builtin.SelectOptionByValueKeyword.selectOptionByValue(SelectOptionByValueKeyword.groovy:99)
	at com.kms.katalon.core.webui.keyword.builtin.SelectOptionByValueKeyword.execute(SelectOptionByValueKeyword.groovy:71)
	at com.kms.katalon.core.keyword.internal.KeywordExecutor.executeKeywordForPlatform(KeywordExecutor.groovy:53)
	at com.kms.katalon.core.webui.keyword.WebUiBuiltInKeywords.selectOptionByValue(WebUiBuiltInKeywords.groovy:1138)
	at com.kms.katalon.core.webui.keyword.WebUiBuiltInKeywords$selectOptionByValue$11.call(Unknown Source)
	at CALL- CUSTOMER INFO PAGE.run(CALL- CUSTOMER INFO PAGE:39)
	at com.kms.katalon.core.main.ScriptEngine.run(ScriptEngine.java:194)
	at com.kms.katalon.core.main.ScriptEngine.runScriptAsRawText(ScriptEngine.java:119)
	at com.kms.katalon.core.main.TestCaseExecutor.runScript(TestCaseExecutor.java:328)
	at com.kms.katalon.core.main.TestCaseExecutor.doExecute(TestCaseExecutor.java:319)
	at com.kms.katalon.core.main.TestCaseExecutor.processExecutionPhase(TestCaseExecutor.java:298)
	at com.kms.katalon.core.main.TestCaseExecutor.accessMainPhase(TestCaseExecutor.java:290)
	at com.kms.katalon.core.main.TestCaseExecutor.execute(TestCaseExecutor.java:224)
	at com.kms.katalon.core.main.TestCaseMain.runTestCase(TestCaseMain.java:106)
	at com.kms.katalon.core.keyword.builtin.CallTestCaseKeyword$_callTestCase_closure1.doCall(CallTestCaseKeyword.groovy:59)
	at com.kms.katalon.core.keyword.builtin.CallTestCaseKeyword$_callTestCase_closure1.call(CallTestCaseKeyword.groovy)
	at com.kms.katalon.core.keyword.internal.KeywordMain.runKeyword(KeywordMain.groovy:54)
	at com.kms.katalon.core.keyword.builtin.CallTestCaseKeyword.callTestCase(CallTestCaseKeyword.groovy:80)
	at com.kms.katalon.core.keyword.builtin.CallTestCaseKeyword.execute(CallTestCaseKeyword.groovy:44)
	at com.kms.katalon.core.keyword.internal.KeywordExecutor.executeKeywordForPlatform(KeywordExecutor.groovy:53)
	at com.kms.katalon.core.keyword.BuiltinKeywords.callTestCase(BuiltinKeywords.groovy:334)
	at Adding product - home page.run(Adding product - home page:61)
	at com.kms.katalon.core.main.ScriptEngine.run(ScriptEngine.java:194)
	at com.kms.katalon.core.main.ScriptEngine.runScriptAsRawText(ScriptEngine.java:119)
	at com.kms.katalon.core.main.TestCaseExecutor.runScript(TestCaseExecutor.java:328)
	at com.kms.katalon.core.main.TestCaseExecutor.doExecute(TestCaseExecutor.java:319)
	at com.kms.katalon.core.main.TestCaseExecutor.processExecutionPhase(TestCaseExecutor.java:298)
	at com.kms.katalon.core.main.TestCaseExecutor.accessMainPhase(TestCaseExecutor.java:290)
	at com.kms.katalon.core.main.TestCaseExecutor.execute(TestCaseExecutor.java:224)
	at com.kms.katalon.core.main.TestSuiteExecutor.accessTestCaseMainPhase(TestSuiteExecutor.java:129)
	at com.kms.katalon.core.main.TestSuiteExecutor.accessTestSuiteMainPhase(TestSuiteExecutor.java:112)
	at com.kms.katalon.core.main.TestSuiteExecutor.execute(TestSuiteExecutor.java:81)
	at com.kms.katalon.core.main.TestCaseMain.startTestSuite(TestCaseMain.java:149)
	at com.kms.katalon.core.main.TestCaseMain$startTestSuite$0.call(Unknown Source)
	at TempTestSuite1562794812628.run(TempTestSuite1562794812628.groovy:36)]]></system-out>
         <system-err><![CDATA[2019-07-10 18:12:28 - [TEST_CASE][FAILED] - Test Cases/CRITICAL PATH/Adding product - home page: Test Cases/CRITICAL PATH/Adding product - home page FAILED.
Reason:
com.kms.katalon.core.exception.StepFailedException: Unable to select option by value 'United States' of object 'Object Repository/APOLLO- Desktop/Customer Information page/Country dropdown'  using regular expression (Root cause: org.openqa.selenium.ElementClickInterceptedException: The command failed because the specified element is obscured.
Build info: version: '3.7.1', revision: '8a0099a', time: '2017-11-06T21:07:36.161Z'
System info: host: 'sumans-MacBook-Pro.local', ip: 'fe80:0:0:0:47c:ca88:4245:b7a7%en0', os.name: 'Mac OS X', os.arch: 'x86_64', os.version: '10.13.6', java.version: '1.8.0_181'
Driver info: com.kms.katalon.selenium.driver.CRemoteWebDriver
Capabilities {acceptInsecureCerts: false, browserName: MicrosoftEdge, browserVersion: 44.18362.1.0, javascriptEnabled: true, pageLoadStrategy: normal, platform: WINDOWS, platformName: WINDOWS, proxy: Proxy(), setWindowRect: false, timeouts: {implicit: 0, pageLoad: 300000, script: 30000}}
Session ID: 6580d7c223f53067a18b76d6e8eb9d2745c959fc)
	at com.kms.katalon.core.keyword.internal.KeywordMain.stepFailed(KeywordMain.groovy:36)
	at com.kms.katalon.core.webui.keyword.internal.WebUIKeywordMain.stepFailed(WebUIKeywordMain.groovy:65)
	at com.kms.katalon.core.webui.keyword.internal.WebUIKeywordMain.runKeyword(WebUIKeywordMain.groovy:27)
	at com.kms.katalon.core.webui.keyword.builtin.SelectOptionByValueKeyword.selectOptionByValue(SelectOptionByValueKeyword.groovy:99)
	at com.kms.katalon.core.webui.keyword.builtin.SelectOptionByValueKeyword.execute(SelectOptionByValueKeyword.groovy:71)
	at com.kms.katalon.core.keyword.internal.KeywordExecutor.executeKeywordForPlatform(KeywordExecutor.groovy:53)
	at com.kms.katalon.core.webui.keyword.WebUiBuiltInKeywords.selectOptionByValue(WebUiBuiltInKeywords.groovy:1138)
	at com.kms.katalon.core.webui.keyword.WebUiBuiltInKeywords$selectOptionByValue$11.call(Unknown Source)
	at CALL- CUSTOMER INFO PAGE.run(CALL- CUSTOMER INFO PAGE:39)
	at com.kms.katalon.core.main.ScriptEngine.run(ScriptEngine.java:194)
	at com.kms.katalon.core.main.ScriptEngine.runScriptAsRawText(ScriptEngine.java:119)
	at com.kms.katalon.core.main.TestCaseExecutor.runScript(TestCaseExecutor.java:328)
	at com.kms.katalon.core.main.TestCaseExecutor.doExecute(TestCaseExecutor.java:319)
	at com.kms.katalon.core.main.TestCaseExecutor.processExecutionPhase(TestCaseExecutor.java:298)
	at com.kms.katalon.core.main.TestCaseExecutor.accessMainPhase(TestCaseExecutor.java:290)
	at com.kms.katalon.core.main.TestCaseExecutor.execute(TestCaseExecutor.java:224)
	at com.kms.katalon.core.main.TestCaseMain.runTestCase(TestCaseMain.java:106)
	at com.kms.katalon.core.keyword.builtin.CallTestCaseKeyword$_callTestCase_closure1.doCall(CallTestCaseKeyword.groovy:59)
	at com.kms.katalon.core.keyword.builtin.CallTestCaseKeyword$_callTestCase_closure1.call(CallTestCaseKeyword.groovy)
	at com.kms.katalon.core.keyword.internal.KeywordMain.runKeyword(KeywordMain.groovy:54)
	at com.kms.katalon.core.keyword.builtin.CallTestCaseKeyword.callTestCase(CallTestCaseKeyword.groovy:80)
	at com.kms.katalon.core.keyword.builtin.CallTestCaseKeyword.execute(CallTestCaseKeyword.groovy:44)
	at com.kms.katalon.core.keyword.internal.KeywordExecutor.executeKeywordForPlatform(KeywordExecutor.groovy:53)
	at com.kms.katalon.core.keyword.BuiltinKeywords.callTestCase(BuiltinKeywords.groovy:334)
	at Adding product - home page.run(Adding product - home page:61)
	at com.kms.katalon.core.main.ScriptEngine.run(ScriptEngine.java:194)
	at com.kms.katalon.core.main.ScriptEngine.runScriptAsRawText(ScriptEngine.java:119)
	at com.kms.katalon.core.main.TestCaseExecutor.runScript(TestCaseExecutor.java:328)
	at com.kms.katalon.core.main.TestCaseExecutor.doExecute(TestCaseExecutor.java:319)
	at com.kms.katalon.core.main.TestCaseExecutor.processExecutionPhase(TestCaseExecutor.java:298)
	at com.kms.katalon.core.main.TestCaseExecutor.accessMainPhase(TestCaseExecutor.java:290)
	at com.kms.katalon.core.main.TestCaseExecutor.execute(TestCaseExecutor.java:224)
	at com.kms.katalon.core.main.TestSuiteExecutor.accessTestCaseMainPhase(TestSuiteExecutor.java:129)
	at com.kms.katalon.core.main.TestSuiteExecutor.accessTestSuiteMainPhase(TestSuiteExecutor.java:112)
	at com.kms.katalon.core.main.TestSuiteExecutor.execute(TestSuiteExecutor.java:81)
	at com.kms.katalon.core.main.TestCaseMain.startTestSuite(TestCaseMain.java:149)
	at com.kms.katalon.core.main.TestCaseMain$startTestSuite$0.call(Unknown Source)
	at TempTestSuite1562794812628.run(TempTestSuite1562794812628.groovy:36)]]></system-err>
      </testcase>
      <testcase name="Test Cases/CRITICAL PATH/Login and logout" classname="Test Cases/CRITICAL PATH/Login and logout" status="PASSED">
         <system-out><![CDATA[2019-07-10 18:14:49 - [TEST_CASE][PASSED] - Test Cases/CRITICAL PATH/Login and logout: Test Cases/CRITICAL PATH/Login and logout

2019-07-10 18:14:49 - [TEST_STEP][PASSED] - callTestCase(findTestCase("CALL - URL"), [:], STOP_ON_FAILURE): Call Test Case 'Test Cases/CALL - URL' successfully

2019-07-10 18:14:50 - [TEST_CASE][PASSED] - Test Cases/CALL - URL: Test Cases/CALL - URL

2019-07-10 18:14:50 - [TEST_STEP][PASSED] - openBrowser(""): Browser is opened with url: ''

2019-07-10 18:14:50 - [MESSAGE][WARNING] - A browser is already opened. Closing browser and opening a new one

2019-07-10 18:14:51 - [MESSAGE][INFO] - Starting 'Remote' driver

2019-07-10 18:14:51 - [MESSAGE][INFO] - User set preference: ['os', 'Windows']

2019-07-10 18:14:51 - [MESSAGE][INFO] - User set preference: ['os_version', '10']

2019-07-10 18:14:51 - [MESSAGE][INFO] - User set preference: ['browser', 'Edge']

2019-07-10 18:14:51 - [MESSAGE][INFO] - User set preference: ['browser_version', '18.0']

2019-07-10 18:14:51 - [MESSAGE][INFO] - User set preference: ['resolution', '']

2019-07-10 18:14:51 - [MESSAGE][INFO] - Connecting to remote web server 'https://dianatest3:Z3oqw9ysqTeRQJq5wFCp@hub-cloud.browserstack.com/wd/hub' with type 'Selenium'

2019-07-10 18:15:03 - [MESSAGE][PASSED] - Browser is opened with url: ''

2019-07-10 18:15:03 - [TEST_STEP][PASSED] - navigateToUrl("https://diff-apollo.myshopify.com/?_ab=0&_fd=0&_sc=1&preview_theme_id=68640637028"): Navigate to 'https://diff-apollo.myshopify.com/?_ab=0&_fd=0&_sc=1&preview_theme_id=68640637028' successfully

2019-07-10 18:15:17 - [MESSAGE][PASSED] - Navigate to 'https://diff-apollo.myshopify.com/?_ab=0&_fd=0&_sc=1&preview_theme_id=68640637028' successfully

2019-07-10 18:15:17 - [TEST_STEP][NOT_RUN] - executeJavaScript("var previewBar = document.getElementById("preview-bar-iframe"); previewBar.style.display = "none";", []): NOT_RUN: executeJavaScript("var previewBar = document.getElementById("preview-bar-iframe"); previewBar.style.display = "none";", [])

2019-07-10 18:15:17 - [MESSAGE][NOT_RUN] - NOT_RUN: executeJavaScript("var previewBar = document.getElementById("preview-bar-iframe"); previewBar.style.display = "none";", [])

2019-07-10 18:15:17 - [TEST_STEP][PASSED] - maximizeWindow(): Current window maximized

2019-07-10 18:15:18 - [MESSAGE][PASSED] - Current window maximized

2019-07-10 18:15:18 - [MESSAGE][PASSED] - Call Test Case 'Test Cases/CALL - URL' successfully

2019-07-10 18:15:18 - [TEST_STEP][PASSED] - delay(1): Delayed 1 second(s)

2019-07-10 18:15:19 - [MESSAGE][PASSED] - Delayed 1 second(s)

2019-07-10 18:15:19 - [TEST_STEP][PASSED] - click(findTestObject("APOLLO- Desktop/Home page/Account icon")): Object: 'Object Repository/APOLLO- Desktop/Home page/Account icon' is clicked on

2019-07-10 18:15:20 - [MESSAGE][PASSED] - Object: 'Object Repository/APOLLO- Desktop/Home page/Account icon' is clicked on

2019-07-10 18:15:20 - [TEST_STEP][PASSED] - delay(1): Delayed 1 second(s)

2019-07-10 18:15:21 - [MESSAGE][PASSED] - Delayed 1 second(s)

2019-07-10 18:15:21 - [TEST_STEP][PASSED] - setText(findTestObject("APOLLO- Desktop/Home page/Email address"), "suman.kompelly@diffagency.com"): Text 'suman.kompelly@diffagency.com' is set on object 'Object Repository/APOLLO- Desktop/Home page/Email address'

2019-07-10 18:15:23 - [MESSAGE][PASSED] - Text 'suman.kompelly@diffagency.com' is set on object 'Object Repository/APOLLO- Desktop/Home page/Email address'

2019-07-10 18:15:23 - [TEST_STEP][PASSED] - delay(1): Delayed 1 second(s)

2019-07-10 18:15:24 - [MESSAGE][PASSED] - Delayed 1 second(s)

2019-07-10 18:15:24 - [TEST_STEP][PASSED] - setEncryptedText(findTestObject("APOLLO- Desktop/Home page/Password"), "YVtWHtdGuqHfOZKsa+65Fg=="): Text ****** has been set on object 'Object Repository/APOLLO- Desktop/Home page/Password'

2019-07-10 18:15:25 - [MESSAGE][PASSED] - Text ****** has been set on object 'Object Repository/APOLLO- Desktop/Home page/Password'

2019-07-10 18:15:25 - [TEST_STEP][PASSED] - delay(1): Delayed 1 second(s)

2019-07-10 18:15:26 - [MESSAGE][PASSED] - Delayed 1 second(s)

2019-07-10 18:15:26 - [TEST_STEP][PASSED] - click(findTestObject("APOLLO- Desktop/Home page/Sign in button")): Object: 'Object Repository/APOLLO- Desktop/Home page/Sign in button' is clicked on

2019-07-10 18:15:27 - [MESSAGE][PASSED] - Object: 'Object Repository/APOLLO- Desktop/Home page/Sign in button' is clicked on

2019-07-10 18:15:27 - [TEST_STEP][PASSED] - delay(1): Delayed 1 second(s)

2019-07-10 18:15:28 - [MESSAGE][PASSED] - Delayed 1 second(s)

2019-07-10 18:15:28 - [TEST_STEP][PASSED] - click(findTestObject("APOLLO- Desktop/Home page/address page")): Object: 'Object Repository/APOLLO- Desktop/Home page/address page' is clicked on

2019-07-10 18:15:29 - [MESSAGE][PASSED] - Object: 'Object Repository/APOLLO- Desktop/Home page/address page' is clicked on

2019-07-10 18:15:29 - [TEST_STEP][PASSED] - delay(1): Delayed 1 second(s)

2019-07-10 18:15:30 - [MESSAGE][PASSED] - Delayed 1 second(s)

2019-07-10 18:15:30 - [TEST_STEP][PASSED] - click(findTestObject("APOLLO- Desktop/Home page/orders page")): Object: 'Object Repository/APOLLO- Desktop/Home page/orders page' is clicked on

2019-07-10 18:15:31 - [MESSAGE][PASSED] - Object: 'Object Repository/APOLLO- Desktop/Home page/orders page' is clicked on

2019-07-10 18:15:31 - [TEST_STEP][PASSED] - delay(1): Delayed 1 second(s)

2019-07-10 18:15:32 - [MESSAGE][PASSED] - Delayed 1 second(s)

2019-07-10 18:15:32 - [TEST_STEP][PASSED] - click(findTestObject("APOLLO- Desktop/Home page/Details page")): Object: 'Object Repository/APOLLO- Desktop/Home page/Details page' is clicked on

2019-07-10 18:15:33 - [MESSAGE][PASSED] - Object: 'Object Repository/APOLLO- Desktop/Home page/Details page' is clicked on

2019-07-10 18:15:33 - [TEST_STEP][PASSED] - delay(1): Delayed 1 second(s)

2019-07-10 18:15:34 - [MESSAGE][PASSED] - Delayed 1 second(s)

2019-07-10 18:15:34 - [TEST_STEP][PASSED] - click(findTestObject("APOLLO- Desktop/Home page/Logout")): Object: 'Object Repository/APOLLO- Desktop/Home page/Logout' is clicked on

2019-07-10 18:15:36 - [MESSAGE][PASSED] - Object: 'Object Repository/APOLLO- Desktop/Home page/Logout' is clicked on]]></system-out>
         <system-err><![CDATA[]]></system-err>
      </testcase>
      <testcase name="Test Cases/CRITICAL PATH/Decrease quantity - Cart flyout" classname="Test Cases/CRITICAL PATH/Decrease quantity - Cart flyout" status="FAILED">
         <failure type="FAILED" message="Test Cases/CRITICAL PATH/Decrease quantity - Cart flyout FAILED.
Reason:
com.kms.katalon.core.exception.StepFailedException: Unable to select option by value 'United States' of object 'Object Repository/APOLLO- Desktop/Customer Information page/Country dropdown'  using regular expression (Root cause: org.openqa.selenium.ElementClickInterceptedException: The command failed because the specified element is obscured.
Build info: version: '3.7.1', revision: '8a0099a', time: '2017-11-06T21:07:36.161Z'
System info: host: 'sumans-MacBook-Pro.local', ip: 'fe80:0:0:0:47c:ca88:4245:b7a7%en0', os.name: 'Mac OS X', os.arch: 'x86_64', os.version: '10.13.6', java.version: '1.8.0_181'
Driver info: com.kms.katalon.selenium.driver.CRemoteWebDriver
Capabilities {acceptInsecureCerts: false, browserName: MicrosoftEdge, browserVersion: 44.18362.1.0, javascriptEnabled: true, pageLoadStrategy: normal, platform: WINDOWS, platformName: WINDOWS, proxy: Proxy(), setWindowRect: false, timeouts: {implicit: 0, pageLoad: 300000, script: 30000}}
Session ID: 48a75a822e18fe7758acd55b7180108ec363e102)
	at com.kms.katalon.core.keyword.internal.KeywordMain.stepFailed(KeywordMain.groovy:36)
	at com.kms.katalon.core.webui.keyword.internal.WebUIKeywordMain.stepFailed(WebUIKeywordMain.groovy:65)
	at com.kms.katalon.core.webui.keyword.internal.WebUIKeywordMain.runKeyword(WebUIKeywordMain.groovy:27)
	at com.kms.katalon.core.webui.keyword.builtin.SelectOptionByValueKeyword.selectOptionByValue(SelectOptionByValueKeyword.groovy:99)
	at com.kms.katalon.core.webui.keyword.builtin.SelectOptionByValueKeyword.execute(SelectOptionByValueKeyword.groovy:71)
	at com.kms.katalon.core.keyword.internal.KeywordExecutor.executeKeywordForPlatform(KeywordExecutor.groovy:53)
	at com.kms.katalon.core.webui.keyword.WebUiBuiltInKeywords.selectOptionByValue(WebUiBuiltInKeywords.groovy:1138)
	at com.kms.katalon.core.webui.keyword.WebUiBuiltInKeywords$selectOptionByValue$11.call(Unknown Source)
	at CALL- CUSTOMER INFO PAGE.run(CALL- CUSTOMER INFO PAGE:39)
	at com.kms.katalon.core.main.ScriptEngine.run(ScriptEngine.java:194)
	at com.kms.katalon.core.main.ScriptEngine.runScriptAsRawText(ScriptEngine.java:119)
	at com.kms.katalon.core.main.TestCaseExecutor.runScript(TestCaseExecutor.java:328)
	at com.kms.katalon.core.main.TestCaseExecutor.doExecute(TestCaseExecutor.java:319)
	at com.kms.katalon.core.main.TestCaseExecutor.processExecutionPhase(TestCaseExecutor.java:298)
	at com.kms.katalon.core.main.TestCaseExecutor.accessMainPhase(TestCaseExecutor.java:290)
	at com.kms.katalon.core.main.TestCaseExecutor.execute(TestCaseExecutor.java:224)
	at com.kms.katalon.core.main.TestCaseMain.runTestCase(TestCaseMain.java:106)
	at com.kms.katalon.core.keyword.builtin.CallTestCaseKeyword$_callTestCase_closure1.doCall(CallTestCaseKeyword.groovy:59)
	at com.kms.katalon.core.keyword.builtin.CallTestCaseKeyword$_callTestCase_closure1.call(CallTestCaseKeyword.groovy)
	at com.kms.katalon.core.keyword.internal.KeywordMain.runKeyword(KeywordMain.groovy:54)
	at com.kms.katalon.core.keyword.builtin.CallTestCaseKeyword.callTestCase(CallTestCaseKeyword.groovy:80)
	at com.kms.katalon.core.keyword.builtin.CallTestCaseKeyword.execute(CallTestCaseKeyword.groovy:44)
	at com.kms.katalon.core.keyword.internal.KeywordExecutor.executeKeywordForPlatform(KeywordExecutor.groovy:53)
	at com.kms.katalon.core.keyword.BuiltinKeywords.callTestCase(BuiltinKeywords.groovy:334)
	at Decrease quantity - Cart flyout.run(Decrease quantity - Cart flyout:101)
	at com.kms.katalon.core.main.ScriptEngine.run(ScriptEngine.java:194)
	at com.kms.katalon.core.main.ScriptEngine.runScriptAsRawText(ScriptEngine.java:119)
	at com.kms.katalon.core.main.TestCaseExecutor.runScript(TestCaseExecutor.java:328)
	at com.kms.katalon.core.main.TestCaseExecutor.doExecute(TestCaseExecutor.java:319)
	at com.kms.katalon.core.main.TestCaseExecutor.processExecutionPhase(TestCaseExecutor.java:298)
	at com.kms.katalon.core.main.TestCaseExecutor.accessMainPhase(TestCaseExecutor.java:290)
	at com.kms.katalon.core.main.TestCaseExecutor.execute(TestCaseExecutor.java:224)
	at com.kms.katalon.core.main.TestSuiteExecutor.accessTestCaseMainPhase(TestSuiteExecutor.java:129)
	at com.kms.katalon.core.main.TestSuiteExecutor.accessTestSuiteMainPhase(TestSuiteExecutor.java:112)
	at com.kms.katalon.core.main.TestSuiteExecutor.execute(TestSuiteExecutor.java:81)
	at com.kms.katalon.core.main.TestCaseMain.startTestSuite(TestCaseMain.java:149)
	at com.kms.katalon.core.main.TestCaseMain$startTestSuite$0.call(Unknown Source)
	at TempTestSuite1562794812628.run(TempTestSuite1562794812628.groovy:36)
"/>
         <system-out><![CDATA[2019-07-10 18:15:36 - [TEST_CASE][FAILED] - Test Cases/CRITICAL PATH/Decrease quantity - Cart flyout: Test Cases/CRITICAL PATH/Decrease quantity - Cart flyout FAILED.
Reason:
com.kms.katalon.core.exception.StepFailedException: Unable to select option by value 'United States' of object 'Object Repository/APOLLO- Desktop/Customer Information page/Country dropdown'  using regular expression (Root cause: org.openqa.selenium.ElementClickInterceptedException: The command failed because the specified element is obscured.
Build info: version: '3.7.1', revision: '8a0099a', time: '2017-11-06T21:07:36.161Z'
System info: host: 'sumans-MacBook-Pro.local', ip: 'fe80:0:0:0:47c:ca88:4245:b7a7%en0', os.name: 'Mac OS X', os.arch: 'x86_64', os.version: '10.13.6', java.version: '1.8.0_181'
Driver info: com.kms.katalon.selenium.driver.CRemoteWebDriver
Capabilities {acceptInsecureCerts: false, browserName: MicrosoftEdge, browserVersion: 44.18362.1.0, javascriptEnabled: true, pageLoadStrategy: normal, platform: WINDOWS, platformName: WINDOWS, proxy: Proxy(), setWindowRect: false, timeouts: {implicit: 0, pageLoad: 300000, script: 30000}}
Session ID: 48a75a822e18fe7758acd55b7180108ec363e102)
	at com.kms.katalon.core.keyword.internal.KeywordMain.stepFailed(KeywordMain.groovy:36)
	at com.kms.katalon.core.webui.keyword.internal.WebUIKeywordMain.stepFailed(WebUIKeywordMain.groovy:65)
	at com.kms.katalon.core.webui.keyword.internal.WebUIKeywordMain.runKeyword(WebUIKeywordMain.groovy:27)
	at com.kms.katalon.core.webui.keyword.builtin.SelectOptionByValueKeyword.selectOptionByValue(SelectOptionByValueKeyword.groovy:99)
	at com.kms.katalon.core.webui.keyword.builtin.SelectOptionByValueKeyword.execute(SelectOptionByValueKeyword.groovy:71)
	at com.kms.katalon.core.keyword.internal.KeywordExecutor.executeKeywordForPlatform(KeywordExecutor.groovy:53)
	at com.kms.katalon.core.webui.keyword.WebUiBuiltInKeywords.selectOptionByValue(WebUiBuiltInKeywords.groovy:1138)
	at com.kms.katalon.core.webui.keyword.WebUiBuiltInKeywords$selectOptionByValue$11.call(Unknown Source)
	at CALL- CUSTOMER INFO PAGE.run(CALL- CUSTOMER INFO PAGE:39)
	at com.kms.katalon.core.main.ScriptEngine.run(ScriptEngine.java:194)
	at com.kms.katalon.core.main.ScriptEngine.runScriptAsRawText(ScriptEngine.java:119)
	at com.kms.katalon.core.main.TestCaseExecutor.runScript(TestCaseExecutor.java:328)
	at com.kms.katalon.core.main.TestCaseExecutor.doExecute(TestCaseExecutor.java:319)
	at com.kms.katalon.core.main.TestCaseExecutor.processExecutionPhase(TestCaseExecutor.java:298)
	at com.kms.katalon.core.main.TestCaseExecutor.accessMainPhase(TestCaseExecutor.java:290)
	at com.kms.katalon.core.main.TestCaseExecutor.execute(TestCaseExecutor.java:224)
	at com.kms.katalon.core.main.TestCaseMain.runTestCase(TestCaseMain.java:106)
	at com.kms.katalon.core.keyword.builtin.CallTestCaseKeyword$_callTestCase_closure1.doCall(CallTestCaseKeyword.groovy:59)
	at com.kms.katalon.core.keyword.builtin.CallTestCaseKeyword$_callTestCase_closure1.call(CallTestCaseKeyword.groovy)
	at com.kms.katalon.core.keyword.internal.KeywordMain.runKeyword(KeywordMain.groovy:54)
	at com.kms.katalon.core.keyword.builtin.CallTestCaseKeyword.callTestCase(CallTestCaseKeyword.groovy:80)
	at com.kms.katalon.core.keyword.builtin.CallTestCaseKeyword.execute(CallTestCaseKeyword.groovy:44)
	at com.kms.katalon.core.keyword.internal.KeywordExecutor.executeKeywordForPlatform(KeywordExecutor.groovy:53)
	at com.kms.katalon.core.keyword.BuiltinKeywords.callTestCase(BuiltinKeywords.groovy:334)
	at Decrease quantity - Cart flyout.run(Decrease quantity - Cart flyout:101)
	at com.kms.katalon.core.main.ScriptEngine.run(ScriptEngine.java:194)
	at com.kms.katalon.core.main.ScriptEngine.runScriptAsRawText(ScriptEngine.java:119)
	at com.kms.katalon.core.main.TestCaseExecutor.runScript(TestCaseExecutor.java:328)
	at com.kms.katalon.core.main.TestCaseExecutor.doExecute(TestCaseExecutor.java:319)
	at com.kms.katalon.core.main.TestCaseExecutor.processExecutionPhase(TestCaseExecutor.java:298)
	at com.kms.katalon.core.main.TestCaseExecutor.accessMainPhase(TestCaseExecutor.java:290)
	at com.kms.katalon.core.main.TestCaseExecutor.execute(TestCaseExecutor.java:224)
	at com.kms.katalon.core.main.TestSuiteExecutor.accessTestCaseMainPhase(TestSuiteExecutor.java:129)
	at com.kms.katalon.core.main.TestSuiteExecutor.accessTestSuiteMainPhase(TestSuiteExecutor.java:112)
	at com.kms.katalon.core.main.TestSuiteExecutor.execute(TestSuiteExecutor.java:81)
	at com.kms.katalon.core.main.TestCaseMain.startTestSuite(TestCaseMain.java:149)
	at com.kms.katalon.core.main.TestCaseMain$startTestSuite$0.call(Unknown Source)
	at TempTestSuite1562794812628.run(TempTestSuite1562794812628.groovy:36)


2019-07-10 18:15:36 - [TEST_STEP][PASSED] - callTestCase(findTestCase("CALL - URL"), [:], STOP_ON_FAILURE): Call Test Case 'Test Cases/CALL - URL' successfully

2019-07-10 18:15:36 - [TEST_CASE][PASSED] - Test Cases/CALL - URL: Test Cases/CALL - URL

2019-07-10 18:15:36 - [TEST_STEP][PASSED] - openBrowser(""): Browser is opened with url: ''

2019-07-10 18:15:36 - [MESSAGE][WARNING] - A browser is already opened. Closing browser and opening a new one

2019-07-10 18:15:38 - [MESSAGE][INFO] - Starting 'Remote' driver

2019-07-10 18:15:38 - [MESSAGE][INFO] - User set preference: ['os', 'Windows']

2019-07-10 18:15:38 - [MESSAGE][INFO] - User set preference: ['os_version', '10']

2019-07-10 18:15:38 - [MESSAGE][INFO] - User set preference: ['browser', 'Edge']

2019-07-10 18:15:38 - [MESSAGE][INFO] - User set preference: ['browser_version', '18.0']

2019-07-10 18:15:38 - [MESSAGE][INFO] - User set preference: ['resolution', '']

2019-07-10 18:15:38 - [MESSAGE][INFO] - Connecting to remote web server 'https://dianatest3:Z3oqw9ysqTeRQJq5wFCp@hub-cloud.browserstack.com/wd/hub' with type 'Selenium'

2019-07-10 18:15:49 - [MESSAGE][PASSED] - Browser is opened with url: ''

2019-07-10 18:15:49 - [TEST_STEP][PASSED] - navigateToUrl("https://diff-apollo.myshopify.com/?_ab=0&_fd=0&_sc=1&preview_theme_id=68640637028"): Navigate to 'https://diff-apollo.myshopify.com/?_ab=0&_fd=0&_sc=1&preview_theme_id=68640637028' successfully

2019-07-10 18:16:08 - [MESSAGE][PASSED] - Navigate to 'https://diff-apollo.myshopify.com/?_ab=0&_fd=0&_sc=1&preview_theme_id=68640637028' successfully

2019-07-10 18:16:08 - [TEST_STEP][NOT_RUN] - executeJavaScript("var previewBar = document.getElementById("preview-bar-iframe"); previewBar.style.display = "none";", []): NOT_RUN: executeJavaScript("var previewBar = document.getElementById("preview-bar-iframe"); previewBar.style.display = "none";", [])

2019-07-10 18:16:08 - [MESSAGE][NOT_RUN] - NOT_RUN: executeJavaScript("var previewBar = document.getElementById("preview-bar-iframe"); previewBar.style.display = "none";", [])

2019-07-10 18:16:08 - [TEST_STEP][PASSED] - maximizeWindow(): Current window maximized

2019-07-10 18:16:08 - [MESSAGE][PASSED] - Current window maximized

2019-07-10 18:16:08 - [MESSAGE][PASSED] - Call Test Case 'Test Cases/CALL - URL' successfully

2019-07-10 18:16:08 - [TEST_STEP][PASSED] - delay(1): Delayed 1 second(s)

2019-07-10 18:16:09 - [MESSAGE][PASSED] - Delayed 1 second(s)

2019-07-10 18:16:09 - [TEST_STEP][PASSED] - click(findTestObject("APOLLO- Desktop/Burger Menu/Burgermenu")): Object: 'Object Repository/APOLLO- Desktop/Burger Menu/Burgermenu' is clicked on

2019-07-10 18:16:11 - [MESSAGE][PASSED] - Object: 'Object Repository/APOLLO- Desktop/Burger Menu/Burgermenu' is clicked on

2019-07-10 18:16:11 - [TEST_STEP][PASSED] - delay(2): Delayed 2 second(s)

2019-07-10 18:16:13 - [MESSAGE][PASSED] - Delayed 2 second(s)

2019-07-10 18:16:13 - [TEST_STEP][PASSED] - click(findTestObject("APOLLO- Desktop/Burger Menu/Mens chevron")): Object: 'Object Repository/APOLLO- Desktop/Burger Menu/Mens chevron' is clicked on

2019-07-10 18:16:13 - [MESSAGE][PASSED] - Object: 'Object Repository/APOLLO- Desktop/Burger Menu/Mens chevron' is clicked on

2019-07-10 18:16:13 - [TEST_STEP][PASSED] - delay(2): Delayed 2 second(s)

2019-07-10 18:16:15 - [MESSAGE][PASSED] - Delayed 2 second(s)

2019-07-10 18:16:15 - [TEST_STEP][PASSED] - click(findTestObject("APOLLO- Desktop/Burger Menu/Mens - Top Chevron")): Object: 'Object Repository/APOLLO- Desktop/Burger Menu/Mens - Top Chevron' is clicked on

2019-07-10 18:16:16 - [MESSAGE][PASSED] - Object: 'Object Repository/APOLLO- Desktop/Burger Menu/Mens - Top Chevron' is clicked on

2019-07-10 18:16:16 - [TEST_STEP][PASSED] - delay(2): Delayed 2 second(s)

2019-07-10 18:16:18 - [MESSAGE][PASSED] - Delayed 2 second(s)

2019-07-10 18:16:18 - [TEST_STEP][PASSED] - click(findTestObject("APOLLO- Desktop/Burger Menu/Shirts link")): Object: 'Object Repository/APOLLO- Desktop/Burger Menu/Shirts link' is clicked on

2019-07-10 18:16:19 - [MESSAGE][PASSED] - Object: 'Object Repository/APOLLO- Desktop/Burger Menu/Shirts link' is clicked on

2019-07-10 18:16:19 - [TEST_STEP][NOT_RUN] - executeJavaScript("var previewBar = document.getElementById("preview-bar-iframe"); previewBar.style.display = "none";", []): NOT_RUN: executeJavaScript("var previewBar = document.getElementById("preview-bar-iframe"); previewBar.style.display = "none";", [])

2019-07-10 18:16:19 - [MESSAGE][NOT_RUN] - NOT_RUN: executeJavaScript("var previewBar = document.getElementById("preview-bar-iframe"); previewBar.style.display = "none";", [])

2019-07-10 18:16:19 - [TEST_STEP][PASSED] - delay(2): Delayed 2 second(s)

2019-07-10 18:16:21 - [MESSAGE][PASSED] - Delayed 2 second(s)

2019-07-10 18:16:21 - [TEST_STEP][PASSED] - click(findTestObject("APOLLO- Desktop/Collection page/Blue shirt product")): Object: 'Object Repository/APOLLO- Desktop/Collection page/Blue shirt product' is clicked on

2019-07-10 18:16:21 - [MESSAGE][PASSED] - Object: 'Object Repository/APOLLO- Desktop/Collection page/Blue shirt product' is clicked on

2019-07-10 18:16:21 - [TEST_STEP][PASSED] - delay(2): Delayed 2 second(s)

2019-07-10 18:16:23 - [MESSAGE][PASSED] - Delayed 2 second(s)

2019-07-10 18:16:23 - [TEST_STEP][PASSED] - selectOptionByValue(findTestObject("APOLLO- Desktop/Product page/Size dropdown"), "Medium", true): All options with value 'Medium' are selected in object 'Object Repository/APOLLO- Desktop/Product page/Size dropdown'  using regular expression

2019-07-10 18:16:28 - [MESSAGE][PASSED] - All options with value 'Medium' are selected in object 'Object Repository/APOLLO- Desktop/Product page/Size dropdown'  using regular expression

2019-07-10 18:16:28 - [TEST_STEP][PASSED] - delay(2): Delayed 2 second(s)

2019-07-10 18:16:30 - [MESSAGE][PASSED] - Delayed 2 second(s)

2019-07-10 18:16:30 - [TEST_STEP][PASSED] - click(findTestObject("APOLLO- Desktop/Product page/Increase qunatity - prod page")): Object: 'Object Repository/APOLLO- Desktop/Product page/Increase qunatity - prod page' is clicked on

2019-07-10 18:16:31 - [MESSAGE][PASSED] - Object: 'Object Repository/APOLLO- Desktop/Product page/Increase qunatity - prod page' is clicked on

2019-07-10 18:16:31 - [TEST_STEP][PASSED] - delay(2): Delayed 2 second(s)

2019-07-10 18:16:33 - [MESSAGE][PASSED] - Delayed 2 second(s)

2019-07-10 18:16:33 - [TEST_STEP][PASSED] - click(findTestObject("APOLLO- Desktop/Product page/Increase qunatity - prod page")): Object: 'Object Repository/APOLLO- Desktop/Product page/Increase qunatity - prod page' is clicked on

2019-07-10 18:16:33 - [MESSAGE][PASSED] - Object: 'Object Repository/APOLLO- Desktop/Product page/Increase qunatity - prod page' is clicked on

2019-07-10 18:16:33 - [TEST_STEP][PASSED] - delay(2): Delayed 2 second(s)

2019-07-10 18:16:35 - [MESSAGE][PASSED] - Delayed 2 second(s)

2019-07-10 18:16:35 - [TEST_STEP][PASSED] - click(findTestObject("APOLLO- Desktop/Product page/Increase qunatity - prod page")): Object: 'Object Repository/APOLLO- Desktop/Product page/Increase qunatity - prod page' is clicked on

2019-07-10 18:16:35 - [MESSAGE][PASSED] - Object: 'Object Repository/APOLLO- Desktop/Product page/Increase qunatity - prod page' is clicked on

2019-07-10 18:16:35 - [TEST_STEP][PASSED] - delay(2): Delayed 2 second(s)

2019-07-10 18:16:37 - [MESSAGE][PASSED] - Delayed 2 second(s)

2019-07-10 18:16:37 - [TEST_STEP][PASSED] - click(findTestObject("APOLLO- Desktop/Product page/Increase qunatity - prod page")): Object: 'Object Repository/APOLLO- Desktop/Product page/Increase qunatity - prod page' is clicked on

2019-07-10 18:16:38 - [MESSAGE][PASSED] - Object: 'Object Repository/APOLLO- Desktop/Product page/Increase qunatity - prod page' is clicked on

2019-07-10 18:16:38 - [TEST_STEP][PASSED] - delay(2): Delayed 2 second(s)

2019-07-10 18:16:40 - [MESSAGE][PASSED] - Delayed 2 second(s)

2019-07-10 18:16:40 - [TEST_STEP][PASSED] - click(findTestObject("APOLLO- Desktop/Product page/Increase qunatity - prod page")): Object: 'Object Repository/APOLLO- Desktop/Product page/Increase qunatity - prod page' is clicked on

2019-07-10 18:16:40 - [MESSAGE][PASSED] - Object: 'Object Repository/APOLLO- Desktop/Product page/Increase qunatity - prod page' is clicked on

2019-07-10 18:16:40 - [TEST_STEP][PASSED] - delay(2): Delayed 2 second(s)

2019-07-10 18:16:42 - [MESSAGE][PASSED] - Delayed 2 second(s)

2019-07-10 18:16:42 - [TEST_STEP][PASSED] - click(findTestObject("APOLLO- Desktop/Product page/Add to bag")): Object: 'Object Repository/APOLLO- Desktop/Product page/Add to bag' is clicked on

2019-07-10 18:16:43 - [MESSAGE][PASSED] - Object: 'Object Repository/APOLLO- Desktop/Product page/Add to bag' is clicked on

2019-07-10 18:16:43 - [TEST_STEP][PASSED] - delay(2): Delayed 2 second(s)

2019-07-10 18:16:45 - [MESSAGE][PASSED] - Delayed 2 second(s)

2019-07-10 18:16:45 - [TEST_STEP][PASSED] - a = getText(findTestObject("APOLLO- Desktop/Cart flyout/Subtotal in cart flyout")): Text of object 'Object Repository/APOLLO- Desktop/Cart flyout/Subtotal in cart flyout' is: '$76.50'

2019-07-10 18:16:45 - [MESSAGE][PASSED] - Text of object 'Object Repository/APOLLO- Desktop/Cart flyout/Subtotal in cart flyout' is: '$76.50'

2019-07-10 18:16:45 - [TEST_STEP][PASSED] - comment("a=" + a): a=$76.50

2019-07-10 18:16:45 - [MESSAGE][INFO] - a=$76.50

2019-07-10 18:16:45 - [TEST_STEP][PASSED] - delay(2): Delayed 2 second(s)

2019-07-10 18:16:47 - [MESSAGE][PASSED] - Delayed 2 second(s)

2019-07-10 18:16:47 - [TEST_STEP][PASSED] - click(findTestObject("APOLLO- Desktop/Cart flyout/Decrease quantity - cart flyout")): Object: 'Object Repository/APOLLO- Desktop/Cart flyout/Decrease quantity - cart flyout' is clicked on

2019-07-10 18:16:48 - [MESSAGE][PASSED] - Object: 'Object Repository/APOLLO- Desktop/Cart flyout/Decrease quantity - cart flyout' is clicked on

2019-07-10 18:16:48 - [TEST_STEP][PASSED] - delay(2): Delayed 2 second(s)

2019-07-10 18:16:50 - [MESSAGE][PASSED] - Delayed 2 second(s)

2019-07-10 18:16:50 - [TEST_STEP][PASSED] - click(findTestObject("APOLLO- Desktop/Cart flyout/Decrease quantity - cart flyout")): Object: 'Object Repository/APOLLO- Desktop/Cart flyout/Decrease quantity - cart flyout' is clicked on

2019-07-10 18:16:50 - [MESSAGE][PASSED] - Object: 'Object Repository/APOLLO- Desktop/Cart flyout/Decrease quantity - cart flyout' is clicked on

2019-07-10 18:16:50 - [TEST_STEP][PASSED] - delay(2): Delayed 2 second(s)

2019-07-10 18:16:52 - [MESSAGE][PASSED] - Delayed 2 second(s)

2019-07-10 18:16:52 - [TEST_STEP][PASSED] - click(findTestObject("APOLLO- Desktop/Cart flyout/Decrease quantity - cart flyout")): Object: 'Object Repository/APOLLO- Desktop/Cart flyout/Decrease quantity - cart flyout' is clicked on

2019-07-10 18:16:53 - [MESSAGE][PASSED] - Object: 'Object Repository/APOLLO- Desktop/Cart flyout/Decrease quantity - cart flyout' is clicked on

2019-07-10 18:16:53 - [TEST_STEP][PASSED] - delay(2): Delayed 2 second(s)

2019-07-10 18:16:55 - [MESSAGE][PASSED] - Delayed 2 second(s)

2019-07-10 18:16:55 - [TEST_STEP][PASSED] - b = getText(findTestObject("APOLLO- Desktop/Cart flyout/Subtotal in cart flyout")): Text of object 'Object Repository/APOLLO- Desktop/Cart flyout/Subtotal in cart flyout' is: '$60.00'

2019-07-10 18:16:55 - [MESSAGE][PASSED] - Text of object 'Object Repository/APOLLO- Desktop/Cart flyout/Subtotal in cart flyout' is: '$60.00'

2019-07-10 18:16:55 - [TEST_STEP][PASSED] - comment("b=" + b): b=$60.00

2019-07-10 18:16:55 - [MESSAGE][INFO] - b=$60.00

2019-07-10 18:16:55 - [TEST_STEP][PASSED] - verifyNotEqual("a", "b"): Actual object 'a' and expected object 'b' are not equal

2019-07-10 18:16:55 - [MESSAGE][PASSED] - Actual object 'a' and expected object 'b' are not equal

2019-07-10 18:16:55 - [TEST_STEP][PASSED] - delay(2): Delayed 2 second(s)

2019-07-10 18:16:57 - [MESSAGE][PASSED] - Delayed 2 second(s)

2019-07-10 18:16:57 - [TEST_STEP][PASSED] - click(findTestObject("APOLLO- Desktop/Cart flyout/Checkout")): Object: 'Object Repository/APOLLO- Desktop/Cart flyout/Checkout' is clicked on

2019-07-10 18:16:57 - [MESSAGE][PASSED] - Object: 'Object Repository/APOLLO- Desktop/Cart flyout/Checkout' is clicked on

2019-07-10 18:16:57 - [TEST_STEP][PASSED] - delay(2): Delayed 2 second(s)

2019-07-10 18:16:59 - [MESSAGE][PASSED] - Delayed 2 second(s)

2019-07-10 18:16:59 - [TEST_STEP][FAILED] - callTestCase(findTestCase("CALL- CUSTOMER INFO PAGE"), [:], STOP_ON_FAILURE): callTestCase(findTestCase("CALL- CUSTOMER INFO PAGE"), [:], STOP_ON_FAILURE) FAILED.
Reason:
com.kms.katalon.core.exception.StepFailedException: Unable to select option by value 'United States' of object 'Object Repository/APOLLO- Desktop/Customer Information page/Country dropdown'  using regular expression (Root cause: org.openqa.selenium.ElementClickInterceptedException: The command failed because the specified element is obscured.
Build info: version: '3.7.1', revision: '8a0099a', time: '2017-11-06T21:07:36.161Z'
System info: host: 'sumans-MacBook-Pro.local', ip: 'fe80:0:0:0:47c:ca88:4245:b7a7%en0', os.name: 'Mac OS X', os.arch: 'x86_64', os.version: '10.13.6', java.version: '1.8.0_181'
Driver info: com.kms.katalon.selenium.driver.CRemoteWebDriver
Capabilities {acceptInsecureCerts: false, browserName: MicrosoftEdge, browserVersion: 44.18362.1.0, javascriptEnabled: true, pageLoadStrategy: normal, platform: WINDOWS, platformName: WINDOWS, proxy: Proxy(), setWindowRect: false, timeouts: {implicit: 0, pageLoad: 300000, script: 30000}}
Session ID: 48a75a822e18fe7758acd55b7180108ec363e102)
	at com.kms.katalon.core.keyword.internal.KeywordMain.stepFailed(KeywordMain.groovy:36)
	at com.kms.katalon.core.webui.keyword.internal.WebUIKeywordMain.stepFailed(WebUIKeywordMain.groovy:65)
	at com.kms.katalon.core.webui.keyword.internal.WebUIKeywordMain.runKeyword(WebUIKeywordMain.groovy:27)
	at com.kms.katalon.core.webui.keyword.builtin.SelectOptionByValueKeyword.selectOptionByValue(SelectOptionByValueKeyword.groovy:99)
	at com.kms.katalon.core.webui.keyword.builtin.SelectOptionByValueKeyword.execute(SelectOptionByValueKeyword.groovy:71)
	at com.kms.katalon.core.keyword.internal.KeywordExecutor.executeKeywordForPlatform(KeywordExecutor.groovy:53)
	at com.kms.katalon.core.webui.keyword.WebUiBuiltInKeywords.selectOptionByValue(WebUiBuiltInKeywords.groovy:1138)
	at com.kms.katalon.core.webui.keyword.WebUiBuiltInKeywords$selectOptionByValue$11.call(Unknown Source)
	at CALL- CUSTOMER INFO PAGE.run(CALL- CUSTOMER INFO PAGE:39)
	at com.kms.katalon.core.main.ScriptEngine.run(ScriptEngine.java:194)
	at com.kms.katalon.core.main.ScriptEngine.runScriptAsRawText(ScriptEngine.java:119)
	at com.kms.katalon.core.main.TestCaseExecutor.runScript(TestCaseExecutor.java:328)
	at com.kms.katalon.core.main.TestCaseExecutor.doExecute(TestCaseExecutor.java:319)
	at com.kms.katalon.core.main.TestCaseExecutor.processExecutionPhase(TestCaseExecutor.java:298)
	at com.kms.katalon.core.main.TestCaseExecutor.accessMainPhase(TestCaseExecutor.java:290)
	at com.kms.katalon.core.main.TestCaseExecutor.execute(TestCaseExecutor.java:224)
	at com.kms.katalon.core.main.TestCaseMain.runTestCase(TestCaseMain.java:106)
	at com.kms.katalon.core.keyword.builtin.CallTestCaseKeyword$_callTestCase_closure1.doCall(CallTestCaseKeyword.groovy:59)
	at com.kms.katalon.core.keyword.builtin.CallTestCaseKeyword$_callTestCase_closure1.call(CallTestCaseKeyword.groovy)
	at com.kms.katalon.core.keyword.internal.KeywordMain.runKeyword(KeywordMain.groovy:54)
	at com.kms.katalon.core.keyword.builtin.CallTestCaseKeyword.callTestCase(CallTestCaseKeyword.groovy:80)
	at com.kms.katalon.core.keyword.builtin.CallTestCaseKeyword.execute(CallTestCaseKeyword.groovy:44)
	at com.kms.katalon.core.keyword.internal.KeywordExecutor.executeKeywordForPlatform(KeywordExecutor.groovy:53)
	at com.kms.katalon.core.keyword.BuiltinKeywords.callTestCase(BuiltinKeywords.groovy:334)
	at Decrease quantity - Cart flyout.run(Decrease quantity - Cart flyout:101)
	at com.kms.katalon.core.main.ScriptEngine.run(ScriptEngine.java:194)
	at com.kms.katalon.core.main.ScriptEngine.runScriptAsRawText(ScriptEngine.java:119)
	at com.kms.katalon.core.main.TestCaseExecutor.runScript(TestCaseExecutor.java:328)
	at com.kms.katalon.core.main.TestCaseExecutor.doExecute(TestCaseExecutor.java:319)
	at com.kms.katalon.core.main.TestCaseExecutor.processExecutionPhase(TestCaseExecutor.java:298)
	at com.kms.katalon.core.main.TestCaseExecutor.accessMainPhase(TestCaseExecutor.java:290)
	at com.kms.katalon.core.main.TestCaseExecutor.execute(TestCaseExecutor.java:224)
	at com.kms.katalon.core.main.TestSuiteExecutor.accessTestCaseMainPhase(TestSuiteExecutor.java:129)
	at com.kms.katalon.core.main.TestSuiteExecutor.accessTestSuiteMainPhase(TestSuiteExecutor.java:112)
	at com.kms.katalon.core.main.TestSuiteExecutor.execute(TestSuiteExecutor.java:81)
	at com.kms.katalon.core.main.TestCaseMain.startTestSuite(TestCaseMain.java:149)
	at com.kms.katalon.core.main.TestCaseMain$startTestSuite$0.call(Unknown Source)
	at TempTestSuite1562794812628.run(TempTestSuite1562794812628.groovy:36)


2019-07-10 18:17:00 - [TEST_CASE][FAILED] - Test Cases/CALL- CUSTOMER INFO PAGE: Test Cases/CALL- CUSTOMER INFO PAGE FAILED.
Reason:
com.kms.katalon.core.exception.StepFailedException: Unable to select option by value 'United States' of object 'Object Repository/APOLLO- Desktop/Customer Information page/Country dropdown'  using regular expression (Root cause: org.openqa.selenium.ElementClickInterceptedException: The command failed because the specified element is obscured.
Build info: version: '3.7.1', revision: '8a0099a', time: '2017-11-06T21:07:36.161Z'
System info: host: 'sumans-MacBook-Pro.local', ip: 'fe80:0:0:0:47c:ca88:4245:b7a7%en0', os.name: 'Mac OS X', os.arch: 'x86_64', os.version: '10.13.6', java.version: '1.8.0_181'
Driver info: com.kms.katalon.selenium.driver.CRemoteWebDriver
Capabilities {acceptInsecureCerts: false, browserName: MicrosoftEdge, browserVersion: 44.18362.1.0, javascriptEnabled: true, pageLoadStrategy: normal, platform: WINDOWS, platformName: WINDOWS, proxy: Proxy(), setWindowRect: false, timeouts: {implicit: 0, pageLoad: 300000, script: 30000}}
Session ID: 48a75a822e18fe7758acd55b7180108ec363e102)
	at com.kms.katalon.core.keyword.internal.KeywordMain.stepFailed(KeywordMain.groovy:36)
	at com.kms.katalon.core.webui.keyword.internal.WebUIKeywordMain.stepFailed(WebUIKeywordMain.groovy:65)
	at com.kms.katalon.core.webui.keyword.internal.WebUIKeywordMain.runKeyword(WebUIKeywordMain.groovy:27)
	at com.kms.katalon.core.webui.keyword.builtin.SelectOptionByValueKeyword.selectOptionByValue(SelectOptionByValueKeyword.groovy:99)
	at com.kms.katalon.core.webui.keyword.builtin.SelectOptionByValueKeyword.execute(SelectOptionByValueKeyword.groovy:71)
	at com.kms.katalon.core.keyword.internal.KeywordExecutor.executeKeywordForPlatform(KeywordExecutor.groovy:53)
	at com.kms.katalon.core.webui.keyword.WebUiBuiltInKeywords.selectOptionByValue(WebUiBuiltInKeywords.groovy:1138)
	at com.kms.katalon.core.webui.keyword.WebUiBuiltInKeywords$selectOptionByValue$11.call(Unknown Source)
	at CALL- CUSTOMER INFO PAGE.run(CALL- CUSTOMER INFO PAGE:39)
	at com.kms.katalon.core.main.ScriptEngine.run(ScriptEngine.java:194)
	at com.kms.katalon.core.main.ScriptEngine.runScriptAsRawText(ScriptEngine.java:119)
	at com.kms.katalon.core.main.TestCaseExecutor.runScript(TestCaseExecutor.java:328)
	at com.kms.katalon.core.main.TestCaseExecutor.doExecute(TestCaseExecutor.java:319)
	at com.kms.katalon.core.main.TestCaseExecutor.processExecutionPhase(TestCaseExecutor.java:298)
	at com.kms.katalon.core.main.TestCaseExecutor.accessMainPhase(TestCaseExecutor.java:290)
	at com.kms.katalon.core.main.TestCaseExecutor.execute(TestCaseExecutor.java:224)
	at com.kms.katalon.core.main.TestCaseMain.runTestCase(TestCaseMain.java:106)
	at com.kms.katalon.core.keyword.builtin.CallTestCaseKeyword$_callTestCase_closure1.doCall(CallTestCaseKeyword.groovy:59)
	at com.kms.katalon.core.keyword.builtin.CallTestCaseKeyword$_callTestCase_closure1.call(CallTestCaseKeyword.groovy)
	at com.kms.katalon.core.keyword.internal.KeywordMain.runKeyword(KeywordMain.groovy:54)
	at com.kms.katalon.core.keyword.builtin.CallTestCaseKeyword.callTestCase(CallTestCaseKeyword.groovy:80)
	at com.kms.katalon.core.keyword.builtin.CallTestCaseKeyword.execute(CallTestCaseKeyword.groovy:44)
	at com.kms.katalon.core.keyword.internal.KeywordExecutor.executeKeywordForPlatform(KeywordExecutor.groovy:53)
	at com.kms.katalon.core.keyword.BuiltinKeywords.callTestCase(BuiltinKeywords.groovy:334)
	at Decrease quantity - Cart flyout.run(Decrease quantity - Cart flyout:101)
	at com.kms.katalon.core.main.ScriptEngine.run(ScriptEngine.java:194)
	at com.kms.katalon.core.main.ScriptEngine.runScriptAsRawText(ScriptEngine.java:119)
	at com.kms.katalon.core.main.TestCaseExecutor.runScript(TestCaseExecutor.java:328)
	at com.kms.katalon.core.main.TestCaseExecutor.doExecute(TestCaseExecutor.java:319)
	at com.kms.katalon.core.main.TestCaseExecutor.processExecutionPhase(TestCaseExecutor.java:298)
	at com.kms.katalon.core.main.TestCaseExecutor.accessMainPhase(TestCaseExecutor.java:290)
	at com.kms.katalon.core.main.TestCaseExecutor.execute(TestCaseExecutor.java:224)
	at com.kms.katalon.core.main.TestSuiteExecutor.accessTestCaseMainPhase(TestSuiteExecutor.java:129)
	at com.kms.katalon.core.main.TestSuiteExecutor.accessTestSuiteMainPhase(TestSuiteExecutor.java:112)
	at com.kms.katalon.core.main.TestSuiteExecutor.execute(TestSuiteExecutor.java:81)
	at com.kms.katalon.core.main.TestCaseMain.startTestSuite(TestCaseMain.java:149)
	at com.kms.katalon.core.main.TestCaseMain$startTestSuite$0.call(Unknown Source)
	at TempTestSuite1562794812628.run(TempTestSuite1562794812628.groovy:36)


2019-07-10 18:17:00 - [TEST_STEP][PASSED] - delay(2): Delayed 2 second(s)

2019-07-10 18:17:02 - [MESSAGE][PASSED] - Delayed 2 second(s)

2019-07-10 18:17:02 - [TEST_STEP][NOT_RUN] - executeJavaScript("var previewBar = document.getElementById("preview-bar-iframe"); previewBar.style.display = "none";", []): NOT_RUN: executeJavaScript("var previewBar = document.getElementById("preview-bar-iframe"); previewBar.style.display = "none";", [])

2019-07-10 18:17:02 - [MESSAGE][NOT_RUN] - NOT_RUN: executeJavaScript("var previewBar = document.getElementById("preview-bar-iframe"); previewBar.style.display = "none";", [])

2019-07-10 18:17:02 - [TEST_STEP][PASSED] - setText(findTestObject("APOLLO- Desktop/Customer Information page/Email"), "suman@gmail.com"): Text 'suman@gmail.com' is set on object 'Object Repository/APOLLO- Desktop/Customer Information page/Email'

2019-07-10 18:17:03 - [MESSAGE][PASSED] - Text 'suman@gmail.com' is set on object 'Object Repository/APOLLO- Desktop/Customer Information page/Email'

2019-07-10 18:17:03 - [TEST_STEP][PASSED] - delay(2): Delayed 2 second(s)

2019-07-10 18:17:05 - [MESSAGE][PASSED] - Delayed 2 second(s)

2019-07-10 18:17:05 - [TEST_STEP][PASSED] - setText(findTestObject("APOLLO- Desktop/Customer Information page/First name"), "suman"): Text 'suman' is set on object 'Object Repository/APOLLO- Desktop/Customer Information page/First name'

2019-07-10 18:17:07 - [MESSAGE][PASSED] - Text 'suman' is set on object 'Object Repository/APOLLO- Desktop/Customer Information page/First name'

2019-07-10 18:17:07 - [TEST_STEP][PASSED] - delay(2): Delayed 2 second(s)

2019-07-10 18:17:09 - [MESSAGE][PASSED] - Delayed 2 second(s)

2019-07-10 18:17:09 - [TEST_STEP][PASSED] - setText(findTestObject("APOLLO- Desktop/Customer Information page/Last name"), "kompelly"): Text 'kompelly' is set on object 'Object Repository/APOLLO- Desktop/Customer Information page/Last name'

2019-07-10 18:17:10 - [MESSAGE][PASSED] - Text 'kompelly' is set on object 'Object Repository/APOLLO- Desktop/Customer Information page/Last name'

2019-07-10 18:17:10 - [TEST_STEP][PASSED] - delay(2): Delayed 2 second(s)

2019-07-10 18:17:12 - [MESSAGE][PASSED] - Delayed 2 second(s)

2019-07-10 18:17:12 - [TEST_STEP][PASSED] - setText(findTestObject("APOLLO- Desktop/Customer Information page/Address"), "1435 st alxendre"): Text '1435 st alxendre' is set on object 'Object Repository/APOLLO- Desktop/Customer Information page/Address'

2019-07-10 18:17:14 - [MESSAGE][PASSED] - Text '1435 st alxendre' is set on object 'Object Repository/APOLLO- Desktop/Customer Information page/Address'

2019-07-10 18:17:14 - [TEST_STEP][PASSED] - setText(findTestObject("APOLLO- Desktop/Customer Information page/Apartment"), "220"): Text '220' is set on object 'Object Repository/APOLLO- Desktop/Customer Information page/Apartment'

2019-07-10 18:17:16 - [MESSAGE][PASSED] - Text '220' is set on object 'Object Repository/APOLLO- Desktop/Customer Information page/Apartment'

2019-07-10 18:17:16 - [TEST_STEP][PASSED] - setText(findTestObject("APOLLO- Desktop/Customer Information page/City"), "montreal"): Text 'montreal' is set on object 'Object Repository/APOLLO- Desktop/Customer Information page/City'

2019-07-10 18:17:17 - [MESSAGE][PASSED] - Text 'montreal' is set on object 'Object Repository/APOLLO- Desktop/Customer Information page/City'

2019-07-10 18:17:17 - [TEST_STEP][FAILED] - selectOptionByValue(findTestObject("APOLLO- Desktop/Customer Information page/Country dropdown"), "United States", true): selectOptionByValue(findTestObject("APOLLO- Desktop/Customer Information page/Country dropdown"), "United States", true) FAILED.
Reason:
com.kms.katalon.core.exception.StepFailedException: Unable to select option by value 'United States' of object 'Object Repository/APOLLO- Desktop/Customer Information page/Country dropdown'  using regular expression (Root cause: org.openqa.selenium.ElementClickInterceptedException: The command failed because the specified element is obscured.
Build info: version: '3.7.1', revision: '8a0099a', time: '2017-11-06T21:07:36.161Z'
System info: host: 'sumans-MacBook-Pro.local', ip: 'fe80:0:0:0:47c:ca88:4245:b7a7%en0', os.name: 'Mac OS X', os.arch: 'x86_64', os.version: '10.13.6', java.version: '1.8.0_181'
Driver info: com.kms.katalon.selenium.driver.CRemoteWebDriver
Capabilities {acceptInsecureCerts: false, browserName: MicrosoftEdge, browserVersion: 44.18362.1.0, javascriptEnabled: true, pageLoadStrategy: normal, platform: WINDOWS, platformName: WINDOWS, proxy: Proxy(), setWindowRect: false, timeouts: {implicit: 0, pageLoad: 300000, script: 30000}}
Session ID: 48a75a822e18fe7758acd55b7180108ec363e102)
	at com.kms.katalon.core.keyword.internal.KeywordMain.stepFailed(KeywordMain.groovy:36)
	at com.kms.katalon.core.webui.keyword.internal.WebUIKeywordMain.stepFailed(WebUIKeywordMain.groovy:65)
	at com.kms.katalon.core.webui.keyword.internal.WebUIKeywordMain.runKeyword(WebUIKeywordMain.groovy:27)
	at com.kms.katalon.core.webui.keyword.builtin.SelectOptionByValueKeyword.selectOptionByValue(SelectOptionByValueKeyword.groovy:99)
	at com.kms.katalon.core.webui.keyword.builtin.SelectOptionByValueKeyword.execute(SelectOptionByValueKeyword.groovy:71)
	at com.kms.katalon.core.keyword.internal.KeywordExecutor.executeKeywordForPlatform(KeywordExecutor.groovy:53)
	at com.kms.katalon.core.webui.keyword.WebUiBuiltInKeywords.selectOptionByValue(WebUiBuiltInKeywords.groovy:1138)
	at com.kms.katalon.core.webui.keyword.WebUiBuiltInKeywords$selectOptionByValue$11.call(Unknown Source)
	at CALL- CUSTOMER INFO PAGE.run(CALL- CUSTOMER INFO PAGE:39)
	at com.kms.katalon.core.main.ScriptEngine.run(ScriptEngine.java:194)
	at com.kms.katalon.core.main.ScriptEngine.runScriptAsRawText(ScriptEngine.java:119)
	at com.kms.katalon.core.main.TestCaseExecutor.runScript(TestCaseExecutor.java:328)
	at com.kms.katalon.core.main.TestCaseExecutor.doExecute(TestCaseExecutor.java:319)
	at com.kms.katalon.core.main.TestCaseExecutor.processExecutionPhase(TestCaseExecutor.java:298)
	at com.kms.katalon.core.main.TestCaseExecutor.accessMainPhase(TestCaseExecutor.java:290)
	at com.kms.katalon.core.main.TestCaseExecutor.execute(TestCaseExecutor.java:224)
	at com.kms.katalon.core.main.TestCaseMain.runTestCase(TestCaseMain.java:106)
	at com.kms.katalon.core.keyword.builtin.CallTestCaseKeyword$_callTestCase_closure1.doCall(CallTestCaseKeyword.groovy:59)
	at com.kms.katalon.core.keyword.builtin.CallTestCaseKeyword$_callTestCase_closure1.call(CallTestCaseKeyword.groovy)
	at com.kms.katalon.core.keyword.internal.KeywordMain.runKeyword(KeywordMain.groovy:54)
	at com.kms.katalon.core.keyword.builtin.CallTestCaseKeyword.callTestCase(CallTestCaseKeyword.groovy:80)
	at com.kms.katalon.core.keyword.builtin.CallTestCaseKeyword.execute(CallTestCaseKeyword.groovy:44)
	at com.kms.katalon.core.keyword.internal.KeywordExecutor.executeKeywordForPlatform(KeywordExecutor.groovy:53)
	at com.kms.katalon.core.keyword.BuiltinKeywords.callTestCase(BuiltinKeywords.groovy:334)
	at Decrease quantity - Cart flyout.run(Decrease quantity - Cart flyout:101)
	at com.kms.katalon.core.main.ScriptEngine.run(ScriptEngine.java:194)
	at com.kms.katalon.core.main.ScriptEngine.runScriptAsRawText(ScriptEngine.java:119)
	at com.kms.katalon.core.main.TestCaseExecutor.runScript(TestCaseExecutor.java:328)
	at com.kms.katalon.core.main.TestCaseExecutor.doExecute(TestCaseExecutor.java:319)
	at com.kms.katalon.core.main.TestCaseExecutor.processExecutionPhase(TestCaseExecutor.java:298)
	at com.kms.katalon.core.main.TestCaseExecutor.accessMainPhase(TestCaseExecutor.java:290)
	at com.kms.katalon.core.main.TestCaseExecutor.execute(TestCaseExecutor.java:224)
	at com.kms.katalon.core.main.TestSuiteExecutor.accessTestCaseMainPhase(TestSuiteExecutor.java:129)
	at com.kms.katalon.core.main.TestSuiteExecutor.accessTestSuiteMainPhase(TestSuiteExecutor.java:112)
	at com.kms.katalon.core.main.TestSuiteExecutor.execute(TestSuiteExecutor.java:81)
	at com.kms.katalon.core.main.TestCaseMain.startTestSuite(TestCaseMain.java:149)
	at com.kms.katalon.core.main.TestCaseMain$startTestSuite$0.call(Unknown Source)
	at TempTestSuite1562794812628.run(TempTestSuite1562794812628.groovy:36)


2019-07-10 18:18:17 - [MESSAGE][FAILED] - Unable to select option by value 'United States' of object 'Object Repository/APOLLO- Desktop/Customer Information page/Country dropdown'  using regular expression (Root cause: org.openqa.selenium.ElementClickInterceptedException: The command failed because the specified element is obscured.
Build info: version: '3.7.1', revision: '8a0099a', time: '2017-11-06T21:07:36.161Z'
System info: host: 'sumans-MacBook-Pro.local', ip: 'fe80:0:0:0:47c:ca88:4245:b7a7%en0', os.name: 'Mac OS X', os.arch: 'x86_64', os.version: '10.13.6', java.version: '1.8.0_181'
Driver info: com.kms.katalon.selenium.driver.CRemoteWebDriver
Capabilities {acceptInsecureCerts: false, browserName: MicrosoftEdge, browserVersion: 44.18362.1.0, javascriptEnabled: true, pageLoadStrategy: normal, platform: WINDOWS, platformName: WINDOWS, proxy: Proxy(), setWindowRect: false, timeouts: {implicit: 0, pageLoad: 300000, script: 30000}}
Session ID: 48a75a822e18fe7758acd55b7180108ec363e102)
[[ATTACHMENT|/Users/sumankompelly/git/Apollo-Dark-Desktop/Reports/Apollo - dark build/20190710_174012/1562797096677.png]]

2019-07-10 18:18:17 - [MESSAGE][FAILED] - selectOptionByValue(findTestObject("APOLLO- Desktop/Customer Information page/Country dropdown"), "United States", true) FAILED.
Reason:
com.kms.katalon.core.exception.StepFailedException: Unable to select option by value 'United States' of object 'Object Repository/APOLLO- Desktop/Customer Information page/Country dropdown'  using regular expression (Root cause: org.openqa.selenium.ElementClickInterceptedException: The command failed because the specified element is obscured.
Build info: version: '3.7.1', revision: '8a0099a', time: '2017-11-06T21:07:36.161Z'
System info: host: 'sumans-MacBook-Pro.local', ip: 'fe80:0:0:0:47c:ca88:4245:b7a7%en0', os.name: 'Mac OS X', os.arch: 'x86_64', os.version: '10.13.6', java.version: '1.8.0_181'
Driver info: com.kms.katalon.selenium.driver.CRemoteWebDriver
Capabilities {acceptInsecureCerts: false, browserName: MicrosoftEdge, browserVersion: 44.18362.1.0, javascriptEnabled: true, pageLoadStrategy: normal, platform: WINDOWS, platformName: WINDOWS, proxy: Proxy(), setWindowRect: false, timeouts: {implicit: 0, pageLoad: 300000, script: 30000}}
Session ID: 48a75a822e18fe7758acd55b7180108ec363e102)
	at com.kms.katalon.core.keyword.internal.KeywordMain.stepFailed(KeywordMain.groovy:36)
	at com.kms.katalon.core.webui.keyword.internal.WebUIKeywordMain.stepFailed(WebUIKeywordMain.groovy:65)
	at com.kms.katalon.core.webui.keyword.internal.WebUIKeywordMain.runKeyword(WebUIKeywordMain.groovy:27)
	at com.kms.katalon.core.webui.keyword.builtin.SelectOptionByValueKeyword.selectOptionByValue(SelectOptionByValueKeyword.groovy:99)
	at com.kms.katalon.core.webui.keyword.builtin.SelectOptionByValueKeyword.execute(SelectOptionByValueKeyword.groovy:71)
	at com.kms.katalon.core.keyword.internal.KeywordExecutor.executeKeywordForPlatform(KeywordExecutor.groovy:53)
	at com.kms.katalon.core.webui.keyword.WebUiBuiltInKeywords.selectOptionByValue(WebUiBuiltInKeywords.groovy:1138)
	at com.kms.katalon.core.webui.keyword.WebUiBuiltInKeywords$selectOptionByValue$11.call(Unknown Source)
	at CALL- CUSTOMER INFO PAGE.run(CALL- CUSTOMER INFO PAGE:39)
	at com.kms.katalon.core.main.ScriptEngine.run(ScriptEngine.java:194)
	at com.kms.katalon.core.main.ScriptEngine.runScriptAsRawText(ScriptEngine.java:119)
	at com.kms.katalon.core.main.TestCaseExecutor.runScript(TestCaseExecutor.java:328)
	at com.kms.katalon.core.main.TestCaseExecutor.doExecute(TestCaseExecutor.java:319)
	at com.kms.katalon.core.main.TestCaseExecutor.processExecutionPhase(TestCaseExecutor.java:298)
	at com.kms.katalon.core.main.TestCaseExecutor.accessMainPhase(TestCaseExecutor.java:290)
	at com.kms.katalon.core.main.TestCaseExecutor.execute(TestCaseExecutor.java:224)
	at com.kms.katalon.core.main.TestCaseMain.runTestCase(TestCaseMain.java:106)
	at com.kms.katalon.core.keyword.builtin.CallTestCaseKeyword$_callTestCase_closure1.doCall(CallTestCaseKeyword.groovy:59)
	at com.kms.katalon.core.keyword.builtin.CallTestCaseKeyword$_callTestCase_closure1.call(CallTestCaseKeyword.groovy)
	at com.kms.katalon.core.keyword.internal.KeywordMain.runKeyword(KeywordMain.groovy:54)
	at com.kms.katalon.core.keyword.builtin.CallTestCaseKeyword.callTestCase(CallTestCaseKeyword.groovy:80)
	at com.kms.katalon.core.keyword.builtin.CallTestCaseKeyword.execute(CallTestCaseKeyword.groovy:44)
	at com.kms.katalon.core.keyword.internal.KeywordExecutor.executeKeywordForPlatform(KeywordExecutor.groovy:53)
	at com.kms.katalon.core.keyword.BuiltinKeywords.callTestCase(BuiltinKeywords.groovy:334)
	at Decrease quantity - Cart flyout.run(Decrease quantity - Cart flyout:101)
	at com.kms.katalon.core.main.ScriptEngine.run(ScriptEngine.java:194)
	at com.kms.katalon.core.main.ScriptEngine.runScriptAsRawText(ScriptEngine.java:119)
	at com.kms.katalon.core.main.TestCaseExecutor.runScript(TestCaseExecutor.java:328)
	at com.kms.katalon.core.main.TestCaseExecutor.doExecute(TestCaseExecutor.java:319)
	at com.kms.katalon.core.main.TestCaseExecutor.processExecutionPhase(TestCaseExecutor.java:298)
	at com.kms.katalon.core.main.TestCaseExecutor.accessMainPhase(TestCaseExecutor.java:290)
	at com.kms.katalon.core.main.TestCaseExecutor.execute(TestCaseExecutor.java:224)
	at com.kms.katalon.core.main.TestSuiteExecutor.accessTestCaseMainPhase(TestSuiteExecutor.java:129)
	at com.kms.katalon.core.main.TestSuiteExecutor.accessTestSuiteMainPhase(TestSuiteExecutor.java:112)
	at com.kms.katalon.core.main.TestSuiteExecutor.execute(TestSuiteExecutor.java:81)
	at com.kms.katalon.core.main.TestCaseMain.startTestSuite(TestCaseMain.java:149)
	at com.kms.katalon.core.main.TestCaseMain$startTestSuite$0.call(Unknown Source)
	at TempTestSuite1562794812628.run(TempTestSuite1562794812628.groovy:36)


2019-07-10 18:18:17 - [MESSAGE][FAILED] - Unable to call Test Case 'Test Cases/CALL- CUSTOMER INFO PAGE' (Root cause: com.kms.katalon.core.exception.StepFailedException: Call Test Case 'Test Cases/CALL- CUSTOMER INFO PAGE' failed)

2019-07-10 18:18:17 - [MESSAGE][FAILED] - callTestCase(findTestCase("CALL- CUSTOMER INFO PAGE"), [:], STOP_ON_FAILURE) FAILED.
Reason:
com.kms.katalon.core.exception.StepFailedException: Unable to select option by value 'United States' of object 'Object Repository/APOLLO- Desktop/Customer Information page/Country dropdown'  using regular expression (Root cause: org.openqa.selenium.ElementClickInterceptedException: The command failed because the specified element is obscured.
Build info: version: '3.7.1', revision: '8a0099a', time: '2017-11-06T21:07:36.161Z'
System info: host: 'sumans-MacBook-Pro.local', ip: 'fe80:0:0:0:47c:ca88:4245:b7a7%en0', os.name: 'Mac OS X', os.arch: 'x86_64', os.version: '10.13.6', java.version: '1.8.0_181'
Driver info: com.kms.katalon.selenium.driver.CRemoteWebDriver
Capabilities {acceptInsecureCerts: false, browserName: MicrosoftEdge, browserVersion: 44.18362.1.0, javascriptEnabled: true, pageLoadStrategy: normal, platform: WINDOWS, platformName: WINDOWS, proxy: Proxy(), setWindowRect: false, timeouts: {implicit: 0, pageLoad: 300000, script: 30000}}
Session ID: 48a75a822e18fe7758acd55b7180108ec363e102)
	at com.kms.katalon.core.keyword.internal.KeywordMain.stepFailed(KeywordMain.groovy:36)
	at com.kms.katalon.core.webui.keyword.internal.WebUIKeywordMain.stepFailed(WebUIKeywordMain.groovy:65)
	at com.kms.katalon.core.webui.keyword.internal.WebUIKeywordMain.runKeyword(WebUIKeywordMain.groovy:27)
	at com.kms.katalon.core.webui.keyword.builtin.SelectOptionByValueKeyword.selectOptionByValue(SelectOptionByValueKeyword.groovy:99)
	at com.kms.katalon.core.webui.keyword.builtin.SelectOptionByValueKeyword.execute(SelectOptionByValueKeyword.groovy:71)
	at com.kms.katalon.core.keyword.internal.KeywordExecutor.executeKeywordForPlatform(KeywordExecutor.groovy:53)
	at com.kms.katalon.core.webui.keyword.WebUiBuiltInKeywords.selectOptionByValue(WebUiBuiltInKeywords.groovy:1138)
	at com.kms.katalon.core.webui.keyword.WebUiBuiltInKeywords$selectOptionByValue$11.call(Unknown Source)
	at CALL- CUSTOMER INFO PAGE.run(CALL- CUSTOMER INFO PAGE:39)
	at com.kms.katalon.core.main.ScriptEngine.run(ScriptEngine.java:194)
	at com.kms.katalon.core.main.ScriptEngine.runScriptAsRawText(ScriptEngine.java:119)
	at com.kms.katalon.core.main.TestCaseExecutor.runScript(TestCaseExecutor.java:328)
	at com.kms.katalon.core.main.TestCaseExecutor.doExecute(TestCaseExecutor.java:319)
	at com.kms.katalon.core.main.TestCaseExecutor.processExecutionPhase(TestCaseExecutor.java:298)
	at com.kms.katalon.core.main.TestCaseExecutor.accessMainPhase(TestCaseExecutor.java:290)
	at com.kms.katalon.core.main.TestCaseExecutor.execute(TestCaseExecutor.java:224)
	at com.kms.katalon.core.main.TestCaseMain.runTestCase(TestCaseMain.java:106)
	at com.kms.katalon.core.keyword.builtin.CallTestCaseKeyword$_callTestCase_closure1.doCall(CallTestCaseKeyword.groovy:59)
	at com.kms.katalon.core.keyword.builtin.CallTestCaseKeyword$_callTestCase_closure1.call(CallTestCaseKeyword.groovy)
	at com.kms.katalon.core.keyword.internal.KeywordMain.runKeyword(KeywordMain.groovy:54)
	at com.kms.katalon.core.keyword.builtin.CallTestCaseKeyword.callTestCase(CallTestCaseKeyword.groovy:80)
	at com.kms.katalon.core.keyword.builtin.CallTestCaseKeyword.execute(CallTestCaseKeyword.groovy:44)
	at com.kms.katalon.core.keyword.internal.KeywordExecutor.executeKeywordForPlatform(KeywordExecutor.groovy:53)
	at com.kms.katalon.core.keyword.BuiltinKeywords.callTestCase(BuiltinKeywords.groovy:334)
	at Decrease quantity - Cart flyout.run(Decrease quantity - Cart flyout:101)
	at com.kms.katalon.core.main.ScriptEngine.run(ScriptEngine.java:194)
	at com.kms.katalon.core.main.ScriptEngine.runScriptAsRawText(ScriptEngine.java:119)
	at com.kms.katalon.core.main.TestCaseExecutor.runScript(TestCaseExecutor.java:328)
	at com.kms.katalon.core.main.TestCaseExecutor.doExecute(TestCaseExecutor.java:319)
	at com.kms.katalon.core.main.TestCaseExecutor.processExecutionPhase(TestCaseExecutor.java:298)
	at com.kms.katalon.core.main.TestCaseExecutor.accessMainPhase(TestCaseExecutor.java:290)
	at com.kms.katalon.core.main.TestCaseExecutor.execute(TestCaseExecutor.java:224)
	at com.kms.katalon.core.main.TestSuiteExecutor.accessTestCaseMainPhase(TestSuiteExecutor.java:129)
	at com.kms.katalon.core.main.TestSuiteExecutor.accessTestSuiteMainPhase(TestSuiteExecutor.java:112)
	at com.kms.katalon.core.main.TestSuiteExecutor.execute(TestSuiteExecutor.java:81)
	at com.kms.katalon.core.main.TestCaseMain.startTestSuite(TestCaseMain.java:149)
	at com.kms.katalon.core.main.TestCaseMain$startTestSuite$0.call(Unknown Source)
	at TempTestSuite1562794812628.run(TempTestSuite1562794812628.groovy:36)]]></system-out>
         <system-err><![CDATA[2019-07-10 18:15:36 - [TEST_CASE][FAILED] - Test Cases/CRITICAL PATH/Decrease quantity - Cart flyout: Test Cases/CRITICAL PATH/Decrease quantity - Cart flyout FAILED.
Reason:
com.kms.katalon.core.exception.StepFailedException: Unable to select option by value 'United States' of object 'Object Repository/APOLLO- Desktop/Customer Information page/Country dropdown'  using regular expression (Root cause: org.openqa.selenium.ElementClickInterceptedException: The command failed because the specified element is obscured.
Build info: version: '3.7.1', revision: '8a0099a', time: '2017-11-06T21:07:36.161Z'
System info: host: 'sumans-MacBook-Pro.local', ip: 'fe80:0:0:0:47c:ca88:4245:b7a7%en0', os.name: 'Mac OS X', os.arch: 'x86_64', os.version: '10.13.6', java.version: '1.8.0_181'
Driver info: com.kms.katalon.selenium.driver.CRemoteWebDriver
Capabilities {acceptInsecureCerts: false, browserName: MicrosoftEdge, browserVersion: 44.18362.1.0, javascriptEnabled: true, pageLoadStrategy: normal, platform: WINDOWS, platformName: WINDOWS, proxy: Proxy(), setWindowRect: false, timeouts: {implicit: 0, pageLoad: 300000, script: 30000}}
Session ID: 48a75a822e18fe7758acd55b7180108ec363e102)
	at com.kms.katalon.core.keyword.internal.KeywordMain.stepFailed(KeywordMain.groovy:36)
	at com.kms.katalon.core.webui.keyword.internal.WebUIKeywordMain.stepFailed(WebUIKeywordMain.groovy:65)
	at com.kms.katalon.core.webui.keyword.internal.WebUIKeywordMain.runKeyword(WebUIKeywordMain.groovy:27)
	at com.kms.katalon.core.webui.keyword.builtin.SelectOptionByValueKeyword.selectOptionByValue(SelectOptionByValueKeyword.groovy:99)
	at com.kms.katalon.core.webui.keyword.builtin.SelectOptionByValueKeyword.execute(SelectOptionByValueKeyword.groovy:71)
	at com.kms.katalon.core.keyword.internal.KeywordExecutor.executeKeywordForPlatform(KeywordExecutor.groovy:53)
	at com.kms.katalon.core.webui.keyword.WebUiBuiltInKeywords.selectOptionByValue(WebUiBuiltInKeywords.groovy:1138)
	at com.kms.katalon.core.webui.keyword.WebUiBuiltInKeywords$selectOptionByValue$11.call(Unknown Source)
	at CALL- CUSTOMER INFO PAGE.run(CALL- CUSTOMER INFO PAGE:39)
	at com.kms.katalon.core.main.ScriptEngine.run(ScriptEngine.java:194)
	at com.kms.katalon.core.main.ScriptEngine.runScriptAsRawText(ScriptEngine.java:119)
	at com.kms.katalon.core.main.TestCaseExecutor.runScript(TestCaseExecutor.java:328)
	at com.kms.katalon.core.main.TestCaseExecutor.doExecute(TestCaseExecutor.java:319)
	at com.kms.katalon.core.main.TestCaseExecutor.processExecutionPhase(TestCaseExecutor.java:298)
	at com.kms.katalon.core.main.TestCaseExecutor.accessMainPhase(TestCaseExecutor.java:290)
	at com.kms.katalon.core.main.TestCaseExecutor.execute(TestCaseExecutor.java:224)
	at com.kms.katalon.core.main.TestCaseMain.runTestCase(TestCaseMain.java:106)
	at com.kms.katalon.core.keyword.builtin.CallTestCaseKeyword$_callTestCase_closure1.doCall(CallTestCaseKeyword.groovy:59)
	at com.kms.katalon.core.keyword.builtin.CallTestCaseKeyword$_callTestCase_closure1.call(CallTestCaseKeyword.groovy)
	at com.kms.katalon.core.keyword.internal.KeywordMain.runKeyword(KeywordMain.groovy:54)
	at com.kms.katalon.core.keyword.builtin.CallTestCaseKeyword.callTestCase(CallTestCaseKeyword.groovy:80)
	at com.kms.katalon.core.keyword.builtin.CallTestCaseKeyword.execute(CallTestCaseKeyword.groovy:44)
	at com.kms.katalon.core.keyword.internal.KeywordExecutor.executeKeywordForPlatform(KeywordExecutor.groovy:53)
	at com.kms.katalon.core.keyword.BuiltinKeywords.callTestCase(BuiltinKeywords.groovy:334)
	at Decrease quantity - Cart flyout.run(Decrease quantity - Cart flyout:101)
	at com.kms.katalon.core.main.ScriptEngine.run(ScriptEngine.java:194)
	at com.kms.katalon.core.main.ScriptEngine.runScriptAsRawText(ScriptEngine.java:119)
	at com.kms.katalon.core.main.TestCaseExecutor.runScript(TestCaseExecutor.java:328)
	at com.kms.katalon.core.main.TestCaseExecutor.doExecute(TestCaseExecutor.java:319)
	at com.kms.katalon.core.main.TestCaseExecutor.processExecutionPhase(TestCaseExecutor.java:298)
	at com.kms.katalon.core.main.TestCaseExecutor.accessMainPhase(TestCaseExecutor.java:290)
	at com.kms.katalon.core.main.TestCaseExecutor.execute(TestCaseExecutor.java:224)
	at com.kms.katalon.core.main.TestSuiteExecutor.accessTestCaseMainPhase(TestSuiteExecutor.java:129)
	at com.kms.katalon.core.main.TestSuiteExecutor.accessTestSuiteMainPhase(TestSuiteExecutor.java:112)
	at com.kms.katalon.core.main.TestSuiteExecutor.execute(TestSuiteExecutor.java:81)
	at com.kms.katalon.core.main.TestCaseMain.startTestSuite(TestCaseMain.java:149)
	at com.kms.katalon.core.main.TestCaseMain$startTestSuite$0.call(Unknown Source)
	at TempTestSuite1562794812628.run(TempTestSuite1562794812628.groovy:36)]]></system-err>
      </testcase>
      <testcase name="Test Cases/CRITICAL PATH/Price comparison - Cart flyout" classname="Test Cases/CRITICAL PATH/Price comparison - Cart flyout" status="FAILED">
         <failure type="FAILED" message="Test Cases/CRITICAL PATH/Price comparison - Cart flyout FAILED.
Reason:
com.kms.katalon.core.exception.StepFailedException: Unable to select option by value 'United States' of object 'Object Repository/APOLLO- Desktop/Customer Information page/Country dropdown'  using regular expression (Root cause: org.openqa.selenium.ElementClickInterceptedException: The command failed because the specified element is obscured.
Build info: version: '3.7.1', revision: '8a0099a', time: '2017-11-06T21:07:36.161Z'
System info: host: 'sumans-MacBook-Pro.local', ip: 'fe80:0:0:0:47c:ca88:4245:b7a7%en0', os.name: 'Mac OS X', os.arch: 'x86_64', os.version: '10.13.6', java.version: '1.8.0_181'
Driver info: com.kms.katalon.selenium.driver.CRemoteWebDriver
Capabilities {acceptInsecureCerts: false, browserName: MicrosoftEdge, browserVersion: 44.18362.1.0, javascriptEnabled: true, pageLoadStrategy: normal, platform: WINDOWS, platformName: WINDOWS, proxy: Proxy(), setWindowRect: false, timeouts: {implicit: 0, pageLoad: 300000, script: 30000}}
Session ID: 564a2a97f247b5ce3a4abe26436d85e0d38e59ca)
	at com.kms.katalon.core.keyword.internal.KeywordMain.stepFailed(KeywordMain.groovy:36)
	at com.kms.katalon.core.webui.keyword.internal.WebUIKeywordMain.stepFailed(WebUIKeywordMain.groovy:65)
	at com.kms.katalon.core.webui.keyword.internal.WebUIKeywordMain.runKeyword(WebUIKeywordMain.groovy:27)
	at com.kms.katalon.core.webui.keyword.builtin.SelectOptionByValueKeyword.selectOptionByValue(SelectOptionByValueKeyword.groovy:99)
	at com.kms.katalon.core.webui.keyword.builtin.SelectOptionByValueKeyword.execute(SelectOptionByValueKeyword.groovy:71)
	at com.kms.katalon.core.keyword.internal.KeywordExecutor.executeKeywordForPlatform(KeywordExecutor.groovy:53)
	at com.kms.katalon.core.webui.keyword.WebUiBuiltInKeywords.selectOptionByValue(WebUiBuiltInKeywords.groovy:1138)
	at com.kms.katalon.core.webui.keyword.WebUiBuiltInKeywords$selectOptionByValue$11.call(Unknown Source)
	at CALL- CUSTOMER INFO PAGE.run(CALL- CUSTOMER INFO PAGE:39)
	at com.kms.katalon.core.main.ScriptEngine.run(ScriptEngine.java:194)
	at com.kms.katalon.core.main.ScriptEngine.runScriptAsRawText(ScriptEngine.java:119)
	at com.kms.katalon.core.main.TestCaseExecutor.runScript(TestCaseExecutor.java:328)
	at com.kms.katalon.core.main.TestCaseExecutor.doExecute(TestCaseExecutor.java:319)
	at com.kms.katalon.core.main.TestCaseExecutor.processExecutionPhase(TestCaseExecutor.java:298)
	at com.kms.katalon.core.main.TestCaseExecutor.accessMainPhase(TestCaseExecutor.java:290)
	at com.kms.katalon.core.main.TestCaseExecutor.execute(TestCaseExecutor.java:224)
	at com.kms.katalon.core.main.TestCaseMain.runTestCase(TestCaseMain.java:106)
	at com.kms.katalon.core.keyword.builtin.CallTestCaseKeyword$_callTestCase_closure1.doCall(CallTestCaseKeyword.groovy:59)
	at com.kms.katalon.core.keyword.builtin.CallTestCaseKeyword$_callTestCase_closure1.call(CallTestCaseKeyword.groovy)
	at com.kms.katalon.core.keyword.internal.KeywordMain.runKeyword(KeywordMain.groovy:54)
	at com.kms.katalon.core.keyword.builtin.CallTestCaseKeyword.callTestCase(CallTestCaseKeyword.groovy:80)
	at com.kms.katalon.core.keyword.builtin.CallTestCaseKeyword.execute(CallTestCaseKeyword.groovy:44)
	at com.kms.katalon.core.keyword.internal.KeywordExecutor.executeKeywordForPlatform(KeywordExecutor.groovy:53)
	at com.kms.katalon.core.keyword.BuiltinKeywords.callTestCase(BuiltinKeywords.groovy:334)
	at Price comparison - Cart flyout.run(Price comparison - Cart flyout:141)
	at com.kms.katalon.core.main.ScriptEngine.run(ScriptEngine.java:194)
	at com.kms.katalon.core.main.ScriptEngine.runScriptAsRawText(ScriptEngine.java:119)
	at com.kms.katalon.core.main.TestCaseExecutor.runScript(TestCaseExecutor.java:328)
	at com.kms.katalon.core.main.TestCaseExecutor.doExecute(TestCaseExecutor.java:319)
	at com.kms.katalon.core.main.TestCaseExecutor.processExecutionPhase(TestCaseExecutor.java:298)
	at com.kms.katalon.core.main.TestCaseExecutor.accessMainPhase(TestCaseExecutor.java:290)
	at com.kms.katalon.core.main.TestCaseExecutor.execute(TestCaseExecutor.java:224)
	at com.kms.katalon.core.main.TestSuiteExecutor.accessTestCaseMainPhase(TestSuiteExecutor.java:129)
	at com.kms.katalon.core.main.TestSuiteExecutor.accessTestSuiteMainPhase(TestSuiteExecutor.java:112)
	at com.kms.katalon.core.main.TestSuiteExecutor.execute(TestSuiteExecutor.java:81)
	at com.kms.katalon.core.main.TestCaseMain.startTestSuite(TestCaseMain.java:149)
	at com.kms.katalon.core.main.TestCaseMain$startTestSuite$0.call(Unknown Source)
	at TempTestSuite1562794812628.run(TempTestSuite1562794812628.groovy:36)
"/>
         <system-out><![CDATA[2019-07-10 18:18:17 - [TEST_CASE][FAILED] - Test Cases/CRITICAL PATH/Price comparison - Cart flyout: Test Cases/CRITICAL PATH/Price comparison - Cart flyout FAILED.
Reason:
com.kms.katalon.core.exception.StepFailedException: Unable to select option by value 'United States' of object 'Object Repository/APOLLO- Desktop/Customer Information page/Country dropdown'  using regular expression (Root cause: org.openqa.selenium.ElementClickInterceptedException: The command failed because the specified element is obscured.
Build info: version: '3.7.1', revision: '8a0099a', time: '2017-11-06T21:07:36.161Z'
System info: host: 'sumans-MacBook-Pro.local', ip: 'fe80:0:0:0:47c:ca88:4245:b7a7%en0', os.name: 'Mac OS X', os.arch: 'x86_64', os.version: '10.13.6', java.version: '1.8.0_181'
Driver info: com.kms.katalon.selenium.driver.CRemoteWebDriver
Capabilities {acceptInsecureCerts: false, browserName: MicrosoftEdge, browserVersion: 44.18362.1.0, javascriptEnabled: true, pageLoadStrategy: normal, platform: WINDOWS, platformName: WINDOWS, proxy: Proxy(), setWindowRect: false, timeouts: {implicit: 0, pageLoad: 300000, script: 30000}}
Session ID: 564a2a97f247b5ce3a4abe26436d85e0d38e59ca)
	at com.kms.katalon.core.keyword.internal.KeywordMain.stepFailed(KeywordMain.groovy:36)
	at com.kms.katalon.core.webui.keyword.internal.WebUIKeywordMain.stepFailed(WebUIKeywordMain.groovy:65)
	at com.kms.katalon.core.webui.keyword.internal.WebUIKeywordMain.runKeyword(WebUIKeywordMain.groovy:27)
	at com.kms.katalon.core.webui.keyword.builtin.SelectOptionByValueKeyword.selectOptionByValue(SelectOptionByValueKeyword.groovy:99)
	at com.kms.katalon.core.webui.keyword.builtin.SelectOptionByValueKeyword.execute(SelectOptionByValueKeyword.groovy:71)
	at com.kms.katalon.core.keyword.internal.KeywordExecutor.executeKeywordForPlatform(KeywordExecutor.groovy:53)
	at com.kms.katalon.core.webui.keyword.WebUiBuiltInKeywords.selectOptionByValue(WebUiBuiltInKeywords.groovy:1138)
	at com.kms.katalon.core.webui.keyword.WebUiBuiltInKeywords$selectOptionByValue$11.call(Unknown Source)
	at CALL- CUSTOMER INFO PAGE.run(CALL- CUSTOMER INFO PAGE:39)
	at com.kms.katalon.core.main.ScriptEngine.run(ScriptEngine.java:194)
	at com.kms.katalon.core.main.ScriptEngine.runScriptAsRawText(ScriptEngine.java:119)
	at com.kms.katalon.core.main.TestCaseExecutor.runScript(TestCaseExecutor.java:328)
	at com.kms.katalon.core.main.TestCaseExecutor.doExecute(TestCaseExecutor.java:319)
	at com.kms.katalon.core.main.TestCaseExecutor.processExecutionPhase(TestCaseExecutor.java:298)
	at com.kms.katalon.core.main.TestCaseExecutor.accessMainPhase(TestCaseExecutor.java:290)
	at com.kms.katalon.core.main.TestCaseExecutor.execute(TestCaseExecutor.java:224)
	at com.kms.katalon.core.main.TestCaseMain.runTestCase(TestCaseMain.java:106)
	at com.kms.katalon.core.keyword.builtin.CallTestCaseKeyword$_callTestCase_closure1.doCall(CallTestCaseKeyword.groovy:59)
	at com.kms.katalon.core.keyword.builtin.CallTestCaseKeyword$_callTestCase_closure1.call(CallTestCaseKeyword.groovy)
	at com.kms.katalon.core.keyword.internal.KeywordMain.runKeyword(KeywordMain.groovy:54)
	at com.kms.katalon.core.keyword.builtin.CallTestCaseKeyword.callTestCase(CallTestCaseKeyword.groovy:80)
	at com.kms.katalon.core.keyword.builtin.CallTestCaseKeyword.execute(CallTestCaseKeyword.groovy:44)
	at com.kms.katalon.core.keyword.internal.KeywordExecutor.executeKeywordForPlatform(KeywordExecutor.groovy:53)
	at com.kms.katalon.core.keyword.BuiltinKeywords.callTestCase(BuiltinKeywords.groovy:334)
	at Price comparison - Cart flyout.run(Price comparison - Cart flyout:141)
	at com.kms.katalon.core.main.ScriptEngine.run(ScriptEngine.java:194)
	at com.kms.katalon.core.main.ScriptEngine.runScriptAsRawText(ScriptEngine.java:119)
	at com.kms.katalon.core.main.TestCaseExecutor.runScript(TestCaseExecutor.java:328)
	at com.kms.katalon.core.main.TestCaseExecutor.doExecute(TestCaseExecutor.java:319)
	at com.kms.katalon.core.main.TestCaseExecutor.processExecutionPhase(TestCaseExecutor.java:298)
	at com.kms.katalon.core.main.TestCaseExecutor.accessMainPhase(TestCaseExecutor.java:290)
	at com.kms.katalon.core.main.TestCaseExecutor.execute(TestCaseExecutor.java:224)
	at com.kms.katalon.core.main.TestSuiteExecutor.accessTestCaseMainPhase(TestSuiteExecutor.java:129)
	at com.kms.katalon.core.main.TestSuiteExecutor.accessTestSuiteMainPhase(TestSuiteExecutor.java:112)
	at com.kms.katalon.core.main.TestSuiteExecutor.execute(TestSuiteExecutor.java:81)
	at com.kms.katalon.core.main.TestCaseMain.startTestSuite(TestCaseMain.java:149)
	at com.kms.katalon.core.main.TestCaseMain$startTestSuite$0.call(Unknown Source)
	at TempTestSuite1562794812628.run(TempTestSuite1562794812628.groovy:36)


2019-07-10 18:18:17 - [TEST_STEP][PASSED] - callTestCase(findTestCase("CALL - URL"), [:], STOP_ON_FAILURE): Call Test Case 'Test Cases/CALL - URL' successfully

2019-07-10 18:18:17 - [TEST_CASE][PASSED] - Test Cases/CALL - URL: Test Cases/CALL - URL

2019-07-10 18:18:17 - [TEST_STEP][PASSED] - openBrowser(""): Browser is opened with url: ''

2019-07-10 18:18:17 - [MESSAGE][WARNING] - A browser is already opened. Closing browser and opening a new one

2019-07-10 18:18:19 - [MESSAGE][INFO] - Starting 'Remote' driver

2019-07-10 18:18:19 - [MESSAGE][INFO] - User set preference: ['os', 'Windows']

2019-07-10 18:18:19 - [MESSAGE][INFO] - User set preference: ['os_version', '10']

2019-07-10 18:18:19 - [MESSAGE][INFO] - User set preference: ['browser', 'Edge']

2019-07-10 18:18:19 - [MESSAGE][INFO] - User set preference: ['browser_version', '18.0']

2019-07-10 18:18:19 - [MESSAGE][INFO] - User set preference: ['resolution', '']

2019-07-10 18:18:19 - [MESSAGE][INFO] - Connecting to remote web server 'https://dianatest3:Z3oqw9ysqTeRQJq5wFCp@hub-cloud.browserstack.com/wd/hub' with type 'Selenium'

2019-07-10 18:18:31 - [MESSAGE][PASSED] - Browser is opened with url: ''

2019-07-10 18:18:31 - [TEST_STEP][PASSED] - navigateToUrl("https://diff-apollo.myshopify.com/?_ab=0&_fd=0&_sc=1&preview_theme_id=68640637028"): Navigate to 'https://diff-apollo.myshopify.com/?_ab=0&_fd=0&_sc=1&preview_theme_id=68640637028' successfully

2019-07-10 18:18:50 - [MESSAGE][PASSED] - Navigate to 'https://diff-apollo.myshopify.com/?_ab=0&_fd=0&_sc=1&preview_theme_id=68640637028' successfully

2019-07-10 18:18:50 - [TEST_STEP][NOT_RUN] - executeJavaScript("var previewBar = document.getElementById("preview-bar-iframe"); previewBar.style.display = "none";", []): NOT_RUN: executeJavaScript("var previewBar = document.getElementById("preview-bar-iframe"); previewBar.style.display = "none";", [])

2019-07-10 18:18:50 - [MESSAGE][NOT_RUN] - NOT_RUN: executeJavaScript("var previewBar = document.getElementById("preview-bar-iframe"); previewBar.style.display = "none";", [])

2019-07-10 18:18:50 - [TEST_STEP][PASSED] - maximizeWindow(): Current window maximized

2019-07-10 18:18:50 - [MESSAGE][PASSED] - Current window maximized

2019-07-10 18:18:50 - [MESSAGE][PASSED] - Call Test Case 'Test Cases/CALL - URL' successfully

2019-07-10 18:18:50 - [TEST_STEP][PASSED] - click(findTestObject("APOLLO- Desktop/Burger Menu/Burgermenu")): Object: 'Object Repository/APOLLO- Desktop/Burger Menu/Burgermenu' is clicked on

2019-07-10 18:18:52 - [MESSAGE][PASSED] - Object: 'Object Repository/APOLLO- Desktop/Burger Menu/Burgermenu' is clicked on

2019-07-10 18:18:52 - [TEST_STEP][PASSED] - delay(2): Delayed 2 second(s)

2019-07-10 18:18:54 - [MESSAGE][PASSED] - Delayed 2 second(s)

2019-07-10 18:18:54 - [TEST_STEP][PASSED] - click(findTestObject("APOLLO- Desktop/Burger Menu/Mens chevron")): Object: 'Object Repository/APOLLO- Desktop/Burger Menu/Mens chevron' is clicked on

2019-07-10 18:18:55 - [MESSAGE][PASSED] - Object: 'Object Repository/APOLLO- Desktop/Burger Menu/Mens chevron' is clicked on

2019-07-10 18:18:55 - [TEST_STEP][PASSED] - delay(2): Delayed 2 second(s)

2019-07-10 18:18:57 - [MESSAGE][PASSED] - Delayed 2 second(s)

2019-07-10 18:18:57 - [TEST_STEP][PASSED] - click(findTestObject("APOLLO- Desktop/Burger Menu/Mens - Top Chevron")): Object: 'Object Repository/APOLLO- Desktop/Burger Menu/Mens - Top Chevron' is clicked on

2019-07-10 18:18:58 - [MESSAGE][PASSED] - Object: 'Object Repository/APOLLO- Desktop/Burger Menu/Mens - Top Chevron' is clicked on

2019-07-10 18:18:58 - [TEST_STEP][PASSED] - delay(2): Delayed 2 second(s)

2019-07-10 18:19:00 - [MESSAGE][PASSED] - Delayed 2 second(s)

2019-07-10 18:19:00 - [TEST_STEP][PASSED] - click(findTestObject("APOLLO- Desktop/Burger Menu/Shirts link")): Object: 'Object Repository/APOLLO- Desktop/Burger Menu/Shirts link' is clicked on

2019-07-10 18:19:01 - [MESSAGE][PASSED] - Object: 'Object Repository/APOLLO- Desktop/Burger Menu/Shirts link' is clicked on

2019-07-10 18:19:01 - [TEST_STEP][PASSED] - delay(2): Delayed 2 second(s)

2019-07-10 18:19:03 - [MESSAGE][PASSED] - Delayed 2 second(s)

2019-07-10 18:19:03 - [TEST_STEP][PASSED] - click(findTestObject("APOLLO- Desktop/Collection page/Blue shirt product")): Object: 'Object Repository/APOLLO- Desktop/Collection page/Blue shirt product' is clicked on

2019-07-10 18:19:04 - [MESSAGE][PASSED] - Object: 'Object Repository/APOLLO- Desktop/Collection page/Blue shirt product' is clicked on

2019-07-10 18:19:04 - [TEST_STEP][PASSED] - delay(2): Delayed 2 second(s)

2019-07-10 18:19:06 - [MESSAGE][PASSED] - Delayed 2 second(s)

2019-07-10 18:19:06 - [TEST_STEP][PASSED] - selectOptionByValue(findTestObject("APOLLO- Desktop/Product page/Size dropdown"), "Medium", true): All options with value 'Medium' are selected in object 'Object Repository/APOLLO- Desktop/Product page/Size dropdown'  using regular expression

2019-07-10 18:19:12 - [MESSAGE][PASSED] - All options with value 'Medium' are selected in object 'Object Repository/APOLLO- Desktop/Product page/Size dropdown'  using regular expression

2019-07-10 18:19:12 - [TEST_STEP][PASSED] - delay(2): Delayed 2 second(s)

2019-07-10 18:19:14 - [MESSAGE][PASSED] - Delayed 2 second(s)

2019-07-10 18:19:14 - [TEST_STEP][PASSED] - click(findTestObject("APOLLO- Desktop/Product page/Add to bag")): Object: 'Object Repository/APOLLO- Desktop/Product page/Add to bag' is clicked on

2019-07-10 18:19:14 - [MESSAGE][PASSED] - Object: 'Object Repository/APOLLO- Desktop/Product page/Add to bag' is clicked on

2019-07-10 18:19:14 - [TEST_STEP][PASSED] - delay(2): Delayed 2 second(s)

2019-07-10 18:19:16 - [MESSAGE][PASSED] - Delayed 2 second(s)

2019-07-10 18:19:16 - [TEST_STEP][PASSED] - click(findTestObject("APOLLO- Desktop/Burger Menu/Burgermenu")): Object: 'Object Repository/APOLLO- Desktop/Burger Menu/Burgermenu' is clicked on

2019-07-10 18:19:17 - [MESSAGE][PASSED] - Object: 'Object Repository/APOLLO- Desktop/Burger Menu/Burgermenu' is clicked on

2019-07-10 18:19:17 - [TEST_STEP][PASSED] - delay(2): Delayed 2 second(s)

2019-07-10 18:19:19 - [MESSAGE][PASSED] - Delayed 2 second(s)

2019-07-10 18:19:19 - [TEST_STEP][PASSED] - click(findTestObject("APOLLO- Desktop/Burger Menu/KIds link")): Object: 'Object Repository/APOLLO- Desktop/Burger Menu/KIds link' is clicked on

2019-07-10 18:19:19 - [MESSAGE][PASSED] - Object: 'Object Repository/APOLLO- Desktop/Burger Menu/KIds link' is clicked on

2019-07-10 18:19:19 - [TEST_STEP][PASSED] - delay(2): Delayed 2 second(s)

2019-07-10 18:19:21 - [MESSAGE][PASSED] - Delayed 2 second(s)

2019-07-10 18:19:21 - [TEST_STEP][PASSED] - click(findTestObject("APOLLO- Desktop/Collection page/Sailor sweatshirt")): Object: 'Object Repository/APOLLO- Desktop/Collection page/Sailor sweatshirt' is clicked on

2019-07-10 18:19:22 - [MESSAGE][PASSED] - Object: 'Object Repository/APOLLO- Desktop/Collection page/Sailor sweatshirt' is clicked on

2019-07-10 18:19:22 - [TEST_STEP][PASSED] - delay(2): Delayed 2 second(s)

2019-07-10 18:19:24 - [MESSAGE][PASSED] - Delayed 2 second(s)

2019-07-10 18:19:24 - [TEST_STEP][PASSED] - click(findTestObject("APOLLO- Desktop/Product page/Add to bag")): Object: 'Object Repository/APOLLO- Desktop/Product page/Add to bag' is clicked on

2019-07-10 18:19:27 - [MESSAGE][PASSED] - Object: 'Object Repository/APOLLO- Desktop/Product page/Add to bag' is clicked on

2019-07-10 18:19:27 - [TEST_STEP][PASSED] - delay(2): Delayed 2 second(s)

2019-07-10 18:19:29 - [MESSAGE][PASSED] - Delayed 2 second(s)

2019-07-10 18:19:29 - [TEST_STEP][NOT_RUN] - executeJavaScript("var previewBar = document.getElementById("preview-bar-iframe"); previewBar.style.display = "none";", []): NOT_RUN: executeJavaScript("var previewBar = document.getElementById("preview-bar-iframe"); previewBar.style.display = "none";", [])

2019-07-10 18:19:29 - [MESSAGE][NOT_RUN] - NOT_RUN: executeJavaScript("var previewBar = document.getElementById("preview-bar-iframe"); previewBar.style.display = "none";", [])

2019-07-10 18:19:29 - [TEST_STEP][PASSED] - a = getText(findTestObject("APOLLO- Desktop/Cart flyout/Unit price - first product")): Text of object 'Object Repository/APOLLO- Desktop/Cart flyout/Unit price - first product' is: '$30'

2019-07-10 18:19:29 - [MESSAGE][PASSED] - Text of object 'Object Repository/APOLLO- Desktop/Cart flyout/Unit price - first product' is: '$30'

2019-07-10 18:19:29 - [TEST_STEP][PASSED] - comment("a=" + a): a=$30

2019-07-10 18:19:29 - [MESSAGE][INFO] - a=$30

2019-07-10 18:19:29 - [TEST_STEP][PASSED] - a1 = a.substring(1): null

2019-07-10 18:19:29 - [TEST_STEP][PASSED] - comment("a1=" + a1): a1=30

2019-07-10 18:19:29 - [MESSAGE][INFO] - a1=30

2019-07-10 18:19:29 - [TEST_STEP][PASSED] - b = getText(findTestObject("APOLLO- Desktop/Cart flyout/Unit price - second product")): Text of object 'Object Repository/APOLLO- Desktop/Cart flyout/Unit price - second product' is: '$30'

2019-07-10 18:19:30 - [MESSAGE][PASSED] - Text of object 'Object Repository/APOLLO- Desktop/Cart flyout/Unit price - second product' is: '$30'

2019-07-10 18:19:30 - [TEST_STEP][PASSED] - comment("b=" + b): b=$30

2019-07-10 18:19:30 - [MESSAGE][INFO] - b=$30

2019-07-10 18:19:30 - [TEST_STEP][PASSED] - b1 = b.substring(1): null

2019-07-10 18:19:30 - [TEST_STEP][PASSED] - comment("b1=" + b1): b1=30

2019-07-10 18:19:30 - [MESSAGE][INFO] - b1=30

2019-07-10 18:19:30 - [TEST_STEP][PASSED] - p1 = <not implemented yet for class: org.codehaus.groovy.ast.expr.EmptyExpression>: null

2019-07-10 18:19:30 - [TEST_STEP][PASSED] - p2 = <not implemented yet for class: org.codehaus.groovy.ast.expr.EmptyExpression>: null

2019-07-10 18:19:30 - [TEST_STEP][PASSED] - try: p1=30.0

2019-07-10 18:19:30 - [TEST_STEP][PASSED] - str = a1: null

2019-07-10 18:19:30 - [TEST_STEP][PASSED] - comment("str=" + str): str=30

2019-07-10 18:19:30 - [MESSAGE][INFO] - str=30

2019-07-10 18:19:30 - [TEST_STEP][PASSED] - p1 = Double.valueOf(str): null

2019-07-10 18:19:30 - [TEST_STEP][PASSED] - comment("p1=" + p1): p1=30.0

2019-07-10 18:19:30 - [MESSAGE][INFO] - p1=30.0

2019-07-10 18:19:30 - [TEST_STEP][PASSED] - try: p2=30.0

2019-07-10 18:19:30 - [TEST_STEP][PASSED] - str5 = b1: null

2019-07-10 18:19:30 - [TEST_STEP][PASSED] - comment("str5=" + str5): str5=30

2019-07-10 18:19:30 - [MESSAGE][INFO] - str5=30

2019-07-10 18:19:30 - [TEST_STEP][PASSED] - p2 = Double.valueOf(str5): null

2019-07-10 18:19:30 - [TEST_STEP][PASSED] - comment("p2=" + p2): p2=30.0

2019-07-10 18:19:30 - [MESSAGE][INFO] - p2=30.0

2019-07-10 18:19:30 - [TEST_STEP][PASSED] - total = p1 + p2: null

2019-07-10 18:19:30 - [TEST_STEP][PASSED] - comment("total=" + total): total=60.0

2019-07-10 18:19:30 - [MESSAGE][INFO] - total=60.0

2019-07-10 18:19:30 - [TEST_STEP][PASSED] - c = getText(findTestObject("APOLLO- Desktop/Cart flyout/Subtotal in cart flyout")): Text of object 'Object Repository/APOLLO- Desktop/Cart flyout/Subtotal in cart flyout' is: '$60.00'

2019-07-10 18:19:31 - [MESSAGE][PASSED] - Text of object 'Object Repository/APOLLO- Desktop/Cart flyout/Subtotal in cart flyout' is: '$60.00'

2019-07-10 18:19:31 - [TEST_STEP][PASSED] - comment("c=" + c): c=$60.00

2019-07-10 18:19:31 - [MESSAGE][INFO] - c=$60.00

2019-07-10 18:19:31 - [TEST_STEP][PASSED] - c1 = c.substring(1): null

2019-07-10 18:19:31 - [TEST_STEP][PASSED] - comment("c1=" + c1): c1=60.00

2019-07-10 18:19:31 - [MESSAGE][INFO] - c1=60.00

2019-07-10 18:19:31 - [TEST_STEP][PASSED] - p3 = <not implemented yet for class: org.codehaus.groovy.ast.expr.EmptyExpression>: null

2019-07-10 18:19:31 - [TEST_STEP][PASSED] - try: p3=60.0

2019-07-10 18:19:31 - [TEST_STEP][PASSED] - str = c1: null

2019-07-10 18:19:31 - [TEST_STEP][PASSED] - comment("str=" + str): str=60.00

2019-07-10 18:19:31 - [MESSAGE][INFO] - str=60.00

2019-07-10 18:19:31 - [TEST_STEP][PASSED] - p3 = Double.valueOf(str): null

2019-07-10 18:19:31 - [TEST_STEP][PASSED] - comment("p3=" + p3): p3=60.0

2019-07-10 18:19:31 - [MESSAGE][INFO] - p3=60.0

2019-07-10 18:19:31 - [TEST_STEP][PASSED] - verifyEqual(total, p3): Actual object '60' and expected object '60' are equal

2019-07-10 18:19:31 - [MESSAGE][PASSED] - Actual object '60' and expected object '60' are equal

2019-07-10 18:19:31 - [TEST_STEP][PASSED] - click(findTestObject("APOLLO- Desktop/Cart flyout/Checkout")): Object: 'Object Repository/APOLLO- Desktop/Cart flyout/Checkout' is clicked on

2019-07-10 18:19:31 - [MESSAGE][PASSED] - Object: 'Object Repository/APOLLO- Desktop/Cart flyout/Checkout' is clicked on

2019-07-10 18:19:31 - [TEST_STEP][FAILED] - callTestCase(findTestCase("CALL- CUSTOMER INFO PAGE"), [:], STOP_ON_FAILURE): callTestCase(findTestCase("CALL- CUSTOMER INFO PAGE"), [:], STOP_ON_FAILURE) FAILED.
Reason:
com.kms.katalon.core.exception.StepFailedException: Unable to select option by value 'United States' of object 'Object Repository/APOLLO- Desktop/Customer Information page/Country dropdown'  using regular expression (Root cause: org.openqa.selenium.ElementClickInterceptedException: The command failed because the specified element is obscured.
Build info: version: '3.7.1', revision: '8a0099a', time: '2017-11-06T21:07:36.161Z'
System info: host: 'sumans-MacBook-Pro.local', ip: 'fe80:0:0:0:47c:ca88:4245:b7a7%en0', os.name: 'Mac OS X', os.arch: 'x86_64', os.version: '10.13.6', java.version: '1.8.0_181'
Driver info: com.kms.katalon.selenium.driver.CRemoteWebDriver
Capabilities {acceptInsecureCerts: false, browserName: MicrosoftEdge, browserVersion: 44.18362.1.0, javascriptEnabled: true, pageLoadStrategy: normal, platform: WINDOWS, platformName: WINDOWS, proxy: Proxy(), setWindowRect: false, timeouts: {implicit: 0, pageLoad: 300000, script: 30000}}
Session ID: 564a2a97f247b5ce3a4abe26436d85e0d38e59ca)
	at com.kms.katalon.core.keyword.internal.KeywordMain.stepFailed(KeywordMain.groovy:36)
	at com.kms.katalon.core.webui.keyword.internal.WebUIKeywordMain.stepFailed(WebUIKeywordMain.groovy:65)
	at com.kms.katalon.core.webui.keyword.internal.WebUIKeywordMain.runKeyword(WebUIKeywordMain.groovy:27)
	at com.kms.katalon.core.webui.keyword.builtin.SelectOptionByValueKeyword.selectOptionByValue(SelectOptionByValueKeyword.groovy:99)
	at com.kms.katalon.core.webui.keyword.builtin.SelectOptionByValueKeyword.execute(SelectOptionByValueKeyword.groovy:71)
	at com.kms.katalon.core.keyword.internal.KeywordExecutor.executeKeywordForPlatform(KeywordExecutor.groovy:53)
	at com.kms.katalon.core.webui.keyword.WebUiBuiltInKeywords.selectOptionByValue(WebUiBuiltInKeywords.groovy:1138)
	at com.kms.katalon.core.webui.keyword.WebUiBuiltInKeywords$selectOptionByValue$11.call(Unknown Source)
	at CALL- CUSTOMER INFO PAGE.run(CALL- CUSTOMER INFO PAGE:39)
	at com.kms.katalon.core.main.ScriptEngine.run(ScriptEngine.java:194)
	at com.kms.katalon.core.main.ScriptEngine.runScriptAsRawText(ScriptEngine.java:119)
	at com.kms.katalon.core.main.TestCaseExecutor.runScript(TestCaseExecutor.java:328)
	at com.kms.katalon.core.main.TestCaseExecutor.doExecute(TestCaseExecutor.java:319)
	at com.kms.katalon.core.main.TestCaseExecutor.processExecutionPhase(TestCaseExecutor.java:298)
	at com.kms.katalon.core.main.TestCaseExecutor.accessMainPhase(TestCaseExecutor.java:290)
	at com.kms.katalon.core.main.TestCaseExecutor.execute(TestCaseExecutor.java:224)
	at com.kms.katalon.core.main.TestCaseMain.runTestCase(TestCaseMain.java:106)
	at com.kms.katalon.core.keyword.builtin.CallTestCaseKeyword$_callTestCase_closure1.doCall(CallTestCaseKeyword.groovy:59)
	at com.kms.katalon.core.keyword.builtin.CallTestCaseKeyword$_callTestCase_closure1.call(CallTestCaseKeyword.groovy)
	at com.kms.katalon.core.keyword.internal.KeywordMain.runKeyword(KeywordMain.groovy:54)
	at com.kms.katalon.core.keyword.builtin.CallTestCaseKeyword.callTestCase(CallTestCaseKeyword.groovy:80)
	at com.kms.katalon.core.keyword.builtin.CallTestCaseKeyword.execute(CallTestCaseKeyword.groovy:44)
	at com.kms.katalon.core.keyword.internal.KeywordExecutor.executeKeywordForPlatform(KeywordExecutor.groovy:53)
	at com.kms.katalon.core.keyword.BuiltinKeywords.callTestCase(BuiltinKeywords.groovy:334)
	at Price comparison - Cart flyout.run(Price comparison - Cart flyout:141)
	at com.kms.katalon.core.main.ScriptEngine.run(ScriptEngine.java:194)
	at com.kms.katalon.core.main.ScriptEngine.runScriptAsRawText(ScriptEngine.java:119)
	at com.kms.katalon.core.main.TestCaseExecutor.runScript(TestCaseExecutor.java:328)
	at com.kms.katalon.core.main.TestCaseExecutor.doExecute(TestCaseExecutor.java:319)
	at com.kms.katalon.core.main.TestCaseExecutor.processExecutionPhase(TestCaseExecutor.java:298)
	at com.kms.katalon.core.main.TestCaseExecutor.accessMainPhase(TestCaseExecutor.java:290)
	at com.kms.katalon.core.main.TestCaseExecutor.execute(TestCaseExecutor.java:224)
	at com.kms.katalon.core.main.TestSuiteExecutor.accessTestCaseMainPhase(TestSuiteExecutor.java:129)
	at com.kms.katalon.core.main.TestSuiteExecutor.accessTestSuiteMainPhase(TestSuiteExecutor.java:112)
	at com.kms.katalon.core.main.TestSuiteExecutor.execute(TestSuiteExecutor.java:81)
	at com.kms.katalon.core.main.TestCaseMain.startTestSuite(TestCaseMain.java:149)
	at com.kms.katalon.core.main.TestCaseMain$startTestSuite$0.call(Unknown Source)
	at TempTestSuite1562794812628.run(TempTestSuite1562794812628.groovy:36)


2019-07-10 18:19:31 - [TEST_CASE][FAILED] - Test Cases/CALL- CUSTOMER INFO PAGE: Test Cases/CALL- CUSTOMER INFO PAGE FAILED.
Reason:
com.kms.katalon.core.exception.StepFailedException: Unable to select option by value 'United States' of object 'Object Repository/APOLLO- Desktop/Customer Information page/Country dropdown'  using regular expression (Root cause: org.openqa.selenium.ElementClickInterceptedException: The command failed because the specified element is obscured.
Build info: version: '3.7.1', revision: '8a0099a', time: '2017-11-06T21:07:36.161Z'
System info: host: 'sumans-MacBook-Pro.local', ip: 'fe80:0:0:0:47c:ca88:4245:b7a7%en0', os.name: 'Mac OS X', os.arch: 'x86_64', os.version: '10.13.6', java.version: '1.8.0_181'
Driver info: com.kms.katalon.selenium.driver.CRemoteWebDriver
Capabilities {acceptInsecureCerts: false, browserName: MicrosoftEdge, browserVersion: 44.18362.1.0, javascriptEnabled: true, pageLoadStrategy: normal, platform: WINDOWS, platformName: WINDOWS, proxy: Proxy(), setWindowRect: false, timeouts: {implicit: 0, pageLoad: 300000, script: 30000}}
Session ID: 564a2a97f247b5ce3a4abe26436d85e0d38e59ca)
	at com.kms.katalon.core.keyword.internal.KeywordMain.stepFailed(KeywordMain.groovy:36)
	at com.kms.katalon.core.webui.keyword.internal.WebUIKeywordMain.stepFailed(WebUIKeywordMain.groovy:65)
	at com.kms.katalon.core.webui.keyword.internal.WebUIKeywordMain.runKeyword(WebUIKeywordMain.groovy:27)
	at com.kms.katalon.core.webui.keyword.builtin.SelectOptionByValueKeyword.selectOptionByValue(SelectOptionByValueKeyword.groovy:99)
	at com.kms.katalon.core.webui.keyword.builtin.SelectOptionByValueKeyword.execute(SelectOptionByValueKeyword.groovy:71)
	at com.kms.katalon.core.keyword.internal.KeywordExecutor.executeKeywordForPlatform(KeywordExecutor.groovy:53)
	at com.kms.katalon.core.webui.keyword.WebUiBuiltInKeywords.selectOptionByValue(WebUiBuiltInKeywords.groovy:1138)
	at com.kms.katalon.core.webui.keyword.WebUiBuiltInKeywords$selectOptionByValue$11.call(Unknown Source)
	at CALL- CUSTOMER INFO PAGE.run(CALL- CUSTOMER INFO PAGE:39)
	at com.kms.katalon.core.main.ScriptEngine.run(ScriptEngine.java:194)
	at com.kms.katalon.core.main.ScriptEngine.runScriptAsRawText(ScriptEngine.java:119)
	at com.kms.katalon.core.main.TestCaseExecutor.runScript(TestCaseExecutor.java:328)
	at com.kms.katalon.core.main.TestCaseExecutor.doExecute(TestCaseExecutor.java:319)
	at com.kms.katalon.core.main.TestCaseExecutor.processExecutionPhase(TestCaseExecutor.java:298)
	at com.kms.katalon.core.main.TestCaseExecutor.accessMainPhase(TestCaseExecutor.java:290)
	at com.kms.katalon.core.main.TestCaseExecutor.execute(TestCaseExecutor.java:224)
	at com.kms.katalon.core.main.TestCaseMain.runTestCase(TestCaseMain.java:106)
	at com.kms.katalon.core.keyword.builtin.CallTestCaseKeyword$_callTestCase_closure1.doCall(CallTestCaseKeyword.groovy:59)
	at com.kms.katalon.core.keyword.builtin.CallTestCaseKeyword$_callTestCase_closure1.call(CallTestCaseKeyword.groovy)
	at com.kms.katalon.core.keyword.internal.KeywordMain.runKeyword(KeywordMain.groovy:54)
	at com.kms.katalon.core.keyword.builtin.CallTestCaseKeyword.callTestCase(CallTestCaseKeyword.groovy:80)
	at com.kms.katalon.core.keyword.builtin.CallTestCaseKeyword.execute(CallTestCaseKeyword.groovy:44)
	at com.kms.katalon.core.keyword.internal.KeywordExecutor.executeKeywordForPlatform(KeywordExecutor.groovy:53)
	at com.kms.katalon.core.keyword.BuiltinKeywords.callTestCase(BuiltinKeywords.groovy:334)
	at Price comparison - Cart flyout.run(Price comparison - Cart flyout:141)
	at com.kms.katalon.core.main.ScriptEngine.run(ScriptEngine.java:194)
	at com.kms.katalon.core.main.ScriptEngine.runScriptAsRawText(ScriptEngine.java:119)
	at com.kms.katalon.core.main.TestCaseExecutor.runScript(TestCaseExecutor.java:328)
	at com.kms.katalon.core.main.TestCaseExecutor.doExecute(TestCaseExecutor.java:319)
	at com.kms.katalon.core.main.TestCaseExecutor.processExecutionPhase(TestCaseExecutor.java:298)
	at com.kms.katalon.core.main.TestCaseExecutor.accessMainPhase(TestCaseExecutor.java:290)
	at com.kms.katalon.core.main.TestCaseExecutor.execute(TestCaseExecutor.java:224)
	at com.kms.katalon.core.main.TestSuiteExecutor.accessTestCaseMainPhase(TestSuiteExecutor.java:129)
	at com.kms.katalon.core.main.TestSuiteExecutor.accessTestSuiteMainPhase(TestSuiteExecutor.java:112)
	at com.kms.katalon.core.main.TestSuiteExecutor.execute(TestSuiteExecutor.java:81)
	at com.kms.katalon.core.main.TestCaseMain.startTestSuite(TestCaseMain.java:149)
	at com.kms.katalon.core.main.TestCaseMain$startTestSuite$0.call(Unknown Source)
	at TempTestSuite1562794812628.run(TempTestSuite1562794812628.groovy:36)


2019-07-10 18:19:31 - [TEST_STEP][PASSED] - delay(2): Delayed 2 second(s)

2019-07-10 18:19:33 - [MESSAGE][PASSED] - Delayed 2 second(s)

2019-07-10 18:19:33 - [TEST_STEP][NOT_RUN] - executeJavaScript("var previewBar = document.getElementById("preview-bar-iframe"); previewBar.style.display = "none";", []): NOT_RUN: executeJavaScript("var previewBar = document.getElementById("preview-bar-iframe"); previewBar.style.display = "none";", [])

2019-07-10 18:19:33 - [MESSAGE][NOT_RUN] - NOT_RUN: executeJavaScript("var previewBar = document.getElementById("preview-bar-iframe"); previewBar.style.display = "none";", [])

2019-07-10 18:19:33 - [TEST_STEP][PASSED] - setText(findTestObject("APOLLO- Desktop/Customer Information page/Email"), "suman@gmail.com"): Text 'suman@gmail.com' is set on object 'Object Repository/APOLLO- Desktop/Customer Information page/Email'

2019-07-10 18:19:37 - [MESSAGE][PASSED] - Text 'suman@gmail.com' is set on object 'Object Repository/APOLLO- Desktop/Customer Information page/Email'

2019-07-10 18:19:37 - [TEST_STEP][PASSED] - delay(2): Delayed 2 second(s)

2019-07-10 18:19:39 - [MESSAGE][PASSED] - Delayed 2 second(s)

2019-07-10 18:19:39 - [TEST_STEP][PASSED] - setText(findTestObject("APOLLO- Desktop/Customer Information page/First name"), "suman"): Text 'suman' is set on object 'Object Repository/APOLLO- Desktop/Customer Information page/First name'

2019-07-10 18:19:40 - [MESSAGE][PASSED] - Text 'suman' is set on object 'Object Repository/APOLLO- Desktop/Customer Information page/First name'

2019-07-10 18:19:40 - [TEST_STEP][PASSED] - delay(2): Delayed 2 second(s)

2019-07-10 18:19:42 - [MESSAGE][PASSED] - Delayed 2 second(s)

2019-07-10 18:19:42 - [TEST_STEP][PASSED] - setText(findTestObject("APOLLO- Desktop/Customer Information page/Last name"), "kompelly"): Text 'kompelly' is set on object 'Object Repository/APOLLO- Desktop/Customer Information page/Last name'

2019-07-10 18:19:44 - [MESSAGE][PASSED] - Text 'kompelly' is set on object 'Object Repository/APOLLO- Desktop/Customer Information page/Last name'

2019-07-10 18:19:44 - [TEST_STEP][PASSED] - delay(2): Delayed 2 second(s)

2019-07-10 18:19:46 - [MESSAGE][PASSED] - Delayed 2 second(s)

2019-07-10 18:19:46 - [TEST_STEP][PASSED] - setText(findTestObject("APOLLO- Desktop/Customer Information page/Address"), "1435 st alxendre"): Text '1435 st alxendre' is set on object 'Object Repository/APOLLO- Desktop/Customer Information page/Address'

2019-07-10 18:19:47 - [MESSAGE][PASSED] - Text '1435 st alxendre' is set on object 'Object Repository/APOLLO- Desktop/Customer Information page/Address'

2019-07-10 18:19:47 - [TEST_STEP][PASSED] - setText(findTestObject("APOLLO- Desktop/Customer Information page/Apartment"), "220"): Text '220' is set on object 'Object Repository/APOLLO- Desktop/Customer Information page/Apartment'

2019-07-10 18:19:49 - [MESSAGE][PASSED] - Text '220' is set on object 'Object Repository/APOLLO- Desktop/Customer Information page/Apartment'

2019-07-10 18:19:49 - [TEST_STEP][PASSED] - setText(findTestObject("APOLLO- Desktop/Customer Information page/City"), "montreal"): Text 'montreal' is set on object 'Object Repository/APOLLO- Desktop/Customer Information page/City'

2019-07-10 18:19:50 - [MESSAGE][PASSED] - Text 'montreal' is set on object 'Object Repository/APOLLO- Desktop/Customer Information page/City'

2019-07-10 18:19:50 - [TEST_STEP][FAILED] - selectOptionByValue(findTestObject("APOLLO- Desktop/Customer Information page/Country dropdown"), "United States", true): selectOptionByValue(findTestObject("APOLLO- Desktop/Customer Information page/Country dropdown"), "United States", true) FAILED.
Reason:
com.kms.katalon.core.exception.StepFailedException: Unable to select option by value 'United States' of object 'Object Repository/APOLLO- Desktop/Customer Information page/Country dropdown'  using regular expression (Root cause: org.openqa.selenium.ElementClickInterceptedException: The command failed because the specified element is obscured.
Build info: version: '3.7.1', revision: '8a0099a', time: '2017-11-06T21:07:36.161Z'
System info: host: 'sumans-MacBook-Pro.local', ip: 'fe80:0:0:0:47c:ca88:4245:b7a7%en0', os.name: 'Mac OS X', os.arch: 'x86_64', os.version: '10.13.6', java.version: '1.8.0_181'
Driver info: com.kms.katalon.selenium.driver.CRemoteWebDriver
Capabilities {acceptInsecureCerts: false, browserName: MicrosoftEdge, browserVersion: 44.18362.1.0, javascriptEnabled: true, pageLoadStrategy: normal, platform: WINDOWS, platformName: WINDOWS, proxy: Proxy(), setWindowRect: false, timeouts: {implicit: 0, pageLoad: 300000, script: 30000}}
Session ID: 564a2a97f247b5ce3a4abe26436d85e0d38e59ca)
	at com.kms.katalon.core.keyword.internal.KeywordMain.stepFailed(KeywordMain.groovy:36)
	at com.kms.katalon.core.webui.keyword.internal.WebUIKeywordMain.stepFailed(WebUIKeywordMain.groovy:65)
	at com.kms.katalon.core.webui.keyword.internal.WebUIKeywordMain.runKeyword(WebUIKeywordMain.groovy:27)
	at com.kms.katalon.core.webui.keyword.builtin.SelectOptionByValueKeyword.selectOptionByValue(SelectOptionByValueKeyword.groovy:99)
	at com.kms.katalon.core.webui.keyword.builtin.SelectOptionByValueKeyword.execute(SelectOptionByValueKeyword.groovy:71)
	at com.kms.katalon.core.keyword.internal.KeywordExecutor.executeKeywordForPlatform(KeywordExecutor.groovy:53)
	at com.kms.katalon.core.webui.keyword.WebUiBuiltInKeywords.selectOptionByValue(WebUiBuiltInKeywords.groovy:1138)
	at com.kms.katalon.core.webui.keyword.WebUiBuiltInKeywords$selectOptionByValue$11.call(Unknown Source)
	at CALL- CUSTOMER INFO PAGE.run(CALL- CUSTOMER INFO PAGE:39)
	at com.kms.katalon.core.main.ScriptEngine.run(ScriptEngine.java:194)
	at com.kms.katalon.core.main.ScriptEngine.runScriptAsRawText(ScriptEngine.java:119)
	at com.kms.katalon.core.main.TestCaseExecutor.runScript(TestCaseExecutor.java:328)
	at com.kms.katalon.core.main.TestCaseExecutor.doExecute(TestCaseExecutor.java:319)
	at com.kms.katalon.core.main.TestCaseExecutor.processExecutionPhase(TestCaseExecutor.java:298)
	at com.kms.katalon.core.main.TestCaseExecutor.accessMainPhase(TestCaseExecutor.java:290)
	at com.kms.katalon.core.main.TestCaseExecutor.execute(TestCaseExecutor.java:224)
	at com.kms.katalon.core.main.TestCaseMain.runTestCase(TestCaseMain.java:106)
	at com.kms.katalon.core.keyword.builtin.CallTestCaseKeyword$_callTestCase_closure1.doCall(CallTestCaseKeyword.groovy:59)
	at com.kms.katalon.core.keyword.builtin.CallTestCaseKeyword$_callTestCase_closure1.call(CallTestCaseKeyword.groovy)
	at com.kms.katalon.core.keyword.internal.KeywordMain.runKeyword(KeywordMain.groovy:54)
	at com.kms.katalon.core.keyword.builtin.CallTestCaseKeyword.callTestCase(CallTestCaseKeyword.groovy:80)
	at com.kms.katalon.core.keyword.builtin.CallTestCaseKeyword.execute(CallTestCaseKeyword.groovy:44)
	at com.kms.katalon.core.keyword.internal.KeywordExecutor.executeKeywordForPlatform(KeywordExecutor.groovy:53)
	at com.kms.katalon.core.keyword.BuiltinKeywords.callTestCase(BuiltinKeywords.groovy:334)
	at Price comparison - Cart flyout.run(Price comparison - Cart flyout:141)
	at com.kms.katalon.core.main.ScriptEngine.run(ScriptEngine.java:194)
	at com.kms.katalon.core.main.ScriptEngine.runScriptAsRawText(ScriptEngine.java:119)
	at com.kms.katalon.core.main.TestCaseExecutor.runScript(TestCaseExecutor.java:328)
	at com.kms.katalon.core.main.TestCaseExecutor.doExecute(TestCaseExecutor.java:319)
	at com.kms.katalon.core.main.TestCaseExecutor.processExecutionPhase(TestCaseExecutor.java:298)
	at com.kms.katalon.core.main.TestCaseExecutor.accessMainPhase(TestCaseExecutor.java:290)
	at com.kms.katalon.core.main.TestCaseExecutor.execute(TestCaseExecutor.java:224)
	at com.kms.katalon.core.main.TestSuiteExecutor.accessTestCaseMainPhase(TestSuiteExecutor.java:129)
	at com.kms.katalon.core.main.TestSuiteExecutor.accessTestSuiteMainPhase(TestSuiteExecutor.java:112)
	at com.kms.katalon.core.main.TestSuiteExecutor.execute(TestSuiteExecutor.java:81)
	at com.kms.katalon.core.main.TestCaseMain.startTestSuite(TestCaseMain.java:149)
	at com.kms.katalon.core.main.TestCaseMain$startTestSuite$0.call(Unknown Source)
	at TempTestSuite1562794812628.run(TempTestSuite1562794812628.groovy:36)


2019-07-10 18:20:47 - [MESSAGE][FAILED] - Unable to select option by value 'United States' of object 'Object Repository/APOLLO- Desktop/Customer Information page/Country dropdown'  using regular expression (Root cause: org.openqa.selenium.ElementClickInterceptedException: The command failed because the specified element is obscured.
Build info: version: '3.7.1', revision: '8a0099a', time: '2017-11-06T21:07:36.161Z'
System info: host: 'sumans-MacBook-Pro.local', ip: 'fe80:0:0:0:47c:ca88:4245:b7a7%en0', os.name: 'Mac OS X', os.arch: 'x86_64', os.version: '10.13.6', java.version: '1.8.0_181'
Driver info: com.kms.katalon.selenium.driver.CRemoteWebDriver
Capabilities {acceptInsecureCerts: false, browserName: MicrosoftEdge, browserVersion: 44.18362.1.0, javascriptEnabled: true, pageLoadStrategy: normal, platform: WINDOWS, platformName: WINDOWS, proxy: Proxy(), setWindowRect: false, timeouts: {implicit: 0, pageLoad: 300000, script: 30000}}
Session ID: 564a2a97f247b5ce3a4abe26436d85e0d38e59ca)
[[ATTACHMENT|/Users/sumankompelly/git/Apollo-Dark-Desktop/Reports/Apollo - dark build/20190710_174012/1562797247363.png]]

2019-07-10 18:20:47 - [MESSAGE][FAILED] - selectOptionByValue(findTestObject("APOLLO- Desktop/Customer Information page/Country dropdown"), "United States", true) FAILED.
Reason:
com.kms.katalon.core.exception.StepFailedException: Unable to select option by value 'United States' of object 'Object Repository/APOLLO- Desktop/Customer Information page/Country dropdown'  using regular expression (Root cause: org.openqa.selenium.ElementClickInterceptedException: The command failed because the specified element is obscured.
Build info: version: '3.7.1', revision: '8a0099a', time: '2017-11-06T21:07:36.161Z'
System info: host: 'sumans-MacBook-Pro.local', ip: 'fe80:0:0:0:47c:ca88:4245:b7a7%en0', os.name: 'Mac OS X', os.arch: 'x86_64', os.version: '10.13.6', java.version: '1.8.0_181'
Driver info: com.kms.katalon.selenium.driver.CRemoteWebDriver
Capabilities {acceptInsecureCerts: false, browserName: MicrosoftEdge, browserVersion: 44.18362.1.0, javascriptEnabled: true, pageLoadStrategy: normal, platform: WINDOWS, platformName: WINDOWS, proxy: Proxy(), setWindowRect: false, timeouts: {implicit: 0, pageLoad: 300000, script: 30000}}
Session ID: 564a2a97f247b5ce3a4abe26436d85e0d38e59ca)
	at com.kms.katalon.core.keyword.internal.KeywordMain.stepFailed(KeywordMain.groovy:36)
	at com.kms.katalon.core.webui.keyword.internal.WebUIKeywordMain.stepFailed(WebUIKeywordMain.groovy:65)
	at com.kms.katalon.core.webui.keyword.internal.WebUIKeywordMain.runKeyword(WebUIKeywordMain.groovy:27)
	at com.kms.katalon.core.webui.keyword.builtin.SelectOptionByValueKeyword.selectOptionByValue(SelectOptionByValueKeyword.groovy:99)
	at com.kms.katalon.core.webui.keyword.builtin.SelectOptionByValueKeyword.execute(SelectOptionByValueKeyword.groovy:71)
	at com.kms.katalon.core.keyword.internal.KeywordExecutor.executeKeywordForPlatform(KeywordExecutor.groovy:53)
	at com.kms.katalon.core.webui.keyword.WebUiBuiltInKeywords.selectOptionByValue(WebUiBuiltInKeywords.groovy:1138)
	at com.kms.katalon.core.webui.keyword.WebUiBuiltInKeywords$selectOptionByValue$11.call(Unknown Source)
	at CALL- CUSTOMER INFO PAGE.run(CALL- CUSTOMER INFO PAGE:39)
	at com.kms.katalon.core.main.ScriptEngine.run(ScriptEngine.java:194)
	at com.kms.katalon.core.main.ScriptEngine.runScriptAsRawText(ScriptEngine.java:119)
	at com.kms.katalon.core.main.TestCaseExecutor.runScript(TestCaseExecutor.java:328)
	at com.kms.katalon.core.main.TestCaseExecutor.doExecute(TestCaseExecutor.java:319)
	at com.kms.katalon.core.main.TestCaseExecutor.processExecutionPhase(TestCaseExecutor.java:298)
	at com.kms.katalon.core.main.TestCaseExecutor.accessMainPhase(TestCaseExecutor.java:290)
	at com.kms.katalon.core.main.TestCaseExecutor.execute(TestCaseExecutor.java:224)
	at com.kms.katalon.core.main.TestCaseMain.runTestCase(TestCaseMain.java:106)
	at com.kms.katalon.core.keyword.builtin.CallTestCaseKeyword$_callTestCase_closure1.doCall(CallTestCaseKeyword.groovy:59)
	at com.kms.katalon.core.keyword.builtin.CallTestCaseKeyword$_callTestCase_closure1.call(CallTestCaseKeyword.groovy)
	at com.kms.katalon.core.keyword.internal.KeywordMain.runKeyword(KeywordMain.groovy:54)
	at com.kms.katalon.core.keyword.builtin.CallTestCaseKeyword.callTestCase(CallTestCaseKeyword.groovy:80)
	at com.kms.katalon.core.keyword.builtin.CallTestCaseKeyword.execute(CallTestCaseKeyword.groovy:44)
	at com.kms.katalon.core.keyword.internal.KeywordExecutor.executeKeywordForPlatform(KeywordExecutor.groovy:53)
	at com.kms.katalon.core.keyword.BuiltinKeywords.callTestCase(BuiltinKeywords.groovy:334)
	at Price comparison - Cart flyout.run(Price comparison - Cart flyout:141)
	at com.kms.katalon.core.main.ScriptEngine.run(ScriptEngine.java:194)
	at com.kms.katalon.core.main.ScriptEngine.runScriptAsRawText(ScriptEngine.java:119)
	at com.kms.katalon.core.main.TestCaseExecutor.runScript(TestCaseExecutor.java:328)
	at com.kms.katalon.core.main.TestCaseExecutor.doExecute(TestCaseExecutor.java:319)
	at com.kms.katalon.core.main.TestCaseExecutor.processExecutionPhase(TestCaseExecutor.java:298)
	at com.kms.katalon.core.main.TestCaseExecutor.accessMainPhase(TestCaseExecutor.java:290)
	at com.kms.katalon.core.main.TestCaseExecutor.execute(TestCaseExecutor.java:224)
	at com.kms.katalon.core.main.TestSuiteExecutor.accessTestCaseMainPhase(TestSuiteExecutor.java:129)
	at com.kms.katalon.core.main.TestSuiteExecutor.accessTestSuiteMainPhase(TestSuiteExecutor.java:112)
	at com.kms.katalon.core.main.TestSuiteExecutor.execute(TestSuiteExecutor.java:81)
	at com.kms.katalon.core.main.TestCaseMain.startTestSuite(TestCaseMain.java:149)
	at com.kms.katalon.core.main.TestCaseMain$startTestSuite$0.call(Unknown Source)
	at TempTestSuite1562794812628.run(TempTestSuite1562794812628.groovy:36)


2019-07-10 18:20:47 - [MESSAGE][FAILED] - Unable to call Test Case 'Test Cases/CALL- CUSTOMER INFO PAGE' (Root cause: com.kms.katalon.core.exception.StepFailedException: Call Test Case 'Test Cases/CALL- CUSTOMER INFO PAGE' failed)

2019-07-10 18:20:47 - [MESSAGE][FAILED] - callTestCase(findTestCase("CALL- CUSTOMER INFO PAGE"), [:], STOP_ON_FAILURE) FAILED.
Reason:
com.kms.katalon.core.exception.StepFailedException: Unable to select option by value 'United States' of object 'Object Repository/APOLLO- Desktop/Customer Information page/Country dropdown'  using regular expression (Root cause: org.openqa.selenium.ElementClickInterceptedException: The command failed because the specified element is obscured.
Build info: version: '3.7.1', revision: '8a0099a', time: '2017-11-06T21:07:36.161Z'
System info: host: 'sumans-MacBook-Pro.local', ip: 'fe80:0:0:0:47c:ca88:4245:b7a7%en0', os.name: 'Mac OS X', os.arch: 'x86_64', os.version: '10.13.6', java.version: '1.8.0_181'
Driver info: com.kms.katalon.selenium.driver.CRemoteWebDriver
Capabilities {acceptInsecureCerts: false, browserName: MicrosoftEdge, browserVersion: 44.18362.1.0, javascriptEnabled: true, pageLoadStrategy: normal, platform: WINDOWS, platformName: WINDOWS, proxy: Proxy(), setWindowRect: false, timeouts: {implicit: 0, pageLoad: 300000, script: 30000}}
Session ID: 564a2a97f247b5ce3a4abe26436d85e0d38e59ca)
	at com.kms.katalon.core.keyword.internal.KeywordMain.stepFailed(KeywordMain.groovy:36)
	at com.kms.katalon.core.webui.keyword.internal.WebUIKeywordMain.stepFailed(WebUIKeywordMain.groovy:65)
	at com.kms.katalon.core.webui.keyword.internal.WebUIKeywordMain.runKeyword(WebUIKeywordMain.groovy:27)
	at com.kms.katalon.core.webui.keyword.builtin.SelectOptionByValueKeyword.selectOptionByValue(SelectOptionByValueKeyword.groovy:99)
	at com.kms.katalon.core.webui.keyword.builtin.SelectOptionByValueKeyword.execute(SelectOptionByValueKeyword.groovy:71)
	at com.kms.katalon.core.keyword.internal.KeywordExecutor.executeKeywordForPlatform(KeywordExecutor.groovy:53)
	at com.kms.katalon.core.webui.keyword.WebUiBuiltInKeywords.selectOptionByValue(WebUiBuiltInKeywords.groovy:1138)
	at com.kms.katalon.core.webui.keyword.WebUiBuiltInKeywords$selectOptionByValue$11.call(Unknown Source)
	at CALL- CUSTOMER INFO PAGE.run(CALL- CUSTOMER INFO PAGE:39)
	at com.kms.katalon.core.main.ScriptEngine.run(ScriptEngine.java:194)
	at com.kms.katalon.core.main.ScriptEngine.runScriptAsRawText(ScriptEngine.java:119)
	at com.kms.katalon.core.main.TestCaseExecutor.runScript(TestCaseExecutor.java:328)
	at com.kms.katalon.core.main.TestCaseExecutor.doExecute(TestCaseExecutor.java:319)
	at com.kms.katalon.core.main.TestCaseExecutor.processExecutionPhase(TestCaseExecutor.java:298)
	at com.kms.katalon.core.main.TestCaseExecutor.accessMainPhase(TestCaseExecutor.java:290)
	at com.kms.katalon.core.main.TestCaseExecutor.execute(TestCaseExecutor.java:224)
	at com.kms.katalon.core.main.TestCaseMain.runTestCase(TestCaseMain.java:106)
	at com.kms.katalon.core.keyword.builtin.CallTestCaseKeyword$_callTestCase_closure1.doCall(CallTestCaseKeyword.groovy:59)
	at com.kms.katalon.core.keyword.builtin.CallTestCaseKeyword$_callTestCase_closure1.call(CallTestCaseKeyword.groovy)
	at com.kms.katalon.core.keyword.internal.KeywordMain.runKeyword(KeywordMain.groovy:54)
	at com.kms.katalon.core.keyword.builtin.CallTestCaseKeyword.callTestCase(CallTestCaseKeyword.groovy:80)
	at com.kms.katalon.core.keyword.builtin.CallTestCaseKeyword.execute(CallTestCaseKeyword.groovy:44)
	at com.kms.katalon.core.keyword.internal.KeywordExecutor.executeKeywordForPlatform(KeywordExecutor.groovy:53)
	at com.kms.katalon.core.keyword.BuiltinKeywords.callTestCase(BuiltinKeywords.groovy:334)
	at Price comparison - Cart flyout.run(Price comparison - Cart flyout:141)
	at com.kms.katalon.core.main.ScriptEngine.run(ScriptEngine.java:194)
	at com.kms.katalon.core.main.ScriptEngine.runScriptAsRawText(ScriptEngine.java:119)
	at com.kms.katalon.core.main.TestCaseExecutor.runScript(TestCaseExecutor.java:328)
	at com.kms.katalon.core.main.TestCaseExecutor.doExecute(TestCaseExecutor.java:319)
	at com.kms.katalon.core.main.TestCaseExecutor.processExecutionPhase(TestCaseExecutor.java:298)
	at com.kms.katalon.core.main.TestCaseExecutor.accessMainPhase(TestCaseExecutor.java:290)
	at com.kms.katalon.core.main.TestCaseExecutor.execute(TestCaseExecutor.java:224)
	at com.kms.katalon.core.main.TestSuiteExecutor.accessTestCaseMainPhase(TestSuiteExecutor.java:129)
	at com.kms.katalon.core.main.TestSuiteExecutor.accessTestSuiteMainPhase(TestSuiteExecutor.java:112)
	at com.kms.katalon.core.main.TestSuiteExecutor.execute(TestSuiteExecutor.java:81)
	at com.kms.katalon.core.main.TestCaseMain.startTestSuite(TestCaseMain.java:149)
	at com.kms.katalon.core.main.TestCaseMain$startTestSuite$0.call(Unknown Source)
	at TempTestSuite1562794812628.run(TempTestSuite1562794812628.groovy:36)]]></system-out>
         <system-err><![CDATA[2019-07-10 18:18:17 - [TEST_CASE][FAILED] - Test Cases/CRITICAL PATH/Price comparison - Cart flyout: Test Cases/CRITICAL PATH/Price comparison - Cart flyout FAILED.
Reason:
com.kms.katalon.core.exception.StepFailedException: Unable to select option by value 'United States' of object 'Object Repository/APOLLO- Desktop/Customer Information page/Country dropdown'  using regular expression (Root cause: org.openqa.selenium.ElementClickInterceptedException: The command failed because the specified element is obscured.
Build info: version: '3.7.1', revision: '8a0099a', time: '2017-11-06T21:07:36.161Z'
System info: host: 'sumans-MacBook-Pro.local', ip: 'fe80:0:0:0:47c:ca88:4245:b7a7%en0', os.name: 'Mac OS X', os.arch: 'x86_64', os.version: '10.13.6', java.version: '1.8.0_181'
Driver info: com.kms.katalon.selenium.driver.CRemoteWebDriver
Capabilities {acceptInsecureCerts: false, browserName: MicrosoftEdge, browserVersion: 44.18362.1.0, javascriptEnabled: true, pageLoadStrategy: normal, platform: WINDOWS, platformName: WINDOWS, proxy: Proxy(), setWindowRect: false, timeouts: {implicit: 0, pageLoad: 300000, script: 30000}}
Session ID: 564a2a97f247b5ce3a4abe26436d85e0d38e59ca)
	at com.kms.katalon.core.keyword.internal.KeywordMain.stepFailed(KeywordMain.groovy:36)
	at com.kms.katalon.core.webui.keyword.internal.WebUIKeywordMain.stepFailed(WebUIKeywordMain.groovy:65)
	at com.kms.katalon.core.webui.keyword.internal.WebUIKeywordMain.runKeyword(WebUIKeywordMain.groovy:27)
	at com.kms.katalon.core.webui.keyword.builtin.SelectOptionByValueKeyword.selectOptionByValue(SelectOptionByValueKeyword.groovy:99)
	at com.kms.katalon.core.webui.keyword.builtin.SelectOptionByValueKeyword.execute(SelectOptionByValueKeyword.groovy:71)
	at com.kms.katalon.core.keyword.internal.KeywordExecutor.executeKeywordForPlatform(KeywordExecutor.groovy:53)
	at com.kms.katalon.core.webui.keyword.WebUiBuiltInKeywords.selectOptionByValue(WebUiBuiltInKeywords.groovy:1138)
	at com.kms.katalon.core.webui.keyword.WebUiBuiltInKeywords$selectOptionByValue$11.call(Unknown Source)
	at CALL- CUSTOMER INFO PAGE.run(CALL- CUSTOMER INFO PAGE:39)
	at com.kms.katalon.core.main.ScriptEngine.run(ScriptEngine.java:194)
	at com.kms.katalon.core.main.ScriptEngine.runScriptAsRawText(ScriptEngine.java:119)
	at com.kms.katalon.core.main.TestCaseExecutor.runScript(TestCaseExecutor.java:328)
	at com.kms.katalon.core.main.TestCaseExecutor.doExecute(TestCaseExecutor.java:319)
	at com.kms.katalon.core.main.TestCaseExecutor.processExecutionPhase(TestCaseExecutor.java:298)
	at com.kms.katalon.core.main.TestCaseExecutor.accessMainPhase(TestCaseExecutor.java:290)
	at com.kms.katalon.core.main.TestCaseExecutor.execute(TestCaseExecutor.java:224)
	at com.kms.katalon.core.main.TestCaseMain.runTestCase(TestCaseMain.java:106)
	at com.kms.katalon.core.keyword.builtin.CallTestCaseKeyword$_callTestCase_closure1.doCall(CallTestCaseKeyword.groovy:59)
	at com.kms.katalon.core.keyword.builtin.CallTestCaseKeyword$_callTestCase_closure1.call(CallTestCaseKeyword.groovy)
	at com.kms.katalon.core.keyword.internal.KeywordMain.runKeyword(KeywordMain.groovy:54)
	at com.kms.katalon.core.keyword.builtin.CallTestCaseKeyword.callTestCase(CallTestCaseKeyword.groovy:80)
	at com.kms.katalon.core.keyword.builtin.CallTestCaseKeyword.execute(CallTestCaseKeyword.groovy:44)
	at com.kms.katalon.core.keyword.internal.KeywordExecutor.executeKeywordForPlatform(KeywordExecutor.groovy:53)
	at com.kms.katalon.core.keyword.BuiltinKeywords.callTestCase(BuiltinKeywords.groovy:334)
	at Price comparison - Cart flyout.run(Price comparison - Cart flyout:141)
	at com.kms.katalon.core.main.ScriptEngine.run(ScriptEngine.java:194)
	at com.kms.katalon.core.main.ScriptEngine.runScriptAsRawText(ScriptEngine.java:119)
	at com.kms.katalon.core.main.TestCaseExecutor.runScript(TestCaseExecutor.java:328)
	at com.kms.katalon.core.main.TestCaseExecutor.doExecute(TestCaseExecutor.java:319)
	at com.kms.katalon.core.main.TestCaseExecutor.processExecutionPhase(TestCaseExecutor.java:298)
	at com.kms.katalon.core.main.TestCaseExecutor.accessMainPhase(TestCaseExecutor.java:290)
	at com.kms.katalon.core.main.TestCaseExecutor.execute(TestCaseExecutor.java:224)
	at com.kms.katalon.core.main.TestSuiteExecutor.accessTestCaseMainPhase(TestSuiteExecutor.java:129)
	at com.kms.katalon.core.main.TestSuiteExecutor.accessTestSuiteMainPhase(TestSuiteExecutor.java:112)
	at com.kms.katalon.core.main.TestSuiteExecutor.execute(TestSuiteExecutor.java:81)
	at com.kms.katalon.core.main.TestCaseMain.startTestSuite(TestCaseMain.java:149)
	at com.kms.katalon.core.main.TestCaseMain$startTestSuite$0.call(Unknown Source)
	at TempTestSuite1562794812628.run(TempTestSuite1562794812628.groovy:36)]]></system-err>
      </testcase>
      <system-out><![CDATA[2019-07-10 17:40:14 - [TEST_SUITE][FAILED] - Apollo - dark build: Test Cases/COLLECTION PAGE/Sort FAILED.
Reason:
com.kms.katalon.core.exception.StepFailedException: Unable to click on object 'Object Repository/APOLLO- Desktop/Collection page/sort/Featured' (Root cause: org.openqa.selenium.ElementClickInterceptedException: The command failed because the specified element is obscured.
Build info: version: '3.7.1', revision: '8a0099a', time: '2017-11-06T21:07:36.161Z'
System info: host: 'sumans-MacBook-Pro.local', ip: 'fe80:0:0:0:47c:ca88:4245:b7a7%en0', os.name: 'Mac OS X', os.arch: 'x86_64', os.version: '10.13.6', java.version: '1.8.0_181'
Driver info: com.kms.katalon.selenium.driver.CRemoteWebDriver
Capabilities {acceptInsecureCerts: false, browserName: MicrosoftEdge, browserVersion: 44.18362.1.0, javascriptEnabled: true, pageLoadStrategy: normal, platform: WINDOWS, platformName: WINDOWS, proxy: Proxy(), setWindowRect: false, timeouts: {implicit: 0, pageLoad: 300000, script: 30000}}
Session ID: d48060b76cc597f9cf7b6daad161cf01e3dab60b)
	at com.kms.katalon.core.keyword.internal.KeywordMain.stepFailed(KeywordMain.groovy:36)
	at com.kms.katalon.core.webui.keyword.internal.WebUIKeywordMain.stepFailed(WebUIKeywordMain.groovy:65)
	at com.kms.katalon.core.webui.keyword.internal.WebUIKeywordMain.runKeyword(WebUIKeywordMain.groovy:27)
	at com.kms.katalon.core.webui.keyword.builtin.ClickKeyword.click(ClickKeyword.groovy:86)
	at com.kms.katalon.core.webui.keyword.builtin.ClickKeyword.execute(ClickKeyword.groovy:67)
	at com.kms.katalon.core.keyword.internal.KeywordExecutor.executeKeywordForPlatform(KeywordExecutor.groovy:53)
	at com.kms.katalon.core.webui.keyword.WebUiBuiltInKeywords.click(WebUiBuiltInKeywords.groovy:616)
	at com.kms.katalon.core.webui.keyword.WebUiBuiltInKeywords$click$2.call(Unknown Source)
	at Sort.run(Sort:48)
	at com.kms.katalon.core.main.ScriptEngine.run(ScriptEngine.java:194)
	at com.kms.katalon.core.main.ScriptEngine.runScriptAsRawText(ScriptEngine.java:119)
	at com.kms.katalon.core.main.TestCaseExecutor.runScript(TestCaseExecutor.java:328)
	at com.kms.katalon.core.main.TestCaseExecutor.doExecute(TestCaseExecutor.java:319)
	at com.kms.katalon.core.main.TestCaseExecutor.processExecutionPhase(TestCaseExecutor.java:298)
	at com.kms.katalon.core.main.TestCaseExecutor.accessMainPhase(TestCaseExecutor.java:290)
	at com.kms.katalon.core.main.TestCaseExecutor.execute(TestCaseExecutor.java:224)
	at com.kms.katalon.core.main.TestSuiteExecutor.accessTestCaseMainPhase(TestSuiteExecutor.java:129)
	at com.kms.katalon.core.main.TestSuiteExecutor.accessTestSuiteMainPhase(TestSuiteExecutor.java:112)
	at com.kms.katalon.core.main.TestSuiteExecutor.execute(TestSuiteExecutor.java:81)
	at com.kms.katalon.core.main.TestCaseMain.startTestSuite(TestCaseMain.java:149)
	at com.kms.katalon.core.main.TestCaseMain$startTestSuite$0.call(Unknown Source)
	at TempTestSuite1562794812628.run(TempTestSuite1562794812628.groovy:36)]]></system-out>
      <system-err><![CDATA[2019-07-10 17:40:14 - [TEST_SUITE][FAILED] - Apollo - dark build: Test Cases/COLLECTION PAGE/Sort FAILED.
Reason:
com.kms.katalon.core.exception.StepFailedException: Unable to click on object 'Object Repository/APOLLO- Desktop/Collection page/sort/Featured' (Root cause: org.openqa.selenium.ElementClickInterceptedException: The command failed because the specified element is obscured.
Build info: version: '3.7.1', revision: '8a0099a', time: '2017-11-06T21:07:36.161Z'
System info: host: 'sumans-MacBook-Pro.local', ip: 'fe80:0:0:0:47c:ca88:4245:b7a7%en0', os.name: 'Mac OS X', os.arch: 'x86_64', os.version: '10.13.6', java.version: '1.8.0_181'
Driver info: com.kms.katalon.selenium.driver.CRemoteWebDriver
Capabilities {acceptInsecureCerts: false, browserName: MicrosoftEdge, browserVersion: 44.18362.1.0, javascriptEnabled: true, pageLoadStrategy: normal, platform: WINDOWS, platformName: WINDOWS, proxy: Proxy(), setWindowRect: false, timeouts: {implicit: 0, pageLoad: 300000, script: 30000}}
Session ID: d48060b76cc597f9cf7b6daad161cf01e3dab60b)
	at com.kms.katalon.core.keyword.internal.KeywordMain.stepFailed(KeywordMain.groovy:36)
	at com.kms.katalon.core.webui.keyword.internal.WebUIKeywordMain.stepFailed(WebUIKeywordMain.groovy:65)
	at com.kms.katalon.core.webui.keyword.internal.WebUIKeywordMain.runKeyword(WebUIKeywordMain.groovy:27)
	at com.kms.katalon.core.webui.keyword.builtin.ClickKeyword.click(ClickKeyword.groovy:86)
	at com.kms.katalon.core.webui.keyword.builtin.ClickKeyword.execute(ClickKeyword.groovy:67)
	at com.kms.katalon.core.keyword.internal.KeywordExecutor.executeKeywordForPlatform(KeywordExecutor.groovy:53)
	at com.kms.katalon.core.webui.keyword.WebUiBuiltInKeywords.click(WebUiBuiltInKeywords.groovy:616)
	at com.kms.katalon.core.webui.keyword.WebUiBuiltInKeywords$click$2.call(Unknown Source)
	at Sort.run(Sort:48)
	at com.kms.katalon.core.main.ScriptEngine.run(ScriptEngine.java:194)
	at com.kms.katalon.core.main.ScriptEngine.runScriptAsRawText(ScriptEngine.java:119)
	at com.kms.katalon.core.main.TestCaseExecutor.runScript(TestCaseExecutor.java:328)
	at com.kms.katalon.core.main.TestCaseExecutor.doExecute(TestCaseExecutor.java:319)
	at com.kms.katalon.core.main.TestCaseExecutor.processExecutionPhase(TestCaseExecutor.java:298)
	at com.kms.katalon.core.main.TestCaseExecutor.accessMainPhase(TestCaseExecutor.java:290)
	at com.kms.katalon.core.main.TestCaseExecutor.execute(TestCaseExecutor.java:224)
	at com.kms.katalon.core.main.TestSuiteExecutor.accessTestCaseMainPhase(TestSuiteExecutor.java:129)
	at com.kms.katalon.core.main.TestSuiteExecutor.accessTestSuiteMainPhase(TestSuiteExecutor.java:112)
	at com.kms.katalon.core.main.TestSuiteExecutor.execute(TestSuiteExecutor.java:81)
	at com.kms.katalon.core.main.TestCaseMain.startTestSuite(TestCaseMain.java:149)
	at com.kms.katalon.core.main.TestCaseMain$startTestSuite$0.call(Unknown Source)
	at TempTestSuite1562794812628.run(TempTestSuite1562794812628.groovy:36)]]></system-err>
   </testsuite>
</testsuites>
