<?xml version="1.0" encoding="UTF-8"?>
<testsuites name="Apollo - dark build" time="2692" tests="8" failures="23" errors="0">
   <testsuite name="Apollo - dark build" tests="8" failures="23" errors="0" time="2692" timestamp="2019-07-10 15:20:51" hostname="sumankompelly - 10.0.126.233" id="Test Suites/Apollo - dark build">
      <properties>
         <property name="deviceName" value=""/>
         <property name="devicePlatform" value=""/>
         <property name="logFolder" value="/Users/sumankompelly/git/Apollo-Dark-Desktop/Reports/Apollo - dark build/20190710_152048"/>
         <property name="logFiles" value="/Users/sumankompelly/git/Apollo-Dark-Desktop/Reports/Apollo - dark build/20190710_152048/execution0.log"/>
         <property name="attachments" value="/Users/sumankompelly/git/Apollo-Dark-Desktop/Reports/Apollo - dark build/20190710_152048/1562786549975.png, /Users/sumankompelly/git/Apollo-Dark-Desktop/Reports/Apollo - dark build/20190710_152048/1562786560622.png, /Users/sumankompelly/git/Apollo-Dark-Desktop/Reports/Apollo - dark build/20190710_152048/1562786571278.png, /Users/sumankompelly/git/Apollo-Dark-Desktop/Reports/Apollo - dark build/20190710_152048/1562786581715.png, /Users/sumankompelly/git/Apollo-Dark-Desktop/Reports/Apollo - dark build/20190710_152048/1562786592379.png, /Users/sumankompelly/git/Apollo-Dark-Desktop/Reports/Apollo - dark build/20190710_152048/1562786602585.png, /Users/sumankompelly/git/Apollo-Dark-Desktop/Reports/Apollo - dark build/20190710_152048/1562786613759.png, /Users/sumankompelly/git/Apollo-Dark-Desktop/Reports/Apollo - dark build/20190710_152048/1562786621955.png, /Users/sumankompelly/git/Apollo-Dark-Desktop/Reports/Apollo - dark build/20190710_152048/1562786758476.png, /Users/sumankompelly/git/Apollo-Dark-Desktop/Reports/Apollo - dark build/20190710_152048/1562786839373.png, /Users/sumankompelly/git/Apollo-Dark-Desktop/Reports/Apollo - dark build/20190710_152048/1562786922726.png, /Users/sumankompelly/git/Apollo-Dark-Desktop/Reports/Apollo - dark build/20190710_152048/1562786953981.png, /Users/sumankompelly/git/Apollo-Dark-Desktop/Reports/Apollo - dark build/20190710_152048/1562787156890.png, /Users/sumankompelly/git/Apollo-Dark-Desktop/Reports/Apollo - dark build/20190710_152048/1562787290961.png, /Users/sumankompelly/git/Apollo-Dark-Desktop/Reports/Apollo - dark build/20190710_152048/1562787406783.png, /Users/sumankompelly/git/Apollo-Dark-Desktop/Reports/Apollo - dark build/20190710_152048/1562787476928.png, /Users/sumankompelly/git/Apollo-Dark-Desktop/Reports/Apollo - dark build/20190710_152048/1562787560946.png, /Users/sumankompelly/git/Apollo-Dark-Desktop/Reports/Apollo - dark build/20190710_152048/1562787657363.png, /Users/sumankompelly/git/Apollo-Dark-Desktop/Reports/Apollo - dark build/20190710_152048/1562787824827.png, /Users/sumankompelly/git/Apollo-Dark-Desktop/Reports/Apollo - dark build/20190710_152048/1562787938159.png, /Users/sumankompelly/git/Apollo-Dark-Desktop/Reports/Apollo - dark build/20190710_152048/1562788078666.png, /Users/sumankompelly/git/Apollo-Dark-Desktop/Reports/Apollo - dark build/20190710_152048/1562788284672.png, /Users/sumankompelly/git/Apollo-Dark-Desktop/Reports/Apollo - dark build/20190710_152048/1562788285549.png, /Users/sumankompelly/git/Apollo-Dark-Desktop/Reports/Apollo - dark build/20190710_152048/1562788379109.png, /Users/sumankompelly/git/Apollo-Dark-Desktop/Reports/Apollo - dark build/20190710_152048/1562788475359.png, /Users/sumankompelly/git/Apollo-Dark-Desktop/Reports/Apollo - dark build/20190710_152048/1562788561671.png, /Users/sumankompelly/git/Apollo-Dark-Desktop/Reports/Apollo - dark build/20190710_152048/1562788649437.png, /Users/sumankompelly/git/Apollo-Dark-Desktop/Reports/Apollo - dark build/20190710_152048/1562788742577.png, /Users/sumankompelly/git/Apollo-Dark-Desktop/Reports/Apollo - dark build/20190710_152048/1562788827687.png, /Users/sumankompelly/git/Apollo-Dark-Desktop/Reports/Apollo - dark build/20190710_152048/1562788899711.png, /Users/sumankompelly/git/Apollo-Dark-Desktop/Reports/Apollo - dark build/20190710_152048/1562789047170.png, /Users/sumankompelly/git/Apollo-Dark-Desktop/Reports/Apollo - dark build/20190710_152048/1562789138092.png"/>
         <property name="hostName" value="sumankompelly - 10.0.126.233"/>
         <property name="os" value="Mac OS X 64bit"/>
         <property name="katalonVersion" value="5.10.1.1"/>
         <property name="browser" value="Edge 18"/>
         <property name="hostAddress" value="10.0.126.233"/>
         <property name="sessionId" value="7bd97a52509cddfd4ce4583982e466482d143bc6"/>
         <property name="seleniumVersion" value="3.7.1"/>
         <property name="proxyInformation" value="ProxyInformation{proxyOption=NO_PROXY, proxyServerType=HTTP, password=, proxyServerAddress=, proxyServerPort=0}"/>
         <property name="platform" value="Mac OS X"/>
      </properties>
      <testcase name="Test Cases/COLLECTION PAGE/colour variants" classname="Test Cases/COLLECTION PAGE/colour variants" status="PASSED">
         <system-out><![CDATA[2019-07-10 15:20:51 - [TEST_CASE][PASSED] - Test Cases/COLLECTION PAGE/colour variants: Test Cases/COLLECTION PAGE/colour variants

2019-07-10 15:20:51 - [TEST_STEP][PASSED] - callTestCase(findTestCase("CALL - URL"), [:], STOP_ON_FAILURE): Call Test Case 'Test Cases/CALL - URL' successfully

2019-07-10 15:20:52 - [TEST_CASE][PASSED] - Test Cases/CALL - URL: Test Cases/CALL - URL

2019-07-10 15:20:52 - [TEST_STEP][PASSED] - openBrowser(""): Browser is opened with url: ''

2019-07-10 15:20:52 - [MESSAGE][INFO] - Starting 'Remote' driver

2019-07-10 15:20:52 - [MESSAGE][INFO] - User set preference: ['os', 'Windows']

2019-07-10 15:20:52 - [MESSAGE][INFO] - User set preference: ['os_version', '10']

2019-07-10 15:20:52 - [MESSAGE][INFO] - User set preference: ['browser', 'Edge']

2019-07-10 15:20:52 - [MESSAGE][INFO] - User set preference: ['browser_version', '18.0']

2019-07-10 15:20:52 - [MESSAGE][INFO] - User set preference: ['resolution', '']

2019-07-10 15:20:52 - [MESSAGE][INFO] - Connecting to remote web server 'https://dianatest3:Z3oqw9ysqTeRQJq5wFCp@hub-cloud.browserstack.com/wd/hub' with type 'Selenium'

2019-07-10 15:20:52 - [MESSAGE][INFO] - Action delay is set to 0 seconds

2019-07-10 15:21:04 - [MESSAGE][PASSED] - Browser is opened with url: ''

2019-07-10 15:21:04 - [TEST_STEP][PASSED] - navigateToUrl("https://diff-apollo.myshopify.com/?key=eec34184cfd8f82cda816f82753a8c8e9e240f30cf54470e19667b8cbb401948&preview_theme_id="): Navigate to 'https://diff-apollo.myshopify.com/?key=eec34184cfd8f82cda816f82753a8c8e9e240f30cf54470e19667b8cbb401948&preview_theme_id=' successfully

2019-07-10 15:21:08 - [MESSAGE][PASSED] - Navigate to 'https://diff-apollo.myshopify.com/?key=eec34184cfd8f82cda816f82753a8c8e9e240f30cf54470e19667b8cbb401948&preview_theme_id=' successfully

2019-07-10 15:21:08 - [TEST_STEP][NOT_RUN] - executeJavaScript("var previewBar = document.getElementById("preview-bar-iframe"); previewBar.style.display = "none";", []): NOT_RUN: executeJavaScript("var previewBar = document.getElementById("preview-bar-iframe"); previewBar.style.display = "none";", [])

2019-07-10 15:21:08 - [MESSAGE][NOT_RUN] - NOT_RUN: executeJavaScript("var previewBar = document.getElementById("preview-bar-iframe"); previewBar.style.display = "none";", [])

2019-07-10 15:21:08 - [TEST_STEP][PASSED] - maximizeWindow(): Current window maximized

2019-07-10 15:21:08 - [MESSAGE][PASSED] - Current window maximized

2019-07-10 15:21:09 - [MESSAGE][PASSED] - Call Test Case 'Test Cases/CALL - URL' successfully

2019-07-10 15:21:09 - [TEST_STEP][PASSED] - delay(2): Delayed 2 second(s)

2019-07-10 15:21:11 - [MESSAGE][PASSED] - Delayed 2 second(s)

2019-07-10 15:21:11 - [TEST_STEP][PASSED] - click(findTestObject("APOLLO- Desktop/Burger Menu/Burgermenu")): Object: 'Object Repository/APOLLO- Desktop/Burger Menu/Burgermenu' is clicked on

2019-07-10 15:21:12 - [MESSAGE][PASSED] - Object: 'Object Repository/APOLLO- Desktop/Burger Menu/Burgermenu' is clicked on

2019-07-10 15:21:12 - [TEST_STEP][PASSED] - delay(2): Delayed 2 second(s)

2019-07-10 15:21:14 - [MESSAGE][PASSED] - Delayed 2 second(s)

2019-07-10 15:21:14 - [TEST_STEP][PASSED] - click(findTestObject("APOLLO- Desktop/Burger Menu/Mens chevron")): Object: 'Object Repository/APOLLO- Desktop/Burger Menu/Mens chevron' is clicked on

2019-07-10 15:21:18 - [MESSAGE][PASSED] - Object: 'Object Repository/APOLLO- Desktop/Burger Menu/Mens chevron' is clicked on

2019-07-10 15:21:18 - [TEST_STEP][PASSED] - delay(2): Delayed 2 second(s)

2019-07-10 15:21:21 - [MESSAGE][PASSED] - Delayed 2 second(s)

2019-07-10 15:21:21 - [TEST_STEP][PASSED] - click(findTestObject("APOLLO- Desktop/Burger Menu/Mens - Top Chevron")): Object: 'Object Repository/APOLLO- Desktop/Burger Menu/Mens - Top Chevron' is clicked on

2019-07-10 15:21:22 - [MESSAGE][PASSED] - Object: 'Object Repository/APOLLO- Desktop/Burger Menu/Mens - Top Chevron' is clicked on

2019-07-10 15:21:22 - [TEST_STEP][PASSED] - delay(2): Delayed 2 second(s)

2019-07-10 15:21:24 - [MESSAGE][PASSED] - Delayed 2 second(s)

2019-07-10 15:21:24 - [TEST_STEP][PASSED] - click(findTestObject("APOLLO- Desktop/Burger Menu/Shirts link")): Object: 'Object Repository/APOLLO- Desktop/Burger Menu/Shirts link' is clicked on

2019-07-10 15:21:25 - [MESSAGE][PASSED] - Object: 'Object Repository/APOLLO- Desktop/Burger Menu/Shirts link' is clicked on

2019-07-10 15:21:25 - [TEST_STEP][NOT_RUN] - executeJavaScript("var previewBar = document.getElementById("preview-bar-iframe"); previewBar.style.display = "none";", []): NOT_RUN: executeJavaScript("var previewBar = document.getElementById("preview-bar-iframe"); previewBar.style.display = "none";", [])

2019-07-10 15:21:25 - [MESSAGE][NOT_RUN] - NOT_RUN: executeJavaScript("var previewBar = document.getElementById("preview-bar-iframe"); previewBar.style.display = "none";", [])

2019-07-10 15:21:25 - [TEST_STEP][PASSED] - delay(2): Delayed 2 second(s)

2019-07-10 15:21:27 - [MESSAGE][PASSED] - Delayed 2 second(s)

2019-07-10 15:21:27 - [TEST_STEP][NOT_RUN] - executeJavaScript("var previewBar = document.getElementById("preview-bar-iframe"); previewBar.style.display = "none";", []): NOT_RUN: executeJavaScript("var previewBar = document.getElementById("preview-bar-iframe"); previewBar.style.display = "none";", [])

2019-07-10 15:21:27 - [MESSAGE][NOT_RUN] - NOT_RUN: executeJavaScript("var previewBar = document.getElementById("preview-bar-iframe"); previewBar.style.display = "none";", [])

2019-07-10 15:21:27 - [TEST_STEP][PASSED] - delay(2): Delayed 2 second(s)

2019-07-10 15:21:29 - [MESSAGE][PASSED] - Delayed 2 second(s)

2019-07-10 15:21:29 - [TEST_STEP][PASSED] - scrollToElement(findTestObject("APOLLO- Desktop/Collection page/Blue shirt product"), 0): Scroll to object 'Object Repository/APOLLO- Desktop/Collection page/Blue shirt product' successfully

2019-07-10 15:21:29 - [MESSAGE][WARNING] - Timeout '0' is invalid. Using default page load timeout: '30'

2019-07-10 15:21:29 - [MESSAGE][PASSED] - Scroll to object 'Object Repository/APOLLO- Desktop/Collection page/Blue shirt product' successfully

2019-07-10 15:21:29 - [TEST_STEP][PASSED] - delay(2): Delayed 2 second(s)

2019-07-10 15:21:31 - [MESSAGE][PASSED] - Delayed 2 second(s)

2019-07-10 15:21:31 - [TEST_STEP][PASSED] - click(findTestObject("APOLLO- Desktop/Collection page/color variants/red variant")): Object: 'Object Repository/APOLLO- Desktop/Collection page/color variants/red variant' is clicked on

2019-07-10 15:21:32 - [MESSAGE][PASSED] - Object: 'Object Repository/APOLLO- Desktop/Collection page/color variants/red variant' is clicked on

2019-07-10 15:21:32 - [TEST_STEP][PASSED] - delay(2): Delayed 2 second(s)

2019-07-10 15:21:34 - [MESSAGE][PASSED] - Delayed 2 second(s)

2019-07-10 15:21:34 - [TEST_STEP][PASSED] - click(findTestObject("APOLLO- Desktop/Collection page/color variants/Purple variant")): Object: 'Object Repository/APOLLO- Desktop/Collection page/color variants/Purple variant' is clicked on

2019-07-10 15:21:34 - [MESSAGE][PASSED] - Object: 'Object Repository/APOLLO- Desktop/Collection page/color variants/Purple variant' is clicked on

2019-07-10 15:21:34 - [TEST_STEP][PASSED] - delay(2): Delayed 2 second(s)

2019-07-10 15:21:36 - [MESSAGE][PASSED] - Delayed 2 second(s)

2019-07-10 15:21:36 - [TEST_STEP][PASSED] - click(findTestObject("APOLLO- Desktop/Collection page/color variants/green variant")): Object: 'Object Repository/APOLLO- Desktop/Collection page/color variants/green variant' is clicked on

2019-07-10 15:21:37 - [MESSAGE][PASSED] - Object: 'Object Repository/APOLLO- Desktop/Collection page/color variants/green variant' is clicked on

2019-07-10 15:21:37 - [TEST_STEP][PASSED] - delay(2): Delayed 2 second(s)

2019-07-10 15:21:39 - [MESSAGE][PASSED] - Delayed 2 second(s)

2019-07-10 15:21:39 - [TEST_STEP][PASSED] - click(findTestObject("APOLLO- Desktop/Collection page/color variants/Blue variant")): Object: 'Object Repository/APOLLO- Desktop/Collection page/color variants/Blue variant' is clicked on

2019-07-10 15:21:39 - [MESSAGE][PASSED] - Object: 'Object Repository/APOLLO- Desktop/Collection page/color variants/Blue variant' is clicked on

2019-07-10 15:21:39 - [TEST_STEP][PASSED] - delay(2): Delayed 2 second(s)

2019-07-10 15:21:41 - [MESSAGE][PASSED] - Delayed 2 second(s)

2019-07-10 15:21:41 - [TEST_STEP][PASSED] - click(findTestObject("APOLLO- Desktop/Collection page/color variants/Black variant")): Object: 'Object Repository/APOLLO- Desktop/Collection page/color variants/Black variant' is clicked on

2019-07-10 15:21:42 - [MESSAGE][PASSED] - Object: 'Object Repository/APOLLO- Desktop/Collection page/color variants/Black variant' is clicked on]]></system-out>
         <system-err><![CDATA[]]></system-err>
      </testcase>
      <testcase name="Test Cases/COLLECTION PAGE/Sort" classname="Test Cases/COLLECTION PAGE/Sort" status="PASSED">
         <system-out><![CDATA[2019-07-10 15:21:42 - [TEST_CASE][PASSED] - Test Cases/COLLECTION PAGE/Sort: Test Cases/COLLECTION PAGE/Sort

2019-07-10 15:21:42 - [TEST_STEP][PASSED] - callTestCase(findTestCase("CALL - URL"), [:], STOP_ON_FAILURE): Call Test Case 'Test Cases/CALL - URL' successfully

2019-07-10 15:21:42 - [TEST_CASE][PASSED] - Test Cases/CALL - URL: Test Cases/CALL - URL

2019-07-10 15:21:42 - [TEST_STEP][PASSED] - openBrowser(""): Browser is opened with url: ''

2019-07-10 15:21:42 - [MESSAGE][WARNING] - A browser is already opened. Closing browser and opening a new one

2019-07-10 15:21:43 - [MESSAGE][INFO] - Starting 'Remote' driver

2019-07-10 15:21:43 - [MESSAGE][INFO] - User set preference: ['os', 'Windows']

2019-07-10 15:21:43 - [MESSAGE][INFO] - User set preference: ['os_version', '10']

2019-07-10 15:21:43 - [MESSAGE][INFO] - User set preference: ['browser', 'Edge']

2019-07-10 15:21:43 - [MESSAGE][INFO] - User set preference: ['browser_version', '18.0']

2019-07-10 15:21:43 - [MESSAGE][INFO] - User set preference: ['resolution', '']

2019-07-10 15:21:43 - [MESSAGE][INFO] - Connecting to remote web server 'https://dianatest3:Z3oqw9ysqTeRQJq5wFCp@hub-cloud.browserstack.com/wd/hub' with type 'Selenium'

2019-07-10 15:21:54 - [MESSAGE][PASSED] - Browser is opened with url: ''

2019-07-10 15:21:54 - [TEST_STEP][PASSED] - navigateToUrl("https://diff-apollo.myshopify.com/?key=eec34184cfd8f82cda816f82753a8c8e9e240f30cf54470e19667b8cbb401948&preview_theme_id="): Navigate to 'https://diff-apollo.myshopify.com/?key=eec34184cfd8f82cda816f82753a8c8e9e240f30cf54470e19667b8cbb401948&preview_theme_id=' successfully

2019-07-10 15:22:06 - [MESSAGE][PASSED] - Navigate to 'https://diff-apollo.myshopify.com/?key=eec34184cfd8f82cda816f82753a8c8e9e240f30cf54470e19667b8cbb401948&preview_theme_id=' successfully

2019-07-10 15:22:06 - [TEST_STEP][NOT_RUN] - executeJavaScript("var previewBar = document.getElementById("preview-bar-iframe"); previewBar.style.display = "none";", []): NOT_RUN: executeJavaScript("var previewBar = document.getElementById("preview-bar-iframe"); previewBar.style.display = "none";", [])

2019-07-10 15:22:06 - [MESSAGE][NOT_RUN] - NOT_RUN: executeJavaScript("var previewBar = document.getElementById("preview-bar-iframe"); previewBar.style.display = "none";", [])

2019-07-10 15:22:06 - [TEST_STEP][PASSED] - maximizeWindow(): Current window maximized

2019-07-10 15:22:06 - [MESSAGE][PASSED] - Current window maximized

2019-07-10 15:22:06 - [MESSAGE][PASSED] - Call Test Case 'Test Cases/CALL - URL' successfully

2019-07-10 15:22:06 - [TEST_STEP][PASSED] - delay(2): Delayed 2 second(s)

2019-07-10 15:22:08 - [MESSAGE][PASSED] - Delayed 2 second(s)

2019-07-10 15:22:08 - [TEST_STEP][PASSED] - click(findTestObject("APOLLO- Desktop/Burger Menu/Burgermenu")): Object: 'Object Repository/APOLLO- Desktop/Burger Menu/Burgermenu' is clicked on

2019-07-10 15:22:10 - [MESSAGE][PASSED] - Object: 'Object Repository/APOLLO- Desktop/Burger Menu/Burgermenu' is clicked on

2019-07-10 15:22:10 - [TEST_STEP][PASSED] - delay(2): Delayed 2 second(s)

2019-07-10 15:22:12 - [MESSAGE][PASSED] - Delayed 2 second(s)

2019-07-10 15:22:12 - [TEST_STEP][PASSED] - click(findTestObject("APOLLO- Desktop/Burger Menu/Mens chevron")): Object: 'Object Repository/APOLLO- Desktop/Burger Menu/Mens chevron' is clicked on

2019-07-10 15:22:12 - [MESSAGE][PASSED] - Object: 'Object Repository/APOLLO- Desktop/Burger Menu/Mens chevron' is clicked on

2019-07-10 15:22:12 - [TEST_STEP][PASSED] - delay(2): Delayed 2 second(s)

2019-07-10 15:22:14 - [MESSAGE][PASSED] - Delayed 2 second(s)

2019-07-10 15:22:14 - [TEST_STEP][PASSED] - click(findTestObject("APOLLO- Desktop/Burger Menu/Mens - Top Chevron")): Object: 'Object Repository/APOLLO- Desktop/Burger Menu/Mens - Top Chevron' is clicked on

2019-07-10 15:22:15 - [MESSAGE][PASSED] - Object: 'Object Repository/APOLLO- Desktop/Burger Menu/Mens - Top Chevron' is clicked on

2019-07-10 15:22:15 - [TEST_STEP][PASSED] - delay(2): Delayed 2 second(s)

2019-07-10 15:22:17 - [MESSAGE][PASSED] - Delayed 2 second(s)

2019-07-10 15:22:17 - [TEST_STEP][PASSED] - click(findTestObject("APOLLO- Desktop/Burger Menu/Shirts link")): Object: 'Object Repository/APOLLO- Desktop/Burger Menu/Shirts link' is clicked on

2019-07-10 15:22:18 - [MESSAGE][PASSED] - Object: 'Object Repository/APOLLO- Desktop/Burger Menu/Shirts link' is clicked on

2019-07-10 15:22:18 - [TEST_STEP][NOT_RUN] - executeJavaScript("var previewBar = document.getElementById("preview-bar-iframe"); previewBar.style.display = "none";", []): NOT_RUN: executeJavaScript("var previewBar = document.getElementById("preview-bar-iframe"); previewBar.style.display = "none";", [])

2019-07-10 15:22:18 - [MESSAGE][NOT_RUN] - NOT_RUN: executeJavaScript("var previewBar = document.getElementById("preview-bar-iframe"); previewBar.style.display = "none";", [])

2019-07-10 15:22:18 - [TEST_STEP][PASSED] - delay(2): Delayed 2 second(s)

2019-07-10 15:22:20 - [MESSAGE][PASSED] - Delayed 2 second(s)

2019-07-10 15:22:20 - [TEST_STEP][NOT_RUN] - executeJavaScript("var previewBar = document.getElementById("preview-bar-iframe"); previewBar.style.display = "none";", []): NOT_RUN: executeJavaScript("var previewBar = document.getElementById("preview-bar-iframe"); previewBar.style.display = "none";", [])

2019-07-10 15:22:20 - [MESSAGE][NOT_RUN] - NOT_RUN: executeJavaScript("var previewBar = document.getElementById("preview-bar-iframe"); previewBar.style.display = "none";", [])

2019-07-10 15:22:20 - [TEST_STEP][PASSED] - delay(2): Delayed 2 second(s)

2019-07-10 15:22:22 - [MESSAGE][PASSED] - Delayed 2 second(s)

2019-07-10 15:22:22 - [TEST_STEP][PASSED] - click(findTestObject("APOLLO- Desktop/Collection page/sort/Filter dropdown")): Object: 'Object Repository/APOLLO- Desktop/Collection page/sort/Filter dropdown' is clicked on

2019-07-10 15:22:22 - [MESSAGE][PASSED] - Object: 'Object Repository/APOLLO- Desktop/Collection page/sort/Filter dropdown' is clicked on

2019-07-10 15:22:22 - [TEST_STEP][PASSED] - delay(2): Delayed 2 second(s)

2019-07-10 15:22:24 - [MESSAGE][PASSED] - Delayed 2 second(s)

2019-07-10 15:22:24 - [TEST_STEP][PASSED] - click(findTestObject("APOLLO- Desktop/Collection page/sort/Featured")): Object: 'Object Repository/APOLLO- Desktop/Collection page/sort/Featured' is clicked on

2019-07-10 15:22:25 - [MESSAGE][PASSED] - Object: 'Object Repository/APOLLO- Desktop/Collection page/sort/Featured' is clicked on

2019-07-10 15:22:25 - [TEST_STEP][PASSED] - delay(2): Delayed 2 second(s)

2019-07-10 15:22:27 - [MESSAGE][PASSED] - Delayed 2 second(s)

2019-07-10 15:22:27 - [TEST_STEP][PASSED] - click(findTestObject("APOLLO- Desktop/Collection page/sort/Filter dropdown")): Object: 'Object Repository/APOLLO- Desktop/Collection page/sort/Filter dropdown' is clicked on

2019-07-10 15:22:27 - [MESSAGE][PASSED] - Object: 'Object Repository/APOLLO- Desktop/Collection page/sort/Filter dropdown' is clicked on

2019-07-10 15:22:27 - [TEST_STEP][PASSED] - delay(2): Delayed 2 second(s)

2019-07-10 15:22:29 - [MESSAGE][PASSED] - Delayed 2 second(s)

2019-07-10 15:22:29 - [TEST_STEP][PASSED] - takeScreenshot(): Taking screenshot successfully

2019-07-10 15:22:31 - [MESSAGE][PASSED] - Taking screenshot successfully
[[ATTACHMENT|/Users/sumankompelly/git/Apollo-Dark-Desktop/Reports/Apollo - dark build/20190710_152048/1562786549975.png]]

2019-07-10 15:22:31 - [TEST_STEP][PASSED] - delay(2): Delayed 2 second(s)

2019-07-10 15:22:33 - [MESSAGE][PASSED] - Delayed 2 second(s)

2019-07-10 15:22:33 - [TEST_STEP][PASSED] - click(findTestObject("APOLLO- Desktop/Collection page/sort/Filter dropdown")): Object: 'Object Repository/APOLLO- Desktop/Collection page/sort/Filter dropdown' is clicked on

2019-07-10 15:22:33 - [MESSAGE][PASSED] - Object: 'Object Repository/APOLLO- Desktop/Collection page/sort/Filter dropdown' is clicked on

2019-07-10 15:22:33 - [TEST_STEP][PASSED] - delay(2): Delayed 2 second(s)

2019-07-10 15:22:35 - [MESSAGE][PASSED] - Delayed 2 second(s)

2019-07-10 15:22:35 - [TEST_STEP][PASSED] - click(findTestObject("APOLLO- Desktop/Collection page/sort/Best selling")): Object: 'Object Repository/APOLLO- Desktop/Collection page/sort/Best selling' is clicked on

2019-07-10 15:22:36 - [MESSAGE][PASSED] - Object: 'Object Repository/APOLLO- Desktop/Collection page/sort/Best selling' is clicked on

2019-07-10 15:22:36 - [TEST_STEP][PASSED] - delay(2): Delayed 2 second(s)

2019-07-10 15:22:38 - [MESSAGE][PASSED] - Delayed 2 second(s)

2019-07-10 15:22:38 - [TEST_STEP][PASSED] - click(findTestObject("APOLLO- Desktop/Collection page/sort/Filter dropdown")): Object: 'Object Repository/APOLLO- Desktop/Collection page/sort/Filter dropdown' is clicked on

2019-07-10 15:22:38 - [MESSAGE][PASSED] - Object: 'Object Repository/APOLLO- Desktop/Collection page/sort/Filter dropdown' is clicked on

2019-07-10 15:22:38 - [TEST_STEP][PASSED] - delay(2): Delayed 2 second(s)

2019-07-10 15:22:40 - [MESSAGE][PASSED] - Delayed 2 second(s)

2019-07-10 15:22:40 - [TEST_STEP][PASSED] - takeScreenshot(): Taking screenshot successfully

2019-07-10 15:22:41 - [MESSAGE][PASSED] - Taking screenshot successfully
[[ATTACHMENT|/Users/sumankompelly/git/Apollo-Dark-Desktop/Reports/Apollo - dark build/20190710_152048/1562786560622.png]]

2019-07-10 15:22:41 - [TEST_STEP][PASSED] - delay(2): Delayed 2 second(s)

2019-07-10 15:22:43 - [MESSAGE][PASSED] - Delayed 2 second(s)

2019-07-10 15:22:43 - [TEST_STEP][PASSED] - click(findTestObject("APOLLO- Desktop/Collection page/sort/Filter dropdown")): Object: 'Object Repository/APOLLO- Desktop/Collection page/sort/Filter dropdown' is clicked on

2019-07-10 15:22:44 - [MESSAGE][PASSED] - Object: 'Object Repository/APOLLO- Desktop/Collection page/sort/Filter dropdown' is clicked on

2019-07-10 15:22:44 - [TEST_STEP][PASSED] - delay(2): Delayed 2 second(s)

2019-07-10 15:22:46 - [MESSAGE][PASSED] - Delayed 2 second(s)

2019-07-10 15:22:46 - [TEST_STEP][PASSED] - click(findTestObject("APOLLO- Desktop/Collection page/sort/Alphabetically A-Z")): Object: 'Object Repository/APOLLO- Desktop/Collection page/sort/Alphabetically A-Z' is clicked on

2019-07-10 15:22:46 - [MESSAGE][PASSED] - Object: 'Object Repository/APOLLO- Desktop/Collection page/sort/Alphabetically A-Z' is clicked on

2019-07-10 15:22:46 - [TEST_STEP][PASSED] - delay(2): Delayed 2 second(s)

2019-07-10 15:22:48 - [MESSAGE][PASSED] - Delayed 2 second(s)

2019-07-10 15:22:48 - [TEST_STEP][PASSED] - click(findTestObject("APOLLO- Desktop/Collection page/sort/Filter dropdown")): Object: 'Object Repository/APOLLO- Desktop/Collection page/sort/Filter dropdown' is clicked on

2019-07-10 15:22:49 - [MESSAGE][PASSED] - Object: 'Object Repository/APOLLO- Desktop/Collection page/sort/Filter dropdown' is clicked on

2019-07-10 15:22:49 - [TEST_STEP][PASSED] - delay(2): Delayed 2 second(s)

2019-07-10 15:22:51 - [MESSAGE][PASSED] - Delayed 2 second(s)

2019-07-10 15:22:51 - [TEST_STEP][PASSED] - takeScreenshot(): Taking screenshot successfully

2019-07-10 15:22:52 - [MESSAGE][PASSED] - Taking screenshot successfully
[[ATTACHMENT|/Users/sumankompelly/git/Apollo-Dark-Desktop/Reports/Apollo - dark build/20190710_152048/1562786571278.png]]

2019-07-10 15:22:52 - [TEST_STEP][PASSED] - delay(2): Delayed 2 second(s)

2019-07-10 15:22:54 - [MESSAGE][PASSED] - Delayed 2 second(s)

2019-07-10 15:22:54 - [TEST_STEP][PASSED] - click(findTestObject("APOLLO- Desktop/Collection page/sort/Filter dropdown")): Object: 'Object Repository/APOLLO- Desktop/Collection page/sort/Filter dropdown' is clicked on

2019-07-10 15:22:54 - [MESSAGE][PASSED] - Object: 'Object Repository/APOLLO- Desktop/Collection page/sort/Filter dropdown' is clicked on

2019-07-10 15:22:54 - [TEST_STEP][PASSED] - delay(2): Delayed 2 second(s)

2019-07-10 15:22:56 - [MESSAGE][PASSED] - Delayed 2 second(s)

2019-07-10 15:22:56 - [TEST_STEP][PASSED] - click(findTestObject("APOLLO- Desktop/Collection page/sort/Alphabetically Z-A")): Object: 'Object Repository/APOLLO- Desktop/Collection page/sort/Alphabetically Z-A' is clicked on

2019-07-10 15:22:57 - [MESSAGE][PASSED] - Object: 'Object Repository/APOLLO- Desktop/Collection page/sort/Alphabetically Z-A' is clicked on

2019-07-10 15:22:57 - [TEST_STEP][PASSED] - delay(2): Delayed 2 second(s)

2019-07-10 15:22:59 - [MESSAGE][PASSED] - Delayed 2 second(s)

2019-07-10 15:22:59 - [TEST_STEP][PASSED] - click(findTestObject("APOLLO- Desktop/Collection page/sort/Filter dropdown")): Object: 'Object Repository/APOLLO- Desktop/Collection page/sort/Filter dropdown' is clicked on

2019-07-10 15:22:59 - [MESSAGE][PASSED] - Object: 'Object Repository/APOLLO- Desktop/Collection page/sort/Filter dropdown' is clicked on

2019-07-10 15:22:59 - [TEST_STEP][PASSED] - delay(2): Delayed 2 second(s)

2019-07-10 15:23:01 - [MESSAGE][PASSED] - Delayed 2 second(s)

2019-07-10 15:23:01 - [TEST_STEP][PASSED] - takeScreenshot(): Taking screenshot successfully

2019-07-10 15:23:02 - [MESSAGE][PASSED] - Taking screenshot successfully
[[ATTACHMENT|/Users/sumankompelly/git/Apollo-Dark-Desktop/Reports/Apollo - dark build/20190710_152048/1562786581715.png]]

2019-07-10 15:23:02 - [TEST_STEP][PASSED] - delay(2): Delayed 2 second(s)

2019-07-10 15:23:04 - [MESSAGE][PASSED] - Delayed 2 second(s)

2019-07-10 15:23:04 - [TEST_STEP][PASSED] - click(findTestObject("APOLLO- Desktop/Collection page/sort/Filter dropdown")): Object: 'Object Repository/APOLLO- Desktop/Collection page/sort/Filter dropdown' is clicked on

2019-07-10 15:23:05 - [MESSAGE][PASSED] - Object: 'Object Repository/APOLLO- Desktop/Collection page/sort/Filter dropdown' is clicked on

2019-07-10 15:23:05 - [TEST_STEP][PASSED] - delay(2): Delayed 2 second(s)

2019-07-10 15:23:07 - [MESSAGE][PASSED] - Delayed 2 second(s)

2019-07-10 15:23:07 - [TEST_STEP][PASSED] - click(findTestObject("APOLLO- Desktop/Collection page/sort/Price-Low to high")): Object: 'Object Repository/APOLLO- Desktop/Collection page/sort/Price-Low to high' is clicked on

2019-07-10 15:23:07 - [MESSAGE][PASSED] - Object: 'Object Repository/APOLLO- Desktop/Collection page/sort/Price-Low to high' is clicked on

2019-07-10 15:23:07 - [TEST_STEP][PASSED] - delay(2): Delayed 2 second(s)

2019-07-10 15:23:09 - [MESSAGE][PASSED] - Delayed 2 second(s)

2019-07-10 15:23:09 - [TEST_STEP][PASSED] - click(findTestObject("APOLLO- Desktop/Collection page/sort/Filter dropdown")): Object: 'Object Repository/APOLLO- Desktop/Collection page/sort/Filter dropdown' is clicked on

2019-07-10 15:23:10 - [MESSAGE][PASSED] - Object: 'Object Repository/APOLLO- Desktop/Collection page/sort/Filter dropdown' is clicked on

2019-07-10 15:23:10 - [TEST_STEP][PASSED] - delay(2): Delayed 2 second(s)

2019-07-10 15:23:12 - [MESSAGE][PASSED] - Delayed 2 second(s)

2019-07-10 15:23:12 - [TEST_STEP][PASSED] - takeScreenshot(): Taking screenshot successfully

2019-07-10 15:23:13 - [MESSAGE][PASSED] - Taking screenshot successfully
[[ATTACHMENT|/Users/sumankompelly/git/Apollo-Dark-Desktop/Reports/Apollo - dark build/20190710_152048/1562786592379.png]]

2019-07-10 15:23:13 - [TEST_STEP][PASSED] - delay(2): Delayed 2 second(s)

2019-07-10 15:23:15 - [MESSAGE][PASSED] - Delayed 2 second(s)

2019-07-10 15:23:15 - [TEST_STEP][PASSED] - click(findTestObject("APOLLO- Desktop/Collection page/sort/Filter dropdown")): Object: 'Object Repository/APOLLO- Desktop/Collection page/sort/Filter dropdown' is clicked on

2019-07-10 15:23:15 - [MESSAGE][PASSED] - Object: 'Object Repository/APOLLO- Desktop/Collection page/sort/Filter dropdown' is clicked on

2019-07-10 15:23:15 - [TEST_STEP][PASSED] - delay(2): Delayed 2 second(s)

2019-07-10 15:23:17 - [MESSAGE][PASSED] - Delayed 2 second(s)

2019-07-10 15:23:17 - [TEST_STEP][PASSED] - click(findTestObject("APOLLO- Desktop/Collection page/sort/price-High to low")): Object: 'Object Repository/APOLLO- Desktop/Collection page/sort/price-High to low' is clicked on

2019-07-10 15:23:18 - [MESSAGE][PASSED] - Object: 'Object Repository/APOLLO- Desktop/Collection page/sort/price-High to low' is clicked on

2019-07-10 15:23:18 - [TEST_STEP][PASSED] - delay(2): Delayed 2 second(s)

2019-07-10 15:23:20 - [MESSAGE][PASSED] - Delayed 2 second(s)

2019-07-10 15:23:20 - [TEST_STEP][PASSED] - click(findTestObject("APOLLO- Desktop/Collection page/sort/Filter dropdown")): Object: 'Object Repository/APOLLO- Desktop/Collection page/sort/Filter dropdown' is clicked on

2019-07-10 15:23:20 - [MESSAGE][PASSED] - Object: 'Object Repository/APOLLO- Desktop/Collection page/sort/Filter dropdown' is clicked on

2019-07-10 15:23:20 - [TEST_STEP][PASSED] - delay(2): Delayed 2 second(s)

2019-07-10 15:23:22 - [MESSAGE][PASSED] - Delayed 2 second(s)

2019-07-10 15:23:22 - [TEST_STEP][PASSED] - takeScreenshot(): Taking screenshot successfully

2019-07-10 15:23:23 - [MESSAGE][PASSED] - Taking screenshot successfully
[[ATTACHMENT|/Users/sumankompelly/git/Apollo-Dark-Desktop/Reports/Apollo - dark build/20190710_152048/1562786602585.png]]

2019-07-10 15:23:23 - [TEST_STEP][PASSED] - delay(2): Delayed 2 second(s)

2019-07-10 15:23:25 - [MESSAGE][PASSED] - Delayed 2 second(s)

2019-07-10 15:23:25 - [TEST_STEP][PASSED] - click(findTestObject("APOLLO- Desktop/Collection page/sort/Filter dropdown")): Object: 'Object Repository/APOLLO- Desktop/Collection page/sort/Filter dropdown' is clicked on

2019-07-10 15:23:25 - [MESSAGE][PASSED] - Object: 'Object Repository/APOLLO- Desktop/Collection page/sort/Filter dropdown' is clicked on

2019-07-10 15:23:25 - [TEST_STEP][PASSED] - delay(2): Delayed 2 second(s)

2019-07-10 15:23:27 - [MESSAGE][PASSED] - Delayed 2 second(s)

2019-07-10 15:23:27 - [TEST_STEP][PASSED] - click(findTestObject("APOLLO- Desktop/Collection page/sort/Date - old to new")): Object: 'Object Repository/APOLLO- Desktop/Collection page/sort/Date - old to new' is clicked on

2019-07-10 15:23:28 - [MESSAGE][PASSED] - Object: 'Object Repository/APOLLO- Desktop/Collection page/sort/Date - old to new' is clicked on

2019-07-10 15:23:28 - [TEST_STEP][PASSED] - delay(3): Delayed 3 second(s)

2019-07-10 15:23:31 - [MESSAGE][PASSED] - Delayed 3 second(s)

2019-07-10 15:23:31 - [TEST_STEP][PASSED] - click(findTestObject("APOLLO- Desktop/Collection page/sort/Filter dropdown")): Object: 'Object Repository/APOLLO- Desktop/Collection page/sort/Filter dropdown' is clicked on

2019-07-10 15:23:31 - [MESSAGE][PASSED] - Object: 'Object Repository/APOLLO- Desktop/Collection page/sort/Filter dropdown' is clicked on

2019-07-10 15:23:31 - [TEST_STEP][PASSED] - delay(2): Delayed 2 second(s)

2019-07-10 15:23:33 - [MESSAGE][PASSED] - Delayed 2 second(s)

2019-07-10 15:23:33 - [TEST_STEP][PASSED] - takeScreenshot(): Taking screenshot successfully

2019-07-10 15:23:34 - [MESSAGE][PASSED] - Taking screenshot successfully
[[ATTACHMENT|/Users/sumankompelly/git/Apollo-Dark-Desktop/Reports/Apollo - dark build/20190710_152048/1562786613759.png]]

2019-07-10 15:23:34 - [TEST_STEP][PASSED] - delay(2): Delayed 2 second(s)

2019-07-10 15:23:36 - [MESSAGE][PASSED] - Delayed 2 second(s)

2019-07-10 15:23:36 - [TEST_STEP][PASSED] - click(findTestObject("APOLLO- Desktop/Collection page/sort/Filter dropdown")): Object: 'Object Repository/APOLLO- Desktop/Collection page/sort/Filter dropdown' is clicked on

2019-07-10 15:23:36 - [MESSAGE][PASSED] - Object: 'Object Repository/APOLLO- Desktop/Collection page/sort/Filter dropdown' is clicked on

2019-07-10 15:23:36 - [TEST_STEP][PASSED] - delay(2): Delayed 2 second(s)

2019-07-10 15:23:38 - [MESSAGE][PASSED] - Delayed 2 second(s)

2019-07-10 15:23:38 - [TEST_STEP][PASSED] - click(findTestObject("APOLLO- Desktop/Collection page/sort/Date- new to old")): Object: 'Object Repository/APOLLO- Desktop/Collection page/sort/Date- new to old' is clicked on

2019-07-10 15:23:39 - [MESSAGE][PASSED] - Object: 'Object Repository/APOLLO- Desktop/Collection page/sort/Date- new to old' is clicked on

2019-07-10 15:23:39 - [TEST_STEP][PASSED] - delay(2): Delayed 2 second(s)

2019-07-10 15:23:41 - [MESSAGE][PASSED] - Delayed 2 second(s)

2019-07-10 15:23:41 - [TEST_STEP][PASSED] - click(findTestObject("APOLLO- Desktop/Collection page/sort/Filter dropdown")): Object: 'Object Repository/APOLLO- Desktop/Collection page/sort/Filter dropdown' is clicked on

2019-07-10 15:23:41 - [MESSAGE][PASSED] - Object: 'Object Repository/APOLLO- Desktop/Collection page/sort/Filter dropdown' is clicked on

2019-07-10 15:23:41 - [TEST_STEP][PASSED] - takeScreenshot(): Taking screenshot successfully

2019-07-10 15:23:43 - [MESSAGE][PASSED] - Taking screenshot successfully
[[ATTACHMENT|/Users/sumankompelly/git/Apollo-Dark-Desktop/Reports/Apollo - dark build/20190710_152048/1562786621955.png]]

2019-07-10 15:23:43 - [TEST_STEP][PASSED] - delay(2): Delayed 2 second(s)

2019-07-10 15:23:45 - [MESSAGE][PASSED] - Delayed 2 second(s)]]></system-out>
         <system-err><![CDATA[]]></system-err>
      </testcase>
      <testcase name="Test Cases/COLLECTION PAGE/Prouducts layout style" classname="Test Cases/COLLECTION PAGE/Prouducts layout style" status="PASSED">
         <system-out><![CDATA[2019-07-10 15:23:45 - [TEST_CASE][PASSED] - Test Cases/COLLECTION PAGE/Prouducts layout style: Test Cases/COLLECTION PAGE/Prouducts layout style

2019-07-10 15:23:46 - [TEST_STEP][PASSED] - callTestCase(findTestCase("CALL - URL"), [:], STOP_ON_FAILURE): Call Test Case 'Test Cases/CALL - URL' successfully

2019-07-10 15:23:46 - [TEST_CASE][PASSED] - Test Cases/CALL - URL: Test Cases/CALL - URL

2019-07-10 15:23:46 - [TEST_STEP][PASSED] - openBrowser(""): Browser is opened with url: ''

2019-07-10 15:23:46 - [MESSAGE][WARNING] - A browser is already opened. Closing browser and opening a new one

2019-07-10 15:23:46 - [MESSAGE][INFO] - Starting 'Remote' driver

2019-07-10 15:23:46 - [MESSAGE][INFO] - User set preference: ['os', 'Windows']

2019-07-10 15:23:46 - [MESSAGE][INFO] - User set preference: ['os_version', '10']

2019-07-10 15:23:46 - [MESSAGE][INFO] - User set preference: ['browser', 'Edge']

2019-07-10 15:23:46 - [MESSAGE][INFO] - User set preference: ['browser_version', '18.0']

2019-07-10 15:23:46 - [MESSAGE][INFO] - User set preference: ['resolution', '']

2019-07-10 15:23:46 - [MESSAGE][INFO] - Connecting to remote web server 'https://dianatest3:Z3oqw9ysqTeRQJq5wFCp@hub-cloud.browserstack.com/wd/hub' with type 'Selenium'

2019-07-10 15:23:59 - [MESSAGE][PASSED] - Browser is opened with url: ''

2019-07-10 15:23:59 - [TEST_STEP][PASSED] - navigateToUrl("https://diff-apollo.myshopify.com/?key=eec34184cfd8f82cda816f82753a8c8e9e240f30cf54470e19667b8cbb401948&preview_theme_id="): Navigate to 'https://diff-apollo.myshopify.com/?key=eec34184cfd8f82cda816f82753a8c8e9e240f30cf54470e19667b8cbb401948&preview_theme_id=' successfully

2019-07-10 15:24:07 - [MESSAGE][PASSED] - Navigate to 'https://diff-apollo.myshopify.com/?key=eec34184cfd8f82cda816f82753a8c8e9e240f30cf54470e19667b8cbb401948&preview_theme_id=' successfully

2019-07-10 15:24:07 - [TEST_STEP][NOT_RUN] - executeJavaScript("var previewBar = document.getElementById("preview-bar-iframe"); previewBar.style.display = "none";", []): NOT_RUN: executeJavaScript("var previewBar = document.getElementById("preview-bar-iframe"); previewBar.style.display = "none";", [])

2019-07-10 15:24:07 - [MESSAGE][NOT_RUN] - NOT_RUN: executeJavaScript("var previewBar = document.getElementById("preview-bar-iframe"); previewBar.style.display = "none";", [])

2019-07-10 15:24:07 - [TEST_STEP][PASSED] - maximizeWindow(): Current window maximized

2019-07-10 15:24:08 - [MESSAGE][PASSED] - Current window maximized

2019-07-10 15:24:08 - [MESSAGE][PASSED] - Call Test Case 'Test Cases/CALL - URL' successfully

2019-07-10 15:24:08 - [TEST_STEP][PASSED] - delay(2): Delayed 2 second(s)

2019-07-10 15:24:10 - [MESSAGE][PASSED] - Delayed 2 second(s)

2019-07-10 15:24:10 - [TEST_STEP][PASSED] - click(findTestObject("APOLLO- Desktop/Burger Menu/Burgermenu")): Object: 'Object Repository/APOLLO- Desktop/Burger Menu/Burgermenu' is clicked on

2019-07-10 15:24:11 - [MESSAGE][PASSED] - Object: 'Object Repository/APOLLO- Desktop/Burger Menu/Burgermenu' is clicked on

2019-07-10 15:24:11 - [TEST_STEP][PASSED] - delay(2): Delayed 2 second(s)

2019-07-10 15:24:13 - [MESSAGE][PASSED] - Delayed 2 second(s)

2019-07-10 15:24:13 - [TEST_STEP][PASSED] - click(findTestObject("APOLLO- Desktop/Burger Menu/Mens chevron")): Object: 'Object Repository/APOLLO- Desktop/Burger Menu/Mens chevron' is clicked on

2019-07-10 15:24:15 - [MESSAGE][PASSED] - Object: 'Object Repository/APOLLO- Desktop/Burger Menu/Mens chevron' is clicked on

2019-07-10 15:24:15 - [TEST_STEP][PASSED] - delay(2): Delayed 2 second(s)

2019-07-10 15:24:17 - [MESSAGE][PASSED] - Delayed 2 second(s)

2019-07-10 15:24:17 - [TEST_STEP][PASSED] - click(findTestObject("APOLLO- Desktop/Burger Menu/Mens - Top Chevron")): Object: 'Object Repository/APOLLO- Desktop/Burger Menu/Mens - Top Chevron' is clicked on

2019-07-10 15:24:17 - [MESSAGE][PASSED] - Object: 'Object Repository/APOLLO- Desktop/Burger Menu/Mens - Top Chevron' is clicked on

2019-07-10 15:24:17 - [TEST_STEP][PASSED] - delay(2): Delayed 2 second(s)

2019-07-10 15:24:19 - [MESSAGE][PASSED] - Delayed 2 second(s)

2019-07-10 15:24:19 - [TEST_STEP][PASSED] - click(findTestObject("APOLLO- Desktop/Burger Menu/Shirts link")): Object: 'Object Repository/APOLLO- Desktop/Burger Menu/Shirts link' is clicked on

2019-07-10 15:24:20 - [MESSAGE][PASSED] - Object: 'Object Repository/APOLLO- Desktop/Burger Menu/Shirts link' is clicked on

2019-07-10 15:24:20 - [TEST_STEP][NOT_RUN] - executeJavaScript("var previewBar = document.getElementById("preview-bar-iframe"); previewBar.style.display = "none";", []): NOT_RUN: executeJavaScript("var previewBar = document.getElementById("preview-bar-iframe"); previewBar.style.display = "none";", [])

2019-07-10 15:24:20 - [MESSAGE][NOT_RUN] - NOT_RUN: executeJavaScript("var previewBar = document.getElementById("preview-bar-iframe"); previewBar.style.display = "none";", [])

2019-07-10 15:24:20 - [TEST_STEP][PASSED] - delay(2): Delayed 2 second(s)

2019-07-10 15:24:22 - [MESSAGE][PASSED] - Delayed 2 second(s)

2019-07-10 15:24:22 - [TEST_STEP][NOT_RUN] - executeJavaScript("var previewBar = document.getElementById("preview-bar-iframe"); previewBar.style.display = "none";", []): NOT_RUN: executeJavaScript("var previewBar = document.getElementById("preview-bar-iframe"); previewBar.style.display = "none";", [])

2019-07-10 15:24:22 - [MESSAGE][NOT_RUN] - NOT_RUN: executeJavaScript("var previewBar = document.getElementById("preview-bar-iframe"); previewBar.style.display = "none";", [])

2019-07-10 15:24:22 - [TEST_STEP][PASSED] - delay(2): Delayed 2 second(s)

2019-07-10 15:24:24 - [MESSAGE][PASSED] - Delayed 2 second(s)

2019-07-10 15:24:24 - [TEST_STEP][PASSED] - click(findTestObject("APOLLO- Desktop/Collection page/layout less")): Object: 'Object Repository/APOLLO- Desktop/Collection page/layout less' is clicked on

2019-07-10 15:24:24 - [MESSAGE][PASSED] - Object: 'Object Repository/APOLLO- Desktop/Collection page/layout less' is clicked on

2019-07-10 15:24:24 - [TEST_STEP][PASSED] - delay(2): Delayed 2 second(s)

2019-07-10 15:24:26 - [MESSAGE][PASSED] - Delayed 2 second(s)

2019-07-10 15:24:26 - [TEST_STEP][PASSED] - a = getPageHeight(): Current page's height is 3811

2019-07-10 15:24:27 - [MESSAGE][PASSED] - Current page's height is 3811

2019-07-10 15:24:27 - [TEST_STEP][PASSED] - comment("a=" + a): a=3811

2019-07-10 15:24:27 - [MESSAGE][INFO] - a=3811

2019-07-10 15:24:27 - [TEST_STEP][PASSED] - delay(2): Delayed 2 second(s)

2019-07-10 15:24:29 - [MESSAGE][PASSED] - Delayed 2 second(s)

2019-07-10 15:24:29 - [TEST_STEP][PASSED] - click(findTestObject("APOLLO- Desktop/Collection page/layout more")): Object: 'Object Repository/APOLLO- Desktop/Collection page/layout more' is clicked on

2019-07-10 15:24:29 - [MESSAGE][PASSED] - Object: 'Object Repository/APOLLO- Desktop/Collection page/layout more' is clicked on

2019-07-10 15:24:29 - [TEST_STEP][PASSED] - delay(2): Delayed 2 second(s)

2019-07-10 15:24:31 - [MESSAGE][PASSED] - Delayed 2 second(s)

2019-07-10 15:24:31 - [TEST_STEP][PASSED] - b = getPageHeight(): Current page's height is 1986

2019-07-10 15:24:32 - [MESSAGE][PASSED] - Current page's height is 1986

2019-07-10 15:24:32 - [TEST_STEP][PASSED] - comment("b=" + b): b=1986

2019-07-10 15:24:32 - [MESSAGE][INFO] - b=1986

2019-07-10 15:24:32 - [TEST_STEP][PASSED] - verifyLessThan(b, a): Actual number '1,986' is less than expected number '3,811'

2019-07-10 15:24:32 - [MESSAGE][PASSED] - Actual number '1,986' is less than expected number '3,811']]></system-out>
         <system-err><![CDATA[]]></system-err>
      </testcase>
      <testcase name="Test Cases/COLLECTION PAGE/Filter" classname="Test Cases/COLLECTION PAGE/Filter" status="FAILED">
         <failure type="FAILED" message="Test Cases/COLLECTION PAGE/Filter FAILED.
Reason:
com.kms.katalon.core.exception.StepFailedException: Unable to click on object 'Object Repository/APOLLO- Desktop/Collection page/Filter/Filter dropdown' (Root cause: com.kms.katalon.core.webui.exception.WebElementNotFoundException: Web element with id: 'Object Repository/APOLLO- Desktop/Collection page/Filter/Filter dropdown' located by 'By.xpath: //div[@id='filters']//div[2]' not found)
	at com.kms.katalon.core.keyword.internal.KeywordMain.stepFailed(KeywordMain.groovy:36)
	at com.kms.katalon.core.webui.keyword.internal.WebUIKeywordMain.stepFailed(WebUIKeywordMain.groovy:65)
	at com.kms.katalon.core.webui.keyword.internal.WebUIKeywordMain.runKeyword(WebUIKeywordMain.groovy:27)
	at com.kms.katalon.core.webui.keyword.builtin.ClickKeyword.click(ClickKeyword.groovy:86)
	at com.kms.katalon.core.webui.keyword.builtin.ClickKeyword.execute(ClickKeyword.groovy:67)
	at com.kms.katalon.core.keyword.internal.KeywordExecutor.executeKeywordForPlatform(KeywordExecutor.groovy:53)
	at com.kms.katalon.core.webui.keyword.WebUiBuiltInKeywords.click(WebUiBuiltInKeywords.groovy:616)
	at com.kms.katalon.core.webui.keyword.WebUiBuiltInKeywords$click$2.call(Unknown Source)
	at Filter.run(Filter:44)
	at com.kms.katalon.core.main.ScriptEngine.run(ScriptEngine.java:194)
	at com.kms.katalon.core.main.ScriptEngine.runScriptAsRawText(ScriptEngine.java:119)
	at com.kms.katalon.core.main.TestCaseExecutor.runScript(TestCaseExecutor.java:328)
	at com.kms.katalon.core.main.TestCaseExecutor.doExecute(TestCaseExecutor.java:319)
	at com.kms.katalon.core.main.TestCaseExecutor.processExecutionPhase(TestCaseExecutor.java:298)
	at com.kms.katalon.core.main.TestCaseExecutor.accessMainPhase(TestCaseExecutor.java:290)
	at com.kms.katalon.core.main.TestCaseExecutor.execute(TestCaseExecutor.java:224)
	at com.kms.katalon.core.main.TestSuiteExecutor.accessTestCaseMainPhase(TestSuiteExecutor.java:129)
	at com.kms.katalon.core.main.TestSuiteExecutor.accessTestSuiteMainPhase(TestSuiteExecutor.java:112)
	at com.kms.katalon.core.main.TestSuiteExecutor.execute(TestSuiteExecutor.java:81)
	at com.kms.katalon.core.main.TestCaseMain.startTestSuite(TestCaseMain.java:149)
	at com.kms.katalon.core.main.TestCaseMain$startTestSuite$0.call(Unknown Source)
	at TempTestSuite1562786448509.run(TempTestSuite1562786448509.groovy:36)
"/>
         <system-out><![CDATA[2019-07-10 15:24:32 - [TEST_CASE][FAILED] - Test Cases/COLLECTION PAGE/Filter: Test Cases/COLLECTION PAGE/Filter FAILED.
Reason:
com.kms.katalon.core.exception.StepFailedException: Unable to click on object 'Object Repository/APOLLO- Desktop/Collection page/Filter/Filter dropdown' (Root cause: com.kms.katalon.core.webui.exception.WebElementNotFoundException: Web element with id: 'Object Repository/APOLLO- Desktop/Collection page/Filter/Filter dropdown' located by 'By.xpath: //div[@id='filters']//div[2]' not found)
	at com.kms.katalon.core.keyword.internal.KeywordMain.stepFailed(KeywordMain.groovy:36)
	at com.kms.katalon.core.webui.keyword.internal.WebUIKeywordMain.stepFailed(WebUIKeywordMain.groovy:65)
	at com.kms.katalon.core.webui.keyword.internal.WebUIKeywordMain.runKeyword(WebUIKeywordMain.groovy:27)
	at com.kms.katalon.core.webui.keyword.builtin.ClickKeyword.click(ClickKeyword.groovy:86)
	at com.kms.katalon.core.webui.keyword.builtin.ClickKeyword.execute(ClickKeyword.groovy:67)
	at com.kms.katalon.core.keyword.internal.KeywordExecutor.executeKeywordForPlatform(KeywordExecutor.groovy:53)
	at com.kms.katalon.core.webui.keyword.WebUiBuiltInKeywords.click(WebUiBuiltInKeywords.groovy:616)
	at com.kms.katalon.core.webui.keyword.WebUiBuiltInKeywords$click$2.call(Unknown Source)
	at Filter.run(Filter:44)
	at com.kms.katalon.core.main.ScriptEngine.run(ScriptEngine.java:194)
	at com.kms.katalon.core.main.ScriptEngine.runScriptAsRawText(ScriptEngine.java:119)
	at com.kms.katalon.core.main.TestCaseExecutor.runScript(TestCaseExecutor.java:328)
	at com.kms.katalon.core.main.TestCaseExecutor.doExecute(TestCaseExecutor.java:319)
	at com.kms.katalon.core.main.TestCaseExecutor.processExecutionPhase(TestCaseExecutor.java:298)
	at com.kms.katalon.core.main.TestCaseExecutor.accessMainPhase(TestCaseExecutor.java:290)
	at com.kms.katalon.core.main.TestCaseExecutor.execute(TestCaseExecutor.java:224)
	at com.kms.katalon.core.main.TestSuiteExecutor.accessTestCaseMainPhase(TestSuiteExecutor.java:129)
	at com.kms.katalon.core.main.TestSuiteExecutor.accessTestSuiteMainPhase(TestSuiteExecutor.java:112)
	at com.kms.katalon.core.main.TestSuiteExecutor.execute(TestSuiteExecutor.java:81)
	at com.kms.katalon.core.main.TestCaseMain.startTestSuite(TestCaseMain.java:149)
	at com.kms.katalon.core.main.TestCaseMain$startTestSuite$0.call(Unknown Source)
	at TempTestSuite1562786448509.run(TempTestSuite1562786448509.groovy:36)


2019-07-10 15:24:32 - [TEST_STEP][PASSED] - callTestCase(findTestCase("CALL - URL"), [:], STOP_ON_FAILURE): Call Test Case 'Test Cases/CALL - URL' successfully

2019-07-10 15:24:32 - [TEST_CASE][PASSED] - Test Cases/CALL - URL: Test Cases/CALL - URL

2019-07-10 15:24:33 - [TEST_STEP][PASSED] - openBrowser(""): Browser is opened with url: ''

2019-07-10 15:24:33 - [MESSAGE][WARNING] - A browser is already opened. Closing browser and opening a new one

2019-07-10 15:24:34 - [MESSAGE][INFO] - Starting 'Remote' driver

2019-07-10 15:24:34 - [MESSAGE][INFO] - User set preference: ['os', 'Windows']

2019-07-10 15:24:34 - [MESSAGE][INFO] - User set preference: ['os_version', '10']

2019-07-10 15:24:34 - [MESSAGE][INFO] - User set preference: ['browser', 'Edge']

2019-07-10 15:24:34 - [MESSAGE][INFO] - User set preference: ['browser_version', '18.0']

2019-07-10 15:24:34 - [MESSAGE][INFO] - User set preference: ['resolution', '']

2019-07-10 15:24:34 - [MESSAGE][INFO] - Connecting to remote web server 'https://dianatest3:Z3oqw9ysqTeRQJq5wFCp@hub-cloud.browserstack.com/wd/hub' with type 'Selenium'

2019-07-10 15:24:45 - [MESSAGE][PASSED] - Browser is opened with url: ''

2019-07-10 15:24:45 - [TEST_STEP][PASSED] - navigateToUrl("https://diff-apollo.myshopify.com/?key=eec34184cfd8f82cda816f82753a8c8e9e240f30cf54470e19667b8cbb401948&preview_theme_id="): Navigate to 'https://diff-apollo.myshopify.com/?key=eec34184cfd8f82cda816f82753a8c8e9e240f30cf54470e19667b8cbb401948&preview_theme_id=' successfully

2019-07-10 15:24:48 - [MESSAGE][PASSED] - Navigate to 'https://diff-apollo.myshopify.com/?key=eec34184cfd8f82cda816f82753a8c8e9e240f30cf54470e19667b8cbb401948&preview_theme_id=' successfully

2019-07-10 15:24:48 - [TEST_STEP][NOT_RUN] - executeJavaScript("var previewBar = document.getElementById("preview-bar-iframe"); previewBar.style.display = "none";", []): NOT_RUN: executeJavaScript("var previewBar = document.getElementById("preview-bar-iframe"); previewBar.style.display = "none";", [])

2019-07-10 15:24:48 - [MESSAGE][NOT_RUN] - NOT_RUN: executeJavaScript("var previewBar = document.getElementById("preview-bar-iframe"); previewBar.style.display = "none";", [])

2019-07-10 15:24:48 - [TEST_STEP][PASSED] - maximizeWindow(): Current window maximized

2019-07-10 15:24:49 - [MESSAGE][PASSED] - Current window maximized

2019-07-10 15:24:49 - [MESSAGE][PASSED] - Call Test Case 'Test Cases/CALL - URL' successfully

2019-07-10 15:24:49 - [TEST_STEP][PASSED] - delay(2): Delayed 2 second(s)

2019-07-10 15:24:51 - [MESSAGE][PASSED] - Delayed 2 second(s)

2019-07-10 15:24:51 - [TEST_STEP][PASSED] - click(findTestObject("APOLLO- Desktop/Burger Menu/Burgermenu")): Object: 'Object Repository/APOLLO- Desktop/Burger Menu/Burgermenu' is clicked on

2019-07-10 15:24:52 - [MESSAGE][PASSED] - Object: 'Object Repository/APOLLO- Desktop/Burger Menu/Burgermenu' is clicked on

2019-07-10 15:24:52 - [TEST_STEP][PASSED] - delay(2): Delayed 2 second(s)

2019-07-10 15:24:54 - [MESSAGE][PASSED] - Delayed 2 second(s)

2019-07-10 15:24:54 - [TEST_STEP][PASSED] - click(findTestObject("APOLLO- Desktop/Burger Menu/Mens chevron")): Object: 'Object Repository/APOLLO- Desktop/Burger Menu/Mens chevron' is clicked on

2019-07-10 15:24:56 - [MESSAGE][PASSED] - Object: 'Object Repository/APOLLO- Desktop/Burger Menu/Mens chevron' is clicked on

2019-07-10 15:24:56 - [TEST_STEP][PASSED] - delay(2): Delayed 2 second(s)

2019-07-10 15:24:58 - [MESSAGE][PASSED] - Delayed 2 second(s)

2019-07-10 15:24:58 - [TEST_STEP][PASSED] - click(findTestObject("APOLLO- Desktop/Burger Menu/Mens - Top Chevron")): Object: 'Object Repository/APOLLO- Desktop/Burger Menu/Mens - Top Chevron' is clicked on

2019-07-10 15:24:59 - [MESSAGE][PASSED] - Object: 'Object Repository/APOLLO- Desktop/Burger Menu/Mens - Top Chevron' is clicked on

2019-07-10 15:24:59 - [TEST_STEP][PASSED] - delay(2): Delayed 2 second(s)

2019-07-10 15:25:01 - [MESSAGE][PASSED] - Delayed 2 second(s)

2019-07-10 15:25:01 - [TEST_STEP][PASSED] - click(findTestObject("APOLLO- Desktop/Burger Menu/Shirts link")): Object: 'Object Repository/APOLLO- Desktop/Burger Menu/Shirts link' is clicked on

2019-07-10 15:25:02 - [MESSAGE][PASSED] - Object: 'Object Repository/APOLLO- Desktop/Burger Menu/Shirts link' is clicked on

2019-07-10 15:25:02 - [TEST_STEP][NOT_RUN] - executeJavaScript("var previewBar = document.getElementById("preview-bar-iframe"); previewBar.style.display = "none";", []): NOT_RUN: executeJavaScript("var previewBar = document.getElementById("preview-bar-iframe"); previewBar.style.display = "none";", [])

2019-07-10 15:25:02 - [MESSAGE][NOT_RUN] - NOT_RUN: executeJavaScript("var previewBar = document.getElementById("preview-bar-iframe"); previewBar.style.display = "none";", [])

2019-07-10 15:25:02 - [TEST_STEP][PASSED] - delay(2): Delayed 2 second(s)

2019-07-10 15:25:04 - [MESSAGE][PASSED] - Delayed 2 second(s)

2019-07-10 15:25:04 - [TEST_STEP][NOT_RUN] - executeJavaScript("var previewBar = document.getElementById("preview-bar-iframe"); previewBar.style.display = "none";", []): NOT_RUN: executeJavaScript("var previewBar = document.getElementById("preview-bar-iframe"); previewBar.style.display = "none";", [])

2019-07-10 15:25:04 - [MESSAGE][NOT_RUN] - NOT_RUN: executeJavaScript("var previewBar = document.getElementById("preview-bar-iframe"); previewBar.style.display = "none";", [])

2019-07-10 15:25:04 - [TEST_STEP][PASSED] - delay(2): Delayed 2 second(s)

2019-07-10 15:25:06 - [MESSAGE][PASSED] - Delayed 2 second(s)

2019-07-10 15:25:06 - [TEST_STEP][FAILED] - click(findTestObject("APOLLO- Desktop/Collection page/Filter/Filter dropdown")): click(findTestObject("APOLLO- Desktop/Collection page/Filter/Filter dropdown")) FAILED.
Reason:
com.kms.katalon.core.exception.StepFailedException: Unable to click on object 'Object Repository/APOLLO- Desktop/Collection page/Filter/Filter dropdown' (Root cause: com.kms.katalon.core.webui.exception.WebElementNotFoundException: Web element with id: 'Object Repository/APOLLO- Desktop/Collection page/Filter/Filter dropdown' located by 'By.xpath: //div[@id='filters']//div[2]' not found)
	at com.kms.katalon.core.keyword.internal.KeywordMain.stepFailed(KeywordMain.groovy:36)
	at com.kms.katalon.core.webui.keyword.internal.WebUIKeywordMain.stepFailed(WebUIKeywordMain.groovy:65)
	at com.kms.katalon.core.webui.keyword.internal.WebUIKeywordMain.runKeyword(WebUIKeywordMain.groovy:27)
	at com.kms.katalon.core.webui.keyword.builtin.ClickKeyword.click(ClickKeyword.groovy:86)
	at com.kms.katalon.core.webui.keyword.builtin.ClickKeyword.execute(ClickKeyword.groovy:67)
	at com.kms.katalon.core.keyword.internal.KeywordExecutor.executeKeywordForPlatform(KeywordExecutor.groovy:53)
	at com.kms.katalon.core.webui.keyword.WebUiBuiltInKeywords.click(WebUiBuiltInKeywords.groovy:616)
	at com.kms.katalon.core.webui.keyword.WebUiBuiltInKeywords$click$2.call(Unknown Source)
	at Filter.run(Filter:44)
	at com.kms.katalon.core.main.ScriptEngine.run(ScriptEngine.java:194)
	at com.kms.katalon.core.main.ScriptEngine.runScriptAsRawText(ScriptEngine.java:119)
	at com.kms.katalon.core.main.TestCaseExecutor.runScript(TestCaseExecutor.java:328)
	at com.kms.katalon.core.main.TestCaseExecutor.doExecute(TestCaseExecutor.java:319)
	at com.kms.katalon.core.main.TestCaseExecutor.processExecutionPhase(TestCaseExecutor.java:298)
	at com.kms.katalon.core.main.TestCaseExecutor.accessMainPhase(TestCaseExecutor.java:290)
	at com.kms.katalon.core.main.TestCaseExecutor.execute(TestCaseExecutor.java:224)
	at com.kms.katalon.core.main.TestSuiteExecutor.accessTestCaseMainPhase(TestSuiteExecutor.java:129)
	at com.kms.katalon.core.main.TestSuiteExecutor.accessTestSuiteMainPhase(TestSuiteExecutor.java:112)
	at com.kms.katalon.core.main.TestSuiteExecutor.execute(TestSuiteExecutor.java:81)
	at com.kms.katalon.core.main.TestCaseMain.startTestSuite(TestCaseMain.java:149)
	at com.kms.katalon.core.main.TestCaseMain$startTestSuite$0.call(Unknown Source)
	at TempTestSuite1562786448509.run(TempTestSuite1562786448509.groovy:36)


2019-07-10 15:25:58 - [MESSAGE][INFO] - Unable to find the element located by 'By.xpath: //div[@id='filters']//div[2]'. Please recheck the objects properties to make sure the desired element is located. 

2019-07-10 15:26:00 - [MESSAGE][FAILED] - Unable to click on object 'Object Repository/APOLLO- Desktop/Collection page/Filter/Filter dropdown' (Root cause: com.kms.katalon.core.webui.exception.WebElementNotFoundException: Web element with id: 'Object Repository/APOLLO- Desktop/Collection page/Filter/Filter dropdown' located by 'By.xpath: //div[@id='filters']//div[2]' not found)
[[ATTACHMENT|/Users/sumankompelly/git/Apollo-Dark-Desktop/Reports/Apollo - dark build/20190710_152048/1562786758476.png]]

2019-07-10 15:26:00 - [MESSAGE][FAILED] - click(findTestObject("APOLLO- Desktop/Collection page/Filter/Filter dropdown")) FAILED.
Reason:
com.kms.katalon.core.exception.StepFailedException: Unable to click on object 'Object Repository/APOLLO- Desktop/Collection page/Filter/Filter dropdown' (Root cause: com.kms.katalon.core.webui.exception.WebElementNotFoundException: Web element with id: 'Object Repository/APOLLO- Desktop/Collection page/Filter/Filter dropdown' located by 'By.xpath: //div[@id='filters']//div[2]' not found)
	at com.kms.katalon.core.keyword.internal.KeywordMain.stepFailed(KeywordMain.groovy:36)
	at com.kms.katalon.core.webui.keyword.internal.WebUIKeywordMain.stepFailed(WebUIKeywordMain.groovy:65)
	at com.kms.katalon.core.webui.keyword.internal.WebUIKeywordMain.runKeyword(WebUIKeywordMain.groovy:27)
	at com.kms.katalon.core.webui.keyword.builtin.ClickKeyword.click(ClickKeyword.groovy:86)
	at com.kms.katalon.core.webui.keyword.builtin.ClickKeyword.execute(ClickKeyword.groovy:67)
	at com.kms.katalon.core.keyword.internal.KeywordExecutor.executeKeywordForPlatform(KeywordExecutor.groovy:53)
	at com.kms.katalon.core.webui.keyword.WebUiBuiltInKeywords.click(WebUiBuiltInKeywords.groovy:616)
	at com.kms.katalon.core.webui.keyword.WebUiBuiltInKeywords$click$2.call(Unknown Source)
	at Filter.run(Filter:44)
	at com.kms.katalon.core.main.ScriptEngine.run(ScriptEngine.java:194)
	at com.kms.katalon.core.main.ScriptEngine.runScriptAsRawText(ScriptEngine.java:119)
	at com.kms.katalon.core.main.TestCaseExecutor.runScript(TestCaseExecutor.java:328)
	at com.kms.katalon.core.main.TestCaseExecutor.doExecute(TestCaseExecutor.java:319)
	at com.kms.katalon.core.main.TestCaseExecutor.processExecutionPhase(TestCaseExecutor.java:298)
	at com.kms.katalon.core.main.TestCaseExecutor.accessMainPhase(TestCaseExecutor.java:290)
	at com.kms.katalon.core.main.TestCaseExecutor.execute(TestCaseExecutor.java:224)
	at com.kms.katalon.core.main.TestSuiteExecutor.accessTestCaseMainPhase(TestSuiteExecutor.java:129)
	at com.kms.katalon.core.main.TestSuiteExecutor.accessTestSuiteMainPhase(TestSuiteExecutor.java:112)
	at com.kms.katalon.core.main.TestSuiteExecutor.execute(TestSuiteExecutor.java:81)
	at com.kms.katalon.core.main.TestCaseMain.startTestSuite(TestCaseMain.java:149)
	at com.kms.katalon.core.main.TestCaseMain$startTestSuite$0.call(Unknown Source)
	at TempTestSuite1562786448509.run(TempTestSuite1562786448509.groovy:36)]]></system-out>
         <system-err><![CDATA[2019-07-10 15:24:32 - [TEST_CASE][FAILED] - Test Cases/COLLECTION PAGE/Filter: Test Cases/COLLECTION PAGE/Filter FAILED.
Reason:
com.kms.katalon.core.exception.StepFailedException: Unable to click on object 'Object Repository/APOLLO- Desktop/Collection page/Filter/Filter dropdown' (Root cause: com.kms.katalon.core.webui.exception.WebElementNotFoundException: Web element with id: 'Object Repository/APOLLO- Desktop/Collection page/Filter/Filter dropdown' located by 'By.xpath: //div[@id='filters']//div[2]' not found)
	at com.kms.katalon.core.keyword.internal.KeywordMain.stepFailed(KeywordMain.groovy:36)
	at com.kms.katalon.core.webui.keyword.internal.WebUIKeywordMain.stepFailed(WebUIKeywordMain.groovy:65)
	at com.kms.katalon.core.webui.keyword.internal.WebUIKeywordMain.runKeyword(WebUIKeywordMain.groovy:27)
	at com.kms.katalon.core.webui.keyword.builtin.ClickKeyword.click(ClickKeyword.groovy:86)
	at com.kms.katalon.core.webui.keyword.builtin.ClickKeyword.execute(ClickKeyword.groovy:67)
	at com.kms.katalon.core.keyword.internal.KeywordExecutor.executeKeywordForPlatform(KeywordExecutor.groovy:53)
	at com.kms.katalon.core.webui.keyword.WebUiBuiltInKeywords.click(WebUiBuiltInKeywords.groovy:616)
	at com.kms.katalon.core.webui.keyword.WebUiBuiltInKeywords$click$2.call(Unknown Source)
	at Filter.run(Filter:44)
	at com.kms.katalon.core.main.ScriptEngine.run(ScriptEngine.java:194)
	at com.kms.katalon.core.main.ScriptEngine.runScriptAsRawText(ScriptEngine.java:119)
	at com.kms.katalon.core.main.TestCaseExecutor.runScript(TestCaseExecutor.java:328)
	at com.kms.katalon.core.main.TestCaseExecutor.doExecute(TestCaseExecutor.java:319)
	at com.kms.katalon.core.main.TestCaseExecutor.processExecutionPhase(TestCaseExecutor.java:298)
	at com.kms.katalon.core.main.TestCaseExecutor.accessMainPhase(TestCaseExecutor.java:290)
	at com.kms.katalon.core.main.TestCaseExecutor.execute(TestCaseExecutor.java:224)
	at com.kms.katalon.core.main.TestSuiteExecutor.accessTestCaseMainPhase(TestSuiteExecutor.java:129)
	at com.kms.katalon.core.main.TestSuiteExecutor.accessTestSuiteMainPhase(TestSuiteExecutor.java:112)
	at com.kms.katalon.core.main.TestSuiteExecutor.execute(TestSuiteExecutor.java:81)
	at com.kms.katalon.core.main.TestCaseMain.startTestSuite(TestCaseMain.java:149)
	at com.kms.katalon.core.main.TestCaseMain$startTestSuite$0.call(Unknown Source)
	at TempTestSuite1562786448509.run(TempTestSuite1562786448509.groovy:36)]]></system-err>
      </testcase>
      <testcase name="Test Cases/HOME PAGE/Store locator" classname="Test Cases/HOME PAGE/Store locator" status="FAILED">
         <failure type="FAILED" message="Test Cases/HOME PAGE/Store locator FAILED.
Reason:
com.kms.katalon.core.exception.StepFailedException: Unable to click on object 'Object Repository/APOLLO- Desktop/Home page/Map location icon' (Root cause: com.kms.katalon.core.webui.exception.WebElementNotFoundException: Web element with id: 'Object Repository/APOLLO- Desktop/Home page/Map location icon' located by 'By.xpath: //*[@id=&quot;shopify-section-header&quot;]/header/div[1]/div[2]/div/a[2]' not found)
	at com.kms.katalon.core.keyword.internal.KeywordMain.stepFailed(KeywordMain.groovy:36)
	at com.kms.katalon.core.webui.keyword.internal.WebUIKeywordMain.stepFailed(WebUIKeywordMain.groovy:65)
	at com.kms.katalon.core.webui.keyword.internal.WebUIKeywordMain.runKeyword(WebUIKeywordMain.groovy:27)
	at com.kms.katalon.core.webui.keyword.builtin.ClickKeyword.click(ClickKeyword.groovy:86)
	at com.kms.katalon.core.webui.keyword.builtin.ClickKeyword.execute(ClickKeyword.groovy:67)
	at com.kms.katalon.core.keyword.internal.KeywordExecutor.executeKeywordForPlatform(KeywordExecutor.groovy:53)
	at com.kms.katalon.core.webui.keyword.WebUiBuiltInKeywords.click(WebUiBuiltInKeywords.groovy:616)
	at com.kms.katalon.core.webui.keyword.WebUiBuiltInKeywords$click$2.call(Unknown Source)
	at Store locator.run(Store locator:20)
	at com.kms.katalon.core.main.ScriptEngine.run(ScriptEngine.java:194)
	at com.kms.katalon.core.main.ScriptEngine.runScriptAsRawText(ScriptEngine.java:119)
	at com.kms.katalon.core.main.TestCaseExecutor.runScript(TestCaseExecutor.java:328)
	at com.kms.katalon.core.main.TestCaseExecutor.doExecute(TestCaseExecutor.java:319)
	at com.kms.katalon.core.main.TestCaseExecutor.processExecutionPhase(TestCaseExecutor.java:298)
	at com.kms.katalon.core.main.TestCaseExecutor.accessMainPhase(TestCaseExecutor.java:290)
	at com.kms.katalon.core.main.TestCaseExecutor.execute(TestCaseExecutor.java:224)
	at com.kms.katalon.core.main.TestSuiteExecutor.accessTestCaseMainPhase(TestSuiteExecutor.java:129)
	at com.kms.katalon.core.main.TestSuiteExecutor.accessTestSuiteMainPhase(TestSuiteExecutor.java:112)
	at com.kms.katalon.core.main.TestSuiteExecutor.execute(TestSuiteExecutor.java:81)
	at com.kms.katalon.core.main.TestCaseMain.startTestSuite(TestCaseMain.java:149)
	at com.kms.katalon.core.main.TestCaseMain$startTestSuite$0.call(Unknown Source)
	at TempTestSuite1562786448509.run(TempTestSuite1562786448509.groovy:36)
"/>
         <system-out><![CDATA[2019-07-10 15:26:00 - [TEST_CASE][FAILED] - Test Cases/HOME PAGE/Store locator: Test Cases/HOME PAGE/Store locator FAILED.
Reason:
com.kms.katalon.core.exception.StepFailedException: Unable to click on object 'Object Repository/APOLLO- Desktop/Home page/Map location icon' (Root cause: com.kms.katalon.core.webui.exception.WebElementNotFoundException: Web element with id: 'Object Repository/APOLLO- Desktop/Home page/Map location icon' located by 'By.xpath: //*[@id="shopify-section-header"]/header/div[1]/div[2]/div/a[2]' not found)
	at com.kms.katalon.core.keyword.internal.KeywordMain.stepFailed(KeywordMain.groovy:36)
	at com.kms.katalon.core.webui.keyword.internal.WebUIKeywordMain.stepFailed(WebUIKeywordMain.groovy:65)
	at com.kms.katalon.core.webui.keyword.internal.WebUIKeywordMain.runKeyword(WebUIKeywordMain.groovy:27)
	at com.kms.katalon.core.webui.keyword.builtin.ClickKeyword.click(ClickKeyword.groovy:86)
	at com.kms.katalon.core.webui.keyword.builtin.ClickKeyword.execute(ClickKeyword.groovy:67)
	at com.kms.katalon.core.keyword.internal.KeywordExecutor.executeKeywordForPlatform(KeywordExecutor.groovy:53)
	at com.kms.katalon.core.webui.keyword.WebUiBuiltInKeywords.click(WebUiBuiltInKeywords.groovy:616)
	at com.kms.katalon.core.webui.keyword.WebUiBuiltInKeywords$click$2.call(Unknown Source)
	at Store locator.run(Store locator:20)
	at com.kms.katalon.core.main.ScriptEngine.run(ScriptEngine.java:194)
	at com.kms.katalon.core.main.ScriptEngine.runScriptAsRawText(ScriptEngine.java:119)
	at com.kms.katalon.core.main.TestCaseExecutor.runScript(TestCaseExecutor.java:328)
	at com.kms.katalon.core.main.TestCaseExecutor.doExecute(TestCaseExecutor.java:319)
	at com.kms.katalon.core.main.TestCaseExecutor.processExecutionPhase(TestCaseExecutor.java:298)
	at com.kms.katalon.core.main.TestCaseExecutor.accessMainPhase(TestCaseExecutor.java:290)
	at com.kms.katalon.core.main.TestCaseExecutor.execute(TestCaseExecutor.java:224)
	at com.kms.katalon.core.main.TestSuiteExecutor.accessTestCaseMainPhase(TestSuiteExecutor.java:129)
	at com.kms.katalon.core.main.TestSuiteExecutor.accessTestSuiteMainPhase(TestSuiteExecutor.java:112)
	at com.kms.katalon.core.main.TestSuiteExecutor.execute(TestSuiteExecutor.java:81)
	at com.kms.katalon.core.main.TestCaseMain.startTestSuite(TestCaseMain.java:149)
	at com.kms.katalon.core.main.TestCaseMain$startTestSuite$0.call(Unknown Source)
	at TempTestSuite1562786448509.run(TempTestSuite1562786448509.groovy:36)


2019-07-10 15:26:01 - [TEST_STEP][PASSED] - callTestCase(findTestCase("CALL - URL"), [:], STOP_ON_FAILURE): Call Test Case 'Test Cases/CALL - URL' successfully

2019-07-10 15:26:01 - [TEST_CASE][PASSED] - Test Cases/CALL - URL: Test Cases/CALL - URL

2019-07-10 15:26:01 - [TEST_STEP][PASSED] - openBrowser(""): Browser is opened with url: ''

2019-07-10 15:26:01 - [MESSAGE][WARNING] - A browser is already opened. Closing browser and opening a new one

2019-07-10 15:26:03 - [MESSAGE][INFO] - Starting 'Remote' driver

2019-07-10 15:26:03 - [MESSAGE][INFO] - User set preference: ['os', 'Windows']

2019-07-10 15:26:03 - [MESSAGE][INFO] - User set preference: ['os_version', '10']

2019-07-10 15:26:03 - [MESSAGE][INFO] - User set preference: ['browser', 'Edge']

2019-07-10 15:26:03 - [MESSAGE][INFO] - User set preference: ['browser_version', '18.0']

2019-07-10 15:26:03 - [MESSAGE][INFO] - User set preference: ['resolution', '']

2019-07-10 15:26:03 - [MESSAGE][INFO] - Connecting to remote web server 'https://dianatest3:Z3oqw9ysqTeRQJq5wFCp@hub-cloud.browserstack.com/wd/hub' with type 'Selenium'

2019-07-10 15:26:16 - [MESSAGE][PASSED] - Browser is opened with url: ''

2019-07-10 15:26:16 - [TEST_STEP][PASSED] - navigateToUrl("https://diff-apollo.myshopify.com/?key=eec34184cfd8f82cda816f82753a8c8e9e240f30cf54470e19667b8cbb401948&preview_theme_id="): Navigate to 'https://diff-apollo.myshopify.com/?key=eec34184cfd8f82cda816f82753a8c8e9e240f30cf54470e19667b8cbb401948&preview_theme_id=' successfully

2019-07-10 15:26:26 - [MESSAGE][PASSED] - Navigate to 'https://diff-apollo.myshopify.com/?key=eec34184cfd8f82cda816f82753a8c8e9e240f30cf54470e19667b8cbb401948&preview_theme_id=' successfully

2019-07-10 15:26:26 - [TEST_STEP][NOT_RUN] - executeJavaScript("var previewBar = document.getElementById("preview-bar-iframe"); previewBar.style.display = "none";", []): NOT_RUN: executeJavaScript("var previewBar = document.getElementById("preview-bar-iframe"); previewBar.style.display = "none";", [])

2019-07-10 15:26:26 - [MESSAGE][NOT_RUN] - NOT_RUN: executeJavaScript("var previewBar = document.getElementById("preview-bar-iframe"); previewBar.style.display = "none";", [])

2019-07-10 15:26:26 - [TEST_STEP][PASSED] - maximizeWindow(): Current window maximized

2019-07-10 15:26:26 - [MESSAGE][PASSED] - Current window maximized

2019-07-10 15:26:26 - [MESSAGE][PASSED] - Call Test Case 'Test Cases/CALL - URL' successfully

2019-07-10 15:26:26 - [TEST_STEP][PASSED] - delay(2): Delayed 2 second(s)

2019-07-10 15:26:28 - [MESSAGE][PASSED] - Delayed 2 second(s)

2019-07-10 15:26:28 - [TEST_STEP][FAILED] - click(findTestObject("APOLLO- Desktop/Home page/Map location icon")): click(findTestObject("APOLLO- Desktop/Home page/Map location icon")) FAILED.
Reason:
com.kms.katalon.core.exception.StepFailedException: Unable to click on object 'Object Repository/APOLLO- Desktop/Home page/Map location icon' (Root cause: com.kms.katalon.core.webui.exception.WebElementNotFoundException: Web element with id: 'Object Repository/APOLLO- Desktop/Home page/Map location icon' located by 'By.xpath: //*[@id="shopify-section-header"]/header/div[1]/div[2]/div/a[2]' not found)
	at com.kms.katalon.core.keyword.internal.KeywordMain.stepFailed(KeywordMain.groovy:36)
	at com.kms.katalon.core.webui.keyword.internal.WebUIKeywordMain.stepFailed(WebUIKeywordMain.groovy:65)
	at com.kms.katalon.core.webui.keyword.internal.WebUIKeywordMain.runKeyword(WebUIKeywordMain.groovy:27)
	at com.kms.katalon.core.webui.keyword.builtin.ClickKeyword.click(ClickKeyword.groovy:86)
	at com.kms.katalon.core.webui.keyword.builtin.ClickKeyword.execute(ClickKeyword.groovy:67)
	at com.kms.katalon.core.keyword.internal.KeywordExecutor.executeKeywordForPlatform(KeywordExecutor.groovy:53)
	at com.kms.katalon.core.webui.keyword.WebUiBuiltInKeywords.click(WebUiBuiltInKeywords.groovy:616)
	at com.kms.katalon.core.webui.keyword.WebUiBuiltInKeywords$click$2.call(Unknown Source)
	at Store locator.run(Store locator:20)
	at com.kms.katalon.core.main.ScriptEngine.run(ScriptEngine.java:194)
	at com.kms.katalon.core.main.ScriptEngine.runScriptAsRawText(ScriptEngine.java:119)
	at com.kms.katalon.core.main.TestCaseExecutor.runScript(TestCaseExecutor.java:328)
	at com.kms.katalon.core.main.TestCaseExecutor.doExecute(TestCaseExecutor.java:319)
	at com.kms.katalon.core.main.TestCaseExecutor.processExecutionPhase(TestCaseExecutor.java:298)
	at com.kms.katalon.core.main.TestCaseExecutor.accessMainPhase(TestCaseExecutor.java:290)
	at com.kms.katalon.core.main.TestCaseExecutor.execute(TestCaseExecutor.java:224)
	at com.kms.katalon.core.main.TestSuiteExecutor.accessTestCaseMainPhase(TestSuiteExecutor.java:129)
	at com.kms.katalon.core.main.TestSuiteExecutor.accessTestSuiteMainPhase(TestSuiteExecutor.java:112)
	at com.kms.katalon.core.main.TestSuiteExecutor.execute(TestSuiteExecutor.java:81)
	at com.kms.katalon.core.main.TestCaseMain.startTestSuite(TestCaseMain.java:149)
	at com.kms.katalon.core.main.TestCaseMain$startTestSuite$0.call(Unknown Source)
	at TempTestSuite1562786448509.run(TempTestSuite1562786448509.groovy:36)


2019-07-10 15:27:19 - [MESSAGE][INFO] - Unable to find the element located by 'By.xpath: //*[@id="shopify-section-header"]/header/div[1]/div[2]/div/a[2]'. Please recheck the objects properties to make sure the desired element is located. 

2019-07-10 15:27:20 - [MESSAGE][FAILED] - Unable to click on object 'Object Repository/APOLLO- Desktop/Home page/Map location icon' (Root cause: com.kms.katalon.core.webui.exception.WebElementNotFoundException: Web element with id: 'Object Repository/APOLLO- Desktop/Home page/Map location icon' located by 'By.xpath: //*[@id="shopify-section-header"]/header/div[1]/div[2]/div/a[2]' not found)
[[ATTACHMENT|/Users/sumankompelly/git/Apollo-Dark-Desktop/Reports/Apollo - dark build/20190710_152048/1562786839373.png]]

2019-07-10 15:27:20 - [MESSAGE][FAILED] - click(findTestObject("APOLLO- Desktop/Home page/Map location icon")) FAILED.
Reason:
com.kms.katalon.core.exception.StepFailedException: Unable to click on object 'Object Repository/APOLLO- Desktop/Home page/Map location icon' (Root cause: com.kms.katalon.core.webui.exception.WebElementNotFoundException: Web element with id: 'Object Repository/APOLLO- Desktop/Home page/Map location icon' located by 'By.xpath: //*[@id="shopify-section-header"]/header/div[1]/div[2]/div/a[2]' not found)
	at com.kms.katalon.core.keyword.internal.KeywordMain.stepFailed(KeywordMain.groovy:36)
	at com.kms.katalon.core.webui.keyword.internal.WebUIKeywordMain.stepFailed(WebUIKeywordMain.groovy:65)
	at com.kms.katalon.core.webui.keyword.internal.WebUIKeywordMain.runKeyword(WebUIKeywordMain.groovy:27)
	at com.kms.katalon.core.webui.keyword.builtin.ClickKeyword.click(ClickKeyword.groovy:86)
	at com.kms.katalon.core.webui.keyword.builtin.ClickKeyword.execute(ClickKeyword.groovy:67)
	at com.kms.katalon.core.keyword.internal.KeywordExecutor.executeKeywordForPlatform(KeywordExecutor.groovy:53)
	at com.kms.katalon.core.webui.keyword.WebUiBuiltInKeywords.click(WebUiBuiltInKeywords.groovy:616)
	at com.kms.katalon.core.webui.keyword.WebUiBuiltInKeywords$click$2.call(Unknown Source)
	at Store locator.run(Store locator:20)
	at com.kms.katalon.core.main.ScriptEngine.run(ScriptEngine.java:194)
	at com.kms.katalon.core.main.ScriptEngine.runScriptAsRawText(ScriptEngine.java:119)
	at com.kms.katalon.core.main.TestCaseExecutor.runScript(TestCaseExecutor.java:328)
	at com.kms.katalon.core.main.TestCaseExecutor.doExecute(TestCaseExecutor.java:319)
	at com.kms.katalon.core.main.TestCaseExecutor.processExecutionPhase(TestCaseExecutor.java:298)
	at com.kms.katalon.core.main.TestCaseExecutor.accessMainPhase(TestCaseExecutor.java:290)
	at com.kms.katalon.core.main.TestCaseExecutor.execute(TestCaseExecutor.java:224)
	at com.kms.katalon.core.main.TestSuiteExecutor.accessTestCaseMainPhase(TestSuiteExecutor.java:129)
	at com.kms.katalon.core.main.TestSuiteExecutor.accessTestSuiteMainPhase(TestSuiteExecutor.java:112)
	at com.kms.katalon.core.main.TestSuiteExecutor.execute(TestSuiteExecutor.java:81)
	at com.kms.katalon.core.main.TestCaseMain.startTestSuite(TestCaseMain.java:149)
	at com.kms.katalon.core.main.TestCaseMain$startTestSuite$0.call(Unknown Source)
	at TempTestSuite1562786448509.run(TempTestSuite1562786448509.groovy:36)]]></system-out>
         <system-err><![CDATA[2019-07-10 15:26:00 - [TEST_CASE][FAILED] - Test Cases/HOME PAGE/Store locator: Test Cases/HOME PAGE/Store locator FAILED.
Reason:
com.kms.katalon.core.exception.StepFailedException: Unable to click on object 'Object Repository/APOLLO- Desktop/Home page/Map location icon' (Root cause: com.kms.katalon.core.webui.exception.WebElementNotFoundException: Web element with id: 'Object Repository/APOLLO- Desktop/Home page/Map location icon' located by 'By.xpath: //*[@id="shopify-section-header"]/header/div[1]/div[2]/div/a[2]' not found)
	at com.kms.katalon.core.keyword.internal.KeywordMain.stepFailed(KeywordMain.groovy:36)
	at com.kms.katalon.core.webui.keyword.internal.WebUIKeywordMain.stepFailed(WebUIKeywordMain.groovy:65)
	at com.kms.katalon.core.webui.keyword.internal.WebUIKeywordMain.runKeyword(WebUIKeywordMain.groovy:27)
	at com.kms.katalon.core.webui.keyword.builtin.ClickKeyword.click(ClickKeyword.groovy:86)
	at com.kms.katalon.core.webui.keyword.builtin.ClickKeyword.execute(ClickKeyword.groovy:67)
	at com.kms.katalon.core.keyword.internal.KeywordExecutor.executeKeywordForPlatform(KeywordExecutor.groovy:53)
	at com.kms.katalon.core.webui.keyword.WebUiBuiltInKeywords.click(WebUiBuiltInKeywords.groovy:616)
	at com.kms.katalon.core.webui.keyword.WebUiBuiltInKeywords$click$2.call(Unknown Source)
	at Store locator.run(Store locator:20)
	at com.kms.katalon.core.main.ScriptEngine.run(ScriptEngine.java:194)
	at com.kms.katalon.core.main.ScriptEngine.runScriptAsRawText(ScriptEngine.java:119)
	at com.kms.katalon.core.main.TestCaseExecutor.runScript(TestCaseExecutor.java:328)
	at com.kms.katalon.core.main.TestCaseExecutor.doExecute(TestCaseExecutor.java:319)
	at com.kms.katalon.core.main.TestCaseExecutor.processExecutionPhase(TestCaseExecutor.java:298)
	at com.kms.katalon.core.main.TestCaseExecutor.accessMainPhase(TestCaseExecutor.java:290)
	at com.kms.katalon.core.main.TestCaseExecutor.execute(TestCaseExecutor.java:224)
	at com.kms.katalon.core.main.TestSuiteExecutor.accessTestCaseMainPhase(TestSuiteExecutor.java:129)
	at com.kms.katalon.core.main.TestSuiteExecutor.accessTestSuiteMainPhase(TestSuiteExecutor.java:112)
	at com.kms.katalon.core.main.TestSuiteExecutor.execute(TestSuiteExecutor.java:81)
	at com.kms.katalon.core.main.TestCaseMain.startTestSuite(TestCaseMain.java:149)
	at com.kms.katalon.core.main.TestCaseMain$startTestSuite$0.call(Unknown Source)
	at TempTestSuite1562786448509.run(TempTestSuite1562786448509.groovy:36)]]></system-err>
      </testcase>
      <testcase name="Test Cases/HOME PAGE/New letter and video CTA" classname="Test Cases/HOME PAGE/New letter and video CTA" status="FAILED">
         <failure type="FAILED" message="Test Cases/HOME PAGE/New letter and video CTA FAILED.
Reason:
com.kms.katalon.core.exception.StepFailedException: Unable to click on object 'Object Repository/APOLLO- Desktop/Home page/News letter and CTA/start shopping' (Root cause: com.kms.katalon.core.webui.exception.WebElementNotFoundException: Web element with id: 'Object Repository/APOLLO- Desktop/Home page/News letter and CTA/start shopping' located by 'By.xpath: //a[contains(text(),'start shopping')]' not found)
	at com.kms.katalon.core.keyword.internal.KeywordMain.stepFailed(KeywordMain.groovy:36)
	at com.kms.katalon.core.webui.keyword.internal.WebUIKeywordMain.stepFailed(WebUIKeywordMain.groovy:65)
	at com.kms.katalon.core.webui.keyword.internal.WebUIKeywordMain.runKeyword(WebUIKeywordMain.groovy:27)
	at com.kms.katalon.core.webui.keyword.builtin.ClickKeyword.click(ClickKeyword.groovy:86)
	at com.kms.katalon.core.webui.keyword.builtin.ClickKeyword.execute(ClickKeyword.groovy:67)
	at com.kms.katalon.core.keyword.internal.KeywordExecutor.executeKeywordForPlatform(KeywordExecutor.groovy:53)
	at com.kms.katalon.core.webui.keyword.WebUiBuiltInKeywords.click(WebUiBuiltInKeywords.groovy:616)
	at com.kms.katalon.core.webui.keyword.WebUiBuiltInKeywords$click$2.call(Unknown Source)
	at New letter and video CTA.run(New letter and video CTA:48)
	at com.kms.katalon.core.main.ScriptEngine.run(ScriptEngine.java:194)
	at com.kms.katalon.core.main.ScriptEngine.runScriptAsRawText(ScriptEngine.java:119)
	at com.kms.katalon.core.main.TestCaseExecutor.runScript(TestCaseExecutor.java:328)
	at com.kms.katalon.core.main.TestCaseExecutor.doExecute(TestCaseExecutor.java:319)
	at com.kms.katalon.core.main.TestCaseExecutor.processExecutionPhase(TestCaseExecutor.java:298)
	at com.kms.katalon.core.main.TestCaseExecutor.accessMainPhase(TestCaseExecutor.java:290)
	at com.kms.katalon.core.main.TestCaseExecutor.execute(TestCaseExecutor.java:224)
	at com.kms.katalon.core.main.TestSuiteExecutor.accessTestCaseMainPhase(TestSuiteExecutor.java:129)
	at com.kms.katalon.core.main.TestSuiteExecutor.accessTestSuiteMainPhase(TestSuiteExecutor.java:112)
	at com.kms.katalon.core.main.TestSuiteExecutor.execute(TestSuiteExecutor.java:81)
	at com.kms.katalon.core.main.TestCaseMain.startTestSuite(TestCaseMain.java:149)
	at com.kms.katalon.core.main.TestCaseMain$startTestSuite$0.call(Unknown Source)
	at TempTestSuite1562786448509.run(TempTestSuite1562786448509.groovy:36)
"/>
         <system-out><![CDATA[2019-07-10 15:27:20 - [TEST_CASE][FAILED] - Test Cases/HOME PAGE/New letter and video CTA: Test Cases/HOME PAGE/New letter and video CTA FAILED.
Reason:
com.kms.katalon.core.exception.StepFailedException: Unable to click on object 'Object Repository/APOLLO- Desktop/Home page/News letter and CTA/start shopping' (Root cause: com.kms.katalon.core.webui.exception.WebElementNotFoundException: Web element with id: 'Object Repository/APOLLO- Desktop/Home page/News letter and CTA/start shopping' located by 'By.xpath: //a[contains(text(),'start shopping')]' not found)
	at com.kms.katalon.core.keyword.internal.KeywordMain.stepFailed(KeywordMain.groovy:36)
	at com.kms.katalon.core.webui.keyword.internal.WebUIKeywordMain.stepFailed(WebUIKeywordMain.groovy:65)
	at com.kms.katalon.core.webui.keyword.internal.WebUIKeywordMain.runKeyword(WebUIKeywordMain.groovy:27)
	at com.kms.katalon.core.webui.keyword.builtin.ClickKeyword.click(ClickKeyword.groovy:86)
	at com.kms.katalon.core.webui.keyword.builtin.ClickKeyword.execute(ClickKeyword.groovy:67)
	at com.kms.katalon.core.keyword.internal.KeywordExecutor.executeKeywordForPlatform(KeywordExecutor.groovy:53)
	at com.kms.katalon.core.webui.keyword.WebUiBuiltInKeywords.click(WebUiBuiltInKeywords.groovy:616)
	at com.kms.katalon.core.webui.keyword.WebUiBuiltInKeywords$click$2.call(Unknown Source)
	at New letter and video CTA.run(New letter and video CTA:48)
	at com.kms.katalon.core.main.ScriptEngine.run(ScriptEngine.java:194)
	at com.kms.katalon.core.main.ScriptEngine.runScriptAsRawText(ScriptEngine.java:119)
	at com.kms.katalon.core.main.TestCaseExecutor.runScript(TestCaseExecutor.java:328)
	at com.kms.katalon.core.main.TestCaseExecutor.doExecute(TestCaseExecutor.java:319)
	at com.kms.katalon.core.main.TestCaseExecutor.processExecutionPhase(TestCaseExecutor.java:298)
	at com.kms.katalon.core.main.TestCaseExecutor.accessMainPhase(TestCaseExecutor.java:290)
	at com.kms.katalon.core.main.TestCaseExecutor.execute(TestCaseExecutor.java:224)
	at com.kms.katalon.core.main.TestSuiteExecutor.accessTestCaseMainPhase(TestSuiteExecutor.java:129)
	at com.kms.katalon.core.main.TestSuiteExecutor.accessTestSuiteMainPhase(TestSuiteExecutor.java:112)
	at com.kms.katalon.core.main.TestSuiteExecutor.execute(TestSuiteExecutor.java:81)
	at com.kms.katalon.core.main.TestCaseMain.startTestSuite(TestCaseMain.java:149)
	at com.kms.katalon.core.main.TestCaseMain$startTestSuite$0.call(Unknown Source)
	at TempTestSuite1562786448509.run(TempTestSuite1562786448509.groovy:36)


2019-07-10 15:27:20 - [TEST_STEP][PASSED] - callTestCase(findTestCase("CALL - URL"), [:], STOP_ON_FAILURE): Call Test Case 'Test Cases/CALL - URL' successfully

2019-07-10 15:27:20 - [TEST_CASE][PASSED] - Test Cases/CALL - URL: Test Cases/CALL - URL

2019-07-10 15:27:20 - [TEST_STEP][PASSED] - openBrowser(""): Browser is opened with url: ''

2019-07-10 15:27:20 - [MESSAGE][WARNING] - A browser is already opened. Closing browser and opening a new one

2019-07-10 15:27:23 - [MESSAGE][INFO] - Starting 'Remote' driver

2019-07-10 15:27:23 - [MESSAGE][INFO] - User set preference: ['os', 'Windows']

2019-07-10 15:27:23 - [MESSAGE][INFO] - User set preference: ['os_version', '10']

2019-07-10 15:27:23 - [MESSAGE][INFO] - User set preference: ['browser', 'Edge']

2019-07-10 15:27:23 - [MESSAGE][INFO] - User set preference: ['browser_version', '18.0']

2019-07-10 15:27:23 - [MESSAGE][INFO] - User set preference: ['resolution', '']

2019-07-10 15:27:23 - [MESSAGE][INFO] - Connecting to remote web server 'https://dianatest3:Z3oqw9ysqTeRQJq5wFCp@hub-cloud.browserstack.com/wd/hub' with type 'Selenium'

2019-07-10 15:27:34 - [MESSAGE][PASSED] - Browser is opened with url: ''

2019-07-10 15:27:34 - [TEST_STEP][PASSED] - navigateToUrl("https://diff-apollo.myshopify.com/?key=eec34184cfd8f82cda816f82753a8c8e9e240f30cf54470e19667b8cbb401948&preview_theme_id="): Navigate to 'https://diff-apollo.myshopify.com/?key=eec34184cfd8f82cda816f82753a8c8e9e240f30cf54470e19667b8cbb401948&preview_theme_id=' successfully

2019-07-10 15:27:39 - [MESSAGE][PASSED] - Navigate to 'https://diff-apollo.myshopify.com/?key=eec34184cfd8f82cda816f82753a8c8e9e240f30cf54470e19667b8cbb401948&preview_theme_id=' successfully

2019-07-10 15:27:39 - [TEST_STEP][NOT_RUN] - executeJavaScript("var previewBar = document.getElementById("preview-bar-iframe"); previewBar.style.display = "none";", []): NOT_RUN: executeJavaScript("var previewBar = document.getElementById("preview-bar-iframe"); previewBar.style.display = "none";", [])

2019-07-10 15:27:39 - [MESSAGE][NOT_RUN] - NOT_RUN: executeJavaScript("var previewBar = document.getElementById("preview-bar-iframe"); previewBar.style.display = "none";", [])

2019-07-10 15:27:39 - [TEST_STEP][PASSED] - maximizeWindow(): Current window maximized

2019-07-10 15:27:40 - [MESSAGE][PASSED] - Current window maximized

2019-07-10 15:27:40 - [MESSAGE][PASSED] - Call Test Case 'Test Cases/CALL - URL' successfully

2019-07-10 15:27:40 - [TEST_STEP][PASSED] - delay(2): Delayed 2 second(s)

2019-07-10 15:27:42 - [MESSAGE][PASSED] - Delayed 2 second(s)

2019-07-10 15:27:42 - [TEST_STEP][PASSED] - scrollToElement(findTestObject("APOLLO- Desktop/Home page/News letter and CTA/Subscribe to our newsletter"), 0): Scroll to object 'Object Repository/APOLLO- Desktop/Home page/News letter and CTA/Subscribe to our newsletter' successfully

2019-07-10 15:27:42 - [MESSAGE][WARNING] - Timeout '0' is invalid. Using default page load timeout: '30'

2019-07-10 15:27:43 - [MESSAGE][PASSED] - Scroll to object 'Object Repository/APOLLO- Desktop/Home page/News letter and CTA/Subscribe to our newsletter' successfully

2019-07-10 15:27:43 - [TEST_STEP][PASSED] - delay(2): Delayed 2 second(s)

2019-07-10 15:27:45 - [MESSAGE][PASSED] - Delayed 2 second(s)

2019-07-10 15:27:45 - [TEST_STEP][PASSED] - setText(findTestObject("APOLLO- Desktop/Home page/News letter and CTA/input_Subscribe to our newsletter"), "suman@gmail.com"): Text 'suman@gmail.com' is set on object 'Object Repository/APOLLO- Desktop/Home page/News letter and CTA/input_Subscribe to our newsletter'

2019-07-10 15:27:46 - [MESSAGE][PASSED] - Text 'suman@gmail.com' is set on object 'Object Repository/APOLLO- Desktop/Home page/News letter and CTA/input_Subscribe to our newsletter'

2019-07-10 15:27:46 - [TEST_STEP][PASSED] - delay(2): Delayed 2 second(s)

2019-07-10 15:27:48 - [MESSAGE][PASSED] - Delayed 2 second(s)

2019-07-10 15:27:48 - [TEST_STEP][PASSED] - click(findTestObject("APOLLO- Desktop/Home page/News letter and CTA/button Sign Up")): Object: 'Object Repository/APOLLO- Desktop/Home page/News letter and CTA/button Sign Up' is clicked on

2019-07-10 15:27:49 - [MESSAGE][PASSED] - Object: 'Object Repository/APOLLO- Desktop/Home page/News letter and CTA/button Sign Up' is clicked on

2019-07-10 15:27:49 - [TEST_STEP][PASSED] - delay(2): Delayed 2 second(s)

2019-07-10 15:27:51 - [MESSAGE][PASSED] - Delayed 2 second(s)

2019-07-10 15:27:51 - [TEST_STEP][NOT_RUN] - a = getText(findTestObject("APOLLO- Desktop/Home page/News letter and CTA/p_Thanks for signing up for ou")): NOT_RUN: a = getText(findTestObject("APOLLO- Desktop/Home page/News letter and CTA/p_Thanks for signing up for ou"))

2019-07-10 15:27:51 - [MESSAGE][NOT_RUN] - NOT_RUN: a = getText(findTestObject("APOLLO- Desktop/Home page/News letter and CTA/p_Thanks for signing up for ou"))

2019-07-10 15:27:51 - [TEST_STEP][NOT_RUN] - comment("a=" + a): NOT_RUN: comment("a=" + a)

2019-07-10 15:27:51 - [MESSAGE][NOT_RUN] - NOT_RUN: comment("a=" + a)

2019-07-10 15:27:51 - [TEST_STEP][NOT_RUN] - delay(2): NOT_RUN: delay(2)

2019-07-10 15:27:51 - [MESSAGE][NOT_RUN] - NOT_RUN: delay(2)

2019-07-10 15:27:51 - [TEST_STEP][NOT_RUN] - b = "Thanks for signing up for our newsletter ": NOT_RUN: b = "Thanks for signing up for our newsletter "

2019-07-10 15:27:51 - [MESSAGE][NOT_RUN] - NOT_RUN: b = "Thanks for signing up for our newsletter "

2019-07-10 15:27:51 - [TEST_STEP][NOT_RUN] - if (a == b): NOT_RUN: if (a == b)

2019-07-10 15:27:51 - [MESSAGE][NOT_RUN] - NOT_RUN: if (a == b)

2019-07-10 15:27:51 - [TEST_STEP][PASSED] - delay(2): Delayed 2 second(s)

2019-07-10 15:27:53 - [MESSAGE][PASSED] - Delayed 2 second(s)

2019-07-10 15:27:53 - [TEST_STEP][FAILED] - click(findTestObject("APOLLO- Desktop/Home page/News letter and CTA/start shopping")): click(findTestObject("APOLLO- Desktop/Home page/News letter and CTA/start shopping")) FAILED.
Reason:
com.kms.katalon.core.exception.StepFailedException: Unable to click on object 'Object Repository/APOLLO- Desktop/Home page/News letter and CTA/start shopping' (Root cause: com.kms.katalon.core.webui.exception.WebElementNotFoundException: Web element with id: 'Object Repository/APOLLO- Desktop/Home page/News letter and CTA/start shopping' located by 'By.xpath: //a[contains(text(),'start shopping')]' not found)
	at com.kms.katalon.core.keyword.internal.KeywordMain.stepFailed(KeywordMain.groovy:36)
	at com.kms.katalon.core.webui.keyword.internal.WebUIKeywordMain.stepFailed(WebUIKeywordMain.groovy:65)
	at com.kms.katalon.core.webui.keyword.internal.WebUIKeywordMain.runKeyword(WebUIKeywordMain.groovy:27)
	at com.kms.katalon.core.webui.keyword.builtin.ClickKeyword.click(ClickKeyword.groovy:86)
	at com.kms.katalon.core.webui.keyword.builtin.ClickKeyword.execute(ClickKeyword.groovy:67)
	at com.kms.katalon.core.keyword.internal.KeywordExecutor.executeKeywordForPlatform(KeywordExecutor.groovy:53)
	at com.kms.katalon.core.webui.keyword.WebUiBuiltInKeywords.click(WebUiBuiltInKeywords.groovy:616)
	at com.kms.katalon.core.webui.keyword.WebUiBuiltInKeywords$click$2.call(Unknown Source)
	at New letter and video CTA.run(New letter and video CTA:48)
	at com.kms.katalon.core.main.ScriptEngine.run(ScriptEngine.java:194)
	at com.kms.katalon.core.main.ScriptEngine.runScriptAsRawText(ScriptEngine.java:119)
	at com.kms.katalon.core.main.TestCaseExecutor.runScript(TestCaseExecutor.java:328)
	at com.kms.katalon.core.main.TestCaseExecutor.doExecute(TestCaseExecutor.java:319)
	at com.kms.katalon.core.main.TestCaseExecutor.processExecutionPhase(TestCaseExecutor.java:298)
	at com.kms.katalon.core.main.TestCaseExecutor.accessMainPhase(TestCaseExecutor.java:290)
	at com.kms.katalon.core.main.TestCaseExecutor.execute(TestCaseExecutor.java:224)
	at com.kms.katalon.core.main.TestSuiteExecutor.accessTestCaseMainPhase(TestSuiteExecutor.java:129)
	at com.kms.katalon.core.main.TestSuiteExecutor.accessTestSuiteMainPhase(TestSuiteExecutor.java:112)
	at com.kms.katalon.core.main.TestSuiteExecutor.execute(TestSuiteExecutor.java:81)
	at com.kms.katalon.core.main.TestCaseMain.startTestSuite(TestCaseMain.java:149)
	at com.kms.katalon.core.main.TestCaseMain$startTestSuite$0.call(Unknown Source)
	at TempTestSuite1562786448509.run(TempTestSuite1562786448509.groovy:36)


2019-07-10 15:28:42 - [MESSAGE][INFO] - Unable to find the element located by 'By.xpath: //a[contains(text(),'start shopping')]'. Please recheck the objects properties to make sure the desired element is located. 

2019-07-10 15:28:43 - [MESSAGE][FAILED] - Unable to click on object 'Object Repository/APOLLO- Desktop/Home page/News letter and CTA/start shopping' (Root cause: com.kms.katalon.core.webui.exception.WebElementNotFoundException: Web element with id: 'Object Repository/APOLLO- Desktop/Home page/News letter and CTA/start shopping' located by 'By.xpath: //a[contains(text(),'start shopping')]' not found)
[[ATTACHMENT|/Users/sumankompelly/git/Apollo-Dark-Desktop/Reports/Apollo - dark build/20190710_152048/1562786922726.png]]

2019-07-10 15:28:43 - [MESSAGE][FAILED] - click(findTestObject("APOLLO- Desktop/Home page/News letter and CTA/start shopping")) FAILED.
Reason:
com.kms.katalon.core.exception.StepFailedException: Unable to click on object 'Object Repository/APOLLO- Desktop/Home page/News letter and CTA/start shopping' (Root cause: com.kms.katalon.core.webui.exception.WebElementNotFoundException: Web element with id: 'Object Repository/APOLLO- Desktop/Home page/News letter and CTA/start shopping' located by 'By.xpath: //a[contains(text(),'start shopping')]' not found)
	at com.kms.katalon.core.keyword.internal.KeywordMain.stepFailed(KeywordMain.groovy:36)
	at com.kms.katalon.core.webui.keyword.internal.WebUIKeywordMain.stepFailed(WebUIKeywordMain.groovy:65)
	at com.kms.katalon.core.webui.keyword.internal.WebUIKeywordMain.runKeyword(WebUIKeywordMain.groovy:27)
	at com.kms.katalon.core.webui.keyword.builtin.ClickKeyword.click(ClickKeyword.groovy:86)
	at com.kms.katalon.core.webui.keyword.builtin.ClickKeyword.execute(ClickKeyword.groovy:67)
	at com.kms.katalon.core.keyword.internal.KeywordExecutor.executeKeywordForPlatform(KeywordExecutor.groovy:53)
	at com.kms.katalon.core.webui.keyword.WebUiBuiltInKeywords.click(WebUiBuiltInKeywords.groovy:616)
	at com.kms.katalon.core.webui.keyword.WebUiBuiltInKeywords$click$2.call(Unknown Source)
	at New letter and video CTA.run(New letter and video CTA:48)
	at com.kms.katalon.core.main.ScriptEngine.run(ScriptEngine.java:194)
	at com.kms.katalon.core.main.ScriptEngine.runScriptAsRawText(ScriptEngine.java:119)
	at com.kms.katalon.core.main.TestCaseExecutor.runScript(TestCaseExecutor.java:328)
	at com.kms.katalon.core.main.TestCaseExecutor.doExecute(TestCaseExecutor.java:319)
	at com.kms.katalon.core.main.TestCaseExecutor.processExecutionPhase(TestCaseExecutor.java:298)
	at com.kms.katalon.core.main.TestCaseExecutor.accessMainPhase(TestCaseExecutor.java:290)
	at com.kms.katalon.core.main.TestCaseExecutor.execute(TestCaseExecutor.java:224)
	at com.kms.katalon.core.main.TestSuiteExecutor.accessTestCaseMainPhase(TestSuiteExecutor.java:129)
	at com.kms.katalon.core.main.TestSuiteExecutor.accessTestSuiteMainPhase(TestSuiteExecutor.java:112)
	at com.kms.katalon.core.main.TestSuiteExecutor.execute(TestSuiteExecutor.java:81)
	at com.kms.katalon.core.main.TestCaseMain.startTestSuite(TestCaseMain.java:149)
	at com.kms.katalon.core.main.TestCaseMain$startTestSuite$0.call(Unknown Source)
	at TempTestSuite1562786448509.run(TempTestSuite1562786448509.groovy:36)]]></system-out>
         <system-err><![CDATA[2019-07-10 15:27:20 - [TEST_CASE][FAILED] - Test Cases/HOME PAGE/New letter and video CTA: Test Cases/HOME PAGE/New letter and video CTA FAILED.
Reason:
com.kms.katalon.core.exception.StepFailedException: Unable to click on object 'Object Repository/APOLLO- Desktop/Home page/News letter and CTA/start shopping' (Root cause: com.kms.katalon.core.webui.exception.WebElementNotFoundException: Web element with id: 'Object Repository/APOLLO- Desktop/Home page/News letter and CTA/start shopping' located by 'By.xpath: //a[contains(text(),'start shopping')]' not found)
	at com.kms.katalon.core.keyword.internal.KeywordMain.stepFailed(KeywordMain.groovy:36)
	at com.kms.katalon.core.webui.keyword.internal.WebUIKeywordMain.stepFailed(WebUIKeywordMain.groovy:65)
	at com.kms.katalon.core.webui.keyword.internal.WebUIKeywordMain.runKeyword(WebUIKeywordMain.groovy:27)
	at com.kms.katalon.core.webui.keyword.builtin.ClickKeyword.click(ClickKeyword.groovy:86)
	at com.kms.katalon.core.webui.keyword.builtin.ClickKeyword.execute(ClickKeyword.groovy:67)
	at com.kms.katalon.core.keyword.internal.KeywordExecutor.executeKeywordForPlatform(KeywordExecutor.groovy:53)
	at com.kms.katalon.core.webui.keyword.WebUiBuiltInKeywords.click(WebUiBuiltInKeywords.groovy:616)
	at com.kms.katalon.core.webui.keyword.WebUiBuiltInKeywords$click$2.call(Unknown Source)
	at New letter and video CTA.run(New letter and video CTA:48)
	at com.kms.katalon.core.main.ScriptEngine.run(ScriptEngine.java:194)
	at com.kms.katalon.core.main.ScriptEngine.runScriptAsRawText(ScriptEngine.java:119)
	at com.kms.katalon.core.main.TestCaseExecutor.runScript(TestCaseExecutor.java:328)
	at com.kms.katalon.core.main.TestCaseExecutor.doExecute(TestCaseExecutor.java:319)
	at com.kms.katalon.core.main.TestCaseExecutor.processExecutionPhase(TestCaseExecutor.java:298)
	at com.kms.katalon.core.main.TestCaseExecutor.accessMainPhase(TestCaseExecutor.java:290)
	at com.kms.katalon.core.main.TestCaseExecutor.execute(TestCaseExecutor.java:224)
	at com.kms.katalon.core.main.TestSuiteExecutor.accessTestCaseMainPhase(TestSuiteExecutor.java:129)
	at com.kms.katalon.core.main.TestSuiteExecutor.accessTestSuiteMainPhase(TestSuiteExecutor.java:112)
	at com.kms.katalon.core.main.TestSuiteExecutor.execute(TestSuiteExecutor.java:81)
	at com.kms.katalon.core.main.TestCaseMain.startTestSuite(TestCaseMain.java:149)
	at com.kms.katalon.core.main.TestCaseMain$startTestSuite$0.call(Unknown Source)
	at TempTestSuite1562786448509.run(TempTestSuite1562786448509.groovy:36)]]></system-err>
      </testcase>
      <testcase name="Test Cases/HOME PAGE/Hero banner - CTA" classname="Test Cases/HOME PAGE/Hero banner - CTA" status="FAILED">
         <failure type="FAILED" message="Test Cases/HOME PAGE/Hero banner - CTA FAILED.
Reason:
com.kms.katalon.core.exception.StepFailedException: Unable to click on object 'Object Repository/APOLLO- Desktop/Home page/Hero banner - CTA/First slick slide' (Root cause: org.openqa.selenium.StaleElementReferenceException: The command failed because the specified element reference is stale.
For documentation on this error, please visit: http://seleniumhq.org/exceptions/stale_element_reference.html
Build info: version: '3.7.1', revision: '8a0099a', time: '2017-11-06T21:07:36.161Z'
System info: host: 'sumans-MacBook-Pro.local', ip: 'fe80:0:0:0:47c:ca88:4245:b7a7%en0', os.name: 'Mac OS X', os.arch: 'x86_64', os.version: '10.13.6', java.version: '1.8.0_181'
Driver info: com.kms.katalon.selenium.driver.CRemoteWebDriver
Capabilities {acceptInsecureCerts: false, browserName: MicrosoftEdge, browserVersion: 44.18362.1.0, javascriptEnabled: true, pageLoadStrategy: normal, platform: WINDOWS, platformName: WINDOWS, proxy: Proxy(), setWindowRect: false, timeouts: {implicit: 0, pageLoad: 300000, script: 30000}}
Session ID: 05be9c2206a5c887c4a8d3d9bb0f8e9312a77077)
	at com.kms.katalon.core.keyword.internal.KeywordMain.stepFailed(KeywordMain.groovy:36)
	at com.kms.katalon.core.webui.keyword.internal.WebUIKeywordMain.stepFailed(WebUIKeywordMain.groovy:65)
	at com.kms.katalon.core.webui.keyword.internal.WebUIKeywordMain.runKeyword(WebUIKeywordMain.groovy:27)
	at com.kms.katalon.core.webui.keyword.builtin.ClickKeyword.click(ClickKeyword.groovy:86)
	at com.kms.katalon.core.webui.keyword.builtin.ClickKeyword.execute(ClickKeyword.groovy:67)
	at com.kms.katalon.core.keyword.internal.KeywordExecutor.executeKeywordForPlatform(KeywordExecutor.groovy:53)
	at com.kms.katalon.core.webui.keyword.WebUiBuiltInKeywords.click(WebUiBuiltInKeywords.groovy:616)
	at com.kms.katalon.core.webui.keyword.WebUiBuiltInKeywords$click$2.call(Unknown Source)
	at Hero banner - CTA.run(Hero banner - CTA:20)
	at com.kms.katalon.core.main.ScriptEngine.run(ScriptEngine.java:194)
	at com.kms.katalon.core.main.ScriptEngine.runScriptAsRawText(ScriptEngine.java:119)
	at com.kms.katalon.core.main.TestCaseExecutor.runScript(TestCaseExecutor.java:328)
	at com.kms.katalon.core.main.TestCaseExecutor.doExecute(TestCaseExecutor.java:319)
	at com.kms.katalon.core.main.TestCaseExecutor.processExecutionPhase(TestCaseExecutor.java:298)
	at com.kms.katalon.core.main.TestCaseExecutor.accessMainPhase(TestCaseExecutor.java:290)
	at com.kms.katalon.core.main.TestCaseExecutor.execute(TestCaseExecutor.java:224)
	at com.kms.katalon.core.main.TestSuiteExecutor.accessTestCaseMainPhase(TestSuiteExecutor.java:129)
	at com.kms.katalon.core.main.TestSuiteExecutor.accessTestSuiteMainPhase(TestSuiteExecutor.java:112)
	at com.kms.katalon.core.main.TestSuiteExecutor.execute(TestSuiteExecutor.java:81)
	at com.kms.katalon.core.main.TestCaseMain.startTestSuite(TestCaseMain.java:149)
	at com.kms.katalon.core.main.TestCaseMain$startTestSuite$0.call(Unknown Source)
	at TempTestSuite1562786448509.run(TempTestSuite1562786448509.groovy:36)
"/>
         <system-out><![CDATA[2019-07-10 15:28:43 - [TEST_CASE][FAILED] - Test Cases/HOME PAGE/Hero banner - CTA: Test Cases/HOME PAGE/Hero banner - CTA FAILED.
Reason:
com.kms.katalon.core.exception.StepFailedException: Unable to click on object 'Object Repository/APOLLO- Desktop/Home page/Hero banner - CTA/First slick slide' (Root cause: org.openqa.selenium.StaleElementReferenceException: The command failed because the specified element reference is stale.
For documentation on this error, please visit: http://seleniumhq.org/exceptions/stale_element_reference.html
Build info: version: '3.7.1', revision: '8a0099a', time: '2017-11-06T21:07:36.161Z'
System info: host: 'sumans-MacBook-Pro.local', ip: 'fe80:0:0:0:47c:ca88:4245:b7a7%en0', os.name: 'Mac OS X', os.arch: 'x86_64', os.version: '10.13.6', java.version: '1.8.0_181'
Driver info: com.kms.katalon.selenium.driver.CRemoteWebDriver
Capabilities {acceptInsecureCerts: false, browserName: MicrosoftEdge, browserVersion: 44.18362.1.0, javascriptEnabled: true, pageLoadStrategy: normal, platform: WINDOWS, platformName: WINDOWS, proxy: Proxy(), setWindowRect: false, timeouts: {implicit: 0, pageLoad: 300000, script: 30000}}
Session ID: 05be9c2206a5c887c4a8d3d9bb0f8e9312a77077)
	at com.kms.katalon.core.keyword.internal.KeywordMain.stepFailed(KeywordMain.groovy:36)
	at com.kms.katalon.core.webui.keyword.internal.WebUIKeywordMain.stepFailed(WebUIKeywordMain.groovy:65)
	at com.kms.katalon.core.webui.keyword.internal.WebUIKeywordMain.runKeyword(WebUIKeywordMain.groovy:27)
	at com.kms.katalon.core.webui.keyword.builtin.ClickKeyword.click(ClickKeyword.groovy:86)
	at com.kms.katalon.core.webui.keyword.builtin.ClickKeyword.execute(ClickKeyword.groovy:67)
	at com.kms.katalon.core.keyword.internal.KeywordExecutor.executeKeywordForPlatform(KeywordExecutor.groovy:53)
	at com.kms.katalon.core.webui.keyword.WebUiBuiltInKeywords.click(WebUiBuiltInKeywords.groovy:616)
	at com.kms.katalon.core.webui.keyword.WebUiBuiltInKeywords$click$2.call(Unknown Source)
	at Hero banner - CTA.run(Hero banner - CTA:20)
	at com.kms.katalon.core.main.ScriptEngine.run(ScriptEngine.java:194)
	at com.kms.katalon.core.main.ScriptEngine.runScriptAsRawText(ScriptEngine.java:119)
	at com.kms.katalon.core.main.TestCaseExecutor.runScript(TestCaseExecutor.java:328)
	at com.kms.katalon.core.main.TestCaseExecutor.doExecute(TestCaseExecutor.java:319)
	at com.kms.katalon.core.main.TestCaseExecutor.processExecutionPhase(TestCaseExecutor.java:298)
	at com.kms.katalon.core.main.TestCaseExecutor.accessMainPhase(TestCaseExecutor.java:290)
	at com.kms.katalon.core.main.TestCaseExecutor.execute(TestCaseExecutor.java:224)
	at com.kms.katalon.core.main.TestSuiteExecutor.accessTestCaseMainPhase(TestSuiteExecutor.java:129)
	at com.kms.katalon.core.main.TestSuiteExecutor.accessTestSuiteMainPhase(TestSuiteExecutor.java:112)
	at com.kms.katalon.core.main.TestSuiteExecutor.execute(TestSuiteExecutor.java:81)
	at com.kms.katalon.core.main.TestCaseMain.startTestSuite(TestCaseMain.java:149)
	at com.kms.katalon.core.main.TestCaseMain$startTestSuite$0.call(Unknown Source)
	at TempTestSuite1562786448509.run(TempTestSuite1562786448509.groovy:36)


2019-07-10 15:28:43 - [TEST_STEP][PASSED] - callTestCase(findTestCase("CALL - URL"), [:], STOP_ON_FAILURE): Call Test Case 'Test Cases/CALL - URL' successfully

2019-07-10 15:28:43 - [TEST_CASE][PASSED] - Test Cases/CALL - URL: Test Cases/CALL - URL

2019-07-10 15:28:43 - [TEST_STEP][PASSED] - openBrowser(""): Browser is opened with url: ''

2019-07-10 15:28:43 - [MESSAGE][WARNING] - A browser is already opened. Closing browser and opening a new one

2019-07-10 15:28:44 - [MESSAGE][INFO] - Starting 'Remote' driver

2019-07-10 15:28:44 - [MESSAGE][INFO] - User set preference: ['os', 'Windows']

2019-07-10 15:28:44 - [MESSAGE][INFO] - User set preference: ['os_version', '10']

2019-07-10 15:28:44 - [MESSAGE][INFO] - User set preference: ['browser', 'Edge']

2019-07-10 15:28:44 - [MESSAGE][INFO] - User set preference: ['browser_version', '18.0']

2019-07-10 15:28:44 - [MESSAGE][INFO] - User set preference: ['resolution', '']

2019-07-10 15:28:44 - [MESSAGE][INFO] - Connecting to remote web server 'https://dianatest3:Z3oqw9ysqTeRQJq5wFCp@hub-cloud.browserstack.com/wd/hub' with type 'Selenium'

2019-07-10 15:28:57 - [MESSAGE][PASSED] - Browser is opened with url: ''

2019-07-10 15:28:57 - [TEST_STEP][PASSED] - navigateToUrl("https://diff-apollo.myshopify.com/?key=eec34184cfd8f82cda816f82753a8c8e9e240f30cf54470e19667b8cbb401948&preview_theme_id="): Navigate to 'https://diff-apollo.myshopify.com/?key=eec34184cfd8f82cda816f82753a8c8e9e240f30cf54470e19667b8cbb401948&preview_theme_id=' successfully

2019-07-10 15:29:10 - [MESSAGE][PASSED] - Navigate to 'https://diff-apollo.myshopify.com/?key=eec34184cfd8f82cda816f82753a8c8e9e240f30cf54470e19667b8cbb401948&preview_theme_id=' successfully

2019-07-10 15:29:10 - [TEST_STEP][NOT_RUN] - executeJavaScript("var previewBar = document.getElementById("preview-bar-iframe"); previewBar.style.display = "none";", []): NOT_RUN: executeJavaScript("var previewBar = document.getElementById("preview-bar-iframe"); previewBar.style.display = "none";", [])

2019-07-10 15:29:10 - [MESSAGE][NOT_RUN] - NOT_RUN: executeJavaScript("var previewBar = document.getElementById("preview-bar-iframe"); previewBar.style.display = "none";", [])

2019-07-10 15:29:10 - [TEST_STEP][PASSED] - maximizeWindow(): Current window maximized

2019-07-10 15:29:10 - [MESSAGE][PASSED] - Current window maximized

2019-07-10 15:29:10 - [MESSAGE][PASSED] - Call Test Case 'Test Cases/CALL - URL' successfully

2019-07-10 15:29:10 - [TEST_STEP][PASSED] - delay(2): Delayed 2 second(s)

2019-07-10 15:29:12 - [MESSAGE][PASSED] - Delayed 2 second(s)

2019-07-10 15:29:12 - [TEST_STEP][FAILED] - click(findTestObject("APOLLO- Desktop/Home page/Hero banner - CTA/First slick slide")): click(findTestObject("APOLLO- Desktop/Home page/Hero banner - CTA/First slick slide")) FAILED.
Reason:
com.kms.katalon.core.exception.StepFailedException: Unable to click on object 'Object Repository/APOLLO- Desktop/Home page/Hero banner - CTA/First slick slide' (Root cause: org.openqa.selenium.StaleElementReferenceException: The command failed because the specified element reference is stale.
For documentation on this error, please visit: http://seleniumhq.org/exceptions/stale_element_reference.html
Build info: version: '3.7.1', revision: '8a0099a', time: '2017-11-06T21:07:36.161Z'
System info: host: 'sumans-MacBook-Pro.local', ip: 'fe80:0:0:0:47c:ca88:4245:b7a7%en0', os.name: 'Mac OS X', os.arch: 'x86_64', os.version: '10.13.6', java.version: '1.8.0_181'
Driver info: com.kms.katalon.selenium.driver.CRemoteWebDriver
Capabilities {acceptInsecureCerts: false, browserName: MicrosoftEdge, browserVersion: 44.18362.1.0, javascriptEnabled: true, pageLoadStrategy: normal, platform: WINDOWS, platformName: WINDOWS, proxy: Proxy(), setWindowRect: false, timeouts: {implicit: 0, pageLoad: 300000, script: 30000}}
Session ID: 05be9c2206a5c887c4a8d3d9bb0f8e9312a77077)
	at com.kms.katalon.core.keyword.internal.KeywordMain.stepFailed(KeywordMain.groovy:36)
	at com.kms.katalon.core.webui.keyword.internal.WebUIKeywordMain.stepFailed(WebUIKeywordMain.groovy:65)
	at com.kms.katalon.core.webui.keyword.internal.WebUIKeywordMain.runKeyword(WebUIKeywordMain.groovy:27)
	at com.kms.katalon.core.webui.keyword.builtin.ClickKeyword.click(ClickKeyword.groovy:86)
	at com.kms.katalon.core.webui.keyword.builtin.ClickKeyword.execute(ClickKeyword.groovy:67)
	at com.kms.katalon.core.keyword.internal.KeywordExecutor.executeKeywordForPlatform(KeywordExecutor.groovy:53)
	at com.kms.katalon.core.webui.keyword.WebUiBuiltInKeywords.click(WebUiBuiltInKeywords.groovy:616)
	at com.kms.katalon.core.webui.keyword.WebUiBuiltInKeywords$click$2.call(Unknown Source)
	at Hero banner - CTA.run(Hero banner - CTA:20)
	at com.kms.katalon.core.main.ScriptEngine.run(ScriptEngine.java:194)
	at com.kms.katalon.core.main.ScriptEngine.runScriptAsRawText(ScriptEngine.java:119)
	at com.kms.katalon.core.main.TestCaseExecutor.runScript(TestCaseExecutor.java:328)
	at com.kms.katalon.core.main.TestCaseExecutor.doExecute(TestCaseExecutor.java:319)
	at com.kms.katalon.core.main.TestCaseExecutor.processExecutionPhase(TestCaseExecutor.java:298)
	at com.kms.katalon.core.main.TestCaseExecutor.accessMainPhase(TestCaseExecutor.java:290)
	at com.kms.katalon.core.main.TestCaseExecutor.execute(TestCaseExecutor.java:224)
	at com.kms.katalon.core.main.TestSuiteExecutor.accessTestCaseMainPhase(TestSuiteExecutor.java:129)
	at com.kms.katalon.core.main.TestSuiteExecutor.accessTestSuiteMainPhase(TestSuiteExecutor.java:112)
	at com.kms.katalon.core.main.TestSuiteExecutor.execute(TestSuiteExecutor.java:81)
	at com.kms.katalon.core.main.TestCaseMain.startTestSuite(TestCaseMain.java:149)
	at com.kms.katalon.core.main.TestCaseMain$startTestSuite$0.call(Unknown Source)
	at TempTestSuite1562786448509.run(TempTestSuite1562786448509.groovy:36)


2019-07-10 15:29:14 - [MESSAGE][FAILED] - Unable to click on object 'Object Repository/APOLLO- Desktop/Home page/Hero banner - CTA/First slick slide' (Root cause: org.openqa.selenium.StaleElementReferenceException: The command failed because the specified element reference is stale.
For documentation on this error, please visit: http://seleniumhq.org/exceptions/stale_element_reference.html
Build info: version: '3.7.1', revision: '8a0099a', time: '2017-11-06T21:07:36.161Z'
System info: host: 'sumans-MacBook-Pro.local', ip: 'fe80:0:0:0:47c:ca88:4245:b7a7%en0', os.name: 'Mac OS X', os.arch: 'x86_64', os.version: '10.13.6', java.version: '1.8.0_181'
Driver info: com.kms.katalon.selenium.driver.CRemoteWebDriver
Capabilities {acceptInsecureCerts: false, browserName: MicrosoftEdge, browserVersion: 44.18362.1.0, javascriptEnabled: true, pageLoadStrategy: normal, platform: WINDOWS, platformName: WINDOWS, proxy: Proxy(), setWindowRect: false, timeouts: {implicit: 0, pageLoad: 300000, script: 30000}}
Session ID: 05be9c2206a5c887c4a8d3d9bb0f8e9312a77077)
[[ATTACHMENT|/Users/sumankompelly/git/Apollo-Dark-Desktop/Reports/Apollo - dark build/20190710_152048/1562786953981.png]]

2019-07-10 15:29:14 - [MESSAGE][FAILED] - click(findTestObject("APOLLO- Desktop/Home page/Hero banner - CTA/First slick slide")) FAILED.
Reason:
com.kms.katalon.core.exception.StepFailedException: Unable to click on object 'Object Repository/APOLLO- Desktop/Home page/Hero banner - CTA/First slick slide' (Root cause: org.openqa.selenium.StaleElementReferenceException: The command failed because the specified element reference is stale.
For documentation on this error, please visit: http://seleniumhq.org/exceptions/stale_element_reference.html
Build info: version: '3.7.1', revision: '8a0099a', time: '2017-11-06T21:07:36.161Z'
System info: host: 'sumans-MacBook-Pro.local', ip: 'fe80:0:0:0:47c:ca88:4245:b7a7%en0', os.name: 'Mac OS X', os.arch: 'x86_64', os.version: '10.13.6', java.version: '1.8.0_181'
Driver info: com.kms.katalon.selenium.driver.CRemoteWebDriver
Capabilities {acceptInsecureCerts: false, browserName: MicrosoftEdge, browserVersion: 44.18362.1.0, javascriptEnabled: true, pageLoadStrategy: normal, platform: WINDOWS, platformName: WINDOWS, proxy: Proxy(), setWindowRect: false, timeouts: {implicit: 0, pageLoad: 300000, script: 30000}}
Session ID: 05be9c2206a5c887c4a8d3d9bb0f8e9312a77077)
	at com.kms.katalon.core.keyword.internal.KeywordMain.stepFailed(KeywordMain.groovy:36)
	at com.kms.katalon.core.webui.keyword.internal.WebUIKeywordMain.stepFailed(WebUIKeywordMain.groovy:65)
	at com.kms.katalon.core.webui.keyword.internal.WebUIKeywordMain.runKeyword(WebUIKeywordMain.groovy:27)
	at com.kms.katalon.core.webui.keyword.builtin.ClickKeyword.click(ClickKeyword.groovy:86)
	at com.kms.katalon.core.webui.keyword.builtin.ClickKeyword.execute(ClickKeyword.groovy:67)
	at com.kms.katalon.core.keyword.internal.KeywordExecutor.executeKeywordForPlatform(KeywordExecutor.groovy:53)
	at com.kms.katalon.core.webui.keyword.WebUiBuiltInKeywords.click(WebUiBuiltInKeywords.groovy:616)
	at com.kms.katalon.core.webui.keyword.WebUiBuiltInKeywords$click$2.call(Unknown Source)
	at Hero banner - CTA.run(Hero banner - CTA:20)
	at com.kms.katalon.core.main.ScriptEngine.run(ScriptEngine.java:194)
	at com.kms.katalon.core.main.ScriptEngine.runScriptAsRawText(ScriptEngine.java:119)
	at com.kms.katalon.core.main.TestCaseExecutor.runScript(TestCaseExecutor.java:328)
	at com.kms.katalon.core.main.TestCaseExecutor.doExecute(TestCaseExecutor.java:319)
	at com.kms.katalon.core.main.TestCaseExecutor.processExecutionPhase(TestCaseExecutor.java:298)
	at com.kms.katalon.core.main.TestCaseExecutor.accessMainPhase(TestCaseExecutor.java:290)
	at com.kms.katalon.core.main.TestCaseExecutor.execute(TestCaseExecutor.java:224)
	at com.kms.katalon.core.main.TestSuiteExecutor.accessTestCaseMainPhase(TestSuiteExecutor.java:129)
	at com.kms.katalon.core.main.TestSuiteExecutor.accessTestSuiteMainPhase(TestSuiteExecutor.java:112)
	at com.kms.katalon.core.main.TestSuiteExecutor.execute(TestSuiteExecutor.java:81)
	at com.kms.katalon.core.main.TestCaseMain.startTestSuite(TestCaseMain.java:149)
	at com.kms.katalon.core.main.TestCaseMain$startTestSuite$0.call(Unknown Source)
	at TempTestSuite1562786448509.run(TempTestSuite1562786448509.groovy:36)]]></system-out>
         <system-err><![CDATA[2019-07-10 15:28:43 - [TEST_CASE][FAILED] - Test Cases/HOME PAGE/Hero banner - CTA: Test Cases/HOME PAGE/Hero banner - CTA FAILED.
Reason:
com.kms.katalon.core.exception.StepFailedException: Unable to click on object 'Object Repository/APOLLO- Desktop/Home page/Hero banner - CTA/First slick slide' (Root cause: org.openqa.selenium.StaleElementReferenceException: The command failed because the specified element reference is stale.
For documentation on this error, please visit: http://seleniumhq.org/exceptions/stale_element_reference.html
Build info: version: '3.7.1', revision: '8a0099a', time: '2017-11-06T21:07:36.161Z'
System info: host: 'sumans-MacBook-Pro.local', ip: 'fe80:0:0:0:47c:ca88:4245:b7a7%en0', os.name: 'Mac OS X', os.arch: 'x86_64', os.version: '10.13.6', java.version: '1.8.0_181'
Driver info: com.kms.katalon.selenium.driver.CRemoteWebDriver
Capabilities {acceptInsecureCerts: false, browserName: MicrosoftEdge, browserVersion: 44.18362.1.0, javascriptEnabled: true, pageLoadStrategy: normal, platform: WINDOWS, platformName: WINDOWS, proxy: Proxy(), setWindowRect: false, timeouts: {implicit: 0, pageLoad: 300000, script: 30000}}
Session ID: 05be9c2206a5c887c4a8d3d9bb0f8e9312a77077)
	at com.kms.katalon.core.keyword.internal.KeywordMain.stepFailed(KeywordMain.groovy:36)
	at com.kms.katalon.core.webui.keyword.internal.WebUIKeywordMain.stepFailed(WebUIKeywordMain.groovy:65)
	at com.kms.katalon.core.webui.keyword.internal.WebUIKeywordMain.runKeyword(WebUIKeywordMain.groovy:27)
	at com.kms.katalon.core.webui.keyword.builtin.ClickKeyword.click(ClickKeyword.groovy:86)
	at com.kms.katalon.core.webui.keyword.builtin.ClickKeyword.execute(ClickKeyword.groovy:67)
	at com.kms.katalon.core.keyword.internal.KeywordExecutor.executeKeywordForPlatform(KeywordExecutor.groovy:53)
	at com.kms.katalon.core.webui.keyword.WebUiBuiltInKeywords.click(WebUiBuiltInKeywords.groovy:616)
	at com.kms.katalon.core.webui.keyword.WebUiBuiltInKeywords$click$2.call(Unknown Source)
	at Hero banner - CTA.run(Hero banner - CTA:20)
	at com.kms.katalon.core.main.ScriptEngine.run(ScriptEngine.java:194)
	at com.kms.katalon.core.main.ScriptEngine.runScriptAsRawText(ScriptEngine.java:119)
	at com.kms.katalon.core.main.TestCaseExecutor.runScript(TestCaseExecutor.java:328)
	at com.kms.katalon.core.main.TestCaseExecutor.doExecute(TestCaseExecutor.java:319)
	at com.kms.katalon.core.main.TestCaseExecutor.processExecutionPhase(TestCaseExecutor.java:298)
	at com.kms.katalon.core.main.TestCaseExecutor.accessMainPhase(TestCaseExecutor.java:290)
	at com.kms.katalon.core.main.TestCaseExecutor.execute(TestCaseExecutor.java:224)
	at com.kms.katalon.core.main.TestSuiteExecutor.accessTestCaseMainPhase(TestSuiteExecutor.java:129)
	at com.kms.katalon.core.main.TestSuiteExecutor.accessTestSuiteMainPhase(TestSuiteExecutor.java:112)
	at com.kms.katalon.core.main.TestSuiteExecutor.execute(TestSuiteExecutor.java:81)
	at com.kms.katalon.core.main.TestCaseMain.startTestSuite(TestCaseMain.java:149)
	at com.kms.katalon.core.main.TestCaseMain$startTestSuite$0.call(Unknown Source)
	at TempTestSuite1562786448509.run(TempTestSuite1562786448509.groovy:36)]]></system-err>
      </testcase>
      <testcase name="Test Cases/HOME PAGE/Burger menu - navigation links" classname="Test Cases/HOME PAGE/Burger menu - navigation links" status="PASSED">
         <system-out><![CDATA[2019-07-10 15:29:14 - [TEST_CASE][PASSED] - Test Cases/HOME PAGE/Burger menu - navigation links: Test Cases/HOME PAGE/Burger menu - navigation links

2019-07-10 15:29:14 - [TEST_STEP][PASSED] - callTestCase(findTestCase("CALL - URL"), [:], STOP_ON_FAILURE): Call Test Case 'Test Cases/CALL - URL' successfully

2019-07-10 15:29:14 - [TEST_CASE][PASSED] - Test Cases/CALL - URL: Test Cases/CALL - URL

2019-07-10 15:29:14 - [TEST_STEP][PASSED] - openBrowser(""): Browser is opened with url: ''

2019-07-10 15:29:14 - [MESSAGE][WARNING] - A browser is already opened. Closing browser and opening a new one

2019-07-10 15:29:16 - [MESSAGE][INFO] - Starting 'Remote' driver

2019-07-10 15:29:16 - [MESSAGE][INFO] - User set preference: ['os', 'Windows']

2019-07-10 15:29:16 - [MESSAGE][INFO] - User set preference: ['os_version', '10']

2019-07-10 15:29:16 - [MESSAGE][INFO] - User set preference: ['browser', 'Edge']

2019-07-10 15:29:16 - [MESSAGE][INFO] - User set preference: ['browser_version', '18.0']

2019-07-10 15:29:16 - [MESSAGE][INFO] - User set preference: ['resolution', '']

2019-07-10 15:29:16 - [MESSAGE][INFO] - Connecting to remote web server 'https://dianatest3:Z3oqw9ysqTeRQJq5wFCp@hub-cloud.browserstack.com/wd/hub' with type 'Selenium'

2019-07-10 15:29:27 - [MESSAGE][PASSED] - Browser is opened with url: ''

2019-07-10 15:29:27 - [TEST_STEP][PASSED] - navigateToUrl("https://diff-apollo.myshopify.com/?key=eec34184cfd8f82cda816f82753a8c8e9e240f30cf54470e19667b8cbb401948&preview_theme_id="): Navigate to 'https://diff-apollo.myshopify.com/?key=eec34184cfd8f82cda816f82753a8c8e9e240f30cf54470e19667b8cbb401948&preview_theme_id=' successfully

2019-07-10 15:29:32 - [MESSAGE][PASSED] - Navigate to 'https://diff-apollo.myshopify.com/?key=eec34184cfd8f82cda816f82753a8c8e9e240f30cf54470e19667b8cbb401948&preview_theme_id=' successfully

2019-07-10 15:29:32 - [TEST_STEP][NOT_RUN] - executeJavaScript("var previewBar = document.getElementById("preview-bar-iframe"); previewBar.style.display = "none";", []): NOT_RUN: executeJavaScript("var previewBar = document.getElementById("preview-bar-iframe"); previewBar.style.display = "none";", [])

2019-07-10 15:29:32 - [MESSAGE][NOT_RUN] - NOT_RUN: executeJavaScript("var previewBar = document.getElementById("preview-bar-iframe"); previewBar.style.display = "none";", [])

2019-07-10 15:29:32 - [TEST_STEP][PASSED] - maximizeWindow(): Current window maximized

2019-07-10 15:29:33 - [MESSAGE][PASSED] - Current window maximized

2019-07-10 15:29:33 - [MESSAGE][PASSED] - Call Test Case 'Test Cases/CALL - URL' successfully

2019-07-10 15:29:33 - [TEST_STEP][PASSED] - delay(2): Delayed 2 second(s)

2019-07-10 15:29:35 - [MESSAGE][PASSED] - Delayed 2 second(s)

2019-07-10 15:29:35 - [TEST_STEP][PASSED] - click(findTestObject("APOLLO- Desktop/Burger Menu/Burgermenu")): Object: 'Object Repository/APOLLO- Desktop/Burger Menu/Burgermenu' is clicked on

2019-07-10 15:29:36 - [MESSAGE][PASSED] - Object: 'Object Repository/APOLLO- Desktop/Burger Menu/Burgermenu' is clicked on

2019-07-10 15:29:36 - [TEST_STEP][PASSED] - delay(2): Delayed 2 second(s)

2019-07-10 15:29:38 - [MESSAGE][PASSED] - Delayed 2 second(s)

2019-07-10 15:29:38 - [TEST_STEP][PASSED] - click(findTestObject("APOLLO- Desktop/Burger Menu/Mens chevron")): Object: 'Object Repository/APOLLO- Desktop/Burger Menu/Mens chevron' is clicked on

2019-07-10 15:29:39 - [MESSAGE][PASSED] - Object: 'Object Repository/APOLLO- Desktop/Burger Menu/Mens chevron' is clicked on

2019-07-10 15:29:39 - [TEST_STEP][PASSED] - delay(2): Delayed 2 second(s)

2019-07-10 15:29:41 - [MESSAGE][PASSED] - Delayed 2 second(s)

2019-07-10 15:29:41 - [TEST_STEP][PASSED] - click(findTestObject("APOLLO- Desktop/Burger Menu/Mens - Top Chevron")): Object: 'Object Repository/APOLLO- Desktop/Burger Menu/Mens - Top Chevron' is clicked on

2019-07-10 15:29:41 - [MESSAGE][PASSED] - Object: 'Object Repository/APOLLO- Desktop/Burger Menu/Mens - Top Chevron' is clicked on

2019-07-10 15:29:41 - [TEST_STEP][PASSED] - delay(2): Delayed 2 second(s)

2019-07-10 15:29:43 - [MESSAGE][PASSED] - Delayed 2 second(s)

2019-07-10 15:29:43 - [TEST_STEP][PASSED] - click(findTestObject("APOLLO- Desktop/Burger Menu/Shirts link")): Object: 'Object Repository/APOLLO- Desktop/Burger Menu/Shirts link' is clicked on

2019-07-10 15:29:44 - [MESSAGE][PASSED] - Object: 'Object Repository/APOLLO- Desktop/Burger Menu/Shirts link' is clicked on

2019-07-10 15:29:44 - [TEST_STEP][PASSED] - delay(2): Delayed 2 second(s)

2019-07-10 15:29:46 - [MESSAGE][PASSED] - Delayed 2 second(s)

2019-07-10 15:29:46 - [TEST_STEP][PASSED] - click(findTestObject("APOLLO- Desktop/Burger Menu/Burgermenu")): Object: 'Object Repository/APOLLO- Desktop/Burger Menu/Burgermenu' is clicked on

2019-07-10 15:29:47 - [MESSAGE][PASSED] - Object: 'Object Repository/APOLLO- Desktop/Burger Menu/Burgermenu' is clicked on

2019-07-10 15:29:47 - [TEST_STEP][PASSED] - delay(2): Delayed 2 second(s)

2019-07-10 15:29:49 - [MESSAGE][PASSED] - Delayed 2 second(s)

2019-07-10 15:29:49 - [TEST_STEP][PASSED] - click(findTestObject("APOLLO- Desktop/Burger Menu/Mens chevron")): Object: 'Object Repository/APOLLO- Desktop/Burger Menu/Mens chevron' is clicked on

2019-07-10 15:29:49 - [MESSAGE][PASSED] - Object: 'Object Repository/APOLLO- Desktop/Burger Menu/Mens chevron' is clicked on

2019-07-10 15:29:49 - [TEST_STEP][PASSED] - delay(2): Delayed 2 second(s)

2019-07-10 15:29:51 - [MESSAGE][PASSED] - Delayed 2 second(s)

2019-07-10 15:29:51 - [TEST_STEP][PASSED] - click(findTestObject("APOLLO- Desktop/Burger Menu/Mens - Top Chevron")): Object: 'Object Repository/APOLLO- Desktop/Burger Menu/Mens - Top Chevron' is clicked on

2019-07-10 15:29:52 - [MESSAGE][PASSED] - Object: 'Object Repository/APOLLO- Desktop/Burger Menu/Mens - Top Chevron' is clicked on

2019-07-10 15:29:52 - [TEST_STEP][PASSED] - delay(2): Delayed 2 second(s)

2019-07-10 15:29:54 - [MESSAGE][PASSED] - Delayed 2 second(s)

2019-07-10 15:29:54 - [TEST_STEP][PASSED] - click(findTestObject("APOLLO- Desktop/Burger Menu/T- Shirts link")): Object: 'Object Repository/APOLLO- Desktop/Burger Menu/T- Shirts link' is clicked on

2019-07-10 15:29:54 - [MESSAGE][PASSED] - Object: 'Object Repository/APOLLO- Desktop/Burger Menu/T- Shirts link' is clicked on

2019-07-10 15:29:54 - [TEST_STEP][PASSED] - delay(2): Delayed 2 second(s)

2019-07-10 15:29:56 - [MESSAGE][PASSED] - Delayed 2 second(s)

2019-07-10 15:29:56 - [TEST_STEP][PASSED] - click(findTestObject("APOLLO- Desktop/Burger Menu/Burgermenu")): Object: 'Object Repository/APOLLO- Desktop/Burger Menu/Burgermenu' is clicked on

2019-07-10 15:29:57 - [MESSAGE][PASSED] - Object: 'Object Repository/APOLLO- Desktop/Burger Menu/Burgermenu' is clicked on

2019-07-10 15:29:57 - [TEST_STEP][PASSED] - delay(2): Delayed 2 second(s)

2019-07-10 15:29:59 - [MESSAGE][PASSED] - Delayed 2 second(s)

2019-07-10 15:29:59 - [TEST_STEP][PASSED] - click(findTestObject("APOLLO- Desktop/Burger Menu/Mens chevron")): Object: 'Object Repository/APOLLO- Desktop/Burger Menu/Mens chevron' is clicked on

2019-07-10 15:29:59 - [MESSAGE][PASSED] - Object: 'Object Repository/APOLLO- Desktop/Burger Menu/Mens chevron' is clicked on

2019-07-10 15:29:59 - [TEST_STEP][PASSED] - delay(2): Delayed 2 second(s)

2019-07-10 15:30:01 - [MESSAGE][PASSED] - Delayed 2 second(s)

2019-07-10 15:30:01 - [TEST_STEP][PASSED] - click(findTestObject("APOLLO- Desktop/Burger Menu/Mens - Top Chevron")): Object: 'Object Repository/APOLLO- Desktop/Burger Menu/Mens - Top Chevron' is clicked on

2019-07-10 15:30:02 - [MESSAGE][PASSED] - Object: 'Object Repository/APOLLO- Desktop/Burger Menu/Mens - Top Chevron' is clicked on

2019-07-10 15:30:02 - [TEST_STEP][PASSED] - delay(2): Delayed 2 second(s)

2019-07-10 15:30:04 - [MESSAGE][PASSED] - Delayed 2 second(s)

2019-07-10 15:30:04 - [TEST_STEP][PASSED] - click(findTestObject("APOLLO- Desktop/Burger Menu/Sweaters")): Object: 'Object Repository/APOLLO- Desktop/Burger Menu/Sweaters' is clicked on

2019-07-10 15:30:04 - [MESSAGE][PASSED] - Object: 'Object Repository/APOLLO- Desktop/Burger Menu/Sweaters' is clicked on

2019-07-10 15:30:04 - [TEST_STEP][PASSED] - delay(2): Delayed 2 second(s)

2019-07-10 15:30:06 - [MESSAGE][PASSED] - Delayed 2 second(s)

2019-07-10 15:30:06 - [TEST_STEP][PASSED] - click(findTestObject("APOLLO- Desktop/Burger Menu/Burgermenu")): Object: 'Object Repository/APOLLO- Desktop/Burger Menu/Burgermenu' is clicked on

2019-07-10 15:30:08 - [MESSAGE][PASSED] - Object: 'Object Repository/APOLLO- Desktop/Burger Menu/Burgermenu' is clicked on

2019-07-10 15:30:08 - [TEST_STEP][PASSED] - delay(2): Delayed 2 second(s)

2019-07-10 15:30:10 - [MESSAGE][PASSED] - Delayed 2 second(s)

2019-07-10 15:30:10 - [TEST_STEP][PASSED] - click(findTestObject("APOLLO- Desktop/Burger Menu/Women link")): Object: 'Object Repository/APOLLO- Desktop/Burger Menu/Women link' is clicked on

2019-07-10 15:30:10 - [MESSAGE][PASSED] - Object: 'Object Repository/APOLLO- Desktop/Burger Menu/Women link' is clicked on

2019-07-10 15:30:10 - [TEST_STEP][PASSED] - delay(2): Delayed 2 second(s)

2019-07-10 15:30:12 - [MESSAGE][PASSED] - Delayed 2 second(s)

2019-07-10 15:30:12 - [TEST_STEP][PASSED] - click(findTestObject("APOLLO- Desktop/Burger Menu/Jackets - Coats")): Object: 'Object Repository/APOLLO- Desktop/Burger Menu/Jackets - Coats' is clicked on

2019-07-10 15:30:13 - [MESSAGE][PASSED] - Object: 'Object Repository/APOLLO- Desktop/Burger Menu/Jackets - Coats' is clicked on

2019-07-10 15:30:13 - [TEST_STEP][PASSED] - delay(2): Delayed 2 second(s)

2019-07-10 15:30:15 - [MESSAGE][PASSED] - Delayed 2 second(s)

2019-07-10 15:30:15 - [TEST_STEP][PASSED] - click(findTestObject("APOLLO- Desktop/Burger Menu/Burgermenu")): Object: 'Object Repository/APOLLO- Desktop/Burger Menu/Burgermenu' is clicked on

2019-07-10 15:30:15 - [MESSAGE][PASSED] - Object: 'Object Repository/APOLLO- Desktop/Burger Menu/Burgermenu' is clicked on

2019-07-10 15:30:15 - [TEST_STEP][PASSED] - delay(2): Delayed 2 second(s)

2019-07-10 15:30:17 - [MESSAGE][PASSED] - Delayed 2 second(s)

2019-07-10 15:30:17 - [TEST_STEP][PASSED] - click(findTestObject("APOLLO- Desktop/Burger Menu/Women link")): Object: 'Object Repository/APOLLO- Desktop/Burger Menu/Women link' is clicked on

2019-07-10 15:30:18 - [MESSAGE][PASSED] - Object: 'Object Repository/APOLLO- Desktop/Burger Menu/Women link' is clicked on

2019-07-10 15:30:18 - [TEST_STEP][PASSED] - delay(2): Delayed 2 second(s)

2019-07-10 15:30:20 - [MESSAGE][PASSED] - Delayed 2 second(s)

2019-07-10 15:30:20 - [TEST_STEP][PASSED] - click(findTestObject("APOLLO- Desktop/Burger Menu/Bottoms")): Object: 'Object Repository/APOLLO- Desktop/Burger Menu/Bottoms' is clicked on

2019-07-10 15:30:20 - [MESSAGE][PASSED] - Object: 'Object Repository/APOLLO- Desktop/Burger Menu/Bottoms' is clicked on

2019-07-10 15:30:20 - [TEST_STEP][PASSED] - delay(2): Delayed 2 second(s)

2019-07-10 15:30:22 - [MESSAGE][PASSED] - Delayed 2 second(s)

2019-07-10 15:30:22 - [TEST_STEP][PASSED] - click(findTestObject("APOLLO- Desktop/Burger Menu/Burgermenu")): Object: 'Object Repository/APOLLO- Desktop/Burger Menu/Burgermenu' is clicked on

2019-07-10 15:30:23 - [MESSAGE][PASSED] - Object: 'Object Repository/APOLLO- Desktop/Burger Menu/Burgermenu' is clicked on

2019-07-10 15:30:23 - [TEST_STEP][PASSED] - delay(2): Delayed 2 second(s)

2019-07-10 15:30:25 - [MESSAGE][PASSED] - Delayed 2 second(s)

2019-07-10 15:30:25 - [TEST_STEP][PASSED] - click(findTestObject("APOLLO- Desktop/Burger Menu/Women link")): Object: 'Object Repository/APOLLO- Desktop/Burger Menu/Women link' is clicked on

2019-07-10 15:30:25 - [MESSAGE][PASSED] - Object: 'Object Repository/APOLLO- Desktop/Burger Menu/Women link' is clicked on

2019-07-10 15:30:25 - [TEST_STEP][PASSED] - delay(2): Delayed 2 second(s)

2019-07-10 15:30:27 - [MESSAGE][PASSED] - Delayed 2 second(s)

2019-07-10 15:30:27 - [TEST_STEP][PASSED] - click(findTestObject("APOLLO- Desktop/Burger Menu/Shop all")): Object: 'Object Repository/APOLLO- Desktop/Burger Menu/Shop all' is clicked on

2019-07-10 15:30:28 - [MESSAGE][PASSED] - Object: 'Object Repository/APOLLO- Desktop/Burger Menu/Shop all' is clicked on

2019-07-10 15:30:28 - [TEST_STEP][PASSED] - delay(2): Delayed 2 second(s)

2019-07-10 15:30:30 - [MESSAGE][PASSED] - Delayed 2 second(s)

2019-07-10 15:30:30 - [TEST_STEP][PASSED] - click(findTestObject("APOLLO- Desktop/Burger Menu/Burgermenu")): Object: 'Object Repository/APOLLO- Desktop/Burger Menu/Burgermenu' is clicked on

2019-07-10 15:30:30 - [MESSAGE][PASSED] - Object: 'Object Repository/APOLLO- Desktop/Burger Menu/Burgermenu' is clicked on

2019-07-10 15:30:30 - [TEST_STEP][PASSED] - delay(2): Delayed 2 second(s)

2019-07-10 15:30:32 - [MESSAGE][PASSED] - Delayed 2 second(s)

2019-07-10 15:30:32 - [TEST_STEP][PASSED] - click(findTestObject("APOLLO- Desktop/Burger Menu/Women link")): Object: 'Object Repository/APOLLO- Desktop/Burger Menu/Women link' is clicked on

2019-07-10 15:30:33 - [MESSAGE][PASSED] - Object: 'Object Repository/APOLLO- Desktop/Burger Menu/Women link' is clicked on

2019-07-10 15:30:33 - [TEST_STEP][PASSED] - delay(2): Delayed 2 second(s)

2019-07-10 15:30:35 - [MESSAGE][PASSED] - Delayed 2 second(s)

2019-07-10 15:30:35 - [TEST_STEP][PASSED] - click(findTestObject("APOLLO- Desktop/Burger Menu/Women - Top Chevron")): Object: 'Object Repository/APOLLO- Desktop/Burger Menu/Women - Top Chevron' is clicked on

2019-07-10 15:30:35 - [MESSAGE][PASSED] - Object: 'Object Repository/APOLLO- Desktop/Burger Menu/Women - Top Chevron' is clicked on

2019-07-10 15:30:35 - [TEST_STEP][PASSED] - delay(2): Delayed 2 second(s)

2019-07-10 15:30:37 - [MESSAGE][PASSED] - Delayed 2 second(s)

2019-07-10 15:30:37 - [TEST_STEP][PASSED] - click(findTestObject("APOLLO- Desktop/Burger Menu/Shirts link - women")): Object: 'Object Repository/APOLLO- Desktop/Burger Menu/Shirts link - women' is clicked on

2019-07-10 15:30:38 - [MESSAGE][PASSED] - Object: 'Object Repository/APOLLO- Desktop/Burger Menu/Shirts link - women' is clicked on

2019-07-10 15:30:38 - [TEST_STEP][PASSED] - delay(2): Delayed 2 second(s)

2019-07-10 15:30:40 - [MESSAGE][PASSED] - Delayed 2 second(s)

2019-07-10 15:30:40 - [TEST_STEP][PASSED] - click(findTestObject("APOLLO- Desktop/Burger Menu/Burgermenu")): Object: 'Object Repository/APOLLO- Desktop/Burger Menu/Burgermenu' is clicked on

2019-07-10 15:30:41 - [MESSAGE][PASSED] - Object: 'Object Repository/APOLLO- Desktop/Burger Menu/Burgermenu' is clicked on

2019-07-10 15:30:41 - [TEST_STEP][PASSED] - delay(2): Delayed 2 second(s)

2019-07-10 15:30:43 - [MESSAGE][PASSED] - Delayed 2 second(s)

2019-07-10 15:30:43 - [TEST_STEP][PASSED] - click(findTestObject("APOLLO- Desktop/Burger Menu/Women link")): Object: 'Object Repository/APOLLO- Desktop/Burger Menu/Women link' is clicked on

2019-07-10 15:30:43 - [MESSAGE][PASSED] - Object: 'Object Repository/APOLLO- Desktop/Burger Menu/Women link' is clicked on

2019-07-10 15:30:43 - [TEST_STEP][PASSED] - delay(2): Delayed 2 second(s)

2019-07-10 15:30:45 - [MESSAGE][PASSED] - Delayed 2 second(s)

2019-07-10 15:30:45 - [TEST_STEP][PASSED] - click(findTestObject("APOLLO- Desktop/Burger Menu/Women - Top Chevron")): Object: 'Object Repository/APOLLO- Desktop/Burger Menu/Women - Top Chevron' is clicked on

2019-07-10 15:30:46 - [MESSAGE][PASSED] - Object: 'Object Repository/APOLLO- Desktop/Burger Menu/Women - Top Chevron' is clicked on

2019-07-10 15:30:46 - [TEST_STEP][PASSED] - delay(2): Delayed 2 second(s)

2019-07-10 15:30:48 - [MESSAGE][PASSED] - Delayed 2 second(s)

2019-07-10 15:30:48 - [TEST_STEP][PASSED] - click(findTestObject("APOLLO- Desktop/Burger Menu/Sweaters - women")): Object: 'Object Repository/APOLLO- Desktop/Burger Menu/Sweaters - women' is clicked on

2019-07-10 15:30:48 - [MESSAGE][PASSED] - Object: 'Object Repository/APOLLO- Desktop/Burger Menu/Sweaters - women' is clicked on

2019-07-10 15:30:48 - [TEST_STEP][PASSED] - delay(2): Delayed 2 second(s)

2019-07-10 15:30:50 - [MESSAGE][PASSED] - Delayed 2 second(s)

2019-07-10 15:30:50 - [TEST_STEP][PASSED] - click(findTestObject("APOLLO- Desktop/Burger Menu/Burgermenu")): Object: 'Object Repository/APOLLO- Desktop/Burger Menu/Burgermenu' is clicked on

2019-07-10 15:30:54 - [MESSAGE][PASSED] - Object: 'Object Repository/APOLLO- Desktop/Burger Menu/Burgermenu' is clicked on

2019-07-10 15:30:54 - [TEST_STEP][PASSED] - delay(2): Delayed 2 second(s)

2019-07-10 15:30:56 - [MESSAGE][PASSED] - Delayed 2 second(s)

2019-07-10 15:30:56 - [TEST_STEP][PASSED] - click(findTestObject("APOLLO- Desktop/Burger Menu/KIds link")): Object: 'Object Repository/APOLLO- Desktop/Burger Menu/KIds link' is clicked on

2019-07-10 15:30:56 - [MESSAGE][PASSED] - Object: 'Object Repository/APOLLO- Desktop/Burger Menu/KIds link' is clicked on

2019-07-10 15:30:56 - [TEST_STEP][PASSED] - delay(2): Delayed 2 second(s)

2019-07-10 15:30:58 - [MESSAGE][PASSED] - Delayed 2 second(s)

2019-07-10 15:30:58 - [TEST_STEP][PASSED] - click(findTestObject("APOLLO- Desktop/Burger Menu/Burgermenu")): Object: 'Object Repository/APOLLO- Desktop/Burger Menu/Burgermenu' is clicked on

2019-07-10 15:30:59 - [MESSAGE][PASSED] - Object: 'Object Repository/APOLLO- Desktop/Burger Menu/Burgermenu' is clicked on

2019-07-10 15:30:59 - [TEST_STEP][PASSED] - delay(2): Delayed 2 second(s)

2019-07-10 15:31:01 - [MESSAGE][PASSED] - Delayed 2 second(s)

2019-07-10 15:31:01 - [TEST_STEP][PASSED] - click(findTestObject("APOLLO- Desktop/Burger Menu/collections")): Object: 'Object Repository/APOLLO- Desktop/Burger Menu/collections' is clicked on

2019-07-10 15:31:02 - [MESSAGE][PASSED] - Object: 'Object Repository/APOLLO- Desktop/Burger Menu/collections' is clicked on

2019-07-10 15:31:02 - [TEST_STEP][PASSED] - delay(2): Delayed 2 second(s)

2019-07-10 15:31:04 - [MESSAGE][PASSED] - Delayed 2 second(s)

2019-07-10 15:31:04 - [TEST_STEP][PASSED] - click(findTestObject("APOLLO- Desktop/Burger Menu/Burgermenu")): Object: 'Object Repository/APOLLO- Desktop/Burger Menu/Burgermenu' is clicked on

2019-07-10 15:31:04 - [MESSAGE][PASSED] - Object: 'Object Repository/APOLLO- Desktop/Burger Menu/Burgermenu' is clicked on

2019-07-10 15:31:04 - [TEST_STEP][PASSED] - delay(2): Delayed 2 second(s)

2019-07-10 15:31:06 - [MESSAGE][PASSED] - Delayed 2 second(s)

2019-07-10 15:31:06 - [TEST_STEP][PASSED] - click(findTestObject("APOLLO- Desktop/Burger Menu/About")): Object: 'Object Repository/APOLLO- Desktop/Burger Menu/About' is clicked on

2019-07-10 15:31:07 - [MESSAGE][PASSED] - Object: 'Object Repository/APOLLO- Desktop/Burger Menu/About' is clicked on

2019-07-10 15:31:07 - [TEST_STEP][PASSED] - delay(2): Delayed 2 second(s)

2019-07-10 15:31:09 - [MESSAGE][PASSED] - Delayed 2 second(s)

2019-07-10 15:31:09 - [TEST_STEP][PASSED] - click(findTestObject("APOLLO- Desktop/Burger Menu/Burgermenu")): Object: 'Object Repository/APOLLO- Desktop/Burger Menu/Burgermenu' is clicked on

2019-07-10 15:31:09 - [MESSAGE][PASSED] - Object: 'Object Repository/APOLLO- Desktop/Burger Menu/Burgermenu' is clicked on

2019-07-10 15:31:09 - [TEST_STEP][PASSED] - delay(2): Delayed 2 second(s)

2019-07-10 15:31:11 - [MESSAGE][PASSED] - Delayed 2 second(s)

2019-07-10 15:31:11 - [TEST_STEP][PASSED] - click(findTestObject("APOLLO- Desktop/Burger Menu/Blog")): Object: 'Object Repository/APOLLO- Desktop/Burger Menu/Blog' is clicked on

2019-07-10 15:31:12 - [MESSAGE][PASSED] - Object: 'Object Repository/APOLLO- Desktop/Burger Menu/Blog' is clicked on

2019-07-10 15:31:12 - [TEST_STEP][PASSED] - delay(2): Delayed 2 second(s)

2019-07-10 15:31:14 - [MESSAGE][PASSED] - Delayed 2 second(s)

2019-07-10 15:31:14 - [TEST_STEP][PASSED] - click(findTestObject("APOLLO- Desktop/Burger Menu/Burgermenu")): Object: 'Object Repository/APOLLO- Desktop/Burger Menu/Burgermenu' is clicked on

2019-07-10 15:31:14 - [MESSAGE][PASSED] - Object: 'Object Repository/APOLLO- Desktop/Burger Menu/Burgermenu' is clicked on

2019-07-10 15:31:14 - [TEST_STEP][PASSED] - delay(2): Delayed 2 second(s)

2019-07-10 15:31:16 - [MESSAGE][PASSED] - Delayed 2 second(s)

2019-07-10 15:31:16 - [TEST_STEP][PASSED] - click(findTestObject("APOLLO- Desktop/Burger Menu/Support")): Object: 'Object Repository/APOLLO- Desktop/Burger Menu/Support' is clicked on

2019-07-10 15:31:17 - [MESSAGE][PASSED] - Object: 'Object Repository/APOLLO- Desktop/Burger Menu/Support' is clicked on

2019-07-10 15:31:17 - [TEST_STEP][PASSED] - delay(2): Delayed 2 second(s)

2019-07-10 15:31:19 - [MESSAGE][PASSED] - Delayed 2 second(s)

2019-07-10 15:31:19 - [TEST_STEP][PASSED] - click(findTestObject("APOLLO- Desktop/Burger Menu/Burgermenu")): Object: 'Object Repository/APOLLO- Desktop/Burger Menu/Burgermenu' is clicked on

2019-07-10 15:31:19 - [MESSAGE][PASSED] - Object: 'Object Repository/APOLLO- Desktop/Burger Menu/Burgermenu' is clicked on

2019-07-10 15:31:19 - [TEST_STEP][PASSED] - delay(2): Delayed 2 second(s)

2019-07-10 15:31:21 - [MESSAGE][PASSED] - Delayed 2 second(s)

2019-07-10 15:31:21 - [TEST_STEP][PASSED] - click(findTestObject("APOLLO- Desktop/Burger Menu/Contact us")): Object: 'Object Repository/APOLLO- Desktop/Burger Menu/Contact us' is clicked on

2019-07-10 15:31:22 - [MESSAGE][PASSED] - Object: 'Object Repository/APOLLO- Desktop/Burger Menu/Contact us' is clicked on]]></system-out>
         <system-err><![CDATA[]]></system-err>
      </testcase>
      <testcase name="Test Cases/HOME PAGE/Featured collection" classname="Test Cases/HOME PAGE/Featured collection" status="FAILED">
         <failure type="FAILED" message="Test Cases/HOME PAGE/Featured collection FAILED.
Reason:
com.kms.katalon.core.exception.StepFailedException: Unable to scroll to object 'Object Repository/APOLLO- Desktop/Home page/Featured collection/Sophisticated and elegant - Tile' (Root cause: com.kms.katalon.core.webui.exception.WebElementNotFoundException: Web element with id: 'Object Repository/APOLLO- Desktop/Home page/Featured collection/Sophisticated and elegant - Tile' located by 'By.xpath: //div[@id='slick-slide10']//div[@class='c-collection-tile-image u-object-fit']' not found)
	at com.kms.katalon.core.keyword.internal.KeywordMain.stepFailed(KeywordMain.groovy:36)
	at com.kms.katalon.core.webui.keyword.internal.WebUIKeywordMain.stepFailed(WebUIKeywordMain.groovy:65)
	at com.kms.katalon.core.webui.keyword.internal.WebUIKeywordMain.runKeyword(WebUIKeywordMain.groovy:27)
	at com.kms.katalon.core.webui.keyword.builtin.ScrollToElementKeyword.scrollToElement(ScrollToElementKeyword.groovy:88)
	at com.kms.katalon.core.webui.keyword.builtin.ScrollToElementKeyword.execute(ScrollToElementKeyword.groovy:68)
	at com.kms.katalon.core.keyword.internal.KeywordExecutor.executeKeywordForPlatform(KeywordExecutor.groovy:53)
	at com.kms.katalon.core.webui.keyword.WebUiBuiltInKeywords.scrollToElement(WebUiBuiltInKeywords.groovy:2975)
	at com.kms.katalon.core.webui.keyword.WebUiBuiltInKeywords$scrollToElement$3.call(Unknown Source)
	at Featured collection.run(Featured collection:20)
	at com.kms.katalon.core.main.ScriptEngine.run(ScriptEngine.java:194)
	at com.kms.katalon.core.main.ScriptEngine.runScriptAsRawText(ScriptEngine.java:119)
	at com.kms.katalon.core.main.TestCaseExecutor.runScript(TestCaseExecutor.java:328)
	at com.kms.katalon.core.main.TestCaseExecutor.doExecute(TestCaseExecutor.java:319)
	at com.kms.katalon.core.main.TestCaseExecutor.processExecutionPhase(TestCaseExecutor.java:298)
	at com.kms.katalon.core.main.TestCaseExecutor.accessMainPhase(TestCaseExecutor.java:290)
	at com.kms.katalon.core.main.TestCaseExecutor.execute(TestCaseExecutor.java:224)
	at com.kms.katalon.core.main.TestSuiteExecutor.accessTestCaseMainPhase(TestSuiteExecutor.java:129)
	at com.kms.katalon.core.main.TestSuiteExecutor.accessTestSuiteMainPhase(TestSuiteExecutor.java:112)
	at com.kms.katalon.core.main.TestSuiteExecutor.execute(TestSuiteExecutor.java:81)
	at com.kms.katalon.core.main.TestCaseMain.startTestSuite(TestCaseMain.java:149)
	at com.kms.katalon.core.main.TestCaseMain$startTestSuite$0.call(Unknown Source)
	at TempTestSuite1562786448509.run(TempTestSuite1562786448509.groovy:36)
"/>
         <system-out><![CDATA[2019-07-10 15:31:22 - [TEST_CASE][FAILED] - Test Cases/HOME PAGE/Featured collection: Test Cases/HOME PAGE/Featured collection FAILED.
Reason:
com.kms.katalon.core.exception.StepFailedException: Unable to scroll to object 'Object Repository/APOLLO- Desktop/Home page/Featured collection/Sophisticated and elegant - Tile' (Root cause: com.kms.katalon.core.webui.exception.WebElementNotFoundException: Web element with id: 'Object Repository/APOLLO- Desktop/Home page/Featured collection/Sophisticated and elegant - Tile' located by 'By.xpath: //div[@id='slick-slide10']//div[@class='c-collection-tile-image u-object-fit']' not found)
	at com.kms.katalon.core.keyword.internal.KeywordMain.stepFailed(KeywordMain.groovy:36)
	at com.kms.katalon.core.webui.keyword.internal.WebUIKeywordMain.stepFailed(WebUIKeywordMain.groovy:65)
	at com.kms.katalon.core.webui.keyword.internal.WebUIKeywordMain.runKeyword(WebUIKeywordMain.groovy:27)
	at com.kms.katalon.core.webui.keyword.builtin.ScrollToElementKeyword.scrollToElement(ScrollToElementKeyword.groovy:88)
	at com.kms.katalon.core.webui.keyword.builtin.ScrollToElementKeyword.execute(ScrollToElementKeyword.groovy:68)
	at com.kms.katalon.core.keyword.internal.KeywordExecutor.executeKeywordForPlatform(KeywordExecutor.groovy:53)
	at com.kms.katalon.core.webui.keyword.WebUiBuiltInKeywords.scrollToElement(WebUiBuiltInKeywords.groovy:2975)
	at com.kms.katalon.core.webui.keyword.WebUiBuiltInKeywords$scrollToElement$3.call(Unknown Source)
	at Featured collection.run(Featured collection:20)
	at com.kms.katalon.core.main.ScriptEngine.run(ScriptEngine.java:194)
	at com.kms.katalon.core.main.ScriptEngine.runScriptAsRawText(ScriptEngine.java:119)
	at com.kms.katalon.core.main.TestCaseExecutor.runScript(TestCaseExecutor.java:328)
	at com.kms.katalon.core.main.TestCaseExecutor.doExecute(TestCaseExecutor.java:319)
	at com.kms.katalon.core.main.TestCaseExecutor.processExecutionPhase(TestCaseExecutor.java:298)
	at com.kms.katalon.core.main.TestCaseExecutor.accessMainPhase(TestCaseExecutor.java:290)
	at com.kms.katalon.core.main.TestCaseExecutor.execute(TestCaseExecutor.java:224)
	at com.kms.katalon.core.main.TestSuiteExecutor.accessTestCaseMainPhase(TestSuiteExecutor.java:129)
	at com.kms.katalon.core.main.TestSuiteExecutor.accessTestSuiteMainPhase(TestSuiteExecutor.java:112)
	at com.kms.katalon.core.main.TestSuiteExecutor.execute(TestSuiteExecutor.java:81)
	at com.kms.katalon.core.main.TestCaseMain.startTestSuite(TestCaseMain.java:149)
	at com.kms.katalon.core.main.TestCaseMain$startTestSuite$0.call(Unknown Source)
	at TempTestSuite1562786448509.run(TempTestSuite1562786448509.groovy:36)


2019-07-10 15:31:22 - [TEST_STEP][PASSED] - callTestCase(findTestCase("CALL - URL"), [:], STOP_ON_FAILURE): Call Test Case 'Test Cases/CALL - URL' successfully

2019-07-10 15:31:22 - [TEST_CASE][PASSED] - Test Cases/CALL - URL: Test Cases/CALL - URL

2019-07-10 15:31:22 - [TEST_STEP][PASSED] - openBrowser(""): Browser is opened with url: ''

2019-07-10 15:31:22 - [MESSAGE][WARNING] - A browser is already opened. Closing browser and opening a new one

2019-07-10 15:31:24 - [MESSAGE][INFO] - Starting 'Remote' driver

2019-07-10 15:31:24 - [MESSAGE][INFO] - User set preference: ['os', 'Windows']

2019-07-10 15:31:24 - [MESSAGE][INFO] - User set preference: ['os_version', '10']

2019-07-10 15:31:24 - [MESSAGE][INFO] - User set preference: ['browser', 'Edge']

2019-07-10 15:31:24 - [MESSAGE][INFO] - User set preference: ['browser_version', '18.0']

2019-07-10 15:31:24 - [MESSAGE][INFO] - User set preference: ['resolution', '']

2019-07-10 15:31:24 - [MESSAGE][INFO] - Connecting to remote web server 'https://dianatest3:Z3oqw9ysqTeRQJq5wFCp@hub-cloud.browserstack.com/wd/hub' with type 'Selenium'

2019-07-10 15:31:36 - [MESSAGE][PASSED] - Browser is opened with url: ''

2019-07-10 15:31:36 - [TEST_STEP][PASSED] - navigateToUrl("https://diff-apollo.myshopify.com/?key=eec34184cfd8f82cda816f82753a8c8e9e240f30cf54470e19667b8cbb401948&preview_theme_id="): Navigate to 'https://diff-apollo.myshopify.com/?key=eec34184cfd8f82cda816f82753a8c8e9e240f30cf54470e19667b8cbb401948&preview_theme_id=' successfully

2019-07-10 15:31:45 - [MESSAGE][PASSED] - Navigate to 'https://diff-apollo.myshopify.com/?key=eec34184cfd8f82cda816f82753a8c8e9e240f30cf54470e19667b8cbb401948&preview_theme_id=' successfully

2019-07-10 15:31:45 - [TEST_STEP][NOT_RUN] - executeJavaScript("var previewBar = document.getElementById("preview-bar-iframe"); previewBar.style.display = "none";", []): NOT_RUN: executeJavaScript("var previewBar = document.getElementById("preview-bar-iframe"); previewBar.style.display = "none";", [])

2019-07-10 15:31:45 - [MESSAGE][NOT_RUN] - NOT_RUN: executeJavaScript("var previewBar = document.getElementById("preview-bar-iframe"); previewBar.style.display = "none";", [])

2019-07-10 15:31:45 - [TEST_STEP][PASSED] - maximizeWindow(): Current window maximized

2019-07-10 15:31:45 - [MESSAGE][PASSED] - Current window maximized

2019-07-10 15:31:45 - [MESSAGE][PASSED] - Call Test Case 'Test Cases/CALL - URL' successfully

2019-07-10 15:31:45 - [TEST_STEP][PASSED] - delay(1): Delayed 1 second(s)

2019-07-10 15:31:46 - [MESSAGE][PASSED] - Delayed 1 second(s)

2019-07-10 15:31:46 - [TEST_STEP][FAILED] - scrollToElement(findTestObject("APOLLO- Desktop/Home page/Featured collection/Sophisticated and elegant - Tile"), 0): scrollToElement(findTestObject("APOLLO- Desktop/Home page/Featured collection/Sophisticated and elegant - Tile"), 0) FAILED.
Reason:
com.kms.katalon.core.exception.StepFailedException: Unable to scroll to object 'Object Repository/APOLLO- Desktop/Home page/Featured collection/Sophisticated and elegant - Tile' (Root cause: com.kms.katalon.core.webui.exception.WebElementNotFoundException: Web element with id: 'Object Repository/APOLLO- Desktop/Home page/Featured collection/Sophisticated and elegant - Tile' located by 'By.xpath: //div[@id='slick-slide10']//div[@class='c-collection-tile-image u-object-fit']' not found)
	at com.kms.katalon.core.keyword.internal.KeywordMain.stepFailed(KeywordMain.groovy:36)
	at com.kms.katalon.core.webui.keyword.internal.WebUIKeywordMain.stepFailed(WebUIKeywordMain.groovy:65)
	at com.kms.katalon.core.webui.keyword.internal.WebUIKeywordMain.runKeyword(WebUIKeywordMain.groovy:27)
	at com.kms.katalon.core.webui.keyword.builtin.ScrollToElementKeyword.scrollToElement(ScrollToElementKeyword.groovy:88)
	at com.kms.katalon.core.webui.keyword.builtin.ScrollToElementKeyword.execute(ScrollToElementKeyword.groovy:68)
	at com.kms.katalon.core.keyword.internal.KeywordExecutor.executeKeywordForPlatform(KeywordExecutor.groovy:53)
	at com.kms.katalon.core.webui.keyword.WebUiBuiltInKeywords.scrollToElement(WebUiBuiltInKeywords.groovy:2975)
	at com.kms.katalon.core.webui.keyword.WebUiBuiltInKeywords$scrollToElement$3.call(Unknown Source)
	at Featured collection.run(Featured collection:20)
	at com.kms.katalon.core.main.ScriptEngine.run(ScriptEngine.java:194)
	at com.kms.katalon.core.main.ScriptEngine.runScriptAsRawText(ScriptEngine.java:119)
	at com.kms.katalon.core.main.TestCaseExecutor.runScript(TestCaseExecutor.java:328)
	at com.kms.katalon.core.main.TestCaseExecutor.doExecute(TestCaseExecutor.java:319)
	at com.kms.katalon.core.main.TestCaseExecutor.processExecutionPhase(TestCaseExecutor.java:298)
	at com.kms.katalon.core.main.TestCaseExecutor.accessMainPhase(TestCaseExecutor.java:290)
	at com.kms.katalon.core.main.TestCaseExecutor.execute(TestCaseExecutor.java:224)
	at com.kms.katalon.core.main.TestSuiteExecutor.accessTestCaseMainPhase(TestSuiteExecutor.java:129)
	at com.kms.katalon.core.main.TestSuiteExecutor.accessTestSuiteMainPhase(TestSuiteExecutor.java:112)
	at com.kms.katalon.core.main.TestSuiteExecutor.execute(TestSuiteExecutor.java:81)
	at com.kms.katalon.core.main.TestCaseMain.startTestSuite(TestCaseMain.java:149)
	at com.kms.katalon.core.main.TestCaseMain$startTestSuite$0.call(Unknown Source)
	at TempTestSuite1562786448509.run(TempTestSuite1562786448509.groovy:36)


2019-07-10 15:31:46 - [MESSAGE][WARNING] - Timeout '0' is invalid. Using default page load timeout: '30'

2019-07-10 15:32:36 - [MESSAGE][INFO] - Unable to find the element located by 'By.xpath: //div[@id='slick-slide10']//div[@class='c-collection-tile-image u-object-fit']'. Please recheck the objects properties to make sure the desired element is located. 

2019-07-10 15:32:38 - [MESSAGE][FAILED] - Unable to scroll to object 'Object Repository/APOLLO- Desktop/Home page/Featured collection/Sophisticated and elegant - Tile' (Root cause: com.kms.katalon.core.webui.exception.WebElementNotFoundException: Web element with id: 'Object Repository/APOLLO- Desktop/Home page/Featured collection/Sophisticated and elegant - Tile' located by 'By.xpath: //div[@id='slick-slide10']//div[@class='c-collection-tile-image u-object-fit']' not found)
[[ATTACHMENT|/Users/sumankompelly/git/Apollo-Dark-Desktop/Reports/Apollo - dark build/20190710_152048/1562787156890.png]]

2019-07-10 15:32:38 - [MESSAGE][FAILED] - scrollToElement(findTestObject("APOLLO- Desktop/Home page/Featured collection/Sophisticated and elegant - Tile"), 0) FAILED.
Reason:
com.kms.katalon.core.exception.StepFailedException: Unable to scroll to object 'Object Repository/APOLLO- Desktop/Home page/Featured collection/Sophisticated and elegant - Tile' (Root cause: com.kms.katalon.core.webui.exception.WebElementNotFoundException: Web element with id: 'Object Repository/APOLLO- Desktop/Home page/Featured collection/Sophisticated and elegant - Tile' located by 'By.xpath: //div[@id='slick-slide10']//div[@class='c-collection-tile-image u-object-fit']' not found)
	at com.kms.katalon.core.keyword.internal.KeywordMain.stepFailed(KeywordMain.groovy:36)
	at com.kms.katalon.core.webui.keyword.internal.WebUIKeywordMain.stepFailed(WebUIKeywordMain.groovy:65)
	at com.kms.katalon.core.webui.keyword.internal.WebUIKeywordMain.runKeyword(WebUIKeywordMain.groovy:27)
	at com.kms.katalon.core.webui.keyword.builtin.ScrollToElementKeyword.scrollToElement(ScrollToElementKeyword.groovy:88)
	at com.kms.katalon.core.webui.keyword.builtin.ScrollToElementKeyword.execute(ScrollToElementKeyword.groovy:68)
	at com.kms.katalon.core.keyword.internal.KeywordExecutor.executeKeywordForPlatform(KeywordExecutor.groovy:53)
	at com.kms.katalon.core.webui.keyword.WebUiBuiltInKeywords.scrollToElement(WebUiBuiltInKeywords.groovy:2975)
	at com.kms.katalon.core.webui.keyword.WebUiBuiltInKeywords$scrollToElement$3.call(Unknown Source)
	at Featured collection.run(Featured collection:20)
	at com.kms.katalon.core.main.ScriptEngine.run(ScriptEngine.java:194)
	at com.kms.katalon.core.main.ScriptEngine.runScriptAsRawText(ScriptEngine.java:119)
	at com.kms.katalon.core.main.TestCaseExecutor.runScript(TestCaseExecutor.java:328)
	at com.kms.katalon.core.main.TestCaseExecutor.doExecute(TestCaseExecutor.java:319)
	at com.kms.katalon.core.main.TestCaseExecutor.processExecutionPhase(TestCaseExecutor.java:298)
	at com.kms.katalon.core.main.TestCaseExecutor.accessMainPhase(TestCaseExecutor.java:290)
	at com.kms.katalon.core.main.TestCaseExecutor.execute(TestCaseExecutor.java:224)
	at com.kms.katalon.core.main.TestSuiteExecutor.accessTestCaseMainPhase(TestSuiteExecutor.java:129)
	at com.kms.katalon.core.main.TestSuiteExecutor.accessTestSuiteMainPhase(TestSuiteExecutor.java:112)
	at com.kms.katalon.core.main.TestSuiteExecutor.execute(TestSuiteExecutor.java:81)
	at com.kms.katalon.core.main.TestCaseMain.startTestSuite(TestCaseMain.java:149)
	at com.kms.katalon.core.main.TestCaseMain$startTestSuite$0.call(Unknown Source)
	at TempTestSuite1562786448509.run(TempTestSuite1562786448509.groovy:36)]]></system-out>
         <system-err><![CDATA[2019-07-10 15:31:22 - [TEST_CASE][FAILED] - Test Cases/HOME PAGE/Featured collection: Test Cases/HOME PAGE/Featured collection FAILED.
Reason:
com.kms.katalon.core.exception.StepFailedException: Unable to scroll to object 'Object Repository/APOLLO- Desktop/Home page/Featured collection/Sophisticated and elegant - Tile' (Root cause: com.kms.katalon.core.webui.exception.WebElementNotFoundException: Web element with id: 'Object Repository/APOLLO- Desktop/Home page/Featured collection/Sophisticated and elegant - Tile' located by 'By.xpath: //div[@id='slick-slide10']//div[@class='c-collection-tile-image u-object-fit']' not found)
	at com.kms.katalon.core.keyword.internal.KeywordMain.stepFailed(KeywordMain.groovy:36)
	at com.kms.katalon.core.webui.keyword.internal.WebUIKeywordMain.stepFailed(WebUIKeywordMain.groovy:65)
	at com.kms.katalon.core.webui.keyword.internal.WebUIKeywordMain.runKeyword(WebUIKeywordMain.groovy:27)
	at com.kms.katalon.core.webui.keyword.builtin.ScrollToElementKeyword.scrollToElement(ScrollToElementKeyword.groovy:88)
	at com.kms.katalon.core.webui.keyword.builtin.ScrollToElementKeyword.execute(ScrollToElementKeyword.groovy:68)
	at com.kms.katalon.core.keyword.internal.KeywordExecutor.executeKeywordForPlatform(KeywordExecutor.groovy:53)
	at com.kms.katalon.core.webui.keyword.WebUiBuiltInKeywords.scrollToElement(WebUiBuiltInKeywords.groovy:2975)
	at com.kms.katalon.core.webui.keyword.WebUiBuiltInKeywords$scrollToElement$3.call(Unknown Source)
	at Featured collection.run(Featured collection:20)
	at com.kms.katalon.core.main.ScriptEngine.run(ScriptEngine.java:194)
	at com.kms.katalon.core.main.ScriptEngine.runScriptAsRawText(ScriptEngine.java:119)
	at com.kms.katalon.core.main.TestCaseExecutor.runScript(TestCaseExecutor.java:328)
	at com.kms.katalon.core.main.TestCaseExecutor.doExecute(TestCaseExecutor.java:319)
	at com.kms.katalon.core.main.TestCaseExecutor.processExecutionPhase(TestCaseExecutor.java:298)
	at com.kms.katalon.core.main.TestCaseExecutor.accessMainPhase(TestCaseExecutor.java:290)
	at com.kms.katalon.core.main.TestCaseExecutor.execute(TestCaseExecutor.java:224)
	at com.kms.katalon.core.main.TestSuiteExecutor.accessTestCaseMainPhase(TestSuiteExecutor.java:129)
	at com.kms.katalon.core.main.TestSuiteExecutor.accessTestSuiteMainPhase(TestSuiteExecutor.java:112)
	at com.kms.katalon.core.main.TestSuiteExecutor.execute(TestSuiteExecutor.java:81)
	at com.kms.katalon.core.main.TestCaseMain.startTestSuite(TestCaseMain.java:149)
	at com.kms.katalon.core.main.TestCaseMain$startTestSuite$0.call(Unknown Source)
	at TempTestSuite1562786448509.run(TempTestSuite1562786448509.groovy:36)]]></system-err>
      </testcase>
      <testcase name="Test Cases/HOME PAGE/Footer" classname="Test Cases/HOME PAGE/Footer" status="FAILED">
         <failure type="FAILED" message="Test Cases/HOME PAGE/Footer FAILED.
Reason:
com.kms.katalon.core.exception.StepFailedException: Unable to click on object 'Object Repository/APOLLO- Desktop/Home page/Footer/a_Men' (Root cause: com.kms.katalon.core.webui.exception.WebElementNotFoundException: Web element with id: 'Object Repository/APOLLO- Desktop/Home page/Footer/a_Men' located by 'By.xpath: //a[@class='c-bottom-link o-link--discrete'][contains(text(),'Men')][count(. | //a[@href = '#']) = count(//a[@href = '#'])]' not found)
	at com.kms.katalon.core.keyword.internal.KeywordMain.stepFailed(KeywordMain.groovy:36)
	at com.kms.katalon.core.webui.keyword.internal.WebUIKeywordMain.stepFailed(WebUIKeywordMain.groovy:65)
	at com.kms.katalon.core.webui.keyword.internal.WebUIKeywordMain.runKeyword(WebUIKeywordMain.groovy:27)
	at com.kms.katalon.core.webui.keyword.builtin.ClickKeyword.click(ClickKeyword.groovy:86)
	at com.kms.katalon.core.webui.keyword.builtin.ClickKeyword.execute(ClickKeyword.groovy:67)
	at com.kms.katalon.core.keyword.internal.KeywordExecutor.executeKeywordForPlatform(KeywordExecutor.groovy:53)
	at com.kms.katalon.core.webui.keyword.WebUiBuiltInKeywords.click(WebUiBuiltInKeywords.groovy:616)
	at com.kms.katalon.core.webui.keyword.WebUiBuiltInKeywords$click$2.call(Unknown Source)
	at Footer.run(Footer:92)
	at com.kms.katalon.core.main.ScriptEngine.run(ScriptEngine.java:194)
	at com.kms.katalon.core.main.ScriptEngine.runScriptAsRawText(ScriptEngine.java:119)
	at com.kms.katalon.core.main.TestCaseExecutor.runScript(TestCaseExecutor.java:328)
	at com.kms.katalon.core.main.TestCaseExecutor.doExecute(TestCaseExecutor.java:319)
	at com.kms.katalon.core.main.TestCaseExecutor.processExecutionPhase(TestCaseExecutor.java:298)
	at com.kms.katalon.core.main.TestCaseExecutor.accessMainPhase(TestCaseExecutor.java:290)
	at com.kms.katalon.core.main.TestCaseExecutor.execute(TestCaseExecutor.java:224)
	at com.kms.katalon.core.main.TestSuiteExecutor.accessTestCaseMainPhase(TestSuiteExecutor.java:129)
	at com.kms.katalon.core.main.TestSuiteExecutor.accessTestSuiteMainPhase(TestSuiteExecutor.java:112)
	at com.kms.katalon.core.main.TestSuiteExecutor.execute(TestSuiteExecutor.java:81)
	at com.kms.katalon.core.main.TestCaseMain.startTestSuite(TestCaseMain.java:149)
	at com.kms.katalon.core.main.TestCaseMain$startTestSuite$0.call(Unknown Source)
	at TempTestSuite1562786448509.run(TempTestSuite1562786448509.groovy:36)
"/>
         <system-out><![CDATA[2019-07-10 15:32:38 - [TEST_CASE][FAILED] - Test Cases/HOME PAGE/Footer: Test Cases/HOME PAGE/Footer FAILED.
Reason:
com.kms.katalon.core.exception.StepFailedException: Unable to click on object 'Object Repository/APOLLO- Desktop/Home page/Footer/a_Men' (Root cause: com.kms.katalon.core.webui.exception.WebElementNotFoundException: Web element with id: 'Object Repository/APOLLO- Desktop/Home page/Footer/a_Men' located by 'By.xpath: //a[@class='c-bottom-link o-link--discrete'][contains(text(),'Men')][count(. | //a[@href = '#']) = count(//a[@href = '#'])]' not found)
	at com.kms.katalon.core.keyword.internal.KeywordMain.stepFailed(KeywordMain.groovy:36)
	at com.kms.katalon.core.webui.keyword.internal.WebUIKeywordMain.stepFailed(WebUIKeywordMain.groovy:65)
	at com.kms.katalon.core.webui.keyword.internal.WebUIKeywordMain.runKeyword(WebUIKeywordMain.groovy:27)
	at com.kms.katalon.core.webui.keyword.builtin.ClickKeyword.click(ClickKeyword.groovy:86)
	at com.kms.katalon.core.webui.keyword.builtin.ClickKeyword.execute(ClickKeyword.groovy:67)
	at com.kms.katalon.core.keyword.internal.KeywordExecutor.executeKeywordForPlatform(KeywordExecutor.groovy:53)
	at com.kms.katalon.core.webui.keyword.WebUiBuiltInKeywords.click(WebUiBuiltInKeywords.groovy:616)
	at com.kms.katalon.core.webui.keyword.WebUiBuiltInKeywords$click$2.call(Unknown Source)
	at Footer.run(Footer:92)
	at com.kms.katalon.core.main.ScriptEngine.run(ScriptEngine.java:194)
	at com.kms.katalon.core.main.ScriptEngine.runScriptAsRawText(ScriptEngine.java:119)
	at com.kms.katalon.core.main.TestCaseExecutor.runScript(TestCaseExecutor.java:328)
	at com.kms.katalon.core.main.TestCaseExecutor.doExecute(TestCaseExecutor.java:319)
	at com.kms.katalon.core.main.TestCaseExecutor.processExecutionPhase(TestCaseExecutor.java:298)
	at com.kms.katalon.core.main.TestCaseExecutor.accessMainPhase(TestCaseExecutor.java:290)
	at com.kms.katalon.core.main.TestCaseExecutor.execute(TestCaseExecutor.java:224)
	at com.kms.katalon.core.main.TestSuiteExecutor.accessTestCaseMainPhase(TestSuiteExecutor.java:129)
	at com.kms.katalon.core.main.TestSuiteExecutor.accessTestSuiteMainPhase(TestSuiteExecutor.java:112)
	at com.kms.katalon.core.main.TestSuiteExecutor.execute(TestSuiteExecutor.java:81)
	at com.kms.katalon.core.main.TestCaseMain.startTestSuite(TestCaseMain.java:149)
	at com.kms.katalon.core.main.TestCaseMain$startTestSuite$0.call(Unknown Source)
	at TempTestSuite1562786448509.run(TempTestSuite1562786448509.groovy:36)


2019-07-10 15:32:38 - [TEST_STEP][PASSED] - callTestCase(findTestCase("CALL - URL"), [:], STOP_ON_FAILURE): Call Test Case 'Test Cases/CALL - URL' successfully

2019-07-10 15:32:38 - [TEST_CASE][PASSED] - Test Cases/CALL - URL: Test Cases/CALL - URL

2019-07-10 15:32:38 - [TEST_STEP][PASSED] - openBrowser(""): Browser is opened with url: ''

2019-07-10 15:32:38 - [MESSAGE][WARNING] - A browser is already opened. Closing browser and opening a new one

2019-07-10 15:32:41 - [MESSAGE][INFO] - Starting 'Remote' driver

2019-07-10 15:32:41 - [MESSAGE][INFO] - User set preference: ['os', 'Windows']

2019-07-10 15:32:41 - [MESSAGE][INFO] - User set preference: ['os_version', '10']

2019-07-10 15:32:41 - [MESSAGE][INFO] - User set preference: ['browser', 'Edge']

2019-07-10 15:32:41 - [MESSAGE][INFO] - User set preference: ['browser_version', '18.0']

2019-07-10 15:32:41 - [MESSAGE][INFO] - User set preference: ['resolution', '']

2019-07-10 15:32:41 - [MESSAGE][INFO] - Connecting to remote web server 'https://dianatest3:Z3oqw9ysqTeRQJq5wFCp@hub-cloud.browserstack.com/wd/hub' with type 'Selenium'

2019-07-10 15:32:54 - [MESSAGE][PASSED] - Browser is opened with url: ''

2019-07-10 15:32:54 - [TEST_STEP][PASSED] - navigateToUrl("https://diff-apollo.myshopify.com/?key=eec34184cfd8f82cda816f82753a8c8e9e240f30cf54470e19667b8cbb401948&preview_theme_id="): Navigate to 'https://diff-apollo.myshopify.com/?key=eec34184cfd8f82cda816f82753a8c8e9e240f30cf54470e19667b8cbb401948&preview_theme_id=' successfully

2019-07-10 15:33:01 - [MESSAGE][PASSED] - Navigate to 'https://diff-apollo.myshopify.com/?key=eec34184cfd8f82cda816f82753a8c8e9e240f30cf54470e19667b8cbb401948&preview_theme_id=' successfully

2019-07-10 15:33:01 - [TEST_STEP][NOT_RUN] - executeJavaScript("var previewBar = document.getElementById("preview-bar-iframe"); previewBar.style.display = "none";", []): NOT_RUN: executeJavaScript("var previewBar = document.getElementById("preview-bar-iframe"); previewBar.style.display = "none";", [])

2019-07-10 15:33:01 - [MESSAGE][NOT_RUN] - NOT_RUN: executeJavaScript("var previewBar = document.getElementById("preview-bar-iframe"); previewBar.style.display = "none";", [])

2019-07-10 15:33:01 - [TEST_STEP][PASSED] - maximizeWindow(): Current window maximized

2019-07-10 15:33:02 - [MESSAGE][PASSED] - Current window maximized

2019-07-10 15:33:02 - [MESSAGE][PASSED] - Call Test Case 'Test Cases/CALL - URL' successfully

2019-07-10 15:33:02 - [TEST_STEP][PASSED] - delay(2): Delayed 2 second(s)

2019-07-10 15:33:04 - [MESSAGE][PASSED] - Delayed 2 second(s)

2019-07-10 15:33:04 - [TEST_STEP][PASSED] - scrollToElement(findTestObject("APOLLO- Desktop/Home page/Footer/Social icons position"), 0): Scroll to object 'Object Repository/APOLLO- Desktop/Home page/Footer/Social icons position' successfully

2019-07-10 15:33:04 - [MESSAGE][WARNING] - Timeout '0' is invalid. Using default page load timeout: '30'

2019-07-10 15:33:05 - [MESSAGE][PASSED] - Scroll to object 'Object Repository/APOLLO- Desktop/Home page/Footer/Social icons position' successfully

2019-07-10 15:33:05 - [TEST_STEP][PASSED] - delay(2): Delayed 2 second(s)

2019-07-10 15:33:07 - [MESSAGE][PASSED] - Delayed 2 second(s)

2019-07-10 15:33:07 - [TEST_STEP][PASSED] - click(findTestObject("APOLLO- Desktop/Home page/Footer/facebook icon")): Object: 'Object Repository/APOLLO- Desktop/Home page/Footer/facebook icon' is clicked on

2019-07-10 15:33:10 - [MESSAGE][PASSED] - Object: 'Object Repository/APOLLO- Desktop/Home page/Footer/facebook icon' is clicked on

2019-07-10 15:33:10 - [TEST_STEP][PASSED] - delay(2): Delayed 2 second(s)

2019-07-10 15:33:12 - [MESSAGE][PASSED] - Delayed 2 second(s)

2019-07-10 15:33:12 - [TEST_STEP][PASSED] - click(findTestObject("APOLLO- Desktop/Home page/Footer/Twitter icon")): Object: 'Object Repository/APOLLO- Desktop/Home page/Footer/Twitter icon' is clicked on

2019-07-10 15:33:14 - [MESSAGE][PASSED] - Object: 'Object Repository/APOLLO- Desktop/Home page/Footer/Twitter icon' is clicked on

2019-07-10 15:33:14 - [TEST_STEP][PASSED] - delay(2): Delayed 2 second(s)

2019-07-10 15:33:16 - [MESSAGE][PASSED] - Delayed 2 second(s)

2019-07-10 15:33:16 - [TEST_STEP][PASSED] - click(findTestObject("APOLLO- Desktop/Home page/Footer/Instagram icon")): Object: 'Object Repository/APOLLO- Desktop/Home page/Footer/Instagram icon' is clicked on

2019-07-10 15:33:19 - [MESSAGE][PASSED] - Object: 'Object Repository/APOLLO- Desktop/Home page/Footer/Instagram icon' is clicked on

2019-07-10 15:33:19 - [TEST_STEP][PASSED] - delay(2): Delayed 2 second(s)

2019-07-10 15:33:21 - [MESSAGE][PASSED] - Delayed 2 second(s)

2019-07-10 15:33:21 - [TEST_STEP][PASSED] - click(findTestObject("APOLLO- Desktop/Home page/Footer/Pintrest")): Object: 'Object Repository/APOLLO- Desktop/Home page/Footer/Pintrest' is clicked on

2019-07-10 15:33:27 - [MESSAGE][PASSED] - Object: 'Object Repository/APOLLO- Desktop/Home page/Footer/Pintrest' is clicked on

2019-07-10 15:33:27 - [TEST_STEP][PASSED] - delay(2): Delayed 2 second(s)

2019-07-10 15:33:29 - [MESSAGE][PASSED] - Delayed 2 second(s)

2019-07-10 15:33:29 - [TEST_STEP][PASSED] - click(findTestObject("APOLLO- Desktop/Home page/Footer/div_Shop")): Object: 'Object Repository/APOLLO- Desktop/Home page/Footer/div_Shop' is clicked on

2019-07-10 15:33:33 - [MESSAGE][PASSED] - Object: 'Object Repository/APOLLO- Desktop/Home page/Footer/div_Shop' is clicked on

2019-07-10 15:33:33 - [TEST_STEP][NOT_RUN] - executeJavaScript("var previewBar = document.getElementById("preview-bar-iframe"); previewBar.style.display = "none";", []): NOT_RUN: executeJavaScript("var previewBar = document.getElementById("preview-bar-iframe"); previewBar.style.display = "none";", [])

2019-07-10 15:33:33 - [MESSAGE][NOT_RUN] - NOT_RUN: executeJavaScript("var previewBar = document.getElementById("preview-bar-iframe"); previewBar.style.display = "none";", [])

2019-07-10 15:33:33 - [TEST_STEP][PASSED] - delay(4): Delayed 4 second(s)

2019-07-10 15:33:37 - [MESSAGE][PASSED] - Delayed 4 second(s)

2019-07-10 15:33:37 - [TEST_STEP][PASSED] - click(findTestObject("APOLLO- Desktop/Home page/Footer/Shop")): Object: 'Object Repository/APOLLO- Desktop/Home page/Footer/Shop' is clicked on

2019-07-10 15:33:38 - [MESSAGE][PASSED] - Object: 'Object Repository/APOLLO- Desktop/Home page/Footer/Shop' is clicked on

2019-07-10 15:33:38 - [TEST_STEP][PASSED] - delay(2): Delayed 2 second(s)

2019-07-10 15:33:40 - [MESSAGE][PASSED] - Delayed 2 second(s)

2019-07-10 15:33:40 - [TEST_STEP][NOT_RUN] - executeJavaScript("var previewBar = document.getElementById("preview-bar-iframe"); previewBar.style.display = "none";", []): NOT_RUN: executeJavaScript("var previewBar = document.getElementById("preview-bar-iframe"); previewBar.style.display = "none";", [])

2019-07-10 15:33:40 - [MESSAGE][NOT_RUN] - NOT_RUN: executeJavaScript("var previewBar = document.getElementById("preview-bar-iframe"); previewBar.style.display = "none";", [])

2019-07-10 15:33:40 - [TEST_STEP][PASSED] - delay(2): Delayed 2 second(s)

2019-07-10 15:33:42 - [MESSAGE][PASSED] - Delayed 2 second(s)

2019-07-10 15:33:42 - [TEST_STEP][PASSED] - click(findTestObject("APOLLO- Desktop/Home page/Footer/About")): Object: 'Object Repository/APOLLO- Desktop/Home page/Footer/About' is clicked on

2019-07-10 15:33:42 - [MESSAGE][PASSED] - Object: 'Object Repository/APOLLO- Desktop/Home page/Footer/About' is clicked on

2019-07-10 15:33:42 - [TEST_STEP][PASSED] - delay(2): Delayed 2 second(s)

2019-07-10 15:33:44 - [MESSAGE][PASSED] - Delayed 2 second(s)

2019-07-10 15:33:44 - [TEST_STEP][NOT_RUN] - executeJavaScript("var previewBar = document.getElementById("preview-bar-iframe"); previewBar.style.display = "none";", []): NOT_RUN: executeJavaScript("var previewBar = document.getElementById("preview-bar-iframe"); previewBar.style.display = "none";", [])

2019-07-10 15:33:44 - [MESSAGE][NOT_RUN] - NOT_RUN: executeJavaScript("var previewBar = document.getElementById("preview-bar-iframe"); previewBar.style.display = "none";", [])

2019-07-10 15:33:44 - [TEST_STEP][PASSED] - delay(2): Delayed 2 second(s)

2019-07-10 15:33:46 - [MESSAGE][PASSED] - Delayed 2 second(s)

2019-07-10 15:33:46 - [TEST_STEP][PASSED] - click(findTestObject("APOLLO- Desktop/Home page/Footer/Blog")): Object: 'Object Repository/APOLLO- Desktop/Home page/Footer/Blog' is clicked on

2019-07-10 15:33:47 - [MESSAGE][PASSED] - Object: 'Object Repository/APOLLO- Desktop/Home page/Footer/Blog' is clicked on

2019-07-10 15:33:47 - [TEST_STEP][PASSED] - delay(2): Delayed 2 second(s)

2019-07-10 15:33:49 - [MESSAGE][PASSED] - Delayed 2 second(s)

2019-07-10 15:33:49 - [TEST_STEP][NOT_RUN] - executeJavaScript("var previewBar = document.getElementById("preview-bar-iframe"); previewBar.style.display = "none";", []): NOT_RUN: executeJavaScript("var previewBar = document.getElementById("preview-bar-iframe"); previewBar.style.display = "none";", [])

2019-07-10 15:33:49 - [MESSAGE][NOT_RUN] - NOT_RUN: executeJavaScript("var previewBar = document.getElementById("preview-bar-iframe"); previewBar.style.display = "none";", [])

2019-07-10 15:33:49 - [TEST_STEP][PASSED] - delay(2): Delayed 2 second(s)

2019-07-10 15:33:51 - [MESSAGE][PASSED] - Delayed 2 second(s)

2019-07-10 15:33:51 - [TEST_STEP][PASSED] - click(findTestObject("APOLLO- Desktop/Home page/Footer/Support")): Object: 'Object Repository/APOLLO- Desktop/Home page/Footer/Support' is clicked on

2019-07-10 15:33:51 - [MESSAGE][PASSED] - Object: 'Object Repository/APOLLO- Desktop/Home page/Footer/Support' is clicked on

2019-07-10 15:33:51 - [TEST_STEP][PASSED] - delay(2): Delayed 2 second(s)

2019-07-10 15:33:53 - [MESSAGE][PASSED] - Delayed 2 second(s)

2019-07-10 15:33:53 - [TEST_STEP][NOT_RUN] - executeJavaScript("var previewBar = document.getElementById("preview-bar-iframe"); previewBar.style.display = "none";", []): NOT_RUN: executeJavaScript("var previewBar = document.getElementById("preview-bar-iframe"); previewBar.style.display = "none";", [])

2019-07-10 15:33:53 - [MESSAGE][NOT_RUN] - NOT_RUN: executeJavaScript("var previewBar = document.getElementById("preview-bar-iframe"); previewBar.style.display = "none";", [])

2019-07-10 15:33:53 - [TEST_STEP][PASSED] - delay(2): Delayed 2 second(s)

2019-07-10 15:33:55 - [MESSAGE][PASSED] - Delayed 2 second(s)

2019-07-10 15:33:55 - [TEST_STEP][PASSED] - click(findTestObject("APOLLO- Desktop/Home page/Footer/a_Contact")): Object: 'Object Repository/APOLLO- Desktop/Home page/Footer/a_Contact' is clicked on

2019-07-10 15:33:56 - [MESSAGE][PASSED] - Object: 'Object Repository/APOLLO- Desktop/Home page/Footer/a_Contact' is clicked on

2019-07-10 15:33:56 - [TEST_STEP][PASSED] - delay(2): Delayed 2 second(s)

2019-07-10 15:33:58 - [MESSAGE][PASSED] - Delayed 2 second(s)

2019-07-10 15:33:58 - [TEST_STEP][NOT_RUN] - executeJavaScript("var previewBar = document.getElementById("preview-bar-iframe"); previewBar.style.display = "none";", []): NOT_RUN: executeJavaScript("var previewBar = document.getElementById("preview-bar-iframe"); previewBar.style.display = "none";", [])

2019-07-10 15:33:58 - [MESSAGE][NOT_RUN] - NOT_RUN: executeJavaScript("var previewBar = document.getElementById("preview-bar-iframe"); previewBar.style.display = "none";", [])

2019-07-10 15:33:58 - [TEST_STEP][PASSED] - delay(2): Delayed 2 second(s)

2019-07-10 15:34:00 - [MESSAGE][PASSED] - Delayed 2 second(s)

2019-07-10 15:34:00 - [TEST_STEP][FAILED] - click(findTestObject("APOLLO- Desktop/Home page/Footer/a_Men")): click(findTestObject("APOLLO- Desktop/Home page/Footer/a_Men")) FAILED.
Reason:
com.kms.katalon.core.exception.StepFailedException: Unable to click on object 'Object Repository/APOLLO- Desktop/Home page/Footer/a_Men' (Root cause: com.kms.katalon.core.webui.exception.WebElementNotFoundException: Web element with id: 'Object Repository/APOLLO- Desktop/Home page/Footer/a_Men' located by 'By.xpath: //a[@class='c-bottom-link o-link--discrete'][contains(text(),'Men')][count(. | //a[@href = '#']) = count(//a[@href = '#'])]' not found)
	at com.kms.katalon.core.keyword.internal.KeywordMain.stepFailed(KeywordMain.groovy:36)
	at com.kms.katalon.core.webui.keyword.internal.WebUIKeywordMain.stepFailed(WebUIKeywordMain.groovy:65)
	at com.kms.katalon.core.webui.keyword.internal.WebUIKeywordMain.runKeyword(WebUIKeywordMain.groovy:27)
	at com.kms.katalon.core.webui.keyword.builtin.ClickKeyword.click(ClickKeyword.groovy:86)
	at com.kms.katalon.core.webui.keyword.builtin.ClickKeyword.execute(ClickKeyword.groovy:67)
	at com.kms.katalon.core.keyword.internal.KeywordExecutor.executeKeywordForPlatform(KeywordExecutor.groovy:53)
	at com.kms.katalon.core.webui.keyword.WebUiBuiltInKeywords.click(WebUiBuiltInKeywords.groovy:616)
	at com.kms.katalon.core.webui.keyword.WebUiBuiltInKeywords$click$2.call(Unknown Source)
	at Footer.run(Footer:92)
	at com.kms.katalon.core.main.ScriptEngine.run(ScriptEngine.java:194)
	at com.kms.katalon.core.main.ScriptEngine.runScriptAsRawText(ScriptEngine.java:119)
	at com.kms.katalon.core.main.TestCaseExecutor.runScript(TestCaseExecutor.java:328)
	at com.kms.katalon.core.main.TestCaseExecutor.doExecute(TestCaseExecutor.java:319)
	at com.kms.katalon.core.main.TestCaseExecutor.processExecutionPhase(TestCaseExecutor.java:298)
	at com.kms.katalon.core.main.TestCaseExecutor.accessMainPhase(TestCaseExecutor.java:290)
	at com.kms.katalon.core.main.TestCaseExecutor.execute(TestCaseExecutor.java:224)
	at com.kms.katalon.core.main.TestSuiteExecutor.accessTestCaseMainPhase(TestSuiteExecutor.java:129)
	at com.kms.katalon.core.main.TestSuiteExecutor.accessTestSuiteMainPhase(TestSuiteExecutor.java:112)
	at com.kms.katalon.core.main.TestSuiteExecutor.execute(TestSuiteExecutor.java:81)
	at com.kms.katalon.core.main.TestCaseMain.startTestSuite(TestCaseMain.java:149)
	at com.kms.katalon.core.main.TestCaseMain$startTestSuite$0.call(Unknown Source)
	at TempTestSuite1562786448509.run(TempTestSuite1562786448509.groovy:36)


2019-07-10 15:34:50 - [MESSAGE][INFO] - Unable to find the element located by 'By.xpath: //a[@class='c-bottom-link o-link--discrete'][contains(text(),'Men')][count(. | //a[@href = '#']) = count(//a[@href = '#'])]'. Please recheck the objects properties to make sure the desired element is located. 

2019-07-10 15:34:51 - [MESSAGE][FAILED] - Unable to click on object 'Object Repository/APOLLO- Desktop/Home page/Footer/a_Men' (Root cause: com.kms.katalon.core.webui.exception.WebElementNotFoundException: Web element with id: 'Object Repository/APOLLO- Desktop/Home page/Footer/a_Men' located by 'By.xpath: //a[@class='c-bottom-link o-link--discrete'][contains(text(),'Men')][count(. | //a[@href = '#']) = count(//a[@href = '#'])]' not found)
[[ATTACHMENT|/Users/sumankompelly/git/Apollo-Dark-Desktop/Reports/Apollo - dark build/20190710_152048/1562787290961.png]]

2019-07-10 15:34:51 - [MESSAGE][FAILED] - click(findTestObject("APOLLO- Desktop/Home page/Footer/a_Men")) FAILED.
Reason:
com.kms.katalon.core.exception.StepFailedException: Unable to click on object 'Object Repository/APOLLO- Desktop/Home page/Footer/a_Men' (Root cause: com.kms.katalon.core.webui.exception.WebElementNotFoundException: Web element with id: 'Object Repository/APOLLO- Desktop/Home page/Footer/a_Men' located by 'By.xpath: //a[@class='c-bottom-link o-link--discrete'][contains(text(),'Men')][count(. | //a[@href = '#']) = count(//a[@href = '#'])]' not found)
	at com.kms.katalon.core.keyword.internal.KeywordMain.stepFailed(KeywordMain.groovy:36)
	at com.kms.katalon.core.webui.keyword.internal.WebUIKeywordMain.stepFailed(WebUIKeywordMain.groovy:65)
	at com.kms.katalon.core.webui.keyword.internal.WebUIKeywordMain.runKeyword(WebUIKeywordMain.groovy:27)
	at com.kms.katalon.core.webui.keyword.builtin.ClickKeyword.click(ClickKeyword.groovy:86)
	at com.kms.katalon.core.webui.keyword.builtin.ClickKeyword.execute(ClickKeyword.groovy:67)
	at com.kms.katalon.core.keyword.internal.KeywordExecutor.executeKeywordForPlatform(KeywordExecutor.groovy:53)
	at com.kms.katalon.core.webui.keyword.WebUiBuiltInKeywords.click(WebUiBuiltInKeywords.groovy:616)
	at com.kms.katalon.core.webui.keyword.WebUiBuiltInKeywords$click$2.call(Unknown Source)
	at Footer.run(Footer:92)
	at com.kms.katalon.core.main.ScriptEngine.run(ScriptEngine.java:194)
	at com.kms.katalon.core.main.ScriptEngine.runScriptAsRawText(ScriptEngine.java:119)
	at com.kms.katalon.core.main.TestCaseExecutor.runScript(TestCaseExecutor.java:328)
	at com.kms.katalon.core.main.TestCaseExecutor.doExecute(TestCaseExecutor.java:319)
	at com.kms.katalon.core.main.TestCaseExecutor.processExecutionPhase(TestCaseExecutor.java:298)
	at com.kms.katalon.core.main.TestCaseExecutor.accessMainPhase(TestCaseExecutor.java:290)
	at com.kms.katalon.core.main.TestCaseExecutor.execute(TestCaseExecutor.java:224)
	at com.kms.katalon.core.main.TestSuiteExecutor.accessTestCaseMainPhase(TestSuiteExecutor.java:129)
	at com.kms.katalon.core.main.TestSuiteExecutor.accessTestSuiteMainPhase(TestSuiteExecutor.java:112)
	at com.kms.katalon.core.main.TestSuiteExecutor.execute(TestSuiteExecutor.java:81)
	at com.kms.katalon.core.main.TestCaseMain.startTestSuite(TestCaseMain.java:149)
	at com.kms.katalon.core.main.TestCaseMain$startTestSuite$0.call(Unknown Source)
	at TempTestSuite1562786448509.run(TempTestSuite1562786448509.groovy:36)]]></system-out>
         <system-err><![CDATA[2019-07-10 15:32:38 - [TEST_CASE][FAILED] - Test Cases/HOME PAGE/Footer: Test Cases/HOME PAGE/Footer FAILED.
Reason:
com.kms.katalon.core.exception.StepFailedException: Unable to click on object 'Object Repository/APOLLO- Desktop/Home page/Footer/a_Men' (Root cause: com.kms.katalon.core.webui.exception.WebElementNotFoundException: Web element with id: 'Object Repository/APOLLO- Desktop/Home page/Footer/a_Men' located by 'By.xpath: //a[@class='c-bottom-link o-link--discrete'][contains(text(),'Men')][count(. | //a[@href = '#']) = count(//a[@href = '#'])]' not found)
	at com.kms.katalon.core.keyword.internal.KeywordMain.stepFailed(KeywordMain.groovy:36)
	at com.kms.katalon.core.webui.keyword.internal.WebUIKeywordMain.stepFailed(WebUIKeywordMain.groovy:65)
	at com.kms.katalon.core.webui.keyword.internal.WebUIKeywordMain.runKeyword(WebUIKeywordMain.groovy:27)
	at com.kms.katalon.core.webui.keyword.builtin.ClickKeyword.click(ClickKeyword.groovy:86)
	at com.kms.katalon.core.webui.keyword.builtin.ClickKeyword.execute(ClickKeyword.groovy:67)
	at com.kms.katalon.core.keyword.internal.KeywordExecutor.executeKeywordForPlatform(KeywordExecutor.groovy:53)
	at com.kms.katalon.core.webui.keyword.WebUiBuiltInKeywords.click(WebUiBuiltInKeywords.groovy:616)
	at com.kms.katalon.core.webui.keyword.WebUiBuiltInKeywords$click$2.call(Unknown Source)
	at Footer.run(Footer:92)
	at com.kms.katalon.core.main.ScriptEngine.run(ScriptEngine.java:194)
	at com.kms.katalon.core.main.ScriptEngine.runScriptAsRawText(ScriptEngine.java:119)
	at com.kms.katalon.core.main.TestCaseExecutor.runScript(TestCaseExecutor.java:328)
	at com.kms.katalon.core.main.TestCaseExecutor.doExecute(TestCaseExecutor.java:319)
	at com.kms.katalon.core.main.TestCaseExecutor.processExecutionPhase(TestCaseExecutor.java:298)
	at com.kms.katalon.core.main.TestCaseExecutor.accessMainPhase(TestCaseExecutor.java:290)
	at com.kms.katalon.core.main.TestCaseExecutor.execute(TestCaseExecutor.java:224)
	at com.kms.katalon.core.main.TestSuiteExecutor.accessTestCaseMainPhase(TestSuiteExecutor.java:129)
	at com.kms.katalon.core.main.TestSuiteExecutor.accessTestSuiteMainPhase(TestSuiteExecutor.java:112)
	at com.kms.katalon.core.main.TestSuiteExecutor.execute(TestSuiteExecutor.java:81)
	at com.kms.katalon.core.main.TestCaseMain.startTestSuite(TestCaseMain.java:149)
	at com.kms.katalon.core.main.TestCaseMain$startTestSuite$0.call(Unknown Source)
	at TempTestSuite1562786448509.run(TempTestSuite1562786448509.groovy:36)]]></system-err>
      </testcase>
      <testcase name="Test Cases/HOME PAGE/Cart flyout opening" classname="Test Cases/HOME PAGE/Cart flyout opening" status="PASSED">
         <system-out><![CDATA[2019-07-10 15:34:51 - [TEST_CASE][PASSED] - Test Cases/HOME PAGE/Cart flyout opening: Test Cases/HOME PAGE/Cart flyout opening

2019-07-10 15:34:51 - [TEST_STEP][PASSED] - callTestCase(findTestCase("CALL - URL"), [:], STOP_ON_FAILURE): Call Test Case 'Test Cases/CALL - URL' successfully

2019-07-10 15:34:51 - [TEST_CASE][PASSED] - Test Cases/CALL - URL: Test Cases/CALL - URL

2019-07-10 15:34:51 - [TEST_STEP][PASSED] - openBrowser(""): Browser is opened with url: ''

2019-07-10 15:34:51 - [MESSAGE][WARNING] - A browser is already opened. Closing browser and opening a new one

2019-07-10 15:34:53 - [MESSAGE][INFO] - Starting 'Remote' driver

2019-07-10 15:34:53 - [MESSAGE][INFO] - User set preference: ['os', 'Windows']

2019-07-10 15:34:53 - [MESSAGE][INFO] - User set preference: ['os_version', '10']

2019-07-10 15:34:53 - [MESSAGE][INFO] - User set preference: ['browser', 'Edge']

2019-07-10 15:34:53 - [MESSAGE][INFO] - User set preference: ['browser_version', '18.0']

2019-07-10 15:34:53 - [MESSAGE][INFO] - User set preference: ['resolution', '']

2019-07-10 15:34:53 - [MESSAGE][INFO] - Connecting to remote web server 'https://dianatest3:Z3oqw9ysqTeRQJq5wFCp@hub-cloud.browserstack.com/wd/hub' with type 'Selenium'

2019-07-10 15:35:04 - [MESSAGE][PASSED] - Browser is opened with url: ''

2019-07-10 15:35:04 - [TEST_STEP][PASSED] - navigateToUrl("https://diff-apollo.myshopify.com/?key=eec34184cfd8f82cda816f82753a8c8e9e240f30cf54470e19667b8cbb401948&preview_theme_id="): Navigate to 'https://diff-apollo.myshopify.com/?key=eec34184cfd8f82cda816f82753a8c8e9e240f30cf54470e19667b8cbb401948&preview_theme_id=' successfully

2019-07-10 15:35:13 - [MESSAGE][PASSED] - Navigate to 'https://diff-apollo.myshopify.com/?key=eec34184cfd8f82cda816f82753a8c8e9e240f30cf54470e19667b8cbb401948&preview_theme_id=' successfully

2019-07-10 15:35:13 - [TEST_STEP][NOT_RUN] - executeJavaScript("var previewBar = document.getElementById("preview-bar-iframe"); previewBar.style.display = "none";", []): NOT_RUN: executeJavaScript("var previewBar = document.getElementById("preview-bar-iframe"); previewBar.style.display = "none";", [])

2019-07-10 15:35:13 - [MESSAGE][NOT_RUN] - NOT_RUN: executeJavaScript("var previewBar = document.getElementById("preview-bar-iframe"); previewBar.style.display = "none";", [])

2019-07-10 15:35:13 - [TEST_STEP][PASSED] - maximizeWindow(): Current window maximized

2019-07-10 15:35:13 - [MESSAGE][PASSED] - Current window maximized

2019-07-10 15:35:13 - [MESSAGE][PASSED] - Call Test Case 'Test Cases/CALL - URL' successfully

2019-07-10 15:35:13 - [TEST_STEP][PASSED] - delay(2): Delayed 2 second(s)

2019-07-10 15:35:15 - [MESSAGE][PASSED] - Delayed 2 second(s)

2019-07-10 15:35:15 - [TEST_STEP][PASSED] - click(findTestObject("APOLLO- Desktop/Home page/cart icon open")): Object: 'Object Repository/APOLLO- Desktop/Home page/cart icon open' is clicked on

2019-07-10 15:35:16 - [MESSAGE][PASSED] - Object: 'Object Repository/APOLLO- Desktop/Home page/cart icon open' is clicked on

2019-07-10 15:35:16 - [TEST_STEP][PASSED] - flag = verifyTextPresent("Your bag", false): Text 'Your bag' is present on page 

2019-07-10 15:35:19 - [MESSAGE][PASSED] - Text 'Your bag' is present on page 

2019-07-10 15:35:19 - [TEST_STEP][PASSED] - delay(2): Delayed 2 second(s)

2019-07-10 15:35:21 - [MESSAGE][PASSED] - Delayed 2 second(s)

2019-07-10 15:35:21 - [TEST_STEP][PASSED] - comment("flag=" + flag): flag=true

2019-07-10 15:35:21 - [MESSAGE][INFO] - flag=true

2019-07-10 15:35:21 - [TEST_STEP][PASSED] - if (flag == true): Delayed 2 second(s)

2019-07-10 15:35:21 - [TEST_STEP][PASSED] - comment(" cart flyout opened"):  cart flyout opened

2019-07-10 15:35:21 - [MESSAGE][INFO] -  cart flyout opened

2019-07-10 15:35:21 - [TEST_STEP][PASSED] - delay(2): Delayed 2 second(s)

2019-07-10 15:35:23 - [MESSAGE][PASSED] - Delayed 2 second(s)

2019-07-10 15:35:23 - [TEST_STEP][PASSED] - click(findTestObject("APOLLO- Desktop/Cart flyout/Cart collapse")): Object: 'Object Repository/APOLLO- Desktop/Cart flyout/Cart collapse' is clicked on

2019-07-10 15:35:24 - [MESSAGE][PASSED] - Object: 'Object Repository/APOLLO- Desktop/Cart flyout/Cart collapse' is clicked on

2019-07-10 15:35:24 - [TEST_STEP][PASSED] - delay(2): Delayed 2 second(s)

2019-07-10 15:35:26 - [MESSAGE][PASSED] - Delayed 2 second(s)

2019-07-10 15:35:26 - [TEST_STEP][PASSED] - flag1 = verifyTextNotPresent("Your bag", false): Text 'Your bag' is not present on page

2019-07-10 15:35:28 - [MESSAGE][PASSED] - Text 'Your bag' is not present on page

2019-07-10 15:35:28 - [TEST_STEP][PASSED] - comment("flag1=" + flag1): flag1=true

2019-07-10 15:35:28 - [MESSAGE][INFO] - flag1=true

2019-07-10 15:35:28 - [TEST_STEP][PASSED] - if (flag1 == true):  cart flyout closed

2019-07-10 15:35:28 - [TEST_STEP][PASSED] - comment(" cart flyout closed"):  cart flyout closed

2019-07-10 15:35:28 - [MESSAGE][INFO] -  cart flyout closed]]></system-out>
         <system-err><![CDATA[]]></system-err>
      </testcase>
      <testcase name="Test Cases/HOME PAGE/Popular products" classname="Test Cases/HOME PAGE/Popular products" status="FAILED">
         <failure type="FAILED" message="Test Cases/HOME PAGE/Popular products FAILED.
Reason:
com.kms.katalon.core.exception.StepFailedException: Unable to scroll to object 'Object Repository/APOLLO- Desktop/Home page/Popular products/Popular products tile' (Root cause: com.kms.katalon.core.webui.exception.WebElementNotFoundException: Web element with id: 'Object Repository/APOLLO- Desktop/Home page/Popular products/Popular products tile' located by 'By.xpath: //h1[contains(text(),'Popular products')]' not found)
	at com.kms.katalon.core.keyword.internal.KeywordMain.stepFailed(KeywordMain.groovy:36)
	at com.kms.katalon.core.webui.keyword.internal.WebUIKeywordMain.stepFailed(WebUIKeywordMain.groovy:65)
	at com.kms.katalon.core.webui.keyword.internal.WebUIKeywordMain.runKeyword(WebUIKeywordMain.groovy:27)
	at com.kms.katalon.core.webui.keyword.builtin.ScrollToElementKeyword.scrollToElement(ScrollToElementKeyword.groovy:88)
	at com.kms.katalon.core.webui.keyword.builtin.ScrollToElementKeyword.execute(ScrollToElementKeyword.groovy:68)
	at com.kms.katalon.core.keyword.internal.KeywordExecutor.executeKeywordForPlatform(KeywordExecutor.groovy:53)
	at com.kms.katalon.core.webui.keyword.WebUiBuiltInKeywords.scrollToElement(WebUiBuiltInKeywords.groovy:2975)
	at com.kms.katalon.core.webui.keyword.WebUiBuiltInKeywords$scrollToElement$3.call(Unknown Source)
	at Popular products.run(Popular products:20)
	at com.kms.katalon.core.main.ScriptEngine.run(ScriptEngine.java:194)
	at com.kms.katalon.core.main.ScriptEngine.runScriptAsRawText(ScriptEngine.java:119)
	at com.kms.katalon.core.main.TestCaseExecutor.runScript(TestCaseExecutor.java:328)
	at com.kms.katalon.core.main.TestCaseExecutor.doExecute(TestCaseExecutor.java:319)
	at com.kms.katalon.core.main.TestCaseExecutor.processExecutionPhase(TestCaseExecutor.java:298)
	at com.kms.katalon.core.main.TestCaseExecutor.accessMainPhase(TestCaseExecutor.java:290)
	at com.kms.katalon.core.main.TestCaseExecutor.execute(TestCaseExecutor.java:224)
	at com.kms.katalon.core.main.TestSuiteExecutor.accessTestCaseMainPhase(TestSuiteExecutor.java:129)
	at com.kms.katalon.core.main.TestSuiteExecutor.accessTestSuiteMainPhase(TestSuiteExecutor.java:112)
	at com.kms.katalon.core.main.TestSuiteExecutor.execute(TestSuiteExecutor.java:81)
	at com.kms.katalon.core.main.TestCaseMain.startTestSuite(TestCaseMain.java:149)
	at com.kms.katalon.core.main.TestCaseMain$startTestSuite$0.call(Unknown Source)
	at TempTestSuite1562786448509.run(TempTestSuite1562786448509.groovy:36)
"/>
         <system-out><![CDATA[2019-07-10 15:35:28 - [TEST_CASE][FAILED] - Test Cases/HOME PAGE/Popular products: Test Cases/HOME PAGE/Popular products FAILED.
Reason:
com.kms.katalon.core.exception.StepFailedException: Unable to scroll to object 'Object Repository/APOLLO- Desktop/Home page/Popular products/Popular products tile' (Root cause: com.kms.katalon.core.webui.exception.WebElementNotFoundException: Web element with id: 'Object Repository/APOLLO- Desktop/Home page/Popular products/Popular products tile' located by 'By.xpath: //h1[contains(text(),'Popular products')]' not found)
	at com.kms.katalon.core.keyword.internal.KeywordMain.stepFailed(KeywordMain.groovy:36)
	at com.kms.katalon.core.webui.keyword.internal.WebUIKeywordMain.stepFailed(WebUIKeywordMain.groovy:65)
	at com.kms.katalon.core.webui.keyword.internal.WebUIKeywordMain.runKeyword(WebUIKeywordMain.groovy:27)
	at com.kms.katalon.core.webui.keyword.builtin.ScrollToElementKeyword.scrollToElement(ScrollToElementKeyword.groovy:88)
	at com.kms.katalon.core.webui.keyword.builtin.ScrollToElementKeyword.execute(ScrollToElementKeyword.groovy:68)
	at com.kms.katalon.core.keyword.internal.KeywordExecutor.executeKeywordForPlatform(KeywordExecutor.groovy:53)
	at com.kms.katalon.core.webui.keyword.WebUiBuiltInKeywords.scrollToElement(WebUiBuiltInKeywords.groovy:2975)
	at com.kms.katalon.core.webui.keyword.WebUiBuiltInKeywords$scrollToElement$3.call(Unknown Source)
	at Popular products.run(Popular products:20)
	at com.kms.katalon.core.main.ScriptEngine.run(ScriptEngine.java:194)
	at com.kms.katalon.core.main.ScriptEngine.runScriptAsRawText(ScriptEngine.java:119)
	at com.kms.katalon.core.main.TestCaseExecutor.runScript(TestCaseExecutor.java:328)
	at com.kms.katalon.core.main.TestCaseExecutor.doExecute(TestCaseExecutor.java:319)
	at com.kms.katalon.core.main.TestCaseExecutor.processExecutionPhase(TestCaseExecutor.java:298)
	at com.kms.katalon.core.main.TestCaseExecutor.accessMainPhase(TestCaseExecutor.java:290)
	at com.kms.katalon.core.main.TestCaseExecutor.execute(TestCaseExecutor.java:224)
	at com.kms.katalon.core.main.TestSuiteExecutor.accessTestCaseMainPhase(TestSuiteExecutor.java:129)
	at com.kms.katalon.core.main.TestSuiteExecutor.accessTestSuiteMainPhase(TestSuiteExecutor.java:112)
	at com.kms.katalon.core.main.TestSuiteExecutor.execute(TestSuiteExecutor.java:81)
	at com.kms.katalon.core.main.TestCaseMain.startTestSuite(TestCaseMain.java:149)
	at com.kms.katalon.core.main.TestCaseMain$startTestSuite$0.call(Unknown Source)
	at TempTestSuite1562786448509.run(TempTestSuite1562786448509.groovy:36)


2019-07-10 15:35:29 - [TEST_STEP][PASSED] - callTestCase(findTestCase("CALL - URL"), [:], STOP_ON_FAILURE): Call Test Case 'Test Cases/CALL - URL' successfully

2019-07-10 15:35:29 - [TEST_CASE][PASSED] - Test Cases/CALL - URL: Test Cases/CALL - URL

2019-07-10 15:35:29 - [TEST_STEP][PASSED] - openBrowser(""): Browser is opened with url: ''

2019-07-10 15:35:29 - [MESSAGE][WARNING] - A browser is already opened. Closing browser and opening a new one

2019-07-10 15:35:30 - [MESSAGE][INFO] - Starting 'Remote' driver

2019-07-10 15:35:30 - [MESSAGE][INFO] - User set preference: ['os', 'Windows']

2019-07-10 15:35:30 - [MESSAGE][INFO] - User set preference: ['os_version', '10']

2019-07-10 15:35:30 - [MESSAGE][INFO] - User set preference: ['browser', 'Edge']

2019-07-10 15:35:30 - [MESSAGE][INFO] - User set preference: ['browser_version', '18.0']

2019-07-10 15:35:30 - [MESSAGE][INFO] - User set preference: ['resolution', '']

2019-07-10 15:35:30 - [MESSAGE][INFO] - Connecting to remote web server 'https://dianatest3:Z3oqw9ysqTeRQJq5wFCp@hub-cloud.browserstack.com/wd/hub' with type 'Selenium'

2019-07-10 15:35:41 - [MESSAGE][PASSED] - Browser is opened with url: ''

2019-07-10 15:35:41 - [TEST_STEP][PASSED] - navigateToUrl("https://diff-apollo.myshopify.com/?key=eec34184cfd8f82cda816f82753a8c8e9e240f30cf54470e19667b8cbb401948&preview_theme_id="): Navigate to 'https://diff-apollo.myshopify.com/?key=eec34184cfd8f82cda816f82753a8c8e9e240f30cf54470e19667b8cbb401948&preview_theme_id=' successfully

2019-07-10 15:35:49 - [MESSAGE][PASSED] - Navigate to 'https://diff-apollo.myshopify.com/?key=eec34184cfd8f82cda816f82753a8c8e9e240f30cf54470e19667b8cbb401948&preview_theme_id=' successfully

2019-07-10 15:35:49 - [TEST_STEP][NOT_RUN] - executeJavaScript("var previewBar = document.getElementById("preview-bar-iframe"); previewBar.style.display = "none";", []): NOT_RUN: executeJavaScript("var previewBar = document.getElementById("preview-bar-iframe"); previewBar.style.display = "none";", [])

2019-07-10 15:35:49 - [MESSAGE][NOT_RUN] - NOT_RUN: executeJavaScript("var previewBar = document.getElementById("preview-bar-iframe"); previewBar.style.display = "none";", [])

2019-07-10 15:35:49 - [TEST_STEP][PASSED] - maximizeWindow(): Current window maximized

2019-07-10 15:35:49 - [MESSAGE][PASSED] - Current window maximized

2019-07-10 15:35:49 - [MESSAGE][PASSED] - Call Test Case 'Test Cases/CALL - URL' successfully

2019-07-10 15:35:49 - [TEST_STEP][PASSED] - delay(2): Delayed 2 second(s)

2019-07-10 15:35:51 - [MESSAGE][PASSED] - Delayed 2 second(s)

2019-07-10 15:35:51 - [TEST_STEP][FAILED] - scrollToElement(findTestObject("APOLLO- Desktop/Home page/Popular products/Popular products tile"), 0): scrollToElement(findTestObject("APOLLO- Desktop/Home page/Popular products/Popular products tile"), 0) FAILED.
Reason:
com.kms.katalon.core.exception.StepFailedException: Unable to scroll to object 'Object Repository/APOLLO- Desktop/Home page/Popular products/Popular products tile' (Root cause: com.kms.katalon.core.webui.exception.WebElementNotFoundException: Web element with id: 'Object Repository/APOLLO- Desktop/Home page/Popular products/Popular products tile' located by 'By.xpath: //h1[contains(text(),'Popular products')]' not found)
	at com.kms.katalon.core.keyword.internal.KeywordMain.stepFailed(KeywordMain.groovy:36)
	at com.kms.katalon.core.webui.keyword.internal.WebUIKeywordMain.stepFailed(WebUIKeywordMain.groovy:65)
	at com.kms.katalon.core.webui.keyword.internal.WebUIKeywordMain.runKeyword(WebUIKeywordMain.groovy:27)
	at com.kms.katalon.core.webui.keyword.builtin.ScrollToElementKeyword.scrollToElement(ScrollToElementKeyword.groovy:88)
	at com.kms.katalon.core.webui.keyword.builtin.ScrollToElementKeyword.execute(ScrollToElementKeyword.groovy:68)
	at com.kms.katalon.core.keyword.internal.KeywordExecutor.executeKeywordForPlatform(KeywordExecutor.groovy:53)
	at com.kms.katalon.core.webui.keyword.WebUiBuiltInKeywords.scrollToElement(WebUiBuiltInKeywords.groovy:2975)
	at com.kms.katalon.core.webui.keyword.WebUiBuiltInKeywords$scrollToElement$3.call(Unknown Source)
	at Popular products.run(Popular products:20)
	at com.kms.katalon.core.main.ScriptEngine.run(ScriptEngine.java:194)
	at com.kms.katalon.core.main.ScriptEngine.runScriptAsRawText(ScriptEngine.java:119)
	at com.kms.katalon.core.main.TestCaseExecutor.runScript(TestCaseExecutor.java:328)
	at com.kms.katalon.core.main.TestCaseExecutor.doExecute(TestCaseExecutor.java:319)
	at com.kms.katalon.core.main.TestCaseExecutor.processExecutionPhase(TestCaseExecutor.java:298)
	at com.kms.katalon.core.main.TestCaseExecutor.accessMainPhase(TestCaseExecutor.java:290)
	at com.kms.katalon.core.main.TestCaseExecutor.execute(TestCaseExecutor.java:224)
	at com.kms.katalon.core.main.TestSuiteExecutor.accessTestCaseMainPhase(TestSuiteExecutor.java:129)
	at com.kms.katalon.core.main.TestSuiteExecutor.accessTestSuiteMainPhase(TestSuiteExecutor.java:112)
	at com.kms.katalon.core.main.TestSuiteExecutor.execute(TestSuiteExecutor.java:81)
	at com.kms.katalon.core.main.TestCaseMain.startTestSuite(TestCaseMain.java:149)
	at com.kms.katalon.core.main.TestCaseMain$startTestSuite$0.call(Unknown Source)
	at TempTestSuite1562786448509.run(TempTestSuite1562786448509.groovy:36)


2019-07-10 15:35:51 - [MESSAGE][WARNING] - Timeout '0' is invalid. Using default page load timeout: '30'

2019-07-10 15:36:46 - [MESSAGE][INFO] - Unable to find the element located by 'By.xpath: //h1[contains(text(),'Popular products')]'. Please recheck the objects properties to make sure the desired element is located. 

2019-07-10 15:36:47 - [MESSAGE][FAILED] - Unable to scroll to object 'Object Repository/APOLLO- Desktop/Home page/Popular products/Popular products tile' (Root cause: com.kms.katalon.core.webui.exception.WebElementNotFoundException: Web element with id: 'Object Repository/APOLLO- Desktop/Home page/Popular products/Popular products tile' located by 'By.xpath: //h1[contains(text(),'Popular products')]' not found)
[[ATTACHMENT|/Users/sumankompelly/git/Apollo-Dark-Desktop/Reports/Apollo - dark build/20190710_152048/1562787406783.png]]

2019-07-10 15:36:47 - [MESSAGE][FAILED] - scrollToElement(findTestObject("APOLLO- Desktop/Home page/Popular products/Popular products tile"), 0) FAILED.
Reason:
com.kms.katalon.core.exception.StepFailedException: Unable to scroll to object 'Object Repository/APOLLO- Desktop/Home page/Popular products/Popular products tile' (Root cause: com.kms.katalon.core.webui.exception.WebElementNotFoundException: Web element with id: 'Object Repository/APOLLO- Desktop/Home page/Popular products/Popular products tile' located by 'By.xpath: //h1[contains(text(),'Popular products')]' not found)
	at com.kms.katalon.core.keyword.internal.KeywordMain.stepFailed(KeywordMain.groovy:36)
	at com.kms.katalon.core.webui.keyword.internal.WebUIKeywordMain.stepFailed(WebUIKeywordMain.groovy:65)
	at com.kms.katalon.core.webui.keyword.internal.WebUIKeywordMain.runKeyword(WebUIKeywordMain.groovy:27)
	at com.kms.katalon.core.webui.keyword.builtin.ScrollToElementKeyword.scrollToElement(ScrollToElementKeyword.groovy:88)
	at com.kms.katalon.core.webui.keyword.builtin.ScrollToElementKeyword.execute(ScrollToElementKeyword.groovy:68)
	at com.kms.katalon.core.keyword.internal.KeywordExecutor.executeKeywordForPlatform(KeywordExecutor.groovy:53)
	at com.kms.katalon.core.webui.keyword.WebUiBuiltInKeywords.scrollToElement(WebUiBuiltInKeywords.groovy:2975)
	at com.kms.katalon.core.webui.keyword.WebUiBuiltInKeywords$scrollToElement$3.call(Unknown Source)
	at Popular products.run(Popular products:20)
	at com.kms.katalon.core.main.ScriptEngine.run(ScriptEngine.java:194)
	at com.kms.katalon.core.main.ScriptEngine.runScriptAsRawText(ScriptEngine.java:119)
	at com.kms.katalon.core.main.TestCaseExecutor.runScript(TestCaseExecutor.java:328)
	at com.kms.katalon.core.main.TestCaseExecutor.doExecute(TestCaseExecutor.java:319)
	at com.kms.katalon.core.main.TestCaseExecutor.processExecutionPhase(TestCaseExecutor.java:298)
	at com.kms.katalon.core.main.TestCaseExecutor.accessMainPhase(TestCaseExecutor.java:290)
	at com.kms.katalon.core.main.TestCaseExecutor.execute(TestCaseExecutor.java:224)
	at com.kms.katalon.core.main.TestSuiteExecutor.accessTestCaseMainPhase(TestSuiteExecutor.java:129)
	at com.kms.katalon.core.main.TestSuiteExecutor.accessTestSuiteMainPhase(TestSuiteExecutor.java:112)
	at com.kms.katalon.core.main.TestSuiteExecutor.execute(TestSuiteExecutor.java:81)
	at com.kms.katalon.core.main.TestCaseMain.startTestSuite(TestCaseMain.java:149)
	at com.kms.katalon.core.main.TestCaseMain$startTestSuite$0.call(Unknown Source)
	at TempTestSuite1562786448509.run(TempTestSuite1562786448509.groovy:36)]]></system-out>
         <system-err><![CDATA[2019-07-10 15:35:28 - [TEST_CASE][FAILED] - Test Cases/HOME PAGE/Popular products: Test Cases/HOME PAGE/Popular products FAILED.
Reason:
com.kms.katalon.core.exception.StepFailedException: Unable to scroll to object 'Object Repository/APOLLO- Desktop/Home page/Popular products/Popular products tile' (Root cause: com.kms.katalon.core.webui.exception.WebElementNotFoundException: Web element with id: 'Object Repository/APOLLO- Desktop/Home page/Popular products/Popular products tile' located by 'By.xpath: //h1[contains(text(),'Popular products')]' not found)
	at com.kms.katalon.core.keyword.internal.KeywordMain.stepFailed(KeywordMain.groovy:36)
	at com.kms.katalon.core.webui.keyword.internal.WebUIKeywordMain.stepFailed(WebUIKeywordMain.groovy:65)
	at com.kms.katalon.core.webui.keyword.internal.WebUIKeywordMain.runKeyword(WebUIKeywordMain.groovy:27)
	at com.kms.katalon.core.webui.keyword.builtin.ScrollToElementKeyword.scrollToElement(ScrollToElementKeyword.groovy:88)
	at com.kms.katalon.core.webui.keyword.builtin.ScrollToElementKeyword.execute(ScrollToElementKeyword.groovy:68)
	at com.kms.katalon.core.keyword.internal.KeywordExecutor.executeKeywordForPlatform(KeywordExecutor.groovy:53)
	at com.kms.katalon.core.webui.keyword.WebUiBuiltInKeywords.scrollToElement(WebUiBuiltInKeywords.groovy:2975)
	at com.kms.katalon.core.webui.keyword.WebUiBuiltInKeywords$scrollToElement$3.call(Unknown Source)
	at Popular products.run(Popular products:20)
	at com.kms.katalon.core.main.ScriptEngine.run(ScriptEngine.java:194)
	at com.kms.katalon.core.main.ScriptEngine.runScriptAsRawText(ScriptEngine.java:119)
	at com.kms.katalon.core.main.TestCaseExecutor.runScript(TestCaseExecutor.java:328)
	at com.kms.katalon.core.main.TestCaseExecutor.doExecute(TestCaseExecutor.java:319)
	at com.kms.katalon.core.main.TestCaseExecutor.processExecutionPhase(TestCaseExecutor.java:298)
	at com.kms.katalon.core.main.TestCaseExecutor.accessMainPhase(TestCaseExecutor.java:290)
	at com.kms.katalon.core.main.TestCaseExecutor.execute(TestCaseExecutor.java:224)
	at com.kms.katalon.core.main.TestSuiteExecutor.accessTestCaseMainPhase(TestSuiteExecutor.java:129)
	at com.kms.katalon.core.main.TestSuiteExecutor.accessTestSuiteMainPhase(TestSuiteExecutor.java:112)
	at com.kms.katalon.core.main.TestSuiteExecutor.execute(TestSuiteExecutor.java:81)
	at com.kms.katalon.core.main.TestCaseMain.startTestSuite(TestCaseMain.java:149)
	at com.kms.katalon.core.main.TestCaseMain$startTestSuite$0.call(Unknown Source)
	at TempTestSuite1562786448509.run(TempTestSuite1562786448509.groovy:36)]]></system-err>
      </testcase>
      <testcase name="Test Cases/HOME PAGE/Our latest blog posts" classname="Test Cases/HOME PAGE/Our latest blog posts" status="FAILED">
         <failure type="FAILED" message="Test Cases/HOME PAGE/Our latest blog posts FAILED.
Reason:
com.kms.katalon.core.exception.StepFailedException: Unable to scroll to object 'Object Repository/APOLLO- Desktop/Home page/Our latest blog posts/Our latest Blog posts' (Root cause: com.kms.katalon.core.webui.exception.WebElementNotFoundException: Web element with id: 'Object Repository/APOLLO- Desktop/Home page/Our latest blog posts/Our latest Blog posts' located by 'By.xpath: //h1[contains(text(),'Our Latest Blog Posts')]' not found)
	at com.kms.katalon.core.keyword.internal.KeywordMain.stepFailed(KeywordMain.groovy:36)
	at com.kms.katalon.core.webui.keyword.internal.WebUIKeywordMain.stepFailed(WebUIKeywordMain.groovy:65)
	at com.kms.katalon.core.webui.keyword.internal.WebUIKeywordMain.runKeyword(WebUIKeywordMain.groovy:27)
	at com.kms.katalon.core.webui.keyword.builtin.ScrollToElementKeyword.scrollToElement(ScrollToElementKeyword.groovy:88)
	at com.kms.katalon.core.webui.keyword.builtin.ScrollToElementKeyword.execute(ScrollToElementKeyword.groovy:68)
	at com.kms.katalon.core.keyword.internal.KeywordExecutor.executeKeywordForPlatform(KeywordExecutor.groovy:53)
	at com.kms.katalon.core.webui.keyword.WebUiBuiltInKeywords.scrollToElement(WebUiBuiltInKeywords.groovy:2975)
	at com.kms.katalon.core.webui.keyword.WebUiBuiltInKeywords$scrollToElement$3.call(Unknown Source)
	at Our latest blog posts.run(Our latest blog posts:20)
	at com.kms.katalon.core.main.ScriptEngine.run(ScriptEngine.java:194)
	at com.kms.katalon.core.main.ScriptEngine.runScriptAsRawText(ScriptEngine.java:119)
	at com.kms.katalon.core.main.TestCaseExecutor.runScript(TestCaseExecutor.java:328)
	at com.kms.katalon.core.main.TestCaseExecutor.doExecute(TestCaseExecutor.java:319)
	at com.kms.katalon.core.main.TestCaseExecutor.processExecutionPhase(TestCaseExecutor.java:298)
	at com.kms.katalon.core.main.TestCaseExecutor.accessMainPhase(TestCaseExecutor.java:290)
	at com.kms.katalon.core.main.TestCaseExecutor.execute(TestCaseExecutor.java:224)
	at com.kms.katalon.core.main.TestSuiteExecutor.accessTestCaseMainPhase(TestSuiteExecutor.java:129)
	at com.kms.katalon.core.main.TestSuiteExecutor.accessTestSuiteMainPhase(TestSuiteExecutor.java:112)
	at com.kms.katalon.core.main.TestSuiteExecutor.execute(TestSuiteExecutor.java:81)
	at com.kms.katalon.core.main.TestCaseMain.startTestSuite(TestCaseMain.java:149)
	at com.kms.katalon.core.main.TestCaseMain$startTestSuite$0.call(Unknown Source)
	at TempTestSuite1562786448509.run(TempTestSuite1562786448509.groovy:36)
"/>
         <system-out><![CDATA[2019-07-10 15:36:47 - [TEST_CASE][FAILED] - Test Cases/HOME PAGE/Our latest blog posts: Test Cases/HOME PAGE/Our latest blog posts FAILED.
Reason:
com.kms.katalon.core.exception.StepFailedException: Unable to scroll to object 'Object Repository/APOLLO- Desktop/Home page/Our latest blog posts/Our latest Blog posts' (Root cause: com.kms.katalon.core.webui.exception.WebElementNotFoundException: Web element with id: 'Object Repository/APOLLO- Desktop/Home page/Our latest blog posts/Our latest Blog posts' located by 'By.xpath: //h1[contains(text(),'Our Latest Blog Posts')]' not found)
	at com.kms.katalon.core.keyword.internal.KeywordMain.stepFailed(KeywordMain.groovy:36)
	at com.kms.katalon.core.webui.keyword.internal.WebUIKeywordMain.stepFailed(WebUIKeywordMain.groovy:65)
	at com.kms.katalon.core.webui.keyword.internal.WebUIKeywordMain.runKeyword(WebUIKeywordMain.groovy:27)
	at com.kms.katalon.core.webui.keyword.builtin.ScrollToElementKeyword.scrollToElement(ScrollToElementKeyword.groovy:88)
	at com.kms.katalon.core.webui.keyword.builtin.ScrollToElementKeyword.execute(ScrollToElementKeyword.groovy:68)
	at com.kms.katalon.core.keyword.internal.KeywordExecutor.executeKeywordForPlatform(KeywordExecutor.groovy:53)
	at com.kms.katalon.core.webui.keyword.WebUiBuiltInKeywords.scrollToElement(WebUiBuiltInKeywords.groovy:2975)
	at com.kms.katalon.core.webui.keyword.WebUiBuiltInKeywords$scrollToElement$3.call(Unknown Source)
	at Our latest blog posts.run(Our latest blog posts:20)
	at com.kms.katalon.core.main.ScriptEngine.run(ScriptEngine.java:194)
	at com.kms.katalon.core.main.ScriptEngine.runScriptAsRawText(ScriptEngine.java:119)
	at com.kms.katalon.core.main.TestCaseExecutor.runScript(TestCaseExecutor.java:328)
	at com.kms.katalon.core.main.TestCaseExecutor.doExecute(TestCaseExecutor.java:319)
	at com.kms.katalon.core.main.TestCaseExecutor.processExecutionPhase(TestCaseExecutor.java:298)
	at com.kms.katalon.core.main.TestCaseExecutor.accessMainPhase(TestCaseExecutor.java:290)
	at com.kms.katalon.core.main.TestCaseExecutor.execute(TestCaseExecutor.java:224)
	at com.kms.katalon.core.main.TestSuiteExecutor.accessTestCaseMainPhase(TestSuiteExecutor.java:129)
	at com.kms.katalon.core.main.TestSuiteExecutor.accessTestSuiteMainPhase(TestSuiteExecutor.java:112)
	at com.kms.katalon.core.main.TestSuiteExecutor.execute(TestSuiteExecutor.java:81)
	at com.kms.katalon.core.main.TestCaseMain.startTestSuite(TestCaseMain.java:149)
	at com.kms.katalon.core.main.TestCaseMain$startTestSuite$0.call(Unknown Source)
	at TempTestSuite1562786448509.run(TempTestSuite1562786448509.groovy:36)


2019-07-10 15:36:47 - [TEST_STEP][PASSED] - callTestCase(findTestCase("CALL - URL"), [:], STOP_ON_FAILURE): Call Test Case 'Test Cases/CALL - URL' successfully

2019-07-10 15:36:47 - [TEST_CASE][PASSED] - Test Cases/CALL - URL: Test Cases/CALL - URL

2019-07-10 15:36:47 - [TEST_STEP][PASSED] - openBrowser(""): Browser is opened with url: ''

2019-07-10 15:36:47 - [MESSAGE][WARNING] - A browser is already opened. Closing browser and opening a new one

2019-07-10 15:36:49 - [MESSAGE][INFO] - Starting 'Remote' driver

2019-07-10 15:36:49 - [MESSAGE][INFO] - User set preference: ['os', 'Windows']

2019-07-10 15:36:49 - [MESSAGE][INFO] - User set preference: ['os_version', '10']

2019-07-10 15:36:49 - [MESSAGE][INFO] - User set preference: ['browser', 'Edge']

2019-07-10 15:36:49 - [MESSAGE][INFO] - User set preference: ['browser_version', '18.0']

2019-07-10 15:36:49 - [MESSAGE][INFO] - User set preference: ['resolution', '']

2019-07-10 15:36:49 - [MESSAGE][INFO] - Connecting to remote web server 'https://dianatest3:Z3oqw9ysqTeRQJq5wFCp@hub-cloud.browserstack.com/wd/hub' with type 'Selenium'

2019-07-10 15:37:01 - [MESSAGE][PASSED] - Browser is opened with url: ''

2019-07-10 15:37:01 - [TEST_STEP][PASSED] - navigateToUrl("https://diff-apollo.myshopify.com/?key=eec34184cfd8f82cda816f82753a8c8e9e240f30cf54470e19667b8cbb401948&preview_theme_id="): Navigate to 'https://diff-apollo.myshopify.com/?key=eec34184cfd8f82cda816f82753a8c8e9e240f30cf54470e19667b8cbb401948&preview_theme_id=' successfully

2019-07-10 15:37:05 - [MESSAGE][PASSED] - Navigate to 'https://diff-apollo.myshopify.com/?key=eec34184cfd8f82cda816f82753a8c8e9e240f30cf54470e19667b8cbb401948&preview_theme_id=' successfully

2019-07-10 15:37:05 - [TEST_STEP][NOT_RUN] - executeJavaScript("var previewBar = document.getElementById("preview-bar-iframe"); previewBar.style.display = "none";", []): NOT_RUN: executeJavaScript("var previewBar = document.getElementById("preview-bar-iframe"); previewBar.style.display = "none";", [])

2019-07-10 15:37:05 - [MESSAGE][NOT_RUN] - NOT_RUN: executeJavaScript("var previewBar = document.getElementById("preview-bar-iframe"); previewBar.style.display = "none";", [])

2019-07-10 15:37:05 - [TEST_STEP][PASSED] - maximizeWindow(): Current window maximized

2019-07-10 15:37:06 - [MESSAGE][PASSED] - Current window maximized

2019-07-10 15:37:06 - [MESSAGE][PASSED] - Call Test Case 'Test Cases/CALL - URL' successfully

2019-07-10 15:37:06 - [TEST_STEP][PASSED] - delay(2): Delayed 2 second(s)

2019-07-10 15:37:08 - [MESSAGE][PASSED] - Delayed 2 second(s)

2019-07-10 15:37:08 - [TEST_STEP][FAILED] - scrollToElement(findTestObject("APOLLO- Desktop/Home page/Our latest blog posts/Our latest Blog posts"), 0): scrollToElement(findTestObject("APOLLO- Desktop/Home page/Our latest blog posts/Our latest Blog posts"), 0) FAILED.
Reason:
com.kms.katalon.core.exception.StepFailedException: Unable to scroll to object 'Object Repository/APOLLO- Desktop/Home page/Our latest blog posts/Our latest Blog posts' (Root cause: com.kms.katalon.core.webui.exception.WebElementNotFoundException: Web element with id: 'Object Repository/APOLLO- Desktop/Home page/Our latest blog posts/Our latest Blog posts' located by 'By.xpath: //h1[contains(text(),'Our Latest Blog Posts')]' not found)
	at com.kms.katalon.core.keyword.internal.KeywordMain.stepFailed(KeywordMain.groovy:36)
	at com.kms.katalon.core.webui.keyword.internal.WebUIKeywordMain.stepFailed(WebUIKeywordMain.groovy:65)
	at com.kms.katalon.core.webui.keyword.internal.WebUIKeywordMain.runKeyword(WebUIKeywordMain.groovy:27)
	at com.kms.katalon.core.webui.keyword.builtin.ScrollToElementKeyword.scrollToElement(ScrollToElementKeyword.groovy:88)
	at com.kms.katalon.core.webui.keyword.builtin.ScrollToElementKeyword.execute(ScrollToElementKeyword.groovy:68)
	at com.kms.katalon.core.keyword.internal.KeywordExecutor.executeKeywordForPlatform(KeywordExecutor.groovy:53)
	at com.kms.katalon.core.webui.keyword.WebUiBuiltInKeywords.scrollToElement(WebUiBuiltInKeywords.groovy:2975)
	at com.kms.katalon.core.webui.keyword.WebUiBuiltInKeywords$scrollToElement$3.call(Unknown Source)
	at Our latest blog posts.run(Our latest blog posts:20)
	at com.kms.katalon.core.main.ScriptEngine.run(ScriptEngine.java:194)
	at com.kms.katalon.core.main.ScriptEngine.runScriptAsRawText(ScriptEngine.java:119)
	at com.kms.katalon.core.main.TestCaseExecutor.runScript(TestCaseExecutor.java:328)
	at com.kms.katalon.core.main.TestCaseExecutor.doExecute(TestCaseExecutor.java:319)
	at com.kms.katalon.core.main.TestCaseExecutor.processExecutionPhase(TestCaseExecutor.java:298)
	at com.kms.katalon.core.main.TestCaseExecutor.accessMainPhase(TestCaseExecutor.java:290)
	at com.kms.katalon.core.main.TestCaseExecutor.execute(TestCaseExecutor.java:224)
	at com.kms.katalon.core.main.TestSuiteExecutor.accessTestCaseMainPhase(TestSuiteExecutor.java:129)
	at com.kms.katalon.core.main.TestSuiteExecutor.accessTestSuiteMainPhase(TestSuiteExecutor.java:112)
	at com.kms.katalon.core.main.TestSuiteExecutor.execute(TestSuiteExecutor.java:81)
	at com.kms.katalon.core.main.TestCaseMain.startTestSuite(TestCaseMain.java:149)
	at com.kms.katalon.core.main.TestCaseMain$startTestSuite$0.call(Unknown Source)
	at TempTestSuite1562786448509.run(TempTestSuite1562786448509.groovy:36)


2019-07-10 15:37:08 - [MESSAGE][WARNING] - Timeout '0' is invalid. Using default page load timeout: '30'

2019-07-10 15:37:56 - [MESSAGE][INFO] - Unable to find the element located by 'By.xpath: //h1[contains(text(),'Our Latest Blog Posts')]'. Please recheck the objects properties to make sure the desired element is located. 

2019-07-10 15:37:58 - [MESSAGE][FAILED] - Unable to scroll to object 'Object Repository/APOLLO- Desktop/Home page/Our latest blog posts/Our latest Blog posts' (Root cause: com.kms.katalon.core.webui.exception.WebElementNotFoundException: Web element with id: 'Object Repository/APOLLO- Desktop/Home page/Our latest blog posts/Our latest Blog posts' located by 'By.xpath: //h1[contains(text(),'Our Latest Blog Posts')]' not found)
[[ATTACHMENT|/Users/sumankompelly/git/Apollo-Dark-Desktop/Reports/Apollo - dark build/20190710_152048/1562787476928.png]]

2019-07-10 15:37:58 - [MESSAGE][FAILED] - scrollToElement(findTestObject("APOLLO- Desktop/Home page/Our latest blog posts/Our latest Blog posts"), 0) FAILED.
Reason:
com.kms.katalon.core.exception.StepFailedException: Unable to scroll to object 'Object Repository/APOLLO- Desktop/Home page/Our latest blog posts/Our latest Blog posts' (Root cause: com.kms.katalon.core.webui.exception.WebElementNotFoundException: Web element with id: 'Object Repository/APOLLO- Desktop/Home page/Our latest blog posts/Our latest Blog posts' located by 'By.xpath: //h1[contains(text(),'Our Latest Blog Posts')]' not found)
	at com.kms.katalon.core.keyword.internal.KeywordMain.stepFailed(KeywordMain.groovy:36)
	at com.kms.katalon.core.webui.keyword.internal.WebUIKeywordMain.stepFailed(WebUIKeywordMain.groovy:65)
	at com.kms.katalon.core.webui.keyword.internal.WebUIKeywordMain.runKeyword(WebUIKeywordMain.groovy:27)
	at com.kms.katalon.core.webui.keyword.builtin.ScrollToElementKeyword.scrollToElement(ScrollToElementKeyword.groovy:88)
	at com.kms.katalon.core.webui.keyword.builtin.ScrollToElementKeyword.execute(ScrollToElementKeyword.groovy:68)
	at com.kms.katalon.core.keyword.internal.KeywordExecutor.executeKeywordForPlatform(KeywordExecutor.groovy:53)
	at com.kms.katalon.core.webui.keyword.WebUiBuiltInKeywords.scrollToElement(WebUiBuiltInKeywords.groovy:2975)
	at com.kms.katalon.core.webui.keyword.WebUiBuiltInKeywords$scrollToElement$3.call(Unknown Source)
	at Our latest blog posts.run(Our latest blog posts:20)
	at com.kms.katalon.core.main.ScriptEngine.run(ScriptEngine.java:194)
	at com.kms.katalon.core.main.ScriptEngine.runScriptAsRawText(ScriptEngine.java:119)
	at com.kms.katalon.core.main.TestCaseExecutor.runScript(TestCaseExecutor.java:328)
	at com.kms.katalon.core.main.TestCaseExecutor.doExecute(TestCaseExecutor.java:319)
	at com.kms.katalon.core.main.TestCaseExecutor.processExecutionPhase(TestCaseExecutor.java:298)
	at com.kms.katalon.core.main.TestCaseExecutor.accessMainPhase(TestCaseExecutor.java:290)
	at com.kms.katalon.core.main.TestCaseExecutor.execute(TestCaseExecutor.java:224)
	at com.kms.katalon.core.main.TestSuiteExecutor.accessTestCaseMainPhase(TestSuiteExecutor.java:129)
	at com.kms.katalon.core.main.TestSuiteExecutor.accessTestSuiteMainPhase(TestSuiteExecutor.java:112)
	at com.kms.katalon.core.main.TestSuiteExecutor.execute(TestSuiteExecutor.java:81)
	at com.kms.katalon.core.main.TestCaseMain.startTestSuite(TestCaseMain.java:149)
	at com.kms.katalon.core.main.TestCaseMain$startTestSuite$0.call(Unknown Source)
	at TempTestSuite1562786448509.run(TempTestSuite1562786448509.groovy:36)]]></system-out>
         <system-err><![CDATA[2019-07-10 15:36:47 - [TEST_CASE][FAILED] - Test Cases/HOME PAGE/Our latest blog posts: Test Cases/HOME PAGE/Our latest blog posts FAILED.
Reason:
com.kms.katalon.core.exception.StepFailedException: Unable to scroll to object 'Object Repository/APOLLO- Desktop/Home page/Our latest blog posts/Our latest Blog posts' (Root cause: com.kms.katalon.core.webui.exception.WebElementNotFoundException: Web element with id: 'Object Repository/APOLLO- Desktop/Home page/Our latest blog posts/Our latest Blog posts' located by 'By.xpath: //h1[contains(text(),'Our Latest Blog Posts')]' not found)
	at com.kms.katalon.core.keyword.internal.KeywordMain.stepFailed(KeywordMain.groovy:36)
	at com.kms.katalon.core.webui.keyword.internal.WebUIKeywordMain.stepFailed(WebUIKeywordMain.groovy:65)
	at com.kms.katalon.core.webui.keyword.internal.WebUIKeywordMain.runKeyword(WebUIKeywordMain.groovy:27)
	at com.kms.katalon.core.webui.keyword.builtin.ScrollToElementKeyword.scrollToElement(ScrollToElementKeyword.groovy:88)
	at com.kms.katalon.core.webui.keyword.builtin.ScrollToElementKeyword.execute(ScrollToElementKeyword.groovy:68)
	at com.kms.katalon.core.keyword.internal.KeywordExecutor.executeKeywordForPlatform(KeywordExecutor.groovy:53)
	at com.kms.katalon.core.webui.keyword.WebUiBuiltInKeywords.scrollToElement(WebUiBuiltInKeywords.groovy:2975)
	at com.kms.katalon.core.webui.keyword.WebUiBuiltInKeywords$scrollToElement$3.call(Unknown Source)
	at Our latest blog posts.run(Our latest blog posts:20)
	at com.kms.katalon.core.main.ScriptEngine.run(ScriptEngine.java:194)
	at com.kms.katalon.core.main.ScriptEngine.runScriptAsRawText(ScriptEngine.java:119)
	at com.kms.katalon.core.main.TestCaseExecutor.runScript(TestCaseExecutor.java:328)
	at com.kms.katalon.core.main.TestCaseExecutor.doExecute(TestCaseExecutor.java:319)
	at com.kms.katalon.core.main.TestCaseExecutor.processExecutionPhase(TestCaseExecutor.java:298)
	at com.kms.katalon.core.main.TestCaseExecutor.accessMainPhase(TestCaseExecutor.java:290)
	at com.kms.katalon.core.main.TestCaseExecutor.execute(TestCaseExecutor.java:224)
	at com.kms.katalon.core.main.TestSuiteExecutor.accessTestCaseMainPhase(TestSuiteExecutor.java:129)
	at com.kms.katalon.core.main.TestSuiteExecutor.accessTestSuiteMainPhase(TestSuiteExecutor.java:112)
	at com.kms.katalon.core.main.TestSuiteExecutor.execute(TestSuiteExecutor.java:81)
	at com.kms.katalon.core.main.TestCaseMain.startTestSuite(TestCaseMain.java:149)
	at com.kms.katalon.core.main.TestCaseMain$startTestSuite$0.call(Unknown Source)
	at TempTestSuite1562786448509.run(TempTestSuite1562786448509.groovy:36)]]></system-err>
      </testcase>
      <testcase name="Test Cases/HOME PAGE/Follow us" classname="Test Cases/HOME PAGE/Follow us" status="FAILED">
         <failure type="FAILED" message="Test Cases/HOME PAGE/Follow us FAILED.
Reason:
com.kms.katalon.core.exception.StepFailedException: Unable to click on object 'Object Repository/APOLLO- Desktop/Home page/Follow us/product tile' (Root cause: com.kms.katalon.core.webui.exception.WebElementNotFoundException: Web element with id: 'Object Repository/APOLLO- Desktop/Home page/Follow us/product tile' located by 'By.xpath: //div[@id='c-instafeed--1550788076773']/div/div/div[8]/div/a' not found)
	at com.kms.katalon.core.keyword.internal.KeywordMain.stepFailed(KeywordMain.groovy:36)
	at com.kms.katalon.core.webui.keyword.internal.WebUIKeywordMain.stepFailed(WebUIKeywordMain.groovy:65)
	at com.kms.katalon.core.webui.keyword.internal.WebUIKeywordMain.runKeyword(WebUIKeywordMain.groovy:27)
	at com.kms.katalon.core.webui.keyword.builtin.ClickKeyword.click(ClickKeyword.groovy:86)
	at com.kms.katalon.core.webui.keyword.builtin.ClickKeyword.execute(ClickKeyword.groovy:67)
	at com.kms.katalon.core.keyword.internal.KeywordExecutor.executeKeywordForPlatform(KeywordExecutor.groovy:53)
	at com.kms.katalon.core.webui.keyword.WebUiBuiltInKeywords.click(WebUiBuiltInKeywords.groovy:616)
	at com.kms.katalon.core.webui.keyword.WebUiBuiltInKeywords$click$2.call(Unknown Source)
	at Follow us.run(Follow us:28)
	at com.kms.katalon.core.main.ScriptEngine.run(ScriptEngine.java:194)
	at com.kms.katalon.core.main.ScriptEngine.runScriptAsRawText(ScriptEngine.java:119)
	at com.kms.katalon.core.main.TestCaseExecutor.runScript(TestCaseExecutor.java:328)
	at com.kms.katalon.core.main.TestCaseExecutor.doExecute(TestCaseExecutor.java:319)
	at com.kms.katalon.core.main.TestCaseExecutor.processExecutionPhase(TestCaseExecutor.java:298)
	at com.kms.katalon.core.main.TestCaseExecutor.accessMainPhase(TestCaseExecutor.java:290)
	at com.kms.katalon.core.main.TestCaseExecutor.execute(TestCaseExecutor.java:224)
	at com.kms.katalon.core.main.TestSuiteExecutor.accessTestCaseMainPhase(TestSuiteExecutor.java:129)
	at com.kms.katalon.core.main.TestSuiteExecutor.accessTestSuiteMainPhase(TestSuiteExecutor.java:112)
	at com.kms.katalon.core.main.TestSuiteExecutor.execute(TestSuiteExecutor.java:81)
	at com.kms.katalon.core.main.TestCaseMain.startTestSuite(TestCaseMain.java:149)
	at com.kms.katalon.core.main.TestCaseMain$startTestSuite$0.call(Unknown Source)
	at TempTestSuite1562786448509.run(TempTestSuite1562786448509.groovy:36)
"/>
         <system-out><![CDATA[2019-07-10 15:37:58 - [TEST_CASE][FAILED] - Test Cases/HOME PAGE/Follow us: Test Cases/HOME PAGE/Follow us FAILED.
Reason:
com.kms.katalon.core.exception.StepFailedException: Unable to click on object 'Object Repository/APOLLO- Desktop/Home page/Follow us/product tile' (Root cause: com.kms.katalon.core.webui.exception.WebElementNotFoundException: Web element with id: 'Object Repository/APOLLO- Desktop/Home page/Follow us/product tile' located by 'By.xpath: //div[@id='c-instafeed--1550788076773']/div/div/div[8]/div/a' not found)
	at com.kms.katalon.core.keyword.internal.KeywordMain.stepFailed(KeywordMain.groovy:36)
	at com.kms.katalon.core.webui.keyword.internal.WebUIKeywordMain.stepFailed(WebUIKeywordMain.groovy:65)
	at com.kms.katalon.core.webui.keyword.internal.WebUIKeywordMain.runKeyword(WebUIKeywordMain.groovy:27)
	at com.kms.katalon.core.webui.keyword.builtin.ClickKeyword.click(ClickKeyword.groovy:86)
	at com.kms.katalon.core.webui.keyword.builtin.ClickKeyword.execute(ClickKeyword.groovy:67)
	at com.kms.katalon.core.keyword.internal.KeywordExecutor.executeKeywordForPlatform(KeywordExecutor.groovy:53)
	at com.kms.katalon.core.webui.keyword.WebUiBuiltInKeywords.click(WebUiBuiltInKeywords.groovy:616)
	at com.kms.katalon.core.webui.keyword.WebUiBuiltInKeywords$click$2.call(Unknown Source)
	at Follow us.run(Follow us:28)
	at com.kms.katalon.core.main.ScriptEngine.run(ScriptEngine.java:194)
	at com.kms.katalon.core.main.ScriptEngine.runScriptAsRawText(ScriptEngine.java:119)
	at com.kms.katalon.core.main.TestCaseExecutor.runScript(TestCaseExecutor.java:328)
	at com.kms.katalon.core.main.TestCaseExecutor.doExecute(TestCaseExecutor.java:319)
	at com.kms.katalon.core.main.TestCaseExecutor.processExecutionPhase(TestCaseExecutor.java:298)
	at com.kms.katalon.core.main.TestCaseExecutor.accessMainPhase(TestCaseExecutor.java:290)
	at com.kms.katalon.core.main.TestCaseExecutor.execute(TestCaseExecutor.java:224)
	at com.kms.katalon.core.main.TestSuiteExecutor.accessTestCaseMainPhase(TestSuiteExecutor.java:129)
	at com.kms.katalon.core.main.TestSuiteExecutor.accessTestSuiteMainPhase(TestSuiteExecutor.java:112)
	at com.kms.katalon.core.main.TestSuiteExecutor.execute(TestSuiteExecutor.java:81)
	at com.kms.katalon.core.main.TestCaseMain.startTestSuite(TestCaseMain.java:149)
	at com.kms.katalon.core.main.TestCaseMain$startTestSuite$0.call(Unknown Source)
	at TempTestSuite1562786448509.run(TempTestSuite1562786448509.groovy:36)


2019-07-10 15:37:58 - [TEST_STEP][PASSED] - callTestCase(findTestCase("CALL - URL"), [:], STOP_ON_FAILURE): Call Test Case 'Test Cases/CALL - URL' successfully

2019-07-10 15:37:58 - [TEST_CASE][PASSED] - Test Cases/CALL - URL: Test Cases/CALL - URL

2019-07-10 15:37:58 - [TEST_STEP][PASSED] - openBrowser(""): Browser is opened with url: ''

2019-07-10 15:37:58 - [MESSAGE][WARNING] - A browser is already opened. Closing browser and opening a new one

2019-07-10 15:38:00 - [MESSAGE][INFO] - Starting 'Remote' driver

2019-07-10 15:38:00 - [MESSAGE][INFO] - User set preference: ['os', 'Windows']

2019-07-10 15:38:00 - [MESSAGE][INFO] - User set preference: ['os_version', '10']

2019-07-10 15:38:00 - [MESSAGE][INFO] - User set preference: ['browser', 'Edge']

2019-07-10 15:38:00 - [MESSAGE][INFO] - User set preference: ['browser_version', '18.0']

2019-07-10 15:38:00 - [MESSAGE][INFO] - User set preference: ['resolution', '']

2019-07-10 15:38:00 - [MESSAGE][INFO] - Connecting to remote web server 'https://dianatest3:Z3oqw9ysqTeRQJq5wFCp@hub-cloud.browserstack.com/wd/hub' with type 'Selenium'

2019-07-10 15:38:10 - [MESSAGE][PASSED] - Browser is opened with url: ''

2019-07-10 15:38:10 - [TEST_STEP][PASSED] - navigateToUrl("https://diff-apollo.myshopify.com/?key=eec34184cfd8f82cda816f82753a8c8e9e240f30cf54470e19667b8cbb401948&preview_theme_id="): Navigate to 'https://diff-apollo.myshopify.com/?key=eec34184cfd8f82cda816f82753a8c8e9e240f30cf54470e19667b8cbb401948&preview_theme_id=' successfully

2019-07-10 15:38:18 - [MESSAGE][PASSED] - Navigate to 'https://diff-apollo.myshopify.com/?key=eec34184cfd8f82cda816f82753a8c8e9e240f30cf54470e19667b8cbb401948&preview_theme_id=' successfully

2019-07-10 15:38:18 - [TEST_STEP][NOT_RUN] - executeJavaScript("var previewBar = document.getElementById("preview-bar-iframe"); previewBar.style.display = "none";", []): NOT_RUN: executeJavaScript("var previewBar = document.getElementById("preview-bar-iframe"); previewBar.style.display = "none";", [])

2019-07-10 15:38:18 - [MESSAGE][NOT_RUN] - NOT_RUN: executeJavaScript("var previewBar = document.getElementById("preview-bar-iframe"); previewBar.style.display = "none";", [])

2019-07-10 15:38:18 - [TEST_STEP][PASSED] - maximizeWindow(): Current window maximized

2019-07-10 15:38:18 - [MESSAGE][PASSED] - Current window maximized

2019-07-10 15:38:18 - [MESSAGE][PASSED] - Call Test Case 'Test Cases/CALL - URL' successfully

2019-07-10 15:38:18 - [TEST_STEP][PASSED] - delay(2): Delayed 2 second(s)

2019-07-10 15:38:20 - [MESSAGE][PASSED] - Delayed 2 second(s)

2019-07-10 15:38:20 - [TEST_STEP][PASSED] - scrollToElement(findTestObject("APOLLO- Desktop/Home page/Follow us/apollodarktheme"), 0): Scroll to object 'Object Repository/APOLLO- Desktop/Home page/Follow us/apollodarktheme' successfully

2019-07-10 15:38:20 - [MESSAGE][WARNING] - Timeout '0' is invalid. Using default page load timeout: '30'

2019-07-10 15:38:21 - [MESSAGE][PASSED] - Scroll to object 'Object Repository/APOLLO- Desktop/Home page/Follow us/apollodarktheme' successfully

2019-07-10 15:38:21 - [TEST_STEP][PASSED] - delay(2): Delayed 2 second(s)

2019-07-10 15:38:23 - [MESSAGE][PASSED] - Delayed 2 second(s)

2019-07-10 15:38:23 - [TEST_STEP][PASSED] - scrollToElement(findTestObject("APOLLO- Desktop/Home page/Our latest blog posts/Visit Blog"), 0): Scroll to object 'Object Repository/APOLLO- Desktop/Home page/Our latest blog posts/Visit Blog' successfully

2019-07-10 15:38:23 - [MESSAGE][WARNING] - Timeout '0' is invalid. Using default page load timeout: '30'

2019-07-10 15:38:24 - [MESSAGE][PASSED] - Scroll to object 'Object Repository/APOLLO- Desktop/Home page/Our latest blog posts/Visit Blog' successfully

2019-07-10 15:38:24 - [TEST_STEP][PASSED] - delay(2): Delayed 2 second(s)

2019-07-10 15:38:26 - [MESSAGE][PASSED] - Delayed 2 second(s)

2019-07-10 15:38:26 - [TEST_STEP][FAILED] - click(findTestObject("APOLLO- Desktop/Home page/Follow us/product tile")): click(findTestObject("APOLLO- Desktop/Home page/Follow us/product tile")) FAILED.
Reason:
com.kms.katalon.core.exception.StepFailedException: Unable to click on object 'Object Repository/APOLLO- Desktop/Home page/Follow us/product tile' (Root cause: com.kms.katalon.core.webui.exception.WebElementNotFoundException: Web element with id: 'Object Repository/APOLLO- Desktop/Home page/Follow us/product tile' located by 'By.xpath: //div[@id='c-instafeed--1550788076773']/div/div/div[8]/div/a' not found)
	at com.kms.katalon.core.keyword.internal.KeywordMain.stepFailed(KeywordMain.groovy:36)
	at com.kms.katalon.core.webui.keyword.internal.WebUIKeywordMain.stepFailed(WebUIKeywordMain.groovy:65)
	at com.kms.katalon.core.webui.keyword.internal.WebUIKeywordMain.runKeyword(WebUIKeywordMain.groovy:27)
	at com.kms.katalon.core.webui.keyword.builtin.ClickKeyword.click(ClickKeyword.groovy:86)
	at com.kms.katalon.core.webui.keyword.builtin.ClickKeyword.execute(ClickKeyword.groovy:67)
	at com.kms.katalon.core.keyword.internal.KeywordExecutor.executeKeywordForPlatform(KeywordExecutor.groovy:53)
	at com.kms.katalon.core.webui.keyword.WebUiBuiltInKeywords.click(WebUiBuiltInKeywords.groovy:616)
	at com.kms.katalon.core.webui.keyword.WebUiBuiltInKeywords$click$2.call(Unknown Source)
	at Follow us.run(Follow us:28)
	at com.kms.katalon.core.main.ScriptEngine.run(ScriptEngine.java:194)
	at com.kms.katalon.core.main.ScriptEngine.runScriptAsRawText(ScriptEngine.java:119)
	at com.kms.katalon.core.main.TestCaseExecutor.runScript(TestCaseExecutor.java:328)
	at com.kms.katalon.core.main.TestCaseExecutor.doExecute(TestCaseExecutor.java:319)
	at com.kms.katalon.core.main.TestCaseExecutor.processExecutionPhase(TestCaseExecutor.java:298)
	at com.kms.katalon.core.main.TestCaseExecutor.accessMainPhase(TestCaseExecutor.java:290)
	at com.kms.katalon.core.main.TestCaseExecutor.execute(TestCaseExecutor.java:224)
	at com.kms.katalon.core.main.TestSuiteExecutor.accessTestCaseMainPhase(TestSuiteExecutor.java:129)
	at com.kms.katalon.core.main.TestSuiteExecutor.accessTestSuiteMainPhase(TestSuiteExecutor.java:112)
	at com.kms.katalon.core.main.TestSuiteExecutor.execute(TestSuiteExecutor.java:81)
	at com.kms.katalon.core.main.TestCaseMain.startTestSuite(TestCaseMain.java:149)
	at com.kms.katalon.core.main.TestCaseMain$startTestSuite$0.call(Unknown Source)
	at TempTestSuite1562786448509.run(TempTestSuite1562786448509.groovy:36)


2019-07-10 15:39:20 - [MESSAGE][INFO] - Unable to find the element located by 'By.xpath: //div[@id='c-instafeed--1550788076773']/div/div/div[8]/div/a'. Please recheck the objects properties to make sure the desired element is located. 

2019-07-10 15:39:21 - [MESSAGE][FAILED] - Unable to click on object 'Object Repository/APOLLO- Desktop/Home page/Follow us/product tile' (Root cause: com.kms.katalon.core.webui.exception.WebElementNotFoundException: Web element with id: 'Object Repository/APOLLO- Desktop/Home page/Follow us/product tile' located by 'By.xpath: //div[@id='c-instafeed--1550788076773']/div/div/div[8]/div/a' not found)
[[ATTACHMENT|/Users/sumankompelly/git/Apollo-Dark-Desktop/Reports/Apollo - dark build/20190710_152048/1562787560946.png]]

2019-07-10 15:39:21 - [MESSAGE][FAILED] - click(findTestObject("APOLLO- Desktop/Home page/Follow us/product tile")) FAILED.
Reason:
com.kms.katalon.core.exception.StepFailedException: Unable to click on object 'Object Repository/APOLLO- Desktop/Home page/Follow us/product tile' (Root cause: com.kms.katalon.core.webui.exception.WebElementNotFoundException: Web element with id: 'Object Repository/APOLLO- Desktop/Home page/Follow us/product tile' located by 'By.xpath: //div[@id='c-instafeed--1550788076773']/div/div/div[8]/div/a' not found)
	at com.kms.katalon.core.keyword.internal.KeywordMain.stepFailed(KeywordMain.groovy:36)
	at com.kms.katalon.core.webui.keyword.internal.WebUIKeywordMain.stepFailed(WebUIKeywordMain.groovy:65)
	at com.kms.katalon.core.webui.keyword.internal.WebUIKeywordMain.runKeyword(WebUIKeywordMain.groovy:27)
	at com.kms.katalon.core.webui.keyword.builtin.ClickKeyword.click(ClickKeyword.groovy:86)
	at com.kms.katalon.core.webui.keyword.builtin.ClickKeyword.execute(ClickKeyword.groovy:67)
	at com.kms.katalon.core.keyword.internal.KeywordExecutor.executeKeywordForPlatform(KeywordExecutor.groovy:53)
	at com.kms.katalon.core.webui.keyword.WebUiBuiltInKeywords.click(WebUiBuiltInKeywords.groovy:616)
	at com.kms.katalon.core.webui.keyword.WebUiBuiltInKeywords$click$2.call(Unknown Source)
	at Follow us.run(Follow us:28)
	at com.kms.katalon.core.main.ScriptEngine.run(ScriptEngine.java:194)
	at com.kms.katalon.core.main.ScriptEngine.runScriptAsRawText(ScriptEngine.java:119)
	at com.kms.katalon.core.main.TestCaseExecutor.runScript(TestCaseExecutor.java:328)
	at com.kms.katalon.core.main.TestCaseExecutor.doExecute(TestCaseExecutor.java:319)
	at com.kms.katalon.core.main.TestCaseExecutor.processExecutionPhase(TestCaseExecutor.java:298)
	at com.kms.katalon.core.main.TestCaseExecutor.accessMainPhase(TestCaseExecutor.java:290)
	at com.kms.katalon.core.main.TestCaseExecutor.execute(TestCaseExecutor.java:224)
	at com.kms.katalon.core.main.TestSuiteExecutor.accessTestCaseMainPhase(TestSuiteExecutor.java:129)
	at com.kms.katalon.core.main.TestSuiteExecutor.accessTestSuiteMainPhase(TestSuiteExecutor.java:112)
	at com.kms.katalon.core.main.TestSuiteExecutor.execute(TestSuiteExecutor.java:81)
	at com.kms.katalon.core.main.TestCaseMain.startTestSuite(TestCaseMain.java:149)
	at com.kms.katalon.core.main.TestCaseMain$startTestSuite$0.call(Unknown Source)
	at TempTestSuite1562786448509.run(TempTestSuite1562786448509.groovy:36)]]></system-out>
         <system-err><![CDATA[2019-07-10 15:37:58 - [TEST_CASE][FAILED] - Test Cases/HOME PAGE/Follow us: Test Cases/HOME PAGE/Follow us FAILED.
Reason:
com.kms.katalon.core.exception.StepFailedException: Unable to click on object 'Object Repository/APOLLO- Desktop/Home page/Follow us/product tile' (Root cause: com.kms.katalon.core.webui.exception.WebElementNotFoundException: Web element with id: 'Object Repository/APOLLO- Desktop/Home page/Follow us/product tile' located by 'By.xpath: //div[@id='c-instafeed--1550788076773']/div/div/div[8]/div/a' not found)
	at com.kms.katalon.core.keyword.internal.KeywordMain.stepFailed(KeywordMain.groovy:36)
	at com.kms.katalon.core.webui.keyword.internal.WebUIKeywordMain.stepFailed(WebUIKeywordMain.groovy:65)
	at com.kms.katalon.core.webui.keyword.internal.WebUIKeywordMain.runKeyword(WebUIKeywordMain.groovy:27)
	at com.kms.katalon.core.webui.keyword.builtin.ClickKeyword.click(ClickKeyword.groovy:86)
	at com.kms.katalon.core.webui.keyword.builtin.ClickKeyword.execute(ClickKeyword.groovy:67)
	at com.kms.katalon.core.keyword.internal.KeywordExecutor.executeKeywordForPlatform(KeywordExecutor.groovy:53)
	at com.kms.katalon.core.webui.keyword.WebUiBuiltInKeywords.click(WebUiBuiltInKeywords.groovy:616)
	at com.kms.katalon.core.webui.keyword.WebUiBuiltInKeywords$click$2.call(Unknown Source)
	at Follow us.run(Follow us:28)
	at com.kms.katalon.core.main.ScriptEngine.run(ScriptEngine.java:194)
	at com.kms.katalon.core.main.ScriptEngine.runScriptAsRawText(ScriptEngine.java:119)
	at com.kms.katalon.core.main.TestCaseExecutor.runScript(TestCaseExecutor.java:328)
	at com.kms.katalon.core.main.TestCaseExecutor.doExecute(TestCaseExecutor.java:319)
	at com.kms.katalon.core.main.TestCaseExecutor.processExecutionPhase(TestCaseExecutor.java:298)
	at com.kms.katalon.core.main.TestCaseExecutor.accessMainPhase(TestCaseExecutor.java:290)
	at com.kms.katalon.core.main.TestCaseExecutor.execute(TestCaseExecutor.java:224)
	at com.kms.katalon.core.main.TestSuiteExecutor.accessTestCaseMainPhase(TestSuiteExecutor.java:129)
	at com.kms.katalon.core.main.TestSuiteExecutor.accessTestSuiteMainPhase(TestSuiteExecutor.java:112)
	at com.kms.katalon.core.main.TestSuiteExecutor.execute(TestSuiteExecutor.java:81)
	at com.kms.katalon.core.main.TestCaseMain.startTestSuite(TestCaseMain.java:149)
	at com.kms.katalon.core.main.TestCaseMain$startTestSuite$0.call(Unknown Source)
	at TempTestSuite1562786448509.run(TempTestSuite1562786448509.groovy:36)]]></system-err>
      </testcase>
      <testcase name="Test Cases/PRODUCT PAGE/Social media icons" classname="Test Cases/PRODUCT PAGE/Social media icons" status="FAILED">
         <failure type="FAILED" message="Test Cases/PRODUCT PAGE/Social media icons FAILED.
Reason:
com.kms.katalon.core.exception.StepFailedException: Unable to click on object 'Object Repository/APOLLO- Desktop/Product page/facebook icon' (Root cause: com.kms.katalon.core.webui.exception.WebElementNotFoundException: Web element with id: 'Object Repository/APOLLO- Desktop/Product page/facebook icon' located by 'By.xpath: //div[@class='c-product-summary c-product-summary--shadow js-sticky u-text-center js-scroll-fade is-loaded is_stuck']//li[1]//a[1]' not found)
	at com.kms.katalon.core.keyword.internal.KeywordMain.stepFailed(KeywordMain.groovy:36)
	at com.kms.katalon.core.webui.keyword.internal.WebUIKeywordMain.stepFailed(WebUIKeywordMain.groovy:65)
	at com.kms.katalon.core.webui.keyword.internal.WebUIKeywordMain.runKeyword(WebUIKeywordMain.groovy:27)
	at com.kms.katalon.core.webui.keyword.builtin.ClickKeyword.click(ClickKeyword.groovy:86)
	at com.kms.katalon.core.webui.keyword.builtin.ClickKeyword.execute(ClickKeyword.groovy:67)
	at com.kms.katalon.core.keyword.internal.KeywordExecutor.executeKeywordForPlatform(KeywordExecutor.groovy:53)
	at com.kms.katalon.core.webui.keyword.WebUiBuiltInKeywords.click(WebUiBuiltInKeywords.groovy:616)
	at com.kms.katalon.core.webui.keyword.WebUiBuiltInKeywords$click$2.call(Unknown Source)
	at Social media icons.run(Social media icons:48)
	at com.kms.katalon.core.main.ScriptEngine.run(ScriptEngine.java:194)
	at com.kms.katalon.core.main.ScriptEngine.runScriptAsRawText(ScriptEngine.java:119)
	at com.kms.katalon.core.main.TestCaseExecutor.runScript(TestCaseExecutor.java:328)
	at com.kms.katalon.core.main.TestCaseExecutor.doExecute(TestCaseExecutor.java:319)
	at com.kms.katalon.core.main.TestCaseExecutor.processExecutionPhase(TestCaseExecutor.java:298)
	at com.kms.katalon.core.main.TestCaseExecutor.accessMainPhase(TestCaseExecutor.java:290)
	at com.kms.katalon.core.main.TestCaseExecutor.execute(TestCaseExecutor.java:224)
	at com.kms.katalon.core.main.TestSuiteExecutor.accessTestCaseMainPhase(TestSuiteExecutor.java:129)
	at com.kms.katalon.core.main.TestSuiteExecutor.accessTestSuiteMainPhase(TestSuiteExecutor.java:112)
	at com.kms.katalon.core.main.TestSuiteExecutor.execute(TestSuiteExecutor.java:81)
	at com.kms.katalon.core.main.TestCaseMain.startTestSuite(TestCaseMain.java:149)
	at com.kms.katalon.core.main.TestCaseMain$startTestSuite$0.call(Unknown Source)
	at TempTestSuite1562786448509.run(TempTestSuite1562786448509.groovy:36)
"/>
         <system-out><![CDATA[2019-07-10 15:39:21 - [TEST_CASE][FAILED] - Test Cases/PRODUCT PAGE/Social media icons: Test Cases/PRODUCT PAGE/Social media icons FAILED.
Reason:
com.kms.katalon.core.exception.StepFailedException: Unable to click on object 'Object Repository/APOLLO- Desktop/Product page/facebook icon' (Root cause: com.kms.katalon.core.webui.exception.WebElementNotFoundException: Web element with id: 'Object Repository/APOLLO- Desktop/Product page/facebook icon' located by 'By.xpath: //div[@class='c-product-summary c-product-summary--shadow js-sticky u-text-center js-scroll-fade is-loaded is_stuck']//li[1]//a[1]' not found)
	at com.kms.katalon.core.keyword.internal.KeywordMain.stepFailed(KeywordMain.groovy:36)
	at com.kms.katalon.core.webui.keyword.internal.WebUIKeywordMain.stepFailed(WebUIKeywordMain.groovy:65)
	at com.kms.katalon.core.webui.keyword.internal.WebUIKeywordMain.runKeyword(WebUIKeywordMain.groovy:27)
	at com.kms.katalon.core.webui.keyword.builtin.ClickKeyword.click(ClickKeyword.groovy:86)
	at com.kms.katalon.core.webui.keyword.builtin.ClickKeyword.execute(ClickKeyword.groovy:67)
	at com.kms.katalon.core.keyword.internal.KeywordExecutor.executeKeywordForPlatform(KeywordExecutor.groovy:53)
	at com.kms.katalon.core.webui.keyword.WebUiBuiltInKeywords.click(WebUiBuiltInKeywords.groovy:616)
	at com.kms.katalon.core.webui.keyword.WebUiBuiltInKeywords$click$2.call(Unknown Source)
	at Social media icons.run(Social media icons:48)
	at com.kms.katalon.core.main.ScriptEngine.run(ScriptEngine.java:194)
	at com.kms.katalon.core.main.ScriptEngine.runScriptAsRawText(ScriptEngine.java:119)
	at com.kms.katalon.core.main.TestCaseExecutor.runScript(TestCaseExecutor.java:328)
	at com.kms.katalon.core.main.TestCaseExecutor.doExecute(TestCaseExecutor.java:319)
	at com.kms.katalon.core.main.TestCaseExecutor.processExecutionPhase(TestCaseExecutor.java:298)
	at com.kms.katalon.core.main.TestCaseExecutor.accessMainPhase(TestCaseExecutor.java:290)
	at com.kms.katalon.core.main.TestCaseExecutor.execute(TestCaseExecutor.java:224)
	at com.kms.katalon.core.main.TestSuiteExecutor.accessTestCaseMainPhase(TestSuiteExecutor.java:129)
	at com.kms.katalon.core.main.TestSuiteExecutor.accessTestSuiteMainPhase(TestSuiteExecutor.java:112)
	at com.kms.katalon.core.main.TestSuiteExecutor.execute(TestSuiteExecutor.java:81)
	at com.kms.katalon.core.main.TestCaseMain.startTestSuite(TestCaseMain.java:149)
	at com.kms.katalon.core.main.TestCaseMain$startTestSuite$0.call(Unknown Source)
	at TempTestSuite1562786448509.run(TempTestSuite1562786448509.groovy:36)


2019-07-10 15:39:21 - [TEST_STEP][PASSED] - callTestCase(findTestCase("CALL - URL"), [:], STOP_ON_FAILURE): Call Test Case 'Test Cases/CALL - URL' successfully

2019-07-10 15:39:21 - [TEST_CASE][PASSED] - Test Cases/CALL - URL: Test Cases/CALL - URL

2019-07-10 15:39:21 - [TEST_STEP][PASSED] - openBrowser(""): Browser is opened with url: ''

2019-07-10 15:39:21 - [MESSAGE][WARNING] - A browser is already opened. Closing browser and opening a new one

2019-07-10 15:39:22 - [MESSAGE][INFO] - Starting 'Remote' driver

2019-07-10 15:39:22 - [MESSAGE][INFO] - User set preference: ['os', 'Windows']

2019-07-10 15:39:22 - [MESSAGE][INFO] - User set preference: ['os_version', '10']

2019-07-10 15:39:22 - [MESSAGE][INFO] - User set preference: ['browser', 'Edge']

2019-07-10 15:39:22 - [MESSAGE][INFO] - User set preference: ['browser_version', '18.0']

2019-07-10 15:39:22 - [MESSAGE][INFO] - User set preference: ['resolution', '']

2019-07-10 15:39:22 - [MESSAGE][INFO] - Connecting to remote web server 'https://dianatest3:Z3oqw9ysqTeRQJq5wFCp@hub-cloud.browserstack.com/wd/hub' with type 'Selenium'

2019-07-10 15:39:35 - [MESSAGE][PASSED] - Browser is opened with url: ''

2019-07-10 15:39:35 - [TEST_STEP][PASSED] - navigateToUrl("https://diff-apollo.myshopify.com/?key=eec34184cfd8f82cda816f82753a8c8e9e240f30cf54470e19667b8cbb401948&preview_theme_id="): Navigate to 'https://diff-apollo.myshopify.com/?key=eec34184cfd8f82cda816f82753a8c8e9e240f30cf54470e19667b8cbb401948&preview_theme_id=' successfully

2019-07-10 15:39:45 - [MESSAGE][PASSED] - Navigate to 'https://diff-apollo.myshopify.com/?key=eec34184cfd8f82cda816f82753a8c8e9e240f30cf54470e19667b8cbb401948&preview_theme_id=' successfully

2019-07-10 15:39:45 - [TEST_STEP][NOT_RUN] - executeJavaScript("var previewBar = document.getElementById("preview-bar-iframe"); previewBar.style.display = "none";", []): NOT_RUN: executeJavaScript("var previewBar = document.getElementById("preview-bar-iframe"); previewBar.style.display = "none";", [])

2019-07-10 15:39:45 - [MESSAGE][NOT_RUN] - NOT_RUN: executeJavaScript("var previewBar = document.getElementById("preview-bar-iframe"); previewBar.style.display = "none";", [])

2019-07-10 15:39:45 - [TEST_STEP][PASSED] - maximizeWindow(): Current window maximized

2019-07-10 15:39:46 - [MESSAGE][PASSED] - Current window maximized

2019-07-10 15:39:46 - [MESSAGE][PASSED] - Call Test Case 'Test Cases/CALL - URL' successfully

2019-07-10 15:39:46 - [TEST_STEP][PASSED] - delay(2): Delayed 2 second(s)

2019-07-10 15:39:48 - [MESSAGE][PASSED] - Delayed 2 second(s)

2019-07-10 15:39:48 - [TEST_STEP][PASSED] - click(findTestObject("APOLLO- Desktop/Burger Menu/Burgermenu")): Object: 'Object Repository/APOLLO- Desktop/Burger Menu/Burgermenu' is clicked on

2019-07-10 15:39:49 - [MESSAGE][PASSED] - Object: 'Object Repository/APOLLO- Desktop/Burger Menu/Burgermenu' is clicked on

2019-07-10 15:39:49 - [TEST_STEP][PASSED] - delay(2): Delayed 2 second(s)

2019-07-10 15:39:51 - [MESSAGE][PASSED] - Delayed 2 second(s)

2019-07-10 15:39:51 - [TEST_STEP][PASSED] - click(findTestObject("APOLLO- Desktop/Burger Menu/Mens chevron")): Object: 'Object Repository/APOLLO- Desktop/Burger Menu/Mens chevron' is clicked on

2019-07-10 15:39:52 - [MESSAGE][PASSED] - Object: 'Object Repository/APOLLO- Desktop/Burger Menu/Mens chevron' is clicked on

2019-07-10 15:39:52 - [TEST_STEP][PASSED] - delay(2): Delayed 2 second(s)

2019-07-10 15:39:54 - [MESSAGE][PASSED] - Delayed 2 second(s)

2019-07-10 15:39:54 - [TEST_STEP][PASSED] - click(findTestObject("APOLLO- Desktop/Burger Menu/Mens - Top Chevron")): Object: 'Object Repository/APOLLO- Desktop/Burger Menu/Mens - Top Chevron' is clicked on

2019-07-10 15:39:56 - [MESSAGE][PASSED] - Object: 'Object Repository/APOLLO- Desktop/Burger Menu/Mens - Top Chevron' is clicked on

2019-07-10 15:39:56 - [TEST_STEP][PASSED] - delay(2): Delayed 2 second(s)

2019-07-10 15:39:58 - [MESSAGE][PASSED] - Delayed 2 second(s)

2019-07-10 15:39:58 - [TEST_STEP][PASSED] - click(findTestObject("APOLLO- Desktop/Burger Menu/Shirts link")): Object: 'Object Repository/APOLLO- Desktop/Burger Menu/Shirts link' is clicked on

2019-07-10 15:39:59 - [MESSAGE][PASSED] - Object: 'Object Repository/APOLLO- Desktop/Burger Menu/Shirts link' is clicked on

2019-07-10 15:39:59 - [TEST_STEP][NOT_RUN] - executeJavaScript("var previewBar = document.getElementById("preview-bar-iframe"); previewBar.style.display = "none";", []): NOT_RUN: executeJavaScript("var previewBar = document.getElementById("preview-bar-iframe"); previewBar.style.display = "none";", [])

2019-07-10 15:39:59 - [MESSAGE][NOT_RUN] - NOT_RUN: executeJavaScript("var previewBar = document.getElementById("preview-bar-iframe"); previewBar.style.display = "none";", [])

2019-07-10 15:39:59 - [TEST_STEP][PASSED] - delay(2): Delayed 2 second(s)

2019-07-10 15:40:01 - [MESSAGE][PASSED] - Delayed 2 second(s)

2019-07-10 15:40:01 - [TEST_STEP][PASSED] - click(findTestObject("APOLLO- Desktop/Collection page/Blue shirt product")): Object: 'Object Repository/APOLLO- Desktop/Collection page/Blue shirt product' is clicked on

2019-07-10 15:40:02 - [MESSAGE][PASSED] - Object: 'Object Repository/APOLLO- Desktop/Collection page/Blue shirt product' is clicked on

2019-07-10 15:40:02 - [TEST_STEP][PASSED] - delay(2): Delayed 2 second(s)

2019-07-10 15:40:04 - [MESSAGE][PASSED] - Delayed 2 second(s)

2019-07-10 15:40:04 - [TEST_STEP][NOT_RUN] - executeJavaScript("var previewBar = document.getElementById("preview-bar-iframe"); previewBar.style.display = "none";", []): NOT_RUN: executeJavaScript("var previewBar = document.getElementById("preview-bar-iframe"); previewBar.style.display = "none";", [])

2019-07-10 15:40:04 - [MESSAGE][NOT_RUN] - NOT_RUN: executeJavaScript("var previewBar = document.getElementById("preview-bar-iframe"); previewBar.style.display = "none";", [])

2019-07-10 15:40:04 - [TEST_STEP][PASSED] - delay(2): Delayed 2 second(s)

2019-07-10 15:40:06 - [MESSAGE][PASSED] - Delayed 2 second(s)

2019-07-10 15:40:06 - [TEST_STEP][FAILED] - click(findTestObject("APOLLO- Desktop/Product page/facebook icon")): click(findTestObject("APOLLO- Desktop/Product page/facebook icon")) FAILED.
Reason:
com.kms.katalon.core.exception.StepFailedException: Unable to click on object 'Object Repository/APOLLO- Desktop/Product page/facebook icon' (Root cause: com.kms.katalon.core.webui.exception.WebElementNotFoundException: Web element with id: 'Object Repository/APOLLO- Desktop/Product page/facebook icon' located by 'By.xpath: //div[@class='c-product-summary c-product-summary--shadow js-sticky u-text-center js-scroll-fade is-loaded is_stuck']//li[1]//a[1]' not found)
	at com.kms.katalon.core.keyword.internal.KeywordMain.stepFailed(KeywordMain.groovy:36)
	at com.kms.katalon.core.webui.keyword.internal.WebUIKeywordMain.stepFailed(WebUIKeywordMain.groovy:65)
	at com.kms.katalon.core.webui.keyword.internal.WebUIKeywordMain.runKeyword(WebUIKeywordMain.groovy:27)
	at com.kms.katalon.core.webui.keyword.builtin.ClickKeyword.click(ClickKeyword.groovy:86)
	at com.kms.katalon.core.webui.keyword.builtin.ClickKeyword.execute(ClickKeyword.groovy:67)
	at com.kms.katalon.core.keyword.internal.KeywordExecutor.executeKeywordForPlatform(KeywordExecutor.groovy:53)
	at com.kms.katalon.core.webui.keyword.WebUiBuiltInKeywords.click(WebUiBuiltInKeywords.groovy:616)
	at com.kms.katalon.core.webui.keyword.WebUiBuiltInKeywords$click$2.call(Unknown Source)
	at Social media icons.run(Social media icons:48)
	at com.kms.katalon.core.main.ScriptEngine.run(ScriptEngine.java:194)
	at com.kms.katalon.core.main.ScriptEngine.runScriptAsRawText(ScriptEngine.java:119)
	at com.kms.katalon.core.main.TestCaseExecutor.runScript(TestCaseExecutor.java:328)
	at com.kms.katalon.core.main.TestCaseExecutor.doExecute(TestCaseExecutor.java:319)
	at com.kms.katalon.core.main.TestCaseExecutor.processExecutionPhase(TestCaseExecutor.java:298)
	at com.kms.katalon.core.main.TestCaseExecutor.accessMainPhase(TestCaseExecutor.java:290)
	at com.kms.katalon.core.main.TestCaseExecutor.execute(TestCaseExecutor.java:224)
	at com.kms.katalon.core.main.TestSuiteExecutor.accessTestCaseMainPhase(TestSuiteExecutor.java:129)
	at com.kms.katalon.core.main.TestSuiteExecutor.accessTestSuiteMainPhase(TestSuiteExecutor.java:112)
	at com.kms.katalon.core.main.TestSuiteExecutor.execute(TestSuiteExecutor.java:81)
	at com.kms.katalon.core.main.TestCaseMain.startTestSuite(TestCaseMain.java:149)
	at com.kms.katalon.core.main.TestCaseMain$startTestSuite$0.call(Unknown Source)
	at TempTestSuite1562786448509.run(TempTestSuite1562786448509.groovy:36)


2019-07-10 15:40:57 - [MESSAGE][INFO] - Unable to find the element located by 'By.xpath: //div[@class='c-product-summary c-product-summary--shadow js-sticky u-text-center js-scroll-fade is-loaded is_stuck']//li[1]//a[1]'. Please recheck the objects properties to make sure the desired element is located. 

2019-07-10 15:40:58 - [MESSAGE][FAILED] - Unable to click on object 'Object Repository/APOLLO- Desktop/Product page/facebook icon' (Root cause: com.kms.katalon.core.webui.exception.WebElementNotFoundException: Web element with id: 'Object Repository/APOLLO- Desktop/Product page/facebook icon' located by 'By.xpath: //div[@class='c-product-summary c-product-summary--shadow js-sticky u-text-center js-scroll-fade is-loaded is_stuck']//li[1]//a[1]' not found)
[[ATTACHMENT|/Users/sumankompelly/git/Apollo-Dark-Desktop/Reports/Apollo - dark build/20190710_152048/1562787657363.png]]

2019-07-10 15:40:58 - [MESSAGE][FAILED] - click(findTestObject("APOLLO- Desktop/Product page/facebook icon")) FAILED.
Reason:
com.kms.katalon.core.exception.StepFailedException: Unable to click on object 'Object Repository/APOLLO- Desktop/Product page/facebook icon' (Root cause: com.kms.katalon.core.webui.exception.WebElementNotFoundException: Web element with id: 'Object Repository/APOLLO- Desktop/Product page/facebook icon' located by 'By.xpath: //div[@class='c-product-summary c-product-summary--shadow js-sticky u-text-center js-scroll-fade is-loaded is_stuck']//li[1]//a[1]' not found)
	at com.kms.katalon.core.keyword.internal.KeywordMain.stepFailed(KeywordMain.groovy:36)
	at com.kms.katalon.core.webui.keyword.internal.WebUIKeywordMain.stepFailed(WebUIKeywordMain.groovy:65)
	at com.kms.katalon.core.webui.keyword.internal.WebUIKeywordMain.runKeyword(WebUIKeywordMain.groovy:27)
	at com.kms.katalon.core.webui.keyword.builtin.ClickKeyword.click(ClickKeyword.groovy:86)
	at com.kms.katalon.core.webui.keyword.builtin.ClickKeyword.execute(ClickKeyword.groovy:67)
	at com.kms.katalon.core.keyword.internal.KeywordExecutor.executeKeywordForPlatform(KeywordExecutor.groovy:53)
	at com.kms.katalon.core.webui.keyword.WebUiBuiltInKeywords.click(WebUiBuiltInKeywords.groovy:616)
	at com.kms.katalon.core.webui.keyword.WebUiBuiltInKeywords$click$2.call(Unknown Source)
	at Social media icons.run(Social media icons:48)
	at com.kms.katalon.core.main.ScriptEngine.run(ScriptEngine.java:194)
	at com.kms.katalon.core.main.ScriptEngine.runScriptAsRawText(ScriptEngine.java:119)
	at com.kms.katalon.core.main.TestCaseExecutor.runScript(TestCaseExecutor.java:328)
	at com.kms.katalon.core.main.TestCaseExecutor.doExecute(TestCaseExecutor.java:319)
	at com.kms.katalon.core.main.TestCaseExecutor.processExecutionPhase(TestCaseExecutor.java:298)
	at com.kms.katalon.core.main.TestCaseExecutor.accessMainPhase(TestCaseExecutor.java:290)
	at com.kms.katalon.core.main.TestCaseExecutor.execute(TestCaseExecutor.java:224)
	at com.kms.katalon.core.main.TestSuiteExecutor.accessTestCaseMainPhase(TestSuiteExecutor.java:129)
	at com.kms.katalon.core.main.TestSuiteExecutor.accessTestSuiteMainPhase(TestSuiteExecutor.java:112)
	at com.kms.katalon.core.main.TestSuiteExecutor.execute(TestSuiteExecutor.java:81)
	at com.kms.katalon.core.main.TestCaseMain.startTestSuite(TestCaseMain.java:149)
	at com.kms.katalon.core.main.TestCaseMain$startTestSuite$0.call(Unknown Source)
	at TempTestSuite1562786448509.run(TempTestSuite1562786448509.groovy:36)]]></system-out>
         <system-err><![CDATA[2019-07-10 15:39:21 - [TEST_CASE][FAILED] - Test Cases/PRODUCT PAGE/Social media icons: Test Cases/PRODUCT PAGE/Social media icons FAILED.
Reason:
com.kms.katalon.core.exception.StepFailedException: Unable to click on object 'Object Repository/APOLLO- Desktop/Product page/facebook icon' (Root cause: com.kms.katalon.core.webui.exception.WebElementNotFoundException: Web element with id: 'Object Repository/APOLLO- Desktop/Product page/facebook icon' located by 'By.xpath: //div[@class='c-product-summary c-product-summary--shadow js-sticky u-text-center js-scroll-fade is-loaded is_stuck']//li[1]//a[1]' not found)
	at com.kms.katalon.core.keyword.internal.KeywordMain.stepFailed(KeywordMain.groovy:36)
	at com.kms.katalon.core.webui.keyword.internal.WebUIKeywordMain.stepFailed(WebUIKeywordMain.groovy:65)
	at com.kms.katalon.core.webui.keyword.internal.WebUIKeywordMain.runKeyword(WebUIKeywordMain.groovy:27)
	at com.kms.katalon.core.webui.keyword.builtin.ClickKeyword.click(ClickKeyword.groovy:86)
	at com.kms.katalon.core.webui.keyword.builtin.ClickKeyword.execute(ClickKeyword.groovy:67)
	at com.kms.katalon.core.keyword.internal.KeywordExecutor.executeKeywordForPlatform(KeywordExecutor.groovy:53)
	at com.kms.katalon.core.webui.keyword.WebUiBuiltInKeywords.click(WebUiBuiltInKeywords.groovy:616)
	at com.kms.katalon.core.webui.keyword.WebUiBuiltInKeywords$click$2.call(Unknown Source)
	at Social media icons.run(Social media icons:48)
	at com.kms.katalon.core.main.ScriptEngine.run(ScriptEngine.java:194)
	at com.kms.katalon.core.main.ScriptEngine.runScriptAsRawText(ScriptEngine.java:119)
	at com.kms.katalon.core.main.TestCaseExecutor.runScript(TestCaseExecutor.java:328)
	at com.kms.katalon.core.main.TestCaseExecutor.doExecute(TestCaseExecutor.java:319)
	at com.kms.katalon.core.main.TestCaseExecutor.processExecutionPhase(TestCaseExecutor.java:298)
	at com.kms.katalon.core.main.TestCaseExecutor.accessMainPhase(TestCaseExecutor.java:290)
	at com.kms.katalon.core.main.TestCaseExecutor.execute(TestCaseExecutor.java:224)
	at com.kms.katalon.core.main.TestSuiteExecutor.accessTestCaseMainPhase(TestSuiteExecutor.java:129)
	at com.kms.katalon.core.main.TestSuiteExecutor.accessTestSuiteMainPhase(TestSuiteExecutor.java:112)
	at com.kms.katalon.core.main.TestSuiteExecutor.execute(TestSuiteExecutor.java:81)
	at com.kms.katalon.core.main.TestCaseMain.startTestSuite(TestCaseMain.java:149)
	at com.kms.katalon.core.main.TestCaseMain$startTestSuite$0.call(Unknown Source)
	at TempTestSuite1562786448509.run(TempTestSuite1562786448509.groovy:36)]]></system-err>
      </testcase>
      <testcase name="Test Cases/PRODUCT PAGE/More payment link and buy with google pay" classname="Test Cases/PRODUCT PAGE/More payment link and buy with google pay" status="FAILED">
         <failure type="FAILED" message="Test Cases/PRODUCT PAGE/More payment link and buy with google pay FAILED.
Reason:
com.kms.katalon.core.exception.StepFailedException: Unable to select option by value 'United States' of object 'Object Repository/APOLLO- Desktop/Customer Information page/Country dropdown'  using regular expression (Root cause: org.openqa.selenium.ElementNotInteractableException: The command failed because the specified element is not pointer or keyboard interactable.
Build info: version: '3.7.1', revision: '8a0099a', time: '2017-11-06T21:07:36.161Z'
System info: host: 'sumans-MacBook-Pro.local', ip: 'fe80:0:0:0:47c:ca88:4245:b7a7%en0', os.name: 'Mac OS X', os.arch: 'x86_64', os.version: '10.13.6', java.version: '1.8.0_181'
Driver info: com.kms.katalon.selenium.driver.CRemoteWebDriver
Capabilities {acceptInsecureCerts: false, browserName: MicrosoftEdge, browserVersion: 44.18362.1.0, javascriptEnabled: true, pageLoadStrategy: normal, platform: WINDOWS, platformName: WINDOWS, proxy: Proxy(), setWindowRect: false, timeouts: {implicit: 0, pageLoad: 300000, script: 30000}}
Session ID: dc175ca6f0bae8aa1815498d1b820864b96b30a5)
	at com.kms.katalon.core.keyword.internal.KeywordMain.stepFailed(KeywordMain.groovy:36)
	at com.kms.katalon.core.webui.keyword.internal.WebUIKeywordMain.stepFailed(WebUIKeywordMain.groovy:65)
	at com.kms.katalon.core.webui.keyword.internal.WebUIKeywordMain.runKeyword(WebUIKeywordMain.groovy:27)
	at com.kms.katalon.core.webui.keyword.builtin.SelectOptionByValueKeyword.selectOptionByValue(SelectOptionByValueKeyword.groovy:99)
	at com.kms.katalon.core.webui.keyword.builtin.SelectOptionByValueKeyword.execute(SelectOptionByValueKeyword.groovy:71)
	at com.kms.katalon.core.keyword.internal.KeywordExecutor.executeKeywordForPlatform(KeywordExecutor.groovy:53)
	at com.kms.katalon.core.webui.keyword.WebUiBuiltInKeywords.selectOptionByValue(WebUiBuiltInKeywords.groovy:1138)
	at com.kms.katalon.core.webui.keyword.WebUiBuiltInKeywords$selectOptionByValue$9.call(Unknown Source)
	at CALL- CUSTOMER INFO PAGE.run(CALL- CUSTOMER INFO PAGE:39)
	at com.kms.katalon.core.main.ScriptEngine.run(ScriptEngine.java:194)
	at com.kms.katalon.core.main.ScriptEngine.runScriptAsRawText(ScriptEngine.java:119)
	at com.kms.katalon.core.main.TestCaseExecutor.runScript(TestCaseExecutor.java:328)
	at com.kms.katalon.core.main.TestCaseExecutor.doExecute(TestCaseExecutor.java:319)
	at com.kms.katalon.core.main.TestCaseExecutor.processExecutionPhase(TestCaseExecutor.java:298)
	at com.kms.katalon.core.main.TestCaseExecutor.accessMainPhase(TestCaseExecutor.java:290)
	at com.kms.katalon.core.main.TestCaseExecutor.execute(TestCaseExecutor.java:224)
	at com.kms.katalon.core.main.TestCaseMain.runTestCase(TestCaseMain.java:106)
	at com.kms.katalon.core.keyword.builtin.CallTestCaseKeyword$_callTestCase_closure1.doCall(CallTestCaseKeyword.groovy:59)
	at com.kms.katalon.core.keyword.builtin.CallTestCaseKeyword$_callTestCase_closure1.call(CallTestCaseKeyword.groovy)
	at com.kms.katalon.core.keyword.internal.KeywordMain.runKeyword(KeywordMain.groovy:54)
	at com.kms.katalon.core.keyword.builtin.CallTestCaseKeyword.callTestCase(CallTestCaseKeyword.groovy:80)
	at com.kms.katalon.core.keyword.builtin.CallTestCaseKeyword.execute(CallTestCaseKeyword.groovy:44)
	at com.kms.katalon.core.keyword.internal.KeywordExecutor.executeKeywordForPlatform(KeywordExecutor.groovy:53)
	at com.kms.katalon.core.keyword.BuiltinKeywords.callTestCase(BuiltinKeywords.groovy:334)
	at More payment link and buy with google pay.run(More payment link and buy with google pay:56)
	at com.kms.katalon.core.main.ScriptEngine.run(ScriptEngine.java:194)
	at com.kms.katalon.core.main.ScriptEngine.runScriptAsRawText(ScriptEngine.java:119)
	at com.kms.katalon.core.main.TestCaseExecutor.runScript(TestCaseExecutor.java:328)
	at com.kms.katalon.core.main.TestCaseExecutor.doExecute(TestCaseExecutor.java:319)
	at com.kms.katalon.core.main.TestCaseExecutor.processExecutionPhase(TestCaseExecutor.java:298)
	at com.kms.katalon.core.main.TestCaseExecutor.accessMainPhase(TestCaseExecutor.java:290)
	at com.kms.katalon.core.main.TestCaseExecutor.execute(TestCaseExecutor.java:224)
	at com.kms.katalon.core.main.TestSuiteExecutor.accessTestCaseMainPhase(TestSuiteExecutor.java:129)
	at com.kms.katalon.core.main.TestSuiteExecutor.accessTestSuiteMainPhase(TestSuiteExecutor.java:112)
	at com.kms.katalon.core.main.TestSuiteExecutor.execute(TestSuiteExecutor.java:81)
	at com.kms.katalon.core.main.TestCaseMain.startTestSuite(TestCaseMain.java:149)
	at com.kms.katalon.core.main.TestCaseMain$startTestSuite$0.call(Unknown Source)
	at TempTestSuite1562786448509.run(TempTestSuite1562786448509.groovy:36)
"/>
         <system-out><![CDATA[2019-07-10 15:40:58 - [TEST_CASE][FAILED] - Test Cases/PRODUCT PAGE/More payment link and buy with google pay: Test Cases/PRODUCT PAGE/More payment link and buy with google pay FAILED.
Reason:
com.kms.katalon.core.exception.StepFailedException: Unable to select option by value 'United States' of object 'Object Repository/APOLLO- Desktop/Customer Information page/Country dropdown'  using regular expression (Root cause: org.openqa.selenium.ElementNotInteractableException: The command failed because the specified element is not pointer or keyboard interactable.
Build info: version: '3.7.1', revision: '8a0099a', time: '2017-11-06T21:07:36.161Z'
System info: host: 'sumans-MacBook-Pro.local', ip: 'fe80:0:0:0:47c:ca88:4245:b7a7%en0', os.name: 'Mac OS X', os.arch: 'x86_64', os.version: '10.13.6', java.version: '1.8.0_181'
Driver info: com.kms.katalon.selenium.driver.CRemoteWebDriver
Capabilities {acceptInsecureCerts: false, browserName: MicrosoftEdge, browserVersion: 44.18362.1.0, javascriptEnabled: true, pageLoadStrategy: normal, platform: WINDOWS, platformName: WINDOWS, proxy: Proxy(), setWindowRect: false, timeouts: {implicit: 0, pageLoad: 300000, script: 30000}}
Session ID: dc175ca6f0bae8aa1815498d1b820864b96b30a5)
	at com.kms.katalon.core.keyword.internal.KeywordMain.stepFailed(KeywordMain.groovy:36)
	at com.kms.katalon.core.webui.keyword.internal.WebUIKeywordMain.stepFailed(WebUIKeywordMain.groovy:65)
	at com.kms.katalon.core.webui.keyword.internal.WebUIKeywordMain.runKeyword(WebUIKeywordMain.groovy:27)
	at com.kms.katalon.core.webui.keyword.builtin.SelectOptionByValueKeyword.selectOptionByValue(SelectOptionByValueKeyword.groovy:99)
	at com.kms.katalon.core.webui.keyword.builtin.SelectOptionByValueKeyword.execute(SelectOptionByValueKeyword.groovy:71)
	at com.kms.katalon.core.keyword.internal.KeywordExecutor.executeKeywordForPlatform(KeywordExecutor.groovy:53)
	at com.kms.katalon.core.webui.keyword.WebUiBuiltInKeywords.selectOptionByValue(WebUiBuiltInKeywords.groovy:1138)
	at com.kms.katalon.core.webui.keyword.WebUiBuiltInKeywords$selectOptionByValue$9.call(Unknown Source)
	at CALL- CUSTOMER INFO PAGE.run(CALL- CUSTOMER INFO PAGE:39)
	at com.kms.katalon.core.main.ScriptEngine.run(ScriptEngine.java:194)
	at com.kms.katalon.core.main.ScriptEngine.runScriptAsRawText(ScriptEngine.java:119)
	at com.kms.katalon.core.main.TestCaseExecutor.runScript(TestCaseExecutor.java:328)
	at com.kms.katalon.core.main.TestCaseExecutor.doExecute(TestCaseExecutor.java:319)
	at com.kms.katalon.core.main.TestCaseExecutor.processExecutionPhase(TestCaseExecutor.java:298)
	at com.kms.katalon.core.main.TestCaseExecutor.accessMainPhase(TestCaseExecutor.java:290)
	at com.kms.katalon.core.main.TestCaseExecutor.execute(TestCaseExecutor.java:224)
	at com.kms.katalon.core.main.TestCaseMain.runTestCase(TestCaseMain.java:106)
	at com.kms.katalon.core.keyword.builtin.CallTestCaseKeyword$_callTestCase_closure1.doCall(CallTestCaseKeyword.groovy:59)
	at com.kms.katalon.core.keyword.builtin.CallTestCaseKeyword$_callTestCase_closure1.call(CallTestCaseKeyword.groovy)
	at com.kms.katalon.core.keyword.internal.KeywordMain.runKeyword(KeywordMain.groovy:54)
	at com.kms.katalon.core.keyword.builtin.CallTestCaseKeyword.callTestCase(CallTestCaseKeyword.groovy:80)
	at com.kms.katalon.core.keyword.builtin.CallTestCaseKeyword.execute(CallTestCaseKeyword.groovy:44)
	at com.kms.katalon.core.keyword.internal.KeywordExecutor.executeKeywordForPlatform(KeywordExecutor.groovy:53)
	at com.kms.katalon.core.keyword.BuiltinKeywords.callTestCase(BuiltinKeywords.groovy:334)
	at More payment link and buy with google pay.run(More payment link and buy with google pay:56)
	at com.kms.katalon.core.main.ScriptEngine.run(ScriptEngine.java:194)
	at com.kms.katalon.core.main.ScriptEngine.runScriptAsRawText(ScriptEngine.java:119)
	at com.kms.katalon.core.main.TestCaseExecutor.runScript(TestCaseExecutor.java:328)
	at com.kms.katalon.core.main.TestCaseExecutor.doExecute(TestCaseExecutor.java:319)
	at com.kms.katalon.core.main.TestCaseExecutor.processExecutionPhase(TestCaseExecutor.java:298)
	at com.kms.katalon.core.main.TestCaseExecutor.accessMainPhase(TestCaseExecutor.java:290)
	at com.kms.katalon.core.main.TestCaseExecutor.execute(TestCaseExecutor.java:224)
	at com.kms.katalon.core.main.TestSuiteExecutor.accessTestCaseMainPhase(TestSuiteExecutor.java:129)
	at com.kms.katalon.core.main.TestSuiteExecutor.accessTestSuiteMainPhase(TestSuiteExecutor.java:112)
	at com.kms.katalon.core.main.TestSuiteExecutor.execute(TestSuiteExecutor.java:81)
	at com.kms.katalon.core.main.TestCaseMain.startTestSuite(TestCaseMain.java:149)
	at com.kms.katalon.core.main.TestCaseMain$startTestSuite$0.call(Unknown Source)
	at TempTestSuite1562786448509.run(TempTestSuite1562786448509.groovy:36)


2019-07-10 15:40:58 - [TEST_STEP][PASSED] - callTestCase(findTestCase("CALL - URL"), [:], STOP_ON_FAILURE): Call Test Case 'Test Cases/CALL - URL' successfully

2019-07-10 15:40:58 - [TEST_CASE][PASSED] - Test Cases/CALL - URL: Test Cases/CALL - URL

2019-07-10 15:40:58 - [TEST_STEP][PASSED] - openBrowser(""): Browser is opened with url: ''

2019-07-10 15:40:58 - [MESSAGE][WARNING] - A browser is already opened. Closing browser and opening a new one

2019-07-10 15:40:59 - [MESSAGE][INFO] - Starting 'Remote' driver

2019-07-10 15:40:59 - [MESSAGE][INFO] - User set preference: ['os', 'Windows']

2019-07-10 15:40:59 - [MESSAGE][INFO] - User set preference: ['os_version', '10']

2019-07-10 15:40:59 - [MESSAGE][INFO] - User set preference: ['browser', 'Edge']

2019-07-10 15:40:59 - [MESSAGE][INFO] - User set preference: ['browser_version', '18.0']

2019-07-10 15:40:59 - [MESSAGE][INFO] - User set preference: ['resolution', '']

2019-07-10 15:40:59 - [MESSAGE][INFO] - Connecting to remote web server 'https://dianatest3:Z3oqw9ysqTeRQJq5wFCp@hub-cloud.browserstack.com/wd/hub' with type 'Selenium'

2019-07-10 15:41:21 - [MESSAGE][PASSED] - Browser is opened with url: ''

2019-07-10 15:41:21 - [TEST_STEP][PASSED] - navigateToUrl("https://diff-apollo.myshopify.com/?key=eec34184cfd8f82cda816f82753a8c8e9e240f30cf54470e19667b8cbb401948&preview_theme_id="): Navigate to 'https://diff-apollo.myshopify.com/?key=eec34184cfd8f82cda816f82753a8c8e9e240f30cf54470e19667b8cbb401948&preview_theme_id=' successfully

2019-07-10 15:41:38 - [MESSAGE][PASSED] - Navigate to 'https://diff-apollo.myshopify.com/?key=eec34184cfd8f82cda816f82753a8c8e9e240f30cf54470e19667b8cbb401948&preview_theme_id=' successfully

2019-07-10 15:41:38 - [TEST_STEP][NOT_RUN] - executeJavaScript("var previewBar = document.getElementById("preview-bar-iframe"); previewBar.style.display = "none";", []): NOT_RUN: executeJavaScript("var previewBar = document.getElementById("preview-bar-iframe"); previewBar.style.display = "none";", [])

2019-07-10 15:41:38 - [MESSAGE][NOT_RUN] - NOT_RUN: executeJavaScript("var previewBar = document.getElementById("preview-bar-iframe"); previewBar.style.display = "none";", [])

2019-07-10 15:41:38 - [TEST_STEP][PASSED] - maximizeWindow(): Current window maximized

2019-07-10 15:41:39 - [MESSAGE][PASSED] - Current window maximized

2019-07-10 15:41:39 - [MESSAGE][PASSED] - Call Test Case 'Test Cases/CALL - URL' successfully

2019-07-10 15:41:39 - [TEST_STEP][PASSED] - delay(2): Delayed 2 second(s)

2019-07-10 15:41:41 - [MESSAGE][PASSED] - Delayed 2 second(s)

2019-07-10 15:41:41 - [TEST_STEP][PASSED] - click(findTestObject("APOLLO- Desktop/Burger Menu/Burgermenu")): Object: 'Object Repository/APOLLO- Desktop/Burger Menu/Burgermenu' is clicked on

2019-07-10 15:41:42 - [MESSAGE][PASSED] - Object: 'Object Repository/APOLLO- Desktop/Burger Menu/Burgermenu' is clicked on

2019-07-10 15:41:42 - [TEST_STEP][PASSED] - delay(2): Delayed 2 second(s)

2019-07-10 15:41:44 - [MESSAGE][PASSED] - Delayed 2 second(s)

2019-07-10 15:41:44 - [TEST_STEP][PASSED] - click(findTestObject("APOLLO- Desktop/Burger Menu/Mens chevron")): Object: 'Object Repository/APOLLO- Desktop/Burger Menu/Mens chevron' is clicked on

2019-07-10 15:41:45 - [MESSAGE][PASSED] - Object: 'Object Repository/APOLLO- Desktop/Burger Menu/Mens chevron' is clicked on

2019-07-10 15:41:45 - [TEST_STEP][PASSED] - delay(2): Delayed 2 second(s)

2019-07-10 15:41:47 - [MESSAGE][PASSED] - Delayed 2 second(s)

2019-07-10 15:41:47 - [TEST_STEP][PASSED] - click(findTestObject("APOLLO- Desktop/Burger Menu/Mens - Top Chevron")): Object: 'Object Repository/APOLLO- Desktop/Burger Menu/Mens - Top Chevron' is clicked on

2019-07-10 15:41:47 - [MESSAGE][PASSED] - Object: 'Object Repository/APOLLO- Desktop/Burger Menu/Mens - Top Chevron' is clicked on

2019-07-10 15:41:47 - [TEST_STEP][PASSED] - delay(2): Delayed 2 second(s)

2019-07-10 15:41:49 - [MESSAGE][PASSED] - Delayed 2 second(s)

2019-07-10 15:41:49 - [TEST_STEP][PASSED] - click(findTestObject("APOLLO- Desktop/Burger Menu/Shirts link")): Object: 'Object Repository/APOLLO- Desktop/Burger Menu/Shirts link' is clicked on

2019-07-10 15:41:51 - [MESSAGE][PASSED] - Object: 'Object Repository/APOLLO- Desktop/Burger Menu/Shirts link' is clicked on

2019-07-10 15:41:51 - [TEST_STEP][NOT_RUN] - executeJavaScript("var previewBar = document.getElementById("preview-bar-iframe"); previewBar.style.display = "none";", []): NOT_RUN: executeJavaScript("var previewBar = document.getElementById("preview-bar-iframe"); previewBar.style.display = "none";", [])

2019-07-10 15:41:51 - [MESSAGE][NOT_RUN] - NOT_RUN: executeJavaScript("var previewBar = document.getElementById("preview-bar-iframe"); previewBar.style.display = "none";", [])

2019-07-10 15:41:51 - [TEST_STEP][PASSED] - delay(2): Delayed 2 second(s)

2019-07-10 15:41:53 - [MESSAGE][PASSED] - Delayed 2 second(s)

2019-07-10 15:41:53 - [TEST_STEP][PASSED] - click(findTestObject("APOLLO- Desktop/Collection page/Blue shirt product")): Object: 'Object Repository/APOLLO- Desktop/Collection page/Blue shirt product' is clicked on

2019-07-10 15:41:53 - [MESSAGE][PASSED] - Object: 'Object Repository/APOLLO- Desktop/Collection page/Blue shirt product' is clicked on

2019-07-10 15:41:53 - [TEST_STEP][PASSED] - delay(2): Delayed 2 second(s)

2019-07-10 15:41:55 - [MESSAGE][PASSED] - Delayed 2 second(s)

2019-07-10 15:41:55 - [TEST_STEP][NOT_RUN] - executeJavaScript("var previewBar = document.getElementById("preview-bar-iframe"); previewBar.style.display = "none";", []): NOT_RUN: executeJavaScript("var previewBar = document.getElementById("preview-bar-iframe"); previewBar.style.display = "none";", [])

2019-07-10 15:41:55 - [MESSAGE][NOT_RUN] - NOT_RUN: executeJavaScript("var previewBar = document.getElementById("preview-bar-iframe"); previewBar.style.display = "none";", [])

2019-07-10 15:41:55 - [TEST_STEP][PASSED] - delay(2): Delayed 2 second(s)

2019-07-10 15:41:57 - [MESSAGE][PASSED] - Delayed 2 second(s)

2019-07-10 15:41:57 - [TEST_STEP][PASSED] - click(findTestObject("APOLLO- Desktop/Product page/More payment options")): Object: 'Object Repository/APOLLO- Desktop/Product page/More payment options' is clicked on

2019-07-10 15:41:59 - [MESSAGE][PASSED] - Object: 'Object Repository/APOLLO- Desktop/Product page/More payment options' is clicked on

2019-07-10 15:41:59 - [TEST_STEP][PASSED] - delay(2): Delayed 2 second(s)

2019-07-10 15:42:01 - [MESSAGE][PASSED] - Delayed 2 second(s)

2019-07-10 15:42:01 - [TEST_STEP][PASSED] - click(findTestObject("APOLLO- Desktop/Product page/Checkout- more payment")): Object: 'Object Repository/APOLLO- Desktop/Product page/Checkout- more payment' is clicked on

2019-07-10 15:42:02 - [MESSAGE][PASSED] - Object: 'Object Repository/APOLLO- Desktop/Product page/Checkout- more payment' is clicked on

2019-07-10 15:42:02 - [TEST_STEP][PASSED] - delay(2): Delayed 2 second(s)

2019-07-10 15:42:04 - [MESSAGE][PASSED] - Delayed 2 second(s)

2019-07-10 15:42:04 - [TEST_STEP][FAILED] - callTestCase(findTestCase("CALL- CUSTOMER INFO PAGE"), [:], STOP_ON_FAILURE): callTestCase(findTestCase("CALL- CUSTOMER INFO PAGE"), [:], STOP_ON_FAILURE) FAILED.
Reason:
com.kms.katalon.core.exception.StepFailedException: Unable to select option by value 'United States' of object 'Object Repository/APOLLO- Desktop/Customer Information page/Country dropdown'  using regular expression (Root cause: org.openqa.selenium.ElementNotInteractableException: The command failed because the specified element is not pointer or keyboard interactable.
Build info: version: '3.7.1', revision: '8a0099a', time: '2017-11-06T21:07:36.161Z'
System info: host: 'sumans-MacBook-Pro.local', ip: 'fe80:0:0:0:47c:ca88:4245:b7a7%en0', os.name: 'Mac OS X', os.arch: 'x86_64', os.version: '10.13.6', java.version: '1.8.0_181'
Driver info: com.kms.katalon.selenium.driver.CRemoteWebDriver
Capabilities {acceptInsecureCerts: false, browserName: MicrosoftEdge, browserVersion: 44.18362.1.0, javascriptEnabled: true, pageLoadStrategy: normal, platform: WINDOWS, platformName: WINDOWS, proxy: Proxy(), setWindowRect: false, timeouts: {implicit: 0, pageLoad: 300000, script: 30000}}
Session ID: dc175ca6f0bae8aa1815498d1b820864b96b30a5)
	at com.kms.katalon.core.keyword.internal.KeywordMain.stepFailed(KeywordMain.groovy:36)
	at com.kms.katalon.core.webui.keyword.internal.WebUIKeywordMain.stepFailed(WebUIKeywordMain.groovy:65)
	at com.kms.katalon.core.webui.keyword.internal.WebUIKeywordMain.runKeyword(WebUIKeywordMain.groovy:27)
	at com.kms.katalon.core.webui.keyword.builtin.SelectOptionByValueKeyword.selectOptionByValue(SelectOptionByValueKeyword.groovy:99)
	at com.kms.katalon.core.webui.keyword.builtin.SelectOptionByValueKeyword.execute(SelectOptionByValueKeyword.groovy:71)
	at com.kms.katalon.core.keyword.internal.KeywordExecutor.executeKeywordForPlatform(KeywordExecutor.groovy:53)
	at com.kms.katalon.core.webui.keyword.WebUiBuiltInKeywords.selectOptionByValue(WebUiBuiltInKeywords.groovy:1138)
	at com.kms.katalon.core.webui.keyword.WebUiBuiltInKeywords$selectOptionByValue$9.call(Unknown Source)
	at CALL- CUSTOMER INFO PAGE.run(CALL- CUSTOMER INFO PAGE:39)
	at com.kms.katalon.core.main.ScriptEngine.run(ScriptEngine.java:194)
	at com.kms.katalon.core.main.ScriptEngine.runScriptAsRawText(ScriptEngine.java:119)
	at com.kms.katalon.core.main.TestCaseExecutor.runScript(TestCaseExecutor.java:328)
	at com.kms.katalon.core.main.TestCaseExecutor.doExecute(TestCaseExecutor.java:319)
	at com.kms.katalon.core.main.TestCaseExecutor.processExecutionPhase(TestCaseExecutor.java:298)
	at com.kms.katalon.core.main.TestCaseExecutor.accessMainPhase(TestCaseExecutor.java:290)
	at com.kms.katalon.core.main.TestCaseExecutor.execute(TestCaseExecutor.java:224)
	at com.kms.katalon.core.main.TestCaseMain.runTestCase(TestCaseMain.java:106)
	at com.kms.katalon.core.keyword.builtin.CallTestCaseKeyword$_callTestCase_closure1.doCall(CallTestCaseKeyword.groovy:59)
	at com.kms.katalon.core.keyword.builtin.CallTestCaseKeyword$_callTestCase_closure1.call(CallTestCaseKeyword.groovy)
	at com.kms.katalon.core.keyword.internal.KeywordMain.runKeyword(KeywordMain.groovy:54)
	at com.kms.katalon.core.keyword.builtin.CallTestCaseKeyword.callTestCase(CallTestCaseKeyword.groovy:80)
	at com.kms.katalon.core.keyword.builtin.CallTestCaseKeyword.execute(CallTestCaseKeyword.groovy:44)
	at com.kms.katalon.core.keyword.internal.KeywordExecutor.executeKeywordForPlatform(KeywordExecutor.groovy:53)
	at com.kms.katalon.core.keyword.BuiltinKeywords.callTestCase(BuiltinKeywords.groovy:334)
	at More payment link and buy with google pay.run(More payment link and buy with google pay:56)
	at com.kms.katalon.core.main.ScriptEngine.run(ScriptEngine.java:194)
	at com.kms.katalon.core.main.ScriptEngine.runScriptAsRawText(ScriptEngine.java:119)
	at com.kms.katalon.core.main.TestCaseExecutor.runScript(TestCaseExecutor.java:328)
	at com.kms.katalon.core.main.TestCaseExecutor.doExecute(TestCaseExecutor.java:319)
	at com.kms.katalon.core.main.TestCaseExecutor.processExecutionPhase(TestCaseExecutor.java:298)
	at com.kms.katalon.core.main.TestCaseExecutor.accessMainPhase(TestCaseExecutor.java:290)
	at com.kms.katalon.core.main.TestCaseExecutor.execute(TestCaseExecutor.java:224)
	at com.kms.katalon.core.main.TestSuiteExecutor.accessTestCaseMainPhase(TestSuiteExecutor.java:129)
	at com.kms.katalon.core.main.TestSuiteExecutor.accessTestSuiteMainPhase(TestSuiteExecutor.java:112)
	at com.kms.katalon.core.main.TestSuiteExecutor.execute(TestSuiteExecutor.java:81)
	at com.kms.katalon.core.main.TestCaseMain.startTestSuite(TestCaseMain.java:149)
	at com.kms.katalon.core.main.TestCaseMain$startTestSuite$0.call(Unknown Source)
	at TempTestSuite1562786448509.run(TempTestSuite1562786448509.groovy:36)


2019-07-10 15:42:04 - [TEST_CASE][FAILED] - Test Cases/CALL- CUSTOMER INFO PAGE: Test Cases/CALL- CUSTOMER INFO PAGE FAILED.
Reason:
com.kms.katalon.core.exception.StepFailedException: Unable to select option by value 'United States' of object 'Object Repository/APOLLO- Desktop/Customer Information page/Country dropdown'  using regular expression (Root cause: org.openqa.selenium.ElementNotInteractableException: The command failed because the specified element is not pointer or keyboard interactable.
Build info: version: '3.7.1', revision: '8a0099a', time: '2017-11-06T21:07:36.161Z'
System info: host: 'sumans-MacBook-Pro.local', ip: 'fe80:0:0:0:47c:ca88:4245:b7a7%en0', os.name: 'Mac OS X', os.arch: 'x86_64', os.version: '10.13.6', java.version: '1.8.0_181'
Driver info: com.kms.katalon.selenium.driver.CRemoteWebDriver
Capabilities {acceptInsecureCerts: false, browserName: MicrosoftEdge, browserVersion: 44.18362.1.0, javascriptEnabled: true, pageLoadStrategy: normal, platform: WINDOWS, platformName: WINDOWS, proxy: Proxy(), setWindowRect: false, timeouts: {implicit: 0, pageLoad: 300000, script: 30000}}
Session ID: dc175ca6f0bae8aa1815498d1b820864b96b30a5)
	at com.kms.katalon.core.keyword.internal.KeywordMain.stepFailed(KeywordMain.groovy:36)
	at com.kms.katalon.core.webui.keyword.internal.WebUIKeywordMain.stepFailed(WebUIKeywordMain.groovy:65)
	at com.kms.katalon.core.webui.keyword.internal.WebUIKeywordMain.runKeyword(WebUIKeywordMain.groovy:27)
	at com.kms.katalon.core.webui.keyword.builtin.SelectOptionByValueKeyword.selectOptionByValue(SelectOptionByValueKeyword.groovy:99)
	at com.kms.katalon.core.webui.keyword.builtin.SelectOptionByValueKeyword.execute(SelectOptionByValueKeyword.groovy:71)
	at com.kms.katalon.core.keyword.internal.KeywordExecutor.executeKeywordForPlatform(KeywordExecutor.groovy:53)
	at com.kms.katalon.core.webui.keyword.WebUiBuiltInKeywords.selectOptionByValue(WebUiBuiltInKeywords.groovy:1138)
	at com.kms.katalon.core.webui.keyword.WebUiBuiltInKeywords$selectOptionByValue$9.call(Unknown Source)
	at CALL- CUSTOMER INFO PAGE.run(CALL- CUSTOMER INFO PAGE:39)
	at com.kms.katalon.core.main.ScriptEngine.run(ScriptEngine.java:194)
	at com.kms.katalon.core.main.ScriptEngine.runScriptAsRawText(ScriptEngine.java:119)
	at com.kms.katalon.core.main.TestCaseExecutor.runScript(TestCaseExecutor.java:328)
	at com.kms.katalon.core.main.TestCaseExecutor.doExecute(TestCaseExecutor.java:319)
	at com.kms.katalon.core.main.TestCaseExecutor.processExecutionPhase(TestCaseExecutor.java:298)
	at com.kms.katalon.core.main.TestCaseExecutor.accessMainPhase(TestCaseExecutor.java:290)
	at com.kms.katalon.core.main.TestCaseExecutor.execute(TestCaseExecutor.java:224)
	at com.kms.katalon.core.main.TestCaseMain.runTestCase(TestCaseMain.java:106)
	at com.kms.katalon.core.keyword.builtin.CallTestCaseKeyword$_callTestCase_closure1.doCall(CallTestCaseKeyword.groovy:59)
	at com.kms.katalon.core.keyword.builtin.CallTestCaseKeyword$_callTestCase_closure1.call(CallTestCaseKeyword.groovy)
	at com.kms.katalon.core.keyword.internal.KeywordMain.runKeyword(KeywordMain.groovy:54)
	at com.kms.katalon.core.keyword.builtin.CallTestCaseKeyword.callTestCase(CallTestCaseKeyword.groovy:80)
	at com.kms.katalon.core.keyword.builtin.CallTestCaseKeyword.execute(CallTestCaseKeyword.groovy:44)
	at com.kms.katalon.core.keyword.internal.KeywordExecutor.executeKeywordForPlatform(KeywordExecutor.groovy:53)
	at com.kms.katalon.core.keyword.BuiltinKeywords.callTestCase(BuiltinKeywords.groovy:334)
	at More payment link and buy with google pay.run(More payment link and buy with google pay:56)
	at com.kms.katalon.core.main.ScriptEngine.run(ScriptEngine.java:194)
	at com.kms.katalon.core.main.ScriptEngine.runScriptAsRawText(ScriptEngine.java:119)
	at com.kms.katalon.core.main.TestCaseExecutor.runScript(TestCaseExecutor.java:328)
	at com.kms.katalon.core.main.TestCaseExecutor.doExecute(TestCaseExecutor.java:319)
	at com.kms.katalon.core.main.TestCaseExecutor.processExecutionPhase(TestCaseExecutor.java:298)
	at com.kms.katalon.core.main.TestCaseExecutor.accessMainPhase(TestCaseExecutor.java:290)
	at com.kms.katalon.core.main.TestCaseExecutor.execute(TestCaseExecutor.java:224)
	at com.kms.katalon.core.main.TestSuiteExecutor.accessTestCaseMainPhase(TestSuiteExecutor.java:129)
	at com.kms.katalon.core.main.TestSuiteExecutor.accessTestSuiteMainPhase(TestSuiteExecutor.java:112)
	at com.kms.katalon.core.main.TestSuiteExecutor.execute(TestSuiteExecutor.java:81)
	at com.kms.katalon.core.main.TestCaseMain.startTestSuite(TestCaseMain.java:149)
	at com.kms.katalon.core.main.TestCaseMain$startTestSuite$0.call(Unknown Source)
	at TempTestSuite1562786448509.run(TempTestSuite1562786448509.groovy:36)


2019-07-10 15:42:04 - [TEST_STEP][PASSED] - delay(2): Delayed 2 second(s)

2019-07-10 15:42:06 - [MESSAGE][PASSED] - Delayed 2 second(s)

2019-07-10 15:42:06 - [TEST_STEP][NOT_RUN] - executeJavaScript("var previewBar = document.getElementById("preview-bar-iframe"); previewBar.style.display = "none";", []): NOT_RUN: executeJavaScript("var previewBar = document.getElementById("preview-bar-iframe"); previewBar.style.display = "none";", [])

2019-07-10 15:42:06 - [MESSAGE][NOT_RUN] - NOT_RUN: executeJavaScript("var previewBar = document.getElementById("preview-bar-iframe"); previewBar.style.display = "none";", [])

2019-07-10 15:42:06 - [TEST_STEP][PASSED] - setText(findTestObject("APOLLO- Desktop/Customer Information page/Email"), "suman@gmail.com"): Text 'suman@gmail.com' is set on object 'Object Repository/APOLLO- Desktop/Customer Information page/Email'

2019-07-10 15:42:17 - [MESSAGE][PASSED] - Text 'suman@gmail.com' is set on object 'Object Repository/APOLLO- Desktop/Customer Information page/Email'

2019-07-10 15:42:17 - [TEST_STEP][PASSED] - delay(2): Delayed 2 second(s)

2019-07-10 15:42:19 - [MESSAGE][PASSED] - Delayed 2 second(s)

2019-07-10 15:42:19 - [TEST_STEP][PASSED] - setText(findTestObject("APOLLO- Desktop/Customer Information page/First name"), "suman"): Text 'suman' is set on object 'Object Repository/APOLLO- Desktop/Customer Information page/First name'

2019-07-10 15:42:20 - [MESSAGE][PASSED] - Text 'suman' is set on object 'Object Repository/APOLLO- Desktop/Customer Information page/First name'

2019-07-10 15:42:20 - [TEST_STEP][PASSED] - delay(2): Delayed 2 second(s)

2019-07-10 15:42:22 - [MESSAGE][PASSED] - Delayed 2 second(s)

2019-07-10 15:42:22 - [TEST_STEP][PASSED] - setText(findTestObject("APOLLO- Desktop/Customer Information page/Last name"), "kompelly"): Text 'kompelly' is set on object 'Object Repository/APOLLO- Desktop/Customer Information page/Last name'

2019-07-10 15:42:24 - [MESSAGE][PASSED] - Text 'kompelly' is set on object 'Object Repository/APOLLO- Desktop/Customer Information page/Last name'

2019-07-10 15:42:24 - [TEST_STEP][PASSED] - delay(2): Delayed 2 second(s)

2019-07-10 15:42:26 - [MESSAGE][PASSED] - Delayed 2 second(s)

2019-07-10 15:42:26 - [TEST_STEP][PASSED] - setText(findTestObject("APOLLO- Desktop/Customer Information page/Address"), "1435 st alxendre"): Text '1435 st alxendre' is set on object 'Object Repository/APOLLO- Desktop/Customer Information page/Address'

2019-07-10 15:42:28 - [MESSAGE][PASSED] - Text '1435 st alxendre' is set on object 'Object Repository/APOLLO- Desktop/Customer Information page/Address'

2019-07-10 15:42:28 - [TEST_STEP][PASSED] - setText(findTestObject("APOLLO- Desktop/Customer Information page/Apartment"), "220"): Text '220' is set on object 'Object Repository/APOLLO- Desktop/Customer Information page/Apartment'

2019-07-10 15:42:29 - [MESSAGE][PASSED] - Text '220' is set on object 'Object Repository/APOLLO- Desktop/Customer Information page/Apartment'

2019-07-10 15:42:29 - [TEST_STEP][PASSED] - setText(findTestObject("APOLLO- Desktop/Customer Information page/City"), "montreal"): Text 'montreal' is set on object 'Object Repository/APOLLO- Desktop/Customer Information page/City'

2019-07-10 15:42:31 - [MESSAGE][PASSED] - Text 'montreal' is set on object 'Object Repository/APOLLO- Desktop/Customer Information page/City'

2019-07-10 15:42:31 - [TEST_STEP][FAILED] - selectOptionByValue(findTestObject("APOLLO- Desktop/Customer Information page/Country dropdown"), "United States", true): selectOptionByValue(findTestObject("APOLLO- Desktop/Customer Information page/Country dropdown"), "United States", true) FAILED.
Reason:
com.kms.katalon.core.exception.StepFailedException: Unable to select option by value 'United States' of object 'Object Repository/APOLLO- Desktop/Customer Information page/Country dropdown'  using regular expression (Root cause: org.openqa.selenium.ElementNotInteractableException: The command failed because the specified element is not pointer or keyboard interactable.
Build info: version: '3.7.1', revision: '8a0099a', time: '2017-11-06T21:07:36.161Z'
System info: host: 'sumans-MacBook-Pro.local', ip: 'fe80:0:0:0:47c:ca88:4245:b7a7%en0', os.name: 'Mac OS X', os.arch: 'x86_64', os.version: '10.13.6', java.version: '1.8.0_181'
Driver info: com.kms.katalon.selenium.driver.CRemoteWebDriver
Capabilities {acceptInsecureCerts: false, browserName: MicrosoftEdge, browserVersion: 44.18362.1.0, javascriptEnabled: true, pageLoadStrategy: normal, platform: WINDOWS, platformName: WINDOWS, proxy: Proxy(), setWindowRect: false, timeouts: {implicit: 0, pageLoad: 300000, script: 30000}}
Session ID: dc175ca6f0bae8aa1815498d1b820864b96b30a5)
	at com.kms.katalon.core.keyword.internal.KeywordMain.stepFailed(KeywordMain.groovy:36)
	at com.kms.katalon.core.webui.keyword.internal.WebUIKeywordMain.stepFailed(WebUIKeywordMain.groovy:65)
	at com.kms.katalon.core.webui.keyword.internal.WebUIKeywordMain.runKeyword(WebUIKeywordMain.groovy:27)
	at com.kms.katalon.core.webui.keyword.builtin.SelectOptionByValueKeyword.selectOptionByValue(SelectOptionByValueKeyword.groovy:99)
	at com.kms.katalon.core.webui.keyword.builtin.SelectOptionByValueKeyword.execute(SelectOptionByValueKeyword.groovy:71)
	at com.kms.katalon.core.keyword.internal.KeywordExecutor.executeKeywordForPlatform(KeywordExecutor.groovy:53)
	at com.kms.katalon.core.webui.keyword.WebUiBuiltInKeywords.selectOptionByValue(WebUiBuiltInKeywords.groovy:1138)
	at com.kms.katalon.core.webui.keyword.WebUiBuiltInKeywords$selectOptionByValue$9.call(Unknown Source)
	at CALL- CUSTOMER INFO PAGE.run(CALL- CUSTOMER INFO PAGE:39)
	at com.kms.katalon.core.main.ScriptEngine.run(ScriptEngine.java:194)
	at com.kms.katalon.core.main.ScriptEngine.runScriptAsRawText(ScriptEngine.java:119)
	at com.kms.katalon.core.main.TestCaseExecutor.runScript(TestCaseExecutor.java:328)
	at com.kms.katalon.core.main.TestCaseExecutor.doExecute(TestCaseExecutor.java:319)
	at com.kms.katalon.core.main.TestCaseExecutor.processExecutionPhase(TestCaseExecutor.java:298)
	at com.kms.katalon.core.main.TestCaseExecutor.accessMainPhase(TestCaseExecutor.java:290)
	at com.kms.katalon.core.main.TestCaseExecutor.execute(TestCaseExecutor.java:224)
	at com.kms.katalon.core.main.TestCaseMain.runTestCase(TestCaseMain.java:106)
	at com.kms.katalon.core.keyword.builtin.CallTestCaseKeyword$_callTestCase_closure1.doCall(CallTestCaseKeyword.groovy:59)
	at com.kms.katalon.core.keyword.builtin.CallTestCaseKeyword$_callTestCase_closure1.call(CallTestCaseKeyword.groovy)
	at com.kms.katalon.core.keyword.internal.KeywordMain.runKeyword(KeywordMain.groovy:54)
	at com.kms.katalon.core.keyword.builtin.CallTestCaseKeyword.callTestCase(CallTestCaseKeyword.groovy:80)
	at com.kms.katalon.core.keyword.builtin.CallTestCaseKeyword.execute(CallTestCaseKeyword.groovy:44)
	at com.kms.katalon.core.keyword.internal.KeywordExecutor.executeKeywordForPlatform(KeywordExecutor.groovy:53)
	at com.kms.katalon.core.keyword.BuiltinKeywords.callTestCase(BuiltinKeywords.groovy:334)
	at More payment link and buy with google pay.run(More payment link and buy with google pay:56)
	at com.kms.katalon.core.main.ScriptEngine.run(ScriptEngine.java:194)
	at com.kms.katalon.core.main.ScriptEngine.runScriptAsRawText(ScriptEngine.java:119)
	at com.kms.katalon.core.main.TestCaseExecutor.runScript(TestCaseExecutor.java:328)
	at com.kms.katalon.core.main.TestCaseExecutor.doExecute(TestCaseExecutor.java:319)
	at com.kms.katalon.core.main.TestCaseExecutor.processExecutionPhase(TestCaseExecutor.java:298)
	at com.kms.katalon.core.main.TestCaseExecutor.accessMainPhase(TestCaseExecutor.java:290)
	at com.kms.katalon.core.main.TestCaseExecutor.execute(TestCaseExecutor.java:224)
	at com.kms.katalon.core.main.TestSuiteExecutor.accessTestCaseMainPhase(TestSuiteExecutor.java:129)
	at com.kms.katalon.core.main.TestSuiteExecutor.accessTestSuiteMainPhase(TestSuiteExecutor.java:112)
	at com.kms.katalon.core.main.TestSuiteExecutor.execute(TestSuiteExecutor.java:81)
	at com.kms.katalon.core.main.TestCaseMain.startTestSuite(TestCaseMain.java:149)
	at com.kms.katalon.core.main.TestCaseMain$startTestSuite$0.call(Unknown Source)
	at TempTestSuite1562786448509.run(TempTestSuite1562786448509.groovy:36)


2019-07-10 15:43:45 - [MESSAGE][FAILED] - Unable to select option by value 'United States' of object 'Object Repository/APOLLO- Desktop/Customer Information page/Country dropdown'  using regular expression (Root cause: org.openqa.selenium.ElementNotInteractableException: The command failed because the specified element is not pointer or keyboard interactable.
Build info: version: '3.7.1', revision: '8a0099a', time: '2017-11-06T21:07:36.161Z'
System info: host: 'sumans-MacBook-Pro.local', ip: 'fe80:0:0:0:47c:ca88:4245:b7a7%en0', os.name: 'Mac OS X', os.arch: 'x86_64', os.version: '10.13.6', java.version: '1.8.0_181'
Driver info: com.kms.katalon.selenium.driver.CRemoteWebDriver
Capabilities {acceptInsecureCerts: false, browserName: MicrosoftEdge, browserVersion: 44.18362.1.0, javascriptEnabled: true, pageLoadStrategy: normal, platform: WINDOWS, platformName: WINDOWS, proxy: Proxy(), setWindowRect: false, timeouts: {implicit: 0, pageLoad: 300000, script: 30000}}
Session ID: dc175ca6f0bae8aa1815498d1b820864b96b30a5)
[[ATTACHMENT|/Users/sumankompelly/git/Apollo-Dark-Desktop/Reports/Apollo - dark build/20190710_152048/1562787824827.png]]

2019-07-10 15:43:45 - [MESSAGE][FAILED] - selectOptionByValue(findTestObject("APOLLO- Desktop/Customer Information page/Country dropdown"), "United States", true) FAILED.
Reason:
com.kms.katalon.core.exception.StepFailedException: Unable to select option by value 'United States' of object 'Object Repository/APOLLO- Desktop/Customer Information page/Country dropdown'  using regular expression (Root cause: org.openqa.selenium.ElementNotInteractableException: The command failed because the specified element is not pointer or keyboard interactable.
Build info: version: '3.7.1', revision: '8a0099a', time: '2017-11-06T21:07:36.161Z'
System info: host: 'sumans-MacBook-Pro.local', ip: 'fe80:0:0:0:47c:ca88:4245:b7a7%en0', os.name: 'Mac OS X', os.arch: 'x86_64', os.version: '10.13.6', java.version: '1.8.0_181'
Driver info: com.kms.katalon.selenium.driver.CRemoteWebDriver
Capabilities {acceptInsecureCerts: false, browserName: MicrosoftEdge, browserVersion: 44.18362.1.0, javascriptEnabled: true, pageLoadStrategy: normal, platform: WINDOWS, platformName: WINDOWS, proxy: Proxy(), setWindowRect: false, timeouts: {implicit: 0, pageLoad: 300000, script: 30000}}
Session ID: dc175ca6f0bae8aa1815498d1b820864b96b30a5)
	at com.kms.katalon.core.keyword.internal.KeywordMain.stepFailed(KeywordMain.groovy:36)
	at com.kms.katalon.core.webui.keyword.internal.WebUIKeywordMain.stepFailed(WebUIKeywordMain.groovy:65)
	at com.kms.katalon.core.webui.keyword.internal.WebUIKeywordMain.runKeyword(WebUIKeywordMain.groovy:27)
	at com.kms.katalon.core.webui.keyword.builtin.SelectOptionByValueKeyword.selectOptionByValue(SelectOptionByValueKeyword.groovy:99)
	at com.kms.katalon.core.webui.keyword.builtin.SelectOptionByValueKeyword.execute(SelectOptionByValueKeyword.groovy:71)
	at com.kms.katalon.core.keyword.internal.KeywordExecutor.executeKeywordForPlatform(KeywordExecutor.groovy:53)
	at com.kms.katalon.core.webui.keyword.WebUiBuiltInKeywords.selectOptionByValue(WebUiBuiltInKeywords.groovy:1138)
	at com.kms.katalon.core.webui.keyword.WebUiBuiltInKeywords$selectOptionByValue$9.call(Unknown Source)
	at CALL- CUSTOMER INFO PAGE.run(CALL- CUSTOMER INFO PAGE:39)
	at com.kms.katalon.core.main.ScriptEngine.run(ScriptEngine.java:194)
	at com.kms.katalon.core.main.ScriptEngine.runScriptAsRawText(ScriptEngine.java:119)
	at com.kms.katalon.core.main.TestCaseExecutor.runScript(TestCaseExecutor.java:328)
	at com.kms.katalon.core.main.TestCaseExecutor.doExecute(TestCaseExecutor.java:319)
	at com.kms.katalon.core.main.TestCaseExecutor.processExecutionPhase(TestCaseExecutor.java:298)
	at com.kms.katalon.core.main.TestCaseExecutor.accessMainPhase(TestCaseExecutor.java:290)
	at com.kms.katalon.core.main.TestCaseExecutor.execute(TestCaseExecutor.java:224)
	at com.kms.katalon.core.main.TestCaseMain.runTestCase(TestCaseMain.java:106)
	at com.kms.katalon.core.keyword.builtin.CallTestCaseKeyword$_callTestCase_closure1.doCall(CallTestCaseKeyword.groovy:59)
	at com.kms.katalon.core.keyword.builtin.CallTestCaseKeyword$_callTestCase_closure1.call(CallTestCaseKeyword.groovy)
	at com.kms.katalon.core.keyword.internal.KeywordMain.runKeyword(KeywordMain.groovy:54)
	at com.kms.katalon.core.keyword.builtin.CallTestCaseKeyword.callTestCase(CallTestCaseKeyword.groovy:80)
	at com.kms.katalon.core.keyword.builtin.CallTestCaseKeyword.execute(CallTestCaseKeyword.groovy:44)
	at com.kms.katalon.core.keyword.internal.KeywordExecutor.executeKeywordForPlatform(KeywordExecutor.groovy:53)
	at com.kms.katalon.core.keyword.BuiltinKeywords.callTestCase(BuiltinKeywords.groovy:334)
	at More payment link and buy with google pay.run(More payment link and buy with google pay:56)
	at com.kms.katalon.core.main.ScriptEngine.run(ScriptEngine.java:194)
	at com.kms.katalon.core.main.ScriptEngine.runScriptAsRawText(ScriptEngine.java:119)
	at com.kms.katalon.core.main.TestCaseExecutor.runScript(TestCaseExecutor.java:328)
	at com.kms.katalon.core.main.TestCaseExecutor.doExecute(TestCaseExecutor.java:319)
	at com.kms.katalon.core.main.TestCaseExecutor.processExecutionPhase(TestCaseExecutor.java:298)
	at com.kms.katalon.core.main.TestCaseExecutor.accessMainPhase(TestCaseExecutor.java:290)
	at com.kms.katalon.core.main.TestCaseExecutor.execute(TestCaseExecutor.java:224)
	at com.kms.katalon.core.main.TestSuiteExecutor.accessTestCaseMainPhase(TestSuiteExecutor.java:129)
	at com.kms.katalon.core.main.TestSuiteExecutor.accessTestSuiteMainPhase(TestSuiteExecutor.java:112)
	at com.kms.katalon.core.main.TestSuiteExecutor.execute(TestSuiteExecutor.java:81)
	at com.kms.katalon.core.main.TestCaseMain.startTestSuite(TestCaseMain.java:149)
	at com.kms.katalon.core.main.TestCaseMain$startTestSuite$0.call(Unknown Source)
	at TempTestSuite1562786448509.run(TempTestSuite1562786448509.groovy:36)


2019-07-10 15:43:45 - [MESSAGE][FAILED] - Unable to call Test Case 'Test Cases/CALL- CUSTOMER INFO PAGE' (Root cause: com.kms.katalon.core.exception.StepFailedException: Call Test Case 'Test Cases/CALL- CUSTOMER INFO PAGE' failed)

2019-07-10 15:43:45 - [MESSAGE][FAILED] - callTestCase(findTestCase("CALL- CUSTOMER INFO PAGE"), [:], STOP_ON_FAILURE) FAILED.
Reason:
com.kms.katalon.core.exception.StepFailedException: Unable to select option by value 'United States' of object 'Object Repository/APOLLO- Desktop/Customer Information page/Country dropdown'  using regular expression (Root cause: org.openqa.selenium.ElementNotInteractableException: The command failed because the specified element is not pointer or keyboard interactable.
Build info: version: '3.7.1', revision: '8a0099a', time: '2017-11-06T21:07:36.161Z'
System info: host: 'sumans-MacBook-Pro.local', ip: 'fe80:0:0:0:47c:ca88:4245:b7a7%en0', os.name: 'Mac OS X', os.arch: 'x86_64', os.version: '10.13.6', java.version: '1.8.0_181'
Driver info: com.kms.katalon.selenium.driver.CRemoteWebDriver
Capabilities {acceptInsecureCerts: false, browserName: MicrosoftEdge, browserVersion: 44.18362.1.0, javascriptEnabled: true, pageLoadStrategy: normal, platform: WINDOWS, platformName: WINDOWS, proxy: Proxy(), setWindowRect: false, timeouts: {implicit: 0, pageLoad: 300000, script: 30000}}
Session ID: dc175ca6f0bae8aa1815498d1b820864b96b30a5)
	at com.kms.katalon.core.keyword.internal.KeywordMain.stepFailed(KeywordMain.groovy:36)
	at com.kms.katalon.core.webui.keyword.internal.WebUIKeywordMain.stepFailed(WebUIKeywordMain.groovy:65)
	at com.kms.katalon.core.webui.keyword.internal.WebUIKeywordMain.runKeyword(WebUIKeywordMain.groovy:27)
	at com.kms.katalon.core.webui.keyword.builtin.SelectOptionByValueKeyword.selectOptionByValue(SelectOptionByValueKeyword.groovy:99)
	at com.kms.katalon.core.webui.keyword.builtin.SelectOptionByValueKeyword.execute(SelectOptionByValueKeyword.groovy:71)
	at com.kms.katalon.core.keyword.internal.KeywordExecutor.executeKeywordForPlatform(KeywordExecutor.groovy:53)
	at com.kms.katalon.core.webui.keyword.WebUiBuiltInKeywords.selectOptionByValue(WebUiBuiltInKeywords.groovy:1138)
	at com.kms.katalon.core.webui.keyword.WebUiBuiltInKeywords$selectOptionByValue$9.call(Unknown Source)
	at CALL- CUSTOMER INFO PAGE.run(CALL- CUSTOMER INFO PAGE:39)
	at com.kms.katalon.core.main.ScriptEngine.run(ScriptEngine.java:194)
	at com.kms.katalon.core.main.ScriptEngine.runScriptAsRawText(ScriptEngine.java:119)
	at com.kms.katalon.core.main.TestCaseExecutor.runScript(TestCaseExecutor.java:328)
	at com.kms.katalon.core.main.TestCaseExecutor.doExecute(TestCaseExecutor.java:319)
	at com.kms.katalon.core.main.TestCaseExecutor.processExecutionPhase(TestCaseExecutor.java:298)
	at com.kms.katalon.core.main.TestCaseExecutor.accessMainPhase(TestCaseExecutor.java:290)
	at com.kms.katalon.core.main.TestCaseExecutor.execute(TestCaseExecutor.java:224)
	at com.kms.katalon.core.main.TestCaseMain.runTestCase(TestCaseMain.java:106)
	at com.kms.katalon.core.keyword.builtin.CallTestCaseKeyword$_callTestCase_closure1.doCall(CallTestCaseKeyword.groovy:59)
	at com.kms.katalon.core.keyword.builtin.CallTestCaseKeyword$_callTestCase_closure1.call(CallTestCaseKeyword.groovy)
	at com.kms.katalon.core.keyword.internal.KeywordMain.runKeyword(KeywordMain.groovy:54)
	at com.kms.katalon.core.keyword.builtin.CallTestCaseKeyword.callTestCase(CallTestCaseKeyword.groovy:80)
	at com.kms.katalon.core.keyword.builtin.CallTestCaseKeyword.execute(CallTestCaseKeyword.groovy:44)
	at com.kms.katalon.core.keyword.internal.KeywordExecutor.executeKeywordForPlatform(KeywordExecutor.groovy:53)
	at com.kms.katalon.core.keyword.BuiltinKeywords.callTestCase(BuiltinKeywords.groovy:334)
	at More payment link and buy with google pay.run(More payment link and buy with google pay:56)
	at com.kms.katalon.core.main.ScriptEngine.run(ScriptEngine.java:194)
	at com.kms.katalon.core.main.ScriptEngine.runScriptAsRawText(ScriptEngine.java:119)
	at com.kms.katalon.core.main.TestCaseExecutor.runScript(TestCaseExecutor.java:328)
	at com.kms.katalon.core.main.TestCaseExecutor.doExecute(TestCaseExecutor.java:319)
	at com.kms.katalon.core.main.TestCaseExecutor.processExecutionPhase(TestCaseExecutor.java:298)
	at com.kms.katalon.core.main.TestCaseExecutor.accessMainPhase(TestCaseExecutor.java:290)
	at com.kms.katalon.core.main.TestCaseExecutor.execute(TestCaseExecutor.java:224)
	at com.kms.katalon.core.main.TestSuiteExecutor.accessTestCaseMainPhase(TestSuiteExecutor.java:129)
	at com.kms.katalon.core.main.TestSuiteExecutor.accessTestSuiteMainPhase(TestSuiteExecutor.java:112)
	at com.kms.katalon.core.main.TestSuiteExecutor.execute(TestSuiteExecutor.java:81)
	at com.kms.katalon.core.main.TestCaseMain.startTestSuite(TestCaseMain.java:149)
	at com.kms.katalon.core.main.TestCaseMain$startTestSuite$0.call(Unknown Source)
	at TempTestSuite1562786448509.run(TempTestSuite1562786448509.groovy:36)]]></system-out>
         <system-err><![CDATA[2019-07-10 15:40:58 - [TEST_CASE][FAILED] - Test Cases/PRODUCT PAGE/More payment link and buy with google pay: Test Cases/PRODUCT PAGE/More payment link and buy with google pay FAILED.
Reason:
com.kms.katalon.core.exception.StepFailedException: Unable to select option by value 'United States' of object 'Object Repository/APOLLO- Desktop/Customer Information page/Country dropdown'  using regular expression (Root cause: org.openqa.selenium.ElementNotInteractableException: The command failed because the specified element is not pointer or keyboard interactable.
Build info: version: '3.7.1', revision: '8a0099a', time: '2017-11-06T21:07:36.161Z'
System info: host: 'sumans-MacBook-Pro.local', ip: 'fe80:0:0:0:47c:ca88:4245:b7a7%en0', os.name: 'Mac OS X', os.arch: 'x86_64', os.version: '10.13.6', java.version: '1.8.0_181'
Driver info: com.kms.katalon.selenium.driver.CRemoteWebDriver
Capabilities {acceptInsecureCerts: false, browserName: MicrosoftEdge, browserVersion: 44.18362.1.0, javascriptEnabled: true, pageLoadStrategy: normal, platform: WINDOWS, platformName: WINDOWS, proxy: Proxy(), setWindowRect: false, timeouts: {implicit: 0, pageLoad: 300000, script: 30000}}
Session ID: dc175ca6f0bae8aa1815498d1b820864b96b30a5)
	at com.kms.katalon.core.keyword.internal.KeywordMain.stepFailed(KeywordMain.groovy:36)
	at com.kms.katalon.core.webui.keyword.internal.WebUIKeywordMain.stepFailed(WebUIKeywordMain.groovy:65)
	at com.kms.katalon.core.webui.keyword.internal.WebUIKeywordMain.runKeyword(WebUIKeywordMain.groovy:27)
	at com.kms.katalon.core.webui.keyword.builtin.SelectOptionByValueKeyword.selectOptionByValue(SelectOptionByValueKeyword.groovy:99)
	at com.kms.katalon.core.webui.keyword.builtin.SelectOptionByValueKeyword.execute(SelectOptionByValueKeyword.groovy:71)
	at com.kms.katalon.core.keyword.internal.KeywordExecutor.executeKeywordForPlatform(KeywordExecutor.groovy:53)
	at com.kms.katalon.core.webui.keyword.WebUiBuiltInKeywords.selectOptionByValue(WebUiBuiltInKeywords.groovy:1138)
	at com.kms.katalon.core.webui.keyword.WebUiBuiltInKeywords$selectOptionByValue$9.call(Unknown Source)
	at CALL- CUSTOMER INFO PAGE.run(CALL- CUSTOMER INFO PAGE:39)
	at com.kms.katalon.core.main.ScriptEngine.run(ScriptEngine.java:194)
	at com.kms.katalon.core.main.ScriptEngine.runScriptAsRawText(ScriptEngine.java:119)
	at com.kms.katalon.core.main.TestCaseExecutor.runScript(TestCaseExecutor.java:328)
	at com.kms.katalon.core.main.TestCaseExecutor.doExecute(TestCaseExecutor.java:319)
	at com.kms.katalon.core.main.TestCaseExecutor.processExecutionPhase(TestCaseExecutor.java:298)
	at com.kms.katalon.core.main.TestCaseExecutor.accessMainPhase(TestCaseExecutor.java:290)
	at com.kms.katalon.core.main.TestCaseExecutor.execute(TestCaseExecutor.java:224)
	at com.kms.katalon.core.main.TestCaseMain.runTestCase(TestCaseMain.java:106)
	at com.kms.katalon.core.keyword.builtin.CallTestCaseKeyword$_callTestCase_closure1.doCall(CallTestCaseKeyword.groovy:59)
	at com.kms.katalon.core.keyword.builtin.CallTestCaseKeyword$_callTestCase_closure1.call(CallTestCaseKeyword.groovy)
	at com.kms.katalon.core.keyword.internal.KeywordMain.runKeyword(KeywordMain.groovy:54)
	at com.kms.katalon.core.keyword.builtin.CallTestCaseKeyword.callTestCase(CallTestCaseKeyword.groovy:80)
	at com.kms.katalon.core.keyword.builtin.CallTestCaseKeyword.execute(CallTestCaseKeyword.groovy:44)
	at com.kms.katalon.core.keyword.internal.KeywordExecutor.executeKeywordForPlatform(KeywordExecutor.groovy:53)
	at com.kms.katalon.core.keyword.BuiltinKeywords.callTestCase(BuiltinKeywords.groovy:334)
	at More payment link and buy with google pay.run(More payment link and buy with google pay:56)
	at com.kms.katalon.core.main.ScriptEngine.run(ScriptEngine.java:194)
	at com.kms.katalon.core.main.ScriptEngine.runScriptAsRawText(ScriptEngine.java:119)
	at com.kms.katalon.core.main.TestCaseExecutor.runScript(TestCaseExecutor.java:328)
	at com.kms.katalon.core.main.TestCaseExecutor.doExecute(TestCaseExecutor.java:319)
	at com.kms.katalon.core.main.TestCaseExecutor.processExecutionPhase(TestCaseExecutor.java:298)
	at com.kms.katalon.core.main.TestCaseExecutor.accessMainPhase(TestCaseExecutor.java:290)
	at com.kms.katalon.core.main.TestCaseExecutor.execute(TestCaseExecutor.java:224)
	at com.kms.katalon.core.main.TestSuiteExecutor.accessTestCaseMainPhase(TestSuiteExecutor.java:129)
	at com.kms.katalon.core.main.TestSuiteExecutor.accessTestSuiteMainPhase(TestSuiteExecutor.java:112)
	at com.kms.katalon.core.main.TestSuiteExecutor.execute(TestSuiteExecutor.java:81)
	at com.kms.katalon.core.main.TestCaseMain.startTestSuite(TestCaseMain.java:149)
	at com.kms.katalon.core.main.TestCaseMain$startTestSuite$0.call(Unknown Source)
	at TempTestSuite1562786448509.run(TempTestSuite1562786448509.groovy:36)]]></system-err>
      </testcase>
      <testcase name="Test Cases/PRODUCT PAGE/Product chevron dropdowns" classname="Test Cases/PRODUCT PAGE/Product chevron dropdowns" status="FAILED">
         <failure type="FAILED" message="Test Cases/PRODUCT PAGE/Product chevron dropdowns FAILED.
Reason:
com.kms.katalon.core.exception.StepFailedException: Unable to click on object 'Object Repository/APOLLO- Desktop/Product page/reviews chevron open' (Root cause: com.kms.katalon.core.webui.exception.WebElementNotFoundException: Web element with id: 'Object Repository/APOLLO- Desktop/Product page/reviews chevron open' located by 'By.xpath: //li[5]//label[1]' not found)
	at com.kms.katalon.core.keyword.internal.KeywordMain.stepFailed(KeywordMain.groovy:36)
	at com.kms.katalon.core.webui.keyword.internal.WebUIKeywordMain.stepFailed(WebUIKeywordMain.groovy:65)
	at com.kms.katalon.core.webui.keyword.internal.WebUIKeywordMain.runKeyword(WebUIKeywordMain.groovy:27)
	at com.kms.katalon.core.webui.keyword.builtin.ClickKeyword.click(ClickKeyword.groovy:86)
	at com.kms.katalon.core.webui.keyword.builtin.ClickKeyword.execute(ClickKeyword.groovy:67)
	at com.kms.katalon.core.keyword.internal.KeywordExecutor.executeKeywordForPlatform(KeywordExecutor.groovy:53)
	at com.kms.katalon.core.webui.keyword.WebUiBuiltInKeywords.click(WebUiBuiltInKeywords.groovy:616)
	at com.kms.katalon.core.webui.keyword.WebUiBuiltInKeywords$click$2.call(Unknown Source)
	at Product chevron dropdowns.run(Product chevron dropdowns:80)
	at com.kms.katalon.core.main.ScriptEngine.run(ScriptEngine.java:194)
	at com.kms.katalon.core.main.ScriptEngine.runScriptAsRawText(ScriptEngine.java:119)
	at com.kms.katalon.core.main.TestCaseExecutor.runScript(TestCaseExecutor.java:328)
	at com.kms.katalon.core.main.TestCaseExecutor.doExecute(TestCaseExecutor.java:319)
	at com.kms.katalon.core.main.TestCaseExecutor.processExecutionPhase(TestCaseExecutor.java:298)
	at com.kms.katalon.core.main.TestCaseExecutor.accessMainPhase(TestCaseExecutor.java:290)
	at com.kms.katalon.core.main.TestCaseExecutor.execute(TestCaseExecutor.java:224)
	at com.kms.katalon.core.main.TestSuiteExecutor.accessTestCaseMainPhase(TestSuiteExecutor.java:129)
	at com.kms.katalon.core.main.TestSuiteExecutor.accessTestSuiteMainPhase(TestSuiteExecutor.java:112)
	at com.kms.katalon.core.main.TestSuiteExecutor.execute(TestSuiteExecutor.java:81)
	at com.kms.katalon.core.main.TestCaseMain.startTestSuite(TestCaseMain.java:149)
	at com.kms.katalon.core.main.TestCaseMain$startTestSuite$0.call(Unknown Source)
	at TempTestSuite1562786448509.run(TempTestSuite1562786448509.groovy:36)
"/>
         <system-out><![CDATA[2019-07-10 15:43:45 - [TEST_CASE][FAILED] - Test Cases/PRODUCT PAGE/Product chevron dropdowns: Test Cases/PRODUCT PAGE/Product chevron dropdowns FAILED.
Reason:
com.kms.katalon.core.exception.StepFailedException: Unable to click on object 'Object Repository/APOLLO- Desktop/Product page/reviews chevron open' (Root cause: com.kms.katalon.core.webui.exception.WebElementNotFoundException: Web element with id: 'Object Repository/APOLLO- Desktop/Product page/reviews chevron open' located by 'By.xpath: //li[5]//label[1]' not found)
	at com.kms.katalon.core.keyword.internal.KeywordMain.stepFailed(KeywordMain.groovy:36)
	at com.kms.katalon.core.webui.keyword.internal.WebUIKeywordMain.stepFailed(WebUIKeywordMain.groovy:65)
	at com.kms.katalon.core.webui.keyword.internal.WebUIKeywordMain.runKeyword(WebUIKeywordMain.groovy:27)
	at com.kms.katalon.core.webui.keyword.builtin.ClickKeyword.click(ClickKeyword.groovy:86)
	at com.kms.katalon.core.webui.keyword.builtin.ClickKeyword.execute(ClickKeyword.groovy:67)
	at com.kms.katalon.core.keyword.internal.KeywordExecutor.executeKeywordForPlatform(KeywordExecutor.groovy:53)
	at com.kms.katalon.core.webui.keyword.WebUiBuiltInKeywords.click(WebUiBuiltInKeywords.groovy:616)
	at com.kms.katalon.core.webui.keyword.WebUiBuiltInKeywords$click$2.call(Unknown Source)
	at Product chevron dropdowns.run(Product chevron dropdowns:80)
	at com.kms.katalon.core.main.ScriptEngine.run(ScriptEngine.java:194)
	at com.kms.katalon.core.main.ScriptEngine.runScriptAsRawText(ScriptEngine.java:119)
	at com.kms.katalon.core.main.TestCaseExecutor.runScript(TestCaseExecutor.java:328)
	at com.kms.katalon.core.main.TestCaseExecutor.doExecute(TestCaseExecutor.java:319)
	at com.kms.katalon.core.main.TestCaseExecutor.processExecutionPhase(TestCaseExecutor.java:298)
	at com.kms.katalon.core.main.TestCaseExecutor.accessMainPhase(TestCaseExecutor.java:290)
	at com.kms.katalon.core.main.TestCaseExecutor.execute(TestCaseExecutor.java:224)
	at com.kms.katalon.core.main.TestSuiteExecutor.accessTestCaseMainPhase(TestSuiteExecutor.java:129)
	at com.kms.katalon.core.main.TestSuiteExecutor.accessTestSuiteMainPhase(TestSuiteExecutor.java:112)
	at com.kms.katalon.core.main.TestSuiteExecutor.execute(TestSuiteExecutor.java:81)
	at com.kms.katalon.core.main.TestCaseMain.startTestSuite(TestCaseMain.java:149)
	at com.kms.katalon.core.main.TestCaseMain$startTestSuite$0.call(Unknown Source)
	at TempTestSuite1562786448509.run(TempTestSuite1562786448509.groovy:36)


2019-07-10 15:43:45 - [TEST_STEP][PASSED] - callTestCase(findTestCase("CALL - URL"), [:], STOP_ON_FAILURE): Call Test Case 'Test Cases/CALL - URL' successfully

2019-07-10 15:43:45 - [TEST_CASE][PASSED] - Test Cases/CALL - URL: Test Cases/CALL - URL

2019-07-10 15:43:45 - [TEST_STEP][PASSED] - openBrowser(""): Browser is opened with url: ''

2019-07-10 15:43:45 - [MESSAGE][WARNING] - A browser is already opened. Closing browser and opening a new one

2019-07-10 15:43:46 - [MESSAGE][INFO] - Starting 'Remote' driver

2019-07-10 15:43:46 - [MESSAGE][INFO] - User set preference: ['os', 'Windows']

2019-07-10 15:43:46 - [MESSAGE][INFO] - User set preference: ['os_version', '10']

2019-07-10 15:43:46 - [MESSAGE][INFO] - User set preference: ['browser', 'Edge']

2019-07-10 15:43:46 - [MESSAGE][INFO] - User set preference: ['browser_version', '18.0']

2019-07-10 15:43:46 - [MESSAGE][INFO] - User set preference: ['resolution', '']

2019-07-10 15:43:46 - [MESSAGE][INFO] - Connecting to remote web server 'https://dianatest3:Z3oqw9ysqTeRQJq5wFCp@hub-cloud.browserstack.com/wd/hub' with type 'Selenium'

2019-07-10 15:43:59 - [MESSAGE][PASSED] - Browser is opened with url: ''

2019-07-10 15:43:59 - [TEST_STEP][PASSED] - navigateToUrl("https://diff-apollo.myshopify.com/?key=eec34184cfd8f82cda816f82753a8c8e9e240f30cf54470e19667b8cbb401948&preview_theme_id="): Navigate to 'https://diff-apollo.myshopify.com/?key=eec34184cfd8f82cda816f82753a8c8e9e240f30cf54470e19667b8cbb401948&preview_theme_id=' successfully

2019-07-10 15:44:03 - [MESSAGE][PASSED] - Navigate to 'https://diff-apollo.myshopify.com/?key=eec34184cfd8f82cda816f82753a8c8e9e240f30cf54470e19667b8cbb401948&preview_theme_id=' successfully

2019-07-10 15:44:03 - [TEST_STEP][NOT_RUN] - executeJavaScript("var previewBar = document.getElementById("preview-bar-iframe"); previewBar.style.display = "none";", []): NOT_RUN: executeJavaScript("var previewBar = document.getElementById("preview-bar-iframe"); previewBar.style.display = "none";", [])

2019-07-10 15:44:03 - [MESSAGE][NOT_RUN] - NOT_RUN: executeJavaScript("var previewBar = document.getElementById("preview-bar-iframe"); previewBar.style.display = "none";", [])

2019-07-10 15:44:03 - [TEST_STEP][PASSED] - maximizeWindow(): Current window maximized

2019-07-10 15:44:03 - [MESSAGE][PASSED] - Current window maximized

2019-07-10 15:44:03 - [MESSAGE][PASSED] - Call Test Case 'Test Cases/CALL - URL' successfully

2019-07-10 15:44:03 - [TEST_STEP][PASSED] - delay(2): Delayed 2 second(s)

2019-07-10 15:44:05 - [MESSAGE][PASSED] - Delayed 2 second(s)

2019-07-10 15:44:05 - [TEST_STEP][PASSED] - click(findTestObject("APOLLO- Desktop/Burger Menu/Burgermenu")): Object: 'Object Repository/APOLLO- Desktop/Burger Menu/Burgermenu' is clicked on

2019-07-10 15:44:09 - [MESSAGE][PASSED] - Object: 'Object Repository/APOLLO- Desktop/Burger Menu/Burgermenu' is clicked on

2019-07-10 15:44:09 - [TEST_STEP][PASSED] - delay(2): Delayed 2 second(s)

2019-07-10 15:44:11 - [MESSAGE][PASSED] - Delayed 2 second(s)

2019-07-10 15:44:11 - [TEST_STEP][PASSED] - click(findTestObject("APOLLO- Desktop/Burger Menu/Mens chevron")): Object: 'Object Repository/APOLLO- Desktop/Burger Menu/Mens chevron' is clicked on

2019-07-10 15:44:12 - [MESSAGE][PASSED] - Object: 'Object Repository/APOLLO- Desktop/Burger Menu/Mens chevron' is clicked on

2019-07-10 15:44:12 - [TEST_STEP][PASSED] - delay(2): Delayed 2 second(s)

2019-07-10 15:44:14 - [MESSAGE][PASSED] - Delayed 2 second(s)

2019-07-10 15:44:14 - [TEST_STEP][PASSED] - click(findTestObject("APOLLO- Desktop/Burger Menu/Mens - Top Chevron")): Object: 'Object Repository/APOLLO- Desktop/Burger Menu/Mens - Top Chevron' is clicked on

2019-07-10 15:44:14 - [MESSAGE][PASSED] - Object: 'Object Repository/APOLLO- Desktop/Burger Menu/Mens - Top Chevron' is clicked on

2019-07-10 15:44:14 - [TEST_STEP][PASSED] - delay(2): Delayed 2 second(s)

2019-07-10 15:44:16 - [MESSAGE][PASSED] - Delayed 2 second(s)

2019-07-10 15:44:16 - [TEST_STEP][PASSED] - click(findTestObject("APOLLO- Desktop/Burger Menu/Shirts link")): Object: 'Object Repository/APOLLO- Desktop/Burger Menu/Shirts link' is clicked on

2019-07-10 15:44:18 - [MESSAGE][PASSED] - Object: 'Object Repository/APOLLO- Desktop/Burger Menu/Shirts link' is clicked on

2019-07-10 15:44:18 - [TEST_STEP][NOT_RUN] - executeJavaScript("var previewBar = document.getElementById("preview-bar-iframe"); previewBar.style.display = "none";", []): NOT_RUN: executeJavaScript("var previewBar = document.getElementById("preview-bar-iframe"); previewBar.style.display = "none";", [])

2019-07-10 15:44:18 - [MESSAGE][NOT_RUN] - NOT_RUN: executeJavaScript("var previewBar = document.getElementById("preview-bar-iframe"); previewBar.style.display = "none";", [])

2019-07-10 15:44:18 - [TEST_STEP][PASSED] - delay(2): Delayed 2 second(s)

2019-07-10 15:44:20 - [MESSAGE][PASSED] - Delayed 2 second(s)

2019-07-10 15:44:20 - [TEST_STEP][PASSED] - click(findTestObject("APOLLO- Desktop/Collection page/Blue shirt product")): Object: 'Object Repository/APOLLO- Desktop/Collection page/Blue shirt product' is clicked on

2019-07-10 15:44:20 - [MESSAGE][PASSED] - Object: 'Object Repository/APOLLO- Desktop/Collection page/Blue shirt product' is clicked on

2019-07-10 15:44:20 - [TEST_STEP][PASSED] - delay(2): Delayed 2 second(s)

2019-07-10 15:44:22 - [MESSAGE][PASSED] - Delayed 2 second(s)

2019-07-10 15:44:22 - [TEST_STEP][NOT_RUN] - executeJavaScript("var previewBar = document.getElementById("preview-bar-iframe"); previewBar.style.display = "none";", []): NOT_RUN: executeJavaScript("var previewBar = document.getElementById("preview-bar-iframe"); previewBar.style.display = "none";", [])

2019-07-10 15:44:22 - [MESSAGE][NOT_RUN] - NOT_RUN: executeJavaScript("var previewBar = document.getElementById("preview-bar-iframe"); previewBar.style.display = "none";", [])

2019-07-10 15:44:22 - [TEST_STEP][PASSED] - delay(2): Delayed 2 second(s)

2019-07-10 15:44:24 - [MESSAGE][PASSED] - Delayed 2 second(s)

2019-07-10 15:44:24 - [TEST_STEP][PASSED] - click(findTestObject("APOLLO- Desktop/Product page/Details chevron open")): Object: 'Object Repository/APOLLO- Desktop/Product page/Details chevron open' is clicked on

2019-07-10 15:44:25 - [MESSAGE][PASSED] - Object: 'Object Repository/APOLLO- Desktop/Product page/Details chevron open' is clicked on

2019-07-10 15:44:25 - [TEST_STEP][PASSED] - delay(2): Delayed 2 second(s)

2019-07-10 15:44:27 - [MESSAGE][PASSED] - Delayed 2 second(s)

2019-07-10 15:44:27 - [TEST_STEP][PASSED] - click(findTestObject("APOLLO- Desktop/Product page/Details chevron close")): Object: 'Object Repository/APOLLO- Desktop/Product page/Details chevron close' is clicked on

2019-07-10 15:44:27 - [MESSAGE][PASSED] - Object: 'Object Repository/APOLLO- Desktop/Product page/Details chevron close' is clicked on

2019-07-10 15:44:27 - [TEST_STEP][PASSED] - delay(2): Delayed 2 second(s)

2019-07-10 15:44:29 - [MESSAGE][PASSED] - Delayed 2 second(s)

2019-07-10 15:44:29 - [TEST_STEP][PASSED] - click(findTestObject("APOLLO- Desktop/Product page/Type chevron open")): Object: 'Object Repository/APOLLO- Desktop/Product page/Type chevron open' is clicked on

2019-07-10 15:44:30 - [MESSAGE][PASSED] - Object: 'Object Repository/APOLLO- Desktop/Product page/Type chevron open' is clicked on

2019-07-10 15:44:30 - [TEST_STEP][PASSED] - delay(2): Delayed 2 second(s)

2019-07-10 15:44:32 - [MESSAGE][PASSED] - Delayed 2 second(s)

2019-07-10 15:44:32 - [TEST_STEP][PASSED] - click(findTestObject("APOLLO- Desktop/Product page/Type chevron close")): Object: 'Object Repository/APOLLO- Desktop/Product page/Type chevron close' is clicked on

2019-07-10 15:44:33 - [MESSAGE][PASSED] - Object: 'Object Repository/APOLLO- Desktop/Product page/Type chevron close' is clicked on

2019-07-10 15:44:33 - [TEST_STEP][PASSED] - delay(2): Delayed 2 second(s)

2019-07-10 15:44:35 - [MESSAGE][PASSED] - Delayed 2 second(s)

2019-07-10 15:44:35 - [TEST_STEP][PASSED] - click(findTestObject("APOLLO- Desktop/Product page/Brand chevron open")): Object: 'Object Repository/APOLLO- Desktop/Product page/Brand chevron open' is clicked on

2019-07-10 15:44:35 - [MESSAGE][PASSED] - Object: 'Object Repository/APOLLO- Desktop/Product page/Brand chevron open' is clicked on

2019-07-10 15:44:35 - [TEST_STEP][PASSED] - delay(2): Delayed 2 second(s)

2019-07-10 15:44:37 - [MESSAGE][PASSED] - Delayed 2 second(s)

2019-07-10 15:44:37 - [TEST_STEP][PASSED] - click(findTestObject("APOLLO- Desktop/Product page/Brand chevron close")): Object: 'Object Repository/APOLLO- Desktop/Product page/Brand chevron close' is clicked on

2019-07-10 15:44:38 - [MESSAGE][PASSED] - Object: 'Object Repository/APOLLO- Desktop/Product page/Brand chevron close' is clicked on

2019-07-10 15:44:38 - [TEST_STEP][PASSED] - delay(2): Delayed 2 second(s)

2019-07-10 15:44:40 - [MESSAGE][PASSED] - Delayed 2 second(s)

2019-07-10 15:44:40 - [TEST_STEP][PASSED] - click(findTestObject("APOLLO- Desktop/Product page/Shipping chevron open")): Object: 'Object Repository/APOLLO- Desktop/Product page/Shipping chevron open' is clicked on

2019-07-10 15:44:40 - [MESSAGE][PASSED] - Object: 'Object Repository/APOLLO- Desktop/Product page/Shipping chevron open' is clicked on

2019-07-10 15:44:40 - [TEST_STEP][PASSED] - delay(2): Delayed 2 second(s)

2019-07-10 15:44:42 - [MESSAGE][PASSED] - Delayed 2 second(s)

2019-07-10 15:44:42 - [TEST_STEP][PASSED] - click(findTestObject("APOLLO- Desktop/Product page/Shipping chevron close")): Object: 'Object Repository/APOLLO- Desktop/Product page/Shipping chevron close' is clicked on

2019-07-10 15:44:43 - [MESSAGE][PASSED] - Object: 'Object Repository/APOLLO- Desktop/Product page/Shipping chevron close' is clicked on

2019-07-10 15:44:43 - [TEST_STEP][PASSED] - delay(2): Delayed 2 second(s)

2019-07-10 15:44:45 - [MESSAGE][PASSED] - Delayed 2 second(s)

2019-07-10 15:44:45 - [TEST_STEP][FAILED] - click(findTestObject("APOLLO- Desktop/Product page/reviews chevron open")): click(findTestObject("APOLLO- Desktop/Product page/reviews chevron open")) FAILED.
Reason:
com.kms.katalon.core.exception.StepFailedException: Unable to click on object 'Object Repository/APOLLO- Desktop/Product page/reviews chevron open' (Root cause: com.kms.katalon.core.webui.exception.WebElementNotFoundException: Web element with id: 'Object Repository/APOLLO- Desktop/Product page/reviews chevron open' located by 'By.xpath: //li[5]//label[1]' not found)
	at com.kms.katalon.core.keyword.internal.KeywordMain.stepFailed(KeywordMain.groovy:36)
	at com.kms.katalon.core.webui.keyword.internal.WebUIKeywordMain.stepFailed(WebUIKeywordMain.groovy:65)
	at com.kms.katalon.core.webui.keyword.internal.WebUIKeywordMain.runKeyword(WebUIKeywordMain.groovy:27)
	at com.kms.katalon.core.webui.keyword.builtin.ClickKeyword.click(ClickKeyword.groovy:86)
	at com.kms.katalon.core.webui.keyword.builtin.ClickKeyword.execute(ClickKeyword.groovy:67)
	at com.kms.katalon.core.keyword.internal.KeywordExecutor.executeKeywordForPlatform(KeywordExecutor.groovy:53)
	at com.kms.katalon.core.webui.keyword.WebUiBuiltInKeywords.click(WebUiBuiltInKeywords.groovy:616)
	at com.kms.katalon.core.webui.keyword.WebUiBuiltInKeywords$click$2.call(Unknown Source)
	at Product chevron dropdowns.run(Product chevron dropdowns:80)
	at com.kms.katalon.core.main.ScriptEngine.run(ScriptEngine.java:194)
	at com.kms.katalon.core.main.ScriptEngine.runScriptAsRawText(ScriptEngine.java:119)
	at com.kms.katalon.core.main.TestCaseExecutor.runScript(TestCaseExecutor.java:328)
	at com.kms.katalon.core.main.TestCaseExecutor.doExecute(TestCaseExecutor.java:319)
	at com.kms.katalon.core.main.TestCaseExecutor.processExecutionPhase(TestCaseExecutor.java:298)
	at com.kms.katalon.core.main.TestCaseExecutor.accessMainPhase(TestCaseExecutor.java:290)
	at com.kms.katalon.core.main.TestCaseExecutor.execute(TestCaseExecutor.java:224)
	at com.kms.katalon.core.main.TestSuiteExecutor.accessTestCaseMainPhase(TestSuiteExecutor.java:129)
	at com.kms.katalon.core.main.TestSuiteExecutor.accessTestSuiteMainPhase(TestSuiteExecutor.java:112)
	at com.kms.katalon.core.main.TestSuiteExecutor.execute(TestSuiteExecutor.java:81)
	at com.kms.katalon.core.main.TestCaseMain.startTestSuite(TestCaseMain.java:149)
	at com.kms.katalon.core.main.TestCaseMain$startTestSuite$0.call(Unknown Source)
	at TempTestSuite1562786448509.run(TempTestSuite1562786448509.groovy:36)


2019-07-10 15:45:38 - [MESSAGE][INFO] - Unable to find the element located by 'By.xpath: //li[5]//label[1]'. Please recheck the objects properties to make sure the desired element is located. 

2019-07-10 15:45:38 - [MESSAGE][FAILED] - Unable to click on object 'Object Repository/APOLLO- Desktop/Product page/reviews chevron open' (Root cause: com.kms.katalon.core.webui.exception.WebElementNotFoundException: Web element with id: 'Object Repository/APOLLO- Desktop/Product page/reviews chevron open' located by 'By.xpath: //li[5]//label[1]' not found)
[[ATTACHMENT|/Users/sumankompelly/git/Apollo-Dark-Desktop/Reports/Apollo - dark build/20190710_152048/1562787938159.png]]

2019-07-10 15:45:38 - [MESSAGE][FAILED] - click(findTestObject("APOLLO- Desktop/Product page/reviews chevron open")) FAILED.
Reason:
com.kms.katalon.core.exception.StepFailedException: Unable to click on object 'Object Repository/APOLLO- Desktop/Product page/reviews chevron open' (Root cause: com.kms.katalon.core.webui.exception.WebElementNotFoundException: Web element with id: 'Object Repository/APOLLO- Desktop/Product page/reviews chevron open' located by 'By.xpath: //li[5]//label[1]' not found)
	at com.kms.katalon.core.keyword.internal.KeywordMain.stepFailed(KeywordMain.groovy:36)
	at com.kms.katalon.core.webui.keyword.internal.WebUIKeywordMain.stepFailed(WebUIKeywordMain.groovy:65)
	at com.kms.katalon.core.webui.keyword.internal.WebUIKeywordMain.runKeyword(WebUIKeywordMain.groovy:27)
	at com.kms.katalon.core.webui.keyword.builtin.ClickKeyword.click(ClickKeyword.groovy:86)
	at com.kms.katalon.core.webui.keyword.builtin.ClickKeyword.execute(ClickKeyword.groovy:67)
	at com.kms.katalon.core.keyword.internal.KeywordExecutor.executeKeywordForPlatform(KeywordExecutor.groovy:53)
	at com.kms.katalon.core.webui.keyword.WebUiBuiltInKeywords.click(WebUiBuiltInKeywords.groovy:616)
	at com.kms.katalon.core.webui.keyword.WebUiBuiltInKeywords$click$2.call(Unknown Source)
	at Product chevron dropdowns.run(Product chevron dropdowns:80)
	at com.kms.katalon.core.main.ScriptEngine.run(ScriptEngine.java:194)
	at com.kms.katalon.core.main.ScriptEngine.runScriptAsRawText(ScriptEngine.java:119)
	at com.kms.katalon.core.main.TestCaseExecutor.runScript(TestCaseExecutor.java:328)
	at com.kms.katalon.core.main.TestCaseExecutor.doExecute(TestCaseExecutor.java:319)
	at com.kms.katalon.core.main.TestCaseExecutor.processExecutionPhase(TestCaseExecutor.java:298)
	at com.kms.katalon.core.main.TestCaseExecutor.accessMainPhase(TestCaseExecutor.java:290)
	at com.kms.katalon.core.main.TestCaseExecutor.execute(TestCaseExecutor.java:224)
	at com.kms.katalon.core.main.TestSuiteExecutor.accessTestCaseMainPhase(TestSuiteExecutor.java:129)
	at com.kms.katalon.core.main.TestSuiteExecutor.accessTestSuiteMainPhase(TestSuiteExecutor.java:112)
	at com.kms.katalon.core.main.TestSuiteExecutor.execute(TestSuiteExecutor.java:81)
	at com.kms.katalon.core.main.TestCaseMain.startTestSuite(TestCaseMain.java:149)
	at com.kms.katalon.core.main.TestCaseMain$startTestSuite$0.call(Unknown Source)
	at TempTestSuite1562786448509.run(TempTestSuite1562786448509.groovy:36)]]></system-out>
         <system-err><![CDATA[2019-07-10 15:43:45 - [TEST_CASE][FAILED] - Test Cases/PRODUCT PAGE/Product chevron dropdowns: Test Cases/PRODUCT PAGE/Product chevron dropdowns FAILED.
Reason:
com.kms.katalon.core.exception.StepFailedException: Unable to click on object 'Object Repository/APOLLO- Desktop/Product page/reviews chevron open' (Root cause: com.kms.katalon.core.webui.exception.WebElementNotFoundException: Web element with id: 'Object Repository/APOLLO- Desktop/Product page/reviews chevron open' located by 'By.xpath: //li[5]//label[1]' not found)
	at com.kms.katalon.core.keyword.internal.KeywordMain.stepFailed(KeywordMain.groovy:36)
	at com.kms.katalon.core.webui.keyword.internal.WebUIKeywordMain.stepFailed(WebUIKeywordMain.groovy:65)
	at com.kms.katalon.core.webui.keyword.internal.WebUIKeywordMain.runKeyword(WebUIKeywordMain.groovy:27)
	at com.kms.katalon.core.webui.keyword.builtin.ClickKeyword.click(ClickKeyword.groovy:86)
	at com.kms.katalon.core.webui.keyword.builtin.ClickKeyword.execute(ClickKeyword.groovy:67)
	at com.kms.katalon.core.keyword.internal.KeywordExecutor.executeKeywordForPlatform(KeywordExecutor.groovy:53)
	at com.kms.katalon.core.webui.keyword.WebUiBuiltInKeywords.click(WebUiBuiltInKeywords.groovy:616)
	at com.kms.katalon.core.webui.keyword.WebUiBuiltInKeywords$click$2.call(Unknown Source)
	at Product chevron dropdowns.run(Product chevron dropdowns:80)
	at com.kms.katalon.core.main.ScriptEngine.run(ScriptEngine.java:194)
	at com.kms.katalon.core.main.ScriptEngine.runScriptAsRawText(ScriptEngine.java:119)
	at com.kms.katalon.core.main.TestCaseExecutor.runScript(TestCaseExecutor.java:328)
	at com.kms.katalon.core.main.TestCaseExecutor.doExecute(TestCaseExecutor.java:319)
	at com.kms.katalon.core.main.TestCaseExecutor.processExecutionPhase(TestCaseExecutor.java:298)
	at com.kms.katalon.core.main.TestCaseExecutor.accessMainPhase(TestCaseExecutor.java:290)
	at com.kms.katalon.core.main.TestCaseExecutor.execute(TestCaseExecutor.java:224)
	at com.kms.katalon.core.main.TestSuiteExecutor.accessTestCaseMainPhase(TestSuiteExecutor.java:129)
	at com.kms.katalon.core.main.TestSuiteExecutor.accessTestSuiteMainPhase(TestSuiteExecutor.java:112)
	at com.kms.katalon.core.main.TestSuiteExecutor.execute(TestSuiteExecutor.java:81)
	at com.kms.katalon.core.main.TestCaseMain.startTestSuite(TestCaseMain.java:149)
	at com.kms.katalon.core.main.TestCaseMain$startTestSuite$0.call(Unknown Source)
	at TempTestSuite1562786448509.run(TempTestSuite1562786448509.groovy:36)]]></system-err>
      </testcase>
      <testcase name="Test Cases/PRODUCT PAGE/You might also like" classname="Test Cases/PRODUCT PAGE/You might also like" status="FAILED">
         <failure type="FAILED" message="Test Cases/PRODUCT PAGE/You might also like FAILED.
Reason:
com.kms.katalon.core.exception.StepFailedException: Unable to select option by value 'United States' of object 'Object Repository/APOLLO- Desktop/Customer Information page/Country dropdown'  using regular expression (Root cause: org.openqa.selenium.ElementNotInteractableException: The command failed because the specified element is not pointer or keyboard interactable.
Build info: version: '3.7.1', revision: '8a0099a', time: '2017-11-06T21:07:36.161Z'
System info: host: 'sumans-MacBook-Pro.local', ip: 'fe80:0:0:0:47c:ca88:4245:b7a7%en0', os.name: 'Mac OS X', os.arch: 'x86_64', os.version: '10.13.6', java.version: '1.8.0_181'
Driver info: com.kms.katalon.selenium.driver.CRemoteWebDriver
Capabilities {acceptInsecureCerts: false, browserName: MicrosoftEdge, browserVersion: 44.18362.1.0, javascriptEnabled: true, pageLoadStrategy: normal, platform: WINDOWS, platformName: WINDOWS, proxy: Proxy(), setWindowRect: false, timeouts: {implicit: 0, pageLoad: 300000, script: 30000}}
Session ID: e1b7893a6031914519d68d3e57d202e249104fb3)
	at com.kms.katalon.core.keyword.internal.KeywordMain.stepFailed(KeywordMain.groovy:36)
	at com.kms.katalon.core.webui.keyword.internal.WebUIKeywordMain.stepFailed(WebUIKeywordMain.groovy:65)
	at com.kms.katalon.core.webui.keyword.internal.WebUIKeywordMain.runKeyword(WebUIKeywordMain.groovy:27)
	at com.kms.katalon.core.webui.keyword.builtin.SelectOptionByValueKeyword.selectOptionByValue(SelectOptionByValueKeyword.groovy:99)
	at com.kms.katalon.core.webui.keyword.builtin.SelectOptionByValueKeyword.execute(SelectOptionByValueKeyword.groovy:71)
	at com.kms.katalon.core.keyword.internal.KeywordExecutor.executeKeywordForPlatform(KeywordExecutor.groovy:53)
	at com.kms.katalon.core.webui.keyword.WebUiBuiltInKeywords.selectOptionByValue(WebUiBuiltInKeywords.groovy:1138)
	at com.kms.katalon.core.webui.keyword.WebUiBuiltInKeywords$selectOptionByValue$9.call(Unknown Source)
	at CALL- CUSTOMER INFO PAGE.run(CALL- CUSTOMER INFO PAGE:39)
	at com.kms.katalon.core.main.ScriptEngine.run(ScriptEngine.java:194)
	at com.kms.katalon.core.main.ScriptEngine.runScriptAsRawText(ScriptEngine.java:119)
	at com.kms.katalon.core.main.TestCaseExecutor.runScript(TestCaseExecutor.java:328)
	at com.kms.katalon.core.main.TestCaseExecutor.doExecute(TestCaseExecutor.java:319)
	at com.kms.katalon.core.main.TestCaseExecutor.processExecutionPhase(TestCaseExecutor.java:298)
	at com.kms.katalon.core.main.TestCaseExecutor.accessMainPhase(TestCaseExecutor.java:290)
	at com.kms.katalon.core.main.TestCaseExecutor.execute(TestCaseExecutor.java:224)
	at com.kms.katalon.core.main.TestCaseMain.runTestCase(TestCaseMain.java:106)
	at com.kms.katalon.core.keyword.builtin.CallTestCaseKeyword$_callTestCase_closure1.doCall(CallTestCaseKeyword.groovy:59)
	at com.kms.katalon.core.keyword.builtin.CallTestCaseKeyword$_callTestCase_closure1.call(CallTestCaseKeyword.groovy)
	at com.kms.katalon.core.keyword.internal.KeywordMain.runKeyword(KeywordMain.groovy:54)
	at com.kms.katalon.core.keyword.builtin.CallTestCaseKeyword.callTestCase(CallTestCaseKeyword.groovy:80)
	at com.kms.katalon.core.keyword.builtin.CallTestCaseKeyword.execute(CallTestCaseKeyword.groovy:44)
	at com.kms.katalon.core.keyword.internal.KeywordExecutor.executeKeywordForPlatform(KeywordExecutor.groovy:53)
	at com.kms.katalon.core.keyword.BuiltinKeywords.callTestCase(BuiltinKeywords.groovy:334)
	at You might also like.run(You might also like:73)
	at com.kms.katalon.core.main.ScriptEngine.run(ScriptEngine.java:194)
	at com.kms.katalon.core.main.ScriptEngine.runScriptAsRawText(ScriptEngine.java:119)
	at com.kms.katalon.core.main.TestCaseExecutor.runScript(TestCaseExecutor.java:328)
	at com.kms.katalon.core.main.TestCaseExecutor.doExecute(TestCaseExecutor.java:319)
	at com.kms.katalon.core.main.TestCaseExecutor.processExecutionPhase(TestCaseExecutor.java:298)
	at com.kms.katalon.core.main.TestCaseExecutor.accessMainPhase(TestCaseExecutor.java:290)
	at com.kms.katalon.core.main.TestCaseExecutor.execute(TestCaseExecutor.java:224)
	at com.kms.katalon.core.main.TestSuiteExecutor.accessTestCaseMainPhase(TestSuiteExecutor.java:129)
	at com.kms.katalon.core.main.TestSuiteExecutor.accessTestSuiteMainPhase(TestSuiteExecutor.java:112)
	at com.kms.katalon.core.main.TestSuiteExecutor.execute(TestSuiteExecutor.java:81)
	at com.kms.katalon.core.main.TestCaseMain.startTestSuite(TestCaseMain.java:149)
	at com.kms.katalon.core.main.TestCaseMain$startTestSuite$0.call(Unknown Source)
	at TempTestSuite1562786448509.run(TempTestSuite1562786448509.groovy:36)
"/>
         <system-out><![CDATA[2019-07-10 15:45:38 - [TEST_CASE][FAILED] - Test Cases/PRODUCT PAGE/You might also like: Test Cases/PRODUCT PAGE/You might also like FAILED.
Reason:
com.kms.katalon.core.exception.StepFailedException: Unable to select option by value 'United States' of object 'Object Repository/APOLLO- Desktop/Customer Information page/Country dropdown'  using regular expression (Root cause: org.openqa.selenium.ElementNotInteractableException: The command failed because the specified element is not pointer or keyboard interactable.
Build info: version: '3.7.1', revision: '8a0099a', time: '2017-11-06T21:07:36.161Z'
System info: host: 'sumans-MacBook-Pro.local', ip: 'fe80:0:0:0:47c:ca88:4245:b7a7%en0', os.name: 'Mac OS X', os.arch: 'x86_64', os.version: '10.13.6', java.version: '1.8.0_181'
Driver info: com.kms.katalon.selenium.driver.CRemoteWebDriver
Capabilities {acceptInsecureCerts: false, browserName: MicrosoftEdge, browserVersion: 44.18362.1.0, javascriptEnabled: true, pageLoadStrategy: normal, platform: WINDOWS, platformName: WINDOWS, proxy: Proxy(), setWindowRect: false, timeouts: {implicit: 0, pageLoad: 300000, script: 30000}}
Session ID: e1b7893a6031914519d68d3e57d202e249104fb3)
	at com.kms.katalon.core.keyword.internal.KeywordMain.stepFailed(KeywordMain.groovy:36)
	at com.kms.katalon.core.webui.keyword.internal.WebUIKeywordMain.stepFailed(WebUIKeywordMain.groovy:65)
	at com.kms.katalon.core.webui.keyword.internal.WebUIKeywordMain.runKeyword(WebUIKeywordMain.groovy:27)
	at com.kms.katalon.core.webui.keyword.builtin.SelectOptionByValueKeyword.selectOptionByValue(SelectOptionByValueKeyword.groovy:99)
	at com.kms.katalon.core.webui.keyword.builtin.SelectOptionByValueKeyword.execute(SelectOptionByValueKeyword.groovy:71)
	at com.kms.katalon.core.keyword.internal.KeywordExecutor.executeKeywordForPlatform(KeywordExecutor.groovy:53)
	at com.kms.katalon.core.webui.keyword.WebUiBuiltInKeywords.selectOptionByValue(WebUiBuiltInKeywords.groovy:1138)
	at com.kms.katalon.core.webui.keyword.WebUiBuiltInKeywords$selectOptionByValue$9.call(Unknown Source)
	at CALL- CUSTOMER INFO PAGE.run(CALL- CUSTOMER INFO PAGE:39)
	at com.kms.katalon.core.main.ScriptEngine.run(ScriptEngine.java:194)
	at com.kms.katalon.core.main.ScriptEngine.runScriptAsRawText(ScriptEngine.java:119)
	at com.kms.katalon.core.main.TestCaseExecutor.runScript(TestCaseExecutor.java:328)
	at com.kms.katalon.core.main.TestCaseExecutor.doExecute(TestCaseExecutor.java:319)
	at com.kms.katalon.core.main.TestCaseExecutor.processExecutionPhase(TestCaseExecutor.java:298)
	at com.kms.katalon.core.main.TestCaseExecutor.accessMainPhase(TestCaseExecutor.java:290)
	at com.kms.katalon.core.main.TestCaseExecutor.execute(TestCaseExecutor.java:224)
	at com.kms.katalon.core.main.TestCaseMain.runTestCase(TestCaseMain.java:106)
	at com.kms.katalon.core.keyword.builtin.CallTestCaseKeyword$_callTestCase_closure1.doCall(CallTestCaseKeyword.groovy:59)
	at com.kms.katalon.core.keyword.builtin.CallTestCaseKeyword$_callTestCase_closure1.call(CallTestCaseKeyword.groovy)
	at com.kms.katalon.core.keyword.internal.KeywordMain.runKeyword(KeywordMain.groovy:54)
	at com.kms.katalon.core.keyword.builtin.CallTestCaseKeyword.callTestCase(CallTestCaseKeyword.groovy:80)
	at com.kms.katalon.core.keyword.builtin.CallTestCaseKeyword.execute(CallTestCaseKeyword.groovy:44)
	at com.kms.katalon.core.keyword.internal.KeywordExecutor.executeKeywordForPlatform(KeywordExecutor.groovy:53)
	at com.kms.katalon.core.keyword.BuiltinKeywords.callTestCase(BuiltinKeywords.groovy:334)
	at You might also like.run(You might also like:73)
	at com.kms.katalon.core.main.ScriptEngine.run(ScriptEngine.java:194)
	at com.kms.katalon.core.main.ScriptEngine.runScriptAsRawText(ScriptEngine.java:119)
	at com.kms.katalon.core.main.TestCaseExecutor.runScript(TestCaseExecutor.java:328)
	at com.kms.katalon.core.main.TestCaseExecutor.doExecute(TestCaseExecutor.java:319)
	at com.kms.katalon.core.main.TestCaseExecutor.processExecutionPhase(TestCaseExecutor.java:298)
	at com.kms.katalon.core.main.TestCaseExecutor.accessMainPhase(TestCaseExecutor.java:290)
	at com.kms.katalon.core.main.TestCaseExecutor.execute(TestCaseExecutor.java:224)
	at com.kms.katalon.core.main.TestSuiteExecutor.accessTestCaseMainPhase(TestSuiteExecutor.java:129)
	at com.kms.katalon.core.main.TestSuiteExecutor.accessTestSuiteMainPhase(TestSuiteExecutor.java:112)
	at com.kms.katalon.core.main.TestSuiteExecutor.execute(TestSuiteExecutor.java:81)
	at com.kms.katalon.core.main.TestCaseMain.startTestSuite(TestCaseMain.java:149)
	at com.kms.katalon.core.main.TestCaseMain$startTestSuite$0.call(Unknown Source)
	at TempTestSuite1562786448509.run(TempTestSuite1562786448509.groovy:36)


2019-07-10 15:45:38 - [TEST_STEP][PASSED] - callTestCase(findTestCase("CALL - URL"), [:], STOP_ON_FAILURE): Call Test Case 'Test Cases/CALL - URL' successfully

2019-07-10 15:45:39 - [TEST_CASE][PASSED] - Test Cases/CALL - URL: Test Cases/CALL - URL

2019-07-10 15:45:39 - [TEST_STEP][PASSED] - openBrowser(""): Browser is opened with url: ''

2019-07-10 15:45:39 - [MESSAGE][WARNING] - A browser is already opened. Closing browser and opening a new one

2019-07-10 15:45:42 - [MESSAGE][INFO] - Starting 'Remote' driver

2019-07-10 15:45:42 - [MESSAGE][INFO] - User set preference: ['os', 'Windows']

2019-07-10 15:45:42 - [MESSAGE][INFO] - User set preference: ['os_version', '10']

2019-07-10 15:45:42 - [MESSAGE][INFO] - User set preference: ['browser', 'Edge']

2019-07-10 15:45:42 - [MESSAGE][INFO] - User set preference: ['browser_version', '18.0']

2019-07-10 15:45:42 - [MESSAGE][INFO] - User set preference: ['resolution', '']

2019-07-10 15:45:42 - [MESSAGE][INFO] - Connecting to remote web server 'https://dianatest3:Z3oqw9ysqTeRQJq5wFCp@hub-cloud.browserstack.com/wd/hub' with type 'Selenium'

2019-07-10 15:45:57 - [MESSAGE][PASSED] - Browser is opened with url: ''

2019-07-10 15:45:57 - [TEST_STEP][PASSED] - navigateToUrl("https://diff-apollo.myshopify.com/?key=eec34184cfd8f82cda816f82753a8c8e9e240f30cf54470e19667b8cbb401948&preview_theme_id="): Navigate to 'https://diff-apollo.myshopify.com/?key=eec34184cfd8f82cda816f82753a8c8e9e240f30cf54470e19667b8cbb401948&preview_theme_id=' successfully

2019-07-10 15:46:05 - [MESSAGE][PASSED] - Navigate to 'https://diff-apollo.myshopify.com/?key=eec34184cfd8f82cda816f82753a8c8e9e240f30cf54470e19667b8cbb401948&preview_theme_id=' successfully

2019-07-10 15:46:05 - [TEST_STEP][NOT_RUN] - executeJavaScript("var previewBar = document.getElementById("preview-bar-iframe"); previewBar.style.display = "none";", []): NOT_RUN: executeJavaScript("var previewBar = document.getElementById("preview-bar-iframe"); previewBar.style.display = "none";", [])

2019-07-10 15:46:05 - [MESSAGE][NOT_RUN] - NOT_RUN: executeJavaScript("var previewBar = document.getElementById("preview-bar-iframe"); previewBar.style.display = "none";", [])

2019-07-10 15:46:05 - [TEST_STEP][PASSED] - maximizeWindow(): Current window maximized

2019-07-10 15:46:06 - [MESSAGE][PASSED] - Current window maximized

2019-07-10 15:46:06 - [MESSAGE][PASSED] - Call Test Case 'Test Cases/CALL - URL' successfully

2019-07-10 15:46:06 - [TEST_STEP][PASSED] - delay(2): Delayed 2 second(s)

2019-07-10 15:46:08 - [MESSAGE][PASSED] - Delayed 2 second(s)

2019-07-10 15:46:08 - [TEST_STEP][PASSED] - click(findTestObject("APOLLO- Desktop/Burger Menu/Burgermenu")): Object: 'Object Repository/APOLLO- Desktop/Burger Menu/Burgermenu' is clicked on

2019-07-10 15:46:09 - [MESSAGE][PASSED] - Object: 'Object Repository/APOLLO- Desktop/Burger Menu/Burgermenu' is clicked on

2019-07-10 15:46:09 - [TEST_STEP][PASSED] - delay(2): Delayed 2 second(s)

2019-07-10 15:46:11 - [MESSAGE][PASSED] - Delayed 2 second(s)

2019-07-10 15:46:11 - [TEST_STEP][PASSED] - click(findTestObject("APOLLO- Desktop/Burger Menu/Mens chevron")): Object: 'Object Repository/APOLLO- Desktop/Burger Menu/Mens chevron' is clicked on

2019-07-10 15:46:13 - [MESSAGE][PASSED] - Object: 'Object Repository/APOLLO- Desktop/Burger Menu/Mens chevron' is clicked on

2019-07-10 15:46:13 - [TEST_STEP][PASSED] - delay(2): Delayed 2 second(s)

2019-07-10 15:46:15 - [MESSAGE][PASSED] - Delayed 2 second(s)

2019-07-10 15:46:15 - [TEST_STEP][PASSED] - click(findTestObject("APOLLO- Desktop/Burger Menu/Mens - Top Chevron")): Object: 'Object Repository/APOLLO- Desktop/Burger Menu/Mens - Top Chevron' is clicked on

2019-07-10 15:46:16 - [MESSAGE][PASSED] - Object: 'Object Repository/APOLLO- Desktop/Burger Menu/Mens - Top Chevron' is clicked on

2019-07-10 15:46:16 - [TEST_STEP][PASSED] - delay(2): Delayed 2 second(s)

2019-07-10 15:46:18 - [MESSAGE][PASSED] - Delayed 2 second(s)

2019-07-10 15:46:18 - [TEST_STEP][PASSED] - click(findTestObject("APOLLO- Desktop/Burger Menu/Shirts link")): Object: 'Object Repository/APOLLO- Desktop/Burger Menu/Shirts link' is clicked on

2019-07-10 15:46:20 - [MESSAGE][PASSED] - Object: 'Object Repository/APOLLO- Desktop/Burger Menu/Shirts link' is clicked on

2019-07-10 15:46:20 - [TEST_STEP][NOT_RUN] - executeJavaScript("var previewBar = document.getElementById("preview-bar-iframe"); previewBar.style.display = "none";", []): NOT_RUN: executeJavaScript("var previewBar = document.getElementById("preview-bar-iframe"); previewBar.style.display = "none";", [])

2019-07-10 15:46:20 - [MESSAGE][NOT_RUN] - NOT_RUN: executeJavaScript("var previewBar = document.getElementById("preview-bar-iframe"); previewBar.style.display = "none";", [])

2019-07-10 15:46:20 - [TEST_STEP][PASSED] - delay(2): Delayed 2 second(s)

2019-07-10 15:46:22 - [MESSAGE][PASSED] - Delayed 2 second(s)

2019-07-10 15:46:22 - [TEST_STEP][PASSED] - click(findTestObject("APOLLO- Desktop/Collection page/Blue shirt product")): Object: 'Object Repository/APOLLO- Desktop/Collection page/Blue shirt product' is clicked on

2019-07-10 15:46:22 - [MESSAGE][PASSED] - Object: 'Object Repository/APOLLO- Desktop/Collection page/Blue shirt product' is clicked on

2019-07-10 15:46:22 - [TEST_STEP][PASSED] - delay(2): Delayed 2 second(s)

2019-07-10 15:46:24 - [MESSAGE][PASSED] - Delayed 2 second(s)

2019-07-10 15:46:24 - [TEST_STEP][NOT_RUN] - executeJavaScript("var previewBar = document.getElementById("preview-bar-iframe"); previewBar.style.display = "none";", []): NOT_RUN: executeJavaScript("var previewBar = document.getElementById("preview-bar-iframe"); previewBar.style.display = "none";", [])

2019-07-10 15:46:24 - [MESSAGE][NOT_RUN] - NOT_RUN: executeJavaScript("var previewBar = document.getElementById("preview-bar-iframe"); previewBar.style.display = "none";", [])

2019-07-10 15:46:24 - [TEST_STEP][PASSED] - delay(2): Delayed 2 second(s)

2019-07-10 15:46:26 - [MESSAGE][PASSED] - Delayed 2 second(s)

2019-07-10 15:46:26 - [TEST_STEP][PASSED] - click(findTestObject("APOLLO- Desktop/Product page/You might alos like/you might also like")): Object: 'Object Repository/APOLLO- Desktop/Product page/You might alos like/you might also like' is clicked on

2019-07-10 15:46:27 - [MESSAGE][PASSED] - Object: 'Object Repository/APOLLO- Desktop/Product page/You might alos like/you might also like' is clicked on

2019-07-10 15:46:27 - [TEST_STEP][PASSED] - delay(2): Delayed 2 second(s)

2019-07-10 15:46:29 - [MESSAGE][PASSED] - Delayed 2 second(s)

2019-07-10 15:46:29 - [TEST_STEP][PASSED] - click(findTestObject("APOLLO- Desktop/Product page/You might alos like/Next button")): Object: 'Object Repository/APOLLO- Desktop/Product page/You might alos like/Next button' is clicked on

2019-07-10 15:46:30 - [MESSAGE][PASSED] - Object: 'Object Repository/APOLLO- Desktop/Product page/You might alos like/Next button' is clicked on

2019-07-10 15:46:30 - [TEST_STEP][PASSED] - delay(2): Delayed 2 second(s)

2019-07-10 15:46:32 - [MESSAGE][PASSED] - Delayed 2 second(s)

2019-07-10 15:46:32 - [TEST_STEP][PASSED] - click(findTestObject("APOLLO- Desktop/Product page/You might alos like/Previous button")): Object: 'Object Repository/APOLLO- Desktop/Product page/You might alos like/Previous button' is clicked on

2019-07-10 15:46:32 - [MESSAGE][PASSED] - Object: 'Object Repository/APOLLO- Desktop/Product page/You might alos like/Previous button' is clicked on

2019-07-10 15:46:32 - [TEST_STEP][PASSED] - delay(2): Delayed 2 second(s)

2019-07-10 15:46:34 - [MESSAGE][PASSED] - Delayed 2 second(s)

2019-07-10 15:46:34 - [TEST_STEP][PASSED] - click(findTestObject("APOLLO- Desktop/Product page/You might alos like/Product tile")): Object: 'Object Repository/APOLLO- Desktop/Product page/You might alos like/Product tile' is clicked on

2019-07-10 15:46:35 - [MESSAGE][PASSED] - Object: 'Object Repository/APOLLO- Desktop/Product page/You might alos like/Product tile' is clicked on

2019-07-10 15:46:35 - [TEST_STEP][PASSED] - delay(2): Delayed 2 second(s)

2019-07-10 15:46:37 - [MESSAGE][PASSED] - Delayed 2 second(s)

2019-07-10 15:46:37 - [TEST_STEP][PASSED] - click(findTestObject("APOLLO- Desktop/Product page/Add to bag")): Object: 'Object Repository/APOLLO- Desktop/Product page/Add to bag' is clicked on

2019-07-10 15:46:40 - [MESSAGE][PASSED] - Object: 'Object Repository/APOLLO- Desktop/Product page/Add to bag' is clicked on

2019-07-10 15:46:40 - [TEST_STEP][PASSED] - delay(2): Delayed 2 second(s)

2019-07-10 15:46:42 - [MESSAGE][PASSED] - Delayed 2 second(s)

2019-07-10 15:46:42 - [TEST_STEP][NOT_RUN] - executeJavaScript("var previewBar = document.getElementById("preview-bar-iframe"); previewBar.style.display = "none";", []): NOT_RUN: executeJavaScript("var previewBar = document.getElementById("preview-bar-iframe"); previewBar.style.display = "none";", [])

2019-07-10 15:46:42 - [MESSAGE][NOT_RUN] - NOT_RUN: executeJavaScript("var previewBar = document.getElementById("preview-bar-iframe"); previewBar.style.display = "none";", [])

2019-07-10 15:46:42 - [TEST_STEP][PASSED] - click(findTestObject("APOLLO- Desktop/Cart flyout/Checkout")): Object: 'Object Repository/APOLLO- Desktop/Cart flyout/Checkout' is clicked on

2019-07-10 15:46:42 - [MESSAGE][PASSED] - Object: 'Object Repository/APOLLO- Desktop/Cart flyout/Checkout' is clicked on

2019-07-10 15:46:42 - [TEST_STEP][FAILED] - callTestCase(findTestCase("CALL- CUSTOMER INFO PAGE"), [:], STOP_ON_FAILURE): callTestCase(findTestCase("CALL- CUSTOMER INFO PAGE"), [:], STOP_ON_FAILURE) FAILED.
Reason:
com.kms.katalon.core.exception.StepFailedException: Unable to select option by value 'United States' of object 'Object Repository/APOLLO- Desktop/Customer Information page/Country dropdown'  using regular expression (Root cause: org.openqa.selenium.ElementNotInteractableException: The command failed because the specified element is not pointer or keyboard interactable.
Build info: version: '3.7.1', revision: '8a0099a', time: '2017-11-06T21:07:36.161Z'
System info: host: 'sumans-MacBook-Pro.local', ip: 'fe80:0:0:0:47c:ca88:4245:b7a7%en0', os.name: 'Mac OS X', os.arch: 'x86_64', os.version: '10.13.6', java.version: '1.8.0_181'
Driver info: com.kms.katalon.selenium.driver.CRemoteWebDriver
Capabilities {acceptInsecureCerts: false, browserName: MicrosoftEdge, browserVersion: 44.18362.1.0, javascriptEnabled: true, pageLoadStrategy: normal, platform: WINDOWS, platformName: WINDOWS, proxy: Proxy(), setWindowRect: false, timeouts: {implicit: 0, pageLoad: 300000, script: 30000}}
Session ID: e1b7893a6031914519d68d3e57d202e249104fb3)
	at com.kms.katalon.core.keyword.internal.KeywordMain.stepFailed(KeywordMain.groovy:36)
	at com.kms.katalon.core.webui.keyword.internal.WebUIKeywordMain.stepFailed(WebUIKeywordMain.groovy:65)
	at com.kms.katalon.core.webui.keyword.internal.WebUIKeywordMain.runKeyword(WebUIKeywordMain.groovy:27)
	at com.kms.katalon.core.webui.keyword.builtin.SelectOptionByValueKeyword.selectOptionByValue(SelectOptionByValueKeyword.groovy:99)
	at com.kms.katalon.core.webui.keyword.builtin.SelectOptionByValueKeyword.execute(SelectOptionByValueKeyword.groovy:71)
	at com.kms.katalon.core.keyword.internal.KeywordExecutor.executeKeywordForPlatform(KeywordExecutor.groovy:53)
	at com.kms.katalon.core.webui.keyword.WebUiBuiltInKeywords.selectOptionByValue(WebUiBuiltInKeywords.groovy:1138)
	at com.kms.katalon.core.webui.keyword.WebUiBuiltInKeywords$selectOptionByValue$9.call(Unknown Source)
	at CALL- CUSTOMER INFO PAGE.run(CALL- CUSTOMER INFO PAGE:39)
	at com.kms.katalon.core.main.ScriptEngine.run(ScriptEngine.java:194)
	at com.kms.katalon.core.main.ScriptEngine.runScriptAsRawText(ScriptEngine.java:119)
	at com.kms.katalon.core.main.TestCaseExecutor.runScript(TestCaseExecutor.java:328)
	at com.kms.katalon.core.main.TestCaseExecutor.doExecute(TestCaseExecutor.java:319)
	at com.kms.katalon.core.main.TestCaseExecutor.processExecutionPhase(TestCaseExecutor.java:298)
	at com.kms.katalon.core.main.TestCaseExecutor.accessMainPhase(TestCaseExecutor.java:290)
	at com.kms.katalon.core.main.TestCaseExecutor.execute(TestCaseExecutor.java:224)
	at com.kms.katalon.core.main.TestCaseMain.runTestCase(TestCaseMain.java:106)
	at com.kms.katalon.core.keyword.builtin.CallTestCaseKeyword$_callTestCase_closure1.doCall(CallTestCaseKeyword.groovy:59)
	at com.kms.katalon.core.keyword.builtin.CallTestCaseKeyword$_callTestCase_closure1.call(CallTestCaseKeyword.groovy)
	at com.kms.katalon.core.keyword.internal.KeywordMain.runKeyword(KeywordMain.groovy:54)
	at com.kms.katalon.core.keyword.builtin.CallTestCaseKeyword.callTestCase(CallTestCaseKeyword.groovy:80)
	at com.kms.katalon.core.keyword.builtin.CallTestCaseKeyword.execute(CallTestCaseKeyword.groovy:44)
	at com.kms.katalon.core.keyword.internal.KeywordExecutor.executeKeywordForPlatform(KeywordExecutor.groovy:53)
	at com.kms.katalon.core.keyword.BuiltinKeywords.callTestCase(BuiltinKeywords.groovy:334)
	at You might also like.run(You might also like:73)
	at com.kms.katalon.core.main.ScriptEngine.run(ScriptEngine.java:194)
	at com.kms.katalon.core.main.ScriptEngine.runScriptAsRawText(ScriptEngine.java:119)
	at com.kms.katalon.core.main.TestCaseExecutor.runScript(TestCaseExecutor.java:328)
	at com.kms.katalon.core.main.TestCaseExecutor.doExecute(TestCaseExecutor.java:319)
	at com.kms.katalon.core.main.TestCaseExecutor.processExecutionPhase(TestCaseExecutor.java:298)
	at com.kms.katalon.core.main.TestCaseExecutor.accessMainPhase(TestCaseExecutor.java:290)
	at com.kms.katalon.core.main.TestCaseExecutor.execute(TestCaseExecutor.java:224)
	at com.kms.katalon.core.main.TestSuiteExecutor.accessTestCaseMainPhase(TestSuiteExecutor.java:129)
	at com.kms.katalon.core.main.TestSuiteExecutor.accessTestSuiteMainPhase(TestSuiteExecutor.java:112)
	at com.kms.katalon.core.main.TestSuiteExecutor.execute(TestSuiteExecutor.java:81)
	at com.kms.katalon.core.main.TestCaseMain.startTestSuite(TestCaseMain.java:149)
	at com.kms.katalon.core.main.TestCaseMain$startTestSuite$0.call(Unknown Source)
	at TempTestSuite1562786448509.run(TempTestSuite1562786448509.groovy:36)


2019-07-10 15:46:42 - [TEST_CASE][FAILED] - Test Cases/CALL- CUSTOMER INFO PAGE: Test Cases/CALL- CUSTOMER INFO PAGE FAILED.
Reason:
com.kms.katalon.core.exception.StepFailedException: Unable to select option by value 'United States' of object 'Object Repository/APOLLO- Desktop/Customer Information page/Country dropdown'  using regular expression (Root cause: org.openqa.selenium.ElementNotInteractableException: The command failed because the specified element is not pointer or keyboard interactable.
Build info: version: '3.7.1', revision: '8a0099a', time: '2017-11-06T21:07:36.161Z'
System info: host: 'sumans-MacBook-Pro.local', ip: 'fe80:0:0:0:47c:ca88:4245:b7a7%en0', os.name: 'Mac OS X', os.arch: 'x86_64', os.version: '10.13.6', java.version: '1.8.0_181'
Driver info: com.kms.katalon.selenium.driver.CRemoteWebDriver
Capabilities {acceptInsecureCerts: false, browserName: MicrosoftEdge, browserVersion: 44.18362.1.0, javascriptEnabled: true, pageLoadStrategy: normal, platform: WINDOWS, platformName: WINDOWS, proxy: Proxy(), setWindowRect: false, timeouts: {implicit: 0, pageLoad: 300000, script: 30000}}
Session ID: e1b7893a6031914519d68d3e57d202e249104fb3)
	at com.kms.katalon.core.keyword.internal.KeywordMain.stepFailed(KeywordMain.groovy:36)
	at com.kms.katalon.core.webui.keyword.internal.WebUIKeywordMain.stepFailed(WebUIKeywordMain.groovy:65)
	at com.kms.katalon.core.webui.keyword.internal.WebUIKeywordMain.runKeyword(WebUIKeywordMain.groovy:27)
	at com.kms.katalon.core.webui.keyword.builtin.SelectOptionByValueKeyword.selectOptionByValue(SelectOptionByValueKeyword.groovy:99)
	at com.kms.katalon.core.webui.keyword.builtin.SelectOptionByValueKeyword.execute(SelectOptionByValueKeyword.groovy:71)
	at com.kms.katalon.core.keyword.internal.KeywordExecutor.executeKeywordForPlatform(KeywordExecutor.groovy:53)
	at com.kms.katalon.core.webui.keyword.WebUiBuiltInKeywords.selectOptionByValue(WebUiBuiltInKeywords.groovy:1138)
	at com.kms.katalon.core.webui.keyword.WebUiBuiltInKeywords$selectOptionByValue$9.call(Unknown Source)
	at CALL- CUSTOMER INFO PAGE.run(CALL- CUSTOMER INFO PAGE:39)
	at com.kms.katalon.core.main.ScriptEngine.run(ScriptEngine.java:194)
	at com.kms.katalon.core.main.ScriptEngine.runScriptAsRawText(ScriptEngine.java:119)
	at com.kms.katalon.core.main.TestCaseExecutor.runScript(TestCaseExecutor.java:328)
	at com.kms.katalon.core.main.TestCaseExecutor.doExecute(TestCaseExecutor.java:319)
	at com.kms.katalon.core.main.TestCaseExecutor.processExecutionPhase(TestCaseExecutor.java:298)
	at com.kms.katalon.core.main.TestCaseExecutor.accessMainPhase(TestCaseExecutor.java:290)
	at com.kms.katalon.core.main.TestCaseExecutor.execute(TestCaseExecutor.java:224)
	at com.kms.katalon.core.main.TestCaseMain.runTestCase(TestCaseMain.java:106)
	at com.kms.katalon.core.keyword.builtin.CallTestCaseKeyword$_callTestCase_closure1.doCall(CallTestCaseKeyword.groovy:59)
	at com.kms.katalon.core.keyword.builtin.CallTestCaseKeyword$_callTestCase_closure1.call(CallTestCaseKeyword.groovy)
	at com.kms.katalon.core.keyword.internal.KeywordMain.runKeyword(KeywordMain.groovy:54)
	at com.kms.katalon.core.keyword.builtin.CallTestCaseKeyword.callTestCase(CallTestCaseKeyword.groovy:80)
	at com.kms.katalon.core.keyword.builtin.CallTestCaseKeyword.execute(CallTestCaseKeyword.groovy:44)
	at com.kms.katalon.core.keyword.internal.KeywordExecutor.executeKeywordForPlatform(KeywordExecutor.groovy:53)
	at com.kms.katalon.core.keyword.BuiltinKeywords.callTestCase(BuiltinKeywords.groovy:334)
	at You might also like.run(You might also like:73)
	at com.kms.katalon.core.main.ScriptEngine.run(ScriptEngine.java:194)
	at com.kms.katalon.core.main.ScriptEngine.runScriptAsRawText(ScriptEngine.java:119)
	at com.kms.katalon.core.main.TestCaseExecutor.runScript(TestCaseExecutor.java:328)
	at com.kms.katalon.core.main.TestCaseExecutor.doExecute(TestCaseExecutor.java:319)
	at com.kms.katalon.core.main.TestCaseExecutor.processExecutionPhase(TestCaseExecutor.java:298)
	at com.kms.katalon.core.main.TestCaseExecutor.accessMainPhase(TestCaseExecutor.java:290)
	at com.kms.katalon.core.main.TestCaseExecutor.execute(TestCaseExecutor.java:224)
	at com.kms.katalon.core.main.TestSuiteExecutor.accessTestCaseMainPhase(TestSuiteExecutor.java:129)
	at com.kms.katalon.core.main.TestSuiteExecutor.accessTestSuiteMainPhase(TestSuiteExecutor.java:112)
	at com.kms.katalon.core.main.TestSuiteExecutor.execute(TestSuiteExecutor.java:81)
	at com.kms.katalon.core.main.TestCaseMain.startTestSuite(TestCaseMain.java:149)
	at com.kms.katalon.core.main.TestCaseMain$startTestSuite$0.call(Unknown Source)
	at TempTestSuite1562786448509.run(TempTestSuite1562786448509.groovy:36)


2019-07-10 15:46:42 - [TEST_STEP][PASSED] - delay(2): Delayed 2 second(s)

2019-07-10 15:46:44 - [MESSAGE][PASSED] - Delayed 2 second(s)

2019-07-10 15:46:44 - [TEST_STEP][NOT_RUN] - executeJavaScript("var previewBar = document.getElementById("preview-bar-iframe"); previewBar.style.display = "none";", []): NOT_RUN: executeJavaScript("var previewBar = document.getElementById("preview-bar-iframe"); previewBar.style.display = "none";", [])

2019-07-10 15:46:44 - [MESSAGE][NOT_RUN] - NOT_RUN: executeJavaScript("var previewBar = document.getElementById("preview-bar-iframe"); previewBar.style.display = "none";", [])

2019-07-10 15:46:44 - [TEST_STEP][PASSED] - setText(findTestObject("APOLLO- Desktop/Customer Information page/Email"), "suman@gmail.com"): Text 'suman@gmail.com' is set on object 'Object Repository/APOLLO- Desktop/Customer Information page/Email'

2019-07-10 15:46:49 - [MESSAGE][PASSED] - Text 'suman@gmail.com' is set on object 'Object Repository/APOLLO- Desktop/Customer Information page/Email'

2019-07-10 15:46:49 - [TEST_STEP][PASSED] - delay(2): Delayed 2 second(s)

2019-07-10 15:46:51 - [MESSAGE][PASSED] - Delayed 2 second(s)

2019-07-10 15:46:51 - [TEST_STEP][PASSED] - setText(findTestObject("APOLLO- Desktop/Customer Information page/First name"), "suman"): Text 'suman' is set on object 'Object Repository/APOLLO- Desktop/Customer Information page/First name'

2019-07-10 15:46:52 - [MESSAGE][PASSED] - Text 'suman' is set on object 'Object Repository/APOLLO- Desktop/Customer Information page/First name'

2019-07-10 15:46:52 - [TEST_STEP][PASSED] - delay(2): Delayed 2 second(s)

2019-07-10 15:46:54 - [MESSAGE][PASSED] - Delayed 2 second(s)

2019-07-10 15:46:54 - [TEST_STEP][PASSED] - setText(findTestObject("APOLLO- Desktop/Customer Information page/Last name"), "kompelly"): Text 'kompelly' is set on object 'Object Repository/APOLLO- Desktop/Customer Information page/Last name'

2019-07-10 15:46:56 - [MESSAGE][PASSED] - Text 'kompelly' is set on object 'Object Repository/APOLLO- Desktop/Customer Information page/Last name'

2019-07-10 15:46:56 - [TEST_STEP][PASSED] - delay(2): Delayed 2 second(s)

2019-07-10 15:46:58 - [MESSAGE][PASSED] - Delayed 2 second(s)

2019-07-10 15:46:58 - [TEST_STEP][PASSED] - setText(findTestObject("APOLLO- Desktop/Customer Information page/Address"), "1435 st alxendre"): Text '1435 st alxendre' is set on object 'Object Repository/APOLLO- Desktop/Customer Information page/Address'

2019-07-10 15:46:59 - [MESSAGE][PASSED] - Text '1435 st alxendre' is set on object 'Object Repository/APOLLO- Desktop/Customer Information page/Address'

2019-07-10 15:46:59 - [TEST_STEP][PASSED] - setText(findTestObject("APOLLO- Desktop/Customer Information page/Apartment"), "220"): Text '220' is set on object 'Object Repository/APOLLO- Desktop/Customer Information page/Apartment'

2019-07-10 15:47:01 - [MESSAGE][PASSED] - Text '220' is set on object 'Object Repository/APOLLO- Desktop/Customer Information page/Apartment'

2019-07-10 15:47:01 - [TEST_STEP][PASSED] - setText(findTestObject("APOLLO- Desktop/Customer Information page/City"), "montreal"): Text 'montreal' is set on object 'Object Repository/APOLLO- Desktop/Customer Information page/City'

2019-07-10 15:47:03 - [MESSAGE][PASSED] - Text 'montreal' is set on object 'Object Repository/APOLLO- Desktop/Customer Information page/City'

2019-07-10 15:47:03 - [TEST_STEP][FAILED] - selectOptionByValue(findTestObject("APOLLO- Desktop/Customer Information page/Country dropdown"), "United States", true): selectOptionByValue(findTestObject("APOLLO- Desktop/Customer Information page/Country dropdown"), "United States", true) FAILED.
Reason:
com.kms.katalon.core.exception.StepFailedException: Unable to select option by value 'United States' of object 'Object Repository/APOLLO- Desktop/Customer Information page/Country dropdown'  using regular expression (Root cause: org.openqa.selenium.ElementNotInteractableException: The command failed because the specified element is not pointer or keyboard interactable.
Build info: version: '3.7.1', revision: '8a0099a', time: '2017-11-06T21:07:36.161Z'
System info: host: 'sumans-MacBook-Pro.local', ip: 'fe80:0:0:0:47c:ca88:4245:b7a7%en0', os.name: 'Mac OS X', os.arch: 'x86_64', os.version: '10.13.6', java.version: '1.8.0_181'
Driver info: com.kms.katalon.selenium.driver.CRemoteWebDriver
Capabilities {acceptInsecureCerts: false, browserName: MicrosoftEdge, browserVersion: 44.18362.1.0, javascriptEnabled: true, pageLoadStrategy: normal, platform: WINDOWS, platformName: WINDOWS, proxy: Proxy(), setWindowRect: false, timeouts: {implicit: 0, pageLoad: 300000, script: 30000}}
Session ID: e1b7893a6031914519d68d3e57d202e249104fb3)
	at com.kms.katalon.core.keyword.internal.KeywordMain.stepFailed(KeywordMain.groovy:36)
	at com.kms.katalon.core.webui.keyword.internal.WebUIKeywordMain.stepFailed(WebUIKeywordMain.groovy:65)
	at com.kms.katalon.core.webui.keyword.internal.WebUIKeywordMain.runKeyword(WebUIKeywordMain.groovy:27)
	at com.kms.katalon.core.webui.keyword.builtin.SelectOptionByValueKeyword.selectOptionByValue(SelectOptionByValueKeyword.groovy:99)
	at com.kms.katalon.core.webui.keyword.builtin.SelectOptionByValueKeyword.execute(SelectOptionByValueKeyword.groovy:71)
	at com.kms.katalon.core.keyword.internal.KeywordExecutor.executeKeywordForPlatform(KeywordExecutor.groovy:53)
	at com.kms.katalon.core.webui.keyword.WebUiBuiltInKeywords.selectOptionByValue(WebUiBuiltInKeywords.groovy:1138)
	at com.kms.katalon.core.webui.keyword.WebUiBuiltInKeywords$selectOptionByValue$9.call(Unknown Source)
	at CALL- CUSTOMER INFO PAGE.run(CALL- CUSTOMER INFO PAGE:39)
	at com.kms.katalon.core.main.ScriptEngine.run(ScriptEngine.java:194)
	at com.kms.katalon.core.main.ScriptEngine.runScriptAsRawText(ScriptEngine.java:119)
	at com.kms.katalon.core.main.TestCaseExecutor.runScript(TestCaseExecutor.java:328)
	at com.kms.katalon.core.main.TestCaseExecutor.doExecute(TestCaseExecutor.java:319)
	at com.kms.katalon.core.main.TestCaseExecutor.processExecutionPhase(TestCaseExecutor.java:298)
	at com.kms.katalon.core.main.TestCaseExecutor.accessMainPhase(TestCaseExecutor.java:290)
	at com.kms.katalon.core.main.TestCaseExecutor.execute(TestCaseExecutor.java:224)
	at com.kms.katalon.core.main.TestCaseMain.runTestCase(TestCaseMain.java:106)
	at com.kms.katalon.core.keyword.builtin.CallTestCaseKeyword$_callTestCase_closure1.doCall(CallTestCaseKeyword.groovy:59)
	at com.kms.katalon.core.keyword.builtin.CallTestCaseKeyword$_callTestCase_closure1.call(CallTestCaseKeyword.groovy)
	at com.kms.katalon.core.keyword.internal.KeywordMain.runKeyword(KeywordMain.groovy:54)
	at com.kms.katalon.core.keyword.builtin.CallTestCaseKeyword.callTestCase(CallTestCaseKeyword.groovy:80)
	at com.kms.katalon.core.keyword.builtin.CallTestCaseKeyword.execute(CallTestCaseKeyword.groovy:44)
	at com.kms.katalon.core.keyword.internal.KeywordExecutor.executeKeywordForPlatform(KeywordExecutor.groovy:53)
	at com.kms.katalon.core.keyword.BuiltinKeywords.callTestCase(BuiltinKeywords.groovy:334)
	at You might also like.run(You might also like:73)
	at com.kms.katalon.core.main.ScriptEngine.run(ScriptEngine.java:194)
	at com.kms.katalon.core.main.ScriptEngine.runScriptAsRawText(ScriptEngine.java:119)
	at com.kms.katalon.core.main.TestCaseExecutor.runScript(TestCaseExecutor.java:328)
	at com.kms.katalon.core.main.TestCaseExecutor.doExecute(TestCaseExecutor.java:319)
	at com.kms.katalon.core.main.TestCaseExecutor.processExecutionPhase(TestCaseExecutor.java:298)
	at com.kms.katalon.core.main.TestCaseExecutor.accessMainPhase(TestCaseExecutor.java:290)
	at com.kms.katalon.core.main.TestCaseExecutor.execute(TestCaseExecutor.java:224)
	at com.kms.katalon.core.main.TestSuiteExecutor.accessTestCaseMainPhase(TestSuiteExecutor.java:129)
	at com.kms.katalon.core.main.TestSuiteExecutor.accessTestSuiteMainPhase(TestSuiteExecutor.java:112)
	at com.kms.katalon.core.main.TestSuiteExecutor.execute(TestSuiteExecutor.java:81)
	at com.kms.katalon.core.main.TestCaseMain.startTestSuite(TestCaseMain.java:149)
	at com.kms.katalon.core.main.TestCaseMain$startTestSuite$0.call(Unknown Source)
	at TempTestSuite1562786448509.run(TempTestSuite1562786448509.groovy:36)


2019-07-10 15:47:59 - [MESSAGE][FAILED] - Unable to select option by value 'United States' of object 'Object Repository/APOLLO- Desktop/Customer Information page/Country dropdown'  using regular expression (Root cause: org.openqa.selenium.ElementNotInteractableException: The command failed because the specified element is not pointer or keyboard interactable.
Build info: version: '3.7.1', revision: '8a0099a', time: '2017-11-06T21:07:36.161Z'
System info: host: 'sumans-MacBook-Pro.local', ip: 'fe80:0:0:0:47c:ca88:4245:b7a7%en0', os.name: 'Mac OS X', os.arch: 'x86_64', os.version: '10.13.6', java.version: '1.8.0_181'
Driver info: com.kms.katalon.selenium.driver.CRemoteWebDriver
Capabilities {acceptInsecureCerts: false, browserName: MicrosoftEdge, browserVersion: 44.18362.1.0, javascriptEnabled: true, pageLoadStrategy: normal, platform: WINDOWS, platformName: WINDOWS, proxy: Proxy(), setWindowRect: false, timeouts: {implicit: 0, pageLoad: 300000, script: 30000}}
Session ID: e1b7893a6031914519d68d3e57d202e249104fb3)
[[ATTACHMENT|/Users/sumankompelly/git/Apollo-Dark-Desktop/Reports/Apollo - dark build/20190710_152048/1562788078666.png]]

2019-07-10 15:47:59 - [MESSAGE][FAILED] - selectOptionByValue(findTestObject("APOLLO- Desktop/Customer Information page/Country dropdown"), "United States", true) FAILED.
Reason:
com.kms.katalon.core.exception.StepFailedException: Unable to select option by value 'United States' of object 'Object Repository/APOLLO- Desktop/Customer Information page/Country dropdown'  using regular expression (Root cause: org.openqa.selenium.ElementNotInteractableException: The command failed because the specified element is not pointer or keyboard interactable.
Build info: version: '3.7.1', revision: '8a0099a', time: '2017-11-06T21:07:36.161Z'
System info: host: 'sumans-MacBook-Pro.local', ip: 'fe80:0:0:0:47c:ca88:4245:b7a7%en0', os.name: 'Mac OS X', os.arch: 'x86_64', os.version: '10.13.6', java.version: '1.8.0_181'
Driver info: com.kms.katalon.selenium.driver.CRemoteWebDriver
Capabilities {acceptInsecureCerts: false, browserName: MicrosoftEdge, browserVersion: 44.18362.1.0, javascriptEnabled: true, pageLoadStrategy: normal, platform: WINDOWS, platformName: WINDOWS, proxy: Proxy(), setWindowRect: false, timeouts: {implicit: 0, pageLoad: 300000, script: 30000}}
Session ID: e1b7893a6031914519d68d3e57d202e249104fb3)
	at com.kms.katalon.core.keyword.internal.KeywordMain.stepFailed(KeywordMain.groovy:36)
	at com.kms.katalon.core.webui.keyword.internal.WebUIKeywordMain.stepFailed(WebUIKeywordMain.groovy:65)
	at com.kms.katalon.core.webui.keyword.internal.WebUIKeywordMain.runKeyword(WebUIKeywordMain.groovy:27)
	at com.kms.katalon.core.webui.keyword.builtin.SelectOptionByValueKeyword.selectOptionByValue(SelectOptionByValueKeyword.groovy:99)
	at com.kms.katalon.core.webui.keyword.builtin.SelectOptionByValueKeyword.execute(SelectOptionByValueKeyword.groovy:71)
	at com.kms.katalon.core.keyword.internal.KeywordExecutor.executeKeywordForPlatform(KeywordExecutor.groovy:53)
	at com.kms.katalon.core.webui.keyword.WebUiBuiltInKeywords.selectOptionByValue(WebUiBuiltInKeywords.groovy:1138)
	at com.kms.katalon.core.webui.keyword.WebUiBuiltInKeywords$selectOptionByValue$9.call(Unknown Source)
	at CALL- CUSTOMER INFO PAGE.run(CALL- CUSTOMER INFO PAGE:39)
	at com.kms.katalon.core.main.ScriptEngine.run(ScriptEngine.java:194)
	at com.kms.katalon.core.main.ScriptEngine.runScriptAsRawText(ScriptEngine.java:119)
	at com.kms.katalon.core.main.TestCaseExecutor.runScript(TestCaseExecutor.java:328)
	at com.kms.katalon.core.main.TestCaseExecutor.doExecute(TestCaseExecutor.java:319)
	at com.kms.katalon.core.main.TestCaseExecutor.processExecutionPhase(TestCaseExecutor.java:298)
	at com.kms.katalon.core.main.TestCaseExecutor.accessMainPhase(TestCaseExecutor.java:290)
	at com.kms.katalon.core.main.TestCaseExecutor.execute(TestCaseExecutor.java:224)
	at com.kms.katalon.core.main.TestCaseMain.runTestCase(TestCaseMain.java:106)
	at com.kms.katalon.core.keyword.builtin.CallTestCaseKeyword$_callTestCase_closure1.doCall(CallTestCaseKeyword.groovy:59)
	at com.kms.katalon.core.keyword.builtin.CallTestCaseKeyword$_callTestCase_closure1.call(CallTestCaseKeyword.groovy)
	at com.kms.katalon.core.keyword.internal.KeywordMain.runKeyword(KeywordMain.groovy:54)
	at com.kms.katalon.core.keyword.builtin.CallTestCaseKeyword.callTestCase(CallTestCaseKeyword.groovy:80)
	at com.kms.katalon.core.keyword.builtin.CallTestCaseKeyword.execute(CallTestCaseKeyword.groovy:44)
	at com.kms.katalon.core.keyword.internal.KeywordExecutor.executeKeywordForPlatform(KeywordExecutor.groovy:53)
	at com.kms.katalon.core.keyword.BuiltinKeywords.callTestCase(BuiltinKeywords.groovy:334)
	at You might also like.run(You might also like:73)
	at com.kms.katalon.core.main.ScriptEngine.run(ScriptEngine.java:194)
	at com.kms.katalon.core.main.ScriptEngine.runScriptAsRawText(ScriptEngine.java:119)
	at com.kms.katalon.core.main.TestCaseExecutor.runScript(TestCaseExecutor.java:328)
	at com.kms.katalon.core.main.TestCaseExecutor.doExecute(TestCaseExecutor.java:319)
	at com.kms.katalon.core.main.TestCaseExecutor.processExecutionPhase(TestCaseExecutor.java:298)
	at com.kms.katalon.core.main.TestCaseExecutor.accessMainPhase(TestCaseExecutor.java:290)
	at com.kms.katalon.core.main.TestCaseExecutor.execute(TestCaseExecutor.java:224)
	at com.kms.katalon.core.main.TestSuiteExecutor.accessTestCaseMainPhase(TestSuiteExecutor.java:129)
	at com.kms.katalon.core.main.TestSuiteExecutor.accessTestSuiteMainPhase(TestSuiteExecutor.java:112)
	at com.kms.katalon.core.main.TestSuiteExecutor.execute(TestSuiteExecutor.java:81)
	at com.kms.katalon.core.main.TestCaseMain.startTestSuite(TestCaseMain.java:149)
	at com.kms.katalon.core.main.TestCaseMain$startTestSuite$0.call(Unknown Source)
	at TempTestSuite1562786448509.run(TempTestSuite1562786448509.groovy:36)


2019-07-10 15:47:59 - [MESSAGE][FAILED] - Unable to call Test Case 'Test Cases/CALL- CUSTOMER INFO PAGE' (Root cause: com.kms.katalon.core.exception.StepFailedException: Call Test Case 'Test Cases/CALL- CUSTOMER INFO PAGE' failed)

2019-07-10 15:47:59 - [MESSAGE][FAILED] - callTestCase(findTestCase("CALL- CUSTOMER INFO PAGE"), [:], STOP_ON_FAILURE) FAILED.
Reason:
com.kms.katalon.core.exception.StepFailedException: Unable to select option by value 'United States' of object 'Object Repository/APOLLO- Desktop/Customer Information page/Country dropdown'  using regular expression (Root cause: org.openqa.selenium.ElementNotInteractableException: The command failed because the specified element is not pointer or keyboard interactable.
Build info: version: '3.7.1', revision: '8a0099a', time: '2017-11-06T21:07:36.161Z'
System info: host: 'sumans-MacBook-Pro.local', ip: 'fe80:0:0:0:47c:ca88:4245:b7a7%en0', os.name: 'Mac OS X', os.arch: 'x86_64', os.version: '10.13.6', java.version: '1.8.0_181'
Driver info: com.kms.katalon.selenium.driver.CRemoteWebDriver
Capabilities {acceptInsecureCerts: false, browserName: MicrosoftEdge, browserVersion: 44.18362.1.0, javascriptEnabled: true, pageLoadStrategy: normal, platform: WINDOWS, platformName: WINDOWS, proxy: Proxy(), setWindowRect: false, timeouts: {implicit: 0, pageLoad: 300000, script: 30000}}
Session ID: e1b7893a6031914519d68d3e57d202e249104fb3)
	at com.kms.katalon.core.keyword.internal.KeywordMain.stepFailed(KeywordMain.groovy:36)
	at com.kms.katalon.core.webui.keyword.internal.WebUIKeywordMain.stepFailed(WebUIKeywordMain.groovy:65)
	at com.kms.katalon.core.webui.keyword.internal.WebUIKeywordMain.runKeyword(WebUIKeywordMain.groovy:27)
	at com.kms.katalon.core.webui.keyword.builtin.SelectOptionByValueKeyword.selectOptionByValue(SelectOptionByValueKeyword.groovy:99)
	at com.kms.katalon.core.webui.keyword.builtin.SelectOptionByValueKeyword.execute(SelectOptionByValueKeyword.groovy:71)
	at com.kms.katalon.core.keyword.internal.KeywordExecutor.executeKeywordForPlatform(KeywordExecutor.groovy:53)
	at com.kms.katalon.core.webui.keyword.WebUiBuiltInKeywords.selectOptionByValue(WebUiBuiltInKeywords.groovy:1138)
	at com.kms.katalon.core.webui.keyword.WebUiBuiltInKeywords$selectOptionByValue$9.call(Unknown Source)
	at CALL- CUSTOMER INFO PAGE.run(CALL- CUSTOMER INFO PAGE:39)
	at com.kms.katalon.core.main.ScriptEngine.run(ScriptEngine.java:194)
	at com.kms.katalon.core.main.ScriptEngine.runScriptAsRawText(ScriptEngine.java:119)
	at com.kms.katalon.core.main.TestCaseExecutor.runScript(TestCaseExecutor.java:328)
	at com.kms.katalon.core.main.TestCaseExecutor.doExecute(TestCaseExecutor.java:319)
	at com.kms.katalon.core.main.TestCaseExecutor.processExecutionPhase(TestCaseExecutor.java:298)
	at com.kms.katalon.core.main.TestCaseExecutor.accessMainPhase(TestCaseExecutor.java:290)
	at com.kms.katalon.core.main.TestCaseExecutor.execute(TestCaseExecutor.java:224)
	at com.kms.katalon.core.main.TestCaseMain.runTestCase(TestCaseMain.java:106)
	at com.kms.katalon.core.keyword.builtin.CallTestCaseKeyword$_callTestCase_closure1.doCall(CallTestCaseKeyword.groovy:59)
	at com.kms.katalon.core.keyword.builtin.CallTestCaseKeyword$_callTestCase_closure1.call(CallTestCaseKeyword.groovy)
	at com.kms.katalon.core.keyword.internal.KeywordMain.runKeyword(KeywordMain.groovy:54)
	at com.kms.katalon.core.keyword.builtin.CallTestCaseKeyword.callTestCase(CallTestCaseKeyword.groovy:80)
	at com.kms.katalon.core.keyword.builtin.CallTestCaseKeyword.execute(CallTestCaseKeyword.groovy:44)
	at com.kms.katalon.core.keyword.internal.KeywordExecutor.executeKeywordForPlatform(KeywordExecutor.groovy:53)
	at com.kms.katalon.core.keyword.BuiltinKeywords.callTestCase(BuiltinKeywords.groovy:334)
	at You might also like.run(You might also like:73)
	at com.kms.katalon.core.main.ScriptEngine.run(ScriptEngine.java:194)
	at com.kms.katalon.core.main.ScriptEngine.runScriptAsRawText(ScriptEngine.java:119)
	at com.kms.katalon.core.main.TestCaseExecutor.runScript(TestCaseExecutor.java:328)
	at com.kms.katalon.core.main.TestCaseExecutor.doExecute(TestCaseExecutor.java:319)
	at com.kms.katalon.core.main.TestCaseExecutor.processExecutionPhase(TestCaseExecutor.java:298)
	at com.kms.katalon.core.main.TestCaseExecutor.accessMainPhase(TestCaseExecutor.java:290)
	at com.kms.katalon.core.main.TestCaseExecutor.execute(TestCaseExecutor.java:224)
	at com.kms.katalon.core.main.TestSuiteExecutor.accessTestCaseMainPhase(TestSuiteExecutor.java:129)
	at com.kms.katalon.core.main.TestSuiteExecutor.accessTestSuiteMainPhase(TestSuiteExecutor.java:112)
	at com.kms.katalon.core.main.TestSuiteExecutor.execute(TestSuiteExecutor.java:81)
	at com.kms.katalon.core.main.TestCaseMain.startTestSuite(TestCaseMain.java:149)
	at com.kms.katalon.core.main.TestCaseMain$startTestSuite$0.call(Unknown Source)
	at TempTestSuite1562786448509.run(TempTestSuite1562786448509.groovy:36)]]></system-out>
         <system-err><![CDATA[2019-07-10 15:45:38 - [TEST_CASE][FAILED] - Test Cases/PRODUCT PAGE/You might also like: Test Cases/PRODUCT PAGE/You might also like FAILED.
Reason:
com.kms.katalon.core.exception.StepFailedException: Unable to select option by value 'United States' of object 'Object Repository/APOLLO- Desktop/Customer Information page/Country dropdown'  using regular expression (Root cause: org.openqa.selenium.ElementNotInteractableException: The command failed because the specified element is not pointer or keyboard interactable.
Build info: version: '3.7.1', revision: '8a0099a', time: '2017-11-06T21:07:36.161Z'
System info: host: 'sumans-MacBook-Pro.local', ip: 'fe80:0:0:0:47c:ca88:4245:b7a7%en0', os.name: 'Mac OS X', os.arch: 'x86_64', os.version: '10.13.6', java.version: '1.8.0_181'
Driver info: com.kms.katalon.selenium.driver.CRemoteWebDriver
Capabilities {acceptInsecureCerts: false, browserName: MicrosoftEdge, browserVersion: 44.18362.1.0, javascriptEnabled: true, pageLoadStrategy: normal, platform: WINDOWS, platformName: WINDOWS, proxy: Proxy(), setWindowRect: false, timeouts: {implicit: 0, pageLoad: 300000, script: 30000}}
Session ID: e1b7893a6031914519d68d3e57d202e249104fb3)
	at com.kms.katalon.core.keyword.internal.KeywordMain.stepFailed(KeywordMain.groovy:36)
	at com.kms.katalon.core.webui.keyword.internal.WebUIKeywordMain.stepFailed(WebUIKeywordMain.groovy:65)
	at com.kms.katalon.core.webui.keyword.internal.WebUIKeywordMain.runKeyword(WebUIKeywordMain.groovy:27)
	at com.kms.katalon.core.webui.keyword.builtin.SelectOptionByValueKeyword.selectOptionByValue(SelectOptionByValueKeyword.groovy:99)
	at com.kms.katalon.core.webui.keyword.builtin.SelectOptionByValueKeyword.execute(SelectOptionByValueKeyword.groovy:71)
	at com.kms.katalon.core.keyword.internal.KeywordExecutor.executeKeywordForPlatform(KeywordExecutor.groovy:53)
	at com.kms.katalon.core.webui.keyword.WebUiBuiltInKeywords.selectOptionByValue(WebUiBuiltInKeywords.groovy:1138)
	at com.kms.katalon.core.webui.keyword.WebUiBuiltInKeywords$selectOptionByValue$9.call(Unknown Source)
	at CALL- CUSTOMER INFO PAGE.run(CALL- CUSTOMER INFO PAGE:39)
	at com.kms.katalon.core.main.ScriptEngine.run(ScriptEngine.java:194)
	at com.kms.katalon.core.main.ScriptEngine.runScriptAsRawText(ScriptEngine.java:119)
	at com.kms.katalon.core.main.TestCaseExecutor.runScript(TestCaseExecutor.java:328)
	at com.kms.katalon.core.main.TestCaseExecutor.doExecute(TestCaseExecutor.java:319)
	at com.kms.katalon.core.main.TestCaseExecutor.processExecutionPhase(TestCaseExecutor.java:298)
	at com.kms.katalon.core.main.TestCaseExecutor.accessMainPhase(TestCaseExecutor.java:290)
	at com.kms.katalon.core.main.TestCaseExecutor.execute(TestCaseExecutor.java:224)
	at com.kms.katalon.core.main.TestCaseMain.runTestCase(TestCaseMain.java:106)
	at com.kms.katalon.core.keyword.builtin.CallTestCaseKeyword$_callTestCase_closure1.doCall(CallTestCaseKeyword.groovy:59)
	at com.kms.katalon.core.keyword.builtin.CallTestCaseKeyword$_callTestCase_closure1.call(CallTestCaseKeyword.groovy)
	at com.kms.katalon.core.keyword.internal.KeywordMain.runKeyword(KeywordMain.groovy:54)
	at com.kms.katalon.core.keyword.builtin.CallTestCaseKeyword.callTestCase(CallTestCaseKeyword.groovy:80)
	at com.kms.katalon.core.keyword.builtin.CallTestCaseKeyword.execute(CallTestCaseKeyword.groovy:44)
	at com.kms.katalon.core.keyword.internal.KeywordExecutor.executeKeywordForPlatform(KeywordExecutor.groovy:53)
	at com.kms.katalon.core.keyword.BuiltinKeywords.callTestCase(BuiltinKeywords.groovy:334)
	at You might also like.run(You might also like:73)
	at com.kms.katalon.core.main.ScriptEngine.run(ScriptEngine.java:194)
	at com.kms.katalon.core.main.ScriptEngine.runScriptAsRawText(ScriptEngine.java:119)
	at com.kms.katalon.core.main.TestCaseExecutor.runScript(TestCaseExecutor.java:328)
	at com.kms.katalon.core.main.TestCaseExecutor.doExecute(TestCaseExecutor.java:319)
	at com.kms.katalon.core.main.TestCaseExecutor.processExecutionPhase(TestCaseExecutor.java:298)
	at com.kms.katalon.core.main.TestCaseExecutor.accessMainPhase(TestCaseExecutor.java:290)
	at com.kms.katalon.core.main.TestCaseExecutor.execute(TestCaseExecutor.java:224)
	at com.kms.katalon.core.main.TestSuiteExecutor.accessTestCaseMainPhase(TestSuiteExecutor.java:129)
	at com.kms.katalon.core.main.TestSuiteExecutor.accessTestSuiteMainPhase(TestSuiteExecutor.java:112)
	at com.kms.katalon.core.main.TestSuiteExecutor.execute(TestSuiteExecutor.java:81)
	at com.kms.katalon.core.main.TestCaseMain.startTestSuite(TestCaseMain.java:149)
	at com.kms.katalon.core.main.TestCaseMain$startTestSuite$0.call(Unknown Source)
	at TempTestSuite1562786448509.run(TempTestSuite1562786448509.groovy:36)]]></system-err>
      </testcase>
      <testcase name="Test Cases/PRODUCT PAGE/Shop all products CTA" classname="Test Cases/PRODUCT PAGE/Shop all products CTA" status="PASSED">
         <system-out><![CDATA[2019-07-10 15:47:59 - [TEST_CASE][PASSED] - Test Cases/PRODUCT PAGE/Shop all products CTA: Test Cases/PRODUCT PAGE/Shop all products CTA

2019-07-10 15:47:59 - [TEST_STEP][PASSED] - callTestCase(findTestCase("CALL - URL"), [:], STOP_ON_FAILURE): Call Test Case 'Test Cases/CALL - URL' successfully

2019-07-10 15:47:59 - [TEST_CASE][PASSED] - Test Cases/CALL - URL: Test Cases/CALL - URL

2019-07-10 15:47:59 - [TEST_STEP][PASSED] - openBrowser(""): Browser is opened with url: ''

2019-07-10 15:47:59 - [MESSAGE][WARNING] - A browser is already opened. Closing browser and opening a new one

2019-07-10 15:48:00 - [MESSAGE][INFO] - Starting 'Remote' driver

2019-07-10 15:48:00 - [MESSAGE][INFO] - User set preference: ['os', 'Windows']

2019-07-10 15:48:00 - [MESSAGE][INFO] - User set preference: ['os_version', '10']

2019-07-10 15:48:00 - [MESSAGE][INFO] - User set preference: ['browser', 'Edge']

2019-07-10 15:48:00 - [MESSAGE][INFO] - User set preference: ['browser_version', '18.0']

2019-07-10 15:48:00 - [MESSAGE][INFO] - User set preference: ['resolution', '']

2019-07-10 15:48:00 - [MESSAGE][INFO] - Connecting to remote web server 'https://dianatest3:Z3oqw9ysqTeRQJq5wFCp@hub-cloud.browserstack.com/wd/hub' with type 'Selenium'

2019-07-10 15:48:18 - [MESSAGE][PASSED] - Browser is opened with url: ''

2019-07-10 15:48:18 - [TEST_STEP][PASSED] - navigateToUrl("https://diff-apollo.myshopify.com/?key=eec34184cfd8f82cda816f82753a8c8e9e240f30cf54470e19667b8cbb401948&preview_theme_id="): Navigate to 'https://diff-apollo.myshopify.com/?key=eec34184cfd8f82cda816f82753a8c8e9e240f30cf54470e19667b8cbb401948&preview_theme_id=' successfully

2019-07-10 15:48:23 - [MESSAGE][PASSED] - Navigate to 'https://diff-apollo.myshopify.com/?key=eec34184cfd8f82cda816f82753a8c8e9e240f30cf54470e19667b8cbb401948&preview_theme_id=' successfully

2019-07-10 15:48:23 - [TEST_STEP][NOT_RUN] - executeJavaScript("var previewBar = document.getElementById("preview-bar-iframe"); previewBar.style.display = "none";", []): NOT_RUN: executeJavaScript("var previewBar = document.getElementById("preview-bar-iframe"); previewBar.style.display = "none";", [])

2019-07-10 15:48:23 - [MESSAGE][NOT_RUN] - NOT_RUN: executeJavaScript("var previewBar = document.getElementById("preview-bar-iframe"); previewBar.style.display = "none";", [])

2019-07-10 15:48:23 - [TEST_STEP][PASSED] - maximizeWindow(): Current window maximized

2019-07-10 15:48:24 - [MESSAGE][PASSED] - Current window maximized

2019-07-10 15:48:24 - [MESSAGE][PASSED] - Call Test Case 'Test Cases/CALL - URL' successfully

2019-07-10 15:48:24 - [TEST_STEP][PASSED] - delay(2): Delayed 2 second(s)

2019-07-10 15:48:26 - [MESSAGE][PASSED] - Delayed 2 second(s)

2019-07-10 15:48:26 - [TEST_STEP][PASSED] - click(findTestObject("APOLLO- Desktop/Burger Menu/Burgermenu")): Object: 'Object Repository/APOLLO- Desktop/Burger Menu/Burgermenu' is clicked on

2019-07-10 15:48:28 - [MESSAGE][PASSED] - Object: 'Object Repository/APOLLO- Desktop/Burger Menu/Burgermenu' is clicked on

2019-07-10 15:48:28 - [TEST_STEP][PASSED] - delay(2): Delayed 2 second(s)

2019-07-10 15:48:30 - [MESSAGE][PASSED] - Delayed 2 second(s)

2019-07-10 15:48:30 - [TEST_STEP][PASSED] - click(findTestObject("APOLLO- Desktop/Burger Menu/Mens chevron")): Object: 'Object Repository/APOLLO- Desktop/Burger Menu/Mens chevron' is clicked on

2019-07-10 15:48:31 - [MESSAGE][PASSED] - Object: 'Object Repository/APOLLO- Desktop/Burger Menu/Mens chevron' is clicked on

2019-07-10 15:48:31 - [TEST_STEP][PASSED] - delay(2): Delayed 2 second(s)

2019-07-10 15:48:33 - [MESSAGE][PASSED] - Delayed 2 second(s)

2019-07-10 15:48:33 - [TEST_STEP][PASSED] - click(findTestObject("APOLLO- Desktop/Burger Menu/Mens - Top Chevron")): Object: 'Object Repository/APOLLO- Desktop/Burger Menu/Mens - Top Chevron' is clicked on

2019-07-10 15:48:35 - [MESSAGE][PASSED] - Object: 'Object Repository/APOLLO- Desktop/Burger Menu/Mens - Top Chevron' is clicked on

2019-07-10 15:48:35 - [TEST_STEP][PASSED] - delay(2): Delayed 2 second(s)

2019-07-10 15:48:37 - [MESSAGE][PASSED] - Delayed 2 second(s)

2019-07-10 15:48:37 - [TEST_STEP][PASSED] - click(findTestObject("APOLLO- Desktop/Burger Menu/Shirts link")): Object: 'Object Repository/APOLLO- Desktop/Burger Menu/Shirts link' is clicked on

2019-07-10 15:48:40 - [MESSAGE][PASSED] - Object: 'Object Repository/APOLLO- Desktop/Burger Menu/Shirts link' is clicked on

2019-07-10 15:48:40 - [TEST_STEP][NOT_RUN] - executeJavaScript("var previewBar = document.getElementById("preview-bar-iframe"); previewBar.style.display = "none";", []): NOT_RUN: executeJavaScript("var previewBar = document.getElementById("preview-bar-iframe"); previewBar.style.display = "none";", [])

2019-07-10 15:48:40 - [MESSAGE][NOT_RUN] - NOT_RUN: executeJavaScript("var previewBar = document.getElementById("preview-bar-iframe"); previewBar.style.display = "none";", [])

2019-07-10 15:48:40 - [TEST_STEP][PASSED] - delay(2): Delayed 2 second(s)

2019-07-10 15:48:42 - [MESSAGE][PASSED] - Delayed 2 second(s)

2019-07-10 15:48:42 - [TEST_STEP][PASSED] - click(findTestObject("APOLLO- Desktop/Collection page/Blue shirt product")): Object: 'Object Repository/APOLLO- Desktop/Collection page/Blue shirt product' is clicked on

2019-07-10 15:48:42 - [MESSAGE][PASSED] - Object: 'Object Repository/APOLLO- Desktop/Collection page/Blue shirt product' is clicked on

2019-07-10 15:48:42 - [TEST_STEP][PASSED] - delay(2): Delayed 2 second(s)

2019-07-10 15:48:44 - [MESSAGE][PASSED] - Delayed 2 second(s)

2019-07-10 15:48:44 - [TEST_STEP][NOT_RUN] - executeJavaScript("var previewBar = document.getElementById("preview-bar-iframe"); previewBar.style.display = "none";", []): NOT_RUN: executeJavaScript("var previewBar = document.getElementById("preview-bar-iframe"); previewBar.style.display = "none";", [])

2019-07-10 15:48:44 - [MESSAGE][NOT_RUN] - NOT_RUN: executeJavaScript("var previewBar = document.getElementById("preview-bar-iframe"); previewBar.style.display = "none";", [])

2019-07-10 15:48:44 - [TEST_STEP][PASSED] - delay(2): Delayed 2 second(s)

2019-07-10 15:48:46 - [MESSAGE][PASSED] - Delayed 2 second(s)

2019-07-10 15:48:46 - [TEST_STEP][PASSED] - click(findTestObject("APOLLO- Desktop/Product page/a_Shop all products")): Object: 'Object Repository/APOLLO- Desktop/Product page/a_Shop all products' is clicked on

2019-07-10 15:48:47 - [MESSAGE][PASSED] - Object: 'Object Repository/APOLLO- Desktop/Product page/a_Shop all products' is clicked on

2019-07-10 15:48:47 - [TEST_STEP][PASSED] - a = getWindowTitle(): Current window's title is: 'Products – Diff Apollo'

2019-07-10 15:48:49 - [MESSAGE][PASSED] - Current window's title is: 'Products – Diff Apollo'

2019-07-10 15:48:49 - [TEST_STEP][PASSED] - comment(" a=" + a):  a=Products – Diff Apollo

2019-07-10 15:48:49 - [MESSAGE][INFO] -  a=Products – Diff Apollo

2019-07-10 15:48:49 - [TEST_STEP][PASSED] - b = "Products – Diff Apollo": null

2019-07-10 15:48:49 - [TEST_STEP][PASSED] - if (a == b): right page

2019-07-10 15:48:49 - [TEST_STEP][PASSED] - comment("right page"): right page

2019-07-10 15:48:49 - [MESSAGE][INFO] - right page]]></system-out>
         <system-err><![CDATA[]]></system-err>
      </testcase>
      <testcase name="Test Cases/PRODUCT PAGE/Image sliders and chevrons" classname="Test Cases/PRODUCT PAGE/Image sliders and chevrons" status="PASSED">
         <system-out><![CDATA[2019-07-10 15:48:49 - [TEST_CASE][PASSED] - Test Cases/PRODUCT PAGE/Image sliders and chevrons: Test Cases/PRODUCT PAGE/Image sliders and chevrons

2019-07-10 15:48:49 - [TEST_STEP][PASSED] - callTestCase(findTestCase("CALL - URL"), [:], STOP_ON_FAILURE): Call Test Case 'Test Cases/CALL - URL' successfully

2019-07-10 15:48:49 - [TEST_CASE][PASSED] - Test Cases/CALL - URL: Test Cases/CALL - URL

2019-07-10 15:48:49 - [TEST_STEP][PASSED] - openBrowser(""): Browser is opened with url: ''

2019-07-10 15:48:49 - [MESSAGE][WARNING] - A browser is already opened. Closing browser and opening a new one

2019-07-10 15:48:54 - [MESSAGE][INFO] - Starting 'Remote' driver

2019-07-10 15:48:54 - [MESSAGE][INFO] - User set preference: ['os', 'Windows']

2019-07-10 15:48:54 - [MESSAGE][INFO] - User set preference: ['os_version', '10']

2019-07-10 15:48:54 - [MESSAGE][INFO] - User set preference: ['browser', 'Edge']

2019-07-10 15:48:54 - [MESSAGE][INFO] - User set preference: ['browser_version', '18.0']

2019-07-10 15:48:54 - [MESSAGE][INFO] - User set preference: ['resolution', '']

2019-07-10 15:48:54 - [MESSAGE][INFO] - Connecting to remote web server 'https://dianatest3:Z3oqw9ysqTeRQJq5wFCp@hub-cloud.browserstack.com/wd/hub' with type 'Selenium'

2019-07-10 15:49:12 - [MESSAGE][PASSED] - Browser is opened with url: ''

2019-07-10 15:49:12 - [TEST_STEP][PASSED] - navigateToUrl("https://diff-apollo.myshopify.com/?key=eec34184cfd8f82cda816f82753a8c8e9e240f30cf54470e19667b8cbb401948&preview_theme_id="): Navigate to 'https://diff-apollo.myshopify.com/?key=eec34184cfd8f82cda816f82753a8c8e9e240f30cf54470e19667b8cbb401948&preview_theme_id=' successfully

2019-07-10 15:49:21 - [MESSAGE][PASSED] - Navigate to 'https://diff-apollo.myshopify.com/?key=eec34184cfd8f82cda816f82753a8c8e9e240f30cf54470e19667b8cbb401948&preview_theme_id=' successfully

2019-07-10 15:49:21 - [TEST_STEP][NOT_RUN] - executeJavaScript("var previewBar = document.getElementById("preview-bar-iframe"); previewBar.style.display = "none";", []): NOT_RUN: executeJavaScript("var previewBar = document.getElementById("preview-bar-iframe"); previewBar.style.display = "none";", [])

2019-07-10 15:49:21 - [MESSAGE][NOT_RUN] - NOT_RUN: executeJavaScript("var previewBar = document.getElementById("preview-bar-iframe"); previewBar.style.display = "none";", [])

2019-07-10 15:49:21 - [TEST_STEP][PASSED] - maximizeWindow(): Current window maximized

2019-07-10 15:49:22 - [MESSAGE][PASSED] - Current window maximized

2019-07-10 15:49:22 - [MESSAGE][PASSED] - Call Test Case 'Test Cases/CALL - URL' successfully

2019-07-10 15:49:22 - [TEST_STEP][PASSED] - delay(2): Delayed 2 second(s)

2019-07-10 15:49:24 - [MESSAGE][PASSED] - Delayed 2 second(s)

2019-07-10 15:49:24 - [TEST_STEP][PASSED] - click(findTestObject("APOLLO- Desktop/Burger Menu/Burgermenu")): Object: 'Object Repository/APOLLO- Desktop/Burger Menu/Burgermenu' is clicked on

2019-07-10 15:49:26 - [MESSAGE][PASSED] - Object: 'Object Repository/APOLLO- Desktop/Burger Menu/Burgermenu' is clicked on

2019-07-10 15:49:26 - [TEST_STEP][PASSED] - delay(2): Delayed 2 second(s)

2019-07-10 15:49:28 - [MESSAGE][PASSED] - Delayed 2 second(s)

2019-07-10 15:49:28 - [TEST_STEP][PASSED] - click(findTestObject("APOLLO- Desktop/Burger Menu/Mens chevron")): Object: 'Object Repository/APOLLO- Desktop/Burger Menu/Mens chevron' is clicked on

2019-07-10 15:49:30 - [MESSAGE][PASSED] - Object: 'Object Repository/APOLLO- Desktop/Burger Menu/Mens chevron' is clicked on

2019-07-10 15:49:30 - [TEST_STEP][PASSED] - delay(2): Delayed 2 second(s)

2019-07-10 15:49:32 - [MESSAGE][PASSED] - Delayed 2 second(s)

2019-07-10 15:49:32 - [TEST_STEP][PASSED] - click(findTestObject("APOLLO- Desktop/Burger Menu/Mens - Top Chevron")): Object: 'Object Repository/APOLLO- Desktop/Burger Menu/Mens - Top Chevron' is clicked on

2019-07-10 15:49:33 - [MESSAGE][PASSED] - Object: 'Object Repository/APOLLO- Desktop/Burger Menu/Mens - Top Chevron' is clicked on

2019-07-10 15:49:33 - [TEST_STEP][PASSED] - delay(2): Delayed 2 second(s)

2019-07-10 15:49:35 - [MESSAGE][PASSED] - Delayed 2 second(s)

2019-07-10 15:49:35 - [TEST_STEP][PASSED] - click(findTestObject("APOLLO- Desktop/Burger Menu/Shirts link")): Object: 'Object Repository/APOLLO- Desktop/Burger Menu/Shirts link' is clicked on

2019-07-10 15:49:35 - [MESSAGE][PASSED] - Object: 'Object Repository/APOLLO- Desktop/Burger Menu/Shirts link' is clicked on

2019-07-10 15:49:35 - [TEST_STEP][NOT_RUN] - executeJavaScript("var previewBar = document.getElementById("preview-bar-iframe"); previewBar.style.display = "none";", []): NOT_RUN: executeJavaScript("var previewBar = document.getElementById("preview-bar-iframe"); previewBar.style.display = "none";", [])

2019-07-10 15:49:35 - [MESSAGE][NOT_RUN] - NOT_RUN: executeJavaScript("var previewBar = document.getElementById("preview-bar-iframe"); previewBar.style.display = "none";", [])

2019-07-10 15:49:35 - [TEST_STEP][PASSED] - delay(2): Delayed 2 second(s)

2019-07-10 15:49:37 - [MESSAGE][PASSED] - Delayed 2 second(s)

2019-07-10 15:49:37 - [TEST_STEP][PASSED] - click(findTestObject("APOLLO- Desktop/Collection page/Striped T-shirt")): Object: 'Object Repository/APOLLO- Desktop/Collection page/Striped T-shirt' is clicked on

2019-07-10 15:49:38 - [MESSAGE][PASSED] - Object: 'Object Repository/APOLLO- Desktop/Collection page/Striped T-shirt' is clicked on

2019-07-10 15:49:38 - [TEST_STEP][PASSED] - delay(2): Delayed 2 second(s)

2019-07-10 15:49:40 - [MESSAGE][PASSED] - Delayed 2 second(s)

2019-07-10 15:49:40 - [TEST_STEP][NOT_RUN] - executeJavaScript("var previewBar = document.getElementById("preview-bar-iframe"); previewBar.style.display = "none";", []): NOT_RUN: executeJavaScript("var previewBar = document.getElementById("preview-bar-iframe"); previewBar.style.display = "none";", [])

2019-07-10 15:49:40 - [MESSAGE][NOT_RUN] - NOT_RUN: executeJavaScript("var previewBar = document.getElementById("preview-bar-iframe"); previewBar.style.display = "none";", [])

2019-07-10 15:49:40 - [TEST_STEP][PASSED] - delay(2): Delayed 2 second(s)

2019-07-10 15:49:42 - [MESSAGE][PASSED] - Delayed 2 second(s)

2019-07-10 15:49:42 - [TEST_STEP][PASSED] - click(findTestObject("APOLLO- Desktop/Product page/Image slider 1")): Object: 'Object Repository/APOLLO- Desktop/Product page/Image slider 1' is clicked on

2019-07-10 15:49:43 - [MESSAGE][PASSED] - Object: 'Object Repository/APOLLO- Desktop/Product page/Image slider 1' is clicked on

2019-07-10 15:49:43 - [TEST_STEP][PASSED] - delay(2): Delayed 2 second(s)

2019-07-10 15:49:45 - [MESSAGE][PASSED] - Delayed 2 second(s)

2019-07-10 15:49:45 - [TEST_STEP][PASSED] - click(findTestObject("APOLLO- Desktop/Product page/Image slider 2")): Object: 'Object Repository/APOLLO- Desktop/Product page/Image slider 2' is clicked on

2019-07-10 15:49:46 - [MESSAGE][PASSED] - Object: 'Object Repository/APOLLO- Desktop/Product page/Image slider 2' is clicked on

2019-07-10 15:49:46 - [TEST_STEP][PASSED] - delay(2): Delayed 2 second(s)

2019-07-10 15:49:48 - [MESSAGE][PASSED] - Delayed 2 second(s)

2019-07-10 15:49:48 - [TEST_STEP][PASSED] - click(findTestObject("APOLLO- Desktop/Product page/Image slider 3")): Object: 'Object Repository/APOLLO- Desktop/Product page/Image slider 3' is clicked on

2019-07-10 15:49:48 - [MESSAGE][PASSED] - Object: 'Object Repository/APOLLO- Desktop/Product page/Image slider 3' is clicked on

2019-07-10 15:49:48 - [TEST_STEP][PASSED] - delay(2): Delayed 2 second(s)

2019-07-10 15:49:50 - [MESSAGE][PASSED] - Delayed 2 second(s)

2019-07-10 15:49:50 - [TEST_STEP][PASSED] - click(findTestObject("APOLLO- Desktop/Product page/Image slider 4")): Object: 'Object Repository/APOLLO- Desktop/Product page/Image slider 4' is clicked on

2019-07-10 15:49:50 - [MESSAGE][PASSED] - Object: 'Object Repository/APOLLO- Desktop/Product page/Image slider 4' is clicked on

2019-07-10 15:49:50 - [TEST_STEP][PASSED] - delay(2): Delayed 2 second(s)

2019-07-10 15:49:52 - [MESSAGE][PASSED] - Delayed 2 second(s)

2019-07-10 15:49:52 - [TEST_STEP][PASSED] - click(findTestObject("APOLLO- Desktop/Product page/Image slider 5")): Object: 'Object Repository/APOLLO- Desktop/Product page/Image slider 5' is clicked on

2019-07-10 15:49:53 - [MESSAGE][PASSED] - Object: 'Object Repository/APOLLO- Desktop/Product page/Image slider 5' is clicked on

2019-07-10 15:49:53 - [TEST_STEP][PASSED] - delay(2): Delayed 2 second(s)

2019-07-10 15:49:55 - [MESSAGE][PASSED] - Delayed 2 second(s)

2019-07-10 15:49:55 - [TEST_STEP][PASSED] - click(findTestObject("APOLLO- Desktop/Product page/Image slider 7")): Object: 'Object Repository/APOLLO- Desktop/Product page/Image slider 7' is clicked on

2019-07-10 15:49:55 - [MESSAGE][PASSED] - Object: 'Object Repository/APOLLO- Desktop/Product page/Image slider 7' is clicked on

2019-07-10 15:49:55 - [TEST_STEP][PASSED] - delay(2): Delayed 2 second(s)

2019-07-10 15:49:57 - [MESSAGE][PASSED] - Delayed 2 second(s)

2019-07-10 15:49:57 - [TEST_STEP][PASSED] - click(findTestObject("APOLLO- Desktop/Product page/Image slider 8")): Object: 'Object Repository/APOLLO- Desktop/Product page/Image slider 8' is clicked on

2019-07-10 15:49:58 - [MESSAGE][PASSED] - Object: 'Object Repository/APOLLO- Desktop/Product page/Image slider 8' is clicked on

2019-07-10 15:49:58 - [TEST_STEP][NOT_RUN] - delay(2): NOT_RUN: delay(2)

2019-07-10 15:49:58 - [MESSAGE][NOT_RUN] - NOT_RUN: delay(2)

2019-07-10 15:49:58 - [TEST_STEP][PASSED] - delay(2): Delayed 2 second(s)

2019-07-10 15:50:00 - [MESSAGE][PASSED] - Delayed 2 second(s)

2019-07-10 15:50:00 - [TEST_STEP][NOT_RUN] - mouseOver(findTestObject("APOLLO- Desktop/Product page/Next button")): NOT_RUN: mouseOver(findTestObject("APOLLO- Desktop/Product page/Next button"))

2019-07-10 15:50:00 - [MESSAGE][NOT_RUN] - NOT_RUN: mouseOver(findTestObject("APOLLO- Desktop/Product page/Next button"))

2019-07-10 15:50:00 - [TEST_STEP][PASSED] - delay(2): Delayed 2 second(s)

2019-07-10 15:50:02 - [MESSAGE][PASSED] - Delayed 2 second(s)

2019-07-10 15:50:02 - [TEST_STEP][PASSED] - mouseOver(findTestObject("APOLLO- Desktop/Product page/Previous button")): Object: 'Object Repository/APOLLO- Desktop/Product page/Previous button' is hovered

2019-07-10 15:50:03 - [MESSAGE][PASSED] - Object: 'Object Repository/APOLLO- Desktop/Product page/Previous button' is hovered

2019-07-10 15:50:03 - [TEST_STEP][PASSED] - delay(2): Delayed 2 second(s)

2019-07-10 15:50:05 - [MESSAGE][PASSED] - Delayed 2 second(s)

2019-07-10 15:50:05 - [TEST_STEP][PASSED] - click(findTestObject("APOLLO- Desktop/Product page/Previous button")): Object: 'Object Repository/APOLLO- Desktop/Product page/Previous button' is clicked on

2019-07-10 15:50:05 - [MESSAGE][PASSED] - Object: 'Object Repository/APOLLO- Desktop/Product page/Previous button' is clicked on

2019-07-10 15:50:05 - [TEST_STEP][PASSED] - delay(2): Delayed 2 second(s)

2019-07-10 15:50:07 - [MESSAGE][PASSED] - Delayed 2 second(s)

2019-07-10 15:50:07 - [TEST_STEP][PASSED] - click(findTestObject("APOLLO- Desktop/Product page/Next button")): Object: 'Object Repository/APOLLO- Desktop/Product page/Next button' is clicked on

2019-07-10 15:50:07 - [MESSAGE][PASSED] - Object: 'Object Repository/APOLLO- Desktop/Product page/Next button' is clicked on]]></system-out>
         <system-err><![CDATA[]]></system-err>
      </testcase>
      <testcase name="Test Cases/CRITICAL PATH/Home page - add to bag CTA" classname="Test Cases/CRITICAL PATH/Home page - add to bag CTA" status="FAILED">
         <failure type="FAILED" message="Test Cases/CRITICAL PATH/Home page - add to bag CTA FAILED.
Reason:
com.kms.katalon.core.exception.StepFailedException: Unable to verify object 'Object Repository/APOLLO- Desktop/Home page/Navy variant' to be clickable (Root cause: com.kms.katalon.core.exception.StepFailedException: Web element with id: 'Object Repository/APOLLO- Desktop/Home page/Navy variant' located by 'By.xpath: //fieldset[@name='Color']//label[contains(text(),'Navy')][count(. | //label[@for = 'option1-navy']) = count(//label[@for = 'option1-navy'])]' not found)
	at com.kms.katalon.core.keyword.internal.KeywordMain.stepFailed(KeywordMain.groovy:36)
	at com.kms.katalon.core.webui.keyword.internal.WebUIKeywordMain.stepFailed(WebUIKeywordMain.groovy:65)
	at com.kms.katalon.core.webui.keyword.internal.WebUIKeywordMain.runKeyword(WebUIKeywordMain.groovy:27)
	at com.kms.katalon.core.webui.keyword.builtin.VerifyElementClickableKeyword.verifyElementClickable(VerifyElementClickableKeyword.groovy:96)
	at com.kms.katalon.core.webui.keyword.builtin.VerifyElementClickableKeyword.execute(VerifyElementClickableKeyword.groovy:67)
	at com.kms.katalon.core.keyword.internal.KeywordExecutor.executeKeywordForPlatform(KeywordExecutor.groovy:53)
	at com.kms.katalon.core.webui.keyword.WebUiBuiltInKeywords.verifyElementClickable(WebUiBuiltInKeywords.groovy:562)
	at com.kms.katalon.core.webui.keyword.WebUiBuiltInKeywords$verifyElementClickable$12.call(Unknown Source)
	at Home page - add to bag CTA.run(Home page - add to bag CTA:20)
	at com.kms.katalon.core.main.ScriptEngine.run(ScriptEngine.java:194)
	at com.kms.katalon.core.main.ScriptEngine.runScriptAsRawText(ScriptEngine.java:119)
	at com.kms.katalon.core.main.TestCaseExecutor.runScript(TestCaseExecutor.java:328)
	at com.kms.katalon.core.main.TestCaseExecutor.doExecute(TestCaseExecutor.java:319)
	at com.kms.katalon.core.main.TestCaseExecutor.processExecutionPhase(TestCaseExecutor.java:298)
	at com.kms.katalon.core.main.TestCaseExecutor.accessMainPhase(TestCaseExecutor.java:290)
	at com.kms.katalon.core.main.TestCaseExecutor.execute(TestCaseExecutor.java:224)
	at com.kms.katalon.core.main.TestSuiteExecutor.accessTestCaseMainPhase(TestSuiteExecutor.java:129)
	at com.kms.katalon.core.main.TestSuiteExecutor.accessTestSuiteMainPhase(TestSuiteExecutor.java:112)
	at com.kms.katalon.core.main.TestSuiteExecutor.execute(TestSuiteExecutor.java:81)
	at com.kms.katalon.core.main.TestCaseMain.startTestSuite(TestCaseMain.java:149)
	at com.kms.katalon.core.main.TestCaseMain$startTestSuite$0.call(Unknown Source)
	at TempTestSuite1562786448509.run(TempTestSuite1562786448509.groovy:36)
"/>
         <system-out><![CDATA[2019-07-10 15:50:07 - [TEST_CASE][FAILED] - Test Cases/CRITICAL PATH/Home page - add to bag CTA: Test Cases/CRITICAL PATH/Home page - add to bag CTA FAILED.
Reason:
com.kms.katalon.core.exception.StepFailedException: Unable to verify object 'Object Repository/APOLLO- Desktop/Home page/Navy variant' to be clickable (Root cause: com.kms.katalon.core.exception.StepFailedException: Web element with id: 'Object Repository/APOLLO- Desktop/Home page/Navy variant' located by 'By.xpath: //fieldset[@name='Color']//label[contains(text(),'Navy')][count(. | //label[@for = 'option1-navy']) = count(//label[@for = 'option1-navy'])]' not found)
	at com.kms.katalon.core.keyword.internal.KeywordMain.stepFailed(KeywordMain.groovy:36)
	at com.kms.katalon.core.webui.keyword.internal.WebUIKeywordMain.stepFailed(WebUIKeywordMain.groovy:65)
	at com.kms.katalon.core.webui.keyword.internal.WebUIKeywordMain.runKeyword(WebUIKeywordMain.groovy:27)
	at com.kms.katalon.core.webui.keyword.builtin.VerifyElementClickableKeyword.verifyElementClickable(VerifyElementClickableKeyword.groovy:96)
	at com.kms.katalon.core.webui.keyword.builtin.VerifyElementClickableKeyword.execute(VerifyElementClickableKeyword.groovy:67)
	at com.kms.katalon.core.keyword.internal.KeywordExecutor.executeKeywordForPlatform(KeywordExecutor.groovy:53)
	at com.kms.katalon.core.webui.keyword.WebUiBuiltInKeywords.verifyElementClickable(WebUiBuiltInKeywords.groovy:562)
	at com.kms.katalon.core.webui.keyword.WebUiBuiltInKeywords$verifyElementClickable$12.call(Unknown Source)
	at Home page - add to bag CTA.run(Home page - add to bag CTA:20)
	at com.kms.katalon.core.main.ScriptEngine.run(ScriptEngine.java:194)
	at com.kms.katalon.core.main.ScriptEngine.runScriptAsRawText(ScriptEngine.java:119)
	at com.kms.katalon.core.main.TestCaseExecutor.runScript(TestCaseExecutor.java:328)
	at com.kms.katalon.core.main.TestCaseExecutor.doExecute(TestCaseExecutor.java:319)
	at com.kms.katalon.core.main.TestCaseExecutor.processExecutionPhase(TestCaseExecutor.java:298)
	at com.kms.katalon.core.main.TestCaseExecutor.accessMainPhase(TestCaseExecutor.java:290)
	at com.kms.katalon.core.main.TestCaseExecutor.execute(TestCaseExecutor.java:224)
	at com.kms.katalon.core.main.TestSuiteExecutor.accessTestCaseMainPhase(TestSuiteExecutor.java:129)
	at com.kms.katalon.core.main.TestSuiteExecutor.accessTestSuiteMainPhase(TestSuiteExecutor.java:112)
	at com.kms.katalon.core.main.TestSuiteExecutor.execute(TestSuiteExecutor.java:81)
	at com.kms.katalon.core.main.TestCaseMain.startTestSuite(TestCaseMain.java:149)
	at com.kms.katalon.core.main.TestCaseMain$startTestSuite$0.call(Unknown Source)
	at TempTestSuite1562786448509.run(TempTestSuite1562786448509.groovy:36)


2019-07-10 15:50:08 - [TEST_STEP][PASSED] - callTestCase(findTestCase("CALL - URL"), [:], STOP_ON_FAILURE): Call Test Case 'Test Cases/CALL - URL' successfully

2019-07-10 15:50:08 - [TEST_CASE][PASSED] - Test Cases/CALL - URL: Test Cases/CALL - URL

2019-07-10 15:50:08 - [TEST_STEP][PASSED] - openBrowser(""): Browser is opened with url: ''

2019-07-10 15:50:08 - [MESSAGE][WARNING] - A browser is already opened. Closing browser and opening a new one

2019-07-10 15:50:10 - [MESSAGE][INFO] - Starting 'Remote' driver

2019-07-10 15:50:10 - [MESSAGE][INFO] - User set preference: ['os', 'Windows']

2019-07-10 15:50:10 - [MESSAGE][INFO] - User set preference: ['os_version', '10']

2019-07-10 15:50:10 - [MESSAGE][INFO] - User set preference: ['browser', 'Edge']

2019-07-10 15:50:10 - [MESSAGE][INFO] - User set preference: ['browser_version', '18.0']

2019-07-10 15:50:10 - [MESSAGE][INFO] - User set preference: ['resolution', '']

2019-07-10 15:50:10 - [MESSAGE][INFO] - Connecting to remote web server 'https://dianatest3:Z3oqw9ysqTeRQJq5wFCp@hub-cloud.browserstack.com/wd/hub' with type 'Selenium'

2019-07-10 15:50:28 - [MESSAGE][PASSED] - Browser is opened with url: ''

2019-07-10 15:50:28 - [TEST_STEP][PASSED] - navigateToUrl("https://diff-apollo.myshopify.com/?key=eec34184cfd8f82cda816f82753a8c8e9e240f30cf54470e19667b8cbb401948&preview_theme_id="): Navigate to 'https://diff-apollo.myshopify.com/?key=eec34184cfd8f82cda816f82753a8c8e9e240f30cf54470e19667b8cbb401948&preview_theme_id=' successfully

2019-07-10 15:50:35 - [MESSAGE][PASSED] - Navigate to 'https://diff-apollo.myshopify.com/?key=eec34184cfd8f82cda816f82753a8c8e9e240f30cf54470e19667b8cbb401948&preview_theme_id=' successfully

2019-07-10 15:50:35 - [TEST_STEP][NOT_RUN] - executeJavaScript("var previewBar = document.getElementById("preview-bar-iframe"); previewBar.style.display = "none";", []): NOT_RUN: executeJavaScript("var previewBar = document.getElementById("preview-bar-iframe"); previewBar.style.display = "none";", [])

2019-07-10 15:50:35 - [MESSAGE][NOT_RUN] - NOT_RUN: executeJavaScript("var previewBar = document.getElementById("preview-bar-iframe"); previewBar.style.display = "none";", [])

2019-07-10 15:50:35 - [TEST_STEP][PASSED] - maximizeWindow(): Current window maximized

2019-07-10 15:50:35 - [MESSAGE][PASSED] - Current window maximized

2019-07-10 15:50:35 - [MESSAGE][PASSED] - Call Test Case 'Test Cases/CALL - URL' successfully

2019-07-10 15:50:35 - [TEST_STEP][FAILED] - flag = verifyElementClickable(findTestObject("APOLLO- Desktop/Home page/Navy variant")): flag = verifyElementClickable(findTestObject("APOLLO- Desktop/Home page/Navy variant")) FAILED.
Reason:
com.kms.katalon.core.exception.StepFailedException: Unable to verify object 'Object Repository/APOLLO- Desktop/Home page/Navy variant' to be clickable (Root cause: com.kms.katalon.core.exception.StepFailedException: Web element with id: 'Object Repository/APOLLO- Desktop/Home page/Navy variant' located by 'By.xpath: //fieldset[@name='Color']//label[contains(text(),'Navy')][count(. | //label[@for = 'option1-navy']) = count(//label[@for = 'option1-navy'])]' not found)
	at com.kms.katalon.core.keyword.internal.KeywordMain.stepFailed(KeywordMain.groovy:36)
	at com.kms.katalon.core.webui.keyword.internal.WebUIKeywordMain.stepFailed(WebUIKeywordMain.groovy:65)
	at com.kms.katalon.core.webui.keyword.internal.WebUIKeywordMain.runKeyword(WebUIKeywordMain.groovy:27)
	at com.kms.katalon.core.webui.keyword.builtin.VerifyElementClickableKeyword.verifyElementClickable(VerifyElementClickableKeyword.groovy:96)
	at com.kms.katalon.core.webui.keyword.builtin.VerifyElementClickableKeyword.execute(VerifyElementClickableKeyword.groovy:67)
	at com.kms.katalon.core.keyword.internal.KeywordExecutor.executeKeywordForPlatform(KeywordExecutor.groovy:53)
	at com.kms.katalon.core.webui.keyword.WebUiBuiltInKeywords.verifyElementClickable(WebUiBuiltInKeywords.groovy:562)
	at com.kms.katalon.core.webui.keyword.WebUiBuiltInKeywords$verifyElementClickable$12.call(Unknown Source)
	at Home page - add to bag CTA.run(Home page - add to bag CTA:20)
	at com.kms.katalon.core.main.ScriptEngine.run(ScriptEngine.java:194)
	at com.kms.katalon.core.main.ScriptEngine.runScriptAsRawText(ScriptEngine.java:119)
	at com.kms.katalon.core.main.TestCaseExecutor.runScript(TestCaseExecutor.java:328)
	at com.kms.katalon.core.main.TestCaseExecutor.doExecute(TestCaseExecutor.java:319)
	at com.kms.katalon.core.main.TestCaseExecutor.processExecutionPhase(TestCaseExecutor.java:298)
	at com.kms.katalon.core.main.TestCaseExecutor.accessMainPhase(TestCaseExecutor.java:290)
	at com.kms.katalon.core.main.TestCaseExecutor.execute(TestCaseExecutor.java:224)
	at com.kms.katalon.core.main.TestSuiteExecutor.accessTestCaseMainPhase(TestSuiteExecutor.java:129)
	at com.kms.katalon.core.main.TestSuiteExecutor.accessTestSuiteMainPhase(TestSuiteExecutor.java:112)
	at com.kms.katalon.core.main.TestSuiteExecutor.execute(TestSuiteExecutor.java:81)
	at com.kms.katalon.core.main.TestCaseMain.startTestSuite(TestCaseMain.java:149)
	at com.kms.katalon.core.main.TestCaseMain$startTestSuite$0.call(Unknown Source)
	at TempTestSuite1562786448509.run(TempTestSuite1562786448509.groovy:36)


2019-07-10 15:51:24 - [MESSAGE][INFO] - Unable to find the element located by 'By.xpath: //fieldset[@name='Color']//label[contains(text(),'Navy')][count(. | //label[@for = 'option1-navy']) = count(//label[@for = 'option1-navy'])]'. Please recheck the objects properties to make sure the desired element is located. 

2019-07-10 15:51:25 - [MESSAGE][FAILED] - Web element with id: 'Object Repository/APOLLO- Desktop/Home page/Navy variant' located by 'By.xpath: //fieldset[@name='Color']//label[contains(text(),'Navy')][count(. | //label[@for = 'option1-navy']) = count(//label[@for = 'option1-navy'])]' not found
[[ATTACHMENT|/Users/sumankompelly/git/Apollo-Dark-Desktop/Reports/Apollo - dark build/20190710_152048/1562788284672.png]]

2019-07-10 15:51:26 - [MESSAGE][FAILED] - Unable to verify object 'Object Repository/APOLLO- Desktop/Home page/Navy variant' to be clickable (Root cause: com.kms.katalon.core.exception.StepFailedException: Web element with id: 'Object Repository/APOLLO- Desktop/Home page/Navy variant' located by 'By.xpath: //fieldset[@name='Color']//label[contains(text(),'Navy')][count(. | //label[@for = 'option1-navy']) = count(//label[@for = 'option1-navy'])]' not found)
[[ATTACHMENT|/Users/sumankompelly/git/Apollo-Dark-Desktop/Reports/Apollo - dark build/20190710_152048/1562788285549.png]]

2019-07-10 15:51:26 - [MESSAGE][FAILED] - flag = verifyElementClickable(findTestObject("APOLLO- Desktop/Home page/Navy variant")) FAILED.
Reason:
com.kms.katalon.core.exception.StepFailedException: Unable to verify object 'Object Repository/APOLLO- Desktop/Home page/Navy variant' to be clickable (Root cause: com.kms.katalon.core.exception.StepFailedException: Web element with id: 'Object Repository/APOLLO- Desktop/Home page/Navy variant' located by 'By.xpath: //fieldset[@name='Color']//label[contains(text(),'Navy')][count(. | //label[@for = 'option1-navy']) = count(//label[@for = 'option1-navy'])]' not found)
	at com.kms.katalon.core.keyword.internal.KeywordMain.stepFailed(KeywordMain.groovy:36)
	at com.kms.katalon.core.webui.keyword.internal.WebUIKeywordMain.stepFailed(WebUIKeywordMain.groovy:65)
	at com.kms.katalon.core.webui.keyword.internal.WebUIKeywordMain.runKeyword(WebUIKeywordMain.groovy:27)
	at com.kms.katalon.core.webui.keyword.builtin.VerifyElementClickableKeyword.verifyElementClickable(VerifyElementClickableKeyword.groovy:96)
	at com.kms.katalon.core.webui.keyword.builtin.VerifyElementClickableKeyword.execute(VerifyElementClickableKeyword.groovy:67)
	at com.kms.katalon.core.keyword.internal.KeywordExecutor.executeKeywordForPlatform(KeywordExecutor.groovy:53)
	at com.kms.katalon.core.webui.keyword.WebUiBuiltInKeywords.verifyElementClickable(WebUiBuiltInKeywords.groovy:562)
	at com.kms.katalon.core.webui.keyword.WebUiBuiltInKeywords$verifyElementClickable$12.call(Unknown Source)
	at Home page - add to bag CTA.run(Home page - add to bag CTA:20)
	at com.kms.katalon.core.main.ScriptEngine.run(ScriptEngine.java:194)
	at com.kms.katalon.core.main.ScriptEngine.runScriptAsRawText(ScriptEngine.java:119)
	at com.kms.katalon.core.main.TestCaseExecutor.runScript(TestCaseExecutor.java:328)
	at com.kms.katalon.core.main.TestCaseExecutor.doExecute(TestCaseExecutor.java:319)
	at com.kms.katalon.core.main.TestCaseExecutor.processExecutionPhase(TestCaseExecutor.java:298)
	at com.kms.katalon.core.main.TestCaseExecutor.accessMainPhase(TestCaseExecutor.java:290)
	at com.kms.katalon.core.main.TestCaseExecutor.execute(TestCaseExecutor.java:224)
	at com.kms.katalon.core.main.TestSuiteExecutor.accessTestCaseMainPhase(TestSuiteExecutor.java:129)
	at com.kms.katalon.core.main.TestSuiteExecutor.accessTestSuiteMainPhase(TestSuiteExecutor.java:112)
	at com.kms.katalon.core.main.TestSuiteExecutor.execute(TestSuiteExecutor.java:81)
	at com.kms.katalon.core.main.TestCaseMain.startTestSuite(TestCaseMain.java:149)
	at com.kms.katalon.core.main.TestCaseMain$startTestSuite$0.call(Unknown Source)
	at TempTestSuite1562786448509.run(TempTestSuite1562786448509.groovy:36)]]></system-out>
         <system-err><![CDATA[2019-07-10 15:50:07 - [TEST_CASE][FAILED] - Test Cases/CRITICAL PATH/Home page - add to bag CTA: Test Cases/CRITICAL PATH/Home page - add to bag CTA FAILED.
Reason:
com.kms.katalon.core.exception.StepFailedException: Unable to verify object 'Object Repository/APOLLO- Desktop/Home page/Navy variant' to be clickable (Root cause: com.kms.katalon.core.exception.StepFailedException: Web element with id: 'Object Repository/APOLLO- Desktop/Home page/Navy variant' located by 'By.xpath: //fieldset[@name='Color']//label[contains(text(),'Navy')][count(. | //label[@for = 'option1-navy']) = count(//label[@for = 'option1-navy'])]' not found)
	at com.kms.katalon.core.keyword.internal.KeywordMain.stepFailed(KeywordMain.groovy:36)
	at com.kms.katalon.core.webui.keyword.internal.WebUIKeywordMain.stepFailed(WebUIKeywordMain.groovy:65)
	at com.kms.katalon.core.webui.keyword.internal.WebUIKeywordMain.runKeyword(WebUIKeywordMain.groovy:27)
	at com.kms.katalon.core.webui.keyword.builtin.VerifyElementClickableKeyword.verifyElementClickable(VerifyElementClickableKeyword.groovy:96)
	at com.kms.katalon.core.webui.keyword.builtin.VerifyElementClickableKeyword.execute(VerifyElementClickableKeyword.groovy:67)
	at com.kms.katalon.core.keyword.internal.KeywordExecutor.executeKeywordForPlatform(KeywordExecutor.groovy:53)
	at com.kms.katalon.core.webui.keyword.WebUiBuiltInKeywords.verifyElementClickable(WebUiBuiltInKeywords.groovy:562)
	at com.kms.katalon.core.webui.keyword.WebUiBuiltInKeywords$verifyElementClickable$12.call(Unknown Source)
	at Home page - add to bag CTA.run(Home page - add to bag CTA:20)
	at com.kms.katalon.core.main.ScriptEngine.run(ScriptEngine.java:194)
	at com.kms.katalon.core.main.ScriptEngine.runScriptAsRawText(ScriptEngine.java:119)
	at com.kms.katalon.core.main.TestCaseExecutor.runScript(TestCaseExecutor.java:328)
	at com.kms.katalon.core.main.TestCaseExecutor.doExecute(TestCaseExecutor.java:319)
	at com.kms.katalon.core.main.TestCaseExecutor.processExecutionPhase(TestCaseExecutor.java:298)
	at com.kms.katalon.core.main.TestCaseExecutor.accessMainPhase(TestCaseExecutor.java:290)
	at com.kms.katalon.core.main.TestCaseExecutor.execute(TestCaseExecutor.java:224)
	at com.kms.katalon.core.main.TestSuiteExecutor.accessTestCaseMainPhase(TestSuiteExecutor.java:129)
	at com.kms.katalon.core.main.TestSuiteExecutor.accessTestSuiteMainPhase(TestSuiteExecutor.java:112)
	at com.kms.katalon.core.main.TestSuiteExecutor.execute(TestSuiteExecutor.java:81)
	at com.kms.katalon.core.main.TestCaseMain.startTestSuite(TestCaseMain.java:149)
	at com.kms.katalon.core.main.TestCaseMain$startTestSuite$0.call(Unknown Source)
	at TempTestSuite1562786448509.run(TempTestSuite1562786448509.groovy:36)]]></system-err>
      </testcase>
      <testcase name="Test Cases/CRITICAL PATH/Increase quantity - cart page" classname="Test Cases/CRITICAL PATH/Increase quantity - cart page" status="FAILED">
         <failure type="FAILED" message="Test Cases/CRITICAL PATH/Increase quantity - cart page FAILED.
Reason:
com.kms.katalon.core.exception.StepFailedException: Unable to select option by value 'Medium' of object 'Object Repository/APOLLO- Desktop/Product page/Size dropdown'  using regular expression (Root cause: com.kms.katalon.core.webui.exception.WebElementNotFoundException: Web element with id: 'Object Repository/APOLLO- Desktop/Product page/Size dropdown' located by 'By.xpath: //select[@name='Size']' not found)
	at com.kms.katalon.core.keyword.internal.KeywordMain.stepFailed(KeywordMain.groovy:36)
	at com.kms.katalon.core.webui.keyword.internal.WebUIKeywordMain.stepFailed(WebUIKeywordMain.groovy:65)
	at com.kms.katalon.core.webui.keyword.internal.WebUIKeywordMain.runKeyword(WebUIKeywordMain.groovy:27)
	at com.kms.katalon.core.webui.keyword.builtin.SelectOptionByValueKeyword.selectOptionByValue(SelectOptionByValueKeyword.groovy:99)
	at com.kms.katalon.core.webui.keyword.builtin.SelectOptionByValueKeyword.execute(SelectOptionByValueKeyword.groovy:71)
	at com.kms.katalon.core.keyword.internal.KeywordExecutor.executeKeywordForPlatform(KeywordExecutor.groovy:53)
	at com.kms.katalon.core.webui.keyword.WebUiBuiltInKeywords.selectOptionByValue(WebUiBuiltInKeywords.groovy:1138)
	at com.kms.katalon.core.webui.keyword.WebUiBuiltInKeywords$selectOptionByValue$9.call(Unknown Source)
	at Increase quantity - cart page.run(Increase quantity - cart page:43)
	at com.kms.katalon.core.main.ScriptEngine.run(ScriptEngine.java:194)
	at com.kms.katalon.core.main.ScriptEngine.runScriptAsRawText(ScriptEngine.java:119)
	at com.kms.katalon.core.main.TestCaseExecutor.runScript(TestCaseExecutor.java:328)
	at com.kms.katalon.core.main.TestCaseExecutor.doExecute(TestCaseExecutor.java:319)
	at com.kms.katalon.core.main.TestCaseExecutor.processExecutionPhase(TestCaseExecutor.java:298)
	at com.kms.katalon.core.main.TestCaseExecutor.accessMainPhase(TestCaseExecutor.java:290)
	at com.kms.katalon.core.main.TestCaseExecutor.execute(TestCaseExecutor.java:224)
	at com.kms.katalon.core.main.TestSuiteExecutor.accessTestCaseMainPhase(TestSuiteExecutor.java:129)
	at com.kms.katalon.core.main.TestSuiteExecutor.accessTestSuiteMainPhase(TestSuiteExecutor.java:112)
	at com.kms.katalon.core.main.TestSuiteExecutor.execute(TestSuiteExecutor.java:81)
	at com.kms.katalon.core.main.TestCaseMain.startTestSuite(TestCaseMain.java:149)
	at com.kms.katalon.core.main.TestCaseMain$startTestSuite$0.call(Unknown Source)
	at TempTestSuite1562786448509.run(TempTestSuite1562786448509.groovy:36)
"/>
         <system-out><![CDATA[2019-07-10 15:51:26 - [TEST_CASE][FAILED] - Test Cases/CRITICAL PATH/Increase quantity - cart page: Test Cases/CRITICAL PATH/Increase quantity - cart page FAILED.
Reason:
com.kms.katalon.core.exception.StepFailedException: Unable to select option by value 'Medium' of object 'Object Repository/APOLLO- Desktop/Product page/Size dropdown'  using regular expression (Root cause: com.kms.katalon.core.webui.exception.WebElementNotFoundException: Web element with id: 'Object Repository/APOLLO- Desktop/Product page/Size dropdown' located by 'By.xpath: //select[@name='Size']' not found)
	at com.kms.katalon.core.keyword.internal.KeywordMain.stepFailed(KeywordMain.groovy:36)
	at com.kms.katalon.core.webui.keyword.internal.WebUIKeywordMain.stepFailed(WebUIKeywordMain.groovy:65)
	at com.kms.katalon.core.webui.keyword.internal.WebUIKeywordMain.runKeyword(WebUIKeywordMain.groovy:27)
	at com.kms.katalon.core.webui.keyword.builtin.SelectOptionByValueKeyword.selectOptionByValue(SelectOptionByValueKeyword.groovy:99)
	at com.kms.katalon.core.webui.keyword.builtin.SelectOptionByValueKeyword.execute(SelectOptionByValueKeyword.groovy:71)
	at com.kms.katalon.core.keyword.internal.KeywordExecutor.executeKeywordForPlatform(KeywordExecutor.groovy:53)
	at com.kms.katalon.core.webui.keyword.WebUiBuiltInKeywords.selectOptionByValue(WebUiBuiltInKeywords.groovy:1138)
	at com.kms.katalon.core.webui.keyword.WebUiBuiltInKeywords$selectOptionByValue$9.call(Unknown Source)
	at Increase quantity - cart page.run(Increase quantity - cart page:43)
	at com.kms.katalon.core.main.ScriptEngine.run(ScriptEngine.java:194)
	at com.kms.katalon.core.main.ScriptEngine.runScriptAsRawText(ScriptEngine.java:119)
	at com.kms.katalon.core.main.TestCaseExecutor.runScript(TestCaseExecutor.java:328)
	at com.kms.katalon.core.main.TestCaseExecutor.doExecute(TestCaseExecutor.java:319)
	at com.kms.katalon.core.main.TestCaseExecutor.processExecutionPhase(TestCaseExecutor.java:298)
	at com.kms.katalon.core.main.TestCaseExecutor.accessMainPhase(TestCaseExecutor.java:290)
	at com.kms.katalon.core.main.TestCaseExecutor.execute(TestCaseExecutor.java:224)
	at com.kms.katalon.core.main.TestSuiteExecutor.accessTestCaseMainPhase(TestSuiteExecutor.java:129)
	at com.kms.katalon.core.main.TestSuiteExecutor.accessTestSuiteMainPhase(TestSuiteExecutor.java:112)
	at com.kms.katalon.core.main.TestSuiteExecutor.execute(TestSuiteExecutor.java:81)
	at com.kms.katalon.core.main.TestCaseMain.startTestSuite(TestCaseMain.java:149)
	at com.kms.katalon.core.main.TestCaseMain$startTestSuite$0.call(Unknown Source)
	at TempTestSuite1562786448509.run(TempTestSuite1562786448509.groovy:36)


2019-07-10 15:51:26 - [TEST_STEP][PASSED] - callTestCase(findTestCase("CALL - URL"), [:], STOP_ON_FAILURE): Call Test Case 'Test Cases/CALL - URL' successfully

2019-07-10 15:51:26 - [TEST_CASE][PASSED] - Test Cases/CALL - URL: Test Cases/CALL - URL

2019-07-10 15:51:26 - [TEST_STEP][PASSED] - openBrowser(""): Browser is opened with url: ''

2019-07-10 15:51:26 - [MESSAGE][WARNING] - A browser is already opened. Closing browser and opening a new one

2019-07-10 15:51:27 - [MESSAGE][INFO] - Starting 'Remote' driver

2019-07-10 15:51:27 - [MESSAGE][INFO] - User set preference: ['os', 'Windows']

2019-07-10 15:51:27 - [MESSAGE][INFO] - User set preference: ['os_version', '10']

2019-07-10 15:51:27 - [MESSAGE][INFO] - User set preference: ['browser', 'Edge']

2019-07-10 15:51:27 - [MESSAGE][INFO] - User set preference: ['browser_version', '18.0']

2019-07-10 15:51:27 - [MESSAGE][INFO] - User set preference: ['resolution', '']

2019-07-10 15:51:27 - [MESSAGE][INFO] - Connecting to remote web server 'https://dianatest3:Z3oqw9ysqTeRQJq5wFCp@hub-cloud.browserstack.com/wd/hub' with type 'Selenium'

2019-07-10 15:51:42 - [MESSAGE][PASSED] - Browser is opened with url: ''

2019-07-10 15:51:42 - [TEST_STEP][PASSED] - navigateToUrl("https://diff-apollo.myshopify.com/?key=eec34184cfd8f82cda816f82753a8c8e9e240f30cf54470e19667b8cbb401948&preview_theme_id="): Navigate to 'https://diff-apollo.myshopify.com/?key=eec34184cfd8f82cda816f82753a8c8e9e240f30cf54470e19667b8cbb401948&preview_theme_id=' successfully

2019-07-10 15:51:47 - [MESSAGE][PASSED] - Navigate to 'https://diff-apollo.myshopify.com/?key=eec34184cfd8f82cda816f82753a8c8e9e240f30cf54470e19667b8cbb401948&preview_theme_id=' successfully

2019-07-10 15:51:47 - [TEST_STEP][NOT_RUN] - executeJavaScript("var previewBar = document.getElementById("preview-bar-iframe"); previewBar.style.display = "none";", []): NOT_RUN: executeJavaScript("var previewBar = document.getElementById("preview-bar-iframe"); previewBar.style.display = "none";", [])

2019-07-10 15:51:47 - [MESSAGE][NOT_RUN] - NOT_RUN: executeJavaScript("var previewBar = document.getElementById("preview-bar-iframe"); previewBar.style.display = "none";", [])

2019-07-10 15:51:47 - [TEST_STEP][PASSED] - maximizeWindow(): Current window maximized

2019-07-10 15:51:48 - [MESSAGE][PASSED] - Current window maximized

2019-07-10 15:51:48 - [MESSAGE][PASSED] - Call Test Case 'Test Cases/CALL - URL' successfully

2019-07-10 15:51:48 - [TEST_STEP][PASSED] - delay(1): Delayed 1 second(s)

2019-07-10 15:51:49 - [MESSAGE][PASSED] - Delayed 1 second(s)

2019-07-10 15:51:49 - [TEST_STEP][PASSED] - click(findTestObject("APOLLO- Desktop/Burger Menu/Burgermenu")): Object: 'Object Repository/APOLLO- Desktop/Burger Menu/Burgermenu' is clicked on

2019-07-10 15:51:50 - [MESSAGE][PASSED] - Object: 'Object Repository/APOLLO- Desktop/Burger Menu/Burgermenu' is clicked on

2019-07-10 15:51:50 - [TEST_STEP][PASSED] - delay(2): Delayed 2 second(s)

2019-07-10 15:51:52 - [MESSAGE][PASSED] - Delayed 2 second(s)

2019-07-10 15:51:52 - [TEST_STEP][PASSED] - click(findTestObject("APOLLO- Desktop/Burger Menu/Mens chevron")): Object: 'Object Repository/APOLLO- Desktop/Burger Menu/Mens chevron' is clicked on

2019-07-10 15:51:57 - [MESSAGE][PASSED] - Object: 'Object Repository/APOLLO- Desktop/Burger Menu/Mens chevron' is clicked on

2019-07-10 15:51:57 - [TEST_STEP][PASSED] - delay(2): Delayed 2 second(s)

2019-07-10 15:51:59 - [MESSAGE][PASSED] - Delayed 2 second(s)

2019-07-10 15:51:59 - [TEST_STEP][PASSED] - click(findTestObject("APOLLO- Desktop/Burger Menu/Mens - Top Chevron")): Object: 'Object Repository/APOLLO- Desktop/Burger Menu/Mens - Top Chevron' is clicked on

2019-07-10 15:51:59 - [MESSAGE][PASSED] - Object: 'Object Repository/APOLLO- Desktop/Burger Menu/Mens - Top Chevron' is clicked on

2019-07-10 15:51:59 - [TEST_STEP][PASSED] - delay(2): Delayed 2 second(s)

2019-07-10 15:52:01 - [MESSAGE][PASSED] - Delayed 2 second(s)

2019-07-10 15:52:01 - [TEST_STEP][PASSED] - click(findTestObject("APOLLO- Desktop/Burger Menu/Shirts link")): Object: 'Object Repository/APOLLO- Desktop/Burger Menu/Shirts link' is clicked on

2019-07-10 15:52:03 - [MESSAGE][PASSED] - Object: 'Object Repository/APOLLO- Desktop/Burger Menu/Shirts link' is clicked on

2019-07-10 15:52:03 - [TEST_STEP][NOT_RUN] - executeJavaScript("var previewBar = document.getElementById("preview-bar-iframe"); previewBar.style.display = "none";", []): NOT_RUN: executeJavaScript("var previewBar = document.getElementById("preview-bar-iframe"); previewBar.style.display = "none";", [])

2019-07-10 15:52:03 - [MESSAGE][NOT_RUN] - NOT_RUN: executeJavaScript("var previewBar = document.getElementById("preview-bar-iframe"); previewBar.style.display = "none";", [])

2019-07-10 15:52:03 - [TEST_STEP][PASSED] - delay(2): Delayed 2 second(s)

2019-07-10 15:52:05 - [MESSAGE][PASSED] - Delayed 2 second(s)

2019-07-10 15:52:05 - [TEST_STEP][PASSED] - click(findTestObject("APOLLO- Desktop/Collection page/Blue shirt product")): Object: 'Object Repository/APOLLO- Desktop/Collection page/Blue shirt product' is clicked on

2019-07-10 15:52:06 - [MESSAGE][PASSED] - Object: 'Object Repository/APOLLO- Desktop/Collection page/Blue shirt product' is clicked on

2019-07-10 15:52:06 - [TEST_STEP][PASSED] - delay(2): Delayed 2 second(s)

2019-07-10 15:52:08 - [MESSAGE][PASSED] - Delayed 2 second(s)

2019-07-10 15:52:08 - [TEST_STEP][FAILED] - selectOptionByValue(findTestObject("APOLLO- Desktop/Product page/Size dropdown"), "Medium", true): selectOptionByValue(findTestObject("APOLLO- Desktop/Product page/Size dropdown"), "Medium", true) FAILED.
Reason:
com.kms.katalon.core.exception.StepFailedException: Unable to select option by value 'Medium' of object 'Object Repository/APOLLO- Desktop/Product page/Size dropdown'  using regular expression (Root cause: com.kms.katalon.core.webui.exception.WebElementNotFoundException: Web element with id: 'Object Repository/APOLLO- Desktop/Product page/Size dropdown' located by 'By.xpath: //select[@name='Size']' not found)
	at com.kms.katalon.core.keyword.internal.KeywordMain.stepFailed(KeywordMain.groovy:36)
	at com.kms.katalon.core.webui.keyword.internal.WebUIKeywordMain.stepFailed(WebUIKeywordMain.groovy:65)
	at com.kms.katalon.core.webui.keyword.internal.WebUIKeywordMain.runKeyword(WebUIKeywordMain.groovy:27)
	at com.kms.katalon.core.webui.keyword.builtin.SelectOptionByValueKeyword.selectOptionByValue(SelectOptionByValueKeyword.groovy:99)
	at com.kms.katalon.core.webui.keyword.builtin.SelectOptionByValueKeyword.execute(SelectOptionByValueKeyword.groovy:71)
	at com.kms.katalon.core.keyword.internal.KeywordExecutor.executeKeywordForPlatform(KeywordExecutor.groovy:53)
	at com.kms.katalon.core.webui.keyword.WebUiBuiltInKeywords.selectOptionByValue(WebUiBuiltInKeywords.groovy:1138)
	at com.kms.katalon.core.webui.keyword.WebUiBuiltInKeywords$selectOptionByValue$9.call(Unknown Source)
	at Increase quantity - cart page.run(Increase quantity - cart page:43)
	at com.kms.katalon.core.main.ScriptEngine.run(ScriptEngine.java:194)
	at com.kms.katalon.core.main.ScriptEngine.runScriptAsRawText(ScriptEngine.java:119)
	at com.kms.katalon.core.main.TestCaseExecutor.runScript(TestCaseExecutor.java:328)
	at com.kms.katalon.core.main.TestCaseExecutor.doExecute(TestCaseExecutor.java:319)
	at com.kms.katalon.core.main.TestCaseExecutor.processExecutionPhase(TestCaseExecutor.java:298)
	at com.kms.katalon.core.main.TestCaseExecutor.accessMainPhase(TestCaseExecutor.java:290)
	at com.kms.katalon.core.main.TestCaseExecutor.execute(TestCaseExecutor.java:224)
	at com.kms.katalon.core.main.TestSuiteExecutor.accessTestCaseMainPhase(TestSuiteExecutor.java:129)
	at com.kms.katalon.core.main.TestSuiteExecutor.accessTestSuiteMainPhase(TestSuiteExecutor.java:112)
	at com.kms.katalon.core.main.TestSuiteExecutor.execute(TestSuiteExecutor.java:81)
	at com.kms.katalon.core.main.TestCaseMain.startTestSuite(TestCaseMain.java:149)
	at com.kms.katalon.core.main.TestCaseMain$startTestSuite$0.call(Unknown Source)
	at TempTestSuite1562786448509.run(TempTestSuite1562786448509.groovy:36)


2019-07-10 15:52:59 - [MESSAGE][INFO] - Unable to find the element located by 'By.xpath: //select[@name='Size']'. Please recheck the objects properties to make sure the desired element is located. 

2019-07-10 15:53:00 - [MESSAGE][FAILED] - Unable to select option by value 'Medium' of object 'Object Repository/APOLLO- Desktop/Product page/Size dropdown'  using regular expression (Root cause: com.kms.katalon.core.webui.exception.WebElementNotFoundException: Web element with id: 'Object Repository/APOLLO- Desktop/Product page/Size dropdown' located by 'By.xpath: //select[@name='Size']' not found)
[[ATTACHMENT|/Users/sumankompelly/git/Apollo-Dark-Desktop/Reports/Apollo - dark build/20190710_152048/1562788379109.png]]

2019-07-10 15:53:00 - [MESSAGE][FAILED] - selectOptionByValue(findTestObject("APOLLO- Desktop/Product page/Size dropdown"), "Medium", true) FAILED.
Reason:
com.kms.katalon.core.exception.StepFailedException: Unable to select option by value 'Medium' of object 'Object Repository/APOLLO- Desktop/Product page/Size dropdown'  using regular expression (Root cause: com.kms.katalon.core.webui.exception.WebElementNotFoundException: Web element with id: 'Object Repository/APOLLO- Desktop/Product page/Size dropdown' located by 'By.xpath: //select[@name='Size']' not found)
	at com.kms.katalon.core.keyword.internal.KeywordMain.stepFailed(KeywordMain.groovy:36)
	at com.kms.katalon.core.webui.keyword.internal.WebUIKeywordMain.stepFailed(WebUIKeywordMain.groovy:65)
	at com.kms.katalon.core.webui.keyword.internal.WebUIKeywordMain.runKeyword(WebUIKeywordMain.groovy:27)
	at com.kms.katalon.core.webui.keyword.builtin.SelectOptionByValueKeyword.selectOptionByValue(SelectOptionByValueKeyword.groovy:99)
	at com.kms.katalon.core.webui.keyword.builtin.SelectOptionByValueKeyword.execute(SelectOptionByValueKeyword.groovy:71)
	at com.kms.katalon.core.keyword.internal.KeywordExecutor.executeKeywordForPlatform(KeywordExecutor.groovy:53)
	at com.kms.katalon.core.webui.keyword.WebUiBuiltInKeywords.selectOptionByValue(WebUiBuiltInKeywords.groovy:1138)
	at com.kms.katalon.core.webui.keyword.WebUiBuiltInKeywords$selectOptionByValue$9.call(Unknown Source)
	at Increase quantity - cart page.run(Increase quantity - cart page:43)
	at com.kms.katalon.core.main.ScriptEngine.run(ScriptEngine.java:194)
	at com.kms.katalon.core.main.ScriptEngine.runScriptAsRawText(ScriptEngine.java:119)
	at com.kms.katalon.core.main.TestCaseExecutor.runScript(TestCaseExecutor.java:328)
	at com.kms.katalon.core.main.TestCaseExecutor.doExecute(TestCaseExecutor.java:319)
	at com.kms.katalon.core.main.TestCaseExecutor.processExecutionPhase(TestCaseExecutor.java:298)
	at com.kms.katalon.core.main.TestCaseExecutor.accessMainPhase(TestCaseExecutor.java:290)
	at com.kms.katalon.core.main.TestCaseExecutor.execute(TestCaseExecutor.java:224)
	at com.kms.katalon.core.main.TestSuiteExecutor.accessTestCaseMainPhase(TestSuiteExecutor.java:129)
	at com.kms.katalon.core.main.TestSuiteExecutor.accessTestSuiteMainPhase(TestSuiteExecutor.java:112)
	at com.kms.katalon.core.main.TestSuiteExecutor.execute(TestSuiteExecutor.java:81)
	at com.kms.katalon.core.main.TestCaseMain.startTestSuite(TestCaseMain.java:149)
	at com.kms.katalon.core.main.TestCaseMain$startTestSuite$0.call(Unknown Source)
	at TempTestSuite1562786448509.run(TempTestSuite1562786448509.groovy:36)]]></system-out>
         <system-err><![CDATA[2019-07-10 15:51:26 - [TEST_CASE][FAILED] - Test Cases/CRITICAL PATH/Increase quantity - cart page: Test Cases/CRITICAL PATH/Increase quantity - cart page FAILED.
Reason:
com.kms.katalon.core.exception.StepFailedException: Unable to select option by value 'Medium' of object 'Object Repository/APOLLO- Desktop/Product page/Size dropdown'  using regular expression (Root cause: com.kms.katalon.core.webui.exception.WebElementNotFoundException: Web element with id: 'Object Repository/APOLLO- Desktop/Product page/Size dropdown' located by 'By.xpath: //select[@name='Size']' not found)
	at com.kms.katalon.core.keyword.internal.KeywordMain.stepFailed(KeywordMain.groovy:36)
	at com.kms.katalon.core.webui.keyword.internal.WebUIKeywordMain.stepFailed(WebUIKeywordMain.groovy:65)
	at com.kms.katalon.core.webui.keyword.internal.WebUIKeywordMain.runKeyword(WebUIKeywordMain.groovy:27)
	at com.kms.katalon.core.webui.keyword.builtin.SelectOptionByValueKeyword.selectOptionByValue(SelectOptionByValueKeyword.groovy:99)
	at com.kms.katalon.core.webui.keyword.builtin.SelectOptionByValueKeyword.execute(SelectOptionByValueKeyword.groovy:71)
	at com.kms.katalon.core.keyword.internal.KeywordExecutor.executeKeywordForPlatform(KeywordExecutor.groovy:53)
	at com.kms.katalon.core.webui.keyword.WebUiBuiltInKeywords.selectOptionByValue(WebUiBuiltInKeywords.groovy:1138)
	at com.kms.katalon.core.webui.keyword.WebUiBuiltInKeywords$selectOptionByValue$9.call(Unknown Source)
	at Increase quantity - cart page.run(Increase quantity - cart page:43)
	at com.kms.katalon.core.main.ScriptEngine.run(ScriptEngine.java:194)
	at com.kms.katalon.core.main.ScriptEngine.runScriptAsRawText(ScriptEngine.java:119)
	at com.kms.katalon.core.main.TestCaseExecutor.runScript(TestCaseExecutor.java:328)
	at com.kms.katalon.core.main.TestCaseExecutor.doExecute(TestCaseExecutor.java:319)
	at com.kms.katalon.core.main.TestCaseExecutor.processExecutionPhase(TestCaseExecutor.java:298)
	at com.kms.katalon.core.main.TestCaseExecutor.accessMainPhase(TestCaseExecutor.java:290)
	at com.kms.katalon.core.main.TestCaseExecutor.execute(TestCaseExecutor.java:224)
	at com.kms.katalon.core.main.TestSuiteExecutor.accessTestCaseMainPhase(TestSuiteExecutor.java:129)
	at com.kms.katalon.core.main.TestSuiteExecutor.accessTestSuiteMainPhase(TestSuiteExecutor.java:112)
	at com.kms.katalon.core.main.TestSuiteExecutor.execute(TestSuiteExecutor.java:81)
	at com.kms.katalon.core.main.TestCaseMain.startTestSuite(TestCaseMain.java:149)
	at com.kms.katalon.core.main.TestCaseMain$startTestSuite$0.call(Unknown Source)
	at TempTestSuite1562786448509.run(TempTestSuite1562786448509.groovy:36)]]></system-err>
      </testcase>
      <testcase name="Test Cases/CRITICAL PATH/Increase quantity - Cart flyout" classname="Test Cases/CRITICAL PATH/Increase quantity - Cart flyout" status="FAILED">
         <failure type="FAILED" message="Test Cases/CRITICAL PATH/Increase quantity - Cart flyout FAILED.
Reason:
com.kms.katalon.core.exception.StepFailedException: Unable to select option by value 'Medium' of object 'Object Repository/APOLLO- Desktop/Product page/Size dropdown'  using regular expression (Root cause: com.kms.katalon.core.webui.exception.WebElementNotFoundException: Web element with id: 'Object Repository/APOLLO- Desktop/Product page/Size dropdown' located by 'By.xpath: //select[@name='Size']' not found)
	at com.kms.katalon.core.keyword.internal.KeywordMain.stepFailed(KeywordMain.groovy:36)
	at com.kms.katalon.core.webui.keyword.internal.WebUIKeywordMain.stepFailed(WebUIKeywordMain.groovy:65)
	at com.kms.katalon.core.webui.keyword.internal.WebUIKeywordMain.runKeyword(WebUIKeywordMain.groovy:27)
	at com.kms.katalon.core.webui.keyword.builtin.SelectOptionByValueKeyword.selectOptionByValue(SelectOptionByValueKeyword.groovy:99)
	at com.kms.katalon.core.webui.keyword.builtin.SelectOptionByValueKeyword.execute(SelectOptionByValueKeyword.groovy:71)
	at com.kms.katalon.core.keyword.internal.KeywordExecutor.executeKeywordForPlatform(KeywordExecutor.groovy:53)
	at com.kms.katalon.core.webui.keyword.WebUiBuiltInKeywords.selectOptionByValue(WebUiBuiltInKeywords.groovy:1138)
	at com.kms.katalon.core.webui.keyword.WebUiBuiltInKeywords$selectOptionByValue$9.call(Unknown Source)
	at Increase quantity - Cart flyout.run(Increase quantity - Cart flyout:43)
	at com.kms.katalon.core.main.ScriptEngine.run(ScriptEngine.java:194)
	at com.kms.katalon.core.main.ScriptEngine.runScriptAsRawText(ScriptEngine.java:119)
	at com.kms.katalon.core.main.TestCaseExecutor.runScript(TestCaseExecutor.java:328)
	at com.kms.katalon.core.main.TestCaseExecutor.doExecute(TestCaseExecutor.java:319)
	at com.kms.katalon.core.main.TestCaseExecutor.processExecutionPhase(TestCaseExecutor.java:298)
	at com.kms.katalon.core.main.TestCaseExecutor.accessMainPhase(TestCaseExecutor.java:290)
	at com.kms.katalon.core.main.TestCaseExecutor.execute(TestCaseExecutor.java:224)
	at com.kms.katalon.core.main.TestSuiteExecutor.accessTestCaseMainPhase(TestSuiteExecutor.java:129)
	at com.kms.katalon.core.main.TestSuiteExecutor.accessTestSuiteMainPhase(TestSuiteExecutor.java:112)
	at com.kms.katalon.core.main.TestSuiteExecutor.execute(TestSuiteExecutor.java:81)
	at com.kms.katalon.core.main.TestCaseMain.startTestSuite(TestCaseMain.java:149)
	at com.kms.katalon.core.main.TestCaseMain$startTestSuite$0.call(Unknown Source)
	at TempTestSuite1562786448509.run(TempTestSuite1562786448509.groovy:36)
"/>
         <system-out><![CDATA[2019-07-10 15:53:00 - [TEST_CASE][FAILED] - Test Cases/CRITICAL PATH/Increase quantity - Cart flyout: Test Cases/CRITICAL PATH/Increase quantity - Cart flyout FAILED.
Reason:
com.kms.katalon.core.exception.StepFailedException: Unable to select option by value 'Medium' of object 'Object Repository/APOLLO- Desktop/Product page/Size dropdown'  using regular expression (Root cause: com.kms.katalon.core.webui.exception.WebElementNotFoundException: Web element with id: 'Object Repository/APOLLO- Desktop/Product page/Size dropdown' located by 'By.xpath: //select[@name='Size']' not found)
	at com.kms.katalon.core.keyword.internal.KeywordMain.stepFailed(KeywordMain.groovy:36)
	at com.kms.katalon.core.webui.keyword.internal.WebUIKeywordMain.stepFailed(WebUIKeywordMain.groovy:65)
	at com.kms.katalon.core.webui.keyword.internal.WebUIKeywordMain.runKeyword(WebUIKeywordMain.groovy:27)
	at com.kms.katalon.core.webui.keyword.builtin.SelectOptionByValueKeyword.selectOptionByValue(SelectOptionByValueKeyword.groovy:99)
	at com.kms.katalon.core.webui.keyword.builtin.SelectOptionByValueKeyword.execute(SelectOptionByValueKeyword.groovy:71)
	at com.kms.katalon.core.keyword.internal.KeywordExecutor.executeKeywordForPlatform(KeywordExecutor.groovy:53)
	at com.kms.katalon.core.webui.keyword.WebUiBuiltInKeywords.selectOptionByValue(WebUiBuiltInKeywords.groovy:1138)
	at com.kms.katalon.core.webui.keyword.WebUiBuiltInKeywords$selectOptionByValue$9.call(Unknown Source)
	at Increase quantity - Cart flyout.run(Increase quantity - Cart flyout:43)
	at com.kms.katalon.core.main.ScriptEngine.run(ScriptEngine.java:194)
	at com.kms.katalon.core.main.ScriptEngine.runScriptAsRawText(ScriptEngine.java:119)
	at com.kms.katalon.core.main.TestCaseExecutor.runScript(TestCaseExecutor.java:328)
	at com.kms.katalon.core.main.TestCaseExecutor.doExecute(TestCaseExecutor.java:319)
	at com.kms.katalon.core.main.TestCaseExecutor.processExecutionPhase(TestCaseExecutor.java:298)
	at com.kms.katalon.core.main.TestCaseExecutor.accessMainPhase(TestCaseExecutor.java:290)
	at com.kms.katalon.core.main.TestCaseExecutor.execute(TestCaseExecutor.java:224)
	at com.kms.katalon.core.main.TestSuiteExecutor.accessTestCaseMainPhase(TestSuiteExecutor.java:129)
	at com.kms.katalon.core.main.TestSuiteExecutor.accessTestSuiteMainPhase(TestSuiteExecutor.java:112)
	at com.kms.katalon.core.main.TestSuiteExecutor.execute(TestSuiteExecutor.java:81)
	at com.kms.katalon.core.main.TestCaseMain.startTestSuite(TestCaseMain.java:149)
	at com.kms.katalon.core.main.TestCaseMain$startTestSuite$0.call(Unknown Source)
	at TempTestSuite1562786448509.run(TempTestSuite1562786448509.groovy:36)


2019-07-10 15:53:00 - [TEST_STEP][PASSED] - callTestCase(findTestCase("CALL - URL"), [:], STOP_ON_FAILURE): Call Test Case 'Test Cases/CALL - URL' successfully

2019-07-10 15:53:00 - [TEST_CASE][PASSED] - Test Cases/CALL - URL: Test Cases/CALL - URL

2019-07-10 15:53:00 - [TEST_STEP][PASSED] - openBrowser(""): Browser is opened with url: ''

2019-07-10 15:53:00 - [MESSAGE][WARNING] - A browser is already opened. Closing browser and opening a new one

2019-07-10 15:53:04 - [MESSAGE][INFO] - Starting 'Remote' driver

2019-07-10 15:53:04 - [MESSAGE][INFO] - User set preference: ['os', 'Windows']

2019-07-10 15:53:04 - [MESSAGE][INFO] - User set preference: ['os_version', '10']

2019-07-10 15:53:04 - [MESSAGE][INFO] - User set preference: ['browser', 'Edge']

2019-07-10 15:53:04 - [MESSAGE][INFO] - User set preference: ['browser_version', '18.0']

2019-07-10 15:53:04 - [MESSAGE][INFO] - User set preference: ['resolution', '']

2019-07-10 15:53:04 - [MESSAGE][INFO] - Connecting to remote web server 'https://dianatest3:Z3oqw9ysqTeRQJq5wFCp@hub-cloud.browserstack.com/wd/hub' with type 'Selenium'

2019-07-10 15:53:15 - [MESSAGE][PASSED] - Browser is opened with url: ''

2019-07-10 15:53:15 - [TEST_STEP][PASSED] - navigateToUrl("https://diff-apollo.myshopify.com/?key=eec34184cfd8f82cda816f82753a8c8e9e240f30cf54470e19667b8cbb401948&preview_theme_id="): Navigate to 'https://diff-apollo.myshopify.com/?key=eec34184cfd8f82cda816f82753a8c8e9e240f30cf54470e19667b8cbb401948&preview_theme_id=' successfully

2019-07-10 15:53:27 - [MESSAGE][PASSED] - Navigate to 'https://diff-apollo.myshopify.com/?key=eec34184cfd8f82cda816f82753a8c8e9e240f30cf54470e19667b8cbb401948&preview_theme_id=' successfully

2019-07-10 15:53:27 - [TEST_STEP][NOT_RUN] - executeJavaScript("var previewBar = document.getElementById("preview-bar-iframe"); previewBar.style.display = "none";", []): NOT_RUN: executeJavaScript("var previewBar = document.getElementById("preview-bar-iframe"); previewBar.style.display = "none";", [])

2019-07-10 15:53:27 - [MESSAGE][NOT_RUN] - NOT_RUN: executeJavaScript("var previewBar = document.getElementById("preview-bar-iframe"); previewBar.style.display = "none";", [])

2019-07-10 15:53:27 - [TEST_STEP][PASSED] - maximizeWindow(): Current window maximized

2019-07-10 15:53:27 - [MESSAGE][PASSED] - Current window maximized

2019-07-10 15:53:27 - [MESSAGE][PASSED] - Call Test Case 'Test Cases/CALL - URL' successfully

2019-07-10 15:53:27 - [TEST_STEP][PASSED] - delay(1): Delayed 1 second(s)

2019-07-10 15:53:28 - [MESSAGE][PASSED] - Delayed 1 second(s)

2019-07-10 15:53:28 - [TEST_STEP][PASSED] - click(findTestObject("APOLLO- Desktop/Burger Menu/Burgermenu")): Object: 'Object Repository/APOLLO- Desktop/Burger Menu/Burgermenu' is clicked on

2019-07-10 15:53:30 - [MESSAGE][PASSED] - Object: 'Object Repository/APOLLO- Desktop/Burger Menu/Burgermenu' is clicked on

2019-07-10 15:53:30 - [TEST_STEP][PASSED] - delay(2): Delayed 2 second(s)

2019-07-10 15:53:32 - [MESSAGE][PASSED] - Delayed 2 second(s)

2019-07-10 15:53:32 - [TEST_STEP][PASSED] - click(findTestObject("APOLLO- Desktop/Burger Menu/Mens chevron")): Object: 'Object Repository/APOLLO- Desktop/Burger Menu/Mens chevron' is clicked on

2019-07-10 15:53:33 - [MESSAGE][PASSED] - Object: 'Object Repository/APOLLO- Desktop/Burger Menu/Mens chevron' is clicked on

2019-07-10 15:53:33 - [TEST_STEP][PASSED] - delay(2): Delayed 2 second(s)

2019-07-10 15:53:35 - [MESSAGE][PASSED] - Delayed 2 second(s)

2019-07-10 15:53:35 - [TEST_STEP][PASSED] - click(findTestObject("APOLLO- Desktop/Burger Menu/Mens - Top Chevron")): Object: 'Object Repository/APOLLO- Desktop/Burger Menu/Mens - Top Chevron' is clicked on

2019-07-10 15:53:36 - [MESSAGE][PASSED] - Object: 'Object Repository/APOLLO- Desktop/Burger Menu/Mens - Top Chevron' is clicked on

2019-07-10 15:53:36 - [TEST_STEP][PASSED] - delay(2): Delayed 2 second(s)

2019-07-10 15:53:38 - [MESSAGE][PASSED] - Delayed 2 second(s)

2019-07-10 15:53:38 - [TEST_STEP][PASSED] - click(findTestObject("APOLLO- Desktop/Burger Menu/Shirts link")): Object: 'Object Repository/APOLLO- Desktop/Burger Menu/Shirts link' is clicked on

2019-07-10 15:53:38 - [MESSAGE][PASSED] - Object: 'Object Repository/APOLLO- Desktop/Burger Menu/Shirts link' is clicked on

2019-07-10 15:53:38 - [TEST_STEP][NOT_RUN] - executeJavaScript("var previewBar = document.getElementById("preview-bar-iframe"); previewBar.style.display = "none";", []): NOT_RUN: executeJavaScript("var previewBar = document.getElementById("preview-bar-iframe"); previewBar.style.display = "none";", [])

2019-07-10 15:53:38 - [MESSAGE][NOT_RUN] - NOT_RUN: executeJavaScript("var previewBar = document.getElementById("preview-bar-iframe"); previewBar.style.display = "none";", [])

2019-07-10 15:53:38 - [TEST_STEP][PASSED] - delay(2): Delayed 2 second(s)

2019-07-10 15:53:40 - [MESSAGE][PASSED] - Delayed 2 second(s)

2019-07-10 15:53:40 - [TEST_STEP][PASSED] - click(findTestObject("APOLLO- Desktop/Collection page/Blue shirt product")): Object: 'Object Repository/APOLLO- Desktop/Collection page/Blue shirt product' is clicked on

2019-07-10 15:53:41 - [MESSAGE][PASSED] - Object: 'Object Repository/APOLLO- Desktop/Collection page/Blue shirt product' is clicked on

2019-07-10 15:53:41 - [TEST_STEP][PASSED] - delay(2): Delayed 2 second(s)

2019-07-10 15:53:43 - [MESSAGE][PASSED] - Delayed 2 second(s)

2019-07-10 15:53:43 - [TEST_STEP][FAILED] - selectOptionByValue(findTestObject("APOLLO- Desktop/Product page/Size dropdown"), "Medium", true): selectOptionByValue(findTestObject("APOLLO- Desktop/Product page/Size dropdown"), "Medium", true) FAILED.
Reason:
com.kms.katalon.core.exception.StepFailedException: Unable to select option by value 'Medium' of object 'Object Repository/APOLLO- Desktop/Product page/Size dropdown'  using regular expression (Root cause: com.kms.katalon.core.webui.exception.WebElementNotFoundException: Web element with id: 'Object Repository/APOLLO- Desktop/Product page/Size dropdown' located by 'By.xpath: //select[@name='Size']' not found)
	at com.kms.katalon.core.keyword.internal.KeywordMain.stepFailed(KeywordMain.groovy:36)
	at com.kms.katalon.core.webui.keyword.internal.WebUIKeywordMain.stepFailed(WebUIKeywordMain.groovy:65)
	at com.kms.katalon.core.webui.keyword.internal.WebUIKeywordMain.runKeyword(WebUIKeywordMain.groovy:27)
	at com.kms.katalon.core.webui.keyword.builtin.SelectOptionByValueKeyword.selectOptionByValue(SelectOptionByValueKeyword.groovy:99)
	at com.kms.katalon.core.webui.keyword.builtin.SelectOptionByValueKeyword.execute(SelectOptionByValueKeyword.groovy:71)
	at com.kms.katalon.core.keyword.internal.KeywordExecutor.executeKeywordForPlatform(KeywordExecutor.groovy:53)
	at com.kms.katalon.core.webui.keyword.WebUiBuiltInKeywords.selectOptionByValue(WebUiBuiltInKeywords.groovy:1138)
	at com.kms.katalon.core.webui.keyword.WebUiBuiltInKeywords$selectOptionByValue$9.call(Unknown Source)
	at Increase quantity - Cart flyout.run(Increase quantity - Cart flyout:43)
	at com.kms.katalon.core.main.ScriptEngine.run(ScriptEngine.java:194)
	at com.kms.katalon.core.main.ScriptEngine.runScriptAsRawText(ScriptEngine.java:119)
	at com.kms.katalon.core.main.TestCaseExecutor.runScript(TestCaseExecutor.java:328)
	at com.kms.katalon.core.main.TestCaseExecutor.doExecute(TestCaseExecutor.java:319)
	at com.kms.katalon.core.main.TestCaseExecutor.processExecutionPhase(TestCaseExecutor.java:298)
	at com.kms.katalon.core.main.TestCaseExecutor.accessMainPhase(TestCaseExecutor.java:290)
	at com.kms.katalon.core.main.TestCaseExecutor.execute(TestCaseExecutor.java:224)
	at com.kms.katalon.core.main.TestSuiteExecutor.accessTestCaseMainPhase(TestSuiteExecutor.java:129)
	at com.kms.katalon.core.main.TestSuiteExecutor.accessTestSuiteMainPhase(TestSuiteExecutor.java:112)
	at com.kms.katalon.core.main.TestSuiteExecutor.execute(TestSuiteExecutor.java:81)
	at com.kms.katalon.core.main.TestCaseMain.startTestSuite(TestCaseMain.java:149)
	at com.kms.katalon.core.main.TestCaseMain$startTestSuite$0.call(Unknown Source)
	at TempTestSuite1562786448509.run(TempTestSuite1562786448509.groovy:36)


2019-07-10 15:54:35 - [MESSAGE][INFO] - Unable to find the element located by 'By.xpath: //select[@name='Size']'. Please recheck the objects properties to make sure the desired element is located. 

2019-07-10 15:54:36 - [MESSAGE][FAILED] - Unable to select option by value 'Medium' of object 'Object Repository/APOLLO- Desktop/Product page/Size dropdown'  using regular expression (Root cause: com.kms.katalon.core.webui.exception.WebElementNotFoundException: Web element with id: 'Object Repository/APOLLO- Desktop/Product page/Size dropdown' located by 'By.xpath: //select[@name='Size']' not found)
[[ATTACHMENT|/Users/sumankompelly/git/Apollo-Dark-Desktop/Reports/Apollo - dark build/20190710_152048/1562788475359.png]]

2019-07-10 15:54:36 - [MESSAGE][FAILED] - selectOptionByValue(findTestObject("APOLLO- Desktop/Product page/Size dropdown"), "Medium", true) FAILED.
Reason:
com.kms.katalon.core.exception.StepFailedException: Unable to select option by value 'Medium' of object 'Object Repository/APOLLO- Desktop/Product page/Size dropdown'  using regular expression (Root cause: com.kms.katalon.core.webui.exception.WebElementNotFoundException: Web element with id: 'Object Repository/APOLLO- Desktop/Product page/Size dropdown' located by 'By.xpath: //select[@name='Size']' not found)
	at com.kms.katalon.core.keyword.internal.KeywordMain.stepFailed(KeywordMain.groovy:36)
	at com.kms.katalon.core.webui.keyword.internal.WebUIKeywordMain.stepFailed(WebUIKeywordMain.groovy:65)
	at com.kms.katalon.core.webui.keyword.internal.WebUIKeywordMain.runKeyword(WebUIKeywordMain.groovy:27)
	at com.kms.katalon.core.webui.keyword.builtin.SelectOptionByValueKeyword.selectOptionByValue(SelectOptionByValueKeyword.groovy:99)
	at com.kms.katalon.core.webui.keyword.builtin.SelectOptionByValueKeyword.execute(SelectOptionByValueKeyword.groovy:71)
	at com.kms.katalon.core.keyword.internal.KeywordExecutor.executeKeywordForPlatform(KeywordExecutor.groovy:53)
	at com.kms.katalon.core.webui.keyword.WebUiBuiltInKeywords.selectOptionByValue(WebUiBuiltInKeywords.groovy:1138)
	at com.kms.katalon.core.webui.keyword.WebUiBuiltInKeywords$selectOptionByValue$9.call(Unknown Source)
	at Increase quantity - Cart flyout.run(Increase quantity - Cart flyout:43)
	at com.kms.katalon.core.main.ScriptEngine.run(ScriptEngine.java:194)
	at com.kms.katalon.core.main.ScriptEngine.runScriptAsRawText(ScriptEngine.java:119)
	at com.kms.katalon.core.main.TestCaseExecutor.runScript(TestCaseExecutor.java:328)
	at com.kms.katalon.core.main.TestCaseExecutor.doExecute(TestCaseExecutor.java:319)
	at com.kms.katalon.core.main.TestCaseExecutor.processExecutionPhase(TestCaseExecutor.java:298)
	at com.kms.katalon.core.main.TestCaseExecutor.accessMainPhase(TestCaseExecutor.java:290)
	at com.kms.katalon.core.main.TestCaseExecutor.execute(TestCaseExecutor.java:224)
	at com.kms.katalon.core.main.TestSuiteExecutor.accessTestCaseMainPhase(TestSuiteExecutor.java:129)
	at com.kms.katalon.core.main.TestSuiteExecutor.accessTestSuiteMainPhase(TestSuiteExecutor.java:112)
	at com.kms.katalon.core.main.TestSuiteExecutor.execute(TestSuiteExecutor.java:81)
	at com.kms.katalon.core.main.TestCaseMain.startTestSuite(TestCaseMain.java:149)
	at com.kms.katalon.core.main.TestCaseMain$startTestSuite$0.call(Unknown Source)
	at TempTestSuite1562786448509.run(TempTestSuite1562786448509.groovy:36)]]></system-out>
         <system-err><![CDATA[2019-07-10 15:53:00 - [TEST_CASE][FAILED] - Test Cases/CRITICAL PATH/Increase quantity - Cart flyout: Test Cases/CRITICAL PATH/Increase quantity - Cart flyout FAILED.
Reason:
com.kms.katalon.core.exception.StepFailedException: Unable to select option by value 'Medium' of object 'Object Repository/APOLLO- Desktop/Product page/Size dropdown'  using regular expression (Root cause: com.kms.katalon.core.webui.exception.WebElementNotFoundException: Web element with id: 'Object Repository/APOLLO- Desktop/Product page/Size dropdown' located by 'By.xpath: //select[@name='Size']' not found)
	at com.kms.katalon.core.keyword.internal.KeywordMain.stepFailed(KeywordMain.groovy:36)
	at com.kms.katalon.core.webui.keyword.internal.WebUIKeywordMain.stepFailed(WebUIKeywordMain.groovy:65)
	at com.kms.katalon.core.webui.keyword.internal.WebUIKeywordMain.runKeyword(WebUIKeywordMain.groovy:27)
	at com.kms.katalon.core.webui.keyword.builtin.SelectOptionByValueKeyword.selectOptionByValue(SelectOptionByValueKeyword.groovy:99)
	at com.kms.katalon.core.webui.keyword.builtin.SelectOptionByValueKeyword.execute(SelectOptionByValueKeyword.groovy:71)
	at com.kms.katalon.core.keyword.internal.KeywordExecutor.executeKeywordForPlatform(KeywordExecutor.groovy:53)
	at com.kms.katalon.core.webui.keyword.WebUiBuiltInKeywords.selectOptionByValue(WebUiBuiltInKeywords.groovy:1138)
	at com.kms.katalon.core.webui.keyword.WebUiBuiltInKeywords$selectOptionByValue$9.call(Unknown Source)
	at Increase quantity - Cart flyout.run(Increase quantity - Cart flyout:43)
	at com.kms.katalon.core.main.ScriptEngine.run(ScriptEngine.java:194)
	at com.kms.katalon.core.main.ScriptEngine.runScriptAsRawText(ScriptEngine.java:119)
	at com.kms.katalon.core.main.TestCaseExecutor.runScript(TestCaseExecutor.java:328)
	at com.kms.katalon.core.main.TestCaseExecutor.doExecute(TestCaseExecutor.java:319)
	at com.kms.katalon.core.main.TestCaseExecutor.processExecutionPhase(TestCaseExecutor.java:298)
	at com.kms.katalon.core.main.TestCaseExecutor.accessMainPhase(TestCaseExecutor.java:290)
	at com.kms.katalon.core.main.TestCaseExecutor.execute(TestCaseExecutor.java:224)
	at com.kms.katalon.core.main.TestSuiteExecutor.accessTestCaseMainPhase(TestSuiteExecutor.java:129)
	at com.kms.katalon.core.main.TestSuiteExecutor.accessTestSuiteMainPhase(TestSuiteExecutor.java:112)
	at com.kms.katalon.core.main.TestSuiteExecutor.execute(TestSuiteExecutor.java:81)
	at com.kms.katalon.core.main.TestCaseMain.startTestSuite(TestCaseMain.java:149)
	at com.kms.katalon.core.main.TestCaseMain$startTestSuite$0.call(Unknown Source)
	at TempTestSuite1562786448509.run(TempTestSuite1562786448509.groovy:36)]]></system-err>
      </testcase>
      <testcase name="Test Cases/CRITICAL PATH/Adding diff prods to cart" classname="Test Cases/CRITICAL PATH/Adding diff prods to cart" status="FAILED">
         <failure type="FAILED" message="Test Cases/CRITICAL PATH/Adding diff prods to cart FAILED.
Reason:
com.kms.katalon.core.exception.StepFailedException: Unable to select option by value 'Medium' of object 'Object Repository/APOLLO- Desktop/Product page/Size dropdown'  using regular expression (Root cause: com.kms.katalon.core.webui.exception.WebElementNotFoundException: Web element with id: 'Object Repository/APOLLO- Desktop/Product page/Size dropdown' located by 'By.xpath: //select[@name='Size']' not found)
	at com.kms.katalon.core.keyword.internal.KeywordMain.stepFailed(KeywordMain.groovy:36)
	at com.kms.katalon.core.webui.keyword.internal.WebUIKeywordMain.stepFailed(WebUIKeywordMain.groovy:65)
	at com.kms.katalon.core.webui.keyword.internal.WebUIKeywordMain.runKeyword(WebUIKeywordMain.groovy:27)
	at com.kms.katalon.core.webui.keyword.builtin.SelectOptionByValueKeyword.selectOptionByValue(SelectOptionByValueKeyword.groovy:99)
	at com.kms.katalon.core.webui.keyword.builtin.SelectOptionByValueKeyword.execute(SelectOptionByValueKeyword.groovy:71)
	at com.kms.katalon.core.keyword.internal.KeywordExecutor.executeKeywordForPlatform(KeywordExecutor.groovy:53)
	at com.kms.katalon.core.webui.keyword.WebUiBuiltInKeywords.selectOptionByValue(WebUiBuiltInKeywords.groovy:1138)
	at com.kms.katalon.core.webui.keyword.WebUiBuiltInKeywords$selectOptionByValue$9.call(Unknown Source)
	at Adding diff prods to cart.run(Adding diff prods to cart:44)
	at com.kms.katalon.core.main.ScriptEngine.run(ScriptEngine.java:194)
	at com.kms.katalon.core.main.ScriptEngine.runScriptAsRawText(ScriptEngine.java:119)
	at com.kms.katalon.core.main.TestCaseExecutor.runScript(TestCaseExecutor.java:328)
	at com.kms.katalon.core.main.TestCaseExecutor.doExecute(TestCaseExecutor.java:319)
	at com.kms.katalon.core.main.TestCaseExecutor.processExecutionPhase(TestCaseExecutor.java:298)
	at com.kms.katalon.core.main.TestCaseExecutor.accessMainPhase(TestCaseExecutor.java:290)
	at com.kms.katalon.core.main.TestCaseExecutor.execute(TestCaseExecutor.java:224)
	at com.kms.katalon.core.main.TestSuiteExecutor.accessTestCaseMainPhase(TestSuiteExecutor.java:129)
	at com.kms.katalon.core.main.TestSuiteExecutor.accessTestSuiteMainPhase(TestSuiteExecutor.java:112)
	at com.kms.katalon.core.main.TestSuiteExecutor.execute(TestSuiteExecutor.java:81)
	at com.kms.katalon.core.main.TestCaseMain.startTestSuite(TestCaseMain.java:149)
	at com.kms.katalon.core.main.TestCaseMain$startTestSuite$0.call(Unknown Source)
	at TempTestSuite1562786448509.run(TempTestSuite1562786448509.groovy:36)
"/>
         <system-out><![CDATA[2019-07-10 15:54:36 - [TEST_CASE][FAILED] - Test Cases/CRITICAL PATH/Adding diff prods to cart: Test Cases/CRITICAL PATH/Adding diff prods to cart FAILED.
Reason:
com.kms.katalon.core.exception.StepFailedException: Unable to select option by value 'Medium' of object 'Object Repository/APOLLO- Desktop/Product page/Size dropdown'  using regular expression (Root cause: com.kms.katalon.core.webui.exception.WebElementNotFoundException: Web element with id: 'Object Repository/APOLLO- Desktop/Product page/Size dropdown' located by 'By.xpath: //select[@name='Size']' not found)
	at com.kms.katalon.core.keyword.internal.KeywordMain.stepFailed(KeywordMain.groovy:36)
	at com.kms.katalon.core.webui.keyword.internal.WebUIKeywordMain.stepFailed(WebUIKeywordMain.groovy:65)
	at com.kms.katalon.core.webui.keyword.internal.WebUIKeywordMain.runKeyword(WebUIKeywordMain.groovy:27)
	at com.kms.katalon.core.webui.keyword.builtin.SelectOptionByValueKeyword.selectOptionByValue(SelectOptionByValueKeyword.groovy:99)
	at com.kms.katalon.core.webui.keyword.builtin.SelectOptionByValueKeyword.execute(SelectOptionByValueKeyword.groovy:71)
	at com.kms.katalon.core.keyword.internal.KeywordExecutor.executeKeywordForPlatform(KeywordExecutor.groovy:53)
	at com.kms.katalon.core.webui.keyword.WebUiBuiltInKeywords.selectOptionByValue(WebUiBuiltInKeywords.groovy:1138)
	at com.kms.katalon.core.webui.keyword.WebUiBuiltInKeywords$selectOptionByValue$9.call(Unknown Source)
	at Adding diff prods to cart.run(Adding diff prods to cart:44)
	at com.kms.katalon.core.main.ScriptEngine.run(ScriptEngine.java:194)
	at com.kms.katalon.core.main.ScriptEngine.runScriptAsRawText(ScriptEngine.java:119)
	at com.kms.katalon.core.main.TestCaseExecutor.runScript(TestCaseExecutor.java:328)
	at com.kms.katalon.core.main.TestCaseExecutor.doExecute(TestCaseExecutor.java:319)
	at com.kms.katalon.core.main.TestCaseExecutor.processExecutionPhase(TestCaseExecutor.java:298)
	at com.kms.katalon.core.main.TestCaseExecutor.accessMainPhase(TestCaseExecutor.java:290)
	at com.kms.katalon.core.main.TestCaseExecutor.execute(TestCaseExecutor.java:224)
	at com.kms.katalon.core.main.TestSuiteExecutor.accessTestCaseMainPhase(TestSuiteExecutor.java:129)
	at com.kms.katalon.core.main.TestSuiteExecutor.accessTestSuiteMainPhase(TestSuiteExecutor.java:112)
	at com.kms.katalon.core.main.TestSuiteExecutor.execute(TestSuiteExecutor.java:81)
	at com.kms.katalon.core.main.TestCaseMain.startTestSuite(TestCaseMain.java:149)
	at com.kms.katalon.core.main.TestCaseMain$startTestSuite$0.call(Unknown Source)
	at TempTestSuite1562786448509.run(TempTestSuite1562786448509.groovy:36)


2019-07-10 15:54:36 - [TEST_STEP][PASSED] - callTestCase(findTestCase("CALL - URL"), [:], STOP_ON_FAILURE): Call Test Case 'Test Cases/CALL - URL' successfully

2019-07-10 15:54:37 - [TEST_CASE][PASSED] - Test Cases/CALL - URL: Test Cases/CALL - URL

2019-07-10 15:54:37 - [TEST_STEP][PASSED] - openBrowser(""): Browser is opened with url: ''

2019-07-10 15:54:37 - [MESSAGE][WARNING] - A browser is already opened. Closing browser and opening a new one

2019-07-10 15:54:38 - [MESSAGE][INFO] - Starting 'Remote' driver

2019-07-10 15:54:38 - [MESSAGE][INFO] - User set preference: ['os', 'Windows']

2019-07-10 15:54:38 - [MESSAGE][INFO] - User set preference: ['os_version', '10']

2019-07-10 15:54:38 - [MESSAGE][INFO] - User set preference: ['browser', 'Edge']

2019-07-10 15:54:38 - [MESSAGE][INFO] - User set preference: ['browser_version', '18.0']

2019-07-10 15:54:38 - [MESSAGE][INFO] - User set preference: ['resolution', '']

2019-07-10 15:54:38 - [MESSAGE][INFO] - Connecting to remote web server 'https://dianatest3:Z3oqw9ysqTeRQJq5wFCp@hub-cloud.browserstack.com/wd/hub' with type 'Selenium'

2019-07-10 15:54:49 - [MESSAGE][PASSED] - Browser is opened with url: ''

2019-07-10 15:54:49 - [TEST_STEP][PASSED] - navigateToUrl("https://diff-apollo.myshopify.com/?key=eec34184cfd8f82cda816f82753a8c8e9e240f30cf54470e19667b8cbb401948&preview_theme_id="): Navigate to 'https://diff-apollo.myshopify.com/?key=eec34184cfd8f82cda816f82753a8c8e9e240f30cf54470e19667b8cbb401948&preview_theme_id=' successfully

2019-07-10 15:54:54 - [MESSAGE][PASSED] - Navigate to 'https://diff-apollo.myshopify.com/?key=eec34184cfd8f82cda816f82753a8c8e9e240f30cf54470e19667b8cbb401948&preview_theme_id=' successfully

2019-07-10 15:54:54 - [TEST_STEP][NOT_RUN] - executeJavaScript("var previewBar = document.getElementById("preview-bar-iframe"); previewBar.style.display = "none";", []): NOT_RUN: executeJavaScript("var previewBar = document.getElementById("preview-bar-iframe"); previewBar.style.display = "none";", [])

2019-07-10 15:54:54 - [MESSAGE][NOT_RUN] - NOT_RUN: executeJavaScript("var previewBar = document.getElementById("preview-bar-iframe"); previewBar.style.display = "none";", [])

2019-07-10 15:54:54 - [TEST_STEP][PASSED] - maximizeWindow(): Current window maximized

2019-07-10 15:54:56 - [MESSAGE][PASSED] - Current window maximized

2019-07-10 15:54:56 - [MESSAGE][PASSED] - Call Test Case 'Test Cases/CALL - URL' successfully

2019-07-10 15:54:56 - [TEST_STEP][PASSED] - click(findTestObject("APOLLO- Desktop/Burger Menu/Burgermenu")): Object: 'Object Repository/APOLLO- Desktop/Burger Menu/Burgermenu' is clicked on

2019-07-10 15:54:59 - [MESSAGE][PASSED] - Object: 'Object Repository/APOLLO- Desktop/Burger Menu/Burgermenu' is clicked on

2019-07-10 15:54:59 - [TEST_STEP][PASSED] - delay(2): Delayed 2 second(s)

2019-07-10 15:55:01 - [MESSAGE][PASSED] - Delayed 2 second(s)

2019-07-10 15:55:01 - [TEST_STEP][PASSED] - click(findTestObject("APOLLO- Desktop/Burger Menu/Mens chevron")): Object: 'Object Repository/APOLLO- Desktop/Burger Menu/Mens chevron' is clicked on

2019-07-10 15:55:01 - [MESSAGE][PASSED] - Object: 'Object Repository/APOLLO- Desktop/Burger Menu/Mens chevron' is clicked on

2019-07-10 15:55:01 - [TEST_STEP][PASSED] - delay(2): Delayed 2 second(s)

2019-07-10 15:55:03 - [MESSAGE][PASSED] - Delayed 2 second(s)

2019-07-10 15:55:03 - [TEST_STEP][PASSED] - click(findTestObject("APOLLO- Desktop/Burger Menu/Mens - Top Chevron")): Object: 'Object Repository/APOLLO- Desktop/Burger Menu/Mens - Top Chevron' is clicked on

2019-07-10 15:55:04 - [MESSAGE][PASSED] - Object: 'Object Repository/APOLLO- Desktop/Burger Menu/Mens - Top Chevron' is clicked on

2019-07-10 15:55:04 - [TEST_STEP][PASSED] - delay(2): Delayed 2 second(s)

2019-07-10 15:55:06 - [MESSAGE][PASSED] - Delayed 2 second(s)

2019-07-10 15:55:06 - [TEST_STEP][PASSED] - click(findTestObject("APOLLO- Desktop/Burger Menu/Shirts link")): Object: 'Object Repository/APOLLO- Desktop/Burger Menu/Shirts link' is clicked on

2019-07-10 15:55:07 - [MESSAGE][PASSED] - Object: 'Object Repository/APOLLO- Desktop/Burger Menu/Shirts link' is clicked on

2019-07-10 15:55:07 - [TEST_STEP][NOT_RUN] - executeJavaScript("var previewBar = document.getElementById("preview-bar-iframe"); previewBar.style.display = "none";", []): NOT_RUN: executeJavaScript("var previewBar = document.getElementById("preview-bar-iframe"); previewBar.style.display = "none";", [])

2019-07-10 15:55:07 - [MESSAGE][NOT_RUN] - NOT_RUN: executeJavaScript("var previewBar = document.getElementById("preview-bar-iframe"); previewBar.style.display = "none";", [])

2019-07-10 15:55:07 - [TEST_STEP][PASSED] - delay(2): Delayed 2 second(s)

2019-07-10 15:55:09 - [MESSAGE][PASSED] - Delayed 2 second(s)

2019-07-10 15:55:09 - [TEST_STEP][PASSED] - click(findTestObject("APOLLO- Desktop/Collection page/Blue shirt product")): Object: 'Object Repository/APOLLO- Desktop/Collection page/Blue shirt product' is clicked on

2019-07-10 15:55:09 - [MESSAGE][PASSED] - Object: 'Object Repository/APOLLO- Desktop/Collection page/Blue shirt product' is clicked on

2019-07-10 15:55:09 - [TEST_STEP][NOT_RUN] - executeJavaScript("var previewBar = document.getElementById("preview-bar-iframe"); previewBar.style.display = "none";", []): NOT_RUN: executeJavaScript("var previewBar = document.getElementById("preview-bar-iframe"); previewBar.style.display = "none";", [])

2019-07-10 15:55:09 - [MESSAGE][NOT_RUN] - NOT_RUN: executeJavaScript("var previewBar = document.getElementById("preview-bar-iframe"); previewBar.style.display = "none";", [])

2019-07-10 15:55:09 - [TEST_STEP][PASSED] - delay(2): Delayed 2 second(s)

2019-07-10 15:55:11 - [MESSAGE][PASSED] - Delayed 2 second(s)

2019-07-10 15:55:11 - [TEST_STEP][FAILED] - selectOptionByValue(findTestObject("APOLLO- Desktop/Product page/Size dropdown"), "Medium", true): selectOptionByValue(findTestObject("APOLLO- Desktop/Product page/Size dropdown"), "Medium", true) FAILED.
Reason:
com.kms.katalon.core.exception.StepFailedException: Unable to select option by value 'Medium' of object 'Object Repository/APOLLO- Desktop/Product page/Size dropdown'  using regular expression (Root cause: com.kms.katalon.core.webui.exception.WebElementNotFoundException: Web element with id: 'Object Repository/APOLLO- Desktop/Product page/Size dropdown' located by 'By.xpath: //select[@name='Size']' not found)
	at com.kms.katalon.core.keyword.internal.KeywordMain.stepFailed(KeywordMain.groovy:36)
	at com.kms.katalon.core.webui.keyword.internal.WebUIKeywordMain.stepFailed(WebUIKeywordMain.groovy:65)
	at com.kms.katalon.core.webui.keyword.internal.WebUIKeywordMain.runKeyword(WebUIKeywordMain.groovy:27)
	at com.kms.katalon.core.webui.keyword.builtin.SelectOptionByValueKeyword.selectOptionByValue(SelectOptionByValueKeyword.groovy:99)
	at com.kms.katalon.core.webui.keyword.builtin.SelectOptionByValueKeyword.execute(SelectOptionByValueKeyword.groovy:71)
	at com.kms.katalon.core.keyword.internal.KeywordExecutor.executeKeywordForPlatform(KeywordExecutor.groovy:53)
	at com.kms.katalon.core.webui.keyword.WebUiBuiltInKeywords.selectOptionByValue(WebUiBuiltInKeywords.groovy:1138)
	at com.kms.katalon.core.webui.keyword.WebUiBuiltInKeywords$selectOptionByValue$9.call(Unknown Source)
	at Adding diff prods to cart.run(Adding diff prods to cart:44)
	at com.kms.katalon.core.main.ScriptEngine.run(ScriptEngine.java:194)
	at com.kms.katalon.core.main.ScriptEngine.runScriptAsRawText(ScriptEngine.java:119)
	at com.kms.katalon.core.main.TestCaseExecutor.runScript(TestCaseExecutor.java:328)
	at com.kms.katalon.core.main.TestCaseExecutor.doExecute(TestCaseExecutor.java:319)
	at com.kms.katalon.core.main.TestCaseExecutor.processExecutionPhase(TestCaseExecutor.java:298)
	at com.kms.katalon.core.main.TestCaseExecutor.accessMainPhase(TestCaseExecutor.java:290)
	at com.kms.katalon.core.main.TestCaseExecutor.execute(TestCaseExecutor.java:224)
	at com.kms.katalon.core.main.TestSuiteExecutor.accessTestCaseMainPhase(TestSuiteExecutor.java:129)
	at com.kms.katalon.core.main.TestSuiteExecutor.accessTestSuiteMainPhase(TestSuiteExecutor.java:112)
	at com.kms.katalon.core.main.TestSuiteExecutor.execute(TestSuiteExecutor.java:81)
	at com.kms.katalon.core.main.TestCaseMain.startTestSuite(TestCaseMain.java:149)
	at com.kms.katalon.core.main.TestCaseMain$startTestSuite$0.call(Unknown Source)
	at TempTestSuite1562786448509.run(TempTestSuite1562786448509.groovy:36)


2019-07-10 15:56:01 - [MESSAGE][INFO] - Unable to find the element located by 'By.xpath: //select[@name='Size']'. Please recheck the objects properties to make sure the desired element is located. 

2019-07-10 15:56:02 - [MESSAGE][FAILED] - Unable to select option by value 'Medium' of object 'Object Repository/APOLLO- Desktop/Product page/Size dropdown'  using regular expression (Root cause: com.kms.katalon.core.webui.exception.WebElementNotFoundException: Web element with id: 'Object Repository/APOLLO- Desktop/Product page/Size dropdown' located by 'By.xpath: //select[@name='Size']' not found)
[[ATTACHMENT|/Users/sumankompelly/git/Apollo-Dark-Desktop/Reports/Apollo - dark build/20190710_152048/1562788561671.png]]

2019-07-10 15:56:02 - [MESSAGE][FAILED] - selectOptionByValue(findTestObject("APOLLO- Desktop/Product page/Size dropdown"), "Medium", true) FAILED.
Reason:
com.kms.katalon.core.exception.StepFailedException: Unable to select option by value 'Medium' of object 'Object Repository/APOLLO- Desktop/Product page/Size dropdown'  using regular expression (Root cause: com.kms.katalon.core.webui.exception.WebElementNotFoundException: Web element with id: 'Object Repository/APOLLO- Desktop/Product page/Size dropdown' located by 'By.xpath: //select[@name='Size']' not found)
	at com.kms.katalon.core.keyword.internal.KeywordMain.stepFailed(KeywordMain.groovy:36)
	at com.kms.katalon.core.webui.keyword.internal.WebUIKeywordMain.stepFailed(WebUIKeywordMain.groovy:65)
	at com.kms.katalon.core.webui.keyword.internal.WebUIKeywordMain.runKeyword(WebUIKeywordMain.groovy:27)
	at com.kms.katalon.core.webui.keyword.builtin.SelectOptionByValueKeyword.selectOptionByValue(SelectOptionByValueKeyword.groovy:99)
	at com.kms.katalon.core.webui.keyword.builtin.SelectOptionByValueKeyword.execute(SelectOptionByValueKeyword.groovy:71)
	at com.kms.katalon.core.keyword.internal.KeywordExecutor.executeKeywordForPlatform(KeywordExecutor.groovy:53)
	at com.kms.katalon.core.webui.keyword.WebUiBuiltInKeywords.selectOptionByValue(WebUiBuiltInKeywords.groovy:1138)
	at com.kms.katalon.core.webui.keyword.WebUiBuiltInKeywords$selectOptionByValue$9.call(Unknown Source)
	at Adding diff prods to cart.run(Adding diff prods to cart:44)
	at com.kms.katalon.core.main.ScriptEngine.run(ScriptEngine.java:194)
	at com.kms.katalon.core.main.ScriptEngine.runScriptAsRawText(ScriptEngine.java:119)
	at com.kms.katalon.core.main.TestCaseExecutor.runScript(TestCaseExecutor.java:328)
	at com.kms.katalon.core.main.TestCaseExecutor.doExecute(TestCaseExecutor.java:319)
	at com.kms.katalon.core.main.TestCaseExecutor.processExecutionPhase(TestCaseExecutor.java:298)
	at com.kms.katalon.core.main.TestCaseExecutor.accessMainPhase(TestCaseExecutor.java:290)
	at com.kms.katalon.core.main.TestCaseExecutor.execute(TestCaseExecutor.java:224)
	at com.kms.katalon.core.main.TestSuiteExecutor.accessTestCaseMainPhase(TestSuiteExecutor.java:129)
	at com.kms.katalon.core.main.TestSuiteExecutor.accessTestSuiteMainPhase(TestSuiteExecutor.java:112)
	at com.kms.katalon.core.main.TestSuiteExecutor.execute(TestSuiteExecutor.java:81)
	at com.kms.katalon.core.main.TestCaseMain.startTestSuite(TestCaseMain.java:149)
	at com.kms.katalon.core.main.TestCaseMain$startTestSuite$0.call(Unknown Source)
	at TempTestSuite1562786448509.run(TempTestSuite1562786448509.groovy:36)]]></system-out>
         <system-err><![CDATA[2019-07-10 15:54:36 - [TEST_CASE][FAILED] - Test Cases/CRITICAL PATH/Adding diff prods to cart: Test Cases/CRITICAL PATH/Adding diff prods to cart FAILED.
Reason:
com.kms.katalon.core.exception.StepFailedException: Unable to select option by value 'Medium' of object 'Object Repository/APOLLO- Desktop/Product page/Size dropdown'  using regular expression (Root cause: com.kms.katalon.core.webui.exception.WebElementNotFoundException: Web element with id: 'Object Repository/APOLLO- Desktop/Product page/Size dropdown' located by 'By.xpath: //select[@name='Size']' not found)
	at com.kms.katalon.core.keyword.internal.KeywordMain.stepFailed(KeywordMain.groovy:36)
	at com.kms.katalon.core.webui.keyword.internal.WebUIKeywordMain.stepFailed(WebUIKeywordMain.groovy:65)
	at com.kms.katalon.core.webui.keyword.internal.WebUIKeywordMain.runKeyword(WebUIKeywordMain.groovy:27)
	at com.kms.katalon.core.webui.keyword.builtin.SelectOptionByValueKeyword.selectOptionByValue(SelectOptionByValueKeyword.groovy:99)
	at com.kms.katalon.core.webui.keyword.builtin.SelectOptionByValueKeyword.execute(SelectOptionByValueKeyword.groovy:71)
	at com.kms.katalon.core.keyword.internal.KeywordExecutor.executeKeywordForPlatform(KeywordExecutor.groovy:53)
	at com.kms.katalon.core.webui.keyword.WebUiBuiltInKeywords.selectOptionByValue(WebUiBuiltInKeywords.groovy:1138)
	at com.kms.katalon.core.webui.keyword.WebUiBuiltInKeywords$selectOptionByValue$9.call(Unknown Source)
	at Adding diff prods to cart.run(Adding diff prods to cart:44)
	at com.kms.katalon.core.main.ScriptEngine.run(ScriptEngine.java:194)
	at com.kms.katalon.core.main.ScriptEngine.runScriptAsRawText(ScriptEngine.java:119)
	at com.kms.katalon.core.main.TestCaseExecutor.runScript(TestCaseExecutor.java:328)
	at com.kms.katalon.core.main.TestCaseExecutor.doExecute(TestCaseExecutor.java:319)
	at com.kms.katalon.core.main.TestCaseExecutor.processExecutionPhase(TestCaseExecutor.java:298)
	at com.kms.katalon.core.main.TestCaseExecutor.accessMainPhase(TestCaseExecutor.java:290)
	at com.kms.katalon.core.main.TestCaseExecutor.execute(TestCaseExecutor.java:224)
	at com.kms.katalon.core.main.TestSuiteExecutor.accessTestCaseMainPhase(TestSuiteExecutor.java:129)
	at com.kms.katalon.core.main.TestSuiteExecutor.accessTestSuiteMainPhase(TestSuiteExecutor.java:112)
	at com.kms.katalon.core.main.TestSuiteExecutor.execute(TestSuiteExecutor.java:81)
	at com.kms.katalon.core.main.TestCaseMain.startTestSuite(TestCaseMain.java:149)
	at com.kms.katalon.core.main.TestCaseMain$startTestSuite$0.call(Unknown Source)
	at TempTestSuite1562786448509.run(TempTestSuite1562786448509.groovy:36)]]></system-err>
      </testcase>
      <testcase name="Test Cases/CRITICAL PATH/Price comparison - cart page" classname="Test Cases/CRITICAL PATH/Price comparison - cart page" status="FAILED">
         <failure type="FAILED" message="Test Cases/CRITICAL PATH/Price comparison - cart page FAILED.
Reason:
com.kms.katalon.core.exception.StepFailedException: Unable to select option by value 'Medium' of object 'Object Repository/APOLLO- Desktop/Product page/Size dropdown'  using regular expression (Root cause: com.kms.katalon.core.webui.exception.WebElementNotFoundException: Web element with id: 'Object Repository/APOLLO- Desktop/Product page/Size dropdown' located by 'By.xpath: //select[@name='Size']' not found)
	at com.kms.katalon.core.keyword.internal.KeywordMain.stepFailed(KeywordMain.groovy:36)
	at com.kms.katalon.core.webui.keyword.internal.WebUIKeywordMain.stepFailed(WebUIKeywordMain.groovy:65)
	at com.kms.katalon.core.webui.keyword.internal.WebUIKeywordMain.runKeyword(WebUIKeywordMain.groovy:27)
	at com.kms.katalon.core.webui.keyword.builtin.SelectOptionByValueKeyword.selectOptionByValue(SelectOptionByValueKeyword.groovy:99)
	at com.kms.katalon.core.webui.keyword.builtin.SelectOptionByValueKeyword.execute(SelectOptionByValueKeyword.groovy:71)
	at com.kms.katalon.core.keyword.internal.KeywordExecutor.executeKeywordForPlatform(KeywordExecutor.groovy:53)
	at com.kms.katalon.core.webui.keyword.WebUiBuiltInKeywords.selectOptionByValue(WebUiBuiltInKeywords.groovy:1138)
	at com.kms.katalon.core.webui.keyword.WebUiBuiltInKeywords$selectOptionByValue$9.call(Unknown Source)
	at Price comparison - cart page.run(Price comparison - cart page:38)
	at com.kms.katalon.core.main.ScriptEngine.run(ScriptEngine.java:194)
	at com.kms.katalon.core.main.ScriptEngine.runScriptAsRawText(ScriptEngine.java:119)
	at com.kms.katalon.core.main.TestCaseExecutor.runScript(TestCaseExecutor.java:328)
	at com.kms.katalon.core.main.TestCaseExecutor.doExecute(TestCaseExecutor.java:319)
	at com.kms.katalon.core.main.TestCaseExecutor.processExecutionPhase(TestCaseExecutor.java:298)
	at com.kms.katalon.core.main.TestCaseExecutor.accessMainPhase(TestCaseExecutor.java:290)
	at com.kms.katalon.core.main.TestCaseExecutor.execute(TestCaseExecutor.java:224)
	at com.kms.katalon.core.main.TestSuiteExecutor.accessTestCaseMainPhase(TestSuiteExecutor.java:129)
	at com.kms.katalon.core.main.TestSuiteExecutor.accessTestSuiteMainPhase(TestSuiteExecutor.java:112)
	at com.kms.katalon.core.main.TestSuiteExecutor.execute(TestSuiteExecutor.java:81)
	at com.kms.katalon.core.main.TestCaseMain.startTestSuite(TestCaseMain.java:149)
	at com.kms.katalon.core.main.TestCaseMain$startTestSuite$0.call(Unknown Source)
	at TempTestSuite1562786448509.run(TempTestSuite1562786448509.groovy:36)
"/>
         <system-out><![CDATA[2019-07-10 15:56:02 - [TEST_CASE][FAILED] - Test Cases/CRITICAL PATH/Price comparison - cart page: Test Cases/CRITICAL PATH/Price comparison - cart page FAILED.
Reason:
com.kms.katalon.core.exception.StepFailedException: Unable to select option by value 'Medium' of object 'Object Repository/APOLLO- Desktop/Product page/Size dropdown'  using regular expression (Root cause: com.kms.katalon.core.webui.exception.WebElementNotFoundException: Web element with id: 'Object Repository/APOLLO- Desktop/Product page/Size dropdown' located by 'By.xpath: //select[@name='Size']' not found)
	at com.kms.katalon.core.keyword.internal.KeywordMain.stepFailed(KeywordMain.groovy:36)
	at com.kms.katalon.core.webui.keyword.internal.WebUIKeywordMain.stepFailed(WebUIKeywordMain.groovy:65)
	at com.kms.katalon.core.webui.keyword.internal.WebUIKeywordMain.runKeyword(WebUIKeywordMain.groovy:27)
	at com.kms.katalon.core.webui.keyword.builtin.SelectOptionByValueKeyword.selectOptionByValue(SelectOptionByValueKeyword.groovy:99)
	at com.kms.katalon.core.webui.keyword.builtin.SelectOptionByValueKeyword.execute(SelectOptionByValueKeyword.groovy:71)
	at com.kms.katalon.core.keyword.internal.KeywordExecutor.executeKeywordForPlatform(KeywordExecutor.groovy:53)
	at com.kms.katalon.core.webui.keyword.WebUiBuiltInKeywords.selectOptionByValue(WebUiBuiltInKeywords.groovy:1138)
	at com.kms.katalon.core.webui.keyword.WebUiBuiltInKeywords$selectOptionByValue$9.call(Unknown Source)
	at Price comparison - cart page.run(Price comparison - cart page:38)
	at com.kms.katalon.core.main.ScriptEngine.run(ScriptEngine.java:194)
	at com.kms.katalon.core.main.ScriptEngine.runScriptAsRawText(ScriptEngine.java:119)
	at com.kms.katalon.core.main.TestCaseExecutor.runScript(TestCaseExecutor.java:328)
	at com.kms.katalon.core.main.TestCaseExecutor.doExecute(TestCaseExecutor.java:319)
	at com.kms.katalon.core.main.TestCaseExecutor.processExecutionPhase(TestCaseExecutor.java:298)
	at com.kms.katalon.core.main.TestCaseExecutor.accessMainPhase(TestCaseExecutor.java:290)
	at com.kms.katalon.core.main.TestCaseExecutor.execute(TestCaseExecutor.java:224)
	at com.kms.katalon.core.main.TestSuiteExecutor.accessTestCaseMainPhase(TestSuiteExecutor.java:129)
	at com.kms.katalon.core.main.TestSuiteExecutor.accessTestSuiteMainPhase(TestSuiteExecutor.java:112)
	at com.kms.katalon.core.main.TestSuiteExecutor.execute(TestSuiteExecutor.java:81)
	at com.kms.katalon.core.main.TestCaseMain.startTestSuite(TestCaseMain.java:149)
	at com.kms.katalon.core.main.TestCaseMain$startTestSuite$0.call(Unknown Source)
	at TempTestSuite1562786448509.run(TempTestSuite1562786448509.groovy:36)


2019-07-10 15:56:03 - [TEST_STEP][PASSED] - callTestCase(findTestCase("CALL - URL"), [:], STOP_ON_FAILURE): Call Test Case 'Test Cases/CALL - URL' successfully

2019-07-10 15:56:03 - [TEST_CASE][PASSED] - Test Cases/CALL - URL: Test Cases/CALL - URL

2019-07-10 15:56:03 - [TEST_STEP][PASSED] - openBrowser(""): Browser is opened with url: ''

2019-07-10 15:56:03 - [MESSAGE][WARNING] - A browser is already opened. Closing browser and opening a new one

2019-07-10 15:56:04 - [MESSAGE][INFO] - Starting 'Remote' driver

2019-07-10 15:56:04 - [MESSAGE][INFO] - User set preference: ['os', 'Windows']

2019-07-10 15:56:04 - [MESSAGE][INFO] - User set preference: ['os_version', '10']

2019-07-10 15:56:04 - [MESSAGE][INFO] - User set preference: ['browser', 'Edge']

2019-07-10 15:56:04 - [MESSAGE][INFO] - User set preference: ['browser_version', '18.0']

2019-07-10 15:56:04 - [MESSAGE][INFO] - User set preference: ['resolution', '']

2019-07-10 15:56:04 - [MESSAGE][INFO] - Connecting to remote web server 'https://dianatest3:Z3oqw9ysqTeRQJq5wFCp@hub-cloud.browserstack.com/wd/hub' with type 'Selenium'

2019-07-10 15:56:14 - [MESSAGE][PASSED] - Browser is opened with url: ''

2019-07-10 15:56:14 - [TEST_STEP][PASSED] - navigateToUrl("https://diff-apollo.myshopify.com/?key=eec34184cfd8f82cda816f82753a8c8e9e240f30cf54470e19667b8cbb401948&preview_theme_id="): Navigate to 'https://diff-apollo.myshopify.com/?key=eec34184cfd8f82cda816f82753a8c8e9e240f30cf54470e19667b8cbb401948&preview_theme_id=' successfully

2019-07-10 15:56:23 - [MESSAGE][PASSED] - Navigate to 'https://diff-apollo.myshopify.com/?key=eec34184cfd8f82cda816f82753a8c8e9e240f30cf54470e19667b8cbb401948&preview_theme_id=' successfully

2019-07-10 15:56:23 - [TEST_STEP][NOT_RUN] - executeJavaScript("var previewBar = document.getElementById("preview-bar-iframe"); previewBar.style.display = "none";", []): NOT_RUN: executeJavaScript("var previewBar = document.getElementById("preview-bar-iframe"); previewBar.style.display = "none";", [])

2019-07-10 15:56:23 - [MESSAGE][NOT_RUN] - NOT_RUN: executeJavaScript("var previewBar = document.getElementById("preview-bar-iframe"); previewBar.style.display = "none";", [])

2019-07-10 15:56:23 - [TEST_STEP][PASSED] - maximizeWindow(): Current window maximized

2019-07-10 15:56:24 - [MESSAGE][PASSED] - Current window maximized

2019-07-10 15:56:24 - [MESSAGE][PASSED] - Call Test Case 'Test Cases/CALL - URL' successfully

2019-07-10 15:56:24 - [TEST_STEP][PASSED] - click(findTestObject("APOLLO- Desktop/Burger Menu/Burgermenu")): Object: 'Object Repository/APOLLO- Desktop/Burger Menu/Burgermenu' is clicked on

2019-07-10 15:56:27 - [MESSAGE][PASSED] - Object: 'Object Repository/APOLLO- Desktop/Burger Menu/Burgermenu' is clicked on

2019-07-10 15:56:27 - [TEST_STEP][PASSED] - delay(2): Delayed 2 second(s)

2019-07-10 15:56:29 - [MESSAGE][PASSED] - Delayed 2 second(s)

2019-07-10 15:56:29 - [TEST_STEP][PASSED] - click(findTestObject("APOLLO- Desktop/Burger Menu/Mens chevron")): Object: 'Object Repository/APOLLO- Desktop/Burger Menu/Mens chevron' is clicked on

2019-07-10 15:56:29 - [MESSAGE][PASSED] - Object: 'Object Repository/APOLLO- Desktop/Burger Menu/Mens chevron' is clicked on

2019-07-10 15:56:29 - [TEST_STEP][PASSED] - delay(2): Delayed 2 second(s)

2019-07-10 15:56:31 - [MESSAGE][PASSED] - Delayed 2 second(s)

2019-07-10 15:56:31 - [TEST_STEP][PASSED] - click(findTestObject("APOLLO- Desktop/Burger Menu/Mens - Top Chevron")): Object: 'Object Repository/APOLLO- Desktop/Burger Menu/Mens - Top Chevron' is clicked on

2019-07-10 15:56:32 - [MESSAGE][PASSED] - Object: 'Object Repository/APOLLO- Desktop/Burger Menu/Mens - Top Chevron' is clicked on

2019-07-10 15:56:32 - [TEST_STEP][PASSED] - delay(2): Delayed 2 second(s)

2019-07-10 15:56:34 - [MESSAGE][PASSED] - Delayed 2 second(s)

2019-07-10 15:56:34 - [TEST_STEP][PASSED] - click(findTestObject("APOLLO- Desktop/Burger Menu/Shirts link")): Object: 'Object Repository/APOLLO- Desktop/Burger Menu/Shirts link' is clicked on

2019-07-10 15:56:35 - [MESSAGE][PASSED] - Object: 'Object Repository/APOLLO- Desktop/Burger Menu/Shirts link' is clicked on

2019-07-10 15:56:35 - [TEST_STEP][PASSED] - delay(2): Delayed 2 second(s)

2019-07-10 15:56:37 - [MESSAGE][PASSED] - Delayed 2 second(s)

2019-07-10 15:56:37 - [TEST_STEP][PASSED] - click(findTestObject("APOLLO- Desktop/Collection page/Blue shirt product")): Object: 'Object Repository/APOLLO- Desktop/Collection page/Blue shirt product' is clicked on

2019-07-10 15:56:37 - [MESSAGE][PASSED] - Object: 'Object Repository/APOLLO- Desktop/Collection page/Blue shirt product' is clicked on

2019-07-10 15:56:37 - [TEST_STEP][PASSED] - delay(2): Delayed 2 second(s)

2019-07-10 15:56:39 - [MESSAGE][PASSED] - Delayed 2 second(s)

2019-07-10 15:56:39 - [TEST_STEP][FAILED] - selectOptionByValue(findTestObject("APOLLO- Desktop/Product page/Size dropdown"), "Medium", true): selectOptionByValue(findTestObject("APOLLO- Desktop/Product page/Size dropdown"), "Medium", true) FAILED.
Reason:
com.kms.katalon.core.exception.StepFailedException: Unable to select option by value 'Medium' of object 'Object Repository/APOLLO- Desktop/Product page/Size dropdown'  using regular expression (Root cause: com.kms.katalon.core.webui.exception.WebElementNotFoundException: Web element with id: 'Object Repository/APOLLO- Desktop/Product page/Size dropdown' located by 'By.xpath: //select[@name='Size']' not found)
	at com.kms.katalon.core.keyword.internal.KeywordMain.stepFailed(KeywordMain.groovy:36)
	at com.kms.katalon.core.webui.keyword.internal.WebUIKeywordMain.stepFailed(WebUIKeywordMain.groovy:65)
	at com.kms.katalon.core.webui.keyword.internal.WebUIKeywordMain.runKeyword(WebUIKeywordMain.groovy:27)
	at com.kms.katalon.core.webui.keyword.builtin.SelectOptionByValueKeyword.selectOptionByValue(SelectOptionByValueKeyword.groovy:99)
	at com.kms.katalon.core.webui.keyword.builtin.SelectOptionByValueKeyword.execute(SelectOptionByValueKeyword.groovy:71)
	at com.kms.katalon.core.keyword.internal.KeywordExecutor.executeKeywordForPlatform(KeywordExecutor.groovy:53)
	at com.kms.katalon.core.webui.keyword.WebUiBuiltInKeywords.selectOptionByValue(WebUiBuiltInKeywords.groovy:1138)
	at com.kms.katalon.core.webui.keyword.WebUiBuiltInKeywords$selectOptionByValue$9.call(Unknown Source)
	at Price comparison - cart page.run(Price comparison - cart page:38)
	at com.kms.katalon.core.main.ScriptEngine.run(ScriptEngine.java:194)
	at com.kms.katalon.core.main.ScriptEngine.runScriptAsRawText(ScriptEngine.java:119)
	at com.kms.katalon.core.main.TestCaseExecutor.runScript(TestCaseExecutor.java:328)
	at com.kms.katalon.core.main.TestCaseExecutor.doExecute(TestCaseExecutor.java:319)
	at com.kms.katalon.core.main.TestCaseExecutor.processExecutionPhase(TestCaseExecutor.java:298)
	at com.kms.katalon.core.main.TestCaseExecutor.accessMainPhase(TestCaseExecutor.java:290)
	at com.kms.katalon.core.main.TestCaseExecutor.execute(TestCaseExecutor.java:224)
	at com.kms.katalon.core.main.TestSuiteExecutor.accessTestCaseMainPhase(TestSuiteExecutor.java:129)
	at com.kms.katalon.core.main.TestSuiteExecutor.accessTestSuiteMainPhase(TestSuiteExecutor.java:112)
	at com.kms.katalon.core.main.TestSuiteExecutor.execute(TestSuiteExecutor.java:81)
	at com.kms.katalon.core.main.TestCaseMain.startTestSuite(TestCaseMain.java:149)
	at com.kms.katalon.core.main.TestCaseMain$startTestSuite$0.call(Unknown Source)
	at TempTestSuite1562786448509.run(TempTestSuite1562786448509.groovy:36)


2019-07-10 15:57:29 - [MESSAGE][INFO] - Unable to find the element located by 'By.xpath: //select[@name='Size']'. Please recheck the objects properties to make sure the desired element is located. 

2019-07-10 15:57:30 - [MESSAGE][FAILED] - Unable to select option by value 'Medium' of object 'Object Repository/APOLLO- Desktop/Product page/Size dropdown'  using regular expression (Root cause: com.kms.katalon.core.webui.exception.WebElementNotFoundException: Web element with id: 'Object Repository/APOLLO- Desktop/Product page/Size dropdown' located by 'By.xpath: //select[@name='Size']' not found)
[[ATTACHMENT|/Users/sumankompelly/git/Apollo-Dark-Desktop/Reports/Apollo - dark build/20190710_152048/1562788649437.png]]

2019-07-10 15:57:30 - [MESSAGE][FAILED] - selectOptionByValue(findTestObject("APOLLO- Desktop/Product page/Size dropdown"), "Medium", true) FAILED.
Reason:
com.kms.katalon.core.exception.StepFailedException: Unable to select option by value 'Medium' of object 'Object Repository/APOLLO- Desktop/Product page/Size dropdown'  using regular expression (Root cause: com.kms.katalon.core.webui.exception.WebElementNotFoundException: Web element with id: 'Object Repository/APOLLO- Desktop/Product page/Size dropdown' located by 'By.xpath: //select[@name='Size']' not found)
	at com.kms.katalon.core.keyword.internal.KeywordMain.stepFailed(KeywordMain.groovy:36)
	at com.kms.katalon.core.webui.keyword.internal.WebUIKeywordMain.stepFailed(WebUIKeywordMain.groovy:65)
	at com.kms.katalon.core.webui.keyword.internal.WebUIKeywordMain.runKeyword(WebUIKeywordMain.groovy:27)
	at com.kms.katalon.core.webui.keyword.builtin.SelectOptionByValueKeyword.selectOptionByValue(SelectOptionByValueKeyword.groovy:99)
	at com.kms.katalon.core.webui.keyword.builtin.SelectOptionByValueKeyword.execute(SelectOptionByValueKeyword.groovy:71)
	at com.kms.katalon.core.keyword.internal.KeywordExecutor.executeKeywordForPlatform(KeywordExecutor.groovy:53)
	at com.kms.katalon.core.webui.keyword.WebUiBuiltInKeywords.selectOptionByValue(WebUiBuiltInKeywords.groovy:1138)
	at com.kms.katalon.core.webui.keyword.WebUiBuiltInKeywords$selectOptionByValue$9.call(Unknown Source)
	at Price comparison - cart page.run(Price comparison - cart page:38)
	at com.kms.katalon.core.main.ScriptEngine.run(ScriptEngine.java:194)
	at com.kms.katalon.core.main.ScriptEngine.runScriptAsRawText(ScriptEngine.java:119)
	at com.kms.katalon.core.main.TestCaseExecutor.runScript(TestCaseExecutor.java:328)
	at com.kms.katalon.core.main.TestCaseExecutor.doExecute(TestCaseExecutor.java:319)
	at com.kms.katalon.core.main.TestCaseExecutor.processExecutionPhase(TestCaseExecutor.java:298)
	at com.kms.katalon.core.main.TestCaseExecutor.accessMainPhase(TestCaseExecutor.java:290)
	at com.kms.katalon.core.main.TestCaseExecutor.execute(TestCaseExecutor.java:224)
	at com.kms.katalon.core.main.TestSuiteExecutor.accessTestCaseMainPhase(TestSuiteExecutor.java:129)
	at com.kms.katalon.core.main.TestSuiteExecutor.accessTestSuiteMainPhase(TestSuiteExecutor.java:112)
	at com.kms.katalon.core.main.TestSuiteExecutor.execute(TestSuiteExecutor.java:81)
	at com.kms.katalon.core.main.TestCaseMain.startTestSuite(TestCaseMain.java:149)
	at com.kms.katalon.core.main.TestCaseMain$startTestSuite$0.call(Unknown Source)
	at TempTestSuite1562786448509.run(TempTestSuite1562786448509.groovy:36)]]></system-out>
         <system-err><![CDATA[2019-07-10 15:56:02 - [TEST_CASE][FAILED] - Test Cases/CRITICAL PATH/Price comparison - cart page: Test Cases/CRITICAL PATH/Price comparison - cart page FAILED.
Reason:
com.kms.katalon.core.exception.StepFailedException: Unable to select option by value 'Medium' of object 'Object Repository/APOLLO- Desktop/Product page/Size dropdown'  using regular expression (Root cause: com.kms.katalon.core.webui.exception.WebElementNotFoundException: Web element with id: 'Object Repository/APOLLO- Desktop/Product page/Size dropdown' located by 'By.xpath: //select[@name='Size']' not found)
	at com.kms.katalon.core.keyword.internal.KeywordMain.stepFailed(KeywordMain.groovy:36)
	at com.kms.katalon.core.webui.keyword.internal.WebUIKeywordMain.stepFailed(WebUIKeywordMain.groovy:65)
	at com.kms.katalon.core.webui.keyword.internal.WebUIKeywordMain.runKeyword(WebUIKeywordMain.groovy:27)
	at com.kms.katalon.core.webui.keyword.builtin.SelectOptionByValueKeyword.selectOptionByValue(SelectOptionByValueKeyword.groovy:99)
	at com.kms.katalon.core.webui.keyword.builtin.SelectOptionByValueKeyword.execute(SelectOptionByValueKeyword.groovy:71)
	at com.kms.katalon.core.keyword.internal.KeywordExecutor.executeKeywordForPlatform(KeywordExecutor.groovy:53)
	at com.kms.katalon.core.webui.keyword.WebUiBuiltInKeywords.selectOptionByValue(WebUiBuiltInKeywords.groovy:1138)
	at com.kms.katalon.core.webui.keyword.WebUiBuiltInKeywords$selectOptionByValue$9.call(Unknown Source)
	at Price comparison - cart page.run(Price comparison - cart page:38)
	at com.kms.katalon.core.main.ScriptEngine.run(ScriptEngine.java:194)
	at com.kms.katalon.core.main.ScriptEngine.runScriptAsRawText(ScriptEngine.java:119)
	at com.kms.katalon.core.main.TestCaseExecutor.runScript(TestCaseExecutor.java:328)
	at com.kms.katalon.core.main.TestCaseExecutor.doExecute(TestCaseExecutor.java:319)
	at com.kms.katalon.core.main.TestCaseExecutor.processExecutionPhase(TestCaseExecutor.java:298)
	at com.kms.katalon.core.main.TestCaseExecutor.accessMainPhase(TestCaseExecutor.java:290)
	at com.kms.katalon.core.main.TestCaseExecutor.execute(TestCaseExecutor.java:224)
	at com.kms.katalon.core.main.TestSuiteExecutor.accessTestCaseMainPhase(TestSuiteExecutor.java:129)
	at com.kms.katalon.core.main.TestSuiteExecutor.accessTestSuiteMainPhase(TestSuiteExecutor.java:112)
	at com.kms.katalon.core.main.TestSuiteExecutor.execute(TestSuiteExecutor.java:81)
	at com.kms.katalon.core.main.TestCaseMain.startTestSuite(TestCaseMain.java:149)
	at com.kms.katalon.core.main.TestCaseMain$startTestSuite$0.call(Unknown Source)
	at TempTestSuite1562786448509.run(TempTestSuite1562786448509.groovy:36)]]></system-err>
      </testcase>
      <testcase name="Test Cases/CRITICAL PATH/Decrease quantity - cart page" classname="Test Cases/CRITICAL PATH/Decrease quantity - cart page" status="FAILED">
         <failure type="FAILED" message="Test Cases/CRITICAL PATH/Decrease quantity - cart page FAILED.
Reason:
com.kms.katalon.core.exception.StepFailedException: Unable to select option by value 'Medium' of object 'Object Repository/APOLLO- Desktop/Product page/Size dropdown'  using regular expression (Root cause: com.kms.katalon.core.webui.exception.WebElementNotFoundException: Web element with id: 'Object Repository/APOLLO- Desktop/Product page/Size dropdown' located by 'By.xpath: //select[@name='Size']' not found)
	at com.kms.katalon.core.keyword.internal.KeywordMain.stepFailed(KeywordMain.groovy:36)
	at com.kms.katalon.core.webui.keyword.internal.WebUIKeywordMain.stepFailed(WebUIKeywordMain.groovy:65)
	at com.kms.katalon.core.webui.keyword.internal.WebUIKeywordMain.runKeyword(WebUIKeywordMain.groovy:27)
	at com.kms.katalon.core.webui.keyword.builtin.SelectOptionByValueKeyword.selectOptionByValue(SelectOptionByValueKeyword.groovy:99)
	at com.kms.katalon.core.webui.keyword.builtin.SelectOptionByValueKeyword.execute(SelectOptionByValueKeyword.groovy:71)
	at com.kms.katalon.core.keyword.internal.KeywordExecutor.executeKeywordForPlatform(KeywordExecutor.groovy:53)
	at com.kms.katalon.core.webui.keyword.WebUiBuiltInKeywords.selectOptionByValue(WebUiBuiltInKeywords.groovy:1138)
	at com.kms.katalon.core.webui.keyword.WebUiBuiltInKeywords$selectOptionByValue$9.call(Unknown Source)
	at Decrease quantity - cart page.run(Decrease quantity - cart page:43)
	at com.kms.katalon.core.main.ScriptEngine.run(ScriptEngine.java:194)
	at com.kms.katalon.core.main.ScriptEngine.runScriptAsRawText(ScriptEngine.java:119)
	at com.kms.katalon.core.main.TestCaseExecutor.runScript(TestCaseExecutor.java:328)
	at com.kms.katalon.core.main.TestCaseExecutor.doExecute(TestCaseExecutor.java:319)
	at com.kms.katalon.core.main.TestCaseExecutor.processExecutionPhase(TestCaseExecutor.java:298)
	at com.kms.katalon.core.main.TestCaseExecutor.accessMainPhase(TestCaseExecutor.java:290)
	at com.kms.katalon.core.main.TestCaseExecutor.execute(TestCaseExecutor.java:224)
	at com.kms.katalon.core.main.TestSuiteExecutor.accessTestCaseMainPhase(TestSuiteExecutor.java:129)
	at com.kms.katalon.core.main.TestSuiteExecutor.accessTestSuiteMainPhase(TestSuiteExecutor.java:112)
	at com.kms.katalon.core.main.TestSuiteExecutor.execute(TestSuiteExecutor.java:81)
	at com.kms.katalon.core.main.TestCaseMain.startTestSuite(TestCaseMain.java:149)
	at com.kms.katalon.core.main.TestCaseMain$startTestSuite$0.call(Unknown Source)
	at TempTestSuite1562786448509.run(TempTestSuite1562786448509.groovy:36)
"/>
         <system-out><![CDATA[2019-07-10 15:57:30 - [TEST_CASE][FAILED] - Test Cases/CRITICAL PATH/Decrease quantity - cart page: Test Cases/CRITICAL PATH/Decrease quantity - cart page FAILED.
Reason:
com.kms.katalon.core.exception.StepFailedException: Unable to select option by value 'Medium' of object 'Object Repository/APOLLO- Desktop/Product page/Size dropdown'  using regular expression (Root cause: com.kms.katalon.core.webui.exception.WebElementNotFoundException: Web element with id: 'Object Repository/APOLLO- Desktop/Product page/Size dropdown' located by 'By.xpath: //select[@name='Size']' not found)
	at com.kms.katalon.core.keyword.internal.KeywordMain.stepFailed(KeywordMain.groovy:36)
	at com.kms.katalon.core.webui.keyword.internal.WebUIKeywordMain.stepFailed(WebUIKeywordMain.groovy:65)
	at com.kms.katalon.core.webui.keyword.internal.WebUIKeywordMain.runKeyword(WebUIKeywordMain.groovy:27)
	at com.kms.katalon.core.webui.keyword.builtin.SelectOptionByValueKeyword.selectOptionByValue(SelectOptionByValueKeyword.groovy:99)
	at com.kms.katalon.core.webui.keyword.builtin.SelectOptionByValueKeyword.execute(SelectOptionByValueKeyword.groovy:71)
	at com.kms.katalon.core.keyword.internal.KeywordExecutor.executeKeywordForPlatform(KeywordExecutor.groovy:53)
	at com.kms.katalon.core.webui.keyword.WebUiBuiltInKeywords.selectOptionByValue(WebUiBuiltInKeywords.groovy:1138)
	at com.kms.katalon.core.webui.keyword.WebUiBuiltInKeywords$selectOptionByValue$9.call(Unknown Source)
	at Decrease quantity - cart page.run(Decrease quantity - cart page:43)
	at com.kms.katalon.core.main.ScriptEngine.run(ScriptEngine.java:194)
	at com.kms.katalon.core.main.ScriptEngine.runScriptAsRawText(ScriptEngine.java:119)
	at com.kms.katalon.core.main.TestCaseExecutor.runScript(TestCaseExecutor.java:328)
	at com.kms.katalon.core.main.TestCaseExecutor.doExecute(TestCaseExecutor.java:319)
	at com.kms.katalon.core.main.TestCaseExecutor.processExecutionPhase(TestCaseExecutor.java:298)
	at com.kms.katalon.core.main.TestCaseExecutor.accessMainPhase(TestCaseExecutor.java:290)
	at com.kms.katalon.core.main.TestCaseExecutor.execute(TestCaseExecutor.java:224)
	at com.kms.katalon.core.main.TestSuiteExecutor.accessTestCaseMainPhase(TestSuiteExecutor.java:129)
	at com.kms.katalon.core.main.TestSuiteExecutor.accessTestSuiteMainPhase(TestSuiteExecutor.java:112)
	at com.kms.katalon.core.main.TestSuiteExecutor.execute(TestSuiteExecutor.java:81)
	at com.kms.katalon.core.main.TestCaseMain.startTestSuite(TestCaseMain.java:149)
	at com.kms.katalon.core.main.TestCaseMain$startTestSuite$0.call(Unknown Source)
	at TempTestSuite1562786448509.run(TempTestSuite1562786448509.groovy:36)


2019-07-10 15:57:30 - [TEST_STEP][PASSED] - callTestCase(findTestCase("CALL - URL"), [:], STOP_ON_FAILURE): Call Test Case 'Test Cases/CALL - URL' successfully

2019-07-10 15:57:30 - [TEST_CASE][PASSED] - Test Cases/CALL - URL: Test Cases/CALL - URL

2019-07-10 15:57:30 - [TEST_STEP][PASSED] - openBrowser(""): Browser is opened with url: ''

2019-07-10 15:57:30 - [MESSAGE][WARNING] - A browser is already opened. Closing browser and opening a new one

2019-07-10 15:57:33 - [MESSAGE][INFO] - Starting 'Remote' driver

2019-07-10 15:57:33 - [MESSAGE][INFO] - User set preference: ['os', 'Windows']

2019-07-10 15:57:33 - [MESSAGE][INFO] - User set preference: ['os_version', '10']

2019-07-10 15:57:33 - [MESSAGE][INFO] - User set preference: ['browser', 'Edge']

2019-07-10 15:57:33 - [MESSAGE][INFO] - User set preference: ['browser_version', '18.0']

2019-07-10 15:57:33 - [MESSAGE][INFO] - User set preference: ['resolution', '']

2019-07-10 15:57:33 - [MESSAGE][INFO] - Connecting to remote web server 'https://dianatest3:Z3oqw9ysqTeRQJq5wFCp@hub-cloud.browserstack.com/wd/hub' with type 'Selenium'

2019-07-10 15:57:45 - [MESSAGE][PASSED] - Browser is opened with url: ''

2019-07-10 15:57:45 - [TEST_STEP][PASSED] - navigateToUrl("https://diff-apollo.myshopify.com/?key=eec34184cfd8f82cda816f82753a8c8e9e240f30cf54470e19667b8cbb401948&preview_theme_id="): Navigate to 'https://diff-apollo.myshopify.com/?key=eec34184cfd8f82cda816f82753a8c8e9e240f30cf54470e19667b8cbb401948&preview_theme_id=' successfully

2019-07-10 15:57:54 - [MESSAGE][PASSED] - Navigate to 'https://diff-apollo.myshopify.com/?key=eec34184cfd8f82cda816f82753a8c8e9e240f30cf54470e19667b8cbb401948&preview_theme_id=' successfully

2019-07-10 15:57:54 - [TEST_STEP][NOT_RUN] - executeJavaScript("var previewBar = document.getElementById("preview-bar-iframe"); previewBar.style.display = "none";", []): NOT_RUN: executeJavaScript("var previewBar = document.getElementById("preview-bar-iframe"); previewBar.style.display = "none";", [])

2019-07-10 15:57:54 - [MESSAGE][NOT_RUN] - NOT_RUN: executeJavaScript("var previewBar = document.getElementById("preview-bar-iframe"); previewBar.style.display = "none";", [])

2019-07-10 15:57:54 - [TEST_STEP][PASSED] - maximizeWindow(): Current window maximized

2019-07-10 15:57:55 - [MESSAGE][PASSED] - Current window maximized

2019-07-10 15:57:55 - [MESSAGE][PASSED] - Call Test Case 'Test Cases/CALL - URL' successfully

2019-07-10 15:57:55 - [TEST_STEP][PASSED] - delay(1): Delayed 1 second(s)

2019-07-10 15:57:56 - [MESSAGE][PASSED] - Delayed 1 second(s)

2019-07-10 15:57:56 - [TEST_STEP][PASSED] - click(findTestObject("APOLLO- Desktop/Burger Menu/Burgermenu")): Object: 'Object Repository/APOLLO- Desktop/Burger Menu/Burgermenu' is clicked on

2019-07-10 15:57:57 - [MESSAGE][PASSED] - Object: 'Object Repository/APOLLO- Desktop/Burger Menu/Burgermenu' is clicked on

2019-07-10 15:57:57 - [TEST_STEP][PASSED] - delay(2): Delayed 2 second(s)

2019-07-10 15:57:59 - [MESSAGE][PASSED] - Delayed 2 second(s)

2019-07-10 15:57:59 - [TEST_STEP][PASSED] - click(findTestObject("APOLLO- Desktop/Burger Menu/Mens chevron")): Object: 'Object Repository/APOLLO- Desktop/Burger Menu/Mens chevron' is clicked on

2019-07-10 15:58:00 - [MESSAGE][PASSED] - Object: 'Object Repository/APOLLO- Desktop/Burger Menu/Mens chevron' is clicked on

2019-07-10 15:58:00 - [TEST_STEP][PASSED] - delay(2): Delayed 2 second(s)

2019-07-10 15:58:02 - [MESSAGE][PASSED] - Delayed 2 second(s)

2019-07-10 15:58:02 - [TEST_STEP][PASSED] - click(findTestObject("APOLLO- Desktop/Burger Menu/Mens - Top Chevron")): Object: 'Object Repository/APOLLO- Desktop/Burger Menu/Mens - Top Chevron' is clicked on

2019-07-10 15:58:03 - [MESSAGE][PASSED] - Object: 'Object Repository/APOLLO- Desktop/Burger Menu/Mens - Top Chevron' is clicked on

2019-07-10 15:58:03 - [TEST_STEP][PASSED] - delay(2): Delayed 2 second(s)

2019-07-10 15:58:05 - [MESSAGE][PASSED] - Delayed 2 second(s)

2019-07-10 15:58:05 - [TEST_STEP][PASSED] - click(findTestObject("APOLLO- Desktop/Burger Menu/Shirts link")): Object: 'Object Repository/APOLLO- Desktop/Burger Menu/Shirts link' is clicked on

2019-07-10 15:58:06 - [MESSAGE][PASSED] - Object: 'Object Repository/APOLLO- Desktop/Burger Menu/Shirts link' is clicked on

2019-07-10 15:58:06 - [TEST_STEP][NOT_RUN] - executeJavaScript("var previewBar = document.getElementById("preview-bar-iframe"); previewBar.style.display = "none";", []): NOT_RUN: executeJavaScript("var previewBar = document.getElementById("preview-bar-iframe"); previewBar.style.display = "none";", [])

2019-07-10 15:58:06 - [MESSAGE][NOT_RUN] - NOT_RUN: executeJavaScript("var previewBar = document.getElementById("preview-bar-iframe"); previewBar.style.display = "none";", [])

2019-07-10 15:58:06 - [TEST_STEP][PASSED] - delay(2): Delayed 2 second(s)

2019-07-10 15:58:08 - [MESSAGE][PASSED] - Delayed 2 second(s)

2019-07-10 15:58:08 - [TEST_STEP][PASSED] - click(findTestObject("APOLLO- Desktop/Collection page/Blue shirt product")): Object: 'Object Repository/APOLLO- Desktop/Collection page/Blue shirt product' is clicked on

2019-07-10 15:58:09 - [MESSAGE][PASSED] - Object: 'Object Repository/APOLLO- Desktop/Collection page/Blue shirt product' is clicked on

2019-07-10 15:58:09 - [TEST_STEP][PASSED] - delay(2): Delayed 2 second(s)

2019-07-10 15:58:11 - [MESSAGE][PASSED] - Delayed 2 second(s)

2019-07-10 15:58:11 - [TEST_STEP][FAILED] - selectOptionByValue(findTestObject("APOLLO- Desktop/Product page/Size dropdown"), "Medium", true): selectOptionByValue(findTestObject("APOLLO- Desktop/Product page/Size dropdown"), "Medium", true) FAILED.
Reason:
com.kms.katalon.core.exception.StepFailedException: Unable to select option by value 'Medium' of object 'Object Repository/APOLLO- Desktop/Product page/Size dropdown'  using regular expression (Root cause: com.kms.katalon.core.webui.exception.WebElementNotFoundException: Web element with id: 'Object Repository/APOLLO- Desktop/Product page/Size dropdown' located by 'By.xpath: //select[@name='Size']' not found)
	at com.kms.katalon.core.keyword.internal.KeywordMain.stepFailed(KeywordMain.groovy:36)
	at com.kms.katalon.core.webui.keyword.internal.WebUIKeywordMain.stepFailed(WebUIKeywordMain.groovy:65)
	at com.kms.katalon.core.webui.keyword.internal.WebUIKeywordMain.runKeyword(WebUIKeywordMain.groovy:27)
	at com.kms.katalon.core.webui.keyword.builtin.SelectOptionByValueKeyword.selectOptionByValue(SelectOptionByValueKeyword.groovy:99)
	at com.kms.katalon.core.webui.keyword.builtin.SelectOptionByValueKeyword.execute(SelectOptionByValueKeyword.groovy:71)
	at com.kms.katalon.core.keyword.internal.KeywordExecutor.executeKeywordForPlatform(KeywordExecutor.groovy:53)
	at com.kms.katalon.core.webui.keyword.WebUiBuiltInKeywords.selectOptionByValue(WebUiBuiltInKeywords.groovy:1138)
	at com.kms.katalon.core.webui.keyword.WebUiBuiltInKeywords$selectOptionByValue$9.call(Unknown Source)
	at Decrease quantity - cart page.run(Decrease quantity - cart page:43)
	at com.kms.katalon.core.main.ScriptEngine.run(ScriptEngine.java:194)
	at com.kms.katalon.core.main.ScriptEngine.runScriptAsRawText(ScriptEngine.java:119)
	at com.kms.katalon.core.main.TestCaseExecutor.runScript(TestCaseExecutor.java:328)
	at com.kms.katalon.core.main.TestCaseExecutor.doExecute(TestCaseExecutor.java:319)
	at com.kms.katalon.core.main.TestCaseExecutor.processExecutionPhase(TestCaseExecutor.java:298)
	at com.kms.katalon.core.main.TestCaseExecutor.accessMainPhase(TestCaseExecutor.java:290)
	at com.kms.katalon.core.main.TestCaseExecutor.execute(TestCaseExecutor.java:224)
	at com.kms.katalon.core.main.TestSuiteExecutor.accessTestCaseMainPhase(TestSuiteExecutor.java:129)
	at com.kms.katalon.core.main.TestSuiteExecutor.accessTestSuiteMainPhase(TestSuiteExecutor.java:112)
	at com.kms.katalon.core.main.TestSuiteExecutor.execute(TestSuiteExecutor.java:81)
	at com.kms.katalon.core.main.TestCaseMain.startTestSuite(TestCaseMain.java:149)
	at com.kms.katalon.core.main.TestCaseMain$startTestSuite$0.call(Unknown Source)
	at TempTestSuite1562786448509.run(TempTestSuite1562786448509.groovy:36)


2019-07-10 15:59:02 - [MESSAGE][INFO] - Unable to find the element located by 'By.xpath: //select[@name='Size']'. Please recheck the objects properties to make sure the desired element is located. 

2019-07-10 15:59:03 - [MESSAGE][FAILED] - Unable to select option by value 'Medium' of object 'Object Repository/APOLLO- Desktop/Product page/Size dropdown'  using regular expression (Root cause: com.kms.katalon.core.webui.exception.WebElementNotFoundException: Web element with id: 'Object Repository/APOLLO- Desktop/Product page/Size dropdown' located by 'By.xpath: //select[@name='Size']' not found)
[[ATTACHMENT|/Users/sumankompelly/git/Apollo-Dark-Desktop/Reports/Apollo - dark build/20190710_152048/1562788742577.png]]

2019-07-10 15:59:03 - [MESSAGE][FAILED] - selectOptionByValue(findTestObject("APOLLO- Desktop/Product page/Size dropdown"), "Medium", true) FAILED.
Reason:
com.kms.katalon.core.exception.StepFailedException: Unable to select option by value 'Medium' of object 'Object Repository/APOLLO- Desktop/Product page/Size dropdown'  using regular expression (Root cause: com.kms.katalon.core.webui.exception.WebElementNotFoundException: Web element with id: 'Object Repository/APOLLO- Desktop/Product page/Size dropdown' located by 'By.xpath: //select[@name='Size']' not found)
	at com.kms.katalon.core.keyword.internal.KeywordMain.stepFailed(KeywordMain.groovy:36)
	at com.kms.katalon.core.webui.keyword.internal.WebUIKeywordMain.stepFailed(WebUIKeywordMain.groovy:65)
	at com.kms.katalon.core.webui.keyword.internal.WebUIKeywordMain.runKeyword(WebUIKeywordMain.groovy:27)
	at com.kms.katalon.core.webui.keyword.builtin.SelectOptionByValueKeyword.selectOptionByValue(SelectOptionByValueKeyword.groovy:99)
	at com.kms.katalon.core.webui.keyword.builtin.SelectOptionByValueKeyword.execute(SelectOptionByValueKeyword.groovy:71)
	at com.kms.katalon.core.keyword.internal.KeywordExecutor.executeKeywordForPlatform(KeywordExecutor.groovy:53)
	at com.kms.katalon.core.webui.keyword.WebUiBuiltInKeywords.selectOptionByValue(WebUiBuiltInKeywords.groovy:1138)
	at com.kms.katalon.core.webui.keyword.WebUiBuiltInKeywords$selectOptionByValue$9.call(Unknown Source)
	at Decrease quantity - cart page.run(Decrease quantity - cart page:43)
	at com.kms.katalon.core.main.ScriptEngine.run(ScriptEngine.java:194)
	at com.kms.katalon.core.main.ScriptEngine.runScriptAsRawText(ScriptEngine.java:119)
	at com.kms.katalon.core.main.TestCaseExecutor.runScript(TestCaseExecutor.java:328)
	at com.kms.katalon.core.main.TestCaseExecutor.doExecute(TestCaseExecutor.java:319)
	at com.kms.katalon.core.main.TestCaseExecutor.processExecutionPhase(TestCaseExecutor.java:298)
	at com.kms.katalon.core.main.TestCaseExecutor.accessMainPhase(TestCaseExecutor.java:290)
	at com.kms.katalon.core.main.TestCaseExecutor.execute(TestCaseExecutor.java:224)
	at com.kms.katalon.core.main.TestSuiteExecutor.accessTestCaseMainPhase(TestSuiteExecutor.java:129)
	at com.kms.katalon.core.main.TestSuiteExecutor.accessTestSuiteMainPhase(TestSuiteExecutor.java:112)
	at com.kms.katalon.core.main.TestSuiteExecutor.execute(TestSuiteExecutor.java:81)
	at com.kms.katalon.core.main.TestCaseMain.startTestSuite(TestCaseMain.java:149)
	at com.kms.katalon.core.main.TestCaseMain$startTestSuite$0.call(Unknown Source)
	at TempTestSuite1562786448509.run(TempTestSuite1562786448509.groovy:36)]]></system-out>
         <system-err><![CDATA[2019-07-10 15:57:30 - [TEST_CASE][FAILED] - Test Cases/CRITICAL PATH/Decrease quantity - cart page: Test Cases/CRITICAL PATH/Decrease quantity - cart page FAILED.
Reason:
com.kms.katalon.core.exception.StepFailedException: Unable to select option by value 'Medium' of object 'Object Repository/APOLLO- Desktop/Product page/Size dropdown'  using regular expression (Root cause: com.kms.katalon.core.webui.exception.WebElementNotFoundException: Web element with id: 'Object Repository/APOLLO- Desktop/Product page/Size dropdown' located by 'By.xpath: //select[@name='Size']' not found)
	at com.kms.katalon.core.keyword.internal.KeywordMain.stepFailed(KeywordMain.groovy:36)
	at com.kms.katalon.core.webui.keyword.internal.WebUIKeywordMain.stepFailed(WebUIKeywordMain.groovy:65)
	at com.kms.katalon.core.webui.keyword.internal.WebUIKeywordMain.runKeyword(WebUIKeywordMain.groovy:27)
	at com.kms.katalon.core.webui.keyword.builtin.SelectOptionByValueKeyword.selectOptionByValue(SelectOptionByValueKeyword.groovy:99)
	at com.kms.katalon.core.webui.keyword.builtin.SelectOptionByValueKeyword.execute(SelectOptionByValueKeyword.groovy:71)
	at com.kms.katalon.core.keyword.internal.KeywordExecutor.executeKeywordForPlatform(KeywordExecutor.groovy:53)
	at com.kms.katalon.core.webui.keyword.WebUiBuiltInKeywords.selectOptionByValue(WebUiBuiltInKeywords.groovy:1138)
	at com.kms.katalon.core.webui.keyword.WebUiBuiltInKeywords$selectOptionByValue$9.call(Unknown Source)
	at Decrease quantity - cart page.run(Decrease quantity - cart page:43)
	at com.kms.katalon.core.main.ScriptEngine.run(ScriptEngine.java:194)
	at com.kms.katalon.core.main.ScriptEngine.runScriptAsRawText(ScriptEngine.java:119)
	at com.kms.katalon.core.main.TestCaseExecutor.runScript(TestCaseExecutor.java:328)
	at com.kms.katalon.core.main.TestCaseExecutor.doExecute(TestCaseExecutor.java:319)
	at com.kms.katalon.core.main.TestCaseExecutor.processExecutionPhase(TestCaseExecutor.java:298)
	at com.kms.katalon.core.main.TestCaseExecutor.accessMainPhase(TestCaseExecutor.java:290)
	at com.kms.katalon.core.main.TestCaseExecutor.execute(TestCaseExecutor.java:224)
	at com.kms.katalon.core.main.TestSuiteExecutor.accessTestCaseMainPhase(TestSuiteExecutor.java:129)
	at com.kms.katalon.core.main.TestSuiteExecutor.accessTestSuiteMainPhase(TestSuiteExecutor.java:112)
	at com.kms.katalon.core.main.TestSuiteExecutor.execute(TestSuiteExecutor.java:81)
	at com.kms.katalon.core.main.TestCaseMain.startTestSuite(TestCaseMain.java:149)
	at com.kms.katalon.core.main.TestCaseMain$startTestSuite$0.call(Unknown Source)
	at TempTestSuite1562786448509.run(TempTestSuite1562786448509.groovy:36)]]></system-err>
      </testcase>
      <testcase name="Test Cases/CRITICAL PATH/Adding product - Search flyout" classname="Test Cases/CRITICAL PATH/Adding product - Search flyout" status="FAILED">
         <failure type="FAILED" message="Test Cases/CRITICAL PATH/Adding product - Search flyout FAILED.
Reason:
com.kms.katalon.core.exception.StepFailedException: Unable to select option by value 'White' of object 'Object Repository/APOLLO- Desktop/Product page/Color dropdown'  using regular expression (Root cause: com.kms.katalon.core.webui.exception.WebElementNotFoundException: Web element with id: 'Object Repository/APOLLO- Desktop/Product page/Color dropdown' located by 'By.xpath: //select[@name='Color']' not found)
	at com.kms.katalon.core.keyword.internal.KeywordMain.stepFailed(KeywordMain.groovy:36)
	at com.kms.katalon.core.webui.keyword.internal.WebUIKeywordMain.stepFailed(WebUIKeywordMain.groovy:65)
	at com.kms.katalon.core.webui.keyword.internal.WebUIKeywordMain.runKeyword(WebUIKeywordMain.groovy:27)
	at com.kms.katalon.core.webui.keyword.builtin.SelectOptionByValueKeyword.selectOptionByValue(SelectOptionByValueKeyword.groovy:99)
	at com.kms.katalon.core.webui.keyword.builtin.SelectOptionByValueKeyword.execute(SelectOptionByValueKeyword.groovy:71)
	at com.kms.katalon.core.keyword.internal.KeywordExecutor.executeKeywordForPlatform(KeywordExecutor.groovy:53)
	at com.kms.katalon.core.webui.keyword.WebUiBuiltInKeywords.selectOptionByValue(WebUiBuiltInKeywords.groovy:1138)
	at com.kms.katalon.core.webui.keyword.WebUiBuiltInKeywords$selectOptionByValue$9.call(Unknown Source)
	at Adding product - Search flyout.run(Adding product - Search flyout:32)
	at com.kms.katalon.core.main.ScriptEngine.run(ScriptEngine.java:194)
	at com.kms.katalon.core.main.ScriptEngine.runScriptAsRawText(ScriptEngine.java:119)
	at com.kms.katalon.core.main.TestCaseExecutor.runScript(TestCaseExecutor.java:328)
	at com.kms.katalon.core.main.TestCaseExecutor.doExecute(TestCaseExecutor.java:319)
	at com.kms.katalon.core.main.TestCaseExecutor.processExecutionPhase(TestCaseExecutor.java:298)
	at com.kms.katalon.core.main.TestCaseExecutor.accessMainPhase(TestCaseExecutor.java:290)
	at com.kms.katalon.core.main.TestCaseExecutor.execute(TestCaseExecutor.java:224)
	at com.kms.katalon.core.main.TestSuiteExecutor.accessTestCaseMainPhase(TestSuiteExecutor.java:129)
	at com.kms.katalon.core.main.TestSuiteExecutor.accessTestSuiteMainPhase(TestSuiteExecutor.java:112)
	at com.kms.katalon.core.main.TestSuiteExecutor.execute(TestSuiteExecutor.java:81)
	at com.kms.katalon.core.main.TestCaseMain.startTestSuite(TestCaseMain.java:149)
	at com.kms.katalon.core.main.TestCaseMain$startTestSuite$0.call(Unknown Source)
	at TempTestSuite1562786448509.run(TempTestSuite1562786448509.groovy:36)
"/>
         <system-out><![CDATA[2019-07-10 15:59:03 - [TEST_CASE][FAILED] - Test Cases/CRITICAL PATH/Adding product - Search flyout: Test Cases/CRITICAL PATH/Adding product - Search flyout FAILED.
Reason:
com.kms.katalon.core.exception.StepFailedException: Unable to select option by value 'White' of object 'Object Repository/APOLLO- Desktop/Product page/Color dropdown'  using regular expression (Root cause: com.kms.katalon.core.webui.exception.WebElementNotFoundException: Web element with id: 'Object Repository/APOLLO- Desktop/Product page/Color dropdown' located by 'By.xpath: //select[@name='Color']' not found)
	at com.kms.katalon.core.keyword.internal.KeywordMain.stepFailed(KeywordMain.groovy:36)
	at com.kms.katalon.core.webui.keyword.internal.WebUIKeywordMain.stepFailed(WebUIKeywordMain.groovy:65)
	at com.kms.katalon.core.webui.keyword.internal.WebUIKeywordMain.runKeyword(WebUIKeywordMain.groovy:27)
	at com.kms.katalon.core.webui.keyword.builtin.SelectOptionByValueKeyword.selectOptionByValue(SelectOptionByValueKeyword.groovy:99)
	at com.kms.katalon.core.webui.keyword.builtin.SelectOptionByValueKeyword.execute(SelectOptionByValueKeyword.groovy:71)
	at com.kms.katalon.core.keyword.internal.KeywordExecutor.executeKeywordForPlatform(KeywordExecutor.groovy:53)
	at com.kms.katalon.core.webui.keyword.WebUiBuiltInKeywords.selectOptionByValue(WebUiBuiltInKeywords.groovy:1138)
	at com.kms.katalon.core.webui.keyword.WebUiBuiltInKeywords$selectOptionByValue$9.call(Unknown Source)
	at Adding product - Search flyout.run(Adding product - Search flyout:32)
	at com.kms.katalon.core.main.ScriptEngine.run(ScriptEngine.java:194)
	at com.kms.katalon.core.main.ScriptEngine.runScriptAsRawText(ScriptEngine.java:119)
	at com.kms.katalon.core.main.TestCaseExecutor.runScript(TestCaseExecutor.java:328)
	at com.kms.katalon.core.main.TestCaseExecutor.doExecute(TestCaseExecutor.java:319)
	at com.kms.katalon.core.main.TestCaseExecutor.processExecutionPhase(TestCaseExecutor.java:298)
	at com.kms.katalon.core.main.TestCaseExecutor.accessMainPhase(TestCaseExecutor.java:290)
	at com.kms.katalon.core.main.TestCaseExecutor.execute(TestCaseExecutor.java:224)
	at com.kms.katalon.core.main.TestSuiteExecutor.accessTestCaseMainPhase(TestSuiteExecutor.java:129)
	at com.kms.katalon.core.main.TestSuiteExecutor.accessTestSuiteMainPhase(TestSuiteExecutor.java:112)
	at com.kms.katalon.core.main.TestSuiteExecutor.execute(TestSuiteExecutor.java:81)
	at com.kms.katalon.core.main.TestCaseMain.startTestSuite(TestCaseMain.java:149)
	at com.kms.katalon.core.main.TestCaseMain$startTestSuite$0.call(Unknown Source)
	at TempTestSuite1562786448509.run(TempTestSuite1562786448509.groovy:36)


2019-07-10 15:59:03 - [TEST_STEP][PASSED] - callTestCase(findTestCase("CALL - URL"), [:], STOP_ON_FAILURE): Call Test Case 'Test Cases/CALL - URL' successfully

2019-07-10 15:59:03 - [TEST_CASE][PASSED] - Test Cases/CALL - URL: Test Cases/CALL - URL

2019-07-10 15:59:03 - [TEST_STEP][PASSED] - openBrowser(""): Browser is opened with url: ''

2019-07-10 15:59:03 - [MESSAGE][WARNING] - A browser is already opened. Closing browser and opening a new one

2019-07-10 15:59:05 - [MESSAGE][INFO] - Starting 'Remote' driver

2019-07-10 15:59:05 - [MESSAGE][INFO] - User set preference: ['os', 'Windows']

2019-07-10 15:59:05 - [MESSAGE][INFO] - User set preference: ['os_version', '10']

2019-07-10 15:59:05 - [MESSAGE][INFO] - User set preference: ['browser', 'Edge']

2019-07-10 15:59:05 - [MESSAGE][INFO] - User set preference: ['browser_version', '18.0']

2019-07-10 15:59:05 - [MESSAGE][INFO] - User set preference: ['resolution', '']

2019-07-10 15:59:05 - [MESSAGE][INFO] - Connecting to remote web server 'https://dianatest3:Z3oqw9ysqTeRQJq5wFCp@hub-cloud.browserstack.com/wd/hub' with type 'Selenium'

2019-07-10 15:59:25 - [MESSAGE][PASSED] - Browser is opened with url: ''

2019-07-10 15:59:25 - [TEST_STEP][PASSED] - navigateToUrl("https://diff-apollo.myshopify.com/?key=eec34184cfd8f82cda816f82753a8c8e9e240f30cf54470e19667b8cbb401948&preview_theme_id="): Navigate to 'https://diff-apollo.myshopify.com/?key=eec34184cfd8f82cda816f82753a8c8e9e240f30cf54470e19667b8cbb401948&preview_theme_id=' successfully

2019-07-10 15:59:29 - [MESSAGE][PASSED] - Navigate to 'https://diff-apollo.myshopify.com/?key=eec34184cfd8f82cda816f82753a8c8e9e240f30cf54470e19667b8cbb401948&preview_theme_id=' successfully

2019-07-10 15:59:29 - [TEST_STEP][NOT_RUN] - executeJavaScript("var previewBar = document.getElementById("preview-bar-iframe"); previewBar.style.display = "none";", []): NOT_RUN: executeJavaScript("var previewBar = document.getElementById("preview-bar-iframe"); previewBar.style.display = "none";", [])

2019-07-10 15:59:29 - [MESSAGE][NOT_RUN] - NOT_RUN: executeJavaScript("var previewBar = document.getElementById("preview-bar-iframe"); previewBar.style.display = "none";", [])

2019-07-10 15:59:29 - [TEST_STEP][PASSED] - maximizeWindow(): Current window maximized

2019-07-10 15:59:29 - [MESSAGE][PASSED] - Current window maximized

2019-07-10 15:59:29 - [MESSAGE][PASSED] - Call Test Case 'Test Cases/CALL - URL' successfully

2019-07-10 15:59:29 - [TEST_STEP][PASSED] - delay(2): Delayed 2 second(s)

2019-07-10 15:59:31 - [MESSAGE][PASSED] - Delayed 2 second(s)

2019-07-10 15:59:31 - [TEST_STEP][PASSED] - click(findTestObject("APOLLO- Desktop/Home page/Search input")): Object: 'Object Repository/APOLLO- Desktop/Home page/Search input' is clicked on

2019-07-10 15:59:33 - [MESSAGE][PASSED] - Object: 'Object Repository/APOLLO- Desktop/Home page/Search input' is clicked on

2019-07-10 15:59:33 - [TEST_STEP][PASSED] - delay(1): Delayed 1 second(s)

2019-07-10 15:59:34 - [MESSAGE][PASSED] - Delayed 1 second(s)

2019-07-10 15:59:34 - [TEST_STEP][PASSED] - setText(findTestObject("APOLLO- Desktop/Home page/Search input box to enter"), "jacket"): Text 'jacket' is set on object 'Object Repository/APOLLO- Desktop/Home page/Search input box to enter'

2019-07-10 15:59:36 - [MESSAGE][PASSED] - Text 'jacket' is set on object 'Object Repository/APOLLO- Desktop/Home page/Search input box to enter'

2019-07-10 15:59:36 - [TEST_STEP][PASSED] - delay(1): Delayed 1 second(s)

2019-07-10 15:59:37 - [MESSAGE][PASSED] - Delayed 1 second(s)

2019-07-10 15:59:37 - [TEST_STEP][PASSED] - click(findTestObject("APOLLO- Desktop/Home page/2nd product - search flyout")): Object: 'Object Repository/APOLLO- Desktop/Home page/2nd product - search flyout' is clicked on

2019-07-10 15:59:38 - [MESSAGE][PASSED] - Object: 'Object Repository/APOLLO- Desktop/Home page/2nd product - search flyout' is clicked on

2019-07-10 15:59:38 - [TEST_STEP][PASSED] - delay(1): Delayed 1 second(s)

2019-07-10 15:59:39 - [MESSAGE][PASSED] - Delayed 1 second(s)

2019-07-10 15:59:39 - [TEST_STEP][FAILED] - selectOptionByValue(findTestObject("APOLLO- Desktop/Product page/Color dropdown"), "White", true): selectOptionByValue(findTestObject("APOLLO- Desktop/Product page/Color dropdown"), "White", true) FAILED.
Reason:
com.kms.katalon.core.exception.StepFailedException: Unable to select option by value 'White' of object 'Object Repository/APOLLO- Desktop/Product page/Color dropdown'  using regular expression (Root cause: com.kms.katalon.core.webui.exception.WebElementNotFoundException: Web element with id: 'Object Repository/APOLLO- Desktop/Product page/Color dropdown' located by 'By.xpath: //select[@name='Color']' not found)
	at com.kms.katalon.core.keyword.internal.KeywordMain.stepFailed(KeywordMain.groovy:36)
	at com.kms.katalon.core.webui.keyword.internal.WebUIKeywordMain.stepFailed(WebUIKeywordMain.groovy:65)
	at com.kms.katalon.core.webui.keyword.internal.WebUIKeywordMain.runKeyword(WebUIKeywordMain.groovy:27)
	at com.kms.katalon.core.webui.keyword.builtin.SelectOptionByValueKeyword.selectOptionByValue(SelectOptionByValueKeyword.groovy:99)
	at com.kms.katalon.core.webui.keyword.builtin.SelectOptionByValueKeyword.execute(SelectOptionByValueKeyword.groovy:71)
	at com.kms.katalon.core.keyword.internal.KeywordExecutor.executeKeywordForPlatform(KeywordExecutor.groovy:53)
	at com.kms.katalon.core.webui.keyword.WebUiBuiltInKeywords.selectOptionByValue(WebUiBuiltInKeywords.groovy:1138)
	at com.kms.katalon.core.webui.keyword.WebUiBuiltInKeywords$selectOptionByValue$9.call(Unknown Source)
	at Adding product - Search flyout.run(Adding product - Search flyout:32)
	at com.kms.katalon.core.main.ScriptEngine.run(ScriptEngine.java:194)
	at com.kms.katalon.core.main.ScriptEngine.runScriptAsRawText(ScriptEngine.java:119)
	at com.kms.katalon.core.main.TestCaseExecutor.runScript(TestCaseExecutor.java:328)
	at com.kms.katalon.core.main.TestCaseExecutor.doExecute(TestCaseExecutor.java:319)
	at com.kms.katalon.core.main.TestCaseExecutor.processExecutionPhase(TestCaseExecutor.java:298)
	at com.kms.katalon.core.main.TestCaseExecutor.accessMainPhase(TestCaseExecutor.java:290)
	at com.kms.katalon.core.main.TestCaseExecutor.execute(TestCaseExecutor.java:224)
	at com.kms.katalon.core.main.TestSuiteExecutor.accessTestCaseMainPhase(TestSuiteExecutor.java:129)
	at com.kms.katalon.core.main.TestSuiteExecutor.accessTestSuiteMainPhase(TestSuiteExecutor.java:112)
	at com.kms.katalon.core.main.TestSuiteExecutor.execute(TestSuiteExecutor.java:81)
	at com.kms.katalon.core.main.TestCaseMain.startTestSuite(TestCaseMain.java:149)
	at com.kms.katalon.core.main.TestCaseMain$startTestSuite$0.call(Unknown Source)
	at TempTestSuite1562786448509.run(TempTestSuite1562786448509.groovy:36)


2019-07-10 16:00:27 - [MESSAGE][INFO] - Unable to find the element located by 'By.xpath: //select[@name='Color']'. Please recheck the objects properties to make sure the desired element is located. 

2019-07-10 16:00:28 - [MESSAGE][FAILED] - Unable to select option by value 'White' of object 'Object Repository/APOLLO- Desktop/Product page/Color dropdown'  using regular expression (Root cause: com.kms.katalon.core.webui.exception.WebElementNotFoundException: Web element with id: 'Object Repository/APOLLO- Desktop/Product page/Color dropdown' located by 'By.xpath: //select[@name='Color']' not found)
[[ATTACHMENT|/Users/sumankompelly/git/Apollo-Dark-Desktop/Reports/Apollo - dark build/20190710_152048/1562788827687.png]]

2019-07-10 16:00:28 - [MESSAGE][FAILED] - selectOptionByValue(findTestObject("APOLLO- Desktop/Product page/Color dropdown"), "White", true) FAILED.
Reason:
com.kms.katalon.core.exception.StepFailedException: Unable to select option by value 'White' of object 'Object Repository/APOLLO- Desktop/Product page/Color dropdown'  using regular expression (Root cause: com.kms.katalon.core.webui.exception.WebElementNotFoundException: Web element with id: 'Object Repository/APOLLO- Desktop/Product page/Color dropdown' located by 'By.xpath: //select[@name='Color']' not found)
	at com.kms.katalon.core.keyword.internal.KeywordMain.stepFailed(KeywordMain.groovy:36)
	at com.kms.katalon.core.webui.keyword.internal.WebUIKeywordMain.stepFailed(WebUIKeywordMain.groovy:65)
	at com.kms.katalon.core.webui.keyword.internal.WebUIKeywordMain.runKeyword(WebUIKeywordMain.groovy:27)
	at com.kms.katalon.core.webui.keyword.builtin.SelectOptionByValueKeyword.selectOptionByValue(SelectOptionByValueKeyword.groovy:99)
	at com.kms.katalon.core.webui.keyword.builtin.SelectOptionByValueKeyword.execute(SelectOptionByValueKeyword.groovy:71)
	at com.kms.katalon.core.keyword.internal.KeywordExecutor.executeKeywordForPlatform(KeywordExecutor.groovy:53)
	at com.kms.katalon.core.webui.keyword.WebUiBuiltInKeywords.selectOptionByValue(WebUiBuiltInKeywords.groovy:1138)
	at com.kms.katalon.core.webui.keyword.WebUiBuiltInKeywords$selectOptionByValue$9.call(Unknown Source)
	at Adding product - Search flyout.run(Adding product - Search flyout:32)
	at com.kms.katalon.core.main.ScriptEngine.run(ScriptEngine.java:194)
	at com.kms.katalon.core.main.ScriptEngine.runScriptAsRawText(ScriptEngine.java:119)
	at com.kms.katalon.core.main.TestCaseExecutor.runScript(TestCaseExecutor.java:328)
	at com.kms.katalon.core.main.TestCaseExecutor.doExecute(TestCaseExecutor.java:319)
	at com.kms.katalon.core.main.TestCaseExecutor.processExecutionPhase(TestCaseExecutor.java:298)
	at com.kms.katalon.core.main.TestCaseExecutor.accessMainPhase(TestCaseExecutor.java:290)
	at com.kms.katalon.core.main.TestCaseExecutor.execute(TestCaseExecutor.java:224)
	at com.kms.katalon.core.main.TestSuiteExecutor.accessTestCaseMainPhase(TestSuiteExecutor.java:129)
	at com.kms.katalon.core.main.TestSuiteExecutor.accessTestSuiteMainPhase(TestSuiteExecutor.java:112)
	at com.kms.katalon.core.main.TestSuiteExecutor.execute(TestSuiteExecutor.java:81)
	at com.kms.katalon.core.main.TestCaseMain.startTestSuite(TestCaseMain.java:149)
	at com.kms.katalon.core.main.TestCaseMain$startTestSuite$0.call(Unknown Source)
	at TempTestSuite1562786448509.run(TempTestSuite1562786448509.groovy:36)]]></system-out>
         <system-err><![CDATA[2019-07-10 15:59:03 - [TEST_CASE][FAILED] - Test Cases/CRITICAL PATH/Adding product - Search flyout: Test Cases/CRITICAL PATH/Adding product - Search flyout FAILED.
Reason:
com.kms.katalon.core.exception.StepFailedException: Unable to select option by value 'White' of object 'Object Repository/APOLLO- Desktop/Product page/Color dropdown'  using regular expression (Root cause: com.kms.katalon.core.webui.exception.WebElementNotFoundException: Web element with id: 'Object Repository/APOLLO- Desktop/Product page/Color dropdown' located by 'By.xpath: //select[@name='Color']' not found)
	at com.kms.katalon.core.keyword.internal.KeywordMain.stepFailed(KeywordMain.groovy:36)
	at com.kms.katalon.core.webui.keyword.internal.WebUIKeywordMain.stepFailed(WebUIKeywordMain.groovy:65)
	at com.kms.katalon.core.webui.keyword.internal.WebUIKeywordMain.runKeyword(WebUIKeywordMain.groovy:27)
	at com.kms.katalon.core.webui.keyword.builtin.SelectOptionByValueKeyword.selectOptionByValue(SelectOptionByValueKeyword.groovy:99)
	at com.kms.katalon.core.webui.keyword.builtin.SelectOptionByValueKeyword.execute(SelectOptionByValueKeyword.groovy:71)
	at com.kms.katalon.core.keyword.internal.KeywordExecutor.executeKeywordForPlatform(KeywordExecutor.groovy:53)
	at com.kms.katalon.core.webui.keyword.WebUiBuiltInKeywords.selectOptionByValue(WebUiBuiltInKeywords.groovy:1138)
	at com.kms.katalon.core.webui.keyword.WebUiBuiltInKeywords$selectOptionByValue$9.call(Unknown Source)
	at Adding product - Search flyout.run(Adding product - Search flyout:32)
	at com.kms.katalon.core.main.ScriptEngine.run(ScriptEngine.java:194)
	at com.kms.katalon.core.main.ScriptEngine.runScriptAsRawText(ScriptEngine.java:119)
	at com.kms.katalon.core.main.TestCaseExecutor.runScript(TestCaseExecutor.java:328)
	at com.kms.katalon.core.main.TestCaseExecutor.doExecute(TestCaseExecutor.java:319)
	at com.kms.katalon.core.main.TestCaseExecutor.processExecutionPhase(TestCaseExecutor.java:298)
	at com.kms.katalon.core.main.TestCaseExecutor.accessMainPhase(TestCaseExecutor.java:290)
	at com.kms.katalon.core.main.TestCaseExecutor.execute(TestCaseExecutor.java:224)
	at com.kms.katalon.core.main.TestSuiteExecutor.accessTestCaseMainPhase(TestSuiteExecutor.java:129)
	at com.kms.katalon.core.main.TestSuiteExecutor.accessTestSuiteMainPhase(TestSuiteExecutor.java:112)
	at com.kms.katalon.core.main.TestSuiteExecutor.execute(TestSuiteExecutor.java:81)
	at com.kms.katalon.core.main.TestCaseMain.startTestSuite(TestCaseMain.java:149)
	at com.kms.katalon.core.main.TestCaseMain$startTestSuite$0.call(Unknown Source)
	at TempTestSuite1562786448509.run(TempTestSuite1562786448509.groovy:36)]]></system-err>
      </testcase>
      <testcase name="Test Cases/CRITICAL PATH/Adding product - home page" classname="Test Cases/CRITICAL PATH/Adding product - home page" status="FAILED">
         <failure type="FAILED" message="Test Cases/CRITICAL PATH/Adding product - home page FAILED.
Reason:
com.kms.katalon.core.exception.StepFailedException: Unable to scroll to object 'Object Repository/APOLLO- Desktop/Home page/OUTER WEAR - TILES - Copy' (Root cause: com.kms.katalon.core.webui.exception.WebElementNotFoundException: Web element with id: 'Object Repository/APOLLO- Desktop/Home page/OUTER WEAR - TILES - Copy' located by 'By.xpath: //div[@id='slick-slide14']//div[@class='c-collection-tile-image u-object-fit']' not found)
	at com.kms.katalon.core.keyword.internal.KeywordMain.stepFailed(KeywordMain.groovy:36)
	at com.kms.katalon.core.webui.keyword.internal.WebUIKeywordMain.stepFailed(WebUIKeywordMain.groovy:65)
	at com.kms.katalon.core.webui.keyword.internal.WebUIKeywordMain.runKeyword(WebUIKeywordMain.groovy:27)
	at com.kms.katalon.core.webui.keyword.builtin.ScrollToElementKeyword.scrollToElement(ScrollToElementKeyword.groovy:88)
	at com.kms.katalon.core.webui.keyword.builtin.ScrollToElementKeyword.execute(ScrollToElementKeyword.groovy:68)
	at com.kms.katalon.core.keyword.internal.KeywordExecutor.executeKeywordForPlatform(KeywordExecutor.groovy:53)
	at com.kms.katalon.core.webui.keyword.WebUiBuiltInKeywords.scrollToElement(WebUiBuiltInKeywords.groovy:2975)
	at com.kms.katalon.core.webui.keyword.WebUiBuiltInKeywords$scrollToElement$3.call(Unknown Source)
	at Adding product - home page.run(Adding product - home page:18)
	at com.kms.katalon.core.main.ScriptEngine.run(ScriptEngine.java:194)
	at com.kms.katalon.core.main.ScriptEngine.runScriptAsRawText(ScriptEngine.java:119)
	at com.kms.katalon.core.main.TestCaseExecutor.runScript(TestCaseExecutor.java:328)
	at com.kms.katalon.core.main.TestCaseExecutor.doExecute(TestCaseExecutor.java:319)
	at com.kms.katalon.core.main.TestCaseExecutor.processExecutionPhase(TestCaseExecutor.java:298)
	at com.kms.katalon.core.main.TestCaseExecutor.accessMainPhase(TestCaseExecutor.java:290)
	at com.kms.katalon.core.main.TestCaseExecutor.execute(TestCaseExecutor.java:224)
	at com.kms.katalon.core.main.TestSuiteExecutor.accessTestCaseMainPhase(TestSuiteExecutor.java:129)
	at com.kms.katalon.core.main.TestSuiteExecutor.accessTestSuiteMainPhase(TestSuiteExecutor.java:112)
	at com.kms.katalon.core.main.TestSuiteExecutor.execute(TestSuiteExecutor.java:81)
	at com.kms.katalon.core.main.TestCaseMain.startTestSuite(TestCaseMain.java:149)
	at com.kms.katalon.core.main.TestCaseMain$startTestSuite$0.call(Unknown Source)
	at TempTestSuite1562786448509.run(TempTestSuite1562786448509.groovy:36)
"/>
         <system-out><![CDATA[2019-07-10 16:00:28 - [TEST_CASE][FAILED] - Test Cases/CRITICAL PATH/Adding product - home page: Test Cases/CRITICAL PATH/Adding product - home page FAILED.
Reason:
com.kms.katalon.core.exception.StepFailedException: Unable to scroll to object 'Object Repository/APOLLO- Desktop/Home page/OUTER WEAR - TILES - Copy' (Root cause: com.kms.katalon.core.webui.exception.WebElementNotFoundException: Web element with id: 'Object Repository/APOLLO- Desktop/Home page/OUTER WEAR - TILES - Copy' located by 'By.xpath: //div[@id='slick-slide14']//div[@class='c-collection-tile-image u-object-fit']' not found)
	at com.kms.katalon.core.keyword.internal.KeywordMain.stepFailed(KeywordMain.groovy:36)
	at com.kms.katalon.core.webui.keyword.internal.WebUIKeywordMain.stepFailed(WebUIKeywordMain.groovy:65)
	at com.kms.katalon.core.webui.keyword.internal.WebUIKeywordMain.runKeyword(WebUIKeywordMain.groovy:27)
	at com.kms.katalon.core.webui.keyword.builtin.ScrollToElementKeyword.scrollToElement(ScrollToElementKeyword.groovy:88)
	at com.kms.katalon.core.webui.keyword.builtin.ScrollToElementKeyword.execute(ScrollToElementKeyword.groovy:68)
	at com.kms.katalon.core.keyword.internal.KeywordExecutor.executeKeywordForPlatform(KeywordExecutor.groovy:53)
	at com.kms.katalon.core.webui.keyword.WebUiBuiltInKeywords.scrollToElement(WebUiBuiltInKeywords.groovy:2975)
	at com.kms.katalon.core.webui.keyword.WebUiBuiltInKeywords$scrollToElement$3.call(Unknown Source)
	at Adding product - home page.run(Adding product - home page:18)
	at com.kms.katalon.core.main.ScriptEngine.run(ScriptEngine.java:194)
	at com.kms.katalon.core.main.ScriptEngine.runScriptAsRawText(ScriptEngine.java:119)
	at com.kms.katalon.core.main.TestCaseExecutor.runScript(TestCaseExecutor.java:328)
	at com.kms.katalon.core.main.TestCaseExecutor.doExecute(TestCaseExecutor.java:319)
	at com.kms.katalon.core.main.TestCaseExecutor.processExecutionPhase(TestCaseExecutor.java:298)
	at com.kms.katalon.core.main.TestCaseExecutor.accessMainPhase(TestCaseExecutor.java:290)
	at com.kms.katalon.core.main.TestCaseExecutor.execute(TestCaseExecutor.java:224)
	at com.kms.katalon.core.main.TestSuiteExecutor.accessTestCaseMainPhase(TestSuiteExecutor.java:129)
	at com.kms.katalon.core.main.TestSuiteExecutor.accessTestSuiteMainPhase(TestSuiteExecutor.java:112)
	at com.kms.katalon.core.main.TestSuiteExecutor.execute(TestSuiteExecutor.java:81)
	at com.kms.katalon.core.main.TestCaseMain.startTestSuite(TestCaseMain.java:149)
	at com.kms.katalon.core.main.TestCaseMain$startTestSuite$0.call(Unknown Source)
	at TempTestSuite1562786448509.run(TempTestSuite1562786448509.groovy:36)


2019-07-10 16:00:28 - [TEST_STEP][PASSED] - callTestCase(findTestCase("CALL - URL"), [:], STOP_ON_FAILURE): Call Test Case 'Test Cases/CALL - URL' successfully

2019-07-10 16:00:28 - [TEST_CASE][PASSED] - Test Cases/CALL - URL: Test Cases/CALL - URL

2019-07-10 16:00:28 - [TEST_STEP][PASSED] - openBrowser(""): Browser is opened with url: ''

2019-07-10 16:00:28 - [MESSAGE][WARNING] - A browser is already opened. Closing browser and opening a new one

2019-07-10 16:00:29 - [MESSAGE][INFO] - Starting 'Remote' driver

2019-07-10 16:00:29 - [MESSAGE][INFO] - User set preference: ['os', 'Windows']

2019-07-10 16:00:29 - [MESSAGE][INFO] - User set preference: ['os_version', '10']

2019-07-10 16:00:29 - [MESSAGE][INFO] - User set preference: ['browser', 'Edge']

2019-07-10 16:00:29 - [MESSAGE][INFO] - User set preference: ['browser_version', '18.0']

2019-07-10 16:00:29 - [MESSAGE][INFO] - User set preference: ['resolution', '']

2019-07-10 16:00:29 - [MESSAGE][INFO] - Connecting to remote web server 'https://dianatest3:Z3oqw9ysqTeRQJq5wFCp@hub-cloud.browserstack.com/wd/hub' with type 'Selenium'

2019-07-10 16:00:40 - [MESSAGE][PASSED] - Browser is opened with url: ''

2019-07-10 16:00:40 - [TEST_STEP][PASSED] - navigateToUrl("https://diff-apollo.myshopify.com/?key=eec34184cfd8f82cda816f82753a8c8e9e240f30cf54470e19667b8cbb401948&preview_theme_id="): Navigate to 'https://diff-apollo.myshopify.com/?key=eec34184cfd8f82cda816f82753a8c8e9e240f30cf54470e19667b8cbb401948&preview_theme_id=' successfully

2019-07-10 16:00:47 - [MESSAGE][PASSED] - Navigate to 'https://diff-apollo.myshopify.com/?key=eec34184cfd8f82cda816f82753a8c8e9e240f30cf54470e19667b8cbb401948&preview_theme_id=' successfully

2019-07-10 16:00:47 - [TEST_STEP][NOT_RUN] - executeJavaScript("var previewBar = document.getElementById("preview-bar-iframe"); previewBar.style.display = "none";", []): NOT_RUN: executeJavaScript("var previewBar = document.getElementById("preview-bar-iframe"); previewBar.style.display = "none";", [])

2019-07-10 16:00:47 - [MESSAGE][NOT_RUN] - NOT_RUN: executeJavaScript("var previewBar = document.getElementById("preview-bar-iframe"); previewBar.style.display = "none";", [])

2019-07-10 16:00:47 - [TEST_STEP][PASSED] - maximizeWindow(): Current window maximized

2019-07-10 16:00:48 - [MESSAGE][PASSED] - Current window maximized

2019-07-10 16:00:48 - [MESSAGE][PASSED] - Call Test Case 'Test Cases/CALL - URL' successfully

2019-07-10 16:00:48 - [TEST_STEP][FAILED] - scrollToElement(findTestObject("APOLLO- Desktop/Home page/OUTER WEAR - TILES - Copy"), 0): scrollToElement(findTestObject("APOLLO- Desktop/Home page/OUTER WEAR - TILES - Copy"), 0) FAILED.
Reason:
com.kms.katalon.core.exception.StepFailedException: Unable to scroll to object 'Object Repository/APOLLO- Desktop/Home page/OUTER WEAR - TILES - Copy' (Root cause: com.kms.katalon.core.webui.exception.WebElementNotFoundException: Web element with id: 'Object Repository/APOLLO- Desktop/Home page/OUTER WEAR - TILES - Copy' located by 'By.xpath: //div[@id='slick-slide14']//div[@class='c-collection-tile-image u-object-fit']' not found)
	at com.kms.katalon.core.keyword.internal.KeywordMain.stepFailed(KeywordMain.groovy:36)
	at com.kms.katalon.core.webui.keyword.internal.WebUIKeywordMain.stepFailed(WebUIKeywordMain.groovy:65)
	at com.kms.katalon.core.webui.keyword.internal.WebUIKeywordMain.runKeyword(WebUIKeywordMain.groovy:27)
	at com.kms.katalon.core.webui.keyword.builtin.ScrollToElementKeyword.scrollToElement(ScrollToElementKeyword.groovy:88)
	at com.kms.katalon.core.webui.keyword.builtin.ScrollToElementKeyword.execute(ScrollToElementKeyword.groovy:68)
	at com.kms.katalon.core.keyword.internal.KeywordExecutor.executeKeywordForPlatform(KeywordExecutor.groovy:53)
	at com.kms.katalon.core.webui.keyword.WebUiBuiltInKeywords.scrollToElement(WebUiBuiltInKeywords.groovy:2975)
	at com.kms.katalon.core.webui.keyword.WebUiBuiltInKeywords$scrollToElement$3.call(Unknown Source)
	at Adding product - home page.run(Adding product - home page:18)
	at com.kms.katalon.core.main.ScriptEngine.run(ScriptEngine.java:194)
	at com.kms.katalon.core.main.ScriptEngine.runScriptAsRawText(ScriptEngine.java:119)
	at com.kms.katalon.core.main.TestCaseExecutor.runScript(TestCaseExecutor.java:328)
	at com.kms.katalon.core.main.TestCaseExecutor.doExecute(TestCaseExecutor.java:319)
	at com.kms.katalon.core.main.TestCaseExecutor.processExecutionPhase(TestCaseExecutor.java:298)
	at com.kms.katalon.core.main.TestCaseExecutor.accessMainPhase(TestCaseExecutor.java:290)
	at com.kms.katalon.core.main.TestCaseExecutor.execute(TestCaseExecutor.java:224)
	at com.kms.katalon.core.main.TestSuiteExecutor.accessTestCaseMainPhase(TestSuiteExecutor.java:129)
	at com.kms.katalon.core.main.TestSuiteExecutor.accessTestSuiteMainPhase(TestSuiteExecutor.java:112)
	at com.kms.katalon.core.main.TestSuiteExecutor.execute(TestSuiteExecutor.java:81)
	at com.kms.katalon.core.main.TestCaseMain.startTestSuite(TestCaseMain.java:149)
	at com.kms.katalon.core.main.TestCaseMain$startTestSuite$0.call(Unknown Source)
	at TempTestSuite1562786448509.run(TempTestSuite1562786448509.groovy:36)


2019-07-10 16:00:48 - [MESSAGE][WARNING] - Timeout '0' is invalid. Using default page load timeout: '30'

2019-07-10 16:01:39 - [MESSAGE][INFO] - Unable to find the element located by 'By.xpath: //div[@id='slick-slide14']//div[@class='c-collection-tile-image u-object-fit']'. Please recheck the objects properties to make sure the desired element is located. 

2019-07-10 16:01:41 - [MESSAGE][FAILED] - Unable to scroll to object 'Object Repository/APOLLO- Desktop/Home page/OUTER WEAR - TILES - Copy' (Root cause: com.kms.katalon.core.webui.exception.WebElementNotFoundException: Web element with id: 'Object Repository/APOLLO- Desktop/Home page/OUTER WEAR - TILES - Copy' located by 'By.xpath: //div[@id='slick-slide14']//div[@class='c-collection-tile-image u-object-fit']' not found)
[[ATTACHMENT|/Users/sumankompelly/git/Apollo-Dark-Desktop/Reports/Apollo - dark build/20190710_152048/1562788899711.png]]

2019-07-10 16:01:41 - [MESSAGE][FAILED] - scrollToElement(findTestObject("APOLLO- Desktop/Home page/OUTER WEAR - TILES - Copy"), 0) FAILED.
Reason:
com.kms.katalon.core.exception.StepFailedException: Unable to scroll to object 'Object Repository/APOLLO- Desktop/Home page/OUTER WEAR - TILES - Copy' (Root cause: com.kms.katalon.core.webui.exception.WebElementNotFoundException: Web element with id: 'Object Repository/APOLLO- Desktop/Home page/OUTER WEAR - TILES - Copy' located by 'By.xpath: //div[@id='slick-slide14']//div[@class='c-collection-tile-image u-object-fit']' not found)
	at com.kms.katalon.core.keyword.internal.KeywordMain.stepFailed(KeywordMain.groovy:36)
	at com.kms.katalon.core.webui.keyword.internal.WebUIKeywordMain.stepFailed(WebUIKeywordMain.groovy:65)
	at com.kms.katalon.core.webui.keyword.internal.WebUIKeywordMain.runKeyword(WebUIKeywordMain.groovy:27)
	at com.kms.katalon.core.webui.keyword.builtin.ScrollToElementKeyword.scrollToElement(ScrollToElementKeyword.groovy:88)
	at com.kms.katalon.core.webui.keyword.builtin.ScrollToElementKeyword.execute(ScrollToElementKeyword.groovy:68)
	at com.kms.katalon.core.keyword.internal.KeywordExecutor.executeKeywordForPlatform(KeywordExecutor.groovy:53)
	at com.kms.katalon.core.webui.keyword.WebUiBuiltInKeywords.scrollToElement(WebUiBuiltInKeywords.groovy:2975)
	at com.kms.katalon.core.webui.keyword.WebUiBuiltInKeywords$scrollToElement$3.call(Unknown Source)
	at Adding product - home page.run(Adding product - home page:18)
	at com.kms.katalon.core.main.ScriptEngine.run(ScriptEngine.java:194)
	at com.kms.katalon.core.main.ScriptEngine.runScriptAsRawText(ScriptEngine.java:119)
	at com.kms.katalon.core.main.TestCaseExecutor.runScript(TestCaseExecutor.java:328)
	at com.kms.katalon.core.main.TestCaseExecutor.doExecute(TestCaseExecutor.java:319)
	at com.kms.katalon.core.main.TestCaseExecutor.processExecutionPhase(TestCaseExecutor.java:298)
	at com.kms.katalon.core.main.TestCaseExecutor.accessMainPhase(TestCaseExecutor.java:290)
	at com.kms.katalon.core.main.TestCaseExecutor.execute(TestCaseExecutor.java:224)
	at com.kms.katalon.core.main.TestSuiteExecutor.accessTestCaseMainPhase(TestSuiteExecutor.java:129)
	at com.kms.katalon.core.main.TestSuiteExecutor.accessTestSuiteMainPhase(TestSuiteExecutor.java:112)
	at com.kms.katalon.core.main.TestSuiteExecutor.execute(TestSuiteExecutor.java:81)
	at com.kms.katalon.core.main.TestCaseMain.startTestSuite(TestCaseMain.java:149)
	at com.kms.katalon.core.main.TestCaseMain$startTestSuite$0.call(Unknown Source)
	at TempTestSuite1562786448509.run(TempTestSuite1562786448509.groovy:36)]]></system-out>
         <system-err><![CDATA[2019-07-10 16:00:28 - [TEST_CASE][FAILED] - Test Cases/CRITICAL PATH/Adding product - home page: Test Cases/CRITICAL PATH/Adding product - home page FAILED.
Reason:
com.kms.katalon.core.exception.StepFailedException: Unable to scroll to object 'Object Repository/APOLLO- Desktop/Home page/OUTER WEAR - TILES - Copy' (Root cause: com.kms.katalon.core.webui.exception.WebElementNotFoundException: Web element with id: 'Object Repository/APOLLO- Desktop/Home page/OUTER WEAR - TILES - Copy' located by 'By.xpath: //div[@id='slick-slide14']//div[@class='c-collection-tile-image u-object-fit']' not found)
	at com.kms.katalon.core.keyword.internal.KeywordMain.stepFailed(KeywordMain.groovy:36)
	at com.kms.katalon.core.webui.keyword.internal.WebUIKeywordMain.stepFailed(WebUIKeywordMain.groovy:65)
	at com.kms.katalon.core.webui.keyword.internal.WebUIKeywordMain.runKeyword(WebUIKeywordMain.groovy:27)
	at com.kms.katalon.core.webui.keyword.builtin.ScrollToElementKeyword.scrollToElement(ScrollToElementKeyword.groovy:88)
	at com.kms.katalon.core.webui.keyword.builtin.ScrollToElementKeyword.execute(ScrollToElementKeyword.groovy:68)
	at com.kms.katalon.core.keyword.internal.KeywordExecutor.executeKeywordForPlatform(KeywordExecutor.groovy:53)
	at com.kms.katalon.core.webui.keyword.WebUiBuiltInKeywords.scrollToElement(WebUiBuiltInKeywords.groovy:2975)
	at com.kms.katalon.core.webui.keyword.WebUiBuiltInKeywords$scrollToElement$3.call(Unknown Source)
	at Adding product - home page.run(Adding product - home page:18)
	at com.kms.katalon.core.main.ScriptEngine.run(ScriptEngine.java:194)
	at com.kms.katalon.core.main.ScriptEngine.runScriptAsRawText(ScriptEngine.java:119)
	at com.kms.katalon.core.main.TestCaseExecutor.runScript(TestCaseExecutor.java:328)
	at com.kms.katalon.core.main.TestCaseExecutor.doExecute(TestCaseExecutor.java:319)
	at com.kms.katalon.core.main.TestCaseExecutor.processExecutionPhase(TestCaseExecutor.java:298)
	at com.kms.katalon.core.main.TestCaseExecutor.accessMainPhase(TestCaseExecutor.java:290)
	at com.kms.katalon.core.main.TestCaseExecutor.execute(TestCaseExecutor.java:224)
	at com.kms.katalon.core.main.TestSuiteExecutor.accessTestCaseMainPhase(TestSuiteExecutor.java:129)
	at com.kms.katalon.core.main.TestSuiteExecutor.accessTestSuiteMainPhase(TestSuiteExecutor.java:112)
	at com.kms.katalon.core.main.TestSuiteExecutor.execute(TestSuiteExecutor.java:81)
	at com.kms.katalon.core.main.TestCaseMain.startTestSuite(TestCaseMain.java:149)
	at com.kms.katalon.core.main.TestCaseMain$startTestSuite$0.call(Unknown Source)
	at TempTestSuite1562786448509.run(TempTestSuite1562786448509.groovy:36)]]></system-err>
      </testcase>
      <testcase name="Test Cases/CRITICAL PATH/Login and logout" classname="Test Cases/CRITICAL PATH/Login and logout" status="PASSED">
         <system-out><![CDATA[2019-07-10 16:01:41 - [TEST_CASE][PASSED] - Test Cases/CRITICAL PATH/Login and logout: Test Cases/CRITICAL PATH/Login and logout

2019-07-10 16:01:41 - [TEST_STEP][PASSED] - callTestCase(findTestCase("CALL - URL"), [:], STOP_ON_FAILURE): Call Test Case 'Test Cases/CALL - URL' successfully

2019-07-10 16:01:41 - [TEST_CASE][PASSED] - Test Cases/CALL - URL: Test Cases/CALL - URL

2019-07-10 16:01:41 - [TEST_STEP][PASSED] - openBrowser(""): Browser is opened with url: ''

2019-07-10 16:01:41 - [MESSAGE][WARNING] - A browser is already opened. Closing browser and opening a new one

2019-07-10 16:01:44 - [MESSAGE][INFO] - Starting 'Remote' driver

2019-07-10 16:01:44 - [MESSAGE][INFO] - User set preference: ['os', 'Windows']

2019-07-10 16:01:44 - [MESSAGE][INFO] - User set preference: ['os_version', '10']

2019-07-10 16:01:44 - [MESSAGE][INFO] - User set preference: ['browser', 'Edge']

2019-07-10 16:01:44 - [MESSAGE][INFO] - User set preference: ['browser_version', '18.0']

2019-07-10 16:01:44 - [MESSAGE][INFO] - User set preference: ['resolution', '']

2019-07-10 16:01:44 - [MESSAGE][INFO] - Connecting to remote web server 'https://dianatest3:Z3oqw9ysqTeRQJq5wFCp@hub-cloud.browserstack.com/wd/hub' with type 'Selenium'

2019-07-10 16:01:54 - [MESSAGE][PASSED] - Browser is opened with url: ''

2019-07-10 16:01:54 - [TEST_STEP][PASSED] - navigateToUrl("https://diff-apollo.myshopify.com/?key=eec34184cfd8f82cda816f82753a8c8e9e240f30cf54470e19667b8cbb401948&preview_theme_id="): Navigate to 'https://diff-apollo.myshopify.com/?key=eec34184cfd8f82cda816f82753a8c8e9e240f30cf54470e19667b8cbb401948&preview_theme_id=' successfully

2019-07-10 16:01:59 - [MESSAGE][PASSED] - Navigate to 'https://diff-apollo.myshopify.com/?key=eec34184cfd8f82cda816f82753a8c8e9e240f30cf54470e19667b8cbb401948&preview_theme_id=' successfully

2019-07-10 16:01:59 - [TEST_STEP][NOT_RUN] - executeJavaScript("var previewBar = document.getElementById("preview-bar-iframe"); previewBar.style.display = "none";", []): NOT_RUN: executeJavaScript("var previewBar = document.getElementById("preview-bar-iframe"); previewBar.style.display = "none";", [])

2019-07-10 16:01:59 - [MESSAGE][NOT_RUN] - NOT_RUN: executeJavaScript("var previewBar = document.getElementById("preview-bar-iframe"); previewBar.style.display = "none";", [])

2019-07-10 16:01:59 - [TEST_STEP][PASSED] - maximizeWindow(): Current window maximized

2019-07-10 16:02:00 - [MESSAGE][PASSED] - Current window maximized

2019-07-10 16:02:00 - [MESSAGE][PASSED] - Call Test Case 'Test Cases/CALL - URL' successfully

2019-07-10 16:02:00 - [TEST_STEP][PASSED] - delay(1): Delayed 1 second(s)

2019-07-10 16:02:01 - [MESSAGE][PASSED] - Delayed 1 second(s)

2019-07-10 16:02:01 - [TEST_STEP][PASSED] - click(findTestObject("APOLLO- Desktop/Home page/Account icon")): Object: 'Object Repository/APOLLO- Desktop/Home page/Account icon' is clicked on

2019-07-10 16:02:03 - [MESSAGE][PASSED] - Object: 'Object Repository/APOLLO- Desktop/Home page/Account icon' is clicked on

2019-07-10 16:02:03 - [TEST_STEP][PASSED] - delay(1): Delayed 1 second(s)

2019-07-10 16:02:04 - [MESSAGE][PASSED] - Delayed 1 second(s)

2019-07-10 16:02:04 - [TEST_STEP][PASSED] - setText(findTestObject("APOLLO- Desktop/Home page/Email address"), "suman.kompelly@diffagency.com"): Text 'suman.kompelly@diffagency.com' is set on object 'Object Repository/APOLLO- Desktop/Home page/Email address'

2019-07-10 16:02:07 - [MESSAGE][PASSED] - Text 'suman.kompelly@diffagency.com' is set on object 'Object Repository/APOLLO- Desktop/Home page/Email address'

2019-07-10 16:02:07 - [TEST_STEP][PASSED] - delay(1): Delayed 1 second(s)

2019-07-10 16:02:08 - [MESSAGE][PASSED] - Delayed 1 second(s)

2019-07-10 16:02:08 - [TEST_STEP][PASSED] - setEncryptedText(findTestObject("APOLLO- Desktop/Home page/Password"), "YVtWHtdGuqHfOZKsa+65Fg=="): Text ****** has been set on object 'Object Repository/APOLLO- Desktop/Home page/Password'

2019-07-10 16:02:11 - [MESSAGE][PASSED] - Text ****** has been set on object 'Object Repository/APOLLO- Desktop/Home page/Password'

2019-07-10 16:02:11 - [TEST_STEP][PASSED] - delay(1): Delayed 1 second(s)

2019-07-10 16:02:12 - [MESSAGE][PASSED] - Delayed 1 second(s)

2019-07-10 16:02:12 - [TEST_STEP][PASSED] - click(findTestObject("APOLLO- Desktop/Home page/Sign in button")): Object: 'Object Repository/APOLLO- Desktop/Home page/Sign in button' is clicked on

2019-07-10 16:02:13 - [MESSAGE][PASSED] - Object: 'Object Repository/APOLLO- Desktop/Home page/Sign in button' is clicked on

2019-07-10 16:02:13 - [TEST_STEP][PASSED] - delay(1): Delayed 1 second(s)

2019-07-10 16:02:14 - [MESSAGE][PASSED] - Delayed 1 second(s)

2019-07-10 16:02:14 - [TEST_STEP][PASSED] - click(findTestObject("APOLLO- Desktop/Home page/address page")): Object: 'Object Repository/APOLLO- Desktop/Home page/address page' is clicked on

2019-07-10 16:02:15 - [MESSAGE][PASSED] - Object: 'Object Repository/APOLLO- Desktop/Home page/address page' is clicked on

2019-07-10 16:02:15 - [TEST_STEP][PASSED] - delay(1): Delayed 1 second(s)

2019-07-10 16:02:16 - [MESSAGE][PASSED] - Delayed 1 second(s)

2019-07-10 16:02:16 - [TEST_STEP][PASSED] - click(findTestObject("APOLLO- Desktop/Home page/orders page")): Object: 'Object Repository/APOLLO- Desktop/Home page/orders page' is clicked on

2019-07-10 16:02:18 - [MESSAGE][PASSED] - Object: 'Object Repository/APOLLO- Desktop/Home page/orders page' is clicked on

2019-07-10 16:02:18 - [TEST_STEP][PASSED] - delay(1): Delayed 1 second(s)

2019-07-10 16:02:19 - [MESSAGE][PASSED] - Delayed 1 second(s)

2019-07-10 16:02:19 - [TEST_STEP][PASSED] - click(findTestObject("APOLLO- Desktop/Home page/Details page")): Object: 'Object Repository/APOLLO- Desktop/Home page/Details page' is clicked on

2019-07-10 16:02:20 - [MESSAGE][PASSED] - Object: 'Object Repository/APOLLO- Desktop/Home page/Details page' is clicked on

2019-07-10 16:02:20 - [TEST_STEP][PASSED] - delay(1): Delayed 1 second(s)

2019-07-10 16:02:21 - [MESSAGE][PASSED] - Delayed 1 second(s)

2019-07-10 16:02:21 - [TEST_STEP][PASSED] - click(findTestObject("APOLLO- Desktop/Home page/Logout")): Object: 'Object Repository/APOLLO- Desktop/Home page/Logout' is clicked on

2019-07-10 16:02:24 - [MESSAGE][PASSED] - Object: 'Object Repository/APOLLO- Desktop/Home page/Logout' is clicked on]]></system-out>
         <system-err><![CDATA[]]></system-err>
      </testcase>
      <testcase name="Test Cases/CRITICAL PATH/Decrease quantity - Cart flyout" classname="Test Cases/CRITICAL PATH/Decrease quantity - Cart flyout" status="FAILED">
         <failure type="FAILED" message="Test Cases/CRITICAL PATH/Decrease quantity - Cart flyout FAILED.
Reason:
com.kms.katalon.core.exception.StepFailedException: Unable to select option by value 'Medium' of object 'Object Repository/APOLLO- Desktop/Product page/Size dropdown'  using regular expression (Root cause: com.kms.katalon.core.webui.exception.WebElementNotFoundException: Web element with id: 'Object Repository/APOLLO- Desktop/Product page/Size dropdown' located by 'By.xpath: //select[@name='Size']' not found)
	at com.kms.katalon.core.keyword.internal.KeywordMain.stepFailed(KeywordMain.groovy:36)
	at com.kms.katalon.core.webui.keyword.internal.WebUIKeywordMain.stepFailed(WebUIKeywordMain.groovy:65)
	at com.kms.katalon.core.webui.keyword.internal.WebUIKeywordMain.runKeyword(WebUIKeywordMain.groovy:27)
	at com.kms.katalon.core.webui.keyword.builtin.SelectOptionByValueKeyword.selectOptionByValue(SelectOptionByValueKeyword.groovy:99)
	at com.kms.katalon.core.webui.keyword.builtin.SelectOptionByValueKeyword.execute(SelectOptionByValueKeyword.groovy:71)
	at com.kms.katalon.core.keyword.internal.KeywordExecutor.executeKeywordForPlatform(KeywordExecutor.groovy:53)
	at com.kms.katalon.core.webui.keyword.WebUiBuiltInKeywords.selectOptionByValue(WebUiBuiltInKeywords.groovy:1138)
	at com.kms.katalon.core.webui.keyword.WebUiBuiltInKeywords$selectOptionByValue$9.call(Unknown Source)
	at Decrease quantity - Cart flyout.run(Decrease quantity - Cart flyout:43)
	at com.kms.katalon.core.main.ScriptEngine.run(ScriptEngine.java:194)
	at com.kms.katalon.core.main.ScriptEngine.runScriptAsRawText(ScriptEngine.java:119)
	at com.kms.katalon.core.main.TestCaseExecutor.runScript(TestCaseExecutor.java:328)
	at com.kms.katalon.core.main.TestCaseExecutor.doExecute(TestCaseExecutor.java:319)
	at com.kms.katalon.core.main.TestCaseExecutor.processExecutionPhase(TestCaseExecutor.java:298)
	at com.kms.katalon.core.main.TestCaseExecutor.accessMainPhase(TestCaseExecutor.java:290)
	at com.kms.katalon.core.main.TestCaseExecutor.execute(TestCaseExecutor.java:224)
	at com.kms.katalon.core.main.TestSuiteExecutor.accessTestCaseMainPhase(TestSuiteExecutor.java:129)
	at com.kms.katalon.core.main.TestSuiteExecutor.accessTestSuiteMainPhase(TestSuiteExecutor.java:112)
	at com.kms.katalon.core.main.TestSuiteExecutor.execute(TestSuiteExecutor.java:81)
	at com.kms.katalon.core.main.TestCaseMain.startTestSuite(TestCaseMain.java:149)
	at com.kms.katalon.core.main.TestCaseMain$startTestSuite$0.call(Unknown Source)
	at TempTestSuite1562786448509.run(TempTestSuite1562786448509.groovy:36)
"/>
         <system-out><![CDATA[2019-07-10 16:02:24 - [TEST_CASE][FAILED] - Test Cases/CRITICAL PATH/Decrease quantity - Cart flyout: Test Cases/CRITICAL PATH/Decrease quantity - Cart flyout FAILED.
Reason:
com.kms.katalon.core.exception.StepFailedException: Unable to select option by value 'Medium' of object 'Object Repository/APOLLO- Desktop/Product page/Size dropdown'  using regular expression (Root cause: com.kms.katalon.core.webui.exception.WebElementNotFoundException: Web element with id: 'Object Repository/APOLLO- Desktop/Product page/Size dropdown' located by 'By.xpath: //select[@name='Size']' not found)
	at com.kms.katalon.core.keyword.internal.KeywordMain.stepFailed(KeywordMain.groovy:36)
	at com.kms.katalon.core.webui.keyword.internal.WebUIKeywordMain.stepFailed(WebUIKeywordMain.groovy:65)
	at com.kms.katalon.core.webui.keyword.internal.WebUIKeywordMain.runKeyword(WebUIKeywordMain.groovy:27)
	at com.kms.katalon.core.webui.keyword.builtin.SelectOptionByValueKeyword.selectOptionByValue(SelectOptionByValueKeyword.groovy:99)
	at com.kms.katalon.core.webui.keyword.builtin.SelectOptionByValueKeyword.execute(SelectOptionByValueKeyword.groovy:71)
	at com.kms.katalon.core.keyword.internal.KeywordExecutor.executeKeywordForPlatform(KeywordExecutor.groovy:53)
	at com.kms.katalon.core.webui.keyword.WebUiBuiltInKeywords.selectOptionByValue(WebUiBuiltInKeywords.groovy:1138)
	at com.kms.katalon.core.webui.keyword.WebUiBuiltInKeywords$selectOptionByValue$9.call(Unknown Source)
	at Decrease quantity - Cart flyout.run(Decrease quantity - Cart flyout:43)
	at com.kms.katalon.core.main.ScriptEngine.run(ScriptEngine.java:194)
	at com.kms.katalon.core.main.ScriptEngine.runScriptAsRawText(ScriptEngine.java:119)
	at com.kms.katalon.core.main.TestCaseExecutor.runScript(TestCaseExecutor.java:328)
	at com.kms.katalon.core.main.TestCaseExecutor.doExecute(TestCaseExecutor.java:319)
	at com.kms.katalon.core.main.TestCaseExecutor.processExecutionPhase(TestCaseExecutor.java:298)
	at com.kms.katalon.core.main.TestCaseExecutor.accessMainPhase(TestCaseExecutor.java:290)
	at com.kms.katalon.core.main.TestCaseExecutor.execute(TestCaseExecutor.java:224)
	at com.kms.katalon.core.main.TestSuiteExecutor.accessTestCaseMainPhase(TestSuiteExecutor.java:129)
	at com.kms.katalon.core.main.TestSuiteExecutor.accessTestSuiteMainPhase(TestSuiteExecutor.java:112)
	at com.kms.katalon.core.main.TestSuiteExecutor.execute(TestSuiteExecutor.java:81)
	at com.kms.katalon.core.main.TestCaseMain.startTestSuite(TestCaseMain.java:149)
	at com.kms.katalon.core.main.TestCaseMain$startTestSuite$0.call(Unknown Source)
	at TempTestSuite1562786448509.run(TempTestSuite1562786448509.groovy:36)


2019-07-10 16:02:24 - [TEST_STEP][PASSED] - callTestCase(findTestCase("CALL - URL"), [:], STOP_ON_FAILURE): Call Test Case 'Test Cases/CALL - URL' successfully

2019-07-10 16:02:24 - [TEST_CASE][PASSED] - Test Cases/CALL - URL: Test Cases/CALL - URL

2019-07-10 16:02:24 - [TEST_STEP][PASSED] - openBrowser(""): Browser is opened with url: ''

2019-07-10 16:02:24 - [MESSAGE][WARNING] - A browser is already opened. Closing browser and opening a new one

2019-07-10 16:02:26 - [MESSAGE][INFO] - Starting 'Remote' driver

2019-07-10 16:02:26 - [MESSAGE][INFO] - User set preference: ['os', 'Windows']

2019-07-10 16:02:26 - [MESSAGE][INFO] - User set preference: ['os_version', '10']

2019-07-10 16:02:26 - [MESSAGE][INFO] - User set preference: ['browser', 'Edge']

2019-07-10 16:02:26 - [MESSAGE][INFO] - User set preference: ['browser_version', '18.0']

2019-07-10 16:02:26 - [MESSAGE][INFO] - User set preference: ['resolution', '']

2019-07-10 16:02:26 - [MESSAGE][INFO] - Connecting to remote web server 'https://dianatest3:Z3oqw9ysqTeRQJq5wFCp@hub-cloud.browserstack.com/wd/hub' with type 'Selenium'

2019-07-10 16:02:36 - [MESSAGE][PASSED] - Browser is opened with url: ''

2019-07-10 16:02:36 - [TEST_STEP][PASSED] - navigateToUrl("https://diff-apollo.myshopify.com/?key=eec34184cfd8f82cda816f82753a8c8e9e240f30cf54470e19667b8cbb401948&preview_theme_id="): Navigate to 'https://diff-apollo.myshopify.com/?key=eec34184cfd8f82cda816f82753a8c8e9e240f30cf54470e19667b8cbb401948&preview_theme_id=' successfully

2019-07-10 16:02:41 - [MESSAGE][PASSED] - Navigate to 'https://diff-apollo.myshopify.com/?key=eec34184cfd8f82cda816f82753a8c8e9e240f30cf54470e19667b8cbb401948&preview_theme_id=' successfully

2019-07-10 16:02:41 - [TEST_STEP][NOT_RUN] - executeJavaScript("var previewBar = document.getElementById("preview-bar-iframe"); previewBar.style.display = "none";", []): NOT_RUN: executeJavaScript("var previewBar = document.getElementById("preview-bar-iframe"); previewBar.style.display = "none";", [])

2019-07-10 16:02:41 - [MESSAGE][NOT_RUN] - NOT_RUN: executeJavaScript("var previewBar = document.getElementById("preview-bar-iframe"); previewBar.style.display = "none";", [])

2019-07-10 16:02:41 - [TEST_STEP][PASSED] - maximizeWindow(): Current window maximized

2019-07-10 16:02:42 - [MESSAGE][PASSED] - Current window maximized

2019-07-10 16:02:42 - [MESSAGE][PASSED] - Call Test Case 'Test Cases/CALL - URL' successfully

2019-07-10 16:02:42 - [TEST_STEP][PASSED] - delay(1): Delayed 1 second(s)

2019-07-10 16:02:43 - [MESSAGE][PASSED] - Delayed 1 second(s)

2019-07-10 16:02:44 - [TEST_STEP][PASSED] - click(findTestObject("APOLLO- Desktop/Burger Menu/Burgermenu")): Object: 'Object Repository/APOLLO- Desktop/Burger Menu/Burgermenu' is clicked on

2019-07-10 16:02:45 - [MESSAGE][PASSED] - Object: 'Object Repository/APOLLO- Desktop/Burger Menu/Burgermenu' is clicked on

2019-07-10 16:02:45 - [TEST_STEP][PASSED] - delay(2): Delayed 2 second(s)

2019-07-10 16:02:47 - [MESSAGE][PASSED] - Delayed 2 second(s)

2019-07-10 16:02:47 - [TEST_STEP][PASSED] - click(findTestObject("APOLLO- Desktop/Burger Menu/Mens chevron")): Object: 'Object Repository/APOLLO- Desktop/Burger Menu/Mens chevron' is clicked on

2019-07-10 16:02:50 - [MESSAGE][PASSED] - Object: 'Object Repository/APOLLO- Desktop/Burger Menu/Mens chevron' is clicked on

2019-07-10 16:02:50 - [TEST_STEP][PASSED] - delay(2): Delayed 2 second(s)

2019-07-10 16:02:52 - [MESSAGE][PASSED] - Delayed 2 second(s)

2019-07-10 16:02:52 - [TEST_STEP][PASSED] - click(findTestObject("APOLLO- Desktop/Burger Menu/Mens - Top Chevron")): Object: 'Object Repository/APOLLO- Desktop/Burger Menu/Mens - Top Chevron' is clicked on

2019-07-10 16:02:54 - [MESSAGE][PASSED] - Object: 'Object Repository/APOLLO- Desktop/Burger Menu/Mens - Top Chevron' is clicked on

2019-07-10 16:02:54 - [TEST_STEP][PASSED] - delay(2): Delayed 2 second(s)

2019-07-10 16:02:56 - [MESSAGE][PASSED] - Delayed 2 second(s)

2019-07-10 16:02:56 - [TEST_STEP][PASSED] - click(findTestObject("APOLLO- Desktop/Burger Menu/Shirts link")): Object: 'Object Repository/APOLLO- Desktop/Burger Menu/Shirts link' is clicked on

2019-07-10 16:02:57 - [MESSAGE][PASSED] - Object: 'Object Repository/APOLLO- Desktop/Burger Menu/Shirts link' is clicked on

2019-07-10 16:02:57 - [TEST_STEP][NOT_RUN] - executeJavaScript("var previewBar = document.getElementById("preview-bar-iframe"); previewBar.style.display = "none";", []): NOT_RUN: executeJavaScript("var previewBar = document.getElementById("preview-bar-iframe"); previewBar.style.display = "none";", [])

2019-07-10 16:02:57 - [MESSAGE][NOT_RUN] - NOT_RUN: executeJavaScript("var previewBar = document.getElementById("preview-bar-iframe"); previewBar.style.display = "none";", [])

2019-07-10 16:02:57 - [TEST_STEP][PASSED] - delay(2): Delayed 2 second(s)

2019-07-10 16:02:59 - [MESSAGE][PASSED] - Delayed 2 second(s)

2019-07-10 16:02:59 - [TEST_STEP][PASSED] - click(findTestObject("APOLLO- Desktop/Collection page/Blue shirt product")): Object: 'Object Repository/APOLLO- Desktop/Collection page/Blue shirt product' is clicked on

2019-07-10 16:03:01 - [MESSAGE][PASSED] - Object: 'Object Repository/APOLLO- Desktop/Collection page/Blue shirt product' is clicked on

2019-07-10 16:03:01 - [TEST_STEP][PASSED] - delay(2): Delayed 2 second(s)

2019-07-10 16:03:03 - [MESSAGE][PASSED] - Delayed 2 second(s)

2019-07-10 16:03:03 - [TEST_STEP][FAILED] - selectOptionByValue(findTestObject("APOLLO- Desktop/Product page/Size dropdown"), "Medium", true): selectOptionByValue(findTestObject("APOLLO- Desktop/Product page/Size dropdown"), "Medium", true) FAILED.
Reason:
com.kms.katalon.core.exception.StepFailedException: Unable to select option by value 'Medium' of object 'Object Repository/APOLLO- Desktop/Product page/Size dropdown'  using regular expression (Root cause: com.kms.katalon.core.webui.exception.WebElementNotFoundException: Web element with id: 'Object Repository/APOLLO- Desktop/Product page/Size dropdown' located by 'By.xpath: //select[@name='Size']' not found)
	at com.kms.katalon.core.keyword.internal.KeywordMain.stepFailed(KeywordMain.groovy:36)
	at com.kms.katalon.core.webui.keyword.internal.WebUIKeywordMain.stepFailed(WebUIKeywordMain.groovy:65)
	at com.kms.katalon.core.webui.keyword.internal.WebUIKeywordMain.runKeyword(WebUIKeywordMain.groovy:27)
	at com.kms.katalon.core.webui.keyword.builtin.SelectOptionByValueKeyword.selectOptionByValue(SelectOptionByValueKeyword.groovy:99)
	at com.kms.katalon.core.webui.keyword.builtin.SelectOptionByValueKeyword.execute(SelectOptionByValueKeyword.groovy:71)
	at com.kms.katalon.core.keyword.internal.KeywordExecutor.executeKeywordForPlatform(KeywordExecutor.groovy:53)
	at com.kms.katalon.core.webui.keyword.WebUiBuiltInKeywords.selectOptionByValue(WebUiBuiltInKeywords.groovy:1138)
	at com.kms.katalon.core.webui.keyword.WebUiBuiltInKeywords$selectOptionByValue$9.call(Unknown Source)
	at Decrease quantity - Cart flyout.run(Decrease quantity - Cart flyout:43)
	at com.kms.katalon.core.main.ScriptEngine.run(ScriptEngine.java:194)
	at com.kms.katalon.core.main.ScriptEngine.runScriptAsRawText(ScriptEngine.java:119)
	at com.kms.katalon.core.main.TestCaseExecutor.runScript(TestCaseExecutor.java:328)
	at com.kms.katalon.core.main.TestCaseExecutor.doExecute(TestCaseExecutor.java:319)
	at com.kms.katalon.core.main.TestCaseExecutor.processExecutionPhase(TestCaseExecutor.java:298)
	at com.kms.katalon.core.main.TestCaseExecutor.accessMainPhase(TestCaseExecutor.java:290)
	at com.kms.katalon.core.main.TestCaseExecutor.execute(TestCaseExecutor.java:224)
	at com.kms.katalon.core.main.TestSuiteExecutor.accessTestCaseMainPhase(TestSuiteExecutor.java:129)
	at com.kms.katalon.core.main.TestSuiteExecutor.accessTestSuiteMainPhase(TestSuiteExecutor.java:112)
	at com.kms.katalon.core.main.TestSuiteExecutor.execute(TestSuiteExecutor.java:81)
	at com.kms.katalon.core.main.TestCaseMain.startTestSuite(TestCaseMain.java:149)
	at com.kms.katalon.core.main.TestCaseMain$startTestSuite$0.call(Unknown Source)
	at TempTestSuite1562786448509.run(TempTestSuite1562786448509.groovy:36)


2019-07-10 16:04:07 - [MESSAGE][INFO] - Unable to find the element located by 'By.xpath: //select[@name='Size']'. Please recheck the objects properties to make sure the desired element is located. 

2019-07-10 16:04:10 - [MESSAGE][FAILED] - Unable to select option by value 'Medium' of object 'Object Repository/APOLLO- Desktop/Product page/Size dropdown'  using regular expression (Root cause: com.kms.katalon.core.webui.exception.WebElementNotFoundException: Web element with id: 'Object Repository/APOLLO- Desktop/Product page/Size dropdown' located by 'By.xpath: //select[@name='Size']' not found)
[[ATTACHMENT|/Users/sumankompelly/git/Apollo-Dark-Desktop/Reports/Apollo - dark build/20190710_152048/1562789047170.png]]

2019-07-10 16:04:10 - [MESSAGE][FAILED] - selectOptionByValue(findTestObject("APOLLO- Desktop/Product page/Size dropdown"), "Medium", true) FAILED.
Reason:
com.kms.katalon.core.exception.StepFailedException: Unable to select option by value 'Medium' of object 'Object Repository/APOLLO- Desktop/Product page/Size dropdown'  using regular expression (Root cause: com.kms.katalon.core.webui.exception.WebElementNotFoundException: Web element with id: 'Object Repository/APOLLO- Desktop/Product page/Size dropdown' located by 'By.xpath: //select[@name='Size']' not found)
	at com.kms.katalon.core.keyword.internal.KeywordMain.stepFailed(KeywordMain.groovy:36)
	at com.kms.katalon.core.webui.keyword.internal.WebUIKeywordMain.stepFailed(WebUIKeywordMain.groovy:65)
	at com.kms.katalon.core.webui.keyword.internal.WebUIKeywordMain.runKeyword(WebUIKeywordMain.groovy:27)
	at com.kms.katalon.core.webui.keyword.builtin.SelectOptionByValueKeyword.selectOptionByValue(SelectOptionByValueKeyword.groovy:99)
	at com.kms.katalon.core.webui.keyword.builtin.SelectOptionByValueKeyword.execute(SelectOptionByValueKeyword.groovy:71)
	at com.kms.katalon.core.keyword.internal.KeywordExecutor.executeKeywordForPlatform(KeywordExecutor.groovy:53)
	at com.kms.katalon.core.webui.keyword.WebUiBuiltInKeywords.selectOptionByValue(WebUiBuiltInKeywords.groovy:1138)
	at com.kms.katalon.core.webui.keyword.WebUiBuiltInKeywords$selectOptionByValue$9.call(Unknown Source)
	at Decrease quantity - Cart flyout.run(Decrease quantity - Cart flyout:43)
	at com.kms.katalon.core.main.ScriptEngine.run(ScriptEngine.java:194)
	at com.kms.katalon.core.main.ScriptEngine.runScriptAsRawText(ScriptEngine.java:119)
	at com.kms.katalon.core.main.TestCaseExecutor.runScript(TestCaseExecutor.java:328)
	at com.kms.katalon.core.main.TestCaseExecutor.doExecute(TestCaseExecutor.java:319)
	at com.kms.katalon.core.main.TestCaseExecutor.processExecutionPhase(TestCaseExecutor.java:298)
	at com.kms.katalon.core.main.TestCaseExecutor.accessMainPhase(TestCaseExecutor.java:290)
	at com.kms.katalon.core.main.TestCaseExecutor.execute(TestCaseExecutor.java:224)
	at com.kms.katalon.core.main.TestSuiteExecutor.accessTestCaseMainPhase(TestSuiteExecutor.java:129)
	at com.kms.katalon.core.main.TestSuiteExecutor.accessTestSuiteMainPhase(TestSuiteExecutor.java:112)
	at com.kms.katalon.core.main.TestSuiteExecutor.execute(TestSuiteExecutor.java:81)
	at com.kms.katalon.core.main.TestCaseMain.startTestSuite(TestCaseMain.java:149)
	at com.kms.katalon.core.main.TestCaseMain$startTestSuite$0.call(Unknown Source)
	at TempTestSuite1562786448509.run(TempTestSuite1562786448509.groovy:36)]]></system-out>
         <system-err><![CDATA[2019-07-10 16:02:24 - [TEST_CASE][FAILED] - Test Cases/CRITICAL PATH/Decrease quantity - Cart flyout: Test Cases/CRITICAL PATH/Decrease quantity - Cart flyout FAILED.
Reason:
com.kms.katalon.core.exception.StepFailedException: Unable to select option by value 'Medium' of object 'Object Repository/APOLLO- Desktop/Product page/Size dropdown'  using regular expression (Root cause: com.kms.katalon.core.webui.exception.WebElementNotFoundException: Web element with id: 'Object Repository/APOLLO- Desktop/Product page/Size dropdown' located by 'By.xpath: //select[@name='Size']' not found)
	at com.kms.katalon.core.keyword.internal.KeywordMain.stepFailed(KeywordMain.groovy:36)
	at com.kms.katalon.core.webui.keyword.internal.WebUIKeywordMain.stepFailed(WebUIKeywordMain.groovy:65)
	at com.kms.katalon.core.webui.keyword.internal.WebUIKeywordMain.runKeyword(WebUIKeywordMain.groovy:27)
	at com.kms.katalon.core.webui.keyword.builtin.SelectOptionByValueKeyword.selectOptionByValue(SelectOptionByValueKeyword.groovy:99)
	at com.kms.katalon.core.webui.keyword.builtin.SelectOptionByValueKeyword.execute(SelectOptionByValueKeyword.groovy:71)
	at com.kms.katalon.core.keyword.internal.KeywordExecutor.executeKeywordForPlatform(KeywordExecutor.groovy:53)
	at com.kms.katalon.core.webui.keyword.WebUiBuiltInKeywords.selectOptionByValue(WebUiBuiltInKeywords.groovy:1138)
	at com.kms.katalon.core.webui.keyword.WebUiBuiltInKeywords$selectOptionByValue$9.call(Unknown Source)
	at Decrease quantity - Cart flyout.run(Decrease quantity - Cart flyout:43)
	at com.kms.katalon.core.main.ScriptEngine.run(ScriptEngine.java:194)
	at com.kms.katalon.core.main.ScriptEngine.runScriptAsRawText(ScriptEngine.java:119)
	at com.kms.katalon.core.main.TestCaseExecutor.runScript(TestCaseExecutor.java:328)
	at com.kms.katalon.core.main.TestCaseExecutor.doExecute(TestCaseExecutor.java:319)
	at com.kms.katalon.core.main.TestCaseExecutor.processExecutionPhase(TestCaseExecutor.java:298)
	at com.kms.katalon.core.main.TestCaseExecutor.accessMainPhase(TestCaseExecutor.java:290)
	at com.kms.katalon.core.main.TestCaseExecutor.execute(TestCaseExecutor.java:224)
	at com.kms.katalon.core.main.TestSuiteExecutor.accessTestCaseMainPhase(TestSuiteExecutor.java:129)
	at com.kms.katalon.core.main.TestSuiteExecutor.accessTestSuiteMainPhase(TestSuiteExecutor.java:112)
	at com.kms.katalon.core.main.TestSuiteExecutor.execute(TestSuiteExecutor.java:81)
	at com.kms.katalon.core.main.TestCaseMain.startTestSuite(TestCaseMain.java:149)
	at com.kms.katalon.core.main.TestCaseMain$startTestSuite$0.call(Unknown Source)
	at TempTestSuite1562786448509.run(TempTestSuite1562786448509.groovy:36)]]></system-err>
      </testcase>
      <testcase name="Test Cases/CRITICAL PATH/Price comparison - Cart flyout" classname="Test Cases/CRITICAL PATH/Price comparison - Cart flyout" status="FAILED">
         <failure type="FAILED" message="Test Cases/CRITICAL PATH/Price comparison - Cart flyout FAILED.
Reason:
com.kms.katalon.core.exception.StepFailedException: Unable to select option by value 'Medium' of object 'Object Repository/APOLLO- Desktop/Product page/Size dropdown'  using regular expression (Root cause: com.kms.katalon.core.webui.exception.WebElementNotFoundException: Web element with id: 'Object Repository/APOLLO- Desktop/Product page/Size dropdown' located by 'By.xpath: //select[@name='Size']' not found)
	at com.kms.katalon.core.keyword.internal.KeywordMain.stepFailed(KeywordMain.groovy:36)
	at com.kms.katalon.core.webui.keyword.internal.WebUIKeywordMain.stepFailed(WebUIKeywordMain.groovy:65)
	at com.kms.katalon.core.webui.keyword.internal.WebUIKeywordMain.runKeyword(WebUIKeywordMain.groovy:27)
	at com.kms.katalon.core.webui.keyword.builtin.SelectOptionByValueKeyword.selectOptionByValue(SelectOptionByValueKeyword.groovy:99)
	at com.kms.katalon.core.webui.keyword.builtin.SelectOptionByValueKeyword.execute(SelectOptionByValueKeyword.groovy:71)
	at com.kms.katalon.core.keyword.internal.KeywordExecutor.executeKeywordForPlatform(KeywordExecutor.groovy:53)
	at com.kms.katalon.core.webui.keyword.WebUiBuiltInKeywords.selectOptionByValue(WebUiBuiltInKeywords.groovy:1138)
	at com.kms.katalon.core.webui.keyword.WebUiBuiltInKeywords$selectOptionByValue$9.call(Unknown Source)
	at Price comparison - Cart flyout.run(Price comparison - Cart flyout:38)
	at com.kms.katalon.core.main.ScriptEngine.run(ScriptEngine.java:194)
	at com.kms.katalon.core.main.ScriptEngine.runScriptAsRawText(ScriptEngine.java:119)
	at com.kms.katalon.core.main.TestCaseExecutor.runScript(TestCaseExecutor.java:328)
	at com.kms.katalon.core.main.TestCaseExecutor.doExecute(TestCaseExecutor.java:319)
	at com.kms.katalon.core.main.TestCaseExecutor.processExecutionPhase(TestCaseExecutor.java:298)
	at com.kms.katalon.core.main.TestCaseExecutor.accessMainPhase(TestCaseExecutor.java:290)
	at com.kms.katalon.core.main.TestCaseExecutor.execute(TestCaseExecutor.java:224)
	at com.kms.katalon.core.main.TestSuiteExecutor.accessTestCaseMainPhase(TestSuiteExecutor.java:129)
	at com.kms.katalon.core.main.TestSuiteExecutor.accessTestSuiteMainPhase(TestSuiteExecutor.java:112)
	at com.kms.katalon.core.main.TestSuiteExecutor.execute(TestSuiteExecutor.java:81)
	at com.kms.katalon.core.main.TestCaseMain.startTestSuite(TestCaseMain.java:149)
	at com.kms.katalon.core.main.TestCaseMain$startTestSuite$0.call(Unknown Source)
	at TempTestSuite1562786448509.run(TempTestSuite1562786448509.groovy:36)
"/>
         <system-out><![CDATA[2019-07-10 16:04:10 - [TEST_CASE][FAILED] - Test Cases/CRITICAL PATH/Price comparison - Cart flyout: Test Cases/CRITICAL PATH/Price comparison - Cart flyout FAILED.
Reason:
com.kms.katalon.core.exception.StepFailedException: Unable to select option by value 'Medium' of object 'Object Repository/APOLLO- Desktop/Product page/Size dropdown'  using regular expression (Root cause: com.kms.katalon.core.webui.exception.WebElementNotFoundException: Web element with id: 'Object Repository/APOLLO- Desktop/Product page/Size dropdown' located by 'By.xpath: //select[@name='Size']' not found)
	at com.kms.katalon.core.keyword.internal.KeywordMain.stepFailed(KeywordMain.groovy:36)
	at com.kms.katalon.core.webui.keyword.internal.WebUIKeywordMain.stepFailed(WebUIKeywordMain.groovy:65)
	at com.kms.katalon.core.webui.keyword.internal.WebUIKeywordMain.runKeyword(WebUIKeywordMain.groovy:27)
	at com.kms.katalon.core.webui.keyword.builtin.SelectOptionByValueKeyword.selectOptionByValue(SelectOptionByValueKeyword.groovy:99)
	at com.kms.katalon.core.webui.keyword.builtin.SelectOptionByValueKeyword.execute(SelectOptionByValueKeyword.groovy:71)
	at com.kms.katalon.core.keyword.internal.KeywordExecutor.executeKeywordForPlatform(KeywordExecutor.groovy:53)
	at com.kms.katalon.core.webui.keyword.WebUiBuiltInKeywords.selectOptionByValue(WebUiBuiltInKeywords.groovy:1138)
	at com.kms.katalon.core.webui.keyword.WebUiBuiltInKeywords$selectOptionByValue$9.call(Unknown Source)
	at Price comparison - Cart flyout.run(Price comparison - Cart flyout:38)
	at com.kms.katalon.core.main.ScriptEngine.run(ScriptEngine.java:194)
	at com.kms.katalon.core.main.ScriptEngine.runScriptAsRawText(ScriptEngine.java:119)
	at com.kms.katalon.core.main.TestCaseExecutor.runScript(TestCaseExecutor.java:328)
	at com.kms.katalon.core.main.TestCaseExecutor.doExecute(TestCaseExecutor.java:319)
	at com.kms.katalon.core.main.TestCaseExecutor.processExecutionPhase(TestCaseExecutor.java:298)
	at com.kms.katalon.core.main.TestCaseExecutor.accessMainPhase(TestCaseExecutor.java:290)
	at com.kms.katalon.core.main.TestCaseExecutor.execute(TestCaseExecutor.java:224)
	at com.kms.katalon.core.main.TestSuiteExecutor.accessTestCaseMainPhase(TestSuiteExecutor.java:129)
	at com.kms.katalon.core.main.TestSuiteExecutor.accessTestSuiteMainPhase(TestSuiteExecutor.java:112)
	at com.kms.katalon.core.main.TestSuiteExecutor.execute(TestSuiteExecutor.java:81)
	at com.kms.katalon.core.main.TestCaseMain.startTestSuite(TestCaseMain.java:149)
	at com.kms.katalon.core.main.TestCaseMain$startTestSuite$0.call(Unknown Source)
	at TempTestSuite1562786448509.run(TempTestSuite1562786448509.groovy:36)


2019-07-10 16:04:10 - [TEST_STEP][PASSED] - callTestCase(findTestCase("CALL - URL"), [:], STOP_ON_FAILURE): Call Test Case 'Test Cases/CALL - URL' successfully

2019-07-10 16:04:10 - [TEST_CASE][PASSED] - Test Cases/CALL - URL: Test Cases/CALL - URL

2019-07-10 16:04:10 - [TEST_STEP][PASSED] - openBrowser(""): Browser is opened with url: ''

2019-07-10 16:04:10 - [MESSAGE][WARNING] - A browser is already opened. Closing browser and opening a new one

2019-07-10 16:04:11 - [MESSAGE][INFO] - Starting 'Remote' driver

2019-07-10 16:04:11 - [MESSAGE][INFO] - User set preference: ['os', 'Windows']

2019-07-10 16:04:11 - [MESSAGE][INFO] - User set preference: ['os_version', '10']

2019-07-10 16:04:11 - [MESSAGE][INFO] - User set preference: ['browser', 'Edge']

2019-07-10 16:04:11 - [MESSAGE][INFO] - User set preference: ['browser_version', '18.0']

2019-07-10 16:04:11 - [MESSAGE][INFO] - User set preference: ['resolution', '']

2019-07-10 16:04:11 - [MESSAGE][INFO] - Connecting to remote web server 'https://dianatest3:Z3oqw9ysqTeRQJq5wFCp@hub-cloud.browserstack.com/wd/hub' with type 'Selenium'

2019-07-10 16:04:23 - [MESSAGE][PASSED] - Browser is opened with url: ''

2019-07-10 16:04:23 - [TEST_STEP][PASSED] - navigateToUrl("https://diff-apollo.myshopify.com/?key=eec34184cfd8f82cda816f82753a8c8e9e240f30cf54470e19667b8cbb401948&preview_theme_id="): Navigate to 'https://diff-apollo.myshopify.com/?key=eec34184cfd8f82cda816f82753a8c8e9e240f30cf54470e19667b8cbb401948&preview_theme_id=' successfully

2019-07-10 16:04:27 - [MESSAGE][PASSED] - Navigate to 'https://diff-apollo.myshopify.com/?key=eec34184cfd8f82cda816f82753a8c8e9e240f30cf54470e19667b8cbb401948&preview_theme_id=' successfully

2019-07-10 16:04:27 - [TEST_STEP][NOT_RUN] - executeJavaScript("var previewBar = document.getElementById("preview-bar-iframe"); previewBar.style.display = "none";", []): NOT_RUN: executeJavaScript("var previewBar = document.getElementById("preview-bar-iframe"); previewBar.style.display = "none";", [])

2019-07-10 16:04:27 - [MESSAGE][NOT_RUN] - NOT_RUN: executeJavaScript("var previewBar = document.getElementById("preview-bar-iframe"); previewBar.style.display = "none";", [])

2019-07-10 16:04:27 - [TEST_STEP][PASSED] - maximizeWindow(): Current window maximized

2019-07-10 16:04:28 - [MESSAGE][PASSED] - Current window maximized

2019-07-10 16:04:28 - [MESSAGE][PASSED] - Call Test Case 'Test Cases/CALL - URL' successfully

2019-07-10 16:04:28 - [TEST_STEP][PASSED] - click(findTestObject("APOLLO- Desktop/Burger Menu/Burgermenu")): Object: 'Object Repository/APOLLO- Desktop/Burger Menu/Burgermenu' is clicked on

2019-07-10 16:04:28 - [MESSAGE][PASSED] - Object: 'Object Repository/APOLLO- Desktop/Burger Menu/Burgermenu' is clicked on

2019-07-10 16:04:28 - [TEST_STEP][PASSED] - delay(2): Delayed 2 second(s)

2019-07-10 16:04:30 - [MESSAGE][PASSED] - Delayed 2 second(s)

2019-07-10 16:04:30 - [TEST_STEP][PASSED] - click(findTestObject("APOLLO- Desktop/Burger Menu/Mens chevron")): Object: 'Object Repository/APOLLO- Desktop/Burger Menu/Mens chevron' is clicked on

2019-07-10 16:04:33 - [MESSAGE][PASSED] - Object: 'Object Repository/APOLLO- Desktop/Burger Menu/Mens chevron' is clicked on

2019-07-10 16:04:33 - [TEST_STEP][PASSED] - delay(2): Delayed 2 second(s)

2019-07-10 16:04:35 - [MESSAGE][PASSED] - Delayed 2 second(s)

2019-07-10 16:04:35 - [TEST_STEP][PASSED] - click(findTestObject("APOLLO- Desktop/Burger Menu/Mens - Top Chevron")): Object: 'Object Repository/APOLLO- Desktop/Burger Menu/Mens - Top Chevron' is clicked on

2019-07-10 16:04:37 - [MESSAGE][PASSED] - Object: 'Object Repository/APOLLO- Desktop/Burger Menu/Mens - Top Chevron' is clicked on

2019-07-10 16:04:37 - [TEST_STEP][PASSED] - delay(2): Delayed 2 second(s)

2019-07-10 16:04:39 - [MESSAGE][PASSED] - Delayed 2 second(s)

2019-07-10 16:04:39 - [TEST_STEP][PASSED] - click(findTestObject("APOLLO- Desktop/Burger Menu/Shirts link")): Object: 'Object Repository/APOLLO- Desktop/Burger Menu/Shirts link' is clicked on

2019-07-10 16:04:40 - [MESSAGE][PASSED] - Object: 'Object Repository/APOLLO- Desktop/Burger Menu/Shirts link' is clicked on

2019-07-10 16:04:40 - [TEST_STEP][PASSED] - delay(2): Delayed 2 second(s)

2019-07-10 16:04:42 - [MESSAGE][PASSED] - Delayed 2 second(s)

2019-07-10 16:04:42 - [TEST_STEP][PASSED] - click(findTestObject("APOLLO- Desktop/Collection page/Blue shirt product")): Object: 'Object Repository/APOLLO- Desktop/Collection page/Blue shirt product' is clicked on

2019-07-10 16:04:43 - [MESSAGE][PASSED] - Object: 'Object Repository/APOLLO- Desktop/Collection page/Blue shirt product' is clicked on

2019-07-10 16:04:43 - [TEST_STEP][PASSED] - delay(2): Delayed 2 second(s)

2019-07-10 16:04:45 - [MESSAGE][PASSED] - Delayed 2 second(s)

2019-07-10 16:04:45 - [TEST_STEP][FAILED] - selectOptionByValue(findTestObject("APOLLO- Desktop/Product page/Size dropdown"), "Medium", true): selectOptionByValue(findTestObject("APOLLO- Desktop/Product page/Size dropdown"), "Medium", true) FAILED.
Reason:
com.kms.katalon.core.exception.StepFailedException: Unable to select option by value 'Medium' of object 'Object Repository/APOLLO- Desktop/Product page/Size dropdown'  using regular expression (Root cause: com.kms.katalon.core.webui.exception.WebElementNotFoundException: Web element with id: 'Object Repository/APOLLO- Desktop/Product page/Size dropdown' located by 'By.xpath: //select[@name='Size']' not found)
	at com.kms.katalon.core.keyword.internal.KeywordMain.stepFailed(KeywordMain.groovy:36)
	at com.kms.katalon.core.webui.keyword.internal.WebUIKeywordMain.stepFailed(WebUIKeywordMain.groovy:65)
	at com.kms.katalon.core.webui.keyword.internal.WebUIKeywordMain.runKeyword(WebUIKeywordMain.groovy:27)
	at com.kms.katalon.core.webui.keyword.builtin.SelectOptionByValueKeyword.selectOptionByValue(SelectOptionByValueKeyword.groovy:99)
	at com.kms.katalon.core.webui.keyword.builtin.SelectOptionByValueKeyword.execute(SelectOptionByValueKeyword.groovy:71)
	at com.kms.katalon.core.keyword.internal.KeywordExecutor.executeKeywordForPlatform(KeywordExecutor.groovy:53)
	at com.kms.katalon.core.webui.keyword.WebUiBuiltInKeywords.selectOptionByValue(WebUiBuiltInKeywords.groovy:1138)
	at com.kms.katalon.core.webui.keyword.WebUiBuiltInKeywords$selectOptionByValue$9.call(Unknown Source)
	at Price comparison - Cart flyout.run(Price comparison - Cart flyout:38)
	at com.kms.katalon.core.main.ScriptEngine.run(ScriptEngine.java:194)
	at com.kms.katalon.core.main.ScriptEngine.runScriptAsRawText(ScriptEngine.java:119)
	at com.kms.katalon.core.main.TestCaseExecutor.runScript(TestCaseExecutor.java:328)
	at com.kms.katalon.core.main.TestCaseExecutor.doExecute(TestCaseExecutor.java:319)
	at com.kms.katalon.core.main.TestCaseExecutor.processExecutionPhase(TestCaseExecutor.java:298)
	at com.kms.katalon.core.main.TestCaseExecutor.accessMainPhase(TestCaseExecutor.java:290)
	at com.kms.katalon.core.main.TestCaseExecutor.execute(TestCaseExecutor.java:224)
	at com.kms.katalon.core.main.TestSuiteExecutor.accessTestCaseMainPhase(TestSuiteExecutor.java:129)
	at com.kms.katalon.core.main.TestSuiteExecutor.accessTestSuiteMainPhase(TestSuiteExecutor.java:112)
	at com.kms.katalon.core.main.TestSuiteExecutor.execute(TestSuiteExecutor.java:81)
	at com.kms.katalon.core.main.TestCaseMain.startTestSuite(TestCaseMain.java:149)
	at com.kms.katalon.core.main.TestCaseMain$startTestSuite$0.call(Unknown Source)
	at TempTestSuite1562786448509.run(TempTestSuite1562786448509.groovy:36)


2019-07-10 16:05:38 - [MESSAGE][INFO] - Unable to find the element located by 'By.xpath: //select[@name='Size']'. Please recheck the objects properties to make sure the desired element is located. 

2019-07-10 16:05:42 - [MESSAGE][FAILED] - Unable to select option by value 'Medium' of object 'Object Repository/APOLLO- Desktop/Product page/Size dropdown'  using regular expression (Root cause: com.kms.katalon.core.webui.exception.WebElementNotFoundException: Web element with id: 'Object Repository/APOLLO- Desktop/Product page/Size dropdown' located by 'By.xpath: //select[@name='Size']' not found)
[[ATTACHMENT|/Users/sumankompelly/git/Apollo-Dark-Desktop/Reports/Apollo - dark build/20190710_152048/1562789138092.png]]

2019-07-10 16:05:42 - [MESSAGE][FAILED] - selectOptionByValue(findTestObject("APOLLO- Desktop/Product page/Size dropdown"), "Medium", true) FAILED.
Reason:
com.kms.katalon.core.exception.StepFailedException: Unable to select option by value 'Medium' of object 'Object Repository/APOLLO- Desktop/Product page/Size dropdown'  using regular expression (Root cause: com.kms.katalon.core.webui.exception.WebElementNotFoundException: Web element with id: 'Object Repository/APOLLO- Desktop/Product page/Size dropdown' located by 'By.xpath: //select[@name='Size']' not found)
	at com.kms.katalon.core.keyword.internal.KeywordMain.stepFailed(KeywordMain.groovy:36)
	at com.kms.katalon.core.webui.keyword.internal.WebUIKeywordMain.stepFailed(WebUIKeywordMain.groovy:65)
	at com.kms.katalon.core.webui.keyword.internal.WebUIKeywordMain.runKeyword(WebUIKeywordMain.groovy:27)
	at com.kms.katalon.core.webui.keyword.builtin.SelectOptionByValueKeyword.selectOptionByValue(SelectOptionByValueKeyword.groovy:99)
	at com.kms.katalon.core.webui.keyword.builtin.SelectOptionByValueKeyword.execute(SelectOptionByValueKeyword.groovy:71)
	at com.kms.katalon.core.keyword.internal.KeywordExecutor.executeKeywordForPlatform(KeywordExecutor.groovy:53)
	at com.kms.katalon.core.webui.keyword.WebUiBuiltInKeywords.selectOptionByValue(WebUiBuiltInKeywords.groovy:1138)
	at com.kms.katalon.core.webui.keyword.WebUiBuiltInKeywords$selectOptionByValue$9.call(Unknown Source)
	at Price comparison - Cart flyout.run(Price comparison - Cart flyout:38)
	at com.kms.katalon.core.main.ScriptEngine.run(ScriptEngine.java:194)
	at com.kms.katalon.core.main.ScriptEngine.runScriptAsRawText(ScriptEngine.java:119)
	at com.kms.katalon.core.main.TestCaseExecutor.runScript(TestCaseExecutor.java:328)
	at com.kms.katalon.core.main.TestCaseExecutor.doExecute(TestCaseExecutor.java:319)
	at com.kms.katalon.core.main.TestCaseExecutor.processExecutionPhase(TestCaseExecutor.java:298)
	at com.kms.katalon.core.main.TestCaseExecutor.accessMainPhase(TestCaseExecutor.java:290)
	at com.kms.katalon.core.main.TestCaseExecutor.execute(TestCaseExecutor.java:224)
	at com.kms.katalon.core.main.TestSuiteExecutor.accessTestCaseMainPhase(TestSuiteExecutor.java:129)
	at com.kms.katalon.core.main.TestSuiteExecutor.accessTestSuiteMainPhase(TestSuiteExecutor.java:112)
	at com.kms.katalon.core.main.TestSuiteExecutor.execute(TestSuiteExecutor.java:81)
	at com.kms.katalon.core.main.TestCaseMain.startTestSuite(TestCaseMain.java:149)
	at com.kms.katalon.core.main.TestCaseMain$startTestSuite$0.call(Unknown Source)
	at TempTestSuite1562786448509.run(TempTestSuite1562786448509.groovy:36)]]></system-out>
         <system-err><![CDATA[2019-07-10 16:04:10 - [TEST_CASE][FAILED] - Test Cases/CRITICAL PATH/Price comparison - Cart flyout: Test Cases/CRITICAL PATH/Price comparison - Cart flyout FAILED.
Reason:
com.kms.katalon.core.exception.StepFailedException: Unable to select option by value 'Medium' of object 'Object Repository/APOLLO- Desktop/Product page/Size dropdown'  using regular expression (Root cause: com.kms.katalon.core.webui.exception.WebElementNotFoundException: Web element with id: 'Object Repository/APOLLO- Desktop/Product page/Size dropdown' located by 'By.xpath: //select[@name='Size']' not found)
	at com.kms.katalon.core.keyword.internal.KeywordMain.stepFailed(KeywordMain.groovy:36)
	at com.kms.katalon.core.webui.keyword.internal.WebUIKeywordMain.stepFailed(WebUIKeywordMain.groovy:65)
	at com.kms.katalon.core.webui.keyword.internal.WebUIKeywordMain.runKeyword(WebUIKeywordMain.groovy:27)
	at com.kms.katalon.core.webui.keyword.builtin.SelectOptionByValueKeyword.selectOptionByValue(SelectOptionByValueKeyword.groovy:99)
	at com.kms.katalon.core.webui.keyword.builtin.SelectOptionByValueKeyword.execute(SelectOptionByValueKeyword.groovy:71)
	at com.kms.katalon.core.keyword.internal.KeywordExecutor.executeKeywordForPlatform(KeywordExecutor.groovy:53)
	at com.kms.katalon.core.webui.keyword.WebUiBuiltInKeywords.selectOptionByValue(WebUiBuiltInKeywords.groovy:1138)
	at com.kms.katalon.core.webui.keyword.WebUiBuiltInKeywords$selectOptionByValue$9.call(Unknown Source)
	at Price comparison - Cart flyout.run(Price comparison - Cart flyout:38)
	at com.kms.katalon.core.main.ScriptEngine.run(ScriptEngine.java:194)
	at com.kms.katalon.core.main.ScriptEngine.runScriptAsRawText(ScriptEngine.java:119)
	at com.kms.katalon.core.main.TestCaseExecutor.runScript(TestCaseExecutor.java:328)
	at com.kms.katalon.core.main.TestCaseExecutor.doExecute(TestCaseExecutor.java:319)
	at com.kms.katalon.core.main.TestCaseExecutor.processExecutionPhase(TestCaseExecutor.java:298)
	at com.kms.katalon.core.main.TestCaseExecutor.accessMainPhase(TestCaseExecutor.java:290)
	at com.kms.katalon.core.main.TestCaseExecutor.execute(TestCaseExecutor.java:224)
	at com.kms.katalon.core.main.TestSuiteExecutor.accessTestCaseMainPhase(TestSuiteExecutor.java:129)
	at com.kms.katalon.core.main.TestSuiteExecutor.accessTestSuiteMainPhase(TestSuiteExecutor.java:112)
	at com.kms.katalon.core.main.TestSuiteExecutor.execute(TestSuiteExecutor.java:81)
	at com.kms.katalon.core.main.TestCaseMain.startTestSuite(TestCaseMain.java:149)
	at com.kms.katalon.core.main.TestCaseMain$startTestSuite$0.call(Unknown Source)
	at TempTestSuite1562786448509.run(TempTestSuite1562786448509.groovy:36)]]></system-err>
      </testcase>
      <system-out><![CDATA[2019-07-10 15:20:51 - [TEST_SUITE][FAILED] - Apollo - dark build: Test Cases/COLLECTION PAGE/Filter FAILED.
Reason:
com.kms.katalon.core.exception.StepFailedException: Unable to click on object 'Object Repository/APOLLO- Desktop/Collection page/Filter/Filter dropdown' (Root cause: com.kms.katalon.core.webui.exception.WebElementNotFoundException: Web element with id: 'Object Repository/APOLLO- Desktop/Collection page/Filter/Filter dropdown' located by 'By.xpath: //div[@id='filters']//div[2]' not found)
	at com.kms.katalon.core.keyword.internal.KeywordMain.stepFailed(KeywordMain.groovy:36)
	at com.kms.katalon.core.webui.keyword.internal.WebUIKeywordMain.stepFailed(WebUIKeywordMain.groovy:65)
	at com.kms.katalon.core.webui.keyword.internal.WebUIKeywordMain.runKeyword(WebUIKeywordMain.groovy:27)
	at com.kms.katalon.core.webui.keyword.builtin.ClickKeyword.click(ClickKeyword.groovy:86)
	at com.kms.katalon.core.webui.keyword.builtin.ClickKeyword.execute(ClickKeyword.groovy:67)
	at com.kms.katalon.core.keyword.internal.KeywordExecutor.executeKeywordForPlatform(KeywordExecutor.groovy:53)
	at com.kms.katalon.core.webui.keyword.WebUiBuiltInKeywords.click(WebUiBuiltInKeywords.groovy:616)
	at com.kms.katalon.core.webui.keyword.WebUiBuiltInKeywords$click$2.call(Unknown Source)
	at Filter.run(Filter:44)
	at com.kms.katalon.core.main.ScriptEngine.run(ScriptEngine.java:194)
	at com.kms.katalon.core.main.ScriptEngine.runScriptAsRawText(ScriptEngine.java:119)
	at com.kms.katalon.core.main.TestCaseExecutor.runScript(TestCaseExecutor.java:328)
	at com.kms.katalon.core.main.TestCaseExecutor.doExecute(TestCaseExecutor.java:319)
	at com.kms.katalon.core.main.TestCaseExecutor.processExecutionPhase(TestCaseExecutor.java:298)
	at com.kms.katalon.core.main.TestCaseExecutor.accessMainPhase(TestCaseExecutor.java:290)
	at com.kms.katalon.core.main.TestCaseExecutor.execute(TestCaseExecutor.java:224)
	at com.kms.katalon.core.main.TestSuiteExecutor.accessTestCaseMainPhase(TestSuiteExecutor.java:129)
	at com.kms.katalon.core.main.TestSuiteExecutor.accessTestSuiteMainPhase(TestSuiteExecutor.java:112)
	at com.kms.katalon.core.main.TestSuiteExecutor.execute(TestSuiteExecutor.java:81)
	at com.kms.katalon.core.main.TestCaseMain.startTestSuite(TestCaseMain.java:149)
	at com.kms.katalon.core.main.TestCaseMain$startTestSuite$0.call(Unknown Source)
	at TempTestSuite1562786448509.run(TempTestSuite1562786448509.groovy:36)]]></system-out>
      <system-err><![CDATA[2019-07-10 15:20:51 - [TEST_SUITE][FAILED] - Apollo - dark build: Test Cases/COLLECTION PAGE/Filter FAILED.
Reason:
com.kms.katalon.core.exception.StepFailedException: Unable to click on object 'Object Repository/APOLLO- Desktop/Collection page/Filter/Filter dropdown' (Root cause: com.kms.katalon.core.webui.exception.WebElementNotFoundException: Web element with id: 'Object Repository/APOLLO- Desktop/Collection page/Filter/Filter dropdown' located by 'By.xpath: //div[@id='filters']//div[2]' not found)
	at com.kms.katalon.core.keyword.internal.KeywordMain.stepFailed(KeywordMain.groovy:36)
	at com.kms.katalon.core.webui.keyword.internal.WebUIKeywordMain.stepFailed(WebUIKeywordMain.groovy:65)
	at com.kms.katalon.core.webui.keyword.internal.WebUIKeywordMain.runKeyword(WebUIKeywordMain.groovy:27)
	at com.kms.katalon.core.webui.keyword.builtin.ClickKeyword.click(ClickKeyword.groovy:86)
	at com.kms.katalon.core.webui.keyword.builtin.ClickKeyword.execute(ClickKeyword.groovy:67)
	at com.kms.katalon.core.keyword.internal.KeywordExecutor.executeKeywordForPlatform(KeywordExecutor.groovy:53)
	at com.kms.katalon.core.webui.keyword.WebUiBuiltInKeywords.click(WebUiBuiltInKeywords.groovy:616)
	at com.kms.katalon.core.webui.keyword.WebUiBuiltInKeywords$click$2.call(Unknown Source)
	at Filter.run(Filter:44)
	at com.kms.katalon.core.main.ScriptEngine.run(ScriptEngine.java:194)
	at com.kms.katalon.core.main.ScriptEngine.runScriptAsRawText(ScriptEngine.java:119)
	at com.kms.katalon.core.main.TestCaseExecutor.runScript(TestCaseExecutor.java:328)
	at com.kms.katalon.core.main.TestCaseExecutor.doExecute(TestCaseExecutor.java:319)
	at com.kms.katalon.core.main.TestCaseExecutor.processExecutionPhase(TestCaseExecutor.java:298)
	at com.kms.katalon.core.main.TestCaseExecutor.accessMainPhase(TestCaseExecutor.java:290)
	at com.kms.katalon.core.main.TestCaseExecutor.execute(TestCaseExecutor.java:224)
	at com.kms.katalon.core.main.TestSuiteExecutor.accessTestCaseMainPhase(TestSuiteExecutor.java:129)
	at com.kms.katalon.core.main.TestSuiteExecutor.accessTestSuiteMainPhase(TestSuiteExecutor.java:112)
	at com.kms.katalon.core.main.TestSuiteExecutor.execute(TestSuiteExecutor.java:81)
	at com.kms.katalon.core.main.TestCaseMain.startTestSuite(TestCaseMain.java:149)
	at com.kms.katalon.core.main.TestCaseMain$startTestSuite$0.call(Unknown Source)
	at TempTestSuite1562786448509.run(TempTestSuite1562786448509.groovy:36)]]></system-err>
   </testsuite>
</testsuites>
