<?xml version="1.0" encoding="UTF-8"?>
<testsuites name="Apollo- Desktop" time="1865" tests="19" failures="12" errors="0">
   <testsuite name="Apollo- Desktop" tests="19" failures="12" errors="0" time="1865" timestamp="2019-06-18 15:52:40" hostname="sumankompelly - 10.0.126.233" id="Test Suites/Apollo- Desktop">
      <properties>
         <property name="deviceName" value=""/>
         <property name="devicePlatform" value=""/>
         <property name="logFolder" value="/Users/sumankompelly/Katalon Studio/APOLLO/Reports/Apollo- Desktop/20190618_155238"/>
         <property name="logFiles" value="/Users/sumankompelly/Katalon Studio/APOLLO/Reports/Apollo- Desktop/20190618_155238/execution0.log"/>
         <property name="attachments" value="/Users/sumankompelly/Katalon Studio/APOLLO/Reports/Apollo- Desktop/20190618_155238/1560887632012.png, /Users/sumankompelly/Katalon Studio/APOLLO/Reports/Apollo- Desktop/20190618_155238/1560887641721.png, /Users/sumankompelly/Katalon Studio/APOLLO/Reports/Apollo- Desktop/20190618_155238/1560887651206.png, /Users/sumankompelly/Katalon Studio/APOLLO/Reports/Apollo- Desktop/20190618_155238/1560887660594.png, /Users/sumankompelly/Katalon Studio/APOLLO/Reports/Apollo- Desktop/20190618_155238/1560887670014.png, /Users/sumankompelly/Katalon Studio/APOLLO/Reports/Apollo- Desktop/20190618_155238/1560887679271.png, /Users/sumankompelly/Katalon Studio/APOLLO/Reports/Apollo- Desktop/20190618_155238/1560887689502.png, /Users/sumankompelly/Katalon Studio/APOLLO/Reports/Apollo- Desktop/20190618_155238/1560887696716.png, /Users/sumankompelly/Katalon Studio/APOLLO/Reports/Apollo- Desktop/20190618_155238/1560887819766.png, /Users/sumankompelly/Katalon Studio/APOLLO/Reports/Apollo- Desktop/20190618_155238/1560887861676.png, /Users/sumankompelly/Katalon Studio/APOLLO/Reports/Apollo- Desktop/20190618_155238/1560888076836.png, /Users/sumankompelly/Katalon Studio/APOLLO/Reports/Apollo- Desktop/20190618_155238/1560888174888.png, /Users/sumankompelly/Katalon Studio/APOLLO/Reports/Apollo- Desktop/20190618_155238/1560888259000.png, /Users/sumankompelly/Katalon Studio/APOLLO/Reports/Apollo- Desktop/20190618_155238/1560888312422.png, /Users/sumankompelly/Katalon Studio/APOLLO/Reports/Apollo- Desktop/20190618_155238/1560888459652.png, /Users/sumankompelly/Katalon Studio/APOLLO/Reports/Apollo- Desktop/20190618_155238/1560888501307.png, /Users/sumankompelly/Katalon Studio/APOLLO/Reports/Apollo- Desktop/20190618_155238/1560888534499.png, /Users/sumankompelly/Katalon Studio/APOLLO/Reports/Apollo- Desktop/20190618_155238/1560888567670.png, /Users/sumankompelly/Katalon Studio/APOLLO/Reports/Apollo- Desktop/20190618_155238/1560888737945.png, /Users/sumankompelly/Katalon Studio/APOLLO/Reports/Apollo- Desktop/20190618_155238/1560888758185.png, /Users/sumankompelly/Katalon Studio/APOLLO/Reports/Apollo- Desktop/20190618_155238/1560889036572.png, /Users/sumankompelly/Katalon Studio/APOLLO/Reports/Apollo- Desktop/20190618_155238/1560889102960.png, /Users/sumankompelly/Katalon Studio/APOLLO/Reports/Apollo- Desktop/20190618_155238/1560889206694.png"/>
         <property name="hostName" value="sumankompelly - 10.0.126.233"/>
         <property name="os" value="Mac OS X 64bit"/>
         <property name="katalonVersion" value="5.10.1.1"/>
         <property name="browser" value="Chrome 75.0.3770.100"/>
         <property name="hostAddress" value="10.0.126.233"/>
         <property name="sessionId" value="f4a5edaaab6cd738ea11557dde80c150"/>
         <property name="seleniumVersion" value="3.7.1"/>
         <property name="proxyInformation" value="ProxyInformation{proxyOption=NO_PROXY, proxyServerType=HTTP, password=, proxyServerAddress=, proxyServerPort=0}"/>
         <property name="platform" value="Mac OS X"/>
      </properties>
      <testcase name="Test Cases/COLLECTION PAGE/colour variants" classname="Test Cases/COLLECTION PAGE/colour variants" status="PASSED">
         <system-out><![CDATA[2019-06-18 15:52:40 - [TEST_CASE][PASSED] - Test Cases/COLLECTION PAGE/colour variants: Test Cases/COLLECTION PAGE/colour variants

2019-06-18 15:52:40 - [TEST_STEP][PASSED] - callTestCase(findTestCase("CALL - URL"), [:], STOP_ON_FAILURE): Call Test Case 'Test Cases/CALL - URL' successfully

2019-06-18 15:52:41 - [TEST_CASE][PASSED] - Test Cases/CALL - URL: Test Cases/CALL - URL

2019-06-18 15:52:41 - [TEST_STEP][PASSED] - openBrowser(""): Browser is opened with url: ''

2019-06-18 15:52:41 - [MESSAGE][INFO] - Starting 'Chrome' driver

2019-06-18 15:52:41 - [MESSAGE][INFO] - Action delay is set to 0 seconds

2019-06-18 15:52:44 - [MESSAGE][PASSED] - Browser is opened with url: ''

2019-06-18 15:52:44 - [TEST_STEP][PASSED] - navigateToUrl("https://diff-apollo.myshopify.com/?_ab=0&_fd=0&_sc=1&preview_theme_id=68602101860"): Navigate to 'https://diff-apollo.myshopify.com/?_ab=0&_fd=0&_sc=1&preview_theme_id=68602101860' successfully

2019-06-18 15:52:50 - [MESSAGE][PASSED] - Navigate to 'https://diff-apollo.myshopify.com/?_ab=0&_fd=0&_sc=1&preview_theme_id=68602101860' successfully

2019-06-18 15:52:50 - [TEST_STEP][PASSED] - executeJavaScript("var previewBar = document.getElementById("preview-bar-iframe"); previewBar.style.display = "none";", []): Execute JavaScript 'var previewBar = document.getElementById("preview-bar-iframe"); previewBar.style.display = "none";' successfully

2019-06-18 15:52:50 - [MESSAGE][PASSED] - Execute JavaScript 'var previewBar = document.getElementById("preview-bar-iframe"); previewBar.style.display = "none";' successfully

2019-06-18 15:52:50 - [MESSAGE][PASSED] - Call Test Case 'Test Cases/CALL - URL' successfully

2019-06-18 15:52:50 - [TEST_STEP][PASSED] - delay(2): Delayed 2 second(s)

2019-06-18 15:52:52 - [MESSAGE][PASSED] - Delayed 2 second(s)

2019-06-18 15:52:52 - [TEST_STEP][PASSED] - click(findTestObject("APOLLO- Desktop/Burger Menu/Burgermenu")): Object: 'Object Repository/APOLLO- Desktop/Burger Menu/Burgermenu' is clicked on

2019-06-18 15:52:52 - [MESSAGE][PASSED] - Object: 'Object Repository/APOLLO- Desktop/Burger Menu/Burgermenu' is clicked on

2019-06-18 15:52:52 - [TEST_STEP][PASSED] - delay(2): Delayed 2 second(s)

2019-06-18 15:52:54 - [MESSAGE][PASSED] - Delayed 2 second(s)

2019-06-18 15:52:54 - [TEST_STEP][PASSED] - click(findTestObject("APOLLO- Desktop/Burger Menu/Mens chevron")): Object: 'Object Repository/APOLLO- Desktop/Burger Menu/Mens chevron' is clicked on

2019-06-18 15:52:54 - [MESSAGE][PASSED] - Object: 'Object Repository/APOLLO- Desktop/Burger Menu/Mens chevron' is clicked on

2019-06-18 15:52:54 - [TEST_STEP][PASSED] - delay(2): Delayed 2 second(s)

2019-06-18 15:52:56 - [MESSAGE][PASSED] - Delayed 2 second(s)

2019-06-18 15:52:56 - [TEST_STEP][PASSED] - click(findTestObject("APOLLO- Desktop/Burger Menu/Mens - Top Chevron")): Object: 'Object Repository/APOLLO- Desktop/Burger Menu/Mens - Top Chevron' is clicked on

2019-06-18 15:52:56 - [MESSAGE][PASSED] - Object: 'Object Repository/APOLLO- Desktop/Burger Menu/Mens - Top Chevron' is clicked on

2019-06-18 15:52:56 - [TEST_STEP][PASSED] - delay(2): Delayed 2 second(s)

2019-06-18 15:52:58 - [MESSAGE][PASSED] - Delayed 2 second(s)

2019-06-18 15:52:58 - [TEST_STEP][PASSED] - click(findTestObject("APOLLO- Desktop/Burger Menu/Shirts link")): Object: 'Object Repository/APOLLO- Desktop/Burger Menu/Shirts link' is clicked on

2019-06-18 15:53:00 - [MESSAGE][PASSED] - Object: 'Object Repository/APOLLO- Desktop/Burger Menu/Shirts link' is clicked on

2019-06-18 15:53:00 - [TEST_STEP][PASSED] - delay(2): Delayed 2 second(s)

2019-06-18 15:53:02 - [MESSAGE][PASSED] - Delayed 2 second(s)

2019-06-18 15:53:02 - [TEST_STEP][PASSED] - executeJavaScript("var previewBar = document.getElementById("preview-bar-iframe"); previewBar.style.display = "none";", []): Execute JavaScript 'var previewBar = document.getElementById("preview-bar-iframe"); previewBar.style.display = "none";' successfully

2019-06-18 15:53:02 - [MESSAGE][PASSED] - Execute JavaScript 'var previewBar = document.getElementById("preview-bar-iframe"); previewBar.style.display = "none";' successfully

2019-06-18 15:53:02 - [TEST_STEP][PASSED] - delay(2): Delayed 2 second(s)

2019-06-18 15:53:04 - [MESSAGE][PASSED] - Delayed 2 second(s)

2019-06-18 15:53:04 - [TEST_STEP][PASSED] - scrollToElement(findTestObject("APOLLO- Desktop/Collection page/Blue shirt product"), 0): Scroll to object 'Object Repository/APOLLO- Desktop/Collection page/Blue shirt product' successfully

2019-06-18 15:53:04 - [MESSAGE][WARNING] - Timeout '0' is invalid. Using default page load timeout: '30'

2019-06-18 15:53:05 - [MESSAGE][PASSED] - Scroll to object 'Object Repository/APOLLO- Desktop/Collection page/Blue shirt product' successfully

2019-06-18 15:53:05 - [TEST_STEP][PASSED] - delay(2): Delayed 2 second(s)

2019-06-18 15:53:07 - [MESSAGE][PASSED] - Delayed 2 second(s)

2019-06-18 15:53:07 - [TEST_STEP][PASSED] - click(findTestObject("APOLLO- Desktop/Collection page/color variants/red variant")): Object: 'Object Repository/APOLLO- Desktop/Collection page/color variants/red variant' is clicked on

2019-06-18 15:53:07 - [MESSAGE][PASSED] - Object: 'Object Repository/APOLLO- Desktop/Collection page/color variants/red variant' is clicked on

2019-06-18 15:53:07 - [TEST_STEP][PASSED] - delay(2): Delayed 2 second(s)

2019-06-18 15:53:09 - [MESSAGE][PASSED] - Delayed 2 second(s)

2019-06-18 15:53:09 - [TEST_STEP][PASSED] - click(findTestObject("APOLLO- Desktop/Collection page/color variants/Purple variant")): Object: 'Object Repository/APOLLO- Desktop/Collection page/color variants/Purple variant' is clicked on

2019-06-18 15:53:09 - [MESSAGE][PASSED] - Object: 'Object Repository/APOLLO- Desktop/Collection page/color variants/Purple variant' is clicked on

2019-06-18 15:53:09 - [TEST_STEP][PASSED] - delay(2): Delayed 2 second(s)

2019-06-18 15:53:11 - [MESSAGE][PASSED] - Delayed 2 second(s)

2019-06-18 15:53:11 - [TEST_STEP][PASSED] - click(findTestObject("APOLLO- Desktop/Collection page/color variants/green variant")): Object: 'Object Repository/APOLLO- Desktop/Collection page/color variants/green variant' is clicked on

2019-06-18 15:53:11 - [MESSAGE][PASSED] - Object: 'Object Repository/APOLLO- Desktop/Collection page/color variants/green variant' is clicked on

2019-06-18 15:53:11 - [TEST_STEP][PASSED] - delay(2): Delayed 2 second(s)

2019-06-18 15:53:13 - [MESSAGE][PASSED] - Delayed 2 second(s)

2019-06-18 15:53:13 - [TEST_STEP][PASSED] - click(findTestObject("APOLLO- Desktop/Collection page/color variants/Blue variant")): Object: 'Object Repository/APOLLO- Desktop/Collection page/color variants/Blue variant' is clicked on

2019-06-18 15:53:13 - [MESSAGE][PASSED] - Object: 'Object Repository/APOLLO- Desktop/Collection page/color variants/Blue variant' is clicked on

2019-06-18 15:53:13 - [TEST_STEP][PASSED] - delay(2): Delayed 2 second(s)

2019-06-18 15:53:15 - [MESSAGE][PASSED] - Delayed 2 second(s)

2019-06-18 15:53:15 - [TEST_STEP][PASSED] - click(findTestObject("APOLLO- Desktop/Collection page/color variants/Black variant")): Object: 'Object Repository/APOLLO- Desktop/Collection page/color variants/Black variant' is clicked on

2019-06-18 15:53:15 - [MESSAGE][PASSED] - Object: 'Object Repository/APOLLO- Desktop/Collection page/color variants/Black variant' is clicked on]]></system-out>
         <system-err><![CDATA[]]></system-err>
      </testcase>
      <testcase name="Test Cases/COLLECTION PAGE/Sort" classname="Test Cases/COLLECTION PAGE/Sort" status="PASSED">
         <system-out><![CDATA[2019-06-18 15:53:15 - [TEST_CASE][PASSED] - Test Cases/COLLECTION PAGE/Sort: Test Cases/COLLECTION PAGE/Sort

2019-06-18 15:53:16 - [TEST_STEP][PASSED] - callTestCase(findTestCase("CALL - URL"), [:], STOP_ON_FAILURE): Call Test Case 'Test Cases/CALL - URL' successfully

2019-06-18 15:53:16 - [TEST_CASE][PASSED] - Test Cases/CALL - URL: Test Cases/CALL - URL

2019-06-18 15:53:16 - [TEST_STEP][PASSED] - openBrowser(""): Browser is opened with url: ''

2019-06-18 15:53:16 - [MESSAGE][WARNING] - A browser is already opened. Closing browser and opening a new one

2019-06-18 15:53:16 - [MESSAGE][INFO] - Starting 'Chrome' driver

2019-06-18 15:53:18 - [MESSAGE][PASSED] - Browser is opened with url: ''

2019-06-18 15:53:18 - [TEST_STEP][PASSED] - navigateToUrl("https://diff-apollo.myshopify.com/?_ab=0&_fd=0&_sc=1&preview_theme_id=68602101860"): Navigate to 'https://diff-apollo.myshopify.com/?_ab=0&_fd=0&_sc=1&preview_theme_id=68602101860' successfully

2019-06-18 15:53:30 - [MESSAGE][PASSED] - Navigate to 'https://diff-apollo.myshopify.com/?_ab=0&_fd=0&_sc=1&preview_theme_id=68602101860' successfully

2019-06-18 15:53:30 - [TEST_STEP][PASSED] - executeJavaScript("var previewBar = document.getElementById("preview-bar-iframe"); previewBar.style.display = "none";", []): Execute JavaScript 'var previewBar = document.getElementById("preview-bar-iframe"); previewBar.style.display = "none";' successfully

2019-06-18 15:53:30 - [MESSAGE][PASSED] - Execute JavaScript 'var previewBar = document.getElementById("preview-bar-iframe"); previewBar.style.display = "none";' successfully

2019-06-18 15:53:30 - [MESSAGE][PASSED] - Call Test Case 'Test Cases/CALL - URL' successfully

2019-06-18 15:53:30 - [TEST_STEP][PASSED] - delay(2): Delayed 2 second(s)

2019-06-18 15:53:32 - [MESSAGE][PASSED] - Delayed 2 second(s)

2019-06-18 15:53:32 - [TEST_STEP][PASSED] - click(findTestObject("APOLLO- Desktop/Burger Menu/Burgermenu")): Object: 'Object Repository/APOLLO- Desktop/Burger Menu/Burgermenu' is clicked on

2019-06-18 15:53:32 - [MESSAGE][PASSED] - Object: 'Object Repository/APOLLO- Desktop/Burger Menu/Burgermenu' is clicked on

2019-06-18 15:53:32 - [TEST_STEP][PASSED] - delay(2): Delayed 2 second(s)

2019-06-18 15:53:34 - [MESSAGE][PASSED] - Delayed 2 second(s)

2019-06-18 15:53:34 - [TEST_STEP][PASSED] - click(findTestObject("APOLLO- Desktop/Burger Menu/Mens chevron")): Object: 'Object Repository/APOLLO- Desktop/Burger Menu/Mens chevron' is clicked on

2019-06-18 15:53:34 - [MESSAGE][PASSED] - Object: 'Object Repository/APOLLO- Desktop/Burger Menu/Mens chevron' is clicked on

2019-06-18 15:53:34 - [TEST_STEP][PASSED] - delay(2): Delayed 2 second(s)

2019-06-18 15:53:36 - [MESSAGE][PASSED] - Delayed 2 second(s)

2019-06-18 15:53:36 - [TEST_STEP][PASSED] - click(findTestObject("APOLLO- Desktop/Burger Menu/Mens - Top Chevron")): Object: 'Object Repository/APOLLO- Desktop/Burger Menu/Mens - Top Chevron' is clicked on

2019-06-18 15:53:36 - [MESSAGE][PASSED] - Object: 'Object Repository/APOLLO- Desktop/Burger Menu/Mens - Top Chevron' is clicked on

2019-06-18 15:53:36 - [TEST_STEP][PASSED] - delay(2): Delayed 2 second(s)

2019-06-18 15:53:38 - [MESSAGE][PASSED] - Delayed 2 second(s)

2019-06-18 15:53:38 - [TEST_STEP][PASSED] - click(findTestObject("APOLLO- Desktop/Burger Menu/Shirts link")): Object: 'Object Repository/APOLLO- Desktop/Burger Menu/Shirts link' is clicked on

2019-06-18 15:53:41 - [MESSAGE][PASSED] - Object: 'Object Repository/APOLLO- Desktop/Burger Menu/Shirts link' is clicked on

2019-06-18 15:53:41 - [TEST_STEP][PASSED] - delay(2): Delayed 2 second(s)

2019-06-18 15:53:43 - [MESSAGE][PASSED] - Delayed 2 second(s)

2019-06-18 15:53:43 - [TEST_STEP][PASSED] - executeJavaScript("var previewBar = document.getElementById("preview-bar-iframe"); previewBar.style.display = "none";", []): Execute JavaScript 'var previewBar = document.getElementById("preview-bar-iframe"); previewBar.style.display = "none";' successfully

2019-06-18 15:53:43 - [MESSAGE][PASSED] - Execute JavaScript 'var previewBar = document.getElementById("preview-bar-iframe"); previewBar.style.display = "none";' successfully

2019-06-18 15:53:43 - [TEST_STEP][PASSED] - delay(2): Delayed 2 second(s)

2019-06-18 15:53:45 - [MESSAGE][PASSED] - Delayed 2 second(s)

2019-06-18 15:53:45 - [TEST_STEP][PASSED] - click(findTestObject("APOLLO- Desktop/Collection page/sort/Filter dropdown")): Object: 'Object Repository/APOLLO- Desktop/Collection page/sort/Filter dropdown' is clicked on

2019-06-18 15:53:45 - [MESSAGE][PASSED] - Object: 'Object Repository/APOLLO- Desktop/Collection page/sort/Filter dropdown' is clicked on

2019-06-18 15:53:45 - [TEST_STEP][PASSED] - delay(2): Delayed 2 second(s)

2019-06-18 15:53:47 - [MESSAGE][PASSED] - Delayed 2 second(s)

2019-06-18 15:53:47 - [TEST_STEP][PASSED] - click(findTestObject("APOLLO- Desktop/Collection page/sort/Featured")): Object: 'Object Repository/APOLLO- Desktop/Collection page/sort/Featured' is clicked on

2019-06-18 15:53:47 - [MESSAGE][PASSED] - Object: 'Object Repository/APOLLO- Desktop/Collection page/sort/Featured' is clicked on

2019-06-18 15:53:47 - [TEST_STEP][PASSED] - delay(2): Delayed 2 second(s)

2019-06-18 15:53:49 - [MESSAGE][PASSED] - Delayed 2 second(s)

2019-06-18 15:53:49 - [TEST_STEP][PASSED] - click(findTestObject("APOLLO- Desktop/Collection page/sort/Filter dropdown")): Object: 'Object Repository/APOLLO- Desktop/Collection page/sort/Filter dropdown' is clicked on

2019-06-18 15:53:49 - [MESSAGE][PASSED] - Object: 'Object Repository/APOLLO- Desktop/Collection page/sort/Filter dropdown' is clicked on

2019-06-18 15:53:49 - [TEST_STEP][PASSED] - delay(2): Delayed 2 second(s)

2019-06-18 15:53:51 - [MESSAGE][PASSED] - Delayed 2 second(s)

2019-06-18 15:53:51 - [TEST_STEP][PASSED] - takeScreenshot(): Taking screenshot successfully

2019-06-18 15:53:53 - [MESSAGE][PASSED] - Taking screenshot successfully
[[ATTACHMENT|/Users/sumankompelly/Katalon Studio/APOLLO/Reports/Apollo- Desktop/20190618_155238/1560887632012.png]]

2019-06-18 15:53:53 - [TEST_STEP][PASSED] - delay(2): Delayed 2 second(s)

2019-06-18 15:53:55 - [MESSAGE][PASSED] - Delayed 2 second(s)

2019-06-18 15:53:55 - [TEST_STEP][PASSED] - click(findTestObject("APOLLO- Desktop/Collection page/sort/Filter dropdown")): Object: 'Object Repository/APOLLO- Desktop/Collection page/sort/Filter dropdown' is clicked on

2019-06-18 15:53:55 - [MESSAGE][PASSED] - Object: 'Object Repository/APOLLO- Desktop/Collection page/sort/Filter dropdown' is clicked on

2019-06-18 15:53:55 - [TEST_STEP][PASSED] - delay(2): Delayed 2 second(s)

2019-06-18 15:53:57 - [MESSAGE][PASSED] - Delayed 2 second(s)

2019-06-18 15:53:57 - [TEST_STEP][PASSED] - click(findTestObject("APOLLO- Desktop/Collection page/sort/Best selling")): Object: 'Object Repository/APOLLO- Desktop/Collection page/sort/Best selling' is clicked on

2019-06-18 15:53:57 - [MESSAGE][PASSED] - Object: 'Object Repository/APOLLO- Desktop/Collection page/sort/Best selling' is clicked on

2019-06-18 15:53:57 - [TEST_STEP][PASSED] - delay(2): Delayed 2 second(s)

2019-06-18 15:53:59 - [MESSAGE][PASSED] - Delayed 2 second(s)

2019-06-18 15:53:59 - [TEST_STEP][PASSED] - click(findTestObject("APOLLO- Desktop/Collection page/sort/Filter dropdown")): Object: 'Object Repository/APOLLO- Desktop/Collection page/sort/Filter dropdown' is clicked on

2019-06-18 15:53:59 - [MESSAGE][PASSED] - Object: 'Object Repository/APOLLO- Desktop/Collection page/sort/Filter dropdown' is clicked on

2019-06-18 15:53:59 - [TEST_STEP][PASSED] - delay(2): Delayed 2 second(s)

2019-06-18 15:54:01 - [MESSAGE][PASSED] - Delayed 2 second(s)

2019-06-18 15:54:01 - [TEST_STEP][PASSED] - takeScreenshot(): Taking screenshot successfully

2019-06-18 15:54:02 - [MESSAGE][PASSED] - Taking screenshot successfully
[[ATTACHMENT|/Users/sumankompelly/Katalon Studio/APOLLO/Reports/Apollo- Desktop/20190618_155238/1560887641721.png]]

2019-06-18 15:54:02 - [TEST_STEP][PASSED] - delay(2): Delayed 2 second(s)

2019-06-18 15:54:04 - [MESSAGE][PASSED] - Delayed 2 second(s)

2019-06-18 15:54:04 - [TEST_STEP][PASSED] - click(findTestObject("APOLLO- Desktop/Collection page/sort/Filter dropdown")): Object: 'Object Repository/APOLLO- Desktop/Collection page/sort/Filter dropdown' is clicked on

2019-06-18 15:54:05 - [MESSAGE][PASSED] - Object: 'Object Repository/APOLLO- Desktop/Collection page/sort/Filter dropdown' is clicked on

2019-06-18 15:54:05 - [TEST_STEP][PASSED] - delay(2): Delayed 2 second(s)

2019-06-18 15:54:07 - [MESSAGE][PASSED] - Delayed 2 second(s)

2019-06-18 15:54:07 - [TEST_STEP][PASSED] - click(findTestObject("APOLLO- Desktop/Collection page/sort/Alphabetically A-Z")): Object: 'Object Repository/APOLLO- Desktop/Collection page/sort/Alphabetically A-Z' is clicked on

2019-06-18 15:54:07 - [MESSAGE][PASSED] - Object: 'Object Repository/APOLLO- Desktop/Collection page/sort/Alphabetically A-Z' is clicked on

2019-06-18 15:54:07 - [TEST_STEP][PASSED] - delay(2): Delayed 2 second(s)

2019-06-18 15:54:09 - [MESSAGE][PASSED] - Delayed 2 second(s)

2019-06-18 15:54:09 - [TEST_STEP][PASSED] - click(findTestObject("APOLLO- Desktop/Collection page/sort/Filter dropdown")): Object: 'Object Repository/APOLLO- Desktop/Collection page/sort/Filter dropdown' is clicked on

2019-06-18 15:54:09 - [MESSAGE][PASSED] - Object: 'Object Repository/APOLLO- Desktop/Collection page/sort/Filter dropdown' is clicked on

2019-06-18 15:54:09 - [TEST_STEP][PASSED] - delay(2): Delayed 2 second(s)

2019-06-18 15:54:11 - [MESSAGE][PASSED] - Delayed 2 second(s)

2019-06-18 15:54:11 - [TEST_STEP][PASSED] - takeScreenshot(): Taking screenshot successfully

2019-06-18 15:54:12 - [MESSAGE][PASSED] - Taking screenshot successfully
[[ATTACHMENT|/Users/sumankompelly/Katalon Studio/APOLLO/Reports/Apollo- Desktop/20190618_155238/1560887651206.png]]

2019-06-18 15:54:12 - [TEST_STEP][PASSED] - delay(2): Delayed 2 second(s)

2019-06-18 15:54:14 - [MESSAGE][PASSED] - Delayed 2 second(s)

2019-06-18 15:54:14 - [TEST_STEP][PASSED] - click(findTestObject("APOLLO- Desktop/Collection page/sort/Filter dropdown")): Object: 'Object Repository/APOLLO- Desktop/Collection page/sort/Filter dropdown' is clicked on

2019-06-18 15:54:14 - [MESSAGE][PASSED] - Object: 'Object Repository/APOLLO- Desktop/Collection page/sort/Filter dropdown' is clicked on

2019-06-18 15:54:14 - [TEST_STEP][PASSED] - delay(2): Delayed 2 second(s)

2019-06-18 15:54:16 - [MESSAGE][PASSED] - Delayed 2 second(s)

2019-06-18 15:54:16 - [TEST_STEP][PASSED] - click(findTestObject("APOLLO- Desktop/Collection page/sort/Alphabetically Z-A")): Object: 'Object Repository/APOLLO- Desktop/Collection page/sort/Alphabetically Z-A' is clicked on

2019-06-18 15:54:16 - [MESSAGE][PASSED] - Object: 'Object Repository/APOLLO- Desktop/Collection page/sort/Alphabetically Z-A' is clicked on

2019-06-18 15:54:16 - [TEST_STEP][PASSED] - delay(2): Delayed 2 second(s)

2019-06-18 15:54:18 - [MESSAGE][PASSED] - Delayed 2 second(s)

2019-06-18 15:54:18 - [TEST_STEP][PASSED] - click(findTestObject("APOLLO- Desktop/Collection page/sort/Filter dropdown")): Object: 'Object Repository/APOLLO- Desktop/Collection page/sort/Filter dropdown' is clicked on

2019-06-18 15:54:18 - [MESSAGE][PASSED] - Object: 'Object Repository/APOLLO- Desktop/Collection page/sort/Filter dropdown' is clicked on

2019-06-18 15:54:18 - [TEST_STEP][PASSED] - delay(2): Delayed 2 second(s)

2019-06-18 15:54:20 - [MESSAGE][PASSED] - Delayed 2 second(s)

2019-06-18 15:54:20 - [TEST_STEP][PASSED] - takeScreenshot(): Taking screenshot successfully

2019-06-18 15:54:21 - [MESSAGE][PASSED] - Taking screenshot successfully
[[ATTACHMENT|/Users/sumankompelly/Katalon Studio/APOLLO/Reports/Apollo- Desktop/20190618_155238/1560887660594.png]]

2019-06-18 15:54:21 - [TEST_STEP][PASSED] - delay(2): Delayed 2 second(s)

2019-06-18 15:54:23 - [MESSAGE][PASSED] - Delayed 2 second(s)

2019-06-18 15:54:23 - [TEST_STEP][PASSED] - click(findTestObject("APOLLO- Desktop/Collection page/sort/Filter dropdown")): Object: 'Object Repository/APOLLO- Desktop/Collection page/sort/Filter dropdown' is clicked on

2019-06-18 15:54:23 - [MESSAGE][PASSED] - Object: 'Object Repository/APOLLO- Desktop/Collection page/sort/Filter dropdown' is clicked on

2019-06-18 15:54:23 - [TEST_STEP][PASSED] - delay(2): Delayed 2 second(s)

2019-06-18 15:54:25 - [MESSAGE][PASSED] - Delayed 2 second(s)

2019-06-18 15:54:25 - [TEST_STEP][PASSED] - click(findTestObject("APOLLO- Desktop/Collection page/sort/Price-Low to high")): Object: 'Object Repository/APOLLO- Desktop/Collection page/sort/Price-Low to high' is clicked on

2019-06-18 15:54:25 - [MESSAGE][PASSED] - Object: 'Object Repository/APOLLO- Desktop/Collection page/sort/Price-Low to high' is clicked on

2019-06-18 15:54:25 - [TEST_STEP][PASSED] - delay(2): Delayed 2 second(s)

2019-06-18 15:54:27 - [MESSAGE][PASSED] - Delayed 2 second(s)

2019-06-18 15:54:27 - [TEST_STEP][PASSED] - click(findTestObject("APOLLO- Desktop/Collection page/sort/Filter dropdown")): Object: 'Object Repository/APOLLO- Desktop/Collection page/sort/Filter dropdown' is clicked on

2019-06-18 15:54:28 - [MESSAGE][PASSED] - Object: 'Object Repository/APOLLO- Desktop/Collection page/sort/Filter dropdown' is clicked on

2019-06-18 15:54:28 - [TEST_STEP][PASSED] - delay(2): Delayed 2 second(s)

2019-06-18 15:54:30 - [MESSAGE][PASSED] - Delayed 2 second(s)

2019-06-18 15:54:30 - [TEST_STEP][PASSED] - takeScreenshot(): Taking screenshot successfully

2019-06-18 15:54:31 - [MESSAGE][PASSED] - Taking screenshot successfully
[[ATTACHMENT|/Users/sumankompelly/Katalon Studio/APOLLO/Reports/Apollo- Desktop/20190618_155238/1560887670014.png]]

2019-06-18 15:54:31 - [TEST_STEP][PASSED] - delay(2): Delayed 2 second(s)

2019-06-18 15:54:33 - [MESSAGE][PASSED] - Delayed 2 second(s)

2019-06-18 15:54:33 - [TEST_STEP][PASSED] - click(findTestObject("APOLLO- Desktop/Collection page/sort/Filter dropdown")): Object: 'Object Repository/APOLLO- Desktop/Collection page/sort/Filter dropdown' is clicked on

2019-06-18 15:54:33 - [MESSAGE][PASSED] - Object: 'Object Repository/APOLLO- Desktop/Collection page/sort/Filter dropdown' is clicked on

2019-06-18 15:54:33 - [TEST_STEP][PASSED] - delay(2): Delayed 2 second(s)

2019-06-18 15:54:35 - [MESSAGE][PASSED] - Delayed 2 second(s)

2019-06-18 15:54:35 - [TEST_STEP][PASSED] - click(findTestObject("APOLLO- Desktop/Collection page/sort/price-High to low")): Object: 'Object Repository/APOLLO- Desktop/Collection page/sort/price-High to low' is clicked on

2019-06-18 15:54:35 - [MESSAGE][PASSED] - Object: 'Object Repository/APOLLO- Desktop/Collection page/sort/price-High to low' is clicked on

2019-06-18 15:54:35 - [TEST_STEP][PASSED] - delay(2): Delayed 2 second(s)

2019-06-18 15:54:37 - [MESSAGE][PASSED] - Delayed 2 second(s)

2019-06-18 15:54:37 - [TEST_STEP][PASSED] - click(findTestObject("APOLLO- Desktop/Collection page/sort/Filter dropdown")): Object: 'Object Repository/APOLLO- Desktop/Collection page/sort/Filter dropdown' is clicked on

2019-06-18 15:54:37 - [MESSAGE][PASSED] - Object: 'Object Repository/APOLLO- Desktop/Collection page/sort/Filter dropdown' is clicked on

2019-06-18 15:54:37 - [TEST_STEP][PASSED] - delay(2): Delayed 2 second(s)

2019-06-18 15:54:39 - [MESSAGE][PASSED] - Delayed 2 second(s)

2019-06-18 15:54:39 - [TEST_STEP][PASSED] - takeScreenshot(): Taking screenshot successfully

2019-06-18 15:54:40 - [MESSAGE][PASSED] - Taking screenshot successfully
[[ATTACHMENT|/Users/sumankompelly/Katalon Studio/APOLLO/Reports/Apollo- Desktop/20190618_155238/1560887679271.png]]

2019-06-18 15:54:40 - [TEST_STEP][PASSED] - delay(2): Delayed 2 second(s)

2019-06-18 15:54:42 - [MESSAGE][PASSED] - Delayed 2 second(s)

2019-06-18 15:54:42 - [TEST_STEP][PASSED] - click(findTestObject("APOLLO- Desktop/Collection page/sort/Filter dropdown")): Object: 'Object Repository/APOLLO- Desktop/Collection page/sort/Filter dropdown' is clicked on

2019-06-18 15:54:42 - [MESSAGE][PASSED] - Object: 'Object Repository/APOLLO- Desktop/Collection page/sort/Filter dropdown' is clicked on

2019-06-18 15:54:42 - [TEST_STEP][PASSED] - delay(2): Delayed 2 second(s)

2019-06-18 15:54:44 - [MESSAGE][PASSED] - Delayed 2 second(s)

2019-06-18 15:54:44 - [TEST_STEP][PASSED] - click(findTestObject("APOLLO- Desktop/Collection page/sort/Date - old to new")): Object: 'Object Repository/APOLLO- Desktop/Collection page/sort/Date - old to new' is clicked on

2019-06-18 15:54:44 - [MESSAGE][PASSED] - Object: 'Object Repository/APOLLO- Desktop/Collection page/sort/Date - old to new' is clicked on

2019-06-18 15:54:44 - [TEST_STEP][PASSED] - delay(3): Delayed 3 second(s)

2019-06-18 15:54:47 - [MESSAGE][PASSED] - Delayed 3 second(s)

2019-06-18 15:54:47 - [TEST_STEP][PASSED] - click(findTestObject("APOLLO- Desktop/Collection page/sort/Filter dropdown")): Object: 'Object Repository/APOLLO- Desktop/Collection page/sort/Filter dropdown' is clicked on

2019-06-18 15:54:47 - [MESSAGE][PASSED] - Object: 'Object Repository/APOLLO- Desktop/Collection page/sort/Filter dropdown' is clicked on

2019-06-18 15:54:47 - [TEST_STEP][PASSED] - delay(2): Delayed 2 second(s)

2019-06-18 15:54:49 - [MESSAGE][PASSED] - Delayed 2 second(s)

2019-06-18 15:54:49 - [TEST_STEP][PASSED] - takeScreenshot(): Taking screenshot successfully

2019-06-18 15:54:50 - [MESSAGE][PASSED] - Taking screenshot successfully
[[ATTACHMENT|/Users/sumankompelly/Katalon Studio/APOLLO/Reports/Apollo- Desktop/20190618_155238/1560887689502.png]]

2019-06-18 15:54:50 - [TEST_STEP][PASSED] - delay(2): Delayed 2 second(s)

2019-06-18 15:54:52 - [MESSAGE][PASSED] - Delayed 2 second(s)

2019-06-18 15:54:52 - [TEST_STEP][PASSED] - click(findTestObject("APOLLO- Desktop/Collection page/sort/Filter dropdown")): Object: 'Object Repository/APOLLO- Desktop/Collection page/sort/Filter dropdown' is clicked on

2019-06-18 15:54:52 - [MESSAGE][PASSED] - Object: 'Object Repository/APOLLO- Desktop/Collection page/sort/Filter dropdown' is clicked on

2019-06-18 15:54:52 - [TEST_STEP][PASSED] - delay(2): Delayed 2 second(s)

2019-06-18 15:54:54 - [MESSAGE][PASSED] - Delayed 2 second(s)

2019-06-18 15:54:54 - [TEST_STEP][PASSED] - click(findTestObject("APOLLO- Desktop/Collection page/sort/Date- new to old")): Object: 'Object Repository/APOLLO- Desktop/Collection page/sort/Date- new to old' is clicked on

2019-06-18 15:54:54 - [MESSAGE][PASSED] - Object: 'Object Repository/APOLLO- Desktop/Collection page/sort/Date- new to old' is clicked on

2019-06-18 15:54:54 - [TEST_STEP][PASSED] - delay(2): Delayed 2 second(s)

2019-06-18 15:54:56 - [MESSAGE][PASSED] - Delayed 2 second(s)

2019-06-18 15:54:56 - [TEST_STEP][PASSED] - click(findTestObject("APOLLO- Desktop/Collection page/sort/Filter dropdown")): Object: 'Object Repository/APOLLO- Desktop/Collection page/sort/Filter dropdown' is clicked on

2019-06-18 15:54:56 - [MESSAGE][PASSED] - Object: 'Object Repository/APOLLO- Desktop/Collection page/sort/Filter dropdown' is clicked on

2019-06-18 15:54:56 - [TEST_STEP][PASSED] - takeScreenshot(): Taking screenshot successfully

2019-06-18 15:54:58 - [MESSAGE][PASSED] - Taking screenshot successfully
[[ATTACHMENT|/Users/sumankompelly/Katalon Studio/APOLLO/Reports/Apollo- Desktop/20190618_155238/1560887696716.png]]

2019-06-18 15:54:58 - [TEST_STEP][PASSED] - delay(2): Delayed 2 second(s)

2019-06-18 15:55:00 - [MESSAGE][PASSED] - Delayed 2 second(s)]]></system-out>
         <system-err><![CDATA[]]></system-err>
      </testcase>
      <testcase name="Test Cases/COLLECTION PAGE/Prouducts layout style" classname="Test Cases/COLLECTION PAGE/Prouducts layout style" status="PASSED">
         <system-out><![CDATA[2019-06-18 15:55:00 - [TEST_CASE][PASSED] - Test Cases/COLLECTION PAGE/Prouducts layout style: Test Cases/COLLECTION PAGE/Prouducts layout style

2019-06-18 15:55:00 - [TEST_STEP][PASSED] - callTestCase(findTestCase("CALL - URL"), [:], STOP_ON_FAILURE): Call Test Case 'Test Cases/CALL - URL' successfully

2019-06-18 15:55:00 - [TEST_CASE][PASSED] - Test Cases/CALL - URL: Test Cases/CALL - URL

2019-06-18 15:55:00 - [TEST_STEP][PASSED] - openBrowser(""): Browser is opened with url: ''

2019-06-18 15:55:00 - [MESSAGE][WARNING] - A browser is already opened. Closing browser and opening a new one

2019-06-18 15:55:00 - [MESSAGE][INFO] - Starting 'Chrome' driver

2019-06-18 15:55:01 - [MESSAGE][PASSED] - Browser is opened with url: ''

2019-06-18 15:55:01 - [TEST_STEP][PASSED] - navigateToUrl("https://diff-apollo.myshopify.com/?_ab=0&_fd=0&_sc=1&preview_theme_id=68602101860"): Navigate to 'https://diff-apollo.myshopify.com/?_ab=0&_fd=0&_sc=1&preview_theme_id=68602101860' successfully

2019-06-18 15:55:06 - [MESSAGE][PASSED] - Navigate to 'https://diff-apollo.myshopify.com/?_ab=0&_fd=0&_sc=1&preview_theme_id=68602101860' successfully

2019-06-18 15:55:06 - [TEST_STEP][PASSED] - executeJavaScript("var previewBar = document.getElementById("preview-bar-iframe"); previewBar.style.display = "none";", []): Execute JavaScript 'var previewBar = document.getElementById("preview-bar-iframe"); previewBar.style.display = "none";' successfully

2019-06-18 15:55:06 - [MESSAGE][PASSED] - Execute JavaScript 'var previewBar = document.getElementById("preview-bar-iframe"); previewBar.style.display = "none";' successfully

2019-06-18 15:55:06 - [MESSAGE][PASSED] - Call Test Case 'Test Cases/CALL - URL' successfully

2019-06-18 15:55:06 - [TEST_STEP][PASSED] - delay(2): Delayed 2 second(s)

2019-06-18 15:55:08 - [MESSAGE][PASSED] - Delayed 2 second(s)

2019-06-18 15:55:08 - [TEST_STEP][PASSED] - click(findTestObject("APOLLO- Desktop/Burger Menu/Burgermenu")): Object: 'Object Repository/APOLLO- Desktop/Burger Menu/Burgermenu' is clicked on

2019-06-18 15:55:08 - [MESSAGE][PASSED] - Object: 'Object Repository/APOLLO- Desktop/Burger Menu/Burgermenu' is clicked on

2019-06-18 15:55:08 - [TEST_STEP][PASSED] - delay(2): Delayed 2 second(s)

2019-06-18 15:55:10 - [MESSAGE][PASSED] - Delayed 2 second(s)

2019-06-18 15:55:10 - [TEST_STEP][PASSED] - click(findTestObject("APOLLO- Desktop/Burger Menu/Mens chevron")): Object: 'Object Repository/APOLLO- Desktop/Burger Menu/Mens chevron' is clicked on

2019-06-18 15:55:10 - [MESSAGE][PASSED] - Object: 'Object Repository/APOLLO- Desktop/Burger Menu/Mens chevron' is clicked on

2019-06-18 15:55:10 - [TEST_STEP][PASSED] - delay(2): Delayed 2 second(s)

2019-06-18 15:55:12 - [MESSAGE][PASSED] - Delayed 2 second(s)

2019-06-18 15:55:12 - [TEST_STEP][PASSED] - click(findTestObject("APOLLO- Desktop/Burger Menu/Mens - Top Chevron")): Object: 'Object Repository/APOLLO- Desktop/Burger Menu/Mens - Top Chevron' is clicked on

2019-06-18 15:55:12 - [MESSAGE][PASSED] - Object: 'Object Repository/APOLLO- Desktop/Burger Menu/Mens - Top Chevron' is clicked on

2019-06-18 15:55:12 - [TEST_STEP][PASSED] - delay(2): Delayed 2 second(s)

2019-06-18 15:55:14 - [MESSAGE][PASSED] - Delayed 2 second(s)

2019-06-18 15:55:14 - [TEST_STEP][PASSED] - click(findTestObject("APOLLO- Desktop/Burger Menu/Shirts link")): Object: 'Object Repository/APOLLO- Desktop/Burger Menu/Shirts link' is clicked on

2019-06-18 15:55:16 - [MESSAGE][PASSED] - Object: 'Object Repository/APOLLO- Desktop/Burger Menu/Shirts link' is clicked on

2019-06-18 15:55:16 - [TEST_STEP][PASSED] - delay(2): Delayed 2 second(s)

2019-06-18 15:55:18 - [MESSAGE][PASSED] - Delayed 2 second(s)

2019-06-18 15:55:18 - [TEST_STEP][PASSED] - executeJavaScript("var previewBar = document.getElementById("preview-bar-iframe"); previewBar.style.display = "none";", []): Execute JavaScript 'var previewBar = document.getElementById("preview-bar-iframe"); previewBar.style.display = "none";' successfully

2019-06-18 15:55:18 - [MESSAGE][PASSED] - Execute JavaScript 'var previewBar = document.getElementById("preview-bar-iframe"); previewBar.style.display = "none";' successfully

2019-06-18 15:55:18 - [TEST_STEP][PASSED] - delay(2): Delayed 2 second(s)

2019-06-18 15:55:20 - [MESSAGE][PASSED] - Delayed 2 second(s)

2019-06-18 15:55:20 - [TEST_STEP][PASSED] - click(findTestObject("APOLLO- Desktop/Collection page/layout less")): Object: 'Object Repository/APOLLO- Desktop/Collection page/layout less' is clicked on

2019-06-18 15:55:22 - [MESSAGE][PASSED] - Object: 'Object Repository/APOLLO- Desktop/Collection page/layout less' is clicked on

2019-06-18 15:55:22 - [TEST_STEP][PASSED] - delay(2): Delayed 2 second(s)

2019-06-18 15:55:24 - [MESSAGE][PASSED] - Delayed 2 second(s)

2019-06-18 15:55:24 - [TEST_STEP][PASSED] - a = getPageHeight(): Current page's height is 4240

2019-06-18 15:55:24 - [MESSAGE][PASSED] - Current page's height is 4240

2019-06-18 15:55:24 - [TEST_STEP][PASSED] - comment("a=" + a): a=4240

2019-06-18 15:55:24 - [MESSAGE][INFO] - a=4240

2019-06-18 15:55:24 - [TEST_STEP][PASSED] - delay(2): Delayed 2 second(s)

2019-06-18 15:55:26 - [MESSAGE][PASSED] - Delayed 2 second(s)

2019-06-18 15:55:26 - [TEST_STEP][PASSED] - click(findTestObject("APOLLO- Desktop/Collection page/layout more")): Object: 'Object Repository/APOLLO- Desktop/Collection page/layout more' is clicked on

2019-06-18 15:55:27 - [MESSAGE][PASSED] - Object: 'Object Repository/APOLLO- Desktop/Collection page/layout more' is clicked on

2019-06-18 15:55:27 - [TEST_STEP][PASSED] - delay(2): Delayed 2 second(s)

2019-06-18 15:55:29 - [MESSAGE][PASSED] - Delayed 2 second(s)

2019-06-18 15:55:29 - [TEST_STEP][PASSED] - b = getPageHeight(): Current page's height is 2116

2019-06-18 15:55:29 - [MESSAGE][PASSED] - Current page's height is 2116

2019-06-18 15:55:29 - [TEST_STEP][PASSED] - comment("b=" + b): b=2116

2019-06-18 15:55:29 - [MESSAGE][INFO] - b=2116

2019-06-18 15:55:29 - [TEST_STEP][PASSED] - verifyLessThan(b, a): Actual number '2,116' is less than expected number '4,240'

2019-06-18 15:55:29 - [MESSAGE][PASSED] - Actual number '2,116' is less than expected number '4,240']]></system-out>
         <system-err><![CDATA[]]></system-err>
      </testcase>
      <testcase name="Test Cases/COLLECTION PAGE/Filter" classname="Test Cases/COLLECTION PAGE/Filter" status="FAILED">
         <failure type="FAILED" message="Test Cases/COLLECTION PAGE/Filter FAILED.
Reason:
com.kms.katalon.core.exception.StepFailedException: Unable to click on object 'Object Repository/APOLLO- Desktop/Collection page/Filter/a_Green' (Root cause: org.openqa.selenium.ElementNotVisibleException: element not interactable
  (Session info: chrome=75.0.3770.100)
  (Driver info: chromedriver=2.43.600229 (3fae4d0cda5334b4f533bede5a4787f7b832d052),platform=Mac OS X 10.13.6 x86_64) (WARNING: The server did not provide any stacktrace information)
Command duration or timeout: 0 milliseconds
Build info: version: '3.7.1', revision: '8a0099a', time: '2017-11-06T21:07:36.161Z'
System info: host: 'sumans-MacBook-Pro.local', ip: 'fe80:0:0:0:9b:8caf:6d51:8ac%en0', os.name: 'Mac OS X', os.arch: 'x86_64', os.version: '10.13.6', java.version: '1.8.0_181'
Driver info: com.kms.katalon.selenium.driver.CChromeDriver
Capabilities {acceptInsecureCerts: false, acceptSslCerts: false, applicationCacheEnabled: false, browserConnectionEnabled: false, browserName: chrome, chrome: {chromedriverVersion: 2.43.600229 (3fae4d0cda5334..., userDataDir: /var/folders/1t/c55l8xzs6gq...}, cssSelectorsEnabled: true, databaseEnabled: false, goog:chromeOptions: {debuggerAddress: localhost:52433}, handlesAlerts: true, hasTouchScreen: false, javascriptEnabled: true, locationContextEnabled: true, mobileEmulationEnabled: false, nativeEvents: true, networkConnectionEnabled: false, pageLoadStrategy: normal, platform: MAC, platformName: MAC, rotatable: false, setWindowRect: true, takesHeapSnapshot: true, takesScreenshot: true, unexpectedAlertBehaviour: , unhandledPromptBehavior: , version: 75.0.3770.100, webStorageEnabled: true}
Session ID: 274b57b4c908ed028d53b4a85c234227)
	at com.kms.katalon.core.keyword.internal.KeywordMain.stepFailed(KeywordMain.groovy:36)
	at com.kms.katalon.core.webui.keyword.internal.WebUIKeywordMain.stepFailed(WebUIKeywordMain.groovy:65)
	at com.kms.katalon.core.webui.keyword.internal.WebUIKeywordMain.runKeyword(WebUIKeywordMain.groovy:27)
	at com.kms.katalon.core.webui.keyword.builtin.ClickKeyword.click(ClickKeyword.groovy:86)
	at com.kms.katalon.core.webui.keyword.builtin.ClickKeyword.execute(ClickKeyword.groovy:67)
	at com.kms.katalon.core.keyword.internal.KeywordExecutor.executeKeywordForPlatform(KeywordExecutor.groovy:53)
	at com.kms.katalon.core.webui.keyword.WebUiBuiltInKeywords.click(WebUiBuiltInKeywords.groovy:616)
	at com.kms.katalon.core.webui.keyword.WebUiBuiltInKeywords$click$2.call(Unknown Source)
	at Filter.run(Filter:183)
	at com.kms.katalon.core.main.ScriptEngine.run(ScriptEngine.java:194)
	at com.kms.katalon.core.main.ScriptEngine.runScriptAsRawText(ScriptEngine.java:119)
	at com.kms.katalon.core.main.TestCaseExecutor.runScript(TestCaseExecutor.java:328)
	at com.kms.katalon.core.main.TestCaseExecutor.doExecute(TestCaseExecutor.java:319)
	at com.kms.katalon.core.main.TestCaseExecutor.processExecutionPhase(TestCaseExecutor.java:298)
	at com.kms.katalon.core.main.TestCaseExecutor.accessMainPhase(TestCaseExecutor.java:290)
	at com.kms.katalon.core.main.TestCaseExecutor.execute(TestCaseExecutor.java:224)
	at com.kms.katalon.core.main.TestSuiteExecutor.accessTestCaseMainPhase(TestSuiteExecutor.java:129)
	at com.kms.katalon.core.main.TestSuiteExecutor.accessTestSuiteMainPhase(TestSuiteExecutor.java:112)
	at com.kms.katalon.core.main.TestSuiteExecutor.execute(TestSuiteExecutor.java:81)
	at com.kms.katalon.core.main.TestCaseMain.startTestSuite(TestCaseMain.java:149)
	at com.kms.katalon.core.main.TestCaseMain$startTestSuite$0.call(Unknown Source)
	at TempTestSuite1560887558246.run(TempTestSuite1560887558246.groovy:36)
"/>
         <system-out><![CDATA[2019-06-18 15:55:29 - [TEST_CASE][FAILED] - Test Cases/COLLECTION PAGE/Filter: Test Cases/COLLECTION PAGE/Filter FAILED.
Reason:
com.kms.katalon.core.exception.StepFailedException: Unable to click on object 'Object Repository/APOLLO- Desktop/Collection page/Filter/a_Green' (Root cause: org.openqa.selenium.ElementNotVisibleException: element not interactable
  (Session info: chrome=75.0.3770.100)
  (Driver info: chromedriver=2.43.600229 (3fae4d0cda5334b4f533bede5a4787f7b832d052),platform=Mac OS X 10.13.6 x86_64) (WARNING: The server did not provide any stacktrace information)
Command duration or timeout: 0 milliseconds
Build info: version: '3.7.1', revision: '8a0099a', time: '2017-11-06T21:07:36.161Z'
System info: host: 'sumans-MacBook-Pro.local', ip: 'fe80:0:0:0:9b:8caf:6d51:8ac%en0', os.name: 'Mac OS X', os.arch: 'x86_64', os.version: '10.13.6', java.version: '1.8.0_181'
Driver info: com.kms.katalon.selenium.driver.CChromeDriver
Capabilities {acceptInsecureCerts: false, acceptSslCerts: false, applicationCacheEnabled: false, browserConnectionEnabled: false, browserName: chrome, chrome: {chromedriverVersion: 2.43.600229 (3fae4d0cda5334..., userDataDir: /var/folders/1t/c55l8xzs6gq...}, cssSelectorsEnabled: true, databaseEnabled: false, goog:chromeOptions: {debuggerAddress: localhost:52433}, handlesAlerts: true, hasTouchScreen: false, javascriptEnabled: true, locationContextEnabled: true, mobileEmulationEnabled: false, nativeEvents: true, networkConnectionEnabled: false, pageLoadStrategy: normal, platform: MAC, platformName: MAC, rotatable: false, setWindowRect: true, takesHeapSnapshot: true, takesScreenshot: true, unexpectedAlertBehaviour: , unhandledPromptBehavior: , version: 75.0.3770.100, webStorageEnabled: true}
Session ID: 274b57b4c908ed028d53b4a85c234227)
	at com.kms.katalon.core.keyword.internal.KeywordMain.stepFailed(KeywordMain.groovy:36)
	at com.kms.katalon.core.webui.keyword.internal.WebUIKeywordMain.stepFailed(WebUIKeywordMain.groovy:65)
	at com.kms.katalon.core.webui.keyword.internal.WebUIKeywordMain.runKeyword(WebUIKeywordMain.groovy:27)
	at com.kms.katalon.core.webui.keyword.builtin.ClickKeyword.click(ClickKeyword.groovy:86)
	at com.kms.katalon.core.webui.keyword.builtin.ClickKeyword.execute(ClickKeyword.groovy:67)
	at com.kms.katalon.core.keyword.internal.KeywordExecutor.executeKeywordForPlatform(KeywordExecutor.groovy:53)
	at com.kms.katalon.core.webui.keyword.WebUiBuiltInKeywords.click(WebUiBuiltInKeywords.groovy:616)
	at com.kms.katalon.core.webui.keyword.WebUiBuiltInKeywords$click$2.call(Unknown Source)
	at Filter.run(Filter:183)
	at com.kms.katalon.core.main.ScriptEngine.run(ScriptEngine.java:194)
	at com.kms.katalon.core.main.ScriptEngine.runScriptAsRawText(ScriptEngine.java:119)
	at com.kms.katalon.core.main.TestCaseExecutor.runScript(TestCaseExecutor.java:328)
	at com.kms.katalon.core.main.TestCaseExecutor.doExecute(TestCaseExecutor.java:319)
	at com.kms.katalon.core.main.TestCaseExecutor.processExecutionPhase(TestCaseExecutor.java:298)
	at com.kms.katalon.core.main.TestCaseExecutor.accessMainPhase(TestCaseExecutor.java:290)
	at com.kms.katalon.core.main.TestCaseExecutor.execute(TestCaseExecutor.java:224)
	at com.kms.katalon.core.main.TestSuiteExecutor.accessTestCaseMainPhase(TestSuiteExecutor.java:129)
	at com.kms.katalon.core.main.TestSuiteExecutor.accessTestSuiteMainPhase(TestSuiteExecutor.java:112)
	at com.kms.katalon.core.main.TestSuiteExecutor.execute(TestSuiteExecutor.java:81)
	at com.kms.katalon.core.main.TestCaseMain.startTestSuite(TestCaseMain.java:149)
	at com.kms.katalon.core.main.TestCaseMain$startTestSuite$0.call(Unknown Source)
	at TempTestSuite1560887558246.run(TempTestSuite1560887558246.groovy:36)


2019-06-18 15:55:30 - [TEST_STEP][PASSED] - callTestCase(findTestCase("CALL - URL"), [:], STOP_ON_FAILURE): Call Test Case 'Test Cases/CALL - URL' successfully

2019-06-18 15:55:30 - [TEST_CASE][PASSED] - Test Cases/CALL - URL: Test Cases/CALL - URL

2019-06-18 15:55:30 - [TEST_STEP][PASSED] - openBrowser(""): Browser is opened with url: ''

2019-06-18 15:55:30 - [MESSAGE][WARNING] - A browser is already opened. Closing browser and opening a new one

2019-06-18 15:55:30 - [MESSAGE][INFO] - Starting 'Chrome' driver

2019-06-18 15:55:31 - [MESSAGE][PASSED] - Browser is opened with url: ''

2019-06-18 15:55:31 - [TEST_STEP][PASSED] - navigateToUrl("https://diff-apollo.myshopify.com/?_ab=0&_fd=0&_sc=1&preview_theme_id=68602101860"): Navigate to 'https://diff-apollo.myshopify.com/?_ab=0&_fd=0&_sc=1&preview_theme_id=68602101860' successfully

2019-06-18 15:55:36 - [MESSAGE][PASSED] - Navigate to 'https://diff-apollo.myshopify.com/?_ab=0&_fd=0&_sc=1&preview_theme_id=68602101860' successfully

2019-06-18 15:55:36 - [TEST_STEP][PASSED] - executeJavaScript("var previewBar = document.getElementById("preview-bar-iframe"); previewBar.style.display = "none";", []): Execute JavaScript 'var previewBar = document.getElementById("preview-bar-iframe"); previewBar.style.display = "none";' successfully

2019-06-18 15:55:36 - [MESSAGE][PASSED] - Execute JavaScript 'var previewBar = document.getElementById("preview-bar-iframe"); previewBar.style.display = "none";' successfully

2019-06-18 15:55:36 - [MESSAGE][PASSED] - Call Test Case 'Test Cases/CALL - URL' successfully

2019-06-18 15:55:36 - [TEST_STEP][PASSED] - delay(2): Delayed 2 second(s)

2019-06-18 15:55:38 - [MESSAGE][PASSED] - Delayed 2 second(s)

2019-06-18 15:55:38 - [TEST_STEP][PASSED] - click(findTestObject("APOLLO- Desktop/Burger Menu/Burgermenu")): Object: 'Object Repository/APOLLO- Desktop/Burger Menu/Burgermenu' is clicked on

2019-06-18 15:55:38 - [MESSAGE][PASSED] - Object: 'Object Repository/APOLLO- Desktop/Burger Menu/Burgermenu' is clicked on

2019-06-18 15:55:38 - [TEST_STEP][PASSED] - delay(2): Delayed 2 second(s)

2019-06-18 15:55:40 - [MESSAGE][PASSED] - Delayed 2 second(s)

2019-06-18 15:55:40 - [TEST_STEP][PASSED] - click(findTestObject("APOLLO- Desktop/Burger Menu/Mens chevron")): Object: 'Object Repository/APOLLO- Desktop/Burger Menu/Mens chevron' is clicked on

2019-06-18 15:55:40 - [MESSAGE][PASSED] - Object: 'Object Repository/APOLLO- Desktop/Burger Menu/Mens chevron' is clicked on

2019-06-18 15:55:40 - [TEST_STEP][PASSED] - delay(2): Delayed 2 second(s)

2019-06-18 15:55:42 - [MESSAGE][PASSED] - Delayed 2 second(s)

2019-06-18 15:55:42 - [TEST_STEP][PASSED] - click(findTestObject("APOLLO- Desktop/Burger Menu/Mens - Top Chevron")): Object: 'Object Repository/APOLLO- Desktop/Burger Menu/Mens - Top Chevron' is clicked on

2019-06-18 15:55:42 - [MESSAGE][PASSED] - Object: 'Object Repository/APOLLO- Desktop/Burger Menu/Mens - Top Chevron' is clicked on

2019-06-18 15:55:42 - [TEST_STEP][PASSED] - delay(2): Delayed 2 second(s)

2019-06-18 15:55:44 - [MESSAGE][PASSED] - Delayed 2 second(s)

2019-06-18 15:55:44 - [TEST_STEP][PASSED] - click(findTestObject("APOLLO- Desktop/Burger Menu/Shirts link")): Object: 'Object Repository/APOLLO- Desktop/Burger Menu/Shirts link' is clicked on

2019-06-18 15:55:46 - [MESSAGE][PASSED] - Object: 'Object Repository/APOLLO- Desktop/Burger Menu/Shirts link' is clicked on

2019-06-18 15:55:46 - [TEST_STEP][PASSED] - delay(2): Delayed 2 second(s)

2019-06-18 15:55:48 - [MESSAGE][PASSED] - Delayed 2 second(s)

2019-06-18 15:55:48 - [TEST_STEP][PASSED] - executeJavaScript("var previewBar = document.getElementById("preview-bar-iframe"); previewBar.style.display = "none";", []): Execute JavaScript 'var previewBar = document.getElementById("preview-bar-iframe"); previewBar.style.display = "none";' successfully

2019-06-18 15:55:48 - [MESSAGE][PASSED] - Execute JavaScript 'var previewBar = document.getElementById("preview-bar-iframe"); previewBar.style.display = "none";' successfully

2019-06-18 15:55:48 - [TEST_STEP][PASSED] - delay(2): Delayed 2 second(s)

2019-06-18 15:55:50 - [MESSAGE][PASSED] - Delayed 2 second(s)

2019-06-18 15:55:50 - [TEST_STEP][PASSED] - click(findTestObject("APOLLO- Desktop/Collection page/Filter/Filter dropdown")): Object: 'Object Repository/APOLLO- Desktop/Collection page/Filter/Filter dropdown' is clicked on

2019-06-18 15:55:50 - [MESSAGE][PASSED] - Object: 'Object Repository/APOLLO- Desktop/Collection page/Filter/Filter dropdown' is clicked on

2019-06-18 15:55:50 - [TEST_STEP][PASSED] - delay(2): Delayed 2 second(s)

2019-06-18 15:55:52 - [MESSAGE][PASSED] - Delayed 2 second(s)

2019-06-18 15:55:52 - [TEST_STEP][PASSED] - click(findTestObject("APOLLO- Desktop/Collection page/Filter/a_Small")): Object: 'Object Repository/APOLLO- Desktop/Collection page/Filter/a_Small' is clicked on

2019-06-18 15:55:52 - [MESSAGE][PASSED] - Object: 'Object Repository/APOLLO- Desktop/Collection page/Filter/a_Small' is clicked on

2019-06-18 15:55:52 - [TEST_STEP][PASSED] - delay(2): Delayed 2 second(s)

2019-06-18 15:55:54 - [MESSAGE][PASSED] - Delayed 2 second(s)

2019-06-18 15:55:54 - [TEST_STEP][PASSED] - click(findTestObject("APOLLO- Desktop/Collection page/Filter/Filter dropdown")): Object: 'Object Repository/APOLLO- Desktop/Collection page/Filter/Filter dropdown' is clicked on

2019-06-18 15:55:54 - [MESSAGE][PASSED] - Object: 'Object Repository/APOLLO- Desktop/Collection page/Filter/Filter dropdown' is clicked on

2019-06-18 15:55:54 - [TEST_STEP][PASSED] - delay(2): Delayed 2 second(s)

2019-06-18 15:55:56 - [MESSAGE][PASSED] - Delayed 2 second(s)

2019-06-18 15:55:56 - [TEST_STEP][PASSED] - click(findTestObject("APOLLO- Desktop/Collection page/Filter/Color dropdown")): Object: 'Object Repository/APOLLO- Desktop/Collection page/Filter/Color dropdown' is clicked on

2019-06-18 15:55:56 - [MESSAGE][PASSED] - Object: 'Object Repository/APOLLO- Desktop/Collection page/Filter/Color dropdown' is clicked on

2019-06-18 15:55:56 - [TEST_STEP][PASSED] - delay(2): Delayed 2 second(s)

2019-06-18 15:55:58 - [MESSAGE][PASSED] - Delayed 2 second(s)

2019-06-18 15:55:58 - [TEST_STEP][PASSED] - click(findTestObject("APOLLO- Desktop/Collection page/Filter/a_Red")): Object: 'Object Repository/APOLLO- Desktop/Collection page/Filter/a_Red' is clicked on

2019-06-18 15:55:58 - [MESSAGE][PASSED] - Object: 'Object Repository/APOLLO- Desktop/Collection page/Filter/a_Red' is clicked on

2019-06-18 15:55:58 - [TEST_STEP][PASSED] - delay(2): Delayed 2 second(s)

2019-06-18 15:56:00 - [MESSAGE][PASSED] - Delayed 2 second(s)

2019-06-18 15:56:00 - [TEST_STEP][PASSED] - click(findTestObject("APOLLO- Desktop/Collection page/Filter/Color dropdown")): Object: 'Object Repository/APOLLO- Desktop/Collection page/Filter/Color dropdown' is clicked on

2019-06-18 15:56:00 - [MESSAGE][PASSED] - Object: 'Object Repository/APOLLO- Desktop/Collection page/Filter/Color dropdown' is clicked on

2019-06-18 15:56:00 - [TEST_STEP][PASSED] - delay(2): Delayed 2 second(s)

2019-06-18 15:56:02 - [MESSAGE][PASSED] - Delayed 2 second(s)

2019-06-18 15:56:02 - [TEST_STEP][PASSED] - a = getText(findTestObject("APOLLO- Desktop/Collection page/Filter/Filtered count")): Text of object 'Object Repository/APOLLO- Desktop/Collection page/Filter/Filtered count' is: '2'

2019-06-18 15:56:02 - [MESSAGE][PASSED] - Text of object 'Object Repository/APOLLO- Desktop/Collection page/Filter/Filtered count' is: '2'

2019-06-18 15:56:02 - [TEST_STEP][PASSED] - delay(2): Delayed 2 second(s)

2019-06-18 15:56:04 - [MESSAGE][PASSED] - Delayed 2 second(s)

2019-06-18 15:56:04 - [TEST_STEP][PASSED] - comment("a=" + a): a=2

2019-06-18 15:56:04 - [MESSAGE][INFO] - a=2

2019-06-18 15:56:04 - [TEST_STEP][PASSED] - b = 0: null

2019-06-18 15:56:04 - [TEST_STEP][PASSED] - verifyNotEqual("a", "b"): Actual object 'a' and expected object 'b' are not equal

2019-06-18 15:56:04 - [MESSAGE][PASSED] - Actual object 'a' and expected object 'b' are not equal

2019-06-18 15:56:04 - [TEST_STEP][PASSED] - delay(2): Delayed 2 second(s)

2019-06-18 15:56:06 - [MESSAGE][PASSED] - Delayed 2 second(s)

2019-06-18 15:56:06 - [TEST_STEP][PASSED] - click(findTestObject("APOLLO- Desktop/Collection page/Filter/Color dropdown")): Object: 'Object Repository/APOLLO- Desktop/Collection page/Filter/Color dropdown' is clicked on

2019-06-18 15:56:06 - [MESSAGE][PASSED] - Object: 'Object Repository/APOLLO- Desktop/Collection page/Filter/Color dropdown' is clicked on

2019-06-18 15:56:06 - [TEST_STEP][PASSED] - delay(2): Delayed 2 second(s)

2019-06-18 15:56:08 - [MESSAGE][PASSED] - Delayed 2 second(s)

2019-06-18 15:56:08 - [TEST_STEP][PASSED] - click(findTestObject("APOLLO- Desktop/Collection page/Filter/a_Green")): Object: 'Object Repository/APOLLO- Desktop/Collection page/Filter/a_Green' is clicked on

2019-06-18 15:56:08 - [MESSAGE][PASSED] - Object: 'Object Repository/APOLLO- Desktop/Collection page/Filter/a_Green' is clicked on

2019-06-18 15:56:08 - [TEST_STEP][PASSED] - delay(2): Delayed 2 second(s)

2019-06-18 15:56:10 - [MESSAGE][PASSED] - Delayed 2 second(s)

2019-06-18 15:56:10 - [TEST_STEP][PASSED] - click(findTestObject("APOLLO- Desktop/Collection page/Filter/Color dropdown")): Object: 'Object Repository/APOLLO- Desktop/Collection page/Filter/Color dropdown' is clicked on

2019-06-18 15:56:10 - [MESSAGE][PASSED] - Object: 'Object Repository/APOLLO- Desktop/Collection page/Filter/Color dropdown' is clicked on

2019-06-18 15:56:10 - [TEST_STEP][PASSED] - delay(2): Delayed 2 second(s)

2019-06-18 15:56:12 - [MESSAGE][PASSED] - Delayed 2 second(s)

2019-06-18 15:56:12 - [TEST_STEP][PASSED] - a1 = getText(findTestObject("APOLLO- Desktop/Collection page/Filter/Filtered count")): Text of object 'Object Repository/APOLLO- Desktop/Collection page/Filter/Filtered count' is: '2'

2019-06-18 15:56:12 - [MESSAGE][PASSED] - Text of object 'Object Repository/APOLLO- Desktop/Collection page/Filter/Filtered count' is: '2'

2019-06-18 15:56:12 - [TEST_STEP][PASSED] - delay(2): Delayed 2 second(s)

2019-06-18 15:56:14 - [MESSAGE][PASSED] - Delayed 2 second(s)

2019-06-18 15:56:14 - [TEST_STEP][PASSED] - comment("a1=" + a1): a1=2

2019-06-18 15:56:14 - [MESSAGE][INFO] - a1=2

2019-06-18 15:56:14 - [TEST_STEP][PASSED] - verifyNotEqual("a1", "b"): Actual object 'a1' and expected object 'b' are not equal

2019-06-18 15:56:14 - [MESSAGE][PASSED] - Actual object 'a1' and expected object 'b' are not equal

2019-06-18 15:56:14 - [TEST_STEP][PASSED] - delay(2): Delayed 2 second(s)

2019-06-18 15:56:16 - [MESSAGE][PASSED] - Delayed 2 second(s)

2019-06-18 15:56:16 - [TEST_STEP][PASSED] - delay(2): Delayed 2 second(s)

2019-06-18 15:56:18 - [MESSAGE][PASSED] - Delayed 2 second(s)

2019-06-18 15:56:18 - [TEST_STEP][PASSED] - delay(2): Delayed 2 second(s)

2019-06-18 15:56:20 - [MESSAGE][PASSED] - Delayed 2 second(s)

2019-06-18 15:56:20 - [TEST_STEP][PASSED] - click(findTestObject("APOLLO- Desktop/Collection page/Filter/Color dropdown")): Object: 'Object Repository/APOLLO- Desktop/Collection page/Filter/Color dropdown' is clicked on

2019-06-18 15:56:20 - [MESSAGE][PASSED] - Object: 'Object Repository/APOLLO- Desktop/Collection page/Filter/Color dropdown' is clicked on

2019-06-18 15:56:20 - [TEST_STEP][PASSED] - delay(2): Delayed 2 second(s)

2019-06-18 15:56:22 - [MESSAGE][PASSED] - Delayed 2 second(s)

2019-06-18 15:56:22 - [TEST_STEP][PASSED] - click(findTestObject("APOLLO- Desktop/Collection page/Filter/a_Blue")): Object: 'Object Repository/APOLLO- Desktop/Collection page/Filter/a_Blue' is clicked on

2019-06-18 15:56:23 - [MESSAGE][PASSED] - Object: 'Object Repository/APOLLO- Desktop/Collection page/Filter/a_Blue' is clicked on

2019-06-18 15:56:23 - [TEST_STEP][PASSED] - delay(2): Delayed 2 second(s)

2019-06-18 15:56:25 - [MESSAGE][PASSED] - Delayed 2 second(s)

2019-06-18 15:56:25 - [TEST_STEP][PASSED] - click(findTestObject("APOLLO- Desktop/Collection page/Filter/Color dropdown")): Object: 'Object Repository/APOLLO- Desktop/Collection page/Filter/Color dropdown' is clicked on

2019-06-18 15:56:25 - [MESSAGE][PASSED] - Object: 'Object Repository/APOLLO- Desktop/Collection page/Filter/Color dropdown' is clicked on

2019-06-18 15:56:25 - [TEST_STEP][PASSED] - delay(2): Delayed 2 second(s)

2019-06-18 15:56:27 - [MESSAGE][PASSED] - Delayed 2 second(s)

2019-06-18 15:56:27 - [TEST_STEP][PASSED] - a2 = getText(findTestObject("APOLLO- Desktop/Collection page/Filter/Filtered count")): Text of object 'Object Repository/APOLLO- Desktop/Collection page/Filter/Filtered count' is: '3'

2019-06-18 15:56:27 - [MESSAGE][PASSED] - Text of object 'Object Repository/APOLLO- Desktop/Collection page/Filter/Filtered count' is: '3'

2019-06-18 15:56:27 - [TEST_STEP][PASSED] - delay(2): Delayed 2 second(s)

2019-06-18 15:56:29 - [MESSAGE][PASSED] - Delayed 2 second(s)

2019-06-18 15:56:29 - [TEST_STEP][PASSED] - comment("a2=" + a2): a2=3

2019-06-18 15:56:29 - [MESSAGE][INFO] - a2=3

2019-06-18 15:56:29 - [TEST_STEP][PASSED] - verifyNotEqual("a2", "b"): Actual object 'a2' and expected object 'b' are not equal

2019-06-18 15:56:29 - [MESSAGE][PASSED] - Actual object 'a2' and expected object 'b' are not equal

2019-06-18 15:56:29 - [TEST_STEP][PASSED] - delay(2): Delayed 2 second(s)

2019-06-18 15:56:31 - [MESSAGE][PASSED] - Delayed 2 second(s)

2019-06-18 15:56:31 - [TEST_STEP][PASSED] - delay(2): Delayed 2 second(s)

2019-06-18 15:56:33 - [MESSAGE][PASSED] - Delayed 2 second(s)

2019-06-18 15:56:33 - [TEST_STEP][PASSED] - click(findTestObject("APOLLO- Desktop/Collection page/Filter/Color dropdown")): Object: 'Object Repository/APOLLO- Desktop/Collection page/Filter/Color dropdown' is clicked on

2019-06-18 15:56:33 - [MESSAGE][PASSED] - Object: 'Object Repository/APOLLO- Desktop/Collection page/Filter/Color dropdown' is clicked on

2019-06-18 15:56:33 - [TEST_STEP][PASSED] - delay(2): Delayed 2 second(s)

2019-06-18 15:56:35 - [MESSAGE][PASSED] - Delayed 2 second(s)

2019-06-18 15:56:35 - [TEST_STEP][PASSED] - click(findTestObject("APOLLO- Desktop/Collection page/Filter/a_Purple")): Object: 'Object Repository/APOLLO- Desktop/Collection page/Filter/a_Purple' is clicked on

2019-06-18 15:56:35 - [MESSAGE][PASSED] - Object: 'Object Repository/APOLLO- Desktop/Collection page/Filter/a_Purple' is clicked on

2019-06-18 15:56:35 - [TEST_STEP][PASSED] - delay(2): Delayed 2 second(s)

2019-06-18 15:56:37 - [MESSAGE][PASSED] - Delayed 2 second(s)

2019-06-18 15:56:37 - [TEST_STEP][PASSED] - click(findTestObject("APOLLO- Desktop/Collection page/Filter/Color dropdown")): Object: 'Object Repository/APOLLO- Desktop/Collection page/Filter/Color dropdown' is clicked on

2019-06-18 15:56:37 - [MESSAGE][PASSED] - Object: 'Object Repository/APOLLO- Desktop/Collection page/Filter/Color dropdown' is clicked on

2019-06-18 15:56:37 - [TEST_STEP][PASSED] - delay(2): Delayed 2 second(s)

2019-06-18 15:56:39 - [MESSAGE][PASSED] - Delayed 2 second(s)

2019-06-18 15:56:39 - [TEST_STEP][PASSED] - a3 = getText(findTestObject("APOLLO- Desktop/Collection page/Filter/Filtered count")): Text of object 'Object Repository/APOLLO- Desktop/Collection page/Filter/Filtered count' is: '2'

2019-06-18 15:56:39 - [MESSAGE][PASSED] - Text of object 'Object Repository/APOLLO- Desktop/Collection page/Filter/Filtered count' is: '2'

2019-06-18 15:56:39 - [TEST_STEP][PASSED] - delay(2): Delayed 2 second(s)

2019-06-18 15:56:41 - [MESSAGE][PASSED] - Delayed 2 second(s)

2019-06-18 15:56:41 - [TEST_STEP][PASSED] - comment("a3=" + a3): a3=2

2019-06-18 15:56:41 - [MESSAGE][INFO] - a3=2

2019-06-18 15:56:41 - [TEST_STEP][PASSED] - verifyNotEqual("a3", "b"): Actual object 'a3' and expected object 'b' are not equal

2019-06-18 15:56:41 - [MESSAGE][PASSED] - Actual object 'a3' and expected object 'b' are not equal

2019-06-18 15:56:41 - [TEST_STEP][PASSED] - delay(2): Delayed 2 second(s)

2019-06-18 15:56:43 - [MESSAGE][PASSED] - Delayed 2 second(s)

2019-06-18 15:56:43 - [TEST_STEP][PASSED] - delay(2): Delayed 2 second(s)

2019-06-18 15:56:45 - [MESSAGE][PASSED] - Delayed 2 second(s)

2019-06-18 15:56:45 - [TEST_STEP][PASSED] - click(findTestObject("APOLLO- Desktop/Collection page/Filter/Filter dropdown")): Object: 'Object Repository/APOLLO- Desktop/Collection page/Filter/Filter dropdown' is clicked on

2019-06-18 15:56:45 - [MESSAGE][PASSED] - Object: 'Object Repository/APOLLO- Desktop/Collection page/Filter/Filter dropdown' is clicked on

2019-06-18 15:56:45 - [TEST_STEP][PASSED] - delay(2): Delayed 2 second(s)

2019-06-18 15:56:47 - [MESSAGE][PASSED] - Delayed 2 second(s)

2019-06-18 15:56:47 - [TEST_STEP][PASSED] - click(findTestObject("APOLLO- Desktop/Collection page/Filter/a_Medium")): Object: 'Object Repository/APOLLO- Desktop/Collection page/Filter/a_Medium' is clicked on

2019-06-18 15:56:47 - [MESSAGE][PASSED] - Object: 'Object Repository/APOLLO- Desktop/Collection page/Filter/a_Medium' is clicked on

2019-06-18 15:56:47 - [TEST_STEP][PASSED] - delay(2): Delayed 2 second(s)

2019-06-18 15:56:49 - [MESSAGE][PASSED] - Delayed 2 second(s)

2019-06-18 15:56:49 - [TEST_STEP][PASSED] - click(findTestObject("APOLLO- Desktop/Collection page/Filter/Filter dropdown")): Object: 'Object Repository/APOLLO- Desktop/Collection page/Filter/Filter dropdown' is clicked on

2019-06-18 15:56:49 - [MESSAGE][PASSED] - Object: 'Object Repository/APOLLO- Desktop/Collection page/Filter/Filter dropdown' is clicked on

2019-06-18 15:56:49 - [TEST_STEP][PASSED] - delay(2): Delayed 2 second(s)

2019-06-18 15:56:51 - [MESSAGE][PASSED] - Delayed 2 second(s)

2019-06-18 15:56:51 - [TEST_STEP][PASSED] - click(findTestObject("APOLLO- Desktop/Collection page/Filter/Color dropdown")): Object: 'Object Repository/APOLLO- Desktop/Collection page/Filter/Color dropdown' is clicked on

2019-06-18 15:56:51 - [MESSAGE][PASSED] - Object: 'Object Repository/APOLLO- Desktop/Collection page/Filter/Color dropdown' is clicked on

2019-06-18 15:56:51 - [TEST_STEP][PASSED] - delay(2): Delayed 2 second(s)

2019-06-18 15:56:53 - [MESSAGE][PASSED] - Delayed 2 second(s)

2019-06-18 15:56:53 - [TEST_STEP][PASSED] - click(findTestObject("APOLLO- Desktop/Collection page/Filter/a_Red")): Object: 'Object Repository/APOLLO- Desktop/Collection page/Filter/a_Red' is clicked on

2019-06-18 15:56:53 - [MESSAGE][PASSED] - Object: 'Object Repository/APOLLO- Desktop/Collection page/Filter/a_Red' is clicked on

2019-06-18 15:56:53 - [TEST_STEP][PASSED] - delay(2): Delayed 2 second(s)

2019-06-18 15:56:55 - [MESSAGE][PASSED] - Delayed 2 second(s)

2019-06-18 15:56:55 - [TEST_STEP][PASSED] - a4 = getText(findTestObject("APOLLO- Desktop/Collection page/Filter/Filtered count")): Text of object 'Object Repository/APOLLO- Desktop/Collection page/Filter/Filtered count' is: '2'

2019-06-18 15:56:55 - [MESSAGE][PASSED] - Text of object 'Object Repository/APOLLO- Desktop/Collection page/Filter/Filtered count' is: '2'

2019-06-18 15:56:55 - [TEST_STEP][PASSED] - comment("a4=" + a4): a4=2

2019-06-18 15:56:55 - [MESSAGE][INFO] - a4=2

2019-06-18 15:56:55 - [TEST_STEP][PASSED] - verifyNotEqual("a4", "b"): Actual object 'a4' and expected object 'b' are not equal

2019-06-18 15:56:55 - [MESSAGE][PASSED] - Actual object 'a4' and expected object 'b' are not equal

2019-06-18 15:56:55 - [TEST_STEP][PASSED] - delay(2): Delayed 2 second(s)

2019-06-18 15:56:57 - [MESSAGE][PASSED] - Delayed 2 second(s)

2019-06-18 15:56:57 - [TEST_STEP][PASSED] - click(findTestObject("APOLLO- Desktop/Collection page/Filter/Color dropdown")): Object: 'Object Repository/APOLLO- Desktop/Collection page/Filter/Color dropdown' is clicked on

2019-06-18 15:56:57 - [MESSAGE][PASSED] - Object: 'Object Repository/APOLLO- Desktop/Collection page/Filter/Color dropdown' is clicked on

2019-06-18 15:56:57 - [TEST_STEP][PASSED] - delay(2): Delayed 2 second(s)

2019-06-18 15:56:59 - [MESSAGE][PASSED] - Delayed 2 second(s)

2019-06-18 15:56:59 - [TEST_STEP][FAILED] - click(findTestObject("APOLLO- Desktop/Collection page/Filter/a_Green")): click(findTestObject("APOLLO- Desktop/Collection page/Filter/a_Green")) FAILED.
Reason:
com.kms.katalon.core.exception.StepFailedException: Unable to click on object 'Object Repository/APOLLO- Desktop/Collection page/Filter/a_Green' (Root cause: org.openqa.selenium.ElementNotVisibleException: element not interactable
  (Session info: chrome=75.0.3770.100)
  (Driver info: chromedriver=2.43.600229 (3fae4d0cda5334b4f533bede5a4787f7b832d052),platform=Mac OS X 10.13.6 x86_64) (WARNING: The server did not provide any stacktrace information)
Command duration or timeout: 0 milliseconds
Build info: version: '3.7.1', revision: '8a0099a', time: '2017-11-06T21:07:36.161Z'
System info: host: 'sumans-MacBook-Pro.local', ip: 'fe80:0:0:0:9b:8caf:6d51:8ac%en0', os.name: 'Mac OS X', os.arch: 'x86_64', os.version: '10.13.6', java.version: '1.8.0_181'
Driver info: com.kms.katalon.selenium.driver.CChromeDriver
Capabilities {acceptInsecureCerts: false, acceptSslCerts: false, applicationCacheEnabled: false, browserConnectionEnabled: false, browserName: chrome, chrome: {chromedriverVersion: 2.43.600229 (3fae4d0cda5334..., userDataDir: /var/folders/1t/c55l8xzs6gq...}, cssSelectorsEnabled: true, databaseEnabled: false, goog:chromeOptions: {debuggerAddress: localhost:52433}, handlesAlerts: true, hasTouchScreen: false, javascriptEnabled: true, locationContextEnabled: true, mobileEmulationEnabled: false, nativeEvents: true, networkConnectionEnabled: false, pageLoadStrategy: normal, platform: MAC, platformName: MAC, rotatable: false, setWindowRect: true, takesHeapSnapshot: true, takesScreenshot: true, unexpectedAlertBehaviour: , unhandledPromptBehavior: , version: 75.0.3770.100, webStorageEnabled: true}
Session ID: 274b57b4c908ed028d53b4a85c234227)
	at com.kms.katalon.core.keyword.internal.KeywordMain.stepFailed(KeywordMain.groovy:36)
	at com.kms.katalon.core.webui.keyword.internal.WebUIKeywordMain.stepFailed(WebUIKeywordMain.groovy:65)
	at com.kms.katalon.core.webui.keyword.internal.WebUIKeywordMain.runKeyword(WebUIKeywordMain.groovy:27)
	at com.kms.katalon.core.webui.keyword.builtin.ClickKeyword.click(ClickKeyword.groovy:86)
	at com.kms.katalon.core.webui.keyword.builtin.ClickKeyword.execute(ClickKeyword.groovy:67)
	at com.kms.katalon.core.keyword.internal.KeywordExecutor.executeKeywordForPlatform(KeywordExecutor.groovy:53)
	at com.kms.katalon.core.webui.keyword.WebUiBuiltInKeywords.click(WebUiBuiltInKeywords.groovy:616)
	at com.kms.katalon.core.webui.keyword.WebUiBuiltInKeywords$click$2.call(Unknown Source)
	at Filter.run(Filter:183)
	at com.kms.katalon.core.main.ScriptEngine.run(ScriptEngine.java:194)
	at com.kms.katalon.core.main.ScriptEngine.runScriptAsRawText(ScriptEngine.java:119)
	at com.kms.katalon.core.main.TestCaseExecutor.runScript(TestCaseExecutor.java:328)
	at com.kms.katalon.core.main.TestCaseExecutor.doExecute(TestCaseExecutor.java:319)
	at com.kms.katalon.core.main.TestCaseExecutor.processExecutionPhase(TestCaseExecutor.java:298)
	at com.kms.katalon.core.main.TestCaseExecutor.accessMainPhase(TestCaseExecutor.java:290)
	at com.kms.katalon.core.main.TestCaseExecutor.execute(TestCaseExecutor.java:224)
	at com.kms.katalon.core.main.TestSuiteExecutor.accessTestCaseMainPhase(TestSuiteExecutor.java:129)
	at com.kms.katalon.core.main.TestSuiteExecutor.accessTestSuiteMainPhase(TestSuiteExecutor.java:112)
	at com.kms.katalon.core.main.TestSuiteExecutor.execute(TestSuiteExecutor.java:81)
	at com.kms.katalon.core.main.TestCaseMain.startTestSuite(TestCaseMain.java:149)
	at com.kms.katalon.core.main.TestCaseMain$startTestSuite$0.call(Unknown Source)
	at TempTestSuite1560887558246.run(TempTestSuite1560887558246.groovy:36)


2019-06-18 15:57:01 - [MESSAGE][FAILED] - Unable to click on object 'Object Repository/APOLLO- Desktop/Collection page/Filter/a_Green' (Root cause: org.openqa.selenium.ElementNotVisibleException: element not interactable
  (Session info: chrome=75.0.3770.100)
  (Driver info: chromedriver=2.43.600229 (3fae4d0cda5334b4f533bede5a4787f7b832d052),platform=Mac OS X 10.13.6 x86_64) (WARNING: The server did not provide any stacktrace information)
Command duration or timeout: 0 milliseconds
Build info: version: '3.7.1', revision: '8a0099a', time: '2017-11-06T21:07:36.161Z'
System info: host: 'sumans-MacBook-Pro.local', ip: 'fe80:0:0:0:9b:8caf:6d51:8ac%en0', os.name: 'Mac OS X', os.arch: 'x86_64', os.version: '10.13.6', java.version: '1.8.0_181'
Driver info: com.kms.katalon.selenium.driver.CChromeDriver
Capabilities {acceptInsecureCerts: false, acceptSslCerts: false, applicationCacheEnabled: false, browserConnectionEnabled: false, browserName: chrome, chrome: {chromedriverVersion: 2.43.600229 (3fae4d0cda5334..., userDataDir: /var/folders/1t/c55l8xzs6gq...}, cssSelectorsEnabled: true, databaseEnabled: false, goog:chromeOptions: {debuggerAddress: localhost:52433}, handlesAlerts: true, hasTouchScreen: false, javascriptEnabled: true, locationContextEnabled: true, mobileEmulationEnabled: false, nativeEvents: true, networkConnectionEnabled: false, pageLoadStrategy: normal, platform: MAC, platformName: MAC, rotatable: false, setWindowRect: true, takesHeapSnapshot: true, takesScreenshot: true, unexpectedAlertBehaviour: , unhandledPromptBehavior: , version: 75.0.3770.100, webStorageEnabled: true}
Session ID: 274b57b4c908ed028d53b4a85c234227)
[[ATTACHMENT|/Users/sumankompelly/Katalon Studio/APOLLO/Reports/Apollo- Desktop/20190618_155238/1560887819766.png]]

2019-06-18 15:57:01 - [MESSAGE][FAILED] - click(findTestObject("APOLLO- Desktop/Collection page/Filter/a_Green")) FAILED.
Reason:
com.kms.katalon.core.exception.StepFailedException: Unable to click on object 'Object Repository/APOLLO- Desktop/Collection page/Filter/a_Green' (Root cause: org.openqa.selenium.ElementNotVisibleException: element not interactable
  (Session info: chrome=75.0.3770.100)
  (Driver info: chromedriver=2.43.600229 (3fae4d0cda5334b4f533bede5a4787f7b832d052),platform=Mac OS X 10.13.6 x86_64) (WARNING: The server did not provide any stacktrace information)
Command duration or timeout: 0 milliseconds
Build info: version: '3.7.1', revision: '8a0099a', time: '2017-11-06T21:07:36.161Z'
System info: host: 'sumans-MacBook-Pro.local', ip: 'fe80:0:0:0:9b:8caf:6d51:8ac%en0', os.name: 'Mac OS X', os.arch: 'x86_64', os.version: '10.13.6', java.version: '1.8.0_181'
Driver info: com.kms.katalon.selenium.driver.CChromeDriver
Capabilities {acceptInsecureCerts: false, acceptSslCerts: false, applicationCacheEnabled: false, browserConnectionEnabled: false, browserName: chrome, chrome: {chromedriverVersion: 2.43.600229 (3fae4d0cda5334..., userDataDir: /var/folders/1t/c55l8xzs6gq...}, cssSelectorsEnabled: true, databaseEnabled: false, goog:chromeOptions: {debuggerAddress: localhost:52433}, handlesAlerts: true, hasTouchScreen: false, javascriptEnabled: true, locationContextEnabled: true, mobileEmulationEnabled: false, nativeEvents: true, networkConnectionEnabled: false, pageLoadStrategy: normal, platform: MAC, platformName: MAC, rotatable: false, setWindowRect: true, takesHeapSnapshot: true, takesScreenshot: true, unexpectedAlertBehaviour: , unhandledPromptBehavior: , version: 75.0.3770.100, webStorageEnabled: true}
Session ID: 274b57b4c908ed028d53b4a85c234227)
	at com.kms.katalon.core.keyword.internal.KeywordMain.stepFailed(KeywordMain.groovy:36)
	at com.kms.katalon.core.webui.keyword.internal.WebUIKeywordMain.stepFailed(WebUIKeywordMain.groovy:65)
	at com.kms.katalon.core.webui.keyword.internal.WebUIKeywordMain.runKeyword(WebUIKeywordMain.groovy:27)
	at com.kms.katalon.core.webui.keyword.builtin.ClickKeyword.click(ClickKeyword.groovy:86)
	at com.kms.katalon.core.webui.keyword.builtin.ClickKeyword.execute(ClickKeyword.groovy:67)
	at com.kms.katalon.core.keyword.internal.KeywordExecutor.executeKeywordForPlatform(KeywordExecutor.groovy:53)
	at com.kms.katalon.core.webui.keyword.WebUiBuiltInKeywords.click(WebUiBuiltInKeywords.groovy:616)
	at com.kms.katalon.core.webui.keyword.WebUiBuiltInKeywords$click$2.call(Unknown Source)
	at Filter.run(Filter:183)
	at com.kms.katalon.core.main.ScriptEngine.run(ScriptEngine.java:194)
	at com.kms.katalon.core.main.ScriptEngine.runScriptAsRawText(ScriptEngine.java:119)
	at com.kms.katalon.core.main.TestCaseExecutor.runScript(TestCaseExecutor.java:328)
	at com.kms.katalon.core.main.TestCaseExecutor.doExecute(TestCaseExecutor.java:319)
	at com.kms.katalon.core.main.TestCaseExecutor.processExecutionPhase(TestCaseExecutor.java:298)
	at com.kms.katalon.core.main.TestCaseExecutor.accessMainPhase(TestCaseExecutor.java:290)
	at com.kms.katalon.core.main.TestCaseExecutor.execute(TestCaseExecutor.java:224)
	at com.kms.katalon.core.main.TestSuiteExecutor.accessTestCaseMainPhase(TestSuiteExecutor.java:129)
	at com.kms.katalon.core.main.TestSuiteExecutor.accessTestSuiteMainPhase(TestSuiteExecutor.java:112)
	at com.kms.katalon.core.main.TestSuiteExecutor.execute(TestSuiteExecutor.java:81)
	at com.kms.katalon.core.main.TestCaseMain.startTestSuite(TestCaseMain.java:149)
	at com.kms.katalon.core.main.TestCaseMain$startTestSuite$0.call(Unknown Source)
	at TempTestSuite1560887558246.run(TempTestSuite1560887558246.groovy:36)]]></system-out>
         <system-err><![CDATA[2019-06-18 15:55:29 - [TEST_CASE][FAILED] - Test Cases/COLLECTION PAGE/Filter: Test Cases/COLLECTION PAGE/Filter FAILED.
Reason:
com.kms.katalon.core.exception.StepFailedException: Unable to click on object 'Object Repository/APOLLO- Desktop/Collection page/Filter/a_Green' (Root cause: org.openqa.selenium.ElementNotVisibleException: element not interactable
  (Session info: chrome=75.0.3770.100)
  (Driver info: chromedriver=2.43.600229 (3fae4d0cda5334b4f533bede5a4787f7b832d052),platform=Mac OS X 10.13.6 x86_64) (WARNING: The server did not provide any stacktrace information)
Command duration or timeout: 0 milliseconds
Build info: version: '3.7.1', revision: '8a0099a', time: '2017-11-06T21:07:36.161Z'
System info: host: 'sumans-MacBook-Pro.local', ip: 'fe80:0:0:0:9b:8caf:6d51:8ac%en0', os.name: 'Mac OS X', os.arch: 'x86_64', os.version: '10.13.6', java.version: '1.8.0_181'
Driver info: com.kms.katalon.selenium.driver.CChromeDriver
Capabilities {acceptInsecureCerts: false, acceptSslCerts: false, applicationCacheEnabled: false, browserConnectionEnabled: false, browserName: chrome, chrome: {chromedriverVersion: 2.43.600229 (3fae4d0cda5334..., userDataDir: /var/folders/1t/c55l8xzs6gq...}, cssSelectorsEnabled: true, databaseEnabled: false, goog:chromeOptions: {debuggerAddress: localhost:52433}, handlesAlerts: true, hasTouchScreen: false, javascriptEnabled: true, locationContextEnabled: true, mobileEmulationEnabled: false, nativeEvents: true, networkConnectionEnabled: false, pageLoadStrategy: normal, platform: MAC, platformName: MAC, rotatable: false, setWindowRect: true, takesHeapSnapshot: true, takesScreenshot: true, unexpectedAlertBehaviour: , unhandledPromptBehavior: , version: 75.0.3770.100, webStorageEnabled: true}
Session ID: 274b57b4c908ed028d53b4a85c234227)
	at com.kms.katalon.core.keyword.internal.KeywordMain.stepFailed(KeywordMain.groovy:36)
	at com.kms.katalon.core.webui.keyword.internal.WebUIKeywordMain.stepFailed(WebUIKeywordMain.groovy:65)
	at com.kms.katalon.core.webui.keyword.internal.WebUIKeywordMain.runKeyword(WebUIKeywordMain.groovy:27)
	at com.kms.katalon.core.webui.keyword.builtin.ClickKeyword.click(ClickKeyword.groovy:86)
	at com.kms.katalon.core.webui.keyword.builtin.ClickKeyword.execute(ClickKeyword.groovy:67)
	at com.kms.katalon.core.keyword.internal.KeywordExecutor.executeKeywordForPlatform(KeywordExecutor.groovy:53)
	at com.kms.katalon.core.webui.keyword.WebUiBuiltInKeywords.click(WebUiBuiltInKeywords.groovy:616)
	at com.kms.katalon.core.webui.keyword.WebUiBuiltInKeywords$click$2.call(Unknown Source)
	at Filter.run(Filter:183)
	at com.kms.katalon.core.main.ScriptEngine.run(ScriptEngine.java:194)
	at com.kms.katalon.core.main.ScriptEngine.runScriptAsRawText(ScriptEngine.java:119)
	at com.kms.katalon.core.main.TestCaseExecutor.runScript(TestCaseExecutor.java:328)
	at com.kms.katalon.core.main.TestCaseExecutor.doExecute(TestCaseExecutor.java:319)
	at com.kms.katalon.core.main.TestCaseExecutor.processExecutionPhase(TestCaseExecutor.java:298)
	at com.kms.katalon.core.main.TestCaseExecutor.accessMainPhase(TestCaseExecutor.java:290)
	at com.kms.katalon.core.main.TestCaseExecutor.execute(TestCaseExecutor.java:224)
	at com.kms.katalon.core.main.TestSuiteExecutor.accessTestCaseMainPhase(TestSuiteExecutor.java:129)
	at com.kms.katalon.core.main.TestSuiteExecutor.accessTestSuiteMainPhase(TestSuiteExecutor.java:112)
	at com.kms.katalon.core.main.TestSuiteExecutor.execute(TestSuiteExecutor.java:81)
	at com.kms.katalon.core.main.TestCaseMain.startTestSuite(TestCaseMain.java:149)
	at com.kms.katalon.core.main.TestCaseMain$startTestSuite$0.call(Unknown Source)
	at TempTestSuite1560887558246.run(TempTestSuite1560887558246.groovy:36)]]></system-err>
      </testcase>
      <testcase name="Test Cases/HOME PAGE/Store locator" classname="Test Cases/HOME PAGE/Store locator" status="PASSED">
         <system-out><![CDATA[2019-06-18 15:57:01 - [TEST_CASE][PASSED] - Test Cases/HOME PAGE/Store locator: Test Cases/HOME PAGE/Store locator

2019-06-18 15:57:01 - [TEST_STEP][PASSED] - callTestCase(findTestCase("CALL - URL"), [:], STOP_ON_FAILURE): Call Test Case 'Test Cases/CALL - URL' successfully

2019-06-18 15:57:01 - [TEST_CASE][PASSED] - Test Cases/CALL - URL: Test Cases/CALL - URL

2019-06-18 15:57:01 - [TEST_STEP][PASSED] - openBrowser(""): Browser is opened with url: ''

2019-06-18 15:57:01 - [MESSAGE][WARNING] - A browser is already opened. Closing browser and opening a new one

2019-06-18 15:57:01 - [MESSAGE][INFO] - Starting 'Chrome' driver

2019-06-18 15:57:02 - [MESSAGE][PASSED] - Browser is opened with url: ''

2019-06-18 15:57:02 - [TEST_STEP][PASSED] - navigateToUrl("https://diff-apollo.myshopify.com/?_ab=0&_fd=0&_sc=1&preview_theme_id=68602101860"): Navigate to 'https://diff-apollo.myshopify.com/?_ab=0&_fd=0&_sc=1&preview_theme_id=68602101860' successfully

2019-06-18 15:57:05 - [MESSAGE][PASSED] - Navigate to 'https://diff-apollo.myshopify.com/?_ab=0&_fd=0&_sc=1&preview_theme_id=68602101860' successfully

2019-06-18 15:57:05 - [TEST_STEP][PASSED] - executeJavaScript("var previewBar = document.getElementById("preview-bar-iframe"); previewBar.style.display = "none";", []): Execute JavaScript 'var previewBar = document.getElementById("preview-bar-iframe"); previewBar.style.display = "none";' successfully

2019-06-18 15:57:05 - [MESSAGE][PASSED] - Execute JavaScript 'var previewBar = document.getElementById("preview-bar-iframe"); previewBar.style.display = "none";' successfully

2019-06-18 15:57:05 - [MESSAGE][PASSED] - Call Test Case 'Test Cases/CALL - URL' successfully

2019-06-18 15:57:05 - [TEST_STEP][PASSED] - delay(2): Delayed 2 second(s)

2019-06-18 15:57:07 - [MESSAGE][PASSED] - Delayed 2 second(s)

2019-06-18 15:57:07 - [TEST_STEP][PASSED] - click(findTestObject("APOLLO- Desktop/Home page/Map location icon")): Object: 'Object Repository/APOLLO- Desktop/Home page/Map location icon' is clicked on

2019-06-18 15:57:08 - [MESSAGE][PASSED] - Object: 'Object Repository/APOLLO- Desktop/Home page/Map location icon' is clicked on

2019-06-18 15:57:08 - [TEST_STEP][PASSED] - a = getWindowTitle(): Current window's title is: 'Our Store – Diff Apollo'

2019-06-18 15:57:08 - [MESSAGE][PASSED] - Current window's title is: 'Our Store – Diff Apollo'

2019-06-18 15:57:08 - [TEST_STEP][PASSED] - comment(" a=" + a):  a=Our Store – Diff Apollo

2019-06-18 15:57:08 - [MESSAGE][INFO] -  a=Our Store – Diff Apollo

2019-06-18 15:57:08 - [TEST_STEP][PASSED] - b = "Our Store – Diff Apollo": null

2019-06-18 15:57:08 - [TEST_STEP][PASSED] - if (a == b):  navigation is on right page

2019-06-18 15:57:08 - [TEST_STEP][PASSED] - comment(" navigation is on right page"):  navigation is on right page

2019-06-18 15:57:08 - [MESSAGE][INFO] -  navigation is on right page]]></system-out>
         <system-err><![CDATA[]]></system-err>
      </testcase>
      <testcase name="Test Cases/HOME PAGE/New letter and video CTA" classname="Test Cases/HOME PAGE/New letter and video CTA" status="PASSED">
         <system-out><![CDATA[2019-06-18 15:57:08 - [TEST_CASE][PASSED] - Test Cases/HOME PAGE/New letter and video CTA: Test Cases/HOME PAGE/New letter and video CTA

2019-06-18 15:57:09 - [TEST_STEP][PASSED] - callTestCase(findTestCase("CALL - URL"), [:], STOP_ON_FAILURE): Call Test Case 'Test Cases/CALL - URL' successfully

2019-06-18 15:57:09 - [TEST_CASE][PASSED] - Test Cases/CALL - URL: Test Cases/CALL - URL

2019-06-18 15:57:09 - [TEST_STEP][PASSED] - openBrowser(""): Browser is opened with url: ''

2019-06-18 15:57:09 - [MESSAGE][WARNING] - A browser is already opened. Closing browser and opening a new one

2019-06-18 15:57:09 - [MESSAGE][INFO] - Starting 'Chrome' driver

2019-06-18 15:57:10 - [MESSAGE][PASSED] - Browser is opened with url: ''

2019-06-18 15:57:10 - [TEST_STEP][PASSED] - navigateToUrl("https://diff-apollo.myshopify.com/?_ab=0&_fd=0&_sc=1&preview_theme_id=68602101860"): Navigate to 'https://diff-apollo.myshopify.com/?_ab=0&_fd=0&_sc=1&preview_theme_id=68602101860' successfully

2019-06-18 15:57:14 - [MESSAGE][PASSED] - Navigate to 'https://diff-apollo.myshopify.com/?_ab=0&_fd=0&_sc=1&preview_theme_id=68602101860' successfully

2019-06-18 15:57:14 - [TEST_STEP][PASSED] - executeJavaScript("var previewBar = document.getElementById("preview-bar-iframe"); previewBar.style.display = "none";", []): Execute JavaScript 'var previewBar = document.getElementById("preview-bar-iframe"); previewBar.style.display = "none";' successfully

2019-06-18 15:57:14 - [MESSAGE][PASSED] - Execute JavaScript 'var previewBar = document.getElementById("preview-bar-iframe"); previewBar.style.display = "none";' successfully

2019-06-18 15:57:14 - [MESSAGE][PASSED] - Call Test Case 'Test Cases/CALL - URL' successfully

2019-06-18 15:57:14 - [TEST_STEP][PASSED] - delay(2): Delayed 2 second(s)

2019-06-18 15:57:16 - [MESSAGE][PASSED] - Delayed 2 second(s)

2019-06-18 15:57:16 - [TEST_STEP][PASSED] - scrollToElement(findTestObject("APOLLO- Desktop/Home page/News letter and CTA/Subscribe to our newsletter"), 0): Scroll to object 'Object Repository/APOLLO- Desktop/Home page/News letter and CTA/Subscribe to our newsletter' successfully

2019-06-18 15:57:16 - [MESSAGE][WARNING] - Timeout '0' is invalid. Using default page load timeout: '30'

2019-06-18 15:57:16 - [MESSAGE][PASSED] - Scroll to object 'Object Repository/APOLLO- Desktop/Home page/News letter and CTA/Subscribe to our newsletter' successfully

2019-06-18 15:57:16 - [TEST_STEP][PASSED] - delay(2): Delayed 2 second(s)

2019-06-18 15:57:18 - [MESSAGE][PASSED] - Delayed 2 second(s)

2019-06-18 15:57:18 - [TEST_STEP][PASSED] - setText(findTestObject("APOLLO- Desktop/Home page/News letter and CTA/input_Subscribe to our newsletter"), "suman@gmail.com"): Text 'suman@gmail.com' is set on object 'Object Repository/APOLLO- Desktop/Home page/News letter and CTA/input_Subscribe to our newsletter'

2019-06-18 15:57:18 - [MESSAGE][PASSED] - Text 'suman@gmail.com' is set on object 'Object Repository/APOLLO- Desktop/Home page/News letter and CTA/input_Subscribe to our newsletter'

2019-06-18 15:57:18 - [TEST_STEP][PASSED] - delay(2): Delayed 2 second(s)

2019-06-18 15:57:20 - [MESSAGE][PASSED] - Delayed 2 second(s)

2019-06-18 15:57:20 - [TEST_STEP][PASSED] - click(findTestObject("APOLLO- Desktop/Home page/News letter and CTA/button Sign Up")): Object: 'Object Repository/APOLLO- Desktop/Home page/News letter and CTA/button Sign Up' is clicked on

2019-06-18 15:57:23 - [MESSAGE][PASSED] - Object: 'Object Repository/APOLLO- Desktop/Home page/News letter and CTA/button Sign Up' is clicked on

2019-06-18 15:57:23 - [TEST_STEP][PASSED] - delay(2): Delayed 2 second(s)

2019-06-18 15:57:25 - [MESSAGE][PASSED] - Delayed 2 second(s)

2019-06-18 15:57:25 - [TEST_STEP][NOT_RUN] - a = getText(findTestObject("APOLLO- Desktop/Home page/News letter and CTA/p_Thanks for signing up for ou")): NOT_RUN: a = getText(findTestObject("APOLLO- Desktop/Home page/News letter and CTA/p_Thanks for signing up for ou"))

2019-06-18 15:57:25 - [MESSAGE][NOT_RUN] - NOT_RUN: a = getText(findTestObject("APOLLO- Desktop/Home page/News letter and CTA/p_Thanks for signing up for ou"))

2019-06-18 15:57:25 - [TEST_STEP][NOT_RUN] - comment("a=" + a): NOT_RUN: comment("a=" + a)

2019-06-18 15:57:25 - [MESSAGE][NOT_RUN] - NOT_RUN: comment("a=" + a)

2019-06-18 15:57:25 - [TEST_STEP][NOT_RUN] - delay(2): NOT_RUN: delay(2)

2019-06-18 15:57:25 - [MESSAGE][NOT_RUN] - NOT_RUN: delay(2)

2019-06-18 15:57:25 - [TEST_STEP][NOT_RUN] - b = "Thanks for signing up for our newsletter ": NOT_RUN: b = "Thanks for signing up for our newsletter "

2019-06-18 15:57:25 - [MESSAGE][NOT_RUN] - NOT_RUN: b = "Thanks for signing up for our newsletter "

2019-06-18 15:57:25 - [TEST_STEP][NOT_RUN] - if (a == b): NOT_RUN: if (a == b)

2019-06-18 15:57:25 - [MESSAGE][NOT_RUN] - NOT_RUN: if (a == b)

2019-06-18 15:57:25 - [TEST_STEP][PASSED] - delay(2): Delayed 2 second(s)

2019-06-18 15:57:27 - [MESSAGE][PASSED] - Delayed 2 second(s)

2019-06-18 15:57:27 - [TEST_STEP][PASSED] - click(findTestObject("APOLLO- Desktop/Home page/News letter and CTA/start shopping")): Object: 'Object Repository/APOLLO- Desktop/Home page/News letter and CTA/start shopping' is clicked on

2019-06-18 15:57:32 - [MESSAGE][PASSED] - Object: 'Object Repository/APOLLO- Desktop/Home page/News letter and CTA/start shopping' is clicked on]]></system-out>
         <system-err><![CDATA[]]></system-err>
      </testcase>
      <testcase name="Test Cases/HOME PAGE/Hero banner - CTA" classname="Test Cases/HOME PAGE/Hero banner - CTA" status="FAILED">
         <failure type="FAILED" message="Test Cases/HOME PAGE/Hero banner - CTA FAILED.
Reason:
com.kms.katalon.core.exception.StepFailedException: Unable to click on object 'Object Repository/APOLLO- Desktop/Home page/Hero banner - CTA/Shop Men button' (Root cause: org.openqa.selenium.ElementNotVisibleException: element not interactable
  (Session info: chrome=75.0.3770.100)
  (Driver info: chromedriver=2.43.600229 (3fae4d0cda5334b4f533bede5a4787f7b832d052),platform=Mac OS X 10.13.6 x86_64) (WARNING: The server did not provide any stacktrace information)
Command duration or timeout: 0 milliseconds
Build info: version: '3.7.1', revision: '8a0099a', time: '2017-11-06T21:07:36.161Z'
System info: host: 'sumans-MacBook-Pro.local', ip: 'fe80:0:0:0:9b:8caf:6d51:8ac%en0', os.name: 'Mac OS X', os.arch: 'x86_64', os.version: '10.13.6', java.version: '1.8.0_181'
Driver info: com.kms.katalon.selenium.driver.CChromeDriver
Capabilities {acceptInsecureCerts: false, acceptSslCerts: false, applicationCacheEnabled: false, browserConnectionEnabled: false, browserName: chrome, chrome: {chromedriverVersion: 2.43.600229 (3fae4d0cda5334..., userDataDir: /var/folders/1t/c55l8xzs6gq...}, cssSelectorsEnabled: true, databaseEnabled: false, goog:chromeOptions: {debuggerAddress: localhost:53090}, handlesAlerts: true, hasTouchScreen: false, javascriptEnabled: true, locationContextEnabled: true, mobileEmulationEnabled: false, nativeEvents: true, networkConnectionEnabled: false, pageLoadStrategy: normal, platform: MAC, platformName: MAC, rotatable: false, setWindowRect: true, takesHeapSnapshot: true, takesScreenshot: true, unexpectedAlertBehaviour: , unhandledPromptBehavior: , version: 75.0.3770.100, webStorageEnabled: true}
Session ID: e2a50c1aba3f6f192d067d42d8b1cd76)
	at com.kms.katalon.core.keyword.internal.KeywordMain.stepFailed(KeywordMain.groovy:36)
	at com.kms.katalon.core.webui.keyword.internal.WebUIKeywordMain.stepFailed(WebUIKeywordMain.groovy:65)
	at com.kms.katalon.core.webui.keyword.internal.WebUIKeywordMain.runKeyword(WebUIKeywordMain.groovy:27)
	at com.kms.katalon.core.webui.keyword.builtin.ClickKeyword.click(ClickKeyword.groovy:86)
	at com.kms.katalon.core.webui.keyword.builtin.ClickKeyword.execute(ClickKeyword.groovy:67)
	at com.kms.katalon.core.keyword.internal.KeywordExecutor.executeKeywordForPlatform(KeywordExecutor.groovy:53)
	at com.kms.katalon.core.webui.keyword.WebUiBuiltInKeywords.click(WebUiBuiltInKeywords.groovy:616)
	at com.kms.katalon.core.webui.keyword.WebUiBuiltInKeywords$click$2.call(Unknown Source)
	at Hero banner - CTA.run(Hero banner - CTA:24)
	at com.kms.katalon.core.main.ScriptEngine.run(ScriptEngine.java:194)
	at com.kms.katalon.core.main.ScriptEngine.runScriptAsRawText(ScriptEngine.java:119)
	at com.kms.katalon.core.main.TestCaseExecutor.runScript(TestCaseExecutor.java:328)
	at com.kms.katalon.core.main.TestCaseExecutor.doExecute(TestCaseExecutor.java:319)
	at com.kms.katalon.core.main.TestCaseExecutor.processExecutionPhase(TestCaseExecutor.java:298)
	at com.kms.katalon.core.main.TestCaseExecutor.accessMainPhase(TestCaseExecutor.java:290)
	at com.kms.katalon.core.main.TestCaseExecutor.execute(TestCaseExecutor.java:224)
	at com.kms.katalon.core.main.TestSuiteExecutor.accessTestCaseMainPhase(TestSuiteExecutor.java:129)
	at com.kms.katalon.core.main.TestSuiteExecutor.accessTestSuiteMainPhase(TestSuiteExecutor.java:112)
	at com.kms.katalon.core.main.TestSuiteExecutor.execute(TestSuiteExecutor.java:81)
	at com.kms.katalon.core.main.TestCaseMain.startTestSuite(TestCaseMain.java:149)
	at com.kms.katalon.core.main.TestCaseMain$startTestSuite$0.call(Unknown Source)
	at TempTestSuite1560887558246.run(TempTestSuite1560887558246.groovy:36)
"/>
         <system-out><![CDATA[2019-06-18 15:57:32 - [TEST_CASE][FAILED] - Test Cases/HOME PAGE/Hero banner - CTA: Test Cases/HOME PAGE/Hero banner - CTA FAILED.
Reason:
com.kms.katalon.core.exception.StepFailedException: Unable to click on object 'Object Repository/APOLLO- Desktop/Home page/Hero banner - CTA/Shop Men button' (Root cause: org.openqa.selenium.ElementNotVisibleException: element not interactable
  (Session info: chrome=75.0.3770.100)
  (Driver info: chromedriver=2.43.600229 (3fae4d0cda5334b4f533bede5a4787f7b832d052),platform=Mac OS X 10.13.6 x86_64) (WARNING: The server did not provide any stacktrace information)
Command duration or timeout: 0 milliseconds
Build info: version: '3.7.1', revision: '8a0099a', time: '2017-11-06T21:07:36.161Z'
System info: host: 'sumans-MacBook-Pro.local', ip: 'fe80:0:0:0:9b:8caf:6d51:8ac%en0', os.name: 'Mac OS X', os.arch: 'x86_64', os.version: '10.13.6', java.version: '1.8.0_181'
Driver info: com.kms.katalon.selenium.driver.CChromeDriver
Capabilities {acceptInsecureCerts: false, acceptSslCerts: false, applicationCacheEnabled: false, browserConnectionEnabled: false, browserName: chrome, chrome: {chromedriverVersion: 2.43.600229 (3fae4d0cda5334..., userDataDir: /var/folders/1t/c55l8xzs6gq...}, cssSelectorsEnabled: true, databaseEnabled: false, goog:chromeOptions: {debuggerAddress: localhost:53090}, handlesAlerts: true, hasTouchScreen: false, javascriptEnabled: true, locationContextEnabled: true, mobileEmulationEnabled: false, nativeEvents: true, networkConnectionEnabled: false, pageLoadStrategy: normal, platform: MAC, platformName: MAC, rotatable: false, setWindowRect: true, takesHeapSnapshot: true, takesScreenshot: true, unexpectedAlertBehaviour: , unhandledPromptBehavior: , version: 75.0.3770.100, webStorageEnabled: true}
Session ID: e2a50c1aba3f6f192d067d42d8b1cd76)
	at com.kms.katalon.core.keyword.internal.KeywordMain.stepFailed(KeywordMain.groovy:36)
	at com.kms.katalon.core.webui.keyword.internal.WebUIKeywordMain.stepFailed(WebUIKeywordMain.groovy:65)
	at com.kms.katalon.core.webui.keyword.internal.WebUIKeywordMain.runKeyword(WebUIKeywordMain.groovy:27)
	at com.kms.katalon.core.webui.keyword.builtin.ClickKeyword.click(ClickKeyword.groovy:86)
	at com.kms.katalon.core.webui.keyword.builtin.ClickKeyword.execute(ClickKeyword.groovy:67)
	at com.kms.katalon.core.keyword.internal.KeywordExecutor.executeKeywordForPlatform(KeywordExecutor.groovy:53)
	at com.kms.katalon.core.webui.keyword.WebUiBuiltInKeywords.click(WebUiBuiltInKeywords.groovy:616)
	at com.kms.katalon.core.webui.keyword.WebUiBuiltInKeywords$click$2.call(Unknown Source)
	at Hero banner - CTA.run(Hero banner - CTA:24)
	at com.kms.katalon.core.main.ScriptEngine.run(ScriptEngine.java:194)
	at com.kms.katalon.core.main.ScriptEngine.runScriptAsRawText(ScriptEngine.java:119)
	at com.kms.katalon.core.main.TestCaseExecutor.runScript(TestCaseExecutor.java:328)
	at com.kms.katalon.core.main.TestCaseExecutor.doExecute(TestCaseExecutor.java:319)
	at com.kms.katalon.core.main.TestCaseExecutor.processExecutionPhase(TestCaseExecutor.java:298)
	at com.kms.katalon.core.main.TestCaseExecutor.accessMainPhase(TestCaseExecutor.java:290)
	at com.kms.katalon.core.main.TestCaseExecutor.execute(TestCaseExecutor.java:224)
	at com.kms.katalon.core.main.TestSuiteExecutor.accessTestCaseMainPhase(TestSuiteExecutor.java:129)
	at com.kms.katalon.core.main.TestSuiteExecutor.accessTestSuiteMainPhase(TestSuiteExecutor.java:112)
	at com.kms.katalon.core.main.TestSuiteExecutor.execute(TestSuiteExecutor.java:81)
	at com.kms.katalon.core.main.TestCaseMain.startTestSuite(TestCaseMain.java:149)
	at com.kms.katalon.core.main.TestCaseMain$startTestSuite$0.call(Unknown Source)
	at TempTestSuite1560887558246.run(TempTestSuite1560887558246.groovy:36)


2019-06-18 15:57:32 - [TEST_STEP][PASSED] - callTestCase(findTestCase("CALL - URL"), [:], STOP_ON_FAILURE): Call Test Case 'Test Cases/CALL - URL' successfully

2019-06-18 15:57:32 - [TEST_CASE][PASSED] - Test Cases/CALL - URL: Test Cases/CALL - URL

2019-06-18 15:57:32 - [TEST_STEP][PASSED] - openBrowser(""): Browser is opened with url: ''

2019-06-18 15:57:32 - [MESSAGE][WARNING] - A browser is already opened. Closing browser and opening a new one

2019-06-18 15:57:33 - [MESSAGE][INFO] - Starting 'Chrome' driver

2019-06-18 15:57:34 - [MESSAGE][PASSED] - Browser is opened with url: ''

2019-06-18 15:57:34 - [TEST_STEP][PASSED] - navigateToUrl("https://diff-apollo.myshopify.com/?_ab=0&_fd=0&_sc=1&preview_theme_id=68602101860"): Navigate to 'https://diff-apollo.myshopify.com/?_ab=0&_fd=0&_sc=1&preview_theme_id=68602101860' successfully

2019-06-18 15:57:37 - [MESSAGE][PASSED] - Navigate to 'https://diff-apollo.myshopify.com/?_ab=0&_fd=0&_sc=1&preview_theme_id=68602101860' successfully

2019-06-18 15:57:37 - [TEST_STEP][PASSED] - executeJavaScript("var previewBar = document.getElementById("preview-bar-iframe"); previewBar.style.display = "none";", []): Execute JavaScript 'var previewBar = document.getElementById("preview-bar-iframe"); previewBar.style.display = "none";' successfully

2019-06-18 15:57:37 - [MESSAGE][PASSED] - Execute JavaScript 'var previewBar = document.getElementById("preview-bar-iframe"); previewBar.style.display = "none";' successfully

2019-06-18 15:57:37 - [MESSAGE][PASSED] - Call Test Case 'Test Cases/CALL - URL' successfully

2019-06-18 15:57:37 - [TEST_STEP][PASSED] - delay(2): Delayed 2 second(s)

2019-06-18 15:57:39 - [MESSAGE][PASSED] - Delayed 2 second(s)

2019-06-18 15:57:39 - [TEST_STEP][PASSED] - click(findTestObject("APOLLO- Desktop/Home page/Hero banner - CTA/First slick slide")): Object: 'Object Repository/APOLLO- Desktop/Home page/Hero banner - CTA/First slick slide' is clicked on

2019-06-18 15:57:39 - [MESSAGE][PASSED] - Object: 'Object Repository/APOLLO- Desktop/Home page/Hero banner - CTA/First slick slide' is clicked on

2019-06-18 15:57:39 - [TEST_STEP][PASSED] - delay(2): Delayed 2 second(s)

2019-06-18 15:57:41 - [MESSAGE][PASSED] - Delayed 2 second(s)

2019-06-18 15:57:41 - [TEST_STEP][FAILED] - click(findTestObject("APOLLO- Desktop/Home page/Hero banner - CTA/Shop Men button")): click(findTestObject("APOLLO- Desktop/Home page/Hero banner - CTA/Shop Men button")) FAILED.
Reason:
com.kms.katalon.core.exception.StepFailedException: Unable to click on object 'Object Repository/APOLLO- Desktop/Home page/Hero banner - CTA/Shop Men button' (Root cause: org.openqa.selenium.ElementNotVisibleException: element not interactable
  (Session info: chrome=75.0.3770.100)
  (Driver info: chromedriver=2.43.600229 (3fae4d0cda5334b4f533bede5a4787f7b832d052),platform=Mac OS X 10.13.6 x86_64) (WARNING: The server did not provide any stacktrace information)
Command duration or timeout: 0 milliseconds
Build info: version: '3.7.1', revision: '8a0099a', time: '2017-11-06T21:07:36.161Z'
System info: host: 'sumans-MacBook-Pro.local', ip: 'fe80:0:0:0:9b:8caf:6d51:8ac%en0', os.name: 'Mac OS X', os.arch: 'x86_64', os.version: '10.13.6', java.version: '1.8.0_181'
Driver info: com.kms.katalon.selenium.driver.CChromeDriver
Capabilities {acceptInsecureCerts: false, acceptSslCerts: false, applicationCacheEnabled: false, browserConnectionEnabled: false, browserName: chrome, chrome: {chromedriverVersion: 2.43.600229 (3fae4d0cda5334..., userDataDir: /var/folders/1t/c55l8xzs6gq...}, cssSelectorsEnabled: true, databaseEnabled: false, goog:chromeOptions: {debuggerAddress: localhost:53090}, handlesAlerts: true, hasTouchScreen: false, javascriptEnabled: true, locationContextEnabled: true, mobileEmulationEnabled: false, nativeEvents: true, networkConnectionEnabled: false, pageLoadStrategy: normal, platform: MAC, platformName: MAC, rotatable: false, setWindowRect: true, takesHeapSnapshot: true, takesScreenshot: true, unexpectedAlertBehaviour: , unhandledPromptBehavior: , version: 75.0.3770.100, webStorageEnabled: true}
Session ID: e2a50c1aba3f6f192d067d42d8b1cd76)
	at com.kms.katalon.core.keyword.internal.KeywordMain.stepFailed(KeywordMain.groovy:36)
	at com.kms.katalon.core.webui.keyword.internal.WebUIKeywordMain.stepFailed(WebUIKeywordMain.groovy:65)
	at com.kms.katalon.core.webui.keyword.internal.WebUIKeywordMain.runKeyword(WebUIKeywordMain.groovy:27)
	at com.kms.katalon.core.webui.keyword.builtin.ClickKeyword.click(ClickKeyword.groovy:86)
	at com.kms.katalon.core.webui.keyword.builtin.ClickKeyword.execute(ClickKeyword.groovy:67)
	at com.kms.katalon.core.keyword.internal.KeywordExecutor.executeKeywordForPlatform(KeywordExecutor.groovy:53)
	at com.kms.katalon.core.webui.keyword.WebUiBuiltInKeywords.click(WebUiBuiltInKeywords.groovy:616)
	at com.kms.katalon.core.webui.keyword.WebUiBuiltInKeywords$click$2.call(Unknown Source)
	at Hero banner - CTA.run(Hero banner - CTA:24)
	at com.kms.katalon.core.main.ScriptEngine.run(ScriptEngine.java:194)
	at com.kms.katalon.core.main.ScriptEngine.runScriptAsRawText(ScriptEngine.java:119)
	at com.kms.katalon.core.main.TestCaseExecutor.runScript(TestCaseExecutor.java:328)
	at com.kms.katalon.core.main.TestCaseExecutor.doExecute(TestCaseExecutor.java:319)
	at com.kms.katalon.core.main.TestCaseExecutor.processExecutionPhase(TestCaseExecutor.java:298)
	at com.kms.katalon.core.main.TestCaseExecutor.accessMainPhase(TestCaseExecutor.java:290)
	at com.kms.katalon.core.main.TestCaseExecutor.execute(TestCaseExecutor.java:224)
	at com.kms.katalon.core.main.TestSuiteExecutor.accessTestCaseMainPhase(TestSuiteExecutor.java:129)
	at com.kms.katalon.core.main.TestSuiteExecutor.accessTestSuiteMainPhase(TestSuiteExecutor.java:112)
	at com.kms.katalon.core.main.TestSuiteExecutor.execute(TestSuiteExecutor.java:81)
	at com.kms.katalon.core.main.TestCaseMain.startTestSuite(TestCaseMain.java:149)
	at com.kms.katalon.core.main.TestCaseMain$startTestSuite$0.call(Unknown Source)
	at TempTestSuite1560887558246.run(TempTestSuite1560887558246.groovy:36)


2019-06-18 15:57:42 - [MESSAGE][FAILED] - Unable to click on object 'Object Repository/APOLLO- Desktop/Home page/Hero banner - CTA/Shop Men button' (Root cause: org.openqa.selenium.ElementNotVisibleException: element not interactable
  (Session info: chrome=75.0.3770.100)
  (Driver info: chromedriver=2.43.600229 (3fae4d0cda5334b4f533bede5a4787f7b832d052),platform=Mac OS X 10.13.6 x86_64) (WARNING: The server did not provide any stacktrace information)
Command duration or timeout: 0 milliseconds
Build info: version: '3.7.1', revision: '8a0099a', time: '2017-11-06T21:07:36.161Z'
System info: host: 'sumans-MacBook-Pro.local', ip: 'fe80:0:0:0:9b:8caf:6d51:8ac%en0', os.name: 'Mac OS X', os.arch: 'x86_64', os.version: '10.13.6', java.version: '1.8.0_181'
Driver info: com.kms.katalon.selenium.driver.CChromeDriver
Capabilities {acceptInsecureCerts: false, acceptSslCerts: false, applicationCacheEnabled: false, browserConnectionEnabled: false, browserName: chrome, chrome: {chromedriverVersion: 2.43.600229 (3fae4d0cda5334..., userDataDir: /var/folders/1t/c55l8xzs6gq...}, cssSelectorsEnabled: true, databaseEnabled: false, goog:chromeOptions: {debuggerAddress: localhost:53090}, handlesAlerts: true, hasTouchScreen: false, javascriptEnabled: true, locationContextEnabled: true, mobileEmulationEnabled: false, nativeEvents: true, networkConnectionEnabled: false, pageLoadStrategy: normal, platform: MAC, platformName: MAC, rotatable: false, setWindowRect: true, takesHeapSnapshot: true, takesScreenshot: true, unexpectedAlertBehaviour: , unhandledPromptBehavior: , version: 75.0.3770.100, webStorageEnabled: true}
Session ID: e2a50c1aba3f6f192d067d42d8b1cd76)
[[ATTACHMENT|/Users/sumankompelly/Katalon Studio/APOLLO/Reports/Apollo- Desktop/20190618_155238/1560887861676.png]]

2019-06-18 15:57:42 - [MESSAGE][FAILED] - click(findTestObject("APOLLO- Desktop/Home page/Hero banner - CTA/Shop Men button")) FAILED.
Reason:
com.kms.katalon.core.exception.StepFailedException: Unable to click on object 'Object Repository/APOLLO- Desktop/Home page/Hero banner - CTA/Shop Men button' (Root cause: org.openqa.selenium.ElementNotVisibleException: element not interactable
  (Session info: chrome=75.0.3770.100)
  (Driver info: chromedriver=2.43.600229 (3fae4d0cda5334b4f533bede5a4787f7b832d052),platform=Mac OS X 10.13.6 x86_64) (WARNING: The server did not provide any stacktrace information)
Command duration or timeout: 0 milliseconds
Build info: version: '3.7.1', revision: '8a0099a', time: '2017-11-06T21:07:36.161Z'
System info: host: 'sumans-MacBook-Pro.local', ip: 'fe80:0:0:0:9b:8caf:6d51:8ac%en0', os.name: 'Mac OS X', os.arch: 'x86_64', os.version: '10.13.6', java.version: '1.8.0_181'
Driver info: com.kms.katalon.selenium.driver.CChromeDriver
Capabilities {acceptInsecureCerts: false, acceptSslCerts: false, applicationCacheEnabled: false, browserConnectionEnabled: false, browserName: chrome, chrome: {chromedriverVersion: 2.43.600229 (3fae4d0cda5334..., userDataDir: /var/folders/1t/c55l8xzs6gq...}, cssSelectorsEnabled: true, databaseEnabled: false, goog:chromeOptions: {debuggerAddress: localhost:53090}, handlesAlerts: true, hasTouchScreen: false, javascriptEnabled: true, locationContextEnabled: true, mobileEmulationEnabled: false, nativeEvents: true, networkConnectionEnabled: false, pageLoadStrategy: normal, platform: MAC, platformName: MAC, rotatable: false, setWindowRect: true, takesHeapSnapshot: true, takesScreenshot: true, unexpectedAlertBehaviour: , unhandledPromptBehavior: , version: 75.0.3770.100, webStorageEnabled: true}
Session ID: e2a50c1aba3f6f192d067d42d8b1cd76)
	at com.kms.katalon.core.keyword.internal.KeywordMain.stepFailed(KeywordMain.groovy:36)
	at com.kms.katalon.core.webui.keyword.internal.WebUIKeywordMain.stepFailed(WebUIKeywordMain.groovy:65)
	at com.kms.katalon.core.webui.keyword.internal.WebUIKeywordMain.runKeyword(WebUIKeywordMain.groovy:27)
	at com.kms.katalon.core.webui.keyword.builtin.ClickKeyword.click(ClickKeyword.groovy:86)
	at com.kms.katalon.core.webui.keyword.builtin.ClickKeyword.execute(ClickKeyword.groovy:67)
	at com.kms.katalon.core.keyword.internal.KeywordExecutor.executeKeywordForPlatform(KeywordExecutor.groovy:53)
	at com.kms.katalon.core.webui.keyword.WebUiBuiltInKeywords.click(WebUiBuiltInKeywords.groovy:616)
	at com.kms.katalon.core.webui.keyword.WebUiBuiltInKeywords$click$2.call(Unknown Source)
	at Hero banner - CTA.run(Hero banner - CTA:24)
	at com.kms.katalon.core.main.ScriptEngine.run(ScriptEngine.java:194)
	at com.kms.katalon.core.main.ScriptEngine.runScriptAsRawText(ScriptEngine.java:119)
	at com.kms.katalon.core.main.TestCaseExecutor.runScript(TestCaseExecutor.java:328)
	at com.kms.katalon.core.main.TestCaseExecutor.doExecute(TestCaseExecutor.java:319)
	at com.kms.katalon.core.main.TestCaseExecutor.processExecutionPhase(TestCaseExecutor.java:298)
	at com.kms.katalon.core.main.TestCaseExecutor.accessMainPhase(TestCaseExecutor.java:290)
	at com.kms.katalon.core.main.TestCaseExecutor.execute(TestCaseExecutor.java:224)
	at com.kms.katalon.core.main.TestSuiteExecutor.accessTestCaseMainPhase(TestSuiteExecutor.java:129)
	at com.kms.katalon.core.main.TestSuiteExecutor.accessTestSuiteMainPhase(TestSuiteExecutor.java:112)
	at com.kms.katalon.core.main.TestSuiteExecutor.execute(TestSuiteExecutor.java:81)
	at com.kms.katalon.core.main.TestCaseMain.startTestSuite(TestCaseMain.java:149)
	at com.kms.katalon.core.main.TestCaseMain$startTestSuite$0.call(Unknown Source)
	at TempTestSuite1560887558246.run(TempTestSuite1560887558246.groovy:36)]]></system-out>
         <system-err><![CDATA[2019-06-18 15:57:32 - [TEST_CASE][FAILED] - Test Cases/HOME PAGE/Hero banner - CTA: Test Cases/HOME PAGE/Hero banner - CTA FAILED.
Reason:
com.kms.katalon.core.exception.StepFailedException: Unable to click on object 'Object Repository/APOLLO- Desktop/Home page/Hero banner - CTA/Shop Men button' (Root cause: org.openqa.selenium.ElementNotVisibleException: element not interactable
  (Session info: chrome=75.0.3770.100)
  (Driver info: chromedriver=2.43.600229 (3fae4d0cda5334b4f533bede5a4787f7b832d052),platform=Mac OS X 10.13.6 x86_64) (WARNING: The server did not provide any stacktrace information)
Command duration or timeout: 0 milliseconds
Build info: version: '3.7.1', revision: '8a0099a', time: '2017-11-06T21:07:36.161Z'
System info: host: 'sumans-MacBook-Pro.local', ip: 'fe80:0:0:0:9b:8caf:6d51:8ac%en0', os.name: 'Mac OS X', os.arch: 'x86_64', os.version: '10.13.6', java.version: '1.8.0_181'
Driver info: com.kms.katalon.selenium.driver.CChromeDriver
Capabilities {acceptInsecureCerts: false, acceptSslCerts: false, applicationCacheEnabled: false, browserConnectionEnabled: false, browserName: chrome, chrome: {chromedriverVersion: 2.43.600229 (3fae4d0cda5334..., userDataDir: /var/folders/1t/c55l8xzs6gq...}, cssSelectorsEnabled: true, databaseEnabled: false, goog:chromeOptions: {debuggerAddress: localhost:53090}, handlesAlerts: true, hasTouchScreen: false, javascriptEnabled: true, locationContextEnabled: true, mobileEmulationEnabled: false, nativeEvents: true, networkConnectionEnabled: false, pageLoadStrategy: normal, platform: MAC, platformName: MAC, rotatable: false, setWindowRect: true, takesHeapSnapshot: true, takesScreenshot: true, unexpectedAlertBehaviour: , unhandledPromptBehavior: , version: 75.0.3770.100, webStorageEnabled: true}
Session ID: e2a50c1aba3f6f192d067d42d8b1cd76)
	at com.kms.katalon.core.keyword.internal.KeywordMain.stepFailed(KeywordMain.groovy:36)
	at com.kms.katalon.core.webui.keyword.internal.WebUIKeywordMain.stepFailed(WebUIKeywordMain.groovy:65)
	at com.kms.katalon.core.webui.keyword.internal.WebUIKeywordMain.runKeyword(WebUIKeywordMain.groovy:27)
	at com.kms.katalon.core.webui.keyword.builtin.ClickKeyword.click(ClickKeyword.groovy:86)
	at com.kms.katalon.core.webui.keyword.builtin.ClickKeyword.execute(ClickKeyword.groovy:67)
	at com.kms.katalon.core.keyword.internal.KeywordExecutor.executeKeywordForPlatform(KeywordExecutor.groovy:53)
	at com.kms.katalon.core.webui.keyword.WebUiBuiltInKeywords.click(WebUiBuiltInKeywords.groovy:616)
	at com.kms.katalon.core.webui.keyword.WebUiBuiltInKeywords$click$2.call(Unknown Source)
	at Hero banner - CTA.run(Hero banner - CTA:24)
	at com.kms.katalon.core.main.ScriptEngine.run(ScriptEngine.java:194)
	at com.kms.katalon.core.main.ScriptEngine.runScriptAsRawText(ScriptEngine.java:119)
	at com.kms.katalon.core.main.TestCaseExecutor.runScript(TestCaseExecutor.java:328)
	at com.kms.katalon.core.main.TestCaseExecutor.doExecute(TestCaseExecutor.java:319)
	at com.kms.katalon.core.main.TestCaseExecutor.processExecutionPhase(TestCaseExecutor.java:298)
	at com.kms.katalon.core.main.TestCaseExecutor.accessMainPhase(TestCaseExecutor.java:290)
	at com.kms.katalon.core.main.TestCaseExecutor.execute(TestCaseExecutor.java:224)
	at com.kms.katalon.core.main.TestSuiteExecutor.accessTestCaseMainPhase(TestSuiteExecutor.java:129)
	at com.kms.katalon.core.main.TestSuiteExecutor.accessTestSuiteMainPhase(TestSuiteExecutor.java:112)
	at com.kms.katalon.core.main.TestSuiteExecutor.execute(TestSuiteExecutor.java:81)
	at com.kms.katalon.core.main.TestCaseMain.startTestSuite(TestCaseMain.java:149)
	at com.kms.katalon.core.main.TestCaseMain$startTestSuite$0.call(Unknown Source)
	at TempTestSuite1560887558246.run(TempTestSuite1560887558246.groovy:36)]]></system-err>
      </testcase>
      <testcase name="Test Cases/HOME PAGE/Burger menu - navigation links" classname="Test Cases/HOME PAGE/Burger menu - navigation links" status="PASSED">
         <system-out><![CDATA[2019-06-18 15:57:42 - [TEST_CASE][PASSED] - Test Cases/HOME PAGE/Burger menu - navigation links: Test Cases/HOME PAGE/Burger menu - navigation links

2019-06-18 15:57:42 - [TEST_STEP][PASSED] - callTestCase(findTestCase("CALL - URL"), [:], STOP_ON_FAILURE): Call Test Case 'Test Cases/CALL - URL' successfully

2019-06-18 15:57:42 - [TEST_CASE][PASSED] - Test Cases/CALL - URL: Test Cases/CALL - URL

2019-06-18 15:57:42 - [TEST_STEP][PASSED] - openBrowser(""): Browser is opened with url: ''

2019-06-18 15:57:42 - [MESSAGE][WARNING] - A browser is already opened. Closing browser and opening a new one

2019-06-18 15:57:42 - [MESSAGE][INFO] - Starting 'Chrome' driver

2019-06-18 15:57:43 - [MESSAGE][PASSED] - Browser is opened with url: ''

2019-06-18 15:57:43 - [TEST_STEP][PASSED] - navigateToUrl("https://diff-apollo.myshopify.com/?_ab=0&_fd=0&_sc=1&preview_theme_id=68602101860"): Navigate to 'https://diff-apollo.myshopify.com/?_ab=0&_fd=0&_sc=1&preview_theme_id=68602101860' successfully

2019-06-18 15:57:47 - [MESSAGE][PASSED] - Navigate to 'https://diff-apollo.myshopify.com/?_ab=0&_fd=0&_sc=1&preview_theme_id=68602101860' successfully

2019-06-18 15:57:47 - [TEST_STEP][PASSED] - executeJavaScript("var previewBar = document.getElementById("preview-bar-iframe"); previewBar.style.display = "none";", []): Execute JavaScript 'var previewBar = document.getElementById("preview-bar-iframe"); previewBar.style.display = "none";' successfully

2019-06-18 15:57:47 - [MESSAGE][PASSED] - Execute JavaScript 'var previewBar = document.getElementById("preview-bar-iframe"); previewBar.style.display = "none";' successfully

2019-06-18 15:57:47 - [MESSAGE][PASSED] - Call Test Case 'Test Cases/CALL - URL' successfully

2019-06-18 15:57:47 - [TEST_STEP][PASSED] - delay(2): Delayed 2 second(s)

2019-06-18 15:57:49 - [MESSAGE][PASSED] - Delayed 2 second(s)

2019-06-18 15:57:49 - [TEST_STEP][PASSED] - click(findTestObject("APOLLO- Desktop/Burger Menu/Burgermenu")): Object: 'Object Repository/APOLLO- Desktop/Burger Menu/Burgermenu' is clicked on

2019-06-18 15:57:49 - [MESSAGE][PASSED] - Object: 'Object Repository/APOLLO- Desktop/Burger Menu/Burgermenu' is clicked on

2019-06-18 15:57:49 - [TEST_STEP][PASSED] - delay(2): Delayed 2 second(s)

2019-06-18 15:57:51 - [MESSAGE][PASSED] - Delayed 2 second(s)

2019-06-18 15:57:51 - [TEST_STEP][PASSED] - click(findTestObject("APOLLO- Desktop/Burger Menu/Mens chevron")): Object: 'Object Repository/APOLLO- Desktop/Burger Menu/Mens chevron' is clicked on

2019-06-18 15:57:51 - [MESSAGE][PASSED] - Object: 'Object Repository/APOLLO- Desktop/Burger Menu/Mens chevron' is clicked on

2019-06-18 15:57:51 - [TEST_STEP][PASSED] - delay(2): Delayed 2 second(s)

2019-06-18 15:57:53 - [MESSAGE][PASSED] - Delayed 2 second(s)

2019-06-18 15:57:53 - [TEST_STEP][PASSED] - click(findTestObject("APOLLO- Desktop/Burger Menu/Mens - Top Chevron")): Object: 'Object Repository/APOLLO- Desktop/Burger Menu/Mens - Top Chevron' is clicked on

2019-06-18 15:57:53 - [MESSAGE][PASSED] - Object: 'Object Repository/APOLLO- Desktop/Burger Menu/Mens - Top Chevron' is clicked on

2019-06-18 15:57:53 - [TEST_STEP][PASSED] - delay(2): Delayed 2 second(s)

2019-06-18 15:57:55 - [MESSAGE][PASSED] - Delayed 2 second(s)

2019-06-18 15:57:55 - [TEST_STEP][PASSED] - click(findTestObject("APOLLO- Desktop/Burger Menu/Shirts link")): Object: 'Object Repository/APOLLO- Desktop/Burger Menu/Shirts link' is clicked on

2019-06-18 15:57:56 - [MESSAGE][PASSED] - Object: 'Object Repository/APOLLO- Desktop/Burger Menu/Shirts link' is clicked on

2019-06-18 15:57:56 - [TEST_STEP][PASSED] - delay(2): Delayed 2 second(s)

2019-06-18 15:57:58 - [MESSAGE][PASSED] - Delayed 2 second(s)

2019-06-18 15:57:58 - [TEST_STEP][PASSED] - click(findTestObject("APOLLO- Desktop/Burger Menu/Burgermenu")): Object: 'Object Repository/APOLLO- Desktop/Burger Menu/Burgermenu' is clicked on

2019-06-18 15:57:58 - [MESSAGE][PASSED] - Object: 'Object Repository/APOLLO- Desktop/Burger Menu/Burgermenu' is clicked on

2019-06-18 15:57:58 - [TEST_STEP][PASSED] - delay(2): Delayed 2 second(s)

2019-06-18 15:58:00 - [MESSAGE][PASSED] - Delayed 2 second(s)

2019-06-18 15:58:00 - [TEST_STEP][PASSED] - click(findTestObject("APOLLO- Desktop/Burger Menu/Mens chevron")): Object: 'Object Repository/APOLLO- Desktop/Burger Menu/Mens chevron' is clicked on

2019-06-18 15:58:00 - [MESSAGE][PASSED] - Object: 'Object Repository/APOLLO- Desktop/Burger Menu/Mens chevron' is clicked on

2019-06-18 15:58:00 - [TEST_STEP][PASSED] - delay(2): Delayed 2 second(s)

2019-06-18 15:58:02 - [MESSAGE][PASSED] - Delayed 2 second(s)

2019-06-18 15:58:02 - [TEST_STEP][PASSED] - click(findTestObject("APOLLO- Desktop/Burger Menu/Mens - Top Chevron")): Object: 'Object Repository/APOLLO- Desktop/Burger Menu/Mens - Top Chevron' is clicked on

2019-06-18 15:58:02 - [MESSAGE][PASSED] - Object: 'Object Repository/APOLLO- Desktop/Burger Menu/Mens - Top Chevron' is clicked on

2019-06-18 15:58:02 - [TEST_STEP][PASSED] - delay(2): Delayed 2 second(s)

2019-06-18 15:58:04 - [MESSAGE][PASSED] - Delayed 2 second(s)

2019-06-18 15:58:04 - [TEST_STEP][PASSED] - click(findTestObject("APOLLO- Desktop/Burger Menu/T- Shirts link")): Object: 'Object Repository/APOLLO- Desktop/Burger Menu/T- Shirts link' is clicked on

2019-06-18 15:58:10 - [MESSAGE][PASSED] - Object: 'Object Repository/APOLLO- Desktop/Burger Menu/T- Shirts link' is clicked on

2019-06-18 15:58:10 - [TEST_STEP][PASSED] - delay(2): Delayed 2 second(s)

2019-06-18 15:58:12 - [MESSAGE][PASSED] - Delayed 2 second(s)

2019-06-18 15:58:12 - [TEST_STEP][PASSED] - click(findTestObject("APOLLO- Desktop/Burger Menu/Burgermenu")): Object: 'Object Repository/APOLLO- Desktop/Burger Menu/Burgermenu' is clicked on

2019-06-18 15:58:12 - [MESSAGE][PASSED] - Object: 'Object Repository/APOLLO- Desktop/Burger Menu/Burgermenu' is clicked on

2019-06-18 15:58:12 - [TEST_STEP][PASSED] - delay(2): Delayed 2 second(s)

2019-06-18 15:58:14 - [MESSAGE][PASSED] - Delayed 2 second(s)

2019-06-18 15:58:14 - [TEST_STEP][PASSED] - click(findTestObject("APOLLO- Desktop/Burger Menu/Mens chevron")): Object: 'Object Repository/APOLLO- Desktop/Burger Menu/Mens chevron' is clicked on

2019-06-18 15:58:14 - [MESSAGE][PASSED] - Object: 'Object Repository/APOLLO- Desktop/Burger Menu/Mens chevron' is clicked on

2019-06-18 15:58:14 - [TEST_STEP][PASSED] - delay(2): Delayed 2 second(s)

2019-06-18 15:58:16 - [MESSAGE][PASSED] - Delayed 2 second(s)

2019-06-18 15:58:16 - [TEST_STEP][PASSED] - click(findTestObject("APOLLO- Desktop/Burger Menu/Mens - Top Chevron")): Object: 'Object Repository/APOLLO- Desktop/Burger Menu/Mens - Top Chevron' is clicked on

2019-06-18 15:58:16 - [MESSAGE][PASSED] - Object: 'Object Repository/APOLLO- Desktop/Burger Menu/Mens - Top Chevron' is clicked on

2019-06-18 15:58:16 - [TEST_STEP][PASSED] - delay(2): Delayed 2 second(s)

2019-06-18 15:58:18 - [MESSAGE][PASSED] - Delayed 2 second(s)

2019-06-18 15:58:18 - [TEST_STEP][PASSED] - click(findTestObject("APOLLO- Desktop/Burger Menu/Sweaters")): Object: 'Object Repository/APOLLO- Desktop/Burger Menu/Sweaters' is clicked on

2019-06-18 15:58:20 - [MESSAGE][PASSED] - Object: 'Object Repository/APOLLO- Desktop/Burger Menu/Sweaters' is clicked on

2019-06-18 15:58:20 - [TEST_STEP][PASSED] - delay(2): Delayed 2 second(s)

2019-06-18 15:58:22 - [MESSAGE][PASSED] - Delayed 2 second(s)

2019-06-18 15:58:22 - [TEST_STEP][PASSED] - click(findTestObject("APOLLO- Desktop/Burger Menu/Burgermenu")): Object: 'Object Repository/APOLLO- Desktop/Burger Menu/Burgermenu' is clicked on

2019-06-18 15:58:22 - [MESSAGE][PASSED] - Object: 'Object Repository/APOLLO- Desktop/Burger Menu/Burgermenu' is clicked on

2019-06-18 15:58:22 - [TEST_STEP][PASSED] - delay(2): Delayed 2 second(s)

2019-06-18 15:58:24 - [MESSAGE][PASSED] - Delayed 2 second(s)

2019-06-18 15:58:24 - [TEST_STEP][PASSED] - click(findTestObject("APOLLO- Desktop/Burger Menu/Women link")): Object: 'Object Repository/APOLLO- Desktop/Burger Menu/Women link' is clicked on

2019-06-18 15:58:24 - [MESSAGE][PASSED] - Object: 'Object Repository/APOLLO- Desktop/Burger Menu/Women link' is clicked on

2019-06-18 15:58:24 - [TEST_STEP][PASSED] - delay(2): Delayed 2 second(s)

2019-06-18 15:58:26 - [MESSAGE][PASSED] - Delayed 2 second(s)

2019-06-18 15:58:26 - [TEST_STEP][PASSED] - click(findTestObject("APOLLO- Desktop/Burger Menu/Jackets - Coats")): Object: 'Object Repository/APOLLO- Desktop/Burger Menu/Jackets - Coats' is clicked on

2019-06-18 15:58:30 - [MESSAGE][PASSED] - Object: 'Object Repository/APOLLO- Desktop/Burger Menu/Jackets - Coats' is clicked on

2019-06-18 15:58:30 - [TEST_STEP][PASSED] - delay(2): Delayed 2 second(s)

2019-06-18 15:58:32 - [MESSAGE][PASSED] - Delayed 2 second(s)

2019-06-18 15:58:32 - [TEST_STEP][PASSED] - click(findTestObject("APOLLO- Desktop/Burger Menu/Burgermenu")): Object: 'Object Repository/APOLLO- Desktop/Burger Menu/Burgermenu' is clicked on

2019-06-18 15:58:32 - [MESSAGE][PASSED] - Object: 'Object Repository/APOLLO- Desktop/Burger Menu/Burgermenu' is clicked on

2019-06-18 15:58:32 - [TEST_STEP][PASSED] - delay(2): Delayed 2 second(s)

2019-06-18 15:58:34 - [MESSAGE][PASSED] - Delayed 2 second(s)

2019-06-18 15:58:34 - [TEST_STEP][PASSED] - click(findTestObject("APOLLO- Desktop/Burger Menu/Women link")): Object: 'Object Repository/APOLLO- Desktop/Burger Menu/Women link' is clicked on

2019-06-18 15:58:34 - [MESSAGE][PASSED] - Object: 'Object Repository/APOLLO- Desktop/Burger Menu/Women link' is clicked on

2019-06-18 15:58:34 - [TEST_STEP][PASSED] - delay(2): Delayed 2 second(s)

2019-06-18 15:58:36 - [MESSAGE][PASSED] - Delayed 2 second(s)

2019-06-18 15:58:36 - [TEST_STEP][PASSED] - click(findTestObject("APOLLO- Desktop/Burger Menu/Bottoms")): Object: 'Object Repository/APOLLO- Desktop/Burger Menu/Bottoms' is clicked on

2019-06-18 15:58:39 - [MESSAGE][PASSED] - Object: 'Object Repository/APOLLO- Desktop/Burger Menu/Bottoms' is clicked on

2019-06-18 15:58:39 - [TEST_STEP][PASSED] - delay(2): Delayed 2 second(s)

2019-06-18 15:58:41 - [MESSAGE][PASSED] - Delayed 2 second(s)

2019-06-18 15:58:41 - [TEST_STEP][PASSED] - click(findTestObject("APOLLO- Desktop/Burger Menu/Burgermenu")): Object: 'Object Repository/APOLLO- Desktop/Burger Menu/Burgermenu' is clicked on

2019-06-18 15:58:41 - [MESSAGE][PASSED] - Object: 'Object Repository/APOLLO- Desktop/Burger Menu/Burgermenu' is clicked on

2019-06-18 15:58:41 - [TEST_STEP][PASSED] - delay(2): Delayed 2 second(s)

2019-06-18 15:58:43 - [MESSAGE][PASSED] - Delayed 2 second(s)

2019-06-18 15:58:43 - [TEST_STEP][PASSED] - click(findTestObject("APOLLO- Desktop/Burger Menu/Women link")): Object: 'Object Repository/APOLLO- Desktop/Burger Menu/Women link' is clicked on

2019-06-18 15:58:43 - [MESSAGE][PASSED] - Object: 'Object Repository/APOLLO- Desktop/Burger Menu/Women link' is clicked on

2019-06-18 15:58:43 - [TEST_STEP][PASSED] - delay(2): Delayed 2 second(s)

2019-06-18 15:58:45 - [MESSAGE][PASSED] - Delayed 2 second(s)

2019-06-18 15:58:45 - [TEST_STEP][PASSED] - click(findTestObject("APOLLO- Desktop/Burger Menu/Shop all")): Object: 'Object Repository/APOLLO- Desktop/Burger Menu/Shop all' is clicked on

2019-06-18 15:58:49 - [MESSAGE][PASSED] - Object: 'Object Repository/APOLLO- Desktop/Burger Menu/Shop all' is clicked on

2019-06-18 15:58:49 - [TEST_STEP][PASSED] - delay(2): Delayed 2 second(s)

2019-06-18 15:58:51 - [MESSAGE][PASSED] - Delayed 2 second(s)

2019-06-18 15:58:51 - [TEST_STEP][PASSED] - click(findTestObject("APOLLO- Desktop/Burger Menu/Burgermenu")): Object: 'Object Repository/APOLLO- Desktop/Burger Menu/Burgermenu' is clicked on

2019-06-18 15:58:51 - [MESSAGE][PASSED] - Object: 'Object Repository/APOLLO- Desktop/Burger Menu/Burgermenu' is clicked on

2019-06-18 15:58:51 - [TEST_STEP][PASSED] - delay(2): Delayed 2 second(s)

2019-06-18 15:58:53 - [MESSAGE][PASSED] - Delayed 2 second(s)

2019-06-18 15:58:53 - [TEST_STEP][PASSED] - click(findTestObject("APOLLO- Desktop/Burger Menu/Women link")): Object: 'Object Repository/APOLLO- Desktop/Burger Menu/Women link' is clicked on

2019-06-18 15:58:53 - [MESSAGE][PASSED] - Object: 'Object Repository/APOLLO- Desktop/Burger Menu/Women link' is clicked on

2019-06-18 15:58:53 - [TEST_STEP][PASSED] - delay(2): Delayed 2 second(s)

2019-06-18 15:58:55 - [MESSAGE][PASSED] - Delayed 2 second(s)

2019-06-18 15:58:55 - [TEST_STEP][PASSED] - click(findTestObject("APOLLO- Desktop/Burger Menu/Women - Top Chevron")): Object: 'Object Repository/APOLLO- Desktop/Burger Menu/Women - Top Chevron' is clicked on

2019-06-18 15:58:55 - [MESSAGE][PASSED] - Object: 'Object Repository/APOLLO- Desktop/Burger Menu/Women - Top Chevron' is clicked on

2019-06-18 15:58:55 - [TEST_STEP][PASSED] - delay(2): Delayed 2 second(s)

2019-06-18 15:58:57 - [MESSAGE][PASSED] - Delayed 2 second(s)

2019-06-18 15:58:57 - [TEST_STEP][PASSED] - click(findTestObject("APOLLO- Desktop/Burger Menu/Shirts link - women")): Object: 'Object Repository/APOLLO- Desktop/Burger Menu/Shirts link - women' is clicked on

2019-06-18 15:58:59 - [MESSAGE][PASSED] - Object: 'Object Repository/APOLLO- Desktop/Burger Menu/Shirts link - women' is clicked on

2019-06-18 15:58:59 - [TEST_STEP][PASSED] - delay(2): Delayed 2 second(s)

2019-06-18 15:59:01 - [MESSAGE][PASSED] - Delayed 2 second(s)

2019-06-18 15:59:01 - [TEST_STEP][PASSED] - click(findTestObject("APOLLO- Desktop/Burger Menu/Burgermenu")): Object: 'Object Repository/APOLLO- Desktop/Burger Menu/Burgermenu' is clicked on

2019-06-18 15:59:02 - [MESSAGE][PASSED] - Object: 'Object Repository/APOLLO- Desktop/Burger Menu/Burgermenu' is clicked on

2019-06-18 15:59:02 - [TEST_STEP][PASSED] - delay(2): Delayed 2 second(s)

2019-06-18 15:59:04 - [MESSAGE][PASSED] - Delayed 2 second(s)

2019-06-18 15:59:04 - [TEST_STEP][PASSED] - click(findTestObject("APOLLO- Desktop/Burger Menu/Women link")): Object: 'Object Repository/APOLLO- Desktop/Burger Menu/Women link' is clicked on

2019-06-18 15:59:04 - [MESSAGE][PASSED] - Object: 'Object Repository/APOLLO- Desktop/Burger Menu/Women link' is clicked on

2019-06-18 15:59:04 - [TEST_STEP][PASSED] - delay(2): Delayed 2 second(s)

2019-06-18 15:59:06 - [MESSAGE][PASSED] - Delayed 2 second(s)

2019-06-18 15:59:06 - [TEST_STEP][PASSED] - click(findTestObject("APOLLO- Desktop/Burger Menu/Women - Top Chevron")): Object: 'Object Repository/APOLLO- Desktop/Burger Menu/Women - Top Chevron' is clicked on

2019-06-18 15:59:06 - [MESSAGE][PASSED] - Object: 'Object Repository/APOLLO- Desktop/Burger Menu/Women - Top Chevron' is clicked on

2019-06-18 15:59:06 - [TEST_STEP][PASSED] - delay(2): Delayed 2 second(s)

2019-06-18 15:59:08 - [MESSAGE][PASSED] - Delayed 2 second(s)

2019-06-18 15:59:08 - [TEST_STEP][PASSED] - click(findTestObject("APOLLO- Desktop/Burger Menu/Sweaters - women")): Object: 'Object Repository/APOLLO- Desktop/Burger Menu/Sweaters - women' is clicked on

2019-06-18 15:59:11 - [MESSAGE][PASSED] - Object: 'Object Repository/APOLLO- Desktop/Burger Menu/Sweaters - women' is clicked on

2019-06-18 15:59:11 - [TEST_STEP][PASSED] - delay(2): Delayed 2 second(s)

2019-06-18 15:59:13 - [MESSAGE][PASSED] - Delayed 2 second(s)

2019-06-18 15:59:13 - [TEST_STEP][PASSED] - click(findTestObject("APOLLO- Desktop/Burger Menu/Burgermenu")): Object: 'Object Repository/APOLLO- Desktop/Burger Menu/Burgermenu' is clicked on

2019-06-18 15:59:13 - [MESSAGE][PASSED] - Object: 'Object Repository/APOLLO- Desktop/Burger Menu/Burgermenu' is clicked on

2019-06-18 15:59:13 - [TEST_STEP][PASSED] - delay(2): Delayed 2 second(s)

2019-06-18 15:59:15 - [MESSAGE][PASSED] - Delayed 2 second(s)

2019-06-18 15:59:15 - [TEST_STEP][PASSED] - click(findTestObject("APOLLO- Desktop/Burger Menu/KIds link")): Object: 'Object Repository/APOLLO- Desktop/Burger Menu/KIds link' is clicked on

2019-06-18 15:59:17 - [MESSAGE][PASSED] - Object: 'Object Repository/APOLLO- Desktop/Burger Menu/KIds link' is clicked on

2019-06-18 15:59:17 - [TEST_STEP][PASSED] - delay(2): Delayed 2 second(s)

2019-06-18 15:59:19 - [MESSAGE][PASSED] - Delayed 2 second(s)

2019-06-18 15:59:19 - [TEST_STEP][PASSED] - click(findTestObject("APOLLO- Desktop/Burger Menu/Burgermenu")): Object: 'Object Repository/APOLLO- Desktop/Burger Menu/Burgermenu' is clicked on

2019-06-18 15:59:19 - [MESSAGE][PASSED] - Object: 'Object Repository/APOLLO- Desktop/Burger Menu/Burgermenu' is clicked on

2019-06-18 15:59:19 - [TEST_STEP][PASSED] - delay(2): Delayed 2 second(s)

2019-06-18 15:59:21 - [MESSAGE][PASSED] - Delayed 2 second(s)

2019-06-18 15:59:21 - [TEST_STEP][PASSED] - click(findTestObject("APOLLO- Desktop/Burger Menu/collections")): Object: 'Object Repository/APOLLO- Desktop/Burger Menu/collections' is clicked on

2019-06-18 15:59:24 - [MESSAGE][PASSED] - Object: 'Object Repository/APOLLO- Desktop/Burger Menu/collections' is clicked on

2019-06-18 15:59:24 - [TEST_STEP][PASSED] - delay(2): Delayed 2 second(s)

2019-06-18 15:59:26 - [MESSAGE][PASSED] - Delayed 2 second(s)

2019-06-18 15:59:26 - [TEST_STEP][PASSED] - click(findTestObject("APOLLO- Desktop/Burger Menu/Burgermenu")): Object: 'Object Repository/APOLLO- Desktop/Burger Menu/Burgermenu' is clicked on

2019-06-18 15:59:26 - [MESSAGE][PASSED] - Object: 'Object Repository/APOLLO- Desktop/Burger Menu/Burgermenu' is clicked on

2019-06-18 15:59:26 - [TEST_STEP][PASSED] - delay(2): Delayed 2 second(s)

2019-06-18 15:59:28 - [MESSAGE][PASSED] - Delayed 2 second(s)

2019-06-18 15:59:28 - [TEST_STEP][PASSED] - click(findTestObject("APOLLO- Desktop/Burger Menu/About")): Object: 'Object Repository/APOLLO- Desktop/Burger Menu/About' is clicked on

2019-06-18 15:59:29 - [MESSAGE][PASSED] - Object: 'Object Repository/APOLLO- Desktop/Burger Menu/About' is clicked on

2019-06-18 15:59:29 - [TEST_STEP][PASSED] - delay(2): Delayed 2 second(s)

2019-06-18 15:59:31 - [MESSAGE][PASSED] - Delayed 2 second(s)

2019-06-18 15:59:31 - [TEST_STEP][PASSED] - click(findTestObject("APOLLO- Desktop/Burger Menu/Burgermenu")): Object: 'Object Repository/APOLLO- Desktop/Burger Menu/Burgermenu' is clicked on

2019-06-18 15:59:31 - [MESSAGE][PASSED] - Object: 'Object Repository/APOLLO- Desktop/Burger Menu/Burgermenu' is clicked on

2019-06-18 15:59:31 - [TEST_STEP][PASSED] - delay(2): Delayed 2 second(s)

2019-06-18 15:59:33 - [MESSAGE][PASSED] - Delayed 2 second(s)

2019-06-18 15:59:33 - [TEST_STEP][PASSED] - click(findTestObject("APOLLO- Desktop/Burger Menu/Blog")): Object: 'Object Repository/APOLLO- Desktop/Burger Menu/Blog' is clicked on

2019-06-18 15:59:34 - [MESSAGE][PASSED] - Object: 'Object Repository/APOLLO- Desktop/Burger Menu/Blog' is clicked on

2019-06-18 15:59:34 - [TEST_STEP][PASSED] - delay(2): Delayed 2 second(s)

2019-06-18 15:59:36 - [MESSAGE][PASSED] - Delayed 2 second(s)

2019-06-18 15:59:36 - [TEST_STEP][PASSED] - click(findTestObject("APOLLO- Desktop/Burger Menu/Burgermenu")): Object: 'Object Repository/APOLLO- Desktop/Burger Menu/Burgermenu' is clicked on

2019-06-18 15:59:36 - [MESSAGE][PASSED] - Object: 'Object Repository/APOLLO- Desktop/Burger Menu/Burgermenu' is clicked on

2019-06-18 15:59:36 - [TEST_STEP][PASSED] - delay(2): Delayed 2 second(s)

2019-06-18 15:59:38 - [MESSAGE][PASSED] - Delayed 2 second(s)

2019-06-18 15:59:38 - [TEST_STEP][PASSED] - click(findTestObject("APOLLO- Desktop/Burger Menu/Support")): Object: 'Object Repository/APOLLO- Desktop/Burger Menu/Support' is clicked on

2019-06-18 15:59:39 - [MESSAGE][PASSED] - Object: 'Object Repository/APOLLO- Desktop/Burger Menu/Support' is clicked on

2019-06-18 15:59:39 - [TEST_STEP][PASSED] - delay(2): Delayed 2 second(s)

2019-06-18 15:59:41 - [MESSAGE][PASSED] - Delayed 2 second(s)

2019-06-18 15:59:41 - [TEST_STEP][PASSED] - click(findTestObject("APOLLO- Desktop/Burger Menu/Burgermenu")): Object: 'Object Repository/APOLLO- Desktop/Burger Menu/Burgermenu' is clicked on

2019-06-18 15:59:41 - [MESSAGE][PASSED] - Object: 'Object Repository/APOLLO- Desktop/Burger Menu/Burgermenu' is clicked on

2019-06-18 15:59:41 - [TEST_STEP][PASSED] - delay(2): Delayed 2 second(s)

2019-06-18 15:59:43 - [MESSAGE][PASSED] - Delayed 2 second(s)

2019-06-18 15:59:43 - [TEST_STEP][PASSED] - click(findTestObject("APOLLO- Desktop/Burger Menu/Contact us")): Object: 'Object Repository/APOLLO- Desktop/Burger Menu/Contact us' is clicked on

2019-06-18 15:59:44 - [MESSAGE][PASSED] - Object: 'Object Repository/APOLLO- Desktop/Burger Menu/Contact us' is clicked on]]></system-out>
         <system-err><![CDATA[]]></system-err>
      </testcase>
      <testcase name="Test Cases/HOME PAGE/Featured collection" classname="Test Cases/HOME PAGE/Featured collection" status="PASSED">
         <system-out><![CDATA[2019-06-18 15:59:44 - [TEST_CASE][PASSED] - Test Cases/HOME PAGE/Featured collection: Test Cases/HOME PAGE/Featured collection

2019-06-18 15:59:44 - [TEST_STEP][PASSED] - callTestCase(findTestCase("CALL - URL"), [:], STOP_ON_FAILURE): Call Test Case 'Test Cases/CALL - URL' successfully

2019-06-18 15:59:44 - [TEST_CASE][PASSED] - Test Cases/CALL - URL: Test Cases/CALL - URL

2019-06-18 15:59:44 - [TEST_STEP][PASSED] - openBrowser(""): Browser is opened with url: ''

2019-06-18 15:59:44 - [MESSAGE][WARNING] - A browser is already opened. Closing browser and opening a new one

2019-06-18 15:59:45 - [MESSAGE][INFO] - Starting 'Chrome' driver

2019-06-18 15:59:46 - [MESSAGE][PASSED] - Browser is opened with url: ''

2019-06-18 15:59:46 - [TEST_STEP][PASSED] - navigateToUrl("https://diff-apollo.myshopify.com/?_ab=0&_fd=0&_sc=1&preview_theme_id=68602101860"): Navigate to 'https://diff-apollo.myshopify.com/?_ab=0&_fd=0&_sc=1&preview_theme_id=68602101860' successfully

2019-06-18 15:59:49 - [MESSAGE][PASSED] - Navigate to 'https://diff-apollo.myshopify.com/?_ab=0&_fd=0&_sc=1&preview_theme_id=68602101860' successfully

2019-06-18 15:59:49 - [TEST_STEP][PASSED] - executeJavaScript("var previewBar = document.getElementById("preview-bar-iframe"); previewBar.style.display = "none";", []): Execute JavaScript 'var previewBar = document.getElementById("preview-bar-iframe"); previewBar.style.display = "none";' successfully

2019-06-18 15:59:49 - [MESSAGE][PASSED] - Execute JavaScript 'var previewBar = document.getElementById("preview-bar-iframe"); previewBar.style.display = "none";' successfully

2019-06-18 15:59:49 - [MESSAGE][PASSED] - Call Test Case 'Test Cases/CALL - URL' successfully

2019-06-18 15:59:49 - [TEST_STEP][PASSED] - delay(1): Delayed 1 second(s)

2019-06-18 15:59:50 - [MESSAGE][PASSED] - Delayed 1 second(s)

2019-06-18 15:59:50 - [TEST_STEP][PASSED] - scrollToElement(findTestObject("APOLLO- Desktop/Home page/Featured collection/Sophisticated and elegant - Tile"), 0): Scroll to object 'Object Repository/APOLLO- Desktop/Home page/Featured collection/Sophisticated and elegant - Tile' successfully

2019-06-18 15:59:50 - [MESSAGE][WARNING] - Timeout '0' is invalid. Using default page load timeout: '30'

2019-06-18 15:59:50 - [MESSAGE][PASSED] - Scroll to object 'Object Repository/APOLLO- Desktop/Home page/Featured collection/Sophisticated and elegant - Tile' successfully

2019-06-18 15:59:50 - [TEST_STEP][PASSED] - delay(1): Delayed 1 second(s)

2019-06-18 15:59:51 - [MESSAGE][PASSED] - Delayed 1 second(s)

2019-06-18 15:59:51 - [TEST_STEP][PASSED] - mouseOver(findTestObject("APOLLO- Desktop/Home page/Featured collection/Sophisticated and elegant - Tile - hover")): Object: 'Object Repository/APOLLO- Desktop/Home page/Featured collection/Sophisticated and elegant - Tile - hover' is hovered

2019-06-18 15:59:51 - [MESSAGE][PASSED] - Object: 'Object Repository/APOLLO- Desktop/Home page/Featured collection/Sophisticated and elegant - Tile - hover' is hovered

2019-06-18 15:59:51 - [TEST_STEP][PASSED] - delay(1): Delayed 1 second(s)

2019-06-18 15:59:52 - [MESSAGE][PASSED] - Delayed 1 second(s)

2019-06-18 15:59:52 - [TEST_STEP][PASSED] - click(findTestObject("APOLLO- Desktop/Home page/Featured collection/shop womens bottoms - button")): Object: 'Object Repository/APOLLO- Desktop/Home page/Featured collection/shop womens bottoms - button' is clicked on

2019-06-18 15:59:55 - [MESSAGE][PASSED] - Object: 'Object Repository/APOLLO- Desktop/Home page/Featured collection/shop womens bottoms - button' is clicked on

2019-06-18 15:59:55 - [TEST_STEP][PASSED] - delay(1): Delayed 1 second(s)

2019-06-18 15:59:56 - [MESSAGE][PASSED] - Delayed 1 second(s)

2019-06-18 15:59:56 - [TEST_STEP][PASSED] - click(findTestObject("APOLLO- Desktop/Home page/Hero banner - CTA/Apollo icon")): Object: 'Object Repository/APOLLO- Desktop/Home page/Hero banner - CTA/Apollo icon' is clicked on

2019-06-18 15:59:58 - [MESSAGE][PASSED] - Object: 'Object Repository/APOLLO- Desktop/Home page/Hero banner - CTA/Apollo icon' is clicked on

2019-06-18 15:59:58 - [TEST_STEP][PASSED] - executeJavaScript("var previewBar = document.getElementById("preview-bar-iframe"); previewBar.style.display = "none";", []): Execute JavaScript 'var previewBar = document.getElementById("preview-bar-iframe"); previewBar.style.display = "none";' successfully

2019-06-18 15:59:58 - [MESSAGE][PASSED] - Execute JavaScript 'var previewBar = document.getElementById("preview-bar-iframe"); previewBar.style.display = "none";' successfully

2019-06-18 15:59:58 - [TEST_STEP][PASSED] - delay(1): Delayed 1 second(s)

2019-06-18 15:59:59 - [MESSAGE][PASSED] - Delayed 1 second(s)

2019-06-18 15:59:59 - [TEST_STEP][PASSED] - scrollToElement(findTestObject("APOLLO- Desktop/Home page/Featured collection/Designed for function - Tile"), 0): Scroll to object 'Object Repository/APOLLO- Desktop/Home page/Featured collection/Designed for function - Tile' successfully

2019-06-18 15:59:59 - [MESSAGE][WARNING] - Timeout '0' is invalid. Using default page load timeout: '30'

2019-06-18 15:59:59 - [MESSAGE][PASSED] - Scroll to object 'Object Repository/APOLLO- Desktop/Home page/Featured collection/Designed for function - Tile' successfully

2019-06-18 15:59:59 - [TEST_STEP][PASSED] - delay(1): Delayed 1 second(s)

2019-06-18 16:00:00 - [MESSAGE][PASSED] - Delayed 1 second(s)

2019-06-18 16:00:00 - [TEST_STEP][PASSED] - mouseOver(findTestObject("APOLLO- Desktop/Home page/Featured collection/Designed for function - Tile - hover")): Object: 'Object Repository/APOLLO- Desktop/Home page/Featured collection/Designed for function - Tile - hover' is hovered

2019-06-18 16:00:00 - [MESSAGE][PASSED] - Object: 'Object Repository/APOLLO- Desktop/Home page/Featured collection/Designed for function - Tile - hover' is hovered

2019-06-18 16:00:00 - [TEST_STEP][PASSED] - delay(1): Delayed 1 second(s)

2019-06-18 16:00:01 - [MESSAGE][PASSED] - Delayed 1 second(s)

2019-06-18 16:00:01 - [TEST_STEP][PASSED] - click(findTestObject("APOLLO- Desktop/Home page/Featured collection/Shop menss jacket - button")): Object: 'Object Repository/APOLLO- Desktop/Home page/Featured collection/Shop menss jacket - button' is clicked on

2019-06-18 16:00:03 - [MESSAGE][PASSED] - Object: 'Object Repository/APOLLO- Desktop/Home page/Featured collection/Shop menss jacket - button' is clicked on

2019-06-18 16:00:03 - [TEST_STEP][PASSED] - delay(1): Delayed 1 second(s)

2019-06-18 16:00:04 - [MESSAGE][PASSED] - Delayed 1 second(s)

2019-06-18 16:00:04 - [TEST_STEP][PASSED] - click(findTestObject("APOLLO- Desktop/Home page/Hero banner - CTA/Apollo icon")): Object: 'Object Repository/APOLLO- Desktop/Home page/Hero banner - CTA/Apollo icon' is clicked on

2019-06-18 16:00:08 - [MESSAGE][PASSED] - Object: 'Object Repository/APOLLO- Desktop/Home page/Hero banner - CTA/Apollo icon' is clicked on

2019-06-18 16:00:08 - [TEST_STEP][PASSED] - executeJavaScript("var previewBar = document.getElementById("preview-bar-iframe"); previewBar.style.display = "none";", []): Execute JavaScript 'var previewBar = document.getElementById("preview-bar-iframe"); previewBar.style.display = "none";' successfully

2019-06-18 16:00:08 - [MESSAGE][PASSED] - Execute JavaScript 'var previewBar = document.getElementById("preview-bar-iframe"); previewBar.style.display = "none";' successfully

2019-06-18 16:00:08 - [TEST_STEP][PASSED] - delay(1): Delayed 1 second(s)

2019-06-18 16:00:09 - [MESSAGE][PASSED] - Delayed 1 second(s)

2019-06-18 16:00:09 - [TEST_STEP][PASSED] - scrollToElement(findTestObject("APOLLO- Desktop/Home page/Featured collection/Sweaters - Tile"), 0): Scroll to object 'Object Repository/APOLLO- Desktop/Home page/Featured collection/Sweaters - Tile' successfully

2019-06-18 16:00:09 - [MESSAGE][WARNING] - Timeout '0' is invalid. Using default page load timeout: '30'

2019-06-18 16:00:09 - [MESSAGE][PASSED] - Scroll to object 'Object Repository/APOLLO- Desktop/Home page/Featured collection/Sweaters - Tile' successfully

2019-06-18 16:00:09 - [TEST_STEP][PASSED] - delay(1): Delayed 1 second(s)

2019-06-18 16:00:10 - [MESSAGE][PASSED] - Delayed 1 second(s)

2019-06-18 16:00:10 - [TEST_STEP][PASSED] - mouseOver(findTestObject("APOLLO- Desktop/Home page/Featured collection/Sweaters - Tile - hover")): Object: 'Object Repository/APOLLO- Desktop/Home page/Featured collection/Sweaters - Tile - hover' is hovered

2019-06-18 16:00:10 - [MESSAGE][PASSED] - Object: 'Object Repository/APOLLO- Desktop/Home page/Featured collection/Sweaters - Tile - hover' is hovered

2019-06-18 16:00:10 - [TEST_STEP][PASSED] - delay(1): Delayed 1 second(s)

2019-06-18 16:00:11 - [MESSAGE][PASSED] - Delayed 1 second(s)

2019-06-18 16:00:11 - [TEST_STEP][PASSED] - click(findTestObject("APOLLO- Desktop/Home page/Featured collection/shop womens sweaters - button")): Object: 'Object Repository/APOLLO- Desktop/Home page/Featured collection/shop womens sweaters - button' is clicked on

2019-06-18 16:00:13 - [MESSAGE][PASSED] - Object: 'Object Repository/APOLLO- Desktop/Home page/Featured collection/shop womens sweaters - button' is clicked on

2019-06-18 16:00:13 - [TEST_STEP][PASSED] - delay(1): Delayed 1 second(s)

2019-06-18 16:00:14 - [MESSAGE][PASSED] - Delayed 1 second(s)

2019-06-18 16:00:14 - [TEST_STEP][PASSED] - click(findTestObject("APOLLO- Desktop/Home page/Hero banner - CTA/Apollo icon")): Object: 'Object Repository/APOLLO- Desktop/Home page/Hero banner - CTA/Apollo icon' is clicked on

2019-06-18 16:00:17 - [MESSAGE][PASSED] - Object: 'Object Repository/APOLLO- Desktop/Home page/Hero banner - CTA/Apollo icon' is clicked on

2019-06-18 16:00:17 - [TEST_STEP][PASSED] - executeJavaScript("var previewBar = document.getElementById("preview-bar-iframe"); previewBar.style.display = "none";", []): Execute JavaScript 'var previewBar = document.getElementById("preview-bar-iframe"); previewBar.style.display = "none";' successfully

2019-06-18 16:00:17 - [MESSAGE][PASSED] - Execute JavaScript 'var previewBar = document.getElementById("preview-bar-iframe"); previewBar.style.display = "none";' successfully

2019-06-18 16:00:17 - [TEST_STEP][PASSED] - delay(1): Delayed 1 second(s)

2019-06-18 16:00:18 - [MESSAGE][PASSED] - Delayed 1 second(s)

2019-06-18 16:00:18 - [TEST_STEP][PASSED] - scrollToElement(findTestObject("APOLLO- Desktop/Home page/Featured collection/Shirts - Tile"), 0): Scroll to object 'Object Repository/APOLLO- Desktop/Home page/Featured collection/Shirts - Tile' successfully

2019-06-18 16:00:18 - [MESSAGE][WARNING] - Timeout '0' is invalid. Using default page load timeout: '30'

2019-06-18 16:00:18 - [MESSAGE][PASSED] - Scroll to object 'Object Repository/APOLLO- Desktop/Home page/Featured collection/Shirts - Tile' successfully

2019-06-18 16:00:18 - [TEST_STEP][PASSED] - delay(1): Delayed 1 second(s)

2019-06-18 16:00:19 - [MESSAGE][PASSED] - Delayed 1 second(s)

2019-06-18 16:00:19 - [TEST_STEP][PASSED] - mouseOver(findTestObject("APOLLO- Desktop/Home page/Featured collection/Shirts - Tile - hover")): Object: 'Object Repository/APOLLO- Desktop/Home page/Featured collection/Shirts - Tile - hover' is hovered

2019-06-18 16:00:19 - [MESSAGE][PASSED] - Object: 'Object Repository/APOLLO- Desktop/Home page/Featured collection/Shirts - Tile - hover' is hovered

2019-06-18 16:00:19 - [TEST_STEP][PASSED] - delay(1): Delayed 1 second(s)

2019-06-18 16:00:20 - [MESSAGE][PASSED] - Delayed 1 second(s)

2019-06-18 16:00:20 - [TEST_STEP][PASSED] - click(findTestObject("APOLLO- Desktop/Home page/Featured collection/Shop menss shirt - button")): Object: 'Object Repository/APOLLO- Desktop/Home page/Featured collection/Shop menss shirt - button' is clicked on

2019-06-18 16:00:21 - [MESSAGE][PASSED] - Object: 'Object Repository/APOLLO- Desktop/Home page/Featured collection/Shop menss shirt - button' is clicked on

2019-06-18 16:00:21 - [TEST_STEP][PASSED] - delay(1): Delayed 1 second(s)

2019-06-18 16:00:22 - [MESSAGE][PASSED] - Delayed 1 second(s)

2019-06-18 16:00:22 - [TEST_STEP][PASSED] - click(findTestObject("APOLLO- Desktop/Home page/Hero banner - CTA/Apollo icon")): Object: 'Object Repository/APOLLO- Desktop/Home page/Hero banner - CTA/Apollo icon' is clicked on

2019-06-18 16:00:25 - [MESSAGE][PASSED] - Object: 'Object Repository/APOLLO- Desktop/Home page/Hero banner - CTA/Apollo icon' is clicked on

2019-06-18 16:00:25 - [TEST_STEP][PASSED] - executeJavaScript("var previewBar = document.getElementById("preview-bar-iframe"); previewBar.style.display = "none";", []): Execute JavaScript 'var previewBar = document.getElementById("preview-bar-iframe"); previewBar.style.display = "none";' successfully

2019-06-18 16:00:25 - [MESSAGE][PASSED] - Execute JavaScript 'var previewBar = document.getElementById("preview-bar-iframe"); previewBar.style.display = "none";' successfully

2019-06-18 16:00:25 - [TEST_STEP][PASSED] - delay(1): Delayed 1 second(s)

2019-06-18 16:00:26 - [MESSAGE][PASSED] - Delayed 1 second(s)

2019-06-18 16:00:26 - [TEST_STEP][PASSED] - scrollToElement(findTestObject("APOLLO- Desktop/Home page/OUTER WEAR - TILES - Copy"), 0): Scroll to object 'Object Repository/APOLLO- Desktop/Home page/OUTER WEAR - TILES - Copy' successfully

2019-06-18 16:00:26 - [MESSAGE][WARNING] - Timeout '0' is invalid. Using default page load timeout: '30'

2019-06-18 16:00:26 - [MESSAGE][PASSED] - Scroll to object 'Object Repository/APOLLO- Desktop/Home page/OUTER WEAR - TILES - Copy' successfully

2019-06-18 16:00:26 - [TEST_STEP][PASSED] - delay(1): Delayed 1 second(s)

2019-06-18 16:00:27 - [MESSAGE][PASSED] - Delayed 1 second(s)

2019-06-18 16:00:27 - [TEST_STEP][PASSED] - mouseOver(findTestObject("APOLLO- Desktop/Home page/OUTER WEAR - TILES")): Object: 'Object Repository/APOLLO- Desktop/Home page/OUTER WEAR - TILES' is hovered

2019-06-18 16:00:27 - [MESSAGE][PASSED] - Object: 'Object Repository/APOLLO- Desktop/Home page/OUTER WEAR - TILES' is hovered

2019-06-18 16:00:27 - [TEST_STEP][PASSED] - delay(1): Delayed 1 second(s)

2019-06-18 16:00:28 - [MESSAGE][PASSED] - Delayed 1 second(s)

2019-06-18 16:00:28 - [TEST_STEP][PASSED] - click(findTestObject("APOLLO- Desktop/Home page/Shop mens outer wear -button")): Object: 'Object Repository/APOLLO- Desktop/Home page/Shop mens outer wear -button' is clicked on

2019-06-18 16:00:29 - [MESSAGE][PASSED] - Object: 'Object Repository/APOLLO- Desktop/Home page/Shop mens outer wear -button' is clicked on

2019-06-18 16:00:29 - [TEST_STEP][PASSED] - click(findTestObject("APOLLO- Desktop/Home page/Hero banner - CTA/Apollo icon")): Object: 'Object Repository/APOLLO- Desktop/Home page/Hero banner - CTA/Apollo icon' is clicked on

2019-06-18 16:00:33 - [MESSAGE][PASSED] - Object: 'Object Repository/APOLLO- Desktop/Home page/Hero banner - CTA/Apollo icon' is clicked on]]></system-out>
         <system-err><![CDATA[]]></system-err>
      </testcase>
      <testcase name="Test Cases/HOME PAGE/Footer" classname="Test Cases/HOME PAGE/Footer" status="FAILED">
         <failure type="FAILED" message="Test Cases/HOME PAGE/Footer FAILED.
Reason:
com.kms.katalon.core.exception.StepFailedException: Unable to click on object 'Object Repository/APOLLO- Desktop/Home page/Footer/Shop' (Root cause: org.openqa.selenium.WebDriverException: unknown error: Element &lt;a href=&quot;/collections/all&quot; class=&quot;c-footer-link o-link--discrete&quot;>...&lt;/a> is not clickable at point (470, 803). Other element would receive the click: &lt;iframe title=&quot;Preview Bar&quot; id=&quot;preview-bar-iframe&quot; src=&quot;https://diff-apollo.myshopify.com/preview_bar&quot; sandbox=&quot;allow-same-origin allow-scripts&quot; style=&quot;position: fixed; bottom: 0px; left: 0px; z-index: 2147483647; width: 100%; border: none; box-shadow: rgba(0, 0, 0, 0.2) 0px -1px 3px; overflow: hidden; transform: translateY(0px); transition: transform 300ms ease 0s; height: 60px;&quot;>&lt;/iframe>
  (Session info: chrome=75.0.3770.100)
  (Driver info: chromedriver=2.43.600229 (3fae4d0cda5334b4f533bede5a4787f7b832d052),platform=Mac OS X 10.13.6 x86_64) (WARNING: The server did not provide any stacktrace information)
Command duration or timeout: 0 milliseconds
Build info: version: '3.7.1', revision: '8a0099a', time: '2017-11-06T21:07:36.161Z'
System info: host: 'sumans-MacBook-Pro.local', ip: 'fe80:0:0:0:9b:8caf:6d51:8ac%en0', os.name: 'Mac OS X', os.arch: 'x86_64', os.version: '10.13.6', java.version: '1.8.0_181'
Driver info: com.kms.katalon.selenium.driver.CChromeDriver
Capabilities {acceptInsecureCerts: false, acceptSslCerts: false, applicationCacheEnabled: false, browserConnectionEnabled: false, browserName: chrome, chrome: {chromedriverVersion: 2.43.600229 (3fae4d0cda5334..., userDataDir: /var/folders/1t/c55l8xzs6gq...}, cssSelectorsEnabled: true, databaseEnabled: false, goog:chromeOptions: {debuggerAddress: localhost:53998}, handlesAlerts: true, hasTouchScreen: false, javascriptEnabled: true, locationContextEnabled: true, mobileEmulationEnabled: false, nativeEvents: true, networkConnectionEnabled: false, pageLoadStrategy: normal, platform: MAC, platformName: MAC, rotatable: false, setWindowRect: true, takesHeapSnapshot: true, takesScreenshot: true, unexpectedAlertBehaviour: , unhandledPromptBehavior: , version: 75.0.3770.100, webStorageEnabled: true}
Session ID: d610bef4d9c30dc560abd292a2b63012)
	at com.kms.katalon.core.keyword.internal.KeywordMain.stepFailed(KeywordMain.groovy:36)
	at com.kms.katalon.core.webui.keyword.internal.WebUIKeywordMain.stepFailed(WebUIKeywordMain.groovy:65)
	at com.kms.katalon.core.webui.keyword.internal.WebUIKeywordMain.runKeyword(WebUIKeywordMain.groovy:27)
	at com.kms.katalon.core.webui.keyword.builtin.ClickKeyword.click(ClickKeyword.groovy:86)
	at com.kms.katalon.core.webui.keyword.builtin.ClickKeyword.execute(ClickKeyword.groovy:67)
	at com.kms.katalon.core.keyword.internal.KeywordExecutor.executeKeywordForPlatform(KeywordExecutor.groovy:53)
	at com.kms.katalon.core.webui.keyword.WebUiBuiltInKeywords.click(WebUiBuiltInKeywords.groovy:616)
	at com.kms.katalon.core.webui.keyword.WebUiBuiltInKeywords$click$2.call(Unknown Source)
	at Footer.run(Footer:44)
	at com.kms.katalon.core.main.ScriptEngine.run(ScriptEngine.java:194)
	at com.kms.katalon.core.main.ScriptEngine.runScriptAsRawText(ScriptEngine.java:119)
	at com.kms.katalon.core.main.TestCaseExecutor.runScript(TestCaseExecutor.java:328)
	at com.kms.katalon.core.main.TestCaseExecutor.doExecute(TestCaseExecutor.java:319)
	at com.kms.katalon.core.main.TestCaseExecutor.processExecutionPhase(TestCaseExecutor.java:298)
	at com.kms.katalon.core.main.TestCaseExecutor.accessMainPhase(TestCaseExecutor.java:290)
	at com.kms.katalon.core.main.TestCaseExecutor.execute(TestCaseExecutor.java:224)
	at com.kms.katalon.core.main.TestSuiteExecutor.accessTestCaseMainPhase(TestSuiteExecutor.java:129)
	at com.kms.katalon.core.main.TestSuiteExecutor.accessTestSuiteMainPhase(TestSuiteExecutor.java:112)
	at com.kms.katalon.core.main.TestSuiteExecutor.execute(TestSuiteExecutor.java:81)
	at com.kms.katalon.core.main.TestCaseMain.startTestSuite(TestCaseMain.java:149)
	at com.kms.katalon.core.main.TestCaseMain$startTestSuite$0.call(Unknown Source)
	at TempTestSuite1560887558246.run(TempTestSuite1560887558246.groovy:36)
"/>
         <system-out><![CDATA[2019-06-18 16:00:33 - [TEST_CASE][FAILED] - Test Cases/HOME PAGE/Footer: Test Cases/HOME PAGE/Footer FAILED.
Reason:
com.kms.katalon.core.exception.StepFailedException: Unable to click on object 'Object Repository/APOLLO- Desktop/Home page/Footer/Shop' (Root cause: org.openqa.selenium.WebDriverException: unknown error: Element <a href="/collections/all" class="c-footer-link o-link--discrete">...</a> is not clickable at point (470, 803). Other element would receive the click: <iframe title="Preview Bar" id="preview-bar-iframe" src="https://diff-apollo.myshopify.com/preview_bar" sandbox="allow-same-origin allow-scripts" style="position: fixed; bottom: 0px; left: 0px; z-index: 2147483647; width: 100%; border: none; box-shadow: rgba(0, 0, 0, 0.2) 0px -1px 3px; overflow: hidden; transform: translateY(0px); transition: transform 300ms ease 0s; height: 60px;"></iframe>
  (Session info: chrome=75.0.3770.100)
  (Driver info: chromedriver=2.43.600229 (3fae4d0cda5334b4f533bede5a4787f7b832d052),platform=Mac OS X 10.13.6 x86_64) (WARNING: The server did not provide any stacktrace information)
Command duration or timeout: 0 milliseconds
Build info: version: '3.7.1', revision: '8a0099a', time: '2017-11-06T21:07:36.161Z'
System info: host: 'sumans-MacBook-Pro.local', ip: 'fe80:0:0:0:9b:8caf:6d51:8ac%en0', os.name: 'Mac OS X', os.arch: 'x86_64', os.version: '10.13.6', java.version: '1.8.0_181'
Driver info: com.kms.katalon.selenium.driver.CChromeDriver
Capabilities {acceptInsecureCerts: false, acceptSslCerts: false, applicationCacheEnabled: false, browserConnectionEnabled: false, browserName: chrome, chrome: {chromedriverVersion: 2.43.600229 (3fae4d0cda5334..., userDataDir: /var/folders/1t/c55l8xzs6gq...}, cssSelectorsEnabled: true, databaseEnabled: false, goog:chromeOptions: {debuggerAddress: localhost:53998}, handlesAlerts: true, hasTouchScreen: false, javascriptEnabled: true, locationContextEnabled: true, mobileEmulationEnabled: false, nativeEvents: true, networkConnectionEnabled: false, pageLoadStrategy: normal, platform: MAC, platformName: MAC, rotatable: false, setWindowRect: true, takesHeapSnapshot: true, takesScreenshot: true, unexpectedAlertBehaviour: , unhandledPromptBehavior: , version: 75.0.3770.100, webStorageEnabled: true}
Session ID: d610bef4d9c30dc560abd292a2b63012)
	at com.kms.katalon.core.keyword.internal.KeywordMain.stepFailed(KeywordMain.groovy:36)
	at com.kms.katalon.core.webui.keyword.internal.WebUIKeywordMain.stepFailed(WebUIKeywordMain.groovy:65)
	at com.kms.katalon.core.webui.keyword.internal.WebUIKeywordMain.runKeyword(WebUIKeywordMain.groovy:27)
	at com.kms.katalon.core.webui.keyword.builtin.ClickKeyword.click(ClickKeyword.groovy:86)
	at com.kms.katalon.core.webui.keyword.builtin.ClickKeyword.execute(ClickKeyword.groovy:67)
	at com.kms.katalon.core.keyword.internal.KeywordExecutor.executeKeywordForPlatform(KeywordExecutor.groovy:53)
	at com.kms.katalon.core.webui.keyword.WebUiBuiltInKeywords.click(WebUiBuiltInKeywords.groovy:616)
	at com.kms.katalon.core.webui.keyword.WebUiBuiltInKeywords$click$2.call(Unknown Source)
	at Footer.run(Footer:44)
	at com.kms.katalon.core.main.ScriptEngine.run(ScriptEngine.java:194)
	at com.kms.katalon.core.main.ScriptEngine.runScriptAsRawText(ScriptEngine.java:119)
	at com.kms.katalon.core.main.TestCaseExecutor.runScript(TestCaseExecutor.java:328)
	at com.kms.katalon.core.main.TestCaseExecutor.doExecute(TestCaseExecutor.java:319)
	at com.kms.katalon.core.main.TestCaseExecutor.processExecutionPhase(TestCaseExecutor.java:298)
	at com.kms.katalon.core.main.TestCaseExecutor.accessMainPhase(TestCaseExecutor.java:290)
	at com.kms.katalon.core.main.TestCaseExecutor.execute(TestCaseExecutor.java:224)
	at com.kms.katalon.core.main.TestSuiteExecutor.accessTestCaseMainPhase(TestSuiteExecutor.java:129)
	at com.kms.katalon.core.main.TestSuiteExecutor.accessTestSuiteMainPhase(TestSuiteExecutor.java:112)
	at com.kms.katalon.core.main.TestSuiteExecutor.execute(TestSuiteExecutor.java:81)
	at com.kms.katalon.core.main.TestCaseMain.startTestSuite(TestCaseMain.java:149)
	at com.kms.katalon.core.main.TestCaseMain$startTestSuite$0.call(Unknown Source)
	at TempTestSuite1560887558246.run(TempTestSuite1560887558246.groovy:36)


2019-06-18 16:00:33 - [TEST_STEP][PASSED] - callTestCase(findTestCase("CALL - URL"), [:], STOP_ON_FAILURE): Call Test Case 'Test Cases/CALL - URL' successfully

2019-06-18 16:00:33 - [TEST_CASE][PASSED] - Test Cases/CALL - URL: Test Cases/CALL - URL

2019-06-18 16:00:33 - [TEST_STEP][PASSED] - openBrowser(""): Browser is opened with url: ''

2019-06-18 16:00:33 - [MESSAGE][WARNING] - A browser is already opened. Closing browser and opening a new one

2019-06-18 16:00:33 - [MESSAGE][INFO] - Starting 'Chrome' driver

2019-06-18 16:00:34 - [MESSAGE][PASSED] - Browser is opened with url: ''

2019-06-18 16:00:34 - [TEST_STEP][PASSED] - navigateToUrl("https://diff-apollo.myshopify.com/?_ab=0&_fd=0&_sc=1&preview_theme_id=68602101860"): Navigate to 'https://diff-apollo.myshopify.com/?_ab=0&_fd=0&_sc=1&preview_theme_id=68602101860' successfully

2019-06-18 16:00:38 - [MESSAGE][PASSED] - Navigate to 'https://diff-apollo.myshopify.com/?_ab=0&_fd=0&_sc=1&preview_theme_id=68602101860' successfully

2019-06-18 16:00:38 - [TEST_STEP][PASSED] - executeJavaScript("var previewBar = document.getElementById("preview-bar-iframe"); previewBar.style.display = "none";", []): Execute JavaScript 'var previewBar = document.getElementById("preview-bar-iframe"); previewBar.style.display = "none";' successfully

2019-06-18 16:00:38 - [MESSAGE][PASSED] - Execute JavaScript 'var previewBar = document.getElementById("preview-bar-iframe"); previewBar.style.display = "none";' successfully

2019-06-18 16:00:38 - [MESSAGE][PASSED] - Call Test Case 'Test Cases/CALL - URL' successfully

2019-06-18 16:00:38 - [TEST_STEP][PASSED] - delay(2): Delayed 2 second(s)

2019-06-18 16:00:40 - [MESSAGE][PASSED] - Delayed 2 second(s)

2019-06-18 16:00:40 - [TEST_STEP][PASSED] - scrollToElement(findTestObject("APOLLO- Desktop/Home page/Footer/Social icons position"), 0): Scroll to object 'Object Repository/APOLLO- Desktop/Home page/Footer/Social icons position' successfully

2019-06-18 16:00:40 - [MESSAGE][WARNING] - Timeout '0' is invalid. Using default page load timeout: '30'

2019-06-18 16:00:40 - [MESSAGE][PASSED] - Scroll to object 'Object Repository/APOLLO- Desktop/Home page/Footer/Social icons position' successfully

2019-06-18 16:00:40 - [TEST_STEP][PASSED] - delay(2): Delayed 2 second(s)

2019-06-18 16:00:42 - [MESSAGE][PASSED] - Delayed 2 second(s)

2019-06-18 16:00:42 - [TEST_STEP][PASSED] - click(findTestObject("APOLLO- Desktop/Home page/Footer/facebook icon")): Object: 'Object Repository/APOLLO- Desktop/Home page/Footer/facebook icon' is clicked on

2019-06-18 16:00:42 - [MESSAGE][PASSED] - Object: 'Object Repository/APOLLO- Desktop/Home page/Footer/facebook icon' is clicked on

2019-06-18 16:00:42 - [TEST_STEP][PASSED] - delay(2): Delayed 2 second(s)

2019-06-18 16:00:44 - [MESSAGE][PASSED] - Delayed 2 second(s)

2019-06-18 16:00:44 - [TEST_STEP][PASSED] - click(findTestObject("APOLLO- Desktop/Home page/Footer/Twitter icon")): Object: 'Object Repository/APOLLO- Desktop/Home page/Footer/Twitter icon' is clicked on

2019-06-18 16:00:50 - [MESSAGE][PASSED] - Object: 'Object Repository/APOLLO- Desktop/Home page/Footer/Twitter icon' is clicked on

2019-06-18 16:00:50 - [TEST_STEP][PASSED] - delay(2): Delayed 2 second(s)

2019-06-18 16:00:52 - [MESSAGE][PASSED] - Delayed 2 second(s)

2019-06-18 16:00:52 - [TEST_STEP][PASSED] - click(findTestObject("APOLLO- Desktop/Home page/Footer/Instagram icon")): Object: 'Object Repository/APOLLO- Desktop/Home page/Footer/Instagram icon' is clicked on

2019-06-18 16:00:57 - [MESSAGE][PASSED] - Object: 'Object Repository/APOLLO- Desktop/Home page/Footer/Instagram icon' is clicked on

2019-06-18 16:00:57 - [TEST_STEP][PASSED] - delay(2): Delayed 2 second(s)

2019-06-18 16:00:59 - [MESSAGE][PASSED] - Delayed 2 second(s)

2019-06-18 16:00:59 - [TEST_STEP][PASSED] - click(findTestObject("APOLLO- Desktop/Home page/Footer/Pintrest")): Object: 'Object Repository/APOLLO- Desktop/Home page/Footer/Pintrest' is clicked on

2019-06-18 16:01:04 - [MESSAGE][PASSED] - Object: 'Object Repository/APOLLO- Desktop/Home page/Footer/Pintrest' is clicked on

2019-06-18 16:01:04 - [TEST_STEP][PASSED] - delay(2): Delayed 2 second(s)

2019-06-18 16:01:06 - [MESSAGE][PASSED] - Delayed 2 second(s)

2019-06-18 16:01:06 - [TEST_STEP][PASSED] - click(findTestObject("APOLLO- Desktop/Home page/Footer/div_Shop")): Object: 'Object Repository/APOLLO- Desktop/Home page/Footer/div_Shop' is clicked on

2019-06-18 16:01:12 - [MESSAGE][PASSED] - Object: 'Object Repository/APOLLO- Desktop/Home page/Footer/div_Shop' is clicked on

2019-06-18 16:01:12 - [TEST_STEP][PASSED] - delay(4): Delayed 4 second(s)

2019-06-18 16:01:16 - [MESSAGE][PASSED] - Delayed 4 second(s)

2019-06-18 16:01:16 - [TEST_STEP][FAILED] - click(findTestObject("APOLLO- Desktop/Home page/Footer/Shop")): click(findTestObject("APOLLO- Desktop/Home page/Footer/Shop")) FAILED.
Reason:
com.kms.katalon.core.exception.StepFailedException: Unable to click on object 'Object Repository/APOLLO- Desktop/Home page/Footer/Shop' (Root cause: org.openqa.selenium.WebDriverException: unknown error: Element <a href="/collections/all" class="c-footer-link o-link--discrete">...</a> is not clickable at point (470, 803). Other element would receive the click: <iframe title="Preview Bar" id="preview-bar-iframe" src="https://diff-apollo.myshopify.com/preview_bar" sandbox="allow-same-origin allow-scripts" style="position: fixed; bottom: 0px; left: 0px; z-index: 2147483647; width: 100%; border: none; box-shadow: rgba(0, 0, 0, 0.2) 0px -1px 3px; overflow: hidden; transform: translateY(0px); transition: transform 300ms ease 0s; height: 60px;"></iframe>
  (Session info: chrome=75.0.3770.100)
  (Driver info: chromedriver=2.43.600229 (3fae4d0cda5334b4f533bede5a4787f7b832d052),platform=Mac OS X 10.13.6 x86_64) (WARNING: The server did not provide any stacktrace information)
Command duration or timeout: 0 milliseconds
Build info: version: '3.7.1', revision: '8a0099a', time: '2017-11-06T21:07:36.161Z'
System info: host: 'sumans-MacBook-Pro.local', ip: 'fe80:0:0:0:9b:8caf:6d51:8ac%en0', os.name: 'Mac OS X', os.arch: 'x86_64', os.version: '10.13.6', java.version: '1.8.0_181'
Driver info: com.kms.katalon.selenium.driver.CChromeDriver
Capabilities {acceptInsecureCerts: false, acceptSslCerts: false, applicationCacheEnabled: false, browserConnectionEnabled: false, browserName: chrome, chrome: {chromedriverVersion: 2.43.600229 (3fae4d0cda5334..., userDataDir: /var/folders/1t/c55l8xzs6gq...}, cssSelectorsEnabled: true, databaseEnabled: false, goog:chromeOptions: {debuggerAddress: localhost:53998}, handlesAlerts: true, hasTouchScreen: false, javascriptEnabled: true, locationContextEnabled: true, mobileEmulationEnabled: false, nativeEvents: true, networkConnectionEnabled: false, pageLoadStrategy: normal, platform: MAC, platformName: MAC, rotatable: false, setWindowRect: true, takesHeapSnapshot: true, takesScreenshot: true, unexpectedAlertBehaviour: , unhandledPromptBehavior: , version: 75.0.3770.100, webStorageEnabled: true}
Session ID: d610bef4d9c30dc560abd292a2b63012)
	at com.kms.katalon.core.keyword.internal.KeywordMain.stepFailed(KeywordMain.groovy:36)
	at com.kms.katalon.core.webui.keyword.internal.WebUIKeywordMain.stepFailed(WebUIKeywordMain.groovy:65)
	at com.kms.katalon.core.webui.keyword.internal.WebUIKeywordMain.runKeyword(WebUIKeywordMain.groovy:27)
	at com.kms.katalon.core.webui.keyword.builtin.ClickKeyword.click(ClickKeyword.groovy:86)
	at com.kms.katalon.core.webui.keyword.builtin.ClickKeyword.execute(ClickKeyword.groovy:67)
	at com.kms.katalon.core.keyword.internal.KeywordExecutor.executeKeywordForPlatform(KeywordExecutor.groovy:53)
	at com.kms.katalon.core.webui.keyword.WebUiBuiltInKeywords.click(WebUiBuiltInKeywords.groovy:616)
	at com.kms.katalon.core.webui.keyword.WebUiBuiltInKeywords$click$2.call(Unknown Source)
	at Footer.run(Footer:44)
	at com.kms.katalon.core.main.ScriptEngine.run(ScriptEngine.java:194)
	at com.kms.katalon.core.main.ScriptEngine.runScriptAsRawText(ScriptEngine.java:119)
	at com.kms.katalon.core.main.TestCaseExecutor.runScript(TestCaseExecutor.java:328)
	at com.kms.katalon.core.main.TestCaseExecutor.doExecute(TestCaseExecutor.java:319)
	at com.kms.katalon.core.main.TestCaseExecutor.processExecutionPhase(TestCaseExecutor.java:298)
	at com.kms.katalon.core.main.TestCaseExecutor.accessMainPhase(TestCaseExecutor.java:290)
	at com.kms.katalon.core.main.TestCaseExecutor.execute(TestCaseExecutor.java:224)
	at com.kms.katalon.core.main.TestSuiteExecutor.accessTestCaseMainPhase(TestSuiteExecutor.java:129)
	at com.kms.katalon.core.main.TestSuiteExecutor.accessTestSuiteMainPhase(TestSuiteExecutor.java:112)
	at com.kms.katalon.core.main.TestSuiteExecutor.execute(TestSuiteExecutor.java:81)
	at com.kms.katalon.core.main.TestCaseMain.startTestSuite(TestCaseMain.java:149)
	at com.kms.katalon.core.main.TestCaseMain$startTestSuite$0.call(Unknown Source)
	at TempTestSuite1560887558246.run(TempTestSuite1560887558246.groovy:36)


2019-06-18 16:01:17 - [MESSAGE][FAILED] - Unable to click on object 'Object Repository/APOLLO- Desktop/Home page/Footer/Shop' (Root cause: org.openqa.selenium.WebDriverException: unknown error: Element <a href="/collections/all" class="c-footer-link o-link--discrete">...</a> is not clickable at point (470, 803). Other element would receive the click: <iframe title="Preview Bar" id="preview-bar-iframe" src="https://diff-apollo.myshopify.com/preview_bar" sandbox="allow-same-origin allow-scripts" style="position: fixed; bottom: 0px; left: 0px; z-index: 2147483647; width: 100%; border: none; box-shadow: rgba(0, 0, 0, 0.2) 0px -1px 3px; overflow: hidden; transform: translateY(0px); transition: transform 300ms ease 0s; height: 60px;"></iframe>
  (Session info: chrome=75.0.3770.100)
  (Driver info: chromedriver=2.43.600229 (3fae4d0cda5334b4f533bede5a4787f7b832d052),platform=Mac OS X 10.13.6 x86_64) (WARNING: The server did not provide any stacktrace information)
Command duration or timeout: 0 milliseconds
Build info: version: '3.7.1', revision: '8a0099a', time: '2017-11-06T21:07:36.161Z'
System info: host: 'sumans-MacBook-Pro.local', ip: 'fe80:0:0:0:9b:8caf:6d51:8ac%en0', os.name: 'Mac OS X', os.arch: 'x86_64', os.version: '10.13.6', java.version: '1.8.0_181'
Driver info: com.kms.katalon.selenium.driver.CChromeDriver
Capabilities {acceptInsecureCerts: false, acceptSslCerts: false, applicationCacheEnabled: false, browserConnectionEnabled: false, browserName: chrome, chrome: {chromedriverVersion: 2.43.600229 (3fae4d0cda5334..., userDataDir: /var/folders/1t/c55l8xzs6gq...}, cssSelectorsEnabled: true, databaseEnabled: false, goog:chromeOptions: {debuggerAddress: localhost:53998}, handlesAlerts: true, hasTouchScreen: false, javascriptEnabled: true, locationContextEnabled: true, mobileEmulationEnabled: false, nativeEvents: true, networkConnectionEnabled: false, pageLoadStrategy: normal, platform: MAC, platformName: MAC, rotatable: false, setWindowRect: true, takesHeapSnapshot: true, takesScreenshot: true, unexpectedAlertBehaviour: , unhandledPromptBehavior: , version: 75.0.3770.100, webStorageEnabled: true}
Session ID: d610bef4d9c30dc560abd292a2b63012)
[[ATTACHMENT|/Users/sumankompelly/Katalon Studio/APOLLO/Reports/Apollo- Desktop/20190618_155238/1560888076836.png]]

2019-06-18 16:01:17 - [MESSAGE][FAILED] - click(findTestObject("APOLLO- Desktop/Home page/Footer/Shop")) FAILED.
Reason:
com.kms.katalon.core.exception.StepFailedException: Unable to click on object 'Object Repository/APOLLO- Desktop/Home page/Footer/Shop' (Root cause: org.openqa.selenium.WebDriverException: unknown error: Element <a href="/collections/all" class="c-footer-link o-link--discrete">...</a> is not clickable at point (470, 803). Other element would receive the click: <iframe title="Preview Bar" id="preview-bar-iframe" src="https://diff-apollo.myshopify.com/preview_bar" sandbox="allow-same-origin allow-scripts" style="position: fixed; bottom: 0px; left: 0px; z-index: 2147483647; width: 100%; border: none; box-shadow: rgba(0, 0, 0, 0.2) 0px -1px 3px; overflow: hidden; transform: translateY(0px); transition: transform 300ms ease 0s; height: 60px;"></iframe>
  (Session info: chrome=75.0.3770.100)
  (Driver info: chromedriver=2.43.600229 (3fae4d0cda5334b4f533bede5a4787f7b832d052),platform=Mac OS X 10.13.6 x86_64) (WARNING: The server did not provide any stacktrace information)
Command duration or timeout: 0 milliseconds
Build info: version: '3.7.1', revision: '8a0099a', time: '2017-11-06T21:07:36.161Z'
System info: host: 'sumans-MacBook-Pro.local', ip: 'fe80:0:0:0:9b:8caf:6d51:8ac%en0', os.name: 'Mac OS X', os.arch: 'x86_64', os.version: '10.13.6', java.version: '1.8.0_181'
Driver info: com.kms.katalon.selenium.driver.CChromeDriver
Capabilities {acceptInsecureCerts: false, acceptSslCerts: false, applicationCacheEnabled: false, browserConnectionEnabled: false, browserName: chrome, chrome: {chromedriverVersion: 2.43.600229 (3fae4d0cda5334..., userDataDir: /var/folders/1t/c55l8xzs6gq...}, cssSelectorsEnabled: true, databaseEnabled: false, goog:chromeOptions: {debuggerAddress: localhost:53998}, handlesAlerts: true, hasTouchScreen: false, javascriptEnabled: true, locationContextEnabled: true, mobileEmulationEnabled: false, nativeEvents: true, networkConnectionEnabled: false, pageLoadStrategy: normal, platform: MAC, platformName: MAC, rotatable: false, setWindowRect: true, takesHeapSnapshot: true, takesScreenshot: true, unexpectedAlertBehaviour: , unhandledPromptBehavior: , version: 75.0.3770.100, webStorageEnabled: true}
Session ID: d610bef4d9c30dc560abd292a2b63012)
	at com.kms.katalon.core.keyword.internal.KeywordMain.stepFailed(KeywordMain.groovy:36)
	at com.kms.katalon.core.webui.keyword.internal.WebUIKeywordMain.stepFailed(WebUIKeywordMain.groovy:65)
	at com.kms.katalon.core.webui.keyword.internal.WebUIKeywordMain.runKeyword(WebUIKeywordMain.groovy:27)
	at com.kms.katalon.core.webui.keyword.builtin.ClickKeyword.click(ClickKeyword.groovy:86)
	at com.kms.katalon.core.webui.keyword.builtin.ClickKeyword.execute(ClickKeyword.groovy:67)
	at com.kms.katalon.core.keyword.internal.KeywordExecutor.executeKeywordForPlatform(KeywordExecutor.groovy:53)
	at com.kms.katalon.core.webui.keyword.WebUiBuiltInKeywords.click(WebUiBuiltInKeywords.groovy:616)
	at com.kms.katalon.core.webui.keyword.WebUiBuiltInKeywords$click$2.call(Unknown Source)
	at Footer.run(Footer:44)
	at com.kms.katalon.core.main.ScriptEngine.run(ScriptEngine.java:194)
	at com.kms.katalon.core.main.ScriptEngine.runScriptAsRawText(ScriptEngine.java:119)
	at com.kms.katalon.core.main.TestCaseExecutor.runScript(TestCaseExecutor.java:328)
	at com.kms.katalon.core.main.TestCaseExecutor.doExecute(TestCaseExecutor.java:319)
	at com.kms.katalon.core.main.TestCaseExecutor.processExecutionPhase(TestCaseExecutor.java:298)
	at com.kms.katalon.core.main.TestCaseExecutor.accessMainPhase(TestCaseExecutor.java:290)
	at com.kms.katalon.core.main.TestCaseExecutor.execute(TestCaseExecutor.java:224)
	at com.kms.katalon.core.main.TestSuiteExecutor.accessTestCaseMainPhase(TestSuiteExecutor.java:129)
	at com.kms.katalon.core.main.TestSuiteExecutor.accessTestSuiteMainPhase(TestSuiteExecutor.java:112)
	at com.kms.katalon.core.main.TestSuiteExecutor.execute(TestSuiteExecutor.java:81)
	at com.kms.katalon.core.main.TestCaseMain.startTestSuite(TestCaseMain.java:149)
	at com.kms.katalon.core.main.TestCaseMain$startTestSuite$0.call(Unknown Source)
	at TempTestSuite1560887558246.run(TempTestSuite1560887558246.groovy:36)]]></system-out>
         <system-err><![CDATA[2019-06-18 16:00:33 - [TEST_CASE][FAILED] - Test Cases/HOME PAGE/Footer: Test Cases/HOME PAGE/Footer FAILED.
Reason:
com.kms.katalon.core.exception.StepFailedException: Unable to click on object 'Object Repository/APOLLO- Desktop/Home page/Footer/Shop' (Root cause: org.openqa.selenium.WebDriverException: unknown error: Element <a href="/collections/all" class="c-footer-link o-link--discrete">...</a> is not clickable at point (470, 803). Other element would receive the click: <iframe title="Preview Bar" id="preview-bar-iframe" src="https://diff-apollo.myshopify.com/preview_bar" sandbox="allow-same-origin allow-scripts" style="position: fixed; bottom: 0px; left: 0px; z-index: 2147483647; width: 100%; border: none; box-shadow: rgba(0, 0, 0, 0.2) 0px -1px 3px; overflow: hidden; transform: translateY(0px); transition: transform 300ms ease 0s; height: 60px;"></iframe>
  (Session info: chrome=75.0.3770.100)
  (Driver info: chromedriver=2.43.600229 (3fae4d0cda5334b4f533bede5a4787f7b832d052),platform=Mac OS X 10.13.6 x86_64) (WARNING: The server did not provide any stacktrace information)
Command duration or timeout: 0 milliseconds
Build info: version: '3.7.1', revision: '8a0099a', time: '2017-11-06T21:07:36.161Z'
System info: host: 'sumans-MacBook-Pro.local', ip: 'fe80:0:0:0:9b:8caf:6d51:8ac%en0', os.name: 'Mac OS X', os.arch: 'x86_64', os.version: '10.13.6', java.version: '1.8.0_181'
Driver info: com.kms.katalon.selenium.driver.CChromeDriver
Capabilities {acceptInsecureCerts: false, acceptSslCerts: false, applicationCacheEnabled: false, browserConnectionEnabled: false, browserName: chrome, chrome: {chromedriverVersion: 2.43.600229 (3fae4d0cda5334..., userDataDir: /var/folders/1t/c55l8xzs6gq...}, cssSelectorsEnabled: true, databaseEnabled: false, goog:chromeOptions: {debuggerAddress: localhost:53998}, handlesAlerts: true, hasTouchScreen: false, javascriptEnabled: true, locationContextEnabled: true, mobileEmulationEnabled: false, nativeEvents: true, networkConnectionEnabled: false, pageLoadStrategy: normal, platform: MAC, platformName: MAC, rotatable: false, setWindowRect: true, takesHeapSnapshot: true, takesScreenshot: true, unexpectedAlertBehaviour: , unhandledPromptBehavior: , version: 75.0.3770.100, webStorageEnabled: true}
Session ID: d610bef4d9c30dc560abd292a2b63012)
	at com.kms.katalon.core.keyword.internal.KeywordMain.stepFailed(KeywordMain.groovy:36)
	at com.kms.katalon.core.webui.keyword.internal.WebUIKeywordMain.stepFailed(WebUIKeywordMain.groovy:65)
	at com.kms.katalon.core.webui.keyword.internal.WebUIKeywordMain.runKeyword(WebUIKeywordMain.groovy:27)
	at com.kms.katalon.core.webui.keyword.builtin.ClickKeyword.click(ClickKeyword.groovy:86)
	at com.kms.katalon.core.webui.keyword.builtin.ClickKeyword.execute(ClickKeyword.groovy:67)
	at com.kms.katalon.core.keyword.internal.KeywordExecutor.executeKeywordForPlatform(KeywordExecutor.groovy:53)
	at com.kms.katalon.core.webui.keyword.WebUiBuiltInKeywords.click(WebUiBuiltInKeywords.groovy:616)
	at com.kms.katalon.core.webui.keyword.WebUiBuiltInKeywords$click$2.call(Unknown Source)
	at Footer.run(Footer:44)
	at com.kms.katalon.core.main.ScriptEngine.run(ScriptEngine.java:194)
	at com.kms.katalon.core.main.ScriptEngine.runScriptAsRawText(ScriptEngine.java:119)
	at com.kms.katalon.core.main.TestCaseExecutor.runScript(TestCaseExecutor.java:328)
	at com.kms.katalon.core.main.TestCaseExecutor.doExecute(TestCaseExecutor.java:319)
	at com.kms.katalon.core.main.TestCaseExecutor.processExecutionPhase(TestCaseExecutor.java:298)
	at com.kms.katalon.core.main.TestCaseExecutor.accessMainPhase(TestCaseExecutor.java:290)
	at com.kms.katalon.core.main.TestCaseExecutor.execute(TestCaseExecutor.java:224)
	at com.kms.katalon.core.main.TestSuiteExecutor.accessTestCaseMainPhase(TestSuiteExecutor.java:129)
	at com.kms.katalon.core.main.TestSuiteExecutor.accessTestSuiteMainPhase(TestSuiteExecutor.java:112)
	at com.kms.katalon.core.main.TestSuiteExecutor.execute(TestSuiteExecutor.java:81)
	at com.kms.katalon.core.main.TestCaseMain.startTestSuite(TestCaseMain.java:149)
	at com.kms.katalon.core.main.TestCaseMain$startTestSuite$0.call(Unknown Source)
	at TempTestSuite1560887558246.run(TempTestSuite1560887558246.groovy:36)]]></system-err>
      </testcase>
      <testcase name="Test Cases/HOME PAGE/Cart flyout opening" classname="Test Cases/HOME PAGE/Cart flyout opening" status="PASSED">
         <system-out><![CDATA[2019-06-18 16:01:17 - [TEST_CASE][PASSED] - Test Cases/HOME PAGE/Cart flyout opening: Test Cases/HOME PAGE/Cart flyout opening

2019-06-18 16:01:17 - [TEST_STEP][PASSED] - callTestCase(findTestCase("CALL - URL"), [:], STOP_ON_FAILURE): Call Test Case 'Test Cases/CALL - URL' successfully

2019-06-18 16:01:17 - [TEST_CASE][PASSED] - Test Cases/CALL - URL: Test Cases/CALL - URL

2019-06-18 16:01:17 - [TEST_STEP][PASSED] - openBrowser(""): Browser is opened with url: ''

2019-06-18 16:01:17 - [MESSAGE][WARNING] - A browser is already opened. Closing browser and opening a new one

2019-06-18 16:01:18 - [MESSAGE][INFO] - Starting 'Chrome' driver

2019-06-18 16:01:19 - [MESSAGE][PASSED] - Browser is opened with url: ''

2019-06-18 16:01:19 - [TEST_STEP][PASSED] - navigateToUrl("https://diff-apollo.myshopify.com/?_ab=0&_fd=0&_sc=1&preview_theme_id=68602101860"): Navigate to 'https://diff-apollo.myshopify.com/?_ab=0&_fd=0&_sc=1&preview_theme_id=68602101860' successfully

2019-06-18 16:01:22 - [MESSAGE][PASSED] - Navigate to 'https://diff-apollo.myshopify.com/?_ab=0&_fd=0&_sc=1&preview_theme_id=68602101860' successfully

2019-06-18 16:01:22 - [TEST_STEP][PASSED] - executeJavaScript("var previewBar = document.getElementById("preview-bar-iframe"); previewBar.style.display = "none";", []): Execute JavaScript 'var previewBar = document.getElementById("preview-bar-iframe"); previewBar.style.display = "none";' successfully

2019-06-18 16:01:22 - [MESSAGE][PASSED] - Execute JavaScript 'var previewBar = document.getElementById("preview-bar-iframe"); previewBar.style.display = "none";' successfully

2019-06-18 16:01:22 - [MESSAGE][PASSED] - Call Test Case 'Test Cases/CALL - URL' successfully

2019-06-18 16:01:22 - [TEST_STEP][PASSED] - delay(2): Delayed 2 second(s)

2019-06-18 16:01:24 - [MESSAGE][PASSED] - Delayed 2 second(s)

2019-06-18 16:01:24 - [TEST_STEP][PASSED] - click(findTestObject("APOLLO- Desktop/Home page/cart icon open")): Object: 'Object Repository/APOLLO- Desktop/Home page/cart icon open' is clicked on

2019-06-18 16:01:24 - [MESSAGE][PASSED] - Object: 'Object Repository/APOLLO- Desktop/Home page/cart icon open' is clicked on

2019-06-18 16:01:24 - [TEST_STEP][PASSED] - flag = verifyTextPresent("Your bag", false): Text 'Your bag' is present on page 

2019-06-18 16:01:25 - [MESSAGE][PASSED] - Text 'Your bag' is present on page 

2019-06-18 16:01:25 - [TEST_STEP][PASSED] - delay(2): Delayed 2 second(s)

2019-06-18 16:01:27 - [MESSAGE][PASSED] - Delayed 2 second(s)

2019-06-18 16:01:27 - [TEST_STEP][PASSED] - comment("flag=" + flag): flag=true

2019-06-18 16:01:27 - [MESSAGE][INFO] - flag=true

2019-06-18 16:01:27 - [TEST_STEP][PASSED] - if (flag == true): Delayed 2 second(s)

2019-06-18 16:01:27 - [TEST_STEP][PASSED] - comment(" cart flyout opened"):  cart flyout opened

2019-06-18 16:01:27 - [MESSAGE][INFO] -  cart flyout opened

2019-06-18 16:01:27 - [TEST_STEP][PASSED] - delay(2): Delayed 2 second(s)

2019-06-18 16:01:29 - [MESSAGE][PASSED] - Delayed 2 second(s)

2019-06-18 16:01:29 - [TEST_STEP][PASSED] - click(findTestObject("APOLLO- Desktop/Cart flyout/Cart collapse")): Object: 'Object Repository/APOLLO- Desktop/Cart flyout/Cart collapse' is clicked on

2019-06-18 16:01:29 - [MESSAGE][PASSED] - Object: 'Object Repository/APOLLO- Desktop/Cart flyout/Cart collapse' is clicked on

2019-06-18 16:01:29 - [TEST_STEP][PASSED] - delay(2): Delayed 2 second(s)

2019-06-18 16:01:31 - [MESSAGE][PASSED] - Delayed 2 second(s)

2019-06-18 16:01:31 - [TEST_STEP][PASSED] - flag1 = verifyTextNotPresent("Your bag", false): Text 'Your bag' is not present on page

2019-06-18 16:01:31 - [MESSAGE][PASSED] - Text 'Your bag' is not present on page

2019-06-18 16:01:31 - [TEST_STEP][PASSED] - comment("flag1=" + flag1): flag1=true

2019-06-18 16:01:31 - [MESSAGE][INFO] - flag1=true

2019-06-18 16:01:31 - [TEST_STEP][PASSED] - if (flag1 == true):  cart flyout closed

2019-06-18 16:01:31 - [TEST_STEP][PASSED] - comment(" cart flyout closed"):  cart flyout closed

2019-06-18 16:01:31 - [MESSAGE][INFO] -  cart flyout closed]]></system-out>
         <system-err><![CDATA[]]></system-err>
      </testcase>
      <testcase name="Test Cases/HOME PAGE/Popular products" classname="Test Cases/HOME PAGE/Popular products" status="FAILED">
         <failure type="FAILED" message="Test Cases/HOME PAGE/Popular products FAILED.
Reason:
com.kms.katalon.core.exception.StepFailedException: Unable to move mouse over object 'Object Repository/APOLLO- Desktop/Home page/Popular products/Previous button chevron' (Root cause: com.kms.katalon.core.webui.exception.WebElementNotFoundException: Web element with id: 'Object Repository/APOLLO- Desktop/Home page/Popular products/Previous button chevron' located by 'By.xpath: //section[@id='slider-9534270011']//button[@class='c-slick__arrow c-slick__arrow--prev slick-arrow'][contains(text(),'Previous')]' not found)
	at com.kms.katalon.core.keyword.internal.KeywordMain.stepFailed(KeywordMain.groovy:36)
	at com.kms.katalon.core.webui.keyword.internal.WebUIKeywordMain.stepFailed(WebUIKeywordMain.groovy:65)
	at com.kms.katalon.core.webui.keyword.internal.WebUIKeywordMain.runKeyword(WebUIKeywordMain.groovy:27)
	at com.kms.katalon.core.webui.keyword.builtin.MouseOverKeyword.mouseOver(MouseOverKeyword.groovy:90)
	at com.kms.katalon.core.webui.keyword.builtin.MouseOverKeyword.execute(MouseOverKeyword.groovy:67)
	at com.kms.katalon.core.keyword.internal.KeywordExecutor.executeKeywordForPlatform(KeywordExecutor.groovy:53)
	at com.kms.katalon.core.webui.keyword.WebUiBuiltInKeywords.mouseOver(WebUiBuiltInKeywords.groovy:776)
	at com.kms.katalon.core.webui.keyword.WebUiBuiltInKeywords$mouseOver$9.call(Unknown Source)
	at Popular products.run(Popular products:78)
	at com.kms.katalon.core.main.ScriptEngine.run(ScriptEngine.java:194)
	at com.kms.katalon.core.main.ScriptEngine.runScriptAsRawText(ScriptEngine.java:119)
	at com.kms.katalon.core.main.TestCaseExecutor.runScript(TestCaseExecutor.java:328)
	at com.kms.katalon.core.main.TestCaseExecutor.doExecute(TestCaseExecutor.java:319)
	at com.kms.katalon.core.main.TestCaseExecutor.processExecutionPhase(TestCaseExecutor.java:298)
	at com.kms.katalon.core.main.TestCaseExecutor.accessMainPhase(TestCaseExecutor.java:290)
	at com.kms.katalon.core.main.TestCaseExecutor.execute(TestCaseExecutor.java:224)
	at com.kms.katalon.core.main.TestSuiteExecutor.accessTestCaseMainPhase(TestSuiteExecutor.java:129)
	at com.kms.katalon.core.main.TestSuiteExecutor.accessTestSuiteMainPhase(TestSuiteExecutor.java:112)
	at com.kms.katalon.core.main.TestSuiteExecutor.execute(TestSuiteExecutor.java:81)
	at com.kms.katalon.core.main.TestCaseMain.startTestSuite(TestCaseMain.java:149)
	at com.kms.katalon.core.main.TestCaseMain$startTestSuite$0.call(Unknown Source)
	at TempTestSuite1560887558246.run(TempTestSuite1560887558246.groovy:36)
"/>
         <system-out><![CDATA[2019-06-18 16:01:31 - [TEST_CASE][FAILED] - Test Cases/HOME PAGE/Popular products: Test Cases/HOME PAGE/Popular products FAILED.
Reason:
com.kms.katalon.core.exception.StepFailedException: Unable to move mouse over object 'Object Repository/APOLLO- Desktop/Home page/Popular products/Previous button chevron' (Root cause: com.kms.katalon.core.webui.exception.WebElementNotFoundException: Web element with id: 'Object Repository/APOLLO- Desktop/Home page/Popular products/Previous button chevron' located by 'By.xpath: //section[@id='slider-9534270011']//button[@class='c-slick__arrow c-slick__arrow--prev slick-arrow'][contains(text(),'Previous')]' not found)
	at com.kms.katalon.core.keyword.internal.KeywordMain.stepFailed(KeywordMain.groovy:36)
	at com.kms.katalon.core.webui.keyword.internal.WebUIKeywordMain.stepFailed(WebUIKeywordMain.groovy:65)
	at com.kms.katalon.core.webui.keyword.internal.WebUIKeywordMain.runKeyword(WebUIKeywordMain.groovy:27)
	at com.kms.katalon.core.webui.keyword.builtin.MouseOverKeyword.mouseOver(MouseOverKeyword.groovy:90)
	at com.kms.katalon.core.webui.keyword.builtin.MouseOverKeyword.execute(MouseOverKeyword.groovy:67)
	at com.kms.katalon.core.keyword.internal.KeywordExecutor.executeKeywordForPlatform(KeywordExecutor.groovy:53)
	at com.kms.katalon.core.webui.keyword.WebUiBuiltInKeywords.mouseOver(WebUiBuiltInKeywords.groovy:776)
	at com.kms.katalon.core.webui.keyword.WebUiBuiltInKeywords$mouseOver$9.call(Unknown Source)
	at Popular products.run(Popular products:78)
	at com.kms.katalon.core.main.ScriptEngine.run(ScriptEngine.java:194)
	at com.kms.katalon.core.main.ScriptEngine.runScriptAsRawText(ScriptEngine.java:119)
	at com.kms.katalon.core.main.TestCaseExecutor.runScript(TestCaseExecutor.java:328)
	at com.kms.katalon.core.main.TestCaseExecutor.doExecute(TestCaseExecutor.java:319)
	at com.kms.katalon.core.main.TestCaseExecutor.processExecutionPhase(TestCaseExecutor.java:298)
	at com.kms.katalon.core.main.TestCaseExecutor.accessMainPhase(TestCaseExecutor.java:290)
	at com.kms.katalon.core.main.TestCaseExecutor.execute(TestCaseExecutor.java:224)
	at com.kms.katalon.core.main.TestSuiteExecutor.accessTestCaseMainPhase(TestSuiteExecutor.java:129)
	at com.kms.katalon.core.main.TestSuiteExecutor.accessTestSuiteMainPhase(TestSuiteExecutor.java:112)
	at com.kms.katalon.core.main.TestSuiteExecutor.execute(TestSuiteExecutor.java:81)
	at com.kms.katalon.core.main.TestCaseMain.startTestSuite(TestCaseMain.java:149)
	at com.kms.katalon.core.main.TestCaseMain$startTestSuite$0.call(Unknown Source)
	at TempTestSuite1560887558246.run(TempTestSuite1560887558246.groovy:36)


2019-06-18 16:01:32 - [TEST_STEP][PASSED] - callTestCase(findTestCase("CALL - URL"), [:], STOP_ON_FAILURE): Call Test Case 'Test Cases/CALL - URL' successfully

2019-06-18 16:01:32 - [TEST_CASE][PASSED] - Test Cases/CALL - URL: Test Cases/CALL - URL

2019-06-18 16:01:32 - [TEST_STEP][PASSED] - openBrowser(""): Browser is opened with url: ''

2019-06-18 16:01:32 - [MESSAGE][WARNING] - A browser is already opened. Closing browser and opening a new one

2019-06-18 16:01:32 - [MESSAGE][INFO] - Starting 'Chrome' driver

2019-06-18 16:01:33 - [MESSAGE][PASSED] - Browser is opened with url: ''

2019-06-18 16:01:33 - [TEST_STEP][PASSED] - navigateToUrl("https://diff-apollo.myshopify.com/?_ab=0&_fd=0&_sc=1&preview_theme_id=68602101860"): Navigate to 'https://diff-apollo.myshopify.com/?_ab=0&_fd=0&_sc=1&preview_theme_id=68602101860' successfully

2019-06-18 16:01:37 - [MESSAGE][PASSED] - Navigate to 'https://diff-apollo.myshopify.com/?_ab=0&_fd=0&_sc=1&preview_theme_id=68602101860' successfully

2019-06-18 16:01:37 - [TEST_STEP][PASSED] - executeJavaScript("var previewBar = document.getElementById("preview-bar-iframe"); previewBar.style.display = "none";", []): Execute JavaScript 'var previewBar = document.getElementById("preview-bar-iframe"); previewBar.style.display = "none";' successfully

2019-06-18 16:01:37 - [MESSAGE][PASSED] - Execute JavaScript 'var previewBar = document.getElementById("preview-bar-iframe"); previewBar.style.display = "none";' successfully

2019-06-18 16:01:37 - [MESSAGE][PASSED] - Call Test Case 'Test Cases/CALL - URL' successfully

2019-06-18 16:01:37 - [TEST_STEP][PASSED] - delay(2): Delayed 2 second(s)

2019-06-18 16:01:39 - [MESSAGE][PASSED] - Delayed 2 second(s)

2019-06-18 16:01:39 - [TEST_STEP][PASSED] - scrollToElement(findTestObject("APOLLO- Desktop/Home page/Popular products/Popular products tile"), 0): Scroll to object 'Object Repository/APOLLO- Desktop/Home page/Popular products/Popular products tile' successfully

2019-06-18 16:01:39 - [MESSAGE][WARNING] - Timeout '0' is invalid. Using default page load timeout: '30'

2019-06-18 16:01:39 - [MESSAGE][PASSED] - Scroll to object 'Object Repository/APOLLO- Desktop/Home page/Popular products/Popular products tile' successfully

2019-06-18 16:01:39 - [TEST_STEP][PASSED] - delay(2): Delayed 2 second(s)

2019-06-18 16:01:41 - [MESSAGE][PASSED] - Delayed 2 second(s)

2019-06-18 16:01:41 - [TEST_STEP][PASSED] - click(findTestObject("APOLLO- Desktop/Home page/Popular products/Popular products tile - women slider")): Object: 'Object Repository/APOLLO- Desktop/Home page/Popular products/Popular products tile - women slider' is clicked on

2019-06-18 16:01:41 - [MESSAGE][PASSED] - Object: 'Object Repository/APOLLO- Desktop/Home page/Popular products/Popular products tile - women slider' is clicked on

2019-06-18 16:01:41 - [TEST_STEP][PASSED] - delay(2): Delayed 2 second(s)

2019-06-18 16:01:43 - [MESSAGE][PASSED] - Delayed 2 second(s)

2019-06-18 16:01:43 - [TEST_STEP][PASSED] - click(findTestObject("APOLLO- Desktop/Home page/Popular products/first product- women")): Object: 'Object Repository/APOLLO- Desktop/Home page/Popular products/first product- women' is clicked on

2019-06-18 16:01:49 - [MESSAGE][PASSED] - Object: 'Object Repository/APOLLO- Desktop/Home page/Popular products/first product- women' is clicked on

2019-06-18 16:01:49 - [TEST_STEP][PASSED] - delay(2): Delayed 2 second(s)

2019-06-18 16:01:51 - [MESSAGE][PASSED] - Delayed 2 second(s)

2019-06-18 16:01:51 - [TEST_STEP][PASSED] - click(findTestObject("APOLLO- Desktop/Home page/Hero banner - CTA/Apollo icon")): Object: 'Object Repository/APOLLO- Desktop/Home page/Hero banner - CTA/Apollo icon' is clicked on

2019-06-18 16:01:54 - [MESSAGE][PASSED] - Object: 'Object Repository/APOLLO- Desktop/Home page/Hero banner - CTA/Apollo icon' is clicked on

2019-06-18 16:01:54 - [TEST_STEP][PASSED] - delay(2): Delayed 2 second(s)

2019-06-18 16:01:56 - [MESSAGE][PASSED] - Delayed 2 second(s)

2019-06-18 16:01:56 - [TEST_STEP][PASSED] - scrollToElement(findTestObject("APOLLO- Desktop/Home page/Popular products/Popular products tile"), 0): Scroll to object 'Object Repository/APOLLO- Desktop/Home page/Popular products/Popular products tile' successfully

2019-06-18 16:01:56 - [MESSAGE][WARNING] - Timeout '0' is invalid. Using default page load timeout: '30'

2019-06-18 16:01:56 - [MESSAGE][PASSED] - Scroll to object 'Object Repository/APOLLO- Desktop/Home page/Popular products/Popular products tile' successfully

2019-06-18 16:01:56 - [TEST_STEP][PASSED] - delay(2): Delayed 2 second(s)

2019-06-18 16:01:58 - [MESSAGE][PASSED] - Delayed 2 second(s)

2019-06-18 16:01:58 - [TEST_STEP][PASSED] - click(findTestObject("APOLLO- Desktop/Home page/Popular products/Popular products tile - kids slider")): Object: 'Object Repository/APOLLO- Desktop/Home page/Popular products/Popular products tile - kids slider' is clicked on

2019-06-18 16:01:58 - [MESSAGE][PASSED] - Object: 'Object Repository/APOLLO- Desktop/Home page/Popular products/Popular products tile - kids slider' is clicked on

2019-06-18 16:01:58 - [TEST_STEP][PASSED] - delay(2): Delayed 2 second(s)

2019-06-18 16:02:00 - [MESSAGE][PASSED] - Delayed 2 second(s)

2019-06-18 16:02:00 - [TEST_STEP][PASSED] - click(findTestObject("APOLLO- Desktop/Home page/Popular products/first product- kids")): Object: 'Object Repository/APOLLO- Desktop/Home page/Popular products/first product- kids' is clicked on

2019-06-18 16:02:02 - [MESSAGE][PASSED] - Object: 'Object Repository/APOLLO- Desktop/Home page/Popular products/first product- kids' is clicked on

2019-06-18 16:02:02 - [TEST_STEP][PASSED] - delay(2): Delayed 2 second(s)

2019-06-18 16:02:04 - [MESSAGE][PASSED] - Delayed 2 second(s)

2019-06-18 16:02:04 - [TEST_STEP][PASSED] - click(findTestObject("APOLLO- Desktop/Home page/Hero banner - CTA/Apollo icon")): Object: 'Object Repository/APOLLO- Desktop/Home page/Hero banner - CTA/Apollo icon' is clicked on

2019-06-18 16:02:07 - [MESSAGE][PASSED] - Object: 'Object Repository/APOLLO- Desktop/Home page/Hero banner - CTA/Apollo icon' is clicked on

2019-06-18 16:02:07 - [TEST_STEP][PASSED] - delay(2): Delayed 2 second(s)

2019-06-18 16:02:09 - [MESSAGE][PASSED] - Delayed 2 second(s)

2019-06-18 16:02:09 - [TEST_STEP][PASSED] - executeJavaScript("var previewBar = document.getElementById("preview-bar-iframe"); previewBar.style.display = "none";", []): Execute JavaScript 'var previewBar = document.getElementById("preview-bar-iframe"); previewBar.style.display = "none";' successfully

2019-06-18 16:02:09 - [MESSAGE][PASSED] - Execute JavaScript 'var previewBar = document.getElementById("preview-bar-iframe"); previewBar.style.display = "none";' successfully

2019-06-18 16:02:09 - [TEST_STEP][PASSED] - click(findTestObject("APOLLO- Desktop/Home page/Popular products/Popular products tile - men slider")): Object: 'Object Repository/APOLLO- Desktop/Home page/Popular products/Popular products tile - men slider' is clicked on

2019-06-18 16:02:09 - [MESSAGE][PASSED] - Object: 'Object Repository/APOLLO- Desktop/Home page/Popular products/Popular products tile - men slider' is clicked on

2019-06-18 16:02:09 - [TEST_STEP][PASSED] - delay(2): Delayed 2 second(s)

2019-06-18 16:02:11 - [MESSAGE][PASSED] - Delayed 2 second(s)

2019-06-18 16:02:11 - [TEST_STEP][PASSED] - click(findTestObject("APOLLO- Desktop/Home page/Popular products/first product- men")): Object: 'Object Repository/APOLLO- Desktop/Home page/Popular products/first product- men' is clicked on

2019-06-18 16:02:13 - [MESSAGE][PASSED] - Object: 'Object Repository/APOLLO- Desktop/Home page/Popular products/first product- men' is clicked on

2019-06-18 16:02:13 - [TEST_STEP][PASSED] - delay(2): Delayed 2 second(s)

2019-06-18 16:02:15 - [MESSAGE][PASSED] - Delayed 2 second(s)

2019-06-18 16:02:15 - [TEST_STEP][PASSED] - click(findTestObject("APOLLO- Desktop/Home page/Hero banner - CTA/Apollo icon")): Object: 'Object Repository/APOLLO- Desktop/Home page/Hero banner - CTA/Apollo icon' is clicked on

2019-06-18 16:02:17 - [MESSAGE][PASSED] - Object: 'Object Repository/APOLLO- Desktop/Home page/Hero banner - CTA/Apollo icon' is clicked on

2019-06-18 16:02:17 - [TEST_STEP][PASSED] - delay(2): Delayed 2 second(s)

2019-06-18 16:02:19 - [MESSAGE][PASSED] - Delayed 2 second(s)

2019-06-18 16:02:19 - [TEST_STEP][PASSED] - executeJavaScript("var previewBar = document.getElementById("preview-bar-iframe"); previewBar.style.display = "none";", []): Execute JavaScript 'var previewBar = document.getElementById("preview-bar-iframe"); previewBar.style.display = "none";' successfully

2019-06-18 16:02:19 - [MESSAGE][PASSED] - Execute JavaScript 'var previewBar = document.getElementById("preview-bar-iframe"); previewBar.style.display = "none";' successfully

2019-06-18 16:02:19 - [TEST_STEP][PASSED] - scrollToElement(findTestObject("APOLLO- Desktop/Home page/Popular products/Popular products tile"), 0): Scroll to object 'Object Repository/APOLLO- Desktop/Home page/Popular products/Popular products tile' successfully

2019-06-18 16:02:19 - [MESSAGE][WARNING] - Timeout '0' is invalid. Using default page load timeout: '30'

2019-06-18 16:02:20 - [MESSAGE][PASSED] - Scroll to object 'Object Repository/APOLLO- Desktop/Home page/Popular products/Popular products tile' successfully

2019-06-18 16:02:20 - [TEST_STEP][PASSED] - delay(2): Delayed 2 second(s)

2019-06-18 16:02:22 - [MESSAGE][PASSED] - Delayed 2 second(s)

2019-06-18 16:02:22 - [TEST_STEP][PASSED] - mouseOver(findTestObject("APOLLO- Desktop/Home page/Popular products/first product- men")): Object: 'Object Repository/APOLLO- Desktop/Home page/Popular products/first product- men' is hovered

2019-06-18 16:02:22 - [MESSAGE][PASSED] - Object: 'Object Repository/APOLLO- Desktop/Home page/Popular products/first product- men' is hovered

2019-06-18 16:02:22 - [TEST_STEP][PASSED] - delay(2): Delayed 2 second(s)

2019-06-18 16:02:24 - [MESSAGE][PASSED] - Delayed 2 second(s)

2019-06-18 16:02:24 - [TEST_STEP][FAILED] - mouseOver(findTestObject("APOLLO- Desktop/Home page/Popular products/Previous button chevron")): mouseOver(findTestObject("APOLLO- Desktop/Home page/Popular products/Previous button chevron")) FAILED.
Reason:
com.kms.katalon.core.exception.StepFailedException: Unable to move mouse over object 'Object Repository/APOLLO- Desktop/Home page/Popular products/Previous button chevron' (Root cause: com.kms.katalon.core.webui.exception.WebElementNotFoundException: Web element with id: 'Object Repository/APOLLO- Desktop/Home page/Popular products/Previous button chevron' located by 'By.xpath: //section[@id='slider-9534270011']//button[@class='c-slick__arrow c-slick__arrow--prev slick-arrow'][contains(text(),'Previous')]' not found)
	at com.kms.katalon.core.keyword.internal.KeywordMain.stepFailed(KeywordMain.groovy:36)
	at com.kms.katalon.core.webui.keyword.internal.WebUIKeywordMain.stepFailed(WebUIKeywordMain.groovy:65)
	at com.kms.katalon.core.webui.keyword.internal.WebUIKeywordMain.runKeyword(WebUIKeywordMain.groovy:27)
	at com.kms.katalon.core.webui.keyword.builtin.MouseOverKeyword.mouseOver(MouseOverKeyword.groovy:90)
	at com.kms.katalon.core.webui.keyword.builtin.MouseOverKeyword.execute(MouseOverKeyword.groovy:67)
	at com.kms.katalon.core.keyword.internal.KeywordExecutor.executeKeywordForPlatform(KeywordExecutor.groovy:53)
	at com.kms.katalon.core.webui.keyword.WebUiBuiltInKeywords.mouseOver(WebUiBuiltInKeywords.groovy:776)
	at com.kms.katalon.core.webui.keyword.WebUiBuiltInKeywords$mouseOver$9.call(Unknown Source)
	at Popular products.run(Popular products:78)
	at com.kms.katalon.core.main.ScriptEngine.run(ScriptEngine.java:194)
	at com.kms.katalon.core.main.ScriptEngine.runScriptAsRawText(ScriptEngine.java:119)
	at com.kms.katalon.core.main.TestCaseExecutor.runScript(TestCaseExecutor.java:328)
	at com.kms.katalon.core.main.TestCaseExecutor.doExecute(TestCaseExecutor.java:319)
	at com.kms.katalon.core.main.TestCaseExecutor.processExecutionPhase(TestCaseExecutor.java:298)
	at com.kms.katalon.core.main.TestCaseExecutor.accessMainPhase(TestCaseExecutor.java:290)
	at com.kms.katalon.core.main.TestCaseExecutor.execute(TestCaseExecutor.java:224)
	at com.kms.katalon.core.main.TestSuiteExecutor.accessTestCaseMainPhase(TestSuiteExecutor.java:129)
	at com.kms.katalon.core.main.TestSuiteExecutor.accessTestSuiteMainPhase(TestSuiteExecutor.java:112)
	at com.kms.katalon.core.main.TestSuiteExecutor.execute(TestSuiteExecutor.java:81)
	at com.kms.katalon.core.main.TestCaseMain.startTestSuite(TestCaseMain.java:149)
	at com.kms.katalon.core.main.TestCaseMain$startTestSuite$0.call(Unknown Source)
	at TempTestSuite1560887558246.run(TempTestSuite1560887558246.groovy:36)


2019-06-18 16:02:54 - [MESSAGE][INFO] - Unable to find the element located by 'By.xpath: //section[@id='slider-9534270011']//button[@class='c-slick__arrow c-slick__arrow--prev slick-arrow'][contains(text(),'Previous')]'. Please recheck the objects properties to make sure the desired element is located. 

2019-06-18 16:02:55 - [MESSAGE][FAILED] - Unable to move mouse over object 'Object Repository/APOLLO- Desktop/Home page/Popular products/Previous button chevron' (Root cause: com.kms.katalon.core.webui.exception.WebElementNotFoundException: Web element with id: 'Object Repository/APOLLO- Desktop/Home page/Popular products/Previous button chevron' located by 'By.xpath: //section[@id='slider-9534270011']//button[@class='c-slick__arrow c-slick__arrow--prev slick-arrow'][contains(text(),'Previous')]' not found)
[[ATTACHMENT|/Users/sumankompelly/Katalon Studio/APOLLO/Reports/Apollo- Desktop/20190618_155238/1560888174888.png]]

2019-06-18 16:02:55 - [MESSAGE][FAILED] - mouseOver(findTestObject("APOLLO- Desktop/Home page/Popular products/Previous button chevron")) FAILED.
Reason:
com.kms.katalon.core.exception.StepFailedException: Unable to move mouse over object 'Object Repository/APOLLO- Desktop/Home page/Popular products/Previous button chevron' (Root cause: com.kms.katalon.core.webui.exception.WebElementNotFoundException: Web element with id: 'Object Repository/APOLLO- Desktop/Home page/Popular products/Previous button chevron' located by 'By.xpath: //section[@id='slider-9534270011']//button[@class='c-slick__arrow c-slick__arrow--prev slick-arrow'][contains(text(),'Previous')]' not found)
	at com.kms.katalon.core.keyword.internal.KeywordMain.stepFailed(KeywordMain.groovy:36)
	at com.kms.katalon.core.webui.keyword.internal.WebUIKeywordMain.stepFailed(WebUIKeywordMain.groovy:65)
	at com.kms.katalon.core.webui.keyword.internal.WebUIKeywordMain.runKeyword(WebUIKeywordMain.groovy:27)
	at com.kms.katalon.core.webui.keyword.builtin.MouseOverKeyword.mouseOver(MouseOverKeyword.groovy:90)
	at com.kms.katalon.core.webui.keyword.builtin.MouseOverKeyword.execute(MouseOverKeyword.groovy:67)
	at com.kms.katalon.core.keyword.internal.KeywordExecutor.executeKeywordForPlatform(KeywordExecutor.groovy:53)
	at com.kms.katalon.core.webui.keyword.WebUiBuiltInKeywords.mouseOver(WebUiBuiltInKeywords.groovy:776)
	at com.kms.katalon.core.webui.keyword.WebUiBuiltInKeywords$mouseOver$9.call(Unknown Source)
	at Popular products.run(Popular products:78)
	at com.kms.katalon.core.main.ScriptEngine.run(ScriptEngine.java:194)
	at com.kms.katalon.core.main.ScriptEngine.runScriptAsRawText(ScriptEngine.java:119)
	at com.kms.katalon.core.main.TestCaseExecutor.runScript(TestCaseExecutor.java:328)
	at com.kms.katalon.core.main.TestCaseExecutor.doExecute(TestCaseExecutor.java:319)
	at com.kms.katalon.core.main.TestCaseExecutor.processExecutionPhase(TestCaseExecutor.java:298)
	at com.kms.katalon.core.main.TestCaseExecutor.accessMainPhase(TestCaseExecutor.java:290)
	at com.kms.katalon.core.main.TestCaseExecutor.execute(TestCaseExecutor.java:224)
	at com.kms.katalon.core.main.TestSuiteExecutor.accessTestCaseMainPhase(TestSuiteExecutor.java:129)
	at com.kms.katalon.core.main.TestSuiteExecutor.accessTestSuiteMainPhase(TestSuiteExecutor.java:112)
	at com.kms.katalon.core.main.TestSuiteExecutor.execute(TestSuiteExecutor.java:81)
	at com.kms.katalon.core.main.TestCaseMain.startTestSuite(TestCaseMain.java:149)
	at com.kms.katalon.core.main.TestCaseMain$startTestSuite$0.call(Unknown Source)
	at TempTestSuite1560887558246.run(TempTestSuite1560887558246.groovy:36)]]></system-out>
         <system-err><![CDATA[2019-06-18 16:01:31 - [TEST_CASE][FAILED] - Test Cases/HOME PAGE/Popular products: Test Cases/HOME PAGE/Popular products FAILED.
Reason:
com.kms.katalon.core.exception.StepFailedException: Unable to move mouse over object 'Object Repository/APOLLO- Desktop/Home page/Popular products/Previous button chevron' (Root cause: com.kms.katalon.core.webui.exception.WebElementNotFoundException: Web element with id: 'Object Repository/APOLLO- Desktop/Home page/Popular products/Previous button chevron' located by 'By.xpath: //section[@id='slider-9534270011']//button[@class='c-slick__arrow c-slick__arrow--prev slick-arrow'][contains(text(),'Previous')]' not found)
	at com.kms.katalon.core.keyword.internal.KeywordMain.stepFailed(KeywordMain.groovy:36)
	at com.kms.katalon.core.webui.keyword.internal.WebUIKeywordMain.stepFailed(WebUIKeywordMain.groovy:65)
	at com.kms.katalon.core.webui.keyword.internal.WebUIKeywordMain.runKeyword(WebUIKeywordMain.groovy:27)
	at com.kms.katalon.core.webui.keyword.builtin.MouseOverKeyword.mouseOver(MouseOverKeyword.groovy:90)
	at com.kms.katalon.core.webui.keyword.builtin.MouseOverKeyword.execute(MouseOverKeyword.groovy:67)
	at com.kms.katalon.core.keyword.internal.KeywordExecutor.executeKeywordForPlatform(KeywordExecutor.groovy:53)
	at com.kms.katalon.core.webui.keyword.WebUiBuiltInKeywords.mouseOver(WebUiBuiltInKeywords.groovy:776)
	at com.kms.katalon.core.webui.keyword.WebUiBuiltInKeywords$mouseOver$9.call(Unknown Source)
	at Popular products.run(Popular products:78)
	at com.kms.katalon.core.main.ScriptEngine.run(ScriptEngine.java:194)
	at com.kms.katalon.core.main.ScriptEngine.runScriptAsRawText(ScriptEngine.java:119)
	at com.kms.katalon.core.main.TestCaseExecutor.runScript(TestCaseExecutor.java:328)
	at com.kms.katalon.core.main.TestCaseExecutor.doExecute(TestCaseExecutor.java:319)
	at com.kms.katalon.core.main.TestCaseExecutor.processExecutionPhase(TestCaseExecutor.java:298)
	at com.kms.katalon.core.main.TestCaseExecutor.accessMainPhase(TestCaseExecutor.java:290)
	at com.kms.katalon.core.main.TestCaseExecutor.execute(TestCaseExecutor.java:224)
	at com.kms.katalon.core.main.TestSuiteExecutor.accessTestCaseMainPhase(TestSuiteExecutor.java:129)
	at com.kms.katalon.core.main.TestSuiteExecutor.accessTestSuiteMainPhase(TestSuiteExecutor.java:112)
	at com.kms.katalon.core.main.TestSuiteExecutor.execute(TestSuiteExecutor.java:81)
	at com.kms.katalon.core.main.TestCaseMain.startTestSuite(TestCaseMain.java:149)
	at com.kms.katalon.core.main.TestCaseMain$startTestSuite$0.call(Unknown Source)
	at TempTestSuite1560887558246.run(TempTestSuite1560887558246.groovy:36)]]></system-err>
      </testcase>
      <testcase name="Test Cases/HOME PAGE/Our latest blog posts" classname="Test Cases/HOME PAGE/Our latest blog posts" status="PASSED">
         <system-out><![CDATA[2019-06-18 16:02:55 - [TEST_CASE][PASSED] - Test Cases/HOME PAGE/Our latest blog posts: Test Cases/HOME PAGE/Our latest blog posts

2019-06-18 16:02:55 - [TEST_STEP][PASSED] - callTestCase(findTestCase("CALL - URL"), [:], STOP_ON_FAILURE): Call Test Case 'Test Cases/CALL - URL' successfully

2019-06-18 16:02:55 - [TEST_CASE][PASSED] - Test Cases/CALL - URL: Test Cases/CALL - URL

2019-06-18 16:02:55 - [TEST_STEP][PASSED] - openBrowser(""): Browser is opened with url: ''

2019-06-18 16:02:55 - [MESSAGE][WARNING] - A browser is already opened. Closing browser and opening a new one

2019-06-18 16:02:56 - [MESSAGE][INFO] - Starting 'Chrome' driver

2019-06-18 16:02:57 - [MESSAGE][PASSED] - Browser is opened with url: ''

2019-06-18 16:02:57 - [TEST_STEP][PASSED] - navigateToUrl("https://diff-apollo.myshopify.com/?_ab=0&_fd=0&_sc=1&preview_theme_id=68602101860"): Navigate to 'https://diff-apollo.myshopify.com/?_ab=0&_fd=0&_sc=1&preview_theme_id=68602101860' successfully

2019-06-18 16:03:00 - [MESSAGE][PASSED] - Navigate to 'https://diff-apollo.myshopify.com/?_ab=0&_fd=0&_sc=1&preview_theme_id=68602101860' successfully

2019-06-18 16:03:00 - [TEST_STEP][PASSED] - executeJavaScript("var previewBar = document.getElementById("preview-bar-iframe"); previewBar.style.display = "none";", []): Execute JavaScript 'var previewBar = document.getElementById("preview-bar-iframe"); previewBar.style.display = "none";' successfully

2019-06-18 16:03:00 - [MESSAGE][PASSED] - Execute JavaScript 'var previewBar = document.getElementById("preview-bar-iframe"); previewBar.style.display = "none";' successfully

2019-06-18 16:03:00 - [MESSAGE][PASSED] - Call Test Case 'Test Cases/CALL - URL' successfully

2019-06-18 16:03:00 - [TEST_STEP][PASSED] - delay(2): Delayed 2 second(s)

2019-06-18 16:03:02 - [MESSAGE][PASSED] - Delayed 2 second(s)

2019-06-18 16:03:02 - [TEST_STEP][PASSED] - scrollToElement(findTestObject("APOLLO- Desktop/Home page/Our latest blog posts/Our latest Blog posts"), 0): Scroll to object 'Object Repository/APOLLO- Desktop/Home page/Our latest blog posts/Our latest Blog posts' successfully

2019-06-18 16:03:02 - [MESSAGE][WARNING] - Timeout '0' is invalid. Using default page load timeout: '30'

2019-06-18 16:03:02 - [MESSAGE][PASSED] - Scroll to object 'Object Repository/APOLLO- Desktop/Home page/Our latest blog posts/Our latest Blog posts' successfully

2019-06-18 16:03:02 - [TEST_STEP][PASSED] - delay(2): Delayed 2 second(s)

2019-06-18 16:03:04 - [MESSAGE][PASSED] - Delayed 2 second(s)

2019-06-18 16:03:04 - [TEST_STEP][PASSED] - click(findTestObject("APOLLO- Desktop/Home page/Our latest blog posts/second slider")): Object: 'Object Repository/APOLLO- Desktop/Home page/Our latest blog posts/second slider' is clicked on

2019-06-18 16:03:04 - [MESSAGE][PASSED] - Object: 'Object Repository/APOLLO- Desktop/Home page/Our latest blog posts/second slider' is clicked on

2019-06-18 16:03:04 - [TEST_STEP][PASSED] - delay(2): Delayed 2 second(s)

2019-06-18 16:03:06 - [MESSAGE][PASSED] - Delayed 2 second(s)

2019-06-18 16:03:06 - [TEST_STEP][PASSED] - click(findTestObject("APOLLO- Desktop/Home page/Our latest blog posts/third slider")): Object: 'Object Repository/APOLLO- Desktop/Home page/Our latest blog posts/third slider' is clicked on

2019-06-18 16:03:06 - [MESSAGE][PASSED] - Object: 'Object Repository/APOLLO- Desktop/Home page/Our latest blog posts/third slider' is clicked on

2019-06-18 16:03:06 - [TEST_STEP][PASSED] - delay(2): Delayed 2 second(s)

2019-06-18 16:03:08 - [MESSAGE][PASSED] - Delayed 2 second(s)

2019-06-18 16:03:08 - [TEST_STEP][PASSED] - click(findTestObject("APOLLO- Desktop/Home page/Our latest blog posts/first slider")): Object: 'Object Repository/APOLLO- Desktop/Home page/Our latest blog posts/first slider' is clicked on

2019-06-18 16:03:09 - [MESSAGE][PASSED] - Object: 'Object Repository/APOLLO- Desktop/Home page/Our latest blog posts/first slider' is clicked on

2019-06-18 16:03:09 - [TEST_STEP][PASSED] - delay(2): Delayed 2 second(s)

2019-06-18 16:03:11 - [MESSAGE][PASSED] - Delayed 2 second(s)

2019-06-18 16:03:11 - [TEST_STEP][PASSED] - click(findTestObject("APOLLO- Desktop/Home page/Our latest blog posts/Visit Blog")): Object: 'Object Repository/APOLLO- Desktop/Home page/Our latest blog posts/Visit Blog' is clicked on

2019-06-18 16:03:12 - [MESSAGE][PASSED] - Object: 'Object Repository/APOLLO- Desktop/Home page/Our latest blog posts/Visit Blog' is clicked on

2019-06-18 16:03:12 - [TEST_STEP][PASSED] - delay(2): Delayed 2 second(s)

2019-06-18 16:03:14 - [MESSAGE][PASSED] - Delayed 2 second(s)

2019-06-18 16:03:14 - [TEST_STEP][PASSED] - click(findTestObject("APOLLO- Desktop/Home page/Hero banner - CTA/Apollo icon")): Object: 'Object Repository/APOLLO- Desktop/Home page/Hero banner - CTA/Apollo icon' is clicked on

2019-06-18 16:03:17 - [MESSAGE][PASSED] - Object: 'Object Repository/APOLLO- Desktop/Home page/Hero banner - CTA/Apollo icon' is clicked on

2019-06-18 16:03:17 - [TEST_STEP][PASSED] - delay(2): Delayed 2 second(s)

2019-06-18 16:03:19 - [MESSAGE][PASSED] - Delayed 2 second(s)

2019-06-18 16:03:19 - [TEST_STEP][PASSED] - scrollToElement(findTestObject("APOLLO- Desktop/Home page/Our latest blog posts/Our latest Blog posts"), 0): Scroll to object 'Object Repository/APOLLO- Desktop/Home page/Our latest blog posts/Our latest Blog posts' successfully

2019-06-18 16:03:19 - [MESSAGE][WARNING] - Timeout '0' is invalid. Using default page load timeout: '30'

2019-06-18 16:03:19 - [MESSAGE][PASSED] - Scroll to object 'Object Repository/APOLLO- Desktop/Home page/Our latest blog posts/Our latest Blog posts' successfully

2019-06-18 16:03:19 - [TEST_STEP][PASSED] - delay(2): Delayed 2 second(s)

2019-06-18 16:03:21 - [MESSAGE][PASSED] - Delayed 2 second(s)

2019-06-18 16:03:21 - [TEST_STEP][PASSED] - click(findTestObject("APOLLO- Desktop/Home page/Our latest blog posts/Read more link")): Object: 'Object Repository/APOLLO- Desktop/Home page/Our latest blog posts/Read more link' is clicked on

2019-06-18 16:03:22 - [MESSAGE][PASSED] - Object: 'Object Repository/APOLLO- Desktop/Home page/Our latest blog posts/Read more link' is clicked on

2019-06-18 16:03:22 - [TEST_STEP][PASSED] - delay(2): Delayed 2 second(s)

2019-06-18 16:03:24 - [MESSAGE][PASSED] - Delayed 2 second(s)

2019-06-18 16:03:24 - [TEST_STEP][PASSED] - click(findTestObject("APOLLO- Desktop/Home page/Hero banner - CTA/Apollo icon")): Object: 'Object Repository/APOLLO- Desktop/Home page/Hero banner - CTA/Apollo icon' is clicked on

2019-06-18 16:03:26 - [MESSAGE][PASSED] - Object: 'Object Repository/APOLLO- Desktop/Home page/Hero banner - CTA/Apollo icon' is clicked on

2019-06-18 16:03:26 - [TEST_STEP][PASSED] - delay(2): Delayed 2 second(s)

2019-06-18 16:03:28 - [MESSAGE][PASSED] - Delayed 2 second(s)

2019-06-18 16:03:28 - [TEST_STEP][PASSED] - scrollToElement(findTestObject("APOLLO- Desktop/Home page/Our latest blog posts/Our latest Blog posts"), 0): Scroll to object 'Object Repository/APOLLO- Desktop/Home page/Our latest blog posts/Our latest Blog posts' successfully

2019-06-18 16:03:28 - [MESSAGE][WARNING] - Timeout '0' is invalid. Using default page load timeout: '30'

2019-06-18 16:03:28 - [MESSAGE][PASSED] - Scroll to object 'Object Repository/APOLLO- Desktop/Home page/Our latest blog posts/Our latest Blog posts' successfully

2019-06-18 16:03:28 - [TEST_STEP][PASSED] - delay(2): Delayed 2 second(s)

2019-06-18 16:03:30 - [MESSAGE][PASSED] - Delayed 2 second(s)

2019-06-18 16:03:30 - [TEST_STEP][PASSED] - mouseOver(findTestObject("APOLLO- Desktop/Home page/Our latest blog posts/button_Next")): Object: 'Object Repository/APOLLO- Desktop/Home page/Our latest blog posts/button_Next' is hovered

2019-06-18 16:03:30 - [MESSAGE][PASSED] - Object: 'Object Repository/APOLLO- Desktop/Home page/Our latest blog posts/button_Next' is hovered

2019-06-18 16:03:30 - [TEST_STEP][PASSED] - delay(2): Delayed 2 second(s)

2019-06-18 16:03:32 - [MESSAGE][PASSED] - Delayed 2 second(s)

2019-06-18 16:03:32 - [TEST_STEP][PASSED] - click(findTestObject("APOLLO- Desktop/Home page/Our latest blog posts/button_Next")): Object: 'Object Repository/APOLLO- Desktop/Home page/Our latest blog posts/button_Next' is clicked on

2019-06-18 16:03:32 - [MESSAGE][PASSED] - Object: 'Object Repository/APOLLO- Desktop/Home page/Our latest blog posts/button_Next' is clicked on

2019-06-18 16:03:32 - [TEST_STEP][PASSED] - delay(2): Delayed 2 second(s)

2019-06-18 16:03:34 - [MESSAGE][PASSED] - Delayed 2 second(s)

2019-06-18 16:03:34 - [TEST_STEP][PASSED] - click(findTestObject("APOLLO- Desktop/Home page/Our latest blog posts/button_Previous")): Object: 'Object Repository/APOLLO- Desktop/Home page/Our latest blog posts/button_Previous' is clicked on

2019-06-18 16:03:35 - [MESSAGE][PASSED] - Object: 'Object Repository/APOLLO- Desktop/Home page/Our latest blog posts/button_Previous' is clicked on]]></system-out>
         <system-err><![CDATA[]]></system-err>
      </testcase>
      <testcase name="Test Cases/HOME PAGE/Follow us" classname="Test Cases/HOME PAGE/Follow us" status="FAILED">
         <failure type="FAILED" message="Test Cases/HOME PAGE/Follow us FAILED.
Reason:
com.kms.katalon.core.exception.StepFailedException: Unable to scroll to object 'Object Repository/APOLLO- Desktop/Home page/Follow us/apollodarktheme' (Root cause: com.kms.katalon.core.webui.exception.WebElementNotFoundException: Web element with id: 'Object Repository/APOLLO- Desktop/Home page/Follow us/apollodarktheme' located by 'By.xpath: //h1[@class='o-title c-instagram-username']' not found)
	at com.kms.katalon.core.keyword.internal.KeywordMain.stepFailed(KeywordMain.groovy:36)
	at com.kms.katalon.core.webui.keyword.internal.WebUIKeywordMain.stepFailed(WebUIKeywordMain.groovy:65)
	at com.kms.katalon.core.webui.keyword.internal.WebUIKeywordMain.runKeyword(WebUIKeywordMain.groovy:27)
	at com.kms.katalon.core.webui.keyword.builtin.ScrollToElementKeyword.scrollToElement(ScrollToElementKeyword.groovy:88)
	at com.kms.katalon.core.webui.keyword.builtin.ScrollToElementKeyword.execute(ScrollToElementKeyword.groovy:68)
	at com.kms.katalon.core.keyword.internal.KeywordExecutor.executeKeywordForPlatform(KeywordExecutor.groovy:53)
	at com.kms.katalon.core.webui.keyword.WebUiBuiltInKeywords.scrollToElement(WebUiBuiltInKeywords.groovy:2975)
	at com.kms.katalon.core.webui.keyword.WebUiBuiltInKeywords$scrollToElement$3.call(Unknown Source)
	at Follow us.run(Follow us:32)
	at com.kms.katalon.core.main.ScriptEngine.run(ScriptEngine.java:194)
	at com.kms.katalon.core.main.ScriptEngine.runScriptAsRawText(ScriptEngine.java:119)
	at com.kms.katalon.core.main.TestCaseExecutor.runScript(TestCaseExecutor.java:328)
	at com.kms.katalon.core.main.TestCaseExecutor.doExecute(TestCaseExecutor.java:319)
	at com.kms.katalon.core.main.TestCaseExecutor.processExecutionPhase(TestCaseExecutor.java:298)
	at com.kms.katalon.core.main.TestCaseExecutor.accessMainPhase(TestCaseExecutor.java:290)
	at com.kms.katalon.core.main.TestCaseExecutor.execute(TestCaseExecutor.java:224)
	at com.kms.katalon.core.main.TestSuiteExecutor.accessTestCaseMainPhase(TestSuiteExecutor.java:129)
	at com.kms.katalon.core.main.TestSuiteExecutor.accessTestSuiteMainPhase(TestSuiteExecutor.java:112)
	at com.kms.katalon.core.main.TestSuiteExecutor.execute(TestSuiteExecutor.java:81)
	at com.kms.katalon.core.main.TestCaseMain.startTestSuite(TestCaseMain.java:149)
	at com.kms.katalon.core.main.TestCaseMain$startTestSuite$0.call(Unknown Source)
	at TempTestSuite1560887558246.run(TempTestSuite1560887558246.groovy:36)
"/>
         <system-out><![CDATA[2019-06-18 16:03:35 - [TEST_CASE][FAILED] - Test Cases/HOME PAGE/Follow us: Test Cases/HOME PAGE/Follow us FAILED.
Reason:
com.kms.katalon.core.exception.StepFailedException: Unable to scroll to object 'Object Repository/APOLLO- Desktop/Home page/Follow us/apollodarktheme' (Root cause: com.kms.katalon.core.webui.exception.WebElementNotFoundException: Web element with id: 'Object Repository/APOLLO- Desktop/Home page/Follow us/apollodarktheme' located by 'By.xpath: //h1[@class='o-title c-instagram-username']' not found)
	at com.kms.katalon.core.keyword.internal.KeywordMain.stepFailed(KeywordMain.groovy:36)
	at com.kms.katalon.core.webui.keyword.internal.WebUIKeywordMain.stepFailed(WebUIKeywordMain.groovy:65)
	at com.kms.katalon.core.webui.keyword.internal.WebUIKeywordMain.runKeyword(WebUIKeywordMain.groovy:27)
	at com.kms.katalon.core.webui.keyword.builtin.ScrollToElementKeyword.scrollToElement(ScrollToElementKeyword.groovy:88)
	at com.kms.katalon.core.webui.keyword.builtin.ScrollToElementKeyword.execute(ScrollToElementKeyword.groovy:68)
	at com.kms.katalon.core.keyword.internal.KeywordExecutor.executeKeywordForPlatform(KeywordExecutor.groovy:53)
	at com.kms.katalon.core.webui.keyword.WebUiBuiltInKeywords.scrollToElement(WebUiBuiltInKeywords.groovy:2975)
	at com.kms.katalon.core.webui.keyword.WebUiBuiltInKeywords$scrollToElement$3.call(Unknown Source)
	at Follow us.run(Follow us:32)
	at com.kms.katalon.core.main.ScriptEngine.run(ScriptEngine.java:194)
	at com.kms.katalon.core.main.ScriptEngine.runScriptAsRawText(ScriptEngine.java:119)
	at com.kms.katalon.core.main.TestCaseExecutor.runScript(TestCaseExecutor.java:328)
	at com.kms.katalon.core.main.TestCaseExecutor.doExecute(TestCaseExecutor.java:319)
	at com.kms.katalon.core.main.TestCaseExecutor.processExecutionPhase(TestCaseExecutor.java:298)
	at com.kms.katalon.core.main.TestCaseExecutor.accessMainPhase(TestCaseExecutor.java:290)
	at com.kms.katalon.core.main.TestCaseExecutor.execute(TestCaseExecutor.java:224)
	at com.kms.katalon.core.main.TestSuiteExecutor.accessTestCaseMainPhase(TestSuiteExecutor.java:129)
	at com.kms.katalon.core.main.TestSuiteExecutor.accessTestSuiteMainPhase(TestSuiteExecutor.java:112)
	at com.kms.katalon.core.main.TestSuiteExecutor.execute(TestSuiteExecutor.java:81)
	at com.kms.katalon.core.main.TestCaseMain.startTestSuite(TestCaseMain.java:149)
	at com.kms.katalon.core.main.TestCaseMain$startTestSuite$0.call(Unknown Source)
	at TempTestSuite1560887558246.run(TempTestSuite1560887558246.groovy:36)


2019-06-18 16:03:35 - [TEST_STEP][PASSED] - callTestCase(findTestCase("CALL - URL"), [:], STOP_ON_FAILURE): Call Test Case 'Test Cases/CALL - URL' successfully

2019-06-18 16:03:35 - [TEST_CASE][PASSED] - Test Cases/CALL - URL: Test Cases/CALL - URL

2019-06-18 16:03:35 - [TEST_STEP][PASSED] - openBrowser(""): Browser is opened with url: ''

2019-06-18 16:03:35 - [MESSAGE][WARNING] - A browser is already opened. Closing browser and opening a new one

2019-06-18 16:03:35 - [MESSAGE][INFO] - Starting 'Chrome' driver

2019-06-18 16:03:36 - [MESSAGE][PASSED] - Browser is opened with url: ''

2019-06-18 16:03:36 - [TEST_STEP][PASSED] - navigateToUrl("https://diff-apollo.myshopify.com/?_ab=0&_fd=0&_sc=1&preview_theme_id=68602101860"): Navigate to 'https://diff-apollo.myshopify.com/?_ab=0&_fd=0&_sc=1&preview_theme_id=68602101860' successfully

2019-06-18 16:03:41 - [MESSAGE][PASSED] - Navigate to 'https://diff-apollo.myshopify.com/?_ab=0&_fd=0&_sc=1&preview_theme_id=68602101860' successfully

2019-06-18 16:03:41 - [TEST_STEP][PASSED] - executeJavaScript("var previewBar = document.getElementById("preview-bar-iframe"); previewBar.style.display = "none";", []): Execute JavaScript 'var previewBar = document.getElementById("preview-bar-iframe"); previewBar.style.display = "none";' successfully

2019-06-18 16:03:41 - [MESSAGE][PASSED] - Execute JavaScript 'var previewBar = document.getElementById("preview-bar-iframe"); previewBar.style.display = "none";' successfully

2019-06-18 16:03:41 - [MESSAGE][PASSED] - Call Test Case 'Test Cases/CALL - URL' successfully

2019-06-18 16:03:41 - [TEST_STEP][PASSED] - delay(2): Delayed 2 second(s)

2019-06-18 16:03:43 - [MESSAGE][PASSED] - Delayed 2 second(s)

2019-06-18 16:03:43 - [TEST_STEP][PASSED] - scrollToElement(findTestObject("APOLLO- Desktop/Home page/Follow us/apollodarktheme"), 0): Scroll to object 'Object Repository/APOLLO- Desktop/Home page/Follow us/apollodarktheme' successfully

2019-06-18 16:03:43 - [MESSAGE][WARNING] - Timeout '0' is invalid. Using default page load timeout: '30'

2019-06-18 16:03:43 - [MESSAGE][PASSED] - Scroll to object 'Object Repository/APOLLO- Desktop/Home page/Follow us/apollodarktheme' successfully

2019-06-18 16:03:43 - [TEST_STEP][PASSED] - delay(2): Delayed 2 second(s)

2019-06-18 16:03:45 - [MESSAGE][PASSED] - Delayed 2 second(s)

2019-06-18 16:03:45 - [TEST_STEP][PASSED] - scrollToElement(findTestObject("APOLLO- Desktop/Home page/Our latest blog posts/Visit Blog"), 0): Scroll to object 'Object Repository/APOLLO- Desktop/Home page/Our latest blog posts/Visit Blog' successfully

2019-06-18 16:03:45 - [MESSAGE][WARNING] - Timeout '0' is invalid. Using default page load timeout: '30'

2019-06-18 16:03:45 - [MESSAGE][PASSED] - Scroll to object 'Object Repository/APOLLO- Desktop/Home page/Our latest blog posts/Visit Blog' successfully

2019-06-18 16:03:45 - [TEST_STEP][PASSED] - delay(2): Delayed 2 second(s)

2019-06-18 16:03:47 - [MESSAGE][PASSED] - Delayed 2 second(s)

2019-06-18 16:03:47 - [TEST_STEP][PASSED] - click(findTestObject("APOLLO- Desktop/Home page/Follow us/product tile")): Object: 'Object Repository/APOLLO- Desktop/Home page/Follow us/product tile' is clicked on

2019-06-18 16:03:48 - [MESSAGE][PASSED] - Object: 'Object Repository/APOLLO- Desktop/Home page/Follow us/product tile' is clicked on

2019-06-18 16:03:48 - [TEST_STEP][PASSED] - back(): Navigate back successfully

2019-06-18 16:03:48 - [MESSAGE][PASSED] - Navigate back successfully

2019-06-18 16:03:48 - [TEST_STEP][FAILED] - scrollToElement(findTestObject("APOLLO- Desktop/Home page/Follow us/apollodarktheme"), 0): scrollToElement(findTestObject("APOLLO- Desktop/Home page/Follow us/apollodarktheme"), 0) FAILED.
Reason:
com.kms.katalon.core.exception.StepFailedException: Unable to scroll to object 'Object Repository/APOLLO- Desktop/Home page/Follow us/apollodarktheme' (Root cause: com.kms.katalon.core.webui.exception.WebElementNotFoundException: Web element with id: 'Object Repository/APOLLO- Desktop/Home page/Follow us/apollodarktheme' located by 'By.xpath: //h1[@class='o-title c-instagram-username']' not found)
	at com.kms.katalon.core.keyword.internal.KeywordMain.stepFailed(KeywordMain.groovy:36)
	at com.kms.katalon.core.webui.keyword.internal.WebUIKeywordMain.stepFailed(WebUIKeywordMain.groovy:65)
	at com.kms.katalon.core.webui.keyword.internal.WebUIKeywordMain.runKeyword(WebUIKeywordMain.groovy:27)
	at com.kms.katalon.core.webui.keyword.builtin.ScrollToElementKeyword.scrollToElement(ScrollToElementKeyword.groovy:88)
	at com.kms.katalon.core.webui.keyword.builtin.ScrollToElementKeyword.execute(ScrollToElementKeyword.groovy:68)
	at com.kms.katalon.core.keyword.internal.KeywordExecutor.executeKeywordForPlatform(KeywordExecutor.groovy:53)
	at com.kms.katalon.core.webui.keyword.WebUiBuiltInKeywords.scrollToElement(WebUiBuiltInKeywords.groovy:2975)
	at com.kms.katalon.core.webui.keyword.WebUiBuiltInKeywords$scrollToElement$3.call(Unknown Source)
	at Follow us.run(Follow us:32)
	at com.kms.katalon.core.main.ScriptEngine.run(ScriptEngine.java:194)
	at com.kms.katalon.core.main.ScriptEngine.runScriptAsRawText(ScriptEngine.java:119)
	at com.kms.katalon.core.main.TestCaseExecutor.runScript(TestCaseExecutor.java:328)
	at com.kms.katalon.core.main.TestCaseExecutor.doExecute(TestCaseExecutor.java:319)
	at com.kms.katalon.core.main.TestCaseExecutor.processExecutionPhase(TestCaseExecutor.java:298)
	at com.kms.katalon.core.main.TestCaseExecutor.accessMainPhase(TestCaseExecutor.java:290)
	at com.kms.katalon.core.main.TestCaseExecutor.execute(TestCaseExecutor.java:224)
	at com.kms.katalon.core.main.TestSuiteExecutor.accessTestCaseMainPhase(TestSuiteExecutor.java:129)
	at com.kms.katalon.core.main.TestSuiteExecutor.accessTestSuiteMainPhase(TestSuiteExecutor.java:112)
	at com.kms.katalon.core.main.TestSuiteExecutor.execute(TestSuiteExecutor.java:81)
	at com.kms.katalon.core.main.TestCaseMain.startTestSuite(TestCaseMain.java:149)
	at com.kms.katalon.core.main.TestCaseMain$startTestSuite$0.call(Unknown Source)
	at TempTestSuite1560887558246.run(TempTestSuite1560887558246.groovy:36)


2019-06-18 16:03:48 - [MESSAGE][WARNING] - Timeout '0' is invalid. Using default page load timeout: '30'

2019-06-18 16:04:19 - [MESSAGE][INFO] - Unable to find the element located by 'By.xpath: //h1[@class='o-title c-instagram-username']'. Please recheck the objects properties to make sure the desired element is located. 

2019-06-18 16:04:19 - [MESSAGE][FAILED] - Unable to scroll to object 'Object Repository/APOLLO- Desktop/Home page/Follow us/apollodarktheme' (Root cause: com.kms.katalon.core.webui.exception.WebElementNotFoundException: Web element with id: 'Object Repository/APOLLO- Desktop/Home page/Follow us/apollodarktheme' located by 'By.xpath: //h1[@class='o-title c-instagram-username']' not found)
[[ATTACHMENT|/Users/sumankompelly/Katalon Studio/APOLLO/Reports/Apollo- Desktop/20190618_155238/1560888259000.png]]

2019-06-18 16:04:19 - [MESSAGE][FAILED] - scrollToElement(findTestObject("APOLLO- Desktop/Home page/Follow us/apollodarktheme"), 0) FAILED.
Reason:
com.kms.katalon.core.exception.StepFailedException: Unable to scroll to object 'Object Repository/APOLLO- Desktop/Home page/Follow us/apollodarktheme' (Root cause: com.kms.katalon.core.webui.exception.WebElementNotFoundException: Web element with id: 'Object Repository/APOLLO- Desktop/Home page/Follow us/apollodarktheme' located by 'By.xpath: //h1[@class='o-title c-instagram-username']' not found)
	at com.kms.katalon.core.keyword.internal.KeywordMain.stepFailed(KeywordMain.groovy:36)
	at com.kms.katalon.core.webui.keyword.internal.WebUIKeywordMain.stepFailed(WebUIKeywordMain.groovy:65)
	at com.kms.katalon.core.webui.keyword.internal.WebUIKeywordMain.runKeyword(WebUIKeywordMain.groovy:27)
	at com.kms.katalon.core.webui.keyword.builtin.ScrollToElementKeyword.scrollToElement(ScrollToElementKeyword.groovy:88)
	at com.kms.katalon.core.webui.keyword.builtin.ScrollToElementKeyword.execute(ScrollToElementKeyword.groovy:68)
	at com.kms.katalon.core.keyword.internal.KeywordExecutor.executeKeywordForPlatform(KeywordExecutor.groovy:53)
	at com.kms.katalon.core.webui.keyword.WebUiBuiltInKeywords.scrollToElement(WebUiBuiltInKeywords.groovy:2975)
	at com.kms.katalon.core.webui.keyword.WebUiBuiltInKeywords$scrollToElement$3.call(Unknown Source)
	at Follow us.run(Follow us:32)
	at com.kms.katalon.core.main.ScriptEngine.run(ScriptEngine.java:194)
	at com.kms.katalon.core.main.ScriptEngine.runScriptAsRawText(ScriptEngine.java:119)
	at com.kms.katalon.core.main.TestCaseExecutor.runScript(TestCaseExecutor.java:328)
	at com.kms.katalon.core.main.TestCaseExecutor.doExecute(TestCaseExecutor.java:319)
	at com.kms.katalon.core.main.TestCaseExecutor.processExecutionPhase(TestCaseExecutor.java:298)
	at com.kms.katalon.core.main.TestCaseExecutor.accessMainPhase(TestCaseExecutor.java:290)
	at com.kms.katalon.core.main.TestCaseExecutor.execute(TestCaseExecutor.java:224)
	at com.kms.katalon.core.main.TestSuiteExecutor.accessTestCaseMainPhase(TestSuiteExecutor.java:129)
	at com.kms.katalon.core.main.TestSuiteExecutor.accessTestSuiteMainPhase(TestSuiteExecutor.java:112)
	at com.kms.katalon.core.main.TestSuiteExecutor.execute(TestSuiteExecutor.java:81)
	at com.kms.katalon.core.main.TestCaseMain.startTestSuite(TestCaseMain.java:149)
	at com.kms.katalon.core.main.TestCaseMain$startTestSuite$0.call(Unknown Source)
	at TempTestSuite1560887558246.run(TempTestSuite1560887558246.groovy:36)]]></system-out>
         <system-err><![CDATA[2019-06-18 16:03:35 - [TEST_CASE][FAILED] - Test Cases/HOME PAGE/Follow us: Test Cases/HOME PAGE/Follow us FAILED.
Reason:
com.kms.katalon.core.exception.StepFailedException: Unable to scroll to object 'Object Repository/APOLLO- Desktop/Home page/Follow us/apollodarktheme' (Root cause: com.kms.katalon.core.webui.exception.WebElementNotFoundException: Web element with id: 'Object Repository/APOLLO- Desktop/Home page/Follow us/apollodarktheme' located by 'By.xpath: //h1[@class='o-title c-instagram-username']' not found)
	at com.kms.katalon.core.keyword.internal.KeywordMain.stepFailed(KeywordMain.groovy:36)
	at com.kms.katalon.core.webui.keyword.internal.WebUIKeywordMain.stepFailed(WebUIKeywordMain.groovy:65)
	at com.kms.katalon.core.webui.keyword.internal.WebUIKeywordMain.runKeyword(WebUIKeywordMain.groovy:27)
	at com.kms.katalon.core.webui.keyword.builtin.ScrollToElementKeyword.scrollToElement(ScrollToElementKeyword.groovy:88)
	at com.kms.katalon.core.webui.keyword.builtin.ScrollToElementKeyword.execute(ScrollToElementKeyword.groovy:68)
	at com.kms.katalon.core.keyword.internal.KeywordExecutor.executeKeywordForPlatform(KeywordExecutor.groovy:53)
	at com.kms.katalon.core.webui.keyword.WebUiBuiltInKeywords.scrollToElement(WebUiBuiltInKeywords.groovy:2975)
	at com.kms.katalon.core.webui.keyword.WebUiBuiltInKeywords$scrollToElement$3.call(Unknown Source)
	at Follow us.run(Follow us:32)
	at com.kms.katalon.core.main.ScriptEngine.run(ScriptEngine.java:194)
	at com.kms.katalon.core.main.ScriptEngine.runScriptAsRawText(ScriptEngine.java:119)
	at com.kms.katalon.core.main.TestCaseExecutor.runScript(TestCaseExecutor.java:328)
	at com.kms.katalon.core.main.TestCaseExecutor.doExecute(TestCaseExecutor.java:319)
	at com.kms.katalon.core.main.TestCaseExecutor.processExecutionPhase(TestCaseExecutor.java:298)
	at com.kms.katalon.core.main.TestCaseExecutor.accessMainPhase(TestCaseExecutor.java:290)
	at com.kms.katalon.core.main.TestCaseExecutor.execute(TestCaseExecutor.java:224)
	at com.kms.katalon.core.main.TestSuiteExecutor.accessTestCaseMainPhase(TestSuiteExecutor.java:129)
	at com.kms.katalon.core.main.TestSuiteExecutor.accessTestSuiteMainPhase(TestSuiteExecutor.java:112)
	at com.kms.katalon.core.main.TestSuiteExecutor.execute(TestSuiteExecutor.java:81)
	at com.kms.katalon.core.main.TestCaseMain.startTestSuite(TestCaseMain.java:149)
	at com.kms.katalon.core.main.TestCaseMain$startTestSuite$0.call(Unknown Source)
	at TempTestSuite1560887558246.run(TempTestSuite1560887558246.groovy:36)]]></system-err>
      </testcase>
      <testcase name="Test Cases/PRODUCT PAGE/Social media icons" classname="Test Cases/PRODUCT PAGE/Social media icons" status="FAILED">
         <failure type="FAILED" message="Test Cases/PRODUCT PAGE/Social media icons FAILED.
Reason:
com.kms.katalon.core.exception.StepFailedException: Unable to click on object 'Object Repository/APOLLO- Desktop/Product page/facebook icon' (Root cause: com.kms.katalon.core.webui.exception.WebElementNotFoundException: Web element with id: 'Object Repository/APOLLO- Desktop/Product page/facebook icon' located by 'By.xpath: //div[@class='c-product-summary c-product-summary--shadow js-sticky u-text-center js-scroll-fade is-loaded is_stuck']//li[1]//a[1]' not found)
	at com.kms.katalon.core.keyword.internal.KeywordMain.stepFailed(KeywordMain.groovy:36)
	at com.kms.katalon.core.webui.keyword.internal.WebUIKeywordMain.stepFailed(WebUIKeywordMain.groovy:65)
	at com.kms.katalon.core.webui.keyword.internal.WebUIKeywordMain.runKeyword(WebUIKeywordMain.groovy:27)
	at com.kms.katalon.core.webui.keyword.builtin.ClickKeyword.click(ClickKeyword.groovy:86)
	at com.kms.katalon.core.webui.keyword.builtin.ClickKeyword.execute(ClickKeyword.groovy:67)
	at com.kms.katalon.core.keyword.internal.KeywordExecutor.executeKeywordForPlatform(KeywordExecutor.groovy:53)
	at com.kms.katalon.core.webui.keyword.WebUiBuiltInKeywords.click(WebUiBuiltInKeywords.groovy:616)
	at com.kms.katalon.core.webui.keyword.WebUiBuiltInKeywords$click$2.call(Unknown Source)
	at Social media icons.run(Social media icons:45)
	at com.kms.katalon.core.main.ScriptEngine.run(ScriptEngine.java:194)
	at com.kms.katalon.core.main.ScriptEngine.runScriptAsRawText(ScriptEngine.java:119)
	at com.kms.katalon.core.main.TestCaseExecutor.runScript(TestCaseExecutor.java:328)
	at com.kms.katalon.core.main.TestCaseExecutor.doExecute(TestCaseExecutor.java:319)
	at com.kms.katalon.core.main.TestCaseExecutor.processExecutionPhase(TestCaseExecutor.java:298)
	at com.kms.katalon.core.main.TestCaseExecutor.accessMainPhase(TestCaseExecutor.java:290)
	at com.kms.katalon.core.main.TestCaseExecutor.execute(TestCaseExecutor.java:224)
	at com.kms.katalon.core.main.TestSuiteExecutor.accessTestCaseMainPhase(TestSuiteExecutor.java:129)
	at com.kms.katalon.core.main.TestSuiteExecutor.accessTestSuiteMainPhase(TestSuiteExecutor.java:112)
	at com.kms.katalon.core.main.TestSuiteExecutor.execute(TestSuiteExecutor.java:81)
	at com.kms.katalon.core.main.TestCaseMain.startTestSuite(TestCaseMain.java:149)
	at com.kms.katalon.core.main.TestCaseMain$startTestSuite$0.call(Unknown Source)
	at TempTestSuite1560887558246.run(TempTestSuite1560887558246.groovy:36)
"/>
         <system-out><![CDATA[2019-06-18 16:04:19 - [TEST_CASE][FAILED] - Test Cases/PRODUCT PAGE/Social media icons: Test Cases/PRODUCT PAGE/Social media icons FAILED.
Reason:
com.kms.katalon.core.exception.StepFailedException: Unable to click on object 'Object Repository/APOLLO- Desktop/Product page/facebook icon' (Root cause: com.kms.katalon.core.webui.exception.WebElementNotFoundException: Web element with id: 'Object Repository/APOLLO- Desktop/Product page/facebook icon' located by 'By.xpath: //div[@class='c-product-summary c-product-summary--shadow js-sticky u-text-center js-scroll-fade is-loaded is_stuck']//li[1]//a[1]' not found)
	at com.kms.katalon.core.keyword.internal.KeywordMain.stepFailed(KeywordMain.groovy:36)
	at com.kms.katalon.core.webui.keyword.internal.WebUIKeywordMain.stepFailed(WebUIKeywordMain.groovy:65)
	at com.kms.katalon.core.webui.keyword.internal.WebUIKeywordMain.runKeyword(WebUIKeywordMain.groovy:27)
	at com.kms.katalon.core.webui.keyword.builtin.ClickKeyword.click(ClickKeyword.groovy:86)
	at com.kms.katalon.core.webui.keyword.builtin.ClickKeyword.execute(ClickKeyword.groovy:67)
	at com.kms.katalon.core.keyword.internal.KeywordExecutor.executeKeywordForPlatform(KeywordExecutor.groovy:53)
	at com.kms.katalon.core.webui.keyword.WebUiBuiltInKeywords.click(WebUiBuiltInKeywords.groovy:616)
	at com.kms.katalon.core.webui.keyword.WebUiBuiltInKeywords$click$2.call(Unknown Source)
	at Social media icons.run(Social media icons:45)
	at com.kms.katalon.core.main.ScriptEngine.run(ScriptEngine.java:194)
	at com.kms.katalon.core.main.ScriptEngine.runScriptAsRawText(ScriptEngine.java:119)
	at com.kms.katalon.core.main.TestCaseExecutor.runScript(TestCaseExecutor.java:328)
	at com.kms.katalon.core.main.TestCaseExecutor.doExecute(TestCaseExecutor.java:319)
	at com.kms.katalon.core.main.TestCaseExecutor.processExecutionPhase(TestCaseExecutor.java:298)
	at com.kms.katalon.core.main.TestCaseExecutor.accessMainPhase(TestCaseExecutor.java:290)
	at com.kms.katalon.core.main.TestCaseExecutor.execute(TestCaseExecutor.java:224)
	at com.kms.katalon.core.main.TestSuiteExecutor.accessTestCaseMainPhase(TestSuiteExecutor.java:129)
	at com.kms.katalon.core.main.TestSuiteExecutor.accessTestSuiteMainPhase(TestSuiteExecutor.java:112)
	at com.kms.katalon.core.main.TestSuiteExecutor.execute(TestSuiteExecutor.java:81)
	at com.kms.katalon.core.main.TestCaseMain.startTestSuite(TestCaseMain.java:149)
	at com.kms.katalon.core.main.TestCaseMain$startTestSuite$0.call(Unknown Source)
	at TempTestSuite1560887558246.run(TempTestSuite1560887558246.groovy:36)


2019-06-18 16:04:19 - [TEST_STEP][PASSED] - callTestCase(findTestCase("CALL - URL"), [:], STOP_ON_FAILURE): Call Test Case 'Test Cases/CALL - URL' successfully

2019-06-18 16:04:19 - [TEST_CASE][PASSED] - Test Cases/CALL - URL: Test Cases/CALL - URL

2019-06-18 16:04:19 - [TEST_STEP][PASSED] - openBrowser(""): Browser is opened with url: ''

2019-06-18 16:04:19 - [MESSAGE][WARNING] - A browser is already opened. Closing browser and opening a new one

2019-06-18 16:04:19 - [MESSAGE][INFO] - Starting 'Chrome' driver

2019-06-18 16:04:20 - [MESSAGE][PASSED] - Browser is opened with url: ''

2019-06-18 16:04:20 - [TEST_STEP][PASSED] - navigateToUrl("https://diff-apollo.myshopify.com/?_ab=0&_fd=0&_sc=1&preview_theme_id=68602101860"): Navigate to 'https://diff-apollo.myshopify.com/?_ab=0&_fd=0&_sc=1&preview_theme_id=68602101860' successfully

2019-06-18 16:04:23 - [MESSAGE][PASSED] - Navigate to 'https://diff-apollo.myshopify.com/?_ab=0&_fd=0&_sc=1&preview_theme_id=68602101860' successfully

2019-06-18 16:04:23 - [TEST_STEP][PASSED] - executeJavaScript("var previewBar = document.getElementById("preview-bar-iframe"); previewBar.style.display = "none";", []): Execute JavaScript 'var previewBar = document.getElementById("preview-bar-iframe"); previewBar.style.display = "none";' successfully

2019-06-18 16:04:23 - [MESSAGE][PASSED] - Execute JavaScript 'var previewBar = document.getElementById("preview-bar-iframe"); previewBar.style.display = "none";' successfully

2019-06-18 16:04:23 - [MESSAGE][PASSED] - Call Test Case 'Test Cases/CALL - URL' successfully

2019-06-18 16:04:23 - [TEST_STEP][PASSED] - delay(2): Delayed 2 second(s)

2019-06-18 16:04:25 - [MESSAGE][PASSED] - Delayed 2 second(s)

2019-06-18 16:04:25 - [TEST_STEP][PASSED] - click(findTestObject("APOLLO- Desktop/Burger Menu/Burgermenu")): Object: 'Object Repository/APOLLO- Desktop/Burger Menu/Burgermenu' is clicked on

2019-06-18 16:04:26 - [MESSAGE][PASSED] - Object: 'Object Repository/APOLLO- Desktop/Burger Menu/Burgermenu' is clicked on

2019-06-18 16:04:26 - [TEST_STEP][PASSED] - delay(2): Delayed 2 second(s)

2019-06-18 16:04:28 - [MESSAGE][PASSED] - Delayed 2 second(s)

2019-06-18 16:04:28 - [TEST_STEP][PASSED] - click(findTestObject("APOLLO- Desktop/Burger Menu/Mens chevron")): Object: 'Object Repository/APOLLO- Desktop/Burger Menu/Mens chevron' is clicked on

2019-06-18 16:04:28 - [MESSAGE][PASSED] - Object: 'Object Repository/APOLLO- Desktop/Burger Menu/Mens chevron' is clicked on

2019-06-18 16:04:28 - [TEST_STEP][PASSED] - delay(2): Delayed 2 second(s)

2019-06-18 16:04:30 - [MESSAGE][PASSED] - Delayed 2 second(s)

2019-06-18 16:04:30 - [TEST_STEP][PASSED] - click(findTestObject("APOLLO- Desktop/Burger Menu/Mens - Top Chevron")): Object: 'Object Repository/APOLLO- Desktop/Burger Menu/Mens - Top Chevron' is clicked on

2019-06-18 16:04:30 - [MESSAGE][PASSED] - Object: 'Object Repository/APOLLO- Desktop/Burger Menu/Mens - Top Chevron' is clicked on

2019-06-18 16:04:30 - [TEST_STEP][PASSED] - delay(2): Delayed 2 second(s)

2019-06-18 16:04:32 - [MESSAGE][PASSED] - Delayed 2 second(s)

2019-06-18 16:04:32 - [TEST_STEP][PASSED] - click(findTestObject("APOLLO- Desktop/Burger Menu/Shirts link")): Object: 'Object Repository/APOLLO- Desktop/Burger Menu/Shirts link' is clicked on

2019-06-18 16:04:33 - [MESSAGE][PASSED] - Object: 'Object Repository/APOLLO- Desktop/Burger Menu/Shirts link' is clicked on

2019-06-18 16:04:33 - [TEST_STEP][PASSED] - delay(2): Delayed 2 second(s)

2019-06-18 16:04:35 - [MESSAGE][PASSED] - Delayed 2 second(s)

2019-06-18 16:04:35 - [TEST_STEP][PASSED] - click(findTestObject("APOLLO- Desktop/Collection page/Blue shirt product")): Object: 'Object Repository/APOLLO- Desktop/Collection page/Blue shirt product' is clicked on

2019-06-18 16:04:37 - [MESSAGE][PASSED] - Object: 'Object Repository/APOLLO- Desktop/Collection page/Blue shirt product' is clicked on

2019-06-18 16:04:37 - [TEST_STEP][PASSED] - delay(2): Delayed 2 second(s)

2019-06-18 16:04:39 - [MESSAGE][PASSED] - Delayed 2 second(s)

2019-06-18 16:04:39 - [TEST_STEP][PASSED] - executeJavaScript("var previewBar = document.getElementById("preview-bar-iframe"); previewBar.style.display = "none";", []): Execute JavaScript 'var previewBar = document.getElementById("preview-bar-iframe"); previewBar.style.display = "none";' successfully

2019-06-18 16:04:39 - [MESSAGE][PASSED] - Execute JavaScript 'var previewBar = document.getElementById("preview-bar-iframe"); previewBar.style.display = "none";' successfully

2019-06-18 16:04:39 - [TEST_STEP][PASSED] - delay(2): Delayed 2 second(s)

2019-06-18 16:04:41 - [MESSAGE][PASSED] - Delayed 2 second(s)

2019-06-18 16:04:41 - [TEST_STEP][FAILED] - click(findTestObject("APOLLO- Desktop/Product page/facebook icon")): click(findTestObject("APOLLO- Desktop/Product page/facebook icon")) FAILED.
Reason:
com.kms.katalon.core.exception.StepFailedException: Unable to click on object 'Object Repository/APOLLO- Desktop/Product page/facebook icon' (Root cause: com.kms.katalon.core.webui.exception.WebElementNotFoundException: Web element with id: 'Object Repository/APOLLO- Desktop/Product page/facebook icon' located by 'By.xpath: //div[@class='c-product-summary c-product-summary--shadow js-sticky u-text-center js-scroll-fade is-loaded is_stuck']//li[1]//a[1]' not found)
	at com.kms.katalon.core.keyword.internal.KeywordMain.stepFailed(KeywordMain.groovy:36)
	at com.kms.katalon.core.webui.keyword.internal.WebUIKeywordMain.stepFailed(WebUIKeywordMain.groovy:65)
	at com.kms.katalon.core.webui.keyword.internal.WebUIKeywordMain.runKeyword(WebUIKeywordMain.groovy:27)
	at com.kms.katalon.core.webui.keyword.builtin.ClickKeyword.click(ClickKeyword.groovy:86)
	at com.kms.katalon.core.webui.keyword.builtin.ClickKeyword.execute(ClickKeyword.groovy:67)
	at com.kms.katalon.core.keyword.internal.KeywordExecutor.executeKeywordForPlatform(KeywordExecutor.groovy:53)
	at com.kms.katalon.core.webui.keyword.WebUiBuiltInKeywords.click(WebUiBuiltInKeywords.groovy:616)
	at com.kms.katalon.core.webui.keyword.WebUiBuiltInKeywords$click$2.call(Unknown Source)
	at Social media icons.run(Social media icons:45)
	at com.kms.katalon.core.main.ScriptEngine.run(ScriptEngine.java:194)
	at com.kms.katalon.core.main.ScriptEngine.runScriptAsRawText(ScriptEngine.java:119)
	at com.kms.katalon.core.main.TestCaseExecutor.runScript(TestCaseExecutor.java:328)
	at com.kms.katalon.core.main.TestCaseExecutor.doExecute(TestCaseExecutor.java:319)
	at com.kms.katalon.core.main.TestCaseExecutor.processExecutionPhase(TestCaseExecutor.java:298)
	at com.kms.katalon.core.main.TestCaseExecutor.accessMainPhase(TestCaseExecutor.java:290)
	at com.kms.katalon.core.main.TestCaseExecutor.execute(TestCaseExecutor.java:224)
	at com.kms.katalon.core.main.TestSuiteExecutor.accessTestCaseMainPhase(TestSuiteExecutor.java:129)
	at com.kms.katalon.core.main.TestSuiteExecutor.accessTestSuiteMainPhase(TestSuiteExecutor.java:112)
	at com.kms.katalon.core.main.TestSuiteExecutor.execute(TestSuiteExecutor.java:81)
	at com.kms.katalon.core.main.TestCaseMain.startTestSuite(TestCaseMain.java:149)
	at com.kms.katalon.core.main.TestCaseMain$startTestSuite$0.call(Unknown Source)
	at TempTestSuite1560887558246.run(TempTestSuite1560887558246.groovy:36)


2019-06-18 16:05:12 - [MESSAGE][INFO] - Unable to find the element located by 'By.xpath: //div[@class='c-product-summary c-product-summary--shadow js-sticky u-text-center js-scroll-fade is-loaded is_stuck']//li[1]//a[1]'. Please recheck the objects properties to make sure the desired element is located. 

2019-06-18 16:05:12 - [MESSAGE][FAILED] - Unable to click on object 'Object Repository/APOLLO- Desktop/Product page/facebook icon' (Root cause: com.kms.katalon.core.webui.exception.WebElementNotFoundException: Web element with id: 'Object Repository/APOLLO- Desktop/Product page/facebook icon' located by 'By.xpath: //div[@class='c-product-summary c-product-summary--shadow js-sticky u-text-center js-scroll-fade is-loaded is_stuck']//li[1]//a[1]' not found)
[[ATTACHMENT|/Users/sumankompelly/Katalon Studio/APOLLO/Reports/Apollo- Desktop/20190618_155238/1560888312422.png]]

2019-06-18 16:05:12 - [MESSAGE][FAILED] - click(findTestObject("APOLLO- Desktop/Product page/facebook icon")) FAILED.
Reason:
com.kms.katalon.core.exception.StepFailedException: Unable to click on object 'Object Repository/APOLLO- Desktop/Product page/facebook icon' (Root cause: com.kms.katalon.core.webui.exception.WebElementNotFoundException: Web element with id: 'Object Repository/APOLLO- Desktop/Product page/facebook icon' located by 'By.xpath: //div[@class='c-product-summary c-product-summary--shadow js-sticky u-text-center js-scroll-fade is-loaded is_stuck']//li[1]//a[1]' not found)
	at com.kms.katalon.core.keyword.internal.KeywordMain.stepFailed(KeywordMain.groovy:36)
	at com.kms.katalon.core.webui.keyword.internal.WebUIKeywordMain.stepFailed(WebUIKeywordMain.groovy:65)
	at com.kms.katalon.core.webui.keyword.internal.WebUIKeywordMain.runKeyword(WebUIKeywordMain.groovy:27)
	at com.kms.katalon.core.webui.keyword.builtin.ClickKeyword.click(ClickKeyword.groovy:86)
	at com.kms.katalon.core.webui.keyword.builtin.ClickKeyword.execute(ClickKeyword.groovy:67)
	at com.kms.katalon.core.keyword.internal.KeywordExecutor.executeKeywordForPlatform(KeywordExecutor.groovy:53)
	at com.kms.katalon.core.webui.keyword.WebUiBuiltInKeywords.click(WebUiBuiltInKeywords.groovy:616)
	at com.kms.katalon.core.webui.keyword.WebUiBuiltInKeywords$click$2.call(Unknown Source)
	at Social media icons.run(Social media icons:45)
	at com.kms.katalon.core.main.ScriptEngine.run(ScriptEngine.java:194)
	at com.kms.katalon.core.main.ScriptEngine.runScriptAsRawText(ScriptEngine.java:119)
	at com.kms.katalon.core.main.TestCaseExecutor.runScript(TestCaseExecutor.java:328)
	at com.kms.katalon.core.main.TestCaseExecutor.doExecute(TestCaseExecutor.java:319)
	at com.kms.katalon.core.main.TestCaseExecutor.processExecutionPhase(TestCaseExecutor.java:298)
	at com.kms.katalon.core.main.TestCaseExecutor.accessMainPhase(TestCaseExecutor.java:290)
	at com.kms.katalon.core.main.TestCaseExecutor.execute(TestCaseExecutor.java:224)
	at com.kms.katalon.core.main.TestSuiteExecutor.accessTestCaseMainPhase(TestSuiteExecutor.java:129)
	at com.kms.katalon.core.main.TestSuiteExecutor.accessTestSuiteMainPhase(TestSuiteExecutor.java:112)
	at com.kms.katalon.core.main.TestSuiteExecutor.execute(TestSuiteExecutor.java:81)
	at com.kms.katalon.core.main.TestCaseMain.startTestSuite(TestCaseMain.java:149)
	at com.kms.katalon.core.main.TestCaseMain$startTestSuite$0.call(Unknown Source)
	at TempTestSuite1560887558246.run(TempTestSuite1560887558246.groovy:36)]]></system-out>
         <system-err><![CDATA[2019-06-18 16:04:19 - [TEST_CASE][FAILED] - Test Cases/PRODUCT PAGE/Social media icons: Test Cases/PRODUCT PAGE/Social media icons FAILED.
Reason:
com.kms.katalon.core.exception.StepFailedException: Unable to click on object 'Object Repository/APOLLO- Desktop/Product page/facebook icon' (Root cause: com.kms.katalon.core.webui.exception.WebElementNotFoundException: Web element with id: 'Object Repository/APOLLO- Desktop/Product page/facebook icon' located by 'By.xpath: //div[@class='c-product-summary c-product-summary--shadow js-sticky u-text-center js-scroll-fade is-loaded is_stuck']//li[1]//a[1]' not found)
	at com.kms.katalon.core.keyword.internal.KeywordMain.stepFailed(KeywordMain.groovy:36)
	at com.kms.katalon.core.webui.keyword.internal.WebUIKeywordMain.stepFailed(WebUIKeywordMain.groovy:65)
	at com.kms.katalon.core.webui.keyword.internal.WebUIKeywordMain.runKeyword(WebUIKeywordMain.groovy:27)
	at com.kms.katalon.core.webui.keyword.builtin.ClickKeyword.click(ClickKeyword.groovy:86)
	at com.kms.katalon.core.webui.keyword.builtin.ClickKeyword.execute(ClickKeyword.groovy:67)
	at com.kms.katalon.core.keyword.internal.KeywordExecutor.executeKeywordForPlatform(KeywordExecutor.groovy:53)
	at com.kms.katalon.core.webui.keyword.WebUiBuiltInKeywords.click(WebUiBuiltInKeywords.groovy:616)
	at com.kms.katalon.core.webui.keyword.WebUiBuiltInKeywords$click$2.call(Unknown Source)
	at Social media icons.run(Social media icons:45)
	at com.kms.katalon.core.main.ScriptEngine.run(ScriptEngine.java:194)
	at com.kms.katalon.core.main.ScriptEngine.runScriptAsRawText(ScriptEngine.java:119)
	at com.kms.katalon.core.main.TestCaseExecutor.runScript(TestCaseExecutor.java:328)
	at com.kms.katalon.core.main.TestCaseExecutor.doExecute(TestCaseExecutor.java:319)
	at com.kms.katalon.core.main.TestCaseExecutor.processExecutionPhase(TestCaseExecutor.java:298)
	at com.kms.katalon.core.main.TestCaseExecutor.accessMainPhase(TestCaseExecutor.java:290)
	at com.kms.katalon.core.main.TestCaseExecutor.execute(TestCaseExecutor.java:224)
	at com.kms.katalon.core.main.TestSuiteExecutor.accessTestCaseMainPhase(TestSuiteExecutor.java:129)
	at com.kms.katalon.core.main.TestSuiteExecutor.accessTestSuiteMainPhase(TestSuiteExecutor.java:112)
	at com.kms.katalon.core.main.TestSuiteExecutor.execute(TestSuiteExecutor.java:81)
	at com.kms.katalon.core.main.TestCaseMain.startTestSuite(TestCaseMain.java:149)
	at com.kms.katalon.core.main.TestCaseMain$startTestSuite$0.call(Unknown Source)
	at TempTestSuite1560887558246.run(TempTestSuite1560887558246.groovy:36)]]></system-err>
      </testcase>
      <testcase name="Test Cases/PRODUCT PAGE/More payment link and buy with google pay" classname="Test Cases/PRODUCT PAGE/More payment link and buy with google pay" status="PASSED">
         <system-out><![CDATA[2019-06-18 16:05:12 - [TEST_CASE][PASSED] - Test Cases/PRODUCT PAGE/More payment link and buy with google pay: Test Cases/PRODUCT PAGE/More payment link and buy with google pay

2019-06-18 16:05:12 - [TEST_STEP][PASSED] - callTestCase(findTestCase("CALL - URL"), [:], STOP_ON_FAILURE): Call Test Case 'Test Cases/CALL - URL' successfully

2019-06-18 16:05:13 - [TEST_CASE][PASSED] - Test Cases/CALL - URL: Test Cases/CALL - URL

2019-06-18 16:05:13 - [TEST_STEP][PASSED] - openBrowser(""): Browser is opened with url: ''

2019-06-18 16:05:13 - [MESSAGE][WARNING] - A browser is already opened. Closing browser and opening a new one

2019-06-18 16:05:13 - [MESSAGE][INFO] - Starting 'Chrome' driver

2019-06-18 16:05:14 - [MESSAGE][PASSED] - Browser is opened with url: ''

2019-06-18 16:05:14 - [TEST_STEP][PASSED] - navigateToUrl("https://diff-apollo.myshopify.com/?_ab=0&_fd=0&_sc=1&preview_theme_id=68602101860"): Navigate to 'https://diff-apollo.myshopify.com/?_ab=0&_fd=0&_sc=1&preview_theme_id=68602101860' successfully

2019-06-18 16:05:19 - [MESSAGE][PASSED] - Navigate to 'https://diff-apollo.myshopify.com/?_ab=0&_fd=0&_sc=1&preview_theme_id=68602101860' successfully

2019-06-18 16:05:19 - [TEST_STEP][PASSED] - executeJavaScript("var previewBar = document.getElementById("preview-bar-iframe"); previewBar.style.display = "none";", []): Execute JavaScript 'var previewBar = document.getElementById("preview-bar-iframe"); previewBar.style.display = "none";' successfully

2019-06-18 16:05:19 - [MESSAGE][PASSED] - Execute JavaScript 'var previewBar = document.getElementById("preview-bar-iframe"); previewBar.style.display = "none";' successfully

2019-06-18 16:05:19 - [MESSAGE][PASSED] - Call Test Case 'Test Cases/CALL - URL' successfully

2019-06-18 16:05:19 - [TEST_STEP][PASSED] - delay(2): Delayed 2 second(s)

2019-06-18 16:05:21 - [MESSAGE][PASSED] - Delayed 2 second(s)

2019-06-18 16:05:21 - [TEST_STEP][PASSED] - click(findTestObject("APOLLO- Desktop/Burger Menu/Burgermenu")): Object: 'Object Repository/APOLLO- Desktop/Burger Menu/Burgermenu' is clicked on

2019-06-18 16:05:21 - [MESSAGE][PASSED] - Object: 'Object Repository/APOLLO- Desktop/Burger Menu/Burgermenu' is clicked on

2019-06-18 16:05:21 - [TEST_STEP][PASSED] - delay(2): Delayed 2 second(s)

2019-06-18 16:05:23 - [MESSAGE][PASSED] - Delayed 2 second(s)

2019-06-18 16:05:23 - [TEST_STEP][PASSED] - click(findTestObject("APOLLO- Desktop/Burger Menu/Mens chevron")): Object: 'Object Repository/APOLLO- Desktop/Burger Menu/Mens chevron' is clicked on

2019-06-18 16:05:23 - [MESSAGE][PASSED] - Object: 'Object Repository/APOLLO- Desktop/Burger Menu/Mens chevron' is clicked on

2019-06-18 16:05:23 - [TEST_STEP][PASSED] - delay(2): Delayed 2 second(s)

2019-06-18 16:05:25 - [MESSAGE][PASSED] - Delayed 2 second(s)

2019-06-18 16:05:25 - [TEST_STEP][PASSED] - click(findTestObject("APOLLO- Desktop/Burger Menu/Mens - Top Chevron")): Object: 'Object Repository/APOLLO- Desktop/Burger Menu/Mens - Top Chevron' is clicked on

2019-06-18 16:05:25 - [MESSAGE][PASSED] - Object: 'Object Repository/APOLLO- Desktop/Burger Menu/Mens - Top Chevron' is clicked on

2019-06-18 16:05:25 - [TEST_STEP][PASSED] - delay(2): Delayed 2 second(s)

2019-06-18 16:05:27 - [MESSAGE][PASSED] - Delayed 2 second(s)

2019-06-18 16:05:27 - [TEST_STEP][PASSED] - click(findTestObject("APOLLO- Desktop/Burger Menu/Shirts link")): Object: 'Object Repository/APOLLO- Desktop/Burger Menu/Shirts link' is clicked on

2019-06-18 16:05:29 - [MESSAGE][PASSED] - Object: 'Object Repository/APOLLO- Desktop/Burger Menu/Shirts link' is clicked on

2019-06-18 16:05:29 - [TEST_STEP][PASSED] - delay(2): Delayed 2 second(s)

2019-06-18 16:05:31 - [MESSAGE][PASSED] - Delayed 2 second(s)

2019-06-18 16:05:31 - [TEST_STEP][PASSED] - click(findTestObject("APOLLO- Desktop/Collection page/Blue shirt product")): Object: 'Object Repository/APOLLO- Desktop/Collection page/Blue shirt product' is clicked on

2019-06-18 16:05:33 - [MESSAGE][PASSED] - Object: 'Object Repository/APOLLO- Desktop/Collection page/Blue shirt product' is clicked on

2019-06-18 16:05:33 - [TEST_STEP][PASSED] - delay(2): Delayed 2 second(s)

2019-06-18 16:05:35 - [MESSAGE][PASSED] - Delayed 2 second(s)

2019-06-18 16:05:35 - [TEST_STEP][PASSED] - executeJavaScript("var previewBar = document.getElementById("preview-bar-iframe"); previewBar.style.display = "none";", []): Execute JavaScript 'var previewBar = document.getElementById("preview-bar-iframe"); previewBar.style.display = "none";' successfully

2019-06-18 16:05:35 - [MESSAGE][PASSED] - Execute JavaScript 'var previewBar = document.getElementById("preview-bar-iframe"); previewBar.style.display = "none";' successfully

2019-06-18 16:05:35 - [TEST_STEP][PASSED] - delay(2): Delayed 2 second(s)

2019-06-18 16:05:37 - [MESSAGE][PASSED] - Delayed 2 second(s)

2019-06-18 16:05:37 - [TEST_STEP][PASSED] - click(findTestObject("APOLLO- Desktop/Product page/More payment options")): Object: 'Object Repository/APOLLO- Desktop/Product page/More payment options' is clicked on

2019-06-18 16:05:37 - [MESSAGE][PASSED] - Object: 'Object Repository/APOLLO- Desktop/Product page/More payment options' is clicked on

2019-06-18 16:05:37 - [TEST_STEP][PASSED] - delay(2): Delayed 2 second(s)

2019-06-18 16:05:39 - [MESSAGE][PASSED] - Delayed 2 second(s)

2019-06-18 16:05:39 - [TEST_STEP][PASSED] - click(findTestObject("APOLLO- Desktop/Product page/Checkout- more payment")): Object: 'Object Repository/APOLLO- Desktop/Product page/Checkout- more payment' is clicked on

2019-06-18 16:05:41 - [MESSAGE][PASSED] - Object: 'Object Repository/APOLLO- Desktop/Product page/Checkout- more payment' is clicked on

2019-06-18 16:05:41 - [TEST_STEP][PASSED] - delay(2): Delayed 2 second(s)

2019-06-18 16:05:43 - [MESSAGE][PASSED] - Delayed 2 second(s)

2019-06-18 16:05:43 - [TEST_STEP][PASSED] - callTestCase(findTestCase("CALL- CUSTOMER INFO PAGE"), [:], STOP_ON_FAILURE): Call Test Case 'Test Cases/CALL- CUSTOMER INFO PAGE' successfully

2019-06-18 16:05:43 - [TEST_CASE][PASSED] - Test Cases/CALL- CUSTOMER INFO PAGE: Test Cases/CALL- CUSTOMER INFO PAGE

2019-06-18 16:05:44 - [TEST_STEP][PASSED] - delay(2): Delayed 2 second(s)

2019-06-18 16:05:46 - [MESSAGE][PASSED] - Delayed 2 second(s)

2019-06-18 16:05:46 - [TEST_STEP][PASSED] - executeJavaScript("var previewBar = document.getElementById("preview-bar-iframe"); previewBar.style.display = "none";", []): Execute JavaScript 'var previewBar = document.getElementById("preview-bar-iframe"); previewBar.style.display = "none";' successfully

2019-06-18 16:05:46 - [MESSAGE][PASSED] - Execute JavaScript 'var previewBar = document.getElementById("preview-bar-iframe"); previewBar.style.display = "none";' successfully

2019-06-18 16:05:46 - [TEST_STEP][PASSED] - setText(findTestObject("APOLLO- Desktop/Customer Information page/Email"), "suman@gmail.com"): Text 'suman@gmail.com' is set on object 'Object Repository/APOLLO- Desktop/Customer Information page/Email'

2019-06-18 16:05:46 - [MESSAGE][PASSED] - Text 'suman@gmail.com' is set on object 'Object Repository/APOLLO- Desktop/Customer Information page/Email'

2019-06-18 16:05:46 - [TEST_STEP][PASSED] - delay(2): Delayed 2 second(s)

2019-06-18 16:05:48 - [MESSAGE][PASSED] - Delayed 2 second(s)

2019-06-18 16:05:48 - [TEST_STEP][PASSED] - setText(findTestObject("APOLLO- Desktop/Customer Information page/First name"), "suman"): Text 'suman' is set on object 'Object Repository/APOLLO- Desktop/Customer Information page/First name'

2019-06-18 16:05:48 - [MESSAGE][PASSED] - Text 'suman' is set on object 'Object Repository/APOLLO- Desktop/Customer Information page/First name'

2019-06-18 16:05:48 - [TEST_STEP][PASSED] - delay(2): Delayed 2 second(s)

2019-06-18 16:05:50 - [MESSAGE][PASSED] - Delayed 2 second(s)

2019-06-18 16:05:50 - [TEST_STEP][PASSED] - setText(findTestObject("APOLLO- Desktop/Customer Information page/Last name"), "kompelly"): Text 'kompelly' is set on object 'Object Repository/APOLLO- Desktop/Customer Information page/Last name'

2019-06-18 16:05:50 - [MESSAGE][PASSED] - Text 'kompelly' is set on object 'Object Repository/APOLLO- Desktop/Customer Information page/Last name'

2019-06-18 16:05:50 - [TEST_STEP][PASSED] - delay(2): Delayed 2 second(s)

2019-06-18 16:05:52 - [MESSAGE][PASSED] - Delayed 2 second(s)

2019-06-18 16:05:52 - [TEST_STEP][PASSED] - setText(findTestObject("APOLLO- Desktop/Customer Information page/Address"), "1435 st alxendre"): Text '1435 st alxendre' is set on object 'Object Repository/APOLLO- Desktop/Customer Information page/Address'

2019-06-18 16:05:52 - [MESSAGE][PASSED] - Text '1435 st alxendre' is set on object 'Object Repository/APOLLO- Desktop/Customer Information page/Address'

2019-06-18 16:05:52 - [TEST_STEP][PASSED] - setText(findTestObject("APOLLO- Desktop/Customer Information page/Apartment"), "220"): Text '220' is set on object 'Object Repository/APOLLO- Desktop/Customer Information page/Apartment'

2019-06-18 16:05:53 - [MESSAGE][PASSED] - Text '220' is set on object 'Object Repository/APOLLO- Desktop/Customer Information page/Apartment'

2019-06-18 16:05:53 - [TEST_STEP][PASSED] - setText(findTestObject("APOLLO- Desktop/Customer Information page/City"), "montreal"): Text 'montreal' is set on object 'Object Repository/APOLLO- Desktop/Customer Information page/City'

2019-06-18 16:05:53 - [MESSAGE][PASSED] - Text 'montreal' is set on object 'Object Repository/APOLLO- Desktop/Customer Information page/City'

2019-06-18 16:05:53 - [TEST_STEP][PASSED] - selectOptionByValue(findTestObject("APOLLO- Desktop/Customer Information page/Country dropdown"), "United States", true): All options with value 'United States' are selected in object 'Object Repository/APOLLO- Desktop/Customer Information page/Country dropdown'  using regular expression

2019-06-18 16:05:56 - [MESSAGE][PASSED] - All options with value 'United States' are selected in object 'Object Repository/APOLLO- Desktop/Customer Information page/Country dropdown'  using regular expression

2019-06-18 16:05:56 - [TEST_STEP][PASSED] - selectOptionByValue(findTestObject("APOLLO- Desktop/Customer Information page/states dropdown"), "NJ", true): All options with value 'NJ' are selected in object 'Object Repository/APOLLO- Desktop/Customer Information page/states dropdown'  using regular expression

2019-06-18 16:05:57 - [MESSAGE][PASSED] - All options with value 'NJ' are selected in object 'Object Repository/APOLLO- Desktop/Customer Information page/states dropdown'  using regular expression

2019-06-18 16:05:57 - [TEST_STEP][PASSED] - setText(findTestObject("APOLLO- Desktop/Customer Information page/ZIP code"), "07057"): Text '07057' is set on object 'Object Repository/APOLLO- Desktop/Customer Information page/ZIP code'

2019-06-18 16:05:57 - [MESSAGE][PASSED] - Text '07057' is set on object 'Object Repository/APOLLO- Desktop/Customer Information page/ZIP code'

2019-06-18 16:05:57 - [MESSAGE][PASSED] - Call Test Case 'Test Cases/CALL- CUSTOMER INFO PAGE' successfully

2019-06-18 16:05:57 - [TEST_STEP][PASSED] - delay(2): Delayed 2 second(s)

2019-06-18 16:05:59 - [MESSAGE][PASSED] - Delayed 2 second(s)

2019-06-18 16:05:59 - [TEST_STEP][PASSED] - callTestCase(findTestCase("CALL - SHIPPING TO PAYMENT"), [:], STOP_ON_FAILURE): Call Test Case 'Test Cases/CALL - SHIPPING TO PAYMENT' successfully

2019-06-18 16:05:59 - [TEST_CASE][PASSED] - Test Cases/CALL - SHIPPING TO PAYMENT: Test Cases/CALL - SHIPPING TO PAYMENT

2019-06-18 16:05:59 - [TEST_STEP][PASSED] - click(findTestObject("APOLLO- Desktop/Customer Information page/Continue to shipping")): Object: 'Object Repository/APOLLO- Desktop/Customer Information page/Continue to shipping' is clicked on

2019-06-18 16:06:01 - [MESSAGE][PASSED] - Object: 'Object Repository/APOLLO- Desktop/Customer Information page/Continue to shipping' is clicked on

2019-06-18 16:06:01 - [TEST_STEP][PASSED] - executeJavaScript("var previewBar = document.getElementById("preview-bar-iframe"); previewBar.style.display = "none";", []): Execute JavaScript 'var previewBar = document.getElementById("preview-bar-iframe"); previewBar.style.display = "none";' successfully

2019-06-18 16:06:01 - [MESSAGE][PASSED] - Execute JavaScript 'var previewBar = document.getElementById("preview-bar-iframe"); previewBar.style.display = "none";' successfully

2019-06-18 16:06:01 - [TEST_STEP][PASSED] - click(findTestObject("APOLLO- Desktop/Shipping page/Radio button check")): Object: 'Object Repository/APOLLO- Desktop/Shipping page/Radio button check' is clicked on

2019-06-18 16:06:02 - [MESSAGE][PASSED] - Object: 'Object Repository/APOLLO- Desktop/Shipping page/Radio button check' is clicked on

2019-06-18 16:06:02 - [TEST_STEP][PASSED] - executeJavaScript("var previewBar = document.getElementById("preview-bar-iframe"); previewBar.style.display = "none";", []): Execute JavaScript 'var previewBar = document.getElementById("preview-bar-iframe"); previewBar.style.display = "none";' successfully

2019-06-18 16:06:02 - [MESSAGE][PASSED] - Execute JavaScript 'var previewBar = document.getElementById("preview-bar-iframe"); previewBar.style.display = "none";' successfully

2019-06-18 16:06:02 - [TEST_STEP][PASSED] - click(findTestObject("APOLLO- Desktop/Shipping page/Continue to payment")): Object: 'Object Repository/APOLLO- Desktop/Shipping page/Continue to payment' is clicked on

2019-06-18 16:06:04 - [MESSAGE][PASSED] - Object: 'Object Repository/APOLLO- Desktop/Shipping page/Continue to payment' is clicked on

2019-06-18 16:06:04 - [TEST_STEP][PASSED] - executeJavaScript("var previewBar = document.getElementById("preview-bar-iframe"); previewBar.style.display = "none";", []): Execute JavaScript 'var previewBar = document.getElementById("preview-bar-iframe"); previewBar.style.display = "none";' successfully

2019-06-18 16:06:04 - [MESSAGE][PASSED] - Execute JavaScript 'var previewBar = document.getElementById("preview-bar-iframe"); previewBar.style.display = "none";' successfully

2019-06-18 16:06:04 - [TEST_STEP][PASSED] - click(findTestObject("APOLLO- Desktop/payment page/Payment section")): Object: 'Object Repository/APOLLO- Desktop/payment page/Payment section' is clicked on

2019-06-18 16:06:04 - [MESSAGE][PASSED] - Object: 'Object Repository/APOLLO- Desktop/payment page/Payment section' is clicked on

2019-06-18 16:06:04 - [MESSAGE][PASSED] - Call Test Case 'Test Cases/CALL - SHIPPING TO PAYMENT' successfully

2019-06-18 16:06:04 - [TEST_STEP][PASSED] - delay(2): Delayed 2 second(s)

2019-06-18 16:06:06 - [MESSAGE][PASSED] - Delayed 2 second(s)

2019-06-18 16:06:06 - [TEST_STEP][PASSED] - navigateToUrl("https://diff-apollo.myshopify.com/collections/mens-shirts/products/striped-t-shirt?variant=20036806639716"): Navigate to 'https://diff-apollo.myshopify.com/collections/mens-shirts/products/striped-t-shirt?variant=20036806639716' successfully

2019-06-18 16:06:14 - [MESSAGE][PASSED] - Navigate to 'https://diff-apollo.myshopify.com/collections/mens-shirts/products/striped-t-shirt?variant=20036806639716' successfully

2019-06-18 16:06:14 - [TEST_STEP][PASSED] - delay(2): Delayed 2 second(s)

2019-06-18 16:06:16 - [MESSAGE][PASSED] - Delayed 2 second(s)

2019-06-18 16:06:16 - [TEST_STEP][PASSED] - click(findTestObject("APOLLO- Desktop/Product page/Buy with google pay")): Object: 'Object Repository/APOLLO- Desktop/Product page/Buy with google pay' is clicked on

2019-06-18 16:06:16 - [MESSAGE][PASSED] - Object: 'Object Repository/APOLLO- Desktop/Product page/Buy with google pay' is clicked on

2019-06-18 16:06:16 - [TEST_STEP][PASSED] - delay(2): Delayed 2 second(s)

2019-06-18 16:06:18 - [MESSAGE][PASSED] - Delayed 2 second(s)]]></system-out>
         <system-err><![CDATA[]]></system-err>
      </testcase>
      <testcase name="Test Cases/PRODUCT PAGE/Product chevron dropdowns" classname="Test Cases/PRODUCT PAGE/Product chevron dropdowns" status="FAILED">
         <failure type="FAILED" message="Test Cases/PRODUCT PAGE/Product chevron dropdowns FAILED.
Reason:
com.kms.katalon.core.exception.StepFailedException: Unable to set text '`suman@gmail.com' of object 'Object Repository/APOLLO- Desktop/Product page/input_Email_reviewemail' (Root cause: com.kms.katalon.core.webui.exception.WebElementNotFoundException: Web element with id: 'Object Repository/APOLLO- Desktop/Product page/input_Email_reviewemail' located by 'By.cssSelector: //*[@id=&quot;review_email_2217159164004&quot;]' not found)
	at com.kms.katalon.core.keyword.internal.KeywordMain.stepFailed(KeywordMain.groovy:32)
	at com.kms.katalon.core.webui.keyword.internal.WebUIKeywordMain.stepFailed(WebUIKeywordMain.groovy:65)
	at com.kms.katalon.core.webui.keyword.internal.WebUIKeywordMain.runKeyword(WebUIKeywordMain.groovy:27)
	at com.kms.katalon.core.webui.keyword.builtin.SetTextKeyword.setText(SetTextKeyword.groovy:65)
	at com.kms.katalon.core.webui.keyword.builtin.SetTextKeyword.execute(SetTextKeyword.groovy:37)
	at com.kms.katalon.core.keyword.internal.KeywordExecutor.executeKeywordForPlatform(KeywordExecutor.groovy:53)
	at com.kms.katalon.core.webui.keyword.WebUiBuiltInKeywords.setText(WebUiBuiltInKeywords.groovy:936)
	at com.kms.katalon.core.webui.keyword.WebUiBuiltInKeywords$setText$14.call(Unknown Source)
	at Product chevron dropdowns.run(Product chevron dropdowns:97)
	at com.kms.katalon.core.main.ScriptEngine.run(ScriptEngine.java:194)
	at com.kms.katalon.core.main.ScriptEngine.runScriptAsRawText(ScriptEngine.java:119)
	at com.kms.katalon.core.main.TestCaseExecutor.runScript(TestCaseExecutor.java:328)
	at com.kms.katalon.core.main.TestCaseExecutor.doExecute(TestCaseExecutor.java:319)
	at com.kms.katalon.core.main.TestCaseExecutor.processExecutionPhase(TestCaseExecutor.java:298)
	at com.kms.katalon.core.main.TestCaseExecutor.accessMainPhase(TestCaseExecutor.java:290)
	at com.kms.katalon.core.main.TestCaseExecutor.execute(TestCaseExecutor.java:224)
	at com.kms.katalon.core.main.TestSuiteExecutor.accessTestCaseMainPhase(TestSuiteExecutor.java:129)
	at com.kms.katalon.core.main.TestSuiteExecutor.accessTestSuiteMainPhase(TestSuiteExecutor.java:112)
	at com.kms.katalon.core.main.TestSuiteExecutor.execute(TestSuiteExecutor.java:81)
	at com.kms.katalon.core.main.TestCaseMain.startTestSuite(TestCaseMain.java:149)
	at com.kms.katalon.core.main.TestCaseMain$startTestSuite$0.call(Unknown Source)
	at TempTestSuite1560887558246.run(TempTestSuite1560887558246.groovy:36)
"/>
         <system-out><![CDATA[2019-06-18 16:06:18 - [TEST_CASE][FAILED] - Test Cases/PRODUCT PAGE/Product chevron dropdowns: Test Cases/PRODUCT PAGE/Product chevron dropdowns FAILED.
Reason:
com.kms.katalon.core.exception.StepFailedException: Unable to set text '`suman@gmail.com' of object 'Object Repository/APOLLO- Desktop/Product page/input_Email_reviewemail' (Root cause: com.kms.katalon.core.webui.exception.WebElementNotFoundException: Web element with id: 'Object Repository/APOLLO- Desktop/Product page/input_Email_reviewemail' located by 'By.cssSelector: //*[@id="review_email_2217159164004"]' not found)
	at com.kms.katalon.core.keyword.internal.KeywordMain.stepFailed(KeywordMain.groovy:32)
	at com.kms.katalon.core.webui.keyword.internal.WebUIKeywordMain.stepFailed(WebUIKeywordMain.groovy:65)
	at com.kms.katalon.core.webui.keyword.internal.WebUIKeywordMain.runKeyword(WebUIKeywordMain.groovy:27)
	at com.kms.katalon.core.webui.keyword.builtin.SetTextKeyword.setText(SetTextKeyword.groovy:65)
	at com.kms.katalon.core.webui.keyword.builtin.SetTextKeyword.execute(SetTextKeyword.groovy:37)
	at com.kms.katalon.core.keyword.internal.KeywordExecutor.executeKeywordForPlatform(KeywordExecutor.groovy:53)
	at com.kms.katalon.core.webui.keyword.WebUiBuiltInKeywords.setText(WebUiBuiltInKeywords.groovy:936)
	at com.kms.katalon.core.webui.keyword.WebUiBuiltInKeywords$setText$14.call(Unknown Source)
	at Product chevron dropdowns.run(Product chevron dropdowns:97)
	at com.kms.katalon.core.main.ScriptEngine.run(ScriptEngine.java:194)
	at com.kms.katalon.core.main.ScriptEngine.runScriptAsRawText(ScriptEngine.java:119)
	at com.kms.katalon.core.main.TestCaseExecutor.runScript(TestCaseExecutor.java:328)
	at com.kms.katalon.core.main.TestCaseExecutor.doExecute(TestCaseExecutor.java:319)
	at com.kms.katalon.core.main.TestCaseExecutor.processExecutionPhase(TestCaseExecutor.java:298)
	at com.kms.katalon.core.main.TestCaseExecutor.accessMainPhase(TestCaseExecutor.java:290)
	at com.kms.katalon.core.main.TestCaseExecutor.execute(TestCaseExecutor.java:224)
	at com.kms.katalon.core.main.TestSuiteExecutor.accessTestCaseMainPhase(TestSuiteExecutor.java:129)
	at com.kms.katalon.core.main.TestSuiteExecutor.accessTestSuiteMainPhase(TestSuiteExecutor.java:112)
	at com.kms.katalon.core.main.TestSuiteExecutor.execute(TestSuiteExecutor.java:81)
	at com.kms.katalon.core.main.TestCaseMain.startTestSuite(TestCaseMain.java:149)
	at com.kms.katalon.core.main.TestCaseMain$startTestSuite$0.call(Unknown Source)
	at TempTestSuite1560887558246.run(TempTestSuite1560887558246.groovy:36)


2019-06-18 16:06:18 - [TEST_STEP][PASSED] - callTestCase(findTestCase("CALL - URL"), [:], STOP_ON_FAILURE): Call Test Case 'Test Cases/CALL - URL' successfully

2019-06-18 16:06:18 - [TEST_CASE][PASSED] - Test Cases/CALL - URL: Test Cases/CALL - URL

2019-06-18 16:06:18 - [TEST_STEP][PASSED] - openBrowser(""): Browser is opened with url: ''

2019-06-18 16:06:18 - [MESSAGE][WARNING] - A browser is already opened. Closing browser and opening a new one

2019-06-18 16:06:19 - [MESSAGE][INFO] - Starting 'Chrome' driver

2019-06-18 16:06:20 - [MESSAGE][PASSED] - Browser is opened with url: ''

2019-06-18 16:06:20 - [TEST_STEP][PASSED] - navigateToUrl("https://diff-apollo.myshopify.com/?_ab=0&_fd=0&_sc=1&preview_theme_id=68602101860"): Navigate to 'https://diff-apollo.myshopify.com/?_ab=0&_fd=0&_sc=1&preview_theme_id=68602101860' successfully

2019-06-18 16:06:23 - [MESSAGE][PASSED] - Navigate to 'https://diff-apollo.myshopify.com/?_ab=0&_fd=0&_sc=1&preview_theme_id=68602101860' successfully

2019-06-18 16:06:23 - [TEST_STEP][PASSED] - executeJavaScript("var previewBar = document.getElementById("preview-bar-iframe"); previewBar.style.display = "none";", []): Execute JavaScript 'var previewBar = document.getElementById("preview-bar-iframe"); previewBar.style.display = "none";' successfully

2019-06-18 16:06:23 - [MESSAGE][PASSED] - Execute JavaScript 'var previewBar = document.getElementById("preview-bar-iframe"); previewBar.style.display = "none";' successfully

2019-06-18 16:06:23 - [MESSAGE][PASSED] - Call Test Case 'Test Cases/CALL - URL' successfully

2019-06-18 16:06:23 - [TEST_STEP][PASSED] - delay(2): Delayed 2 second(s)

2019-06-18 16:06:25 - [MESSAGE][PASSED] - Delayed 2 second(s)

2019-06-18 16:06:25 - [TEST_STEP][PASSED] - click(findTestObject("APOLLO- Desktop/Burger Menu/Burgermenu")): Object: 'Object Repository/APOLLO- Desktop/Burger Menu/Burgermenu' is clicked on

2019-06-18 16:06:25 - [MESSAGE][PASSED] - Object: 'Object Repository/APOLLO- Desktop/Burger Menu/Burgermenu' is clicked on

2019-06-18 16:06:25 - [TEST_STEP][PASSED] - delay(2): Delayed 2 second(s)

2019-06-18 16:06:27 - [MESSAGE][PASSED] - Delayed 2 second(s)

2019-06-18 16:06:27 - [TEST_STEP][PASSED] - click(findTestObject("APOLLO- Desktop/Burger Menu/Mens chevron")): Object: 'Object Repository/APOLLO- Desktop/Burger Menu/Mens chevron' is clicked on

2019-06-18 16:06:27 - [MESSAGE][PASSED] - Object: 'Object Repository/APOLLO- Desktop/Burger Menu/Mens chevron' is clicked on

2019-06-18 16:06:27 - [TEST_STEP][PASSED] - delay(2): Delayed 2 second(s)

2019-06-18 16:06:29 - [MESSAGE][PASSED] - Delayed 2 second(s)

2019-06-18 16:06:29 - [TEST_STEP][PASSED] - click(findTestObject("APOLLO- Desktop/Burger Menu/Mens - Top Chevron")): Object: 'Object Repository/APOLLO- Desktop/Burger Menu/Mens - Top Chevron' is clicked on

2019-06-18 16:06:29 - [MESSAGE][PASSED] - Object: 'Object Repository/APOLLO- Desktop/Burger Menu/Mens - Top Chevron' is clicked on

2019-06-18 16:06:29 - [TEST_STEP][PASSED] - delay(2): Delayed 2 second(s)

2019-06-18 16:06:31 - [MESSAGE][PASSED] - Delayed 2 second(s)

2019-06-18 16:06:31 - [TEST_STEP][PASSED] - click(findTestObject("APOLLO- Desktop/Burger Menu/Shirts link")): Object: 'Object Repository/APOLLO- Desktop/Burger Menu/Shirts link' is clicked on

2019-06-18 16:06:33 - [MESSAGE][PASSED] - Object: 'Object Repository/APOLLO- Desktop/Burger Menu/Shirts link' is clicked on

2019-06-18 16:06:33 - [TEST_STEP][PASSED] - delay(2): Delayed 2 second(s)

2019-06-18 16:06:35 - [MESSAGE][PASSED] - Delayed 2 second(s)

2019-06-18 16:06:35 - [TEST_STEP][PASSED] - click(findTestObject("APOLLO- Desktop/Collection page/Blue shirt product")): Object: 'Object Repository/APOLLO- Desktop/Collection page/Blue shirt product' is clicked on

2019-06-18 16:06:37 - [MESSAGE][PASSED] - Object: 'Object Repository/APOLLO- Desktop/Collection page/Blue shirt product' is clicked on

2019-06-18 16:06:37 - [TEST_STEP][PASSED] - delay(2): Delayed 2 second(s)

2019-06-18 16:06:39 - [MESSAGE][PASSED] - Delayed 2 second(s)

2019-06-18 16:06:39 - [TEST_STEP][PASSED] - executeJavaScript("var previewBar = document.getElementById("preview-bar-iframe"); previewBar.style.display = "none";", []): Execute JavaScript 'var previewBar = document.getElementById("preview-bar-iframe"); previewBar.style.display = "none";' successfully

2019-06-18 16:06:39 - [MESSAGE][PASSED] - Execute JavaScript 'var previewBar = document.getElementById("preview-bar-iframe"); previewBar.style.display = "none";' successfully

2019-06-18 16:06:39 - [TEST_STEP][PASSED] - delay(2): Delayed 2 second(s)

2019-06-18 16:06:41 - [MESSAGE][PASSED] - Delayed 2 second(s)

2019-06-18 16:06:41 - [TEST_STEP][PASSED] - click(findTestObject("APOLLO- Desktop/Product page/Details chevron open")): Object: 'Object Repository/APOLLO- Desktop/Product page/Details chevron open' is clicked on

2019-06-18 16:06:41 - [MESSAGE][PASSED] - Object: 'Object Repository/APOLLO- Desktop/Product page/Details chevron open' is clicked on

2019-06-18 16:06:41 - [TEST_STEP][PASSED] - delay(2): Delayed 2 second(s)

2019-06-18 16:06:43 - [MESSAGE][PASSED] - Delayed 2 second(s)

2019-06-18 16:06:43 - [TEST_STEP][PASSED] - click(findTestObject("APOLLO- Desktop/Product page/Details chevron close")): Object: 'Object Repository/APOLLO- Desktop/Product page/Details chevron close' is clicked on

2019-06-18 16:06:43 - [MESSAGE][PASSED] - Object: 'Object Repository/APOLLO- Desktop/Product page/Details chevron close' is clicked on

2019-06-18 16:06:43 - [TEST_STEP][PASSED] - delay(2): Delayed 2 second(s)

2019-06-18 16:06:45 - [MESSAGE][PASSED] - Delayed 2 second(s)

2019-06-18 16:06:45 - [TEST_STEP][PASSED] - click(findTestObject("APOLLO- Desktop/Product page/Type chevron open")): Object: 'Object Repository/APOLLO- Desktop/Product page/Type chevron open' is clicked on

2019-06-18 16:06:46 - [MESSAGE][PASSED] - Object: 'Object Repository/APOLLO- Desktop/Product page/Type chevron open' is clicked on

2019-06-18 16:06:46 - [TEST_STEP][PASSED] - delay(2): Delayed 2 second(s)

2019-06-18 16:06:48 - [MESSAGE][PASSED] - Delayed 2 second(s)

2019-06-18 16:06:48 - [TEST_STEP][PASSED] - click(findTestObject("APOLLO- Desktop/Product page/Type chevron close")): Object: 'Object Repository/APOLLO- Desktop/Product page/Type chevron close' is clicked on

2019-06-18 16:06:48 - [MESSAGE][PASSED] - Object: 'Object Repository/APOLLO- Desktop/Product page/Type chevron close' is clicked on

2019-06-18 16:06:48 - [TEST_STEP][PASSED] - delay(2): Delayed 2 second(s)

2019-06-18 16:06:50 - [MESSAGE][PASSED] - Delayed 2 second(s)

2019-06-18 16:06:50 - [TEST_STEP][PASSED] - click(findTestObject("APOLLO- Desktop/Product page/Brand chevron open")): Object: 'Object Repository/APOLLO- Desktop/Product page/Brand chevron open' is clicked on

2019-06-18 16:06:50 - [MESSAGE][PASSED] - Object: 'Object Repository/APOLLO- Desktop/Product page/Brand chevron open' is clicked on

2019-06-18 16:06:50 - [TEST_STEP][PASSED] - delay(2): Delayed 2 second(s)

2019-06-18 16:06:52 - [MESSAGE][PASSED] - Delayed 2 second(s)

2019-06-18 16:06:52 - [TEST_STEP][PASSED] - click(findTestObject("APOLLO- Desktop/Product page/Brand chevron close")): Object: 'Object Repository/APOLLO- Desktop/Product page/Brand chevron close' is clicked on

2019-06-18 16:06:52 - [MESSAGE][PASSED] - Object: 'Object Repository/APOLLO- Desktop/Product page/Brand chevron close' is clicked on

2019-06-18 16:06:52 - [TEST_STEP][PASSED] - delay(2): Delayed 2 second(s)

2019-06-18 16:06:54 - [MESSAGE][PASSED] - Delayed 2 second(s)

2019-06-18 16:06:54 - [TEST_STEP][PASSED] - click(findTestObject("APOLLO- Desktop/Product page/Shipping chevron open")): Object: 'Object Repository/APOLLO- Desktop/Product page/Shipping chevron open' is clicked on

2019-06-18 16:06:54 - [MESSAGE][PASSED] - Object: 'Object Repository/APOLLO- Desktop/Product page/Shipping chevron open' is clicked on

2019-06-18 16:06:54 - [TEST_STEP][PASSED] - delay(2): Delayed 2 second(s)

2019-06-18 16:06:56 - [MESSAGE][PASSED] - Delayed 2 second(s)

2019-06-18 16:06:56 - [TEST_STEP][PASSED] - click(findTestObject("APOLLO- Desktop/Product page/Shipping chevron close")): Object: 'Object Repository/APOLLO- Desktop/Product page/Shipping chevron close' is clicked on

2019-06-18 16:06:56 - [MESSAGE][PASSED] - Object: 'Object Repository/APOLLO- Desktop/Product page/Shipping chevron close' is clicked on

2019-06-18 16:06:56 - [TEST_STEP][PASSED] - delay(2): Delayed 2 second(s)

2019-06-18 16:06:58 - [MESSAGE][PASSED] - Delayed 2 second(s)

2019-06-18 16:06:58 - [TEST_STEP][PASSED] - click(findTestObject("APOLLO- Desktop/Product page/reviews chevron open")): Object: 'Object Repository/APOLLO- Desktop/Product page/reviews chevron open' is clicked on

2019-06-18 16:06:58 - [MESSAGE][PASSED] - Object: 'Object Repository/APOLLO- Desktop/Product page/reviews chevron open' is clicked on

2019-06-18 16:06:58 - [TEST_STEP][PASSED] - delay(2): Delayed 2 second(s)

2019-06-18 16:07:00 - [MESSAGE][PASSED] - Delayed 2 second(s)

2019-06-18 16:07:00 - [TEST_STEP][PASSED] - click(findTestObject("APOLLO- Desktop/Product page/reviews chevron open")): Object: 'Object Repository/APOLLO- Desktop/Product page/reviews chevron open' is clicked on

2019-06-18 16:07:00 - [MESSAGE][PASSED] - Object: 'Object Repository/APOLLO- Desktop/Product page/reviews chevron open' is clicked on

2019-06-18 16:07:00 - [TEST_STEP][PASSED] - delay(2): Delayed 2 second(s)

2019-06-18 16:07:02 - [MESSAGE][PASSED] - Delayed 2 second(s)

2019-06-18 16:07:02 - [TEST_STEP][PASSED] - click(findTestObject("APOLLO- Desktop/Product page/reviews chevron close")): Object: 'Object Repository/APOLLO- Desktop/Product page/reviews chevron close' is clicked on

2019-06-18 16:07:02 - [MESSAGE][PASSED] - Object: 'Object Repository/APOLLO- Desktop/Product page/reviews chevron close' is clicked on

2019-06-18 16:07:02 - [TEST_STEP][PASSED] - delay(2): Delayed 2 second(s)

2019-06-18 16:07:04 - [MESSAGE][PASSED] - Delayed 2 second(s)

2019-06-18 16:07:04 - [TEST_STEP][PASSED] - click(findTestObject("APOLLO- Desktop/Product page/a_Write a review")): Object: 'Object Repository/APOLLO- Desktop/Product page/a_Write a review' is clicked on

2019-06-18 16:07:04 - [MESSAGE][PASSED] - Object: 'Object Repository/APOLLO- Desktop/Product page/a_Write a review' is clicked on

2019-06-18 16:07:04 - [TEST_STEP][PASSED] - delay(2): Delayed 2 second(s)

2019-06-18 16:07:06 - [MESSAGE][PASSED] - Delayed 2 second(s)

2019-06-18 16:07:06 - [TEST_STEP][PASSED] - setText(findTestObject("APOLLO- Desktop/Product page/input_Name_reviewauthor"), "suman"): Text 'suman' is set on object 'Object Repository/APOLLO- Desktop/Product page/input_Name_reviewauthor'

2019-06-18 16:07:06 - [MESSAGE][PASSED] - Text 'suman' is set on object 'Object Repository/APOLLO- Desktop/Product page/input_Name_reviewauthor'

2019-06-18 16:07:06 - [TEST_STEP][PASSED] - delay(2): Delayed 2 second(s)

2019-06-18 16:07:08 - [MESSAGE][PASSED] - Delayed 2 second(s)

2019-06-18 16:07:08 - [TEST_STEP][FAILED] - setText(findTestObject("APOLLO- Desktop/Product page/input_Email_reviewemail"), "`suman@gmail.com", CONTINUE_ON_FAILURE): Unable to set text '`suman@gmail.com' of object 'Object Repository/APOLLO- Desktop/Product page/input_Email_reviewemail' (Root cause: com.kms.katalon.core.webui.exception.WebElementNotFoundException: Web element with id: 'Object Repository/APOLLO- Desktop/Product page/input_Email_reviewemail' located by 'By.cssSelector: //*[@id="review_email_2217159164004"]' not found)

2019-06-18 16:07:39 - [MESSAGE][INFO] - Unable to find the element located by 'By.cssSelector: //*[@id="review_email_2217159164004"]'. Please recheck the objects properties to make sure the desired element is located. 

2019-06-18 16:07:40 - [MESSAGE][FAILED] - Unable to set text '`suman@gmail.com' of object 'Object Repository/APOLLO- Desktop/Product page/input_Email_reviewemail' (Root cause: com.kms.katalon.core.webui.exception.WebElementNotFoundException: Web element with id: 'Object Repository/APOLLO- Desktop/Product page/input_Email_reviewemail' located by 'By.cssSelector: //*[@id="review_email_2217159164004"]' not found)
[[ATTACHMENT|/Users/sumankompelly/Katalon Studio/APOLLO/Reports/Apollo- Desktop/20190618_155238/1560888459652.png]]

2019-06-18 16:07:40 - [TEST_STEP][PASSED] - delay(2): Delayed 2 second(s)

2019-06-18 16:07:42 - [MESSAGE][PASSED] - Delayed 2 second(s)

2019-06-18 16:07:42 - [TEST_STEP][PASSED] - click(findTestObject("APOLLO- Desktop/Product page/Stars review")): Object: 'Object Repository/APOLLO- Desktop/Product page/Stars review' is clicked on

2019-06-18 16:07:42 - [MESSAGE][PASSED] - Object: 'Object Repository/APOLLO- Desktop/Product page/Stars review' is clicked on

2019-06-18 16:07:42 - [TEST_STEP][PASSED] - delay(2): Delayed 2 second(s)

2019-06-18 16:07:44 - [MESSAGE][PASSED] - Delayed 2 second(s)

2019-06-18 16:07:44 - [TEST_STEP][PASSED] - setText(findTestObject("APOLLO- Desktop/Product page/input_Review Title_reviewtitle"), "Nice product"): Text 'Nice product' is set on object 'Object Repository/APOLLO- Desktop/Product page/input_Review Title_reviewtitle'

2019-06-18 16:07:44 - [MESSAGE][PASSED] - Text 'Nice product' is set on object 'Object Repository/APOLLO- Desktop/Product page/input_Review Title_reviewtitle'

2019-06-18 16:07:44 - [TEST_STEP][PASSED] - delay(2): Delayed 2 second(s)

2019-06-18 16:07:46 - [MESSAGE][PASSED] - Delayed 2 second(s)

2019-06-18 16:07:46 - [TEST_STEP][PASSED] - setText(findTestObject("APOLLO- Desktop/Product page/textarea_characters remaining_"), "Good product"): Text 'Good product' is set on object 'Object Repository/APOLLO- Desktop/Product page/textarea_characters remaining_'

2019-06-18 16:07:46 - [MESSAGE][PASSED] - Text 'Good product' is set on object 'Object Repository/APOLLO- Desktop/Product page/textarea_characters remaining_'

2019-06-18 16:07:46 - [TEST_STEP][PASSED] - delay(2): Delayed 2 second(s)

2019-06-18 16:07:48 - [MESSAGE][PASSED] - Delayed 2 second(s)

2019-06-18 16:07:48 - [TEST_STEP][PASSED] - click(findTestObject("APOLLO- Desktop/Product page/Submit review")): Object: 'Object Repository/APOLLO- Desktop/Product page/Submit review' is clicked on

2019-06-18 16:07:48 - [MESSAGE][PASSED] - Object: 'Object Repository/APOLLO- Desktop/Product page/Submit review' is clicked on

2019-06-18 16:07:48 - [TEST_STEP][PASSED] - delay(2): Delayed 2 second(s)

2019-06-18 16:07:50 - [MESSAGE][PASSED] - Delayed 2 second(s)

2019-06-18 16:07:50 - [TEST_STEP][FAILED] - click(findTestObject("APOLLO- Desktop/Product page/number-2"), CONTINUE_ON_FAILURE): Unable to click on object 'Object Repository/APOLLO- Desktop/Product page/number-2' (Root cause: com.kms.katalon.core.webui.exception.WebElementNotFoundException: Web element with id: 'Object Repository/APOLLO- Desktop/Product page/number-2' located by 'By.xpath: //span[@class='spr-pagination-page']' not found)

2019-06-18 16:08:21 - [MESSAGE][INFO] - Unable to find the element located by 'By.xpath: //span[@class='spr-pagination-page']'. Please recheck the objects properties to make sure the desired element is located. 

2019-06-18 16:08:21 - [MESSAGE][FAILED] - Unable to click on object 'Object Repository/APOLLO- Desktop/Product page/number-2' (Root cause: com.kms.katalon.core.webui.exception.WebElementNotFoundException: Web element with id: 'Object Repository/APOLLO- Desktop/Product page/number-2' located by 'By.xpath: //span[@class='spr-pagination-page']' not found)
[[ATTACHMENT|/Users/sumankompelly/Katalon Studio/APOLLO/Reports/Apollo- Desktop/20190618_155238/1560888501307.png]]

2019-06-18 16:08:21 - [TEST_STEP][PASSED] - delay(2, CONTINUE_ON_FAILURE): Delayed 2 second(s)

2019-06-18 16:08:23 - [MESSAGE][PASSED] - Delayed 2 second(s)

2019-06-18 16:08:23 - [TEST_STEP][FAILED] - click(findTestObject("APOLLO- Desktop/Product page/a_Next"), CONTINUE_ON_FAILURE): Unable to click on object 'Object Repository/APOLLO- Desktop/Product page/a_Next' (Root cause: com.kms.katalon.core.webui.exception.WebElementNotFoundException: Web element with id: 'Object Repository/APOLLO- Desktop/Product page/a_Next' located by 'By.xpath: //a[contains(text(),'Next »')]' not found)

2019-06-18 16:08:54 - [MESSAGE][INFO] - Unable to find the element located by 'By.xpath: //a[contains(text(),'Next »')]'. Please recheck the objects properties to make sure the desired element is located. 

2019-06-18 16:08:54 - [MESSAGE][FAILED] - Unable to click on object 'Object Repository/APOLLO- Desktop/Product page/a_Next' (Root cause: com.kms.katalon.core.webui.exception.WebElementNotFoundException: Web element with id: 'Object Repository/APOLLO- Desktop/Product page/a_Next' located by 'By.xpath: //a[contains(text(),'Next »')]' not found)
[[ATTACHMENT|/Users/sumankompelly/Katalon Studio/APOLLO/Reports/Apollo- Desktop/20190618_155238/1560888534499.png]]

2019-06-18 16:08:54 - [TEST_STEP][PASSED] - delay(2, CONTINUE_ON_FAILURE): Delayed 2 second(s)

2019-06-18 16:08:56 - [MESSAGE][PASSED] - Delayed 2 second(s)

2019-06-18 16:08:56 - [TEST_STEP][FAILED] - click(findTestObject("APOLLO- Desktop/Product page/a_ Previous"), CONTINUE_ON_FAILURE): click(findTestObject("APOLLO- Desktop/Product page/a_ Previous"), CONTINUE_ON_FAILURE) FAILED.
Reason:
com.kms.katalon.core.exception.StepFailedException: Unable to set text '`suman@gmail.com' of object 'Object Repository/APOLLO- Desktop/Product page/input_Email_reviewemail' (Root cause: com.kms.katalon.core.webui.exception.WebElementNotFoundException: Web element with id: 'Object Repository/APOLLO- Desktop/Product page/input_Email_reviewemail' located by 'By.cssSelector: //*[@id="review_email_2217159164004"]' not found)
	at com.kms.katalon.core.keyword.internal.KeywordMain.stepFailed(KeywordMain.groovy:32)
	at com.kms.katalon.core.webui.keyword.internal.WebUIKeywordMain.stepFailed(WebUIKeywordMain.groovy:65)
	at com.kms.katalon.core.webui.keyword.internal.WebUIKeywordMain.runKeyword(WebUIKeywordMain.groovy:27)
	at com.kms.katalon.core.webui.keyword.builtin.SetTextKeyword.setText(SetTextKeyword.groovy:65)
	at com.kms.katalon.core.webui.keyword.builtin.SetTextKeyword.execute(SetTextKeyword.groovy:37)
	at com.kms.katalon.core.keyword.internal.KeywordExecutor.executeKeywordForPlatform(KeywordExecutor.groovy:53)
	at com.kms.katalon.core.webui.keyword.WebUiBuiltInKeywords.setText(WebUiBuiltInKeywords.groovy:936)
	at com.kms.katalon.core.webui.keyword.WebUiBuiltInKeywords$setText$14.call(Unknown Source)
	at Product chevron dropdowns.run(Product chevron dropdowns:97)
	at com.kms.katalon.core.main.ScriptEngine.run(ScriptEngine.java:194)
	at com.kms.katalon.core.main.ScriptEngine.runScriptAsRawText(ScriptEngine.java:119)
	at com.kms.katalon.core.main.TestCaseExecutor.runScript(TestCaseExecutor.java:328)
	at com.kms.katalon.core.main.TestCaseExecutor.doExecute(TestCaseExecutor.java:319)
	at com.kms.katalon.core.main.TestCaseExecutor.processExecutionPhase(TestCaseExecutor.java:298)
	at com.kms.katalon.core.main.TestCaseExecutor.accessMainPhase(TestCaseExecutor.java:290)
	at com.kms.katalon.core.main.TestCaseExecutor.execute(TestCaseExecutor.java:224)
	at com.kms.katalon.core.main.TestSuiteExecutor.accessTestCaseMainPhase(TestSuiteExecutor.java:129)
	at com.kms.katalon.core.main.TestSuiteExecutor.accessTestSuiteMainPhase(TestSuiteExecutor.java:112)
	at com.kms.katalon.core.main.TestSuiteExecutor.execute(TestSuiteExecutor.java:81)
	at com.kms.katalon.core.main.TestCaseMain.startTestSuite(TestCaseMain.java:149)
	at com.kms.katalon.core.main.TestCaseMain$startTestSuite$0.call(Unknown Source)
	at TempTestSuite1560887558246.run(TempTestSuite1560887558246.groovy:36)


2019-06-18 16:09:27 - [MESSAGE][INFO] - Unable to find the element located by 'By.xpath: //a[contains(text(),'« Previous')]'. Please recheck the objects properties to make sure the desired element is located. 

2019-06-18 16:09:28 - [MESSAGE][FAILED] - Unable to click on object 'Object Repository/APOLLO- Desktop/Product page/a_ Previous' (Root cause: com.kms.katalon.core.webui.exception.WebElementNotFoundException: Web element with id: 'Object Repository/APOLLO- Desktop/Product page/a_ Previous' located by 'By.xpath: //a[contains(text(),'« Previous')]' not found)
[[ATTACHMENT|/Users/sumankompelly/Katalon Studio/APOLLO/Reports/Apollo- Desktop/20190618_155238/1560888567670.png]]

2019-06-18 16:09:28 - [MESSAGE][FAILED] - click(findTestObject("APOLLO- Desktop/Product page/a_ Previous"), CONTINUE_ON_FAILURE) FAILED.
Reason:
com.kms.katalon.core.exception.StepFailedException: Unable to set text '`suman@gmail.com' of object 'Object Repository/APOLLO- Desktop/Product page/input_Email_reviewemail' (Root cause: com.kms.katalon.core.webui.exception.WebElementNotFoundException: Web element with id: 'Object Repository/APOLLO- Desktop/Product page/input_Email_reviewemail' located by 'By.cssSelector: //*[@id="review_email_2217159164004"]' not found)
	at com.kms.katalon.core.keyword.internal.KeywordMain.stepFailed(KeywordMain.groovy:32)
	at com.kms.katalon.core.webui.keyword.internal.WebUIKeywordMain.stepFailed(WebUIKeywordMain.groovy:65)
	at com.kms.katalon.core.webui.keyword.internal.WebUIKeywordMain.runKeyword(WebUIKeywordMain.groovy:27)
	at com.kms.katalon.core.webui.keyword.builtin.SetTextKeyword.setText(SetTextKeyword.groovy:65)
	at com.kms.katalon.core.webui.keyword.builtin.SetTextKeyword.execute(SetTextKeyword.groovy:37)
	at com.kms.katalon.core.keyword.internal.KeywordExecutor.executeKeywordForPlatform(KeywordExecutor.groovy:53)
	at com.kms.katalon.core.webui.keyword.WebUiBuiltInKeywords.setText(WebUiBuiltInKeywords.groovy:936)
	at com.kms.katalon.core.webui.keyword.WebUiBuiltInKeywords$setText$14.call(Unknown Source)
	at Product chevron dropdowns.run(Product chevron dropdowns:97)
	at com.kms.katalon.core.main.ScriptEngine.run(ScriptEngine.java:194)
	at com.kms.katalon.core.main.ScriptEngine.runScriptAsRawText(ScriptEngine.java:119)
	at com.kms.katalon.core.main.TestCaseExecutor.runScript(TestCaseExecutor.java:328)
	at com.kms.katalon.core.main.TestCaseExecutor.doExecute(TestCaseExecutor.java:319)
	at com.kms.katalon.core.main.TestCaseExecutor.processExecutionPhase(TestCaseExecutor.java:298)
	at com.kms.katalon.core.main.TestCaseExecutor.accessMainPhase(TestCaseExecutor.java:290)
	at com.kms.katalon.core.main.TestCaseExecutor.execute(TestCaseExecutor.java:224)
	at com.kms.katalon.core.main.TestSuiteExecutor.accessTestCaseMainPhase(TestSuiteExecutor.java:129)
	at com.kms.katalon.core.main.TestSuiteExecutor.accessTestSuiteMainPhase(TestSuiteExecutor.java:112)
	at com.kms.katalon.core.main.TestSuiteExecutor.execute(TestSuiteExecutor.java:81)
	at com.kms.katalon.core.main.TestCaseMain.startTestSuite(TestCaseMain.java:149)
	at com.kms.katalon.core.main.TestCaseMain$startTestSuite$0.call(Unknown Source)
	at TempTestSuite1560887558246.run(TempTestSuite1560887558246.groovy:36)]]></system-out>
         <system-err><![CDATA[2019-06-18 16:06:18 - [TEST_CASE][FAILED] - Test Cases/PRODUCT PAGE/Product chevron dropdowns: Test Cases/PRODUCT PAGE/Product chevron dropdowns FAILED.
Reason:
com.kms.katalon.core.exception.StepFailedException: Unable to set text '`suman@gmail.com' of object 'Object Repository/APOLLO- Desktop/Product page/input_Email_reviewemail' (Root cause: com.kms.katalon.core.webui.exception.WebElementNotFoundException: Web element with id: 'Object Repository/APOLLO- Desktop/Product page/input_Email_reviewemail' located by 'By.cssSelector: //*[@id="review_email_2217159164004"]' not found)
	at com.kms.katalon.core.keyword.internal.KeywordMain.stepFailed(KeywordMain.groovy:32)
	at com.kms.katalon.core.webui.keyword.internal.WebUIKeywordMain.stepFailed(WebUIKeywordMain.groovy:65)
	at com.kms.katalon.core.webui.keyword.internal.WebUIKeywordMain.runKeyword(WebUIKeywordMain.groovy:27)
	at com.kms.katalon.core.webui.keyword.builtin.SetTextKeyword.setText(SetTextKeyword.groovy:65)
	at com.kms.katalon.core.webui.keyword.builtin.SetTextKeyword.execute(SetTextKeyword.groovy:37)
	at com.kms.katalon.core.keyword.internal.KeywordExecutor.executeKeywordForPlatform(KeywordExecutor.groovy:53)
	at com.kms.katalon.core.webui.keyword.WebUiBuiltInKeywords.setText(WebUiBuiltInKeywords.groovy:936)
	at com.kms.katalon.core.webui.keyword.WebUiBuiltInKeywords$setText$14.call(Unknown Source)
	at Product chevron dropdowns.run(Product chevron dropdowns:97)
	at com.kms.katalon.core.main.ScriptEngine.run(ScriptEngine.java:194)
	at com.kms.katalon.core.main.ScriptEngine.runScriptAsRawText(ScriptEngine.java:119)
	at com.kms.katalon.core.main.TestCaseExecutor.runScript(TestCaseExecutor.java:328)
	at com.kms.katalon.core.main.TestCaseExecutor.doExecute(TestCaseExecutor.java:319)
	at com.kms.katalon.core.main.TestCaseExecutor.processExecutionPhase(TestCaseExecutor.java:298)
	at com.kms.katalon.core.main.TestCaseExecutor.accessMainPhase(TestCaseExecutor.java:290)
	at com.kms.katalon.core.main.TestCaseExecutor.execute(TestCaseExecutor.java:224)
	at com.kms.katalon.core.main.TestSuiteExecutor.accessTestCaseMainPhase(TestSuiteExecutor.java:129)
	at com.kms.katalon.core.main.TestSuiteExecutor.accessTestSuiteMainPhase(TestSuiteExecutor.java:112)
	at com.kms.katalon.core.main.TestSuiteExecutor.execute(TestSuiteExecutor.java:81)
	at com.kms.katalon.core.main.TestCaseMain.startTestSuite(TestCaseMain.java:149)
	at com.kms.katalon.core.main.TestCaseMain$startTestSuite$0.call(Unknown Source)
	at TempTestSuite1560887558246.run(TempTestSuite1560887558246.groovy:36)]]></system-err>
      </testcase>
      <testcase name="Test Cases/PRODUCT PAGE/You might also like" classname="Test Cases/PRODUCT PAGE/You might also like" status="PASSED">
         <system-out><![CDATA[2019-06-18 16:09:28 - [TEST_CASE][PASSED] - Test Cases/PRODUCT PAGE/You might also like: Test Cases/PRODUCT PAGE/You might also like

2019-06-18 16:09:28 - [TEST_STEP][PASSED] - callTestCase(findTestCase("CALL - URL"), [:], STOP_ON_FAILURE): Call Test Case 'Test Cases/CALL - URL' successfully

2019-06-18 16:09:28 - [TEST_CASE][PASSED] - Test Cases/CALL - URL: Test Cases/CALL - URL

2019-06-18 16:09:28 - [TEST_STEP][PASSED] - openBrowser(""): Browser is opened with url: ''

2019-06-18 16:09:28 - [MESSAGE][WARNING] - A browser is already opened. Closing browser and opening a new one

2019-06-18 16:09:28 - [MESSAGE][INFO] - Starting 'Chrome' driver

2019-06-18 16:09:29 - [MESSAGE][PASSED] - Browser is opened with url: ''

2019-06-18 16:09:29 - [TEST_STEP][PASSED] - navigateToUrl("https://diff-apollo.myshopify.com/?_ab=0&_fd=0&_sc=1&preview_theme_id=68602101860"): Navigate to 'https://diff-apollo.myshopify.com/?_ab=0&_fd=0&_sc=1&preview_theme_id=68602101860' successfully

2019-06-18 16:09:33 - [MESSAGE][PASSED] - Navigate to 'https://diff-apollo.myshopify.com/?_ab=0&_fd=0&_sc=1&preview_theme_id=68602101860' successfully

2019-06-18 16:09:33 - [TEST_STEP][PASSED] - executeJavaScript("var previewBar = document.getElementById("preview-bar-iframe"); previewBar.style.display = "none";", []): Execute JavaScript 'var previewBar = document.getElementById("preview-bar-iframe"); previewBar.style.display = "none";' successfully

2019-06-18 16:09:33 - [MESSAGE][PASSED] - Execute JavaScript 'var previewBar = document.getElementById("preview-bar-iframe"); previewBar.style.display = "none";' successfully

2019-06-18 16:09:33 - [MESSAGE][PASSED] - Call Test Case 'Test Cases/CALL - URL' successfully

2019-06-18 16:09:33 - [TEST_STEP][PASSED] - delay(2): Delayed 2 second(s)

2019-06-18 16:09:35 - [MESSAGE][PASSED] - Delayed 2 second(s)

2019-06-18 16:09:35 - [TEST_STEP][PASSED] - click(findTestObject("APOLLO- Desktop/Burger Menu/Burgermenu")): Object: 'Object Repository/APOLLO- Desktop/Burger Menu/Burgermenu' is clicked on

2019-06-18 16:09:35 - [MESSAGE][PASSED] - Object: 'Object Repository/APOLLO- Desktop/Burger Menu/Burgermenu' is clicked on

2019-06-18 16:09:35 - [TEST_STEP][PASSED] - delay(2): Delayed 2 second(s)

2019-06-18 16:09:37 - [MESSAGE][PASSED] - Delayed 2 second(s)

2019-06-18 16:09:37 - [TEST_STEP][PASSED] - click(findTestObject("APOLLO- Desktop/Burger Menu/Mens chevron")): Object: 'Object Repository/APOLLO- Desktop/Burger Menu/Mens chevron' is clicked on

2019-06-18 16:09:37 - [MESSAGE][PASSED] - Object: 'Object Repository/APOLLO- Desktop/Burger Menu/Mens chevron' is clicked on

2019-06-18 16:09:37 - [TEST_STEP][PASSED] - delay(2): Delayed 2 second(s)

2019-06-18 16:09:39 - [MESSAGE][PASSED] - Delayed 2 second(s)

2019-06-18 16:09:39 - [TEST_STEP][PASSED] - click(findTestObject("APOLLO- Desktop/Burger Menu/Mens - Top Chevron")): Object: 'Object Repository/APOLLO- Desktop/Burger Menu/Mens - Top Chevron' is clicked on

2019-06-18 16:09:39 - [MESSAGE][PASSED] - Object: 'Object Repository/APOLLO- Desktop/Burger Menu/Mens - Top Chevron' is clicked on

2019-06-18 16:09:39 - [TEST_STEP][PASSED] - delay(2): Delayed 2 second(s)

2019-06-18 16:09:41 - [MESSAGE][PASSED] - Delayed 2 second(s)

2019-06-18 16:09:41 - [TEST_STEP][PASSED] - click(findTestObject("APOLLO- Desktop/Burger Menu/Shirts link")): Object: 'Object Repository/APOLLO- Desktop/Burger Menu/Shirts link' is clicked on

2019-06-18 16:09:43 - [MESSAGE][PASSED] - Object: 'Object Repository/APOLLO- Desktop/Burger Menu/Shirts link' is clicked on

2019-06-18 16:09:43 - [TEST_STEP][PASSED] - delay(2): Delayed 2 second(s)

2019-06-18 16:09:45 - [MESSAGE][PASSED] - Delayed 2 second(s)

2019-06-18 16:09:45 - [TEST_STEP][PASSED] - click(findTestObject("APOLLO- Desktop/Collection page/Blue shirt product")): Object: 'Object Repository/APOLLO- Desktop/Collection page/Blue shirt product' is clicked on

2019-06-18 16:09:47 - [MESSAGE][PASSED] - Object: 'Object Repository/APOLLO- Desktop/Collection page/Blue shirt product' is clicked on

2019-06-18 16:09:47 - [TEST_STEP][PASSED] - delay(2): Delayed 2 second(s)

2019-06-18 16:09:49 - [MESSAGE][PASSED] - Delayed 2 second(s)

2019-06-18 16:09:49 - [TEST_STEP][PASSED] - executeJavaScript("var previewBar = document.getElementById("preview-bar-iframe"); previewBar.style.display = "none";", []): Execute JavaScript 'var previewBar = document.getElementById("preview-bar-iframe"); previewBar.style.display = "none";' successfully

2019-06-18 16:09:49 - [MESSAGE][PASSED] - Execute JavaScript 'var previewBar = document.getElementById("preview-bar-iframe"); previewBar.style.display = "none";' successfully

2019-06-18 16:09:49 - [TEST_STEP][PASSED] - delay(2): Delayed 2 second(s)

2019-06-18 16:09:51 - [MESSAGE][PASSED] - Delayed 2 second(s)

2019-06-18 16:09:51 - [TEST_STEP][PASSED] - click(findTestObject("APOLLO- Desktop/Product page/You might alos like/you might also like")): Object: 'Object Repository/APOLLO- Desktop/Product page/You might alos like/you might also like' is clicked on

2019-06-18 16:09:51 - [MESSAGE][PASSED] - Object: 'Object Repository/APOLLO- Desktop/Product page/You might alos like/you might also like' is clicked on

2019-06-18 16:09:51 - [TEST_STEP][PASSED] - delay(2): Delayed 2 second(s)

2019-06-18 16:09:53 - [MESSAGE][PASSED] - Delayed 2 second(s)

2019-06-18 16:09:53 - [TEST_STEP][PASSED] - click(findTestObject("APOLLO- Desktop/Product page/You might alos like/Next button")): Object: 'Object Repository/APOLLO- Desktop/Product page/You might alos like/Next button' is clicked on

2019-06-18 16:09:53 - [MESSAGE][PASSED] - Object: 'Object Repository/APOLLO- Desktop/Product page/You might alos like/Next button' is clicked on

2019-06-18 16:09:53 - [TEST_STEP][PASSED] - delay(2): Delayed 2 second(s)

2019-06-18 16:09:55 - [MESSAGE][PASSED] - Delayed 2 second(s)

2019-06-18 16:09:55 - [TEST_STEP][PASSED] - click(findTestObject("APOLLO- Desktop/Product page/You might alos like/Previous button")): Object: 'Object Repository/APOLLO- Desktop/Product page/You might alos like/Previous button' is clicked on

2019-06-18 16:09:55 - [MESSAGE][PASSED] - Object: 'Object Repository/APOLLO- Desktop/Product page/You might alos like/Previous button' is clicked on

2019-06-18 16:09:55 - [TEST_STEP][PASSED] - delay(2): Delayed 2 second(s)

2019-06-18 16:09:57 - [MESSAGE][PASSED] - Delayed 2 second(s)

2019-06-18 16:09:57 - [TEST_STEP][PASSED] - click(findTestObject("APOLLO- Desktop/Product page/You might alos like/Product tile")): Object: 'Object Repository/APOLLO- Desktop/Product page/You might alos like/Product tile' is clicked on

2019-06-18 16:10:04 - [MESSAGE][PASSED] - Object: 'Object Repository/APOLLO- Desktop/Product page/You might alos like/Product tile' is clicked on

2019-06-18 16:10:04 - [TEST_STEP][PASSED] - delay(2): Delayed 2 second(s)

2019-06-18 16:10:06 - [MESSAGE][PASSED] - Delayed 2 second(s)

2019-06-18 16:10:06 - [TEST_STEP][PASSED] - click(findTestObject("APOLLO- Desktop/Product page/Add to bag")): Object: 'Object Repository/APOLLO- Desktop/Product page/Add to bag' is clicked on

2019-06-18 16:10:06 - [MESSAGE][PASSED] - Object: 'Object Repository/APOLLO- Desktop/Product page/Add to bag' is clicked on

2019-06-18 16:10:06 - [TEST_STEP][PASSED] - delay(2): Delayed 2 second(s)

2019-06-18 16:10:08 - [MESSAGE][PASSED] - Delayed 2 second(s)

2019-06-18 16:10:08 - [TEST_STEP][PASSED] - executeJavaScript("var previewBar = document.getElementById("preview-bar-iframe"); previewBar.style.display = "none";", []): Execute JavaScript 'var previewBar = document.getElementById("preview-bar-iframe"); previewBar.style.display = "none";' successfully

2019-06-18 16:10:08 - [MESSAGE][PASSED] - Execute JavaScript 'var previewBar = document.getElementById("preview-bar-iframe"); previewBar.style.display = "none";' successfully

2019-06-18 16:10:08 - [TEST_STEP][PASSED] - click(findTestObject("APOLLO- Desktop/Cart flyout/Checkout")): Object: 'Object Repository/APOLLO- Desktop/Cart flyout/Checkout' is clicked on

2019-06-18 16:10:12 - [MESSAGE][PASSED] - Object: 'Object Repository/APOLLO- Desktop/Cart flyout/Checkout' is clicked on

2019-06-18 16:10:12 - [TEST_STEP][PASSED] - callTestCase(findTestCase("CALL- CUSTOMER INFO PAGE"), [:], STOP_ON_FAILURE): Call Test Case 'Test Cases/CALL- CUSTOMER INFO PAGE' successfully

2019-06-18 16:10:12 - [TEST_CASE][PASSED] - Test Cases/CALL- CUSTOMER INFO PAGE: Test Cases/CALL- CUSTOMER INFO PAGE

2019-06-18 16:10:12 - [TEST_STEP][PASSED] - delay(2): Delayed 2 second(s)

2019-06-18 16:10:14 - [MESSAGE][PASSED] - Delayed 2 second(s)

2019-06-18 16:10:14 - [TEST_STEP][PASSED] - executeJavaScript("var previewBar = document.getElementById("preview-bar-iframe"); previewBar.style.display = "none";", []): Execute JavaScript 'var previewBar = document.getElementById("preview-bar-iframe"); previewBar.style.display = "none";' successfully

2019-06-18 16:10:14 - [MESSAGE][PASSED] - Execute JavaScript 'var previewBar = document.getElementById("preview-bar-iframe"); previewBar.style.display = "none";' successfully

2019-06-18 16:10:14 - [TEST_STEP][PASSED] - setText(findTestObject("APOLLO- Desktop/Customer Information page/Email"), "suman@gmail.com"): Text 'suman@gmail.com' is set on object 'Object Repository/APOLLO- Desktop/Customer Information page/Email'

2019-06-18 16:10:14 - [MESSAGE][PASSED] - Text 'suman@gmail.com' is set on object 'Object Repository/APOLLO- Desktop/Customer Information page/Email'

2019-06-18 16:10:14 - [TEST_STEP][PASSED] - delay(2): Delayed 2 second(s)

2019-06-18 16:10:16 - [MESSAGE][PASSED] - Delayed 2 second(s)

2019-06-18 16:10:16 - [TEST_STEP][PASSED] - setText(findTestObject("APOLLO- Desktop/Customer Information page/First name"), "suman"): Text 'suman' is set on object 'Object Repository/APOLLO- Desktop/Customer Information page/First name'

2019-06-18 16:10:16 - [MESSAGE][PASSED] - Text 'suman' is set on object 'Object Repository/APOLLO- Desktop/Customer Information page/First name'

2019-06-18 16:10:16 - [TEST_STEP][PASSED] - delay(2): Delayed 2 second(s)

2019-06-18 16:10:18 - [MESSAGE][PASSED] - Delayed 2 second(s)

2019-06-18 16:10:18 - [TEST_STEP][PASSED] - setText(findTestObject("APOLLO- Desktop/Customer Information page/Last name"), "kompelly"): Text 'kompelly' is set on object 'Object Repository/APOLLO- Desktop/Customer Information page/Last name'

2019-06-18 16:10:19 - [MESSAGE][PASSED] - Text 'kompelly' is set on object 'Object Repository/APOLLO- Desktop/Customer Information page/Last name'

2019-06-18 16:10:19 - [TEST_STEP][PASSED] - delay(2): Delayed 2 second(s)

2019-06-18 16:10:21 - [MESSAGE][PASSED] - Delayed 2 second(s)

2019-06-18 16:10:21 - [TEST_STEP][PASSED] - setText(findTestObject("APOLLO- Desktop/Customer Information page/Address"), "1435 st alxendre"): Text '1435 st alxendre' is set on object 'Object Repository/APOLLO- Desktop/Customer Information page/Address'

2019-06-18 16:10:21 - [MESSAGE][PASSED] - Text '1435 st alxendre' is set on object 'Object Repository/APOLLO- Desktop/Customer Information page/Address'

2019-06-18 16:10:21 - [TEST_STEP][PASSED] - setText(findTestObject("APOLLO- Desktop/Customer Information page/Apartment"), "220"): Text '220' is set on object 'Object Repository/APOLLO- Desktop/Customer Information page/Apartment'

2019-06-18 16:10:21 - [MESSAGE][PASSED] - Text '220' is set on object 'Object Repository/APOLLO- Desktop/Customer Information page/Apartment'

2019-06-18 16:10:21 - [TEST_STEP][PASSED] - setText(findTestObject("APOLLO- Desktop/Customer Information page/City"), "montreal"): Text 'montreal' is set on object 'Object Repository/APOLLO- Desktop/Customer Information page/City'

2019-06-18 16:10:21 - [MESSAGE][PASSED] - Text 'montreal' is set on object 'Object Repository/APOLLO- Desktop/Customer Information page/City'

2019-06-18 16:10:21 - [TEST_STEP][PASSED] - selectOptionByValue(findTestObject("APOLLO- Desktop/Customer Information page/Country dropdown"), "United States", true): All options with value 'United States' are selected in object 'Object Repository/APOLLO- Desktop/Customer Information page/Country dropdown'  using regular expression

2019-06-18 16:10:24 - [MESSAGE][PASSED] - All options with value 'United States' are selected in object 'Object Repository/APOLLO- Desktop/Customer Information page/Country dropdown'  using regular expression

2019-06-18 16:10:24 - [TEST_STEP][PASSED] - selectOptionByValue(findTestObject("APOLLO- Desktop/Customer Information page/states dropdown"), "NJ", true): All options with value 'NJ' are selected in object 'Object Repository/APOLLO- Desktop/Customer Information page/states dropdown'  using regular expression

2019-06-18 16:10:25 - [MESSAGE][PASSED] - All options with value 'NJ' are selected in object 'Object Repository/APOLLO- Desktop/Customer Information page/states dropdown'  using regular expression

2019-06-18 16:10:25 - [TEST_STEP][PASSED] - setText(findTestObject("APOLLO- Desktop/Customer Information page/ZIP code"), "07057"): Text '07057' is set on object 'Object Repository/APOLLO- Desktop/Customer Information page/ZIP code'

2019-06-18 16:10:25 - [MESSAGE][PASSED] - Text '07057' is set on object 'Object Repository/APOLLO- Desktop/Customer Information page/ZIP code'

2019-06-18 16:10:25 - [MESSAGE][PASSED] - Call Test Case 'Test Cases/CALL- CUSTOMER INFO PAGE' successfully

2019-06-18 16:10:25 - [TEST_STEP][PASSED] - delay(2): Delayed 2 second(s)

2019-06-18 16:10:27 - [MESSAGE][PASSED] - Delayed 2 second(s)

2019-06-18 16:10:27 - [TEST_STEP][PASSED] - callTestCase(findTestCase("CALL - SHIPPING TO PAYMENT"), [:], STOP_ON_FAILURE): Call Test Case 'Test Cases/CALL - SHIPPING TO PAYMENT' successfully

2019-06-18 16:10:27 - [TEST_CASE][PASSED] - Test Cases/CALL - SHIPPING TO PAYMENT: Test Cases/CALL - SHIPPING TO PAYMENT

2019-06-18 16:10:27 - [TEST_STEP][PASSED] - click(findTestObject("APOLLO- Desktop/Customer Information page/Continue to shipping")): Object: 'Object Repository/APOLLO- Desktop/Customer Information page/Continue to shipping' is clicked on

2019-06-18 16:10:30 - [MESSAGE][PASSED] - Object: 'Object Repository/APOLLO- Desktop/Customer Information page/Continue to shipping' is clicked on

2019-06-18 16:10:30 - [TEST_STEP][PASSED] - executeJavaScript("var previewBar = document.getElementById("preview-bar-iframe"); previewBar.style.display = "none";", []): Execute JavaScript 'var previewBar = document.getElementById("preview-bar-iframe"); previewBar.style.display = "none";' successfully

2019-06-18 16:10:30 - [MESSAGE][PASSED] - Execute JavaScript 'var previewBar = document.getElementById("preview-bar-iframe"); previewBar.style.display = "none";' successfully

2019-06-18 16:10:30 - [TEST_STEP][PASSED] - click(findTestObject("APOLLO- Desktop/Shipping page/Radio button check")): Object: 'Object Repository/APOLLO- Desktop/Shipping page/Radio button check' is clicked on

2019-06-18 16:10:31 - [MESSAGE][PASSED] - Object: 'Object Repository/APOLLO- Desktop/Shipping page/Radio button check' is clicked on

2019-06-18 16:10:31 - [TEST_STEP][PASSED] - executeJavaScript("var previewBar = document.getElementById("preview-bar-iframe"); previewBar.style.display = "none";", []): Execute JavaScript 'var previewBar = document.getElementById("preview-bar-iframe"); previewBar.style.display = "none";' successfully

2019-06-18 16:10:31 - [MESSAGE][PASSED] - Execute JavaScript 'var previewBar = document.getElementById("preview-bar-iframe"); previewBar.style.display = "none";' successfully

2019-06-18 16:10:31 - [TEST_STEP][PASSED] - click(findTestObject("APOLLO- Desktop/Shipping page/Continue to payment")): Object: 'Object Repository/APOLLO- Desktop/Shipping page/Continue to payment' is clicked on

2019-06-18 16:10:33 - [MESSAGE][PASSED] - Object: 'Object Repository/APOLLO- Desktop/Shipping page/Continue to payment' is clicked on

2019-06-18 16:10:33 - [TEST_STEP][PASSED] - executeJavaScript("var previewBar = document.getElementById("preview-bar-iframe"); previewBar.style.display = "none";", []): Execute JavaScript 'var previewBar = document.getElementById("preview-bar-iframe"); previewBar.style.display = "none";' successfully

2019-06-18 16:10:33 - [MESSAGE][PASSED] - Execute JavaScript 'var previewBar = document.getElementById("preview-bar-iframe"); previewBar.style.display = "none";' successfully

2019-06-18 16:10:33 - [TEST_STEP][PASSED] - click(findTestObject("APOLLO- Desktop/payment page/Payment section")): Object: 'Object Repository/APOLLO- Desktop/payment page/Payment section' is clicked on

2019-06-18 16:10:33 - [MESSAGE][PASSED] - Object: 'Object Repository/APOLLO- Desktop/payment page/Payment section' is clicked on

2019-06-18 16:10:33 - [MESSAGE][PASSED] - Call Test Case 'Test Cases/CALL - SHIPPING TO PAYMENT' successfully]]></system-out>
         <system-err><![CDATA[]]></system-err>
      </testcase>
      <testcase name="Test Cases/PRODUCT PAGE/Shop all products CTA" classname="Test Cases/PRODUCT PAGE/Shop all products CTA" status="PASSED">
         <system-out><![CDATA[2019-06-18 16:10:33 - [TEST_CASE][PASSED] - Test Cases/PRODUCT PAGE/Shop all products CTA: Test Cases/PRODUCT PAGE/Shop all products CTA

2019-06-18 16:10:33 - [TEST_STEP][PASSED] - callTestCase(findTestCase("CALL - URL"), [:], STOP_ON_FAILURE): Call Test Case 'Test Cases/CALL - URL' successfully

2019-06-18 16:10:33 - [TEST_CASE][PASSED] - Test Cases/CALL - URL: Test Cases/CALL - URL

2019-06-18 16:10:33 - [TEST_STEP][PASSED] - openBrowser(""): Browser is opened with url: ''

2019-06-18 16:10:33 - [MESSAGE][WARNING] - A browser is already opened. Closing browser and opening a new one

2019-06-18 16:10:33 - [MESSAGE][INFO] - Starting 'Chrome' driver

2019-06-18 16:10:35 - [MESSAGE][PASSED] - Browser is opened with url: ''

2019-06-18 16:10:35 - [TEST_STEP][PASSED] - navigateToUrl("https://diff-apollo.myshopify.com/?_ab=0&_fd=0&_sc=1&preview_theme_id=68602101860"): Navigate to 'https://diff-apollo.myshopify.com/?_ab=0&_fd=0&_sc=1&preview_theme_id=68602101860' successfully

2019-06-18 16:10:39 - [MESSAGE][PASSED] - Navigate to 'https://diff-apollo.myshopify.com/?_ab=0&_fd=0&_sc=1&preview_theme_id=68602101860' successfully

2019-06-18 16:10:39 - [TEST_STEP][PASSED] - executeJavaScript("var previewBar = document.getElementById("preview-bar-iframe"); previewBar.style.display = "none";", []): Execute JavaScript 'var previewBar = document.getElementById("preview-bar-iframe"); previewBar.style.display = "none";' successfully

2019-06-18 16:10:39 - [MESSAGE][PASSED] - Execute JavaScript 'var previewBar = document.getElementById("preview-bar-iframe"); previewBar.style.display = "none";' successfully

2019-06-18 16:10:39 - [MESSAGE][PASSED] - Call Test Case 'Test Cases/CALL - URL' successfully

2019-06-18 16:10:39 - [TEST_STEP][PASSED] - delay(2): Delayed 2 second(s)

2019-06-18 16:10:41 - [MESSAGE][PASSED] - Delayed 2 second(s)

2019-06-18 16:10:41 - [TEST_STEP][PASSED] - click(findTestObject("APOLLO- Desktop/Burger Menu/Burgermenu")): Object: 'Object Repository/APOLLO- Desktop/Burger Menu/Burgermenu' is clicked on

2019-06-18 16:10:41 - [MESSAGE][PASSED] - Object: 'Object Repository/APOLLO- Desktop/Burger Menu/Burgermenu' is clicked on

2019-06-18 16:10:41 - [TEST_STEP][PASSED] - delay(2): Delayed 2 second(s)

2019-06-18 16:10:43 - [MESSAGE][PASSED] - Delayed 2 second(s)

2019-06-18 16:10:43 - [TEST_STEP][PASSED] - click(findTestObject("APOLLO- Desktop/Burger Menu/Mens chevron")): Object: 'Object Repository/APOLLO- Desktop/Burger Menu/Mens chevron' is clicked on

2019-06-18 16:10:43 - [MESSAGE][PASSED] - Object: 'Object Repository/APOLLO- Desktop/Burger Menu/Mens chevron' is clicked on

2019-06-18 16:10:43 - [TEST_STEP][PASSED] - delay(2): Delayed 2 second(s)

2019-06-18 16:10:45 - [MESSAGE][PASSED] - Delayed 2 second(s)

2019-06-18 16:10:45 - [TEST_STEP][PASSED] - click(findTestObject("APOLLO- Desktop/Burger Menu/Mens - Top Chevron")): Object: 'Object Repository/APOLLO- Desktop/Burger Menu/Mens - Top Chevron' is clicked on

2019-06-18 16:10:45 - [MESSAGE][PASSED] - Object: 'Object Repository/APOLLO- Desktop/Burger Menu/Mens - Top Chevron' is clicked on

2019-06-18 16:10:45 - [TEST_STEP][PASSED] - delay(2): Delayed 2 second(s)

2019-06-18 16:10:47 - [MESSAGE][PASSED] - Delayed 2 second(s)

2019-06-18 16:10:47 - [TEST_STEP][PASSED] - click(findTestObject("APOLLO- Desktop/Burger Menu/Shirts link")): Object: 'Object Repository/APOLLO- Desktop/Burger Menu/Shirts link' is clicked on

2019-06-18 16:10:49 - [MESSAGE][PASSED] - Object: 'Object Repository/APOLLO- Desktop/Burger Menu/Shirts link' is clicked on

2019-06-18 16:10:49 - [TEST_STEP][PASSED] - delay(2): Delayed 2 second(s)

2019-06-18 16:10:51 - [MESSAGE][PASSED] - Delayed 2 second(s)

2019-06-18 16:10:51 - [TEST_STEP][PASSED] - click(findTestObject("APOLLO- Desktop/Collection page/Blue shirt product")): Object: 'Object Repository/APOLLO- Desktop/Collection page/Blue shirt product' is clicked on

2019-06-18 16:10:53 - [MESSAGE][PASSED] - Object: 'Object Repository/APOLLO- Desktop/Collection page/Blue shirt product' is clicked on

2019-06-18 16:10:53 - [TEST_STEP][PASSED] - delay(2): Delayed 2 second(s)

2019-06-18 16:10:55 - [MESSAGE][PASSED] - Delayed 2 second(s)

2019-06-18 16:10:55 - [TEST_STEP][PASSED] - executeJavaScript("var previewBar = document.getElementById("preview-bar-iframe"); previewBar.style.display = "none";", []): Execute JavaScript 'var previewBar = document.getElementById("preview-bar-iframe"); previewBar.style.display = "none";' successfully

2019-06-18 16:10:55 - [MESSAGE][PASSED] - Execute JavaScript 'var previewBar = document.getElementById("preview-bar-iframe"); previewBar.style.display = "none";' successfully

2019-06-18 16:10:55 - [TEST_STEP][PASSED] - delay(2): Delayed 2 second(s)

2019-06-18 16:10:57 - [MESSAGE][PASSED] - Delayed 2 second(s)

2019-06-18 16:10:57 - [TEST_STEP][PASSED] - click(findTestObject("APOLLO- Desktop/Product page/a_Shop all products")): Object: 'Object Repository/APOLLO- Desktop/Product page/a_Shop all products' is clicked on

2019-06-18 16:10:59 - [MESSAGE][PASSED] - Object: 'Object Repository/APOLLO- Desktop/Product page/a_Shop all products' is clicked on

2019-06-18 16:10:59 - [TEST_STEP][PASSED] - a = getWindowTitle(): Current window's title is: 'Products – Diff Apollo'

2019-06-18 16:10:59 - [MESSAGE][PASSED] - Current window's title is: 'Products – Diff Apollo'

2019-06-18 16:10:59 - [TEST_STEP][PASSED] - comment(" a=" + a):  a=Products – Diff Apollo

2019-06-18 16:10:59 - [MESSAGE][INFO] -  a=Products – Diff Apollo

2019-06-18 16:10:59 - [TEST_STEP][PASSED] - b = "Products – Diff Apollo": null

2019-06-18 16:10:59 - [TEST_STEP][PASSED] - if (a == b): right page

2019-06-18 16:10:59 - [TEST_STEP][PASSED] - comment("right page"): right page

2019-06-18 16:10:59 - [MESSAGE][INFO] - right page]]></system-out>
         <system-err><![CDATA[]]></system-err>
      </testcase>
      <testcase name="Test Cases/PRODUCT PAGE/Image sliders and chevrons" classname="Test Cases/PRODUCT PAGE/Image sliders and chevrons" status="FAILED">
         <failure type="FAILED" message="Test Cases/PRODUCT PAGE/Image sliders and chevrons FAILED.
Reason:
com.kms.katalon.core.exception.StepFailedException: Unable to click on object 'Object Repository/APOLLO- Desktop/Product page/Next button' (Root cause: com.kms.katalon.core.webui.exception.WebElementNotFoundException: Web element with id: 'Object Repository/APOLLO- Desktop/Product page/Next button' located by 'By.xpath: //div[@class='c-gallery-wrapper']//button[@class='c-slick__arrow c-slick__arrow--prev slick-arrow'][contains(text(),'Next')]' not found)
	at com.kms.katalon.core.keyword.internal.KeywordMain.stepFailed(KeywordMain.groovy:36)
	at com.kms.katalon.core.webui.keyword.internal.WebUIKeywordMain.stepFailed(WebUIKeywordMain.groovy:65)
	at com.kms.katalon.core.webui.keyword.internal.WebUIKeywordMain.runKeyword(WebUIKeywordMain.groovy:27)
	at com.kms.katalon.core.webui.keyword.builtin.ClickKeyword.click(ClickKeyword.groovy:86)
	at com.kms.katalon.core.webui.keyword.builtin.ClickKeyword.execute(ClickKeyword.groovy:67)
	at com.kms.katalon.core.keyword.internal.KeywordExecutor.executeKeywordForPlatform(KeywordExecutor.groovy:53)
	at com.kms.katalon.core.webui.keyword.WebUiBuiltInKeywords.click(WebUiBuiltInKeywords.groovy:616)
	at com.kms.katalon.core.webui.keyword.WebUiBuiltInKeywords$click$2.call(Unknown Source)
	at Image sliders and chevrons.run(Image sliders and chevrons:87)
	at com.kms.katalon.core.main.ScriptEngine.run(ScriptEngine.java:194)
	at com.kms.katalon.core.main.ScriptEngine.runScriptAsRawText(ScriptEngine.java:119)
	at com.kms.katalon.core.main.TestCaseExecutor.runScript(TestCaseExecutor.java:328)
	at com.kms.katalon.core.main.TestCaseExecutor.doExecute(TestCaseExecutor.java:319)
	at com.kms.katalon.core.main.TestCaseExecutor.processExecutionPhase(TestCaseExecutor.java:298)
	at com.kms.katalon.core.main.TestCaseExecutor.accessMainPhase(TestCaseExecutor.java:290)
	at com.kms.katalon.core.main.TestCaseExecutor.execute(TestCaseExecutor.java:224)
	at com.kms.katalon.core.main.TestSuiteExecutor.accessTestCaseMainPhase(TestSuiteExecutor.java:129)
	at com.kms.katalon.core.main.TestSuiteExecutor.accessTestSuiteMainPhase(TestSuiteExecutor.java:112)
	at com.kms.katalon.core.main.TestSuiteExecutor.execute(TestSuiteExecutor.java:81)
	at com.kms.katalon.core.main.TestCaseMain.startTestSuite(TestCaseMain.java:149)
	at com.kms.katalon.core.main.TestCaseMain$startTestSuite$0.call(Unknown Source)
	at TempTestSuite1560887558246.run(TempTestSuite1560887558246.groovy:36)
"/>
         <system-out><![CDATA[2019-06-18 16:10:59 - [TEST_CASE][FAILED] - Test Cases/PRODUCT PAGE/Image sliders and chevrons: Test Cases/PRODUCT PAGE/Image sliders and chevrons FAILED.
Reason:
com.kms.katalon.core.exception.StepFailedException: Unable to click on object 'Object Repository/APOLLO- Desktop/Product page/Next button' (Root cause: com.kms.katalon.core.webui.exception.WebElementNotFoundException: Web element with id: 'Object Repository/APOLLO- Desktop/Product page/Next button' located by 'By.xpath: //div[@class='c-gallery-wrapper']//button[@class='c-slick__arrow c-slick__arrow--prev slick-arrow'][contains(text(),'Next')]' not found)
	at com.kms.katalon.core.keyword.internal.KeywordMain.stepFailed(KeywordMain.groovy:36)
	at com.kms.katalon.core.webui.keyword.internal.WebUIKeywordMain.stepFailed(WebUIKeywordMain.groovy:65)
	at com.kms.katalon.core.webui.keyword.internal.WebUIKeywordMain.runKeyword(WebUIKeywordMain.groovy:27)
	at com.kms.katalon.core.webui.keyword.builtin.ClickKeyword.click(ClickKeyword.groovy:86)
	at com.kms.katalon.core.webui.keyword.builtin.ClickKeyword.execute(ClickKeyword.groovy:67)
	at com.kms.katalon.core.keyword.internal.KeywordExecutor.executeKeywordForPlatform(KeywordExecutor.groovy:53)
	at com.kms.katalon.core.webui.keyword.WebUiBuiltInKeywords.click(WebUiBuiltInKeywords.groovy:616)
	at com.kms.katalon.core.webui.keyword.WebUiBuiltInKeywords$click$2.call(Unknown Source)
	at Image sliders and chevrons.run(Image sliders and chevrons:87)
	at com.kms.katalon.core.main.ScriptEngine.run(ScriptEngine.java:194)
	at com.kms.katalon.core.main.ScriptEngine.runScriptAsRawText(ScriptEngine.java:119)
	at com.kms.katalon.core.main.TestCaseExecutor.runScript(TestCaseExecutor.java:328)
	at com.kms.katalon.core.main.TestCaseExecutor.doExecute(TestCaseExecutor.java:319)
	at com.kms.katalon.core.main.TestCaseExecutor.processExecutionPhase(TestCaseExecutor.java:298)
	at com.kms.katalon.core.main.TestCaseExecutor.accessMainPhase(TestCaseExecutor.java:290)
	at com.kms.katalon.core.main.TestCaseExecutor.execute(TestCaseExecutor.java:224)
	at com.kms.katalon.core.main.TestSuiteExecutor.accessTestCaseMainPhase(TestSuiteExecutor.java:129)
	at com.kms.katalon.core.main.TestSuiteExecutor.accessTestSuiteMainPhase(TestSuiteExecutor.java:112)
	at com.kms.katalon.core.main.TestSuiteExecutor.execute(TestSuiteExecutor.java:81)
	at com.kms.katalon.core.main.TestCaseMain.startTestSuite(TestCaseMain.java:149)
	at com.kms.katalon.core.main.TestCaseMain$startTestSuite$0.call(Unknown Source)
	at TempTestSuite1560887558246.run(TempTestSuite1560887558246.groovy:36)


2019-06-18 16:10:59 - [TEST_STEP][PASSED] - callTestCase(findTestCase("CALL - URL"), [:], STOP_ON_FAILURE): Call Test Case 'Test Cases/CALL - URL' successfully

2019-06-18 16:10:59 - [TEST_CASE][PASSED] - Test Cases/CALL - URL: Test Cases/CALL - URL

2019-06-18 16:10:59 - [TEST_STEP][PASSED] - openBrowser(""): Browser is opened with url: ''

2019-06-18 16:10:59 - [MESSAGE][WARNING] - A browser is already opened. Closing browser and opening a new one

2019-06-18 16:11:00 - [MESSAGE][INFO] - Starting 'Chrome' driver

2019-06-18 16:11:01 - [MESSAGE][PASSED] - Browser is opened with url: ''

2019-06-18 16:11:01 - [TEST_STEP][PASSED] - navigateToUrl("https://diff-apollo.myshopify.com/?_ab=0&_fd=0&_sc=1&preview_theme_id=68602101860"): Navigate to 'https://diff-apollo.myshopify.com/?_ab=0&_fd=0&_sc=1&preview_theme_id=68602101860' successfully

2019-06-18 16:11:05 - [MESSAGE][PASSED] - Navigate to 'https://diff-apollo.myshopify.com/?_ab=0&_fd=0&_sc=1&preview_theme_id=68602101860' successfully

2019-06-18 16:11:05 - [TEST_STEP][PASSED] - executeJavaScript("var previewBar = document.getElementById("preview-bar-iframe"); previewBar.style.display = "none";", []): Execute JavaScript 'var previewBar = document.getElementById("preview-bar-iframe"); previewBar.style.display = "none";' successfully

2019-06-18 16:11:05 - [MESSAGE][PASSED] - Execute JavaScript 'var previewBar = document.getElementById("preview-bar-iframe"); previewBar.style.display = "none";' successfully

2019-06-18 16:11:05 - [MESSAGE][PASSED] - Call Test Case 'Test Cases/CALL - URL' successfully

2019-06-18 16:11:05 - [TEST_STEP][PASSED] - delay(2): Delayed 2 second(s)

2019-06-18 16:11:07 - [MESSAGE][PASSED] - Delayed 2 second(s)

2019-06-18 16:11:07 - [TEST_STEP][PASSED] - click(findTestObject("APOLLO- Desktop/Burger Menu/Burgermenu")): Object: 'Object Repository/APOLLO- Desktop/Burger Menu/Burgermenu' is clicked on

2019-06-18 16:11:08 - [MESSAGE][PASSED] - Object: 'Object Repository/APOLLO- Desktop/Burger Menu/Burgermenu' is clicked on

2019-06-18 16:11:08 - [TEST_STEP][PASSED] - delay(2): Delayed 2 second(s)

2019-06-18 16:11:10 - [MESSAGE][PASSED] - Delayed 2 second(s)

2019-06-18 16:11:10 - [TEST_STEP][PASSED] - click(findTestObject("APOLLO- Desktop/Burger Menu/Mens chevron")): Object: 'Object Repository/APOLLO- Desktop/Burger Menu/Mens chevron' is clicked on

2019-06-18 16:11:10 - [MESSAGE][PASSED] - Object: 'Object Repository/APOLLO- Desktop/Burger Menu/Mens chevron' is clicked on

2019-06-18 16:11:10 - [TEST_STEP][PASSED] - delay(2): Delayed 2 second(s)

2019-06-18 16:11:12 - [MESSAGE][PASSED] - Delayed 2 second(s)

2019-06-18 16:11:12 - [TEST_STEP][PASSED] - click(findTestObject("APOLLO- Desktop/Burger Menu/Mens - Top Chevron")): Object: 'Object Repository/APOLLO- Desktop/Burger Menu/Mens - Top Chevron' is clicked on

2019-06-18 16:11:12 - [MESSAGE][PASSED] - Object: 'Object Repository/APOLLO- Desktop/Burger Menu/Mens - Top Chevron' is clicked on

2019-06-18 16:11:12 - [TEST_STEP][PASSED] - delay(2): Delayed 2 second(s)

2019-06-18 16:11:14 - [MESSAGE][PASSED] - Delayed 2 second(s)

2019-06-18 16:11:14 - [TEST_STEP][PASSED] - click(findTestObject("APOLLO- Desktop/Burger Menu/Shirts link")): Object: 'Object Repository/APOLLO- Desktop/Burger Menu/Shirts link' is clicked on

2019-06-18 16:11:15 - [MESSAGE][PASSED] - Object: 'Object Repository/APOLLO- Desktop/Burger Menu/Shirts link' is clicked on

2019-06-18 16:11:15 - [TEST_STEP][PASSED] - delay(2): Delayed 2 second(s)

2019-06-18 16:11:17 - [MESSAGE][PASSED] - Delayed 2 second(s)

2019-06-18 16:11:17 - [TEST_STEP][PASSED] - click(findTestObject("APOLLO- Desktop/Collection page/Striped T-shirt")): Object: 'Object Repository/APOLLO- Desktop/Collection page/Striped T-shirt' is clicked on

2019-06-18 16:11:22 - [MESSAGE][PASSED] - Object: 'Object Repository/APOLLO- Desktop/Collection page/Striped T-shirt' is clicked on

2019-06-18 16:11:22 - [TEST_STEP][PASSED] - delay(2): Delayed 2 second(s)

2019-06-18 16:11:24 - [MESSAGE][PASSED] - Delayed 2 second(s)

2019-06-18 16:11:24 - [TEST_STEP][PASSED] - executeJavaScript("var previewBar = document.getElementById("preview-bar-iframe"); previewBar.style.display = "none";", []): Execute JavaScript 'var previewBar = document.getElementById("preview-bar-iframe"); previewBar.style.display = "none";' successfully

2019-06-18 16:11:24 - [MESSAGE][PASSED] - Execute JavaScript 'var previewBar = document.getElementById("preview-bar-iframe"); previewBar.style.display = "none";' successfully

2019-06-18 16:11:24 - [TEST_STEP][PASSED] - delay(2): Delayed 2 second(s)

2019-06-18 16:11:26 - [MESSAGE][PASSED] - Delayed 2 second(s)

2019-06-18 16:11:26 - [TEST_STEP][PASSED] - click(findTestObject("APOLLO- Desktop/Product page/Image slider 1")): Object: 'Object Repository/APOLLO- Desktop/Product page/Image slider 1' is clicked on

2019-06-18 16:11:26 - [MESSAGE][PASSED] - Object: 'Object Repository/APOLLO- Desktop/Product page/Image slider 1' is clicked on

2019-06-18 16:11:26 - [TEST_STEP][PASSED] - delay(2): Delayed 2 second(s)

2019-06-18 16:11:28 - [MESSAGE][PASSED] - Delayed 2 second(s)

2019-06-18 16:11:28 - [TEST_STEP][PASSED] - click(findTestObject("APOLLO- Desktop/Product page/Image slider 2")): Object: 'Object Repository/APOLLO- Desktop/Product page/Image slider 2' is clicked on

2019-06-18 16:11:28 - [MESSAGE][PASSED] - Object: 'Object Repository/APOLLO- Desktop/Product page/Image slider 2' is clicked on

2019-06-18 16:11:28 - [TEST_STEP][PASSED] - delay(2): Delayed 2 second(s)

2019-06-18 16:11:30 - [MESSAGE][PASSED] - Delayed 2 second(s)

2019-06-18 16:11:30 - [TEST_STEP][PASSED] - click(findTestObject("APOLLO- Desktop/Product page/Image slider 3")): Object: 'Object Repository/APOLLO- Desktop/Product page/Image slider 3' is clicked on

2019-06-18 16:11:30 - [MESSAGE][PASSED] - Object: 'Object Repository/APOLLO- Desktop/Product page/Image slider 3' is clicked on

2019-06-18 16:11:30 - [TEST_STEP][PASSED] - delay(2): Delayed 2 second(s)

2019-06-18 16:11:32 - [MESSAGE][PASSED] - Delayed 2 second(s)

2019-06-18 16:11:32 - [TEST_STEP][PASSED] - click(findTestObject("APOLLO- Desktop/Product page/Image slider 4")): Object: 'Object Repository/APOLLO- Desktop/Product page/Image slider 4' is clicked on

2019-06-18 16:11:32 - [MESSAGE][PASSED] - Object: 'Object Repository/APOLLO- Desktop/Product page/Image slider 4' is clicked on

2019-06-18 16:11:32 - [TEST_STEP][PASSED] - delay(2): Delayed 2 second(s)

2019-06-18 16:11:34 - [MESSAGE][PASSED] - Delayed 2 second(s)

2019-06-18 16:11:34 - [TEST_STEP][PASSED] - click(findTestObject("APOLLO- Desktop/Product page/Image slider 5")): Object: 'Object Repository/APOLLO- Desktop/Product page/Image slider 5' is clicked on

2019-06-18 16:11:34 - [MESSAGE][PASSED] - Object: 'Object Repository/APOLLO- Desktop/Product page/Image slider 5' is clicked on

2019-06-18 16:11:34 - [TEST_STEP][PASSED] - delay(2): Delayed 2 second(s)

2019-06-18 16:11:36 - [MESSAGE][PASSED] - Delayed 2 second(s)

2019-06-18 16:11:36 - [TEST_STEP][PASSED] - click(findTestObject("APOLLO- Desktop/Product page/Image slider 7")): Object: 'Object Repository/APOLLO- Desktop/Product page/Image slider 7' is clicked on

2019-06-18 16:11:37 - [MESSAGE][PASSED] - Object: 'Object Repository/APOLLO- Desktop/Product page/Image slider 7' is clicked on

2019-06-18 16:11:37 - [TEST_STEP][PASSED] - delay(2): Delayed 2 second(s)

2019-06-18 16:11:39 - [MESSAGE][PASSED] - Delayed 2 second(s)

2019-06-18 16:11:39 - [TEST_STEP][PASSED] - click(findTestObject("APOLLO- Desktop/Product page/Image slider 8")): Object: 'Object Repository/APOLLO- Desktop/Product page/Image slider 8' is clicked on

2019-06-18 16:11:39 - [MESSAGE][PASSED] - Object: 'Object Repository/APOLLO- Desktop/Product page/Image slider 8' is clicked on

2019-06-18 16:11:39 - [TEST_STEP][NOT_RUN] - delay(2): NOT_RUN: delay(2)

2019-06-18 16:11:39 - [MESSAGE][NOT_RUN] - NOT_RUN: delay(2)

2019-06-18 16:11:39 - [TEST_STEP][PASSED] - delay(2): Delayed 2 second(s)

2019-06-18 16:11:41 - [MESSAGE][PASSED] - Delayed 2 second(s)

2019-06-18 16:11:41 - [TEST_STEP][NOT_RUN] - mouseOver(findTestObject("APOLLO- Desktop/Product page/Next button")): NOT_RUN: mouseOver(findTestObject("APOLLO- Desktop/Product page/Next button"))

2019-06-18 16:11:41 - [MESSAGE][NOT_RUN] - NOT_RUN: mouseOver(findTestObject("APOLLO- Desktop/Product page/Next button"))

2019-06-18 16:11:41 - [TEST_STEP][PASSED] - delay(2): Delayed 2 second(s)

2019-06-18 16:11:43 - [MESSAGE][PASSED] - Delayed 2 second(s)

2019-06-18 16:11:43 - [TEST_STEP][PASSED] - mouseOver(findTestObject("APOLLO- Desktop/Product page/Previous button")): Object: 'Object Repository/APOLLO- Desktop/Product page/Previous button' is hovered

2019-06-18 16:11:43 - [MESSAGE][PASSED] - Object: 'Object Repository/APOLLO- Desktop/Product page/Previous button' is hovered

2019-06-18 16:11:43 - [TEST_STEP][PASSED] - delay(2): Delayed 2 second(s)

2019-06-18 16:11:45 - [MESSAGE][PASSED] - Delayed 2 second(s)

2019-06-18 16:11:45 - [TEST_STEP][PASSED] - click(findTestObject("APOLLO- Desktop/Product page/Previous button")): Object: 'Object Repository/APOLLO- Desktop/Product page/Previous button' is clicked on

2019-06-18 16:11:45 - [MESSAGE][PASSED] - Object: 'Object Repository/APOLLO- Desktop/Product page/Previous button' is clicked on

2019-06-18 16:11:45 - [TEST_STEP][PASSED] - delay(2): Delayed 2 second(s)

2019-06-18 16:11:47 - [MESSAGE][PASSED] - Delayed 2 second(s)

2019-06-18 16:11:47 - [TEST_STEP][FAILED] - click(findTestObject("APOLLO- Desktop/Product page/Next button")): click(findTestObject("APOLLO- Desktop/Product page/Next button")) FAILED.
Reason:
com.kms.katalon.core.exception.StepFailedException: Unable to click on object 'Object Repository/APOLLO- Desktop/Product page/Next button' (Root cause: com.kms.katalon.core.webui.exception.WebElementNotFoundException: Web element with id: 'Object Repository/APOLLO- Desktop/Product page/Next button' located by 'By.xpath: //div[@class='c-gallery-wrapper']//button[@class='c-slick__arrow c-slick__arrow--prev slick-arrow'][contains(text(),'Next')]' not found)
	at com.kms.katalon.core.keyword.internal.KeywordMain.stepFailed(KeywordMain.groovy:36)
	at com.kms.katalon.core.webui.keyword.internal.WebUIKeywordMain.stepFailed(WebUIKeywordMain.groovy:65)
	at com.kms.katalon.core.webui.keyword.internal.WebUIKeywordMain.runKeyword(WebUIKeywordMain.groovy:27)
	at com.kms.katalon.core.webui.keyword.builtin.ClickKeyword.click(ClickKeyword.groovy:86)
	at com.kms.katalon.core.webui.keyword.builtin.ClickKeyword.execute(ClickKeyword.groovy:67)
	at com.kms.katalon.core.keyword.internal.KeywordExecutor.executeKeywordForPlatform(KeywordExecutor.groovy:53)
	at com.kms.katalon.core.webui.keyword.WebUiBuiltInKeywords.click(WebUiBuiltInKeywords.groovy:616)
	at com.kms.katalon.core.webui.keyword.WebUiBuiltInKeywords$click$2.call(Unknown Source)
	at Image sliders and chevrons.run(Image sliders and chevrons:87)
	at com.kms.katalon.core.main.ScriptEngine.run(ScriptEngine.java:194)
	at com.kms.katalon.core.main.ScriptEngine.runScriptAsRawText(ScriptEngine.java:119)
	at com.kms.katalon.core.main.TestCaseExecutor.runScript(TestCaseExecutor.java:328)
	at com.kms.katalon.core.main.TestCaseExecutor.doExecute(TestCaseExecutor.java:319)
	at com.kms.katalon.core.main.TestCaseExecutor.processExecutionPhase(TestCaseExecutor.java:298)
	at com.kms.katalon.core.main.TestCaseExecutor.accessMainPhase(TestCaseExecutor.java:290)
	at com.kms.katalon.core.main.TestCaseExecutor.execute(TestCaseExecutor.java:224)
	at com.kms.katalon.core.main.TestSuiteExecutor.accessTestCaseMainPhase(TestSuiteExecutor.java:129)
	at com.kms.katalon.core.main.TestSuiteExecutor.accessTestSuiteMainPhase(TestSuiteExecutor.java:112)
	at com.kms.katalon.core.main.TestSuiteExecutor.execute(TestSuiteExecutor.java:81)
	at com.kms.katalon.core.main.TestCaseMain.startTestSuite(TestCaseMain.java:149)
	at com.kms.katalon.core.main.TestCaseMain$startTestSuite$0.call(Unknown Source)
	at TempTestSuite1560887558246.run(TempTestSuite1560887558246.groovy:36)


2019-06-18 16:12:17 - [MESSAGE][INFO] - Unable to find the element located by 'By.xpath: //div[@class='c-gallery-wrapper']//button[@class='c-slick__arrow c-slick__arrow--prev slick-arrow'][contains(text(),'Next')]'. Please recheck the objects properties to make sure the desired element is located. 

2019-06-18 16:12:18 - [MESSAGE][FAILED] - Unable to click on object 'Object Repository/APOLLO- Desktop/Product page/Next button' (Root cause: com.kms.katalon.core.webui.exception.WebElementNotFoundException: Web element with id: 'Object Repository/APOLLO- Desktop/Product page/Next button' located by 'By.xpath: //div[@class='c-gallery-wrapper']//button[@class='c-slick__arrow c-slick__arrow--prev slick-arrow'][contains(text(),'Next')]' not found)
[[ATTACHMENT|/Users/sumankompelly/Katalon Studio/APOLLO/Reports/Apollo- Desktop/20190618_155238/1560888737945.png]]

2019-06-18 16:12:18 - [MESSAGE][FAILED] - click(findTestObject("APOLLO- Desktop/Product page/Next button")) FAILED.
Reason:
com.kms.katalon.core.exception.StepFailedException: Unable to click on object 'Object Repository/APOLLO- Desktop/Product page/Next button' (Root cause: com.kms.katalon.core.webui.exception.WebElementNotFoundException: Web element with id: 'Object Repository/APOLLO- Desktop/Product page/Next button' located by 'By.xpath: //div[@class='c-gallery-wrapper']//button[@class='c-slick__arrow c-slick__arrow--prev slick-arrow'][contains(text(),'Next')]' not found)
	at com.kms.katalon.core.keyword.internal.KeywordMain.stepFailed(KeywordMain.groovy:36)
	at com.kms.katalon.core.webui.keyword.internal.WebUIKeywordMain.stepFailed(WebUIKeywordMain.groovy:65)
	at com.kms.katalon.core.webui.keyword.internal.WebUIKeywordMain.runKeyword(WebUIKeywordMain.groovy:27)
	at com.kms.katalon.core.webui.keyword.builtin.ClickKeyword.click(ClickKeyword.groovy:86)
	at com.kms.katalon.core.webui.keyword.builtin.ClickKeyword.execute(ClickKeyword.groovy:67)
	at com.kms.katalon.core.keyword.internal.KeywordExecutor.executeKeywordForPlatform(KeywordExecutor.groovy:53)
	at com.kms.katalon.core.webui.keyword.WebUiBuiltInKeywords.click(WebUiBuiltInKeywords.groovy:616)
	at com.kms.katalon.core.webui.keyword.WebUiBuiltInKeywords$click$2.call(Unknown Source)
	at Image sliders and chevrons.run(Image sliders and chevrons:87)
	at com.kms.katalon.core.main.ScriptEngine.run(ScriptEngine.java:194)
	at com.kms.katalon.core.main.ScriptEngine.runScriptAsRawText(ScriptEngine.java:119)
	at com.kms.katalon.core.main.TestCaseExecutor.runScript(TestCaseExecutor.java:328)
	at com.kms.katalon.core.main.TestCaseExecutor.doExecute(TestCaseExecutor.java:319)
	at com.kms.katalon.core.main.TestCaseExecutor.processExecutionPhase(TestCaseExecutor.java:298)
	at com.kms.katalon.core.main.TestCaseExecutor.accessMainPhase(TestCaseExecutor.java:290)
	at com.kms.katalon.core.main.TestCaseExecutor.execute(TestCaseExecutor.java:224)
	at com.kms.katalon.core.main.TestSuiteExecutor.accessTestCaseMainPhase(TestSuiteExecutor.java:129)
	at com.kms.katalon.core.main.TestSuiteExecutor.accessTestSuiteMainPhase(TestSuiteExecutor.java:112)
	at com.kms.katalon.core.main.TestSuiteExecutor.execute(TestSuiteExecutor.java:81)
	at com.kms.katalon.core.main.TestCaseMain.startTestSuite(TestCaseMain.java:149)
	at com.kms.katalon.core.main.TestCaseMain$startTestSuite$0.call(Unknown Source)
	at TempTestSuite1560887558246.run(TempTestSuite1560887558246.groovy:36)]]></system-out>
         <system-err><![CDATA[2019-06-18 16:10:59 - [TEST_CASE][FAILED] - Test Cases/PRODUCT PAGE/Image sliders and chevrons: Test Cases/PRODUCT PAGE/Image sliders and chevrons FAILED.
Reason:
com.kms.katalon.core.exception.StepFailedException: Unable to click on object 'Object Repository/APOLLO- Desktop/Product page/Next button' (Root cause: com.kms.katalon.core.webui.exception.WebElementNotFoundException: Web element with id: 'Object Repository/APOLLO- Desktop/Product page/Next button' located by 'By.xpath: //div[@class='c-gallery-wrapper']//button[@class='c-slick__arrow c-slick__arrow--prev slick-arrow'][contains(text(),'Next')]' not found)
	at com.kms.katalon.core.keyword.internal.KeywordMain.stepFailed(KeywordMain.groovy:36)
	at com.kms.katalon.core.webui.keyword.internal.WebUIKeywordMain.stepFailed(WebUIKeywordMain.groovy:65)
	at com.kms.katalon.core.webui.keyword.internal.WebUIKeywordMain.runKeyword(WebUIKeywordMain.groovy:27)
	at com.kms.katalon.core.webui.keyword.builtin.ClickKeyword.click(ClickKeyword.groovy:86)
	at com.kms.katalon.core.webui.keyword.builtin.ClickKeyword.execute(ClickKeyword.groovy:67)
	at com.kms.katalon.core.keyword.internal.KeywordExecutor.executeKeywordForPlatform(KeywordExecutor.groovy:53)
	at com.kms.katalon.core.webui.keyword.WebUiBuiltInKeywords.click(WebUiBuiltInKeywords.groovy:616)
	at com.kms.katalon.core.webui.keyword.WebUiBuiltInKeywords$click$2.call(Unknown Source)
	at Image sliders and chevrons.run(Image sliders and chevrons:87)
	at com.kms.katalon.core.main.ScriptEngine.run(ScriptEngine.java:194)
	at com.kms.katalon.core.main.ScriptEngine.runScriptAsRawText(ScriptEngine.java:119)
	at com.kms.katalon.core.main.TestCaseExecutor.runScript(TestCaseExecutor.java:328)
	at com.kms.katalon.core.main.TestCaseExecutor.doExecute(TestCaseExecutor.java:319)
	at com.kms.katalon.core.main.TestCaseExecutor.processExecutionPhase(TestCaseExecutor.java:298)
	at com.kms.katalon.core.main.TestCaseExecutor.accessMainPhase(TestCaseExecutor.java:290)
	at com.kms.katalon.core.main.TestCaseExecutor.execute(TestCaseExecutor.java:224)
	at com.kms.katalon.core.main.TestSuiteExecutor.accessTestCaseMainPhase(TestSuiteExecutor.java:129)
	at com.kms.katalon.core.main.TestSuiteExecutor.accessTestSuiteMainPhase(TestSuiteExecutor.java:112)
	at com.kms.katalon.core.main.TestSuiteExecutor.execute(TestSuiteExecutor.java:81)
	at com.kms.katalon.core.main.TestCaseMain.startTestSuite(TestCaseMain.java:149)
	at com.kms.katalon.core.main.TestCaseMain$startTestSuite$0.call(Unknown Source)
	at TempTestSuite1560887558246.run(TempTestSuite1560887558246.groovy:36)]]></system-err>
      </testcase>
      <testcase name="Test Cases/CRITICAL PATH/Home page - add to bag CTA" classname="Test Cases/CRITICAL PATH/Home page - add to bag CTA" status="FAILED">
         <failure type="FAILED" message="Test Cases/CRITICAL PATH/Home page - add to bag CTA FAILED.
Reason:
com.kms.katalon.core.exception.StepFailedException: Object 'Object Repository/APOLLO- Desktop/Product page/Add to bag' is NOT clickable
	at com.kms.katalon.core.keyword.internal.KeywordMain.stepFailed(KeywordMain.groovy:32)
	at com.kms.katalon.core.webui.keyword.internal.WebUIKeywordMain.stepFailed(WebUIKeywordMain.groovy:65)
	at com.kms.katalon.core.webui.keyword.builtin.VerifyElementClickableKeyword$_verifyElementClickable_closure1.doCall(VerifyElementClickableKeyword.groovy:83)
	at com.kms.katalon.core.webui.keyword.builtin.VerifyElementClickableKeyword$_verifyElementClickable_closure1.call(VerifyElementClickableKeyword.groovy)
	at com.kms.katalon.core.webui.keyword.internal.WebUIKeywordMain.runKeyword(WebUIKeywordMain.groovy:21)
	at com.kms.katalon.core.webui.keyword.builtin.VerifyElementClickableKeyword.verifyElementClickable(VerifyElementClickableKeyword.groovy:96)
	at com.kms.katalon.core.webui.keyword.builtin.VerifyElementClickableKeyword.execute(VerifyElementClickableKeyword.groovy:67)
	at com.kms.katalon.core.keyword.internal.KeywordExecutor.executeKeywordForPlatform(KeywordExecutor.groovy:53)
	at com.kms.katalon.core.webui.keyword.WebUiBuiltInKeywords.verifyElementClickable(WebUiBuiltInKeywords.groovy:548)
	at com.kms.katalon.core.webui.keyword.WebUiBuiltInKeywords$verifyElementClickable$17.call(Unknown Source)
	at Home page - add to bag CTA.run(Home page - add to bag CTA:116)
	at com.kms.katalon.core.main.ScriptEngine.run(ScriptEngine.java:194)
	at com.kms.katalon.core.main.ScriptEngine.runScriptAsRawText(ScriptEngine.java:119)
	at com.kms.katalon.core.main.TestCaseExecutor.runScript(TestCaseExecutor.java:328)
	at com.kms.katalon.core.main.TestCaseExecutor.doExecute(TestCaseExecutor.java:319)
	at com.kms.katalon.core.main.TestCaseExecutor.processExecutionPhase(TestCaseExecutor.java:298)
	at com.kms.katalon.core.main.TestCaseExecutor.accessMainPhase(TestCaseExecutor.java:290)
	at com.kms.katalon.core.main.TestCaseExecutor.execute(TestCaseExecutor.java:224)
	at com.kms.katalon.core.main.TestSuiteExecutor.accessTestCaseMainPhase(TestSuiteExecutor.java:129)
	at com.kms.katalon.core.main.TestSuiteExecutor.accessTestSuiteMainPhase(TestSuiteExecutor.java:112)
	at com.kms.katalon.core.main.TestSuiteExecutor.execute(TestSuiteExecutor.java:81)
	at com.kms.katalon.core.main.TestCaseMain.startTestSuite(TestCaseMain.java:149)
	at com.kms.katalon.core.main.TestCaseMain$startTestSuite$0.call(Unknown Source)
	at TempTestSuite1560887558246.run(TempTestSuite1560887558246.groovy:36)
"/>
         <system-out><![CDATA[2019-06-18 16:12:18 - [TEST_CASE][FAILED] - Test Cases/CRITICAL PATH/Home page - add to bag CTA: Test Cases/CRITICAL PATH/Home page - add to bag CTA FAILED.
Reason:
com.kms.katalon.core.exception.StepFailedException: Object 'Object Repository/APOLLO- Desktop/Product page/Add to bag' is NOT clickable
	at com.kms.katalon.core.keyword.internal.KeywordMain.stepFailed(KeywordMain.groovy:32)
	at com.kms.katalon.core.webui.keyword.internal.WebUIKeywordMain.stepFailed(WebUIKeywordMain.groovy:65)
	at com.kms.katalon.core.webui.keyword.builtin.VerifyElementClickableKeyword$_verifyElementClickable_closure1.doCall(VerifyElementClickableKeyword.groovy:83)
	at com.kms.katalon.core.webui.keyword.builtin.VerifyElementClickableKeyword$_verifyElementClickable_closure1.call(VerifyElementClickableKeyword.groovy)
	at com.kms.katalon.core.webui.keyword.internal.WebUIKeywordMain.runKeyword(WebUIKeywordMain.groovy:21)
	at com.kms.katalon.core.webui.keyword.builtin.VerifyElementClickableKeyword.verifyElementClickable(VerifyElementClickableKeyword.groovy:96)
	at com.kms.katalon.core.webui.keyword.builtin.VerifyElementClickableKeyword.execute(VerifyElementClickableKeyword.groovy:67)
	at com.kms.katalon.core.keyword.internal.KeywordExecutor.executeKeywordForPlatform(KeywordExecutor.groovy:53)
	at com.kms.katalon.core.webui.keyword.WebUiBuiltInKeywords.verifyElementClickable(WebUiBuiltInKeywords.groovy:548)
	at com.kms.katalon.core.webui.keyword.WebUiBuiltInKeywords$verifyElementClickable$17.call(Unknown Source)
	at Home page - add to bag CTA.run(Home page - add to bag CTA:116)
	at com.kms.katalon.core.main.ScriptEngine.run(ScriptEngine.java:194)
	at com.kms.katalon.core.main.ScriptEngine.runScriptAsRawText(ScriptEngine.java:119)
	at com.kms.katalon.core.main.TestCaseExecutor.runScript(TestCaseExecutor.java:328)
	at com.kms.katalon.core.main.TestCaseExecutor.doExecute(TestCaseExecutor.java:319)
	at com.kms.katalon.core.main.TestCaseExecutor.processExecutionPhase(TestCaseExecutor.java:298)
	at com.kms.katalon.core.main.TestCaseExecutor.accessMainPhase(TestCaseExecutor.java:290)
	at com.kms.katalon.core.main.TestCaseExecutor.execute(TestCaseExecutor.java:224)
	at com.kms.katalon.core.main.TestSuiteExecutor.accessTestCaseMainPhase(TestSuiteExecutor.java:129)
	at com.kms.katalon.core.main.TestSuiteExecutor.accessTestSuiteMainPhase(TestSuiteExecutor.java:112)
	at com.kms.katalon.core.main.TestSuiteExecutor.execute(TestSuiteExecutor.java:81)
	at com.kms.katalon.core.main.TestCaseMain.startTestSuite(TestCaseMain.java:149)
	at com.kms.katalon.core.main.TestCaseMain$startTestSuite$0.call(Unknown Source)
	at TempTestSuite1560887558246.run(TempTestSuite1560887558246.groovy:36)


2019-06-18 16:12:18 - [TEST_STEP][PASSED] - callTestCase(findTestCase("CALL - URL"), [:], STOP_ON_FAILURE): Call Test Case 'Test Cases/CALL - URL' successfully

2019-06-18 16:12:18 - [TEST_CASE][PASSED] - Test Cases/CALL - URL: Test Cases/CALL - URL

2019-06-18 16:12:18 - [TEST_STEP][PASSED] - openBrowser(""): Browser is opened with url: ''

2019-06-18 16:12:18 - [MESSAGE][WARNING] - A browser is already opened. Closing browser and opening a new one

2019-06-18 16:12:18 - [MESSAGE][INFO] - Starting 'Chrome' driver

2019-06-18 16:12:19 - [MESSAGE][PASSED] - Browser is opened with url: ''

2019-06-18 16:12:19 - [TEST_STEP][PASSED] - navigateToUrl("https://diff-apollo.myshopify.com/?_ab=0&_fd=0&_sc=1&preview_theme_id=68602101860"): Navigate to 'https://diff-apollo.myshopify.com/?_ab=0&_fd=0&_sc=1&preview_theme_id=68602101860' successfully

2019-06-18 16:12:23 - [MESSAGE][PASSED] - Navigate to 'https://diff-apollo.myshopify.com/?_ab=0&_fd=0&_sc=1&preview_theme_id=68602101860' successfully

2019-06-18 16:12:23 - [TEST_STEP][PASSED] - executeJavaScript("var previewBar = document.getElementById("preview-bar-iframe"); previewBar.style.display = "none";", []): Execute JavaScript 'var previewBar = document.getElementById("preview-bar-iframe"); previewBar.style.display = "none";' successfully

2019-06-18 16:12:23 - [MESSAGE][PASSED] - Execute JavaScript 'var previewBar = document.getElementById("preview-bar-iframe"); previewBar.style.display = "none";' successfully

2019-06-18 16:12:23 - [MESSAGE][PASSED] - Call Test Case 'Test Cases/CALL - URL' successfully

2019-06-18 16:12:23 - [TEST_STEP][PASSED] - flag = verifyElementClickable(findTestObject("APOLLO- Desktop/Home page/Navy variant")): Object 'Object Repository/APOLLO- Desktop/Home page/Navy variant' is clickable

2019-06-18 16:12:23 - [MESSAGE][PASSED] - Object 'Object Repository/APOLLO- Desktop/Home page/Navy variant' is clickable

2019-06-18 16:12:23 - [TEST_STEP][PASSED] - comment("flag=" + flag): flag=true

2019-06-18 16:12:23 - [MESSAGE][INFO] - flag=true

2019-06-18 16:12:23 - [TEST_STEP][PASSED] - if (flag == true): Object: 'Object Repository/APOLLO- Desktop/Product page/Add to bag' is clicked on

2019-06-18 16:12:23 - [TEST_STEP][PASSED] - click(findTestObject("APOLLO- Desktop/Home page/Navy variant")): Object: 'Object Repository/APOLLO- Desktop/Home page/Navy variant' is clicked on

2019-06-18 16:12:24 - [MESSAGE][PASSED] - Object: 'Object Repository/APOLLO- Desktop/Home page/Navy variant' is clicked on

2019-06-18 16:12:24 - [TEST_STEP][PASSED] - delay(1): Delayed 1 second(s)

2019-06-18 16:12:25 - [MESSAGE][PASSED] - Delayed 1 second(s)

2019-06-18 16:12:25 - [TEST_STEP][PASSED] - a = verifyElementClickable(findTestObject("APOLLO- Desktop/Product page/Add to bag"), CONTINUE_ON_FAILURE): Object 'Object Repository/APOLLO- Desktop/Product page/Add to bag' is clickable

2019-06-18 16:12:25 - [MESSAGE][PASSED] - Object 'Object Repository/APOLLO- Desktop/Product page/Add to bag' is clickable

2019-06-18 16:12:25 - [TEST_STEP][PASSED] - comment("a=" + a): a=true

2019-06-18 16:12:25 - [MESSAGE][INFO] - a=true

2019-06-18 16:12:25 - [TEST_STEP][PASSED] - if (a == true): Object: 'Object Repository/APOLLO- Desktop/Product page/Add to bag' is clicked on

2019-06-18 16:12:25 - [TEST_STEP][PASSED] - click(findTestObject("APOLLO- Desktop/Product page/Add to bag")): Object: 'Object Repository/APOLLO- Desktop/Product page/Add to bag' is clicked on

2019-06-18 16:12:25 - [MESSAGE][PASSED] - Object: 'Object Repository/APOLLO- Desktop/Product page/Add to bag' is clicked on

2019-06-18 16:12:25 - [TEST_STEP][PASSED] - delay(2): Delayed 2 second(s)

2019-06-18 16:12:27 - [MESSAGE][PASSED] - Delayed 2 second(s)

2019-06-18 16:12:27 - [TEST_STEP][PASSED] - click(findTestObject("APOLLO- Desktop/Cart flyout/Cart collapse")): Object: 'Object Repository/APOLLO- Desktop/Cart flyout/Cart collapse' is clicked on

2019-06-18 16:12:27 - [MESSAGE][PASSED] - Object: 'Object Repository/APOLLO- Desktop/Cart flyout/Cart collapse' is clicked on

2019-06-18 16:12:27 - [TEST_STEP][PASSED] - delay(1): Delayed 1 second(s)

2019-06-18 16:12:28 - [MESSAGE][PASSED] - Delayed 1 second(s)

2019-06-18 16:12:28 - [TEST_STEP][PASSED] - flag1 = verifyElementClickable(findTestObject("APOLLO- Desktop/Home page/Grey variant")): Object 'Object Repository/APOLLO- Desktop/Home page/Grey variant' is clickable

2019-06-18 16:12:28 - [MESSAGE][PASSED] - Object 'Object Repository/APOLLO- Desktop/Home page/Grey variant' is clickable

2019-06-18 16:12:28 - [TEST_STEP][PASSED] - comment("flag1=" + flag1): flag1=true

2019-06-18 16:12:28 - [MESSAGE][INFO] - flag1=true

2019-06-18 16:12:28 - [TEST_STEP][PASSED] - if (flag1 == true): Object: 'Object Repository/APOLLO- Desktop/Product page/Add to bag' is clicked on

2019-06-18 16:12:28 - [TEST_STEP][PASSED] - click(findTestObject("APOLLO- Desktop/Home page/Grey variant")): Object: 'Object Repository/APOLLO- Desktop/Home page/Grey variant' is clicked on

2019-06-18 16:12:28 - [MESSAGE][PASSED] - Object: 'Object Repository/APOLLO- Desktop/Home page/Grey variant' is clicked on

2019-06-18 16:12:28 - [TEST_STEP][PASSED] - delay(1): Delayed 1 second(s)

2019-06-18 16:12:29 - [MESSAGE][PASSED] - Delayed 1 second(s)

2019-06-18 16:12:29 - [TEST_STEP][PASSED] - a1 = verifyElementClickable(findTestObject("APOLLO- Desktop/Product page/Add to bag"), CONTINUE_ON_FAILURE): Object 'Object Repository/APOLLO- Desktop/Product page/Add to bag' is clickable

2019-06-18 16:12:29 - [MESSAGE][PASSED] - Object 'Object Repository/APOLLO- Desktop/Product page/Add to bag' is clickable

2019-06-18 16:12:29 - [TEST_STEP][PASSED] - comment("a1=" + a1): a1=true

2019-06-18 16:12:29 - [MESSAGE][INFO] - a1=true

2019-06-18 16:12:29 - [TEST_STEP][PASSED] - if (a1 == true): Object: 'Object Repository/APOLLO- Desktop/Product page/Add to bag' is clicked on

2019-06-18 16:12:29 - [TEST_STEP][PASSED] - click(findTestObject("APOLLO- Desktop/Product page/Add to bag")): Object: 'Object Repository/APOLLO- Desktop/Product page/Add to bag' is clicked on

2019-06-18 16:12:29 - [MESSAGE][PASSED] - Object: 'Object Repository/APOLLO- Desktop/Product page/Add to bag' is clicked on

2019-06-18 16:12:29 - [TEST_STEP][PASSED] - delay(2): Delayed 2 second(s)

2019-06-18 16:12:31 - [MESSAGE][PASSED] - Delayed 2 second(s)

2019-06-18 16:12:31 - [TEST_STEP][PASSED] - click(findTestObject("APOLLO- Desktop/Cart flyout/Cart collapse")): Object: 'Object Repository/APOLLO- Desktop/Cart flyout/Cart collapse' is clicked on

2019-06-18 16:12:31 - [MESSAGE][PASSED] - Object: 'Object Repository/APOLLO- Desktop/Cart flyout/Cart collapse' is clicked on

2019-06-18 16:12:31 - [TEST_STEP][PASSED] - delay(1): Delayed 1 second(s)

2019-06-18 16:12:32 - [MESSAGE][PASSED] - Delayed 1 second(s)

2019-06-18 16:12:32 - [TEST_STEP][PASSED] - flag2 = verifyElementClickable(findTestObject("APOLLO- Desktop/Home page/White variant")): Object 'Object Repository/APOLLO- Desktop/Home page/White variant' is clickable

2019-06-18 16:12:32 - [MESSAGE][PASSED] - Object 'Object Repository/APOLLO- Desktop/Home page/White variant' is clickable

2019-06-18 16:12:32 - [TEST_STEP][PASSED] - comment("flag2=" + flag2): flag2=true

2019-06-18 16:12:32 - [MESSAGE][INFO] - flag2=true

2019-06-18 16:12:32 - [TEST_STEP][PASSED] - if (flag2 == true): Object: 'Object Repository/APOLLO- Desktop/Product page/Add to bag' is clicked on

2019-06-18 16:12:32 - [TEST_STEP][PASSED] - click(findTestObject("APOLLO- Desktop/Home page/White variant")): Object: 'Object Repository/APOLLO- Desktop/Home page/White variant' is clicked on

2019-06-18 16:12:32 - [MESSAGE][PASSED] - Object: 'Object Repository/APOLLO- Desktop/Home page/White variant' is clicked on

2019-06-18 16:12:32 - [TEST_STEP][PASSED] - delay(1): Delayed 1 second(s)

2019-06-18 16:12:33 - [MESSAGE][PASSED] - Delayed 1 second(s)

2019-06-18 16:12:33 - [TEST_STEP][PASSED] - a2 = verifyElementClickable(findTestObject("APOLLO- Desktop/Product page/Add to bag"), CONTINUE_ON_FAILURE): Object 'Object Repository/APOLLO- Desktop/Product page/Add to bag' is clickable

2019-06-18 16:12:33 - [MESSAGE][PASSED] - Object 'Object Repository/APOLLO- Desktop/Product page/Add to bag' is clickable

2019-06-18 16:12:33 - [TEST_STEP][PASSED] - comment("a2=" + a2): a2=true

2019-06-18 16:12:33 - [MESSAGE][INFO] - a2=true

2019-06-18 16:12:33 - [TEST_STEP][PASSED] - if (a2 == true): Object: 'Object Repository/APOLLO- Desktop/Product page/Add to bag' is clicked on

2019-06-18 16:12:33 - [TEST_STEP][PASSED] - click(findTestObject("APOLLO- Desktop/Product page/Add to bag")): Object: 'Object Repository/APOLLO- Desktop/Product page/Add to bag' is clicked on

2019-06-18 16:12:33 - [MESSAGE][PASSED] - Object: 'Object Repository/APOLLO- Desktop/Product page/Add to bag' is clicked on

2019-06-18 16:12:33 - [TEST_STEP][PASSED] - delay(2): Delayed 2 second(s)

2019-06-18 16:12:35 - [MESSAGE][PASSED] - Delayed 2 second(s)

2019-06-18 16:12:35 - [TEST_STEP][PASSED] - click(findTestObject("APOLLO- Desktop/Cart flyout/Cart collapse")): Object: 'Object Repository/APOLLO- Desktop/Cart flyout/Cart collapse' is clicked on

2019-06-18 16:12:36 - [MESSAGE][PASSED] - Object: 'Object Repository/APOLLO- Desktop/Cart flyout/Cart collapse' is clicked on

2019-06-18 16:12:36 - [TEST_STEP][PASSED] - delay(1): Delayed 1 second(s)

2019-06-18 16:12:37 - [MESSAGE][PASSED] - Delayed 1 second(s)

2019-06-18 16:12:37 - [TEST_STEP][PASSED] - flag3 = verifyElementClickable(findTestObject("APOLLO- Desktop/Home page/Black variant")): Object 'Object Repository/APOLLO- Desktop/Home page/Black variant' is clickable

2019-06-18 16:12:37 - [MESSAGE][PASSED] - Object 'Object Repository/APOLLO- Desktop/Home page/Black variant' is clickable

2019-06-18 16:12:37 - [TEST_STEP][PASSED] - comment("flag3=" + flag3): flag3=true

2019-06-18 16:12:37 - [MESSAGE][INFO] - flag3=true

2019-06-18 16:12:37 - [TEST_STEP][FAILED] - if (flag3 == true):  product sold out 

2019-06-18 16:12:37 - [TEST_STEP][PASSED] - click(findTestObject("APOLLO- Desktop/Home page/Black variant")): Object: 'Object Repository/APOLLO- Desktop/Home page/Black variant' is clicked on

2019-06-18 16:12:37 - [MESSAGE][PASSED] - Object: 'Object Repository/APOLLO- Desktop/Home page/Black variant' is clicked on

2019-06-18 16:12:37 - [TEST_STEP][PASSED] - delay(1): Delayed 1 second(s)

2019-06-18 16:12:38 - [MESSAGE][PASSED] - Delayed 1 second(s)

2019-06-18 16:12:38 - [TEST_STEP][FAILED] - a3 = verifyElementClickable(findTestObject("APOLLO- Desktop/Product page/Add to bag"), CONTINUE_ON_FAILURE): Object 'Object Repository/APOLLO- Desktop/Product page/Add to bag' is NOT clickable

2019-06-18 16:12:38 - [MESSAGE][FAILED] - Object 'Object Repository/APOLLO- Desktop/Product page/Add to bag' is NOT clickable
[[ATTACHMENT|/Users/sumankompelly/Katalon Studio/APOLLO/Reports/Apollo- Desktop/20190618_155238/1560888758185.png]]

2019-06-18 16:12:38 - [TEST_STEP][PASSED] - comment("a3=" + a3): a3=false

2019-06-18 16:12:38 - [MESSAGE][INFO] - a3=false

2019-06-18 16:12:38 - [TEST_STEP][PASSED] - if (a3 == true): null

2019-06-18 16:12:38 - [TEST_STEP][PASSED] - else:  product sold out 

2019-06-18 16:12:38 - [TEST_STEP][PASSED] - comment(" product sold out "):  product sold out 

2019-06-18 16:12:38 - [MESSAGE][INFO] -  product sold out 

2019-06-18 16:12:38 - [TEST_STEP][PASSED] - delay(2): Delayed 2 second(s)

2019-06-18 16:12:40 - [MESSAGE][PASSED] - Delayed 2 second(s)

2019-06-18 16:12:40 - [TEST_STEP][PASSED] - click(findTestObject("APOLLO- Desktop/Home page/cart icon open")): Object: 'Object Repository/APOLLO- Desktop/Home page/cart icon open' is clicked on

2019-06-18 16:12:40 - [MESSAGE][PASSED] - Object: 'Object Repository/APOLLO- Desktop/Home page/cart icon open' is clicked on

2019-06-18 16:12:40 - [TEST_STEP][PASSED] - delay(2): Delayed 2 second(s)

2019-06-18 16:12:42 - [MESSAGE][PASSED] - Delayed 2 second(s)

2019-06-18 16:12:42 - [TEST_STEP][PASSED] - click(findTestObject("APOLLO- Desktop/Cart flyout/Checkout")): Object: 'Object Repository/APOLLO- Desktop/Cart flyout/Checkout' is clicked on

2019-06-18 16:12:45 - [MESSAGE][PASSED] - Object: 'Object Repository/APOLLO- Desktop/Cart flyout/Checkout' is clicked on

2019-06-18 16:12:45 - [TEST_STEP][PASSED] - delay(2): Delayed 2 second(s)

2019-06-18 16:12:47 - [MESSAGE][PASSED] - Delayed 2 second(s)

2019-06-18 16:12:47 - [TEST_STEP][PASSED] - callTestCase(findTestCase("CALL- CUSTOMER INFO PAGE"), [:], STOP_ON_FAILURE): Call Test Case 'Test Cases/CALL- CUSTOMER INFO PAGE' successfully

2019-06-18 16:12:47 - [TEST_CASE][PASSED] - Test Cases/CALL- CUSTOMER INFO PAGE: Test Cases/CALL- CUSTOMER INFO PAGE

2019-06-18 16:12:47 - [TEST_STEP][PASSED] - delay(2): Delayed 2 second(s)

2019-06-18 16:12:49 - [MESSAGE][PASSED] - Delayed 2 second(s)

2019-06-18 16:12:49 - [TEST_STEP][PASSED] - executeJavaScript("var previewBar = document.getElementById("preview-bar-iframe"); previewBar.style.display = "none";", []): Execute JavaScript 'var previewBar = document.getElementById("preview-bar-iframe"); previewBar.style.display = "none";' successfully

2019-06-18 16:12:49 - [MESSAGE][PASSED] - Execute JavaScript 'var previewBar = document.getElementById("preview-bar-iframe"); previewBar.style.display = "none";' successfully

2019-06-18 16:12:49 - [TEST_STEP][PASSED] - setText(findTestObject("APOLLO- Desktop/Customer Information page/Email"), "suman@gmail.com"): Text 'suman@gmail.com' is set on object 'Object Repository/APOLLO- Desktop/Customer Information page/Email'

2019-06-18 16:12:49 - [MESSAGE][PASSED] - Text 'suman@gmail.com' is set on object 'Object Repository/APOLLO- Desktop/Customer Information page/Email'

2019-06-18 16:12:49 - [TEST_STEP][PASSED] - delay(2): Delayed 2 second(s)

2019-06-18 16:12:51 - [MESSAGE][PASSED] - Delayed 2 second(s)

2019-06-18 16:12:51 - [TEST_STEP][PASSED] - setText(findTestObject("APOLLO- Desktop/Customer Information page/First name"), "suman"): Text 'suman' is set on object 'Object Repository/APOLLO- Desktop/Customer Information page/First name'

2019-06-18 16:12:51 - [MESSAGE][PASSED] - Text 'suman' is set on object 'Object Repository/APOLLO- Desktop/Customer Information page/First name'

2019-06-18 16:12:51 - [TEST_STEP][PASSED] - delay(2): Delayed 2 second(s)

2019-06-18 16:12:53 - [MESSAGE][PASSED] - Delayed 2 second(s)

2019-06-18 16:12:53 - [TEST_STEP][PASSED] - setText(findTestObject("APOLLO- Desktop/Customer Information page/Last name"), "kompelly"): Text 'kompelly' is set on object 'Object Repository/APOLLO- Desktop/Customer Information page/Last name'

2019-06-18 16:12:53 - [MESSAGE][PASSED] - Text 'kompelly' is set on object 'Object Repository/APOLLO- Desktop/Customer Information page/Last name'

2019-06-18 16:12:53 - [TEST_STEP][PASSED] - delay(2): Delayed 2 second(s)

2019-06-18 16:12:55 - [MESSAGE][PASSED] - Delayed 2 second(s)

2019-06-18 16:12:55 - [TEST_STEP][PASSED] - setText(findTestObject("APOLLO- Desktop/Customer Information page/Address"), "1435 st alxendre"): Text '1435 st alxendre' is set on object 'Object Repository/APOLLO- Desktop/Customer Information page/Address'

2019-06-18 16:12:55 - [MESSAGE][PASSED] - Text '1435 st alxendre' is set on object 'Object Repository/APOLLO- Desktop/Customer Information page/Address'

2019-06-18 16:12:55 - [TEST_STEP][PASSED] - setText(findTestObject("APOLLO- Desktop/Customer Information page/Apartment"), "220"): Text '220' is set on object 'Object Repository/APOLLO- Desktop/Customer Information page/Apartment'

2019-06-18 16:12:56 - [MESSAGE][PASSED] - Text '220' is set on object 'Object Repository/APOLLO- Desktop/Customer Information page/Apartment'

2019-06-18 16:12:56 - [TEST_STEP][PASSED] - setText(findTestObject("APOLLO- Desktop/Customer Information page/City"), "montreal"): Text 'montreal' is set on object 'Object Repository/APOLLO- Desktop/Customer Information page/City'

2019-06-18 16:12:56 - [MESSAGE][PASSED] - Text 'montreal' is set on object 'Object Repository/APOLLO- Desktop/Customer Information page/City'

2019-06-18 16:12:56 - [TEST_STEP][PASSED] - selectOptionByValue(findTestObject("APOLLO- Desktop/Customer Information page/Country dropdown"), "United States", true): All options with value 'United States' are selected in object 'Object Repository/APOLLO- Desktop/Customer Information page/Country dropdown'  using regular expression

2019-06-18 16:12:59 - [MESSAGE][PASSED] - All options with value 'United States' are selected in object 'Object Repository/APOLLO- Desktop/Customer Information page/Country dropdown'  using regular expression

2019-06-18 16:12:59 - [TEST_STEP][PASSED] - selectOptionByValue(findTestObject("APOLLO- Desktop/Customer Information page/states dropdown"), "NJ", true): All options with value 'NJ' are selected in object 'Object Repository/APOLLO- Desktop/Customer Information page/states dropdown'  using regular expression

2019-06-18 16:13:00 - [MESSAGE][PASSED] - All options with value 'NJ' are selected in object 'Object Repository/APOLLO- Desktop/Customer Information page/states dropdown'  using regular expression

2019-06-18 16:13:00 - [TEST_STEP][PASSED] - setText(findTestObject("APOLLO- Desktop/Customer Information page/ZIP code"), "07057"): Text '07057' is set on object 'Object Repository/APOLLO- Desktop/Customer Information page/ZIP code'

2019-06-18 16:13:00 - [MESSAGE][PASSED] - Text '07057' is set on object 'Object Repository/APOLLO- Desktop/Customer Information page/ZIP code'

2019-06-18 16:13:00 - [MESSAGE][PASSED] - Call Test Case 'Test Cases/CALL- CUSTOMER INFO PAGE' successfully

2019-06-18 16:13:00 - [TEST_STEP][PASSED] - delay(2): Delayed 2 second(s)

2019-06-18 16:13:02 - [MESSAGE][PASSED] - Delayed 2 second(s)

2019-06-18 16:13:02 - [TEST_STEP][FAILED] - callTestCase(findTestCase("CALL - SHIPPING TO PAYMENT"), [:], STOP_ON_FAILURE): callTestCase(findTestCase("CALL - SHIPPING TO PAYMENT"), [:], STOP_ON_FAILURE) FAILED.
Reason:
com.kms.katalon.core.exception.StepFailedException: Object 'Object Repository/APOLLO- Desktop/Product page/Add to bag' is NOT clickable
	at com.kms.katalon.core.keyword.internal.KeywordMain.stepFailed(KeywordMain.groovy:32)
	at com.kms.katalon.core.webui.keyword.internal.WebUIKeywordMain.stepFailed(WebUIKeywordMain.groovy:65)
	at com.kms.katalon.core.webui.keyword.builtin.VerifyElementClickableKeyword$_verifyElementClickable_closure1.doCall(VerifyElementClickableKeyword.groovy:83)
	at com.kms.katalon.core.webui.keyword.builtin.VerifyElementClickableKeyword$_verifyElementClickable_closure1.call(VerifyElementClickableKeyword.groovy)
	at com.kms.katalon.core.webui.keyword.internal.WebUIKeywordMain.runKeyword(WebUIKeywordMain.groovy:21)
	at com.kms.katalon.core.webui.keyword.builtin.VerifyElementClickableKeyword.verifyElementClickable(VerifyElementClickableKeyword.groovy:96)
	at com.kms.katalon.core.webui.keyword.builtin.VerifyElementClickableKeyword.execute(VerifyElementClickableKeyword.groovy:67)
	at com.kms.katalon.core.keyword.internal.KeywordExecutor.executeKeywordForPlatform(KeywordExecutor.groovy:53)
	at com.kms.katalon.core.webui.keyword.WebUiBuiltInKeywords.verifyElementClickable(WebUiBuiltInKeywords.groovy:548)
	at com.kms.katalon.core.webui.keyword.WebUiBuiltInKeywords$verifyElementClickable$17.call(Unknown Source)
	at Home page - add to bag CTA.run(Home page - add to bag CTA:116)
	at com.kms.katalon.core.main.ScriptEngine.run(ScriptEngine.java:194)
	at com.kms.katalon.core.main.ScriptEngine.runScriptAsRawText(ScriptEngine.java:119)
	at com.kms.katalon.core.main.TestCaseExecutor.runScript(TestCaseExecutor.java:328)
	at com.kms.katalon.core.main.TestCaseExecutor.doExecute(TestCaseExecutor.java:319)
	at com.kms.katalon.core.main.TestCaseExecutor.processExecutionPhase(TestCaseExecutor.java:298)
	at com.kms.katalon.core.main.TestCaseExecutor.accessMainPhase(TestCaseExecutor.java:290)
	at com.kms.katalon.core.main.TestCaseExecutor.execute(TestCaseExecutor.java:224)
	at com.kms.katalon.core.main.TestSuiteExecutor.accessTestCaseMainPhase(TestSuiteExecutor.java:129)
	at com.kms.katalon.core.main.TestSuiteExecutor.accessTestSuiteMainPhase(TestSuiteExecutor.java:112)
	at com.kms.katalon.core.main.TestSuiteExecutor.execute(TestSuiteExecutor.java:81)
	at com.kms.katalon.core.main.TestCaseMain.startTestSuite(TestCaseMain.java:149)
	at com.kms.katalon.core.main.TestCaseMain$startTestSuite$0.call(Unknown Source)
	at TempTestSuite1560887558246.run(TempTestSuite1560887558246.groovy:36)


2019-06-18 16:13:02 - [TEST_CASE][PASSED] - Test Cases/CALL - SHIPPING TO PAYMENT: Test Cases/CALL - SHIPPING TO PAYMENT

2019-06-18 16:13:02 - [TEST_STEP][PASSED] - click(findTestObject("APOLLO- Desktop/Customer Information page/Continue to shipping")): Object: 'Object Repository/APOLLO- Desktop/Customer Information page/Continue to shipping' is clicked on

2019-06-18 16:13:04 - [MESSAGE][PASSED] - Object: 'Object Repository/APOLLO- Desktop/Customer Information page/Continue to shipping' is clicked on

2019-06-18 16:13:04 - [TEST_STEP][PASSED] - executeJavaScript("var previewBar = document.getElementById("preview-bar-iframe"); previewBar.style.display = "none";", []): Execute JavaScript 'var previewBar = document.getElementById("preview-bar-iframe"); previewBar.style.display = "none";' successfully

2019-06-18 16:13:04 - [MESSAGE][PASSED] - Execute JavaScript 'var previewBar = document.getElementById("preview-bar-iframe"); previewBar.style.display = "none";' successfully

2019-06-18 16:13:04 - [TEST_STEP][PASSED] - click(findTestObject("APOLLO- Desktop/Shipping page/Radio button check")): Object: 'Object Repository/APOLLO- Desktop/Shipping page/Radio button check' is clicked on

2019-06-18 16:13:06 - [MESSAGE][PASSED] - Object: 'Object Repository/APOLLO- Desktop/Shipping page/Radio button check' is clicked on

2019-06-18 16:13:06 - [TEST_STEP][PASSED] - executeJavaScript("var previewBar = document.getElementById("preview-bar-iframe"); previewBar.style.display = "none";", []): Execute JavaScript 'var previewBar = document.getElementById("preview-bar-iframe"); previewBar.style.display = "none";' successfully

2019-06-18 16:13:06 - [MESSAGE][PASSED] - Execute JavaScript 'var previewBar = document.getElementById("preview-bar-iframe"); previewBar.style.display = "none";' successfully

2019-06-18 16:13:06 - [TEST_STEP][PASSED] - click(findTestObject("APOLLO- Desktop/Shipping page/Continue to payment")): Object: 'Object Repository/APOLLO- Desktop/Shipping page/Continue to payment' is clicked on

2019-06-18 16:13:09 - [MESSAGE][PASSED] - Object: 'Object Repository/APOLLO- Desktop/Shipping page/Continue to payment' is clicked on

2019-06-18 16:13:09 - [TEST_STEP][PASSED] - executeJavaScript("var previewBar = document.getElementById("preview-bar-iframe"); previewBar.style.display = "none";", []): Execute JavaScript 'var previewBar = document.getElementById("preview-bar-iframe"); previewBar.style.display = "none";' successfully

2019-06-18 16:13:09 - [MESSAGE][PASSED] - Execute JavaScript 'var previewBar = document.getElementById("preview-bar-iframe"); previewBar.style.display = "none";' successfully

2019-06-18 16:13:09 - [TEST_STEP][PASSED] - click(findTestObject("APOLLO- Desktop/payment page/Payment section")): Object: 'Object Repository/APOLLO- Desktop/payment page/Payment section' is clicked on

2019-06-18 16:13:09 - [MESSAGE][PASSED] - Object: 'Object Repository/APOLLO- Desktop/payment page/Payment section' is clicked on

2019-06-18 16:13:09 - [MESSAGE][PASSED] - Call Test Case 'Test Cases/CALL - SHIPPING TO PAYMENT' successfully

2019-06-18 16:13:09 - [MESSAGE][FAILED] - callTestCase(findTestCase("CALL - SHIPPING TO PAYMENT"), [:], STOP_ON_FAILURE) FAILED.
Reason:
com.kms.katalon.core.exception.StepFailedException: Object 'Object Repository/APOLLO- Desktop/Product page/Add to bag' is NOT clickable
	at com.kms.katalon.core.keyword.internal.KeywordMain.stepFailed(KeywordMain.groovy:32)
	at com.kms.katalon.core.webui.keyword.internal.WebUIKeywordMain.stepFailed(WebUIKeywordMain.groovy:65)
	at com.kms.katalon.core.webui.keyword.builtin.VerifyElementClickableKeyword$_verifyElementClickable_closure1.doCall(VerifyElementClickableKeyword.groovy:83)
	at com.kms.katalon.core.webui.keyword.builtin.VerifyElementClickableKeyword$_verifyElementClickable_closure1.call(VerifyElementClickableKeyword.groovy)
	at com.kms.katalon.core.webui.keyword.internal.WebUIKeywordMain.runKeyword(WebUIKeywordMain.groovy:21)
	at com.kms.katalon.core.webui.keyword.builtin.VerifyElementClickableKeyword.verifyElementClickable(VerifyElementClickableKeyword.groovy:96)
	at com.kms.katalon.core.webui.keyword.builtin.VerifyElementClickableKeyword.execute(VerifyElementClickableKeyword.groovy:67)
	at com.kms.katalon.core.keyword.internal.KeywordExecutor.executeKeywordForPlatform(KeywordExecutor.groovy:53)
	at com.kms.katalon.core.webui.keyword.WebUiBuiltInKeywords.verifyElementClickable(WebUiBuiltInKeywords.groovy:548)
	at com.kms.katalon.core.webui.keyword.WebUiBuiltInKeywords$verifyElementClickable$17.call(Unknown Source)
	at Home page - add to bag CTA.run(Home page - add to bag CTA:116)
	at com.kms.katalon.core.main.ScriptEngine.run(ScriptEngine.java:194)
	at com.kms.katalon.core.main.ScriptEngine.runScriptAsRawText(ScriptEngine.java:119)
	at com.kms.katalon.core.main.TestCaseExecutor.runScript(TestCaseExecutor.java:328)
	at com.kms.katalon.core.main.TestCaseExecutor.doExecute(TestCaseExecutor.java:319)
	at com.kms.katalon.core.main.TestCaseExecutor.processExecutionPhase(TestCaseExecutor.java:298)
	at com.kms.katalon.core.main.TestCaseExecutor.accessMainPhase(TestCaseExecutor.java:290)
	at com.kms.katalon.core.main.TestCaseExecutor.execute(TestCaseExecutor.java:224)
	at com.kms.katalon.core.main.TestSuiteExecutor.accessTestCaseMainPhase(TestSuiteExecutor.java:129)
	at com.kms.katalon.core.main.TestSuiteExecutor.accessTestSuiteMainPhase(TestSuiteExecutor.java:112)
	at com.kms.katalon.core.main.TestSuiteExecutor.execute(TestSuiteExecutor.java:81)
	at com.kms.katalon.core.main.TestCaseMain.startTestSuite(TestCaseMain.java:149)
	at com.kms.katalon.core.main.TestCaseMain$startTestSuite$0.call(Unknown Source)
	at TempTestSuite1560887558246.run(TempTestSuite1560887558246.groovy:36)]]></system-out>
         <system-err><![CDATA[2019-06-18 16:12:18 - [TEST_CASE][FAILED] - Test Cases/CRITICAL PATH/Home page - add to bag CTA: Test Cases/CRITICAL PATH/Home page - add to bag CTA FAILED.
Reason:
com.kms.katalon.core.exception.StepFailedException: Object 'Object Repository/APOLLO- Desktop/Product page/Add to bag' is NOT clickable
	at com.kms.katalon.core.keyword.internal.KeywordMain.stepFailed(KeywordMain.groovy:32)
	at com.kms.katalon.core.webui.keyword.internal.WebUIKeywordMain.stepFailed(WebUIKeywordMain.groovy:65)
	at com.kms.katalon.core.webui.keyword.builtin.VerifyElementClickableKeyword$_verifyElementClickable_closure1.doCall(VerifyElementClickableKeyword.groovy:83)
	at com.kms.katalon.core.webui.keyword.builtin.VerifyElementClickableKeyword$_verifyElementClickable_closure1.call(VerifyElementClickableKeyword.groovy)
	at com.kms.katalon.core.webui.keyword.internal.WebUIKeywordMain.runKeyword(WebUIKeywordMain.groovy:21)
	at com.kms.katalon.core.webui.keyword.builtin.VerifyElementClickableKeyword.verifyElementClickable(VerifyElementClickableKeyword.groovy:96)
	at com.kms.katalon.core.webui.keyword.builtin.VerifyElementClickableKeyword.execute(VerifyElementClickableKeyword.groovy:67)
	at com.kms.katalon.core.keyword.internal.KeywordExecutor.executeKeywordForPlatform(KeywordExecutor.groovy:53)
	at com.kms.katalon.core.webui.keyword.WebUiBuiltInKeywords.verifyElementClickable(WebUiBuiltInKeywords.groovy:548)
	at com.kms.katalon.core.webui.keyword.WebUiBuiltInKeywords$verifyElementClickable$17.call(Unknown Source)
	at Home page - add to bag CTA.run(Home page - add to bag CTA:116)
	at com.kms.katalon.core.main.ScriptEngine.run(ScriptEngine.java:194)
	at com.kms.katalon.core.main.ScriptEngine.runScriptAsRawText(ScriptEngine.java:119)
	at com.kms.katalon.core.main.TestCaseExecutor.runScript(TestCaseExecutor.java:328)
	at com.kms.katalon.core.main.TestCaseExecutor.doExecute(TestCaseExecutor.java:319)
	at com.kms.katalon.core.main.TestCaseExecutor.processExecutionPhase(TestCaseExecutor.java:298)
	at com.kms.katalon.core.main.TestCaseExecutor.accessMainPhase(TestCaseExecutor.java:290)
	at com.kms.katalon.core.main.TestCaseExecutor.execute(TestCaseExecutor.java:224)
	at com.kms.katalon.core.main.TestSuiteExecutor.accessTestCaseMainPhase(TestSuiteExecutor.java:129)
	at com.kms.katalon.core.main.TestSuiteExecutor.accessTestSuiteMainPhase(TestSuiteExecutor.java:112)
	at com.kms.katalon.core.main.TestSuiteExecutor.execute(TestSuiteExecutor.java:81)
	at com.kms.katalon.core.main.TestCaseMain.startTestSuite(TestCaseMain.java:149)
	at com.kms.katalon.core.main.TestCaseMain$startTestSuite$0.call(Unknown Source)
	at TempTestSuite1560887558246.run(TempTestSuite1560887558246.groovy:36)]]></system-err>
      </testcase>
      <testcase name="Test Cases/CRITICAL PATH/Increase quantity - cart page" classname="Test Cases/CRITICAL PATH/Increase quantity - cart page" status="PASSED">
         <system-out><![CDATA[2019-06-18 16:13:09 - [TEST_CASE][PASSED] - Test Cases/CRITICAL PATH/Increase quantity - cart page: Test Cases/CRITICAL PATH/Increase quantity - cart page

2019-06-18 16:13:09 - [TEST_STEP][PASSED] - callTestCase(findTestCase("CALL - URL"), [:], STOP_ON_FAILURE): Call Test Case 'Test Cases/CALL - URL' successfully

2019-06-18 16:13:09 - [TEST_CASE][PASSED] - Test Cases/CALL - URL: Test Cases/CALL - URL

2019-06-18 16:13:09 - [TEST_STEP][PASSED] - openBrowser(""): Browser is opened with url: ''

2019-06-18 16:13:09 - [MESSAGE][WARNING] - A browser is already opened. Closing browser and opening a new one

2019-06-18 16:13:10 - [MESSAGE][INFO] - Starting 'Chrome' driver

2019-06-18 16:13:11 - [MESSAGE][PASSED] - Browser is opened with url: ''

2019-06-18 16:13:11 - [TEST_STEP][PASSED] - navigateToUrl("https://diff-apollo.myshopify.com/?_ab=0&_fd=0&_sc=1&preview_theme_id=68602101860"): Navigate to 'https://diff-apollo.myshopify.com/?_ab=0&_fd=0&_sc=1&preview_theme_id=68602101860' successfully

2019-06-18 16:13:14 - [MESSAGE][PASSED] - Navigate to 'https://diff-apollo.myshopify.com/?_ab=0&_fd=0&_sc=1&preview_theme_id=68602101860' successfully

2019-06-18 16:13:14 - [TEST_STEP][PASSED] - executeJavaScript("var previewBar = document.getElementById("preview-bar-iframe"); previewBar.style.display = "none";", []): Execute JavaScript 'var previewBar = document.getElementById("preview-bar-iframe"); previewBar.style.display = "none";' successfully

2019-06-18 16:13:14 - [MESSAGE][PASSED] - Execute JavaScript 'var previewBar = document.getElementById("preview-bar-iframe"); previewBar.style.display = "none";' successfully

2019-06-18 16:13:14 - [MESSAGE][PASSED] - Call Test Case 'Test Cases/CALL - URL' successfully

2019-06-18 16:13:14 - [TEST_STEP][PASSED] - delay(1): Delayed 1 second(s)

2019-06-18 16:13:15 - [MESSAGE][PASSED] - Delayed 1 second(s)

2019-06-18 16:13:15 - [TEST_STEP][PASSED] - click(findTestObject("APOLLO- Desktop/Burger Menu/Burgermenu")): Object: 'Object Repository/APOLLO- Desktop/Burger Menu/Burgermenu' is clicked on

2019-06-18 16:13:15 - [MESSAGE][PASSED] - Object: 'Object Repository/APOLLO- Desktop/Burger Menu/Burgermenu' is clicked on

2019-06-18 16:13:15 - [TEST_STEP][PASSED] - delay(2): Delayed 2 second(s)

2019-06-18 16:13:17 - [MESSAGE][PASSED] - Delayed 2 second(s)

2019-06-18 16:13:17 - [TEST_STEP][PASSED] - click(findTestObject("APOLLO- Desktop/Burger Menu/Mens chevron")): Object: 'Object Repository/APOLLO- Desktop/Burger Menu/Mens chevron' is clicked on

2019-06-18 16:13:17 - [MESSAGE][PASSED] - Object: 'Object Repository/APOLLO- Desktop/Burger Menu/Mens chevron' is clicked on

2019-06-18 16:13:17 - [TEST_STEP][PASSED] - delay(2): Delayed 2 second(s)

2019-06-18 16:13:19 - [MESSAGE][PASSED] - Delayed 2 second(s)

2019-06-18 16:13:19 - [TEST_STEP][PASSED] - click(findTestObject("APOLLO- Desktop/Burger Menu/Mens - Top Chevron")): Object: 'Object Repository/APOLLO- Desktop/Burger Menu/Mens - Top Chevron' is clicked on

2019-06-18 16:13:19 - [MESSAGE][PASSED] - Object: 'Object Repository/APOLLO- Desktop/Burger Menu/Mens - Top Chevron' is clicked on

2019-06-18 16:13:19 - [TEST_STEP][PASSED] - delay(2): Delayed 2 second(s)

2019-06-18 16:13:21 - [MESSAGE][PASSED] - Delayed 2 second(s)

2019-06-18 16:13:21 - [TEST_STEP][PASSED] - click(findTestObject("APOLLO- Desktop/Burger Menu/Shirts link")): Object: 'Object Repository/APOLLO- Desktop/Burger Menu/Shirts link' is clicked on

2019-06-18 16:13:23 - [MESSAGE][PASSED] - Object: 'Object Repository/APOLLO- Desktop/Burger Menu/Shirts link' is clicked on

2019-06-18 16:13:23 - [TEST_STEP][PASSED] - delay(2): Delayed 2 second(s)

2019-06-18 16:13:25 - [MESSAGE][PASSED] - Delayed 2 second(s)

2019-06-18 16:13:25 - [TEST_STEP][PASSED] - click(findTestObject("APOLLO- Desktop/Collection page/Blue shirt product")): Object: 'Object Repository/APOLLO- Desktop/Collection page/Blue shirt product' is clicked on

2019-06-18 16:13:27 - [MESSAGE][PASSED] - Object: 'Object Repository/APOLLO- Desktop/Collection page/Blue shirt product' is clicked on

2019-06-18 16:13:27 - [TEST_STEP][PASSED] - delay(2): Delayed 2 second(s)

2019-06-18 16:13:29 - [MESSAGE][PASSED] - Delayed 2 second(s)

2019-06-18 16:13:29 - [TEST_STEP][PASSED] - selectOptionByValue(findTestObject("APOLLO- Desktop/Product page/Size dropdown"), "Medium", true): All options with value 'Medium' are selected in object 'Object Repository/APOLLO- Desktop/Product page/Size dropdown'  using regular expression

2019-06-18 16:13:29 - [MESSAGE][PASSED] - All options with value 'Medium' are selected in object 'Object Repository/APOLLO- Desktop/Product page/Size dropdown'  using regular expression

2019-06-18 16:13:29 - [TEST_STEP][PASSED] - delay(2): Delayed 2 second(s)

2019-06-18 16:13:31 - [MESSAGE][PASSED] - Delayed 2 second(s)

2019-06-18 16:13:31 - [TEST_STEP][PASSED] - click(findTestObject("APOLLO- Desktop/Product page/Add to bag")): Object: 'Object Repository/APOLLO- Desktop/Product page/Add to bag' is clicked on

2019-06-18 16:13:32 - [MESSAGE][PASSED] - Object: 'Object Repository/APOLLO- Desktop/Product page/Add to bag' is clicked on

2019-06-18 16:13:32 - [TEST_STEP][PASSED] - delay(2): Delayed 2 second(s)

2019-06-18 16:13:34 - [MESSAGE][PASSED] - Delayed 2 second(s)

2019-06-18 16:13:34 - [TEST_STEP][PASSED] - click(findTestObject("APOLLO- Desktop/Cart flyout/Checkout")): Object: 'Object Repository/APOLLO- Desktop/Cart flyout/Checkout' is clicked on

2019-06-18 16:13:36 - [MESSAGE][PASSED] - Object: 'Object Repository/APOLLO- Desktop/Cart flyout/Checkout' is clicked on

2019-06-18 16:13:36 - [TEST_STEP][PASSED] - delay(2): Delayed 2 second(s)

2019-06-18 16:13:38 - [MESSAGE][PASSED] - Delayed 2 second(s)

2019-06-18 16:13:38 - [TEST_STEP][PASSED] - click(findTestObject("APOLLO- Desktop/Customer Information page/Cart page breadcrumb")): Object: 'Object Repository/APOLLO- Desktop/Customer Information page/Cart page breadcrumb' is clicked on

2019-06-18 16:13:39 - [MESSAGE][PASSED] - Object: 'Object Repository/APOLLO- Desktop/Customer Information page/Cart page breadcrumb' is clicked on

2019-06-18 16:13:40 - [TEST_STEP][PASSED] - delay(2): Delayed 2 second(s)

2019-06-18 16:13:42 - [MESSAGE][PASSED] - Delayed 2 second(s)

2019-06-18 16:13:42 - [TEST_STEP][PASSED] - a = getText(findTestObject("APOLLO- Desktop/Cart page/Subtotal in cart page")): Text of object 'Object Repository/APOLLO- Desktop/Cart page/Subtotal in cart page' is: '$30.00'

2019-06-18 16:13:42 - [MESSAGE][PASSED] - Text of object 'Object Repository/APOLLO- Desktop/Cart page/Subtotal in cart page' is: '$30.00'

2019-06-18 16:13:42 - [TEST_STEP][PASSED] - comment("a=" + a): a=$30.00

2019-06-18 16:13:42 - [MESSAGE][INFO] - a=$30.00

2019-06-18 16:13:42 - [TEST_STEP][PASSED] - delay(2): Delayed 2 second(s)

2019-06-18 16:13:44 - [MESSAGE][PASSED] - Delayed 2 second(s)

2019-06-18 16:13:44 - [TEST_STEP][PASSED] - click(findTestObject("APOLLO- Desktop/Cart page/Increase quantity - cart page")): Object: 'Object Repository/APOLLO- Desktop/Cart page/Increase quantity - cart page' is clicked on

2019-06-18 16:13:44 - [MESSAGE][PASSED] - Object: 'Object Repository/APOLLO- Desktop/Cart page/Increase quantity - cart page' is clicked on

2019-06-18 16:13:44 - [TEST_STEP][PASSED] - delay(2): Delayed 2 second(s)

2019-06-18 16:13:46 - [MESSAGE][PASSED] - Delayed 2 second(s)

2019-06-18 16:13:46 - [TEST_STEP][PASSED] - click(findTestObject("APOLLO- Desktop/Cart page/Increase quantity - cart page")): Object: 'Object Repository/APOLLO- Desktop/Cart page/Increase quantity - cart page' is clicked on

2019-06-18 16:13:46 - [MESSAGE][PASSED] - Object: 'Object Repository/APOLLO- Desktop/Cart page/Increase quantity - cart page' is clicked on

2019-06-18 16:13:46 - [TEST_STEP][PASSED] - delay(2): Delayed 2 second(s)

2019-06-18 16:13:48 - [MESSAGE][PASSED] - Delayed 2 second(s)

2019-06-18 16:13:48 - [TEST_STEP][PASSED] - setText(findTestObject("APOLLO- Desktop/Cart flyout/CArt quanty update"), "3"): Text '3' is set on object 'Object Repository/APOLLO- Desktop/Cart flyout/CArt quanty update'

2019-06-18 16:13:48 - [MESSAGE][PASSED] - Text '3' is set on object 'Object Repository/APOLLO- Desktop/Cart flyout/CArt quanty update'

2019-06-18 16:13:48 - [TEST_STEP][PASSED] - delay(2): Delayed 2 second(s)

2019-06-18 16:13:50 - [MESSAGE][PASSED] - Delayed 2 second(s)

2019-06-18 16:13:50 - [TEST_STEP][PASSED] - click(findTestObject("APOLLO- Desktop/Cart page/Click outside the page")): Object: 'Object Repository/APOLLO- Desktop/Cart page/Click outside the page' is clicked on

2019-06-18 16:13:50 - [MESSAGE][PASSED] - Object: 'Object Repository/APOLLO- Desktop/Cart page/Click outside the page' is clicked on

2019-06-18 16:13:50 - [TEST_STEP][PASSED] - delay(2): Delayed 2 second(s)

2019-06-18 16:13:52 - [MESSAGE][PASSED] - Delayed 2 second(s)

2019-06-18 16:13:52 - [TEST_STEP][PASSED] - b = getText(findTestObject("APOLLO- Desktop/Cart page/Subtotal in cart page")): Text of object 'Object Repository/APOLLO- Desktop/Cart page/Subtotal in cart page' is: '$60.00'

2019-06-18 16:13:52 - [MESSAGE][PASSED] - Text of object 'Object Repository/APOLLO- Desktop/Cart page/Subtotal in cart page' is: '$60.00'

2019-06-18 16:13:52 - [TEST_STEP][PASSED] - comment("b=" + b): b=$60.00

2019-06-18 16:13:52 - [MESSAGE][INFO] - b=$60.00

2019-06-18 16:13:52 - [TEST_STEP][PASSED] - flag = verifyNotEqual("a", "b"): Actual object 'a' and expected object 'b' are not equal

2019-06-18 16:13:52 - [MESSAGE][PASSED] - Actual object 'a' and expected object 'b' are not equal

2019-06-18 16:13:52 - [TEST_STEP][PASSED] - if (flag == true): Quantity selector working

2019-06-18 16:13:52 - [TEST_STEP][PASSED] - comment("Quantity selector working"): Quantity selector working

2019-06-18 16:13:52 - [MESSAGE][INFO] - Quantity selector working

2019-06-18 16:13:52 - [TEST_STEP][PASSED] - delay(2): Delayed 2 second(s)

2019-06-18 16:13:54 - [MESSAGE][PASSED] - Delayed 2 second(s)

2019-06-18 16:13:54 - [TEST_STEP][PASSED] - executeJavaScript("var previewBar = document.getElementById("preview-bar-iframe"); previewBar.style.display = "none";", []): Execute JavaScript 'var previewBar = document.getElementById("preview-bar-iframe"); previewBar.style.display = "none";' successfully

2019-06-18 16:13:54 - [MESSAGE][PASSED] - Execute JavaScript 'var previewBar = document.getElementById("preview-bar-iframe"); previewBar.style.display = "none";' successfully

2019-06-18 16:13:54 - [TEST_STEP][PASSED] - delay(2): Delayed 2 second(s)

2019-06-18 16:13:56 - [MESSAGE][PASSED] - Delayed 2 second(s)

2019-06-18 16:13:56 - [TEST_STEP][PASSED] - click(findTestObject("APOLLO- Desktop/Cart flyout/Checkout")): Object: 'Object Repository/APOLLO- Desktop/Cart flyout/Checkout' is clicked on

2019-06-18 16:13:58 - [MESSAGE][PASSED] - Object: 'Object Repository/APOLLO- Desktop/Cart flyout/Checkout' is clicked on

2019-06-18 16:13:58 - [TEST_STEP][PASSED] - delay(2): Delayed 2 second(s)

2019-06-18 16:14:00 - [MESSAGE][PASSED] - Delayed 2 second(s)

2019-06-18 16:14:00 - [TEST_STEP][PASSED] - callTestCase(findTestCase("CALL- CUSTOMER INFO PAGE"), [:], STOP_ON_FAILURE): Call Test Case 'Test Cases/CALL- CUSTOMER INFO PAGE' successfully

2019-06-18 16:14:00 - [TEST_CASE][PASSED] - Test Cases/CALL- CUSTOMER INFO PAGE: Test Cases/CALL- CUSTOMER INFO PAGE

2019-06-18 16:14:00 - [TEST_STEP][PASSED] - delay(2): Delayed 2 second(s)

2019-06-18 16:14:02 - [MESSAGE][PASSED] - Delayed 2 second(s)

2019-06-18 16:14:02 - [TEST_STEP][PASSED] - executeJavaScript("var previewBar = document.getElementById("preview-bar-iframe"); previewBar.style.display = "none";", []): Execute JavaScript 'var previewBar = document.getElementById("preview-bar-iframe"); previewBar.style.display = "none";' successfully

2019-06-18 16:14:02 - [MESSAGE][PASSED] - Execute JavaScript 'var previewBar = document.getElementById("preview-bar-iframe"); previewBar.style.display = "none";' successfully

2019-06-18 16:14:02 - [TEST_STEP][PASSED] - setText(findTestObject("APOLLO- Desktop/Customer Information page/Email"), "suman@gmail.com"): Text 'suman@gmail.com' is set on object 'Object Repository/APOLLO- Desktop/Customer Information page/Email'

2019-06-18 16:14:03 - [MESSAGE][PASSED] - Text 'suman@gmail.com' is set on object 'Object Repository/APOLLO- Desktop/Customer Information page/Email'

2019-06-18 16:14:03 - [TEST_STEP][PASSED] - delay(2): Delayed 2 second(s)

2019-06-18 16:14:05 - [MESSAGE][PASSED] - Delayed 2 second(s)

2019-06-18 16:14:05 - [TEST_STEP][PASSED] - setText(findTestObject("APOLLO- Desktop/Customer Information page/First name"), "suman"): Text 'suman' is set on object 'Object Repository/APOLLO- Desktop/Customer Information page/First name'

2019-06-18 16:14:05 - [MESSAGE][PASSED] - Text 'suman' is set on object 'Object Repository/APOLLO- Desktop/Customer Information page/First name'

2019-06-18 16:14:05 - [TEST_STEP][PASSED] - delay(2): Delayed 2 second(s)

2019-06-18 16:14:07 - [MESSAGE][PASSED] - Delayed 2 second(s)

2019-06-18 16:14:07 - [TEST_STEP][PASSED] - setText(findTestObject("APOLLO- Desktop/Customer Information page/Last name"), "kompelly"): Text 'kompelly' is set on object 'Object Repository/APOLLO- Desktop/Customer Information page/Last name'

2019-06-18 16:14:07 - [MESSAGE][PASSED] - Text 'kompelly' is set on object 'Object Repository/APOLLO- Desktop/Customer Information page/Last name'

2019-06-18 16:14:07 - [TEST_STEP][PASSED] - delay(2): Delayed 2 second(s)

2019-06-18 16:14:09 - [MESSAGE][PASSED] - Delayed 2 second(s)

2019-06-18 16:14:09 - [TEST_STEP][PASSED] - setText(findTestObject("APOLLO- Desktop/Customer Information page/Address"), "1435 st alxendre"): Text '1435 st alxendre' is set on object 'Object Repository/APOLLO- Desktop/Customer Information page/Address'

2019-06-18 16:14:09 - [MESSAGE][PASSED] - Text '1435 st alxendre' is set on object 'Object Repository/APOLLO- Desktop/Customer Information page/Address'

2019-06-18 16:14:09 - [TEST_STEP][PASSED] - setText(findTestObject("APOLLO- Desktop/Customer Information page/Apartment"), "220"): Text '220' is set on object 'Object Repository/APOLLO- Desktop/Customer Information page/Apartment'

2019-06-18 16:14:09 - [MESSAGE][PASSED] - Text '220' is set on object 'Object Repository/APOLLO- Desktop/Customer Information page/Apartment'

2019-06-18 16:14:09 - [TEST_STEP][PASSED] - setText(findTestObject("APOLLO- Desktop/Customer Information page/City"), "montreal"): Text 'montreal' is set on object 'Object Repository/APOLLO- Desktop/Customer Information page/City'

2019-06-18 16:14:10 - [MESSAGE][PASSED] - Text 'montreal' is set on object 'Object Repository/APOLLO- Desktop/Customer Information page/City'

2019-06-18 16:14:10 - [TEST_STEP][PASSED] - selectOptionByValue(findTestObject("APOLLO- Desktop/Customer Information page/Country dropdown"), "United States", true): All options with value 'United States' are selected in object 'Object Repository/APOLLO- Desktop/Customer Information page/Country dropdown'  using regular expression

2019-06-18 16:14:13 - [MESSAGE][PASSED] - All options with value 'United States' are selected in object 'Object Repository/APOLLO- Desktop/Customer Information page/Country dropdown'  using regular expression

2019-06-18 16:14:13 - [TEST_STEP][PASSED] - selectOptionByValue(findTestObject("APOLLO- Desktop/Customer Information page/states dropdown"), "NJ", true): All options with value 'NJ' are selected in object 'Object Repository/APOLLO- Desktop/Customer Information page/states dropdown'  using regular expression

2019-06-18 16:14:14 - [MESSAGE][PASSED] - All options with value 'NJ' are selected in object 'Object Repository/APOLLO- Desktop/Customer Information page/states dropdown'  using regular expression

2019-06-18 16:14:14 - [TEST_STEP][PASSED] - setText(findTestObject("APOLLO- Desktop/Customer Information page/ZIP code"), "07057"): Text '07057' is set on object 'Object Repository/APOLLO- Desktop/Customer Information page/ZIP code'

2019-06-18 16:14:14 - [MESSAGE][PASSED] - Text '07057' is set on object 'Object Repository/APOLLO- Desktop/Customer Information page/ZIP code'

2019-06-18 16:14:14 - [MESSAGE][PASSED] - Call Test Case 'Test Cases/CALL- CUSTOMER INFO PAGE' successfully

2019-06-18 16:14:14 - [TEST_STEP][PASSED] - delay(2): Delayed 2 second(s)

2019-06-18 16:14:16 - [MESSAGE][PASSED] - Delayed 2 second(s)

2019-06-18 16:14:16 - [TEST_STEP][PASSED] - executeJavaScript("var previewBar = document.getElementById("preview-bar-iframe"); previewBar.style.display = "none";", []): Execute JavaScript 'var previewBar = document.getElementById("preview-bar-iframe"); previewBar.style.display = "none";' successfully

2019-06-18 16:14:16 - [MESSAGE][PASSED] - Execute JavaScript 'var previewBar = document.getElementById("preview-bar-iframe"); previewBar.style.display = "none";' successfully

2019-06-18 16:14:16 - [TEST_STEP][PASSED] - click(findTestObject("APOLLO- Desktop/Customer Information page/Continue to shipping")): Object: 'Object Repository/APOLLO- Desktop/Customer Information page/Continue to shipping' is clicked on

2019-06-18 16:14:23 - [MESSAGE][PASSED] - Object: 'Object Repository/APOLLO- Desktop/Customer Information page/Continue to shipping' is clicked on

2019-06-18 16:14:23 - [TEST_STEP][PASSED] - delay(1): Delayed 1 second(s)

2019-06-18 16:14:24 - [MESSAGE][PASSED] - Delayed 1 second(s)

2019-06-18 16:14:24 - [TEST_STEP][PASSED] - click(findTestObject("APOLLO- Desktop/Shipping page/Radio button check")): Object: 'Object Repository/APOLLO- Desktop/Shipping page/Radio button check' is clicked on

2019-06-18 16:14:31 - [MESSAGE][PASSED] - Object: 'Object Repository/APOLLO- Desktop/Shipping page/Radio button check' is clicked on

2019-06-18 16:14:31 - [TEST_STEP][PASSED] - executeJavaScript("var previewBar = document.getElementById("preview-bar-iframe"); previewBar.style.display = "none";", []): Execute JavaScript 'var previewBar = document.getElementById("preview-bar-iframe"); previewBar.style.display = "none";' successfully

2019-06-18 16:14:31 - [MESSAGE][PASSED] - Execute JavaScript 'var previewBar = document.getElementById("preview-bar-iframe"); previewBar.style.display = "none";' successfully

2019-06-18 16:14:31 - [TEST_STEP][PASSED] - delay(1): Delayed 1 second(s)

2019-06-18 16:14:32 - [MESSAGE][PASSED] - Delayed 1 second(s)

2019-06-18 16:14:32 - [TEST_STEP][PASSED] - click(findTestObject("APOLLO- Desktop/Shipping page/Continue to payment")): Object: 'Object Repository/APOLLO- Desktop/Shipping page/Continue to payment' is clicked on

2019-06-18 16:14:39 - [MESSAGE][PASSED] - Object: 'Object Repository/APOLLO- Desktop/Shipping page/Continue to payment' is clicked on

2019-06-18 16:14:39 - [TEST_STEP][PASSED] - delay(1): Delayed 1 second(s)

2019-06-18 16:14:40 - [MESSAGE][PASSED] - Delayed 1 second(s)

2019-06-18 16:14:40 - [TEST_STEP][PASSED] - click(findTestObject("APOLLO- Desktop/payment page/Payment section")): Object: 'Object Repository/APOLLO- Desktop/payment page/Payment section' is clicked on

2019-06-18 16:14:45 - [MESSAGE][PASSED] - Object: 'Object Repository/APOLLO- Desktop/payment page/Payment section' is clicked on]]></system-out>
         <system-err><![CDATA[]]></system-err>
      </testcase>
      <testcase name="Test Cases/CRITICAL PATH/Increase quantity - Cart flyout" classname="Test Cases/CRITICAL PATH/Increase quantity - Cart flyout" status="PASSED">
         <system-out><![CDATA[2019-06-18 16:14:45 - [TEST_CASE][PASSED] - Test Cases/CRITICAL PATH/Increase quantity - Cart flyout: Test Cases/CRITICAL PATH/Increase quantity - Cart flyout

2019-06-18 16:14:45 - [TEST_STEP][PASSED] - callTestCase(findTestCase("CALL - URL"), [:], STOP_ON_FAILURE): Call Test Case 'Test Cases/CALL - URL' successfully

2019-06-18 16:14:45 - [TEST_CASE][PASSED] - Test Cases/CALL - URL: Test Cases/CALL - URL

2019-06-18 16:14:45 - [TEST_STEP][PASSED] - openBrowser(""): Browser is opened with url: ''

2019-06-18 16:14:45 - [MESSAGE][WARNING] - A browser is already opened. Closing browser and opening a new one

2019-06-18 16:14:46 - [MESSAGE][INFO] - Starting 'Chrome' driver

2019-06-18 16:14:47 - [MESSAGE][PASSED] - Browser is opened with url: ''

2019-06-18 16:14:47 - [TEST_STEP][PASSED] - navigateToUrl("https://diff-apollo.myshopify.com/?_ab=0&_fd=0&_sc=1&preview_theme_id=68602101860"): Navigate to 'https://diff-apollo.myshopify.com/?_ab=0&_fd=0&_sc=1&preview_theme_id=68602101860' successfully

2019-06-18 16:14:50 - [MESSAGE][PASSED] - Navigate to 'https://diff-apollo.myshopify.com/?_ab=0&_fd=0&_sc=1&preview_theme_id=68602101860' successfully

2019-06-18 16:14:50 - [TEST_STEP][PASSED] - executeJavaScript("var previewBar = document.getElementById("preview-bar-iframe"); previewBar.style.display = "none";", []): Execute JavaScript 'var previewBar = document.getElementById("preview-bar-iframe"); previewBar.style.display = "none";' successfully

2019-06-18 16:14:50 - [MESSAGE][PASSED] - Execute JavaScript 'var previewBar = document.getElementById("preview-bar-iframe"); previewBar.style.display = "none";' successfully

2019-06-18 16:14:50 - [MESSAGE][PASSED] - Call Test Case 'Test Cases/CALL - URL' successfully

2019-06-18 16:14:50 - [TEST_STEP][PASSED] - delay(1): Delayed 1 second(s)

2019-06-18 16:14:51 - [MESSAGE][PASSED] - Delayed 1 second(s)

2019-06-18 16:14:51 - [TEST_STEP][PASSED] - click(findTestObject("APOLLO- Desktop/Burger Menu/Burgermenu")): Object: 'Object Repository/APOLLO- Desktop/Burger Menu/Burgermenu' is clicked on

2019-06-18 16:14:51 - [MESSAGE][PASSED] - Object: 'Object Repository/APOLLO- Desktop/Burger Menu/Burgermenu' is clicked on

2019-06-18 16:14:51 - [TEST_STEP][PASSED] - delay(2): Delayed 2 second(s)

2019-06-18 16:14:53 - [MESSAGE][PASSED] - Delayed 2 second(s)

2019-06-18 16:14:53 - [TEST_STEP][PASSED] - click(findTestObject("APOLLO- Desktop/Burger Menu/Mens chevron")): Object: 'Object Repository/APOLLO- Desktop/Burger Menu/Mens chevron' is clicked on

2019-06-18 16:14:53 - [MESSAGE][PASSED] - Object: 'Object Repository/APOLLO- Desktop/Burger Menu/Mens chevron' is clicked on

2019-06-18 16:14:53 - [TEST_STEP][PASSED] - delay(2): Delayed 2 second(s)

2019-06-18 16:14:55 - [MESSAGE][PASSED] - Delayed 2 second(s)

2019-06-18 16:14:55 - [TEST_STEP][PASSED] - click(findTestObject("APOLLO- Desktop/Burger Menu/Mens - Top Chevron")): Object: 'Object Repository/APOLLO- Desktop/Burger Menu/Mens - Top Chevron' is clicked on

2019-06-18 16:14:55 - [MESSAGE][PASSED] - Object: 'Object Repository/APOLLO- Desktop/Burger Menu/Mens - Top Chevron' is clicked on

2019-06-18 16:14:55 - [TEST_STEP][PASSED] - delay(2): Delayed 2 second(s)

2019-06-18 16:14:57 - [MESSAGE][PASSED] - Delayed 2 second(s)

2019-06-18 16:14:57 - [TEST_STEP][PASSED] - click(findTestObject("APOLLO- Desktop/Burger Menu/Shirts link")): Object: 'Object Repository/APOLLO- Desktop/Burger Menu/Shirts link' is clicked on

2019-06-18 16:14:59 - [MESSAGE][PASSED] - Object: 'Object Repository/APOLLO- Desktop/Burger Menu/Shirts link' is clicked on

2019-06-18 16:14:59 - [TEST_STEP][PASSED] - delay(2): Delayed 2 second(s)

2019-06-18 16:15:01 - [MESSAGE][PASSED] - Delayed 2 second(s)

2019-06-18 16:15:01 - [TEST_STEP][PASSED] - click(findTestObject("APOLLO- Desktop/Collection page/Blue shirt product")): Object: 'Object Repository/APOLLO- Desktop/Collection page/Blue shirt product' is clicked on

2019-06-18 16:15:03 - [MESSAGE][PASSED] - Object: 'Object Repository/APOLLO- Desktop/Collection page/Blue shirt product' is clicked on

2019-06-18 16:15:03 - [TEST_STEP][PASSED] - delay(2): Delayed 2 second(s)

2019-06-18 16:15:05 - [MESSAGE][PASSED] - Delayed 2 second(s)

2019-06-18 16:15:05 - [TEST_STEP][PASSED] - selectOptionByValue(findTestObject("APOLLO- Desktop/Product page/Size dropdown"), "Medium", true): All options with value 'Medium' are selected in object 'Object Repository/APOLLO- Desktop/Product page/Size dropdown'  using regular expression

2019-06-18 16:15:05 - [MESSAGE][PASSED] - All options with value 'Medium' are selected in object 'Object Repository/APOLLO- Desktop/Product page/Size dropdown'  using regular expression

2019-06-18 16:15:05 - [TEST_STEP][PASSED] - delay(2): Delayed 2 second(s)

2019-06-18 16:15:07 - [MESSAGE][PASSED] - Delayed 2 second(s)

2019-06-18 16:15:07 - [TEST_STEP][PASSED] - click(findTestObject("APOLLO- Desktop/Product page/Add to bag")): Object: 'Object Repository/APOLLO- Desktop/Product page/Add to bag' is clicked on

2019-06-18 16:15:07 - [MESSAGE][PASSED] - Object: 'Object Repository/APOLLO- Desktop/Product page/Add to bag' is clicked on

2019-06-18 16:15:07 - [TEST_STEP][PASSED] - delay(2): Delayed 2 second(s)

2019-06-18 16:15:09 - [MESSAGE][PASSED] - Delayed 2 second(s)

2019-06-18 16:15:09 - [TEST_STEP][PASSED] - a = getText(findTestObject("APOLLO- Desktop/Cart flyout/Subtotal in cart flyout")): Text of object 'Object Repository/APOLLO- Desktop/Cart flyout/Subtotal in cart flyout' is: '$30.00'

2019-06-18 16:15:09 - [MESSAGE][PASSED] - Text of object 'Object Repository/APOLLO- Desktop/Cart flyout/Subtotal in cart flyout' is: '$30.00'

2019-06-18 16:15:09 - [TEST_STEP][PASSED] - comment("a=" + a): a=$30.00

2019-06-18 16:15:09 - [MESSAGE][INFO] - a=$30.00

2019-06-18 16:15:09 - [TEST_STEP][PASSED] - delay(2): Delayed 2 second(s)

2019-06-18 16:15:11 - [MESSAGE][PASSED] - Delayed 2 second(s)

2019-06-18 16:15:11 - [TEST_STEP][PASSED] - click(findTestObject("APOLLO- Desktop/Cart flyout/Increase quantity - cart flyout")): Object: 'Object Repository/APOLLO- Desktop/Cart flyout/Increase quantity - cart flyout' is clicked on

2019-06-18 16:15:11 - [MESSAGE][PASSED] - Object: 'Object Repository/APOLLO- Desktop/Cart flyout/Increase quantity - cart flyout' is clicked on

2019-06-18 16:15:11 - [TEST_STEP][PASSED] - delay(2): Delayed 2 second(s)

2019-06-18 16:15:13 - [MESSAGE][PASSED] - Delayed 2 second(s)

2019-06-18 16:15:13 - [TEST_STEP][PASSED] - click(findTestObject("APOLLO- Desktop/Cart flyout/Increase quantity - cart flyout")): Object: 'Object Repository/APOLLO- Desktop/Cart flyout/Increase quantity - cart flyout' is clicked on

2019-06-18 16:15:13 - [MESSAGE][PASSED] - Object: 'Object Repository/APOLLO- Desktop/Cart flyout/Increase quantity - cart flyout' is clicked on

2019-06-18 16:15:13 - [TEST_STEP][PASSED] - delay(2): Delayed 2 second(s)

2019-06-18 16:15:15 - [MESSAGE][PASSED] - Delayed 2 second(s)

2019-06-18 16:15:15 - [TEST_STEP][PASSED] - click(findTestObject("APOLLO- Desktop/random/Page_Apollo - Dark  Diff Apollo/CArt quanty update")): Object: 'Object Repository/APOLLO- Desktop/random/Page_Apollo - Dark  Diff Apollo/CArt quanty update' is clicked on

2019-06-18 16:15:16 - [MESSAGE][PASSED] - Object: 'Object Repository/APOLLO- Desktop/random/Page_Apollo - Dark  Diff Apollo/CArt quanty update' is clicked on

2019-06-18 16:15:16 - [TEST_STEP][PASSED] - delay(2): Delayed 2 second(s)

2019-06-18 16:15:18 - [MESSAGE][PASSED] - Delayed 2 second(s)

2019-06-18 16:15:18 - [TEST_STEP][PASSED] - click(findTestObject("APOLLO- Desktop/random/Page_Apollo - Dark  Diff Apollo/td_Wool Sweater")): Object: 'Object Repository/APOLLO- Desktop/random/Page_Apollo - Dark  Diff Apollo/td_Wool Sweater' is clicked on

2019-06-18 16:15:18 - [MESSAGE][PASSED] - Object: 'Object Repository/APOLLO- Desktop/random/Page_Apollo - Dark  Diff Apollo/td_Wool Sweater' is clicked on

2019-06-18 16:15:18 - [TEST_STEP][PASSED] - delay(2): Delayed 2 second(s)

2019-06-18 16:15:20 - [MESSAGE][PASSED] - Delayed 2 second(s)

2019-06-18 16:15:20 - [TEST_STEP][PASSED] - b = getText(findTestObject("APOLLO- Desktop/Cart flyout/Subtotal in cart flyout")): Text of object 'Object Repository/APOLLO- Desktop/Cart flyout/Subtotal in cart flyout' is: '$60.00'

2019-06-18 16:15:20 - [MESSAGE][PASSED] - Text of object 'Object Repository/APOLLO- Desktop/Cart flyout/Subtotal in cart flyout' is: '$60.00'

2019-06-18 16:15:20 - [TEST_STEP][PASSED] - comment("b=" + b): b=$60.00

2019-06-18 16:15:20 - [MESSAGE][INFO] - b=$60.00

2019-06-18 16:15:20 - [TEST_STEP][PASSED] - flag = verifyNotEqual("a", "b"): Actual object 'a' and expected object 'b' are not equal

2019-06-18 16:15:20 - [MESSAGE][PASSED] - Actual object 'a' and expected object 'b' are not equal

2019-06-18 16:15:20 - [TEST_STEP][PASSED] - if (flag == true): Quantity selector working

2019-06-18 16:15:20 - [TEST_STEP][PASSED] - comment("Quantity selector working"): Quantity selector working

2019-06-18 16:15:20 - [MESSAGE][INFO] - Quantity selector working

2019-06-18 16:15:20 - [TEST_STEP][PASSED] - delay(2): Delayed 2 second(s)

2019-06-18 16:15:22 - [MESSAGE][PASSED] - Delayed 2 second(s)

2019-06-18 16:15:22 - [TEST_STEP][PASSED] - click(findTestObject("APOLLO- Desktop/Cart flyout/Checkout")): Object: 'Object Repository/APOLLO- Desktop/Cart flyout/Checkout' is clicked on

2019-06-18 16:15:24 - [MESSAGE][PASSED] - Object: 'Object Repository/APOLLO- Desktop/Cart flyout/Checkout' is clicked on

2019-06-18 16:15:24 - [TEST_STEP][PASSED] - delay(2): Delayed 2 second(s)

2019-06-18 16:15:26 - [MESSAGE][PASSED] - Delayed 2 second(s)

2019-06-18 16:15:26 - [TEST_STEP][PASSED] - callTestCase(findTestCase("CALL- CUSTOMER INFO PAGE"), [:], STOP_ON_FAILURE): Call Test Case 'Test Cases/CALL- CUSTOMER INFO PAGE' successfully

2019-06-18 16:15:26 - [TEST_CASE][PASSED] - Test Cases/CALL- CUSTOMER INFO PAGE: Test Cases/CALL- CUSTOMER INFO PAGE

2019-06-18 16:15:26 - [TEST_STEP][PASSED] - delay(2): Delayed 2 second(s)

2019-06-18 16:15:28 - [MESSAGE][PASSED] - Delayed 2 second(s)

2019-06-18 16:15:28 - [TEST_STEP][PASSED] - executeJavaScript("var previewBar = document.getElementById("preview-bar-iframe"); previewBar.style.display = "none";", []): Execute JavaScript 'var previewBar = document.getElementById("preview-bar-iframe"); previewBar.style.display = "none";' successfully

2019-06-18 16:15:28 - [MESSAGE][PASSED] - Execute JavaScript 'var previewBar = document.getElementById("preview-bar-iframe"); previewBar.style.display = "none";' successfully

2019-06-18 16:15:28 - [TEST_STEP][PASSED] - setText(findTestObject("APOLLO- Desktop/Customer Information page/Email"), "suman@gmail.com"): Text 'suman@gmail.com' is set on object 'Object Repository/APOLLO- Desktop/Customer Information page/Email'

2019-06-18 16:15:28 - [MESSAGE][PASSED] - Text 'suman@gmail.com' is set on object 'Object Repository/APOLLO- Desktop/Customer Information page/Email'

2019-06-18 16:15:28 - [TEST_STEP][PASSED] - delay(2): Delayed 2 second(s)

2019-06-18 16:15:30 - [MESSAGE][PASSED] - Delayed 2 second(s)

2019-06-18 16:15:30 - [TEST_STEP][PASSED] - setText(findTestObject("APOLLO- Desktop/Customer Information page/First name"), "suman"): Text 'suman' is set on object 'Object Repository/APOLLO- Desktop/Customer Information page/First name'

2019-06-18 16:15:30 - [MESSAGE][PASSED] - Text 'suman' is set on object 'Object Repository/APOLLO- Desktop/Customer Information page/First name'

2019-06-18 16:15:30 - [TEST_STEP][PASSED] - delay(2): Delayed 2 second(s)

2019-06-18 16:15:32 - [MESSAGE][PASSED] - Delayed 2 second(s)

2019-06-18 16:15:32 - [TEST_STEP][PASSED] - setText(findTestObject("APOLLO- Desktop/Customer Information page/Last name"), "kompelly"): Text 'kompelly' is set on object 'Object Repository/APOLLO- Desktop/Customer Information page/Last name'

2019-06-18 16:15:33 - [MESSAGE][PASSED] - Text 'kompelly' is set on object 'Object Repository/APOLLO- Desktop/Customer Information page/Last name'

2019-06-18 16:15:33 - [TEST_STEP][PASSED] - delay(2): Delayed 2 second(s)

2019-06-18 16:15:35 - [MESSAGE][PASSED] - Delayed 2 second(s)

2019-06-18 16:15:35 - [TEST_STEP][PASSED] - setText(findTestObject("APOLLO- Desktop/Customer Information page/Address"), "1435 st alxendre"): Text '1435 st alxendre' is set on object 'Object Repository/APOLLO- Desktop/Customer Information page/Address'

2019-06-18 16:15:35 - [MESSAGE][PASSED] - Text '1435 st alxendre' is set on object 'Object Repository/APOLLO- Desktop/Customer Information page/Address'

2019-06-18 16:15:35 - [TEST_STEP][PASSED] - setText(findTestObject("APOLLO- Desktop/Customer Information page/Apartment"), "220"): Text '220' is set on object 'Object Repository/APOLLO- Desktop/Customer Information page/Apartment'

2019-06-18 16:15:35 - [MESSAGE][PASSED] - Text '220' is set on object 'Object Repository/APOLLO- Desktop/Customer Information page/Apartment'

2019-06-18 16:15:35 - [TEST_STEP][PASSED] - setText(findTestObject("APOLLO- Desktop/Customer Information page/City"), "montreal"): Text 'montreal' is set on object 'Object Repository/APOLLO- Desktop/Customer Information page/City'

2019-06-18 16:15:35 - [MESSAGE][PASSED] - Text 'montreal' is set on object 'Object Repository/APOLLO- Desktop/Customer Information page/City'

2019-06-18 16:15:35 - [TEST_STEP][PASSED] - selectOptionByValue(findTestObject("APOLLO- Desktop/Customer Information page/Country dropdown"), "United States", true): All options with value 'United States' are selected in object 'Object Repository/APOLLO- Desktop/Customer Information page/Country dropdown'  using regular expression

2019-06-18 16:15:38 - [MESSAGE][PASSED] - All options with value 'United States' are selected in object 'Object Repository/APOLLO- Desktop/Customer Information page/Country dropdown'  using regular expression

2019-06-18 16:15:38 - [TEST_STEP][PASSED] - selectOptionByValue(findTestObject("APOLLO- Desktop/Customer Information page/states dropdown"), "NJ", true): All options with value 'NJ' are selected in object 'Object Repository/APOLLO- Desktop/Customer Information page/states dropdown'  using regular expression

2019-06-18 16:15:39 - [MESSAGE][PASSED] - All options with value 'NJ' are selected in object 'Object Repository/APOLLO- Desktop/Customer Information page/states dropdown'  using regular expression

2019-06-18 16:15:39 - [TEST_STEP][PASSED] - setText(findTestObject("APOLLO- Desktop/Customer Information page/ZIP code"), "07057"): Text '07057' is set on object 'Object Repository/APOLLO- Desktop/Customer Information page/ZIP code'

2019-06-18 16:15:39 - [MESSAGE][PASSED] - Text '07057' is set on object 'Object Repository/APOLLO- Desktop/Customer Information page/ZIP code'

2019-06-18 16:15:39 - [MESSAGE][PASSED] - Call Test Case 'Test Cases/CALL- CUSTOMER INFO PAGE' successfully

2019-06-18 16:15:39 - [TEST_STEP][PASSED] - delay(2): Delayed 2 second(s)

2019-06-18 16:15:41 - [MESSAGE][PASSED] - Delayed 2 second(s)

2019-06-18 16:15:41 - [TEST_STEP][PASSED] - callTestCase(findTestCase("CALL - SHIPPING TO PAYMENT"), [:], STOP_ON_FAILURE): Call Test Case 'Test Cases/CALL - SHIPPING TO PAYMENT' successfully

2019-06-18 16:15:41 - [TEST_CASE][PASSED] - Test Cases/CALL - SHIPPING TO PAYMENT: Test Cases/CALL - SHIPPING TO PAYMENT

2019-06-18 16:15:41 - [TEST_STEP][PASSED] - click(findTestObject("APOLLO- Desktop/Customer Information page/Continue to shipping")): Object: 'Object Repository/APOLLO- Desktop/Customer Information page/Continue to shipping' is clicked on

2019-06-18 16:15:43 - [MESSAGE][PASSED] - Object: 'Object Repository/APOLLO- Desktop/Customer Information page/Continue to shipping' is clicked on

2019-06-18 16:15:43 - [TEST_STEP][PASSED] - executeJavaScript("var previewBar = document.getElementById("preview-bar-iframe"); previewBar.style.display = "none";", []): Execute JavaScript 'var previewBar = document.getElementById("preview-bar-iframe"); previewBar.style.display = "none";' successfully

2019-06-18 16:15:43 - [MESSAGE][PASSED] - Execute JavaScript 'var previewBar = document.getElementById("preview-bar-iframe"); previewBar.style.display = "none";' successfully

2019-06-18 16:15:43 - [TEST_STEP][PASSED] - click(findTestObject("APOLLO- Desktop/Shipping page/Radio button check")): Object: 'Object Repository/APOLLO- Desktop/Shipping page/Radio button check' is clicked on

2019-06-18 16:15:44 - [MESSAGE][PASSED] - Object: 'Object Repository/APOLLO- Desktop/Shipping page/Radio button check' is clicked on

2019-06-18 16:15:44 - [TEST_STEP][PASSED] - executeJavaScript("var previewBar = document.getElementById("preview-bar-iframe"); previewBar.style.display = "none";", []): Execute JavaScript 'var previewBar = document.getElementById("preview-bar-iframe"); previewBar.style.display = "none";' successfully

2019-06-18 16:15:44 - [MESSAGE][PASSED] - Execute JavaScript 'var previewBar = document.getElementById("preview-bar-iframe"); previewBar.style.display = "none";' successfully

2019-06-18 16:15:44 - [TEST_STEP][PASSED] - click(findTestObject("APOLLO- Desktop/Shipping page/Continue to payment")): Object: 'Object Repository/APOLLO- Desktop/Shipping page/Continue to payment' is clicked on

2019-06-18 16:15:47 - [MESSAGE][PASSED] - Object: 'Object Repository/APOLLO- Desktop/Shipping page/Continue to payment' is clicked on

2019-06-18 16:15:47 - [TEST_STEP][PASSED] - executeJavaScript("var previewBar = document.getElementById("preview-bar-iframe"); previewBar.style.display = "none";", []): Execute JavaScript 'var previewBar = document.getElementById("preview-bar-iframe"); previewBar.style.display = "none";' successfully

2019-06-18 16:15:47 - [MESSAGE][PASSED] - Execute JavaScript 'var previewBar = document.getElementById("preview-bar-iframe"); previewBar.style.display = "none";' successfully

2019-06-18 16:15:47 - [TEST_STEP][PASSED] - click(findTestObject("APOLLO- Desktop/payment page/Payment section")): Object: 'Object Repository/APOLLO- Desktop/payment page/Payment section' is clicked on

2019-06-18 16:15:47 - [MESSAGE][PASSED] - Object: 'Object Repository/APOLLO- Desktop/payment page/Payment section' is clicked on

2019-06-18 16:15:47 - [MESSAGE][PASSED] - Call Test Case 'Test Cases/CALL - SHIPPING TO PAYMENT' successfully]]></system-out>
         <system-err><![CDATA[]]></system-err>
      </testcase>
      <testcase name="Test Cases/CRITICAL PATH/Adding diff prods to cart" classname="Test Cases/CRITICAL PATH/Adding diff prods to cart" status="FAILED">
         <failure type="FAILED" message="Test Cases/CRITICAL PATH/Adding diff prods to cart FAILED.
Reason:
com.kms.katalon.core.exception.StepFailedException: Unable to click on object 'Object Repository/APOLLO- Desktop/Shipping page/Continue to payment' (Root cause: org.openqa.selenium.WebDriverException: unknown error: Element &lt;button name=&quot;button&quot; type=&quot;submit&quot; id=&quot;continue_button&quot; class=&quot;step__footer__continue-btn btn &quot; aria-busy=&quot;false&quot; trekkie_id=&quot;continue_to_payment_method_button&quot;>...&lt;/button> is not clickable at point (491, 681). Other element would receive the click: &lt;iframe title=&quot;Preview Bar&quot; id=&quot;preview-bar-iframe&quot; src=&quot;https://diff-apollo.myshopify.com/preview_bar&quot; sandbox=&quot;allow-same-origin allow-scripts&quot; style=&quot;position: fixed; bottom: 0px; left: 0px; z-index: 2147483647; width: 100%; border: none; box-shadow: rgba(0, 0, 0, 0.2) 0px -1px 3px; overflow: hidden; transform: translateY(0px); transition: transform 300ms ease 0s; height: 60px;&quot;>&lt;/iframe>
  (Session info: chrome=75.0.3770.100)
  (Driver info: chromedriver=2.43.600229 (3fae4d0cda5334b4f533bede5a4787f7b832d052),platform=Mac OS X 10.13.6 x86_64) (WARNING: The server did not provide any stacktrace information)
Command duration or timeout: 0 milliseconds
Build info: version: '3.7.1', revision: '8a0099a', time: '2017-11-06T21:07:36.161Z'
System info: host: 'sumans-MacBook-Pro.local', ip: 'fe80:0:0:0:9b:8caf:6d51:8ac%en0', os.name: 'Mac OS X', os.arch: 'x86_64', os.version: '10.13.6', java.version: '1.8.0_181'
Driver info: com.kms.katalon.selenium.driver.CChromeDriver
Capabilities {acceptInsecureCerts: false, acceptSslCerts: false, applicationCacheEnabled: false, browserConnectionEnabled: false, browserName: chrome, chrome: {chromedriverVersion: 2.43.600229 (3fae4d0cda5334..., userDataDir: /var/folders/1t/c55l8xzs6gq...}, cssSelectorsEnabled: true, databaseEnabled: false, goog:chromeOptions: {debuggerAddress: localhost:58582}, handlesAlerts: true, hasTouchScreen: false, javascriptEnabled: true, locationContextEnabled: true, mobileEmulationEnabled: false, nativeEvents: true, networkConnectionEnabled: false, pageLoadStrategy: normal, platform: MAC, platformName: MAC, rotatable: false, setWindowRect: true, takesHeapSnapshot: true, takesScreenshot: true, unexpectedAlertBehaviour: , unhandledPromptBehavior: , version: 75.0.3770.100, webStorageEnabled: true}
Session ID: 4dce0ca2d9a3429af575a28143467db2)
	at com.kms.katalon.core.keyword.internal.KeywordMain.stepFailed(KeywordMain.groovy:36)
	at com.kms.katalon.core.webui.keyword.internal.WebUIKeywordMain.stepFailed(WebUIKeywordMain.groovy:65)
	at com.kms.katalon.core.webui.keyword.internal.WebUIKeywordMain.runKeyword(WebUIKeywordMain.groovy:27)
	at com.kms.katalon.core.webui.keyword.builtin.ClickKeyword.click(ClickKeyword.groovy:86)
	at com.kms.katalon.core.webui.keyword.builtin.ClickKeyword.execute(ClickKeyword.groovy:67)
	at com.kms.katalon.core.keyword.internal.KeywordExecutor.executeKeywordForPlatform(KeywordExecutor.groovy:53)
	at com.kms.katalon.core.webui.keyword.WebUiBuiltInKeywords.click(WebUiBuiltInKeywords.groovy:616)
	at com.kms.katalon.core.webui.keyword.WebUiBuiltInKeywords$click$2.call(Unknown Source)
	at Adding diff prods to cart.run(Adding diff prods to cart:113)
	at com.kms.katalon.core.main.ScriptEngine.run(ScriptEngine.java:194)
	at com.kms.katalon.core.main.ScriptEngine.runScriptAsRawText(ScriptEngine.java:119)
	at com.kms.katalon.core.main.TestCaseExecutor.runScript(TestCaseExecutor.java:328)
	at com.kms.katalon.core.main.TestCaseExecutor.doExecute(TestCaseExecutor.java:319)
	at com.kms.katalon.core.main.TestCaseExecutor.processExecutionPhase(TestCaseExecutor.java:298)
	at com.kms.katalon.core.main.TestCaseExecutor.accessMainPhase(TestCaseExecutor.java:290)
	at com.kms.katalon.core.main.TestCaseExecutor.execute(TestCaseExecutor.java:224)
	at com.kms.katalon.core.main.TestSuiteExecutor.accessTestCaseMainPhase(TestSuiteExecutor.java:129)
	at com.kms.katalon.core.main.TestSuiteExecutor.accessTestSuiteMainPhase(TestSuiteExecutor.java:112)
	at com.kms.katalon.core.main.TestSuiteExecutor.execute(TestSuiteExecutor.java:81)
	at com.kms.katalon.core.main.TestCaseMain.startTestSuite(TestCaseMain.java:149)
	at com.kms.katalon.core.main.TestCaseMain$startTestSuite$0.call(Unknown Source)
	at TempTestSuite1560887558246.run(TempTestSuite1560887558246.groovy:36)
"/>
         <system-out><![CDATA[2019-06-18 16:15:47 - [TEST_CASE][FAILED] - Test Cases/CRITICAL PATH/Adding diff prods to cart: Test Cases/CRITICAL PATH/Adding diff prods to cart FAILED.
Reason:
com.kms.katalon.core.exception.StepFailedException: Unable to click on object 'Object Repository/APOLLO- Desktop/Shipping page/Continue to payment' (Root cause: org.openqa.selenium.WebDriverException: unknown error: Element <button name="button" type="submit" id="continue_button" class="step__footer__continue-btn btn " aria-busy="false" trekkie_id="continue_to_payment_method_button">...</button> is not clickable at point (491, 681). Other element would receive the click: <iframe title="Preview Bar" id="preview-bar-iframe" src="https://diff-apollo.myshopify.com/preview_bar" sandbox="allow-same-origin allow-scripts" style="position: fixed; bottom: 0px; left: 0px; z-index: 2147483647; width: 100%; border: none; box-shadow: rgba(0, 0, 0, 0.2) 0px -1px 3px; overflow: hidden; transform: translateY(0px); transition: transform 300ms ease 0s; height: 60px;"></iframe>
  (Session info: chrome=75.0.3770.100)
  (Driver info: chromedriver=2.43.600229 (3fae4d0cda5334b4f533bede5a4787f7b832d052),platform=Mac OS X 10.13.6 x86_64) (WARNING: The server did not provide any stacktrace information)
Command duration or timeout: 0 milliseconds
Build info: version: '3.7.1', revision: '8a0099a', time: '2017-11-06T21:07:36.161Z'
System info: host: 'sumans-MacBook-Pro.local', ip: 'fe80:0:0:0:9b:8caf:6d51:8ac%en0', os.name: 'Mac OS X', os.arch: 'x86_64', os.version: '10.13.6', java.version: '1.8.0_181'
Driver info: com.kms.katalon.selenium.driver.CChromeDriver
Capabilities {acceptInsecureCerts: false, acceptSslCerts: false, applicationCacheEnabled: false, browserConnectionEnabled: false, browserName: chrome, chrome: {chromedriverVersion: 2.43.600229 (3fae4d0cda5334..., userDataDir: /var/folders/1t/c55l8xzs6gq...}, cssSelectorsEnabled: true, databaseEnabled: false, goog:chromeOptions: {debuggerAddress: localhost:58582}, handlesAlerts: true, hasTouchScreen: false, javascriptEnabled: true, locationContextEnabled: true, mobileEmulationEnabled: false, nativeEvents: true, networkConnectionEnabled: false, pageLoadStrategy: normal, platform: MAC, platformName: MAC, rotatable: false, setWindowRect: true, takesHeapSnapshot: true, takesScreenshot: true, unexpectedAlertBehaviour: , unhandledPromptBehavior: , version: 75.0.3770.100, webStorageEnabled: true}
Session ID: 4dce0ca2d9a3429af575a28143467db2)
	at com.kms.katalon.core.keyword.internal.KeywordMain.stepFailed(KeywordMain.groovy:36)
	at com.kms.katalon.core.webui.keyword.internal.WebUIKeywordMain.stepFailed(WebUIKeywordMain.groovy:65)
	at com.kms.katalon.core.webui.keyword.internal.WebUIKeywordMain.runKeyword(WebUIKeywordMain.groovy:27)
	at com.kms.katalon.core.webui.keyword.builtin.ClickKeyword.click(ClickKeyword.groovy:86)
	at com.kms.katalon.core.webui.keyword.builtin.ClickKeyword.execute(ClickKeyword.groovy:67)
	at com.kms.katalon.core.keyword.internal.KeywordExecutor.executeKeywordForPlatform(KeywordExecutor.groovy:53)
	at com.kms.katalon.core.webui.keyword.WebUiBuiltInKeywords.click(WebUiBuiltInKeywords.groovy:616)
	at com.kms.katalon.core.webui.keyword.WebUiBuiltInKeywords$click$2.call(Unknown Source)
	at Adding diff prods to cart.run(Adding diff prods to cart:113)
	at com.kms.katalon.core.main.ScriptEngine.run(ScriptEngine.java:194)
	at com.kms.katalon.core.main.ScriptEngine.runScriptAsRawText(ScriptEngine.java:119)
	at com.kms.katalon.core.main.TestCaseExecutor.runScript(TestCaseExecutor.java:328)
	at com.kms.katalon.core.main.TestCaseExecutor.doExecute(TestCaseExecutor.java:319)
	at com.kms.katalon.core.main.TestCaseExecutor.processExecutionPhase(TestCaseExecutor.java:298)
	at com.kms.katalon.core.main.TestCaseExecutor.accessMainPhase(TestCaseExecutor.java:290)
	at com.kms.katalon.core.main.TestCaseExecutor.execute(TestCaseExecutor.java:224)
	at com.kms.katalon.core.main.TestSuiteExecutor.accessTestCaseMainPhase(TestSuiteExecutor.java:129)
	at com.kms.katalon.core.main.TestSuiteExecutor.accessTestSuiteMainPhase(TestSuiteExecutor.java:112)
	at com.kms.katalon.core.main.TestSuiteExecutor.execute(TestSuiteExecutor.java:81)
	at com.kms.katalon.core.main.TestCaseMain.startTestSuite(TestCaseMain.java:149)
	at com.kms.katalon.core.main.TestCaseMain$startTestSuite$0.call(Unknown Source)
	at TempTestSuite1560887558246.run(TempTestSuite1560887558246.groovy:36)


2019-06-18 16:15:47 - [TEST_STEP][PASSED] - callTestCase(findTestCase("CALL - URL"), [:], STOP_ON_FAILURE): Call Test Case 'Test Cases/CALL - URL' successfully

2019-06-18 16:15:47 - [TEST_CASE][PASSED] - Test Cases/CALL - URL: Test Cases/CALL - URL

2019-06-18 16:15:47 - [TEST_STEP][PASSED] - openBrowser(""): Browser is opened with url: ''

2019-06-18 16:15:47 - [MESSAGE][WARNING] - A browser is already opened. Closing browser and opening a new one

2019-06-18 16:15:47 - [MESSAGE][INFO] - Starting 'Chrome' driver

2019-06-18 16:15:48 - [MESSAGE][PASSED] - Browser is opened with url: ''

2019-06-18 16:15:48 - [TEST_STEP][PASSED] - navigateToUrl("https://diff-apollo.myshopify.com/?_ab=0&_fd=0&_sc=1&preview_theme_id=68602101860"): Navigate to 'https://diff-apollo.myshopify.com/?_ab=0&_fd=0&_sc=1&preview_theme_id=68602101860' successfully

2019-06-18 16:15:52 - [MESSAGE][PASSED] - Navigate to 'https://diff-apollo.myshopify.com/?_ab=0&_fd=0&_sc=1&preview_theme_id=68602101860' successfully

2019-06-18 16:15:52 - [TEST_STEP][PASSED] - executeJavaScript("var previewBar = document.getElementById("preview-bar-iframe"); previewBar.style.display = "none";", []): Execute JavaScript 'var previewBar = document.getElementById("preview-bar-iframe"); previewBar.style.display = "none";' successfully

2019-06-18 16:15:52 - [MESSAGE][PASSED] - Execute JavaScript 'var previewBar = document.getElementById("preview-bar-iframe"); previewBar.style.display = "none";' successfully

2019-06-18 16:15:52 - [MESSAGE][PASSED] - Call Test Case 'Test Cases/CALL - URL' successfully

2019-06-18 16:15:52 - [TEST_STEP][PASSED] - click(findTestObject("APOLLO- Desktop/Burger Menu/Burgermenu")): Object: 'Object Repository/APOLLO- Desktop/Burger Menu/Burgermenu' is clicked on

2019-06-18 16:15:53 - [MESSAGE][PASSED] - Object: 'Object Repository/APOLLO- Desktop/Burger Menu/Burgermenu' is clicked on

2019-06-18 16:15:53 - [TEST_STEP][PASSED] - delay(2): Delayed 2 second(s)

2019-06-18 16:15:55 - [MESSAGE][PASSED] - Delayed 2 second(s)

2019-06-18 16:15:55 - [TEST_STEP][PASSED] - click(findTestObject("APOLLO- Desktop/Burger Menu/Mens chevron")): Object: 'Object Repository/APOLLO- Desktop/Burger Menu/Mens chevron' is clicked on

2019-06-18 16:15:55 - [MESSAGE][PASSED] - Object: 'Object Repository/APOLLO- Desktop/Burger Menu/Mens chevron' is clicked on

2019-06-18 16:15:55 - [TEST_STEP][PASSED] - delay(2): Delayed 2 second(s)

2019-06-18 16:15:57 - [MESSAGE][PASSED] - Delayed 2 second(s)

2019-06-18 16:15:57 - [TEST_STEP][PASSED] - click(findTestObject("APOLLO- Desktop/Burger Menu/Mens - Top Chevron")): Object: 'Object Repository/APOLLO- Desktop/Burger Menu/Mens - Top Chevron' is clicked on

2019-06-18 16:15:57 - [MESSAGE][PASSED] - Object: 'Object Repository/APOLLO- Desktop/Burger Menu/Mens - Top Chevron' is clicked on

2019-06-18 16:15:57 - [TEST_STEP][PASSED] - delay(2): Delayed 2 second(s)

2019-06-18 16:15:59 - [MESSAGE][PASSED] - Delayed 2 second(s)

2019-06-18 16:15:59 - [TEST_STEP][PASSED] - click(findTestObject("APOLLO- Desktop/Burger Menu/Shirts link")): Object: 'Object Repository/APOLLO- Desktop/Burger Menu/Shirts link' is clicked on

2019-06-18 16:16:00 - [MESSAGE][PASSED] - Object: 'Object Repository/APOLLO- Desktop/Burger Menu/Shirts link' is clicked on

2019-06-18 16:16:00 - [TEST_STEP][PASSED] - delay(2): Delayed 2 second(s)

2019-06-18 16:16:02 - [MESSAGE][PASSED] - Delayed 2 second(s)

2019-06-18 16:16:02 - [TEST_STEP][PASSED] - click(findTestObject("APOLLO- Desktop/Collection page/Blue shirt product")): Object: 'Object Repository/APOLLO- Desktop/Collection page/Blue shirt product' is clicked on

2019-06-18 16:16:05 - [MESSAGE][PASSED] - Object: 'Object Repository/APOLLO- Desktop/Collection page/Blue shirt product' is clicked on

2019-06-18 16:16:05 - [TEST_STEP][PASSED] - delay(2): Delayed 2 second(s)

2019-06-18 16:16:07 - [MESSAGE][PASSED] - Delayed 2 second(s)

2019-06-18 16:16:07 - [TEST_STEP][PASSED] - selectOptionByValue(findTestObject("APOLLO- Desktop/Product page/Size dropdown"), "Medium", true): All options with value 'Medium' are selected in object 'Object Repository/APOLLO- Desktop/Product page/Size dropdown'  using regular expression

2019-06-18 16:16:07 - [MESSAGE][PASSED] - All options with value 'Medium' are selected in object 'Object Repository/APOLLO- Desktop/Product page/Size dropdown'  using regular expression

2019-06-18 16:16:07 - [TEST_STEP][PASSED] - delay(2): Delayed 2 second(s)

2019-06-18 16:16:09 - [MESSAGE][PASSED] - Delayed 2 second(s)

2019-06-18 16:16:09 - [TEST_STEP][PASSED] - click(findTestObject("APOLLO- Desktop/Product page/Add to bag")): Object: 'Object Repository/APOLLO- Desktop/Product page/Add to bag' is clicked on

2019-06-18 16:16:09 - [MESSAGE][PASSED] - Object: 'Object Repository/APOLLO- Desktop/Product page/Add to bag' is clicked on

2019-06-18 16:16:09 - [TEST_STEP][PASSED] - delay(2): Delayed 2 second(s)

2019-06-18 16:16:11 - [MESSAGE][PASSED] - Delayed 2 second(s)

2019-06-18 16:16:11 - [TEST_STEP][PASSED] - selectOptionByValue(findTestObject("APOLLO- Desktop/Product page/Size dropdown"), "Large", true): All options with value 'Large' are selected in object 'Object Repository/APOLLO- Desktop/Product page/Size dropdown'  using regular expression

2019-06-18 16:16:11 - [MESSAGE][PASSED] - All options with value 'Large' are selected in object 'Object Repository/APOLLO- Desktop/Product page/Size dropdown'  using regular expression

2019-06-18 16:16:11 - [TEST_STEP][PASSED] - delay(2): Delayed 2 second(s)

2019-06-18 16:16:13 - [MESSAGE][PASSED] - Delayed 2 second(s)

2019-06-18 16:16:13 - [TEST_STEP][PASSED] - click(findTestObject("APOLLO- Desktop/Product page/Add to bag")): Object: 'Object Repository/APOLLO- Desktop/Product page/Add to bag' is clicked on

2019-06-18 16:16:13 - [MESSAGE][PASSED] - Object: 'Object Repository/APOLLO- Desktop/Product page/Add to bag' is clicked on

2019-06-18 16:16:13 - [TEST_STEP][PASSED] - delay(2): Delayed 2 second(s)

2019-06-18 16:16:15 - [MESSAGE][PASSED] - Delayed 2 second(s)

2019-06-18 16:16:15 - [TEST_STEP][PASSED] - selectOptionByValue(findTestObject("APOLLO- Desktop/Product page/Size dropdown"), "Extra Large", true): All options with value 'Extra Large' are selected in object 'Object Repository/APOLLO- Desktop/Product page/Size dropdown'  using regular expression

2019-06-18 16:16:15 - [MESSAGE][PASSED] - All options with value 'Extra Large' are selected in object 'Object Repository/APOLLO- Desktop/Product page/Size dropdown'  using regular expression

2019-06-18 16:16:15 - [TEST_STEP][PASSED] - delay(2): Delayed 2 second(s)

2019-06-18 16:16:17 - [MESSAGE][PASSED] - Delayed 2 second(s)

2019-06-18 16:16:17 - [TEST_STEP][PASSED] - click(findTestObject("APOLLO- Desktop/Product page/Add to bag")): Object: 'Object Repository/APOLLO- Desktop/Product page/Add to bag' is clicked on

2019-06-18 16:16:18 - [MESSAGE][PASSED] - Object: 'Object Repository/APOLLO- Desktop/Product page/Add to bag' is clicked on

2019-06-18 16:16:18 - [TEST_STEP][PASSED] - delay(2): Delayed 2 second(s)

2019-06-18 16:16:20 - [MESSAGE][PASSED] - Delayed 2 second(s)

2019-06-18 16:16:20 - [TEST_STEP][PASSED] - click(findTestObject("APOLLO- Desktop/Burger Menu/Burgermenu")): Object: 'Object Repository/APOLLO- Desktop/Burger Menu/Burgermenu' is clicked on

2019-06-18 16:16:20 - [MESSAGE][PASSED] - Object: 'Object Repository/APOLLO- Desktop/Burger Menu/Burgermenu' is clicked on

2019-06-18 16:16:20 - [TEST_STEP][PASSED] - delay(2): Delayed 2 second(s)

2019-06-18 16:16:22 - [MESSAGE][PASSED] - Delayed 2 second(s)

2019-06-18 16:16:22 - [TEST_STEP][PASSED] - click(findTestObject("APOLLO- Desktop/Burger Menu/KIds link")): Object: 'Object Repository/APOLLO- Desktop/Burger Menu/KIds link' is clicked on

2019-06-18 16:16:23 - [MESSAGE][PASSED] - Object: 'Object Repository/APOLLO- Desktop/Burger Menu/KIds link' is clicked on

2019-06-18 16:16:23 - [TEST_STEP][PASSED] - delay(2): Delayed 2 second(s)

2019-06-18 16:16:25 - [MESSAGE][PASSED] - Delayed 2 second(s)

2019-06-18 16:16:25 - [TEST_STEP][PASSED] - click(findTestObject("APOLLO- Desktop/Collection page/Sailor sweatshirt")): Object: 'Object Repository/APOLLO- Desktop/Collection page/Sailor sweatshirt' is clicked on

2019-06-18 16:16:27 - [MESSAGE][PASSED] - Object: 'Object Repository/APOLLO- Desktop/Collection page/Sailor sweatshirt' is clicked on

2019-06-18 16:16:27 - [TEST_STEP][PASSED] - delay(2): Delayed 2 second(s)

2019-06-18 16:16:29 - [MESSAGE][PASSED] - Delayed 2 second(s)

2019-06-18 16:16:29 - [TEST_STEP][PASSED] - click(findTestObject("APOLLO- Desktop/Product page/Add to bag")): Object: 'Object Repository/APOLLO- Desktop/Product page/Add to bag' is clicked on

2019-06-18 16:16:29 - [MESSAGE][PASSED] - Object: 'Object Repository/APOLLO- Desktop/Product page/Add to bag' is clicked on

2019-06-18 16:16:29 - [TEST_STEP][PASSED] - delay(2): Delayed 2 second(s)

2019-06-18 16:16:31 - [MESSAGE][PASSED] - Delayed 2 second(s)

2019-06-18 16:16:31 - [TEST_STEP][PASSED] - click(findTestObject("APOLLO- Desktop/Burger Menu/Burgermenu")): Object: 'Object Repository/APOLLO- Desktop/Burger Menu/Burgermenu' is clicked on

2019-06-18 16:16:31 - [MESSAGE][PASSED] - Object: 'Object Repository/APOLLO- Desktop/Burger Menu/Burgermenu' is clicked on

2019-06-18 16:16:31 - [TEST_STEP][PASSED] - delay(2): Delayed 2 second(s)

2019-06-18 16:16:33 - [MESSAGE][PASSED] - Delayed 2 second(s)

2019-06-18 16:16:33 - [TEST_STEP][PASSED] - click(findTestObject("APOLLO- Desktop/Burger Menu/Women link")): Object: 'Object Repository/APOLLO- Desktop/Burger Menu/Women link' is clicked on

2019-06-18 16:16:33 - [MESSAGE][PASSED] - Object: 'Object Repository/APOLLO- Desktop/Burger Menu/Women link' is clicked on

2019-06-18 16:16:33 - [TEST_STEP][PASSED] - delay(2): Delayed 2 second(s)

2019-06-18 16:16:35 - [MESSAGE][PASSED] - Delayed 2 second(s)

2019-06-18 16:16:35 - [TEST_STEP][PASSED] - click(findTestObject("APOLLO- Desktop/Burger Menu/Jackets - Coats")): Object: 'Object Repository/APOLLO- Desktop/Burger Menu/Jackets - Coats' is clicked on

2019-06-18 16:16:42 - [MESSAGE][PASSED] - Object: 'Object Repository/APOLLO- Desktop/Burger Menu/Jackets - Coats' is clicked on

2019-06-18 16:16:42 - [TEST_STEP][PASSED] - delay(2): Delayed 2 second(s)

2019-06-18 16:16:44 - [MESSAGE][PASSED] - Delayed 2 second(s)

2019-06-18 16:16:44 - [TEST_STEP][PASSED] - click(findTestObject("APOLLO- Desktop/Collection page/Womens long nude winter coat")): Object: 'Object Repository/APOLLO- Desktop/Collection page/Womens long nude winter coat' is clicked on

2019-06-18 16:16:50 - [MESSAGE][PASSED] - Object: 'Object Repository/APOLLO- Desktop/Collection page/Womens long nude winter coat' is clicked on

2019-06-18 16:16:50 - [TEST_STEP][PASSED] - delay(2): Delayed 2 second(s)

2019-06-18 16:16:52 - [MESSAGE][PASSED] - Delayed 2 second(s)

2019-06-18 16:16:52 - [TEST_STEP][PASSED] - selectOptionByValue(findTestObject("APOLLO- Desktop/Product page/Size dropdown"), "Small", true): All options with value 'Small' are selected in object 'Object Repository/APOLLO- Desktop/Product page/Size dropdown'  using regular expression

2019-06-18 16:16:53 - [MESSAGE][PASSED] - All options with value 'Small' are selected in object 'Object Repository/APOLLO- Desktop/Product page/Size dropdown'  using regular expression

2019-06-18 16:16:53 - [TEST_STEP][PASSED] - delay(2): Delayed 2 second(s)

2019-06-18 16:16:55 - [MESSAGE][PASSED] - Delayed 2 second(s)

2019-06-18 16:16:55 - [TEST_STEP][PASSED] - click(findTestObject("APOLLO- Desktop/Product page/Add to bag")): Object: 'Object Repository/APOLLO- Desktop/Product page/Add to bag' is clicked on

2019-06-18 16:16:55 - [MESSAGE][PASSED] - Object: 'Object Repository/APOLLO- Desktop/Product page/Add to bag' is clicked on

2019-06-18 16:16:55 - [TEST_STEP][PASSED] - delay(2): Delayed 2 second(s)

2019-06-18 16:16:57 - [MESSAGE][PASSED] - Delayed 2 second(s)

2019-06-18 16:16:57 - [TEST_STEP][PASSED] - executeJavaScript("var previewBar = document.getElementById("preview-bar-iframe"); previewBar.style.display = "none";", []): Execute JavaScript 'var previewBar = document.getElementById("preview-bar-iframe"); previewBar.style.display = "none";' successfully

2019-06-18 16:16:57 - [MESSAGE][PASSED] - Execute JavaScript 'var previewBar = document.getElementById("preview-bar-iframe"); previewBar.style.display = "none";' successfully

2019-06-18 16:16:57 - [TEST_STEP][PASSED] - click(findTestObject("APOLLO- Desktop/Cart flyout/Checkout")): Object: 'Object Repository/APOLLO- Desktop/Cart flyout/Checkout' is clicked on

2019-06-18 16:16:59 - [MESSAGE][PASSED] - Object: 'Object Repository/APOLLO- Desktop/Cart flyout/Checkout' is clicked on

2019-06-18 16:16:59 - [TEST_STEP][PASSED] - callTestCase(findTestCase("CALL- CUSTOMER INFO PAGE"), [:], STOP_ON_FAILURE): Call Test Case 'Test Cases/CALL- CUSTOMER INFO PAGE' successfully

2019-06-18 16:16:59 - [TEST_CASE][PASSED] - Test Cases/CALL- CUSTOMER INFO PAGE: Test Cases/CALL- CUSTOMER INFO PAGE

2019-06-18 16:16:59 - [TEST_STEP][PASSED] - delay(2): Delayed 2 second(s)

2019-06-18 16:17:01 - [MESSAGE][PASSED] - Delayed 2 second(s)

2019-06-18 16:17:01 - [TEST_STEP][PASSED] - executeJavaScript("var previewBar = document.getElementById("preview-bar-iframe"); previewBar.style.display = "none";", []): Execute JavaScript 'var previewBar = document.getElementById("preview-bar-iframe"); previewBar.style.display = "none";' successfully

2019-06-18 16:17:01 - [MESSAGE][PASSED] - Execute JavaScript 'var previewBar = document.getElementById("preview-bar-iframe"); previewBar.style.display = "none";' successfully

2019-06-18 16:17:01 - [TEST_STEP][PASSED] - setText(findTestObject("APOLLO- Desktop/Customer Information page/Email"), "suman@gmail.com"): Text 'suman@gmail.com' is set on object 'Object Repository/APOLLO- Desktop/Customer Information page/Email'

2019-06-18 16:17:02 - [MESSAGE][PASSED] - Text 'suman@gmail.com' is set on object 'Object Repository/APOLLO- Desktop/Customer Information page/Email'

2019-06-18 16:17:02 - [TEST_STEP][PASSED] - delay(2): Delayed 2 second(s)

2019-06-18 16:17:04 - [MESSAGE][PASSED] - Delayed 2 second(s)

2019-06-18 16:17:04 - [TEST_STEP][PASSED] - setText(findTestObject("APOLLO- Desktop/Customer Information page/First name"), "suman"): Text 'suman' is set on object 'Object Repository/APOLLO- Desktop/Customer Information page/First name'

2019-06-18 16:17:04 - [MESSAGE][PASSED] - Text 'suman' is set on object 'Object Repository/APOLLO- Desktop/Customer Information page/First name'

2019-06-18 16:17:04 - [TEST_STEP][PASSED] - delay(2): Delayed 2 second(s)

2019-06-18 16:17:06 - [MESSAGE][PASSED] - Delayed 2 second(s)

2019-06-18 16:17:06 - [TEST_STEP][PASSED] - setText(findTestObject("APOLLO- Desktop/Customer Information page/Last name"), "kompelly"): Text 'kompelly' is set on object 'Object Repository/APOLLO- Desktop/Customer Information page/Last name'

2019-06-18 16:17:06 - [MESSAGE][PASSED] - Text 'kompelly' is set on object 'Object Repository/APOLLO- Desktop/Customer Information page/Last name'

2019-06-18 16:17:06 - [TEST_STEP][PASSED] - delay(2): Delayed 2 second(s)

2019-06-18 16:17:08 - [MESSAGE][PASSED] - Delayed 2 second(s)

2019-06-18 16:17:08 - [TEST_STEP][PASSED] - setText(findTestObject("APOLLO- Desktop/Customer Information page/Address"), "1435 st alxendre"): Text '1435 st alxendre' is set on object 'Object Repository/APOLLO- Desktop/Customer Information page/Address'

2019-06-18 16:17:08 - [MESSAGE][PASSED] - Text '1435 st alxendre' is set on object 'Object Repository/APOLLO- Desktop/Customer Information page/Address'

2019-06-18 16:17:08 - [TEST_STEP][PASSED] - setText(findTestObject("APOLLO- Desktop/Customer Information page/Apartment"), "220"): Text '220' is set on object 'Object Repository/APOLLO- Desktop/Customer Information page/Apartment'

2019-06-18 16:17:08 - [MESSAGE][PASSED] - Text '220' is set on object 'Object Repository/APOLLO- Desktop/Customer Information page/Apartment'

2019-06-18 16:17:08 - [TEST_STEP][PASSED] - setText(findTestObject("APOLLO- Desktop/Customer Information page/City"), "montreal"): Text 'montreal' is set on object 'Object Repository/APOLLO- Desktop/Customer Information page/City'

2019-06-18 16:17:08 - [MESSAGE][PASSED] - Text 'montreal' is set on object 'Object Repository/APOLLO- Desktop/Customer Information page/City'

2019-06-18 16:17:08 - [TEST_STEP][PASSED] - selectOptionByValue(findTestObject("APOLLO- Desktop/Customer Information page/Country dropdown"), "United States", true): All options with value 'United States' are selected in object 'Object Repository/APOLLO- Desktop/Customer Information page/Country dropdown'  using regular expression

2019-06-18 16:17:12 - [MESSAGE][PASSED] - All options with value 'United States' are selected in object 'Object Repository/APOLLO- Desktop/Customer Information page/Country dropdown'  using regular expression

2019-06-18 16:17:12 - [TEST_STEP][PASSED] - selectOptionByValue(findTestObject("APOLLO- Desktop/Customer Information page/states dropdown"), "NJ", true): All options with value 'NJ' are selected in object 'Object Repository/APOLLO- Desktop/Customer Information page/states dropdown'  using regular expression

2019-06-18 16:17:12 - [MESSAGE][PASSED] - All options with value 'NJ' are selected in object 'Object Repository/APOLLO- Desktop/Customer Information page/states dropdown'  using regular expression

2019-06-18 16:17:12 - [TEST_STEP][PASSED] - setText(findTestObject("APOLLO- Desktop/Customer Information page/ZIP code"), "07057"): Text '07057' is set on object 'Object Repository/APOLLO- Desktop/Customer Information page/ZIP code'

2019-06-18 16:17:13 - [MESSAGE][PASSED] - Text '07057' is set on object 'Object Repository/APOLLO- Desktop/Customer Information page/ZIP code'

2019-06-18 16:17:13 - [MESSAGE][PASSED] - Call Test Case 'Test Cases/CALL- CUSTOMER INFO PAGE' successfully

2019-06-18 16:17:13 - [TEST_STEP][PASSED] - click(findTestObject("APOLLO- Desktop/Customer Information page/Continue to shipping")): Object: 'Object Repository/APOLLO- Desktop/Customer Information page/Continue to shipping' is clicked on

2019-06-18 16:17:14 - [MESSAGE][PASSED] - Object: 'Object Repository/APOLLO- Desktop/Customer Information page/Continue to shipping' is clicked on

2019-06-18 16:17:14 - [TEST_STEP][PASSED] - click(findTestObject("APOLLO- Desktop/Shipping page/Radio button check")): Object: 'Object Repository/APOLLO- Desktop/Shipping page/Radio button check' is clicked on

2019-06-18 16:17:16 - [MESSAGE][PASSED] - Object: 'Object Repository/APOLLO- Desktop/Shipping page/Radio button check' is clicked on

2019-06-18 16:17:16 - [TEST_STEP][FAILED] - click(findTestObject("APOLLO- Desktop/Shipping page/Continue to payment")): click(findTestObject("APOLLO- Desktop/Shipping page/Continue to payment")) FAILED.
Reason:
com.kms.katalon.core.exception.StepFailedException: Unable to click on object 'Object Repository/APOLLO- Desktop/Shipping page/Continue to payment' (Root cause: org.openqa.selenium.WebDriverException: unknown error: Element <button name="button" type="submit" id="continue_button" class="step__footer__continue-btn btn " aria-busy="false" trekkie_id="continue_to_payment_method_button">...</button> is not clickable at point (491, 681). Other element would receive the click: <iframe title="Preview Bar" id="preview-bar-iframe" src="https://diff-apollo.myshopify.com/preview_bar" sandbox="allow-same-origin allow-scripts" style="position: fixed; bottom: 0px; left: 0px; z-index: 2147483647; width: 100%; border: none; box-shadow: rgba(0, 0, 0, 0.2) 0px -1px 3px; overflow: hidden; transform: translateY(0px); transition: transform 300ms ease 0s; height: 60px;"></iframe>
  (Session info: chrome=75.0.3770.100)
  (Driver info: chromedriver=2.43.600229 (3fae4d0cda5334b4f533bede5a4787f7b832d052),platform=Mac OS X 10.13.6 x86_64) (WARNING: The server did not provide any stacktrace information)
Command duration or timeout: 0 milliseconds
Build info: version: '3.7.1', revision: '8a0099a', time: '2017-11-06T21:07:36.161Z'
System info: host: 'sumans-MacBook-Pro.local', ip: 'fe80:0:0:0:9b:8caf:6d51:8ac%en0', os.name: 'Mac OS X', os.arch: 'x86_64', os.version: '10.13.6', java.version: '1.8.0_181'
Driver info: com.kms.katalon.selenium.driver.CChromeDriver
Capabilities {acceptInsecureCerts: false, acceptSslCerts: false, applicationCacheEnabled: false, browserConnectionEnabled: false, browserName: chrome, chrome: {chromedriverVersion: 2.43.600229 (3fae4d0cda5334..., userDataDir: /var/folders/1t/c55l8xzs6gq...}, cssSelectorsEnabled: true, databaseEnabled: false, goog:chromeOptions: {debuggerAddress: localhost:58582}, handlesAlerts: true, hasTouchScreen: false, javascriptEnabled: true, locationContextEnabled: true, mobileEmulationEnabled: false, nativeEvents: true, networkConnectionEnabled: false, pageLoadStrategy: normal, platform: MAC, platformName: MAC, rotatable: false, setWindowRect: true, takesHeapSnapshot: true, takesScreenshot: true, unexpectedAlertBehaviour: , unhandledPromptBehavior: , version: 75.0.3770.100, webStorageEnabled: true}
Session ID: 4dce0ca2d9a3429af575a28143467db2)
	at com.kms.katalon.core.keyword.internal.KeywordMain.stepFailed(KeywordMain.groovy:36)
	at com.kms.katalon.core.webui.keyword.internal.WebUIKeywordMain.stepFailed(WebUIKeywordMain.groovy:65)
	at com.kms.katalon.core.webui.keyword.internal.WebUIKeywordMain.runKeyword(WebUIKeywordMain.groovy:27)
	at com.kms.katalon.core.webui.keyword.builtin.ClickKeyword.click(ClickKeyword.groovy:86)
	at com.kms.katalon.core.webui.keyword.builtin.ClickKeyword.execute(ClickKeyword.groovy:67)
	at com.kms.katalon.core.keyword.internal.KeywordExecutor.executeKeywordForPlatform(KeywordExecutor.groovy:53)
	at com.kms.katalon.core.webui.keyword.WebUiBuiltInKeywords.click(WebUiBuiltInKeywords.groovy:616)
	at com.kms.katalon.core.webui.keyword.WebUiBuiltInKeywords$click$2.call(Unknown Source)
	at Adding diff prods to cart.run(Adding diff prods to cart:113)
	at com.kms.katalon.core.main.ScriptEngine.run(ScriptEngine.java:194)
	at com.kms.katalon.core.main.ScriptEngine.runScriptAsRawText(ScriptEngine.java:119)
	at com.kms.katalon.core.main.TestCaseExecutor.runScript(TestCaseExecutor.java:328)
	at com.kms.katalon.core.main.TestCaseExecutor.doExecute(TestCaseExecutor.java:319)
	at com.kms.katalon.core.main.TestCaseExecutor.processExecutionPhase(TestCaseExecutor.java:298)
	at com.kms.katalon.core.main.TestCaseExecutor.accessMainPhase(TestCaseExecutor.java:290)
	at com.kms.katalon.core.main.TestCaseExecutor.execute(TestCaseExecutor.java:224)
	at com.kms.katalon.core.main.TestSuiteExecutor.accessTestCaseMainPhase(TestSuiteExecutor.java:129)
	at com.kms.katalon.core.main.TestSuiteExecutor.accessTestSuiteMainPhase(TestSuiteExecutor.java:112)
	at com.kms.katalon.core.main.TestSuiteExecutor.execute(TestSuiteExecutor.java:81)
	at com.kms.katalon.core.main.TestCaseMain.startTestSuite(TestCaseMain.java:149)
	at com.kms.katalon.core.main.TestCaseMain$startTestSuite$0.call(Unknown Source)
	at TempTestSuite1560887558246.run(TempTestSuite1560887558246.groovy:36)


2019-06-18 16:17:17 - [MESSAGE][FAILED] - Unable to click on object 'Object Repository/APOLLO- Desktop/Shipping page/Continue to payment' (Root cause: org.openqa.selenium.WebDriverException: unknown error: Element <button name="button" type="submit" id="continue_button" class="step__footer__continue-btn btn " aria-busy="false" trekkie_id="continue_to_payment_method_button">...</button> is not clickable at point (491, 681). Other element would receive the click: <iframe title="Preview Bar" id="preview-bar-iframe" src="https://diff-apollo.myshopify.com/preview_bar" sandbox="allow-same-origin allow-scripts" style="position: fixed; bottom: 0px; left: 0px; z-index: 2147483647; width: 100%; border: none; box-shadow: rgba(0, 0, 0, 0.2) 0px -1px 3px; overflow: hidden; transform: translateY(0px); transition: transform 300ms ease 0s; height: 60px;"></iframe>
  (Session info: chrome=75.0.3770.100)
  (Driver info: chromedriver=2.43.600229 (3fae4d0cda5334b4f533bede5a4787f7b832d052),platform=Mac OS X 10.13.6 x86_64) (WARNING: The server did not provide any stacktrace information)
Command duration or timeout: 0 milliseconds
Build info: version: '3.7.1', revision: '8a0099a', time: '2017-11-06T21:07:36.161Z'
System info: host: 'sumans-MacBook-Pro.local', ip: 'fe80:0:0:0:9b:8caf:6d51:8ac%en0', os.name: 'Mac OS X', os.arch: 'x86_64', os.version: '10.13.6', java.version: '1.8.0_181'
Driver info: com.kms.katalon.selenium.driver.CChromeDriver
Capabilities {acceptInsecureCerts: false, acceptSslCerts: false, applicationCacheEnabled: false, browserConnectionEnabled: false, browserName: chrome, chrome: {chromedriverVersion: 2.43.600229 (3fae4d0cda5334..., userDataDir: /var/folders/1t/c55l8xzs6gq...}, cssSelectorsEnabled: true, databaseEnabled: false, goog:chromeOptions: {debuggerAddress: localhost:58582}, handlesAlerts: true, hasTouchScreen: false, javascriptEnabled: true, locationContextEnabled: true, mobileEmulationEnabled: false, nativeEvents: true, networkConnectionEnabled: false, pageLoadStrategy: normal, platform: MAC, platformName: MAC, rotatable: false, setWindowRect: true, takesHeapSnapshot: true, takesScreenshot: true, unexpectedAlertBehaviour: , unhandledPromptBehavior: , version: 75.0.3770.100, webStorageEnabled: true}
Session ID: 4dce0ca2d9a3429af575a28143467db2)
[[ATTACHMENT|/Users/sumankompelly/Katalon Studio/APOLLO/Reports/Apollo- Desktop/20190618_155238/1560889036572.png]]

2019-06-18 16:17:17 - [MESSAGE][FAILED] - click(findTestObject("APOLLO- Desktop/Shipping page/Continue to payment")) FAILED.
Reason:
com.kms.katalon.core.exception.StepFailedException: Unable to click on object 'Object Repository/APOLLO- Desktop/Shipping page/Continue to payment' (Root cause: org.openqa.selenium.WebDriverException: unknown error: Element <button name="button" type="submit" id="continue_button" class="step__footer__continue-btn btn " aria-busy="false" trekkie_id="continue_to_payment_method_button">...</button> is not clickable at point (491, 681). Other element would receive the click: <iframe title="Preview Bar" id="preview-bar-iframe" src="https://diff-apollo.myshopify.com/preview_bar" sandbox="allow-same-origin allow-scripts" style="position: fixed; bottom: 0px; left: 0px; z-index: 2147483647; width: 100%; border: none; box-shadow: rgba(0, 0, 0, 0.2) 0px -1px 3px; overflow: hidden; transform: translateY(0px); transition: transform 300ms ease 0s; height: 60px;"></iframe>
  (Session info: chrome=75.0.3770.100)
  (Driver info: chromedriver=2.43.600229 (3fae4d0cda5334b4f533bede5a4787f7b832d052),platform=Mac OS X 10.13.6 x86_64) (WARNING: The server did not provide any stacktrace information)
Command duration or timeout: 0 milliseconds
Build info: version: '3.7.1', revision: '8a0099a', time: '2017-11-06T21:07:36.161Z'
System info: host: 'sumans-MacBook-Pro.local', ip: 'fe80:0:0:0:9b:8caf:6d51:8ac%en0', os.name: 'Mac OS X', os.arch: 'x86_64', os.version: '10.13.6', java.version: '1.8.0_181'
Driver info: com.kms.katalon.selenium.driver.CChromeDriver
Capabilities {acceptInsecureCerts: false, acceptSslCerts: false, applicationCacheEnabled: false, browserConnectionEnabled: false, browserName: chrome, chrome: {chromedriverVersion: 2.43.600229 (3fae4d0cda5334..., userDataDir: /var/folders/1t/c55l8xzs6gq...}, cssSelectorsEnabled: true, databaseEnabled: false, goog:chromeOptions: {debuggerAddress: localhost:58582}, handlesAlerts: true, hasTouchScreen: false, javascriptEnabled: true, locationContextEnabled: true, mobileEmulationEnabled: false, nativeEvents: true, networkConnectionEnabled: false, pageLoadStrategy: normal, platform: MAC, platformName: MAC, rotatable: false, setWindowRect: true, takesHeapSnapshot: true, takesScreenshot: true, unexpectedAlertBehaviour: , unhandledPromptBehavior: , version: 75.0.3770.100, webStorageEnabled: true}
Session ID: 4dce0ca2d9a3429af575a28143467db2)
	at com.kms.katalon.core.keyword.internal.KeywordMain.stepFailed(KeywordMain.groovy:36)
	at com.kms.katalon.core.webui.keyword.internal.WebUIKeywordMain.stepFailed(WebUIKeywordMain.groovy:65)
	at com.kms.katalon.core.webui.keyword.internal.WebUIKeywordMain.runKeyword(WebUIKeywordMain.groovy:27)
	at com.kms.katalon.core.webui.keyword.builtin.ClickKeyword.click(ClickKeyword.groovy:86)
	at com.kms.katalon.core.webui.keyword.builtin.ClickKeyword.execute(ClickKeyword.groovy:67)
	at com.kms.katalon.core.keyword.internal.KeywordExecutor.executeKeywordForPlatform(KeywordExecutor.groovy:53)
	at com.kms.katalon.core.webui.keyword.WebUiBuiltInKeywords.click(WebUiBuiltInKeywords.groovy:616)
	at com.kms.katalon.core.webui.keyword.WebUiBuiltInKeywords$click$2.call(Unknown Source)
	at Adding diff prods to cart.run(Adding diff prods to cart:113)
	at com.kms.katalon.core.main.ScriptEngine.run(ScriptEngine.java:194)
	at com.kms.katalon.core.main.ScriptEngine.runScriptAsRawText(ScriptEngine.java:119)
	at com.kms.katalon.core.main.TestCaseExecutor.runScript(TestCaseExecutor.java:328)
	at com.kms.katalon.core.main.TestCaseExecutor.doExecute(TestCaseExecutor.java:319)
	at com.kms.katalon.core.main.TestCaseExecutor.processExecutionPhase(TestCaseExecutor.java:298)
	at com.kms.katalon.core.main.TestCaseExecutor.accessMainPhase(TestCaseExecutor.java:290)
	at com.kms.katalon.core.main.TestCaseExecutor.execute(TestCaseExecutor.java:224)
	at com.kms.katalon.core.main.TestSuiteExecutor.accessTestCaseMainPhase(TestSuiteExecutor.java:129)
	at com.kms.katalon.core.main.TestSuiteExecutor.accessTestSuiteMainPhase(TestSuiteExecutor.java:112)
	at com.kms.katalon.core.main.TestSuiteExecutor.execute(TestSuiteExecutor.java:81)
	at com.kms.katalon.core.main.TestCaseMain.startTestSuite(TestCaseMain.java:149)
	at com.kms.katalon.core.main.TestCaseMain$startTestSuite$0.call(Unknown Source)
	at TempTestSuite1560887558246.run(TempTestSuite1560887558246.groovy:36)]]></system-out>
         <system-err><![CDATA[2019-06-18 16:15:47 - [TEST_CASE][FAILED] - Test Cases/CRITICAL PATH/Adding diff prods to cart: Test Cases/CRITICAL PATH/Adding diff prods to cart FAILED.
Reason:
com.kms.katalon.core.exception.StepFailedException: Unable to click on object 'Object Repository/APOLLO- Desktop/Shipping page/Continue to payment' (Root cause: org.openqa.selenium.WebDriverException: unknown error: Element <button name="button" type="submit" id="continue_button" class="step__footer__continue-btn btn " aria-busy="false" trekkie_id="continue_to_payment_method_button">...</button> is not clickable at point (491, 681). Other element would receive the click: <iframe title="Preview Bar" id="preview-bar-iframe" src="https://diff-apollo.myshopify.com/preview_bar" sandbox="allow-same-origin allow-scripts" style="position: fixed; bottom: 0px; left: 0px; z-index: 2147483647; width: 100%; border: none; box-shadow: rgba(0, 0, 0, 0.2) 0px -1px 3px; overflow: hidden; transform: translateY(0px); transition: transform 300ms ease 0s; height: 60px;"></iframe>
  (Session info: chrome=75.0.3770.100)
  (Driver info: chromedriver=2.43.600229 (3fae4d0cda5334b4f533bede5a4787f7b832d052),platform=Mac OS X 10.13.6 x86_64) (WARNING: The server did not provide any stacktrace information)
Command duration or timeout: 0 milliseconds
Build info: version: '3.7.1', revision: '8a0099a', time: '2017-11-06T21:07:36.161Z'
System info: host: 'sumans-MacBook-Pro.local', ip: 'fe80:0:0:0:9b:8caf:6d51:8ac%en0', os.name: 'Mac OS X', os.arch: 'x86_64', os.version: '10.13.6', java.version: '1.8.0_181'
Driver info: com.kms.katalon.selenium.driver.CChromeDriver
Capabilities {acceptInsecureCerts: false, acceptSslCerts: false, applicationCacheEnabled: false, browserConnectionEnabled: false, browserName: chrome, chrome: {chromedriverVersion: 2.43.600229 (3fae4d0cda5334..., userDataDir: /var/folders/1t/c55l8xzs6gq...}, cssSelectorsEnabled: true, databaseEnabled: false, goog:chromeOptions: {debuggerAddress: localhost:58582}, handlesAlerts: true, hasTouchScreen: false, javascriptEnabled: true, locationContextEnabled: true, mobileEmulationEnabled: false, nativeEvents: true, networkConnectionEnabled: false, pageLoadStrategy: normal, platform: MAC, platformName: MAC, rotatable: false, setWindowRect: true, takesHeapSnapshot: true, takesScreenshot: true, unexpectedAlertBehaviour: , unhandledPromptBehavior: , version: 75.0.3770.100, webStorageEnabled: true}
Session ID: 4dce0ca2d9a3429af575a28143467db2)
	at com.kms.katalon.core.keyword.internal.KeywordMain.stepFailed(KeywordMain.groovy:36)
	at com.kms.katalon.core.webui.keyword.internal.WebUIKeywordMain.stepFailed(WebUIKeywordMain.groovy:65)
	at com.kms.katalon.core.webui.keyword.internal.WebUIKeywordMain.runKeyword(WebUIKeywordMain.groovy:27)
	at com.kms.katalon.core.webui.keyword.builtin.ClickKeyword.click(ClickKeyword.groovy:86)
	at com.kms.katalon.core.webui.keyword.builtin.ClickKeyword.execute(ClickKeyword.groovy:67)
	at com.kms.katalon.core.keyword.internal.KeywordExecutor.executeKeywordForPlatform(KeywordExecutor.groovy:53)
	at com.kms.katalon.core.webui.keyword.WebUiBuiltInKeywords.click(WebUiBuiltInKeywords.groovy:616)
	at com.kms.katalon.core.webui.keyword.WebUiBuiltInKeywords$click$2.call(Unknown Source)
	at Adding diff prods to cart.run(Adding diff prods to cart:113)
	at com.kms.katalon.core.main.ScriptEngine.run(ScriptEngine.java:194)
	at com.kms.katalon.core.main.ScriptEngine.runScriptAsRawText(ScriptEngine.java:119)
	at com.kms.katalon.core.main.TestCaseExecutor.runScript(TestCaseExecutor.java:328)
	at com.kms.katalon.core.main.TestCaseExecutor.doExecute(TestCaseExecutor.java:319)
	at com.kms.katalon.core.main.TestCaseExecutor.processExecutionPhase(TestCaseExecutor.java:298)
	at com.kms.katalon.core.main.TestCaseExecutor.accessMainPhase(TestCaseExecutor.java:290)
	at com.kms.katalon.core.main.TestCaseExecutor.execute(TestCaseExecutor.java:224)
	at com.kms.katalon.core.main.TestSuiteExecutor.accessTestCaseMainPhase(TestSuiteExecutor.java:129)
	at com.kms.katalon.core.main.TestSuiteExecutor.accessTestSuiteMainPhase(TestSuiteExecutor.java:112)
	at com.kms.katalon.core.main.TestSuiteExecutor.execute(TestSuiteExecutor.java:81)
	at com.kms.katalon.core.main.TestCaseMain.startTestSuite(TestCaseMain.java:149)
	at com.kms.katalon.core.main.TestCaseMain$startTestSuite$0.call(Unknown Source)
	at TempTestSuite1560887558246.run(TempTestSuite1560887558246.groovy:36)]]></system-err>
      </testcase>
      <testcase name="Test Cases/CRITICAL PATH/Price comparison - cart page" classname="Test Cases/CRITICAL PATH/Price comparison - cart page" status="FAILED">
         <failure type="FAILED" message="Test Cases/CRITICAL PATH/Price comparison - cart page FAILED.
Reason:
com.kms.katalon.core.exception.StepFailedException: Unable to click on object 'Object Repository/APOLLO- Desktop/Shipping page/Continue to payment' (Root cause: org.openqa.selenium.WebDriverException: unknown error: Element &lt;button name=&quot;button&quot; type=&quot;submit&quot; id=&quot;continue_button&quot; class=&quot;step__footer__continue-btn btn &quot; aria-busy=&quot;false&quot; trekkie_id=&quot;continue_to_payment_method_button&quot;>...&lt;/button> is not clickable at point (491, 681). Other element would receive the click: &lt;iframe title=&quot;Preview Bar&quot; id=&quot;preview-bar-iframe&quot; src=&quot;https://diff-apollo.myshopify.com/preview_bar&quot; sandbox=&quot;allow-same-origin allow-scripts&quot; style=&quot;position: fixed; bottom: 0px; left: 0px; z-index: 2147483647; width: 100%; border: none; box-shadow: rgba(0, 0, 0, 0.2) 0px -1px 3px; overflow: hidden; transform: translateY(0px); transition: transform 300ms ease 0s; height: 60px;&quot;>&lt;/iframe>
  (Session info: chrome=75.0.3770.100)
  (Driver info: chromedriver=2.43.600229 (3fae4d0cda5334b4f533bede5a4787f7b832d052),platform=Mac OS X 10.13.6 x86_64) (WARNING: The server did not provide any stacktrace information)
Command duration or timeout: 0 milliseconds
Build info: version: '3.7.1', revision: '8a0099a', time: '2017-11-06T21:07:36.161Z'
System info: host: 'sumans-MacBook-Pro.local', ip: 'fe80:0:0:0:9b:8caf:6d51:8ac%en0', os.name: 'Mac OS X', os.arch: 'x86_64', os.version: '10.13.6', java.version: '1.8.0_181'
Driver info: com.kms.katalon.selenium.driver.CChromeDriver
Capabilities {acceptInsecureCerts: false, acceptSslCerts: false, applicationCacheEnabled: false, browserConnectionEnabled: false, browserName: chrome, chrome: {chromedriverVersion: 2.43.600229 (3fae4d0cda5334..., userDataDir: /var/folders/1t/c55l8xzs6gq...}, cssSelectorsEnabled: true, databaseEnabled: false, goog:chromeOptions: {debuggerAddress: localhost:59008}, handlesAlerts: true, hasTouchScreen: false, javascriptEnabled: true, locationContextEnabled: true, mobileEmulationEnabled: false, nativeEvents: true, networkConnectionEnabled: false, pageLoadStrategy: normal, platform: MAC, platformName: MAC, rotatable: false, setWindowRect: true, takesHeapSnapshot: true, takesScreenshot: true, unexpectedAlertBehaviour: , unhandledPromptBehavior: , version: 75.0.3770.100, webStorageEnabled: true}
Session ID: 3aa3a068562071bae55b1a7652fbf3cb)
	at com.kms.katalon.core.keyword.internal.KeywordMain.stepFailed(KeywordMain.groovy:36)
	at com.kms.katalon.core.webui.keyword.internal.WebUIKeywordMain.stepFailed(WebUIKeywordMain.groovy:65)
	at com.kms.katalon.core.webui.keyword.internal.WebUIKeywordMain.runKeyword(WebUIKeywordMain.groovy:27)
	at com.kms.katalon.core.webui.keyword.builtin.ClickKeyword.click(ClickKeyword.groovy:86)
	at com.kms.katalon.core.webui.keyword.builtin.ClickKeyword.execute(ClickKeyword.groovy:67)
	at com.kms.katalon.core.keyword.internal.KeywordExecutor.executeKeywordForPlatform(KeywordExecutor.groovy:53)
	at com.kms.katalon.core.webui.keyword.WebUiBuiltInKeywords.click(WebUiBuiltInKeywords.groovy:616)
	at com.kms.katalon.core.webui.keyword.WebUiBuiltInKeywords$click$2.call(Unknown Source)
	at Price comparison - cart page.run(Price comparison - cart page:155)
	at com.kms.katalon.core.main.ScriptEngine.run(ScriptEngine.java:194)
	at com.kms.katalon.core.main.ScriptEngine.runScriptAsRawText(ScriptEngine.java:119)
	at com.kms.katalon.core.main.TestCaseExecutor.runScript(TestCaseExecutor.java:328)
	at com.kms.katalon.core.main.TestCaseExecutor.doExecute(TestCaseExecutor.java:319)
	at com.kms.katalon.core.main.TestCaseExecutor.processExecutionPhase(TestCaseExecutor.java:298)
	at com.kms.katalon.core.main.TestCaseExecutor.accessMainPhase(TestCaseExecutor.java:290)
	at com.kms.katalon.core.main.TestCaseExecutor.execute(TestCaseExecutor.java:224)
	at com.kms.katalon.core.main.TestSuiteExecutor.accessTestCaseMainPhase(TestSuiteExecutor.java:129)
	at com.kms.katalon.core.main.TestSuiteExecutor.accessTestSuiteMainPhase(TestSuiteExecutor.java:112)
	at com.kms.katalon.core.main.TestSuiteExecutor.execute(TestSuiteExecutor.java:81)
	at com.kms.katalon.core.main.TestCaseMain.startTestSuite(TestCaseMain.java:149)
	at com.kms.katalon.core.main.TestCaseMain$startTestSuite$0.call(Unknown Source)
	at TempTestSuite1560887558246.run(TempTestSuite1560887558246.groovy:36)
"/>
         <system-out><![CDATA[2019-06-18 16:17:17 - [TEST_CASE][FAILED] - Test Cases/CRITICAL PATH/Price comparison - cart page: Test Cases/CRITICAL PATH/Price comparison - cart page FAILED.
Reason:
com.kms.katalon.core.exception.StepFailedException: Unable to click on object 'Object Repository/APOLLO- Desktop/Shipping page/Continue to payment' (Root cause: org.openqa.selenium.WebDriverException: unknown error: Element <button name="button" type="submit" id="continue_button" class="step__footer__continue-btn btn " aria-busy="false" trekkie_id="continue_to_payment_method_button">...</button> is not clickable at point (491, 681). Other element would receive the click: <iframe title="Preview Bar" id="preview-bar-iframe" src="https://diff-apollo.myshopify.com/preview_bar" sandbox="allow-same-origin allow-scripts" style="position: fixed; bottom: 0px; left: 0px; z-index: 2147483647; width: 100%; border: none; box-shadow: rgba(0, 0, 0, 0.2) 0px -1px 3px; overflow: hidden; transform: translateY(0px); transition: transform 300ms ease 0s; height: 60px;"></iframe>
  (Session info: chrome=75.0.3770.100)
  (Driver info: chromedriver=2.43.600229 (3fae4d0cda5334b4f533bede5a4787f7b832d052),platform=Mac OS X 10.13.6 x86_64) (WARNING: The server did not provide any stacktrace information)
Command duration or timeout: 0 milliseconds
Build info: version: '3.7.1', revision: '8a0099a', time: '2017-11-06T21:07:36.161Z'
System info: host: 'sumans-MacBook-Pro.local', ip: 'fe80:0:0:0:9b:8caf:6d51:8ac%en0', os.name: 'Mac OS X', os.arch: 'x86_64', os.version: '10.13.6', java.version: '1.8.0_181'
Driver info: com.kms.katalon.selenium.driver.CChromeDriver
Capabilities {acceptInsecureCerts: false, acceptSslCerts: false, applicationCacheEnabled: false, browserConnectionEnabled: false, browserName: chrome, chrome: {chromedriverVersion: 2.43.600229 (3fae4d0cda5334..., userDataDir: /var/folders/1t/c55l8xzs6gq...}, cssSelectorsEnabled: true, databaseEnabled: false, goog:chromeOptions: {debuggerAddress: localhost:59008}, handlesAlerts: true, hasTouchScreen: false, javascriptEnabled: true, locationContextEnabled: true, mobileEmulationEnabled: false, nativeEvents: true, networkConnectionEnabled: false, pageLoadStrategy: normal, platform: MAC, platformName: MAC, rotatable: false, setWindowRect: true, takesHeapSnapshot: true, takesScreenshot: true, unexpectedAlertBehaviour: , unhandledPromptBehavior: , version: 75.0.3770.100, webStorageEnabled: true}
Session ID: 3aa3a068562071bae55b1a7652fbf3cb)
	at com.kms.katalon.core.keyword.internal.KeywordMain.stepFailed(KeywordMain.groovy:36)
	at com.kms.katalon.core.webui.keyword.internal.WebUIKeywordMain.stepFailed(WebUIKeywordMain.groovy:65)
	at com.kms.katalon.core.webui.keyword.internal.WebUIKeywordMain.runKeyword(WebUIKeywordMain.groovy:27)
	at com.kms.katalon.core.webui.keyword.builtin.ClickKeyword.click(ClickKeyword.groovy:86)
	at com.kms.katalon.core.webui.keyword.builtin.ClickKeyword.execute(ClickKeyword.groovy:67)
	at com.kms.katalon.core.keyword.internal.KeywordExecutor.executeKeywordForPlatform(KeywordExecutor.groovy:53)
	at com.kms.katalon.core.webui.keyword.WebUiBuiltInKeywords.click(WebUiBuiltInKeywords.groovy:616)
	at com.kms.katalon.core.webui.keyword.WebUiBuiltInKeywords$click$2.call(Unknown Source)
	at Price comparison - cart page.run(Price comparison - cart page:155)
	at com.kms.katalon.core.main.ScriptEngine.run(ScriptEngine.java:194)
	at com.kms.katalon.core.main.ScriptEngine.runScriptAsRawText(ScriptEngine.java:119)
	at com.kms.katalon.core.main.TestCaseExecutor.runScript(TestCaseExecutor.java:328)
	at com.kms.katalon.core.main.TestCaseExecutor.doExecute(TestCaseExecutor.java:319)
	at com.kms.katalon.core.main.TestCaseExecutor.processExecutionPhase(TestCaseExecutor.java:298)
	at com.kms.katalon.core.main.TestCaseExecutor.accessMainPhase(TestCaseExecutor.java:290)
	at com.kms.katalon.core.main.TestCaseExecutor.execute(TestCaseExecutor.java:224)
	at com.kms.katalon.core.main.TestSuiteExecutor.accessTestCaseMainPhase(TestSuiteExecutor.java:129)
	at com.kms.katalon.core.main.TestSuiteExecutor.accessTestSuiteMainPhase(TestSuiteExecutor.java:112)
	at com.kms.katalon.core.main.TestSuiteExecutor.execute(TestSuiteExecutor.java:81)
	at com.kms.katalon.core.main.TestCaseMain.startTestSuite(TestCaseMain.java:149)
	at com.kms.katalon.core.main.TestCaseMain$startTestSuite$0.call(Unknown Source)
	at TempTestSuite1560887558246.run(TempTestSuite1560887558246.groovy:36)


2019-06-18 16:17:17 - [TEST_STEP][PASSED] - callTestCase(findTestCase("CALL - URL"), [:], STOP_ON_FAILURE): Call Test Case 'Test Cases/CALL - URL' successfully

2019-06-18 16:17:17 - [TEST_CASE][PASSED] - Test Cases/CALL - URL: Test Cases/CALL - URL

2019-06-18 16:17:17 - [TEST_STEP][PASSED] - openBrowser(""): Browser is opened with url: ''

2019-06-18 16:17:17 - [MESSAGE][WARNING] - A browser is already opened. Closing browser and opening a new one

2019-06-18 16:17:17 - [MESSAGE][INFO] - Starting 'Chrome' driver

2019-06-18 16:17:18 - [MESSAGE][PASSED] - Browser is opened with url: ''

2019-06-18 16:17:18 - [TEST_STEP][PASSED] - navigateToUrl("https://diff-apollo.myshopify.com/?_ab=0&_fd=0&_sc=1&preview_theme_id=68602101860"): Navigate to 'https://diff-apollo.myshopify.com/?_ab=0&_fd=0&_sc=1&preview_theme_id=68602101860' successfully

2019-06-18 16:17:22 - [MESSAGE][PASSED] - Navigate to 'https://diff-apollo.myshopify.com/?_ab=0&_fd=0&_sc=1&preview_theme_id=68602101860' successfully

2019-06-18 16:17:22 - [TEST_STEP][PASSED] - executeJavaScript("var previewBar = document.getElementById("preview-bar-iframe"); previewBar.style.display = "none";", []): Execute JavaScript 'var previewBar = document.getElementById("preview-bar-iframe"); previewBar.style.display = "none";' successfully

2019-06-18 16:17:22 - [MESSAGE][PASSED] - Execute JavaScript 'var previewBar = document.getElementById("preview-bar-iframe"); previewBar.style.display = "none";' successfully

2019-06-18 16:17:22 - [MESSAGE][PASSED] - Call Test Case 'Test Cases/CALL - URL' successfully

2019-06-18 16:17:22 - [TEST_STEP][PASSED] - click(findTestObject("APOLLO- Desktop/Burger Menu/Burgermenu")): Object: 'Object Repository/APOLLO- Desktop/Burger Menu/Burgermenu' is clicked on

2019-06-18 16:17:22 - [MESSAGE][PASSED] - Object: 'Object Repository/APOLLO- Desktop/Burger Menu/Burgermenu' is clicked on

2019-06-18 16:17:22 - [TEST_STEP][PASSED] - delay(2): Delayed 2 second(s)

2019-06-18 16:17:25 - [MESSAGE][PASSED] - Delayed 2 second(s)

2019-06-18 16:17:25 - [TEST_STEP][PASSED] - click(findTestObject("APOLLO- Desktop/Burger Menu/Mens chevron")): Object: 'Object Repository/APOLLO- Desktop/Burger Menu/Mens chevron' is clicked on

2019-06-18 16:17:25 - [MESSAGE][PASSED] - Object: 'Object Repository/APOLLO- Desktop/Burger Menu/Mens chevron' is clicked on

2019-06-18 16:17:25 - [TEST_STEP][PASSED] - delay(2): Delayed 2 second(s)

2019-06-18 16:17:27 - [MESSAGE][PASSED] - Delayed 2 second(s)

2019-06-18 16:17:27 - [TEST_STEP][PASSED] - click(findTestObject("APOLLO- Desktop/Burger Menu/Mens - Top Chevron")): Object: 'Object Repository/APOLLO- Desktop/Burger Menu/Mens - Top Chevron' is clicked on

2019-06-18 16:17:27 - [MESSAGE][PASSED] - Object: 'Object Repository/APOLLO- Desktop/Burger Menu/Mens - Top Chevron' is clicked on

2019-06-18 16:17:27 - [TEST_STEP][PASSED] - delay(2): Delayed 2 second(s)

2019-06-18 16:17:29 - [MESSAGE][PASSED] - Delayed 2 second(s)

2019-06-18 16:17:29 - [TEST_STEP][PASSED] - click(findTestObject("APOLLO- Desktop/Burger Menu/Shirts link")): Object: 'Object Repository/APOLLO- Desktop/Burger Menu/Shirts link' is clicked on

2019-06-18 16:17:30 - [MESSAGE][PASSED] - Object: 'Object Repository/APOLLO- Desktop/Burger Menu/Shirts link' is clicked on

2019-06-18 16:17:30 - [TEST_STEP][PASSED] - delay(2): Delayed 2 second(s)

2019-06-18 16:17:32 - [MESSAGE][PASSED] - Delayed 2 second(s)

2019-06-18 16:17:32 - [TEST_STEP][PASSED] - click(findTestObject("APOLLO- Desktop/Collection page/Blue shirt product")): Object: 'Object Repository/APOLLO- Desktop/Collection page/Blue shirt product' is clicked on

2019-06-18 16:17:35 - [MESSAGE][PASSED] - Object: 'Object Repository/APOLLO- Desktop/Collection page/Blue shirt product' is clicked on

2019-06-18 16:17:35 - [TEST_STEP][PASSED] - delay(2): Delayed 2 second(s)

2019-06-18 16:17:37 - [MESSAGE][PASSED] - Delayed 2 second(s)

2019-06-18 16:17:37 - [TEST_STEP][PASSED] - selectOptionByValue(findTestObject("APOLLO- Desktop/Product page/Size dropdown"), "Medium", true): All options with value 'Medium' are selected in object 'Object Repository/APOLLO- Desktop/Product page/Size dropdown'  using regular expression

2019-06-18 16:17:38 - [MESSAGE][PASSED] - All options with value 'Medium' are selected in object 'Object Repository/APOLLO- Desktop/Product page/Size dropdown'  using regular expression

2019-06-18 16:17:38 - [TEST_STEP][PASSED] - delay(2): Delayed 2 second(s)

2019-06-18 16:17:40 - [MESSAGE][PASSED] - Delayed 2 second(s)

2019-06-18 16:17:40 - [TEST_STEP][PASSED] - click(findTestObject("APOLLO- Desktop/Product page/Add to bag")): Object: 'Object Repository/APOLLO- Desktop/Product page/Add to bag' is clicked on

2019-06-18 16:17:40 - [MESSAGE][PASSED] - Object: 'Object Repository/APOLLO- Desktop/Product page/Add to bag' is clicked on

2019-06-18 16:17:40 - [TEST_STEP][PASSED] - delay(2): Delayed 2 second(s)

2019-06-18 16:17:42 - [MESSAGE][PASSED] - Delayed 2 second(s)

2019-06-18 16:17:42 - [TEST_STEP][PASSED] - click(findTestObject("APOLLO- Desktop/Burger Menu/Burgermenu")): Object: 'Object Repository/APOLLO- Desktop/Burger Menu/Burgermenu' is clicked on

2019-06-18 16:17:42 - [MESSAGE][PASSED] - Object: 'Object Repository/APOLLO- Desktop/Burger Menu/Burgermenu' is clicked on

2019-06-18 16:17:42 - [TEST_STEP][PASSED] - delay(2): Delayed 2 second(s)

2019-06-18 16:17:44 - [MESSAGE][PASSED] - Delayed 2 second(s)

2019-06-18 16:17:44 - [TEST_STEP][PASSED] - click(findTestObject("APOLLO- Desktop/Burger Menu/KIds link")): Object: 'Object Repository/APOLLO- Desktop/Burger Menu/KIds link' is clicked on

2019-06-18 16:17:47 - [MESSAGE][PASSED] - Object: 'Object Repository/APOLLO- Desktop/Burger Menu/KIds link' is clicked on

2019-06-18 16:17:47 - [TEST_STEP][PASSED] - delay(2): Delayed 2 second(s)

2019-06-18 16:17:49 - [MESSAGE][PASSED] - Delayed 2 second(s)

2019-06-18 16:17:49 - [TEST_STEP][PASSED] - click(findTestObject("APOLLO- Desktop/Collection page/Sailor sweatshirt")): Object: 'Object Repository/APOLLO- Desktop/Collection page/Sailor sweatshirt' is clicked on

2019-06-18 16:17:51 - [MESSAGE][PASSED] - Object: 'Object Repository/APOLLO- Desktop/Collection page/Sailor sweatshirt' is clicked on

2019-06-18 16:17:51 - [TEST_STEP][PASSED] - delay(2): Delayed 2 second(s)

2019-06-18 16:17:53 - [MESSAGE][PASSED] - Delayed 2 second(s)

2019-06-18 16:17:53 - [TEST_STEP][PASSED] - click(findTestObject("APOLLO- Desktop/Product page/Add to bag")): Object: 'Object Repository/APOLLO- Desktop/Product page/Add to bag' is clicked on

2019-06-18 16:17:53 - [MESSAGE][PASSED] - Object: 'Object Repository/APOLLO- Desktop/Product page/Add to bag' is clicked on

2019-06-18 16:17:53 - [TEST_STEP][PASSED] - delay(2): Delayed 2 second(s)

2019-06-18 16:17:55 - [MESSAGE][PASSED] - Delayed 2 second(s)

2019-06-18 16:17:55 - [TEST_STEP][PASSED] - click(findTestObject("APOLLO- Desktop/Cart flyout/Checkout")): Object: 'Object Repository/APOLLO- Desktop/Cart flyout/Checkout' is clicked on

2019-06-18 16:17:57 - [MESSAGE][PASSED] - Object: 'Object Repository/APOLLO- Desktop/Cart flyout/Checkout' is clicked on

2019-06-18 16:17:57 - [TEST_STEP][PASSED] - delay(2): Delayed 2 second(s)

2019-06-18 16:17:59 - [MESSAGE][PASSED] - Delayed 2 second(s)

2019-06-18 16:17:59 - [TEST_STEP][PASSED] - click(findTestObject("APOLLO- Desktop/Customer Information page/Cart page breadcrumb")): Object: 'Object Repository/APOLLO- Desktop/Customer Information page/Cart page breadcrumb' is clicked on

2019-06-18 16:18:01 - [MESSAGE][PASSED] - Object: 'Object Repository/APOLLO- Desktop/Customer Information page/Cart page breadcrumb' is clicked on

2019-06-18 16:18:01 - [TEST_STEP][PASSED] - delay(2): Delayed 2 second(s)

2019-06-18 16:18:03 - [MESSAGE][PASSED] - Delayed 2 second(s)

2019-06-18 16:18:03 - [TEST_STEP][PASSED] - executeJavaScript("var previewBar = document.getElementById("preview-bar-iframe"); previewBar.style.display = "none";", []): Execute JavaScript 'var previewBar = document.getElementById("preview-bar-iframe"); previewBar.style.display = "none";' successfully

2019-06-18 16:18:03 - [MESSAGE][PASSED] - Execute JavaScript 'var previewBar = document.getElementById("preview-bar-iframe"); previewBar.style.display = "none";' successfully

2019-06-18 16:18:03 - [TEST_STEP][PASSED] - a = getText(findTestObject("APOLLO- Desktop/Cart page/Unit price - 1st product")): Text of object 'Object Repository/APOLLO- Desktop/Cart page/Unit price - 1st product' is: '$30'

2019-06-18 16:18:03 - [MESSAGE][PASSED] - Text of object 'Object Repository/APOLLO- Desktop/Cart page/Unit price - 1st product' is: '$30'

2019-06-18 16:18:03 - [TEST_STEP][PASSED] - comment("a=" + a): a=$30

2019-06-18 16:18:03 - [MESSAGE][INFO] - a=$30

2019-06-18 16:18:03 - [TEST_STEP][PASSED] - a1 = a.substring(1): null

2019-06-18 16:18:03 - [TEST_STEP][PASSED] - comment("a1=" + a1): a1=30

2019-06-18 16:18:03 - [MESSAGE][INFO] - a1=30

2019-06-18 16:18:03 - [TEST_STEP][PASSED] - b = getText(findTestObject("APOLLO- Desktop/Cart page/Unit price - 2nd product")): Text of object 'Object Repository/APOLLO- Desktop/Cart page/Unit price - 2nd product' is: '$30'

2019-06-18 16:18:03 - [MESSAGE][PASSED] - Text of object 'Object Repository/APOLLO- Desktop/Cart page/Unit price - 2nd product' is: '$30'

2019-06-18 16:18:03 - [TEST_STEP][PASSED] - comment("b=" + b): b=$30

2019-06-18 16:18:03 - [MESSAGE][INFO] - b=$30

2019-06-18 16:18:03 - [TEST_STEP][PASSED] - b1 = b.substring(1): null

2019-06-18 16:18:03 - [TEST_STEP][PASSED] - comment("b1=" + b1): b1=30

2019-06-18 16:18:03 - [MESSAGE][INFO] - b1=30

2019-06-18 16:18:03 - [TEST_STEP][PASSED] - p1 = <not implemented yet for class: org.codehaus.groovy.ast.expr.EmptyExpression>: null

2019-06-18 16:18:03 - [TEST_STEP][PASSED] - p2 = <not implemented yet for class: org.codehaus.groovy.ast.expr.EmptyExpression>: null

2019-06-18 16:18:03 - [TEST_STEP][PASSED] - try: p1=30.0

2019-06-18 16:18:03 - [TEST_STEP][PASSED] - str = a1: null

2019-06-18 16:18:03 - [TEST_STEP][PASSED] - comment("str=" + str): str=30

2019-06-18 16:18:03 - [MESSAGE][INFO] - str=30

2019-06-18 16:18:03 - [TEST_STEP][PASSED] - p1 = Double.valueOf(str): null

2019-06-18 16:18:03 - [TEST_STEP][PASSED] - comment("p1=" + p1): p1=30.0

2019-06-18 16:18:03 - [MESSAGE][INFO] - p1=30.0

2019-06-18 16:18:03 - [TEST_STEP][PASSED] - try: p2=30.0

2019-06-18 16:18:03 - [TEST_STEP][PASSED] - str5 = b1: null

2019-06-18 16:18:03 - [TEST_STEP][PASSED] - comment("str5=" + str5): str5=30

2019-06-18 16:18:03 - [MESSAGE][INFO] - str5=30

2019-06-18 16:18:03 - [TEST_STEP][PASSED] - p2 = Double.valueOf(str5): null

2019-06-18 16:18:03 - [TEST_STEP][PASSED] - comment("p2=" + p2): p2=30.0

2019-06-18 16:18:03 - [MESSAGE][INFO] - p2=30.0

2019-06-18 16:18:03 - [TEST_STEP][PASSED] - total = p1 + p2: null

2019-06-18 16:18:03 - [TEST_STEP][PASSED] - comment("total=" + total): total=60.0

2019-06-18 16:18:03 - [MESSAGE][INFO] - total=60.0

2019-06-18 16:18:03 - [TEST_STEP][PASSED] - c = getText(findTestObject("APOLLO- Desktop/Cart page/Subtotal in cart page")): Text of object 'Object Repository/APOLLO- Desktop/Cart page/Subtotal in cart page' is: '$60.00'

2019-06-18 16:18:03 - [MESSAGE][PASSED] - Text of object 'Object Repository/APOLLO- Desktop/Cart page/Subtotal in cart page' is: '$60.00'

2019-06-18 16:18:03 - [TEST_STEP][PASSED] - comment("c=" + c): c=$60.00

2019-06-18 16:18:03 - [MESSAGE][INFO] - c=$60.00

2019-06-18 16:18:03 - [TEST_STEP][PASSED] - c1 = c.substring(1): null

2019-06-18 16:18:03 - [TEST_STEP][PASSED] - comment("c1=" + c1): c1=60.00

2019-06-18 16:18:03 - [MESSAGE][INFO] - c1=60.00

2019-06-18 16:18:03 - [TEST_STEP][PASSED] - p3 = <not implemented yet for class: org.codehaus.groovy.ast.expr.EmptyExpression>: null

2019-06-18 16:18:03 - [TEST_STEP][PASSED] - try: p3=60.0

2019-06-18 16:18:03 - [TEST_STEP][PASSED] - str = c1: null

2019-06-18 16:18:03 - [TEST_STEP][PASSED] - comment("str=" + str): str=60.00

2019-06-18 16:18:03 - [MESSAGE][INFO] - str=60.00

2019-06-18 16:18:03 - [TEST_STEP][PASSED] - p3 = Double.valueOf(str): null

2019-06-18 16:18:03 - [TEST_STEP][PASSED] - comment("p3=" + p3): p3=60.0

2019-06-18 16:18:03 - [MESSAGE][INFO] - p3=60.0

2019-06-18 16:18:03 - [TEST_STEP][PASSED] - verifyEqual(total, p3): Actual object '60' and expected object '60' are equal

2019-06-18 16:18:03 - [MESSAGE][PASSED] - Actual object '60' and expected object '60' are equal

2019-06-18 16:18:03 - [TEST_STEP][PASSED] - click(findTestObject("APOLLO- Desktop/Cart flyout/Checkout")): Object: 'Object Repository/APOLLO- Desktop/Cart flyout/Checkout' is clicked on

2019-06-18 16:18:06 - [MESSAGE][PASSED] - Object: 'Object Repository/APOLLO- Desktop/Cart flyout/Checkout' is clicked on

2019-06-18 16:18:06 - [TEST_STEP][PASSED] - callTestCase(findTestCase("CALL- CUSTOMER INFO PAGE"), [:], STOP_ON_FAILURE): Call Test Case 'Test Cases/CALL- CUSTOMER INFO PAGE' successfully

2019-06-18 16:18:06 - [TEST_CASE][PASSED] - Test Cases/CALL- CUSTOMER INFO PAGE: Test Cases/CALL- CUSTOMER INFO PAGE

2019-06-18 16:18:06 - [TEST_STEP][PASSED] - delay(2): Delayed 2 second(s)

2019-06-18 16:18:08 - [MESSAGE][PASSED] - Delayed 2 second(s)

2019-06-18 16:18:08 - [TEST_STEP][PASSED] - executeJavaScript("var previewBar = document.getElementById("preview-bar-iframe"); previewBar.style.display = "none";", []): Execute JavaScript 'var previewBar = document.getElementById("preview-bar-iframe"); previewBar.style.display = "none";' successfully

2019-06-18 16:18:08 - [MESSAGE][PASSED] - Execute JavaScript 'var previewBar = document.getElementById("preview-bar-iframe"); previewBar.style.display = "none";' successfully

2019-06-18 16:18:08 - [TEST_STEP][PASSED] - setText(findTestObject("APOLLO- Desktop/Customer Information page/Email"), "suman@gmail.com"): Text 'suman@gmail.com' is set on object 'Object Repository/APOLLO- Desktop/Customer Information page/Email'

2019-06-18 16:18:08 - [MESSAGE][PASSED] - Text 'suman@gmail.com' is set on object 'Object Repository/APOLLO- Desktop/Customer Information page/Email'

2019-06-18 16:18:08 - [TEST_STEP][PASSED] - delay(2): Delayed 2 second(s)

2019-06-18 16:18:10 - [MESSAGE][PASSED] - Delayed 2 second(s)

2019-06-18 16:18:10 - [TEST_STEP][PASSED] - setText(findTestObject("APOLLO- Desktop/Customer Information page/First name"), "suman"): Text 'suman' is set on object 'Object Repository/APOLLO- Desktop/Customer Information page/First name'

2019-06-18 16:18:10 - [MESSAGE][PASSED] - Text 'suman' is set on object 'Object Repository/APOLLO- Desktop/Customer Information page/First name'

2019-06-18 16:18:10 - [TEST_STEP][PASSED] - delay(2): Delayed 2 second(s)

2019-06-18 16:18:12 - [MESSAGE][PASSED] - Delayed 2 second(s)

2019-06-18 16:18:12 - [TEST_STEP][PASSED] - setText(findTestObject("APOLLO- Desktop/Customer Information page/Last name"), "kompelly"): Text 'kompelly' is set on object 'Object Repository/APOLLO- Desktop/Customer Information page/Last name'

2019-06-18 16:18:13 - [MESSAGE][PASSED] - Text 'kompelly' is set on object 'Object Repository/APOLLO- Desktop/Customer Information page/Last name'

2019-06-18 16:18:13 - [TEST_STEP][PASSED] - delay(2): Delayed 2 second(s)

2019-06-18 16:18:15 - [MESSAGE][PASSED] - Delayed 2 second(s)

2019-06-18 16:18:15 - [TEST_STEP][PASSED] - setText(findTestObject("APOLLO- Desktop/Customer Information page/Address"), "1435 st alxendre"): Text '1435 st alxendre' is set on object 'Object Repository/APOLLO- Desktop/Customer Information page/Address'

2019-06-18 16:18:15 - [MESSAGE][PASSED] - Text '1435 st alxendre' is set on object 'Object Repository/APOLLO- Desktop/Customer Information page/Address'

2019-06-18 16:18:15 - [TEST_STEP][PASSED] - setText(findTestObject("APOLLO- Desktop/Customer Information page/Apartment"), "220"): Text '220' is set on object 'Object Repository/APOLLO- Desktop/Customer Information page/Apartment'

2019-06-18 16:18:15 - [MESSAGE][PASSED] - Text '220' is set on object 'Object Repository/APOLLO- Desktop/Customer Information page/Apartment'

2019-06-18 16:18:15 - [TEST_STEP][PASSED] - setText(findTestObject("APOLLO- Desktop/Customer Information page/City"), "montreal"): Text 'montreal' is set on object 'Object Repository/APOLLO- Desktop/Customer Information page/City'

2019-06-18 16:18:15 - [MESSAGE][PASSED] - Text 'montreal' is set on object 'Object Repository/APOLLO- Desktop/Customer Information page/City'

2019-06-18 16:18:15 - [TEST_STEP][PASSED] - selectOptionByValue(findTestObject("APOLLO- Desktop/Customer Information page/Country dropdown"), "United States", true): All options with value 'United States' are selected in object 'Object Repository/APOLLO- Desktop/Customer Information page/Country dropdown'  using regular expression

2019-06-18 16:18:18 - [MESSAGE][PASSED] - All options with value 'United States' are selected in object 'Object Repository/APOLLO- Desktop/Customer Information page/Country dropdown'  using regular expression

2019-06-18 16:18:18 - [TEST_STEP][PASSED] - selectOptionByValue(findTestObject("APOLLO- Desktop/Customer Information page/states dropdown"), "NJ", true): All options with value 'NJ' are selected in object 'Object Repository/APOLLO- Desktop/Customer Information page/states dropdown'  using regular expression

2019-06-18 16:18:19 - [MESSAGE][PASSED] - All options with value 'NJ' are selected in object 'Object Repository/APOLLO- Desktop/Customer Information page/states dropdown'  using regular expression

2019-06-18 16:18:19 - [TEST_STEP][PASSED] - setText(findTestObject("APOLLO- Desktop/Customer Information page/ZIP code"), "07057"): Text '07057' is set on object 'Object Repository/APOLLO- Desktop/Customer Information page/ZIP code'

2019-06-18 16:18:19 - [MESSAGE][PASSED] - Text '07057' is set on object 'Object Repository/APOLLO- Desktop/Customer Information page/ZIP code'

2019-06-18 16:18:19 - [MESSAGE][PASSED] - Call Test Case 'Test Cases/CALL- CUSTOMER INFO PAGE' successfully

2019-06-18 16:18:19 - [TEST_STEP][PASSED] - click(findTestObject("APOLLO- Desktop/Customer Information page/Continue to shipping")): Object: 'Object Repository/APOLLO- Desktop/Customer Information page/Continue to shipping' is clicked on

2019-06-18 16:18:21 - [MESSAGE][PASSED] - Object: 'Object Repository/APOLLO- Desktop/Customer Information page/Continue to shipping' is clicked on

2019-06-18 16:18:21 - [TEST_STEP][PASSED] - click(findTestObject("APOLLO- Desktop/Shipping page/Radio button check")): Object: 'Object Repository/APOLLO- Desktop/Shipping page/Radio button check' is clicked on

2019-06-18 16:18:22 - [MESSAGE][PASSED] - Object: 'Object Repository/APOLLO- Desktop/Shipping page/Radio button check' is clicked on

2019-06-18 16:18:22 - [TEST_STEP][FAILED] - click(findTestObject("APOLLO- Desktop/Shipping page/Continue to payment")): click(findTestObject("APOLLO- Desktop/Shipping page/Continue to payment")) FAILED.
Reason:
com.kms.katalon.core.exception.StepFailedException: Unable to click on object 'Object Repository/APOLLO- Desktop/Shipping page/Continue to payment' (Root cause: org.openqa.selenium.WebDriverException: unknown error: Element <button name="button" type="submit" id="continue_button" class="step__footer__continue-btn btn " aria-busy="false" trekkie_id="continue_to_payment_method_button">...</button> is not clickable at point (491, 681). Other element would receive the click: <iframe title="Preview Bar" id="preview-bar-iframe" src="https://diff-apollo.myshopify.com/preview_bar" sandbox="allow-same-origin allow-scripts" style="position: fixed; bottom: 0px; left: 0px; z-index: 2147483647; width: 100%; border: none; box-shadow: rgba(0, 0, 0, 0.2) 0px -1px 3px; overflow: hidden; transform: translateY(0px); transition: transform 300ms ease 0s; height: 60px;"></iframe>
  (Session info: chrome=75.0.3770.100)
  (Driver info: chromedriver=2.43.600229 (3fae4d0cda5334b4f533bede5a4787f7b832d052),platform=Mac OS X 10.13.6 x86_64) (WARNING: The server did not provide any stacktrace information)
Command duration or timeout: 0 milliseconds
Build info: version: '3.7.1', revision: '8a0099a', time: '2017-11-06T21:07:36.161Z'
System info: host: 'sumans-MacBook-Pro.local', ip: 'fe80:0:0:0:9b:8caf:6d51:8ac%en0', os.name: 'Mac OS X', os.arch: 'x86_64', os.version: '10.13.6', java.version: '1.8.0_181'
Driver info: com.kms.katalon.selenium.driver.CChromeDriver
Capabilities {acceptInsecureCerts: false, acceptSslCerts: false, applicationCacheEnabled: false, browserConnectionEnabled: false, browserName: chrome, chrome: {chromedriverVersion: 2.43.600229 (3fae4d0cda5334..., userDataDir: /var/folders/1t/c55l8xzs6gq...}, cssSelectorsEnabled: true, databaseEnabled: false, goog:chromeOptions: {debuggerAddress: localhost:59008}, handlesAlerts: true, hasTouchScreen: false, javascriptEnabled: true, locationContextEnabled: true, mobileEmulationEnabled: false, nativeEvents: true, networkConnectionEnabled: false, pageLoadStrategy: normal, platform: MAC, platformName: MAC, rotatable: false, setWindowRect: true, takesHeapSnapshot: true, takesScreenshot: true, unexpectedAlertBehaviour: , unhandledPromptBehavior: , version: 75.0.3770.100, webStorageEnabled: true}
Session ID: 3aa3a068562071bae55b1a7652fbf3cb)
	at com.kms.katalon.core.keyword.internal.KeywordMain.stepFailed(KeywordMain.groovy:36)
	at com.kms.katalon.core.webui.keyword.internal.WebUIKeywordMain.stepFailed(WebUIKeywordMain.groovy:65)
	at com.kms.katalon.core.webui.keyword.internal.WebUIKeywordMain.runKeyword(WebUIKeywordMain.groovy:27)
	at com.kms.katalon.core.webui.keyword.builtin.ClickKeyword.click(ClickKeyword.groovy:86)
	at com.kms.katalon.core.webui.keyword.builtin.ClickKeyword.execute(ClickKeyword.groovy:67)
	at com.kms.katalon.core.keyword.internal.KeywordExecutor.executeKeywordForPlatform(KeywordExecutor.groovy:53)
	at com.kms.katalon.core.webui.keyword.WebUiBuiltInKeywords.click(WebUiBuiltInKeywords.groovy:616)
	at com.kms.katalon.core.webui.keyword.WebUiBuiltInKeywords$click$2.call(Unknown Source)
	at Price comparison - cart page.run(Price comparison - cart page:155)
	at com.kms.katalon.core.main.ScriptEngine.run(ScriptEngine.java:194)
	at com.kms.katalon.core.main.ScriptEngine.runScriptAsRawText(ScriptEngine.java:119)
	at com.kms.katalon.core.main.TestCaseExecutor.runScript(TestCaseExecutor.java:328)
	at com.kms.katalon.core.main.TestCaseExecutor.doExecute(TestCaseExecutor.java:319)
	at com.kms.katalon.core.main.TestCaseExecutor.processExecutionPhase(TestCaseExecutor.java:298)
	at com.kms.katalon.core.main.TestCaseExecutor.accessMainPhase(TestCaseExecutor.java:290)
	at com.kms.katalon.core.main.TestCaseExecutor.execute(TestCaseExecutor.java:224)
	at com.kms.katalon.core.main.TestSuiteExecutor.accessTestCaseMainPhase(TestSuiteExecutor.java:129)
	at com.kms.katalon.core.main.TestSuiteExecutor.accessTestSuiteMainPhase(TestSuiteExecutor.java:112)
	at com.kms.katalon.core.main.TestSuiteExecutor.execute(TestSuiteExecutor.java:81)
	at com.kms.katalon.core.main.TestCaseMain.startTestSuite(TestCaseMain.java:149)
	at com.kms.katalon.core.main.TestCaseMain$startTestSuite$0.call(Unknown Source)
	at TempTestSuite1560887558246.run(TempTestSuite1560887558246.groovy:36)


2019-06-18 16:18:23 - [MESSAGE][FAILED] - Unable to click on object 'Object Repository/APOLLO- Desktop/Shipping page/Continue to payment' (Root cause: org.openqa.selenium.WebDriverException: unknown error: Element <button name="button" type="submit" id="continue_button" class="step__footer__continue-btn btn " aria-busy="false" trekkie_id="continue_to_payment_method_button">...</button> is not clickable at point (491, 681). Other element would receive the click: <iframe title="Preview Bar" id="preview-bar-iframe" src="https://diff-apollo.myshopify.com/preview_bar" sandbox="allow-same-origin allow-scripts" style="position: fixed; bottom: 0px; left: 0px; z-index: 2147483647; width: 100%; border: none; box-shadow: rgba(0, 0, 0, 0.2) 0px -1px 3px; overflow: hidden; transform: translateY(0px); transition: transform 300ms ease 0s; height: 60px;"></iframe>
  (Session info: chrome=75.0.3770.100)
  (Driver info: chromedriver=2.43.600229 (3fae4d0cda5334b4f533bede5a4787f7b832d052),platform=Mac OS X 10.13.6 x86_64) (WARNING: The server did not provide any stacktrace information)
Command duration or timeout: 0 milliseconds
Build info: version: '3.7.1', revision: '8a0099a', time: '2017-11-06T21:07:36.161Z'
System info: host: 'sumans-MacBook-Pro.local', ip: 'fe80:0:0:0:9b:8caf:6d51:8ac%en0', os.name: 'Mac OS X', os.arch: 'x86_64', os.version: '10.13.6', java.version: '1.8.0_181'
Driver info: com.kms.katalon.selenium.driver.CChromeDriver
Capabilities {acceptInsecureCerts: false, acceptSslCerts: false, applicationCacheEnabled: false, browserConnectionEnabled: false, browserName: chrome, chrome: {chromedriverVersion: 2.43.600229 (3fae4d0cda5334..., userDataDir: /var/folders/1t/c55l8xzs6gq...}, cssSelectorsEnabled: true, databaseEnabled: false, goog:chromeOptions: {debuggerAddress: localhost:59008}, handlesAlerts: true, hasTouchScreen: false, javascriptEnabled: true, locationContextEnabled: true, mobileEmulationEnabled: false, nativeEvents: true, networkConnectionEnabled: false, pageLoadStrategy: normal, platform: MAC, platformName: MAC, rotatable: false, setWindowRect: true, takesHeapSnapshot: true, takesScreenshot: true, unexpectedAlertBehaviour: , unhandledPromptBehavior: , version: 75.0.3770.100, webStorageEnabled: true}
Session ID: 3aa3a068562071bae55b1a7652fbf3cb)
[[ATTACHMENT|/Users/sumankompelly/Katalon Studio/APOLLO/Reports/Apollo- Desktop/20190618_155238/1560889102960.png]]

2019-06-18 16:18:23 - [MESSAGE][FAILED] - click(findTestObject("APOLLO- Desktop/Shipping page/Continue to payment")) FAILED.
Reason:
com.kms.katalon.core.exception.StepFailedException: Unable to click on object 'Object Repository/APOLLO- Desktop/Shipping page/Continue to payment' (Root cause: org.openqa.selenium.WebDriverException: unknown error: Element <button name="button" type="submit" id="continue_button" class="step__footer__continue-btn btn " aria-busy="false" trekkie_id="continue_to_payment_method_button">...</button> is not clickable at point (491, 681). Other element would receive the click: <iframe title="Preview Bar" id="preview-bar-iframe" src="https://diff-apollo.myshopify.com/preview_bar" sandbox="allow-same-origin allow-scripts" style="position: fixed; bottom: 0px; left: 0px; z-index: 2147483647; width: 100%; border: none; box-shadow: rgba(0, 0, 0, 0.2) 0px -1px 3px; overflow: hidden; transform: translateY(0px); transition: transform 300ms ease 0s; height: 60px;"></iframe>
  (Session info: chrome=75.0.3770.100)
  (Driver info: chromedriver=2.43.600229 (3fae4d0cda5334b4f533bede5a4787f7b832d052),platform=Mac OS X 10.13.6 x86_64) (WARNING: The server did not provide any stacktrace information)
Command duration or timeout: 0 milliseconds
Build info: version: '3.7.1', revision: '8a0099a', time: '2017-11-06T21:07:36.161Z'
System info: host: 'sumans-MacBook-Pro.local', ip: 'fe80:0:0:0:9b:8caf:6d51:8ac%en0', os.name: 'Mac OS X', os.arch: 'x86_64', os.version: '10.13.6', java.version: '1.8.0_181'
Driver info: com.kms.katalon.selenium.driver.CChromeDriver
Capabilities {acceptInsecureCerts: false, acceptSslCerts: false, applicationCacheEnabled: false, browserConnectionEnabled: false, browserName: chrome, chrome: {chromedriverVersion: 2.43.600229 (3fae4d0cda5334..., userDataDir: /var/folders/1t/c55l8xzs6gq...}, cssSelectorsEnabled: true, databaseEnabled: false, goog:chromeOptions: {debuggerAddress: localhost:59008}, handlesAlerts: true, hasTouchScreen: false, javascriptEnabled: true, locationContextEnabled: true, mobileEmulationEnabled: false, nativeEvents: true, networkConnectionEnabled: false, pageLoadStrategy: normal, platform: MAC, platformName: MAC, rotatable: false, setWindowRect: true, takesHeapSnapshot: true, takesScreenshot: true, unexpectedAlertBehaviour: , unhandledPromptBehavior: , version: 75.0.3770.100, webStorageEnabled: true}
Session ID: 3aa3a068562071bae55b1a7652fbf3cb)
	at com.kms.katalon.core.keyword.internal.KeywordMain.stepFailed(KeywordMain.groovy:36)
	at com.kms.katalon.core.webui.keyword.internal.WebUIKeywordMain.stepFailed(WebUIKeywordMain.groovy:65)
	at com.kms.katalon.core.webui.keyword.internal.WebUIKeywordMain.runKeyword(WebUIKeywordMain.groovy:27)
	at com.kms.katalon.core.webui.keyword.builtin.ClickKeyword.click(ClickKeyword.groovy:86)
	at com.kms.katalon.core.webui.keyword.builtin.ClickKeyword.execute(ClickKeyword.groovy:67)
	at com.kms.katalon.core.keyword.internal.KeywordExecutor.executeKeywordForPlatform(KeywordExecutor.groovy:53)
	at com.kms.katalon.core.webui.keyword.WebUiBuiltInKeywords.click(WebUiBuiltInKeywords.groovy:616)
	at com.kms.katalon.core.webui.keyword.WebUiBuiltInKeywords$click$2.call(Unknown Source)
	at Price comparison - cart page.run(Price comparison - cart page:155)
	at com.kms.katalon.core.main.ScriptEngine.run(ScriptEngine.java:194)
	at com.kms.katalon.core.main.ScriptEngine.runScriptAsRawText(ScriptEngine.java:119)
	at com.kms.katalon.core.main.TestCaseExecutor.runScript(TestCaseExecutor.java:328)
	at com.kms.katalon.core.main.TestCaseExecutor.doExecute(TestCaseExecutor.java:319)
	at com.kms.katalon.core.main.TestCaseExecutor.processExecutionPhase(TestCaseExecutor.java:298)
	at com.kms.katalon.core.main.TestCaseExecutor.accessMainPhase(TestCaseExecutor.java:290)
	at com.kms.katalon.core.main.TestCaseExecutor.execute(TestCaseExecutor.java:224)
	at com.kms.katalon.core.main.TestSuiteExecutor.accessTestCaseMainPhase(TestSuiteExecutor.java:129)
	at com.kms.katalon.core.main.TestSuiteExecutor.accessTestSuiteMainPhase(TestSuiteExecutor.java:112)
	at com.kms.katalon.core.main.TestSuiteExecutor.execute(TestSuiteExecutor.java:81)
	at com.kms.katalon.core.main.TestCaseMain.startTestSuite(TestCaseMain.java:149)
	at com.kms.katalon.core.main.TestCaseMain$startTestSuite$0.call(Unknown Source)
	at TempTestSuite1560887558246.run(TempTestSuite1560887558246.groovy:36)]]></system-out>
         <system-err><![CDATA[2019-06-18 16:17:17 - [TEST_CASE][FAILED] - Test Cases/CRITICAL PATH/Price comparison - cart page: Test Cases/CRITICAL PATH/Price comparison - cart page FAILED.
Reason:
com.kms.katalon.core.exception.StepFailedException: Unable to click on object 'Object Repository/APOLLO- Desktop/Shipping page/Continue to payment' (Root cause: org.openqa.selenium.WebDriverException: unknown error: Element <button name="button" type="submit" id="continue_button" class="step__footer__continue-btn btn " aria-busy="false" trekkie_id="continue_to_payment_method_button">...</button> is not clickable at point (491, 681). Other element would receive the click: <iframe title="Preview Bar" id="preview-bar-iframe" src="https://diff-apollo.myshopify.com/preview_bar" sandbox="allow-same-origin allow-scripts" style="position: fixed; bottom: 0px; left: 0px; z-index: 2147483647; width: 100%; border: none; box-shadow: rgba(0, 0, 0, 0.2) 0px -1px 3px; overflow: hidden; transform: translateY(0px); transition: transform 300ms ease 0s; height: 60px;"></iframe>
  (Session info: chrome=75.0.3770.100)
  (Driver info: chromedriver=2.43.600229 (3fae4d0cda5334b4f533bede5a4787f7b832d052),platform=Mac OS X 10.13.6 x86_64) (WARNING: The server did not provide any stacktrace information)
Command duration or timeout: 0 milliseconds
Build info: version: '3.7.1', revision: '8a0099a', time: '2017-11-06T21:07:36.161Z'
System info: host: 'sumans-MacBook-Pro.local', ip: 'fe80:0:0:0:9b:8caf:6d51:8ac%en0', os.name: 'Mac OS X', os.arch: 'x86_64', os.version: '10.13.6', java.version: '1.8.0_181'
Driver info: com.kms.katalon.selenium.driver.CChromeDriver
Capabilities {acceptInsecureCerts: false, acceptSslCerts: false, applicationCacheEnabled: false, browserConnectionEnabled: false, browserName: chrome, chrome: {chromedriverVersion: 2.43.600229 (3fae4d0cda5334..., userDataDir: /var/folders/1t/c55l8xzs6gq...}, cssSelectorsEnabled: true, databaseEnabled: false, goog:chromeOptions: {debuggerAddress: localhost:59008}, handlesAlerts: true, hasTouchScreen: false, javascriptEnabled: true, locationContextEnabled: true, mobileEmulationEnabled: false, nativeEvents: true, networkConnectionEnabled: false, pageLoadStrategy: normal, platform: MAC, platformName: MAC, rotatable: false, setWindowRect: true, takesHeapSnapshot: true, takesScreenshot: true, unexpectedAlertBehaviour: , unhandledPromptBehavior: , version: 75.0.3770.100, webStorageEnabled: true}
Session ID: 3aa3a068562071bae55b1a7652fbf3cb)
	at com.kms.katalon.core.keyword.internal.KeywordMain.stepFailed(KeywordMain.groovy:36)
	at com.kms.katalon.core.webui.keyword.internal.WebUIKeywordMain.stepFailed(WebUIKeywordMain.groovy:65)
	at com.kms.katalon.core.webui.keyword.internal.WebUIKeywordMain.runKeyword(WebUIKeywordMain.groovy:27)
	at com.kms.katalon.core.webui.keyword.builtin.ClickKeyword.click(ClickKeyword.groovy:86)
	at com.kms.katalon.core.webui.keyword.builtin.ClickKeyword.execute(ClickKeyword.groovy:67)
	at com.kms.katalon.core.keyword.internal.KeywordExecutor.executeKeywordForPlatform(KeywordExecutor.groovy:53)
	at com.kms.katalon.core.webui.keyword.WebUiBuiltInKeywords.click(WebUiBuiltInKeywords.groovy:616)
	at com.kms.katalon.core.webui.keyword.WebUiBuiltInKeywords$click$2.call(Unknown Source)
	at Price comparison - cart page.run(Price comparison - cart page:155)
	at com.kms.katalon.core.main.ScriptEngine.run(ScriptEngine.java:194)
	at com.kms.katalon.core.main.ScriptEngine.runScriptAsRawText(ScriptEngine.java:119)
	at com.kms.katalon.core.main.TestCaseExecutor.runScript(TestCaseExecutor.java:328)
	at com.kms.katalon.core.main.TestCaseExecutor.doExecute(TestCaseExecutor.java:319)
	at com.kms.katalon.core.main.TestCaseExecutor.processExecutionPhase(TestCaseExecutor.java:298)
	at com.kms.katalon.core.main.TestCaseExecutor.accessMainPhase(TestCaseExecutor.java:290)
	at com.kms.katalon.core.main.TestCaseExecutor.execute(TestCaseExecutor.java:224)
	at com.kms.katalon.core.main.TestSuiteExecutor.accessTestCaseMainPhase(TestSuiteExecutor.java:129)
	at com.kms.katalon.core.main.TestSuiteExecutor.accessTestSuiteMainPhase(TestSuiteExecutor.java:112)
	at com.kms.katalon.core.main.TestSuiteExecutor.execute(TestSuiteExecutor.java:81)
	at com.kms.katalon.core.main.TestCaseMain.startTestSuite(TestCaseMain.java:149)
	at com.kms.katalon.core.main.TestCaseMain$startTestSuite$0.call(Unknown Source)
	at TempTestSuite1560887558246.run(TempTestSuite1560887558246.groovy:36)]]></system-err>
      </testcase>
      <testcase name="Test Cases/CRITICAL PATH/Decrease quantity - cart page" classname="Test Cases/CRITICAL PATH/Decrease quantity - cart page" status="PASSED">
         <system-out><![CDATA[2019-06-18 16:18:23 - [TEST_CASE][PASSED] - Test Cases/CRITICAL PATH/Decrease quantity - cart page: Test Cases/CRITICAL PATH/Decrease quantity - cart page

2019-06-18 16:18:23 - [TEST_STEP][PASSED] - callTestCase(findTestCase("CALL - URL"), [:], STOP_ON_FAILURE): Call Test Case 'Test Cases/CALL - URL' successfully

2019-06-18 16:18:23 - [TEST_CASE][PASSED] - Test Cases/CALL - URL: Test Cases/CALL - URL

2019-06-18 16:18:23 - [TEST_STEP][PASSED] - openBrowser(""): Browser is opened with url: ''

2019-06-18 16:18:23 - [MESSAGE][WARNING] - A browser is already opened. Closing browser and opening a new one

2019-06-18 16:18:23 - [MESSAGE][INFO] - Starting 'Chrome' driver

2019-06-18 16:18:24 - [MESSAGE][PASSED] - Browser is opened with url: ''

2019-06-18 16:18:24 - [TEST_STEP][PASSED] - navigateToUrl("https://diff-apollo.myshopify.com/?_ab=0&_fd=0&_sc=1&preview_theme_id=68602101860"): Navigate to 'https://diff-apollo.myshopify.com/?_ab=0&_fd=0&_sc=1&preview_theme_id=68602101860' successfully

2019-06-18 16:18:28 - [MESSAGE][PASSED] - Navigate to 'https://diff-apollo.myshopify.com/?_ab=0&_fd=0&_sc=1&preview_theme_id=68602101860' successfully

2019-06-18 16:18:28 - [TEST_STEP][PASSED] - executeJavaScript("var previewBar = document.getElementById("preview-bar-iframe"); previewBar.style.display = "none";", []): Execute JavaScript 'var previewBar = document.getElementById("preview-bar-iframe"); previewBar.style.display = "none";' successfully

2019-06-18 16:18:28 - [MESSAGE][PASSED] - Execute JavaScript 'var previewBar = document.getElementById("preview-bar-iframe"); previewBar.style.display = "none";' successfully

2019-06-18 16:18:28 - [MESSAGE][PASSED] - Call Test Case 'Test Cases/CALL - URL' successfully

2019-06-18 16:18:28 - [TEST_STEP][PASSED] - delay(1): Delayed 1 second(s)

2019-06-18 16:18:29 - [MESSAGE][PASSED] - Delayed 1 second(s)

2019-06-18 16:18:29 - [TEST_STEP][PASSED] - click(findTestObject("APOLLO- Desktop/Burger Menu/Burgermenu")): Object: 'Object Repository/APOLLO- Desktop/Burger Menu/Burgermenu' is clicked on

2019-06-18 16:18:29 - [MESSAGE][PASSED] - Object: 'Object Repository/APOLLO- Desktop/Burger Menu/Burgermenu' is clicked on

2019-06-18 16:18:29 - [TEST_STEP][PASSED] - delay(2): Delayed 2 second(s)

2019-06-18 16:18:31 - [MESSAGE][PASSED] - Delayed 2 second(s)

2019-06-18 16:18:31 - [TEST_STEP][PASSED] - click(findTestObject("APOLLO- Desktop/Burger Menu/Mens chevron")): Object: 'Object Repository/APOLLO- Desktop/Burger Menu/Mens chevron' is clicked on

2019-06-18 16:18:31 - [MESSAGE][PASSED] - Object: 'Object Repository/APOLLO- Desktop/Burger Menu/Mens chevron' is clicked on

2019-06-18 16:18:31 - [TEST_STEP][PASSED] - delay(2): Delayed 2 second(s)

2019-06-18 16:18:33 - [MESSAGE][PASSED] - Delayed 2 second(s)

2019-06-18 16:18:33 - [TEST_STEP][PASSED] - click(findTestObject("APOLLO- Desktop/Burger Menu/Mens - Top Chevron")): Object: 'Object Repository/APOLLO- Desktop/Burger Menu/Mens - Top Chevron' is clicked on

2019-06-18 16:18:33 - [MESSAGE][PASSED] - Object: 'Object Repository/APOLLO- Desktop/Burger Menu/Mens - Top Chevron' is clicked on

2019-06-18 16:18:33 - [TEST_STEP][PASSED] - delay(2): Delayed 2 second(s)

2019-06-18 16:18:35 - [MESSAGE][PASSED] - Delayed 2 second(s)

2019-06-18 16:18:35 - [TEST_STEP][PASSED] - click(findTestObject("APOLLO- Desktop/Burger Menu/Shirts link")): Object: 'Object Repository/APOLLO- Desktop/Burger Menu/Shirts link' is clicked on

2019-06-18 16:18:37 - [MESSAGE][PASSED] - Object: 'Object Repository/APOLLO- Desktop/Burger Menu/Shirts link' is clicked on

2019-06-18 16:18:37 - [TEST_STEP][PASSED] - delay(2): Delayed 2 second(s)

2019-06-18 16:18:39 - [MESSAGE][PASSED] - Delayed 2 second(s)

2019-06-18 16:18:39 - [TEST_STEP][PASSED] - click(findTestObject("APOLLO- Desktop/Collection page/Blue shirt product")): Object: 'Object Repository/APOLLO- Desktop/Collection page/Blue shirt product' is clicked on

2019-06-18 16:18:44 - [MESSAGE][PASSED] - Object: 'Object Repository/APOLLO- Desktop/Collection page/Blue shirt product' is clicked on

2019-06-18 16:18:44 - [TEST_STEP][PASSED] - delay(2): Delayed 2 second(s)

2019-06-18 16:18:46 - [MESSAGE][PASSED] - Delayed 2 second(s)

2019-06-18 16:18:46 - [TEST_STEP][PASSED] - selectOptionByValue(findTestObject("APOLLO- Desktop/Product page/Size dropdown"), "Medium", true): All options with value 'Medium' are selected in object 'Object Repository/APOLLO- Desktop/Product page/Size dropdown'  using regular expression

2019-06-18 16:18:47 - [MESSAGE][PASSED] - All options with value 'Medium' are selected in object 'Object Repository/APOLLO- Desktop/Product page/Size dropdown'  using regular expression

2019-06-18 16:18:47 - [TEST_STEP][PASSED] - delay(2): Delayed 2 second(s)

2019-06-18 16:18:49 - [MESSAGE][PASSED] - Delayed 2 second(s)

2019-06-18 16:18:49 - [TEST_STEP][PASSED] - click(findTestObject("APOLLO- Desktop/Product page/Increase qunatity - prod page")): Object: 'Object Repository/APOLLO- Desktop/Product page/Increase qunatity - prod page' is clicked on

2019-06-18 16:18:49 - [MESSAGE][PASSED] - Object: 'Object Repository/APOLLO- Desktop/Product page/Increase qunatity - prod page' is clicked on

2019-06-18 16:18:49 - [TEST_STEP][PASSED] - delay(2): Delayed 2 second(s)

2019-06-18 16:18:51 - [MESSAGE][PASSED] - Delayed 2 second(s)

2019-06-18 16:18:51 - [TEST_STEP][PASSED] - click(findTestObject("APOLLO- Desktop/Product page/Increase qunatity - prod page")): Object: 'Object Repository/APOLLO- Desktop/Product page/Increase qunatity - prod page' is clicked on

2019-06-18 16:18:51 - [MESSAGE][PASSED] - Object: 'Object Repository/APOLLO- Desktop/Product page/Increase qunatity - prod page' is clicked on

2019-06-18 16:18:51 - [TEST_STEP][PASSED] - delay(2): Delayed 2 second(s)

2019-06-18 16:18:53 - [MESSAGE][PASSED] - Delayed 2 second(s)

2019-06-18 16:18:53 - [TEST_STEP][PASSED] - click(findTestObject("APOLLO- Desktop/Product page/Increase qunatity - prod page")): Object: 'Object Repository/APOLLO- Desktop/Product page/Increase qunatity - prod page' is clicked on

2019-06-18 16:18:53 - [MESSAGE][PASSED] - Object: 'Object Repository/APOLLO- Desktop/Product page/Increase qunatity - prod page' is clicked on

2019-06-18 16:18:53 - [TEST_STEP][PASSED] - delay(2): Delayed 2 second(s)

2019-06-18 16:18:55 - [MESSAGE][PASSED] - Delayed 2 second(s)

2019-06-18 16:18:55 - [TEST_STEP][PASSED] - click(findTestObject("APOLLO- Desktop/Product page/Increase qunatity - prod page")): Object: 'Object Repository/APOLLO- Desktop/Product page/Increase qunatity - prod page' is clicked on

2019-06-18 16:18:55 - [MESSAGE][PASSED] - Object: 'Object Repository/APOLLO- Desktop/Product page/Increase qunatity - prod page' is clicked on

2019-06-18 16:18:55 - [TEST_STEP][PASSED] - delay(2): Delayed 2 second(s)

2019-06-18 16:18:57 - [MESSAGE][PASSED] - Delayed 2 second(s)

2019-06-18 16:18:57 - [TEST_STEP][PASSED] - click(findTestObject("APOLLO- Desktop/Product page/Increase qunatity - prod page")): Object: 'Object Repository/APOLLO- Desktop/Product page/Increase qunatity - prod page' is clicked on

2019-06-18 16:18:57 - [MESSAGE][PASSED] - Object: 'Object Repository/APOLLO- Desktop/Product page/Increase qunatity - prod page' is clicked on

2019-06-18 16:18:57 - [TEST_STEP][PASSED] - delay(2): Delayed 2 second(s)

2019-06-18 16:18:59 - [MESSAGE][PASSED] - Delayed 2 second(s)

2019-06-18 16:18:59 - [TEST_STEP][PASSED] - click(findTestObject("APOLLO- Desktop/Product page/Add to bag")): Object: 'Object Repository/APOLLO- Desktop/Product page/Add to bag' is clicked on

2019-06-18 16:18:59 - [MESSAGE][PASSED] - Object: 'Object Repository/APOLLO- Desktop/Product page/Add to bag' is clicked on

2019-06-18 16:18:59 - [TEST_STEP][PASSED] - delay(2): Delayed 2 second(s)

2019-06-18 16:19:01 - [MESSAGE][PASSED] - Delayed 2 second(s)

2019-06-18 16:19:01 - [TEST_STEP][PASSED] - delay(2): Delayed 2 second(s)

2019-06-18 16:19:03 - [MESSAGE][PASSED] - Delayed 2 second(s)

2019-06-18 16:19:03 - [TEST_STEP][PASSED] - click(findTestObject("APOLLO- Desktop/Cart flyout/Checkout")): Object: 'Object Repository/APOLLO- Desktop/Cart flyout/Checkout' is clicked on

2019-06-18 16:19:05 - [MESSAGE][PASSED] - Object: 'Object Repository/APOLLO- Desktop/Cart flyout/Checkout' is clicked on

2019-06-18 16:19:05 - [TEST_STEP][PASSED] - delay(2): Delayed 2 second(s)

2019-06-18 16:19:07 - [MESSAGE][PASSED] - Delayed 2 second(s)

2019-06-18 16:19:07 - [TEST_STEP][PASSED] - click(findTestObject("APOLLO- Desktop/Customer Information page/Cart page breadcrumb")): Object: 'Object Repository/APOLLO- Desktop/Customer Information page/Cart page breadcrumb' is clicked on

2019-06-18 16:19:09 - [MESSAGE][PASSED] - Object: 'Object Repository/APOLLO- Desktop/Customer Information page/Cart page breadcrumb' is clicked on

2019-06-18 16:19:09 - [TEST_STEP][PASSED] - executeJavaScript("var previewBar = document.getElementById("preview-bar-iframe"); previewBar.style.display = "none";", []): Execute JavaScript 'var previewBar = document.getElementById("preview-bar-iframe"); previewBar.style.display = "none";' successfully

2019-06-18 16:19:09 - [MESSAGE][PASSED] - Execute JavaScript 'var previewBar = document.getElementById("preview-bar-iframe"); previewBar.style.display = "none";' successfully

2019-06-18 16:19:09 - [TEST_STEP][PASSED] - delay(2): Delayed 2 second(s)

2019-06-18 16:19:11 - [MESSAGE][PASSED] - Delayed 2 second(s)

2019-06-18 16:19:11 - [TEST_STEP][PASSED] - a = getText(findTestObject("APOLLO- Desktop/Cart page/Subtotal in cart page")): Text of object 'Object Repository/APOLLO- Desktop/Cart page/Subtotal in cart page' is: '$76.50'

2019-06-18 16:19:11 - [MESSAGE][PASSED] - Text of object 'Object Repository/APOLLO- Desktop/Cart page/Subtotal in cart page' is: '$76.50'

2019-06-18 16:19:11 - [TEST_STEP][PASSED] - comment("a=" + a): a=$76.50

2019-06-18 16:19:11 - [MESSAGE][INFO] - a=$76.50

2019-06-18 16:19:11 - [TEST_STEP][PASSED] - delay(2): Delayed 2 second(s)

2019-06-18 16:19:13 - [MESSAGE][PASSED] - Delayed 2 second(s)

2019-06-18 16:19:13 - [TEST_STEP][PASSED] - click(findTestObject("APOLLO- Desktop/Cart page/Decrease quantity - cart page")): Object: 'Object Repository/APOLLO- Desktop/Cart page/Decrease quantity - cart page' is clicked on

2019-06-18 16:19:13 - [MESSAGE][PASSED] - Object: 'Object Repository/APOLLO- Desktop/Cart page/Decrease quantity - cart page' is clicked on

2019-06-18 16:19:13 - [TEST_STEP][PASSED] - delay(2): Delayed 2 second(s)

2019-06-18 16:19:15 - [MESSAGE][PASSED] - Delayed 2 second(s)

2019-06-18 16:19:15 - [TEST_STEP][PASSED] - click(findTestObject("APOLLO- Desktop/Cart page/Decrease quantity - cart page")): Object: 'Object Repository/APOLLO- Desktop/Cart page/Decrease quantity - cart page' is clicked on

2019-06-18 16:19:15 - [MESSAGE][PASSED] - Object: 'Object Repository/APOLLO- Desktop/Cart page/Decrease quantity - cart page' is clicked on

2019-06-18 16:19:15 - [TEST_STEP][PASSED] - delay(2): Delayed 2 second(s)

2019-06-18 16:19:17 - [MESSAGE][PASSED] - Delayed 2 second(s)

2019-06-18 16:19:17 - [TEST_STEP][PASSED] - click(findTestObject("APOLLO- Desktop/Cart page/Decrease quantity - cart page")): Object: 'Object Repository/APOLLO- Desktop/Cart page/Decrease quantity - cart page' is clicked on

2019-06-18 16:19:17 - [MESSAGE][PASSED] - Object: 'Object Repository/APOLLO- Desktop/Cart page/Decrease quantity - cart page' is clicked on

2019-06-18 16:19:17 - [TEST_STEP][PASSED] - delay(2): Delayed 2 second(s)

2019-06-18 16:19:19 - [MESSAGE][PASSED] - Delayed 2 second(s)

2019-06-18 16:19:19 - [TEST_STEP][PASSED] - setText(findTestObject("APOLLO- Desktop/Cart flyout/CArt quanty update"), "1"): Text '1' is set on object 'Object Repository/APOLLO- Desktop/Cart flyout/CArt quanty update'

2019-06-18 16:19:20 - [MESSAGE][PASSED] - Text '1' is set on object 'Object Repository/APOLLO- Desktop/Cart flyout/CArt quanty update'

2019-06-18 16:19:20 - [TEST_STEP][PASSED] - delay(2): Delayed 2 second(s)

2019-06-18 16:19:22 - [MESSAGE][PASSED] - Delayed 2 second(s)

2019-06-18 16:19:22 - [TEST_STEP][PASSED] - click(findTestObject("APOLLO- Desktop/Cart page/Click outside the page")): Object: 'Object Repository/APOLLO- Desktop/Cart page/Click outside the page' is clicked on

2019-06-18 16:19:22 - [MESSAGE][PASSED] - Object: 'Object Repository/APOLLO- Desktop/Cart page/Click outside the page' is clicked on

2019-06-18 16:19:22 - [TEST_STEP][PASSED] - delay(2): Delayed 2 second(s)

2019-06-18 16:19:24 - [MESSAGE][PASSED] - Delayed 2 second(s)

2019-06-18 16:19:24 - [TEST_STEP][PASSED] - b = getText(findTestObject("APOLLO- Desktop/Cart page/Subtotal in cart page")): Text of object 'Object Repository/APOLLO- Desktop/Cart page/Subtotal in cart page' is: '$30.00'

2019-06-18 16:19:24 - [MESSAGE][PASSED] - Text of object 'Object Repository/APOLLO- Desktop/Cart page/Subtotal in cart page' is: '$30.00'

2019-06-18 16:19:24 - [TEST_STEP][PASSED] - comment("b=" + b): b=$30.00

2019-06-18 16:19:24 - [MESSAGE][INFO] - b=$30.00

2019-06-18 16:19:24 - [TEST_STEP][PASSED] - verifyNotEqual("a", "b"): Actual object 'a' and expected object 'b' are not equal

2019-06-18 16:19:24 - [MESSAGE][PASSED] - Actual object 'a' and expected object 'b' are not equal

2019-06-18 16:19:24 - [TEST_STEP][PASSED] - delay(2): Delayed 2 second(s)

2019-06-18 16:19:26 - [MESSAGE][PASSED] - Delayed 2 second(s)

2019-06-18 16:19:26 - [TEST_STEP][PASSED] - click(findTestObject("APOLLO- Desktop/Cart flyout/Checkout")): Object: 'Object Repository/APOLLO- Desktop/Cart flyout/Checkout' is clicked on

2019-06-18 16:19:28 - [MESSAGE][PASSED] - Object: 'Object Repository/APOLLO- Desktop/Cart flyout/Checkout' is clicked on

2019-06-18 16:19:28 - [TEST_STEP][PASSED] - delay(2): Delayed 2 second(s)

2019-06-18 16:19:30 - [MESSAGE][PASSED] - Delayed 2 second(s)

2019-06-18 16:19:30 - [TEST_STEP][PASSED] - callTestCase(findTestCase("CALL- CUSTOMER INFO PAGE"), [:], STOP_ON_FAILURE): Call Test Case 'Test Cases/CALL- CUSTOMER INFO PAGE' successfully

2019-06-18 16:19:30 - [TEST_CASE][PASSED] - Test Cases/CALL- CUSTOMER INFO PAGE: Test Cases/CALL- CUSTOMER INFO PAGE

2019-06-18 16:19:30 - [TEST_STEP][PASSED] - delay(2): Delayed 2 second(s)

2019-06-18 16:19:32 - [MESSAGE][PASSED] - Delayed 2 second(s)

2019-06-18 16:19:32 - [TEST_STEP][PASSED] - executeJavaScript("var previewBar = document.getElementById("preview-bar-iframe"); previewBar.style.display = "none";", []): Execute JavaScript 'var previewBar = document.getElementById("preview-bar-iframe"); previewBar.style.display = "none";' successfully

2019-06-18 16:19:32 - [MESSAGE][PASSED] - Execute JavaScript 'var previewBar = document.getElementById("preview-bar-iframe"); previewBar.style.display = "none";' successfully

2019-06-18 16:19:32 - [TEST_STEP][PASSED] - setText(findTestObject("APOLLO- Desktop/Customer Information page/Email"), "suman@gmail.com"): Text 'suman@gmail.com' is set on object 'Object Repository/APOLLO- Desktop/Customer Information page/Email'

2019-06-18 16:19:32 - [MESSAGE][PASSED] - Text 'suman@gmail.com' is set on object 'Object Repository/APOLLO- Desktop/Customer Information page/Email'

2019-06-18 16:19:32 - [TEST_STEP][PASSED] - delay(2): Delayed 2 second(s)

2019-06-18 16:19:34 - [MESSAGE][PASSED] - Delayed 2 second(s)

2019-06-18 16:19:34 - [TEST_STEP][PASSED] - setText(findTestObject("APOLLO- Desktop/Customer Information page/First name"), "suman"): Text 'suman' is set on object 'Object Repository/APOLLO- Desktop/Customer Information page/First name'

2019-06-18 16:19:34 - [MESSAGE][PASSED] - Text 'suman' is set on object 'Object Repository/APOLLO- Desktop/Customer Information page/First name'

2019-06-18 16:19:34 - [TEST_STEP][PASSED] - delay(2): Delayed 2 second(s)

2019-06-18 16:19:36 - [MESSAGE][PASSED] - Delayed 2 second(s)

2019-06-18 16:19:36 - [TEST_STEP][PASSED] - setText(findTestObject("APOLLO- Desktop/Customer Information page/Last name"), "kompelly"): Text 'kompelly' is set on object 'Object Repository/APOLLO- Desktop/Customer Information page/Last name'

2019-06-18 16:19:37 - [MESSAGE][PASSED] - Text 'kompelly' is set on object 'Object Repository/APOLLO- Desktop/Customer Information page/Last name'

2019-06-18 16:19:37 - [TEST_STEP][PASSED] - delay(2): Delayed 2 second(s)

2019-06-18 16:19:39 - [MESSAGE][PASSED] - Delayed 2 second(s)

2019-06-18 16:19:39 - [TEST_STEP][PASSED] - setText(findTestObject("APOLLO- Desktop/Customer Information page/Address"), "1435 st alxendre"): Text '1435 st alxendre' is set on object 'Object Repository/APOLLO- Desktop/Customer Information page/Address'

2019-06-18 16:19:39 - [MESSAGE][PASSED] - Text '1435 st alxendre' is set on object 'Object Repository/APOLLO- Desktop/Customer Information page/Address'

2019-06-18 16:19:39 - [TEST_STEP][PASSED] - setText(findTestObject("APOLLO- Desktop/Customer Information page/Apartment"), "220"): Text '220' is set on object 'Object Repository/APOLLO- Desktop/Customer Information page/Apartment'

2019-06-18 16:19:39 - [MESSAGE][PASSED] - Text '220' is set on object 'Object Repository/APOLLO- Desktop/Customer Information page/Apartment'

2019-06-18 16:19:39 - [TEST_STEP][PASSED] - setText(findTestObject("APOLLO- Desktop/Customer Information page/City"), "montreal"): Text 'montreal' is set on object 'Object Repository/APOLLO- Desktop/Customer Information page/City'

2019-06-18 16:19:39 - [MESSAGE][PASSED] - Text 'montreal' is set on object 'Object Repository/APOLLO- Desktop/Customer Information page/City'

2019-06-18 16:19:39 - [TEST_STEP][PASSED] - selectOptionByValue(findTestObject("APOLLO- Desktop/Customer Information page/Country dropdown"), "United States", true): All options with value 'United States' are selected in object 'Object Repository/APOLLO- Desktop/Customer Information page/Country dropdown'  using regular expression

2019-06-18 16:19:42 - [MESSAGE][PASSED] - All options with value 'United States' are selected in object 'Object Repository/APOLLO- Desktop/Customer Information page/Country dropdown'  using regular expression

2019-06-18 16:19:42 - [TEST_STEP][PASSED] - selectOptionByValue(findTestObject("APOLLO- Desktop/Customer Information page/states dropdown"), "NJ", true): All options with value 'NJ' are selected in object 'Object Repository/APOLLO- Desktop/Customer Information page/states dropdown'  using regular expression

2019-06-18 16:19:43 - [MESSAGE][PASSED] - All options with value 'NJ' are selected in object 'Object Repository/APOLLO- Desktop/Customer Information page/states dropdown'  using regular expression

2019-06-18 16:19:43 - [TEST_STEP][PASSED] - setText(findTestObject("APOLLO- Desktop/Customer Information page/ZIP code"), "07057"): Text '07057' is set on object 'Object Repository/APOLLO- Desktop/Customer Information page/ZIP code'

2019-06-18 16:19:43 - [MESSAGE][PASSED] - Text '07057' is set on object 'Object Repository/APOLLO- Desktop/Customer Information page/ZIP code'

2019-06-18 16:19:43 - [MESSAGE][PASSED] - Call Test Case 'Test Cases/CALL- CUSTOMER INFO PAGE' successfully

2019-06-18 16:19:43 - [TEST_STEP][PASSED] - delay(2): Delayed 2 second(s)

2019-06-18 16:19:45 - [MESSAGE][PASSED] - Delayed 2 second(s)

2019-06-18 16:19:45 - [TEST_STEP][PASSED] - executeJavaScript("var previewBar = document.getElementById("preview-bar-iframe"); previewBar.style.display = "none";", []): Execute JavaScript 'var previewBar = document.getElementById("preview-bar-iframe"); previewBar.style.display = "none";' successfully

2019-06-18 16:19:45 - [MESSAGE][PASSED] - Execute JavaScript 'var previewBar = document.getElementById("preview-bar-iframe"); previewBar.style.display = "none";' successfully

2019-06-18 16:19:45 - [TEST_STEP][PASSED] - click(findTestObject("APOLLO- Desktop/Customer Information page/Continue to shipping")): Object: 'Object Repository/APOLLO- Desktop/Customer Information page/Continue to shipping' is clicked on

2019-06-18 16:19:47 - [MESSAGE][PASSED] - Object: 'Object Repository/APOLLO- Desktop/Customer Information page/Continue to shipping' is clicked on

2019-06-18 16:19:47 - [TEST_STEP][PASSED] - delay(1): Delayed 1 second(s)

2019-06-18 16:19:48 - [MESSAGE][PASSED] - Delayed 1 second(s)

2019-06-18 16:19:48 - [TEST_STEP][PASSED] - click(findTestObject("APOLLO- Desktop/Shipping page/Radio button check")): Object: 'Object Repository/APOLLO- Desktop/Shipping page/Radio button check' is clicked on

2019-06-18 16:19:48 - [MESSAGE][PASSED] - Object: 'Object Repository/APOLLO- Desktop/Shipping page/Radio button check' is clicked on

2019-06-18 16:19:48 - [TEST_STEP][PASSED] - executeJavaScript("var previewBar = document.getElementById("preview-bar-iframe"); previewBar.style.display = "none";", []): Execute JavaScript 'var previewBar = document.getElementById("preview-bar-iframe"); previewBar.style.display = "none";' successfully

2019-06-18 16:19:48 - [MESSAGE][PASSED] - Execute JavaScript 'var previewBar = document.getElementById("preview-bar-iframe"); previewBar.style.display = "none";' successfully

2019-06-18 16:19:48 - [TEST_STEP][PASSED] - delay(1): Delayed 1 second(s)

2019-06-18 16:19:49 - [MESSAGE][PASSED] - Delayed 1 second(s)

2019-06-18 16:19:49 - [TEST_STEP][PASSED] - click(findTestObject("APOLLO- Desktop/Shipping page/Continue to payment")): Object: 'Object Repository/APOLLO- Desktop/Shipping page/Continue to payment' is clicked on

2019-06-18 16:19:52 - [MESSAGE][PASSED] - Object: 'Object Repository/APOLLO- Desktop/Shipping page/Continue to payment' is clicked on

2019-06-18 16:19:52 - [TEST_STEP][PASSED] - delay(1): Delayed 1 second(s)

2019-06-18 16:19:53 - [MESSAGE][PASSED] - Delayed 1 second(s)

2019-06-18 16:19:53 - [TEST_STEP][PASSED] - click(findTestObject("APOLLO- Desktop/payment page/Payment section")): Object: 'Object Repository/APOLLO- Desktop/payment page/Payment section' is clicked on

2019-06-18 16:19:53 - [MESSAGE][PASSED] - Object: 'Object Repository/APOLLO- Desktop/payment page/Payment section' is clicked on]]></system-out>
         <system-err><![CDATA[]]></system-err>
      </testcase>
      <testcase name="Test Cases/CRITICAL PATH/Adding product - Search flyout" classname="Test Cases/CRITICAL PATH/Adding product - Search flyout" status="FAILED">
         <failure type="FAILED" message="Test Cases/CRITICAL PATH/Adding product - Search flyout FAILED.
Reason:
com.kms.katalon.core.exception.StepFailedException: Object 'Object Repository/APOLLO- Desktop/Product page/Add to bag' is NOT clickable
	at com.kms.katalon.core.keyword.internal.KeywordMain.stepFailed(KeywordMain.groovy:32)
	at com.kms.katalon.core.webui.keyword.internal.WebUIKeywordMain.stepFailed(WebUIKeywordMain.groovy:65)
	at com.kms.katalon.core.webui.keyword.builtin.VerifyElementClickableKeyword$_verifyElementClickable_closure1.doCall(VerifyElementClickableKeyword.groovy:83)
	at com.kms.katalon.core.webui.keyword.builtin.VerifyElementClickableKeyword$_verifyElementClickable_closure1.call(VerifyElementClickableKeyword.groovy)
	at com.kms.katalon.core.webui.keyword.internal.WebUIKeywordMain.runKeyword(WebUIKeywordMain.groovy:21)
	at com.kms.katalon.core.webui.keyword.builtin.VerifyElementClickableKeyword.verifyElementClickable(VerifyElementClickableKeyword.groovy:96)
	at com.kms.katalon.core.webui.keyword.builtin.VerifyElementClickableKeyword.execute(VerifyElementClickableKeyword.groovy:67)
	at com.kms.katalon.core.keyword.internal.KeywordExecutor.executeKeywordForPlatform(KeywordExecutor.groovy:53)
	at com.kms.katalon.core.webui.keyword.WebUiBuiltInKeywords.verifyElementClickable(WebUiBuiltInKeywords.groovy:548)
	at com.kms.katalon.core.webui.keyword.WebUiBuiltInKeywords$verifyElementClickable$17.call(Unknown Source)
	at Adding product - Search flyout.run(Adding product - Search flyout:36)
	at com.kms.katalon.core.main.ScriptEngine.run(ScriptEngine.java:194)
	at com.kms.katalon.core.main.ScriptEngine.runScriptAsRawText(ScriptEngine.java:119)
	at com.kms.katalon.core.main.TestCaseExecutor.runScript(TestCaseExecutor.java:328)
	at com.kms.katalon.core.main.TestCaseExecutor.doExecute(TestCaseExecutor.java:319)
	at com.kms.katalon.core.main.TestCaseExecutor.processExecutionPhase(TestCaseExecutor.java:298)
	at com.kms.katalon.core.main.TestCaseExecutor.accessMainPhase(TestCaseExecutor.java:290)
	at com.kms.katalon.core.main.TestCaseExecutor.execute(TestCaseExecutor.java:224)
	at com.kms.katalon.core.main.TestSuiteExecutor.accessTestCaseMainPhase(TestSuiteExecutor.java:129)
	at com.kms.katalon.core.main.TestSuiteExecutor.accessTestSuiteMainPhase(TestSuiteExecutor.java:112)
	at com.kms.katalon.core.main.TestSuiteExecutor.execute(TestSuiteExecutor.java:81)
	at com.kms.katalon.core.main.TestCaseMain.startTestSuite(TestCaseMain.java:149)
	at com.kms.katalon.core.main.TestCaseMain$startTestSuite$0.call(Unknown Source)
	at TempTestSuite1560887558246.run(TempTestSuite1560887558246.groovy:36)
"/>
         <system-out><![CDATA[2019-06-18 16:19:53 - [TEST_CASE][FAILED] - Test Cases/CRITICAL PATH/Adding product - Search flyout: Test Cases/CRITICAL PATH/Adding product - Search flyout FAILED.
Reason:
com.kms.katalon.core.exception.StepFailedException: Object 'Object Repository/APOLLO- Desktop/Product page/Add to bag' is NOT clickable
	at com.kms.katalon.core.keyword.internal.KeywordMain.stepFailed(KeywordMain.groovy:32)
	at com.kms.katalon.core.webui.keyword.internal.WebUIKeywordMain.stepFailed(WebUIKeywordMain.groovy:65)
	at com.kms.katalon.core.webui.keyword.builtin.VerifyElementClickableKeyword$_verifyElementClickable_closure1.doCall(VerifyElementClickableKeyword.groovy:83)
	at com.kms.katalon.core.webui.keyword.builtin.VerifyElementClickableKeyword$_verifyElementClickable_closure1.call(VerifyElementClickableKeyword.groovy)
	at com.kms.katalon.core.webui.keyword.internal.WebUIKeywordMain.runKeyword(WebUIKeywordMain.groovy:21)
	at com.kms.katalon.core.webui.keyword.builtin.VerifyElementClickableKeyword.verifyElementClickable(VerifyElementClickableKeyword.groovy:96)
	at com.kms.katalon.core.webui.keyword.builtin.VerifyElementClickableKeyword.execute(VerifyElementClickableKeyword.groovy:67)
	at com.kms.katalon.core.keyword.internal.KeywordExecutor.executeKeywordForPlatform(KeywordExecutor.groovy:53)
	at com.kms.katalon.core.webui.keyword.WebUiBuiltInKeywords.verifyElementClickable(WebUiBuiltInKeywords.groovy:548)
	at com.kms.katalon.core.webui.keyword.WebUiBuiltInKeywords$verifyElementClickable$17.call(Unknown Source)
	at Adding product - Search flyout.run(Adding product - Search flyout:36)
	at com.kms.katalon.core.main.ScriptEngine.run(ScriptEngine.java:194)
	at com.kms.katalon.core.main.ScriptEngine.runScriptAsRawText(ScriptEngine.java:119)
	at com.kms.katalon.core.main.TestCaseExecutor.runScript(TestCaseExecutor.java:328)
	at com.kms.katalon.core.main.TestCaseExecutor.doExecute(TestCaseExecutor.java:319)
	at com.kms.katalon.core.main.TestCaseExecutor.processExecutionPhase(TestCaseExecutor.java:298)
	at com.kms.katalon.core.main.TestCaseExecutor.accessMainPhase(TestCaseExecutor.java:290)
	at com.kms.katalon.core.main.TestCaseExecutor.execute(TestCaseExecutor.java:224)
	at com.kms.katalon.core.main.TestSuiteExecutor.accessTestCaseMainPhase(TestSuiteExecutor.java:129)
	at com.kms.katalon.core.main.TestSuiteExecutor.accessTestSuiteMainPhase(TestSuiteExecutor.java:112)
	at com.kms.katalon.core.main.TestSuiteExecutor.execute(TestSuiteExecutor.java:81)
	at com.kms.katalon.core.main.TestCaseMain.startTestSuite(TestCaseMain.java:149)
	at com.kms.katalon.core.main.TestCaseMain$startTestSuite$0.call(Unknown Source)
	at TempTestSuite1560887558246.run(TempTestSuite1560887558246.groovy:36)


2019-06-18 16:19:53 - [TEST_STEP][PASSED] - callTestCase(findTestCase("CALL - URL"), [:], STOP_ON_FAILURE): Call Test Case 'Test Cases/CALL - URL' successfully

2019-06-18 16:19:53 - [TEST_CASE][PASSED] - Test Cases/CALL - URL: Test Cases/CALL - URL

2019-06-18 16:19:53 - [TEST_STEP][PASSED] - openBrowser(""): Browser is opened with url: ''

2019-06-18 16:19:53 - [MESSAGE][WARNING] - A browser is already opened. Closing browser and opening a new one

2019-06-18 16:19:53 - [MESSAGE][INFO] - Starting 'Chrome' driver

2019-06-18 16:19:54 - [MESSAGE][PASSED] - Browser is opened with url: ''

2019-06-18 16:19:54 - [TEST_STEP][PASSED] - navigateToUrl("https://diff-apollo.myshopify.com/?_ab=0&_fd=0&_sc=1&preview_theme_id=68602101860"): Navigate to 'https://diff-apollo.myshopify.com/?_ab=0&_fd=0&_sc=1&preview_theme_id=68602101860' successfully

2019-06-18 16:19:57 - [MESSAGE][PASSED] - Navigate to 'https://diff-apollo.myshopify.com/?_ab=0&_fd=0&_sc=1&preview_theme_id=68602101860' successfully

2019-06-18 16:19:57 - [TEST_STEP][PASSED] - executeJavaScript("var previewBar = document.getElementById("preview-bar-iframe"); previewBar.style.display = "none";", []): Execute JavaScript 'var previewBar = document.getElementById("preview-bar-iframe"); previewBar.style.display = "none";' successfully

2019-06-18 16:19:57 - [MESSAGE][PASSED] - Execute JavaScript 'var previewBar = document.getElementById("preview-bar-iframe"); previewBar.style.display = "none";' successfully

2019-06-18 16:19:57 - [MESSAGE][PASSED] - Call Test Case 'Test Cases/CALL - URL' successfully

2019-06-18 16:19:57 - [TEST_STEP][PASSED] - delay(2): Delayed 2 second(s)

2019-06-18 16:19:59 - [MESSAGE][PASSED] - Delayed 2 second(s)

2019-06-18 16:19:59 - [TEST_STEP][PASSED] - click(findTestObject("APOLLO- Desktop/Home page/Search input")): Object: 'Object Repository/APOLLO- Desktop/Home page/Search input' is clicked on

2019-06-18 16:19:59 - [MESSAGE][PASSED] - Object: 'Object Repository/APOLLO- Desktop/Home page/Search input' is clicked on

2019-06-18 16:19:59 - [TEST_STEP][PASSED] - delay(1): Delayed 1 second(s)

2019-06-18 16:20:00 - [MESSAGE][PASSED] - Delayed 1 second(s)

2019-06-18 16:20:00 - [TEST_STEP][PASSED] - setText(findTestObject("APOLLO- Desktop/Home page/Search input box to enter"), "jacket"): Text 'jacket' is set on object 'Object Repository/APOLLO- Desktop/Home page/Search input box to enter'

2019-06-18 16:20:00 - [MESSAGE][PASSED] - Text 'jacket' is set on object 'Object Repository/APOLLO- Desktop/Home page/Search input box to enter'

2019-06-18 16:20:00 - [TEST_STEP][PASSED] - delay(1): Delayed 1 second(s)

2019-06-18 16:20:01 - [MESSAGE][PASSED] - Delayed 1 second(s)

2019-06-18 16:20:01 - [TEST_STEP][PASSED] - click(findTestObject("APOLLO- Desktop/Home page/2nd product - search flyout")): Object: 'Object Repository/APOLLO- Desktop/Home page/2nd product - search flyout' is clicked on

2019-06-18 16:20:04 - [MESSAGE][PASSED] - Object: 'Object Repository/APOLLO- Desktop/Home page/2nd product - search flyout' is clicked on

2019-06-18 16:20:04 - [TEST_STEP][PASSED] - delay(1): Delayed 1 second(s)

2019-06-18 16:20:05 - [MESSAGE][PASSED] - Delayed 1 second(s)

2019-06-18 16:20:05 - [TEST_STEP][PASSED] - selectOptionByValue(findTestObject("APOLLO- Desktop/Product page/Color dropdown"), "White", true): All options with value 'White' are selected in object 'Object Repository/APOLLO- Desktop/Product page/Color dropdown'  using regular expression

2019-06-18 16:20:05 - [MESSAGE][PASSED] - All options with value 'White' are selected in object 'Object Repository/APOLLO- Desktop/Product page/Color dropdown'  using regular expression

2019-06-18 16:20:05 - [TEST_STEP][PASSED] - delay(1): Delayed 1 second(s)

2019-06-18 16:20:06 - [MESSAGE][PASSED] - Delayed 1 second(s)

2019-06-18 16:20:06 - [TEST_STEP][FAILED] - a = verifyElementClickable(findTestObject("APOLLO- Desktop/Product page/Add to bag"), CONTINUE_ON_FAILURE): Object 'Object Repository/APOLLO- Desktop/Product page/Add to bag' is NOT clickable

2019-06-18 16:20:07 - [MESSAGE][FAILED] - Object 'Object Repository/APOLLO- Desktop/Product page/Add to bag' is NOT clickable
[[ATTACHMENT|/Users/sumankompelly/Katalon Studio/APOLLO/Reports/Apollo- Desktop/20190618_155238/1560889206694.png]]

2019-06-18 16:20:07 - [TEST_STEP][PASSED] - comment("a=" + a): a=false

2019-06-18 16:20:07 - [MESSAGE][INFO] - a=false

2019-06-18 16:20:07 - [TEST_STEP][PASSED] - if (a == true): null

2019-06-18 16:20:07 - [TEST_STEP][PASSED] - else:  product sold out 

2019-06-18 16:20:07 - [TEST_STEP][PASSED] - comment(" product sold out "):  product sold out 

2019-06-18 16:20:07 - [MESSAGE][INFO] -  product sold out 

2019-06-18 16:20:07 - [TEST_STEP][PASSED] - selectOptionByValue(findTestObject("APOLLO- Desktop/Product page/Color dropdown"), "Black", true): All options with value 'Black' are selected in object 'Object Repository/APOLLO- Desktop/Product page/Color dropdown'  using regular expression

2019-06-18 16:20:07 - [MESSAGE][PASSED] - All options with value 'Black' are selected in object 'Object Repository/APOLLO- Desktop/Product page/Color dropdown'  using regular expression

2019-06-18 16:20:07 - [TEST_STEP][PASSED] - click(findTestObject("APOLLO- Desktop/Product page/Add to bag")): Object: 'Object Repository/APOLLO- Desktop/Product page/Add to bag' is clicked on

2019-06-18 16:20:07 - [MESSAGE][PASSED] - Object: 'Object Repository/APOLLO- Desktop/Product page/Add to bag' is clicked on

2019-06-18 16:20:07 - [TEST_STEP][PASSED] - delay(2): Delayed 2 second(s)

2019-06-18 16:20:09 - [MESSAGE][PASSED] - Delayed 2 second(s)

2019-06-18 16:20:09 - [TEST_STEP][PASSED] - executeJavaScript("var previewBar = document.getElementById("preview-bar-iframe"); previewBar.style.display = "none";", []): Execute JavaScript 'var previewBar = document.getElementById("preview-bar-iframe"); previewBar.style.display = "none";' successfully

2019-06-18 16:20:09 - [MESSAGE][PASSED] - Execute JavaScript 'var previewBar = document.getElementById("preview-bar-iframe"); previewBar.style.display = "none";' successfully

2019-06-18 16:20:09 - [TEST_STEP][PASSED] - click(findTestObject("APOLLO- Desktop/Cart flyout/Checkout")): Object: 'Object Repository/APOLLO- Desktop/Cart flyout/Checkout' is clicked on

2019-06-18 16:20:11 - [MESSAGE][PASSED] - Object: 'Object Repository/APOLLO- Desktop/Cart flyout/Checkout' is clicked on

2019-06-18 16:20:11 - [TEST_STEP][PASSED] - delay(1): Delayed 1 second(s)

2019-06-18 16:20:12 - [MESSAGE][PASSED] - Delayed 1 second(s)

2019-06-18 16:20:12 - [TEST_STEP][PASSED] - callTestCase(findTestCase("CALL- CUSTOMER INFO PAGE"), [:], STOP_ON_FAILURE): Call Test Case 'Test Cases/CALL- CUSTOMER INFO PAGE' successfully

2019-06-18 16:20:12 - [TEST_CASE][PASSED] - Test Cases/CALL- CUSTOMER INFO PAGE: Test Cases/CALL- CUSTOMER INFO PAGE

2019-06-18 16:20:12 - [TEST_STEP][PASSED] - delay(2): Delayed 2 second(s)

2019-06-18 16:20:14 - [MESSAGE][PASSED] - Delayed 2 second(s)

2019-06-18 16:20:14 - [TEST_STEP][PASSED] - executeJavaScript("var previewBar = document.getElementById("preview-bar-iframe"); previewBar.style.display = "none";", []): Execute JavaScript 'var previewBar = document.getElementById("preview-bar-iframe"); previewBar.style.display = "none";' successfully

2019-06-18 16:20:14 - [MESSAGE][PASSED] - Execute JavaScript 'var previewBar = document.getElementById("preview-bar-iframe"); previewBar.style.display = "none";' successfully

2019-06-18 16:20:14 - [TEST_STEP][PASSED] - setText(findTestObject("APOLLO- Desktop/Customer Information page/Email"), "suman@gmail.com"): Text 'suman@gmail.com' is set on object 'Object Repository/APOLLO- Desktop/Customer Information page/Email'

2019-06-18 16:20:15 - [MESSAGE][PASSED] - Text 'suman@gmail.com' is set on object 'Object Repository/APOLLO- Desktop/Customer Information page/Email'

2019-06-18 16:20:15 - [TEST_STEP][PASSED] - delay(2): Delayed 2 second(s)

2019-06-18 16:20:17 - [MESSAGE][PASSED] - Delayed 2 second(s)

2019-06-18 16:20:17 - [TEST_STEP][PASSED] - setText(findTestObject("APOLLO- Desktop/Customer Information page/First name"), "suman"): Text 'suman' is set on object 'Object Repository/APOLLO- Desktop/Customer Information page/First name'

2019-06-18 16:20:17 - [MESSAGE][PASSED] - Text 'suman' is set on object 'Object Repository/APOLLO- Desktop/Customer Information page/First name'

2019-06-18 16:20:17 - [TEST_STEP][PASSED] - delay(2): Delayed 2 second(s)

2019-06-18 16:20:19 - [MESSAGE][PASSED] - Delayed 2 second(s)

2019-06-18 16:20:19 - [TEST_STEP][PASSED] - setText(findTestObject("APOLLO- Desktop/Customer Information page/Last name"), "kompelly"): Text 'kompelly' is set on object 'Object Repository/APOLLO- Desktop/Customer Information page/Last name'

2019-06-18 16:20:19 - [MESSAGE][PASSED] - Text 'kompelly' is set on object 'Object Repository/APOLLO- Desktop/Customer Information page/Last name'

2019-06-18 16:20:19 - [TEST_STEP][PASSED] - delay(2): Delayed 2 second(s)

2019-06-18 16:20:21 - [MESSAGE][PASSED] - Delayed 2 second(s)

2019-06-18 16:20:21 - [TEST_STEP][PASSED] - setText(findTestObject("APOLLO- Desktop/Customer Information page/Address"), "1435 st alxendre"): Text '1435 st alxendre' is set on object 'Object Repository/APOLLO- Desktop/Customer Information page/Address'

2019-06-18 16:20:21 - [MESSAGE][PASSED] - Text '1435 st alxendre' is set on object 'Object Repository/APOLLO- Desktop/Customer Information page/Address'

2019-06-18 16:20:21 - [TEST_STEP][PASSED] - setText(findTestObject("APOLLO- Desktop/Customer Information page/Apartment"), "220"): Text '220' is set on object 'Object Repository/APOLLO- Desktop/Customer Information page/Apartment'

2019-06-18 16:20:21 - [MESSAGE][PASSED] - Text '220' is set on object 'Object Repository/APOLLO- Desktop/Customer Information page/Apartment'

2019-06-18 16:20:21 - [TEST_STEP][PASSED] - setText(findTestObject("APOLLO- Desktop/Customer Information page/City"), "montreal"): Text 'montreal' is set on object 'Object Repository/APOLLO- Desktop/Customer Information page/City'

2019-06-18 16:20:21 - [MESSAGE][PASSED] - Text 'montreal' is set on object 'Object Repository/APOLLO- Desktop/Customer Information page/City'

2019-06-18 16:20:21 - [TEST_STEP][PASSED] - selectOptionByValue(findTestObject("APOLLO- Desktop/Customer Information page/Country dropdown"), "United States", true): All options with value 'United States' are selected in object 'Object Repository/APOLLO- Desktop/Customer Information page/Country dropdown'  using regular expression

2019-06-18 16:20:25 - [MESSAGE][PASSED] - All options with value 'United States' are selected in object 'Object Repository/APOLLO- Desktop/Customer Information page/Country dropdown'  using regular expression

2019-06-18 16:20:25 - [TEST_STEP][PASSED] - selectOptionByValue(findTestObject("APOLLO- Desktop/Customer Information page/states dropdown"), "NJ", true): All options with value 'NJ' are selected in object 'Object Repository/APOLLO- Desktop/Customer Information page/states dropdown'  using regular expression

2019-06-18 16:20:25 - [MESSAGE][PASSED] - All options with value 'NJ' are selected in object 'Object Repository/APOLLO- Desktop/Customer Information page/states dropdown'  using regular expression

2019-06-18 16:20:25 - [TEST_STEP][PASSED] - setText(findTestObject("APOLLO- Desktop/Customer Information page/ZIP code"), "07057"): Text '07057' is set on object 'Object Repository/APOLLO- Desktop/Customer Information page/ZIP code'

2019-06-18 16:20:26 - [MESSAGE][PASSED] - Text '07057' is set on object 'Object Repository/APOLLO- Desktop/Customer Information page/ZIP code'

2019-06-18 16:20:26 - [MESSAGE][PASSED] - Call Test Case 'Test Cases/CALL- CUSTOMER INFO PAGE' successfully

2019-06-18 16:20:26 - [TEST_STEP][PASSED] - click(findTestObject("APOLLO- Desktop/Customer Information page/Continue to shipping")): Object: 'Object Repository/APOLLO- Desktop/Customer Information page/Continue to shipping' is clicked on

2019-06-18 16:20:27 - [MESSAGE][PASSED] - Object: 'Object Repository/APOLLO- Desktop/Customer Information page/Continue to shipping' is clicked on

2019-06-18 16:20:27 - [TEST_STEP][PASSED] - click(findTestObject("APOLLO- Desktop/Shipping page/Radio button check")): Object: 'Object Repository/APOLLO- Desktop/Shipping page/Radio button check' is clicked on

2019-06-18 16:20:28 - [MESSAGE][PASSED] - Object: 'Object Repository/APOLLO- Desktop/Shipping page/Radio button check' is clicked on

2019-06-18 16:20:28 - [TEST_STEP][PASSED] - click(findTestObject("APOLLO- Desktop/Shipping page/Continue to payment")): Object: 'Object Repository/APOLLO- Desktop/Shipping page/Continue to payment' is clicked on

2019-06-18 16:20:31 - [MESSAGE][PASSED] - Object: 'Object Repository/APOLLO- Desktop/Shipping page/Continue to payment' is clicked on

2019-06-18 16:20:31 - [TEST_STEP][FAILED] - click(findTestObject("APOLLO- Desktop/payment page/Payment section")): click(findTestObject("APOLLO- Desktop/payment page/Payment section")) FAILED.
Reason:
com.kms.katalon.core.exception.StepFailedException: Object 'Object Repository/APOLLO- Desktop/Product page/Add to bag' is NOT clickable
	at com.kms.katalon.core.keyword.internal.KeywordMain.stepFailed(KeywordMain.groovy:32)
	at com.kms.katalon.core.webui.keyword.internal.WebUIKeywordMain.stepFailed(WebUIKeywordMain.groovy:65)
	at com.kms.katalon.core.webui.keyword.builtin.VerifyElementClickableKeyword$_verifyElementClickable_closure1.doCall(VerifyElementClickableKeyword.groovy:83)
	at com.kms.katalon.core.webui.keyword.builtin.VerifyElementClickableKeyword$_verifyElementClickable_closure1.call(VerifyElementClickableKeyword.groovy)
	at com.kms.katalon.core.webui.keyword.internal.WebUIKeywordMain.runKeyword(WebUIKeywordMain.groovy:21)
	at com.kms.katalon.core.webui.keyword.builtin.VerifyElementClickableKeyword.verifyElementClickable(VerifyElementClickableKeyword.groovy:96)
	at com.kms.katalon.core.webui.keyword.builtin.VerifyElementClickableKeyword.execute(VerifyElementClickableKeyword.groovy:67)
	at com.kms.katalon.core.keyword.internal.KeywordExecutor.executeKeywordForPlatform(KeywordExecutor.groovy:53)
	at com.kms.katalon.core.webui.keyword.WebUiBuiltInKeywords.verifyElementClickable(WebUiBuiltInKeywords.groovy:548)
	at com.kms.katalon.core.webui.keyword.WebUiBuiltInKeywords$verifyElementClickable$17.call(Unknown Source)
	at Adding product - Search flyout.run(Adding product - Search flyout:36)
	at com.kms.katalon.core.main.ScriptEngine.run(ScriptEngine.java:194)
	at com.kms.katalon.core.main.ScriptEngine.runScriptAsRawText(ScriptEngine.java:119)
	at com.kms.katalon.core.main.TestCaseExecutor.runScript(TestCaseExecutor.java:328)
	at com.kms.katalon.core.main.TestCaseExecutor.doExecute(TestCaseExecutor.java:319)
	at com.kms.katalon.core.main.TestCaseExecutor.processExecutionPhase(TestCaseExecutor.java:298)
	at com.kms.katalon.core.main.TestCaseExecutor.accessMainPhase(TestCaseExecutor.java:290)
	at com.kms.katalon.core.main.TestCaseExecutor.execute(TestCaseExecutor.java:224)
	at com.kms.katalon.core.main.TestSuiteExecutor.accessTestCaseMainPhase(TestSuiteExecutor.java:129)
	at com.kms.katalon.core.main.TestSuiteExecutor.accessTestSuiteMainPhase(TestSuiteExecutor.java:112)
	at com.kms.katalon.core.main.TestSuiteExecutor.execute(TestSuiteExecutor.java:81)
	at com.kms.katalon.core.main.TestCaseMain.startTestSuite(TestCaseMain.java:149)
	at com.kms.katalon.core.main.TestCaseMain$startTestSuite$0.call(Unknown Source)
	at TempTestSuite1560887558246.run(TempTestSuite1560887558246.groovy:36)


2019-06-18 16:20:31 - [MESSAGE][PASSED] - Object: 'Object Repository/APOLLO- Desktop/payment page/Payment section' is clicked on

2019-06-18 16:20:31 - [MESSAGE][FAILED] - click(findTestObject("APOLLO- Desktop/payment page/Payment section")) FAILED.
Reason:
com.kms.katalon.core.exception.StepFailedException: Object 'Object Repository/APOLLO- Desktop/Product page/Add to bag' is NOT clickable
	at com.kms.katalon.core.keyword.internal.KeywordMain.stepFailed(KeywordMain.groovy:32)
	at com.kms.katalon.core.webui.keyword.internal.WebUIKeywordMain.stepFailed(WebUIKeywordMain.groovy:65)
	at com.kms.katalon.core.webui.keyword.builtin.VerifyElementClickableKeyword$_verifyElementClickable_closure1.doCall(VerifyElementClickableKeyword.groovy:83)
	at com.kms.katalon.core.webui.keyword.builtin.VerifyElementClickableKeyword$_verifyElementClickable_closure1.call(VerifyElementClickableKeyword.groovy)
	at com.kms.katalon.core.webui.keyword.internal.WebUIKeywordMain.runKeyword(WebUIKeywordMain.groovy:21)
	at com.kms.katalon.core.webui.keyword.builtin.VerifyElementClickableKeyword.verifyElementClickable(VerifyElementClickableKeyword.groovy:96)
	at com.kms.katalon.core.webui.keyword.builtin.VerifyElementClickableKeyword.execute(VerifyElementClickableKeyword.groovy:67)
	at com.kms.katalon.core.keyword.internal.KeywordExecutor.executeKeywordForPlatform(KeywordExecutor.groovy:53)
	at com.kms.katalon.core.webui.keyword.WebUiBuiltInKeywords.verifyElementClickable(WebUiBuiltInKeywords.groovy:548)
	at com.kms.katalon.core.webui.keyword.WebUiBuiltInKeywords$verifyElementClickable$17.call(Unknown Source)
	at Adding product - Search flyout.run(Adding product - Search flyout:36)
	at com.kms.katalon.core.main.ScriptEngine.run(ScriptEngine.java:194)
	at com.kms.katalon.core.main.ScriptEngine.runScriptAsRawText(ScriptEngine.java:119)
	at com.kms.katalon.core.main.TestCaseExecutor.runScript(TestCaseExecutor.java:328)
	at com.kms.katalon.core.main.TestCaseExecutor.doExecute(TestCaseExecutor.java:319)
	at com.kms.katalon.core.main.TestCaseExecutor.processExecutionPhase(TestCaseExecutor.java:298)
	at com.kms.katalon.core.main.TestCaseExecutor.accessMainPhase(TestCaseExecutor.java:290)
	at com.kms.katalon.core.main.TestCaseExecutor.execute(TestCaseExecutor.java:224)
	at com.kms.katalon.core.main.TestSuiteExecutor.accessTestCaseMainPhase(TestSuiteExecutor.java:129)
	at com.kms.katalon.core.main.TestSuiteExecutor.accessTestSuiteMainPhase(TestSuiteExecutor.java:112)
	at com.kms.katalon.core.main.TestSuiteExecutor.execute(TestSuiteExecutor.java:81)
	at com.kms.katalon.core.main.TestCaseMain.startTestSuite(TestCaseMain.java:149)
	at com.kms.katalon.core.main.TestCaseMain$startTestSuite$0.call(Unknown Source)
	at TempTestSuite1560887558246.run(TempTestSuite1560887558246.groovy:36)]]></system-out>
         <system-err><![CDATA[2019-06-18 16:19:53 - [TEST_CASE][FAILED] - Test Cases/CRITICAL PATH/Adding product - Search flyout: Test Cases/CRITICAL PATH/Adding product - Search flyout FAILED.
Reason:
com.kms.katalon.core.exception.StepFailedException: Object 'Object Repository/APOLLO- Desktop/Product page/Add to bag' is NOT clickable
	at com.kms.katalon.core.keyword.internal.KeywordMain.stepFailed(KeywordMain.groovy:32)
	at com.kms.katalon.core.webui.keyword.internal.WebUIKeywordMain.stepFailed(WebUIKeywordMain.groovy:65)
	at com.kms.katalon.core.webui.keyword.builtin.VerifyElementClickableKeyword$_verifyElementClickable_closure1.doCall(VerifyElementClickableKeyword.groovy:83)
	at com.kms.katalon.core.webui.keyword.builtin.VerifyElementClickableKeyword$_verifyElementClickable_closure1.call(VerifyElementClickableKeyword.groovy)
	at com.kms.katalon.core.webui.keyword.internal.WebUIKeywordMain.runKeyword(WebUIKeywordMain.groovy:21)
	at com.kms.katalon.core.webui.keyword.builtin.VerifyElementClickableKeyword.verifyElementClickable(VerifyElementClickableKeyword.groovy:96)
	at com.kms.katalon.core.webui.keyword.builtin.VerifyElementClickableKeyword.execute(VerifyElementClickableKeyword.groovy:67)
	at com.kms.katalon.core.keyword.internal.KeywordExecutor.executeKeywordForPlatform(KeywordExecutor.groovy:53)
	at com.kms.katalon.core.webui.keyword.WebUiBuiltInKeywords.verifyElementClickable(WebUiBuiltInKeywords.groovy:548)
	at com.kms.katalon.core.webui.keyword.WebUiBuiltInKeywords$verifyElementClickable$17.call(Unknown Source)
	at Adding product - Search flyout.run(Adding product - Search flyout:36)
	at com.kms.katalon.core.main.ScriptEngine.run(ScriptEngine.java:194)
	at com.kms.katalon.core.main.ScriptEngine.runScriptAsRawText(ScriptEngine.java:119)
	at com.kms.katalon.core.main.TestCaseExecutor.runScript(TestCaseExecutor.java:328)
	at com.kms.katalon.core.main.TestCaseExecutor.doExecute(TestCaseExecutor.java:319)
	at com.kms.katalon.core.main.TestCaseExecutor.processExecutionPhase(TestCaseExecutor.java:298)
	at com.kms.katalon.core.main.TestCaseExecutor.accessMainPhase(TestCaseExecutor.java:290)
	at com.kms.katalon.core.main.TestCaseExecutor.execute(TestCaseExecutor.java:224)
	at com.kms.katalon.core.main.TestSuiteExecutor.accessTestCaseMainPhase(TestSuiteExecutor.java:129)
	at com.kms.katalon.core.main.TestSuiteExecutor.accessTestSuiteMainPhase(TestSuiteExecutor.java:112)
	at com.kms.katalon.core.main.TestSuiteExecutor.execute(TestSuiteExecutor.java:81)
	at com.kms.katalon.core.main.TestCaseMain.startTestSuite(TestCaseMain.java:149)
	at com.kms.katalon.core.main.TestCaseMain$startTestSuite$0.call(Unknown Source)
	at TempTestSuite1560887558246.run(TempTestSuite1560887558246.groovy:36)]]></system-err>
      </testcase>
      <testcase name="Test Cases/CRITICAL PATH/Adding product - home page" classname="Test Cases/CRITICAL PATH/Adding product - home page" status="PASSED">
         <system-out><![CDATA[2019-06-18 16:20:31 - [TEST_CASE][PASSED] - Test Cases/CRITICAL PATH/Adding product - home page: Test Cases/CRITICAL PATH/Adding product - home page

2019-06-18 16:20:31 - [TEST_STEP][PASSED] - callTestCase(findTestCase("CALL - URL"), [:], STOP_ON_FAILURE): Call Test Case 'Test Cases/CALL - URL' successfully

2019-06-18 16:20:31 - [TEST_CASE][PASSED] - Test Cases/CALL - URL: Test Cases/CALL - URL

2019-06-18 16:20:31 - [TEST_STEP][PASSED] - openBrowser(""): Browser is opened with url: ''

2019-06-18 16:20:31 - [MESSAGE][WARNING] - A browser is already opened. Closing browser and opening a new one

2019-06-18 16:20:31 - [MESSAGE][INFO] - Starting 'Chrome' driver

2019-06-18 16:20:32 - [MESSAGE][PASSED] - Browser is opened with url: ''

2019-06-18 16:20:32 - [TEST_STEP][PASSED] - navigateToUrl("https://diff-apollo.myshopify.com/?_ab=0&_fd=0&_sc=1&preview_theme_id=68602101860"): Navigate to 'https://diff-apollo.myshopify.com/?_ab=0&_fd=0&_sc=1&preview_theme_id=68602101860' successfully

2019-06-18 16:20:36 - [MESSAGE][PASSED] - Navigate to 'https://diff-apollo.myshopify.com/?_ab=0&_fd=0&_sc=1&preview_theme_id=68602101860' successfully

2019-06-18 16:20:36 - [TEST_STEP][PASSED] - executeJavaScript("var previewBar = document.getElementById("preview-bar-iframe"); previewBar.style.display = "none";", []): Execute JavaScript 'var previewBar = document.getElementById("preview-bar-iframe"); previewBar.style.display = "none";' successfully

2019-06-18 16:20:36 - [MESSAGE][PASSED] - Execute JavaScript 'var previewBar = document.getElementById("preview-bar-iframe"); previewBar.style.display = "none";' successfully

2019-06-18 16:20:36 - [MESSAGE][PASSED] - Call Test Case 'Test Cases/CALL - URL' successfully

2019-06-18 16:20:36 - [TEST_STEP][PASSED] - scrollToElement(findTestObject("APOLLO- Desktop/Home page/OUTER WEAR - TILES - Copy"), 0): Scroll to object 'Object Repository/APOLLO- Desktop/Home page/OUTER WEAR - TILES - Copy' successfully

2019-06-18 16:20:36 - [MESSAGE][WARNING] - Timeout '0' is invalid. Using default page load timeout: '30'

2019-06-18 16:20:36 - [MESSAGE][PASSED] - Scroll to object 'Object Repository/APOLLO- Desktop/Home page/OUTER WEAR - TILES - Copy' successfully

2019-06-18 16:20:36 - [TEST_STEP][PASSED] - delay(1): Delayed 1 second(s)

2019-06-18 16:20:37 - [MESSAGE][PASSED] - Delayed 1 second(s)

2019-06-18 16:20:37 - [TEST_STEP][PASSED] - mouseOver(findTestObject("APOLLO- Desktop/Home page/OUTER WEAR - TILES")): Object: 'Object Repository/APOLLO- Desktop/Home page/OUTER WEAR - TILES' is hovered

2019-06-18 16:20:37 - [MESSAGE][PASSED] - Object: 'Object Repository/APOLLO- Desktop/Home page/OUTER WEAR - TILES' is hovered

2019-06-18 16:20:37 - [TEST_STEP][PASSED] - delay(1): Delayed 1 second(s)

2019-06-18 16:20:38 - [MESSAGE][PASSED] - Delayed 1 second(s)

2019-06-18 16:20:38 - [TEST_STEP][PASSED] - click(findTestObject("APOLLO- Desktop/Home page/Shop mens outer wear -button")): Object: 'Object Repository/APOLLO- Desktop/Home page/Shop mens outer wear -button' is clicked on

2019-06-18 16:20:39 - [MESSAGE][PASSED] - Object: 'Object Repository/APOLLO- Desktop/Home page/Shop mens outer wear -button' is clicked on

2019-06-18 16:20:39 - [TEST_STEP][PASSED] - delay(1): Delayed 1 second(s)

2019-06-18 16:20:40 - [MESSAGE][PASSED] - Delayed 1 second(s)

2019-06-18 16:20:40 - [TEST_STEP][PASSED] - click(findTestObject("APOLLO- Desktop/Collection page/Lenin jacket")): Object: 'Object Repository/APOLLO- Desktop/Collection page/Lenin jacket' is clicked on

2019-06-18 16:20:44 - [MESSAGE][PASSED] - Object: 'Object Repository/APOLLO- Desktop/Collection page/Lenin jacket' is clicked on

2019-06-18 16:20:44 - [TEST_STEP][PASSED] - delay(2): Delayed 2 second(s)

2019-06-18 16:20:46 - [MESSAGE][PASSED] - Delayed 2 second(s)

2019-06-18 16:20:46 - [TEST_STEP][PASSED] - selectOptionByValue(findTestObject("APOLLO- Desktop/Product page/Color dropdown"), "Blue", true): All options with value 'Blue' are selected in object 'Object Repository/APOLLO- Desktop/Product page/Color dropdown'  using regular expression

2019-06-18 16:20:46 - [MESSAGE][PASSED] - All options with value 'Blue' are selected in object 'Object Repository/APOLLO- Desktop/Product page/Color dropdown'  using regular expression

2019-06-18 16:20:46 - [TEST_STEP][PASSED] - delay(1): Delayed 1 second(s)

2019-06-18 16:20:47 - [MESSAGE][PASSED] - Delayed 1 second(s)

2019-06-18 16:20:47 - [TEST_STEP][PASSED] - selectOptionByValue(findTestObject("APOLLO- Desktop/Product page/Size dropdown"), "MD", true): All options with value 'MD' are selected in object 'Object Repository/APOLLO- Desktop/Product page/Size dropdown'  using regular expression

2019-06-18 16:20:47 - [MESSAGE][PASSED] - All options with value 'MD' are selected in object 'Object Repository/APOLLO- Desktop/Product page/Size dropdown'  using regular expression

2019-06-18 16:20:47 - [TEST_STEP][PASSED] - delay(1): Delayed 1 second(s)

2019-06-18 16:20:48 - [MESSAGE][PASSED] - Delayed 1 second(s)

2019-06-18 16:20:48 - [TEST_STEP][PASSED] - click(findTestObject("APOLLO- Desktop/Product page/Increase qunatity - prod page")): Object: 'Object Repository/APOLLO- Desktop/Product page/Increase qunatity - prod page' is clicked on

2019-06-18 16:20:48 - [MESSAGE][PASSED] - Object: 'Object Repository/APOLLO- Desktop/Product page/Increase qunatity - prod page' is clicked on

2019-06-18 16:20:48 - [TEST_STEP][PASSED] - delay(1): Delayed 1 second(s)

2019-06-18 16:20:49 - [MESSAGE][PASSED] - Delayed 1 second(s)

2019-06-18 16:20:49 - [TEST_STEP][PASSED] - click(findTestObject("APOLLO- Desktop/Product page/Increase qunatity - prod page")): Object: 'Object Repository/APOLLO- Desktop/Product page/Increase qunatity - prod page' is clicked on

2019-06-18 16:20:49 - [MESSAGE][PASSED] - Object: 'Object Repository/APOLLO- Desktop/Product page/Increase qunatity - prod page' is clicked on

2019-06-18 16:20:49 - [TEST_STEP][PASSED] - delay(1): Delayed 1 second(s)

2019-06-18 16:20:50 - [MESSAGE][PASSED] - Delayed 1 second(s)

2019-06-18 16:20:50 - [TEST_STEP][PASSED] - click(findTestObject("APOLLO- Desktop/Product page/Add to bag")): Object: 'Object Repository/APOLLO- Desktop/Product page/Add to bag' is clicked on

2019-06-18 16:20:50 - [MESSAGE][PASSED] - Object: 'Object Repository/APOLLO- Desktop/Product page/Add to bag' is clicked on

2019-06-18 16:20:50 - [TEST_STEP][PASSED] - delay(2): Delayed 2 second(s)

2019-06-18 16:20:52 - [MESSAGE][PASSED] - Delayed 2 second(s)

2019-06-18 16:20:52 - [TEST_STEP][PASSED] - executeJavaScript("var previewBar = document.getElementById("preview-bar-iframe"); previewBar.style.display = "none";", []): Execute JavaScript 'var previewBar = document.getElementById("preview-bar-iframe"); previewBar.style.display = "none";' successfully

2019-06-18 16:20:52 - [MESSAGE][PASSED] - Execute JavaScript 'var previewBar = document.getElementById("preview-bar-iframe"); previewBar.style.display = "none";' successfully

2019-06-18 16:20:52 - [TEST_STEP][PASSED] - click(findTestObject("APOLLO- Desktop/Cart flyout/Checkout")): Object: 'Object Repository/APOLLO- Desktop/Cart flyout/Checkout' is clicked on

2019-06-18 16:20:54 - [MESSAGE][PASSED] - Object: 'Object Repository/APOLLO- Desktop/Cart flyout/Checkout' is clicked on

2019-06-18 16:20:54 - [TEST_STEP][PASSED] - delay(1): Delayed 1 second(s)

2019-06-18 16:20:55 - [MESSAGE][PASSED] - Delayed 1 second(s)

2019-06-18 16:20:55 - [TEST_STEP][PASSED] - callTestCase(findTestCase("CALL- CUSTOMER INFO PAGE"), [:], STOP_ON_FAILURE): Call Test Case 'Test Cases/CALL- CUSTOMER INFO PAGE' successfully

2019-06-18 16:20:55 - [TEST_CASE][PASSED] - Test Cases/CALL- CUSTOMER INFO PAGE: Test Cases/CALL- CUSTOMER INFO PAGE

2019-06-18 16:20:55 - [TEST_STEP][PASSED] - delay(2): Delayed 2 second(s)

2019-06-18 16:20:57 - [MESSAGE][PASSED] - Delayed 2 second(s)

2019-06-18 16:20:57 - [TEST_STEP][PASSED] - executeJavaScript("var previewBar = document.getElementById("preview-bar-iframe"); previewBar.style.display = "none";", []): Execute JavaScript 'var previewBar = document.getElementById("preview-bar-iframe"); previewBar.style.display = "none";' successfully

2019-06-18 16:20:57 - [MESSAGE][PASSED] - Execute JavaScript 'var previewBar = document.getElementById("preview-bar-iframe"); previewBar.style.display = "none";' successfully

2019-06-18 16:20:57 - [TEST_STEP][PASSED] - setText(findTestObject("APOLLO- Desktop/Customer Information page/Email"), "suman@gmail.com"): Text 'suman@gmail.com' is set on object 'Object Repository/APOLLO- Desktop/Customer Information page/Email'

2019-06-18 16:20:58 - [MESSAGE][PASSED] - Text 'suman@gmail.com' is set on object 'Object Repository/APOLLO- Desktop/Customer Information page/Email'

2019-06-18 16:20:58 - [TEST_STEP][PASSED] - delay(2): Delayed 2 second(s)

2019-06-18 16:21:00 - [MESSAGE][PASSED] - Delayed 2 second(s)

2019-06-18 16:21:00 - [TEST_STEP][PASSED] - setText(findTestObject("APOLLO- Desktop/Customer Information page/First name"), "suman"): Text 'suman' is set on object 'Object Repository/APOLLO- Desktop/Customer Information page/First name'

2019-06-18 16:21:00 - [MESSAGE][PASSED] - Text 'suman' is set on object 'Object Repository/APOLLO- Desktop/Customer Information page/First name'

2019-06-18 16:21:00 - [TEST_STEP][PASSED] - delay(2): Delayed 2 second(s)

2019-06-18 16:21:02 - [MESSAGE][PASSED] - Delayed 2 second(s)

2019-06-18 16:21:02 - [TEST_STEP][PASSED] - setText(findTestObject("APOLLO- Desktop/Customer Information page/Last name"), "kompelly"): Text 'kompelly' is set on object 'Object Repository/APOLLO- Desktop/Customer Information page/Last name'

2019-06-18 16:21:02 - [MESSAGE][PASSED] - Text 'kompelly' is set on object 'Object Repository/APOLLO- Desktop/Customer Information page/Last name'

2019-06-18 16:21:02 - [TEST_STEP][PASSED] - delay(2): Delayed 2 second(s)

2019-06-18 16:21:04 - [MESSAGE][PASSED] - Delayed 2 second(s)

2019-06-18 16:21:04 - [TEST_STEP][PASSED] - setText(findTestObject("APOLLO- Desktop/Customer Information page/Address"), "1435 st alxendre"): Text '1435 st alxendre' is set on object 'Object Repository/APOLLO- Desktop/Customer Information page/Address'

2019-06-18 16:21:04 - [MESSAGE][PASSED] - Text '1435 st alxendre' is set on object 'Object Repository/APOLLO- Desktop/Customer Information page/Address'

2019-06-18 16:21:04 - [TEST_STEP][PASSED] - setText(findTestObject("APOLLO- Desktop/Customer Information page/Apartment"), "220"): Text '220' is set on object 'Object Repository/APOLLO- Desktop/Customer Information page/Apartment'

2019-06-18 16:21:04 - [MESSAGE][PASSED] - Text '220' is set on object 'Object Repository/APOLLO- Desktop/Customer Information page/Apartment'

2019-06-18 16:21:04 - [TEST_STEP][PASSED] - setText(findTestObject("APOLLO- Desktop/Customer Information page/City"), "montreal"): Text 'montreal' is set on object 'Object Repository/APOLLO- Desktop/Customer Information page/City'

2019-06-18 16:21:05 - [MESSAGE][PASSED] - Text 'montreal' is set on object 'Object Repository/APOLLO- Desktop/Customer Information page/City'

2019-06-18 16:21:05 - [TEST_STEP][PASSED] - selectOptionByValue(findTestObject("APOLLO- Desktop/Customer Information page/Country dropdown"), "United States", true): All options with value 'United States' are selected in object 'Object Repository/APOLLO- Desktop/Customer Information page/Country dropdown'  using regular expression

2019-06-18 16:21:08 - [MESSAGE][PASSED] - All options with value 'United States' are selected in object 'Object Repository/APOLLO- Desktop/Customer Information page/Country dropdown'  using regular expression

2019-06-18 16:21:08 - [TEST_STEP][PASSED] - selectOptionByValue(findTestObject("APOLLO- Desktop/Customer Information page/states dropdown"), "NJ", true): All options with value 'NJ' are selected in object 'Object Repository/APOLLO- Desktop/Customer Information page/states dropdown'  using regular expression

2019-06-18 16:21:09 - [MESSAGE][PASSED] - All options with value 'NJ' are selected in object 'Object Repository/APOLLO- Desktop/Customer Information page/states dropdown'  using regular expression

2019-06-18 16:21:09 - [TEST_STEP][PASSED] - setText(findTestObject("APOLLO- Desktop/Customer Information page/ZIP code"), "07057"): Text '07057' is set on object 'Object Repository/APOLLO- Desktop/Customer Information page/ZIP code'

2019-06-18 16:21:09 - [MESSAGE][PASSED] - Text '07057' is set on object 'Object Repository/APOLLO- Desktop/Customer Information page/ZIP code'

2019-06-18 16:21:09 - [MESSAGE][PASSED] - Call Test Case 'Test Cases/CALL- CUSTOMER INFO PAGE' successfully

2019-06-18 16:21:09 - [TEST_STEP][PASSED] - click(findTestObject("APOLLO- Desktop/Customer Information page/Continue to shipping")): Object: 'Object Repository/APOLLO- Desktop/Customer Information page/Continue to shipping' is clicked on

2019-06-18 16:21:11 - [MESSAGE][PASSED] - Object: 'Object Repository/APOLLO- Desktop/Customer Information page/Continue to shipping' is clicked on

2019-06-18 16:21:11 - [TEST_STEP][PASSED] - click(findTestObject("APOLLO- Desktop/Shipping page/Radio button check")): Object: 'Object Repository/APOLLO- Desktop/Shipping page/Radio button check' is clicked on

2019-06-18 16:21:13 - [MESSAGE][PASSED] - Object: 'Object Repository/APOLLO- Desktop/Shipping page/Radio button check' is clicked on

2019-06-18 16:21:13 - [TEST_STEP][PASSED] - click(findTestObject("APOLLO- Desktop/Shipping page/Continue to payment")): Object: 'Object Repository/APOLLO- Desktop/Shipping page/Continue to payment' is clicked on

2019-06-18 16:21:15 - [MESSAGE][PASSED] - Object: 'Object Repository/APOLLO- Desktop/Shipping page/Continue to payment' is clicked on

2019-06-18 16:21:15 - [TEST_STEP][PASSED] - click(findTestObject("APOLLO- Desktop/payment page/Payment section")): Object: 'Object Repository/APOLLO- Desktop/payment page/Payment section' is clicked on

2019-06-18 16:21:15 - [MESSAGE][PASSED] - Object: 'Object Repository/APOLLO- Desktop/payment page/Payment section' is clicked on]]></system-out>
         <system-err><![CDATA[]]></system-err>
      </testcase>
      <testcase name="Test Cases/CRITICAL PATH/Login and logout" classname="Test Cases/CRITICAL PATH/Login and logout" status="PASSED">
         <system-out><![CDATA[2019-06-18 16:21:15 - [TEST_CASE][PASSED] - Test Cases/CRITICAL PATH/Login and logout: Test Cases/CRITICAL PATH/Login and logout

2019-06-18 16:21:15 - [TEST_STEP][PASSED] - callTestCase(findTestCase("CALL - URL"), [:], STOP_ON_FAILURE): Call Test Case 'Test Cases/CALL - URL' successfully

2019-06-18 16:21:15 - [TEST_CASE][PASSED] - Test Cases/CALL - URL: Test Cases/CALL - URL

2019-06-18 16:21:15 - [TEST_STEP][PASSED] - openBrowser(""): Browser is opened with url: ''

2019-06-18 16:21:15 - [MESSAGE][WARNING] - A browser is already opened. Closing browser and opening a new one

2019-06-18 16:21:16 - [MESSAGE][INFO] - Starting 'Chrome' driver

2019-06-18 16:21:17 - [MESSAGE][PASSED] - Browser is opened with url: ''

2019-06-18 16:21:17 - [TEST_STEP][PASSED] - navigateToUrl("https://diff-apollo.myshopify.com/?_ab=0&_fd=0&_sc=1&preview_theme_id=68602101860"): Navigate to 'https://diff-apollo.myshopify.com/?_ab=0&_fd=0&_sc=1&preview_theme_id=68602101860' successfully

2019-06-18 16:21:20 - [MESSAGE][PASSED] - Navigate to 'https://diff-apollo.myshopify.com/?_ab=0&_fd=0&_sc=1&preview_theme_id=68602101860' successfully

2019-06-18 16:21:20 - [TEST_STEP][PASSED] - executeJavaScript("var previewBar = document.getElementById("preview-bar-iframe"); previewBar.style.display = "none";", []): Execute JavaScript 'var previewBar = document.getElementById("preview-bar-iframe"); previewBar.style.display = "none";' successfully

2019-06-18 16:21:20 - [MESSAGE][PASSED] - Execute JavaScript 'var previewBar = document.getElementById("preview-bar-iframe"); previewBar.style.display = "none";' successfully

2019-06-18 16:21:20 - [MESSAGE][PASSED] - Call Test Case 'Test Cases/CALL - URL' successfully

2019-06-18 16:21:20 - [TEST_STEP][PASSED] - delay(1): Delayed 1 second(s)

2019-06-18 16:21:21 - [MESSAGE][PASSED] - Delayed 1 second(s)

2019-06-18 16:21:21 - [TEST_STEP][PASSED] - click(findTestObject("APOLLO- Desktop/Home page/Account icon")): Object: 'Object Repository/APOLLO- Desktop/Home page/Account icon' is clicked on

2019-06-18 16:21:22 - [MESSAGE][PASSED] - Object: 'Object Repository/APOLLO- Desktop/Home page/Account icon' is clicked on

2019-06-18 16:21:22 - [TEST_STEP][PASSED] - delay(1): Delayed 1 second(s)

2019-06-18 16:21:23 - [MESSAGE][PASSED] - Delayed 1 second(s)

2019-06-18 16:21:23 - [TEST_STEP][PASSED] - setText(findTestObject("APOLLO- Desktop/Home page/Email address"), "suman.kompelly@diffagency.com"): Text 'suman.kompelly@diffagency.com' is set on object 'Object Repository/APOLLO- Desktop/Home page/Email address'

2019-06-18 16:21:23 - [MESSAGE][PASSED] - Text 'suman.kompelly@diffagency.com' is set on object 'Object Repository/APOLLO- Desktop/Home page/Email address'

2019-06-18 16:21:23 - [TEST_STEP][PASSED] - delay(1): Delayed 1 second(s)

2019-06-18 16:21:24 - [MESSAGE][PASSED] - Delayed 1 second(s)

2019-06-18 16:21:24 - [TEST_STEP][PASSED] - setEncryptedText(findTestObject("APOLLO- Desktop/Home page/Password"), "YVtWHtdGuqHfOZKsa+65Fg=="): Text ****** has been set on object 'Object Repository/APOLLO- Desktop/Home page/Password'

2019-06-18 16:21:24 - [MESSAGE][PASSED] - Text ****** has been set on object 'Object Repository/APOLLO- Desktop/Home page/Password'

2019-06-18 16:21:24 - [TEST_STEP][PASSED] - delay(1): Delayed 1 second(s)

2019-06-18 16:21:25 - [MESSAGE][PASSED] - Delayed 1 second(s)

2019-06-18 16:21:25 - [TEST_STEP][PASSED] - click(findTestObject("APOLLO- Desktop/Home page/Sign in button")): Object: 'Object Repository/APOLLO- Desktop/Home page/Sign in button' is clicked on

2019-06-18 16:21:27 - [MESSAGE][PASSED] - Object: 'Object Repository/APOLLO- Desktop/Home page/Sign in button' is clicked on

2019-06-18 16:21:27 - [TEST_STEP][PASSED] - delay(1): Delayed 1 second(s)

2019-06-18 16:21:28 - [MESSAGE][PASSED] - Delayed 1 second(s)

2019-06-18 16:21:28 - [TEST_STEP][PASSED] - click(findTestObject("APOLLO- Desktop/Home page/address page")): Object: 'Object Repository/APOLLO- Desktop/Home page/address page' is clicked on

2019-06-18 16:21:29 - [MESSAGE][PASSED] - Object: 'Object Repository/APOLLO- Desktop/Home page/address page' is clicked on

2019-06-18 16:21:29 - [TEST_STEP][PASSED] - delay(1): Delayed 1 second(s)

2019-06-18 16:21:30 - [MESSAGE][PASSED] - Delayed 1 second(s)

2019-06-18 16:21:30 - [TEST_STEP][PASSED] - click(findTestObject("APOLLO- Desktop/Home page/orders page")): Object: 'Object Repository/APOLLO- Desktop/Home page/orders page' is clicked on

2019-06-18 16:21:31 - [MESSAGE][PASSED] - Object: 'Object Repository/APOLLO- Desktop/Home page/orders page' is clicked on

2019-06-18 16:21:31 - [TEST_STEP][PASSED] - delay(1): Delayed 1 second(s)

2019-06-18 16:21:32 - [MESSAGE][PASSED] - Delayed 1 second(s)

2019-06-18 16:21:32 - [TEST_STEP][PASSED] - click(findTestObject("APOLLO- Desktop/Home page/Details page")): Object: 'Object Repository/APOLLO- Desktop/Home page/Details page' is clicked on

2019-06-18 16:21:33 - [MESSAGE][PASSED] - Object: 'Object Repository/APOLLO- Desktop/Home page/Details page' is clicked on

2019-06-18 16:21:33 - [TEST_STEP][PASSED] - delay(1): Delayed 1 second(s)

2019-06-18 16:21:34 - [MESSAGE][PASSED] - Delayed 1 second(s)

2019-06-18 16:21:34 - [TEST_STEP][PASSED] - click(findTestObject("APOLLO- Desktop/Home page/Logout")): Object: 'Object Repository/APOLLO- Desktop/Home page/Logout' is clicked on

2019-06-18 16:21:37 - [MESSAGE][PASSED] - Object: 'Object Repository/APOLLO- Desktop/Home page/Logout' is clicked on]]></system-out>
         <system-err><![CDATA[]]></system-err>
      </testcase>
      <testcase name="Test Cases/CRITICAL PATH/Decrease quantity - Cart flyout" classname="Test Cases/CRITICAL PATH/Decrease quantity - Cart flyout" status="PASSED">
         <system-out><![CDATA[2019-06-18 16:21:37 - [TEST_CASE][PASSED] - Test Cases/CRITICAL PATH/Decrease quantity - Cart flyout: Test Cases/CRITICAL PATH/Decrease quantity - Cart flyout

2019-06-18 16:21:37 - [TEST_STEP][PASSED] - callTestCase(findTestCase("CALL - URL"), [:], STOP_ON_FAILURE): Call Test Case 'Test Cases/CALL - URL' successfully

2019-06-18 16:21:37 - [TEST_CASE][PASSED] - Test Cases/CALL - URL: Test Cases/CALL - URL

2019-06-18 16:21:37 - [TEST_STEP][PASSED] - openBrowser(""): Browser is opened with url: ''

2019-06-18 16:21:37 - [MESSAGE][WARNING] - A browser is already opened. Closing browser and opening a new one

2019-06-18 16:21:38 - [MESSAGE][INFO] - Starting 'Chrome' driver

2019-06-18 16:21:39 - [MESSAGE][PASSED] - Browser is opened with url: ''

2019-06-18 16:21:39 - [TEST_STEP][PASSED] - navigateToUrl("https://diff-apollo.myshopify.com/?_ab=0&_fd=0&_sc=1&preview_theme_id=68602101860"): Navigate to 'https://diff-apollo.myshopify.com/?_ab=0&_fd=0&_sc=1&preview_theme_id=68602101860' successfully

2019-06-18 16:21:42 - [MESSAGE][PASSED] - Navigate to 'https://diff-apollo.myshopify.com/?_ab=0&_fd=0&_sc=1&preview_theme_id=68602101860' successfully

2019-06-18 16:21:42 - [TEST_STEP][PASSED] - executeJavaScript("var previewBar = document.getElementById("preview-bar-iframe"); previewBar.style.display = "none";", []): Execute JavaScript 'var previewBar = document.getElementById("preview-bar-iframe"); previewBar.style.display = "none";' successfully

2019-06-18 16:21:42 - [MESSAGE][PASSED] - Execute JavaScript 'var previewBar = document.getElementById("preview-bar-iframe"); previewBar.style.display = "none";' successfully

2019-06-18 16:21:42 - [MESSAGE][PASSED] - Call Test Case 'Test Cases/CALL - URL' successfully

2019-06-18 16:21:42 - [TEST_STEP][PASSED] - delay(1): Delayed 1 second(s)

2019-06-18 16:21:43 - [MESSAGE][PASSED] - Delayed 1 second(s)

2019-06-18 16:21:43 - [TEST_STEP][PASSED] - click(findTestObject("APOLLO- Desktop/Burger Menu/Burgermenu")): Object: 'Object Repository/APOLLO- Desktop/Burger Menu/Burgermenu' is clicked on

2019-06-18 16:21:43 - [MESSAGE][PASSED] - Object: 'Object Repository/APOLLO- Desktop/Burger Menu/Burgermenu' is clicked on

2019-06-18 16:21:43 - [TEST_STEP][PASSED] - delay(2): Delayed 2 second(s)

2019-06-18 16:21:45 - [MESSAGE][PASSED] - Delayed 2 second(s)

2019-06-18 16:21:45 - [TEST_STEP][PASSED] - click(findTestObject("APOLLO- Desktop/Burger Menu/Mens chevron")): Object: 'Object Repository/APOLLO- Desktop/Burger Menu/Mens chevron' is clicked on

2019-06-18 16:21:45 - [MESSAGE][PASSED] - Object: 'Object Repository/APOLLO- Desktop/Burger Menu/Mens chevron' is clicked on

2019-06-18 16:21:45 - [TEST_STEP][PASSED] - delay(2): Delayed 2 second(s)

2019-06-18 16:21:47 - [MESSAGE][PASSED] - Delayed 2 second(s)

2019-06-18 16:21:47 - [TEST_STEP][PASSED] - click(findTestObject("APOLLO- Desktop/Burger Menu/Mens - Top Chevron")): Object: 'Object Repository/APOLLO- Desktop/Burger Menu/Mens - Top Chevron' is clicked on

2019-06-18 16:21:47 - [MESSAGE][PASSED] - Object: 'Object Repository/APOLLO- Desktop/Burger Menu/Mens - Top Chevron' is clicked on

2019-06-18 16:21:47 - [TEST_STEP][PASSED] - delay(2): Delayed 2 second(s)

2019-06-18 16:21:49 - [MESSAGE][PASSED] - Delayed 2 second(s)

2019-06-18 16:21:49 - [TEST_STEP][PASSED] - click(findTestObject("APOLLO- Desktop/Burger Menu/Shirts link")): Object: 'Object Repository/APOLLO- Desktop/Burger Menu/Shirts link' is clicked on

2019-06-18 16:21:50 - [MESSAGE][PASSED] - Object: 'Object Repository/APOLLO- Desktop/Burger Menu/Shirts link' is clicked on

2019-06-18 16:21:50 - [TEST_STEP][PASSED] - delay(2): Delayed 2 second(s)

2019-06-18 16:21:52 - [MESSAGE][PASSED] - Delayed 2 second(s)

2019-06-18 16:21:52 - [TEST_STEP][PASSED] - click(findTestObject("APOLLO- Desktop/Collection page/Blue shirt product")): Object: 'Object Repository/APOLLO- Desktop/Collection page/Blue shirt product' is clicked on

2019-06-18 16:21:54 - [MESSAGE][PASSED] - Object: 'Object Repository/APOLLO- Desktop/Collection page/Blue shirt product' is clicked on

2019-06-18 16:21:54 - [TEST_STEP][PASSED] - delay(2): Delayed 2 second(s)

2019-06-18 16:21:56 - [MESSAGE][PASSED] - Delayed 2 second(s)

2019-06-18 16:21:56 - [TEST_STEP][PASSED] - selectOptionByValue(findTestObject("APOLLO- Desktop/Product page/Size dropdown"), "Medium", true): All options with value 'Medium' are selected in object 'Object Repository/APOLLO- Desktop/Product page/Size dropdown'  using regular expression

2019-06-18 16:21:57 - [MESSAGE][PASSED] - All options with value 'Medium' are selected in object 'Object Repository/APOLLO- Desktop/Product page/Size dropdown'  using regular expression

2019-06-18 16:21:57 - [TEST_STEP][PASSED] - delay(2): Delayed 2 second(s)

2019-06-18 16:21:59 - [MESSAGE][PASSED] - Delayed 2 second(s)

2019-06-18 16:21:59 - [TEST_STEP][PASSED] - click(findTestObject("APOLLO- Desktop/Product page/Increase qunatity - prod page")): Object: 'Object Repository/APOLLO- Desktop/Product page/Increase qunatity - prod page' is clicked on

2019-06-18 16:21:59 - [MESSAGE][PASSED] - Object: 'Object Repository/APOLLO- Desktop/Product page/Increase qunatity - prod page' is clicked on

2019-06-18 16:21:59 - [TEST_STEP][PASSED] - delay(2): Delayed 2 second(s)

2019-06-18 16:22:01 - [MESSAGE][PASSED] - Delayed 2 second(s)

2019-06-18 16:22:01 - [TEST_STEP][PASSED] - click(findTestObject("APOLLO- Desktop/Product page/Increase qunatity - prod page")): Object: 'Object Repository/APOLLO- Desktop/Product page/Increase qunatity - prod page' is clicked on

2019-06-18 16:22:01 - [MESSAGE][PASSED] - Object: 'Object Repository/APOLLO- Desktop/Product page/Increase qunatity - prod page' is clicked on

2019-06-18 16:22:01 - [TEST_STEP][PASSED] - delay(2): Delayed 2 second(s)

2019-06-18 16:22:03 - [MESSAGE][PASSED] - Delayed 2 second(s)

2019-06-18 16:22:03 - [TEST_STEP][PASSED] - click(findTestObject("APOLLO- Desktop/Product page/Increase qunatity - prod page")): Object: 'Object Repository/APOLLO- Desktop/Product page/Increase qunatity - prod page' is clicked on

2019-06-18 16:22:03 - [MESSAGE][PASSED] - Object: 'Object Repository/APOLLO- Desktop/Product page/Increase qunatity - prod page' is clicked on

2019-06-18 16:22:03 - [TEST_STEP][PASSED] - delay(2): Delayed 2 second(s)

2019-06-18 16:22:05 - [MESSAGE][PASSED] - Delayed 2 second(s)

2019-06-18 16:22:05 - [TEST_STEP][PASSED] - click(findTestObject("APOLLO- Desktop/Product page/Increase qunatity - prod page")): Object: 'Object Repository/APOLLO- Desktop/Product page/Increase qunatity - prod page' is clicked on

2019-06-18 16:22:05 - [MESSAGE][PASSED] - Object: 'Object Repository/APOLLO- Desktop/Product page/Increase qunatity - prod page' is clicked on

2019-06-18 16:22:05 - [TEST_STEP][PASSED] - delay(2): Delayed 2 second(s)

2019-06-18 16:22:07 - [MESSAGE][PASSED] - Delayed 2 second(s)

2019-06-18 16:22:07 - [TEST_STEP][PASSED] - click(findTestObject("APOLLO- Desktop/Product page/Increase qunatity - prod page")): Object: 'Object Repository/APOLLO- Desktop/Product page/Increase qunatity - prod page' is clicked on

2019-06-18 16:22:07 - [MESSAGE][PASSED] - Object: 'Object Repository/APOLLO- Desktop/Product page/Increase qunatity - prod page' is clicked on

2019-06-18 16:22:07 - [TEST_STEP][PASSED] - delay(2): Delayed 2 second(s)

2019-06-18 16:22:09 - [MESSAGE][PASSED] - Delayed 2 second(s)

2019-06-18 16:22:09 - [TEST_STEP][PASSED] - click(findTestObject("APOLLO- Desktop/Product page/Add to bag")): Object: 'Object Repository/APOLLO- Desktop/Product page/Add to bag' is clicked on

2019-06-18 16:22:09 - [MESSAGE][PASSED] - Object: 'Object Repository/APOLLO- Desktop/Product page/Add to bag' is clicked on

2019-06-18 16:22:09 - [TEST_STEP][PASSED] - delay(2): Delayed 2 second(s)

2019-06-18 16:22:11 - [MESSAGE][PASSED] - Delayed 2 second(s)

2019-06-18 16:22:11 - [TEST_STEP][PASSED] - a = getText(findTestObject("APOLLO- Desktop/Cart flyout/Subtotal in cart flyout")): Text of object 'Object Repository/APOLLO- Desktop/Cart flyout/Subtotal in cart flyout' is: '$76.50'

2019-06-18 16:22:11 - [MESSAGE][PASSED] - Text of object 'Object Repository/APOLLO- Desktop/Cart flyout/Subtotal in cart flyout' is: '$76.50'

2019-06-18 16:22:11 - [TEST_STEP][PASSED] - comment("a=" + a): a=$76.50

2019-06-18 16:22:11 - [MESSAGE][INFO] - a=$76.50

2019-06-18 16:22:11 - [TEST_STEP][PASSED] - delay(2): Delayed 2 second(s)

2019-06-18 16:22:13 - [MESSAGE][PASSED] - Delayed 2 second(s)

2019-06-18 16:22:13 - [TEST_STEP][PASSED] - click(findTestObject("APOLLO- Desktop/Cart flyout/Decrease quantity - cart flyout")): Object: 'Object Repository/APOLLO- Desktop/Cart flyout/Decrease quantity - cart flyout' is clicked on

2019-06-18 16:22:13 - [MESSAGE][PASSED] - Object: 'Object Repository/APOLLO- Desktop/Cart flyout/Decrease quantity - cart flyout' is clicked on

2019-06-18 16:22:13 - [TEST_STEP][PASSED] - delay(2): Delayed 2 second(s)

2019-06-18 16:22:15 - [MESSAGE][PASSED] - Delayed 2 second(s)

2019-06-18 16:22:15 - [TEST_STEP][PASSED] - click(findTestObject("APOLLO- Desktop/Cart flyout/Decrease quantity - cart flyout")): Object: 'Object Repository/APOLLO- Desktop/Cart flyout/Decrease quantity - cart flyout' is clicked on

2019-06-18 16:22:15 - [MESSAGE][PASSED] - Object: 'Object Repository/APOLLO- Desktop/Cart flyout/Decrease quantity - cart flyout' is clicked on

2019-06-18 16:22:15 - [TEST_STEP][PASSED] - delay(2): Delayed 2 second(s)

2019-06-18 16:22:17 - [MESSAGE][PASSED] - Delayed 2 second(s)

2019-06-18 16:22:17 - [TEST_STEP][PASSED] - click(findTestObject("APOLLO- Desktop/Cart flyout/Decrease quantity - cart flyout")): Object: 'Object Repository/APOLLO- Desktop/Cart flyout/Decrease quantity - cart flyout' is clicked on

2019-06-18 16:22:17 - [MESSAGE][PASSED] - Object: 'Object Repository/APOLLO- Desktop/Cart flyout/Decrease quantity - cart flyout' is clicked on

2019-06-18 16:22:17 - [TEST_STEP][PASSED] - delay(2): Delayed 2 second(s)

2019-06-18 16:22:19 - [MESSAGE][PASSED] - Delayed 2 second(s)

2019-06-18 16:22:19 - [TEST_STEP][PASSED] - b = getText(findTestObject("APOLLO- Desktop/Cart flyout/Subtotal in cart flyout")): Text of object 'Object Repository/APOLLO- Desktop/Cart flyout/Subtotal in cart flyout' is: '$60.00'

2019-06-18 16:22:19 - [MESSAGE][PASSED] - Text of object 'Object Repository/APOLLO- Desktop/Cart flyout/Subtotal in cart flyout' is: '$60.00'

2019-06-18 16:22:19 - [TEST_STEP][PASSED] - comment("b=" + b): b=$60.00

2019-06-18 16:22:19 - [MESSAGE][INFO] - b=$60.00

2019-06-18 16:22:19 - [TEST_STEP][PASSED] - verifyNotEqual("a", "b"): Actual object 'a' and expected object 'b' are not equal

2019-06-18 16:22:19 - [MESSAGE][PASSED] - Actual object 'a' and expected object 'b' are not equal

2019-06-18 16:22:19 - [TEST_STEP][PASSED] - delay(2): Delayed 2 second(s)

2019-06-18 16:22:21 - [MESSAGE][PASSED] - Delayed 2 second(s)

2019-06-18 16:22:21 - [TEST_STEP][PASSED] - click(findTestObject("APOLLO- Desktop/Cart flyout/Checkout")): Object: 'Object Repository/APOLLO- Desktop/Cart flyout/Checkout' is clicked on

2019-06-18 16:22:23 - [MESSAGE][PASSED] - Object: 'Object Repository/APOLLO- Desktop/Cart flyout/Checkout' is clicked on

2019-06-18 16:22:23 - [TEST_STEP][PASSED] - delay(2): Delayed 2 second(s)

2019-06-18 16:22:25 - [MESSAGE][PASSED] - Delayed 2 second(s)

2019-06-18 16:22:25 - [TEST_STEP][PASSED] - callTestCase(findTestCase("CALL- CUSTOMER INFO PAGE"), [:], STOP_ON_FAILURE): Call Test Case 'Test Cases/CALL- CUSTOMER INFO PAGE' successfully

2019-06-18 16:22:25 - [TEST_CASE][PASSED] - Test Cases/CALL- CUSTOMER INFO PAGE: Test Cases/CALL- CUSTOMER INFO PAGE

2019-06-18 16:22:25 - [TEST_STEP][PASSED] - delay(2): Delayed 2 second(s)

2019-06-18 16:22:27 - [MESSAGE][PASSED] - Delayed 2 second(s)

2019-06-18 16:22:27 - [TEST_STEP][PASSED] - executeJavaScript("var previewBar = document.getElementById("preview-bar-iframe"); previewBar.style.display = "none";", []): Execute JavaScript 'var previewBar = document.getElementById("preview-bar-iframe"); previewBar.style.display = "none";' successfully

2019-06-18 16:22:27 - [MESSAGE][PASSED] - Execute JavaScript 'var previewBar = document.getElementById("preview-bar-iframe"); previewBar.style.display = "none";' successfully

2019-06-18 16:22:27 - [TEST_STEP][PASSED] - setText(findTestObject("APOLLO- Desktop/Customer Information page/Email"), "suman@gmail.com"): Text 'suman@gmail.com' is set on object 'Object Repository/APOLLO- Desktop/Customer Information page/Email'

2019-06-18 16:22:28 - [MESSAGE][PASSED] - Text 'suman@gmail.com' is set on object 'Object Repository/APOLLO- Desktop/Customer Information page/Email'

2019-06-18 16:22:28 - [TEST_STEP][PASSED] - delay(2): Delayed 2 second(s)

2019-06-18 16:22:30 - [MESSAGE][PASSED] - Delayed 2 second(s)

2019-06-18 16:22:30 - [TEST_STEP][PASSED] - setText(findTestObject("APOLLO- Desktop/Customer Information page/First name"), "suman"): Text 'suman' is set on object 'Object Repository/APOLLO- Desktop/Customer Information page/First name'

2019-06-18 16:22:30 - [MESSAGE][PASSED] - Text 'suman' is set on object 'Object Repository/APOLLO- Desktop/Customer Information page/First name'

2019-06-18 16:22:30 - [TEST_STEP][PASSED] - delay(2): Delayed 2 second(s)

2019-06-18 16:22:32 - [MESSAGE][PASSED] - Delayed 2 second(s)

2019-06-18 16:22:32 - [TEST_STEP][PASSED] - setText(findTestObject("APOLLO- Desktop/Customer Information page/Last name"), "kompelly"): Text 'kompelly' is set on object 'Object Repository/APOLLO- Desktop/Customer Information page/Last name'

2019-06-18 16:22:32 - [MESSAGE][PASSED] - Text 'kompelly' is set on object 'Object Repository/APOLLO- Desktop/Customer Information page/Last name'

2019-06-18 16:22:32 - [TEST_STEP][PASSED] - delay(2): Delayed 2 second(s)

2019-06-18 16:22:34 - [MESSAGE][PASSED] - Delayed 2 second(s)

2019-06-18 16:22:34 - [TEST_STEP][PASSED] - setText(findTestObject("APOLLO- Desktop/Customer Information page/Address"), "1435 st alxendre"): Text '1435 st alxendre' is set on object 'Object Repository/APOLLO- Desktop/Customer Information page/Address'

2019-06-18 16:22:34 - [MESSAGE][PASSED] - Text '1435 st alxendre' is set on object 'Object Repository/APOLLO- Desktop/Customer Information page/Address'

2019-06-18 16:22:34 - [TEST_STEP][PASSED] - setText(findTestObject("APOLLO- Desktop/Customer Information page/Apartment"), "220"): Text '220' is set on object 'Object Repository/APOLLO- Desktop/Customer Information page/Apartment'

2019-06-18 16:22:34 - [MESSAGE][PASSED] - Text '220' is set on object 'Object Repository/APOLLO- Desktop/Customer Information page/Apartment'

2019-06-18 16:22:34 - [TEST_STEP][PASSED] - setText(findTestObject("APOLLO- Desktop/Customer Information page/City"), "montreal"): Text 'montreal' is set on object 'Object Repository/APOLLO- Desktop/Customer Information page/City'

2019-06-18 16:22:34 - [MESSAGE][PASSED] - Text 'montreal' is set on object 'Object Repository/APOLLO- Desktop/Customer Information page/City'

2019-06-18 16:22:34 - [TEST_STEP][PASSED] - selectOptionByValue(findTestObject("APOLLO- Desktop/Customer Information page/Country dropdown"), "United States", true): All options with value 'United States' are selected in object 'Object Repository/APOLLO- Desktop/Customer Information page/Country dropdown'  using regular expression

2019-06-18 16:22:37 - [MESSAGE][PASSED] - All options with value 'United States' are selected in object 'Object Repository/APOLLO- Desktop/Customer Information page/Country dropdown'  using regular expression

2019-06-18 16:22:37 - [TEST_STEP][PASSED] - selectOptionByValue(findTestObject("APOLLO- Desktop/Customer Information page/states dropdown"), "NJ", true): All options with value 'NJ' are selected in object 'Object Repository/APOLLO- Desktop/Customer Information page/states dropdown'  using regular expression

2019-06-18 16:22:38 - [MESSAGE][PASSED] - All options with value 'NJ' are selected in object 'Object Repository/APOLLO- Desktop/Customer Information page/states dropdown'  using regular expression

2019-06-18 16:22:38 - [TEST_STEP][PASSED] - setText(findTestObject("APOLLO- Desktop/Customer Information page/ZIP code"), "07057"): Text '07057' is set on object 'Object Repository/APOLLO- Desktop/Customer Information page/ZIP code'

2019-06-18 16:22:38 - [MESSAGE][PASSED] - Text '07057' is set on object 'Object Repository/APOLLO- Desktop/Customer Information page/ZIP code'

2019-06-18 16:22:38 - [MESSAGE][PASSED] - Call Test Case 'Test Cases/CALL- CUSTOMER INFO PAGE' successfully

2019-06-18 16:22:38 - [TEST_STEP][PASSED] - delay(2): Delayed 2 second(s)

2019-06-18 16:22:40 - [MESSAGE][PASSED] - Delayed 2 second(s)

2019-06-18 16:22:40 - [TEST_STEP][PASSED] - callTestCase(findTestCase("CALL - SHIPPING TO PAYMENT"), [:], STOP_ON_FAILURE): Call Test Case 'Test Cases/CALL - SHIPPING TO PAYMENT' successfully

2019-06-18 16:22:40 - [TEST_CASE][PASSED] - Test Cases/CALL - SHIPPING TO PAYMENT: Test Cases/CALL - SHIPPING TO PAYMENT

2019-06-18 16:22:40 - [TEST_STEP][PASSED] - click(findTestObject("APOLLO- Desktop/Customer Information page/Continue to shipping")): Object: 'Object Repository/APOLLO- Desktop/Customer Information page/Continue to shipping' is clicked on

2019-06-18 16:22:42 - [MESSAGE][PASSED] - Object: 'Object Repository/APOLLO- Desktop/Customer Information page/Continue to shipping' is clicked on

2019-06-18 16:22:42 - [TEST_STEP][PASSED] - executeJavaScript("var previewBar = document.getElementById("preview-bar-iframe"); previewBar.style.display = "none";", []): Execute JavaScript 'var previewBar = document.getElementById("preview-bar-iframe"); previewBar.style.display = "none";' successfully

2019-06-18 16:22:42 - [MESSAGE][PASSED] - Execute JavaScript 'var previewBar = document.getElementById("preview-bar-iframe"); previewBar.style.display = "none";' successfully

2019-06-18 16:22:42 - [TEST_STEP][PASSED] - click(findTestObject("APOLLO- Desktop/Shipping page/Radio button check")): Object: 'Object Repository/APOLLO- Desktop/Shipping page/Radio button check' is clicked on

2019-06-18 16:22:44 - [MESSAGE][PASSED] - Object: 'Object Repository/APOLLO- Desktop/Shipping page/Radio button check' is clicked on

2019-06-18 16:22:44 - [TEST_STEP][PASSED] - executeJavaScript("var previewBar = document.getElementById("preview-bar-iframe"); previewBar.style.display = "none";", []): Execute JavaScript 'var previewBar = document.getElementById("preview-bar-iframe"); previewBar.style.display = "none";' successfully

2019-06-18 16:22:44 - [MESSAGE][PASSED] - Execute JavaScript 'var previewBar = document.getElementById("preview-bar-iframe"); previewBar.style.display = "none";' successfully

2019-06-18 16:22:44 - [TEST_STEP][PASSED] - click(findTestObject("APOLLO- Desktop/Shipping page/Continue to payment")): Object: 'Object Repository/APOLLO- Desktop/Shipping page/Continue to payment' is clicked on

2019-06-18 16:22:47 - [MESSAGE][PASSED] - Object: 'Object Repository/APOLLO- Desktop/Shipping page/Continue to payment' is clicked on

2019-06-18 16:22:47 - [TEST_STEP][PASSED] - executeJavaScript("var previewBar = document.getElementById("preview-bar-iframe"); previewBar.style.display = "none";", []): Execute JavaScript 'var previewBar = document.getElementById("preview-bar-iframe"); previewBar.style.display = "none";' successfully

2019-06-18 16:22:47 - [MESSAGE][PASSED] - Execute JavaScript 'var previewBar = document.getElementById("preview-bar-iframe"); previewBar.style.display = "none";' successfully

2019-06-18 16:22:47 - [TEST_STEP][PASSED] - click(findTestObject("APOLLO- Desktop/payment page/Payment section")): Object: 'Object Repository/APOLLO- Desktop/payment page/Payment section' is clicked on

2019-06-18 16:22:47 - [MESSAGE][PASSED] - Object: 'Object Repository/APOLLO- Desktop/payment page/Payment section' is clicked on

2019-06-18 16:22:47 - [MESSAGE][PASSED] - Call Test Case 'Test Cases/CALL - SHIPPING TO PAYMENT' successfully]]></system-out>
         <system-err><![CDATA[]]></system-err>
      </testcase>
      <testcase name="Test Cases/CRITICAL PATH/Price comparison - Cart flyout" classname="Test Cases/CRITICAL PATH/Price comparison - Cart flyout" status="PASSED">
         <system-out><![CDATA[2019-06-18 16:22:47 - [TEST_CASE][PASSED] - Test Cases/CRITICAL PATH/Price comparison - Cart flyout: Test Cases/CRITICAL PATH/Price comparison - Cart flyout

2019-06-18 16:22:47 - [TEST_STEP][PASSED] - callTestCase(findTestCase("CALL - URL"), [:], STOP_ON_FAILURE): Call Test Case 'Test Cases/CALL - URL' successfully

2019-06-18 16:22:47 - [TEST_CASE][PASSED] - Test Cases/CALL - URL: Test Cases/CALL - URL

2019-06-18 16:22:47 - [TEST_STEP][PASSED] - openBrowser(""): Browser is opened with url: ''

2019-06-18 16:22:47 - [MESSAGE][WARNING] - A browser is already opened. Closing browser and opening a new one

2019-06-18 16:22:47 - [MESSAGE][INFO] - Starting 'Chrome' driver

2019-06-18 16:22:48 - [MESSAGE][PASSED] - Browser is opened with url: ''

2019-06-18 16:22:48 - [TEST_STEP][PASSED] - navigateToUrl("https://diff-apollo.myshopify.com/?_ab=0&_fd=0&_sc=1&preview_theme_id=68602101860"): Navigate to 'https://diff-apollo.myshopify.com/?_ab=0&_fd=0&_sc=1&preview_theme_id=68602101860' successfully

2019-06-18 16:22:52 - [MESSAGE][PASSED] - Navigate to 'https://diff-apollo.myshopify.com/?_ab=0&_fd=0&_sc=1&preview_theme_id=68602101860' successfully

2019-06-18 16:22:52 - [TEST_STEP][PASSED] - executeJavaScript("var previewBar = document.getElementById("preview-bar-iframe"); previewBar.style.display = "none";", []): Execute JavaScript 'var previewBar = document.getElementById("preview-bar-iframe"); previewBar.style.display = "none";' successfully

2019-06-18 16:22:52 - [MESSAGE][PASSED] - Execute JavaScript 'var previewBar = document.getElementById("preview-bar-iframe"); previewBar.style.display = "none";' successfully

2019-06-18 16:22:52 - [MESSAGE][PASSED] - Call Test Case 'Test Cases/CALL - URL' successfully

2019-06-18 16:22:52 - [TEST_STEP][PASSED] - click(findTestObject("APOLLO- Desktop/Burger Menu/Burgermenu")): Object: 'Object Repository/APOLLO- Desktop/Burger Menu/Burgermenu' is clicked on

2019-06-18 16:22:52 - [MESSAGE][PASSED] - Object: 'Object Repository/APOLLO- Desktop/Burger Menu/Burgermenu' is clicked on

2019-06-18 16:22:52 - [TEST_STEP][PASSED] - delay(2): Delayed 2 second(s)

2019-06-18 16:22:54 - [MESSAGE][PASSED] - Delayed 2 second(s)

2019-06-18 16:22:54 - [TEST_STEP][PASSED] - click(findTestObject("APOLLO- Desktop/Burger Menu/Mens chevron")): Object: 'Object Repository/APOLLO- Desktop/Burger Menu/Mens chevron' is clicked on

2019-06-18 16:22:54 - [MESSAGE][PASSED] - Object: 'Object Repository/APOLLO- Desktop/Burger Menu/Mens chevron' is clicked on

2019-06-18 16:22:54 - [TEST_STEP][PASSED] - delay(2): Delayed 2 second(s)

2019-06-18 16:22:56 - [MESSAGE][PASSED] - Delayed 2 second(s)

2019-06-18 16:22:56 - [TEST_STEP][PASSED] - click(findTestObject("APOLLO- Desktop/Burger Menu/Mens - Top Chevron")): Object: 'Object Repository/APOLLO- Desktop/Burger Menu/Mens - Top Chevron' is clicked on

2019-06-18 16:22:56 - [MESSAGE][PASSED] - Object: 'Object Repository/APOLLO- Desktop/Burger Menu/Mens - Top Chevron' is clicked on

2019-06-18 16:22:56 - [TEST_STEP][PASSED] - delay(2): Delayed 2 second(s)

2019-06-18 16:22:58 - [MESSAGE][PASSED] - Delayed 2 second(s)

2019-06-18 16:22:58 - [TEST_STEP][PASSED] - click(findTestObject("APOLLO- Desktop/Burger Menu/Shirts link")): Object: 'Object Repository/APOLLO- Desktop/Burger Menu/Shirts link' is clicked on

2019-06-18 16:23:00 - [MESSAGE][PASSED] - Object: 'Object Repository/APOLLO- Desktop/Burger Menu/Shirts link' is clicked on

2019-06-18 16:23:00 - [TEST_STEP][PASSED] - delay(2): Delayed 2 second(s)

2019-06-18 16:23:02 - [MESSAGE][PASSED] - Delayed 2 second(s)

2019-06-18 16:23:02 - [TEST_STEP][PASSED] - click(findTestObject("APOLLO- Desktop/Collection page/Blue shirt product")): Object: 'Object Repository/APOLLO- Desktop/Collection page/Blue shirt product' is clicked on

2019-06-18 16:23:05 - [MESSAGE][PASSED] - Object: 'Object Repository/APOLLO- Desktop/Collection page/Blue shirt product' is clicked on

2019-06-18 16:23:05 - [TEST_STEP][PASSED] - delay(2): Delayed 2 second(s)

2019-06-18 16:23:07 - [MESSAGE][PASSED] - Delayed 2 second(s)

2019-06-18 16:23:07 - [TEST_STEP][PASSED] - selectOptionByValue(findTestObject("APOLLO- Desktop/Product page/Size dropdown"), "Medium", true): All options with value 'Medium' are selected in object 'Object Repository/APOLLO- Desktop/Product page/Size dropdown'  using regular expression

2019-06-18 16:23:07 - [MESSAGE][PASSED] - All options with value 'Medium' are selected in object 'Object Repository/APOLLO- Desktop/Product page/Size dropdown'  using regular expression

2019-06-18 16:23:07 - [TEST_STEP][PASSED] - delay(2): Delayed 2 second(s)

2019-06-18 16:23:09 - [MESSAGE][PASSED] - Delayed 2 second(s)

2019-06-18 16:23:09 - [TEST_STEP][PASSED] - click(findTestObject("APOLLO- Desktop/Product page/Add to bag")): Object: 'Object Repository/APOLLO- Desktop/Product page/Add to bag' is clicked on

2019-06-18 16:23:09 - [MESSAGE][PASSED] - Object: 'Object Repository/APOLLO- Desktop/Product page/Add to bag' is clicked on

2019-06-18 16:23:09 - [TEST_STEP][PASSED] - delay(2): Delayed 2 second(s)

2019-06-18 16:23:11 - [MESSAGE][PASSED] - Delayed 2 second(s)

2019-06-18 16:23:11 - [TEST_STEP][PASSED] - click(findTestObject("APOLLO- Desktop/Burger Menu/Burgermenu")): Object: 'Object Repository/APOLLO- Desktop/Burger Menu/Burgermenu' is clicked on

2019-06-18 16:23:11 - [MESSAGE][PASSED] - Object: 'Object Repository/APOLLO- Desktop/Burger Menu/Burgermenu' is clicked on

2019-06-18 16:23:11 - [TEST_STEP][PASSED] - delay(2): Delayed 2 second(s)

2019-06-18 16:23:13 - [MESSAGE][PASSED] - Delayed 2 second(s)

2019-06-18 16:23:13 - [TEST_STEP][PASSED] - click(findTestObject("APOLLO- Desktop/Burger Menu/KIds link")): Object: 'Object Repository/APOLLO- Desktop/Burger Menu/KIds link' is clicked on

2019-06-18 16:23:16 - [MESSAGE][PASSED] - Object: 'Object Repository/APOLLO- Desktop/Burger Menu/KIds link' is clicked on

2019-06-18 16:23:16 - [TEST_STEP][PASSED] - delay(2): Delayed 2 second(s)

2019-06-18 16:23:18 - [MESSAGE][PASSED] - Delayed 2 second(s)

2019-06-18 16:23:18 - [TEST_STEP][PASSED] - click(findTestObject("APOLLO- Desktop/Collection page/Sailor sweatshirt")): Object: 'Object Repository/APOLLO- Desktop/Collection page/Sailor sweatshirt' is clicked on

2019-06-18 16:23:20 - [MESSAGE][PASSED] - Object: 'Object Repository/APOLLO- Desktop/Collection page/Sailor sweatshirt' is clicked on

2019-06-18 16:23:20 - [TEST_STEP][PASSED] - delay(2): Delayed 2 second(s)

2019-06-18 16:23:22 - [MESSAGE][PASSED] - Delayed 2 second(s)

2019-06-18 16:23:22 - [TEST_STEP][PASSED] - click(findTestObject("APOLLO- Desktop/Product page/Add to bag")): Object: 'Object Repository/APOLLO- Desktop/Product page/Add to bag' is clicked on

2019-06-18 16:23:22 - [MESSAGE][PASSED] - Object: 'Object Repository/APOLLO- Desktop/Product page/Add to bag' is clicked on

2019-06-18 16:23:22 - [TEST_STEP][PASSED] - delay(2): Delayed 2 second(s)

2019-06-18 16:23:24 - [MESSAGE][PASSED] - Delayed 2 second(s)

2019-06-18 16:23:24 - [TEST_STEP][PASSED] - executeJavaScript("var previewBar = document.getElementById("preview-bar-iframe"); previewBar.style.display = "none";", []): Execute JavaScript 'var previewBar = document.getElementById("preview-bar-iframe"); previewBar.style.display = "none";' successfully

2019-06-18 16:23:24 - [MESSAGE][PASSED] - Execute JavaScript 'var previewBar = document.getElementById("preview-bar-iframe"); previewBar.style.display = "none";' successfully

2019-06-18 16:23:24 - [TEST_STEP][PASSED] - a = getText(findTestObject("APOLLO- Desktop/Cart flyout/Unit price - first product")): Text of object 'Object Repository/APOLLO- Desktop/Cart flyout/Unit price - first product' is: '$30'

2019-06-18 16:23:24 - [MESSAGE][PASSED] - Text of object 'Object Repository/APOLLO- Desktop/Cart flyout/Unit price - first product' is: '$30'

2019-06-18 16:23:24 - [TEST_STEP][PASSED] - comment("a=" + a): a=$30

2019-06-18 16:23:24 - [MESSAGE][INFO] - a=$30

2019-06-18 16:23:24 - [TEST_STEP][PASSED] - a1 = a.substring(1): null

2019-06-18 16:23:24 - [TEST_STEP][PASSED] - comment("a1=" + a1): a1=30

2019-06-18 16:23:24 - [MESSAGE][INFO] - a1=30

2019-06-18 16:23:24 - [TEST_STEP][PASSED] - b = getText(findTestObject("APOLLO- Desktop/Cart flyout/Unit price - second product")): Text of object 'Object Repository/APOLLO- Desktop/Cart flyout/Unit price - second product' is: '$30'

2019-06-18 16:23:24 - [MESSAGE][PASSED] - Text of object 'Object Repository/APOLLO- Desktop/Cart flyout/Unit price - second product' is: '$30'

2019-06-18 16:23:24 - [TEST_STEP][PASSED] - comment("b=" + b): b=$30

2019-06-18 16:23:24 - [MESSAGE][INFO] - b=$30

2019-06-18 16:23:24 - [TEST_STEP][PASSED] - b1 = b.substring(1): null

2019-06-18 16:23:24 - [TEST_STEP][PASSED] - comment("b1=" + b1): b1=30

2019-06-18 16:23:24 - [MESSAGE][INFO] - b1=30

2019-06-18 16:23:24 - [TEST_STEP][PASSED] - p1 = <not implemented yet for class: org.codehaus.groovy.ast.expr.EmptyExpression>: null

2019-06-18 16:23:24 - [TEST_STEP][PASSED] - p2 = <not implemented yet for class: org.codehaus.groovy.ast.expr.EmptyExpression>: null

2019-06-18 16:23:24 - [TEST_STEP][PASSED] - try: p1=30.0

2019-06-18 16:23:24 - [TEST_STEP][PASSED] - str = a1: null

2019-06-18 16:23:24 - [TEST_STEP][PASSED] - comment("str=" + str): str=30

2019-06-18 16:23:24 - [MESSAGE][INFO] - str=30

2019-06-18 16:23:24 - [TEST_STEP][PASSED] - p1 = Double.valueOf(str): null

2019-06-18 16:23:24 - [TEST_STEP][PASSED] - comment("p1=" + p1): p1=30.0

2019-06-18 16:23:24 - [MESSAGE][INFO] - p1=30.0

2019-06-18 16:23:24 - [TEST_STEP][PASSED] - try: p2=30.0

2019-06-18 16:23:24 - [TEST_STEP][PASSED] - str5 = b1: null

2019-06-18 16:23:24 - [TEST_STEP][PASSED] - comment("str5=" + str5): str5=30

2019-06-18 16:23:24 - [MESSAGE][INFO] - str5=30

2019-06-18 16:23:24 - [TEST_STEP][PASSED] - p2 = Double.valueOf(str5): null

2019-06-18 16:23:24 - [TEST_STEP][PASSED] - comment("p2=" + p2): p2=30.0

2019-06-18 16:23:24 - [MESSAGE][INFO] - p2=30.0

2019-06-18 16:23:24 - [TEST_STEP][PASSED] - total = p1 + p2: null

2019-06-18 16:23:24 - [TEST_STEP][PASSED] - comment("total=" + total): total=60.0

2019-06-18 16:23:24 - [MESSAGE][INFO] - total=60.0

2019-06-18 16:23:24 - [TEST_STEP][PASSED] - c = getText(findTestObject("APOLLO- Desktop/Cart flyout/Subtotal in cart flyout")): Text of object 'Object Repository/APOLLO- Desktop/Cart flyout/Subtotal in cart flyout' is: '$60.00'

2019-06-18 16:23:24 - [MESSAGE][PASSED] - Text of object 'Object Repository/APOLLO- Desktop/Cart flyout/Subtotal in cart flyout' is: '$60.00'

2019-06-18 16:23:24 - [TEST_STEP][PASSED] - comment("c=" + c): c=$60.00

2019-06-18 16:23:24 - [MESSAGE][INFO] - c=$60.00

2019-06-18 16:23:24 - [TEST_STEP][PASSED] - c1 = c.substring(1): null

2019-06-18 16:23:24 - [TEST_STEP][PASSED] - comment("c1=" + c1): c1=60.00

2019-06-18 16:23:24 - [MESSAGE][INFO] - c1=60.00

2019-06-18 16:23:24 - [TEST_STEP][PASSED] - p3 = <not implemented yet for class: org.codehaus.groovy.ast.expr.EmptyExpression>: null

2019-06-18 16:23:24 - [TEST_STEP][PASSED] - try: p3=60.0

2019-06-18 16:23:24 - [TEST_STEP][PASSED] - str = c1: null

2019-06-18 16:23:24 - [TEST_STEP][PASSED] - comment("str=" + str): str=60.00

2019-06-18 16:23:24 - [MESSAGE][INFO] - str=60.00

2019-06-18 16:23:24 - [TEST_STEP][PASSED] - p3 = Double.valueOf(str): null

2019-06-18 16:23:24 - [TEST_STEP][PASSED] - comment("p3=" + p3): p3=60.0

2019-06-18 16:23:24 - [MESSAGE][INFO] - p3=60.0

2019-06-18 16:23:24 - [TEST_STEP][PASSED] - verifyEqual(total, p3): Actual object '60' and expected object '60' are equal

2019-06-18 16:23:24 - [MESSAGE][PASSED] - Actual object '60' and expected object '60' are equal

2019-06-18 16:23:24 - [TEST_STEP][PASSED] - click(findTestObject("APOLLO- Desktop/Cart flyout/Checkout")): Object: 'Object Repository/APOLLO- Desktop/Cart flyout/Checkout' is clicked on

2019-06-18 16:23:27 - [MESSAGE][PASSED] - Object: 'Object Repository/APOLLO- Desktop/Cart flyout/Checkout' is clicked on

2019-06-18 16:23:27 - [TEST_STEP][PASSED] - callTestCase(findTestCase("CALL- CUSTOMER INFO PAGE"), [:], STOP_ON_FAILURE): Call Test Case 'Test Cases/CALL- CUSTOMER INFO PAGE' successfully

2019-06-18 16:23:27 - [TEST_CASE][PASSED] - Test Cases/CALL- CUSTOMER INFO PAGE: Test Cases/CALL- CUSTOMER INFO PAGE

2019-06-18 16:23:27 - [TEST_STEP][PASSED] - delay(2): Delayed 2 second(s)

2019-06-18 16:23:29 - [MESSAGE][PASSED] - Delayed 2 second(s)

2019-06-18 16:23:29 - [TEST_STEP][PASSED] - executeJavaScript("var previewBar = document.getElementById("preview-bar-iframe"); previewBar.style.display = "none";", []): Execute JavaScript 'var previewBar = document.getElementById("preview-bar-iframe"); previewBar.style.display = "none";' successfully

2019-06-18 16:23:29 - [MESSAGE][PASSED] - Execute JavaScript 'var previewBar = document.getElementById("preview-bar-iframe"); previewBar.style.display = "none";' successfully

2019-06-18 16:23:29 - [TEST_STEP][PASSED] - setText(findTestObject("APOLLO- Desktop/Customer Information page/Email"), "suman@gmail.com"): Text 'suman@gmail.com' is set on object 'Object Repository/APOLLO- Desktop/Customer Information page/Email'

2019-06-18 16:23:29 - [MESSAGE][PASSED] - Text 'suman@gmail.com' is set on object 'Object Repository/APOLLO- Desktop/Customer Information page/Email'

2019-06-18 16:23:29 - [TEST_STEP][PASSED] - delay(2): Delayed 2 second(s)

2019-06-18 16:23:31 - [MESSAGE][PASSED] - Delayed 2 second(s)

2019-06-18 16:23:31 - [TEST_STEP][PASSED] - setText(findTestObject("APOLLO- Desktop/Customer Information page/First name"), "suman"): Text 'suman' is set on object 'Object Repository/APOLLO- Desktop/Customer Information page/First name'

2019-06-18 16:23:31 - [MESSAGE][PASSED] - Text 'suman' is set on object 'Object Repository/APOLLO- Desktop/Customer Information page/First name'

2019-06-18 16:23:31 - [TEST_STEP][PASSED] - delay(2): Delayed 2 second(s)

2019-06-18 16:23:33 - [MESSAGE][PASSED] - Delayed 2 second(s)

2019-06-18 16:23:33 - [TEST_STEP][PASSED] - setText(findTestObject("APOLLO- Desktop/Customer Information page/Last name"), "kompelly"): Text 'kompelly' is set on object 'Object Repository/APOLLO- Desktop/Customer Information page/Last name'

2019-06-18 16:23:33 - [MESSAGE][PASSED] - Text 'kompelly' is set on object 'Object Repository/APOLLO- Desktop/Customer Information page/Last name'

2019-06-18 16:23:33 - [TEST_STEP][PASSED] - delay(2): Delayed 2 second(s)

2019-06-18 16:23:35 - [MESSAGE][PASSED] - Delayed 2 second(s)

2019-06-18 16:23:35 - [TEST_STEP][PASSED] - setText(findTestObject("APOLLO- Desktop/Customer Information page/Address"), "1435 st alxendre"): Text '1435 st alxendre' is set on object 'Object Repository/APOLLO- Desktop/Customer Information page/Address'

2019-06-18 16:23:35 - [MESSAGE][PASSED] - Text '1435 st alxendre' is set on object 'Object Repository/APOLLO- Desktop/Customer Information page/Address'

2019-06-18 16:23:35 - [TEST_STEP][PASSED] - setText(findTestObject("APOLLO- Desktop/Customer Information page/Apartment"), "220"): Text '220' is set on object 'Object Repository/APOLLO- Desktop/Customer Information page/Apartment'

2019-06-18 16:23:35 - [MESSAGE][PASSED] - Text '220' is set on object 'Object Repository/APOLLO- Desktop/Customer Information page/Apartment'

2019-06-18 16:23:35 - [TEST_STEP][PASSED] - setText(findTestObject("APOLLO- Desktop/Customer Information page/City"), "montreal"): Text 'montreal' is set on object 'Object Repository/APOLLO- Desktop/Customer Information page/City'

2019-06-18 16:23:36 - [MESSAGE][PASSED] - Text 'montreal' is set on object 'Object Repository/APOLLO- Desktop/Customer Information page/City'

2019-06-18 16:23:36 - [TEST_STEP][PASSED] - selectOptionByValue(findTestObject("APOLLO- Desktop/Customer Information page/Country dropdown"), "United States", true): All options with value 'United States' are selected in object 'Object Repository/APOLLO- Desktop/Customer Information page/Country dropdown'  using regular expression

2019-06-18 16:23:39 - [MESSAGE][PASSED] - All options with value 'United States' are selected in object 'Object Repository/APOLLO- Desktop/Customer Information page/Country dropdown'  using regular expression

2019-06-18 16:23:39 - [TEST_STEP][PASSED] - selectOptionByValue(findTestObject("APOLLO- Desktop/Customer Information page/states dropdown"), "NJ", true): All options with value 'NJ' are selected in object 'Object Repository/APOLLO- Desktop/Customer Information page/states dropdown'  using regular expression

2019-06-18 16:23:40 - [MESSAGE][PASSED] - All options with value 'NJ' are selected in object 'Object Repository/APOLLO- Desktop/Customer Information page/states dropdown'  using regular expression

2019-06-18 16:23:40 - [TEST_STEP][PASSED] - setText(findTestObject("APOLLO- Desktop/Customer Information page/ZIP code"), "07057"): Text '07057' is set on object 'Object Repository/APOLLO- Desktop/Customer Information page/ZIP code'

2019-06-18 16:23:40 - [MESSAGE][PASSED] - Text '07057' is set on object 'Object Repository/APOLLO- Desktop/Customer Information page/ZIP code'

2019-06-18 16:23:40 - [MESSAGE][PASSED] - Call Test Case 'Test Cases/CALL- CUSTOMER INFO PAGE' successfully

2019-06-18 16:23:40 - [TEST_STEP][PASSED] - click(findTestObject("APOLLO- Desktop/Customer Information page/Continue to shipping")): Object: 'Object Repository/APOLLO- Desktop/Customer Information page/Continue to shipping' is clicked on

2019-06-18 16:23:42 - [MESSAGE][PASSED] - Object: 'Object Repository/APOLLO- Desktop/Customer Information page/Continue to shipping' is clicked on

2019-06-18 16:23:42 - [TEST_STEP][PASSED] - click(findTestObject("APOLLO- Desktop/Shipping page/Radio button check")): Object: 'Object Repository/APOLLO- Desktop/Shipping page/Radio button check' is clicked on

2019-06-18 16:23:43 - [MESSAGE][PASSED] - Object: 'Object Repository/APOLLO- Desktop/Shipping page/Radio button check' is clicked on

2019-06-18 16:23:43 - [TEST_STEP][PASSED] - click(findTestObject("APOLLO- Desktop/Shipping page/Continue to payment")): Object: 'Object Repository/APOLLO- Desktop/Shipping page/Continue to payment' is clicked on

2019-06-18 16:23:45 - [MESSAGE][PASSED] - Object: 'Object Repository/APOLLO- Desktop/Shipping page/Continue to payment' is clicked on

2019-06-18 16:23:45 - [TEST_STEP][PASSED] - click(findTestObject("APOLLO- Desktop/payment page/Payment section")): Object: 'Object Repository/APOLLO- Desktop/payment page/Payment section' is clicked on

2019-06-18 16:23:45 - [MESSAGE][PASSED] - Object: 'Object Repository/APOLLO- Desktop/payment page/Payment section' is clicked on]]></system-out>
         <system-err><![CDATA[]]></system-err>
      </testcase>
      <system-out><![CDATA[2019-06-18 15:52:40 - [TEST_SUITE][FAILED] - Apollo- Desktop: Test Cases/COLLECTION PAGE/Filter FAILED.
Reason:
com.kms.katalon.core.exception.StepFailedException: Unable to click on object 'Object Repository/APOLLO- Desktop/Collection page/Filter/a_Green' (Root cause: org.openqa.selenium.ElementNotVisibleException: element not interactable
  (Session info: chrome=75.0.3770.100)
  (Driver info: chromedriver=2.43.600229 (3fae4d0cda5334b4f533bede5a4787f7b832d052),platform=Mac OS X 10.13.6 x86_64) (WARNING: The server did not provide any stacktrace information)
Command duration or timeout: 0 milliseconds
Build info: version: '3.7.1', revision: '8a0099a', time: '2017-11-06T21:07:36.161Z'
System info: host: 'sumans-MacBook-Pro.local', ip: 'fe80:0:0:0:9b:8caf:6d51:8ac%en0', os.name: 'Mac OS X', os.arch: 'x86_64', os.version: '10.13.6', java.version: '1.8.0_181'
Driver info: com.kms.katalon.selenium.driver.CChromeDriver
Capabilities {acceptInsecureCerts: false, acceptSslCerts: false, applicationCacheEnabled: false, browserConnectionEnabled: false, browserName: chrome, chrome: {chromedriverVersion: 2.43.600229 (3fae4d0cda5334..., userDataDir: /var/folders/1t/c55l8xzs6gq...}, cssSelectorsEnabled: true, databaseEnabled: false, goog:chromeOptions: {debuggerAddress: localhost:52433}, handlesAlerts: true, hasTouchScreen: false, javascriptEnabled: true, locationContextEnabled: true, mobileEmulationEnabled: false, nativeEvents: true, networkConnectionEnabled: false, pageLoadStrategy: normal, platform: MAC, platformName: MAC, rotatable: false, setWindowRect: true, takesHeapSnapshot: true, takesScreenshot: true, unexpectedAlertBehaviour: , unhandledPromptBehavior: , version: 75.0.3770.100, webStorageEnabled: true}
Session ID: 274b57b4c908ed028d53b4a85c234227)
	at com.kms.katalon.core.keyword.internal.KeywordMain.stepFailed(KeywordMain.groovy:36)
	at com.kms.katalon.core.webui.keyword.internal.WebUIKeywordMain.stepFailed(WebUIKeywordMain.groovy:65)
	at com.kms.katalon.core.webui.keyword.internal.WebUIKeywordMain.runKeyword(WebUIKeywordMain.groovy:27)
	at com.kms.katalon.core.webui.keyword.builtin.ClickKeyword.click(ClickKeyword.groovy:86)
	at com.kms.katalon.core.webui.keyword.builtin.ClickKeyword.execute(ClickKeyword.groovy:67)
	at com.kms.katalon.core.keyword.internal.KeywordExecutor.executeKeywordForPlatform(KeywordExecutor.groovy:53)
	at com.kms.katalon.core.webui.keyword.WebUiBuiltInKeywords.click(WebUiBuiltInKeywords.groovy:616)
	at com.kms.katalon.core.webui.keyword.WebUiBuiltInKeywords$click$2.call(Unknown Source)
	at Filter.run(Filter:183)
	at com.kms.katalon.core.main.ScriptEngine.run(ScriptEngine.java:194)
	at com.kms.katalon.core.main.ScriptEngine.runScriptAsRawText(ScriptEngine.java:119)
	at com.kms.katalon.core.main.TestCaseExecutor.runScript(TestCaseExecutor.java:328)
	at com.kms.katalon.core.main.TestCaseExecutor.doExecute(TestCaseExecutor.java:319)
	at com.kms.katalon.core.main.TestCaseExecutor.processExecutionPhase(TestCaseExecutor.java:298)
	at com.kms.katalon.core.main.TestCaseExecutor.accessMainPhase(TestCaseExecutor.java:290)
	at com.kms.katalon.core.main.TestCaseExecutor.execute(TestCaseExecutor.java:224)
	at com.kms.katalon.core.main.TestSuiteExecutor.accessTestCaseMainPhase(TestSuiteExecutor.java:129)
	at com.kms.katalon.core.main.TestSuiteExecutor.accessTestSuiteMainPhase(TestSuiteExecutor.java:112)
	at com.kms.katalon.core.main.TestSuiteExecutor.execute(TestSuiteExecutor.java:81)
	at com.kms.katalon.core.main.TestCaseMain.startTestSuite(TestCaseMain.java:149)
	at com.kms.katalon.core.main.TestCaseMain$startTestSuite$0.call(Unknown Source)
	at TempTestSuite1560887558246.run(TempTestSuite1560887558246.groovy:36)]]></system-out>
      <system-err><![CDATA[2019-06-18 15:52:40 - [TEST_SUITE][FAILED] - Apollo- Desktop: Test Cases/COLLECTION PAGE/Filter FAILED.
Reason:
com.kms.katalon.core.exception.StepFailedException: Unable to click on object 'Object Repository/APOLLO- Desktop/Collection page/Filter/a_Green' (Root cause: org.openqa.selenium.ElementNotVisibleException: element not interactable
  (Session info: chrome=75.0.3770.100)
  (Driver info: chromedriver=2.43.600229 (3fae4d0cda5334b4f533bede5a4787f7b832d052),platform=Mac OS X 10.13.6 x86_64) (WARNING: The server did not provide any stacktrace information)
Command duration or timeout: 0 milliseconds
Build info: version: '3.7.1', revision: '8a0099a', time: '2017-11-06T21:07:36.161Z'
System info: host: 'sumans-MacBook-Pro.local', ip: 'fe80:0:0:0:9b:8caf:6d51:8ac%en0', os.name: 'Mac OS X', os.arch: 'x86_64', os.version: '10.13.6', java.version: '1.8.0_181'
Driver info: com.kms.katalon.selenium.driver.CChromeDriver
Capabilities {acceptInsecureCerts: false, acceptSslCerts: false, applicationCacheEnabled: false, browserConnectionEnabled: false, browserName: chrome, chrome: {chromedriverVersion: 2.43.600229 (3fae4d0cda5334..., userDataDir: /var/folders/1t/c55l8xzs6gq...}, cssSelectorsEnabled: true, databaseEnabled: false, goog:chromeOptions: {debuggerAddress: localhost:52433}, handlesAlerts: true, hasTouchScreen: false, javascriptEnabled: true, locationContextEnabled: true, mobileEmulationEnabled: false, nativeEvents: true, networkConnectionEnabled: false, pageLoadStrategy: normal, platform: MAC, platformName: MAC, rotatable: false, setWindowRect: true, takesHeapSnapshot: true, takesScreenshot: true, unexpectedAlertBehaviour: , unhandledPromptBehavior: , version: 75.0.3770.100, webStorageEnabled: true}
Session ID: 274b57b4c908ed028d53b4a85c234227)
	at com.kms.katalon.core.keyword.internal.KeywordMain.stepFailed(KeywordMain.groovy:36)
	at com.kms.katalon.core.webui.keyword.internal.WebUIKeywordMain.stepFailed(WebUIKeywordMain.groovy:65)
	at com.kms.katalon.core.webui.keyword.internal.WebUIKeywordMain.runKeyword(WebUIKeywordMain.groovy:27)
	at com.kms.katalon.core.webui.keyword.builtin.ClickKeyword.click(ClickKeyword.groovy:86)
	at com.kms.katalon.core.webui.keyword.builtin.ClickKeyword.execute(ClickKeyword.groovy:67)
	at com.kms.katalon.core.keyword.internal.KeywordExecutor.executeKeywordForPlatform(KeywordExecutor.groovy:53)
	at com.kms.katalon.core.webui.keyword.WebUiBuiltInKeywords.click(WebUiBuiltInKeywords.groovy:616)
	at com.kms.katalon.core.webui.keyword.WebUiBuiltInKeywords$click$2.call(Unknown Source)
	at Filter.run(Filter:183)
	at com.kms.katalon.core.main.ScriptEngine.run(ScriptEngine.java:194)
	at com.kms.katalon.core.main.ScriptEngine.runScriptAsRawText(ScriptEngine.java:119)
	at com.kms.katalon.core.main.TestCaseExecutor.runScript(TestCaseExecutor.java:328)
	at com.kms.katalon.core.main.TestCaseExecutor.doExecute(TestCaseExecutor.java:319)
	at com.kms.katalon.core.main.TestCaseExecutor.processExecutionPhase(TestCaseExecutor.java:298)
	at com.kms.katalon.core.main.TestCaseExecutor.accessMainPhase(TestCaseExecutor.java:290)
	at com.kms.katalon.core.main.TestCaseExecutor.execute(TestCaseExecutor.java:224)
	at com.kms.katalon.core.main.TestSuiteExecutor.accessTestCaseMainPhase(TestSuiteExecutor.java:129)
	at com.kms.katalon.core.main.TestSuiteExecutor.accessTestSuiteMainPhase(TestSuiteExecutor.java:112)
	at com.kms.katalon.core.main.TestSuiteExecutor.execute(TestSuiteExecutor.java:81)
	at com.kms.katalon.core.main.TestCaseMain.startTestSuite(TestCaseMain.java:149)
	at com.kms.katalon.core.main.TestCaseMain$startTestSuite$0.call(Unknown Source)
	at TempTestSuite1560887558246.run(TempTestSuite1560887558246.groovy:36)]]></system-err>
   </testsuite>
</testsuites>
