<?xml version="1.0" encoding="UTF-8"?>
<testsuites name="Apollo - dark build" time="1586" tests="21" failures="10" errors="0">
   <testsuite name="Apollo - dark build" tests="21" failures="10" errors="0" time="1586" timestamp="2019-06-25 14:20:25" hostname="sumankompelly - 10.0.126.233" id="Test Suites/Apollo - dark build">
      <properties>
         <property name="deviceName" value=""/>
         <property name="devicePlatform" value=""/>
         <property name="logFolder" value="/Users/sumankompelly/Katalon Studio/APOLLO/Reports/Apollo - dark build/20190625_142023"/>
         <property name="logFiles" value="/Users/sumankompelly/Katalon Studio/APOLLO/Reports/Apollo - dark build/20190625_142023/execution0.log"/>
         <property name="attachments" value="/Users/sumankompelly/Katalon Studio/APOLLO/Reports/Apollo - dark build/20190625_142023/1561486888477.png, /Users/sumankompelly/Katalon Studio/APOLLO/Reports/Apollo - dark build/20190625_142023/1561486896951.png, /Users/sumankompelly/Katalon Studio/APOLLO/Reports/Apollo - dark build/20190625_142023/1561486905352.png, /Users/sumankompelly/Katalon Studio/APOLLO/Reports/Apollo - dark build/20190625_142023/1561486913703.png, /Users/sumankompelly/Katalon Studio/APOLLO/Reports/Apollo - dark build/20190625_142023/1561486922034.png, /Users/sumankompelly/Katalon Studio/APOLLO/Reports/Apollo - dark build/20190625_142023/1561486930352.png, /Users/sumankompelly/Katalon Studio/APOLLO/Reports/Apollo - dark build/20190625_142023/1561486939705.png, /Users/sumankompelly/Katalon Studio/APOLLO/Reports/Apollo - dark build/20190625_142023/1561486946094.png, /Users/sumankompelly/Katalon Studio/APOLLO/Reports/Apollo - dark build/20190625_142023/1561487219163.png, /Users/sumankompelly/Katalon Studio/APOLLO/Reports/Apollo - dark build/20190625_142023/1561487501822.png, /Users/sumankompelly/Katalon Studio/APOLLO/Reports/Apollo - dark build/20190625_142023/1561487601424.png, /Users/sumankompelly/Katalon Studio/APOLLO/Reports/Apollo - dark build/20190625_142023/1561487895163.png, /Users/sumankompelly/Katalon Studio/APOLLO/Reports/Apollo - dark build/20190625_142023/1561488077007.png, /Users/sumankompelly/Katalon Studio/APOLLO/Reports/Apollo - dark build/20190625_142023/1561488224611.png, /Users/sumankompelly/Katalon Studio/APOLLO/Reports/Apollo - dark build/20190625_142023/1561488260408.png"/>
         <property name="hostName" value="sumankompelly - 10.0.126.233"/>
         <property name="os" value="Mac OS X 64bit"/>
         <property name="katalonVersion" value="5.10.1.1"/>
         <property name="browser" value="Safari 12"/>
         <property name="hostAddress" value="10.0.126.233"/>
         <property name="sessionId" value="CF2EA627-68B0-4A8E-9C05-9868027DC778"/>
         <property name="seleniumVersion" value="3.7.1"/>
         <property name="proxyInformation" value="ProxyInformation{proxyOption=NO_PROXY, proxyServerType=HTTP, password=, proxyServerAddress=, proxyServerPort=0}"/>
         <property name="platform" value="Mac OS X"/>
      </properties>
      <testcase name="Test Cases/COLLECTION PAGE/colour variants" classname="Test Cases/COLLECTION PAGE/colour variants" status="PASSED">
         <system-out><![CDATA[2019-06-25 14:20:25 - [TEST_CASE][PASSED] - Test Cases/COLLECTION PAGE/colour variants: Test Cases/COLLECTION PAGE/colour variants

2019-06-25 14:20:25 - [TEST_STEP][PASSED] - callTestCase(findTestCase("CALL - URL"), [:], STOP_ON_FAILURE): Call Test Case 'Test Cases/CALL - URL' successfully

2019-06-25 14:20:26 - [TEST_CASE][PASSED] - Test Cases/CALL - URL: Test Cases/CALL - URL

2019-06-25 14:20:26 - [TEST_STEP][PASSED] - openBrowser(""): Browser is opened with url: ''

2019-06-25 14:20:26 - [MESSAGE][INFO] - Starting 'Safari' driver

2019-06-25 14:20:26 - [MESSAGE][INFO] - Action delay is set to 0 seconds

2019-06-25 14:20:28 - [MESSAGE][PASSED] - Browser is opened with url: ''

2019-06-25 14:20:28 - [TEST_STEP][PASSED] - navigateToUrl("https://diff-apollo.myshopify.com/?key=eec34184cfd8f82cda816f82753a8c8e9e240f30cf54470e19667b8cbb401948&preview_theme_id="): Navigate to 'https://diff-apollo.myshopify.com/?key=eec34184cfd8f82cda816f82753a8c8e9e240f30cf54470e19667b8cbb401948&preview_theme_id=' successfully

2019-06-25 14:20:30 - [MESSAGE][PASSED] - Navigate to 'https://diff-apollo.myshopify.com/?key=eec34184cfd8f82cda816f82753a8c8e9e240f30cf54470e19667b8cbb401948&preview_theme_id=' successfully

2019-06-25 14:20:30 - [TEST_STEP][NOT_RUN] - executeJavaScript("var previewBar = document.getElementById("preview-bar-iframe"); previewBar.style.display = "none";", []): NOT_RUN: executeJavaScript("var previewBar = document.getElementById("preview-bar-iframe"); previewBar.style.display = "none";", [])

2019-06-25 14:20:30 - [MESSAGE][NOT_RUN] - NOT_RUN: executeJavaScript("var previewBar = document.getElementById("preview-bar-iframe"); previewBar.style.display = "none";", [])

2019-06-25 14:20:30 - [TEST_STEP][PASSED] - maximizeWindow(): Current window maximized

2019-06-25 14:20:30 - [MESSAGE][PASSED] - Current window maximized

2019-06-25 14:20:30 - [MESSAGE][PASSED] - Call Test Case 'Test Cases/CALL - URL' successfully

2019-06-25 14:20:30 - [TEST_STEP][PASSED] - delay(2): Delayed 2 second(s)

2019-06-25 14:20:32 - [MESSAGE][PASSED] - Delayed 2 second(s)

2019-06-25 14:20:32 - [TEST_STEP][PASSED] - click(findTestObject("APOLLO- Desktop/Burger Menu/Burgermenu")): Object: 'Object Repository/APOLLO- Desktop/Burger Menu/Burgermenu' is clicked on

2019-06-25 14:20:36 - [MESSAGE][PASSED] - Object: 'Object Repository/APOLLO- Desktop/Burger Menu/Burgermenu' is clicked on

2019-06-25 14:20:36 - [TEST_STEP][PASSED] - delay(2): Delayed 2 second(s)

2019-06-25 14:20:38 - [MESSAGE][PASSED] - Delayed 2 second(s)

2019-06-25 14:20:38 - [TEST_STEP][PASSED] - click(findTestObject("APOLLO- Desktop/Burger Menu/Mens chevron")): Object: 'Object Repository/APOLLO- Desktop/Burger Menu/Mens chevron' is clicked on

2019-06-25 14:20:39 - [MESSAGE][PASSED] - Object: 'Object Repository/APOLLO- Desktop/Burger Menu/Mens chevron' is clicked on

2019-06-25 14:20:39 - [TEST_STEP][PASSED] - delay(2): Delayed 2 second(s)

2019-06-25 14:20:41 - [MESSAGE][PASSED] - Delayed 2 second(s)

2019-06-25 14:20:41 - [TEST_STEP][PASSED] - click(findTestObject("APOLLO- Desktop/Burger Menu/Mens - Top Chevron")): Object: 'Object Repository/APOLLO- Desktop/Burger Menu/Mens - Top Chevron' is clicked on

2019-06-25 14:20:41 - [MESSAGE][PASSED] - Object: 'Object Repository/APOLLO- Desktop/Burger Menu/Mens - Top Chevron' is clicked on

2019-06-25 14:20:41 - [TEST_STEP][PASSED] - delay(2): Delayed 2 second(s)

2019-06-25 14:20:43 - [MESSAGE][PASSED] - Delayed 2 second(s)

2019-06-25 14:20:43 - [TEST_STEP][PASSED] - click(findTestObject("APOLLO- Desktop/Burger Menu/Shirts link")): Object: 'Object Repository/APOLLO- Desktop/Burger Menu/Shirts link' is clicked on

2019-06-25 14:20:43 - [MESSAGE][PASSED] - Object: 'Object Repository/APOLLO- Desktop/Burger Menu/Shirts link' is clicked on

2019-06-25 14:20:43 - [TEST_STEP][NOT_RUN] - executeJavaScript("var previewBar = document.getElementById("preview-bar-iframe"); previewBar.style.display = "none";", []): NOT_RUN: executeJavaScript("var previewBar = document.getElementById("preview-bar-iframe"); previewBar.style.display = "none";", [])

2019-06-25 14:20:43 - [MESSAGE][NOT_RUN] - NOT_RUN: executeJavaScript("var previewBar = document.getElementById("preview-bar-iframe"); previewBar.style.display = "none";", [])

2019-06-25 14:20:43 - [TEST_STEP][PASSED] - delay(2): Delayed 2 second(s)

2019-06-25 14:20:45 - [MESSAGE][PASSED] - Delayed 2 second(s)

2019-06-25 14:20:45 - [TEST_STEP][NOT_RUN] - executeJavaScript("var previewBar = document.getElementById("preview-bar-iframe"); previewBar.style.display = "none";", []): NOT_RUN: executeJavaScript("var previewBar = document.getElementById("preview-bar-iframe"); previewBar.style.display = "none";", [])

2019-06-25 14:20:45 - [MESSAGE][NOT_RUN] - NOT_RUN: executeJavaScript("var previewBar = document.getElementById("preview-bar-iframe"); previewBar.style.display = "none";", [])

2019-06-25 14:20:45 - [TEST_STEP][PASSED] - delay(2): Delayed 2 second(s)

2019-06-25 14:20:47 - [MESSAGE][PASSED] - Delayed 2 second(s)

2019-06-25 14:20:47 - [TEST_STEP][PASSED] - scrollToElement(findTestObject("APOLLO- Desktop/Collection page/Blue shirt product"), 0): Scroll to object 'Object Repository/APOLLO- Desktop/Collection page/Blue shirt product' successfully

2019-06-25 14:20:47 - [MESSAGE][WARNING] - Timeout '0' is invalid. Using default page load timeout: '30'

2019-06-25 14:20:47 - [MESSAGE][PASSED] - Scroll to object 'Object Repository/APOLLO- Desktop/Collection page/Blue shirt product' successfully

2019-06-25 14:20:47 - [TEST_STEP][PASSED] - delay(2): Delayed 2 second(s)

2019-06-25 14:20:49 - [MESSAGE][PASSED] - Delayed 2 second(s)

2019-06-25 14:20:49 - [TEST_STEP][PASSED] - click(findTestObject("APOLLO- Desktop/Collection page/color variants/red variant")): Object: 'Object Repository/APOLLO- Desktop/Collection page/color variants/red variant' is clicked on

2019-06-25 14:20:55 - [MESSAGE][PASSED] - Object: 'Object Repository/APOLLO- Desktop/Collection page/color variants/red variant' is clicked on

2019-06-25 14:20:55 - [TEST_STEP][PASSED] - delay(2): Delayed 2 second(s)

2019-06-25 14:20:57 - [MESSAGE][PASSED] - Delayed 2 second(s)

2019-06-25 14:20:57 - [TEST_STEP][PASSED] - click(findTestObject("APOLLO- Desktop/Collection page/color variants/Purple variant")): Object: 'Object Repository/APOLLO- Desktop/Collection page/color variants/Purple variant' is clicked on

2019-06-25 14:20:58 - [MESSAGE][PASSED] - Object: 'Object Repository/APOLLO- Desktop/Collection page/color variants/Purple variant' is clicked on

2019-06-25 14:20:58 - [TEST_STEP][PASSED] - delay(2): Delayed 2 second(s)

2019-06-25 14:21:00 - [MESSAGE][PASSED] - Delayed 2 second(s)

2019-06-25 14:21:00 - [TEST_STEP][PASSED] - click(findTestObject("APOLLO- Desktop/Collection page/color variants/green variant")): Object: 'Object Repository/APOLLO- Desktop/Collection page/color variants/green variant' is clicked on

2019-06-25 14:21:00 - [MESSAGE][PASSED] - Object: 'Object Repository/APOLLO- Desktop/Collection page/color variants/green variant' is clicked on

2019-06-25 14:21:00 - [TEST_STEP][PASSED] - delay(2): Delayed 2 second(s)

2019-06-25 14:21:02 - [MESSAGE][PASSED] - Delayed 2 second(s)

2019-06-25 14:21:02 - [TEST_STEP][PASSED] - click(findTestObject("APOLLO- Desktop/Collection page/color variants/Blue variant")): Object: 'Object Repository/APOLLO- Desktop/Collection page/color variants/Blue variant' is clicked on

2019-06-25 14:21:02 - [MESSAGE][PASSED] - Object: 'Object Repository/APOLLO- Desktop/Collection page/color variants/Blue variant' is clicked on

2019-06-25 14:21:02 - [TEST_STEP][PASSED] - delay(2): Delayed 2 second(s)

2019-06-25 14:21:04 - [MESSAGE][PASSED] - Delayed 2 second(s)

2019-06-25 14:21:04 - [TEST_STEP][PASSED] - click(findTestObject("APOLLO- Desktop/Collection page/color variants/Black variant")): Object: 'Object Repository/APOLLO- Desktop/Collection page/color variants/Black variant' is clicked on

2019-06-25 14:21:04 - [MESSAGE][PASSED] - Object: 'Object Repository/APOLLO- Desktop/Collection page/color variants/Black variant' is clicked on]]></system-out>
         <system-err><![CDATA[]]></system-err>
      </testcase>
      <testcase name="Test Cases/COLLECTION PAGE/Sort" classname="Test Cases/COLLECTION PAGE/Sort" status="PASSED">
         <system-out><![CDATA[2019-06-25 14:21:04 - [TEST_CASE][PASSED] - Test Cases/COLLECTION PAGE/Sort: Test Cases/COLLECTION PAGE/Sort

2019-06-25 14:21:04 - [TEST_STEP][PASSED] - callTestCase(findTestCase("CALL - URL"), [:], STOP_ON_FAILURE): Call Test Case 'Test Cases/CALL - URL' successfully

2019-06-25 14:21:04 - [TEST_CASE][PASSED] - Test Cases/CALL - URL: Test Cases/CALL - URL

2019-06-25 14:21:04 - [TEST_STEP][PASSED] - openBrowser(""): Browser is opened with url: ''

2019-06-25 14:21:04 - [MESSAGE][WARNING] - A browser is already opened. Closing browser and opening a new one

2019-06-25 14:21:04 - [MESSAGE][INFO] - Starting 'Safari' driver

2019-06-25 14:21:05 - [MESSAGE][PASSED] - Browser is opened with url: ''

2019-06-25 14:21:05 - [TEST_STEP][PASSED] - navigateToUrl("https://diff-apollo.myshopify.com/?key=eec34184cfd8f82cda816f82753a8c8e9e240f30cf54470e19667b8cbb401948&preview_theme_id="): Navigate to 'https://diff-apollo.myshopify.com/?key=eec34184cfd8f82cda816f82753a8c8e9e240f30cf54470e19667b8cbb401948&preview_theme_id=' successfully

2019-06-25 14:21:06 - [MESSAGE][PASSED] - Navigate to 'https://diff-apollo.myshopify.com/?key=eec34184cfd8f82cda816f82753a8c8e9e240f30cf54470e19667b8cbb401948&preview_theme_id=' successfully

2019-06-25 14:21:06 - [TEST_STEP][NOT_RUN] - executeJavaScript("var previewBar = document.getElementById("preview-bar-iframe"); previewBar.style.display = "none";", []): NOT_RUN: executeJavaScript("var previewBar = document.getElementById("preview-bar-iframe"); previewBar.style.display = "none";", [])

2019-06-25 14:21:06 - [MESSAGE][NOT_RUN] - NOT_RUN: executeJavaScript("var previewBar = document.getElementById("preview-bar-iframe"); previewBar.style.display = "none";", [])

2019-06-25 14:21:06 - [TEST_STEP][PASSED] - maximizeWindow(): Current window maximized

2019-06-25 14:21:06 - [MESSAGE][PASSED] - Current window maximized

2019-06-25 14:21:06 - [MESSAGE][PASSED] - Call Test Case 'Test Cases/CALL - URL' successfully

2019-06-25 14:21:06 - [TEST_STEP][PASSED] - delay(2): Delayed 2 second(s)

2019-06-25 14:21:08 - [MESSAGE][PASSED] - Delayed 2 second(s)

2019-06-25 14:21:08 - [TEST_STEP][PASSED] - click(findTestObject("APOLLO- Desktop/Burger Menu/Burgermenu")): Object: 'Object Repository/APOLLO- Desktop/Burger Menu/Burgermenu' is clicked on

2019-06-25 14:21:10 - [MESSAGE][PASSED] - Object: 'Object Repository/APOLLO- Desktop/Burger Menu/Burgermenu' is clicked on

2019-06-25 14:21:10 - [TEST_STEP][PASSED] - delay(2): Delayed 2 second(s)

2019-06-25 14:21:12 - [MESSAGE][PASSED] - Delayed 2 second(s)

2019-06-25 14:21:12 - [TEST_STEP][PASSED] - click(findTestObject("APOLLO- Desktop/Burger Menu/Mens chevron")): Object: 'Object Repository/APOLLO- Desktop/Burger Menu/Mens chevron' is clicked on

2019-06-25 14:21:12 - [MESSAGE][PASSED] - Object: 'Object Repository/APOLLO- Desktop/Burger Menu/Mens chevron' is clicked on

2019-06-25 14:21:12 - [TEST_STEP][PASSED] - delay(2): Delayed 2 second(s)

2019-06-25 14:21:14 - [MESSAGE][PASSED] - Delayed 2 second(s)

2019-06-25 14:21:14 - [TEST_STEP][PASSED] - click(findTestObject("APOLLO- Desktop/Burger Menu/Mens - Top Chevron")): Object: 'Object Repository/APOLLO- Desktop/Burger Menu/Mens - Top Chevron' is clicked on

2019-06-25 14:21:14 - [MESSAGE][PASSED] - Object: 'Object Repository/APOLLO- Desktop/Burger Menu/Mens - Top Chevron' is clicked on

2019-06-25 14:21:14 - [TEST_STEP][PASSED] - delay(2): Delayed 2 second(s)

2019-06-25 14:21:16 - [MESSAGE][PASSED] - Delayed 2 second(s)

2019-06-25 14:21:16 - [TEST_STEP][PASSED] - click(findTestObject("APOLLO- Desktop/Burger Menu/Shirts link")): Object: 'Object Repository/APOLLO- Desktop/Burger Menu/Shirts link' is clicked on

2019-06-25 14:21:17 - [MESSAGE][PASSED] - Object: 'Object Repository/APOLLO- Desktop/Burger Menu/Shirts link' is clicked on

2019-06-25 14:21:17 - [TEST_STEP][NOT_RUN] - executeJavaScript("var previewBar = document.getElementById("preview-bar-iframe"); previewBar.style.display = "none";", []): NOT_RUN: executeJavaScript("var previewBar = document.getElementById("preview-bar-iframe"); previewBar.style.display = "none";", [])

2019-06-25 14:21:17 - [MESSAGE][NOT_RUN] - NOT_RUN: executeJavaScript("var previewBar = document.getElementById("preview-bar-iframe"); previewBar.style.display = "none";", [])

2019-06-25 14:21:17 - [TEST_STEP][PASSED] - delay(2): Delayed 2 second(s)

2019-06-25 14:21:19 - [MESSAGE][PASSED] - Delayed 2 second(s)

2019-06-25 14:21:19 - [TEST_STEP][NOT_RUN] - executeJavaScript("var previewBar = document.getElementById("preview-bar-iframe"); previewBar.style.display = "none";", []): NOT_RUN: executeJavaScript("var previewBar = document.getElementById("preview-bar-iframe"); previewBar.style.display = "none";", [])

2019-06-25 14:21:19 - [MESSAGE][NOT_RUN] - NOT_RUN: executeJavaScript("var previewBar = document.getElementById("preview-bar-iframe"); previewBar.style.display = "none";", [])

2019-06-25 14:21:19 - [TEST_STEP][PASSED] - delay(2): Delayed 2 second(s)

2019-06-25 14:21:21 - [MESSAGE][PASSED] - Delayed 2 second(s)

2019-06-25 14:21:21 - [TEST_STEP][PASSED] - click(findTestObject("APOLLO- Desktop/Collection page/sort/Filter dropdown")): Object: 'Object Repository/APOLLO- Desktop/Collection page/sort/Filter dropdown' is clicked on

2019-06-25 14:21:22 - [MESSAGE][PASSED] - Object: 'Object Repository/APOLLO- Desktop/Collection page/sort/Filter dropdown' is clicked on

2019-06-25 14:21:22 - [TEST_STEP][PASSED] - delay(2): Delayed 2 second(s)

2019-06-25 14:21:24 - [MESSAGE][PASSED] - Delayed 2 second(s)

2019-06-25 14:21:24 - [TEST_STEP][PASSED] - click(findTestObject("APOLLO- Desktop/Collection page/sort/Featured")): Object: 'Object Repository/APOLLO- Desktop/Collection page/sort/Featured' is clicked on

2019-06-25 14:21:24 - [MESSAGE][PASSED] - Object: 'Object Repository/APOLLO- Desktop/Collection page/sort/Featured' is clicked on

2019-06-25 14:21:24 - [TEST_STEP][PASSED] - delay(2): Delayed 2 second(s)

2019-06-25 14:21:26 - [MESSAGE][PASSED] - Delayed 2 second(s)

2019-06-25 14:21:26 - [TEST_STEP][PASSED] - click(findTestObject("APOLLO- Desktop/Collection page/sort/Filter dropdown")): Object: 'Object Repository/APOLLO- Desktop/Collection page/sort/Filter dropdown' is clicked on

2019-06-25 14:21:26 - [MESSAGE][PASSED] - Object: 'Object Repository/APOLLO- Desktop/Collection page/sort/Filter dropdown' is clicked on

2019-06-25 14:21:26 - [TEST_STEP][PASSED] - delay(2): Delayed 2 second(s)

2019-06-25 14:21:28 - [MESSAGE][PASSED] - Delayed 2 second(s)

2019-06-25 14:21:28 - [TEST_STEP][PASSED] - takeScreenshot(): Taking screenshot successfully

2019-06-25 14:21:28 - [MESSAGE][PASSED] - Taking screenshot successfully
[[ATTACHMENT|/Users/sumankompelly/Katalon Studio/APOLLO/Reports/Apollo - dark build/20190625_142023/1561486888477.png]]

2019-06-25 14:21:28 - [TEST_STEP][PASSED] - delay(2): Delayed 2 second(s)

2019-06-25 14:21:30 - [MESSAGE][PASSED] - Delayed 2 second(s)

2019-06-25 14:21:30 - [TEST_STEP][PASSED] - click(findTestObject("APOLLO- Desktop/Collection page/sort/Filter dropdown")): Object: 'Object Repository/APOLLO- Desktop/Collection page/sort/Filter dropdown' is clicked on

2019-06-25 14:21:30 - [MESSAGE][PASSED] - Object: 'Object Repository/APOLLO- Desktop/Collection page/sort/Filter dropdown' is clicked on

2019-06-25 14:21:30 - [TEST_STEP][PASSED] - delay(2): Delayed 2 second(s)

2019-06-25 14:21:32 - [MESSAGE][PASSED] - Delayed 2 second(s)

2019-06-25 14:21:32 - [TEST_STEP][PASSED] - click(findTestObject("APOLLO- Desktop/Collection page/sort/Best selling")): Object: 'Object Repository/APOLLO- Desktop/Collection page/sort/Best selling' is clicked on

2019-06-25 14:21:32 - [MESSAGE][PASSED] - Object: 'Object Repository/APOLLO- Desktop/Collection page/sort/Best selling' is clicked on

2019-06-25 14:21:32 - [TEST_STEP][PASSED] - delay(2): Delayed 2 second(s)

2019-06-25 14:21:34 - [MESSAGE][PASSED] - Delayed 2 second(s)

2019-06-25 14:21:34 - [TEST_STEP][PASSED] - click(findTestObject("APOLLO- Desktop/Collection page/sort/Filter dropdown")): Object: 'Object Repository/APOLLO- Desktop/Collection page/sort/Filter dropdown' is clicked on

2019-06-25 14:21:34 - [MESSAGE][PASSED] - Object: 'Object Repository/APOLLO- Desktop/Collection page/sort/Filter dropdown' is clicked on

2019-06-25 14:21:34 - [TEST_STEP][PASSED] - delay(2): Delayed 2 second(s)

2019-06-25 14:21:36 - [MESSAGE][PASSED] - Delayed 2 second(s)

2019-06-25 14:21:36 - [TEST_STEP][PASSED] - takeScreenshot(): Taking screenshot successfully

2019-06-25 14:21:37 - [MESSAGE][PASSED] - Taking screenshot successfully
[[ATTACHMENT|/Users/sumankompelly/Katalon Studio/APOLLO/Reports/Apollo - dark build/20190625_142023/1561486896951.png]]

2019-06-25 14:21:37 - [TEST_STEP][PASSED] - delay(2): Delayed 2 second(s)

2019-06-25 14:21:39 - [MESSAGE][PASSED] - Delayed 2 second(s)

2019-06-25 14:21:39 - [TEST_STEP][PASSED] - click(findTestObject("APOLLO- Desktop/Collection page/sort/Filter dropdown")): Object: 'Object Repository/APOLLO- Desktop/Collection page/sort/Filter dropdown' is clicked on

2019-06-25 14:21:39 - [MESSAGE][PASSED] - Object: 'Object Repository/APOLLO- Desktop/Collection page/sort/Filter dropdown' is clicked on

2019-06-25 14:21:39 - [TEST_STEP][PASSED] - delay(2): Delayed 2 second(s)

2019-06-25 14:21:41 - [MESSAGE][PASSED] - Delayed 2 second(s)

2019-06-25 14:21:41 - [TEST_STEP][PASSED] - click(findTestObject("APOLLO- Desktop/Collection page/sort/Alphabetically A-Z")): Object: 'Object Repository/APOLLO- Desktop/Collection page/sort/Alphabetically A-Z' is clicked on

2019-06-25 14:21:41 - [MESSAGE][PASSED] - Object: 'Object Repository/APOLLO- Desktop/Collection page/sort/Alphabetically A-Z' is clicked on

2019-06-25 14:21:41 - [TEST_STEP][PASSED] - delay(2): Delayed 2 second(s)

2019-06-25 14:21:43 - [MESSAGE][PASSED] - Delayed 2 second(s)

2019-06-25 14:21:43 - [TEST_STEP][PASSED] - click(findTestObject("APOLLO- Desktop/Collection page/sort/Filter dropdown")): Object: 'Object Repository/APOLLO- Desktop/Collection page/sort/Filter dropdown' is clicked on

2019-06-25 14:21:43 - [MESSAGE][PASSED] - Object: 'Object Repository/APOLLO- Desktop/Collection page/sort/Filter dropdown' is clicked on

2019-06-25 14:21:43 - [TEST_STEP][PASSED] - delay(2): Delayed 2 second(s)

2019-06-25 14:21:45 - [MESSAGE][PASSED] - Delayed 2 second(s)

2019-06-25 14:21:45 - [TEST_STEP][PASSED] - takeScreenshot(): Taking screenshot successfully

2019-06-25 14:21:45 - [MESSAGE][PASSED] - Taking screenshot successfully
[[ATTACHMENT|/Users/sumankompelly/Katalon Studio/APOLLO/Reports/Apollo - dark build/20190625_142023/1561486905352.png]]

2019-06-25 14:21:45 - [TEST_STEP][PASSED] - delay(2): Delayed 2 second(s)

2019-06-25 14:21:47 - [MESSAGE][PASSED] - Delayed 2 second(s)

2019-06-25 14:21:47 - [TEST_STEP][PASSED] - click(findTestObject("APOLLO- Desktop/Collection page/sort/Filter dropdown")): Object: 'Object Repository/APOLLO- Desktop/Collection page/sort/Filter dropdown' is clicked on

2019-06-25 14:21:47 - [MESSAGE][PASSED] - Object: 'Object Repository/APOLLO- Desktop/Collection page/sort/Filter dropdown' is clicked on

2019-06-25 14:21:47 - [TEST_STEP][PASSED] - delay(2): Delayed 2 second(s)

2019-06-25 14:21:49 - [MESSAGE][PASSED] - Delayed 2 second(s)

2019-06-25 14:21:49 - [TEST_STEP][PASSED] - click(findTestObject("APOLLO- Desktop/Collection page/sort/Alphabetically Z-A")): Object: 'Object Repository/APOLLO- Desktop/Collection page/sort/Alphabetically Z-A' is clicked on

2019-06-25 14:21:49 - [MESSAGE][PASSED] - Object: 'Object Repository/APOLLO- Desktop/Collection page/sort/Alphabetically Z-A' is clicked on

2019-06-25 14:21:49 - [TEST_STEP][PASSED] - delay(2): Delayed 2 second(s)

2019-06-25 14:21:51 - [MESSAGE][PASSED] - Delayed 2 second(s)

2019-06-25 14:21:51 - [TEST_STEP][PASSED] - click(findTestObject("APOLLO- Desktop/Collection page/sort/Filter dropdown")): Object: 'Object Repository/APOLLO- Desktop/Collection page/sort/Filter dropdown' is clicked on

2019-06-25 14:21:51 - [MESSAGE][PASSED] - Object: 'Object Repository/APOLLO- Desktop/Collection page/sort/Filter dropdown' is clicked on

2019-06-25 14:21:51 - [TEST_STEP][PASSED] - delay(2): Delayed 2 second(s)

2019-06-25 14:21:53 - [MESSAGE][PASSED] - Delayed 2 second(s)

2019-06-25 14:21:53 - [TEST_STEP][PASSED] - takeScreenshot(): Taking screenshot successfully

2019-06-25 14:21:53 - [MESSAGE][PASSED] - Taking screenshot successfully
[[ATTACHMENT|/Users/sumankompelly/Katalon Studio/APOLLO/Reports/Apollo - dark build/20190625_142023/1561486913703.png]]

2019-06-25 14:21:53 - [TEST_STEP][PASSED] - delay(2): Delayed 2 second(s)

2019-06-25 14:21:55 - [MESSAGE][PASSED] - Delayed 2 second(s)

2019-06-25 14:21:55 - [TEST_STEP][PASSED] - click(findTestObject("APOLLO- Desktop/Collection page/sort/Filter dropdown")): Object: 'Object Repository/APOLLO- Desktop/Collection page/sort/Filter dropdown' is clicked on

2019-06-25 14:21:55 - [MESSAGE][PASSED] - Object: 'Object Repository/APOLLO- Desktop/Collection page/sort/Filter dropdown' is clicked on

2019-06-25 14:21:55 - [TEST_STEP][PASSED] - delay(2): Delayed 2 second(s)

2019-06-25 14:21:57 - [MESSAGE][PASSED] - Delayed 2 second(s)

2019-06-25 14:21:57 - [TEST_STEP][PASSED] - click(findTestObject("APOLLO- Desktop/Collection page/sort/Price-Low to high")): Object: 'Object Repository/APOLLO- Desktop/Collection page/sort/Price-Low to high' is clicked on

2019-06-25 14:21:57 - [MESSAGE][PASSED] - Object: 'Object Repository/APOLLO- Desktop/Collection page/sort/Price-Low to high' is clicked on

2019-06-25 14:21:57 - [TEST_STEP][PASSED] - delay(2): Delayed 2 second(s)

2019-06-25 14:21:59 - [MESSAGE][PASSED] - Delayed 2 second(s)

2019-06-25 14:21:59 - [TEST_STEP][PASSED] - click(findTestObject("APOLLO- Desktop/Collection page/sort/Filter dropdown")): Object: 'Object Repository/APOLLO- Desktop/Collection page/sort/Filter dropdown' is clicked on

2019-06-25 14:22:00 - [MESSAGE][PASSED] - Object: 'Object Repository/APOLLO- Desktop/Collection page/sort/Filter dropdown' is clicked on

2019-06-25 14:22:00 - [TEST_STEP][PASSED] - delay(2): Delayed 2 second(s)

2019-06-25 14:22:02 - [MESSAGE][PASSED] - Delayed 2 second(s)

2019-06-25 14:22:02 - [TEST_STEP][PASSED] - takeScreenshot(): Taking screenshot successfully

2019-06-25 14:22:02 - [MESSAGE][PASSED] - Taking screenshot successfully
[[ATTACHMENT|/Users/sumankompelly/Katalon Studio/APOLLO/Reports/Apollo - dark build/20190625_142023/1561486922034.png]]

2019-06-25 14:22:02 - [TEST_STEP][PASSED] - delay(2): Delayed 2 second(s)

2019-06-25 14:22:04 - [MESSAGE][PASSED] - Delayed 2 second(s)

2019-06-25 14:22:04 - [TEST_STEP][PASSED] - click(findTestObject("APOLLO- Desktop/Collection page/sort/Filter dropdown")): Object: 'Object Repository/APOLLO- Desktop/Collection page/sort/Filter dropdown' is clicked on

2019-06-25 14:22:04 - [MESSAGE][PASSED] - Object: 'Object Repository/APOLLO- Desktop/Collection page/sort/Filter dropdown' is clicked on

2019-06-25 14:22:04 - [TEST_STEP][PASSED] - delay(2): Delayed 2 second(s)

2019-06-25 14:22:06 - [MESSAGE][PASSED] - Delayed 2 second(s)

2019-06-25 14:22:06 - [TEST_STEP][PASSED] - click(findTestObject("APOLLO- Desktop/Collection page/sort/price-High to low")): Object: 'Object Repository/APOLLO- Desktop/Collection page/sort/price-High to low' is clicked on

2019-06-25 14:22:06 - [MESSAGE][PASSED] - Object: 'Object Repository/APOLLO- Desktop/Collection page/sort/price-High to low' is clicked on

2019-06-25 14:22:06 - [TEST_STEP][PASSED] - delay(2): Delayed 2 second(s)

2019-06-25 14:22:08 - [MESSAGE][PASSED] - Delayed 2 second(s)

2019-06-25 14:22:08 - [TEST_STEP][PASSED] - click(findTestObject("APOLLO- Desktop/Collection page/sort/Filter dropdown")): Object: 'Object Repository/APOLLO- Desktop/Collection page/sort/Filter dropdown' is clicked on

2019-06-25 14:22:08 - [MESSAGE][PASSED] - Object: 'Object Repository/APOLLO- Desktop/Collection page/sort/Filter dropdown' is clicked on

2019-06-25 14:22:08 - [TEST_STEP][PASSED] - delay(2): Delayed 2 second(s)

2019-06-25 14:22:10 - [MESSAGE][PASSED] - Delayed 2 second(s)

2019-06-25 14:22:10 - [TEST_STEP][PASSED] - takeScreenshot(): Taking screenshot successfully

2019-06-25 14:22:10 - [MESSAGE][PASSED] - Taking screenshot successfully
[[ATTACHMENT|/Users/sumankompelly/Katalon Studio/APOLLO/Reports/Apollo - dark build/20190625_142023/1561486930352.png]]

2019-06-25 14:22:10 - [TEST_STEP][PASSED] - delay(2): Delayed 2 second(s)

2019-06-25 14:22:12 - [MESSAGE][PASSED] - Delayed 2 second(s)

2019-06-25 14:22:12 - [TEST_STEP][PASSED] - click(findTestObject("APOLLO- Desktop/Collection page/sort/Filter dropdown")): Object: 'Object Repository/APOLLO- Desktop/Collection page/sort/Filter dropdown' is clicked on

2019-06-25 14:22:12 - [MESSAGE][PASSED] - Object: 'Object Repository/APOLLO- Desktop/Collection page/sort/Filter dropdown' is clicked on

2019-06-25 14:22:12 - [TEST_STEP][PASSED] - delay(2): Delayed 2 second(s)

2019-06-25 14:22:14 - [MESSAGE][PASSED] - Delayed 2 second(s)

2019-06-25 14:22:14 - [TEST_STEP][PASSED] - click(findTestObject("APOLLO- Desktop/Collection page/sort/Date - old to new")): Object: 'Object Repository/APOLLO- Desktop/Collection page/sort/Date - old to new' is clicked on

2019-06-25 14:22:14 - [MESSAGE][PASSED] - Object: 'Object Repository/APOLLO- Desktop/Collection page/sort/Date - old to new' is clicked on

2019-06-25 14:22:14 - [TEST_STEP][PASSED] - delay(3): Delayed 3 second(s)

2019-06-25 14:22:17 - [MESSAGE][PASSED] - Delayed 3 second(s)

2019-06-25 14:22:17 - [TEST_STEP][PASSED] - click(findTestObject("APOLLO- Desktop/Collection page/sort/Filter dropdown")): Object: 'Object Repository/APOLLO- Desktop/Collection page/sort/Filter dropdown' is clicked on

2019-06-25 14:22:17 - [MESSAGE][PASSED] - Object: 'Object Repository/APOLLO- Desktop/Collection page/sort/Filter dropdown' is clicked on

2019-06-25 14:22:17 - [TEST_STEP][PASSED] - delay(2): Delayed 2 second(s)

2019-06-25 14:22:19 - [MESSAGE][PASSED] - Delayed 2 second(s)

2019-06-25 14:22:19 - [TEST_STEP][PASSED] - takeScreenshot(): Taking screenshot successfully

2019-06-25 14:22:19 - [MESSAGE][PASSED] - Taking screenshot successfully
[[ATTACHMENT|/Users/sumankompelly/Katalon Studio/APOLLO/Reports/Apollo - dark build/20190625_142023/1561486939705.png]]

2019-06-25 14:22:19 - [TEST_STEP][PASSED] - delay(2): Delayed 2 second(s)

2019-06-25 14:22:21 - [MESSAGE][PASSED] - Delayed 2 second(s)

2019-06-25 14:22:21 - [TEST_STEP][PASSED] - click(findTestObject("APOLLO- Desktop/Collection page/sort/Filter dropdown")): Object: 'Object Repository/APOLLO- Desktop/Collection page/sort/Filter dropdown' is clicked on

2019-06-25 14:22:21 - [MESSAGE][PASSED] - Object: 'Object Repository/APOLLO- Desktop/Collection page/sort/Filter dropdown' is clicked on

2019-06-25 14:22:21 - [TEST_STEP][PASSED] - delay(2): Delayed 2 second(s)

2019-06-25 14:22:24 - [MESSAGE][PASSED] - Delayed 2 second(s)

2019-06-25 14:22:24 - [TEST_STEP][PASSED] - click(findTestObject("APOLLO- Desktop/Collection page/sort/Date- new to old")): Object: 'Object Repository/APOLLO- Desktop/Collection page/sort/Date- new to old' is clicked on

2019-06-25 14:22:24 - [MESSAGE][PASSED] - Object: 'Object Repository/APOLLO- Desktop/Collection page/sort/Date- new to old' is clicked on

2019-06-25 14:22:24 - [TEST_STEP][PASSED] - delay(2): Delayed 2 second(s)

2019-06-25 14:22:26 - [MESSAGE][PASSED] - Delayed 2 second(s)

2019-06-25 14:22:26 - [TEST_STEP][PASSED] - click(findTestObject("APOLLO- Desktop/Collection page/sort/Filter dropdown")): Object: 'Object Repository/APOLLO- Desktop/Collection page/sort/Filter dropdown' is clicked on

2019-06-25 14:22:26 - [MESSAGE][PASSED] - Object: 'Object Repository/APOLLO- Desktop/Collection page/sort/Filter dropdown' is clicked on

2019-06-25 14:22:26 - [TEST_STEP][PASSED] - takeScreenshot(): Taking screenshot successfully

2019-06-25 14:22:26 - [MESSAGE][PASSED] - Taking screenshot successfully
[[ATTACHMENT|/Users/sumankompelly/Katalon Studio/APOLLO/Reports/Apollo - dark build/20190625_142023/1561486946094.png]]

2019-06-25 14:22:26 - [TEST_STEP][PASSED] - delay(2): Delayed 2 second(s)

2019-06-25 14:22:28 - [MESSAGE][PASSED] - Delayed 2 second(s)]]></system-out>
         <system-err><![CDATA[]]></system-err>
      </testcase>
      <testcase name="Test Cases/COLLECTION PAGE/Prouducts layout style" classname="Test Cases/COLLECTION PAGE/Prouducts layout style" status="PASSED">
         <system-out><![CDATA[2019-06-25 14:22:28 - [TEST_CASE][PASSED] - Test Cases/COLLECTION PAGE/Prouducts layout style: Test Cases/COLLECTION PAGE/Prouducts layout style

2019-06-25 14:22:28 - [TEST_STEP][PASSED] - callTestCase(findTestCase("CALL - URL"), [:], STOP_ON_FAILURE): Call Test Case 'Test Cases/CALL - URL' successfully

2019-06-25 14:22:28 - [TEST_CASE][PASSED] - Test Cases/CALL - URL: Test Cases/CALL - URL

2019-06-25 14:22:28 - [TEST_STEP][PASSED] - openBrowser(""): Browser is opened with url: ''

2019-06-25 14:22:28 - [MESSAGE][WARNING] - A browser is already opened. Closing browser and opening a new one

2019-06-25 14:22:28 - [MESSAGE][INFO] - Starting 'Safari' driver

2019-06-25 14:22:29 - [MESSAGE][PASSED] - Browser is opened with url: ''

2019-06-25 14:22:29 - [TEST_STEP][PASSED] - navigateToUrl("https://diff-apollo.myshopify.com/?key=eec34184cfd8f82cda816f82753a8c8e9e240f30cf54470e19667b8cbb401948&preview_theme_id="): Navigate to 'https://diff-apollo.myshopify.com/?key=eec34184cfd8f82cda816f82753a8c8e9e240f30cf54470e19667b8cbb401948&preview_theme_id=' successfully

2019-06-25 14:22:31 - [MESSAGE][PASSED] - Navigate to 'https://diff-apollo.myshopify.com/?key=eec34184cfd8f82cda816f82753a8c8e9e240f30cf54470e19667b8cbb401948&preview_theme_id=' successfully

2019-06-25 14:22:31 - [TEST_STEP][NOT_RUN] - executeJavaScript("var previewBar = document.getElementById("preview-bar-iframe"); previewBar.style.display = "none";", []): NOT_RUN: executeJavaScript("var previewBar = document.getElementById("preview-bar-iframe"); previewBar.style.display = "none";", [])

2019-06-25 14:22:31 - [MESSAGE][NOT_RUN] - NOT_RUN: executeJavaScript("var previewBar = document.getElementById("preview-bar-iframe"); previewBar.style.display = "none";", [])

2019-06-25 14:22:31 - [TEST_STEP][PASSED] - maximizeWindow(): Current window maximized

2019-06-25 14:22:31 - [MESSAGE][PASSED] - Current window maximized

2019-06-25 14:22:31 - [MESSAGE][PASSED] - Call Test Case 'Test Cases/CALL - URL' successfully

2019-06-25 14:22:31 - [TEST_STEP][PASSED] - delay(2): Delayed 2 second(s)

2019-06-25 14:22:33 - [MESSAGE][PASSED] - Delayed 2 second(s)

2019-06-25 14:22:33 - [TEST_STEP][PASSED] - click(findTestObject("APOLLO- Desktop/Burger Menu/Burgermenu")): Object: 'Object Repository/APOLLO- Desktop/Burger Menu/Burgermenu' is clicked on

2019-06-25 14:22:34 - [MESSAGE][PASSED] - Object: 'Object Repository/APOLLO- Desktop/Burger Menu/Burgermenu' is clicked on

2019-06-25 14:22:34 - [TEST_STEP][PASSED] - delay(2): Delayed 2 second(s)

2019-06-25 14:22:36 - [MESSAGE][PASSED] - Delayed 2 second(s)

2019-06-25 14:22:36 - [TEST_STEP][PASSED] - click(findTestObject("APOLLO- Desktop/Burger Menu/Mens chevron")): Object: 'Object Repository/APOLLO- Desktop/Burger Menu/Mens chevron' is clicked on

2019-06-25 14:22:36 - [MESSAGE][PASSED] - Object: 'Object Repository/APOLLO- Desktop/Burger Menu/Mens chevron' is clicked on

2019-06-25 14:22:36 - [TEST_STEP][PASSED] - delay(2): Delayed 2 second(s)

2019-06-25 14:22:38 - [MESSAGE][PASSED] - Delayed 2 second(s)

2019-06-25 14:22:38 - [TEST_STEP][PASSED] - click(findTestObject("APOLLO- Desktop/Burger Menu/Mens - Top Chevron")): Object: 'Object Repository/APOLLO- Desktop/Burger Menu/Mens - Top Chevron' is clicked on

2019-06-25 14:22:38 - [MESSAGE][PASSED] - Object: 'Object Repository/APOLLO- Desktop/Burger Menu/Mens - Top Chevron' is clicked on

2019-06-25 14:22:38 - [TEST_STEP][PASSED] - delay(2): Delayed 2 second(s)

2019-06-25 14:22:40 - [MESSAGE][PASSED] - Delayed 2 second(s)

2019-06-25 14:22:40 - [TEST_STEP][PASSED] - click(findTestObject("APOLLO- Desktop/Burger Menu/Shirts link")): Object: 'Object Repository/APOLLO- Desktop/Burger Menu/Shirts link' is clicked on

2019-06-25 14:22:40 - [MESSAGE][PASSED] - Object: 'Object Repository/APOLLO- Desktop/Burger Menu/Shirts link' is clicked on

2019-06-25 14:22:40 - [TEST_STEP][NOT_RUN] - executeJavaScript("var previewBar = document.getElementById("preview-bar-iframe"); previewBar.style.display = "none";", []): NOT_RUN: executeJavaScript("var previewBar = document.getElementById("preview-bar-iframe"); previewBar.style.display = "none";", [])

2019-06-25 14:22:40 - [MESSAGE][NOT_RUN] - NOT_RUN: executeJavaScript("var previewBar = document.getElementById("preview-bar-iframe"); previewBar.style.display = "none";", [])

2019-06-25 14:22:40 - [TEST_STEP][PASSED] - delay(2): Delayed 2 second(s)

2019-06-25 14:22:42 - [MESSAGE][PASSED] - Delayed 2 second(s)

2019-06-25 14:22:42 - [TEST_STEP][NOT_RUN] - executeJavaScript("var previewBar = document.getElementById("preview-bar-iframe"); previewBar.style.display = "none";", []): NOT_RUN: executeJavaScript("var previewBar = document.getElementById("preview-bar-iframe"); previewBar.style.display = "none";", [])

2019-06-25 14:22:42 - [MESSAGE][NOT_RUN] - NOT_RUN: executeJavaScript("var previewBar = document.getElementById("preview-bar-iframe"); previewBar.style.display = "none";", [])

2019-06-25 14:22:42 - [TEST_STEP][PASSED] - delay(2): Delayed 2 second(s)

2019-06-25 14:22:44 - [MESSAGE][PASSED] - Delayed 2 second(s)

2019-06-25 14:22:44 - [TEST_STEP][PASSED] - click(findTestObject("APOLLO- Desktop/Collection page/layout less")): Object: 'Object Repository/APOLLO- Desktop/Collection page/layout less' is clicked on

2019-06-25 14:22:44 - [MESSAGE][PASSED] - Object: 'Object Repository/APOLLO- Desktop/Collection page/layout less' is clicked on

2019-06-25 14:22:44 - [TEST_STEP][PASSED] - delay(2): Delayed 2 second(s)

2019-06-25 14:22:46 - [MESSAGE][PASSED] - Delayed 2 second(s)

2019-06-25 14:22:46 - [TEST_STEP][PASSED] - a = getPageHeight(): Current page's height is 5620

2019-06-25 14:22:46 - [MESSAGE][PASSED] - Current page's height is 5620

2019-06-25 14:22:46 - [TEST_STEP][PASSED] - comment("a=" + a): a=5620

2019-06-25 14:22:46 - [MESSAGE][INFO] - a=5620

2019-06-25 14:22:46 - [TEST_STEP][PASSED] - delay(2): Delayed 2 second(s)

2019-06-25 14:22:48 - [MESSAGE][PASSED] - Delayed 2 second(s)

2019-06-25 14:22:48 - [TEST_STEP][PASSED] - click(findTestObject("APOLLO- Desktop/Collection page/layout more")): Object: 'Object Repository/APOLLO- Desktop/Collection page/layout more' is clicked on

2019-06-25 14:22:48 - [MESSAGE][PASSED] - Object: 'Object Repository/APOLLO- Desktop/Collection page/layout more' is clicked on

2019-06-25 14:22:48 - [TEST_STEP][PASSED] - delay(2): Delayed 2 second(s)

2019-06-25 14:22:50 - [MESSAGE][PASSED] - Delayed 2 second(s)

2019-06-25 14:22:50 - [TEST_STEP][PASSED] - b = getPageHeight(): Current page's height is 2416

2019-06-25 14:22:50 - [MESSAGE][PASSED] - Current page's height is 2416

2019-06-25 14:22:50 - [TEST_STEP][PASSED] - comment("b=" + b): b=2416

2019-06-25 14:22:50 - [MESSAGE][INFO] - b=2416

2019-06-25 14:22:50 - [TEST_STEP][PASSED] - verifyLessThan(b, a): Actual number '2,416' is less than expected number '5,620'

2019-06-25 14:22:50 - [MESSAGE][PASSED] - Actual number '2,416' is less than expected number '5,620']]></system-out>
         <system-err><![CDATA[]]></system-err>
      </testcase>
      <testcase name="Test Cases/COLLECTION PAGE/Filter" classname="Test Cases/COLLECTION PAGE/Filter" status="PASSED">
         <system-out><![CDATA[2019-06-25 14:22:50 - [TEST_CASE][PASSED] - Test Cases/COLLECTION PAGE/Filter: Test Cases/COLLECTION PAGE/Filter

2019-06-25 14:22:51 - [TEST_STEP][PASSED] - callTestCase(findTestCase("CALL - URL"), [:], STOP_ON_FAILURE): Call Test Case 'Test Cases/CALL - URL' successfully

2019-06-25 14:22:51 - [TEST_CASE][PASSED] - Test Cases/CALL - URL: Test Cases/CALL - URL

2019-06-25 14:22:51 - [TEST_STEP][PASSED] - openBrowser(""): Browser is opened with url: ''

2019-06-25 14:22:51 - [MESSAGE][WARNING] - A browser is already opened. Closing browser and opening a new one

2019-06-25 14:22:51 - [MESSAGE][INFO] - Starting 'Safari' driver

2019-06-25 14:22:52 - [MESSAGE][PASSED] - Browser is opened with url: ''

2019-06-25 14:22:52 - [TEST_STEP][PASSED] - navigateToUrl("https://diff-apollo.myshopify.com/?key=eec34184cfd8f82cda816f82753a8c8e9e240f30cf54470e19667b8cbb401948&preview_theme_id="): Navigate to 'https://diff-apollo.myshopify.com/?key=eec34184cfd8f82cda816f82753a8c8e9e240f30cf54470e19667b8cbb401948&preview_theme_id=' successfully

2019-06-25 14:22:53 - [MESSAGE][PASSED] - Navigate to 'https://diff-apollo.myshopify.com/?key=eec34184cfd8f82cda816f82753a8c8e9e240f30cf54470e19667b8cbb401948&preview_theme_id=' successfully

2019-06-25 14:22:53 - [TEST_STEP][NOT_RUN] - executeJavaScript("var previewBar = document.getElementById("preview-bar-iframe"); previewBar.style.display = "none";", []): NOT_RUN: executeJavaScript("var previewBar = document.getElementById("preview-bar-iframe"); previewBar.style.display = "none";", [])

2019-06-25 14:22:53 - [MESSAGE][NOT_RUN] - NOT_RUN: executeJavaScript("var previewBar = document.getElementById("preview-bar-iframe"); previewBar.style.display = "none";", [])

2019-06-25 14:22:53 - [TEST_STEP][PASSED] - maximizeWindow(): Current window maximized

2019-06-25 14:22:53 - [MESSAGE][PASSED] - Current window maximized

2019-06-25 14:22:53 - [MESSAGE][PASSED] - Call Test Case 'Test Cases/CALL - URL' successfully

2019-06-25 14:22:53 - [TEST_STEP][PASSED] - delay(2): Delayed 2 second(s)

2019-06-25 14:22:55 - [MESSAGE][PASSED] - Delayed 2 second(s)

2019-06-25 14:22:55 - [TEST_STEP][PASSED] - click(findTestObject("APOLLO- Desktop/Burger Menu/Burgermenu")): Object: 'Object Repository/APOLLO- Desktop/Burger Menu/Burgermenu' is clicked on

2019-06-25 14:22:56 - [MESSAGE][PASSED] - Object: 'Object Repository/APOLLO- Desktop/Burger Menu/Burgermenu' is clicked on

2019-06-25 14:22:56 - [TEST_STEP][PASSED] - delay(2): Delayed 2 second(s)

2019-06-25 14:22:58 - [MESSAGE][PASSED] - Delayed 2 second(s)

2019-06-25 14:22:58 - [TEST_STEP][PASSED] - click(findTestObject("APOLLO- Desktop/Burger Menu/Mens chevron")): Object: 'Object Repository/APOLLO- Desktop/Burger Menu/Mens chevron' is clicked on

2019-06-25 14:22:58 - [MESSAGE][PASSED] - Object: 'Object Repository/APOLLO- Desktop/Burger Menu/Mens chevron' is clicked on

2019-06-25 14:22:58 - [TEST_STEP][PASSED] - delay(2): Delayed 2 second(s)

2019-06-25 14:23:00 - [MESSAGE][PASSED] - Delayed 2 second(s)

2019-06-25 14:23:00 - [TEST_STEP][PASSED] - click(findTestObject("APOLLO- Desktop/Burger Menu/Mens - Top Chevron")): Object: 'Object Repository/APOLLO- Desktop/Burger Menu/Mens - Top Chevron' is clicked on

2019-06-25 14:23:00 - [MESSAGE][PASSED] - Object: 'Object Repository/APOLLO- Desktop/Burger Menu/Mens - Top Chevron' is clicked on

2019-06-25 14:23:00 - [TEST_STEP][PASSED] - delay(2): Delayed 2 second(s)

2019-06-25 14:23:02 - [MESSAGE][PASSED] - Delayed 2 second(s)

2019-06-25 14:23:02 - [TEST_STEP][PASSED] - click(findTestObject("APOLLO- Desktop/Burger Menu/Shirts link")): Object: 'Object Repository/APOLLO- Desktop/Burger Menu/Shirts link' is clicked on

2019-06-25 14:23:02 - [MESSAGE][PASSED] - Object: 'Object Repository/APOLLO- Desktop/Burger Menu/Shirts link' is clicked on

2019-06-25 14:23:02 - [TEST_STEP][NOT_RUN] - executeJavaScript("var previewBar = document.getElementById("preview-bar-iframe"); previewBar.style.display = "none";", []): NOT_RUN: executeJavaScript("var previewBar = document.getElementById("preview-bar-iframe"); previewBar.style.display = "none";", [])

2019-06-25 14:23:02 - [MESSAGE][NOT_RUN] - NOT_RUN: executeJavaScript("var previewBar = document.getElementById("preview-bar-iframe"); previewBar.style.display = "none";", [])

2019-06-25 14:23:02 - [TEST_STEP][PASSED] - delay(2): Delayed 2 second(s)

2019-06-25 14:23:04 - [MESSAGE][PASSED] - Delayed 2 second(s)

2019-06-25 14:23:04 - [TEST_STEP][NOT_RUN] - executeJavaScript("var previewBar = document.getElementById("preview-bar-iframe"); previewBar.style.display = "none";", []): NOT_RUN: executeJavaScript("var previewBar = document.getElementById("preview-bar-iframe"); previewBar.style.display = "none";", [])

2019-06-25 14:23:04 - [MESSAGE][NOT_RUN] - NOT_RUN: executeJavaScript("var previewBar = document.getElementById("preview-bar-iframe"); previewBar.style.display = "none";", [])

2019-06-25 14:23:04 - [TEST_STEP][PASSED] - delay(2): Delayed 2 second(s)

2019-06-25 14:23:06 - [MESSAGE][PASSED] - Delayed 2 second(s)

2019-06-25 14:23:06 - [TEST_STEP][PASSED] - click(findTestObject("APOLLO- Desktop/Collection page/Filter/Filter dropdown")): Object: 'Object Repository/APOLLO- Desktop/Collection page/Filter/Filter dropdown' is clicked on

2019-06-25 14:23:24 - [MESSAGE][PASSED] - Object: 'Object Repository/APOLLO- Desktop/Collection page/Filter/Filter dropdown' is clicked on

2019-06-25 14:23:24 - [TEST_STEP][PASSED] - delay(2): Delayed 2 second(s)

2019-06-25 14:23:26 - [MESSAGE][PASSED] - Delayed 2 second(s)

2019-06-25 14:23:26 - [TEST_STEP][PASSED] - click(findTestObject("APOLLO- Desktop/Collection page/Filter/a_Small")): Object: 'Object Repository/APOLLO- Desktop/Collection page/Filter/a_Small' is clicked on

2019-06-25 14:23:26 - [MESSAGE][PASSED] - Object: 'Object Repository/APOLLO- Desktop/Collection page/Filter/a_Small' is clicked on

2019-06-25 14:23:26 - [TEST_STEP][PASSED] - delay(2): Delayed 2 second(s)

2019-06-25 14:23:28 - [MESSAGE][PASSED] - Delayed 2 second(s)

2019-06-25 14:23:28 - [TEST_STEP][PASSED] - click(findTestObject("APOLLO- Desktop/Collection page/Filter/Filter dropdown")): Object: 'Object Repository/APOLLO- Desktop/Collection page/Filter/Filter dropdown' is clicked on

2019-06-25 14:23:28 - [MESSAGE][PASSED] - Object: 'Object Repository/APOLLO- Desktop/Collection page/Filter/Filter dropdown' is clicked on

2019-06-25 14:23:28 - [TEST_STEP][PASSED] - delay(2): Delayed 2 second(s)

2019-06-25 14:23:30 - [MESSAGE][PASSED] - Delayed 2 second(s)

2019-06-25 14:23:30 - [TEST_STEP][PASSED] - click(findTestObject("APOLLO- Desktop/Collection page/Filter/Color dropdown")): Object: 'Object Repository/APOLLO- Desktop/Collection page/Filter/Color dropdown' is clicked on

2019-06-25 14:23:30 - [MESSAGE][PASSED] - Object: 'Object Repository/APOLLO- Desktop/Collection page/Filter/Color dropdown' is clicked on

2019-06-25 14:23:30 - [TEST_STEP][PASSED] - delay(2): Delayed 2 second(s)

2019-06-25 14:23:32 - [MESSAGE][PASSED] - Delayed 2 second(s)

2019-06-25 14:23:32 - [TEST_STEP][PASSED] - click(findTestObject("APOLLO- Desktop/Collection page/Filter/a_Red")): Object: 'Object Repository/APOLLO- Desktop/Collection page/Filter/a_Red' is clicked on

2019-06-25 14:23:32 - [MESSAGE][PASSED] - Object: 'Object Repository/APOLLO- Desktop/Collection page/Filter/a_Red' is clicked on

2019-06-25 14:23:32 - [TEST_STEP][PASSED] - delay(2): Delayed 2 second(s)

2019-06-25 14:23:34 - [MESSAGE][PASSED] - Delayed 2 second(s)

2019-06-25 14:23:34 - [TEST_STEP][PASSED] - click(findTestObject("APOLLO- Desktop/Collection page/Filter/Color dropdown")): Object: 'Object Repository/APOLLO- Desktop/Collection page/Filter/Color dropdown' is clicked on

2019-06-25 14:23:34 - [MESSAGE][PASSED] - Object: 'Object Repository/APOLLO- Desktop/Collection page/Filter/Color dropdown' is clicked on

2019-06-25 14:23:34 - [TEST_STEP][PASSED] - delay(2): Delayed 2 second(s)

2019-06-25 14:23:36 - [MESSAGE][PASSED] - Delayed 2 second(s)

2019-06-25 14:23:36 - [TEST_STEP][PASSED] - a = getText(findTestObject("APOLLO- Desktop/Collection page/Filter/Filtered count")): Text of object 'Object Repository/APOLLO- Desktop/Collection page/Filter/Filtered count' is: '2'

2019-06-25 14:23:36 - [MESSAGE][PASSED] - Text of object 'Object Repository/APOLLO- Desktop/Collection page/Filter/Filtered count' is: '2'

2019-06-25 14:23:36 - [TEST_STEP][PASSED] - delay(2): Delayed 2 second(s)

2019-06-25 14:23:38 - [MESSAGE][PASSED] - Delayed 2 second(s)

2019-06-25 14:23:38 - [TEST_STEP][PASSED] - comment("a=" + a): a=2

2019-06-25 14:23:38 - [MESSAGE][INFO] - a=2

2019-06-25 14:23:39 - [TEST_STEP][PASSED] - b = 0: null

2019-06-25 14:23:39 - [TEST_STEP][PASSED] - verifyNotEqual("a", "b"): Actual object 'a' and expected object 'b' are not equal

2019-06-25 14:23:39 - [MESSAGE][PASSED] - Actual object 'a' and expected object 'b' are not equal

2019-06-25 14:23:39 - [TEST_STEP][PASSED] - delay(2): Delayed 2 second(s)

2019-06-25 14:23:41 - [MESSAGE][PASSED] - Delayed 2 second(s)

2019-06-25 14:23:41 - [TEST_STEP][PASSED] - click(findTestObject("APOLLO- Desktop/Collection page/Filter/Color dropdown")): Object: 'Object Repository/APOLLO- Desktop/Collection page/Filter/Color dropdown' is clicked on

2019-06-25 14:23:41 - [MESSAGE][PASSED] - Object: 'Object Repository/APOLLO- Desktop/Collection page/Filter/Color dropdown' is clicked on

2019-06-25 14:23:41 - [TEST_STEP][PASSED] - delay(2): Delayed 2 second(s)

2019-06-25 14:23:43 - [MESSAGE][PASSED] - Delayed 2 second(s)

2019-06-25 14:23:43 - [TEST_STEP][PASSED] - click(findTestObject("APOLLO- Desktop/Collection page/Filter/a_Green")): Object: 'Object Repository/APOLLO- Desktop/Collection page/Filter/a_Green' is clicked on

2019-06-25 14:23:43 - [MESSAGE][PASSED] - Object: 'Object Repository/APOLLO- Desktop/Collection page/Filter/a_Green' is clicked on

2019-06-25 14:23:43 - [TEST_STEP][PASSED] - delay(2): Delayed 2 second(s)

2019-06-25 14:23:45 - [MESSAGE][PASSED] - Delayed 2 second(s)

2019-06-25 14:23:45 - [TEST_STEP][PASSED] - click(findTestObject("APOLLO- Desktop/Collection page/Filter/Color dropdown")): Object: 'Object Repository/APOLLO- Desktop/Collection page/Filter/Color dropdown' is clicked on

2019-06-25 14:23:45 - [MESSAGE][PASSED] - Object: 'Object Repository/APOLLO- Desktop/Collection page/Filter/Color dropdown' is clicked on

2019-06-25 14:23:45 - [TEST_STEP][PASSED] - delay(2): Delayed 2 second(s)

2019-06-25 14:23:47 - [MESSAGE][PASSED] - Delayed 2 second(s)

2019-06-25 14:23:47 - [TEST_STEP][PASSED] - a1 = getText(findTestObject("APOLLO- Desktop/Collection page/Filter/Filtered count")): Text of object 'Object Repository/APOLLO- Desktop/Collection page/Filter/Filtered count' is: '2'

2019-06-25 14:23:47 - [MESSAGE][PASSED] - Text of object 'Object Repository/APOLLO- Desktop/Collection page/Filter/Filtered count' is: '2'

2019-06-25 14:23:47 - [TEST_STEP][PASSED] - delay(2): Delayed 2 second(s)

2019-06-25 14:23:49 - [MESSAGE][PASSED] - Delayed 2 second(s)

2019-06-25 14:23:49 - [TEST_STEP][PASSED] - comment("a1=" + a1): a1=2

2019-06-25 14:23:49 - [MESSAGE][INFO] - a1=2

2019-06-25 14:23:49 - [TEST_STEP][PASSED] - verifyNotEqual("a1", "b"): Actual object 'a1' and expected object 'b' are not equal

2019-06-25 14:23:49 - [MESSAGE][PASSED] - Actual object 'a1' and expected object 'b' are not equal

2019-06-25 14:23:49 - [TEST_STEP][PASSED] - delay(2): Delayed 2 second(s)

2019-06-25 14:23:51 - [MESSAGE][PASSED] - Delayed 2 second(s)

2019-06-25 14:23:51 - [TEST_STEP][PASSED] - delay(2): Delayed 2 second(s)

2019-06-25 14:23:53 - [MESSAGE][PASSED] - Delayed 2 second(s)

2019-06-25 14:23:53 - [TEST_STEP][PASSED] - delay(2): Delayed 2 second(s)

2019-06-25 14:23:55 - [MESSAGE][PASSED] - Delayed 2 second(s)

2019-06-25 14:23:55 - [TEST_STEP][PASSED] - click(findTestObject("APOLLO- Desktop/Collection page/Filter/Color dropdown")): Object: 'Object Repository/APOLLO- Desktop/Collection page/Filter/Color dropdown' is clicked on

2019-06-25 14:23:55 - [MESSAGE][PASSED] - Object: 'Object Repository/APOLLO- Desktop/Collection page/Filter/Color dropdown' is clicked on

2019-06-25 14:23:55 - [TEST_STEP][PASSED] - delay(2): Delayed 2 second(s)

2019-06-25 14:23:57 - [MESSAGE][PASSED] - Delayed 2 second(s)

2019-06-25 14:23:57 - [TEST_STEP][PASSED] - click(findTestObject("APOLLO- Desktop/Collection page/Filter/a_Blue")): Object: 'Object Repository/APOLLO- Desktop/Collection page/Filter/a_Blue' is clicked on

2019-06-25 14:23:57 - [MESSAGE][PASSED] - Object: 'Object Repository/APOLLO- Desktop/Collection page/Filter/a_Blue' is clicked on

2019-06-25 14:23:57 - [TEST_STEP][PASSED] - delay(2): Delayed 2 second(s)

2019-06-25 14:23:59 - [MESSAGE][PASSED] - Delayed 2 second(s)

2019-06-25 14:23:59 - [TEST_STEP][PASSED] - click(findTestObject("APOLLO- Desktop/Collection page/Filter/Color dropdown")): Object: 'Object Repository/APOLLO- Desktop/Collection page/Filter/Color dropdown' is clicked on

2019-06-25 14:23:59 - [MESSAGE][PASSED] - Object: 'Object Repository/APOLLO- Desktop/Collection page/Filter/Color dropdown' is clicked on

2019-06-25 14:23:59 - [TEST_STEP][PASSED] - delay(2): Delayed 2 second(s)

2019-06-25 14:24:01 - [MESSAGE][PASSED] - Delayed 2 second(s)

2019-06-25 14:24:01 - [TEST_STEP][PASSED] - a2 = getText(findTestObject("APOLLO- Desktop/Collection page/Filter/Filtered count")): Text of object 'Object Repository/APOLLO- Desktop/Collection page/Filter/Filtered count' is: '3'

2019-06-25 14:24:01 - [MESSAGE][PASSED] - Text of object 'Object Repository/APOLLO- Desktop/Collection page/Filter/Filtered count' is: '3'

2019-06-25 14:24:01 - [TEST_STEP][PASSED] - delay(2): Delayed 2 second(s)

2019-06-25 14:24:03 - [MESSAGE][PASSED] - Delayed 2 second(s)

2019-06-25 14:24:03 - [TEST_STEP][PASSED] - comment("a2=" + a2): a2=3

2019-06-25 14:24:03 - [MESSAGE][INFO] - a2=3

2019-06-25 14:24:03 - [TEST_STEP][PASSED] - verifyNotEqual("a2", "b"): Actual object 'a2' and expected object 'b' are not equal

2019-06-25 14:24:03 - [MESSAGE][PASSED] - Actual object 'a2' and expected object 'b' are not equal

2019-06-25 14:24:03 - [TEST_STEP][PASSED] - delay(2): Delayed 2 second(s)

2019-06-25 14:24:05 - [MESSAGE][PASSED] - Delayed 2 second(s)

2019-06-25 14:24:05 - [TEST_STEP][PASSED] - delay(2): Delayed 2 second(s)

2019-06-25 14:24:07 - [MESSAGE][PASSED] - Delayed 2 second(s)

2019-06-25 14:24:07 - [TEST_STEP][PASSED] - click(findTestObject("APOLLO- Desktop/Collection page/Filter/Color dropdown")): Object: 'Object Repository/APOLLO- Desktop/Collection page/Filter/Color dropdown' is clicked on

2019-06-25 14:24:07 - [MESSAGE][PASSED] - Object: 'Object Repository/APOLLO- Desktop/Collection page/Filter/Color dropdown' is clicked on

2019-06-25 14:24:07 - [TEST_STEP][PASSED] - delay(2): Delayed 2 second(s)

2019-06-25 14:24:09 - [MESSAGE][PASSED] - Delayed 2 second(s)

2019-06-25 14:24:09 - [TEST_STEP][PASSED] - click(findTestObject("APOLLO- Desktop/Collection page/Filter/a_Purple")): Object: 'Object Repository/APOLLO- Desktop/Collection page/Filter/a_Purple' is clicked on

2019-06-25 14:24:09 - [MESSAGE][PASSED] - Object: 'Object Repository/APOLLO- Desktop/Collection page/Filter/a_Purple' is clicked on

2019-06-25 14:24:09 - [TEST_STEP][PASSED] - delay(2): Delayed 2 second(s)

2019-06-25 14:24:11 - [MESSAGE][PASSED] - Delayed 2 second(s)

2019-06-25 14:24:11 - [TEST_STEP][PASSED] - delay(2): Delayed 2 second(s)

2019-06-25 14:24:13 - [MESSAGE][PASSED] - Delayed 2 second(s)

2019-06-25 14:24:13 - [TEST_STEP][PASSED] - a3 = getText(findTestObject("APOLLO- Desktop/Collection page/Filter/Filtered count")): Text of object 'Object Repository/APOLLO- Desktop/Collection page/Filter/Filtered count' is: '2'

2019-06-25 14:24:13 - [MESSAGE][PASSED] - Text of object 'Object Repository/APOLLO- Desktop/Collection page/Filter/Filtered count' is: '2'

2019-06-25 14:24:13 - [TEST_STEP][PASSED] - delay(2): Delayed 2 second(s)

2019-06-25 14:24:15 - [MESSAGE][PASSED] - Delayed 2 second(s)

2019-06-25 14:24:15 - [TEST_STEP][PASSED] - comment("a3=" + a3): a3=2

2019-06-25 14:24:15 - [MESSAGE][INFO] - a3=2

2019-06-25 14:24:15 - [TEST_STEP][PASSED] - verifyNotEqual("a3", "b"): Actual object 'a3' and expected object 'b' are not equal

2019-06-25 14:24:15 - [MESSAGE][PASSED] - Actual object 'a3' and expected object 'b' are not equal

2019-06-25 14:24:15 - [TEST_STEP][PASSED] - delay(2): Delayed 2 second(s)

2019-06-25 14:24:17 - [MESSAGE][PASSED] - Delayed 2 second(s)

2019-06-25 14:24:17 - [TEST_STEP][PASSED] - delay(2): Delayed 2 second(s)

2019-06-25 14:24:19 - [MESSAGE][PASSED] - Delayed 2 second(s)

2019-06-25 14:24:19 - [TEST_STEP][PASSED] - click(findTestObject("APOLLO- Desktop/Collection page/Filter/Filter dropdown")): Object: 'Object Repository/APOLLO- Desktop/Collection page/Filter/Filter dropdown' is clicked on

2019-06-25 14:24:19 - [MESSAGE][PASSED] - Object: 'Object Repository/APOLLO- Desktop/Collection page/Filter/Filter dropdown' is clicked on

2019-06-25 14:24:19 - [TEST_STEP][PASSED] - delay(2): Delayed 2 second(s)

2019-06-25 14:24:21 - [MESSAGE][PASSED] - Delayed 2 second(s)

2019-06-25 14:24:21 - [TEST_STEP][PASSED] - click(findTestObject("APOLLO- Desktop/Collection page/Filter/a_Medium")): Object: 'Object Repository/APOLLO- Desktop/Collection page/Filter/a_Medium' is clicked on

2019-06-25 14:24:21 - [MESSAGE][PASSED] - Object: 'Object Repository/APOLLO- Desktop/Collection page/Filter/a_Medium' is clicked on

2019-06-25 14:24:21 - [TEST_STEP][PASSED] - delay(2): Delayed 2 second(s)

2019-06-25 14:24:23 - [MESSAGE][PASSED] - Delayed 2 second(s)

2019-06-25 14:24:23 - [TEST_STEP][PASSED] - click(findTestObject("APOLLO- Desktop/Collection page/Filter/Filter dropdown")): Object: 'Object Repository/APOLLO- Desktop/Collection page/Filter/Filter dropdown' is clicked on

2019-06-25 14:24:23 - [MESSAGE][PASSED] - Object: 'Object Repository/APOLLO- Desktop/Collection page/Filter/Filter dropdown' is clicked on

2019-06-25 14:24:23 - [TEST_STEP][PASSED] - delay(2): Delayed 2 second(s)

2019-06-25 14:24:25 - [MESSAGE][PASSED] - Delayed 2 second(s)

2019-06-25 14:24:25 - [TEST_STEP][PASSED] - click(findTestObject("APOLLO- Desktop/Collection page/Filter/Color dropdown")): Object: 'Object Repository/APOLLO- Desktop/Collection page/Filter/Color dropdown' is clicked on

2019-06-25 14:24:25 - [MESSAGE][PASSED] - Object: 'Object Repository/APOLLO- Desktop/Collection page/Filter/Color dropdown' is clicked on

2019-06-25 14:24:25 - [TEST_STEP][PASSED] - delay(2): Delayed 2 second(s)

2019-06-25 14:24:27 - [MESSAGE][PASSED] - Delayed 2 second(s)

2019-06-25 14:24:27 - [TEST_STEP][PASSED] - click(findTestObject("APOLLO- Desktop/Collection page/Filter/a_Red")): Object: 'Object Repository/APOLLO- Desktop/Collection page/Filter/a_Red' is clicked on

2019-06-25 14:24:27 - [MESSAGE][PASSED] - Object: 'Object Repository/APOLLO- Desktop/Collection page/Filter/a_Red' is clicked on

2019-06-25 14:24:27 - [TEST_STEP][PASSED] - click(findTestObject("APOLLO- Desktop/Collection page/Filter/Color dropdown")): Object: 'Object Repository/APOLLO- Desktop/Collection page/Filter/Color dropdown' is clicked on

2019-06-25 14:24:27 - [MESSAGE][PASSED] - Object: 'Object Repository/APOLLO- Desktop/Collection page/Filter/Color dropdown' is clicked on

2019-06-25 14:24:27 - [TEST_STEP][PASSED] - delay(2): Delayed 2 second(s)

2019-06-25 14:24:29 - [MESSAGE][PASSED] - Delayed 2 second(s)

2019-06-25 14:24:29 - [TEST_STEP][PASSED] - a4 = getText(findTestObject("APOLLO- Desktop/Collection page/Filter/Filtered count")): Text of object 'Object Repository/APOLLO- Desktop/Collection page/Filter/Filtered count' is: '2'

2019-06-25 14:24:29 - [MESSAGE][PASSED] - Text of object 'Object Repository/APOLLO- Desktop/Collection page/Filter/Filtered count' is: '2'

2019-06-25 14:24:29 - [TEST_STEP][PASSED] - comment("a4=" + a4): a4=2

2019-06-25 14:24:29 - [MESSAGE][INFO] - a4=2

2019-06-25 14:24:29 - [TEST_STEP][PASSED] - verifyNotEqual("a4", "b"): Actual object 'a4' and expected object 'b' are not equal

2019-06-25 14:24:29 - [MESSAGE][PASSED] - Actual object 'a4' and expected object 'b' are not equal

2019-06-25 14:24:29 - [TEST_STEP][PASSED] - delay(4): Delayed 4 second(s)

2019-06-25 14:24:33 - [MESSAGE][PASSED] - Delayed 4 second(s)

2019-06-25 14:24:33 - [TEST_STEP][PASSED] - click(findTestObject("APOLLO- Desktop/Collection page/Filter/Color dropdown")): Object: 'Object Repository/APOLLO- Desktop/Collection page/Filter/Color dropdown' is clicked on

2019-06-25 14:24:33 - [MESSAGE][PASSED] - Object: 'Object Repository/APOLLO- Desktop/Collection page/Filter/Color dropdown' is clicked on

2019-06-25 14:24:33 - [TEST_STEP][PASSED] - delay(2): Delayed 2 second(s)

2019-06-25 14:24:35 - [MESSAGE][PASSED] - Delayed 2 second(s)

2019-06-25 14:24:35 - [TEST_STEP][PASSED] - click(findTestObject("APOLLO- Desktop/Collection page/Filter/a_Green")): Object: 'Object Repository/APOLLO- Desktop/Collection page/Filter/a_Green' is clicked on

2019-06-25 14:24:36 - [MESSAGE][PASSED] - Object: 'Object Repository/APOLLO- Desktop/Collection page/Filter/a_Green' is clicked on

2019-06-25 14:24:36 - [TEST_STEP][PASSED] - delay(2): Delayed 2 second(s)

2019-06-25 14:24:38 - [MESSAGE][PASSED] - Delayed 2 second(s)

2019-06-25 14:24:38 - [TEST_STEP][PASSED] - click(findTestObject("APOLLO- Desktop/Collection page/Filter/Color dropdown")): Object: 'Object Repository/APOLLO- Desktop/Collection page/Filter/Color dropdown' is clicked on

2019-06-25 14:24:38 - [MESSAGE][PASSED] - Object: 'Object Repository/APOLLO- Desktop/Collection page/Filter/Color dropdown' is clicked on

2019-06-25 14:24:38 - [TEST_STEP][PASSED] - delay(2): Delayed 2 second(s)

2019-06-25 14:24:40 - [MESSAGE][PASSED] - Delayed 2 second(s)

2019-06-25 14:24:40 - [TEST_STEP][PASSED] - a5 = getText(findTestObject("APOLLO- Desktop/Collection page/Filter/Filtered count")): Text of object 'Object Repository/APOLLO- Desktop/Collection page/Filter/Filtered count' is: '2'

2019-06-25 14:24:40 - [MESSAGE][PASSED] - Text of object 'Object Repository/APOLLO- Desktop/Collection page/Filter/Filtered count' is: '2'

2019-06-25 14:24:40 - [TEST_STEP][PASSED] - delay(2): Delayed 2 second(s)

2019-06-25 14:24:42 - [MESSAGE][PASSED] - Delayed 2 second(s)

2019-06-25 14:24:42 - [TEST_STEP][PASSED] - comment("a5=" + a5): a5=2

2019-06-25 14:24:42 - [MESSAGE][INFO] - a5=2

2019-06-25 14:24:42 - [TEST_STEP][PASSED] - verifyNotEqual("a5", "b"): Actual object 'a5' and expected object 'b' are not equal

2019-06-25 14:24:42 - [MESSAGE][PASSED] - Actual object 'a5' and expected object 'b' are not equal

2019-06-25 14:24:42 - [TEST_STEP][PASSED] - delay(2): Delayed 2 second(s)

2019-06-25 14:24:44 - [MESSAGE][PASSED] - Delayed 2 second(s)

2019-06-25 14:24:44 - [TEST_STEP][PASSED] - click(findTestObject("APOLLO- Desktop/Collection page/Filter/Color dropdown")): Object: 'Object Repository/APOLLO- Desktop/Collection page/Filter/Color dropdown' is clicked on

2019-06-25 14:24:44 - [MESSAGE][PASSED] - Object: 'Object Repository/APOLLO- Desktop/Collection page/Filter/Color dropdown' is clicked on

2019-06-25 14:24:44 - [TEST_STEP][PASSED] - delay(2): Delayed 2 second(s)

2019-06-25 14:24:46 - [MESSAGE][PASSED] - Delayed 2 second(s)

2019-06-25 14:24:46 - [TEST_STEP][PASSED] - click(findTestObject("APOLLO- Desktop/Collection page/Filter/a_Blue")): Object: 'Object Repository/APOLLO- Desktop/Collection page/Filter/a_Blue' is clicked on

2019-06-25 14:24:46 - [MESSAGE][PASSED] - Object: 'Object Repository/APOLLO- Desktop/Collection page/Filter/a_Blue' is clicked on

2019-06-25 14:24:46 - [TEST_STEP][PASSED] - delay(2): Delayed 2 second(s)

2019-06-25 14:24:48 - [MESSAGE][PASSED] - Delayed 2 second(s)

2019-06-25 14:24:48 - [TEST_STEP][PASSED] - click(findTestObject("APOLLO- Desktop/Collection page/Filter/Color dropdown")): Object: 'Object Repository/APOLLO- Desktop/Collection page/Filter/Color dropdown' is clicked on

2019-06-25 14:24:48 - [MESSAGE][PASSED] - Object: 'Object Repository/APOLLO- Desktop/Collection page/Filter/Color dropdown' is clicked on

2019-06-25 14:24:48 - [TEST_STEP][PASSED] - delay(2): Delayed 2 second(s)

2019-06-25 14:24:50 - [MESSAGE][PASSED] - Delayed 2 second(s)

2019-06-25 14:24:50 - [TEST_STEP][PASSED] - a6 = getText(findTestObject("APOLLO- Desktop/Collection page/Filter/Filtered count")): Text of object 'Object Repository/APOLLO- Desktop/Collection page/Filter/Filtered count' is: '2'

2019-06-25 14:24:50 - [MESSAGE][PASSED] - Text of object 'Object Repository/APOLLO- Desktop/Collection page/Filter/Filtered count' is: '2'

2019-06-25 14:24:50 - [TEST_STEP][PASSED] - comment("a6=" + a6): a6=2

2019-06-25 14:24:50 - [MESSAGE][INFO] - a6=2

2019-06-25 14:24:50 - [TEST_STEP][PASSED] - verifyNotEqual("a6", "b"): Actual object 'a6' and expected object 'b' are not equal

2019-06-25 14:24:50 - [MESSAGE][PASSED] - Actual object 'a6' and expected object 'b' are not equal

2019-06-25 14:24:50 - [TEST_STEP][PASSED] - delay(2): Delayed 2 second(s)

2019-06-25 14:24:52 - [MESSAGE][PASSED] - Delayed 2 second(s)

2019-06-25 14:24:52 - [TEST_STEP][PASSED] - click(findTestObject("APOLLO- Desktop/Collection page/Filter/Color dropdown")): Object: 'Object Repository/APOLLO- Desktop/Collection page/Filter/Color dropdown' is clicked on

2019-06-25 14:24:52 - [MESSAGE][PASSED] - Object: 'Object Repository/APOLLO- Desktop/Collection page/Filter/Color dropdown' is clicked on

2019-06-25 14:24:52 - [TEST_STEP][PASSED] - delay(2): Delayed 2 second(s)

2019-06-25 14:24:54 - [MESSAGE][PASSED] - Delayed 2 second(s)

2019-06-25 14:24:54 - [TEST_STEP][PASSED] - click(findTestObject("APOLLO- Desktop/Collection page/Filter/a_Purple")): Object: 'Object Repository/APOLLO- Desktop/Collection page/Filter/a_Purple' is clicked on

2019-06-25 14:24:54 - [MESSAGE][PASSED] - Object: 'Object Repository/APOLLO- Desktop/Collection page/Filter/a_Purple' is clicked on

2019-06-25 14:24:54 - [TEST_STEP][PASSED] - delay(2): Delayed 2 second(s)

2019-06-25 14:24:56 - [MESSAGE][PASSED] - Delayed 2 second(s)

2019-06-25 14:24:56 - [TEST_STEP][PASSED] - click(findTestObject("APOLLO- Desktop/Collection page/Filter/Color dropdown")): Object: 'Object Repository/APOLLO- Desktop/Collection page/Filter/Color dropdown' is clicked on

2019-06-25 14:24:56 - [MESSAGE][PASSED] - Object: 'Object Repository/APOLLO- Desktop/Collection page/Filter/Color dropdown' is clicked on

2019-06-25 14:24:56 - [TEST_STEP][PASSED] - delay(2): Delayed 2 second(s)

2019-06-25 14:24:58 - [MESSAGE][PASSED] - Delayed 2 second(s)

2019-06-25 14:24:58 - [TEST_STEP][PASSED] - a7 = getText(findTestObject("APOLLO- Desktop/Collection page/Filter/Filtered count")): Text of object 'Object Repository/APOLLO- Desktop/Collection page/Filter/Filtered count' is: '2'

2019-06-25 14:24:58 - [MESSAGE][PASSED] - Text of object 'Object Repository/APOLLO- Desktop/Collection page/Filter/Filtered count' is: '2'

2019-06-25 14:24:58 - [TEST_STEP][PASSED] - delay(2): Delayed 2 second(s)

2019-06-25 14:25:00 - [MESSAGE][PASSED] - Delayed 2 second(s)

2019-06-25 14:25:00 - [TEST_STEP][PASSED] - comment("a7=" + a7): a7=2

2019-06-25 14:25:00 - [MESSAGE][INFO] - a7=2

2019-06-25 14:25:00 - [TEST_STEP][PASSED] - verifyNotEqual("a7", "b"): Actual object 'a7' and expected object 'b' are not equal

2019-06-25 14:25:00 - [MESSAGE][PASSED] - Actual object 'a7' and expected object 'b' are not equal

2019-06-25 14:25:00 - [TEST_STEP][PASSED] - delay(2): Delayed 2 second(s)

2019-06-25 14:25:02 - [MESSAGE][PASSED] - Delayed 2 second(s)

2019-06-25 14:25:02 - [TEST_STEP][PASSED] - click(findTestObject("APOLLO- Desktop/Collection page/Filter/Filter dropdown")): Object: 'Object Repository/APOLLO- Desktop/Collection page/Filter/Filter dropdown' is clicked on

2019-06-25 14:25:02 - [MESSAGE][PASSED] - Object: 'Object Repository/APOLLO- Desktop/Collection page/Filter/Filter dropdown' is clicked on

2019-06-25 14:25:02 - [TEST_STEP][PASSED] - delay(2): Delayed 2 second(s)

2019-06-25 14:25:04 - [MESSAGE][PASSED] - Delayed 2 second(s)

2019-06-25 14:25:04 - [TEST_STEP][PASSED] - click(findTestObject("APOLLO- Desktop/Collection page/Filter/a_Large")): Object: 'Object Repository/APOLLO- Desktop/Collection page/Filter/a_Large' is clicked on

2019-06-25 14:25:04 - [MESSAGE][PASSED] - Object: 'Object Repository/APOLLO- Desktop/Collection page/Filter/a_Large' is clicked on

2019-06-25 14:25:04 - [TEST_STEP][PASSED] - delay(2): Delayed 2 second(s)

2019-06-25 14:25:06 - [MESSAGE][PASSED] - Delayed 2 second(s)

2019-06-25 14:25:06 - [TEST_STEP][PASSED] - click(findTestObject("APOLLO- Desktop/Collection page/Filter/Filter dropdown")): Object: 'Object Repository/APOLLO- Desktop/Collection page/Filter/Filter dropdown' is clicked on

2019-06-25 14:25:06 - [MESSAGE][PASSED] - Object: 'Object Repository/APOLLO- Desktop/Collection page/Filter/Filter dropdown' is clicked on

2019-06-25 14:25:06 - [TEST_STEP][PASSED] - delay(2): Delayed 2 second(s)

2019-06-25 14:25:08 - [MESSAGE][PASSED] - Delayed 2 second(s)

2019-06-25 14:25:08 - [TEST_STEP][PASSED] - click(findTestObject("APOLLO- Desktop/Collection page/Filter/Color dropdown")): Object: 'Object Repository/APOLLO- Desktop/Collection page/Filter/Color dropdown' is clicked on

2019-06-25 14:25:08 - [MESSAGE][PASSED] - Object: 'Object Repository/APOLLO- Desktop/Collection page/Filter/Color dropdown' is clicked on

2019-06-25 14:25:08 - [TEST_STEP][PASSED] - delay(2): Delayed 2 second(s)

2019-06-25 14:25:10 - [MESSAGE][PASSED] - Delayed 2 second(s)

2019-06-25 14:25:10 - [TEST_STEP][PASSED] - click(findTestObject("APOLLO- Desktop/Collection page/Filter/a_Red")): Object: 'Object Repository/APOLLO- Desktop/Collection page/Filter/a_Red' is clicked on

2019-06-25 14:25:10 - [MESSAGE][PASSED] - Object: 'Object Repository/APOLLO- Desktop/Collection page/Filter/a_Red' is clicked on

2019-06-25 14:25:10 - [TEST_STEP][PASSED] - delay(2): Delayed 2 second(s)

2019-06-25 14:25:12 - [MESSAGE][PASSED] - Delayed 2 second(s)

2019-06-25 14:25:12 - [TEST_STEP][PASSED] - click(findTestObject("APOLLO- Desktop/Collection page/Filter/Color dropdown")): Object: 'Object Repository/APOLLO- Desktop/Collection page/Filter/Color dropdown' is clicked on

2019-06-25 14:25:12 - [MESSAGE][PASSED] - Object: 'Object Repository/APOLLO- Desktop/Collection page/Filter/Color dropdown' is clicked on

2019-06-25 14:25:12 - [TEST_STEP][PASSED] - delay(2): Delayed 2 second(s)

2019-06-25 14:25:14 - [MESSAGE][PASSED] - Delayed 2 second(s)

2019-06-25 14:25:14 - [TEST_STEP][PASSED] - a8 = getText(findTestObject("APOLLO- Desktop/Collection page/Filter/Filtered count")): Text of object 'Object Repository/APOLLO- Desktop/Collection page/Filter/Filtered count' is: '2'

2019-06-25 14:25:14 - [MESSAGE][PASSED] - Text of object 'Object Repository/APOLLO- Desktop/Collection page/Filter/Filtered count' is: '2'

2019-06-25 14:25:14 - [TEST_STEP][PASSED] - delay(2): Delayed 2 second(s)

2019-06-25 14:25:16 - [MESSAGE][PASSED] - Delayed 2 second(s)

2019-06-25 14:25:16 - [TEST_STEP][PASSED] - comment("a8=" + a8): a8=2

2019-06-25 14:25:16 - [MESSAGE][INFO] - a8=2

2019-06-25 14:25:16 - [TEST_STEP][PASSED] - verifyNotEqual("a8", "b"): Actual object 'a8' and expected object 'b' are not equal

2019-06-25 14:25:16 - [MESSAGE][PASSED] - Actual object 'a8' and expected object 'b' are not equal

2019-06-25 14:25:16 - [TEST_STEP][PASSED] - delay(2): Delayed 2 second(s)

2019-06-25 14:25:18 - [MESSAGE][PASSED] - Delayed 2 second(s)

2019-06-25 14:25:18 - [TEST_STEP][PASSED] - click(findTestObject("APOLLO- Desktop/Collection page/Filter/Color dropdown")): Object: 'Object Repository/APOLLO- Desktop/Collection page/Filter/Color dropdown' is clicked on

2019-06-25 14:25:18 - [MESSAGE][PASSED] - Object: 'Object Repository/APOLLO- Desktop/Collection page/Filter/Color dropdown' is clicked on

2019-06-25 14:25:18 - [TEST_STEP][PASSED] - delay(2): Delayed 2 second(s)

2019-06-25 14:25:20 - [MESSAGE][PASSED] - Delayed 2 second(s)

2019-06-25 14:25:20 - [TEST_STEP][PASSED] - click(findTestObject("APOLLO- Desktop/Collection page/Filter/a_Green")): Object: 'Object Repository/APOLLO- Desktop/Collection page/Filter/a_Green' is clicked on

2019-06-25 14:25:20 - [MESSAGE][PASSED] - Object: 'Object Repository/APOLLO- Desktop/Collection page/Filter/a_Green' is clicked on

2019-06-25 14:25:20 - [TEST_STEP][PASSED] - delay(2): Delayed 2 second(s)

2019-06-25 14:25:22 - [MESSAGE][PASSED] - Delayed 2 second(s)

2019-06-25 14:25:22 - [TEST_STEP][PASSED] - click(findTestObject("APOLLO- Desktop/Collection page/Filter/Color dropdown")): Object: 'Object Repository/APOLLO- Desktop/Collection page/Filter/Color dropdown' is clicked on

2019-06-25 14:25:23 - [MESSAGE][PASSED] - Object: 'Object Repository/APOLLO- Desktop/Collection page/Filter/Color dropdown' is clicked on

2019-06-25 14:25:23 - [TEST_STEP][PASSED] - delay(2): Delayed 2 second(s)

2019-06-25 14:25:25 - [MESSAGE][PASSED] - Delayed 2 second(s)

2019-06-25 14:25:25 - [TEST_STEP][PASSED] - a9 = getText(findTestObject("APOLLO- Desktop/Collection page/Filter/Filtered count")): Text of object 'Object Repository/APOLLO- Desktop/Collection page/Filter/Filtered count' is: '2'

2019-06-25 14:25:25 - [MESSAGE][PASSED] - Text of object 'Object Repository/APOLLO- Desktop/Collection page/Filter/Filtered count' is: '2'

2019-06-25 14:25:25 - [TEST_STEP][PASSED] - delay(2): Delayed 2 second(s)

2019-06-25 14:25:27 - [MESSAGE][PASSED] - Delayed 2 second(s)

2019-06-25 14:25:27 - [TEST_STEP][PASSED] - comment("a9=" + a9): a9=2

2019-06-25 14:25:27 - [MESSAGE][INFO] - a9=2

2019-06-25 14:25:27 - [TEST_STEP][PASSED] - verifyNotEqual("a9", "b"): Actual object 'a9' and expected object 'b' are not equal

2019-06-25 14:25:27 - [MESSAGE][PASSED] - Actual object 'a9' and expected object 'b' are not equal

2019-06-25 14:25:27 - [TEST_STEP][PASSED] - delay(2): Delayed 2 second(s)

2019-06-25 14:25:29 - [MESSAGE][PASSED] - Delayed 2 second(s)

2019-06-25 14:25:29 - [TEST_STEP][PASSED] - click(findTestObject("APOLLO- Desktop/Collection page/Filter/Color dropdown")): Object: 'Object Repository/APOLLO- Desktop/Collection page/Filter/Color dropdown' is clicked on

2019-06-25 14:25:29 - [MESSAGE][PASSED] - Object: 'Object Repository/APOLLO- Desktop/Collection page/Filter/Color dropdown' is clicked on

2019-06-25 14:25:29 - [TEST_STEP][PASSED] - delay(2): Delayed 2 second(s)

2019-06-25 14:25:31 - [MESSAGE][PASSED] - Delayed 2 second(s)

2019-06-25 14:25:31 - [TEST_STEP][PASSED] - click(findTestObject("APOLLO- Desktop/Collection page/Filter/a_Blue")): Object: 'Object Repository/APOLLO- Desktop/Collection page/Filter/a_Blue' is clicked on

2019-06-25 14:25:31 - [MESSAGE][PASSED] - Object: 'Object Repository/APOLLO- Desktop/Collection page/Filter/a_Blue' is clicked on

2019-06-25 14:25:31 - [TEST_STEP][PASSED] - delay(2): Delayed 2 second(s)

2019-06-25 14:25:33 - [MESSAGE][PASSED] - Delayed 2 second(s)

2019-06-25 14:25:33 - [TEST_STEP][PASSED] - click(findTestObject("APOLLO- Desktop/Collection page/Filter/Color dropdown")): Object: 'Object Repository/APOLLO- Desktop/Collection page/Filter/Color dropdown' is clicked on

2019-06-25 14:25:33 - [MESSAGE][PASSED] - Object: 'Object Repository/APOLLO- Desktop/Collection page/Filter/Color dropdown' is clicked on

2019-06-25 14:25:33 - [TEST_STEP][PASSED] - delay(2): Delayed 2 second(s)

2019-06-25 14:25:35 - [MESSAGE][PASSED] - Delayed 2 second(s)

2019-06-25 14:25:35 - [TEST_STEP][PASSED] - a10 = getText(findTestObject("APOLLO- Desktop/Collection page/Filter/Filtered count")): Text of object 'Object Repository/APOLLO- Desktop/Collection page/Filter/Filtered count' is: '2'

2019-06-25 14:25:35 - [MESSAGE][PASSED] - Text of object 'Object Repository/APOLLO- Desktop/Collection page/Filter/Filtered count' is: '2'

2019-06-25 14:25:35 - [TEST_STEP][PASSED] - comment("a10=" + a10): a10=2

2019-06-25 14:25:35 - [MESSAGE][INFO] - a10=2

2019-06-25 14:25:35 - [TEST_STEP][PASSED] - verifyNotEqual("a10", "b"): Actual object 'a10' and expected object 'b' are not equal

2019-06-25 14:25:35 - [MESSAGE][PASSED] - Actual object 'a10' and expected object 'b' are not equal

2019-06-25 14:25:35 - [TEST_STEP][PASSED] - delay(2): Delayed 2 second(s)

2019-06-25 14:25:37 - [MESSAGE][PASSED] - Delayed 2 second(s)

2019-06-25 14:25:37 - [TEST_STEP][PASSED] - click(findTestObject("APOLLO- Desktop/Collection page/Filter/Color dropdown")): Object: 'Object Repository/APOLLO- Desktop/Collection page/Filter/Color dropdown' is clicked on

2019-06-25 14:25:37 - [MESSAGE][PASSED] - Object: 'Object Repository/APOLLO- Desktop/Collection page/Filter/Color dropdown' is clicked on

2019-06-25 14:25:37 - [TEST_STEP][PASSED] - delay(2): Delayed 2 second(s)

2019-06-25 14:25:39 - [MESSAGE][PASSED] - Delayed 2 second(s)

2019-06-25 14:25:39 - [TEST_STEP][PASSED] - click(findTestObject("APOLLO- Desktop/Collection page/Filter/a_Purple")): Object: 'Object Repository/APOLLO- Desktop/Collection page/Filter/a_Purple' is clicked on

2019-06-25 14:25:39 - [MESSAGE][PASSED] - Object: 'Object Repository/APOLLO- Desktop/Collection page/Filter/a_Purple' is clicked on

2019-06-25 14:25:39 - [TEST_STEP][PASSED] - delay(2): Delayed 2 second(s)

2019-06-25 14:25:41 - [MESSAGE][PASSED] - Delayed 2 second(s)

2019-06-25 14:25:41 - [TEST_STEP][PASSED] - click(findTestObject("APOLLO- Desktop/Collection page/Filter/Color dropdown")): Object: 'Object Repository/APOLLO- Desktop/Collection page/Filter/Color dropdown' is clicked on

2019-06-25 14:25:41 - [MESSAGE][PASSED] - Object: 'Object Repository/APOLLO- Desktop/Collection page/Filter/Color dropdown' is clicked on

2019-06-25 14:25:41 - [TEST_STEP][PASSED] - delay(2): Delayed 2 second(s)

2019-06-25 14:25:43 - [MESSAGE][PASSED] - Delayed 2 second(s)

2019-06-25 14:25:43 - [TEST_STEP][PASSED] - a11 = getText(findTestObject("APOLLO- Desktop/Collection page/Filter/Filtered count")): Text of object 'Object Repository/APOLLO- Desktop/Collection page/Filter/Filtered count' is: '2'

2019-06-25 14:25:43 - [MESSAGE][PASSED] - Text of object 'Object Repository/APOLLO- Desktop/Collection page/Filter/Filtered count' is: '2'

2019-06-25 14:25:43 - [TEST_STEP][PASSED] - delay(2): Delayed 2 second(s)

2019-06-25 14:25:45 - [MESSAGE][PASSED] - Delayed 2 second(s)

2019-06-25 14:25:45 - [TEST_STEP][PASSED] - comment("a11=" + a11): a11=2

2019-06-25 14:25:45 - [MESSAGE][INFO] - a11=2

2019-06-25 14:25:45 - [TEST_STEP][PASSED] - verifyNotEqual("a11", "b"): Actual object 'a11' and expected object 'b' are not equal

2019-06-25 14:25:45 - [MESSAGE][PASSED] - Actual object 'a11' and expected object 'b' are not equal

2019-06-25 14:25:45 - [TEST_STEP][PASSED] - delay(2): Delayed 2 second(s)

2019-06-25 14:25:47 - [MESSAGE][PASSED] - Delayed 2 second(s)

2019-06-25 14:25:47 - [TEST_STEP][NOT_RUN] - click(findTestObject("APOLLO- Desktop/Collection page/Filter/Color dropdown")): NOT_RUN: click(findTestObject("APOLLO- Desktop/Collection page/Filter/Color dropdown"))

2019-06-25 14:25:47 - [MESSAGE][NOT_RUN] - NOT_RUN: click(findTestObject("APOLLO- Desktop/Collection page/Filter/Color dropdown"))

2019-06-25 14:25:47 - [TEST_STEP][PASSED] - delay(2): Delayed 2 second(s)

2019-06-25 14:25:49 - [MESSAGE][PASSED] - Delayed 2 second(s)

2019-06-25 14:25:49 - [TEST_STEP][PASSED] - click(findTestObject("APOLLO- Desktop/Collection page/Filter/a_Clear all filters")): Object: 'Object Repository/APOLLO- Desktop/Collection page/Filter/a_Clear all filters' is clicked on

2019-06-25 14:25:49 - [MESSAGE][PASSED] - Object: 'Object Repository/APOLLO- Desktop/Collection page/Filter/a_Clear all filters' is clicked on

2019-06-25 14:25:49 - [TEST_STEP][PASSED] - delay(2): Delayed 2 second(s)

2019-06-25 14:25:51 - [MESSAGE][PASSED] - Delayed 2 second(s)

2019-06-25 14:25:51 - [TEST_STEP][PASSED] - a12 = getText(findTestObject("APOLLO- Desktop/Collection page/Filter/Filtered count")): Text of object 'Object Repository/APOLLO- Desktop/Collection page/Filter/Filtered count' is: '7'

2019-06-25 14:25:52 - [MESSAGE][PASSED] - Text of object 'Object Repository/APOLLO- Desktop/Collection page/Filter/Filtered count' is: '7'

2019-06-25 14:25:52 - [TEST_STEP][PASSED] - delay(2): Delayed 2 second(s)

2019-06-25 14:25:54 - [MESSAGE][PASSED] - Delayed 2 second(s)

2019-06-25 14:25:54 - [TEST_STEP][PASSED] - comment("a12=" + a12): a12=7

2019-06-25 14:25:54 - [MESSAGE][INFO] - a12=7

2019-06-25 14:25:54 - [TEST_STEP][PASSED] - verifyNotEqual("a12", "b"): Actual object 'a12' and expected object 'b' are not equal

2019-06-25 14:25:54 - [MESSAGE][PASSED] - Actual object 'a12' and expected object 'b' are not equal]]></system-out>
         <system-err><![CDATA[]]></system-err>
      </testcase>
      <testcase name="Test Cases/HOME PAGE/Store locator" classname="Test Cases/HOME PAGE/Store locator" status="PASSED">
         <system-out><![CDATA[2019-06-25 14:25:54 - [TEST_CASE][PASSED] - Test Cases/HOME PAGE/Store locator: Test Cases/HOME PAGE/Store locator

2019-06-25 14:25:54 - [TEST_STEP][PASSED] - callTestCase(findTestCase("CALL - URL"), [:], STOP_ON_FAILURE): Call Test Case 'Test Cases/CALL - URL' successfully

2019-06-25 14:25:54 - [TEST_CASE][PASSED] - Test Cases/CALL - URL: Test Cases/CALL - URL

2019-06-25 14:25:54 - [TEST_STEP][PASSED] - openBrowser(""): Browser is opened with url: ''

2019-06-25 14:25:54 - [MESSAGE][WARNING] - A browser is already opened. Closing browser and opening a new one

2019-06-25 14:25:54 - [MESSAGE][INFO] - Starting 'Safari' driver

2019-06-25 14:25:56 - [MESSAGE][PASSED] - Browser is opened with url: ''

2019-06-25 14:25:56 - [TEST_STEP][PASSED] - navigateToUrl("https://diff-apollo.myshopify.com/?key=eec34184cfd8f82cda816f82753a8c8e9e240f30cf54470e19667b8cbb401948&preview_theme_id="): Navigate to 'https://diff-apollo.myshopify.com/?key=eec34184cfd8f82cda816f82753a8c8e9e240f30cf54470e19667b8cbb401948&preview_theme_id=' successfully

2019-06-25 14:25:57 - [MESSAGE][PASSED] - Navigate to 'https://diff-apollo.myshopify.com/?key=eec34184cfd8f82cda816f82753a8c8e9e240f30cf54470e19667b8cbb401948&preview_theme_id=' successfully

2019-06-25 14:25:57 - [TEST_STEP][NOT_RUN] - executeJavaScript("var previewBar = document.getElementById("preview-bar-iframe"); previewBar.style.display = "none";", []): NOT_RUN: executeJavaScript("var previewBar = document.getElementById("preview-bar-iframe"); previewBar.style.display = "none";", [])

2019-06-25 14:25:57 - [MESSAGE][NOT_RUN] - NOT_RUN: executeJavaScript("var previewBar = document.getElementById("preview-bar-iframe"); previewBar.style.display = "none";", [])

2019-06-25 14:25:57 - [TEST_STEP][PASSED] - maximizeWindow(): Current window maximized

2019-06-25 14:25:57 - [MESSAGE][PASSED] - Current window maximized

2019-06-25 14:25:57 - [MESSAGE][PASSED] - Call Test Case 'Test Cases/CALL - URL' successfully

2019-06-25 14:25:57 - [TEST_STEP][PASSED] - delay(2): Delayed 2 second(s)

2019-06-25 14:25:59 - [MESSAGE][PASSED] - Delayed 2 second(s)

2019-06-25 14:25:59 - [TEST_STEP][PASSED] - click(findTestObject("APOLLO- Desktop/Home page/Map location icon")): Object: 'Object Repository/APOLLO- Desktop/Home page/Map location icon' is clicked on

2019-06-25 14:26:01 - [MESSAGE][PASSED] - Object: 'Object Repository/APOLLO- Desktop/Home page/Map location icon' is clicked on

2019-06-25 14:26:01 - [TEST_STEP][PASSED] - a = getWindowTitle(): Current window's title is: 'Our Store – Diff Apollo'

2019-06-25 14:26:01 - [MESSAGE][PASSED] - Current window's title is: 'Our Store – Diff Apollo'

2019-06-25 14:26:01 - [TEST_STEP][PASSED] - comment(" a=" + a):  a=Our Store – Diff Apollo

2019-06-25 14:26:01 - [MESSAGE][INFO] -  a=Our Store – Diff Apollo

2019-06-25 14:26:01 - [TEST_STEP][PASSED] - b = "Our Store – Diff Apollo": null

2019-06-25 14:26:01 - [TEST_STEP][PASSED] - if (a == b):  navigation is on right page

2019-06-25 14:26:01 - [TEST_STEP][PASSED] - comment(" navigation is on right page"):  navigation is on right page

2019-06-25 14:26:01 - [MESSAGE][INFO] -  navigation is on right page]]></system-out>
         <system-err><![CDATA[]]></system-err>
      </testcase>
      <testcase name="Test Cases/HOME PAGE/New letter and video CTA" classname="Test Cases/HOME PAGE/New letter and video CTA" status="FAILED">
         <failure type="FAILED" message="Test Cases/HOME PAGE/New letter and video CTA FAILED.
Reason:
com.kms.katalon.core.exception.StepFailedException: Unable to click on object 'Object Repository/APOLLO- Desktop/Home page/News letter and CTA/start shopping' (Root cause: com.kms.katalon.core.webui.exception.WebElementNotFoundException: Web element with id: 'Object Repository/APOLLO- Desktop/Home page/News letter and CTA/start shopping' located by 'By.xpath: //a[contains(text(),'start shopping')]' not found)
	at com.kms.katalon.core.keyword.internal.KeywordMain.stepFailed(KeywordMain.groovy:36)
	at com.kms.katalon.core.webui.keyword.internal.WebUIKeywordMain.stepFailed(WebUIKeywordMain.groovy:65)
	at com.kms.katalon.core.webui.keyword.internal.WebUIKeywordMain.runKeyword(WebUIKeywordMain.groovy:27)
	at com.kms.katalon.core.webui.keyword.builtin.ClickKeyword.click(ClickKeyword.groovy:86)
	at com.kms.katalon.core.webui.keyword.builtin.ClickKeyword.execute(ClickKeyword.groovy:67)
	at com.kms.katalon.core.keyword.internal.KeywordExecutor.executeKeywordForPlatform(KeywordExecutor.groovy:53)
	at com.kms.katalon.core.webui.keyword.WebUiBuiltInKeywords.click(WebUiBuiltInKeywords.groovy:616)
	at com.kms.katalon.core.webui.keyword.WebUiBuiltInKeywords$click$2.call(Unknown Source)
	at New letter and video CTA.run(New letter and video CTA:48)
	at com.kms.katalon.core.main.ScriptEngine.run(ScriptEngine.java:194)
	at com.kms.katalon.core.main.ScriptEngine.runScriptAsRawText(ScriptEngine.java:119)
	at com.kms.katalon.core.main.TestCaseExecutor.runScript(TestCaseExecutor.java:328)
	at com.kms.katalon.core.main.TestCaseExecutor.doExecute(TestCaseExecutor.java:319)
	at com.kms.katalon.core.main.TestCaseExecutor.processExecutionPhase(TestCaseExecutor.java:298)
	at com.kms.katalon.core.main.TestCaseExecutor.accessMainPhase(TestCaseExecutor.java:290)
	at com.kms.katalon.core.main.TestCaseExecutor.execute(TestCaseExecutor.java:224)
	at com.kms.katalon.core.main.TestSuiteExecutor.accessTestCaseMainPhase(TestSuiteExecutor.java:129)
	at com.kms.katalon.core.main.TestSuiteExecutor.accessTestSuiteMainPhase(TestSuiteExecutor.java:112)
	at com.kms.katalon.core.main.TestSuiteExecutor.execute(TestSuiteExecutor.java:81)
	at com.kms.katalon.core.main.TestCaseMain.startTestSuite(TestCaseMain.java:149)
	at com.kms.katalon.core.main.TestCaseMain$startTestSuite$0.call(Unknown Source)
	at TempTestSuite1561486823730.run(TempTestSuite1561486823730.groovy:36)
"/>
         <system-out><![CDATA[2019-06-25 14:26:01 - [TEST_CASE][FAILED] - Test Cases/HOME PAGE/New letter and video CTA: Test Cases/HOME PAGE/New letter and video CTA FAILED.
Reason:
com.kms.katalon.core.exception.StepFailedException: Unable to click on object 'Object Repository/APOLLO- Desktop/Home page/News letter and CTA/start shopping' (Root cause: com.kms.katalon.core.webui.exception.WebElementNotFoundException: Web element with id: 'Object Repository/APOLLO- Desktop/Home page/News letter and CTA/start shopping' located by 'By.xpath: //a[contains(text(),'start shopping')]' not found)
	at com.kms.katalon.core.keyword.internal.KeywordMain.stepFailed(KeywordMain.groovy:36)
	at com.kms.katalon.core.webui.keyword.internal.WebUIKeywordMain.stepFailed(WebUIKeywordMain.groovy:65)
	at com.kms.katalon.core.webui.keyword.internal.WebUIKeywordMain.runKeyword(WebUIKeywordMain.groovy:27)
	at com.kms.katalon.core.webui.keyword.builtin.ClickKeyword.click(ClickKeyword.groovy:86)
	at com.kms.katalon.core.webui.keyword.builtin.ClickKeyword.execute(ClickKeyword.groovy:67)
	at com.kms.katalon.core.keyword.internal.KeywordExecutor.executeKeywordForPlatform(KeywordExecutor.groovy:53)
	at com.kms.katalon.core.webui.keyword.WebUiBuiltInKeywords.click(WebUiBuiltInKeywords.groovy:616)
	at com.kms.katalon.core.webui.keyword.WebUiBuiltInKeywords$click$2.call(Unknown Source)
	at New letter and video CTA.run(New letter and video CTA:48)
	at com.kms.katalon.core.main.ScriptEngine.run(ScriptEngine.java:194)
	at com.kms.katalon.core.main.ScriptEngine.runScriptAsRawText(ScriptEngine.java:119)
	at com.kms.katalon.core.main.TestCaseExecutor.runScript(TestCaseExecutor.java:328)
	at com.kms.katalon.core.main.TestCaseExecutor.doExecute(TestCaseExecutor.java:319)
	at com.kms.katalon.core.main.TestCaseExecutor.processExecutionPhase(TestCaseExecutor.java:298)
	at com.kms.katalon.core.main.TestCaseExecutor.accessMainPhase(TestCaseExecutor.java:290)
	at com.kms.katalon.core.main.TestCaseExecutor.execute(TestCaseExecutor.java:224)
	at com.kms.katalon.core.main.TestSuiteExecutor.accessTestCaseMainPhase(TestSuiteExecutor.java:129)
	at com.kms.katalon.core.main.TestSuiteExecutor.accessTestSuiteMainPhase(TestSuiteExecutor.java:112)
	at com.kms.katalon.core.main.TestSuiteExecutor.execute(TestSuiteExecutor.java:81)
	at com.kms.katalon.core.main.TestCaseMain.startTestSuite(TestCaseMain.java:149)
	at com.kms.katalon.core.main.TestCaseMain$startTestSuite$0.call(Unknown Source)
	at TempTestSuite1561486823730.run(TempTestSuite1561486823730.groovy:36)


2019-06-25 14:26:01 - [TEST_STEP][PASSED] - callTestCase(findTestCase("CALL - URL"), [:], STOP_ON_FAILURE): Call Test Case 'Test Cases/CALL - URL' successfully

2019-06-25 14:26:01 - [TEST_CASE][PASSED] - Test Cases/CALL - URL: Test Cases/CALL - URL

2019-06-25 14:26:01 - [TEST_STEP][PASSED] - openBrowser(""): Browser is opened with url: ''

2019-06-25 14:26:01 - [MESSAGE][WARNING] - A browser is already opened. Closing browser and opening a new one

2019-06-25 14:26:01 - [MESSAGE][INFO] - Starting 'Safari' driver

2019-06-25 14:26:02 - [MESSAGE][PASSED] - Browser is opened with url: ''

2019-06-25 14:26:02 - [TEST_STEP][PASSED] - navigateToUrl("https://diff-apollo.myshopify.com/?key=eec34184cfd8f82cda816f82753a8c8e9e240f30cf54470e19667b8cbb401948&preview_theme_id="): Navigate to 'https://diff-apollo.myshopify.com/?key=eec34184cfd8f82cda816f82753a8c8e9e240f30cf54470e19667b8cbb401948&preview_theme_id=' successfully

2019-06-25 14:26:04 - [MESSAGE][PASSED] - Navigate to 'https://diff-apollo.myshopify.com/?key=eec34184cfd8f82cda816f82753a8c8e9e240f30cf54470e19667b8cbb401948&preview_theme_id=' successfully

2019-06-25 14:26:04 - [TEST_STEP][NOT_RUN] - executeJavaScript("var previewBar = document.getElementById("preview-bar-iframe"); previewBar.style.display = "none";", []): NOT_RUN: executeJavaScript("var previewBar = document.getElementById("preview-bar-iframe"); previewBar.style.display = "none";", [])

2019-06-25 14:26:04 - [MESSAGE][NOT_RUN] - NOT_RUN: executeJavaScript("var previewBar = document.getElementById("preview-bar-iframe"); previewBar.style.display = "none";", [])

2019-06-25 14:26:04 - [TEST_STEP][PASSED] - maximizeWindow(): Current window maximized

2019-06-25 14:26:04 - [MESSAGE][PASSED] - Current window maximized

2019-06-25 14:26:04 - [MESSAGE][PASSED] - Call Test Case 'Test Cases/CALL - URL' successfully

2019-06-25 14:26:04 - [TEST_STEP][PASSED] - delay(2): Delayed 2 second(s)

2019-06-25 14:26:06 - [MESSAGE][PASSED] - Delayed 2 second(s)

2019-06-25 14:26:06 - [TEST_STEP][PASSED] - scrollToElement(findTestObject("APOLLO- Desktop/Home page/News letter and CTA/Subscribe to our newsletter"), 0): Scroll to object 'Object Repository/APOLLO- Desktop/Home page/News letter and CTA/Subscribe to our newsletter' successfully

2019-06-25 14:26:06 - [MESSAGE][WARNING] - Timeout '0' is invalid. Using default page load timeout: '30'

2019-06-25 14:26:07 - [MESSAGE][PASSED] - Scroll to object 'Object Repository/APOLLO- Desktop/Home page/News letter and CTA/Subscribe to our newsletter' successfully

2019-06-25 14:26:07 - [TEST_STEP][PASSED] - delay(2): Delayed 2 second(s)

2019-06-25 14:26:09 - [MESSAGE][PASSED] - Delayed 2 second(s)

2019-06-25 14:26:09 - [TEST_STEP][PASSED] - setText(findTestObject("APOLLO- Desktop/Home page/News letter and CTA/input_Subscribe to our newsletter"), "suman@gmail.com"): Text 'suman@gmail.com' is set on object 'Object Repository/APOLLO- Desktop/Home page/News letter and CTA/input_Subscribe to our newsletter'

2019-06-25 14:26:10 - [MESSAGE][PASSED] - Text 'suman@gmail.com' is set on object 'Object Repository/APOLLO- Desktop/Home page/News letter and CTA/input_Subscribe to our newsletter'

2019-06-25 14:26:10 - [TEST_STEP][PASSED] - delay(2): Delayed 2 second(s)

2019-06-25 14:26:12 - [MESSAGE][PASSED] - Delayed 2 second(s)

2019-06-25 14:26:12 - [TEST_STEP][PASSED] - click(findTestObject("APOLLO- Desktop/Home page/News letter and CTA/button Sign Up")): Object: 'Object Repository/APOLLO- Desktop/Home page/News letter and CTA/button Sign Up' is clicked on

2019-06-25 14:26:13 - [MESSAGE][PASSED] - Object: 'Object Repository/APOLLO- Desktop/Home page/News letter and CTA/button Sign Up' is clicked on

2019-06-25 14:26:13 - [TEST_STEP][PASSED] - delay(2): Delayed 2 second(s)

2019-06-25 14:26:15 - [MESSAGE][PASSED] - Delayed 2 second(s)

2019-06-25 14:26:15 - [TEST_STEP][NOT_RUN] - a = getText(findTestObject("APOLLO- Desktop/Home page/News letter and CTA/p_Thanks for signing up for ou")): NOT_RUN: a = getText(findTestObject("APOLLO- Desktop/Home page/News letter and CTA/p_Thanks for signing up for ou"))

2019-06-25 14:26:15 - [MESSAGE][NOT_RUN] - NOT_RUN: a = getText(findTestObject("APOLLO- Desktop/Home page/News letter and CTA/p_Thanks for signing up for ou"))

2019-06-25 14:26:15 - [TEST_STEP][NOT_RUN] - comment("a=" + a): NOT_RUN: comment("a=" + a)

2019-06-25 14:26:15 - [MESSAGE][NOT_RUN] - NOT_RUN: comment("a=" + a)

2019-06-25 14:26:15 - [TEST_STEP][NOT_RUN] - delay(2): NOT_RUN: delay(2)

2019-06-25 14:26:15 - [MESSAGE][NOT_RUN] - NOT_RUN: delay(2)

2019-06-25 14:26:15 - [TEST_STEP][NOT_RUN] - b = "Thanks for signing up for our newsletter ": NOT_RUN: b = "Thanks for signing up for our newsletter "

2019-06-25 14:26:15 - [MESSAGE][NOT_RUN] - NOT_RUN: b = "Thanks for signing up for our newsletter "

2019-06-25 14:26:15 - [TEST_STEP][NOT_RUN] - if (a == b): NOT_RUN: if (a == b)

2019-06-25 14:26:15 - [MESSAGE][NOT_RUN] - NOT_RUN: if (a == b)

2019-06-25 14:26:15 - [TEST_STEP][PASSED] - delay(2): Delayed 2 second(s)

2019-06-25 14:26:17 - [MESSAGE][PASSED] - Delayed 2 second(s)

2019-06-25 14:26:17 - [TEST_STEP][FAILED] - click(findTestObject("APOLLO- Desktop/Home page/News letter and CTA/start shopping")): click(findTestObject("APOLLO- Desktop/Home page/News letter and CTA/start shopping")) FAILED.
Reason:
com.kms.katalon.core.exception.StepFailedException: Unable to click on object 'Object Repository/APOLLO- Desktop/Home page/News letter and CTA/start shopping' (Root cause: com.kms.katalon.core.webui.exception.WebElementNotFoundException: Web element with id: 'Object Repository/APOLLO- Desktop/Home page/News letter and CTA/start shopping' located by 'By.xpath: //a[contains(text(),'start shopping')]' not found)
	at com.kms.katalon.core.keyword.internal.KeywordMain.stepFailed(KeywordMain.groovy:36)
	at com.kms.katalon.core.webui.keyword.internal.WebUIKeywordMain.stepFailed(WebUIKeywordMain.groovy:65)
	at com.kms.katalon.core.webui.keyword.internal.WebUIKeywordMain.runKeyword(WebUIKeywordMain.groovy:27)
	at com.kms.katalon.core.webui.keyword.builtin.ClickKeyword.click(ClickKeyword.groovy:86)
	at com.kms.katalon.core.webui.keyword.builtin.ClickKeyword.execute(ClickKeyword.groovy:67)
	at com.kms.katalon.core.keyword.internal.KeywordExecutor.executeKeywordForPlatform(KeywordExecutor.groovy:53)
	at com.kms.katalon.core.webui.keyword.WebUiBuiltInKeywords.click(WebUiBuiltInKeywords.groovy:616)
	at com.kms.katalon.core.webui.keyword.WebUiBuiltInKeywords$click$2.call(Unknown Source)
	at New letter and video CTA.run(New letter and video CTA:48)
	at com.kms.katalon.core.main.ScriptEngine.run(ScriptEngine.java:194)
	at com.kms.katalon.core.main.ScriptEngine.runScriptAsRawText(ScriptEngine.java:119)
	at com.kms.katalon.core.main.TestCaseExecutor.runScript(TestCaseExecutor.java:328)
	at com.kms.katalon.core.main.TestCaseExecutor.doExecute(TestCaseExecutor.java:319)
	at com.kms.katalon.core.main.TestCaseExecutor.processExecutionPhase(TestCaseExecutor.java:298)
	at com.kms.katalon.core.main.TestCaseExecutor.accessMainPhase(TestCaseExecutor.java:290)
	at com.kms.katalon.core.main.TestCaseExecutor.execute(TestCaseExecutor.java:224)
	at com.kms.katalon.core.main.TestSuiteExecutor.accessTestCaseMainPhase(TestSuiteExecutor.java:129)
	at com.kms.katalon.core.main.TestSuiteExecutor.accessTestSuiteMainPhase(TestSuiteExecutor.java:112)
	at com.kms.katalon.core.main.TestSuiteExecutor.execute(TestSuiteExecutor.java:81)
	at com.kms.katalon.core.main.TestCaseMain.startTestSuite(TestCaseMain.java:149)
	at com.kms.katalon.core.main.TestCaseMain$startTestSuite$0.call(Unknown Source)
	at TempTestSuite1561486823730.run(TempTestSuite1561486823730.groovy:36)


2019-06-25 14:26:59 - [MESSAGE][INFO] - Unable to find the element located by 'By.xpath: //a[contains(text(),'start shopping')]'. Please recheck the objects properties to make sure the desired element is located. 

2019-06-25 14:26:59 - [MESSAGE][FAILED] - Unable to click on object 'Object Repository/APOLLO- Desktop/Home page/News letter and CTA/start shopping' (Root cause: com.kms.katalon.core.webui.exception.WebElementNotFoundException: Web element with id: 'Object Repository/APOLLO- Desktop/Home page/News letter and CTA/start shopping' located by 'By.xpath: //a[contains(text(),'start shopping')]' not found)
[[ATTACHMENT|/Users/sumankompelly/Katalon Studio/APOLLO/Reports/Apollo - dark build/20190625_142023/1561487219163.png]]

2019-06-25 14:26:59 - [MESSAGE][FAILED] - click(findTestObject("APOLLO- Desktop/Home page/News letter and CTA/start shopping")) FAILED.
Reason:
com.kms.katalon.core.exception.StepFailedException: Unable to click on object 'Object Repository/APOLLO- Desktop/Home page/News letter and CTA/start shopping' (Root cause: com.kms.katalon.core.webui.exception.WebElementNotFoundException: Web element with id: 'Object Repository/APOLLO- Desktop/Home page/News letter and CTA/start shopping' located by 'By.xpath: //a[contains(text(),'start shopping')]' not found)
	at com.kms.katalon.core.keyword.internal.KeywordMain.stepFailed(KeywordMain.groovy:36)
	at com.kms.katalon.core.webui.keyword.internal.WebUIKeywordMain.stepFailed(WebUIKeywordMain.groovy:65)
	at com.kms.katalon.core.webui.keyword.internal.WebUIKeywordMain.runKeyword(WebUIKeywordMain.groovy:27)
	at com.kms.katalon.core.webui.keyword.builtin.ClickKeyword.click(ClickKeyword.groovy:86)
	at com.kms.katalon.core.webui.keyword.builtin.ClickKeyword.execute(ClickKeyword.groovy:67)
	at com.kms.katalon.core.keyword.internal.KeywordExecutor.executeKeywordForPlatform(KeywordExecutor.groovy:53)
	at com.kms.katalon.core.webui.keyword.WebUiBuiltInKeywords.click(WebUiBuiltInKeywords.groovy:616)
	at com.kms.katalon.core.webui.keyword.WebUiBuiltInKeywords$click$2.call(Unknown Source)
	at New letter and video CTA.run(New letter and video CTA:48)
	at com.kms.katalon.core.main.ScriptEngine.run(ScriptEngine.java:194)
	at com.kms.katalon.core.main.ScriptEngine.runScriptAsRawText(ScriptEngine.java:119)
	at com.kms.katalon.core.main.TestCaseExecutor.runScript(TestCaseExecutor.java:328)
	at com.kms.katalon.core.main.TestCaseExecutor.doExecute(TestCaseExecutor.java:319)
	at com.kms.katalon.core.main.TestCaseExecutor.processExecutionPhase(TestCaseExecutor.java:298)
	at com.kms.katalon.core.main.TestCaseExecutor.accessMainPhase(TestCaseExecutor.java:290)
	at com.kms.katalon.core.main.TestCaseExecutor.execute(TestCaseExecutor.java:224)
	at com.kms.katalon.core.main.TestSuiteExecutor.accessTestCaseMainPhase(TestSuiteExecutor.java:129)
	at com.kms.katalon.core.main.TestSuiteExecutor.accessTestSuiteMainPhase(TestSuiteExecutor.java:112)
	at com.kms.katalon.core.main.TestSuiteExecutor.execute(TestSuiteExecutor.java:81)
	at com.kms.katalon.core.main.TestCaseMain.startTestSuite(TestCaseMain.java:149)
	at com.kms.katalon.core.main.TestCaseMain$startTestSuite$0.call(Unknown Source)
	at TempTestSuite1561486823730.run(TempTestSuite1561486823730.groovy:36)]]></system-out>
         <system-err><![CDATA[2019-06-25 14:26:01 - [TEST_CASE][FAILED] - Test Cases/HOME PAGE/New letter and video CTA: Test Cases/HOME PAGE/New letter and video CTA FAILED.
Reason:
com.kms.katalon.core.exception.StepFailedException: Unable to click on object 'Object Repository/APOLLO- Desktop/Home page/News letter and CTA/start shopping' (Root cause: com.kms.katalon.core.webui.exception.WebElementNotFoundException: Web element with id: 'Object Repository/APOLLO- Desktop/Home page/News letter and CTA/start shopping' located by 'By.xpath: //a[contains(text(),'start shopping')]' not found)
	at com.kms.katalon.core.keyword.internal.KeywordMain.stepFailed(KeywordMain.groovy:36)
	at com.kms.katalon.core.webui.keyword.internal.WebUIKeywordMain.stepFailed(WebUIKeywordMain.groovy:65)
	at com.kms.katalon.core.webui.keyword.internal.WebUIKeywordMain.runKeyword(WebUIKeywordMain.groovy:27)
	at com.kms.katalon.core.webui.keyword.builtin.ClickKeyword.click(ClickKeyword.groovy:86)
	at com.kms.katalon.core.webui.keyword.builtin.ClickKeyword.execute(ClickKeyword.groovy:67)
	at com.kms.katalon.core.keyword.internal.KeywordExecutor.executeKeywordForPlatform(KeywordExecutor.groovy:53)
	at com.kms.katalon.core.webui.keyword.WebUiBuiltInKeywords.click(WebUiBuiltInKeywords.groovy:616)
	at com.kms.katalon.core.webui.keyword.WebUiBuiltInKeywords$click$2.call(Unknown Source)
	at New letter and video CTA.run(New letter and video CTA:48)
	at com.kms.katalon.core.main.ScriptEngine.run(ScriptEngine.java:194)
	at com.kms.katalon.core.main.ScriptEngine.runScriptAsRawText(ScriptEngine.java:119)
	at com.kms.katalon.core.main.TestCaseExecutor.runScript(TestCaseExecutor.java:328)
	at com.kms.katalon.core.main.TestCaseExecutor.doExecute(TestCaseExecutor.java:319)
	at com.kms.katalon.core.main.TestCaseExecutor.processExecutionPhase(TestCaseExecutor.java:298)
	at com.kms.katalon.core.main.TestCaseExecutor.accessMainPhase(TestCaseExecutor.java:290)
	at com.kms.katalon.core.main.TestCaseExecutor.execute(TestCaseExecutor.java:224)
	at com.kms.katalon.core.main.TestSuiteExecutor.accessTestCaseMainPhase(TestSuiteExecutor.java:129)
	at com.kms.katalon.core.main.TestSuiteExecutor.accessTestSuiteMainPhase(TestSuiteExecutor.java:112)
	at com.kms.katalon.core.main.TestSuiteExecutor.execute(TestSuiteExecutor.java:81)
	at com.kms.katalon.core.main.TestCaseMain.startTestSuite(TestCaseMain.java:149)
	at com.kms.katalon.core.main.TestCaseMain$startTestSuite$0.call(Unknown Source)
	at TempTestSuite1561486823730.run(TempTestSuite1561486823730.groovy:36)]]></system-err>
      </testcase>
      <testcase name="Test Cases/HOME PAGE/Hero banner - CTA" classname="Test Cases/HOME PAGE/Hero banner - CTA" status="PASSED">
         <system-out><![CDATA[2019-06-25 14:26:59 - [TEST_CASE][PASSED] - Test Cases/HOME PAGE/Hero banner - CTA: Test Cases/HOME PAGE/Hero banner - CTA

2019-06-25 14:26:59 - [TEST_STEP][PASSED] - callTestCase(findTestCase("CALL - URL"), [:], STOP_ON_FAILURE): Call Test Case 'Test Cases/CALL - URL' successfully

2019-06-25 14:26:59 - [TEST_CASE][PASSED] - Test Cases/CALL - URL: Test Cases/CALL - URL

2019-06-25 14:26:59 - [TEST_STEP][PASSED] - openBrowser(""): Browser is opened with url: ''

2019-06-25 14:26:59 - [MESSAGE][WARNING] - A browser is already opened. Closing browser and opening a new one

2019-06-25 14:27:00 - [MESSAGE][INFO] - Starting 'Safari' driver

2019-06-25 14:27:00 - [MESSAGE][PASSED] - Browser is opened with url: ''

2019-06-25 14:27:00 - [TEST_STEP][PASSED] - navigateToUrl("https://diff-apollo.myshopify.com/?key=eec34184cfd8f82cda816f82753a8c8e9e240f30cf54470e19667b8cbb401948&preview_theme_id="): Navigate to 'https://diff-apollo.myshopify.com/?key=eec34184cfd8f82cda816f82753a8c8e9e240f30cf54470e19667b8cbb401948&preview_theme_id=' successfully

2019-06-25 14:27:02 - [MESSAGE][PASSED] - Navigate to 'https://diff-apollo.myshopify.com/?key=eec34184cfd8f82cda816f82753a8c8e9e240f30cf54470e19667b8cbb401948&preview_theme_id=' successfully

2019-06-25 14:27:02 - [TEST_STEP][NOT_RUN] - executeJavaScript("var previewBar = document.getElementById("preview-bar-iframe"); previewBar.style.display = "none";", []): NOT_RUN: executeJavaScript("var previewBar = document.getElementById("preview-bar-iframe"); previewBar.style.display = "none";", [])

2019-06-25 14:27:02 - [MESSAGE][NOT_RUN] - NOT_RUN: executeJavaScript("var previewBar = document.getElementById("preview-bar-iframe"); previewBar.style.display = "none";", [])

2019-06-25 14:27:02 - [TEST_STEP][PASSED] - maximizeWindow(): Current window maximized

2019-06-25 14:27:02 - [MESSAGE][PASSED] - Current window maximized

2019-06-25 14:27:02 - [MESSAGE][PASSED] - Call Test Case 'Test Cases/CALL - URL' successfully

2019-06-25 14:27:02 - [TEST_STEP][PASSED] - delay(2): Delayed 2 second(s)

2019-06-25 14:27:04 - [MESSAGE][PASSED] - Delayed 2 second(s)

2019-06-25 14:27:04 - [TEST_STEP][PASSED] - click(findTestObject("APOLLO- Desktop/Home page/Hero banner - CTA/First slick slide")): Object: 'Object Repository/APOLLO- Desktop/Home page/Hero banner - CTA/First slick slide' is clicked on

2019-06-25 14:27:04 - [MESSAGE][PASSED] - Object: 'Object Repository/APOLLO- Desktop/Home page/Hero banner - CTA/First slick slide' is clicked on

2019-06-25 14:27:04 - [TEST_STEP][PASSED] - delay(2): Delayed 2 second(s)

2019-06-25 14:27:06 - [MESSAGE][PASSED] - Delayed 2 second(s)

2019-06-25 14:27:06 - [TEST_STEP][PASSED] - click(findTestObject("APOLLO- Desktop/Home page/Hero banner - CTA/Shop Men button")): Object: 'Object Repository/APOLLO- Desktop/Home page/Hero banner - CTA/Shop Men button' is clicked on

2019-06-25 14:27:09 - [MESSAGE][PASSED] - Object: 'Object Repository/APOLLO- Desktop/Home page/Hero banner - CTA/Shop Men button' is clicked on

2019-06-25 14:27:09 - [TEST_STEP][PASSED] - delay(2): Delayed 2 second(s)

2019-06-25 14:27:11 - [MESSAGE][PASSED] - Delayed 2 second(s)

2019-06-25 14:27:11 - [TEST_STEP][PASSED] - click(findTestObject("APOLLO- Desktop/Home page/Hero banner - CTA/Apollo icon")): Object: 'Object Repository/APOLLO- Desktop/Home page/Hero banner - CTA/Apollo icon' is clicked on

2019-06-25 14:27:12 - [MESSAGE][PASSED] - Object: 'Object Repository/APOLLO- Desktop/Home page/Hero banner - CTA/Apollo icon' is clicked on

2019-06-25 14:27:12 - [TEST_STEP][PASSED] - delay(2): Delayed 2 second(s)

2019-06-25 14:27:14 - [MESSAGE][PASSED] - Delayed 2 second(s)

2019-06-25 14:27:14 - [TEST_STEP][PASSED] - click(findTestObject("APOLLO- Desktop/Home page/Hero banner - CTA/second slick slide")): Object: 'Object Repository/APOLLO- Desktop/Home page/Hero banner - CTA/second slick slide' is clicked on

2019-06-25 14:27:14 - [MESSAGE][PASSED] - Object: 'Object Repository/APOLLO- Desktop/Home page/Hero banner - CTA/second slick slide' is clicked on

2019-06-25 14:27:14 - [TEST_STEP][PASSED] - delay(2): Delayed 2 second(s)

2019-06-25 14:27:16 - [MESSAGE][PASSED] - Delayed 2 second(s)

2019-06-25 14:27:16 - [TEST_STEP][PASSED] - click(findTestObject("APOLLO- Desktop/Home page/Hero banner - CTA/Shop Women button")): Object: 'Object Repository/APOLLO- Desktop/Home page/Hero banner - CTA/Shop Women button' is clicked on

2019-06-25 14:27:18 - [MESSAGE][PASSED] - Object: 'Object Repository/APOLLO- Desktop/Home page/Hero banner - CTA/Shop Women button' is clicked on

2019-06-25 14:27:18 - [TEST_STEP][PASSED] - delay(2): Delayed 2 second(s)

2019-06-25 14:27:20 - [MESSAGE][PASSED] - Delayed 2 second(s)

2019-06-25 14:27:20 - [TEST_STEP][PASSED] - click(findTestObject("APOLLO- Desktop/Home page/Hero banner - CTA/Apollo icon")): Object: 'Object Repository/APOLLO- Desktop/Home page/Hero banner - CTA/Apollo icon' is clicked on

2019-06-25 14:27:20 - [MESSAGE][PASSED] - Object: 'Object Repository/APOLLO- Desktop/Home page/Hero banner - CTA/Apollo icon' is clicked on

2019-06-25 14:27:20 - [TEST_STEP][PASSED] - delay(2): Delayed 2 second(s)

2019-06-25 14:27:22 - [MESSAGE][PASSED] - Delayed 2 second(s)

2019-06-25 14:27:22 - [TEST_STEP][PASSED] - click(findTestObject("APOLLO- Desktop/Home page/Hero banner - CTA/Third slick slide")): Object: 'Object Repository/APOLLO- Desktop/Home page/Hero banner - CTA/Third slick slide' is clicked on

2019-06-25 14:27:23 - [MESSAGE][PASSED] - Object: 'Object Repository/APOLLO- Desktop/Home page/Hero banner - CTA/Third slick slide' is clicked on

2019-06-25 14:27:23 - [TEST_STEP][PASSED] - delay(2): Delayed 2 second(s)

2019-06-25 14:27:25 - [MESSAGE][PASSED] - Delayed 2 second(s)

2019-06-25 14:27:25 - [TEST_STEP][PASSED] - click(findTestObject("APOLLO- Desktop/Home page/Hero banner - CTA/Shop womesn outer wear")): Object: 'Object Repository/APOLLO- Desktop/Home page/Hero banner - CTA/Shop womesn outer wear' is clicked on

2019-06-25 14:27:27 - [MESSAGE][PASSED] - Object: 'Object Repository/APOLLO- Desktop/Home page/Hero banner - CTA/Shop womesn outer wear' is clicked on

2019-06-25 14:27:27 - [TEST_STEP][PASSED] - delay(2): Delayed 2 second(s)

2019-06-25 14:27:29 - [MESSAGE][PASSED] - Delayed 2 second(s)

2019-06-25 14:27:29 - [TEST_STEP][PASSED] - click(findTestObject("APOLLO- Desktop/Home page/Hero banner - CTA/Apollo icon")): Object: 'Object Repository/APOLLO- Desktop/Home page/Hero banner - CTA/Apollo icon' is clicked on

2019-06-25 14:27:29 - [MESSAGE][PASSED] - Object: 'Object Repository/APOLLO- Desktop/Home page/Hero banner - CTA/Apollo icon' is clicked on

2019-06-25 14:27:29 - [TEST_STEP][PASSED] - delay(2): Delayed 2 second(s)

2019-06-25 14:27:31 - [MESSAGE][PASSED] - Delayed 2 second(s)

2019-06-25 14:27:31 - [TEST_STEP][PASSED] - click(findTestObject("APOLLO- Desktop/Home page/Hero banner - CTA/First slick slide")): Object: 'Object Repository/APOLLO- Desktop/Home page/Hero banner - CTA/First slick slide' is clicked on

2019-06-25 14:27:31 - [MESSAGE][PASSED] - Object: 'Object Repository/APOLLO- Desktop/Home page/Hero banner - CTA/First slick slide' is clicked on

2019-06-25 14:27:31 - [TEST_STEP][PASSED] - delay(2): Delayed 2 second(s)

2019-06-25 14:27:33 - [MESSAGE][PASSED] - Delayed 2 second(s)

2019-06-25 14:27:33 - [TEST_STEP][PASSED] - mouseOver(findTestObject("APOLLO- Desktop/Home page/Hero banner - CTA/Next button chevron")): Object: 'Object Repository/APOLLO- Desktop/Home page/Hero banner - CTA/Next button chevron' is hovered

2019-06-25 14:27:34 - [MESSAGE][PASSED] - Object: 'Object Repository/APOLLO- Desktop/Home page/Hero banner - CTA/Next button chevron' is hovered

2019-06-25 14:27:34 - [TEST_STEP][PASSED] - delay(2): Delayed 2 second(s)

2019-06-25 14:27:36 - [MESSAGE][PASSED] - Delayed 2 second(s)

2019-06-25 14:27:36 - [TEST_STEP][PASSED] - click(findTestObject("APOLLO- Desktop/Home page/Hero banner - CTA/Next button chevron")): Object: 'Object Repository/APOLLO- Desktop/Home page/Hero banner - CTA/Next button chevron' is clicked on

2019-06-25 14:27:36 - [MESSAGE][PASSED] - Object: 'Object Repository/APOLLO- Desktop/Home page/Hero banner - CTA/Next button chevron' is clicked on

2019-06-25 14:27:36 - [TEST_STEP][PASSED] - delay(2): Delayed 2 second(s)

2019-06-25 14:27:38 - [MESSAGE][PASSED] - Delayed 2 second(s)

2019-06-25 14:27:38 - [TEST_STEP][PASSED] - click(findTestObject("APOLLO- Desktop/Home page/Hero banner - CTA/Previous button chevron")): Object: 'Object Repository/APOLLO- Desktop/Home page/Hero banner - CTA/Previous button chevron' is clicked on

2019-06-25 14:27:38 - [MESSAGE][PASSED] - Object: 'Object Repository/APOLLO- Desktop/Home page/Hero banner - CTA/Previous button chevron' is clicked on

2019-06-25 14:27:38 - [TEST_STEP][PASSED] - delay(2): Delayed 2 second(s)

2019-06-25 14:27:40 - [MESSAGE][PASSED] - Delayed 2 second(s)

2019-06-25 14:27:40 - [TEST_STEP][PASSED] - click(findTestObject("APOLLO- Desktop/Home page/Hero banner - CTA/button_Next section")): Object: 'Object Repository/APOLLO- Desktop/Home page/Hero banner - CTA/button_Next section' is clicked on

2019-06-25 14:27:40 - [MESSAGE][PASSED] - Object: 'Object Repository/APOLLO- Desktop/Home page/Hero banner - CTA/button_Next section' is clicked on

2019-06-25 14:27:40 - [TEST_STEP][PASSED] - delay(2): Delayed 2 second(s)

2019-06-25 14:27:42 - [MESSAGE][PASSED] - Delayed 2 second(s)

2019-06-25 14:27:42 - [TEST_STEP][PASSED] - verifyTextPresent("Wool Sweater", false): Text 'Wool Sweater' is present on page 

2019-06-25 14:27:42 - [MESSAGE][PASSED] - Text 'Wool Sweater' is present on page]]></system-out>
         <system-err><![CDATA[]]></system-err>
      </testcase>
      <testcase name="Test Cases/HOME PAGE/Burger menu - navigation links" classname="Test Cases/HOME PAGE/Burger menu - navigation links" status="PASSED">
         <system-out><![CDATA[2019-06-25 14:27:42 - [TEST_CASE][PASSED] - Test Cases/HOME PAGE/Burger menu - navigation links: Test Cases/HOME PAGE/Burger menu - navigation links

2019-06-25 14:27:43 - [TEST_STEP][PASSED] - callTestCase(findTestCase("CALL - URL"), [:], STOP_ON_FAILURE): Call Test Case 'Test Cases/CALL - URL' successfully

2019-06-25 14:27:43 - [TEST_CASE][PASSED] - Test Cases/CALL - URL: Test Cases/CALL - URL

2019-06-25 14:27:43 - [TEST_STEP][PASSED] - openBrowser(""): Browser is opened with url: ''

2019-06-25 14:27:43 - [MESSAGE][WARNING] - A browser is already opened. Closing browser and opening a new one

2019-06-25 14:27:43 - [MESSAGE][INFO] - Starting 'Safari' driver

2019-06-25 14:27:44 - [MESSAGE][PASSED] - Browser is opened with url: ''

2019-06-25 14:27:44 - [TEST_STEP][PASSED] - navigateToUrl("https://diff-apollo.myshopify.com/?key=eec34184cfd8f82cda816f82753a8c8e9e240f30cf54470e19667b8cbb401948&preview_theme_id="): Navigate to 'https://diff-apollo.myshopify.com/?key=eec34184cfd8f82cda816f82753a8c8e9e240f30cf54470e19667b8cbb401948&preview_theme_id=' successfully

2019-06-25 14:27:46 - [MESSAGE][PASSED] - Navigate to 'https://diff-apollo.myshopify.com/?key=eec34184cfd8f82cda816f82753a8c8e9e240f30cf54470e19667b8cbb401948&preview_theme_id=' successfully

2019-06-25 14:27:46 - [TEST_STEP][NOT_RUN] - executeJavaScript("var previewBar = document.getElementById("preview-bar-iframe"); previewBar.style.display = "none";", []): NOT_RUN: executeJavaScript("var previewBar = document.getElementById("preview-bar-iframe"); previewBar.style.display = "none";", [])

2019-06-25 14:27:46 - [MESSAGE][NOT_RUN] - NOT_RUN: executeJavaScript("var previewBar = document.getElementById("preview-bar-iframe"); previewBar.style.display = "none";", [])

2019-06-25 14:27:46 - [TEST_STEP][PASSED] - maximizeWindow(): Current window maximized

2019-06-25 14:27:46 - [MESSAGE][PASSED] - Current window maximized

2019-06-25 14:27:46 - [MESSAGE][PASSED] - Call Test Case 'Test Cases/CALL - URL' successfully

2019-06-25 14:27:46 - [TEST_STEP][PASSED] - delay(2): Delayed 2 second(s)

2019-06-25 14:27:48 - [MESSAGE][PASSED] - Delayed 2 second(s)

2019-06-25 14:27:48 - [TEST_STEP][PASSED] - click(findTestObject("APOLLO- Desktop/Burger Menu/Burgermenu")): Object: 'Object Repository/APOLLO- Desktop/Burger Menu/Burgermenu' is clicked on

2019-06-25 14:27:49 - [MESSAGE][PASSED] - Object: 'Object Repository/APOLLO- Desktop/Burger Menu/Burgermenu' is clicked on

2019-06-25 14:27:49 - [TEST_STEP][PASSED] - delay(2): Delayed 2 second(s)

2019-06-25 14:27:51 - [MESSAGE][PASSED] - Delayed 2 second(s)

2019-06-25 14:27:51 - [TEST_STEP][PASSED] - click(findTestObject("APOLLO- Desktop/Burger Menu/Mens chevron")): Object: 'Object Repository/APOLLO- Desktop/Burger Menu/Mens chevron' is clicked on

2019-06-25 14:27:51 - [MESSAGE][PASSED] - Object: 'Object Repository/APOLLO- Desktop/Burger Menu/Mens chevron' is clicked on

2019-06-25 14:27:51 - [TEST_STEP][PASSED] - delay(2): Delayed 2 second(s)

2019-06-25 14:27:53 - [MESSAGE][PASSED] - Delayed 2 second(s)

2019-06-25 14:27:53 - [TEST_STEP][PASSED] - click(findTestObject("APOLLO- Desktop/Burger Menu/Mens - Top Chevron")): Object: 'Object Repository/APOLLO- Desktop/Burger Menu/Mens - Top Chevron' is clicked on

2019-06-25 14:27:53 - [MESSAGE][PASSED] - Object: 'Object Repository/APOLLO- Desktop/Burger Menu/Mens - Top Chevron' is clicked on

2019-06-25 14:27:53 - [TEST_STEP][PASSED] - delay(2): Delayed 2 second(s)

2019-06-25 14:27:55 - [MESSAGE][PASSED] - Delayed 2 second(s)

2019-06-25 14:27:55 - [TEST_STEP][PASSED] - click(findTestObject("APOLLO- Desktop/Burger Menu/Shirts link")): Object: 'Object Repository/APOLLO- Desktop/Burger Menu/Shirts link' is clicked on

2019-06-25 14:27:57 - [MESSAGE][PASSED] - Object: 'Object Repository/APOLLO- Desktop/Burger Menu/Shirts link' is clicked on

2019-06-25 14:27:57 - [TEST_STEP][PASSED] - delay(2): Delayed 2 second(s)

2019-06-25 14:27:59 - [MESSAGE][PASSED] - Delayed 2 second(s)

2019-06-25 14:27:59 - [TEST_STEP][PASSED] - click(findTestObject("APOLLO- Desktop/Burger Menu/Burgermenu")): Object: 'Object Repository/APOLLO- Desktop/Burger Menu/Burgermenu' is clicked on

2019-06-25 14:28:00 - [MESSAGE][PASSED] - Object: 'Object Repository/APOLLO- Desktop/Burger Menu/Burgermenu' is clicked on

2019-06-25 14:28:00 - [TEST_STEP][PASSED] - delay(2): Delayed 2 second(s)

2019-06-25 14:28:02 - [MESSAGE][PASSED] - Delayed 2 second(s)

2019-06-25 14:28:02 - [TEST_STEP][PASSED] - click(findTestObject("APOLLO- Desktop/Burger Menu/Mens chevron")): Object: 'Object Repository/APOLLO- Desktop/Burger Menu/Mens chevron' is clicked on

2019-06-25 14:28:02 - [MESSAGE][PASSED] - Object: 'Object Repository/APOLLO- Desktop/Burger Menu/Mens chevron' is clicked on

2019-06-25 14:28:02 - [TEST_STEP][PASSED] - delay(2): Delayed 2 second(s)

2019-06-25 14:28:04 - [MESSAGE][PASSED] - Delayed 2 second(s)

2019-06-25 14:28:04 - [TEST_STEP][PASSED] - click(findTestObject("APOLLO- Desktop/Burger Menu/Mens - Top Chevron")): Object: 'Object Repository/APOLLO- Desktop/Burger Menu/Mens - Top Chevron' is clicked on

2019-06-25 14:28:04 - [MESSAGE][PASSED] - Object: 'Object Repository/APOLLO- Desktop/Burger Menu/Mens - Top Chevron' is clicked on

2019-06-25 14:28:04 - [TEST_STEP][PASSED] - delay(2): Delayed 2 second(s)

2019-06-25 14:28:06 - [MESSAGE][PASSED] - Delayed 2 second(s)

2019-06-25 14:28:06 - [TEST_STEP][PASSED] - click(findTestObject("APOLLO- Desktop/Burger Menu/T- Shirts link")): Object: 'Object Repository/APOLLO- Desktop/Burger Menu/T- Shirts link' is clicked on

2019-06-25 14:28:06 - [MESSAGE][PASSED] - Object: 'Object Repository/APOLLO- Desktop/Burger Menu/T- Shirts link' is clicked on

2019-06-25 14:28:06 - [TEST_STEP][PASSED] - delay(2): Delayed 2 second(s)

2019-06-25 14:28:08 - [MESSAGE][PASSED] - Delayed 2 second(s)

2019-06-25 14:28:08 - [TEST_STEP][PASSED] - click(findTestObject("APOLLO- Desktop/Burger Menu/Burgermenu")): Object: 'Object Repository/APOLLO- Desktop/Burger Menu/Burgermenu' is clicked on

2019-06-25 14:28:11 - [MESSAGE][PASSED] - Object: 'Object Repository/APOLLO- Desktop/Burger Menu/Burgermenu' is clicked on

2019-06-25 14:28:11 - [TEST_STEP][PASSED] - delay(2): Delayed 2 second(s)

2019-06-25 14:28:13 - [MESSAGE][PASSED] - Delayed 2 second(s)

2019-06-25 14:28:13 - [TEST_STEP][PASSED] - click(findTestObject("APOLLO- Desktop/Burger Menu/Mens chevron")): Object: 'Object Repository/APOLLO- Desktop/Burger Menu/Mens chevron' is clicked on

2019-06-25 14:28:13 - [MESSAGE][PASSED] - Object: 'Object Repository/APOLLO- Desktop/Burger Menu/Mens chevron' is clicked on

2019-06-25 14:28:13 - [TEST_STEP][PASSED] - delay(2): Delayed 2 second(s)

2019-06-25 14:28:15 - [MESSAGE][PASSED] - Delayed 2 second(s)

2019-06-25 14:28:15 - [TEST_STEP][PASSED] - click(findTestObject("APOLLO- Desktop/Burger Menu/Mens - Top Chevron")): Object: 'Object Repository/APOLLO- Desktop/Burger Menu/Mens - Top Chevron' is clicked on

2019-06-25 14:28:15 - [MESSAGE][PASSED] - Object: 'Object Repository/APOLLO- Desktop/Burger Menu/Mens - Top Chevron' is clicked on

2019-06-25 14:28:15 - [TEST_STEP][PASSED] - delay(2): Delayed 2 second(s)

2019-06-25 14:28:17 - [MESSAGE][PASSED] - Delayed 2 second(s)

2019-06-25 14:28:17 - [TEST_STEP][PASSED] - click(findTestObject("APOLLO- Desktop/Burger Menu/Sweaters")): Object: 'Object Repository/APOLLO- Desktop/Burger Menu/Sweaters' is clicked on

2019-06-25 14:28:19 - [MESSAGE][PASSED] - Object: 'Object Repository/APOLLO- Desktop/Burger Menu/Sweaters' is clicked on

2019-06-25 14:28:19 - [TEST_STEP][PASSED] - delay(2): Delayed 2 second(s)

2019-06-25 14:28:21 - [MESSAGE][PASSED] - Delayed 2 second(s)

2019-06-25 14:28:21 - [TEST_STEP][PASSED] - click(findTestObject("APOLLO- Desktop/Burger Menu/Burgermenu")): Object: 'Object Repository/APOLLO- Desktop/Burger Menu/Burgermenu' is clicked on

2019-06-25 14:28:22 - [MESSAGE][PASSED] - Object: 'Object Repository/APOLLO- Desktop/Burger Menu/Burgermenu' is clicked on

2019-06-25 14:28:22 - [TEST_STEP][PASSED] - delay(2): Delayed 2 second(s)

2019-06-25 14:28:24 - [MESSAGE][PASSED] - Delayed 2 second(s)

2019-06-25 14:28:24 - [TEST_STEP][PASSED] - click(findTestObject("APOLLO- Desktop/Burger Menu/Women link")): Object: 'Object Repository/APOLLO- Desktop/Burger Menu/Women link' is clicked on

2019-06-25 14:28:24 - [MESSAGE][PASSED] - Object: 'Object Repository/APOLLO- Desktop/Burger Menu/Women link' is clicked on

2019-06-25 14:28:24 - [TEST_STEP][PASSED] - delay(2): Delayed 2 second(s)

2019-06-25 14:28:26 - [MESSAGE][PASSED] - Delayed 2 second(s)

2019-06-25 14:28:26 - [TEST_STEP][PASSED] - click(findTestObject("APOLLO- Desktop/Burger Menu/Jackets - Coats")): Object: 'Object Repository/APOLLO- Desktop/Burger Menu/Jackets - Coats' is clicked on

2019-06-25 14:28:28 - [MESSAGE][PASSED] - Object: 'Object Repository/APOLLO- Desktop/Burger Menu/Jackets - Coats' is clicked on

2019-06-25 14:28:28 - [TEST_STEP][PASSED] - delay(2): Delayed 2 second(s)

2019-06-25 14:28:30 - [MESSAGE][PASSED] - Delayed 2 second(s)

2019-06-25 14:28:30 - [TEST_STEP][PASSED] - click(findTestObject("APOLLO- Desktop/Burger Menu/Burgermenu")): Object: 'Object Repository/APOLLO- Desktop/Burger Menu/Burgermenu' is clicked on

2019-06-25 14:28:31 - [MESSAGE][PASSED] - Object: 'Object Repository/APOLLO- Desktop/Burger Menu/Burgermenu' is clicked on

2019-06-25 14:28:31 - [TEST_STEP][PASSED] - delay(2): Delayed 2 second(s)

2019-06-25 14:28:33 - [MESSAGE][PASSED] - Delayed 2 second(s)

2019-06-25 14:28:33 - [TEST_STEP][PASSED] - click(findTestObject("APOLLO- Desktop/Burger Menu/Women link")): Object: 'Object Repository/APOLLO- Desktop/Burger Menu/Women link' is clicked on

2019-06-25 14:28:33 - [MESSAGE][PASSED] - Object: 'Object Repository/APOLLO- Desktop/Burger Menu/Women link' is clicked on

2019-06-25 14:28:33 - [TEST_STEP][PASSED] - delay(2): Delayed 2 second(s)

2019-06-25 14:28:35 - [MESSAGE][PASSED] - Delayed 2 second(s)

2019-06-25 14:28:35 - [TEST_STEP][PASSED] - click(findTestObject("APOLLO- Desktop/Burger Menu/Bottoms")): Object: 'Object Repository/APOLLO- Desktop/Burger Menu/Bottoms' is clicked on

2019-06-25 14:28:38 - [MESSAGE][PASSED] - Object: 'Object Repository/APOLLO- Desktop/Burger Menu/Bottoms' is clicked on

2019-06-25 14:28:38 - [TEST_STEP][PASSED] - delay(2): Delayed 2 second(s)

2019-06-25 14:28:40 - [MESSAGE][PASSED] - Delayed 2 second(s)

2019-06-25 14:28:40 - [TEST_STEP][PASSED] - click(findTestObject("APOLLO- Desktop/Burger Menu/Burgermenu")): Object: 'Object Repository/APOLLO- Desktop/Burger Menu/Burgermenu' is clicked on

2019-06-25 14:28:40 - [MESSAGE][PASSED] - Object: 'Object Repository/APOLLO- Desktop/Burger Menu/Burgermenu' is clicked on

2019-06-25 14:28:40 - [TEST_STEP][PASSED] - delay(2): Delayed 2 second(s)

2019-06-25 14:28:42 - [MESSAGE][PASSED] - Delayed 2 second(s)

2019-06-25 14:28:42 - [TEST_STEP][PASSED] - click(findTestObject("APOLLO- Desktop/Burger Menu/Women link")): Object: 'Object Repository/APOLLO- Desktop/Burger Menu/Women link' is clicked on

2019-06-25 14:28:42 - [MESSAGE][PASSED] - Object: 'Object Repository/APOLLO- Desktop/Burger Menu/Women link' is clicked on

2019-06-25 14:28:42 - [TEST_STEP][PASSED] - delay(2): Delayed 2 second(s)

2019-06-25 14:28:44 - [MESSAGE][PASSED] - Delayed 2 second(s)

2019-06-25 14:28:44 - [TEST_STEP][PASSED] - click(findTestObject("APOLLO- Desktop/Burger Menu/Shop all")): Object: 'Object Repository/APOLLO- Desktop/Burger Menu/Shop all' is clicked on

2019-06-25 14:28:49 - [MESSAGE][PASSED] - Object: 'Object Repository/APOLLO- Desktop/Burger Menu/Shop all' is clicked on

2019-06-25 14:28:49 - [TEST_STEP][PASSED] - delay(2): Delayed 2 second(s)

2019-06-25 14:28:51 - [MESSAGE][PASSED] - Delayed 2 second(s)

2019-06-25 14:28:51 - [TEST_STEP][PASSED] - click(findTestObject("APOLLO- Desktop/Burger Menu/Burgermenu")): Object: 'Object Repository/APOLLO- Desktop/Burger Menu/Burgermenu' is clicked on

2019-06-25 14:28:51 - [MESSAGE][PASSED] - Object: 'Object Repository/APOLLO- Desktop/Burger Menu/Burgermenu' is clicked on

2019-06-25 14:28:51 - [TEST_STEP][PASSED] - delay(2): Delayed 2 second(s)

2019-06-25 14:28:53 - [MESSAGE][PASSED] - Delayed 2 second(s)

2019-06-25 14:28:53 - [TEST_STEP][PASSED] - click(findTestObject("APOLLO- Desktop/Burger Menu/Women link")): Object: 'Object Repository/APOLLO- Desktop/Burger Menu/Women link' is clicked on

2019-06-25 14:28:53 - [MESSAGE][PASSED] - Object: 'Object Repository/APOLLO- Desktop/Burger Menu/Women link' is clicked on

2019-06-25 14:28:53 - [TEST_STEP][PASSED] - delay(2): Delayed 2 second(s)

2019-06-25 14:28:55 - [MESSAGE][PASSED] - Delayed 2 second(s)

2019-06-25 14:28:55 - [TEST_STEP][PASSED] - click(findTestObject("APOLLO- Desktop/Burger Menu/Women - Top Chevron")): Object: 'Object Repository/APOLLO- Desktop/Burger Menu/Women - Top Chevron' is clicked on

2019-06-25 14:28:55 - [MESSAGE][PASSED] - Object: 'Object Repository/APOLLO- Desktop/Burger Menu/Women - Top Chevron' is clicked on

2019-06-25 14:28:55 - [TEST_STEP][PASSED] - delay(2): Delayed 2 second(s)

2019-06-25 14:28:57 - [MESSAGE][PASSED] - Delayed 2 second(s)

2019-06-25 14:28:57 - [TEST_STEP][PASSED] - click(findTestObject("APOLLO- Desktop/Burger Menu/Shirts link - women")): Object: 'Object Repository/APOLLO- Desktop/Burger Menu/Shirts link - women' is clicked on

2019-06-25 14:29:00 - [MESSAGE][PASSED] - Object: 'Object Repository/APOLLO- Desktop/Burger Menu/Shirts link - women' is clicked on

2019-06-25 14:29:00 - [TEST_STEP][PASSED] - delay(2): Delayed 2 second(s)

2019-06-25 14:29:02 - [MESSAGE][PASSED] - Delayed 2 second(s)

2019-06-25 14:29:02 - [TEST_STEP][PASSED] - click(findTestObject("APOLLO- Desktop/Burger Menu/Burgermenu")): Object: 'Object Repository/APOLLO- Desktop/Burger Menu/Burgermenu' is clicked on

2019-06-25 14:29:02 - [MESSAGE][PASSED] - Object: 'Object Repository/APOLLO- Desktop/Burger Menu/Burgermenu' is clicked on

2019-06-25 14:29:02 - [TEST_STEP][PASSED] - delay(2): Delayed 2 second(s)

2019-06-25 14:29:04 - [MESSAGE][PASSED] - Delayed 2 second(s)

2019-06-25 14:29:04 - [TEST_STEP][PASSED] - click(findTestObject("APOLLO- Desktop/Burger Menu/Women link")): Object: 'Object Repository/APOLLO- Desktop/Burger Menu/Women link' is clicked on

2019-06-25 14:29:04 - [MESSAGE][PASSED] - Object: 'Object Repository/APOLLO- Desktop/Burger Menu/Women link' is clicked on

2019-06-25 14:29:04 - [TEST_STEP][PASSED] - delay(2): Delayed 2 second(s)

2019-06-25 14:29:06 - [MESSAGE][PASSED] - Delayed 2 second(s)

2019-06-25 14:29:06 - [TEST_STEP][PASSED] - click(findTestObject("APOLLO- Desktop/Burger Menu/Women - Top Chevron")): Object: 'Object Repository/APOLLO- Desktop/Burger Menu/Women - Top Chevron' is clicked on

2019-06-25 14:29:06 - [MESSAGE][PASSED] - Object: 'Object Repository/APOLLO- Desktop/Burger Menu/Women - Top Chevron' is clicked on

2019-06-25 14:29:06 - [TEST_STEP][PASSED] - delay(2): Delayed 2 second(s)

2019-06-25 14:29:08 - [MESSAGE][PASSED] - Delayed 2 second(s)

2019-06-25 14:29:08 - [TEST_STEP][PASSED] - click(findTestObject("APOLLO- Desktop/Burger Menu/Sweaters - women")): Object: 'Object Repository/APOLLO- Desktop/Burger Menu/Sweaters - women' is clicked on

2019-06-25 14:29:08 - [MESSAGE][PASSED] - Object: 'Object Repository/APOLLO- Desktop/Burger Menu/Sweaters - women' is clicked on

2019-06-25 14:29:08 - [TEST_STEP][PASSED] - delay(2): Delayed 2 second(s)

2019-06-25 14:29:10 - [MESSAGE][PASSED] - Delayed 2 second(s)

2019-06-25 14:29:10 - [TEST_STEP][PASSED] - click(findTestObject("APOLLO- Desktop/Burger Menu/Burgermenu")): Object: 'Object Repository/APOLLO- Desktop/Burger Menu/Burgermenu' is clicked on

2019-06-25 14:29:13 - [MESSAGE][PASSED] - Object: 'Object Repository/APOLLO- Desktop/Burger Menu/Burgermenu' is clicked on

2019-06-25 14:29:13 - [TEST_STEP][PASSED] - delay(2): Delayed 2 second(s)

2019-06-25 14:29:15 - [MESSAGE][PASSED] - Delayed 2 second(s)

2019-06-25 14:29:15 - [TEST_STEP][PASSED] - click(findTestObject("APOLLO- Desktop/Burger Menu/KIds link")): Object: 'Object Repository/APOLLO- Desktop/Burger Menu/KIds link' is clicked on

2019-06-25 14:29:16 - [MESSAGE][PASSED] - Object: 'Object Repository/APOLLO- Desktop/Burger Menu/KIds link' is clicked on

2019-06-25 14:29:16 - [TEST_STEP][PASSED] - delay(2): Delayed 2 second(s)

2019-06-25 14:29:18 - [MESSAGE][PASSED] - Delayed 2 second(s)

2019-06-25 14:29:18 - [TEST_STEP][PASSED] - click(findTestObject("APOLLO- Desktop/Burger Menu/Burgermenu")): Object: 'Object Repository/APOLLO- Desktop/Burger Menu/Burgermenu' is clicked on

2019-06-25 14:29:18 - [MESSAGE][PASSED] - Object: 'Object Repository/APOLLO- Desktop/Burger Menu/Burgermenu' is clicked on

2019-06-25 14:29:18 - [TEST_STEP][PASSED] - delay(2): Delayed 2 second(s)

2019-06-25 14:29:20 - [MESSAGE][PASSED] - Delayed 2 second(s)

2019-06-25 14:29:20 - [TEST_STEP][PASSED] - click(findTestObject("APOLLO- Desktop/Burger Menu/collections")): Object: 'Object Repository/APOLLO- Desktop/Burger Menu/collections' is clicked on

2019-06-25 14:29:31 - [MESSAGE][PASSED] - Object: 'Object Repository/APOLLO- Desktop/Burger Menu/collections' is clicked on

2019-06-25 14:29:31 - [TEST_STEP][PASSED] - delay(2): Delayed 2 second(s)

2019-06-25 14:29:33 - [MESSAGE][PASSED] - Delayed 2 second(s)

2019-06-25 14:29:33 - [TEST_STEP][PASSED] - click(findTestObject("APOLLO- Desktop/Burger Menu/Burgermenu")): Object: 'Object Repository/APOLLO- Desktop/Burger Menu/Burgermenu' is clicked on

2019-06-25 14:29:33 - [MESSAGE][PASSED] - Object: 'Object Repository/APOLLO- Desktop/Burger Menu/Burgermenu' is clicked on

2019-06-25 14:29:33 - [TEST_STEP][PASSED] - delay(2): Delayed 2 second(s)

2019-06-25 14:29:35 - [MESSAGE][PASSED] - Delayed 2 second(s)

2019-06-25 14:29:35 - [TEST_STEP][PASSED] - click(findTestObject("APOLLO- Desktop/Burger Menu/About")): Object: 'Object Repository/APOLLO- Desktop/Burger Menu/About' is clicked on

2019-06-25 14:29:37 - [MESSAGE][PASSED] - Object: 'Object Repository/APOLLO- Desktop/Burger Menu/About' is clicked on

2019-06-25 14:29:37 - [TEST_STEP][PASSED] - delay(2): Delayed 2 second(s)

2019-06-25 14:29:39 - [MESSAGE][PASSED] - Delayed 2 second(s)

2019-06-25 14:29:39 - [TEST_STEP][PASSED] - click(findTestObject("APOLLO- Desktop/Burger Menu/Burgermenu")): Object: 'Object Repository/APOLLO- Desktop/Burger Menu/Burgermenu' is clicked on

2019-06-25 14:29:39 - [MESSAGE][PASSED] - Object: 'Object Repository/APOLLO- Desktop/Burger Menu/Burgermenu' is clicked on

2019-06-25 14:29:39 - [TEST_STEP][PASSED] - delay(2): Delayed 2 second(s)

2019-06-25 14:29:41 - [MESSAGE][PASSED] - Delayed 2 second(s)

2019-06-25 14:29:41 - [TEST_STEP][PASSED] - click(findTestObject("APOLLO- Desktop/Burger Menu/Blog")): Object: 'Object Repository/APOLLO- Desktop/Burger Menu/Blog' is clicked on

2019-06-25 14:29:42 - [MESSAGE][PASSED] - Object: 'Object Repository/APOLLO- Desktop/Burger Menu/Blog' is clicked on

2019-06-25 14:29:42 - [TEST_STEP][PASSED] - delay(2): Delayed 2 second(s)

2019-06-25 14:29:44 - [MESSAGE][PASSED] - Delayed 2 second(s)

2019-06-25 14:29:44 - [TEST_STEP][PASSED] - click(findTestObject("APOLLO- Desktop/Burger Menu/Burgermenu")): Object: 'Object Repository/APOLLO- Desktop/Burger Menu/Burgermenu' is clicked on

2019-06-25 14:29:45 - [MESSAGE][PASSED] - Object: 'Object Repository/APOLLO- Desktop/Burger Menu/Burgermenu' is clicked on

2019-06-25 14:29:45 - [TEST_STEP][PASSED] - delay(2): Delayed 2 second(s)

2019-06-25 14:29:47 - [MESSAGE][PASSED] - Delayed 2 second(s)

2019-06-25 14:29:47 - [TEST_STEP][PASSED] - click(findTestObject("APOLLO- Desktop/Burger Menu/Support")): Object: 'Object Repository/APOLLO- Desktop/Burger Menu/Support' is clicked on

2019-06-25 14:29:47 - [MESSAGE][PASSED] - Object: 'Object Repository/APOLLO- Desktop/Burger Menu/Support' is clicked on

2019-06-25 14:29:47 - [TEST_STEP][PASSED] - delay(2): Delayed 2 second(s)

2019-06-25 14:29:49 - [MESSAGE][PASSED] - Delayed 2 second(s)

2019-06-25 14:29:49 - [TEST_STEP][PASSED] - click(findTestObject("APOLLO- Desktop/Burger Menu/Burgermenu")): Object: 'Object Repository/APOLLO- Desktop/Burger Menu/Burgermenu' is clicked on

2019-06-25 14:29:49 - [MESSAGE][PASSED] - Object: 'Object Repository/APOLLO- Desktop/Burger Menu/Burgermenu' is clicked on

2019-06-25 14:29:49 - [TEST_STEP][PASSED] - delay(2): Delayed 2 second(s)

2019-06-25 14:29:51 - [MESSAGE][PASSED] - Delayed 2 second(s)

2019-06-25 14:29:51 - [TEST_STEP][PASSED] - click(findTestObject("APOLLO- Desktop/Burger Menu/Contact us")): Object: 'Object Repository/APOLLO- Desktop/Burger Menu/Contact us' is clicked on

2019-06-25 14:29:51 - [MESSAGE][PASSED] - Object: 'Object Repository/APOLLO- Desktop/Burger Menu/Contact us' is clicked on]]></system-out>
         <system-err><![CDATA[]]></system-err>
      </testcase>
      <testcase name="Test Cases/HOME PAGE/Featured collection" classname="Test Cases/HOME PAGE/Featured collection" status="PASSED">
         <system-out><![CDATA[2019-06-25 14:29:51 - [TEST_CASE][PASSED] - Test Cases/HOME PAGE/Featured collection: Test Cases/HOME PAGE/Featured collection

2019-06-25 14:29:51 - [TEST_STEP][PASSED] - callTestCase(findTestCase("CALL - URL"), [:], STOP_ON_FAILURE): Call Test Case 'Test Cases/CALL - URL' successfully

2019-06-25 14:29:51 - [TEST_CASE][PASSED] - Test Cases/CALL - URL: Test Cases/CALL - URL

2019-06-25 14:29:51 - [TEST_STEP][PASSED] - openBrowser(""): Browser is opened with url: ''

2019-06-25 14:29:51 - [MESSAGE][WARNING] - A browser is already opened. Closing browser and opening a new one

2019-06-25 14:29:52 - [MESSAGE][INFO] - Starting 'Safari' driver

2019-06-25 14:29:52 - [MESSAGE][PASSED] - Browser is opened with url: ''

2019-06-25 14:29:52 - [TEST_STEP][PASSED] - navigateToUrl("https://diff-apollo.myshopify.com/?key=eec34184cfd8f82cda816f82753a8c8e9e240f30cf54470e19667b8cbb401948&preview_theme_id="): Navigate to 'https://diff-apollo.myshopify.com/?key=eec34184cfd8f82cda816f82753a8c8e9e240f30cf54470e19667b8cbb401948&preview_theme_id=' successfully

2019-06-25 14:29:54 - [MESSAGE][PASSED] - Navigate to 'https://diff-apollo.myshopify.com/?key=eec34184cfd8f82cda816f82753a8c8e9e240f30cf54470e19667b8cbb401948&preview_theme_id=' successfully

2019-06-25 14:29:54 - [TEST_STEP][NOT_RUN] - executeJavaScript("var previewBar = document.getElementById("preview-bar-iframe"); previewBar.style.display = "none";", []): NOT_RUN: executeJavaScript("var previewBar = document.getElementById("preview-bar-iframe"); previewBar.style.display = "none";", [])

2019-06-25 14:29:54 - [MESSAGE][NOT_RUN] - NOT_RUN: executeJavaScript("var previewBar = document.getElementById("preview-bar-iframe"); previewBar.style.display = "none";", [])

2019-06-25 14:29:54 - [TEST_STEP][PASSED] - maximizeWindow(): Current window maximized

2019-06-25 14:29:54 - [MESSAGE][PASSED] - Current window maximized

2019-06-25 14:29:54 - [MESSAGE][PASSED] - Call Test Case 'Test Cases/CALL - URL' successfully

2019-06-25 14:29:54 - [TEST_STEP][PASSED] - delay(1): Delayed 1 second(s)

2019-06-25 14:29:55 - [MESSAGE][PASSED] - Delayed 1 second(s)

2019-06-25 14:29:55 - [TEST_STEP][PASSED] - scrollToElement(findTestObject("APOLLO- Desktop/Home page/Featured collection/Sophisticated and elegant - Tile"), 0): Scroll to object 'Object Repository/APOLLO- Desktop/Home page/Featured collection/Sophisticated and elegant - Tile' successfully

2019-06-25 14:29:55 - [MESSAGE][WARNING] - Timeout '0' is invalid. Using default page load timeout: '30'

2019-06-25 14:29:55 - [MESSAGE][PASSED] - Scroll to object 'Object Repository/APOLLO- Desktop/Home page/Featured collection/Sophisticated and elegant - Tile' successfully

2019-06-25 14:29:55 - [TEST_STEP][PASSED] - delay(1): Delayed 1 second(s)

2019-06-25 14:29:56 - [MESSAGE][PASSED] - Delayed 1 second(s)

2019-06-25 14:29:56 - [TEST_STEP][PASSED] - mouseOver(findTestObject("APOLLO- Desktop/Home page/Featured collection/Sophisticated and elegant - Tile - hover")): Object: 'Object Repository/APOLLO- Desktop/Home page/Featured collection/Sophisticated and elegant - Tile - hover' is hovered

2019-06-25 14:29:56 - [MESSAGE][PASSED] - Object: 'Object Repository/APOLLO- Desktop/Home page/Featured collection/Sophisticated and elegant - Tile - hover' is hovered

2019-06-25 14:29:56 - [TEST_STEP][PASSED] - delay(1): Delayed 1 second(s)

2019-06-25 14:29:57 - [MESSAGE][PASSED] - Delayed 1 second(s)

2019-06-25 14:29:57 - [TEST_STEP][PASSED] - click(findTestObject("APOLLO- Desktop/Home page/Featured collection/shop womens bottoms - button")): Object: 'Object Repository/APOLLO- Desktop/Home page/Featured collection/shop womens bottoms - button' is clicked on

2019-06-25 14:30:01 - [MESSAGE][PASSED] - Object: 'Object Repository/APOLLO- Desktop/Home page/Featured collection/shop womens bottoms - button' is clicked on

2019-06-25 14:30:01 - [TEST_STEP][PASSED] - delay(1): Delayed 1 second(s)

2019-06-25 14:30:02 - [MESSAGE][PASSED] - Delayed 1 second(s)

2019-06-25 14:30:02 - [TEST_STEP][PASSED] - click(findTestObject("APOLLO- Desktop/Home page/Hero banner - CTA/Apollo icon")): Object: 'Object Repository/APOLLO- Desktop/Home page/Hero banner - CTA/Apollo icon' is clicked on

2019-06-25 14:30:02 - [MESSAGE][PASSED] - Object: 'Object Repository/APOLLO- Desktop/Home page/Hero banner - CTA/Apollo icon' is clicked on

2019-06-25 14:30:02 - [TEST_STEP][NOT_RUN] - executeJavaScript("var previewBar = document.getElementById("preview-bar-iframe"); previewBar.style.display = "none";", []): NOT_RUN: executeJavaScript("var previewBar = document.getElementById("preview-bar-iframe"); previewBar.style.display = "none";", [])

2019-06-25 14:30:02 - [MESSAGE][NOT_RUN] - NOT_RUN: executeJavaScript("var previewBar = document.getElementById("preview-bar-iframe"); previewBar.style.display = "none";", [])

2019-06-25 14:30:02 - [TEST_STEP][PASSED] - delay(1): Delayed 1 second(s)

2019-06-25 14:30:03 - [MESSAGE][PASSED] - Delayed 1 second(s)

2019-06-25 14:30:03 - [TEST_STEP][PASSED] - scrollToElement(findTestObject("APOLLO- Desktop/Home page/Featured collection/Designed for function - Tile"), 0): Scroll to object 'Object Repository/APOLLO- Desktop/Home page/Featured collection/Designed for function - Tile' successfully

2019-06-25 14:30:03 - [MESSAGE][WARNING] - Timeout '0' is invalid. Using default page load timeout: '30'

2019-06-25 14:30:03 - [MESSAGE][PASSED] - Scroll to object 'Object Repository/APOLLO- Desktop/Home page/Featured collection/Designed for function - Tile' successfully

2019-06-25 14:30:03 - [TEST_STEP][PASSED] - delay(1): Delayed 1 second(s)

2019-06-25 14:30:04 - [MESSAGE][PASSED] - Delayed 1 second(s)

2019-06-25 14:30:04 - [TEST_STEP][PASSED] - mouseOver(findTestObject("APOLLO- Desktop/Home page/Featured collection/Designed for function - Tile - hover")): Object: 'Object Repository/APOLLO- Desktop/Home page/Featured collection/Designed for function - Tile - hover' is hovered

2019-06-25 14:30:04 - [MESSAGE][PASSED] - Object: 'Object Repository/APOLLO- Desktop/Home page/Featured collection/Designed for function - Tile - hover' is hovered

2019-06-25 14:30:04 - [TEST_STEP][PASSED] - delay(1): Delayed 1 second(s)

2019-06-25 14:30:05 - [MESSAGE][PASSED] - Delayed 1 second(s)

2019-06-25 14:30:05 - [TEST_STEP][PASSED] - click(findTestObject("APOLLO- Desktop/Home page/Featured collection/Shop menss jacket - button")): Object: 'Object Repository/APOLLO- Desktop/Home page/Featured collection/Shop menss jacket - button' is clicked on

2019-06-25 14:30:07 - [MESSAGE][PASSED] - Object: 'Object Repository/APOLLO- Desktop/Home page/Featured collection/Shop menss jacket - button' is clicked on

2019-06-25 14:30:07 - [TEST_STEP][PASSED] - delay(1): Delayed 1 second(s)

2019-06-25 14:30:08 - [MESSAGE][PASSED] - Delayed 1 second(s)

2019-06-25 14:30:08 - [TEST_STEP][PASSED] - click(findTestObject("APOLLO- Desktop/Home page/Hero banner - CTA/Apollo icon")): Object: 'Object Repository/APOLLO- Desktop/Home page/Hero banner - CTA/Apollo icon' is clicked on

2019-06-25 14:30:08 - [MESSAGE][PASSED] - Object: 'Object Repository/APOLLO- Desktop/Home page/Hero banner - CTA/Apollo icon' is clicked on

2019-06-25 14:30:08 - [TEST_STEP][NOT_RUN] - executeJavaScript("var previewBar = document.getElementById("preview-bar-iframe"); previewBar.style.display = "none";", []): NOT_RUN: executeJavaScript("var previewBar = document.getElementById("preview-bar-iframe"); previewBar.style.display = "none";", [])

2019-06-25 14:30:08 - [MESSAGE][NOT_RUN] - NOT_RUN: executeJavaScript("var previewBar = document.getElementById("preview-bar-iframe"); previewBar.style.display = "none";", [])

2019-06-25 14:30:08 - [TEST_STEP][PASSED] - delay(1): Delayed 1 second(s)

2019-06-25 14:30:09 - [MESSAGE][PASSED] - Delayed 1 second(s)

2019-06-25 14:30:09 - [TEST_STEP][PASSED] - scrollToElement(findTestObject("APOLLO- Desktop/Home page/Featured collection/Sweaters - Tile"), 0): Scroll to object 'Object Repository/APOLLO- Desktop/Home page/Featured collection/Sweaters - Tile' successfully

2019-06-25 14:30:09 - [MESSAGE][WARNING] - Timeout '0' is invalid. Using default page load timeout: '30'

2019-06-25 14:30:09 - [MESSAGE][PASSED] - Scroll to object 'Object Repository/APOLLO- Desktop/Home page/Featured collection/Sweaters - Tile' successfully

2019-06-25 14:30:09 - [TEST_STEP][PASSED] - delay(1): Delayed 1 second(s)

2019-06-25 14:30:10 - [MESSAGE][PASSED] - Delayed 1 second(s)

2019-06-25 14:30:10 - [TEST_STEP][PASSED] - mouseOver(findTestObject("APOLLO- Desktop/Home page/Featured collection/Sweaters - Tile - hover")): Object: 'Object Repository/APOLLO- Desktop/Home page/Featured collection/Sweaters - Tile - hover' is hovered

2019-06-25 14:30:10 - [MESSAGE][PASSED] - Object: 'Object Repository/APOLLO- Desktop/Home page/Featured collection/Sweaters - Tile - hover' is hovered

2019-06-25 14:30:10 - [TEST_STEP][PASSED] - delay(1): Delayed 1 second(s)

2019-06-25 14:30:11 - [MESSAGE][PASSED] - Delayed 1 second(s)

2019-06-25 14:30:11 - [TEST_STEP][PASSED] - click(findTestObject("APOLLO- Desktop/Home page/Featured collection/shop womens sweaters - button")): Object: 'Object Repository/APOLLO- Desktop/Home page/Featured collection/shop womens sweaters - button' is clicked on

2019-06-25 14:30:11 - [MESSAGE][PASSED] - Object: 'Object Repository/APOLLO- Desktop/Home page/Featured collection/shop womens sweaters - button' is clicked on

2019-06-25 14:30:11 - [TEST_STEP][PASSED] - delay(1): Delayed 1 second(s)

2019-06-25 14:30:12 - [MESSAGE][PASSED] - Delayed 1 second(s)

2019-06-25 14:30:12 - [TEST_STEP][PASSED] - click(findTestObject("APOLLO- Desktop/Home page/Hero banner - CTA/Apollo icon")): Object: 'Object Repository/APOLLO- Desktop/Home page/Hero banner - CTA/Apollo icon' is clicked on

2019-06-25 14:30:13 - [MESSAGE][PASSED] - Object: 'Object Repository/APOLLO- Desktop/Home page/Hero banner - CTA/Apollo icon' is clicked on

2019-06-25 14:30:13 - [TEST_STEP][NOT_RUN] - executeJavaScript("var previewBar = document.getElementById("preview-bar-iframe"); previewBar.style.display = "none";", []): NOT_RUN: executeJavaScript("var previewBar = document.getElementById("preview-bar-iframe"); previewBar.style.display = "none";", [])

2019-06-25 14:30:13 - [MESSAGE][NOT_RUN] - NOT_RUN: executeJavaScript("var previewBar = document.getElementById("preview-bar-iframe"); previewBar.style.display = "none";", [])

2019-06-25 14:30:13 - [TEST_STEP][PASSED] - delay(1): Delayed 1 second(s)

2019-06-25 14:30:14 - [MESSAGE][PASSED] - Delayed 1 second(s)

2019-06-25 14:30:14 - [TEST_STEP][PASSED] - scrollToElement(findTestObject("APOLLO- Desktop/Home page/Featured collection/Shirts - Tile"), 0): Scroll to object 'Object Repository/APOLLO- Desktop/Home page/Featured collection/Shirts - Tile' successfully

2019-06-25 14:30:14 - [MESSAGE][WARNING] - Timeout '0' is invalid. Using default page load timeout: '30'

2019-06-25 14:30:14 - [MESSAGE][PASSED] - Scroll to object 'Object Repository/APOLLO- Desktop/Home page/Featured collection/Shirts - Tile' successfully

2019-06-25 14:30:14 - [TEST_STEP][PASSED] - delay(1): Delayed 1 second(s)

2019-06-25 14:30:15 - [MESSAGE][PASSED] - Delayed 1 second(s)

2019-06-25 14:30:15 - [TEST_STEP][PASSED] - mouseOver(findTestObject("APOLLO- Desktop/Home page/Featured collection/Shirts - Tile - hover")): Object: 'Object Repository/APOLLO- Desktop/Home page/Featured collection/Shirts - Tile - hover' is hovered

2019-06-25 14:30:15 - [MESSAGE][PASSED] - Object: 'Object Repository/APOLLO- Desktop/Home page/Featured collection/Shirts - Tile - hover' is hovered

2019-06-25 14:30:15 - [TEST_STEP][PASSED] - delay(1): Delayed 1 second(s)

2019-06-25 14:30:16 - [MESSAGE][PASSED] - Delayed 1 second(s)

2019-06-25 14:30:16 - [TEST_STEP][PASSED] - click(findTestObject("APOLLO- Desktop/Home page/Featured collection/Shop menss shirt - button")): Object: 'Object Repository/APOLLO- Desktop/Home page/Featured collection/Shop menss shirt - button' is clicked on

2019-06-25 14:30:16 - [MESSAGE][PASSED] - Object: 'Object Repository/APOLLO- Desktop/Home page/Featured collection/Shop menss shirt - button' is clicked on

2019-06-25 14:30:16 - [TEST_STEP][PASSED] - delay(1): Delayed 1 second(s)

2019-06-25 14:30:17 - [MESSAGE][PASSED] - Delayed 1 second(s)

2019-06-25 14:30:17 - [TEST_STEP][PASSED] - click(findTestObject("APOLLO- Desktop/Home page/Hero banner - CTA/Apollo icon")): Object: 'Object Repository/APOLLO- Desktop/Home page/Hero banner - CTA/Apollo icon' is clicked on

2019-06-25 14:30:18 - [MESSAGE][PASSED] - Object: 'Object Repository/APOLLO- Desktop/Home page/Hero banner - CTA/Apollo icon' is clicked on

2019-06-25 14:30:18 - [TEST_STEP][NOT_RUN] - executeJavaScript("var previewBar = document.getElementById("preview-bar-iframe"); previewBar.style.display = "none";", []): NOT_RUN: executeJavaScript("var previewBar = document.getElementById("preview-bar-iframe"); previewBar.style.display = "none";", [])

2019-06-25 14:30:18 - [MESSAGE][NOT_RUN] - NOT_RUN: executeJavaScript("var previewBar = document.getElementById("preview-bar-iframe"); previewBar.style.display = "none";", [])

2019-06-25 14:30:18 - [TEST_STEP][PASSED] - delay(1): Delayed 1 second(s)

2019-06-25 14:30:19 - [MESSAGE][PASSED] - Delayed 1 second(s)

2019-06-25 14:30:19 - [TEST_STEP][PASSED] - scrollToElement(findTestObject("APOLLO- Desktop/Home page/OUTER WEAR - TILES - Copy"), 0): Scroll to object 'Object Repository/APOLLO- Desktop/Home page/OUTER WEAR - TILES - Copy' successfully

2019-06-25 14:30:19 - [MESSAGE][WARNING] - Timeout '0' is invalid. Using default page load timeout: '30'

2019-06-25 14:30:19 - [MESSAGE][PASSED] - Scroll to object 'Object Repository/APOLLO- Desktop/Home page/OUTER WEAR - TILES - Copy' successfully

2019-06-25 14:30:19 - [TEST_STEP][PASSED] - delay(1): Delayed 1 second(s)

2019-06-25 14:30:20 - [MESSAGE][PASSED] - Delayed 1 second(s)

2019-06-25 14:30:20 - [TEST_STEP][PASSED] - mouseOver(findTestObject("APOLLO- Desktop/Home page/OUTER WEAR - TILES")): Object: 'Object Repository/APOLLO- Desktop/Home page/OUTER WEAR - TILES' is hovered

2019-06-25 14:30:20 - [MESSAGE][PASSED] - Object: 'Object Repository/APOLLO- Desktop/Home page/OUTER WEAR - TILES' is hovered

2019-06-25 14:30:20 - [TEST_STEP][PASSED] - delay(1): Delayed 1 second(s)

2019-06-25 14:30:21 - [MESSAGE][PASSED] - Delayed 1 second(s)

2019-06-25 14:30:21 - [TEST_STEP][PASSED] - click(findTestObject("APOLLO- Desktop/Home page/Shop mens outer wear -button")): Object: 'Object Repository/APOLLO- Desktop/Home page/Shop mens outer wear -button' is clicked on

2019-06-25 14:30:22 - [MESSAGE][PASSED] - Object: 'Object Repository/APOLLO- Desktop/Home page/Shop mens outer wear -button' is clicked on

2019-06-25 14:30:22 - [TEST_STEP][PASSED] - click(findTestObject("APOLLO- Desktop/Home page/Hero banner - CTA/Apollo icon")): Object: 'Object Repository/APOLLO- Desktop/Home page/Hero banner - CTA/Apollo icon' is clicked on

2019-06-25 14:30:22 - [MESSAGE][PASSED] - Object: 'Object Repository/APOLLO- Desktop/Home page/Hero banner - CTA/Apollo icon' is clicked on]]></system-out>
         <system-err><![CDATA[]]></system-err>
      </testcase>
      <testcase name="Test Cases/HOME PAGE/Footer" classname="Test Cases/HOME PAGE/Footer" status="PASSED">
         <system-out><![CDATA[2019-06-25 14:30:22 - [TEST_CASE][PASSED] - Test Cases/HOME PAGE/Footer: Test Cases/HOME PAGE/Footer

2019-06-25 14:30:22 - [TEST_STEP][PASSED] - callTestCase(findTestCase("CALL - URL"), [:], STOP_ON_FAILURE): Call Test Case 'Test Cases/CALL - URL' successfully

2019-06-25 14:30:22 - [TEST_CASE][PASSED] - Test Cases/CALL - URL: Test Cases/CALL - URL

2019-06-25 14:30:22 - [TEST_STEP][PASSED] - openBrowser(""): Browser is opened with url: ''

2019-06-25 14:30:22 - [MESSAGE][WARNING] - A browser is already opened. Closing browser and opening a new one

2019-06-25 14:30:22 - [MESSAGE][INFO] - Starting 'Safari' driver

2019-06-25 14:30:23 - [MESSAGE][PASSED] - Browser is opened with url: ''

2019-06-25 14:30:23 - [TEST_STEP][PASSED] - navigateToUrl("https://diff-apollo.myshopify.com/?key=eec34184cfd8f82cda816f82753a8c8e9e240f30cf54470e19667b8cbb401948&preview_theme_id="): Navigate to 'https://diff-apollo.myshopify.com/?key=eec34184cfd8f82cda816f82753a8c8e9e240f30cf54470e19667b8cbb401948&preview_theme_id=' successfully

2019-06-25 14:30:25 - [MESSAGE][PASSED] - Navigate to 'https://diff-apollo.myshopify.com/?key=eec34184cfd8f82cda816f82753a8c8e9e240f30cf54470e19667b8cbb401948&preview_theme_id=' successfully

2019-06-25 14:30:25 - [TEST_STEP][NOT_RUN] - executeJavaScript("var previewBar = document.getElementById("preview-bar-iframe"); previewBar.style.display = "none";", []): NOT_RUN: executeJavaScript("var previewBar = document.getElementById("preview-bar-iframe"); previewBar.style.display = "none";", [])

2019-06-25 14:30:25 - [MESSAGE][NOT_RUN] - NOT_RUN: executeJavaScript("var previewBar = document.getElementById("preview-bar-iframe"); previewBar.style.display = "none";", [])

2019-06-25 14:30:25 - [TEST_STEP][PASSED] - maximizeWindow(): Current window maximized

2019-06-25 14:30:25 - [MESSAGE][PASSED] - Current window maximized

2019-06-25 14:30:25 - [MESSAGE][PASSED] - Call Test Case 'Test Cases/CALL - URL' successfully

2019-06-25 14:30:25 - [TEST_STEP][PASSED] - delay(2): Delayed 2 second(s)

2019-06-25 14:30:27 - [MESSAGE][PASSED] - Delayed 2 second(s)

2019-06-25 14:30:27 - [TEST_STEP][PASSED] - scrollToElement(findTestObject("APOLLO- Desktop/Home page/Footer/Social icons position"), 0): Scroll to object 'Object Repository/APOLLO- Desktop/Home page/Footer/Social icons position' successfully

2019-06-25 14:30:27 - [MESSAGE][WARNING] - Timeout '0' is invalid. Using default page load timeout: '30'

2019-06-25 14:30:27 - [MESSAGE][PASSED] - Scroll to object 'Object Repository/APOLLO- Desktop/Home page/Footer/Social icons position' successfully

2019-06-25 14:30:27 - [TEST_STEP][PASSED] - delay(2): Delayed 2 second(s)

2019-06-25 14:30:29 - [MESSAGE][PASSED] - Delayed 2 second(s)

2019-06-25 14:30:29 - [TEST_STEP][PASSED] - click(findTestObject("APOLLO- Desktop/Home page/Footer/facebook icon")): Object: 'Object Repository/APOLLO- Desktop/Home page/Footer/facebook icon' is clicked on

2019-06-25 14:30:29 - [MESSAGE][PASSED] - Object: 'Object Repository/APOLLO- Desktop/Home page/Footer/facebook icon' is clicked on

2019-06-25 14:30:29 - [TEST_STEP][PASSED] - delay(2): Delayed 2 second(s)

2019-06-25 14:30:31 - [MESSAGE][PASSED] - Delayed 2 second(s)

2019-06-25 14:30:31 - [TEST_STEP][PASSED] - click(findTestObject("APOLLO- Desktop/Home page/Footer/Twitter icon")): Object: 'Object Repository/APOLLO- Desktop/Home page/Footer/Twitter icon' is clicked on

2019-06-25 14:30:32 - [MESSAGE][PASSED] - Object: 'Object Repository/APOLLO- Desktop/Home page/Footer/Twitter icon' is clicked on

2019-06-25 14:30:32 - [TEST_STEP][PASSED] - delay(2): Delayed 2 second(s)

2019-06-25 14:30:34 - [MESSAGE][PASSED] - Delayed 2 second(s)

2019-06-25 14:30:34 - [TEST_STEP][PASSED] - click(findTestObject("APOLLO- Desktop/Home page/Footer/Instagram icon")): Object: 'Object Repository/APOLLO- Desktop/Home page/Footer/Instagram icon' is clicked on

2019-06-25 14:30:34 - [MESSAGE][PASSED] - Object: 'Object Repository/APOLLO- Desktop/Home page/Footer/Instagram icon' is clicked on

2019-06-25 14:30:34 - [TEST_STEP][PASSED] - delay(2): Delayed 2 second(s)

2019-06-25 14:30:36 - [MESSAGE][PASSED] - Delayed 2 second(s)

2019-06-25 14:30:36 - [TEST_STEP][PASSED] - click(findTestObject("APOLLO- Desktop/Home page/Footer/Pintrest")): Object: 'Object Repository/APOLLO- Desktop/Home page/Footer/Pintrest' is clicked on

2019-06-25 14:30:36 - [MESSAGE][PASSED] - Object: 'Object Repository/APOLLO- Desktop/Home page/Footer/Pintrest' is clicked on

2019-06-25 14:30:36 - [TEST_STEP][PASSED] - delay(2): Delayed 2 second(s)

2019-06-25 14:30:38 - [MESSAGE][PASSED] - Delayed 2 second(s)

2019-06-25 14:30:38 - [TEST_STEP][PASSED] - click(findTestObject("APOLLO- Desktop/Home page/Footer/div_Shop")): Object: 'Object Repository/APOLLO- Desktop/Home page/Footer/div_Shop' is clicked on

2019-06-25 14:30:38 - [MESSAGE][PASSED] - Object: 'Object Repository/APOLLO- Desktop/Home page/Footer/div_Shop' is clicked on

2019-06-25 14:30:38 - [TEST_STEP][NOT_RUN] - executeJavaScript("var previewBar = document.getElementById("preview-bar-iframe"); previewBar.style.display = "none";", []): NOT_RUN: executeJavaScript("var previewBar = document.getElementById("preview-bar-iframe"); previewBar.style.display = "none";", [])

2019-06-25 14:30:38 - [MESSAGE][NOT_RUN] - NOT_RUN: executeJavaScript("var previewBar = document.getElementById("preview-bar-iframe"); previewBar.style.display = "none";", [])

2019-06-25 14:30:38 - [TEST_STEP][PASSED] - delay(4): Delayed 4 second(s)

2019-06-25 14:30:42 - [MESSAGE][PASSED] - Delayed 4 second(s)

2019-06-25 14:30:42 - [TEST_STEP][PASSED] - click(findTestObject("APOLLO- Desktop/Home page/Footer/Shop")): Object: 'Object Repository/APOLLO- Desktop/Home page/Footer/Shop' is clicked on

2019-06-25 14:30:42 - [MESSAGE][PASSED] - Object: 'Object Repository/APOLLO- Desktop/Home page/Footer/Shop' is clicked on

2019-06-25 14:30:42 - [TEST_STEP][PASSED] - delay(2): Delayed 2 second(s)

2019-06-25 14:30:44 - [MESSAGE][PASSED] - Delayed 2 second(s)

2019-06-25 14:30:44 - [TEST_STEP][NOT_RUN] - executeJavaScript("var previewBar = document.getElementById("preview-bar-iframe"); previewBar.style.display = "none";", []): NOT_RUN: executeJavaScript("var previewBar = document.getElementById("preview-bar-iframe"); previewBar.style.display = "none";", [])

2019-06-25 14:30:44 - [MESSAGE][NOT_RUN] - NOT_RUN: executeJavaScript("var previewBar = document.getElementById("preview-bar-iframe"); previewBar.style.display = "none";", [])

2019-06-25 14:30:44 - [TEST_STEP][PASSED] - delay(2): Delayed 2 second(s)

2019-06-25 14:30:46 - [MESSAGE][PASSED] - Delayed 2 second(s)

2019-06-25 14:30:46 - [TEST_STEP][PASSED] - click(findTestObject("APOLLO- Desktop/Home page/Footer/About")): Object: 'Object Repository/APOLLO- Desktop/Home page/Footer/About' is clicked on

2019-06-25 14:30:46 - [MESSAGE][PASSED] - Object: 'Object Repository/APOLLO- Desktop/Home page/Footer/About' is clicked on

2019-06-25 14:30:46 - [TEST_STEP][PASSED] - delay(2): Delayed 2 second(s)

2019-06-25 14:30:48 - [MESSAGE][PASSED] - Delayed 2 second(s)

2019-06-25 14:30:48 - [TEST_STEP][NOT_RUN] - executeJavaScript("var previewBar = document.getElementById("preview-bar-iframe"); previewBar.style.display = "none";", []): NOT_RUN: executeJavaScript("var previewBar = document.getElementById("preview-bar-iframe"); previewBar.style.display = "none";", [])

2019-06-25 14:30:48 - [MESSAGE][NOT_RUN] - NOT_RUN: executeJavaScript("var previewBar = document.getElementById("preview-bar-iframe"); previewBar.style.display = "none";", [])

2019-06-25 14:30:48 - [TEST_STEP][PASSED] - delay(2): Delayed 2 second(s)

2019-06-25 14:30:50 - [MESSAGE][PASSED] - Delayed 2 second(s)

2019-06-25 14:30:50 - [TEST_STEP][PASSED] - click(findTestObject("APOLLO- Desktop/Home page/Footer/Blog")): Object: 'Object Repository/APOLLO- Desktop/Home page/Footer/Blog' is clicked on

2019-06-25 14:30:50 - [MESSAGE][PASSED] - Object: 'Object Repository/APOLLO- Desktop/Home page/Footer/Blog' is clicked on

2019-06-25 14:30:50 - [TEST_STEP][PASSED] - delay(2): Delayed 2 second(s)

2019-06-25 14:30:52 - [MESSAGE][PASSED] - Delayed 2 second(s)

2019-06-25 14:30:52 - [TEST_STEP][NOT_RUN] - executeJavaScript("var previewBar = document.getElementById("preview-bar-iframe"); previewBar.style.display = "none";", []): NOT_RUN: executeJavaScript("var previewBar = document.getElementById("preview-bar-iframe"); previewBar.style.display = "none";", [])

2019-06-25 14:30:52 - [MESSAGE][NOT_RUN] - NOT_RUN: executeJavaScript("var previewBar = document.getElementById("preview-bar-iframe"); previewBar.style.display = "none";", [])

2019-06-25 14:30:52 - [TEST_STEP][PASSED] - delay(2): Delayed 2 second(s)

2019-06-25 14:30:54 - [MESSAGE][PASSED] - Delayed 2 second(s)

2019-06-25 14:30:54 - [TEST_STEP][PASSED] - click(findTestObject("APOLLO- Desktop/Home page/Footer/Support")): Object: 'Object Repository/APOLLO- Desktop/Home page/Footer/Support' is clicked on

2019-06-25 14:30:54 - [MESSAGE][PASSED] - Object: 'Object Repository/APOLLO- Desktop/Home page/Footer/Support' is clicked on

2019-06-25 14:30:54 - [TEST_STEP][PASSED] - delay(2): Delayed 2 second(s)

2019-06-25 14:30:56 - [MESSAGE][PASSED] - Delayed 2 second(s)

2019-06-25 14:30:56 - [TEST_STEP][NOT_RUN] - executeJavaScript("var previewBar = document.getElementById("preview-bar-iframe"); previewBar.style.display = "none";", []): NOT_RUN: executeJavaScript("var previewBar = document.getElementById("preview-bar-iframe"); previewBar.style.display = "none";", [])

2019-06-25 14:30:56 - [MESSAGE][NOT_RUN] - NOT_RUN: executeJavaScript("var previewBar = document.getElementById("preview-bar-iframe"); previewBar.style.display = "none";", [])

2019-06-25 14:30:56 - [TEST_STEP][PASSED] - delay(2): Delayed 2 second(s)

2019-06-25 14:30:58 - [MESSAGE][PASSED] - Delayed 2 second(s)

2019-06-25 14:30:58 - [TEST_STEP][PASSED] - click(findTestObject("APOLLO- Desktop/Home page/Footer/a_Contact")): Object: 'Object Repository/APOLLO- Desktop/Home page/Footer/a_Contact' is clicked on

2019-06-25 14:30:58 - [MESSAGE][PASSED] - Object: 'Object Repository/APOLLO- Desktop/Home page/Footer/a_Contact' is clicked on

2019-06-25 14:30:58 - [TEST_STEP][PASSED] - delay(2): Delayed 2 second(s)

2019-06-25 14:31:00 - [MESSAGE][PASSED] - Delayed 2 second(s)

2019-06-25 14:31:00 - [TEST_STEP][NOT_RUN] - executeJavaScript("var previewBar = document.getElementById("preview-bar-iframe"); previewBar.style.display = "none";", []): NOT_RUN: executeJavaScript("var previewBar = document.getElementById("preview-bar-iframe"); previewBar.style.display = "none";", [])

2019-06-25 14:31:00 - [MESSAGE][NOT_RUN] - NOT_RUN: executeJavaScript("var previewBar = document.getElementById("preview-bar-iframe"); previewBar.style.display = "none";", [])

2019-06-25 14:31:00 - [TEST_STEP][PASSED] - delay(2): Delayed 2 second(s)

2019-06-25 14:31:02 - [MESSAGE][PASSED] - Delayed 2 second(s)

2019-06-25 14:31:02 - [TEST_STEP][PASSED] - click(findTestObject("APOLLO- Desktop/Home page/Footer/a_Men")): Object: 'Object Repository/APOLLO- Desktop/Home page/Footer/a_Men' is clicked on

2019-06-25 14:31:02 - [MESSAGE][PASSED] - Object: 'Object Repository/APOLLO- Desktop/Home page/Footer/a_Men' is clicked on

2019-06-25 14:31:02 - [TEST_STEP][PASSED] - delay(2): Delayed 2 second(s)

2019-06-25 14:31:04 - [MESSAGE][PASSED] - Delayed 2 second(s)

2019-06-25 14:31:04 - [TEST_STEP][NOT_RUN] - executeJavaScript("var previewBar = document.getElementById("preview-bar-iframe"); previewBar.style.display = "none";", []): NOT_RUN: executeJavaScript("var previewBar = document.getElementById("preview-bar-iframe"); previewBar.style.display = "none";", [])

2019-06-25 14:31:04 - [MESSAGE][NOT_RUN] - NOT_RUN: executeJavaScript("var previewBar = document.getElementById("preview-bar-iframe"); previewBar.style.display = "none";", [])

2019-06-25 14:31:04 - [TEST_STEP][PASSED] - delay(2): Delayed 2 second(s)

2019-06-25 14:31:06 - [MESSAGE][PASSED] - Delayed 2 second(s)

2019-06-25 14:31:06 - [TEST_STEP][PASSED] - click(findTestObject("APOLLO- Desktop/Home page/Footer/a_Women")): Object: 'Object Repository/APOLLO- Desktop/Home page/Footer/a_Women' is clicked on

2019-06-25 14:31:06 - [MESSAGE][PASSED] - Object: 'Object Repository/APOLLO- Desktop/Home page/Footer/a_Women' is clicked on

2019-06-25 14:31:06 - [TEST_STEP][PASSED] - delay(2): Delayed 2 second(s)

2019-06-25 14:31:08 - [MESSAGE][PASSED] - Delayed 2 second(s)

2019-06-25 14:31:08 - [TEST_STEP][NOT_RUN] - executeJavaScript("var previewBar = document.getElementById("preview-bar-iframe"); previewBar.style.display = "none";", []): NOT_RUN: executeJavaScript("var previewBar = document.getElementById("preview-bar-iframe"); previewBar.style.display = "none";", [])

2019-06-25 14:31:08 - [MESSAGE][NOT_RUN] - NOT_RUN: executeJavaScript("var previewBar = document.getElementById("preview-bar-iframe"); previewBar.style.display = "none";", [])

2019-06-25 14:31:08 - [TEST_STEP][PASSED] - delay(2): Delayed 2 second(s)

2019-06-25 14:31:10 - [MESSAGE][PASSED] - Delayed 2 second(s)

2019-06-25 14:31:10 - [TEST_STEP][PASSED] - click(findTestObject("APOLLO- Desktop/Home page/Footer/a_Kids")): Object: 'Object Repository/APOLLO- Desktop/Home page/Footer/a_Kids' is clicked on

2019-06-25 14:31:10 - [MESSAGE][PASSED] - Object: 'Object Repository/APOLLO- Desktop/Home page/Footer/a_Kids' is clicked on

2019-06-25 14:31:10 - [TEST_STEP][PASSED] - delay(2): Delayed 2 second(s)

2019-06-25 14:31:12 - [MESSAGE][PASSED] - Delayed 2 second(s)

2019-06-25 14:31:12 - [TEST_STEP][NOT_RUN] - executeJavaScript("var previewBar = document.getElementById("preview-bar-iframe"); previewBar.style.display = "none";", []): NOT_RUN: executeJavaScript("var previewBar = document.getElementById("preview-bar-iframe"); previewBar.style.display = "none";", [])

2019-06-25 14:31:12 - [MESSAGE][NOT_RUN] - NOT_RUN: executeJavaScript("var previewBar = document.getElementById("preview-bar-iframe"); previewBar.style.display = "none";", [])

2019-06-25 14:31:12 - [TEST_STEP][PASSED] - delay(2): Delayed 2 second(s)

2019-06-25 14:31:14 - [MESSAGE][PASSED] - Delayed 2 second(s)

2019-06-25 14:31:14 - [TEST_STEP][PASSED] - click(findTestObject("APOLLO- Desktop/Home page/Footer/a_Collections")): Object: 'Object Repository/APOLLO- Desktop/Home page/Footer/a_Collections' is clicked on

2019-06-25 14:31:14 - [MESSAGE][PASSED] - Object: 'Object Repository/APOLLO- Desktop/Home page/Footer/a_Collections' is clicked on

2019-06-25 14:31:14 - [TEST_STEP][PASSED] - delay(2): Delayed 2 second(s)

2019-06-25 14:31:16 - [MESSAGE][PASSED] - Delayed 2 second(s)

2019-06-25 14:31:16 - [TEST_STEP][NOT_RUN] - executeJavaScript("var previewBar = document.getElementById("preview-bar-iframe"); previewBar.style.display = "none";", []): NOT_RUN: executeJavaScript("var previewBar = document.getElementById("preview-bar-iframe"); previewBar.style.display = "none";", [])

2019-06-25 14:31:16 - [MESSAGE][NOT_RUN] - NOT_RUN: executeJavaScript("var previewBar = document.getElementById("preview-bar-iframe"); previewBar.style.display = "none";", [])

2019-06-25 14:31:16 - [TEST_STEP][PASSED] - delay(2): Delayed 2 second(s)

2019-06-25 14:31:18 - [MESSAGE][PASSED] - Delayed 2 second(s)

2019-06-25 14:31:18 - [TEST_STEP][PASSED] - click(findTestObject("APOLLO- Desktop/Home page/Footer/a_About")): Object: 'Object Repository/APOLLO- Desktop/Home page/Footer/a_About' is clicked on

2019-06-25 14:31:18 - [MESSAGE][PASSED] - Object: 'Object Repository/APOLLO- Desktop/Home page/Footer/a_About' is clicked on

2019-06-25 14:31:18 - [TEST_STEP][PASSED] - delay(2): Delayed 2 second(s)

2019-06-25 14:31:20 - [MESSAGE][PASSED] - Delayed 2 second(s)

2019-06-25 14:31:20 - [TEST_STEP][NOT_RUN] - executeJavaScript("var previewBar = document.getElementById("preview-bar-iframe"); previewBar.style.display = "none";", []): NOT_RUN: executeJavaScript("var previewBar = document.getElementById("preview-bar-iframe"); previewBar.style.display = "none";", [])

2019-06-25 14:31:20 - [MESSAGE][NOT_RUN] - NOT_RUN: executeJavaScript("var previewBar = document.getElementById("preview-bar-iframe"); previewBar.style.display = "none";", [])

2019-06-25 14:31:20 - [TEST_STEP][PASSED] - delay(2): Delayed 2 second(s)

2019-06-25 14:31:22 - [MESSAGE][PASSED] - Delayed 2 second(s)

2019-06-25 14:31:22 - [TEST_STEP][PASSED] - click(findTestObject("APOLLO- Desktop/Home page/Footer/a_Blog")): Object: 'Object Repository/APOLLO- Desktop/Home page/Footer/a_Blog' is clicked on

2019-06-25 14:31:22 - [MESSAGE][PASSED] - Object: 'Object Repository/APOLLO- Desktop/Home page/Footer/a_Blog' is clicked on

2019-06-25 14:31:22 - [TEST_STEP][PASSED] - delay(2): Delayed 2 second(s)

2019-06-25 14:31:24 - [MESSAGE][PASSED] - Delayed 2 second(s)

2019-06-25 14:31:24 - [TEST_STEP][NOT_RUN] - executeJavaScript("var previewBar = document.getElementById("preview-bar-iframe"); previewBar.style.display = "none";", []): NOT_RUN: executeJavaScript("var previewBar = document.getElementById("preview-bar-iframe"); previewBar.style.display = "none";", [])

2019-06-25 14:31:24 - [MESSAGE][NOT_RUN] - NOT_RUN: executeJavaScript("var previewBar = document.getElementById("preview-bar-iframe"); previewBar.style.display = "none";", [])

2019-06-25 14:31:24 - [TEST_STEP][PASSED] - delay(2): Delayed 2 second(s)

2019-06-25 14:31:26 - [MESSAGE][PASSED] - Delayed 2 second(s)

2019-06-25 14:31:26 - [TEST_STEP][PASSED] - click(findTestObject("APOLLO- Desktop/Home page/Footer/Support")): Object: 'Object Repository/APOLLO- Desktop/Home page/Footer/Support' is clicked on

2019-06-25 14:31:26 - [MESSAGE][PASSED] - Object: 'Object Repository/APOLLO- Desktop/Home page/Footer/Support' is clicked on

2019-06-25 14:31:26 - [TEST_STEP][PASSED] - delay(2): Delayed 2 second(s)

2019-06-25 14:31:28 - [MESSAGE][PASSED] - Delayed 2 second(s)

2019-06-25 14:31:28 - [TEST_STEP][NOT_RUN] - executeJavaScript("var previewBar = document.getElementById("preview-bar-iframe"); previewBar.style.display = "none";", []): NOT_RUN: executeJavaScript("var previewBar = document.getElementById("preview-bar-iframe"); previewBar.style.display = "none";", [])

2019-06-25 14:31:28 - [MESSAGE][NOT_RUN] - NOT_RUN: executeJavaScript("var previewBar = document.getElementById("preview-bar-iframe"); previewBar.style.display = "none";", [])

2019-06-25 14:31:28 - [TEST_STEP][PASSED] - delay(2): Delayed 2 second(s)

2019-06-25 14:31:30 - [MESSAGE][PASSED] - Delayed 2 second(s)

2019-06-25 14:31:30 - [TEST_STEP][PASSED] - click(findTestObject("APOLLO- Desktop/Home page/Footer/a_Contact Us")): Object: 'Object Repository/APOLLO- Desktop/Home page/Footer/a_Contact Us' is clicked on

2019-06-25 14:31:30 - [MESSAGE][PASSED] - Object: 'Object Repository/APOLLO- Desktop/Home page/Footer/a_Contact Us' is clicked on]]></system-out>
         <system-err><![CDATA[]]></system-err>
      </testcase>
      <testcase name="Test Cases/HOME PAGE/Cart flyout opening" classname="Test Cases/HOME PAGE/Cart flyout opening" status="FAILED">
         <failure type="FAILED" message="Test Cases/HOME PAGE/Cart flyout opening FAILED.
Reason:
com.kms.katalon.core.exception.StepFailedException: Unable to verify text 'Your bag' is not present  (Root cause: com.kms.katalon.core.exception.StepFailedException: Text 'Your bag' is present on page )
	at com.kms.katalon.core.keyword.internal.KeywordMain.stepFailed(KeywordMain.groovy:36)
	at com.kms.katalon.core.webui.keyword.internal.WebUIKeywordMain.stepFailed(WebUIKeywordMain.groovy:65)
	at com.kms.katalon.core.webui.keyword.internal.WebUIKeywordMain.runKeyword(WebUIKeywordMain.groovy:27)
	at com.kms.katalon.core.webui.keyword.builtin.VerifyTextNotPresentKeyword.verifyTextNotPresent(VerifyTextNotPresentKeyword.groovy:82)
	at com.kms.katalon.core.webui.keyword.builtin.VerifyTextNotPresentKeyword.execute(VerifyTextNotPresentKeyword.groovy:68)
	at com.kms.katalon.core.keyword.internal.KeywordExecutor.executeKeywordForPlatform(KeywordExecutor.groovy:53)
	at com.kms.katalon.core.webui.keyword.WebUiBuiltInKeywords.verifyTextNotPresent(WebUiBuiltInKeywords.groovy:1726)
	at com.kms.katalon.core.webui.keyword.WebUiBuiltInKeywords$verifyTextNotPresent$11.call(Unknown Source)
	at Cart flyout opening.run(Cart flyout opening:40)
	at com.kms.katalon.core.main.ScriptEngine.run(ScriptEngine.java:194)
	at com.kms.katalon.core.main.ScriptEngine.runScriptAsRawText(ScriptEngine.java:119)
	at com.kms.katalon.core.main.TestCaseExecutor.runScript(TestCaseExecutor.java:328)
	at com.kms.katalon.core.main.TestCaseExecutor.doExecute(TestCaseExecutor.java:319)
	at com.kms.katalon.core.main.TestCaseExecutor.processExecutionPhase(TestCaseExecutor.java:298)
	at com.kms.katalon.core.main.TestCaseExecutor.accessMainPhase(TestCaseExecutor.java:290)
	at com.kms.katalon.core.main.TestCaseExecutor.execute(TestCaseExecutor.java:224)
	at com.kms.katalon.core.main.TestSuiteExecutor.accessTestCaseMainPhase(TestSuiteExecutor.java:129)
	at com.kms.katalon.core.main.TestSuiteExecutor.accessTestSuiteMainPhase(TestSuiteExecutor.java:112)
	at com.kms.katalon.core.main.TestSuiteExecutor.execute(TestSuiteExecutor.java:81)
	at com.kms.katalon.core.main.TestCaseMain.startTestSuite(TestCaseMain.java:149)
	at com.kms.katalon.core.main.TestCaseMain$startTestSuite$0.call(Unknown Source)
	at TempTestSuite1561486823730.run(TempTestSuite1561486823730.groovy:36)
"/>
         <system-out><![CDATA[2019-06-25 14:31:30 - [TEST_CASE][FAILED] - Test Cases/HOME PAGE/Cart flyout opening: Test Cases/HOME PAGE/Cart flyout opening FAILED.
Reason:
com.kms.katalon.core.exception.StepFailedException: Unable to verify text 'Your bag' is not present  (Root cause: com.kms.katalon.core.exception.StepFailedException: Text 'Your bag' is present on page )
	at com.kms.katalon.core.keyword.internal.KeywordMain.stepFailed(KeywordMain.groovy:36)
	at com.kms.katalon.core.webui.keyword.internal.WebUIKeywordMain.stepFailed(WebUIKeywordMain.groovy:65)
	at com.kms.katalon.core.webui.keyword.internal.WebUIKeywordMain.runKeyword(WebUIKeywordMain.groovy:27)
	at com.kms.katalon.core.webui.keyword.builtin.VerifyTextNotPresentKeyword.verifyTextNotPresent(VerifyTextNotPresentKeyword.groovy:82)
	at com.kms.katalon.core.webui.keyword.builtin.VerifyTextNotPresentKeyword.execute(VerifyTextNotPresentKeyword.groovy:68)
	at com.kms.katalon.core.keyword.internal.KeywordExecutor.executeKeywordForPlatform(KeywordExecutor.groovy:53)
	at com.kms.katalon.core.webui.keyword.WebUiBuiltInKeywords.verifyTextNotPresent(WebUiBuiltInKeywords.groovy:1726)
	at com.kms.katalon.core.webui.keyword.WebUiBuiltInKeywords$verifyTextNotPresent$11.call(Unknown Source)
	at Cart flyout opening.run(Cart flyout opening:40)
	at com.kms.katalon.core.main.ScriptEngine.run(ScriptEngine.java:194)
	at com.kms.katalon.core.main.ScriptEngine.runScriptAsRawText(ScriptEngine.java:119)
	at com.kms.katalon.core.main.TestCaseExecutor.runScript(TestCaseExecutor.java:328)
	at com.kms.katalon.core.main.TestCaseExecutor.doExecute(TestCaseExecutor.java:319)
	at com.kms.katalon.core.main.TestCaseExecutor.processExecutionPhase(TestCaseExecutor.java:298)
	at com.kms.katalon.core.main.TestCaseExecutor.accessMainPhase(TestCaseExecutor.java:290)
	at com.kms.katalon.core.main.TestCaseExecutor.execute(TestCaseExecutor.java:224)
	at com.kms.katalon.core.main.TestSuiteExecutor.accessTestCaseMainPhase(TestSuiteExecutor.java:129)
	at com.kms.katalon.core.main.TestSuiteExecutor.accessTestSuiteMainPhase(TestSuiteExecutor.java:112)
	at com.kms.katalon.core.main.TestSuiteExecutor.execute(TestSuiteExecutor.java:81)
	at com.kms.katalon.core.main.TestCaseMain.startTestSuite(TestCaseMain.java:149)
	at com.kms.katalon.core.main.TestCaseMain$startTestSuite$0.call(Unknown Source)
	at TempTestSuite1561486823730.run(TempTestSuite1561486823730.groovy:36)


2019-06-25 14:31:30 - [TEST_STEP][PASSED] - callTestCase(findTestCase("CALL - URL"), [:], STOP_ON_FAILURE): Call Test Case 'Test Cases/CALL - URL' successfully

2019-06-25 14:31:30 - [TEST_CASE][PASSED] - Test Cases/CALL - URL: Test Cases/CALL - URL

2019-06-25 14:31:30 - [TEST_STEP][PASSED] - openBrowser(""): Browser is opened with url: ''

2019-06-25 14:31:30 - [MESSAGE][WARNING] - A browser is already opened. Closing browser and opening a new one

2019-06-25 14:31:31 - [MESSAGE][INFO] - Starting 'Safari' driver

2019-06-25 14:31:31 - [MESSAGE][PASSED] - Browser is opened with url: ''

2019-06-25 14:31:31 - [TEST_STEP][PASSED] - navigateToUrl("https://diff-apollo.myshopify.com/?key=eec34184cfd8f82cda816f82753a8c8e9e240f30cf54470e19667b8cbb401948&preview_theme_id="): Navigate to 'https://diff-apollo.myshopify.com/?key=eec34184cfd8f82cda816f82753a8c8e9e240f30cf54470e19667b8cbb401948&preview_theme_id=' successfully

2019-06-25 14:31:33 - [MESSAGE][PASSED] - Navigate to 'https://diff-apollo.myshopify.com/?key=eec34184cfd8f82cda816f82753a8c8e9e240f30cf54470e19667b8cbb401948&preview_theme_id=' successfully

2019-06-25 14:31:33 - [TEST_STEP][NOT_RUN] - executeJavaScript("var previewBar = document.getElementById("preview-bar-iframe"); previewBar.style.display = "none";", []): NOT_RUN: executeJavaScript("var previewBar = document.getElementById("preview-bar-iframe"); previewBar.style.display = "none";", [])

2019-06-25 14:31:33 - [MESSAGE][NOT_RUN] - NOT_RUN: executeJavaScript("var previewBar = document.getElementById("preview-bar-iframe"); previewBar.style.display = "none";", [])

2019-06-25 14:31:33 - [TEST_STEP][PASSED] - maximizeWindow(): Current window maximized

2019-06-25 14:31:33 - [MESSAGE][PASSED] - Current window maximized

2019-06-25 14:31:33 - [MESSAGE][PASSED] - Call Test Case 'Test Cases/CALL - URL' successfully

2019-06-25 14:31:33 - [TEST_STEP][PASSED] - delay(2): Delayed 2 second(s)

2019-06-25 14:31:35 - [MESSAGE][PASSED] - Delayed 2 second(s)

2019-06-25 14:31:35 - [TEST_STEP][PASSED] - click(findTestObject("APOLLO- Desktop/Home page/cart icon open")): Object: 'Object Repository/APOLLO- Desktop/Home page/cart icon open' is clicked on

2019-06-25 14:31:35 - [MESSAGE][PASSED] - Object: 'Object Repository/APOLLO- Desktop/Home page/cart icon open' is clicked on

2019-06-25 14:31:35 - [TEST_STEP][PASSED] - flag = verifyTextPresent("Your bag", false): Text 'Your bag' is present on page 

2019-06-25 14:31:35 - [MESSAGE][PASSED] - Text 'Your bag' is present on page 

2019-06-25 14:31:35 - [TEST_STEP][PASSED] - delay(2): Delayed 2 second(s)

2019-06-25 14:31:37 - [MESSAGE][PASSED] - Delayed 2 second(s)

2019-06-25 14:31:37 - [TEST_STEP][PASSED] - comment("flag=" + flag): flag=true

2019-06-25 14:31:37 - [MESSAGE][INFO] - flag=true

2019-06-25 14:31:37 - [TEST_STEP][PASSED] - if (flag == true): Delayed 2 second(s)

2019-06-25 14:31:37 - [TEST_STEP][PASSED] - comment(" cart flyout opened"):  cart flyout opened

2019-06-25 14:31:37 - [MESSAGE][INFO] -  cart flyout opened

2019-06-25 14:31:37 - [TEST_STEP][PASSED] - delay(2): Delayed 2 second(s)

2019-06-25 14:31:39 - [MESSAGE][PASSED] - Delayed 2 second(s)

2019-06-25 14:31:39 - [TEST_STEP][PASSED] - click(findTestObject("APOLLO- Desktop/Cart flyout/Cart collapse")): Object: 'Object Repository/APOLLO- Desktop/Cart flyout/Cart collapse' is clicked on

2019-06-25 14:31:39 - [MESSAGE][PASSED] - Object: 'Object Repository/APOLLO- Desktop/Cart flyout/Cart collapse' is clicked on

2019-06-25 14:31:39 - [TEST_STEP][PASSED] - delay(2): Delayed 2 second(s)

2019-06-25 14:31:41 - [MESSAGE][PASSED] - Delayed 2 second(s)

2019-06-25 14:31:41 - [TEST_STEP][FAILED] - flag1 = verifyTextNotPresent("Your bag", false): flag1 = verifyTextNotPresent("Your bag", false) FAILED.
Reason:
com.kms.katalon.core.exception.StepFailedException: Unable to verify text 'Your bag' is not present  (Root cause: com.kms.katalon.core.exception.StepFailedException: Text 'Your bag' is present on page )
	at com.kms.katalon.core.keyword.internal.KeywordMain.stepFailed(KeywordMain.groovy:36)
	at com.kms.katalon.core.webui.keyword.internal.WebUIKeywordMain.stepFailed(WebUIKeywordMain.groovy:65)
	at com.kms.katalon.core.webui.keyword.internal.WebUIKeywordMain.runKeyword(WebUIKeywordMain.groovy:27)
	at com.kms.katalon.core.webui.keyword.builtin.VerifyTextNotPresentKeyword.verifyTextNotPresent(VerifyTextNotPresentKeyword.groovy:82)
	at com.kms.katalon.core.webui.keyword.builtin.VerifyTextNotPresentKeyword.execute(VerifyTextNotPresentKeyword.groovy:68)
	at com.kms.katalon.core.keyword.internal.KeywordExecutor.executeKeywordForPlatform(KeywordExecutor.groovy:53)
	at com.kms.katalon.core.webui.keyword.WebUiBuiltInKeywords.verifyTextNotPresent(WebUiBuiltInKeywords.groovy:1726)
	at com.kms.katalon.core.webui.keyword.WebUiBuiltInKeywords$verifyTextNotPresent$11.call(Unknown Source)
	at Cart flyout opening.run(Cart flyout opening:40)
	at com.kms.katalon.core.main.ScriptEngine.run(ScriptEngine.java:194)
	at com.kms.katalon.core.main.ScriptEngine.runScriptAsRawText(ScriptEngine.java:119)
	at com.kms.katalon.core.main.TestCaseExecutor.runScript(TestCaseExecutor.java:328)
	at com.kms.katalon.core.main.TestCaseExecutor.doExecute(TestCaseExecutor.java:319)
	at com.kms.katalon.core.main.TestCaseExecutor.processExecutionPhase(TestCaseExecutor.java:298)
	at com.kms.katalon.core.main.TestCaseExecutor.accessMainPhase(TestCaseExecutor.java:290)
	at com.kms.katalon.core.main.TestCaseExecutor.execute(TestCaseExecutor.java:224)
	at com.kms.katalon.core.main.TestSuiteExecutor.accessTestCaseMainPhase(TestSuiteExecutor.java:129)
	at com.kms.katalon.core.main.TestSuiteExecutor.accessTestSuiteMainPhase(TestSuiteExecutor.java:112)
	at com.kms.katalon.core.main.TestSuiteExecutor.execute(TestSuiteExecutor.java:81)
	at com.kms.katalon.core.main.TestCaseMain.startTestSuite(TestCaseMain.java:149)
	at com.kms.katalon.core.main.TestCaseMain$startTestSuite$0.call(Unknown Source)
	at TempTestSuite1561486823730.run(TempTestSuite1561486823730.groovy:36)


2019-06-25 14:31:41 - [MESSAGE][FAILED] - Text 'Your bag' is present on page 

2019-06-25 14:31:42 - [MESSAGE][FAILED] - Unable to verify text 'Your bag' is not present  (Root cause: com.kms.katalon.core.exception.StepFailedException: Text 'Your bag' is present on page )
[[ATTACHMENT|/Users/sumankompelly/Katalon Studio/APOLLO/Reports/Apollo - dark build/20190625_142023/1561487501822.png]]

2019-06-25 14:31:42 - [MESSAGE][FAILED] - flag1 = verifyTextNotPresent("Your bag", false) FAILED.
Reason:
com.kms.katalon.core.exception.StepFailedException: Unable to verify text 'Your bag' is not present  (Root cause: com.kms.katalon.core.exception.StepFailedException: Text 'Your bag' is present on page )
	at com.kms.katalon.core.keyword.internal.KeywordMain.stepFailed(KeywordMain.groovy:36)
	at com.kms.katalon.core.webui.keyword.internal.WebUIKeywordMain.stepFailed(WebUIKeywordMain.groovy:65)
	at com.kms.katalon.core.webui.keyword.internal.WebUIKeywordMain.runKeyword(WebUIKeywordMain.groovy:27)
	at com.kms.katalon.core.webui.keyword.builtin.VerifyTextNotPresentKeyword.verifyTextNotPresent(VerifyTextNotPresentKeyword.groovy:82)
	at com.kms.katalon.core.webui.keyword.builtin.VerifyTextNotPresentKeyword.execute(VerifyTextNotPresentKeyword.groovy:68)
	at com.kms.katalon.core.keyword.internal.KeywordExecutor.executeKeywordForPlatform(KeywordExecutor.groovy:53)
	at com.kms.katalon.core.webui.keyword.WebUiBuiltInKeywords.verifyTextNotPresent(WebUiBuiltInKeywords.groovy:1726)
	at com.kms.katalon.core.webui.keyword.WebUiBuiltInKeywords$verifyTextNotPresent$11.call(Unknown Source)
	at Cart flyout opening.run(Cart flyout opening:40)
	at com.kms.katalon.core.main.ScriptEngine.run(ScriptEngine.java:194)
	at com.kms.katalon.core.main.ScriptEngine.runScriptAsRawText(ScriptEngine.java:119)
	at com.kms.katalon.core.main.TestCaseExecutor.runScript(TestCaseExecutor.java:328)
	at com.kms.katalon.core.main.TestCaseExecutor.doExecute(TestCaseExecutor.java:319)
	at com.kms.katalon.core.main.TestCaseExecutor.processExecutionPhase(TestCaseExecutor.java:298)
	at com.kms.katalon.core.main.TestCaseExecutor.accessMainPhase(TestCaseExecutor.java:290)
	at com.kms.katalon.core.main.TestCaseExecutor.execute(TestCaseExecutor.java:224)
	at com.kms.katalon.core.main.TestSuiteExecutor.accessTestCaseMainPhase(TestSuiteExecutor.java:129)
	at com.kms.katalon.core.main.TestSuiteExecutor.accessTestSuiteMainPhase(TestSuiteExecutor.java:112)
	at com.kms.katalon.core.main.TestSuiteExecutor.execute(TestSuiteExecutor.java:81)
	at com.kms.katalon.core.main.TestCaseMain.startTestSuite(TestCaseMain.java:149)
	at com.kms.katalon.core.main.TestCaseMain$startTestSuite$0.call(Unknown Source)
	at TempTestSuite1561486823730.run(TempTestSuite1561486823730.groovy:36)]]></system-out>
         <system-err><![CDATA[2019-06-25 14:31:30 - [TEST_CASE][FAILED] - Test Cases/HOME PAGE/Cart flyout opening: Test Cases/HOME PAGE/Cart flyout opening FAILED.
Reason:
com.kms.katalon.core.exception.StepFailedException: Unable to verify text 'Your bag' is not present  (Root cause: com.kms.katalon.core.exception.StepFailedException: Text 'Your bag' is present on page )
	at com.kms.katalon.core.keyword.internal.KeywordMain.stepFailed(KeywordMain.groovy:36)
	at com.kms.katalon.core.webui.keyword.internal.WebUIKeywordMain.stepFailed(WebUIKeywordMain.groovy:65)
	at com.kms.katalon.core.webui.keyword.internal.WebUIKeywordMain.runKeyword(WebUIKeywordMain.groovy:27)
	at com.kms.katalon.core.webui.keyword.builtin.VerifyTextNotPresentKeyword.verifyTextNotPresent(VerifyTextNotPresentKeyword.groovy:82)
	at com.kms.katalon.core.webui.keyword.builtin.VerifyTextNotPresentKeyword.execute(VerifyTextNotPresentKeyword.groovy:68)
	at com.kms.katalon.core.keyword.internal.KeywordExecutor.executeKeywordForPlatform(KeywordExecutor.groovy:53)
	at com.kms.katalon.core.webui.keyword.WebUiBuiltInKeywords.verifyTextNotPresent(WebUiBuiltInKeywords.groovy:1726)
	at com.kms.katalon.core.webui.keyword.WebUiBuiltInKeywords$verifyTextNotPresent$11.call(Unknown Source)
	at Cart flyout opening.run(Cart flyout opening:40)
	at com.kms.katalon.core.main.ScriptEngine.run(ScriptEngine.java:194)
	at com.kms.katalon.core.main.ScriptEngine.runScriptAsRawText(ScriptEngine.java:119)
	at com.kms.katalon.core.main.TestCaseExecutor.runScript(TestCaseExecutor.java:328)
	at com.kms.katalon.core.main.TestCaseExecutor.doExecute(TestCaseExecutor.java:319)
	at com.kms.katalon.core.main.TestCaseExecutor.processExecutionPhase(TestCaseExecutor.java:298)
	at com.kms.katalon.core.main.TestCaseExecutor.accessMainPhase(TestCaseExecutor.java:290)
	at com.kms.katalon.core.main.TestCaseExecutor.execute(TestCaseExecutor.java:224)
	at com.kms.katalon.core.main.TestSuiteExecutor.accessTestCaseMainPhase(TestSuiteExecutor.java:129)
	at com.kms.katalon.core.main.TestSuiteExecutor.accessTestSuiteMainPhase(TestSuiteExecutor.java:112)
	at com.kms.katalon.core.main.TestSuiteExecutor.execute(TestSuiteExecutor.java:81)
	at com.kms.katalon.core.main.TestCaseMain.startTestSuite(TestCaseMain.java:149)
	at com.kms.katalon.core.main.TestCaseMain$startTestSuite$0.call(Unknown Source)
	at TempTestSuite1561486823730.run(TempTestSuite1561486823730.groovy:36)]]></system-err>
      </testcase>
      <testcase name="Test Cases/HOME PAGE/Popular products" classname="Test Cases/HOME PAGE/Popular products" status="FAILED">
         <failure type="FAILED" message="Test Cases/HOME PAGE/Popular products FAILED.
Reason:
com.kms.katalon.core.exception.StepFailedException: Unable to move mouse over object 'Object Repository/APOLLO- Desktop/Home page/Popular products/Previous button chevron' (Root cause: org.openqa.selenium.WebDriverException: 
Build info: version: '3.7.1', revision: '8a0099a', time: '2017-11-06T21:07:36.161Z'
System info: host: 'sumans-MacBook-Pro.local', ip: 'fe80:0:0:0:b7:68e8:717b:cb34%en0', os.name: 'Mac OS X', os.arch: 'x86_64', os.version: '10.13.6', java.version: '1.8.0_181'
Driver info: com.kms.katalon.selenium.driver.CSafariDriver
Capabilities {acceptInsecureCerts: false, browserName: Safari, browserVersion: 12.1, javascriptEnabled: true, platform: MAC, platformName: MAC, safari:automaticInspection: false, safari:automaticProfiling: false, safari:diagnose: false, setWindowRect: true, strictFileInteractability: false, webkit:WebRTC: {DisableICECandidateFiltering: false, DisableInsecureMediaCapture: false}}
Session ID: B24F5AB3-C5F9-4919-A892-F59101E48ABF)
	at com.kms.katalon.core.keyword.internal.KeywordMain.stepFailed(KeywordMain.groovy:36)
	at com.kms.katalon.core.webui.keyword.internal.WebUIKeywordMain.stepFailed(WebUIKeywordMain.groovy:65)
	at com.kms.katalon.core.webui.keyword.internal.WebUIKeywordMain.runKeyword(WebUIKeywordMain.groovy:27)
	at com.kms.katalon.core.webui.keyword.builtin.MouseOverKeyword.mouseOver(MouseOverKeyword.groovy:90)
	at com.kms.katalon.core.webui.keyword.builtin.MouseOverKeyword.execute(MouseOverKeyword.groovy:67)
	at com.kms.katalon.core.keyword.internal.KeywordExecutor.executeKeywordForPlatform(KeywordExecutor.groovy:53)
	at com.kms.katalon.core.webui.keyword.WebUiBuiltInKeywords.mouseOver(WebUiBuiltInKeywords.groovy:776)
	at com.kms.katalon.core.webui.keyword.WebUiBuiltInKeywords$mouseOver$9.call(Unknown Source)
	at Popular products.run(Popular products:74)
	at com.kms.katalon.core.main.ScriptEngine.run(ScriptEngine.java:194)
	at com.kms.katalon.core.main.ScriptEngine.runScriptAsRawText(ScriptEngine.java:119)
	at com.kms.katalon.core.main.TestCaseExecutor.runScript(TestCaseExecutor.java:328)
	at com.kms.katalon.core.main.TestCaseExecutor.doExecute(TestCaseExecutor.java:319)
	at com.kms.katalon.core.main.TestCaseExecutor.processExecutionPhase(TestCaseExecutor.java:298)
	at com.kms.katalon.core.main.TestCaseExecutor.accessMainPhase(TestCaseExecutor.java:290)
	at com.kms.katalon.core.main.TestCaseExecutor.execute(TestCaseExecutor.java:224)
	at com.kms.katalon.core.main.TestSuiteExecutor.accessTestCaseMainPhase(TestSuiteExecutor.java:129)
	at com.kms.katalon.core.main.TestSuiteExecutor.accessTestSuiteMainPhase(TestSuiteExecutor.java:112)
	at com.kms.katalon.core.main.TestSuiteExecutor.execute(TestSuiteExecutor.java:81)
	at com.kms.katalon.core.main.TestCaseMain.startTestSuite(TestCaseMain.java:149)
	at com.kms.katalon.core.main.TestCaseMain$startTestSuite$0.call(Unknown Source)
	at TempTestSuite1561486823730.run(TempTestSuite1561486823730.groovy:36)
"/>
         <system-out><![CDATA[2019-06-25 14:31:42 - [TEST_CASE][FAILED] - Test Cases/HOME PAGE/Popular products: Test Cases/HOME PAGE/Popular products FAILED.
Reason:
com.kms.katalon.core.exception.StepFailedException: Unable to move mouse over object 'Object Repository/APOLLO- Desktop/Home page/Popular products/Previous button chevron' (Root cause: org.openqa.selenium.WebDriverException: 
Build info: version: '3.7.1', revision: '8a0099a', time: '2017-11-06T21:07:36.161Z'
System info: host: 'sumans-MacBook-Pro.local', ip: 'fe80:0:0:0:b7:68e8:717b:cb34%en0', os.name: 'Mac OS X', os.arch: 'x86_64', os.version: '10.13.6', java.version: '1.8.0_181'
Driver info: com.kms.katalon.selenium.driver.CSafariDriver
Capabilities {acceptInsecureCerts: false, browserName: Safari, browserVersion: 12.1, javascriptEnabled: true, platform: MAC, platformName: MAC, safari:automaticInspection: false, safari:automaticProfiling: false, safari:diagnose: false, setWindowRect: true, strictFileInteractability: false, webkit:WebRTC: {DisableICECandidateFiltering: false, DisableInsecureMediaCapture: false}}
Session ID: B24F5AB3-C5F9-4919-A892-F59101E48ABF)
	at com.kms.katalon.core.keyword.internal.KeywordMain.stepFailed(KeywordMain.groovy:36)
	at com.kms.katalon.core.webui.keyword.internal.WebUIKeywordMain.stepFailed(WebUIKeywordMain.groovy:65)
	at com.kms.katalon.core.webui.keyword.internal.WebUIKeywordMain.runKeyword(WebUIKeywordMain.groovy:27)
	at com.kms.katalon.core.webui.keyword.builtin.MouseOverKeyword.mouseOver(MouseOverKeyword.groovy:90)
	at com.kms.katalon.core.webui.keyword.builtin.MouseOverKeyword.execute(MouseOverKeyword.groovy:67)
	at com.kms.katalon.core.keyword.internal.KeywordExecutor.executeKeywordForPlatform(KeywordExecutor.groovy:53)
	at com.kms.katalon.core.webui.keyword.WebUiBuiltInKeywords.mouseOver(WebUiBuiltInKeywords.groovy:776)
	at com.kms.katalon.core.webui.keyword.WebUiBuiltInKeywords$mouseOver$9.call(Unknown Source)
	at Popular products.run(Popular products:74)
	at com.kms.katalon.core.main.ScriptEngine.run(ScriptEngine.java:194)
	at com.kms.katalon.core.main.ScriptEngine.runScriptAsRawText(ScriptEngine.java:119)
	at com.kms.katalon.core.main.TestCaseExecutor.runScript(TestCaseExecutor.java:328)
	at com.kms.katalon.core.main.TestCaseExecutor.doExecute(TestCaseExecutor.java:319)
	at com.kms.katalon.core.main.TestCaseExecutor.processExecutionPhase(TestCaseExecutor.java:298)
	at com.kms.katalon.core.main.TestCaseExecutor.accessMainPhase(TestCaseExecutor.java:290)
	at com.kms.katalon.core.main.TestCaseExecutor.execute(TestCaseExecutor.java:224)
	at com.kms.katalon.core.main.TestSuiteExecutor.accessTestCaseMainPhase(TestSuiteExecutor.java:129)
	at com.kms.katalon.core.main.TestSuiteExecutor.accessTestSuiteMainPhase(TestSuiteExecutor.java:112)
	at com.kms.katalon.core.main.TestSuiteExecutor.execute(TestSuiteExecutor.java:81)
	at com.kms.katalon.core.main.TestCaseMain.startTestSuite(TestCaseMain.java:149)
	at com.kms.katalon.core.main.TestCaseMain$startTestSuite$0.call(Unknown Source)
	at TempTestSuite1561486823730.run(TempTestSuite1561486823730.groovy:36)


2019-06-25 14:31:42 - [TEST_STEP][PASSED] - callTestCase(findTestCase("CALL - URL"), [:], STOP_ON_FAILURE): Call Test Case 'Test Cases/CALL - URL' successfully

2019-06-25 14:31:42 - [TEST_CASE][PASSED] - Test Cases/CALL - URL: Test Cases/CALL - URL

2019-06-25 14:31:42 - [TEST_STEP][PASSED] - openBrowser(""): Browser is opened with url: ''

2019-06-25 14:31:42 - [MESSAGE][WARNING] - A browser is already opened. Closing browser and opening a new one

2019-06-25 14:31:42 - [MESSAGE][INFO] - Starting 'Safari' driver

2019-06-25 14:31:43 - [MESSAGE][PASSED] - Browser is opened with url: ''

2019-06-25 14:31:43 - [TEST_STEP][PASSED] - navigateToUrl("https://diff-apollo.myshopify.com/?key=eec34184cfd8f82cda816f82753a8c8e9e240f30cf54470e19667b8cbb401948&preview_theme_id="): Navigate to 'https://diff-apollo.myshopify.com/?key=eec34184cfd8f82cda816f82753a8c8e9e240f30cf54470e19667b8cbb401948&preview_theme_id=' successfully

2019-06-25 14:31:44 - [MESSAGE][PASSED] - Navigate to 'https://diff-apollo.myshopify.com/?key=eec34184cfd8f82cda816f82753a8c8e9e240f30cf54470e19667b8cbb401948&preview_theme_id=' successfully

2019-06-25 14:31:44 - [TEST_STEP][NOT_RUN] - executeJavaScript("var previewBar = document.getElementById("preview-bar-iframe"); previewBar.style.display = "none";", []): NOT_RUN: executeJavaScript("var previewBar = document.getElementById("preview-bar-iframe"); previewBar.style.display = "none";", [])

2019-06-25 14:31:44 - [MESSAGE][NOT_RUN] - NOT_RUN: executeJavaScript("var previewBar = document.getElementById("preview-bar-iframe"); previewBar.style.display = "none";", [])

2019-06-25 14:31:44 - [TEST_STEP][PASSED] - maximizeWindow(): Current window maximized

2019-06-25 14:31:44 - [MESSAGE][PASSED] - Current window maximized

2019-06-25 14:31:44 - [MESSAGE][PASSED] - Call Test Case 'Test Cases/CALL - URL' successfully

2019-06-25 14:31:44 - [TEST_STEP][PASSED] - delay(2): Delayed 2 second(s)

2019-06-25 14:31:46 - [MESSAGE][PASSED] - Delayed 2 second(s)

2019-06-25 14:31:46 - [TEST_STEP][PASSED] - scrollToElement(findTestObject("APOLLO- Desktop/Home page/Popular products/Popular products tile"), 0): Scroll to object 'Object Repository/APOLLO- Desktop/Home page/Popular products/Popular products tile' successfully

2019-06-25 14:31:46 - [MESSAGE][WARNING] - Timeout '0' is invalid. Using default page load timeout: '30'

2019-06-25 14:31:46 - [MESSAGE][PASSED] - Scroll to object 'Object Repository/APOLLO- Desktop/Home page/Popular products/Popular products tile' successfully

2019-06-25 14:31:46 - [TEST_STEP][PASSED] - delay(2): Delayed 2 second(s)

2019-06-25 14:31:48 - [MESSAGE][PASSED] - Delayed 2 second(s)

2019-06-25 14:31:48 - [TEST_STEP][PASSED] - click(findTestObject("APOLLO- Desktop/Home page/Popular products/Popular products tile - women slider")): Object: 'Object Repository/APOLLO- Desktop/Home page/Popular products/Popular products tile - women slider' is clicked on

2019-06-25 14:31:49 - [MESSAGE][PASSED] - Object: 'Object Repository/APOLLO- Desktop/Home page/Popular products/Popular products tile - women slider' is clicked on

2019-06-25 14:31:49 - [TEST_STEP][PASSED] - delay(2): Delayed 2 second(s)

2019-06-25 14:31:51 - [MESSAGE][PASSED] - Delayed 2 second(s)

2019-06-25 14:31:51 - [TEST_STEP][PASSED] - click(findTestObject("APOLLO- Desktop/Home page/Popular products/first product- women")): Object: 'Object Repository/APOLLO- Desktop/Home page/Popular products/first product- women' is clicked on

2019-06-25 14:31:51 - [MESSAGE][PASSED] - Object: 'Object Repository/APOLLO- Desktop/Home page/Popular products/first product- women' is clicked on

2019-06-25 14:31:51 - [TEST_STEP][PASSED] - delay(2): Delayed 2 second(s)

2019-06-25 14:31:53 - [MESSAGE][PASSED] - Delayed 2 second(s)

2019-06-25 14:31:53 - [TEST_STEP][PASSED] - click(findTestObject("APOLLO- Desktop/Home page/Hero banner - CTA/Apollo icon")): Object: 'Object Repository/APOLLO- Desktop/Home page/Hero banner - CTA/Apollo icon' is clicked on

2019-06-25 14:31:53 - [MESSAGE][PASSED] - Object: 'Object Repository/APOLLO- Desktop/Home page/Hero banner - CTA/Apollo icon' is clicked on

2019-06-25 14:31:53 - [TEST_STEP][PASSED] - delay(2): Delayed 2 second(s)

2019-06-25 14:31:55 - [MESSAGE][PASSED] - Delayed 2 second(s)

2019-06-25 14:31:55 - [TEST_STEP][PASSED] - scrollToElement(findTestObject("APOLLO- Desktop/Home page/Popular products/Popular products tile"), 0): Scroll to object 'Object Repository/APOLLO- Desktop/Home page/Popular products/Popular products tile' successfully

2019-06-25 14:31:55 - [MESSAGE][WARNING] - Timeout '0' is invalid. Using default page load timeout: '30'

2019-06-25 14:31:55 - [MESSAGE][PASSED] - Scroll to object 'Object Repository/APOLLO- Desktop/Home page/Popular products/Popular products tile' successfully

2019-06-25 14:31:55 - [TEST_STEP][PASSED] - delay(2): Delayed 2 second(s)

2019-06-25 14:31:57 - [MESSAGE][PASSED] - Delayed 2 second(s)

2019-06-25 14:31:57 - [TEST_STEP][PASSED] - click(findTestObject("APOLLO- Desktop/Home page/Popular products/Popular products tile - kids slider")): Object: 'Object Repository/APOLLO- Desktop/Home page/Popular products/Popular products tile - kids slider' is clicked on

2019-06-25 14:31:57 - [MESSAGE][PASSED] - Object: 'Object Repository/APOLLO- Desktop/Home page/Popular products/Popular products tile - kids slider' is clicked on

2019-06-25 14:31:57 - [TEST_STEP][PASSED] - delay(2): Delayed 2 second(s)

2019-06-25 14:31:59 - [MESSAGE][PASSED] - Delayed 2 second(s)

2019-06-25 14:31:59 - [TEST_STEP][PASSED] - click(findTestObject("APOLLO- Desktop/Home page/Popular products/first product- kids")): Object: 'Object Repository/APOLLO- Desktop/Home page/Popular products/first product- kids' is clicked on

2019-06-25 14:32:00 - [MESSAGE][PASSED] - Object: 'Object Repository/APOLLO- Desktop/Home page/Popular products/first product- kids' is clicked on

2019-06-25 14:32:00 - [TEST_STEP][PASSED] - delay(2): Delayed 2 second(s)

2019-06-25 14:32:02 - [MESSAGE][PASSED] - Delayed 2 second(s)

2019-06-25 14:32:02 - [TEST_STEP][PASSED] - click(findTestObject("APOLLO- Desktop/Home page/Hero banner - CTA/Apollo icon")): Object: 'Object Repository/APOLLO- Desktop/Home page/Hero banner - CTA/Apollo icon' is clicked on

2019-06-25 14:32:02 - [MESSAGE][PASSED] - Object: 'Object Repository/APOLLO- Desktop/Home page/Hero banner - CTA/Apollo icon' is clicked on

2019-06-25 14:32:02 - [TEST_STEP][PASSED] - delay(2): Delayed 2 second(s)

2019-06-25 14:32:04 - [MESSAGE][PASSED] - Delayed 2 second(s)

2019-06-25 14:32:04 - [TEST_STEP][NOT_RUN] - executeJavaScript("var previewBar = document.getElementById("preview-bar-iframe"); previewBar.style.display = "none";", []): NOT_RUN: executeJavaScript("var previewBar = document.getElementById("preview-bar-iframe"); previewBar.style.display = "none";", [])

2019-06-25 14:32:04 - [MESSAGE][NOT_RUN] - NOT_RUN: executeJavaScript("var previewBar = document.getElementById("preview-bar-iframe"); previewBar.style.display = "none";", [])

2019-06-25 14:32:04 - [TEST_STEP][PASSED] - click(findTestObject("APOLLO- Desktop/Home page/Popular products/Popular products tile - men slider")): Object: 'Object Repository/APOLLO- Desktop/Home page/Popular products/Popular products tile - men slider' is clicked on

2019-06-25 14:32:04 - [MESSAGE][PASSED] - Object: 'Object Repository/APOLLO- Desktop/Home page/Popular products/Popular products tile - men slider' is clicked on

2019-06-25 14:32:04 - [TEST_STEP][PASSED] - delay(2): Delayed 2 second(s)

2019-06-25 14:32:06 - [MESSAGE][PASSED] - Delayed 2 second(s)

2019-06-25 14:32:06 - [TEST_STEP][PASSED] - click(findTestObject("APOLLO- Desktop/Home page/Popular products/first product- men")): Object: 'Object Repository/APOLLO- Desktop/Home page/Popular products/first product- men' is clicked on

2019-06-25 14:32:07 - [MESSAGE][PASSED] - Object: 'Object Repository/APOLLO- Desktop/Home page/Popular products/first product- men' is clicked on

2019-06-25 14:32:07 - [TEST_STEP][PASSED] - delay(2): Delayed 2 second(s)

2019-06-25 14:32:09 - [MESSAGE][PASSED] - Delayed 2 second(s)

2019-06-25 14:32:09 - [TEST_STEP][PASSED] - click(findTestObject("APOLLO- Desktop/Home page/Hero banner - CTA/Apollo icon")): Object: 'Object Repository/APOLLO- Desktop/Home page/Hero banner - CTA/Apollo icon' is clicked on

2019-06-25 14:32:09 - [MESSAGE][PASSED] - Object: 'Object Repository/APOLLO- Desktop/Home page/Hero banner - CTA/Apollo icon' is clicked on

2019-06-25 14:32:09 - [TEST_STEP][PASSED] - delay(2): Delayed 2 second(s)

2019-06-25 14:32:11 - [MESSAGE][PASSED] - Delayed 2 second(s)

2019-06-25 14:32:11 - [TEST_STEP][NOT_RUN] - executeJavaScript("var previewBar = document.getElementById("preview-bar-iframe"); previewBar.style.display = "none";", []): NOT_RUN: executeJavaScript("var previewBar = document.getElementById("preview-bar-iframe"); previewBar.style.display = "none";", [])

2019-06-25 14:32:11 - [MESSAGE][NOT_RUN] - NOT_RUN: executeJavaScript("var previewBar = document.getElementById("preview-bar-iframe"); previewBar.style.display = "none";", [])

2019-06-25 14:32:11 - [TEST_STEP][PASSED] - scrollToElement(findTestObject("APOLLO- Desktop/Home page/Popular products/Popular products tile"), 0): Scroll to object 'Object Repository/APOLLO- Desktop/Home page/Popular products/Popular products tile' successfully

2019-06-25 14:32:11 - [MESSAGE][WARNING] - Timeout '0' is invalid. Using default page load timeout: '30'

2019-06-25 14:32:11 - [MESSAGE][PASSED] - Scroll to object 'Object Repository/APOLLO- Desktop/Home page/Popular products/Popular products tile' successfully

2019-06-25 14:32:11 - [TEST_STEP][PASSED] - delay(2): Delayed 2 second(s)

2019-06-25 14:32:13 - [MESSAGE][PASSED] - Delayed 2 second(s)

2019-06-25 14:32:13 - [TEST_STEP][FAILED] - mouseOver(findTestObject("APOLLO- Desktop/Home page/Popular products/Previous button chevron")): mouseOver(findTestObject("APOLLO- Desktop/Home page/Popular products/Previous button chevron")) FAILED.
Reason:
com.kms.katalon.core.exception.StepFailedException: Unable to move mouse over object 'Object Repository/APOLLO- Desktop/Home page/Popular products/Previous button chevron' (Root cause: org.openqa.selenium.WebDriverException: 
Build info: version: '3.7.1', revision: '8a0099a', time: '2017-11-06T21:07:36.161Z'
System info: host: 'sumans-MacBook-Pro.local', ip: 'fe80:0:0:0:b7:68e8:717b:cb34%en0', os.name: 'Mac OS X', os.arch: 'x86_64', os.version: '10.13.6', java.version: '1.8.0_181'
Driver info: com.kms.katalon.selenium.driver.CSafariDriver
Capabilities {acceptInsecureCerts: false, browserName: Safari, browserVersion: 12.1, javascriptEnabled: true, platform: MAC, platformName: MAC, safari:automaticInspection: false, safari:automaticProfiling: false, safari:diagnose: false, setWindowRect: true, strictFileInteractability: false, webkit:WebRTC: {DisableICECandidateFiltering: false, DisableInsecureMediaCapture: false}}
Session ID: B24F5AB3-C5F9-4919-A892-F59101E48ABF)
	at com.kms.katalon.core.keyword.internal.KeywordMain.stepFailed(KeywordMain.groovy:36)
	at com.kms.katalon.core.webui.keyword.internal.WebUIKeywordMain.stepFailed(WebUIKeywordMain.groovy:65)
	at com.kms.katalon.core.webui.keyword.internal.WebUIKeywordMain.runKeyword(WebUIKeywordMain.groovy:27)
	at com.kms.katalon.core.webui.keyword.builtin.MouseOverKeyword.mouseOver(MouseOverKeyword.groovy:90)
	at com.kms.katalon.core.webui.keyword.builtin.MouseOverKeyword.execute(MouseOverKeyword.groovy:67)
	at com.kms.katalon.core.keyword.internal.KeywordExecutor.executeKeywordForPlatform(KeywordExecutor.groovy:53)
	at com.kms.katalon.core.webui.keyword.WebUiBuiltInKeywords.mouseOver(WebUiBuiltInKeywords.groovy:776)
	at com.kms.katalon.core.webui.keyword.WebUiBuiltInKeywords$mouseOver$9.call(Unknown Source)
	at Popular products.run(Popular products:74)
	at com.kms.katalon.core.main.ScriptEngine.run(ScriptEngine.java:194)
	at com.kms.katalon.core.main.ScriptEngine.runScriptAsRawText(ScriptEngine.java:119)
	at com.kms.katalon.core.main.TestCaseExecutor.runScript(TestCaseExecutor.java:328)
	at com.kms.katalon.core.main.TestCaseExecutor.doExecute(TestCaseExecutor.java:319)
	at com.kms.katalon.core.main.TestCaseExecutor.processExecutionPhase(TestCaseExecutor.java:298)
	at com.kms.katalon.core.main.TestCaseExecutor.accessMainPhase(TestCaseExecutor.java:290)
	at com.kms.katalon.core.main.TestCaseExecutor.execute(TestCaseExecutor.java:224)
	at com.kms.katalon.core.main.TestSuiteExecutor.accessTestCaseMainPhase(TestSuiteExecutor.java:129)
	at com.kms.katalon.core.main.TestSuiteExecutor.accessTestSuiteMainPhase(TestSuiteExecutor.java:112)
	at com.kms.katalon.core.main.TestSuiteExecutor.execute(TestSuiteExecutor.java:81)
	at com.kms.katalon.core.main.TestCaseMain.startTestSuite(TestCaseMain.java:149)
	at com.kms.katalon.core.main.TestCaseMain$startTestSuite$0.call(Unknown Source)
	at TempTestSuite1561486823730.run(TempTestSuite1561486823730.groovy:36)


2019-06-25 14:32:14 - [MESSAGE][WARNING] - Cannot take screenshot

2019-06-25 14:32:14 - [MESSAGE][FAILED] - Unable to move mouse over object 'Object Repository/APOLLO- Desktop/Home page/Popular products/Previous button chevron' (Root cause: org.openqa.selenium.WebDriverException: 
Build info: version: '3.7.1', revision: '8a0099a', time: '2017-11-06T21:07:36.161Z'
System info: host: 'sumans-MacBook-Pro.local', ip: 'fe80:0:0:0:b7:68e8:717b:cb34%en0', os.name: 'Mac OS X', os.arch: 'x86_64', os.version: '10.13.6', java.version: '1.8.0_181'
Driver info: com.kms.katalon.selenium.driver.CSafariDriver
Capabilities {acceptInsecureCerts: false, browserName: Safari, browserVersion: 12.1, javascriptEnabled: true, platform: MAC, platformName: MAC, safari:automaticInspection: false, safari:automaticProfiling: false, safari:diagnose: false, setWindowRect: true, strictFileInteractability: false, webkit:WebRTC: {DisableICECandidateFiltering: false, DisableInsecureMediaCapture: false}}
Session ID: B24F5AB3-C5F9-4919-A892-F59101E48ABF)

2019-06-25 14:32:14 - [MESSAGE][FAILED] - mouseOver(findTestObject("APOLLO- Desktop/Home page/Popular products/Previous button chevron")) FAILED.
Reason:
com.kms.katalon.core.exception.StepFailedException: Unable to move mouse over object 'Object Repository/APOLLO- Desktop/Home page/Popular products/Previous button chevron' (Root cause: org.openqa.selenium.WebDriverException: 
Build info: version: '3.7.1', revision: '8a0099a', time: '2017-11-06T21:07:36.161Z'
System info: host: 'sumans-MacBook-Pro.local', ip: 'fe80:0:0:0:b7:68e8:717b:cb34%en0', os.name: 'Mac OS X', os.arch: 'x86_64', os.version: '10.13.6', java.version: '1.8.0_181'
Driver info: com.kms.katalon.selenium.driver.CSafariDriver
Capabilities {acceptInsecureCerts: false, browserName: Safari, browserVersion: 12.1, javascriptEnabled: true, platform: MAC, platformName: MAC, safari:automaticInspection: false, safari:automaticProfiling: false, safari:diagnose: false, setWindowRect: true, strictFileInteractability: false, webkit:WebRTC: {DisableICECandidateFiltering: false, DisableInsecureMediaCapture: false}}
Session ID: B24F5AB3-C5F9-4919-A892-F59101E48ABF)
	at com.kms.katalon.core.keyword.internal.KeywordMain.stepFailed(KeywordMain.groovy:36)
	at com.kms.katalon.core.webui.keyword.internal.WebUIKeywordMain.stepFailed(WebUIKeywordMain.groovy:65)
	at com.kms.katalon.core.webui.keyword.internal.WebUIKeywordMain.runKeyword(WebUIKeywordMain.groovy:27)
	at com.kms.katalon.core.webui.keyword.builtin.MouseOverKeyword.mouseOver(MouseOverKeyword.groovy:90)
	at com.kms.katalon.core.webui.keyword.builtin.MouseOverKeyword.execute(MouseOverKeyword.groovy:67)
	at com.kms.katalon.core.keyword.internal.KeywordExecutor.executeKeywordForPlatform(KeywordExecutor.groovy:53)
	at com.kms.katalon.core.webui.keyword.WebUiBuiltInKeywords.mouseOver(WebUiBuiltInKeywords.groovy:776)
	at com.kms.katalon.core.webui.keyword.WebUiBuiltInKeywords$mouseOver$9.call(Unknown Source)
	at Popular products.run(Popular products:74)
	at com.kms.katalon.core.main.ScriptEngine.run(ScriptEngine.java:194)
	at com.kms.katalon.core.main.ScriptEngine.runScriptAsRawText(ScriptEngine.java:119)
	at com.kms.katalon.core.main.TestCaseExecutor.runScript(TestCaseExecutor.java:328)
	at com.kms.katalon.core.main.TestCaseExecutor.doExecute(TestCaseExecutor.java:319)
	at com.kms.katalon.core.main.TestCaseExecutor.processExecutionPhase(TestCaseExecutor.java:298)
	at com.kms.katalon.core.main.TestCaseExecutor.accessMainPhase(TestCaseExecutor.java:290)
	at com.kms.katalon.core.main.TestCaseExecutor.execute(TestCaseExecutor.java:224)
	at com.kms.katalon.core.main.TestSuiteExecutor.accessTestCaseMainPhase(TestSuiteExecutor.java:129)
	at com.kms.katalon.core.main.TestSuiteExecutor.accessTestSuiteMainPhase(TestSuiteExecutor.java:112)
	at com.kms.katalon.core.main.TestSuiteExecutor.execute(TestSuiteExecutor.java:81)
	at com.kms.katalon.core.main.TestCaseMain.startTestSuite(TestCaseMain.java:149)
	at com.kms.katalon.core.main.TestCaseMain$startTestSuite$0.call(Unknown Source)
	at TempTestSuite1561486823730.run(TempTestSuite1561486823730.groovy:36)]]></system-out>
         <system-err><![CDATA[2019-06-25 14:31:42 - [TEST_CASE][FAILED] - Test Cases/HOME PAGE/Popular products: Test Cases/HOME PAGE/Popular products FAILED.
Reason:
com.kms.katalon.core.exception.StepFailedException: Unable to move mouse over object 'Object Repository/APOLLO- Desktop/Home page/Popular products/Previous button chevron' (Root cause: org.openqa.selenium.WebDriverException: 
Build info: version: '3.7.1', revision: '8a0099a', time: '2017-11-06T21:07:36.161Z'
System info: host: 'sumans-MacBook-Pro.local', ip: 'fe80:0:0:0:b7:68e8:717b:cb34%en0', os.name: 'Mac OS X', os.arch: 'x86_64', os.version: '10.13.6', java.version: '1.8.0_181'
Driver info: com.kms.katalon.selenium.driver.CSafariDriver
Capabilities {acceptInsecureCerts: false, browserName: Safari, browserVersion: 12.1, javascriptEnabled: true, platform: MAC, platformName: MAC, safari:automaticInspection: false, safari:automaticProfiling: false, safari:diagnose: false, setWindowRect: true, strictFileInteractability: false, webkit:WebRTC: {DisableICECandidateFiltering: false, DisableInsecureMediaCapture: false}}
Session ID: B24F5AB3-C5F9-4919-A892-F59101E48ABF)
	at com.kms.katalon.core.keyword.internal.KeywordMain.stepFailed(KeywordMain.groovy:36)
	at com.kms.katalon.core.webui.keyword.internal.WebUIKeywordMain.stepFailed(WebUIKeywordMain.groovy:65)
	at com.kms.katalon.core.webui.keyword.internal.WebUIKeywordMain.runKeyword(WebUIKeywordMain.groovy:27)
	at com.kms.katalon.core.webui.keyword.builtin.MouseOverKeyword.mouseOver(MouseOverKeyword.groovy:90)
	at com.kms.katalon.core.webui.keyword.builtin.MouseOverKeyword.execute(MouseOverKeyword.groovy:67)
	at com.kms.katalon.core.keyword.internal.KeywordExecutor.executeKeywordForPlatform(KeywordExecutor.groovy:53)
	at com.kms.katalon.core.webui.keyword.WebUiBuiltInKeywords.mouseOver(WebUiBuiltInKeywords.groovy:776)
	at com.kms.katalon.core.webui.keyword.WebUiBuiltInKeywords$mouseOver$9.call(Unknown Source)
	at Popular products.run(Popular products:74)
	at com.kms.katalon.core.main.ScriptEngine.run(ScriptEngine.java:194)
	at com.kms.katalon.core.main.ScriptEngine.runScriptAsRawText(ScriptEngine.java:119)
	at com.kms.katalon.core.main.TestCaseExecutor.runScript(TestCaseExecutor.java:328)
	at com.kms.katalon.core.main.TestCaseExecutor.doExecute(TestCaseExecutor.java:319)
	at com.kms.katalon.core.main.TestCaseExecutor.processExecutionPhase(TestCaseExecutor.java:298)
	at com.kms.katalon.core.main.TestCaseExecutor.accessMainPhase(TestCaseExecutor.java:290)
	at com.kms.katalon.core.main.TestCaseExecutor.execute(TestCaseExecutor.java:224)
	at com.kms.katalon.core.main.TestSuiteExecutor.accessTestCaseMainPhase(TestSuiteExecutor.java:129)
	at com.kms.katalon.core.main.TestSuiteExecutor.accessTestSuiteMainPhase(TestSuiteExecutor.java:112)
	at com.kms.katalon.core.main.TestSuiteExecutor.execute(TestSuiteExecutor.java:81)
	at com.kms.katalon.core.main.TestCaseMain.startTestSuite(TestCaseMain.java:149)
	at com.kms.katalon.core.main.TestCaseMain$startTestSuite$0.call(Unknown Source)
	at TempTestSuite1561486823730.run(TempTestSuite1561486823730.groovy:36)]]></system-err>
      </testcase>
      <testcase name="Test Cases/HOME PAGE/Our latest blog posts" classname="Test Cases/HOME PAGE/Our latest blog posts" status="FAILED">
         <failure type="FAILED" message="Test Cases/HOME PAGE/Our latest blog posts FAILED.
Reason:
com.kms.katalon.core.exception.StepFailedException: Unable to open browser with url: '' (Root cause: org.openqa.selenium.NoSuchSessionException: 
Build info: version: '3.7.1', revision: '8a0099a', time: '2017-11-06T21:07:36.161Z'
System info: host: 'sumans-MacBook-Pro.local', ip: 'fe80:0:0:0:b7:68e8:717b:cb34%en0', os.name: 'Mac OS X', os.arch: 'x86_64', os.version: '10.13.6', java.version: '1.8.0_181'
Driver info: com.kms.katalon.selenium.driver.CSafariDriver
Capabilities {acceptInsecureCerts: false, browserName: Safari, browserVersion: 12.1, javascriptEnabled: true, platform: MAC, platformName: MAC, safari:automaticInspection: false, safari:automaticProfiling: false, safari:diagnose: false, setWindowRect: true, strictFileInteractability: false, webkit:WebRTC: {DisableICECandidateFiltering: false, DisableInsecureMediaCapture: false}}
Session ID: B24F5AB3-C5F9-4919-A892-F59101E48ABF)
	at com.kms.katalon.core.keyword.internal.KeywordMain.stepFailed(KeywordMain.groovy:36)
	at com.kms.katalon.core.webui.keyword.internal.WebUIKeywordMain.stepFailed(WebUIKeywordMain.groovy:65)
	at com.kms.katalon.core.webui.keyword.internal.WebUIKeywordMain.runKeyword(WebUIKeywordMain.groovy:27)
	at com.kms.katalon.core.webui.keyword.builtin.OpenBrowserKeyword.openBrowser(OpenBrowserKeyword.groovy:81)
	at com.kms.katalon.core.webui.keyword.builtin.OpenBrowserKeyword.execute(OpenBrowserKeyword.groovy:67)
	at com.kms.katalon.core.keyword.internal.KeywordExecutor.executeKeywordForPlatform(KeywordExecutor.groovy:53)
	at com.kms.katalon.core.webui.keyword.WebUiBuiltInKeywords.openBrowser(WebUiBuiltInKeywords.groovy:60)
	at com.kms.katalon.core.webui.keyword.WebUiBuiltInKeywords$openBrowser.call(Unknown Source)
	at CALL - URL.run(CALL - URL:16)
	at com.kms.katalon.core.main.ScriptEngine.run(ScriptEngine.java:194)
	at com.kms.katalon.core.main.ScriptEngine.runScriptAsRawText(ScriptEngine.java:119)
	at com.kms.katalon.core.main.TestCaseExecutor.runScript(TestCaseExecutor.java:328)
	at com.kms.katalon.core.main.TestCaseExecutor.doExecute(TestCaseExecutor.java:319)
	at com.kms.katalon.core.main.TestCaseExecutor.processExecutionPhase(TestCaseExecutor.java:298)
	at com.kms.katalon.core.main.TestCaseExecutor.accessMainPhase(TestCaseExecutor.java:290)
	at com.kms.katalon.core.main.TestCaseExecutor.execute(TestCaseExecutor.java:224)
	at com.kms.katalon.core.main.TestCaseMain.runTestCase(TestCaseMain.java:106)
	at com.kms.katalon.core.keyword.builtin.CallTestCaseKeyword$_callTestCase_closure1.doCall(CallTestCaseKeyword.groovy:59)
	at com.kms.katalon.core.keyword.builtin.CallTestCaseKeyword$_callTestCase_closure1.call(CallTestCaseKeyword.groovy)
	at com.kms.katalon.core.keyword.internal.KeywordMain.runKeyword(KeywordMain.groovy:54)
	at com.kms.katalon.core.keyword.builtin.CallTestCaseKeyword.callTestCase(CallTestCaseKeyword.groovy:80)
	at com.kms.katalon.core.keyword.builtin.CallTestCaseKeyword.execute(CallTestCaseKeyword.groovy:44)
	at com.kms.katalon.core.keyword.internal.KeywordExecutor.executeKeywordForPlatform(KeywordExecutor.groovy:53)
	at com.kms.katalon.core.keyword.BuiltinKeywords.callTestCase(BuiltinKeywords.groovy:334)
	at Our latest blog posts.run(Our latest blog posts:16)
	at com.kms.katalon.core.main.ScriptEngine.run(ScriptEngine.java:194)
	at com.kms.katalon.core.main.ScriptEngine.runScriptAsRawText(ScriptEngine.java:119)
	at com.kms.katalon.core.main.TestCaseExecutor.runScript(TestCaseExecutor.java:328)
	at com.kms.katalon.core.main.TestCaseExecutor.doExecute(TestCaseExecutor.java:319)
	at com.kms.katalon.core.main.TestCaseExecutor.processExecutionPhase(TestCaseExecutor.java:298)
	at com.kms.katalon.core.main.TestCaseExecutor.accessMainPhase(TestCaseExecutor.java:290)
	at com.kms.katalon.core.main.TestCaseExecutor.execute(TestCaseExecutor.java:224)
	at com.kms.katalon.core.main.TestSuiteExecutor.accessTestCaseMainPhase(TestSuiteExecutor.java:129)
	at com.kms.katalon.core.main.TestSuiteExecutor.accessTestSuiteMainPhase(TestSuiteExecutor.java:112)
	at com.kms.katalon.core.main.TestSuiteExecutor.execute(TestSuiteExecutor.java:81)
	at com.kms.katalon.core.main.TestCaseMain.startTestSuite(TestCaseMain.java:149)
	at com.kms.katalon.core.main.TestCaseMain$startTestSuite$0.call(Unknown Source)
	at TempTestSuite1561486823730.run(TempTestSuite1561486823730.groovy:36)
"/>
         <system-out><![CDATA[2019-06-25 14:32:14 - [TEST_CASE][FAILED] - Test Cases/HOME PAGE/Our latest blog posts: Test Cases/HOME PAGE/Our latest blog posts FAILED.
Reason:
com.kms.katalon.core.exception.StepFailedException: Unable to open browser with url: '' (Root cause: org.openqa.selenium.NoSuchSessionException: 
Build info: version: '3.7.1', revision: '8a0099a', time: '2017-11-06T21:07:36.161Z'
System info: host: 'sumans-MacBook-Pro.local', ip: 'fe80:0:0:0:b7:68e8:717b:cb34%en0', os.name: 'Mac OS X', os.arch: 'x86_64', os.version: '10.13.6', java.version: '1.8.0_181'
Driver info: com.kms.katalon.selenium.driver.CSafariDriver
Capabilities {acceptInsecureCerts: false, browserName: Safari, browserVersion: 12.1, javascriptEnabled: true, platform: MAC, platformName: MAC, safari:automaticInspection: false, safari:automaticProfiling: false, safari:diagnose: false, setWindowRect: true, strictFileInteractability: false, webkit:WebRTC: {DisableICECandidateFiltering: false, DisableInsecureMediaCapture: false}}
Session ID: B24F5AB3-C5F9-4919-A892-F59101E48ABF)
	at com.kms.katalon.core.keyword.internal.KeywordMain.stepFailed(KeywordMain.groovy:36)
	at com.kms.katalon.core.webui.keyword.internal.WebUIKeywordMain.stepFailed(WebUIKeywordMain.groovy:65)
	at com.kms.katalon.core.webui.keyword.internal.WebUIKeywordMain.runKeyword(WebUIKeywordMain.groovy:27)
	at com.kms.katalon.core.webui.keyword.builtin.OpenBrowserKeyword.openBrowser(OpenBrowserKeyword.groovy:81)
	at com.kms.katalon.core.webui.keyword.builtin.OpenBrowserKeyword.execute(OpenBrowserKeyword.groovy:67)
	at com.kms.katalon.core.keyword.internal.KeywordExecutor.executeKeywordForPlatform(KeywordExecutor.groovy:53)
	at com.kms.katalon.core.webui.keyword.WebUiBuiltInKeywords.openBrowser(WebUiBuiltInKeywords.groovy:60)
	at com.kms.katalon.core.webui.keyword.WebUiBuiltInKeywords$openBrowser.call(Unknown Source)
	at CALL - URL.run(CALL - URL:16)
	at com.kms.katalon.core.main.ScriptEngine.run(ScriptEngine.java:194)
	at com.kms.katalon.core.main.ScriptEngine.runScriptAsRawText(ScriptEngine.java:119)
	at com.kms.katalon.core.main.TestCaseExecutor.runScript(TestCaseExecutor.java:328)
	at com.kms.katalon.core.main.TestCaseExecutor.doExecute(TestCaseExecutor.java:319)
	at com.kms.katalon.core.main.TestCaseExecutor.processExecutionPhase(TestCaseExecutor.java:298)
	at com.kms.katalon.core.main.TestCaseExecutor.accessMainPhase(TestCaseExecutor.java:290)
	at com.kms.katalon.core.main.TestCaseExecutor.execute(TestCaseExecutor.java:224)
	at com.kms.katalon.core.main.TestCaseMain.runTestCase(TestCaseMain.java:106)
	at com.kms.katalon.core.keyword.builtin.CallTestCaseKeyword$_callTestCase_closure1.doCall(CallTestCaseKeyword.groovy:59)
	at com.kms.katalon.core.keyword.builtin.CallTestCaseKeyword$_callTestCase_closure1.call(CallTestCaseKeyword.groovy)
	at com.kms.katalon.core.keyword.internal.KeywordMain.runKeyword(KeywordMain.groovy:54)
	at com.kms.katalon.core.keyword.builtin.CallTestCaseKeyword.callTestCase(CallTestCaseKeyword.groovy:80)
	at com.kms.katalon.core.keyword.builtin.CallTestCaseKeyword.execute(CallTestCaseKeyword.groovy:44)
	at com.kms.katalon.core.keyword.internal.KeywordExecutor.executeKeywordForPlatform(KeywordExecutor.groovy:53)
	at com.kms.katalon.core.keyword.BuiltinKeywords.callTestCase(BuiltinKeywords.groovy:334)
	at Our latest blog posts.run(Our latest blog posts:16)
	at com.kms.katalon.core.main.ScriptEngine.run(ScriptEngine.java:194)
	at com.kms.katalon.core.main.ScriptEngine.runScriptAsRawText(ScriptEngine.java:119)
	at com.kms.katalon.core.main.TestCaseExecutor.runScript(TestCaseExecutor.java:328)
	at com.kms.katalon.core.main.TestCaseExecutor.doExecute(TestCaseExecutor.java:319)
	at com.kms.katalon.core.main.TestCaseExecutor.processExecutionPhase(TestCaseExecutor.java:298)
	at com.kms.katalon.core.main.TestCaseExecutor.accessMainPhase(TestCaseExecutor.java:290)
	at com.kms.katalon.core.main.TestCaseExecutor.execute(TestCaseExecutor.java:224)
	at com.kms.katalon.core.main.TestSuiteExecutor.accessTestCaseMainPhase(TestSuiteExecutor.java:129)
	at com.kms.katalon.core.main.TestSuiteExecutor.accessTestSuiteMainPhase(TestSuiteExecutor.java:112)
	at com.kms.katalon.core.main.TestSuiteExecutor.execute(TestSuiteExecutor.java:81)
	at com.kms.katalon.core.main.TestCaseMain.startTestSuite(TestCaseMain.java:149)
	at com.kms.katalon.core.main.TestCaseMain$startTestSuite$0.call(Unknown Source)
	at TempTestSuite1561486823730.run(TempTestSuite1561486823730.groovy:36)


2019-06-25 14:32:14 - [TEST_STEP][FAILED] - callTestCase(findTestCase("CALL - URL"), [:], STOP_ON_FAILURE): callTestCase(findTestCase("CALL - URL"), [:], STOP_ON_FAILURE) FAILED.
Reason:
com.kms.katalon.core.exception.StepFailedException: Unable to open browser with url: '' (Root cause: org.openqa.selenium.NoSuchSessionException: 
Build info: version: '3.7.1', revision: '8a0099a', time: '2017-11-06T21:07:36.161Z'
System info: host: 'sumans-MacBook-Pro.local', ip: 'fe80:0:0:0:b7:68e8:717b:cb34%en0', os.name: 'Mac OS X', os.arch: 'x86_64', os.version: '10.13.6', java.version: '1.8.0_181'
Driver info: com.kms.katalon.selenium.driver.CSafariDriver
Capabilities {acceptInsecureCerts: false, browserName: Safari, browserVersion: 12.1, javascriptEnabled: true, platform: MAC, platformName: MAC, safari:automaticInspection: false, safari:automaticProfiling: false, safari:diagnose: false, setWindowRect: true, strictFileInteractability: false, webkit:WebRTC: {DisableICECandidateFiltering: false, DisableInsecureMediaCapture: false}}
Session ID: B24F5AB3-C5F9-4919-A892-F59101E48ABF)
	at com.kms.katalon.core.keyword.internal.KeywordMain.stepFailed(KeywordMain.groovy:36)
	at com.kms.katalon.core.webui.keyword.internal.WebUIKeywordMain.stepFailed(WebUIKeywordMain.groovy:65)
	at com.kms.katalon.core.webui.keyword.internal.WebUIKeywordMain.runKeyword(WebUIKeywordMain.groovy:27)
	at com.kms.katalon.core.webui.keyword.builtin.OpenBrowserKeyword.openBrowser(OpenBrowserKeyword.groovy:81)
	at com.kms.katalon.core.webui.keyword.builtin.OpenBrowserKeyword.execute(OpenBrowserKeyword.groovy:67)
	at com.kms.katalon.core.keyword.internal.KeywordExecutor.executeKeywordForPlatform(KeywordExecutor.groovy:53)
	at com.kms.katalon.core.webui.keyword.WebUiBuiltInKeywords.openBrowser(WebUiBuiltInKeywords.groovy:60)
	at com.kms.katalon.core.webui.keyword.WebUiBuiltInKeywords$openBrowser.call(Unknown Source)
	at CALL - URL.run(CALL - URL:16)
	at com.kms.katalon.core.main.ScriptEngine.run(ScriptEngine.java:194)
	at com.kms.katalon.core.main.ScriptEngine.runScriptAsRawText(ScriptEngine.java:119)
	at com.kms.katalon.core.main.TestCaseExecutor.runScript(TestCaseExecutor.java:328)
	at com.kms.katalon.core.main.TestCaseExecutor.doExecute(TestCaseExecutor.java:319)
	at com.kms.katalon.core.main.TestCaseExecutor.processExecutionPhase(TestCaseExecutor.java:298)
	at com.kms.katalon.core.main.TestCaseExecutor.accessMainPhase(TestCaseExecutor.java:290)
	at com.kms.katalon.core.main.TestCaseExecutor.execute(TestCaseExecutor.java:224)
	at com.kms.katalon.core.main.TestCaseMain.runTestCase(TestCaseMain.java:106)
	at com.kms.katalon.core.keyword.builtin.CallTestCaseKeyword$_callTestCase_closure1.doCall(CallTestCaseKeyword.groovy:59)
	at com.kms.katalon.core.keyword.builtin.CallTestCaseKeyword$_callTestCase_closure1.call(CallTestCaseKeyword.groovy)
	at com.kms.katalon.core.keyword.internal.KeywordMain.runKeyword(KeywordMain.groovy:54)
	at com.kms.katalon.core.keyword.builtin.CallTestCaseKeyword.callTestCase(CallTestCaseKeyword.groovy:80)
	at com.kms.katalon.core.keyword.builtin.CallTestCaseKeyword.execute(CallTestCaseKeyword.groovy:44)
	at com.kms.katalon.core.keyword.internal.KeywordExecutor.executeKeywordForPlatform(KeywordExecutor.groovy:53)
	at com.kms.katalon.core.keyword.BuiltinKeywords.callTestCase(BuiltinKeywords.groovy:334)
	at Our latest blog posts.run(Our latest blog posts:16)
	at com.kms.katalon.core.main.ScriptEngine.run(ScriptEngine.java:194)
	at com.kms.katalon.core.main.ScriptEngine.runScriptAsRawText(ScriptEngine.java:119)
	at com.kms.katalon.core.main.TestCaseExecutor.runScript(TestCaseExecutor.java:328)
	at com.kms.katalon.core.main.TestCaseExecutor.doExecute(TestCaseExecutor.java:319)
	at com.kms.katalon.core.main.TestCaseExecutor.processExecutionPhase(TestCaseExecutor.java:298)
	at com.kms.katalon.core.main.TestCaseExecutor.accessMainPhase(TestCaseExecutor.java:290)
	at com.kms.katalon.core.main.TestCaseExecutor.execute(TestCaseExecutor.java:224)
	at com.kms.katalon.core.main.TestSuiteExecutor.accessTestCaseMainPhase(TestSuiteExecutor.java:129)
	at com.kms.katalon.core.main.TestSuiteExecutor.accessTestSuiteMainPhase(TestSuiteExecutor.java:112)
	at com.kms.katalon.core.main.TestSuiteExecutor.execute(TestSuiteExecutor.java:81)
	at com.kms.katalon.core.main.TestCaseMain.startTestSuite(TestCaseMain.java:149)
	at com.kms.katalon.core.main.TestCaseMain$startTestSuite$0.call(Unknown Source)
	at TempTestSuite1561486823730.run(TempTestSuite1561486823730.groovy:36)


2019-06-25 14:32:14 - [TEST_CASE][FAILED] - Test Cases/CALL - URL: Test Cases/CALL - URL FAILED.
Reason:
com.kms.katalon.core.exception.StepFailedException: Unable to open browser with url: '' (Root cause: org.openqa.selenium.NoSuchSessionException: 
Build info: version: '3.7.1', revision: '8a0099a', time: '2017-11-06T21:07:36.161Z'
System info: host: 'sumans-MacBook-Pro.local', ip: 'fe80:0:0:0:b7:68e8:717b:cb34%en0', os.name: 'Mac OS X', os.arch: 'x86_64', os.version: '10.13.6', java.version: '1.8.0_181'
Driver info: com.kms.katalon.selenium.driver.CSafariDriver
Capabilities {acceptInsecureCerts: false, browserName: Safari, browserVersion: 12.1, javascriptEnabled: true, platform: MAC, platformName: MAC, safari:automaticInspection: false, safari:automaticProfiling: false, safari:diagnose: false, setWindowRect: true, strictFileInteractability: false, webkit:WebRTC: {DisableICECandidateFiltering: false, DisableInsecureMediaCapture: false}}
Session ID: B24F5AB3-C5F9-4919-A892-F59101E48ABF)
	at com.kms.katalon.core.keyword.internal.KeywordMain.stepFailed(KeywordMain.groovy:36)
	at com.kms.katalon.core.webui.keyword.internal.WebUIKeywordMain.stepFailed(WebUIKeywordMain.groovy:65)
	at com.kms.katalon.core.webui.keyword.internal.WebUIKeywordMain.runKeyword(WebUIKeywordMain.groovy:27)
	at com.kms.katalon.core.webui.keyword.builtin.OpenBrowserKeyword.openBrowser(OpenBrowserKeyword.groovy:81)
	at com.kms.katalon.core.webui.keyword.builtin.OpenBrowserKeyword.execute(OpenBrowserKeyword.groovy:67)
	at com.kms.katalon.core.keyword.internal.KeywordExecutor.executeKeywordForPlatform(KeywordExecutor.groovy:53)
	at com.kms.katalon.core.webui.keyword.WebUiBuiltInKeywords.openBrowser(WebUiBuiltInKeywords.groovy:60)
	at com.kms.katalon.core.webui.keyword.WebUiBuiltInKeywords$openBrowser.call(Unknown Source)
	at CALL - URL.run(CALL - URL:16)
	at com.kms.katalon.core.main.ScriptEngine.run(ScriptEngine.java:194)
	at com.kms.katalon.core.main.ScriptEngine.runScriptAsRawText(ScriptEngine.java:119)
	at com.kms.katalon.core.main.TestCaseExecutor.runScript(TestCaseExecutor.java:328)
	at com.kms.katalon.core.main.TestCaseExecutor.doExecute(TestCaseExecutor.java:319)
	at com.kms.katalon.core.main.TestCaseExecutor.processExecutionPhase(TestCaseExecutor.java:298)
	at com.kms.katalon.core.main.TestCaseExecutor.accessMainPhase(TestCaseExecutor.java:290)
	at com.kms.katalon.core.main.TestCaseExecutor.execute(TestCaseExecutor.java:224)
	at com.kms.katalon.core.main.TestCaseMain.runTestCase(TestCaseMain.java:106)
	at com.kms.katalon.core.keyword.builtin.CallTestCaseKeyword$_callTestCase_closure1.doCall(CallTestCaseKeyword.groovy:59)
	at com.kms.katalon.core.keyword.builtin.CallTestCaseKeyword$_callTestCase_closure1.call(CallTestCaseKeyword.groovy)
	at com.kms.katalon.core.keyword.internal.KeywordMain.runKeyword(KeywordMain.groovy:54)
	at com.kms.katalon.core.keyword.builtin.CallTestCaseKeyword.callTestCase(CallTestCaseKeyword.groovy:80)
	at com.kms.katalon.core.keyword.builtin.CallTestCaseKeyword.execute(CallTestCaseKeyword.groovy:44)
	at com.kms.katalon.core.keyword.internal.KeywordExecutor.executeKeywordForPlatform(KeywordExecutor.groovy:53)
	at com.kms.katalon.core.keyword.BuiltinKeywords.callTestCase(BuiltinKeywords.groovy:334)
	at Our latest blog posts.run(Our latest blog posts:16)
	at com.kms.katalon.core.main.ScriptEngine.run(ScriptEngine.java:194)
	at com.kms.katalon.core.main.ScriptEngine.runScriptAsRawText(ScriptEngine.java:119)
	at com.kms.katalon.core.main.TestCaseExecutor.runScript(TestCaseExecutor.java:328)
	at com.kms.katalon.core.main.TestCaseExecutor.doExecute(TestCaseExecutor.java:319)
	at com.kms.katalon.core.main.TestCaseExecutor.processExecutionPhase(TestCaseExecutor.java:298)
	at com.kms.katalon.core.main.TestCaseExecutor.accessMainPhase(TestCaseExecutor.java:290)
	at com.kms.katalon.core.main.TestCaseExecutor.execute(TestCaseExecutor.java:224)
	at com.kms.katalon.core.main.TestSuiteExecutor.accessTestCaseMainPhase(TestSuiteExecutor.java:129)
	at com.kms.katalon.core.main.TestSuiteExecutor.accessTestSuiteMainPhase(TestSuiteExecutor.java:112)
	at com.kms.katalon.core.main.TestSuiteExecutor.execute(TestSuiteExecutor.java:81)
	at com.kms.katalon.core.main.TestCaseMain.startTestSuite(TestCaseMain.java:149)
	at com.kms.katalon.core.main.TestCaseMain$startTestSuite$0.call(Unknown Source)
	at TempTestSuite1561486823730.run(TempTestSuite1561486823730.groovy:36)


2019-06-25 14:32:14 - [TEST_STEP][FAILED] - openBrowser(""): openBrowser("") FAILED.
Reason:
com.kms.katalon.core.exception.StepFailedException: Unable to open browser with url: '' (Root cause: org.openqa.selenium.NoSuchSessionException: 
Build info: version: '3.7.1', revision: '8a0099a', time: '2017-11-06T21:07:36.161Z'
System info: host: 'sumans-MacBook-Pro.local', ip: 'fe80:0:0:0:b7:68e8:717b:cb34%en0', os.name: 'Mac OS X', os.arch: 'x86_64', os.version: '10.13.6', java.version: '1.8.0_181'
Driver info: com.kms.katalon.selenium.driver.CSafariDriver
Capabilities {acceptInsecureCerts: false, browserName: Safari, browserVersion: 12.1, javascriptEnabled: true, platform: MAC, platformName: MAC, safari:automaticInspection: false, safari:automaticProfiling: false, safari:diagnose: false, setWindowRect: true, strictFileInteractability: false, webkit:WebRTC: {DisableICECandidateFiltering: false, DisableInsecureMediaCapture: false}}
Session ID: B24F5AB3-C5F9-4919-A892-F59101E48ABF)
	at com.kms.katalon.core.keyword.internal.KeywordMain.stepFailed(KeywordMain.groovy:36)
	at com.kms.katalon.core.webui.keyword.internal.WebUIKeywordMain.stepFailed(WebUIKeywordMain.groovy:65)
	at com.kms.katalon.core.webui.keyword.internal.WebUIKeywordMain.runKeyword(WebUIKeywordMain.groovy:27)
	at com.kms.katalon.core.webui.keyword.builtin.OpenBrowserKeyword.openBrowser(OpenBrowserKeyword.groovy:81)
	at com.kms.katalon.core.webui.keyword.builtin.OpenBrowserKeyword.execute(OpenBrowserKeyword.groovy:67)
	at com.kms.katalon.core.keyword.internal.KeywordExecutor.executeKeywordForPlatform(KeywordExecutor.groovy:53)
	at com.kms.katalon.core.webui.keyword.WebUiBuiltInKeywords.openBrowser(WebUiBuiltInKeywords.groovy:60)
	at com.kms.katalon.core.webui.keyword.WebUiBuiltInKeywords$openBrowser.call(Unknown Source)
	at CALL - URL.run(CALL - URL:16)
	at com.kms.katalon.core.main.ScriptEngine.run(ScriptEngine.java:194)
	at com.kms.katalon.core.main.ScriptEngine.runScriptAsRawText(ScriptEngine.java:119)
	at com.kms.katalon.core.main.TestCaseExecutor.runScript(TestCaseExecutor.java:328)
	at com.kms.katalon.core.main.TestCaseExecutor.doExecute(TestCaseExecutor.java:319)
	at com.kms.katalon.core.main.TestCaseExecutor.processExecutionPhase(TestCaseExecutor.java:298)
	at com.kms.katalon.core.main.TestCaseExecutor.accessMainPhase(TestCaseExecutor.java:290)
	at com.kms.katalon.core.main.TestCaseExecutor.execute(TestCaseExecutor.java:224)
	at com.kms.katalon.core.main.TestCaseMain.runTestCase(TestCaseMain.java:106)
	at com.kms.katalon.core.keyword.builtin.CallTestCaseKeyword$_callTestCase_closure1.doCall(CallTestCaseKeyword.groovy:59)
	at com.kms.katalon.core.keyword.builtin.CallTestCaseKeyword$_callTestCase_closure1.call(CallTestCaseKeyword.groovy)
	at com.kms.katalon.core.keyword.internal.KeywordMain.runKeyword(KeywordMain.groovy:54)
	at com.kms.katalon.core.keyword.builtin.CallTestCaseKeyword.callTestCase(CallTestCaseKeyword.groovy:80)
	at com.kms.katalon.core.keyword.builtin.CallTestCaseKeyword.execute(CallTestCaseKeyword.groovy:44)
	at com.kms.katalon.core.keyword.internal.KeywordExecutor.executeKeywordForPlatform(KeywordExecutor.groovy:53)
	at com.kms.katalon.core.keyword.BuiltinKeywords.callTestCase(BuiltinKeywords.groovy:334)
	at Our latest blog posts.run(Our latest blog posts:16)
	at com.kms.katalon.core.main.ScriptEngine.run(ScriptEngine.java:194)
	at com.kms.katalon.core.main.ScriptEngine.runScriptAsRawText(ScriptEngine.java:119)
	at com.kms.katalon.core.main.TestCaseExecutor.runScript(TestCaseExecutor.java:328)
	at com.kms.katalon.core.main.TestCaseExecutor.doExecute(TestCaseExecutor.java:319)
	at com.kms.katalon.core.main.TestCaseExecutor.processExecutionPhase(TestCaseExecutor.java:298)
	at com.kms.katalon.core.main.TestCaseExecutor.accessMainPhase(TestCaseExecutor.java:290)
	at com.kms.katalon.core.main.TestCaseExecutor.execute(TestCaseExecutor.java:224)
	at com.kms.katalon.core.main.TestSuiteExecutor.accessTestCaseMainPhase(TestSuiteExecutor.java:129)
	at com.kms.katalon.core.main.TestSuiteExecutor.accessTestSuiteMainPhase(TestSuiteExecutor.java:112)
	at com.kms.katalon.core.main.TestSuiteExecutor.execute(TestSuiteExecutor.java:81)
	at com.kms.katalon.core.main.TestCaseMain.startTestSuite(TestCaseMain.java:149)
	at com.kms.katalon.core.main.TestCaseMain$startTestSuite$0.call(Unknown Source)
	at TempTestSuite1561486823730.run(TempTestSuite1561486823730.groovy:36)


2019-06-25 14:32:14 - [MESSAGE][WARNING] - A browser is already opened. Closing browser and opening a new one

2019-06-25 14:32:14 - [MESSAGE][FAILED] - Unable to open browser with url: '' (Root cause: org.openqa.selenium.NoSuchSessionException: 
Build info: version: '3.7.1', revision: '8a0099a', time: '2017-11-06T21:07:36.161Z'
System info: host: 'sumans-MacBook-Pro.local', ip: 'fe80:0:0:0:b7:68e8:717b:cb34%en0', os.name: 'Mac OS X', os.arch: 'x86_64', os.version: '10.13.6', java.version: '1.8.0_181'
Driver info: com.kms.katalon.selenium.driver.CSafariDriver
Capabilities {acceptInsecureCerts: false, browserName: Safari, browserVersion: 12.1, javascriptEnabled: true, platform: MAC, platformName: MAC, safari:automaticInspection: false, safari:automaticProfiling: false, safari:diagnose: false, setWindowRect: true, strictFileInteractability: false, webkit:WebRTC: {DisableICECandidateFiltering: false, DisableInsecureMediaCapture: false}}
Session ID: B24F5AB3-C5F9-4919-A892-F59101E48ABF)

2019-06-25 14:32:14 - [MESSAGE][FAILED] - openBrowser("") FAILED.
Reason:
com.kms.katalon.core.exception.StepFailedException: Unable to open browser with url: '' (Root cause: org.openqa.selenium.NoSuchSessionException: 
Build info: version: '3.7.1', revision: '8a0099a', time: '2017-11-06T21:07:36.161Z'
System info: host: 'sumans-MacBook-Pro.local', ip: 'fe80:0:0:0:b7:68e8:717b:cb34%en0', os.name: 'Mac OS X', os.arch: 'x86_64', os.version: '10.13.6', java.version: '1.8.0_181'
Driver info: com.kms.katalon.selenium.driver.CSafariDriver
Capabilities {acceptInsecureCerts: false, browserName: Safari, browserVersion: 12.1, javascriptEnabled: true, platform: MAC, platformName: MAC, safari:automaticInspection: false, safari:automaticProfiling: false, safari:diagnose: false, setWindowRect: true, strictFileInteractability: false, webkit:WebRTC: {DisableICECandidateFiltering: false, DisableInsecureMediaCapture: false}}
Session ID: B24F5AB3-C5F9-4919-A892-F59101E48ABF)
	at com.kms.katalon.core.keyword.internal.KeywordMain.stepFailed(KeywordMain.groovy:36)
	at com.kms.katalon.core.webui.keyword.internal.WebUIKeywordMain.stepFailed(WebUIKeywordMain.groovy:65)
	at com.kms.katalon.core.webui.keyword.internal.WebUIKeywordMain.runKeyword(WebUIKeywordMain.groovy:27)
	at com.kms.katalon.core.webui.keyword.builtin.OpenBrowserKeyword.openBrowser(OpenBrowserKeyword.groovy:81)
	at com.kms.katalon.core.webui.keyword.builtin.OpenBrowserKeyword.execute(OpenBrowserKeyword.groovy:67)
	at com.kms.katalon.core.keyword.internal.KeywordExecutor.executeKeywordForPlatform(KeywordExecutor.groovy:53)
	at com.kms.katalon.core.webui.keyword.WebUiBuiltInKeywords.openBrowser(WebUiBuiltInKeywords.groovy:60)
	at com.kms.katalon.core.webui.keyword.WebUiBuiltInKeywords$openBrowser.call(Unknown Source)
	at CALL - URL.run(CALL - URL:16)
	at com.kms.katalon.core.main.ScriptEngine.run(ScriptEngine.java:194)
	at com.kms.katalon.core.main.ScriptEngine.runScriptAsRawText(ScriptEngine.java:119)
	at com.kms.katalon.core.main.TestCaseExecutor.runScript(TestCaseExecutor.java:328)
	at com.kms.katalon.core.main.TestCaseExecutor.doExecute(TestCaseExecutor.java:319)
	at com.kms.katalon.core.main.TestCaseExecutor.processExecutionPhase(TestCaseExecutor.java:298)
	at com.kms.katalon.core.main.TestCaseExecutor.accessMainPhase(TestCaseExecutor.java:290)
	at com.kms.katalon.core.main.TestCaseExecutor.execute(TestCaseExecutor.java:224)
	at com.kms.katalon.core.main.TestCaseMain.runTestCase(TestCaseMain.java:106)
	at com.kms.katalon.core.keyword.builtin.CallTestCaseKeyword$_callTestCase_closure1.doCall(CallTestCaseKeyword.groovy:59)
	at com.kms.katalon.core.keyword.builtin.CallTestCaseKeyword$_callTestCase_closure1.call(CallTestCaseKeyword.groovy)
	at com.kms.katalon.core.keyword.internal.KeywordMain.runKeyword(KeywordMain.groovy:54)
	at com.kms.katalon.core.keyword.builtin.CallTestCaseKeyword.callTestCase(CallTestCaseKeyword.groovy:80)
	at com.kms.katalon.core.keyword.builtin.CallTestCaseKeyword.execute(CallTestCaseKeyword.groovy:44)
	at com.kms.katalon.core.keyword.internal.KeywordExecutor.executeKeywordForPlatform(KeywordExecutor.groovy:53)
	at com.kms.katalon.core.keyword.BuiltinKeywords.callTestCase(BuiltinKeywords.groovy:334)
	at Our latest blog posts.run(Our latest blog posts:16)
	at com.kms.katalon.core.main.ScriptEngine.run(ScriptEngine.java:194)
	at com.kms.katalon.core.main.ScriptEngine.runScriptAsRawText(ScriptEngine.java:119)
	at com.kms.katalon.core.main.TestCaseExecutor.runScript(TestCaseExecutor.java:328)
	at com.kms.katalon.core.main.TestCaseExecutor.doExecute(TestCaseExecutor.java:319)
	at com.kms.katalon.core.main.TestCaseExecutor.processExecutionPhase(TestCaseExecutor.java:298)
	at com.kms.katalon.core.main.TestCaseExecutor.accessMainPhase(TestCaseExecutor.java:290)
	at com.kms.katalon.core.main.TestCaseExecutor.execute(TestCaseExecutor.java:224)
	at com.kms.katalon.core.main.TestSuiteExecutor.accessTestCaseMainPhase(TestSuiteExecutor.java:129)
	at com.kms.katalon.core.main.TestSuiteExecutor.accessTestSuiteMainPhase(TestSuiteExecutor.java:112)
	at com.kms.katalon.core.main.TestSuiteExecutor.execute(TestSuiteExecutor.java:81)
	at com.kms.katalon.core.main.TestCaseMain.startTestSuite(TestCaseMain.java:149)
	at com.kms.katalon.core.main.TestCaseMain$startTestSuite$0.call(Unknown Source)
	at TempTestSuite1561486823730.run(TempTestSuite1561486823730.groovy:36)


2019-06-25 14:32:14 - [MESSAGE][FAILED] - Unable to call Test Case 'Test Cases/CALL - URL' (Root cause: com.kms.katalon.core.exception.StepFailedException: Call Test Case 'Test Cases/CALL - URL' failed)

2019-06-25 14:32:14 - [MESSAGE][FAILED] - callTestCase(findTestCase("CALL - URL"), [:], STOP_ON_FAILURE) FAILED.
Reason:
com.kms.katalon.core.exception.StepFailedException: Unable to open browser with url: '' (Root cause: org.openqa.selenium.NoSuchSessionException: 
Build info: version: '3.7.1', revision: '8a0099a', time: '2017-11-06T21:07:36.161Z'
System info: host: 'sumans-MacBook-Pro.local', ip: 'fe80:0:0:0:b7:68e8:717b:cb34%en0', os.name: 'Mac OS X', os.arch: 'x86_64', os.version: '10.13.6', java.version: '1.8.0_181'
Driver info: com.kms.katalon.selenium.driver.CSafariDriver
Capabilities {acceptInsecureCerts: false, browserName: Safari, browserVersion: 12.1, javascriptEnabled: true, platform: MAC, platformName: MAC, safari:automaticInspection: false, safari:automaticProfiling: false, safari:diagnose: false, setWindowRect: true, strictFileInteractability: false, webkit:WebRTC: {DisableICECandidateFiltering: false, DisableInsecureMediaCapture: false}}
Session ID: B24F5AB3-C5F9-4919-A892-F59101E48ABF)
	at com.kms.katalon.core.keyword.internal.KeywordMain.stepFailed(KeywordMain.groovy:36)
	at com.kms.katalon.core.webui.keyword.internal.WebUIKeywordMain.stepFailed(WebUIKeywordMain.groovy:65)
	at com.kms.katalon.core.webui.keyword.internal.WebUIKeywordMain.runKeyword(WebUIKeywordMain.groovy:27)
	at com.kms.katalon.core.webui.keyword.builtin.OpenBrowserKeyword.openBrowser(OpenBrowserKeyword.groovy:81)
	at com.kms.katalon.core.webui.keyword.builtin.OpenBrowserKeyword.execute(OpenBrowserKeyword.groovy:67)
	at com.kms.katalon.core.keyword.internal.KeywordExecutor.executeKeywordForPlatform(KeywordExecutor.groovy:53)
	at com.kms.katalon.core.webui.keyword.WebUiBuiltInKeywords.openBrowser(WebUiBuiltInKeywords.groovy:60)
	at com.kms.katalon.core.webui.keyword.WebUiBuiltInKeywords$openBrowser.call(Unknown Source)
	at CALL - URL.run(CALL - URL:16)
	at com.kms.katalon.core.main.ScriptEngine.run(ScriptEngine.java:194)
	at com.kms.katalon.core.main.ScriptEngine.runScriptAsRawText(ScriptEngine.java:119)
	at com.kms.katalon.core.main.TestCaseExecutor.runScript(TestCaseExecutor.java:328)
	at com.kms.katalon.core.main.TestCaseExecutor.doExecute(TestCaseExecutor.java:319)
	at com.kms.katalon.core.main.TestCaseExecutor.processExecutionPhase(TestCaseExecutor.java:298)
	at com.kms.katalon.core.main.TestCaseExecutor.accessMainPhase(TestCaseExecutor.java:290)
	at com.kms.katalon.core.main.TestCaseExecutor.execute(TestCaseExecutor.java:224)
	at com.kms.katalon.core.main.TestCaseMain.runTestCase(TestCaseMain.java:106)
	at com.kms.katalon.core.keyword.builtin.CallTestCaseKeyword$_callTestCase_closure1.doCall(CallTestCaseKeyword.groovy:59)
	at com.kms.katalon.core.keyword.builtin.CallTestCaseKeyword$_callTestCase_closure1.call(CallTestCaseKeyword.groovy)
	at com.kms.katalon.core.keyword.internal.KeywordMain.runKeyword(KeywordMain.groovy:54)
	at com.kms.katalon.core.keyword.builtin.CallTestCaseKeyword.callTestCase(CallTestCaseKeyword.groovy:80)
	at com.kms.katalon.core.keyword.builtin.CallTestCaseKeyword.execute(CallTestCaseKeyword.groovy:44)
	at com.kms.katalon.core.keyword.internal.KeywordExecutor.executeKeywordForPlatform(KeywordExecutor.groovy:53)
	at com.kms.katalon.core.keyword.BuiltinKeywords.callTestCase(BuiltinKeywords.groovy:334)
	at Our latest blog posts.run(Our latest blog posts:16)
	at com.kms.katalon.core.main.ScriptEngine.run(ScriptEngine.java:194)
	at com.kms.katalon.core.main.ScriptEngine.runScriptAsRawText(ScriptEngine.java:119)
	at com.kms.katalon.core.main.TestCaseExecutor.runScript(TestCaseExecutor.java:328)
	at com.kms.katalon.core.main.TestCaseExecutor.doExecute(TestCaseExecutor.java:319)
	at com.kms.katalon.core.main.TestCaseExecutor.processExecutionPhase(TestCaseExecutor.java:298)
	at com.kms.katalon.core.main.TestCaseExecutor.accessMainPhase(TestCaseExecutor.java:290)
	at com.kms.katalon.core.main.TestCaseExecutor.execute(TestCaseExecutor.java:224)
	at com.kms.katalon.core.main.TestSuiteExecutor.accessTestCaseMainPhase(TestSuiteExecutor.java:129)
	at com.kms.katalon.core.main.TestSuiteExecutor.accessTestSuiteMainPhase(TestSuiteExecutor.java:112)
	at com.kms.katalon.core.main.TestSuiteExecutor.execute(TestSuiteExecutor.java:81)
	at com.kms.katalon.core.main.TestCaseMain.startTestSuite(TestCaseMain.java:149)
	at com.kms.katalon.core.main.TestCaseMain$startTestSuite$0.call(Unknown Source)
	at TempTestSuite1561486823730.run(TempTestSuite1561486823730.groovy:36)]]></system-out>
         <system-err><![CDATA[2019-06-25 14:32:14 - [TEST_CASE][FAILED] - Test Cases/HOME PAGE/Our latest blog posts: Test Cases/HOME PAGE/Our latest blog posts FAILED.
Reason:
com.kms.katalon.core.exception.StepFailedException: Unable to open browser with url: '' (Root cause: org.openqa.selenium.NoSuchSessionException: 
Build info: version: '3.7.1', revision: '8a0099a', time: '2017-11-06T21:07:36.161Z'
System info: host: 'sumans-MacBook-Pro.local', ip: 'fe80:0:0:0:b7:68e8:717b:cb34%en0', os.name: 'Mac OS X', os.arch: 'x86_64', os.version: '10.13.6', java.version: '1.8.0_181'
Driver info: com.kms.katalon.selenium.driver.CSafariDriver
Capabilities {acceptInsecureCerts: false, browserName: Safari, browserVersion: 12.1, javascriptEnabled: true, platform: MAC, platformName: MAC, safari:automaticInspection: false, safari:automaticProfiling: false, safari:diagnose: false, setWindowRect: true, strictFileInteractability: false, webkit:WebRTC: {DisableICECandidateFiltering: false, DisableInsecureMediaCapture: false}}
Session ID: B24F5AB3-C5F9-4919-A892-F59101E48ABF)
	at com.kms.katalon.core.keyword.internal.KeywordMain.stepFailed(KeywordMain.groovy:36)
	at com.kms.katalon.core.webui.keyword.internal.WebUIKeywordMain.stepFailed(WebUIKeywordMain.groovy:65)
	at com.kms.katalon.core.webui.keyword.internal.WebUIKeywordMain.runKeyword(WebUIKeywordMain.groovy:27)
	at com.kms.katalon.core.webui.keyword.builtin.OpenBrowserKeyword.openBrowser(OpenBrowserKeyword.groovy:81)
	at com.kms.katalon.core.webui.keyword.builtin.OpenBrowserKeyword.execute(OpenBrowserKeyword.groovy:67)
	at com.kms.katalon.core.keyword.internal.KeywordExecutor.executeKeywordForPlatform(KeywordExecutor.groovy:53)
	at com.kms.katalon.core.webui.keyword.WebUiBuiltInKeywords.openBrowser(WebUiBuiltInKeywords.groovy:60)
	at com.kms.katalon.core.webui.keyword.WebUiBuiltInKeywords$openBrowser.call(Unknown Source)
	at CALL - URL.run(CALL - URL:16)
	at com.kms.katalon.core.main.ScriptEngine.run(ScriptEngine.java:194)
	at com.kms.katalon.core.main.ScriptEngine.runScriptAsRawText(ScriptEngine.java:119)
	at com.kms.katalon.core.main.TestCaseExecutor.runScript(TestCaseExecutor.java:328)
	at com.kms.katalon.core.main.TestCaseExecutor.doExecute(TestCaseExecutor.java:319)
	at com.kms.katalon.core.main.TestCaseExecutor.processExecutionPhase(TestCaseExecutor.java:298)
	at com.kms.katalon.core.main.TestCaseExecutor.accessMainPhase(TestCaseExecutor.java:290)
	at com.kms.katalon.core.main.TestCaseExecutor.execute(TestCaseExecutor.java:224)
	at com.kms.katalon.core.main.TestCaseMain.runTestCase(TestCaseMain.java:106)
	at com.kms.katalon.core.keyword.builtin.CallTestCaseKeyword$_callTestCase_closure1.doCall(CallTestCaseKeyword.groovy:59)
	at com.kms.katalon.core.keyword.builtin.CallTestCaseKeyword$_callTestCase_closure1.call(CallTestCaseKeyword.groovy)
	at com.kms.katalon.core.keyword.internal.KeywordMain.runKeyword(KeywordMain.groovy:54)
	at com.kms.katalon.core.keyword.builtin.CallTestCaseKeyword.callTestCase(CallTestCaseKeyword.groovy:80)
	at com.kms.katalon.core.keyword.builtin.CallTestCaseKeyword.execute(CallTestCaseKeyword.groovy:44)
	at com.kms.katalon.core.keyword.internal.KeywordExecutor.executeKeywordForPlatform(KeywordExecutor.groovy:53)
	at com.kms.katalon.core.keyword.BuiltinKeywords.callTestCase(BuiltinKeywords.groovy:334)
	at Our latest blog posts.run(Our latest blog posts:16)
	at com.kms.katalon.core.main.ScriptEngine.run(ScriptEngine.java:194)
	at com.kms.katalon.core.main.ScriptEngine.runScriptAsRawText(ScriptEngine.java:119)
	at com.kms.katalon.core.main.TestCaseExecutor.runScript(TestCaseExecutor.java:328)
	at com.kms.katalon.core.main.TestCaseExecutor.doExecute(TestCaseExecutor.java:319)
	at com.kms.katalon.core.main.TestCaseExecutor.processExecutionPhase(TestCaseExecutor.java:298)
	at com.kms.katalon.core.main.TestCaseExecutor.accessMainPhase(TestCaseExecutor.java:290)
	at com.kms.katalon.core.main.TestCaseExecutor.execute(TestCaseExecutor.java:224)
	at com.kms.katalon.core.main.TestSuiteExecutor.accessTestCaseMainPhase(TestSuiteExecutor.java:129)
	at com.kms.katalon.core.main.TestSuiteExecutor.accessTestSuiteMainPhase(TestSuiteExecutor.java:112)
	at com.kms.katalon.core.main.TestSuiteExecutor.execute(TestSuiteExecutor.java:81)
	at com.kms.katalon.core.main.TestCaseMain.startTestSuite(TestCaseMain.java:149)
	at com.kms.katalon.core.main.TestCaseMain$startTestSuite$0.call(Unknown Source)
	at TempTestSuite1561486823730.run(TempTestSuite1561486823730.groovy:36)]]></system-err>
      </testcase>
      <testcase name="Test Cases/HOME PAGE/Follow us" classname="Test Cases/HOME PAGE/Follow us" status="PASSED">
         <system-out><![CDATA[2019-06-25 14:32:14 - [TEST_CASE][PASSED] - Test Cases/HOME PAGE/Follow us: Test Cases/HOME PAGE/Follow us

2019-06-25 14:32:14 - [TEST_STEP][PASSED] - callTestCase(findTestCase("CALL - URL"), [:], STOP_ON_FAILURE): Call Test Case 'Test Cases/CALL - URL' successfully

2019-06-25 14:32:14 - [TEST_CASE][PASSED] - Test Cases/CALL - URL: Test Cases/CALL - URL

2019-06-25 14:32:14 - [TEST_STEP][PASSED] - openBrowser(""): Browser is opened with url: ''

2019-06-25 14:32:14 - [MESSAGE][INFO] - Starting 'Safari' driver

2019-06-25 14:32:17 - [MESSAGE][PASSED] - Browser is opened with url: ''

2019-06-25 14:32:17 - [TEST_STEP][PASSED] - navigateToUrl("https://diff-apollo.myshopify.com/?key=eec34184cfd8f82cda816f82753a8c8e9e240f30cf54470e19667b8cbb401948&preview_theme_id="): Navigate to 'https://diff-apollo.myshopify.com/?key=eec34184cfd8f82cda816f82753a8c8e9e240f30cf54470e19667b8cbb401948&preview_theme_id=' successfully

2019-06-25 14:32:18 - [MESSAGE][PASSED] - Navigate to 'https://diff-apollo.myshopify.com/?key=eec34184cfd8f82cda816f82753a8c8e9e240f30cf54470e19667b8cbb401948&preview_theme_id=' successfully

2019-06-25 14:32:18 - [TEST_STEP][NOT_RUN] - executeJavaScript("var previewBar = document.getElementById("preview-bar-iframe"); previewBar.style.display = "none";", []): NOT_RUN: executeJavaScript("var previewBar = document.getElementById("preview-bar-iframe"); previewBar.style.display = "none";", [])

2019-06-25 14:32:18 - [MESSAGE][NOT_RUN] - NOT_RUN: executeJavaScript("var previewBar = document.getElementById("preview-bar-iframe"); previewBar.style.display = "none";", [])

2019-06-25 14:32:18 - [TEST_STEP][PASSED] - maximizeWindow(): Current window maximized

2019-06-25 14:32:18 - [MESSAGE][PASSED] - Current window maximized

2019-06-25 14:32:18 - [MESSAGE][PASSED] - Call Test Case 'Test Cases/CALL - URL' successfully

2019-06-25 14:32:18 - [TEST_STEP][PASSED] - delay(2): Delayed 2 second(s)

2019-06-25 14:32:20 - [MESSAGE][PASSED] - Delayed 2 second(s)

2019-06-25 14:32:20 - [TEST_STEP][PASSED] - scrollToElement(findTestObject("APOLLO- Desktop/Home page/Follow us/apollodarktheme"), 0): Scroll to object 'Object Repository/APOLLO- Desktop/Home page/Follow us/apollodarktheme' successfully

2019-06-25 14:32:20 - [MESSAGE][WARNING] - Timeout '0' is invalid. Using default page load timeout: '30'

2019-06-25 14:32:21 - [MESSAGE][PASSED] - Scroll to object 'Object Repository/APOLLO- Desktop/Home page/Follow us/apollodarktheme' successfully

2019-06-25 14:32:21 - [TEST_STEP][PASSED] - delay(2): Delayed 2 second(s)

2019-06-25 14:32:23 - [MESSAGE][PASSED] - Delayed 2 second(s)

2019-06-25 14:32:23 - [TEST_STEP][PASSED] - scrollToElement(findTestObject("APOLLO- Desktop/Home page/Our latest blog posts/Visit Blog"), 0): Scroll to object 'Object Repository/APOLLO- Desktop/Home page/Our latest blog posts/Visit Blog' successfully

2019-06-25 14:32:23 - [MESSAGE][WARNING] - Timeout '0' is invalid. Using default page load timeout: '30'

2019-06-25 14:32:23 - [MESSAGE][PASSED] - Scroll to object 'Object Repository/APOLLO- Desktop/Home page/Our latest blog posts/Visit Blog' successfully

2019-06-25 14:32:23 - [TEST_STEP][PASSED] - delay(2): Delayed 2 second(s)

2019-06-25 14:32:25 - [MESSAGE][PASSED] - Delayed 2 second(s)

2019-06-25 14:32:25 - [TEST_STEP][PASSED] - click(findTestObject("APOLLO- Desktop/Home page/Follow us/product tile")): Object: 'Object Repository/APOLLO- Desktop/Home page/Follow us/product tile' is clicked on

2019-06-25 14:32:25 - [MESSAGE][PASSED] - Object: 'Object Repository/APOLLO- Desktop/Home page/Follow us/product tile' is clicked on

2019-06-25 14:32:25 - [TEST_STEP][NOT_RUN] - back(): NOT_RUN: back()

2019-06-25 14:32:25 - [MESSAGE][NOT_RUN] - NOT_RUN: back()

2019-06-25 14:32:25 - [TEST_STEP][PASSED] - scrollToElement(findTestObject("APOLLO- Desktop/Home page/Follow us/apollodarktheme"), 0): Scroll to object 'Object Repository/APOLLO- Desktop/Home page/Follow us/apollodarktheme' successfully

2019-06-25 14:32:25 - [MESSAGE][WARNING] - Timeout '0' is invalid. Using default page load timeout: '30'

2019-06-25 14:32:25 - [MESSAGE][PASSED] - Scroll to object 'Object Repository/APOLLO- Desktop/Home page/Follow us/apollodarktheme' successfully

2019-06-25 14:32:25 - [TEST_STEP][PASSED] - delay(2): Delayed 2 second(s)

2019-06-25 14:32:27 - [MESSAGE][PASSED] - Delayed 2 second(s)

2019-06-25 14:32:27 - [TEST_STEP][PASSED] - mouseOver(findTestObject("APOLLO- Desktop/Home page/Follow us/button-previous")): Object: 'Object Repository/APOLLO- Desktop/Home page/Follow us/button-previous' is hovered

2019-06-25 14:32:27 - [MESSAGE][PASSED] - Object: 'Object Repository/APOLLO- Desktop/Home page/Follow us/button-previous' is hovered

2019-06-25 14:32:27 - [TEST_STEP][PASSED] - delay(2): Delayed 2 second(s)

2019-06-25 14:32:29 - [MESSAGE][PASSED] - Delayed 2 second(s)

2019-06-25 14:32:29 - [TEST_STEP][PASSED] - click(findTestObject("APOLLO- Desktop/Home page/Follow us/button-previous")): Object: 'Object Repository/APOLLO- Desktop/Home page/Follow us/button-previous' is clicked on

2019-06-25 14:32:29 - [MESSAGE][PASSED] - Object: 'Object Repository/APOLLO- Desktop/Home page/Follow us/button-previous' is clicked on

2019-06-25 14:32:29 - [TEST_STEP][PASSED] - delay(2): Delayed 2 second(s)

2019-06-25 14:32:31 - [MESSAGE][PASSED] - Delayed 2 second(s)

2019-06-25 14:32:31 - [TEST_STEP][PASSED] - click(findTestObject("APOLLO- Desktop/Home page/Follow us/button- Next")): Object: 'Object Repository/APOLLO- Desktop/Home page/Follow us/button- Next' is clicked on

2019-06-25 14:32:31 - [MESSAGE][PASSED] - Object: 'Object Repository/APOLLO- Desktop/Home page/Follow us/button- Next' is clicked on]]></system-out>
         <system-err><![CDATA[]]></system-err>
      </testcase>
      <testcase name="Test Cases/PRODUCT PAGE/Social media icons" classname="Test Cases/PRODUCT PAGE/Social media icons" status="FAILED">
         <failure type="FAILED" message="Test Cases/PRODUCT PAGE/Social media icons FAILED.
Reason:
com.kms.katalon.core.exception.StepFailedException: Unable to click on object 'Object Repository/APOLLO- Desktop/Product page/facebook icon' (Root cause: com.kms.katalon.core.webui.exception.WebElementNotFoundException: Web element with id: 'Object Repository/APOLLO- Desktop/Product page/facebook icon' located by 'By.xpath: //div[@class='c-product-summary c-product-summary--shadow js-sticky u-text-center js-scroll-fade is-loaded is_stuck']//li[1]//a[1]' not found)
	at com.kms.katalon.core.keyword.internal.KeywordMain.stepFailed(KeywordMain.groovy:36)
	at com.kms.katalon.core.webui.keyword.internal.WebUIKeywordMain.stepFailed(WebUIKeywordMain.groovy:65)
	at com.kms.katalon.core.webui.keyword.internal.WebUIKeywordMain.runKeyword(WebUIKeywordMain.groovy:27)
	at com.kms.katalon.core.webui.keyword.builtin.ClickKeyword.click(ClickKeyword.groovy:86)
	at com.kms.katalon.core.webui.keyword.builtin.ClickKeyword.execute(ClickKeyword.groovy:67)
	at com.kms.katalon.core.keyword.internal.KeywordExecutor.executeKeywordForPlatform(KeywordExecutor.groovy:53)
	at com.kms.katalon.core.webui.keyword.WebUiBuiltInKeywords.click(WebUiBuiltInKeywords.groovy:616)
	at com.kms.katalon.core.webui.keyword.WebUiBuiltInKeywords$click$2.call(Unknown Source)
	at Social media icons.run(Social media icons:48)
	at com.kms.katalon.core.main.ScriptEngine.run(ScriptEngine.java:194)
	at com.kms.katalon.core.main.ScriptEngine.runScriptAsRawText(ScriptEngine.java:119)
	at com.kms.katalon.core.main.TestCaseExecutor.runScript(TestCaseExecutor.java:328)
	at com.kms.katalon.core.main.TestCaseExecutor.doExecute(TestCaseExecutor.java:319)
	at com.kms.katalon.core.main.TestCaseExecutor.processExecutionPhase(TestCaseExecutor.java:298)
	at com.kms.katalon.core.main.TestCaseExecutor.accessMainPhase(TestCaseExecutor.java:290)
	at com.kms.katalon.core.main.TestCaseExecutor.execute(TestCaseExecutor.java:224)
	at com.kms.katalon.core.main.TestSuiteExecutor.accessTestCaseMainPhase(TestSuiteExecutor.java:129)
	at com.kms.katalon.core.main.TestSuiteExecutor.accessTestSuiteMainPhase(TestSuiteExecutor.java:112)
	at com.kms.katalon.core.main.TestSuiteExecutor.execute(TestSuiteExecutor.java:81)
	at com.kms.katalon.core.main.TestCaseMain.startTestSuite(TestCaseMain.java:149)
	at com.kms.katalon.core.main.TestCaseMain$startTestSuite$0.call(Unknown Source)
	at TempTestSuite1561486823730.run(TempTestSuite1561486823730.groovy:36)
"/>
         <system-out><![CDATA[2019-06-25 14:32:31 - [TEST_CASE][FAILED] - Test Cases/PRODUCT PAGE/Social media icons: Test Cases/PRODUCT PAGE/Social media icons FAILED.
Reason:
com.kms.katalon.core.exception.StepFailedException: Unable to click on object 'Object Repository/APOLLO- Desktop/Product page/facebook icon' (Root cause: com.kms.katalon.core.webui.exception.WebElementNotFoundException: Web element with id: 'Object Repository/APOLLO- Desktop/Product page/facebook icon' located by 'By.xpath: //div[@class='c-product-summary c-product-summary--shadow js-sticky u-text-center js-scroll-fade is-loaded is_stuck']//li[1]//a[1]' not found)
	at com.kms.katalon.core.keyword.internal.KeywordMain.stepFailed(KeywordMain.groovy:36)
	at com.kms.katalon.core.webui.keyword.internal.WebUIKeywordMain.stepFailed(WebUIKeywordMain.groovy:65)
	at com.kms.katalon.core.webui.keyword.internal.WebUIKeywordMain.runKeyword(WebUIKeywordMain.groovy:27)
	at com.kms.katalon.core.webui.keyword.builtin.ClickKeyword.click(ClickKeyword.groovy:86)
	at com.kms.katalon.core.webui.keyword.builtin.ClickKeyword.execute(ClickKeyword.groovy:67)
	at com.kms.katalon.core.keyword.internal.KeywordExecutor.executeKeywordForPlatform(KeywordExecutor.groovy:53)
	at com.kms.katalon.core.webui.keyword.WebUiBuiltInKeywords.click(WebUiBuiltInKeywords.groovy:616)
	at com.kms.katalon.core.webui.keyword.WebUiBuiltInKeywords$click$2.call(Unknown Source)
	at Social media icons.run(Social media icons:48)
	at com.kms.katalon.core.main.ScriptEngine.run(ScriptEngine.java:194)
	at com.kms.katalon.core.main.ScriptEngine.runScriptAsRawText(ScriptEngine.java:119)
	at com.kms.katalon.core.main.TestCaseExecutor.runScript(TestCaseExecutor.java:328)
	at com.kms.katalon.core.main.TestCaseExecutor.doExecute(TestCaseExecutor.java:319)
	at com.kms.katalon.core.main.TestCaseExecutor.processExecutionPhase(TestCaseExecutor.java:298)
	at com.kms.katalon.core.main.TestCaseExecutor.accessMainPhase(TestCaseExecutor.java:290)
	at com.kms.katalon.core.main.TestCaseExecutor.execute(TestCaseExecutor.java:224)
	at com.kms.katalon.core.main.TestSuiteExecutor.accessTestCaseMainPhase(TestSuiteExecutor.java:129)
	at com.kms.katalon.core.main.TestSuiteExecutor.accessTestSuiteMainPhase(TestSuiteExecutor.java:112)
	at com.kms.katalon.core.main.TestSuiteExecutor.execute(TestSuiteExecutor.java:81)
	at com.kms.katalon.core.main.TestCaseMain.startTestSuite(TestCaseMain.java:149)
	at com.kms.katalon.core.main.TestCaseMain$startTestSuite$0.call(Unknown Source)
	at TempTestSuite1561486823730.run(TempTestSuite1561486823730.groovy:36)


2019-06-25 14:32:31 - [TEST_STEP][PASSED] - callTestCase(findTestCase("CALL - URL"), [:], STOP_ON_FAILURE): Call Test Case 'Test Cases/CALL - URL' successfully

2019-06-25 14:32:31 - [TEST_CASE][PASSED] - Test Cases/CALL - URL: Test Cases/CALL - URL

2019-06-25 14:32:31 - [TEST_STEP][PASSED] - openBrowser(""): Browser is opened with url: ''

2019-06-25 14:32:31 - [MESSAGE][WARNING] - A browser is already opened. Closing browser and opening a new one

2019-06-25 14:32:31 - [MESSAGE][INFO] - Starting 'Safari' driver

2019-06-25 14:32:32 - [MESSAGE][PASSED] - Browser is opened with url: ''

2019-06-25 14:32:32 - [TEST_STEP][PASSED] - navigateToUrl("https://diff-apollo.myshopify.com/?key=eec34184cfd8f82cda816f82753a8c8e9e240f30cf54470e19667b8cbb401948&preview_theme_id="): Navigate to 'https://diff-apollo.myshopify.com/?key=eec34184cfd8f82cda816f82753a8c8e9e240f30cf54470e19667b8cbb401948&preview_theme_id=' successfully

2019-06-25 14:32:33 - [MESSAGE][PASSED] - Navigate to 'https://diff-apollo.myshopify.com/?key=eec34184cfd8f82cda816f82753a8c8e9e240f30cf54470e19667b8cbb401948&preview_theme_id=' successfully

2019-06-25 14:32:33 - [TEST_STEP][NOT_RUN] - executeJavaScript("var previewBar = document.getElementById("preview-bar-iframe"); previewBar.style.display = "none";", []): NOT_RUN: executeJavaScript("var previewBar = document.getElementById("preview-bar-iframe"); previewBar.style.display = "none";", [])

2019-06-25 14:32:33 - [MESSAGE][NOT_RUN] - NOT_RUN: executeJavaScript("var previewBar = document.getElementById("preview-bar-iframe"); previewBar.style.display = "none";", [])

2019-06-25 14:32:33 - [TEST_STEP][PASSED] - maximizeWindow(): Current window maximized

2019-06-25 14:32:34 - [MESSAGE][PASSED] - Current window maximized

2019-06-25 14:32:34 - [MESSAGE][PASSED] - Call Test Case 'Test Cases/CALL - URL' successfully

2019-06-25 14:32:34 - [TEST_STEP][PASSED] - delay(2): Delayed 2 second(s)

2019-06-25 14:32:36 - [MESSAGE][PASSED] - Delayed 2 second(s)

2019-06-25 14:32:36 - [TEST_STEP][PASSED] - click(findTestObject("APOLLO- Desktop/Burger Menu/Burgermenu")): Object: 'Object Repository/APOLLO- Desktop/Burger Menu/Burgermenu' is clicked on

2019-06-25 14:32:36 - [MESSAGE][PASSED] - Object: 'Object Repository/APOLLO- Desktop/Burger Menu/Burgermenu' is clicked on

2019-06-25 14:32:36 - [TEST_STEP][PASSED] - delay(2): Delayed 2 second(s)

2019-06-25 14:32:38 - [MESSAGE][PASSED] - Delayed 2 second(s)

2019-06-25 14:32:38 - [TEST_STEP][PASSED] - click(findTestObject("APOLLO- Desktop/Burger Menu/Mens chevron")): Object: 'Object Repository/APOLLO- Desktop/Burger Menu/Mens chevron' is clicked on

2019-06-25 14:32:38 - [MESSAGE][PASSED] - Object: 'Object Repository/APOLLO- Desktop/Burger Menu/Mens chevron' is clicked on

2019-06-25 14:32:38 - [TEST_STEP][PASSED] - delay(2): Delayed 2 second(s)

2019-06-25 14:32:40 - [MESSAGE][PASSED] - Delayed 2 second(s)

2019-06-25 14:32:40 - [TEST_STEP][PASSED] - click(findTestObject("APOLLO- Desktop/Burger Menu/Mens - Top Chevron")): Object: 'Object Repository/APOLLO- Desktop/Burger Menu/Mens - Top Chevron' is clicked on

2019-06-25 14:32:40 - [MESSAGE][PASSED] - Object: 'Object Repository/APOLLO- Desktop/Burger Menu/Mens - Top Chevron' is clicked on

2019-06-25 14:32:40 - [TEST_STEP][PASSED] - delay(2): Delayed 2 second(s)

2019-06-25 14:32:42 - [MESSAGE][PASSED] - Delayed 2 second(s)

2019-06-25 14:32:42 - [TEST_STEP][PASSED] - click(findTestObject("APOLLO- Desktop/Burger Menu/Shirts link")): Object: 'Object Repository/APOLLO- Desktop/Burger Menu/Shirts link' is clicked on

2019-06-25 14:32:43 - [MESSAGE][PASSED] - Object: 'Object Repository/APOLLO- Desktop/Burger Menu/Shirts link' is clicked on

2019-06-25 14:32:43 - [TEST_STEP][NOT_RUN] - executeJavaScript("var previewBar = document.getElementById("preview-bar-iframe"); previewBar.style.display = "none";", []): NOT_RUN: executeJavaScript("var previewBar = document.getElementById("preview-bar-iframe"); previewBar.style.display = "none";", [])

2019-06-25 14:32:43 - [MESSAGE][NOT_RUN] - NOT_RUN: executeJavaScript("var previewBar = document.getElementById("preview-bar-iframe"); previewBar.style.display = "none";", [])

2019-06-25 14:32:43 - [TEST_STEP][PASSED] - delay(2): Delayed 2 second(s)

2019-06-25 14:32:45 - [MESSAGE][PASSED] - Delayed 2 second(s)

2019-06-25 14:32:45 - [TEST_STEP][PASSED] - click(findTestObject("APOLLO- Desktop/Collection page/Blue shirt product")): Object: 'Object Repository/APOLLO- Desktop/Collection page/Blue shirt product' is clicked on

2019-06-25 14:32:46 - [MESSAGE][PASSED] - Object: 'Object Repository/APOLLO- Desktop/Collection page/Blue shirt product' is clicked on

2019-06-25 14:32:46 - [TEST_STEP][PASSED] - delay(2): Delayed 2 second(s)

2019-06-25 14:32:48 - [MESSAGE][PASSED] - Delayed 2 second(s)

2019-06-25 14:32:48 - [TEST_STEP][NOT_RUN] - executeJavaScript("var previewBar = document.getElementById("preview-bar-iframe"); previewBar.style.display = "none";", []): NOT_RUN: executeJavaScript("var previewBar = document.getElementById("preview-bar-iframe"); previewBar.style.display = "none";", [])

2019-06-25 14:32:48 - [MESSAGE][NOT_RUN] - NOT_RUN: executeJavaScript("var previewBar = document.getElementById("preview-bar-iframe"); previewBar.style.display = "none";", [])

2019-06-25 14:32:48 - [TEST_STEP][PASSED] - delay(2): Delayed 2 second(s)

2019-06-25 14:32:50 - [MESSAGE][PASSED] - Delayed 2 second(s)

2019-06-25 14:32:50 - [TEST_STEP][FAILED] - click(findTestObject("APOLLO- Desktop/Product page/facebook icon")): click(findTestObject("APOLLO- Desktop/Product page/facebook icon")) FAILED.
Reason:
com.kms.katalon.core.exception.StepFailedException: Unable to click on object 'Object Repository/APOLLO- Desktop/Product page/facebook icon' (Root cause: com.kms.katalon.core.webui.exception.WebElementNotFoundException: Web element with id: 'Object Repository/APOLLO- Desktop/Product page/facebook icon' located by 'By.xpath: //div[@class='c-product-summary c-product-summary--shadow js-sticky u-text-center js-scroll-fade is-loaded is_stuck']//li[1]//a[1]' not found)
	at com.kms.katalon.core.keyword.internal.KeywordMain.stepFailed(KeywordMain.groovy:36)
	at com.kms.katalon.core.webui.keyword.internal.WebUIKeywordMain.stepFailed(WebUIKeywordMain.groovy:65)
	at com.kms.katalon.core.webui.keyword.internal.WebUIKeywordMain.runKeyword(WebUIKeywordMain.groovy:27)
	at com.kms.katalon.core.webui.keyword.builtin.ClickKeyword.click(ClickKeyword.groovy:86)
	at com.kms.katalon.core.webui.keyword.builtin.ClickKeyword.execute(ClickKeyword.groovy:67)
	at com.kms.katalon.core.keyword.internal.KeywordExecutor.executeKeywordForPlatform(KeywordExecutor.groovy:53)
	at com.kms.katalon.core.webui.keyword.WebUiBuiltInKeywords.click(WebUiBuiltInKeywords.groovy:616)
	at com.kms.katalon.core.webui.keyword.WebUiBuiltInKeywords$click$2.call(Unknown Source)
	at Social media icons.run(Social media icons:48)
	at com.kms.katalon.core.main.ScriptEngine.run(ScriptEngine.java:194)
	at com.kms.katalon.core.main.ScriptEngine.runScriptAsRawText(ScriptEngine.java:119)
	at com.kms.katalon.core.main.TestCaseExecutor.runScript(TestCaseExecutor.java:328)
	at com.kms.katalon.core.main.TestCaseExecutor.doExecute(TestCaseExecutor.java:319)
	at com.kms.katalon.core.main.TestCaseExecutor.processExecutionPhase(TestCaseExecutor.java:298)
	at com.kms.katalon.core.main.TestCaseExecutor.accessMainPhase(TestCaseExecutor.java:290)
	at com.kms.katalon.core.main.TestCaseExecutor.execute(TestCaseExecutor.java:224)
	at com.kms.katalon.core.main.TestSuiteExecutor.accessTestCaseMainPhase(TestSuiteExecutor.java:129)
	at com.kms.katalon.core.main.TestSuiteExecutor.accessTestSuiteMainPhase(TestSuiteExecutor.java:112)
	at com.kms.katalon.core.main.TestSuiteExecutor.execute(TestSuiteExecutor.java:81)
	at com.kms.katalon.core.main.TestCaseMain.startTestSuite(TestCaseMain.java:149)
	at com.kms.katalon.core.main.TestCaseMain$startTestSuite$0.call(Unknown Source)
	at TempTestSuite1561486823730.run(TempTestSuite1561486823730.groovy:36)


2019-06-25 14:33:21 - [MESSAGE][INFO] - Unable to find the element located by 'By.xpath: //div[@class='c-product-summary c-product-summary--shadow js-sticky u-text-center js-scroll-fade is-loaded is_stuck']//li[1]//a[1]'. Please recheck the objects properties to make sure the desired element is located. 

2019-06-25 14:33:21 - [MESSAGE][FAILED] - Unable to click on object 'Object Repository/APOLLO- Desktop/Product page/facebook icon' (Root cause: com.kms.katalon.core.webui.exception.WebElementNotFoundException: Web element with id: 'Object Repository/APOLLO- Desktop/Product page/facebook icon' located by 'By.xpath: //div[@class='c-product-summary c-product-summary--shadow js-sticky u-text-center js-scroll-fade is-loaded is_stuck']//li[1]//a[1]' not found)
[[ATTACHMENT|/Users/sumankompelly/Katalon Studio/APOLLO/Reports/Apollo - dark build/20190625_142023/1561487601424.png]]

2019-06-25 14:33:21 - [MESSAGE][FAILED] - click(findTestObject("APOLLO- Desktop/Product page/facebook icon")) FAILED.
Reason:
com.kms.katalon.core.exception.StepFailedException: Unable to click on object 'Object Repository/APOLLO- Desktop/Product page/facebook icon' (Root cause: com.kms.katalon.core.webui.exception.WebElementNotFoundException: Web element with id: 'Object Repository/APOLLO- Desktop/Product page/facebook icon' located by 'By.xpath: //div[@class='c-product-summary c-product-summary--shadow js-sticky u-text-center js-scroll-fade is-loaded is_stuck']//li[1]//a[1]' not found)
	at com.kms.katalon.core.keyword.internal.KeywordMain.stepFailed(KeywordMain.groovy:36)
	at com.kms.katalon.core.webui.keyword.internal.WebUIKeywordMain.stepFailed(WebUIKeywordMain.groovy:65)
	at com.kms.katalon.core.webui.keyword.internal.WebUIKeywordMain.runKeyword(WebUIKeywordMain.groovy:27)
	at com.kms.katalon.core.webui.keyword.builtin.ClickKeyword.click(ClickKeyword.groovy:86)
	at com.kms.katalon.core.webui.keyword.builtin.ClickKeyword.execute(ClickKeyword.groovy:67)
	at com.kms.katalon.core.keyword.internal.KeywordExecutor.executeKeywordForPlatform(KeywordExecutor.groovy:53)
	at com.kms.katalon.core.webui.keyword.WebUiBuiltInKeywords.click(WebUiBuiltInKeywords.groovy:616)
	at com.kms.katalon.core.webui.keyword.WebUiBuiltInKeywords$click$2.call(Unknown Source)
	at Social media icons.run(Social media icons:48)
	at com.kms.katalon.core.main.ScriptEngine.run(ScriptEngine.java:194)
	at com.kms.katalon.core.main.ScriptEngine.runScriptAsRawText(ScriptEngine.java:119)
	at com.kms.katalon.core.main.TestCaseExecutor.runScript(TestCaseExecutor.java:328)
	at com.kms.katalon.core.main.TestCaseExecutor.doExecute(TestCaseExecutor.java:319)
	at com.kms.katalon.core.main.TestCaseExecutor.processExecutionPhase(TestCaseExecutor.java:298)
	at com.kms.katalon.core.main.TestCaseExecutor.accessMainPhase(TestCaseExecutor.java:290)
	at com.kms.katalon.core.main.TestCaseExecutor.execute(TestCaseExecutor.java:224)
	at com.kms.katalon.core.main.TestSuiteExecutor.accessTestCaseMainPhase(TestSuiteExecutor.java:129)
	at com.kms.katalon.core.main.TestSuiteExecutor.accessTestSuiteMainPhase(TestSuiteExecutor.java:112)
	at com.kms.katalon.core.main.TestSuiteExecutor.execute(TestSuiteExecutor.java:81)
	at com.kms.katalon.core.main.TestCaseMain.startTestSuite(TestCaseMain.java:149)
	at com.kms.katalon.core.main.TestCaseMain$startTestSuite$0.call(Unknown Source)
	at TempTestSuite1561486823730.run(TempTestSuite1561486823730.groovy:36)]]></system-out>
         <system-err><![CDATA[2019-06-25 14:32:31 - [TEST_CASE][FAILED] - Test Cases/PRODUCT PAGE/Social media icons: Test Cases/PRODUCT PAGE/Social media icons FAILED.
Reason:
com.kms.katalon.core.exception.StepFailedException: Unable to click on object 'Object Repository/APOLLO- Desktop/Product page/facebook icon' (Root cause: com.kms.katalon.core.webui.exception.WebElementNotFoundException: Web element with id: 'Object Repository/APOLLO- Desktop/Product page/facebook icon' located by 'By.xpath: //div[@class='c-product-summary c-product-summary--shadow js-sticky u-text-center js-scroll-fade is-loaded is_stuck']//li[1]//a[1]' not found)
	at com.kms.katalon.core.keyword.internal.KeywordMain.stepFailed(KeywordMain.groovy:36)
	at com.kms.katalon.core.webui.keyword.internal.WebUIKeywordMain.stepFailed(WebUIKeywordMain.groovy:65)
	at com.kms.katalon.core.webui.keyword.internal.WebUIKeywordMain.runKeyword(WebUIKeywordMain.groovy:27)
	at com.kms.katalon.core.webui.keyword.builtin.ClickKeyword.click(ClickKeyword.groovy:86)
	at com.kms.katalon.core.webui.keyword.builtin.ClickKeyword.execute(ClickKeyword.groovy:67)
	at com.kms.katalon.core.keyword.internal.KeywordExecutor.executeKeywordForPlatform(KeywordExecutor.groovy:53)
	at com.kms.katalon.core.webui.keyword.WebUiBuiltInKeywords.click(WebUiBuiltInKeywords.groovy:616)
	at com.kms.katalon.core.webui.keyword.WebUiBuiltInKeywords$click$2.call(Unknown Source)
	at Social media icons.run(Social media icons:48)
	at com.kms.katalon.core.main.ScriptEngine.run(ScriptEngine.java:194)
	at com.kms.katalon.core.main.ScriptEngine.runScriptAsRawText(ScriptEngine.java:119)
	at com.kms.katalon.core.main.TestCaseExecutor.runScript(TestCaseExecutor.java:328)
	at com.kms.katalon.core.main.TestCaseExecutor.doExecute(TestCaseExecutor.java:319)
	at com.kms.katalon.core.main.TestCaseExecutor.processExecutionPhase(TestCaseExecutor.java:298)
	at com.kms.katalon.core.main.TestCaseExecutor.accessMainPhase(TestCaseExecutor.java:290)
	at com.kms.katalon.core.main.TestCaseExecutor.execute(TestCaseExecutor.java:224)
	at com.kms.katalon.core.main.TestSuiteExecutor.accessTestCaseMainPhase(TestSuiteExecutor.java:129)
	at com.kms.katalon.core.main.TestSuiteExecutor.accessTestSuiteMainPhase(TestSuiteExecutor.java:112)
	at com.kms.katalon.core.main.TestSuiteExecutor.execute(TestSuiteExecutor.java:81)
	at com.kms.katalon.core.main.TestCaseMain.startTestSuite(TestCaseMain.java:149)
	at com.kms.katalon.core.main.TestCaseMain$startTestSuite$0.call(Unknown Source)
	at TempTestSuite1561486823730.run(TempTestSuite1561486823730.groovy:36)]]></system-err>
      </testcase>
      <testcase name="Test Cases/PRODUCT PAGE/More payment link and buy with google pay" classname="Test Cases/PRODUCT PAGE/More payment link and buy with google pay" status="PASSED">
         <system-out><![CDATA[2019-06-25 14:33:21 - [TEST_CASE][PASSED] - Test Cases/PRODUCT PAGE/More payment link and buy with google pay: Test Cases/PRODUCT PAGE/More payment link and buy with google pay

2019-06-25 14:33:21 - [TEST_STEP][PASSED] - callTestCase(findTestCase("CALL - URL"), [:], STOP_ON_FAILURE): Call Test Case 'Test Cases/CALL - URL' successfully

2019-06-25 14:33:21 - [TEST_CASE][PASSED] - Test Cases/CALL - URL: Test Cases/CALL - URL

2019-06-25 14:33:21 - [TEST_STEP][PASSED] - openBrowser(""): Browser is opened with url: ''

2019-06-25 14:33:21 - [MESSAGE][WARNING] - A browser is already opened. Closing browser and opening a new one

2019-06-25 14:33:21 - [MESSAGE][INFO] - Starting 'Safari' driver

2019-06-25 14:33:22 - [MESSAGE][PASSED] - Browser is opened with url: ''

2019-06-25 14:33:22 - [TEST_STEP][PASSED] - navigateToUrl("https://diff-apollo.myshopify.com/?key=eec34184cfd8f82cda816f82753a8c8e9e240f30cf54470e19667b8cbb401948&preview_theme_id="): Navigate to 'https://diff-apollo.myshopify.com/?key=eec34184cfd8f82cda816f82753a8c8e9e240f30cf54470e19667b8cbb401948&preview_theme_id=' successfully

2019-06-25 14:33:24 - [MESSAGE][PASSED] - Navigate to 'https://diff-apollo.myshopify.com/?key=eec34184cfd8f82cda816f82753a8c8e9e240f30cf54470e19667b8cbb401948&preview_theme_id=' successfully

2019-06-25 14:33:24 - [TEST_STEP][NOT_RUN] - executeJavaScript("var previewBar = document.getElementById("preview-bar-iframe"); previewBar.style.display = "none";", []): NOT_RUN: executeJavaScript("var previewBar = document.getElementById("preview-bar-iframe"); previewBar.style.display = "none";", [])

2019-06-25 14:33:24 - [MESSAGE][NOT_RUN] - NOT_RUN: executeJavaScript("var previewBar = document.getElementById("preview-bar-iframe"); previewBar.style.display = "none";", [])

2019-06-25 14:33:24 - [TEST_STEP][PASSED] - maximizeWindow(): Current window maximized

2019-06-25 14:33:24 - [MESSAGE][PASSED] - Current window maximized

2019-06-25 14:33:24 - [MESSAGE][PASSED] - Call Test Case 'Test Cases/CALL - URL' successfully

2019-06-25 14:33:24 - [TEST_STEP][PASSED] - delay(2): Delayed 2 second(s)

2019-06-25 14:33:26 - [MESSAGE][PASSED] - Delayed 2 second(s)

2019-06-25 14:33:26 - [TEST_STEP][PASSED] - click(findTestObject("APOLLO- Desktop/Burger Menu/Burgermenu")): Object: 'Object Repository/APOLLO- Desktop/Burger Menu/Burgermenu' is clicked on

2019-06-25 14:33:26 - [MESSAGE][PASSED] - Object: 'Object Repository/APOLLO- Desktop/Burger Menu/Burgermenu' is clicked on

2019-06-25 14:33:26 - [TEST_STEP][PASSED] - delay(2): Delayed 2 second(s)

2019-06-25 14:33:28 - [MESSAGE][PASSED] - Delayed 2 second(s)

2019-06-25 14:33:28 - [TEST_STEP][PASSED] - click(findTestObject("APOLLO- Desktop/Burger Menu/Mens chevron")): Object: 'Object Repository/APOLLO- Desktop/Burger Menu/Mens chevron' is clicked on

2019-06-25 14:33:28 - [MESSAGE][PASSED] - Object: 'Object Repository/APOLLO- Desktop/Burger Menu/Mens chevron' is clicked on

2019-06-25 14:33:28 - [TEST_STEP][PASSED] - delay(2): Delayed 2 second(s)

2019-06-25 14:33:30 - [MESSAGE][PASSED] - Delayed 2 second(s)

2019-06-25 14:33:30 - [TEST_STEP][PASSED] - click(findTestObject("APOLLO- Desktop/Burger Menu/Mens - Top Chevron")): Object: 'Object Repository/APOLLO- Desktop/Burger Menu/Mens - Top Chevron' is clicked on

2019-06-25 14:33:30 - [MESSAGE][PASSED] - Object: 'Object Repository/APOLLO- Desktop/Burger Menu/Mens - Top Chevron' is clicked on

2019-06-25 14:33:30 - [TEST_STEP][PASSED] - delay(2): Delayed 2 second(s)

2019-06-25 14:33:32 - [MESSAGE][PASSED] - Delayed 2 second(s)

2019-06-25 14:33:32 - [TEST_STEP][PASSED] - click(findTestObject("APOLLO- Desktop/Burger Menu/Shirts link")): Object: 'Object Repository/APOLLO- Desktop/Burger Menu/Shirts link' is clicked on

2019-06-25 14:33:38 - [MESSAGE][PASSED] - Object: 'Object Repository/APOLLO- Desktop/Burger Menu/Shirts link' is clicked on

2019-06-25 14:33:38 - [TEST_STEP][NOT_RUN] - executeJavaScript("var previewBar = document.getElementById("preview-bar-iframe"); previewBar.style.display = "none";", []): NOT_RUN: executeJavaScript("var previewBar = document.getElementById("preview-bar-iframe"); previewBar.style.display = "none";", [])

2019-06-25 14:33:38 - [MESSAGE][NOT_RUN] - NOT_RUN: executeJavaScript("var previewBar = document.getElementById("preview-bar-iframe"); previewBar.style.display = "none";", [])

2019-06-25 14:33:38 - [TEST_STEP][PASSED] - delay(2): Delayed 2 second(s)

2019-06-25 14:33:40 - [MESSAGE][PASSED] - Delayed 2 second(s)

2019-06-25 14:33:40 - [TEST_STEP][PASSED] - click(findTestObject("APOLLO- Desktop/Collection page/Blue shirt product")): Object: 'Object Repository/APOLLO- Desktop/Collection page/Blue shirt product' is clicked on

2019-06-25 14:33:40 - [MESSAGE][PASSED] - Object: 'Object Repository/APOLLO- Desktop/Collection page/Blue shirt product' is clicked on

2019-06-25 14:33:40 - [TEST_STEP][PASSED] - delay(2): Delayed 2 second(s)

2019-06-25 14:33:42 - [MESSAGE][PASSED] - Delayed 2 second(s)

2019-06-25 14:33:42 - [TEST_STEP][NOT_RUN] - executeJavaScript("var previewBar = document.getElementById("preview-bar-iframe"); previewBar.style.display = "none";", []): NOT_RUN: executeJavaScript("var previewBar = document.getElementById("preview-bar-iframe"); previewBar.style.display = "none";", [])

2019-06-25 14:33:42 - [MESSAGE][NOT_RUN] - NOT_RUN: executeJavaScript("var previewBar = document.getElementById("preview-bar-iframe"); previewBar.style.display = "none";", [])

2019-06-25 14:33:42 - [TEST_STEP][PASSED] - delay(2): Delayed 2 second(s)

2019-06-25 14:33:44 - [MESSAGE][PASSED] - Delayed 2 second(s)

2019-06-25 14:33:44 - [TEST_STEP][PASSED] - click(findTestObject("APOLLO- Desktop/Product page/More payment options")): Object: 'Object Repository/APOLLO- Desktop/Product page/More payment options' is clicked on

2019-06-25 14:33:44 - [MESSAGE][PASSED] - Object: 'Object Repository/APOLLO- Desktop/Product page/More payment options' is clicked on

2019-06-25 14:33:44 - [TEST_STEP][PASSED] - delay(2): Delayed 2 second(s)

2019-06-25 14:33:46 - [MESSAGE][PASSED] - Delayed 2 second(s)

2019-06-25 14:33:46 - [TEST_STEP][PASSED] - click(findTestObject("APOLLO- Desktop/Product page/Checkout- more payment")): Object: 'Object Repository/APOLLO- Desktop/Product page/Checkout- more payment' is clicked on

2019-06-25 14:33:48 - [MESSAGE][PASSED] - Object: 'Object Repository/APOLLO- Desktop/Product page/Checkout- more payment' is clicked on

2019-06-25 14:33:48 - [TEST_STEP][PASSED] - delay(2): Delayed 2 second(s)

2019-06-25 14:33:50 - [MESSAGE][PASSED] - Delayed 2 second(s)

2019-06-25 14:33:50 - [TEST_STEP][PASSED] - callTestCase(findTestCase("CALL- CUSTOMER INFO PAGE"), [:], STOP_ON_FAILURE): Call Test Case 'Test Cases/CALL- CUSTOMER INFO PAGE' successfully

2019-06-25 14:33:50 - [TEST_CASE][PASSED] - Test Cases/CALL- CUSTOMER INFO PAGE: Test Cases/CALL- CUSTOMER INFO PAGE

2019-06-25 14:33:50 - [TEST_STEP][PASSED] - delay(2): Delayed 2 second(s)

2019-06-25 14:33:52 - [MESSAGE][PASSED] - Delayed 2 second(s)

2019-06-25 14:33:52 - [TEST_STEP][NOT_RUN] - executeJavaScript("var previewBar = document.getElementById("preview-bar-iframe"); previewBar.style.display = "none";", []): NOT_RUN: executeJavaScript("var previewBar = document.getElementById("preview-bar-iframe"); previewBar.style.display = "none";", [])

2019-06-25 14:33:52 - [MESSAGE][NOT_RUN] - NOT_RUN: executeJavaScript("var previewBar = document.getElementById("preview-bar-iframe"); previewBar.style.display = "none";", [])

2019-06-25 14:33:52 - [TEST_STEP][PASSED] - setText(findTestObject("APOLLO- Desktop/Customer Information page/Email"), "suman@gmail.com"): Text 'suman@gmail.com' is set on object 'Object Repository/APOLLO- Desktop/Customer Information page/Email'

2019-06-25 14:33:52 - [MESSAGE][PASSED] - Text 'suman@gmail.com' is set on object 'Object Repository/APOLLO- Desktop/Customer Information page/Email'

2019-06-25 14:33:52 - [TEST_STEP][PASSED] - delay(2): Delayed 2 second(s)

2019-06-25 14:33:54 - [MESSAGE][PASSED] - Delayed 2 second(s)

2019-06-25 14:33:54 - [TEST_STEP][PASSED] - setText(findTestObject("APOLLO- Desktop/Customer Information page/First name"), "suman"): Text 'suman' is set on object 'Object Repository/APOLLO- Desktop/Customer Information page/First name'

2019-06-25 14:33:54 - [MESSAGE][PASSED] - Text 'suman' is set on object 'Object Repository/APOLLO- Desktop/Customer Information page/First name'

2019-06-25 14:33:54 - [TEST_STEP][PASSED] - delay(2): Delayed 2 second(s)

2019-06-25 14:33:56 - [MESSAGE][PASSED] - Delayed 2 second(s)

2019-06-25 14:33:56 - [TEST_STEP][PASSED] - setText(findTestObject("APOLLO- Desktop/Customer Information page/Last name"), "kompelly"): Text 'kompelly' is set on object 'Object Repository/APOLLO- Desktop/Customer Information page/Last name'

2019-06-25 14:33:56 - [MESSAGE][PASSED] - Text 'kompelly' is set on object 'Object Repository/APOLLO- Desktop/Customer Information page/Last name'

2019-06-25 14:33:56 - [TEST_STEP][PASSED] - delay(2): Delayed 2 second(s)

2019-06-25 14:33:58 - [MESSAGE][PASSED] - Delayed 2 second(s)

2019-06-25 14:33:58 - [TEST_STEP][PASSED] - setText(findTestObject("APOLLO- Desktop/Customer Information page/Address"), "1435 st alxendre"): Text '1435 st alxendre' is set on object 'Object Repository/APOLLO- Desktop/Customer Information page/Address'

2019-06-25 14:33:59 - [MESSAGE][PASSED] - Text '1435 st alxendre' is set on object 'Object Repository/APOLLO- Desktop/Customer Information page/Address'

2019-06-25 14:33:59 - [TEST_STEP][PASSED] - setText(findTestObject("APOLLO- Desktop/Customer Information page/Apartment"), "220"): Text '220' is set on object 'Object Repository/APOLLO- Desktop/Customer Information page/Apartment'

2019-06-25 14:33:59 - [MESSAGE][PASSED] - Text '220' is set on object 'Object Repository/APOLLO- Desktop/Customer Information page/Apartment'

2019-06-25 14:33:59 - [TEST_STEP][PASSED] - setText(findTestObject("APOLLO- Desktop/Customer Information page/City"), "montreal"): Text 'montreal' is set on object 'Object Repository/APOLLO- Desktop/Customer Information page/City'

2019-06-25 14:33:59 - [MESSAGE][PASSED] - Text 'montreal' is set on object 'Object Repository/APOLLO- Desktop/Customer Information page/City'

2019-06-25 14:33:59 - [TEST_STEP][PASSED] - selectOptionByValue(findTestObject("APOLLO- Desktop/Customer Information page/Country dropdown"), "United States", true): All options with value 'United States' are selected in object 'Object Repository/APOLLO- Desktop/Customer Information page/Country dropdown'  using regular expression

2019-06-25 14:34:08 - [MESSAGE][PASSED] - All options with value 'United States' are selected in object 'Object Repository/APOLLO- Desktop/Customer Information page/Country dropdown'  using regular expression

2019-06-25 14:34:08 - [TEST_STEP][PASSED] - selectOptionByValue(findTestObject("APOLLO- Desktop/Customer Information page/states dropdown"), "NJ", true): All options with value 'NJ' are selected in object 'Object Repository/APOLLO- Desktop/Customer Information page/states dropdown'  using regular expression

2019-06-25 14:34:10 - [MESSAGE][PASSED] - All options with value 'NJ' are selected in object 'Object Repository/APOLLO- Desktop/Customer Information page/states dropdown'  using regular expression

2019-06-25 14:34:10 - [TEST_STEP][PASSED] - setText(findTestObject("APOLLO- Desktop/Customer Information page/ZIP code"), "07057"): Text '07057' is set on object 'Object Repository/APOLLO- Desktop/Customer Information page/ZIP code'

2019-06-25 14:34:10 - [MESSAGE][PASSED] - Text '07057' is set on object 'Object Repository/APOLLO- Desktop/Customer Information page/ZIP code'

2019-06-25 14:34:10 - [MESSAGE][PASSED] - Call Test Case 'Test Cases/CALL- CUSTOMER INFO PAGE' successfully

2019-06-25 14:34:10 - [TEST_STEP][PASSED] - delay(2): Delayed 2 second(s)

2019-06-25 14:34:12 - [MESSAGE][PASSED] - Delayed 2 second(s)

2019-06-25 14:34:12 - [TEST_STEP][PASSED] - callTestCase(findTestCase("CALL - SHIPPING TO PAYMENT"), [:], STOP_ON_FAILURE): Call Test Case 'Test Cases/CALL - SHIPPING TO PAYMENT' successfully

2019-06-25 14:34:12 - [TEST_CASE][PASSED] - Test Cases/CALL - SHIPPING TO PAYMENT: Test Cases/CALL - SHIPPING TO PAYMENT

2019-06-25 14:34:12 - [TEST_STEP][PASSED] - click(findTestObject("APOLLO- Desktop/Customer Information page/Continue to shipping")): Object: 'Object Repository/APOLLO- Desktop/Customer Information page/Continue to shipping' is clicked on

2019-06-25 14:34:12 - [MESSAGE][PASSED] - Object: 'Object Repository/APOLLO- Desktop/Customer Information page/Continue to shipping' is clicked on

2019-06-25 14:34:12 - [TEST_STEP][NOT_RUN] - executeJavaScript("var previewBar = document.getElementById("preview-bar-iframe"); previewBar.style.display = "none";", []): NOT_RUN: executeJavaScript("var previewBar = document.getElementById("preview-bar-iframe"); previewBar.style.display = "none";", [])

2019-06-25 14:34:12 - [MESSAGE][NOT_RUN] - NOT_RUN: executeJavaScript("var previewBar = document.getElementById("preview-bar-iframe"); previewBar.style.display = "none";", [])

2019-06-25 14:34:12 - [TEST_STEP][PASSED] - click(findTestObject("APOLLO- Desktop/Shipping page/Radio button check")): Object: 'Object Repository/APOLLO- Desktop/Shipping page/Radio button check' is clicked on

2019-06-25 14:34:16 - [MESSAGE][PASSED] - Object: 'Object Repository/APOLLO- Desktop/Shipping page/Radio button check' is clicked on

2019-06-25 14:34:16 - [TEST_STEP][NOT_RUN] - executeJavaScript("var previewBar = document.getElementById("preview-bar-iframe"); previewBar.style.display = "none";", []): NOT_RUN: executeJavaScript("var previewBar = document.getElementById("preview-bar-iframe"); previewBar.style.display = "none";", [])

2019-06-25 14:34:16 - [MESSAGE][NOT_RUN] - NOT_RUN: executeJavaScript("var previewBar = document.getElementById("preview-bar-iframe"); previewBar.style.display = "none";", [])

2019-06-25 14:34:16 - [TEST_STEP][PASSED] - click(findTestObject("APOLLO- Desktop/Shipping page/Continue to payment")): Object: 'Object Repository/APOLLO- Desktop/Shipping page/Continue to payment' is clicked on

2019-06-25 14:34:18 - [MESSAGE][PASSED] - Object: 'Object Repository/APOLLO- Desktop/Shipping page/Continue to payment' is clicked on

2019-06-25 14:34:18 - [TEST_STEP][NOT_RUN] - executeJavaScript("var previewBar = document.getElementById("preview-bar-iframe"); previewBar.style.display = "none";", []): NOT_RUN: executeJavaScript("var previewBar = document.getElementById("preview-bar-iframe"); previewBar.style.display = "none";", [])

2019-06-25 14:34:18 - [MESSAGE][NOT_RUN] - NOT_RUN: executeJavaScript("var previewBar = document.getElementById("preview-bar-iframe"); previewBar.style.display = "none";", [])

2019-06-25 14:34:18 - [TEST_STEP][PASSED] - click(findTestObject("APOLLO- Desktop/payment page/Payment section")): Object: 'Object Repository/APOLLO- Desktop/payment page/Payment section' is clicked on

2019-06-25 14:34:18 - [MESSAGE][PASSED] - Object: 'Object Repository/APOLLO- Desktop/payment page/Payment section' is clicked on

2019-06-25 14:34:18 - [MESSAGE][PASSED] - Call Test Case 'Test Cases/CALL - SHIPPING TO PAYMENT' successfully

2019-06-25 14:34:18 - [TEST_STEP][PASSED] - delay(2): Delayed 2 second(s)

2019-06-25 14:34:20 - [MESSAGE][PASSED] - Delayed 2 second(s)

2019-06-25 14:34:20 - [TEST_STEP][PASSED] - navigateToUrl("https://diff-apollo.myshopify.com/collections/mens-shirts/products/striped-t-shirt?variant=20036806639716"): Navigate to 'https://diff-apollo.myshopify.com/collections/mens-shirts/products/striped-t-shirt?variant=20036806639716' successfully

2019-06-25 14:34:22 - [MESSAGE][PASSED] - Navigate to 'https://diff-apollo.myshopify.com/collections/mens-shirts/products/striped-t-shirt?variant=20036806639716' successfully

2019-06-25 14:34:22 - [TEST_STEP][PASSED] - delay(2): Delayed 2 second(s)

2019-06-25 14:34:24 - [MESSAGE][PASSED] - Delayed 2 second(s)

2019-06-25 14:34:24 - [TEST_STEP][PASSED] - click(findTestObject("APOLLO- Desktop/Product page/Buy with google pay")): Object: 'Object Repository/APOLLO- Desktop/Product page/Buy with google pay' is clicked on

2019-06-25 14:34:38 - [MESSAGE][PASSED] - Object: 'Object Repository/APOLLO- Desktop/Product page/Buy with google pay' is clicked on

2019-06-25 14:34:38 - [TEST_STEP][PASSED] - delay(2): Delayed 2 second(s)

2019-06-25 14:34:41 - [MESSAGE][PASSED] - Delayed 2 second(s)]]></system-out>
         <system-err><![CDATA[]]></system-err>
      </testcase>
      <testcase name="Test Cases/PRODUCT PAGE/Product chevron dropdowns" classname="Test Cases/PRODUCT PAGE/Product chevron dropdowns" status="PASSED">
         <system-out><![CDATA[2019-06-25 14:34:41 - [TEST_CASE][PASSED] - Test Cases/PRODUCT PAGE/Product chevron dropdowns: Test Cases/PRODUCT PAGE/Product chevron dropdowns

2019-06-25 14:34:41 - [TEST_STEP][PASSED] - callTestCase(findTestCase("CALL - URL"), [:], STOP_ON_FAILURE): Call Test Case 'Test Cases/CALL - URL' successfully

2019-06-25 14:34:41 - [TEST_CASE][PASSED] - Test Cases/CALL - URL: Test Cases/CALL - URL

2019-06-25 14:34:41 - [TEST_STEP][PASSED] - openBrowser(""): Browser is opened with url: ''

2019-06-25 14:34:41 - [MESSAGE][WARNING] - A browser is already opened. Closing browser and opening a new one

2019-06-25 14:34:41 - [MESSAGE][INFO] - Starting 'Safari' driver

2019-06-25 14:34:42 - [MESSAGE][PASSED] - Browser is opened with url: ''

2019-06-25 14:34:42 - [TEST_STEP][PASSED] - navigateToUrl("https://diff-apollo.myshopify.com/?key=eec34184cfd8f82cda816f82753a8c8e9e240f30cf54470e19667b8cbb401948&preview_theme_id="): Navigate to 'https://diff-apollo.myshopify.com/?key=eec34184cfd8f82cda816f82753a8c8e9e240f30cf54470e19667b8cbb401948&preview_theme_id=' successfully

2019-06-25 14:34:43 - [MESSAGE][PASSED] - Navigate to 'https://diff-apollo.myshopify.com/?key=eec34184cfd8f82cda816f82753a8c8e9e240f30cf54470e19667b8cbb401948&preview_theme_id=' successfully

2019-06-25 14:34:43 - [TEST_STEP][NOT_RUN] - executeJavaScript("var previewBar = document.getElementById("preview-bar-iframe"); previewBar.style.display = "none";", []): NOT_RUN: executeJavaScript("var previewBar = document.getElementById("preview-bar-iframe"); previewBar.style.display = "none";", [])

2019-06-25 14:34:43 - [MESSAGE][NOT_RUN] - NOT_RUN: executeJavaScript("var previewBar = document.getElementById("preview-bar-iframe"); previewBar.style.display = "none";", [])

2019-06-25 14:34:43 - [TEST_STEP][PASSED] - maximizeWindow(): Current window maximized

2019-06-25 14:34:43 - [MESSAGE][PASSED] - Current window maximized

2019-06-25 14:34:43 - [MESSAGE][PASSED] - Call Test Case 'Test Cases/CALL - URL' successfully

2019-06-25 14:34:43 - [TEST_STEP][PASSED] - delay(2): Delayed 2 second(s)

2019-06-25 14:34:45 - [MESSAGE][PASSED] - Delayed 2 second(s)

2019-06-25 14:34:45 - [TEST_STEP][PASSED] - click(findTestObject("APOLLO- Desktop/Burger Menu/Burgermenu")): Object: 'Object Repository/APOLLO- Desktop/Burger Menu/Burgermenu' is clicked on

2019-06-25 14:34:45 - [MESSAGE][PASSED] - Object: 'Object Repository/APOLLO- Desktop/Burger Menu/Burgermenu' is clicked on

2019-06-25 14:34:45 - [TEST_STEP][PASSED] - delay(2): Delayed 2 second(s)

2019-06-25 14:34:47 - [MESSAGE][PASSED] - Delayed 2 second(s)

2019-06-25 14:34:47 - [TEST_STEP][PASSED] - click(findTestObject("APOLLO- Desktop/Burger Menu/Mens chevron")): Object: 'Object Repository/APOLLO- Desktop/Burger Menu/Mens chevron' is clicked on

2019-06-25 14:34:47 - [MESSAGE][PASSED] - Object: 'Object Repository/APOLLO- Desktop/Burger Menu/Mens chevron' is clicked on

2019-06-25 14:34:47 - [TEST_STEP][PASSED] - delay(2): Delayed 2 second(s)

2019-06-25 14:34:49 - [MESSAGE][PASSED] - Delayed 2 second(s)

2019-06-25 14:34:49 - [TEST_STEP][PASSED] - click(findTestObject("APOLLO- Desktop/Burger Menu/Mens - Top Chevron")): Object: 'Object Repository/APOLLO- Desktop/Burger Menu/Mens - Top Chevron' is clicked on

2019-06-25 14:34:49 - [MESSAGE][PASSED] - Object: 'Object Repository/APOLLO- Desktop/Burger Menu/Mens - Top Chevron' is clicked on

2019-06-25 14:34:49 - [TEST_STEP][PASSED] - delay(2): Delayed 2 second(s)

2019-06-25 14:34:51 - [MESSAGE][PASSED] - Delayed 2 second(s)

2019-06-25 14:34:51 - [TEST_STEP][PASSED] - click(findTestObject("APOLLO- Desktop/Burger Menu/Shirts link")): Object: 'Object Repository/APOLLO- Desktop/Burger Menu/Shirts link' is clicked on

2019-06-25 14:34:53 - [MESSAGE][PASSED] - Object: 'Object Repository/APOLLO- Desktop/Burger Menu/Shirts link' is clicked on

2019-06-25 14:34:53 - [TEST_STEP][NOT_RUN] - executeJavaScript("var previewBar = document.getElementById("preview-bar-iframe"); previewBar.style.display = "none";", []): NOT_RUN: executeJavaScript("var previewBar = document.getElementById("preview-bar-iframe"); previewBar.style.display = "none";", [])

2019-06-25 14:34:53 - [MESSAGE][NOT_RUN] - NOT_RUN: executeJavaScript("var previewBar = document.getElementById("preview-bar-iframe"); previewBar.style.display = "none";", [])

2019-06-25 14:34:53 - [TEST_STEP][PASSED] - delay(2): Delayed 2 second(s)

2019-06-25 14:34:55 - [MESSAGE][PASSED] - Delayed 2 second(s)

2019-06-25 14:34:55 - [TEST_STEP][PASSED] - click(findTestObject("APOLLO- Desktop/Collection page/Blue shirt product")): Object: 'Object Repository/APOLLO- Desktop/Collection page/Blue shirt product' is clicked on

2019-06-25 14:34:55 - [MESSAGE][PASSED] - Object: 'Object Repository/APOLLO- Desktop/Collection page/Blue shirt product' is clicked on

2019-06-25 14:34:55 - [TEST_STEP][PASSED] - delay(2): Delayed 2 second(s)

2019-06-25 14:34:57 - [MESSAGE][PASSED] - Delayed 2 second(s)

2019-06-25 14:34:57 - [TEST_STEP][NOT_RUN] - executeJavaScript("var previewBar = document.getElementById("preview-bar-iframe"); previewBar.style.display = "none";", []): NOT_RUN: executeJavaScript("var previewBar = document.getElementById("preview-bar-iframe"); previewBar.style.display = "none";", [])

2019-06-25 14:34:57 - [MESSAGE][NOT_RUN] - NOT_RUN: executeJavaScript("var previewBar = document.getElementById("preview-bar-iframe"); previewBar.style.display = "none";", [])

2019-06-25 14:34:57 - [TEST_STEP][PASSED] - delay(2): Delayed 2 second(s)

2019-06-25 14:34:59 - [MESSAGE][PASSED] - Delayed 2 second(s)

2019-06-25 14:34:59 - [TEST_STEP][PASSED] - click(findTestObject("APOLLO- Desktop/Product page/Details chevron open")): Object: 'Object Repository/APOLLO- Desktop/Product page/Details chevron open' is clicked on

2019-06-25 14:34:59 - [MESSAGE][PASSED] - Object: 'Object Repository/APOLLO- Desktop/Product page/Details chevron open' is clicked on

2019-06-25 14:34:59 - [TEST_STEP][PASSED] - delay(2): Delayed 2 second(s)

2019-06-25 14:35:01 - [MESSAGE][PASSED] - Delayed 2 second(s)

2019-06-25 14:35:01 - [TEST_STEP][PASSED] - click(findTestObject("APOLLO- Desktop/Product page/Details chevron close")): Object: 'Object Repository/APOLLO- Desktop/Product page/Details chevron close' is clicked on

2019-06-25 14:35:02 - [MESSAGE][PASSED] - Object: 'Object Repository/APOLLO- Desktop/Product page/Details chevron close' is clicked on

2019-06-25 14:35:02 - [TEST_STEP][PASSED] - delay(2): Delayed 2 second(s)

2019-06-25 14:35:04 - [MESSAGE][PASSED] - Delayed 2 second(s)

2019-06-25 14:35:04 - [TEST_STEP][PASSED] - click(findTestObject("APOLLO- Desktop/Product page/Type chevron open")): Object: 'Object Repository/APOLLO- Desktop/Product page/Type chevron open' is clicked on

2019-06-25 14:35:04 - [MESSAGE][PASSED] - Object: 'Object Repository/APOLLO- Desktop/Product page/Type chevron open' is clicked on

2019-06-25 14:35:04 - [TEST_STEP][PASSED] - delay(2): Delayed 2 second(s)

2019-06-25 14:35:06 - [MESSAGE][PASSED] - Delayed 2 second(s)

2019-06-25 14:35:06 - [TEST_STEP][PASSED] - click(findTestObject("APOLLO- Desktop/Product page/Type chevron close")): Object: 'Object Repository/APOLLO- Desktop/Product page/Type chevron close' is clicked on

2019-06-25 14:35:06 - [MESSAGE][PASSED] - Object: 'Object Repository/APOLLO- Desktop/Product page/Type chevron close' is clicked on

2019-06-25 14:35:06 - [TEST_STEP][PASSED] - delay(2): Delayed 2 second(s)

2019-06-25 14:35:08 - [MESSAGE][PASSED] - Delayed 2 second(s)

2019-06-25 14:35:08 - [TEST_STEP][PASSED] - click(findTestObject("APOLLO- Desktop/Product page/Brand chevron open")): Object: 'Object Repository/APOLLO- Desktop/Product page/Brand chevron open' is clicked on

2019-06-25 14:35:08 - [MESSAGE][PASSED] - Object: 'Object Repository/APOLLO- Desktop/Product page/Brand chevron open' is clicked on

2019-06-25 14:35:08 - [TEST_STEP][PASSED] - delay(2): Delayed 2 second(s)

2019-06-25 14:35:10 - [MESSAGE][PASSED] - Delayed 2 second(s)

2019-06-25 14:35:10 - [TEST_STEP][PASSED] - click(findTestObject("APOLLO- Desktop/Product page/Brand chevron close")): Object: 'Object Repository/APOLLO- Desktop/Product page/Brand chevron close' is clicked on

2019-06-25 14:35:10 - [MESSAGE][PASSED] - Object: 'Object Repository/APOLLO- Desktop/Product page/Brand chevron close' is clicked on

2019-06-25 14:35:10 - [TEST_STEP][PASSED] - delay(2): Delayed 2 second(s)

2019-06-25 14:35:12 - [MESSAGE][PASSED] - Delayed 2 second(s)

2019-06-25 14:35:12 - [TEST_STEP][PASSED] - click(findTestObject("APOLLO- Desktop/Product page/Shipping chevron open")): Object: 'Object Repository/APOLLO- Desktop/Product page/Shipping chevron open' is clicked on

2019-06-25 14:35:12 - [MESSAGE][PASSED] - Object: 'Object Repository/APOLLO- Desktop/Product page/Shipping chevron open' is clicked on

2019-06-25 14:35:12 - [TEST_STEP][PASSED] - delay(2): Delayed 2 second(s)

2019-06-25 14:35:14 - [MESSAGE][PASSED] - Delayed 2 second(s)

2019-06-25 14:35:14 - [TEST_STEP][PASSED] - click(findTestObject("APOLLO- Desktop/Product page/Shipping chevron close")): Object: 'Object Repository/APOLLO- Desktop/Product page/Shipping chevron close' is clicked on

2019-06-25 14:35:14 - [MESSAGE][PASSED] - Object: 'Object Repository/APOLLO- Desktop/Product page/Shipping chevron close' is clicked on

2019-06-25 14:35:14 - [TEST_STEP][PASSED] - delay(2): Delayed 2 second(s)

2019-06-25 14:35:16 - [MESSAGE][PASSED] - Delayed 2 second(s)

2019-06-25 14:35:16 - [TEST_STEP][PASSED] - click(findTestObject("APOLLO- Desktop/Product page/reviews chevron open")): Object: 'Object Repository/APOLLO- Desktop/Product page/reviews chevron open' is clicked on

2019-06-25 14:35:16 - [MESSAGE][PASSED] - Object: 'Object Repository/APOLLO- Desktop/Product page/reviews chevron open' is clicked on

2019-06-25 14:35:16 - [TEST_STEP][PASSED] - delay(2): Delayed 2 second(s)

2019-06-25 14:35:18 - [MESSAGE][PASSED] - Delayed 2 second(s)

2019-06-25 14:35:18 - [TEST_STEP][PASSED] - click(findTestObject("APOLLO- Desktop/Product page/reviews chevron close")): Object: 'Object Repository/APOLLO- Desktop/Product page/reviews chevron close' is clicked on

2019-06-25 14:35:18 - [MESSAGE][PASSED] - Object: 'Object Repository/APOLLO- Desktop/Product page/reviews chevron close' is clicked on

2019-06-25 14:35:18 - [TEST_STEP][PASSED] - delay(2): Delayed 2 second(s)

2019-06-25 14:35:20 - [MESSAGE][PASSED] - Delayed 2 second(s)

2019-06-25 14:35:20 - [TEST_STEP][PASSED] - click(findTestObject("APOLLO- Desktop/Product page/reviews chevron open")): Object: 'Object Repository/APOLLO- Desktop/Product page/reviews chevron open' is clicked on

2019-06-25 14:35:20 - [MESSAGE][PASSED] - Object: 'Object Repository/APOLLO- Desktop/Product page/reviews chevron open' is clicked on

2019-06-25 14:35:20 - [TEST_STEP][PASSED] - delay(2): Delayed 2 second(s)

2019-06-25 14:35:22 - [MESSAGE][PASSED] - Delayed 2 second(s)

2019-06-25 14:35:22 - [TEST_STEP][PASSED] - click(findTestObject("APOLLO- Desktop/Product page/a_Write a review")): Object: 'Object Repository/APOLLO- Desktop/Product page/a_Write a review' is clicked on

2019-06-25 14:35:23 - [MESSAGE][PASSED] - Object: 'Object Repository/APOLLO- Desktop/Product page/a_Write a review' is clicked on

2019-06-25 14:35:23 - [TEST_STEP][PASSED] - delay(2): Delayed 2 second(s)

2019-06-25 14:35:25 - [MESSAGE][PASSED] - Delayed 2 second(s)

2019-06-25 14:35:25 - [TEST_STEP][PASSED] - setText(findTestObject("APOLLO- Desktop/Product page/input_Name_reviewauthor"), "suman"): Text 'suman' is set on object 'Object Repository/APOLLO- Desktop/Product page/input_Name_reviewauthor'

2019-06-25 14:35:25 - [MESSAGE][PASSED] - Text 'suman' is set on object 'Object Repository/APOLLO- Desktop/Product page/input_Name_reviewauthor'

2019-06-25 14:35:25 - [TEST_STEP][PASSED] - delay(2): Delayed 2 second(s)

2019-06-25 14:35:27 - [MESSAGE][PASSED] - Delayed 2 second(s)

2019-06-25 14:35:27 - [TEST_STEP][PASSED] - setText(findTestObject("APOLLO- Desktop/Product page/input_Email_reviewemail"), "`suman@gmail.com", STOP_ON_FAILURE): Text '`suman@gmail.com' is set on object 'Object Repository/APOLLO- Desktop/Product page/input_Email_reviewemail'

2019-06-25 14:35:27 - [MESSAGE][PASSED] - Text '`suman@gmail.com' is set on object 'Object Repository/APOLLO- Desktop/Product page/input_Email_reviewemail'

2019-06-25 14:35:27 - [TEST_STEP][PASSED] - delay(2): Delayed 2 second(s)

2019-06-25 14:35:29 - [MESSAGE][PASSED] - Delayed 2 second(s)

2019-06-25 14:35:29 - [TEST_STEP][PASSED] - click(findTestObject("APOLLO- Desktop/Product page/Stars review")): Object: 'Object Repository/APOLLO- Desktop/Product page/Stars review' is clicked on

2019-06-25 14:35:29 - [MESSAGE][PASSED] - Object: 'Object Repository/APOLLO- Desktop/Product page/Stars review' is clicked on

2019-06-25 14:35:29 - [TEST_STEP][PASSED] - delay(2): Delayed 2 second(s)

2019-06-25 14:35:31 - [MESSAGE][PASSED] - Delayed 2 second(s)

2019-06-25 14:35:31 - [TEST_STEP][PASSED] - setText(findTestObject("APOLLO- Desktop/Product page/input_Review Title_reviewtitle"), "Nice product"): Text 'Nice product' is set on object 'Object Repository/APOLLO- Desktop/Product page/input_Review Title_reviewtitle'

2019-06-25 14:35:31 - [MESSAGE][PASSED] - Text 'Nice product' is set on object 'Object Repository/APOLLO- Desktop/Product page/input_Review Title_reviewtitle'

2019-06-25 14:35:31 - [TEST_STEP][PASSED] - delay(2): Delayed 2 second(s)

2019-06-25 14:35:33 - [MESSAGE][PASSED] - Delayed 2 second(s)

2019-06-25 14:35:33 - [TEST_STEP][PASSED] - setText(findTestObject("APOLLO- Desktop/Product page/textarea_characters remaining_"), "Good product"): Text 'Good product' is set on object 'Object Repository/APOLLO- Desktop/Product page/textarea_characters remaining_'

2019-06-25 14:35:34 - [MESSAGE][PASSED] - Text 'Good product' is set on object 'Object Repository/APOLLO- Desktop/Product page/textarea_characters remaining_'

2019-06-25 14:35:34 - [TEST_STEP][PASSED] - delay(2): Delayed 2 second(s)

2019-06-25 14:35:36 - [MESSAGE][PASSED] - Delayed 2 second(s)

2019-06-25 14:35:36 - [TEST_STEP][PASSED] - click(findTestObject("APOLLO- Desktop/Product page/Submit review")): Object: 'Object Repository/APOLLO- Desktop/Product page/Submit review' is clicked on

2019-06-25 14:35:36 - [MESSAGE][PASSED] - Object: 'Object Repository/APOLLO- Desktop/Product page/Submit review' is clicked on

2019-06-25 14:35:36 - [TEST_STEP][PASSED] - delay(2): Delayed 2 second(s)

2019-06-25 14:35:38 - [MESSAGE][PASSED] - Delayed 2 second(s)

2019-06-25 14:35:38 - [TEST_STEP][PASSED] - click(findTestObject("APOLLO- Desktop/Product page/number-2"), CONTINUE_ON_FAILURE): Object: 'Object Repository/APOLLO- Desktop/Product page/number-2' is clicked on

2019-06-25 14:35:38 - [MESSAGE][PASSED] - Object: 'Object Repository/APOLLO- Desktop/Product page/number-2' is clicked on

2019-06-25 14:35:38 - [TEST_STEP][PASSED] - delay(2, CONTINUE_ON_FAILURE): Delayed 2 second(s)

2019-06-25 14:35:40 - [MESSAGE][PASSED] - Delayed 2 second(s)

2019-06-25 14:35:40 - [TEST_STEP][PASSED] - click(findTestObject("APOLLO- Desktop/Product page/a_Next"), CONTINUE_ON_FAILURE): Object: 'Object Repository/APOLLO- Desktop/Product page/a_Next' is clicked on

2019-06-25 14:35:40 - [MESSAGE][PASSED] - Object: 'Object Repository/APOLLO- Desktop/Product page/a_Next' is clicked on

2019-06-25 14:35:40 - [TEST_STEP][PASSED] - delay(2, CONTINUE_ON_FAILURE): Delayed 2 second(s)

2019-06-25 14:35:42 - [MESSAGE][PASSED] - Delayed 2 second(s)

2019-06-25 14:35:42 - [TEST_STEP][PASSED] - click(findTestObject("APOLLO- Desktop/Product page/a_ Previous"), CONTINUE_ON_FAILURE): Object: 'Object Repository/APOLLO- Desktop/Product page/a_ Previous' is clicked on

2019-06-25 14:35:42 - [MESSAGE][PASSED] - Object: 'Object Repository/APOLLO- Desktop/Product page/a_ Previous' is clicked on]]></system-out>
         <system-err><![CDATA[]]></system-err>
      </testcase>
      <testcase name="Test Cases/PRODUCT PAGE/You might also like" classname="Test Cases/PRODUCT PAGE/You might also like" status="PASSED">
         <system-out><![CDATA[2019-06-25 14:35:42 - [TEST_CASE][PASSED] - Test Cases/PRODUCT PAGE/You might also like: Test Cases/PRODUCT PAGE/You might also like

2019-06-25 14:35:42 - [TEST_STEP][PASSED] - callTestCase(findTestCase("CALL - URL"), [:], STOP_ON_FAILURE): Call Test Case 'Test Cases/CALL - URL' successfully

2019-06-25 14:35:42 - [TEST_CASE][PASSED] - Test Cases/CALL - URL: Test Cases/CALL - URL

2019-06-25 14:35:42 - [TEST_STEP][PASSED] - openBrowser(""): Browser is opened with url: ''

2019-06-25 14:35:42 - [MESSAGE][WARNING] - A browser is already opened. Closing browser and opening a new one

2019-06-25 14:35:43 - [MESSAGE][INFO] - Starting 'Safari' driver

2019-06-25 14:35:47 - [MESSAGE][PASSED] - Browser is opened with url: ''

2019-06-25 14:35:47 - [TEST_STEP][PASSED] - navigateToUrl("https://diff-apollo.myshopify.com/?key=eec34184cfd8f82cda816f82753a8c8e9e240f30cf54470e19667b8cbb401948&preview_theme_id="): Navigate to 'https://diff-apollo.myshopify.com/?key=eec34184cfd8f82cda816f82753a8c8e9e240f30cf54470e19667b8cbb401948&preview_theme_id=' successfully

2019-06-25 14:35:48 - [MESSAGE][PASSED] - Navigate to 'https://diff-apollo.myshopify.com/?key=eec34184cfd8f82cda816f82753a8c8e9e240f30cf54470e19667b8cbb401948&preview_theme_id=' successfully

2019-06-25 14:35:48 - [TEST_STEP][NOT_RUN] - executeJavaScript("var previewBar = document.getElementById("preview-bar-iframe"); previewBar.style.display = "none";", []): NOT_RUN: executeJavaScript("var previewBar = document.getElementById("preview-bar-iframe"); previewBar.style.display = "none";", [])

2019-06-25 14:35:48 - [MESSAGE][NOT_RUN] - NOT_RUN: executeJavaScript("var previewBar = document.getElementById("preview-bar-iframe"); previewBar.style.display = "none";", [])

2019-06-25 14:35:48 - [TEST_STEP][PASSED] - maximizeWindow(): Current window maximized

2019-06-25 14:35:48 - [MESSAGE][PASSED] - Current window maximized

2019-06-25 14:35:48 - [MESSAGE][PASSED] - Call Test Case 'Test Cases/CALL - URL' successfully

2019-06-25 14:35:48 - [TEST_STEP][PASSED] - delay(2): Delayed 2 second(s)

2019-06-25 14:35:50 - [MESSAGE][PASSED] - Delayed 2 second(s)

2019-06-25 14:35:50 - [TEST_STEP][PASSED] - click(findTestObject("APOLLO- Desktop/Burger Menu/Burgermenu")): Object: 'Object Repository/APOLLO- Desktop/Burger Menu/Burgermenu' is clicked on

2019-06-25 14:35:50 - [MESSAGE][PASSED] - Object: 'Object Repository/APOLLO- Desktop/Burger Menu/Burgermenu' is clicked on

2019-06-25 14:35:50 - [TEST_STEP][PASSED] - delay(2): Delayed 2 second(s)

2019-06-25 14:35:52 - [MESSAGE][PASSED] - Delayed 2 second(s)

2019-06-25 14:35:52 - [TEST_STEP][PASSED] - click(findTestObject("APOLLO- Desktop/Burger Menu/Mens chevron")): Object: 'Object Repository/APOLLO- Desktop/Burger Menu/Mens chevron' is clicked on

2019-06-25 14:35:52 - [MESSAGE][PASSED] - Object: 'Object Repository/APOLLO- Desktop/Burger Menu/Mens chevron' is clicked on

2019-06-25 14:35:52 - [TEST_STEP][PASSED] - delay(2): Delayed 2 second(s)

2019-06-25 14:35:54 - [MESSAGE][PASSED] - Delayed 2 second(s)

2019-06-25 14:35:54 - [TEST_STEP][PASSED] - click(findTestObject("APOLLO- Desktop/Burger Menu/Mens - Top Chevron")): Object: 'Object Repository/APOLLO- Desktop/Burger Menu/Mens - Top Chevron' is clicked on

2019-06-25 14:35:54 - [MESSAGE][PASSED] - Object: 'Object Repository/APOLLO- Desktop/Burger Menu/Mens - Top Chevron' is clicked on

2019-06-25 14:35:54 - [TEST_STEP][PASSED] - delay(2): Delayed 2 second(s)

2019-06-25 14:35:56 - [MESSAGE][PASSED] - Delayed 2 second(s)

2019-06-25 14:35:56 - [TEST_STEP][PASSED] - click(findTestObject("APOLLO- Desktop/Burger Menu/Shirts link")): Object: 'Object Repository/APOLLO- Desktop/Burger Menu/Shirts link' is clicked on

2019-06-25 14:35:58 - [MESSAGE][PASSED] - Object: 'Object Repository/APOLLO- Desktop/Burger Menu/Shirts link' is clicked on

2019-06-25 14:35:58 - [TEST_STEP][NOT_RUN] - executeJavaScript("var previewBar = document.getElementById("preview-bar-iframe"); previewBar.style.display = "none";", []): NOT_RUN: executeJavaScript("var previewBar = document.getElementById("preview-bar-iframe"); previewBar.style.display = "none";", [])

2019-06-25 14:35:58 - [MESSAGE][NOT_RUN] - NOT_RUN: executeJavaScript("var previewBar = document.getElementById("preview-bar-iframe"); previewBar.style.display = "none";", [])

2019-06-25 14:35:58 - [TEST_STEP][PASSED] - delay(2): Delayed 2 second(s)

2019-06-25 14:36:00 - [MESSAGE][PASSED] - Delayed 2 second(s)

2019-06-25 14:36:00 - [TEST_STEP][PASSED] - click(findTestObject("APOLLO- Desktop/Collection page/Blue shirt product")): Object: 'Object Repository/APOLLO- Desktop/Collection page/Blue shirt product' is clicked on

2019-06-25 14:36:00 - [MESSAGE][PASSED] - Object: 'Object Repository/APOLLO- Desktop/Collection page/Blue shirt product' is clicked on

2019-06-25 14:36:00 - [TEST_STEP][PASSED] - delay(2): Delayed 2 second(s)

2019-06-25 14:36:02 - [MESSAGE][PASSED] - Delayed 2 second(s)

2019-06-25 14:36:02 - [TEST_STEP][NOT_RUN] - executeJavaScript("var previewBar = document.getElementById("preview-bar-iframe"); previewBar.style.display = "none";", []): NOT_RUN: executeJavaScript("var previewBar = document.getElementById("preview-bar-iframe"); previewBar.style.display = "none";", [])

2019-06-25 14:36:02 - [MESSAGE][NOT_RUN] - NOT_RUN: executeJavaScript("var previewBar = document.getElementById("preview-bar-iframe"); previewBar.style.display = "none";", [])

2019-06-25 14:36:02 - [TEST_STEP][PASSED] - delay(2): Delayed 2 second(s)

2019-06-25 14:36:04 - [MESSAGE][PASSED] - Delayed 2 second(s)

2019-06-25 14:36:04 - [TEST_STEP][PASSED] - click(findTestObject("APOLLO- Desktop/Product page/You might alos like/you might also like")): Object: 'Object Repository/APOLLO- Desktop/Product page/You might alos like/you might also like' is clicked on

2019-06-25 14:36:04 - [MESSAGE][PASSED] - Object: 'Object Repository/APOLLO- Desktop/Product page/You might alos like/you might also like' is clicked on

2019-06-25 14:36:04 - [TEST_STEP][PASSED] - delay(2): Delayed 2 second(s)

2019-06-25 14:36:06 - [MESSAGE][PASSED] - Delayed 2 second(s)

2019-06-25 14:36:06 - [TEST_STEP][PASSED] - click(findTestObject("APOLLO- Desktop/Product page/You might alos like/Next button")): Object: 'Object Repository/APOLLO- Desktop/Product page/You might alos like/Next button' is clicked on

2019-06-25 14:36:06 - [MESSAGE][PASSED] - Object: 'Object Repository/APOLLO- Desktop/Product page/You might alos like/Next button' is clicked on

2019-06-25 14:36:06 - [TEST_STEP][PASSED] - delay(2): Delayed 2 second(s)

2019-06-25 14:36:08 - [MESSAGE][PASSED] - Delayed 2 second(s)

2019-06-25 14:36:08 - [TEST_STEP][PASSED] - click(findTestObject("APOLLO- Desktop/Product page/You might alos like/Previous button")): Object: 'Object Repository/APOLLO- Desktop/Product page/You might alos like/Previous button' is clicked on

2019-06-25 14:36:08 - [MESSAGE][PASSED] - Object: 'Object Repository/APOLLO- Desktop/Product page/You might alos like/Previous button' is clicked on

2019-06-25 14:36:08 - [TEST_STEP][PASSED] - delay(2): Delayed 2 second(s)

2019-06-25 14:36:10 - [MESSAGE][PASSED] - Delayed 2 second(s)

2019-06-25 14:36:10 - [TEST_STEP][PASSED] - click(findTestObject("APOLLO- Desktop/Product page/You might alos like/Product tile")): Object: 'Object Repository/APOLLO- Desktop/Product page/You might alos like/Product tile' is clicked on

2019-06-25 14:36:10 - [MESSAGE][PASSED] - Object: 'Object Repository/APOLLO- Desktop/Product page/You might alos like/Product tile' is clicked on

2019-06-25 14:36:10 - [TEST_STEP][PASSED] - delay(2): Delayed 2 second(s)

2019-06-25 14:36:12 - [MESSAGE][PASSED] - Delayed 2 second(s)

2019-06-25 14:36:12 - [TEST_STEP][PASSED] - click(findTestObject("APOLLO- Desktop/Product page/Add to bag")): Object: 'Object Repository/APOLLO- Desktop/Product page/Add to bag' is clicked on

2019-06-25 14:36:14 - [MESSAGE][PASSED] - Object: 'Object Repository/APOLLO- Desktop/Product page/Add to bag' is clicked on

2019-06-25 14:36:14 - [TEST_STEP][PASSED] - delay(2): Delayed 2 second(s)

2019-06-25 14:36:16 - [MESSAGE][PASSED] - Delayed 2 second(s)

2019-06-25 14:36:16 - [TEST_STEP][NOT_RUN] - executeJavaScript("var previewBar = document.getElementById("preview-bar-iframe"); previewBar.style.display = "none";", []): NOT_RUN: executeJavaScript("var previewBar = document.getElementById("preview-bar-iframe"); previewBar.style.display = "none";", [])

2019-06-25 14:36:16 - [MESSAGE][NOT_RUN] - NOT_RUN: executeJavaScript("var previewBar = document.getElementById("preview-bar-iframe"); previewBar.style.display = "none";", [])

2019-06-25 14:36:16 - [TEST_STEP][PASSED] - click(findTestObject("APOLLO- Desktop/Cart flyout/Checkout")): Object: 'Object Repository/APOLLO- Desktop/Cart flyout/Checkout' is clicked on

2019-06-25 14:36:18 - [MESSAGE][PASSED] - Object: 'Object Repository/APOLLO- Desktop/Cart flyout/Checkout' is clicked on

2019-06-25 14:36:18 - [TEST_STEP][PASSED] - callTestCase(findTestCase("CALL- CUSTOMER INFO PAGE"), [:], STOP_ON_FAILURE): Call Test Case 'Test Cases/CALL- CUSTOMER INFO PAGE' successfully

2019-06-25 14:36:19 - [TEST_CASE][PASSED] - Test Cases/CALL- CUSTOMER INFO PAGE: Test Cases/CALL- CUSTOMER INFO PAGE

2019-06-25 14:36:19 - [TEST_STEP][PASSED] - delay(2): Delayed 2 second(s)

2019-06-25 14:36:21 - [MESSAGE][PASSED] - Delayed 2 second(s)

2019-06-25 14:36:21 - [TEST_STEP][NOT_RUN] - executeJavaScript("var previewBar = document.getElementById("preview-bar-iframe"); previewBar.style.display = "none";", []): NOT_RUN: executeJavaScript("var previewBar = document.getElementById("preview-bar-iframe"); previewBar.style.display = "none";", [])

2019-06-25 14:36:21 - [MESSAGE][NOT_RUN] - NOT_RUN: executeJavaScript("var previewBar = document.getElementById("preview-bar-iframe"); previewBar.style.display = "none";", [])

2019-06-25 14:36:21 - [TEST_STEP][PASSED] - setText(findTestObject("APOLLO- Desktop/Customer Information page/Email"), "suman@gmail.com"): Text 'suman@gmail.com' is set on object 'Object Repository/APOLLO- Desktop/Customer Information page/Email'

2019-06-25 14:36:21 - [MESSAGE][PASSED] - Text 'suman@gmail.com' is set on object 'Object Repository/APOLLO- Desktop/Customer Information page/Email'

2019-06-25 14:36:21 - [TEST_STEP][PASSED] - delay(2): Delayed 2 second(s)

2019-06-25 14:36:23 - [MESSAGE][PASSED] - Delayed 2 second(s)

2019-06-25 14:36:23 - [TEST_STEP][PASSED] - setText(findTestObject("APOLLO- Desktop/Customer Information page/First name"), "suman"): Text 'suman' is set on object 'Object Repository/APOLLO- Desktop/Customer Information page/First name'

2019-06-25 14:36:23 - [MESSAGE][PASSED] - Text 'suman' is set on object 'Object Repository/APOLLO- Desktop/Customer Information page/First name'

2019-06-25 14:36:23 - [TEST_STEP][PASSED] - delay(2): Delayed 2 second(s)

2019-06-25 14:36:25 - [MESSAGE][PASSED] - Delayed 2 second(s)

2019-06-25 14:36:25 - [TEST_STEP][PASSED] - setText(findTestObject("APOLLO- Desktop/Customer Information page/Last name"), "kompelly"): Text 'kompelly' is set on object 'Object Repository/APOLLO- Desktop/Customer Information page/Last name'

2019-06-25 14:36:25 - [MESSAGE][PASSED] - Text 'kompelly' is set on object 'Object Repository/APOLLO- Desktop/Customer Information page/Last name'

2019-06-25 14:36:25 - [TEST_STEP][PASSED] - delay(2): Delayed 2 second(s)

2019-06-25 14:36:27 - [MESSAGE][PASSED] - Delayed 2 second(s)

2019-06-25 14:36:27 - [TEST_STEP][PASSED] - setText(findTestObject("APOLLO- Desktop/Customer Information page/Address"), "1435 st alxendre"): Text '1435 st alxendre' is set on object 'Object Repository/APOLLO- Desktop/Customer Information page/Address'

2019-06-25 14:36:28 - [MESSAGE][PASSED] - Text '1435 st alxendre' is set on object 'Object Repository/APOLLO- Desktop/Customer Information page/Address'

2019-06-25 14:36:28 - [TEST_STEP][PASSED] - setText(findTestObject("APOLLO- Desktop/Customer Information page/Apartment"), "220"): Text '220' is set on object 'Object Repository/APOLLO- Desktop/Customer Information page/Apartment'

2019-06-25 14:36:28 - [MESSAGE][PASSED] - Text '220' is set on object 'Object Repository/APOLLO- Desktop/Customer Information page/Apartment'

2019-06-25 14:36:28 - [TEST_STEP][PASSED] - setText(findTestObject("APOLLO- Desktop/Customer Information page/City"), "montreal"): Text 'montreal' is set on object 'Object Repository/APOLLO- Desktop/Customer Information page/City'

2019-06-25 14:36:28 - [MESSAGE][PASSED] - Text 'montreal' is set on object 'Object Repository/APOLLO- Desktop/Customer Information page/City'

2019-06-25 14:36:28 - [TEST_STEP][PASSED] - selectOptionByValue(findTestObject("APOLLO- Desktop/Customer Information page/Country dropdown"), "United States", true): All options with value 'United States' are selected in object 'Object Repository/APOLLO- Desktop/Customer Information page/Country dropdown'  using regular expression

2019-06-25 14:36:38 - [MESSAGE][PASSED] - All options with value 'United States' are selected in object 'Object Repository/APOLLO- Desktop/Customer Information page/Country dropdown'  using regular expression

2019-06-25 14:36:38 - [TEST_STEP][PASSED] - selectOptionByValue(findTestObject("APOLLO- Desktop/Customer Information page/states dropdown"), "NJ", true): All options with value 'NJ' are selected in object 'Object Repository/APOLLO- Desktop/Customer Information page/states dropdown'  using regular expression

2019-06-25 14:36:40 - [MESSAGE][PASSED] - All options with value 'NJ' are selected in object 'Object Repository/APOLLO- Desktop/Customer Information page/states dropdown'  using regular expression

2019-06-25 14:36:40 - [TEST_STEP][PASSED] - setText(findTestObject("APOLLO- Desktop/Customer Information page/ZIP code"), "07057"): Text '07057' is set on object 'Object Repository/APOLLO- Desktop/Customer Information page/ZIP code'

2019-06-25 14:36:40 - [MESSAGE][PASSED] - Text '07057' is set on object 'Object Repository/APOLLO- Desktop/Customer Information page/ZIP code'

2019-06-25 14:36:40 - [MESSAGE][PASSED] - Call Test Case 'Test Cases/CALL- CUSTOMER INFO PAGE' successfully

2019-06-25 14:36:40 - [TEST_STEP][PASSED] - delay(2): Delayed 2 second(s)

2019-06-25 14:36:42 - [MESSAGE][PASSED] - Delayed 2 second(s)

2019-06-25 14:36:42 - [TEST_STEP][PASSED] - callTestCase(findTestCase("CALL - SHIPPING TO PAYMENT"), [:], STOP_ON_FAILURE): Call Test Case 'Test Cases/CALL - SHIPPING TO PAYMENT' successfully

2019-06-25 14:36:42 - [TEST_CASE][PASSED] - Test Cases/CALL - SHIPPING TO PAYMENT: Test Cases/CALL - SHIPPING TO PAYMENT

2019-06-25 14:36:42 - [TEST_STEP][PASSED] - click(findTestObject("APOLLO- Desktop/Customer Information page/Continue to shipping")): Object: 'Object Repository/APOLLO- Desktop/Customer Information page/Continue to shipping' is clicked on

2019-06-25 14:36:42 - [MESSAGE][PASSED] - Object: 'Object Repository/APOLLO- Desktop/Customer Information page/Continue to shipping' is clicked on

2019-06-25 14:36:42 - [TEST_STEP][NOT_RUN] - executeJavaScript("var previewBar = document.getElementById("preview-bar-iframe"); previewBar.style.display = "none";", []): NOT_RUN: executeJavaScript("var previewBar = document.getElementById("preview-bar-iframe"); previewBar.style.display = "none";", [])

2019-06-25 14:36:42 - [MESSAGE][NOT_RUN] - NOT_RUN: executeJavaScript("var previewBar = document.getElementById("preview-bar-iframe"); previewBar.style.display = "none";", [])

2019-06-25 14:36:42 - [TEST_STEP][PASSED] - click(findTestObject("APOLLO- Desktop/Shipping page/Radio button check")): Object: 'Object Repository/APOLLO- Desktop/Shipping page/Radio button check' is clicked on

2019-06-25 14:36:48 - [MESSAGE][PASSED] - Object: 'Object Repository/APOLLO- Desktop/Shipping page/Radio button check' is clicked on

2019-06-25 14:36:48 - [TEST_STEP][NOT_RUN] - executeJavaScript("var previewBar = document.getElementById("preview-bar-iframe"); previewBar.style.display = "none";", []): NOT_RUN: executeJavaScript("var previewBar = document.getElementById("preview-bar-iframe"); previewBar.style.display = "none";", [])

2019-06-25 14:36:48 - [MESSAGE][NOT_RUN] - NOT_RUN: executeJavaScript("var previewBar = document.getElementById("preview-bar-iframe"); previewBar.style.display = "none";", [])

2019-06-25 14:36:48 - [TEST_STEP][PASSED] - click(findTestObject("APOLLO- Desktop/Shipping page/Continue to payment")): Object: 'Object Repository/APOLLO- Desktop/Shipping page/Continue to payment' is clicked on

2019-06-25 14:36:50 - [MESSAGE][PASSED] - Object: 'Object Repository/APOLLO- Desktop/Shipping page/Continue to payment' is clicked on

2019-06-25 14:36:50 - [TEST_STEP][NOT_RUN] - executeJavaScript("var previewBar = document.getElementById("preview-bar-iframe"); previewBar.style.display = "none";", []): NOT_RUN: executeJavaScript("var previewBar = document.getElementById("preview-bar-iframe"); previewBar.style.display = "none";", [])

2019-06-25 14:36:50 - [MESSAGE][NOT_RUN] - NOT_RUN: executeJavaScript("var previewBar = document.getElementById("preview-bar-iframe"); previewBar.style.display = "none";", [])

2019-06-25 14:36:50 - [TEST_STEP][PASSED] - click(findTestObject("APOLLO- Desktop/payment page/Payment section")): Object: 'Object Repository/APOLLO- Desktop/payment page/Payment section' is clicked on

2019-06-25 14:36:51 - [MESSAGE][PASSED] - Object: 'Object Repository/APOLLO- Desktop/payment page/Payment section' is clicked on

2019-06-25 14:36:51 - [MESSAGE][PASSED] - Call Test Case 'Test Cases/CALL - SHIPPING TO PAYMENT' successfully]]></system-out>
         <system-err><![CDATA[]]></system-err>
      </testcase>
      <testcase name="Test Cases/PRODUCT PAGE/Shop all products CTA" classname="Test Cases/PRODUCT PAGE/Shop all products CTA" status="PASSED">
         <system-out><![CDATA[2019-06-25 14:36:51 - [TEST_CASE][PASSED] - Test Cases/PRODUCT PAGE/Shop all products CTA: Test Cases/PRODUCT PAGE/Shop all products CTA

2019-06-25 14:36:51 - [TEST_STEP][PASSED] - callTestCase(findTestCase("CALL - URL"), [:], STOP_ON_FAILURE): Call Test Case 'Test Cases/CALL - URL' successfully

2019-06-25 14:36:51 - [TEST_CASE][PASSED] - Test Cases/CALL - URL: Test Cases/CALL - URL

2019-06-25 14:36:51 - [TEST_STEP][PASSED] - openBrowser(""): Browser is opened with url: ''

2019-06-25 14:36:51 - [MESSAGE][WARNING] - A browser is already opened. Closing browser and opening a new one

2019-06-25 14:36:51 - [MESSAGE][INFO] - Starting 'Safari' driver

2019-06-25 14:36:52 - [MESSAGE][PASSED] - Browser is opened with url: ''

2019-06-25 14:36:52 - [TEST_STEP][PASSED] - navigateToUrl("https://diff-apollo.myshopify.com/?key=eec34184cfd8f82cda816f82753a8c8e9e240f30cf54470e19667b8cbb401948&preview_theme_id="): Navigate to 'https://diff-apollo.myshopify.com/?key=eec34184cfd8f82cda816f82753a8c8e9e240f30cf54470e19667b8cbb401948&preview_theme_id=' successfully

2019-06-25 14:36:54 - [MESSAGE][PASSED] - Navigate to 'https://diff-apollo.myshopify.com/?key=eec34184cfd8f82cda816f82753a8c8e9e240f30cf54470e19667b8cbb401948&preview_theme_id=' successfully

2019-06-25 14:36:54 - [TEST_STEP][NOT_RUN] - executeJavaScript("var previewBar = document.getElementById("preview-bar-iframe"); previewBar.style.display = "none";", []): NOT_RUN: executeJavaScript("var previewBar = document.getElementById("preview-bar-iframe"); previewBar.style.display = "none";", [])

2019-06-25 14:36:54 - [MESSAGE][NOT_RUN] - NOT_RUN: executeJavaScript("var previewBar = document.getElementById("preview-bar-iframe"); previewBar.style.display = "none";", [])

2019-06-25 14:36:54 - [TEST_STEP][PASSED] - maximizeWindow(): Current window maximized

2019-06-25 14:36:54 - [MESSAGE][PASSED] - Current window maximized

2019-06-25 14:36:54 - [MESSAGE][PASSED] - Call Test Case 'Test Cases/CALL - URL' successfully

2019-06-25 14:36:54 - [TEST_STEP][PASSED] - delay(2): Delayed 2 second(s)

2019-06-25 14:36:56 - [MESSAGE][PASSED] - Delayed 2 second(s)

2019-06-25 14:36:56 - [TEST_STEP][PASSED] - click(findTestObject("APOLLO- Desktop/Burger Menu/Burgermenu")): Object: 'Object Repository/APOLLO- Desktop/Burger Menu/Burgermenu' is clicked on

2019-06-25 14:36:56 - [MESSAGE][PASSED] - Object: 'Object Repository/APOLLO- Desktop/Burger Menu/Burgermenu' is clicked on

2019-06-25 14:36:56 - [TEST_STEP][PASSED] - delay(2): Delayed 2 second(s)

2019-06-25 14:36:58 - [MESSAGE][PASSED] - Delayed 2 second(s)

2019-06-25 14:36:58 - [TEST_STEP][PASSED] - click(findTestObject("APOLLO- Desktop/Burger Menu/Mens chevron")): Object: 'Object Repository/APOLLO- Desktop/Burger Menu/Mens chevron' is clicked on

2019-06-25 14:37:02 - [MESSAGE][PASSED] - Object: 'Object Repository/APOLLO- Desktop/Burger Menu/Mens chevron' is clicked on

2019-06-25 14:37:02 - [TEST_STEP][PASSED] - delay(2): Delayed 2 second(s)

2019-06-25 14:37:04 - [MESSAGE][PASSED] - Delayed 2 second(s)

2019-06-25 14:37:04 - [TEST_STEP][PASSED] - click(findTestObject("APOLLO- Desktop/Burger Menu/Mens - Top Chevron")): Object: 'Object Repository/APOLLO- Desktop/Burger Menu/Mens - Top Chevron' is clicked on

2019-06-25 14:37:04 - [MESSAGE][PASSED] - Object: 'Object Repository/APOLLO- Desktop/Burger Menu/Mens - Top Chevron' is clicked on

2019-06-25 14:37:04 - [TEST_STEP][PASSED] - delay(2): Delayed 2 second(s)

2019-06-25 14:37:06 - [MESSAGE][PASSED] - Delayed 2 second(s)

2019-06-25 14:37:06 - [TEST_STEP][PASSED] - click(findTestObject("APOLLO- Desktop/Burger Menu/Shirts link")): Object: 'Object Repository/APOLLO- Desktop/Burger Menu/Shirts link' is clicked on

2019-06-25 14:37:08 - [MESSAGE][PASSED] - Object: 'Object Repository/APOLLO- Desktop/Burger Menu/Shirts link' is clicked on

2019-06-25 14:37:08 - [TEST_STEP][NOT_RUN] - executeJavaScript("var previewBar = document.getElementById("preview-bar-iframe"); previewBar.style.display = "none";", []): NOT_RUN: executeJavaScript("var previewBar = document.getElementById("preview-bar-iframe"); previewBar.style.display = "none";", [])

2019-06-25 14:37:08 - [MESSAGE][NOT_RUN] - NOT_RUN: executeJavaScript("var previewBar = document.getElementById("preview-bar-iframe"); previewBar.style.display = "none";", [])

2019-06-25 14:37:08 - [TEST_STEP][PASSED] - delay(2): Delayed 2 second(s)

2019-06-25 14:37:10 - [MESSAGE][PASSED] - Delayed 2 second(s)

2019-06-25 14:37:10 - [TEST_STEP][PASSED] - click(findTestObject("APOLLO- Desktop/Collection page/Blue shirt product")): Object: 'Object Repository/APOLLO- Desktop/Collection page/Blue shirt product' is clicked on

2019-06-25 14:37:10 - [MESSAGE][PASSED] - Object: 'Object Repository/APOLLO- Desktop/Collection page/Blue shirt product' is clicked on

2019-06-25 14:37:10 - [TEST_STEP][PASSED] - delay(2): Delayed 2 second(s)

2019-06-25 14:37:12 - [MESSAGE][PASSED] - Delayed 2 second(s)

2019-06-25 14:37:12 - [TEST_STEP][NOT_RUN] - executeJavaScript("var previewBar = document.getElementById("preview-bar-iframe"); previewBar.style.display = "none";", []): NOT_RUN: executeJavaScript("var previewBar = document.getElementById("preview-bar-iframe"); previewBar.style.display = "none";", [])

2019-06-25 14:37:12 - [MESSAGE][NOT_RUN] - NOT_RUN: executeJavaScript("var previewBar = document.getElementById("preview-bar-iframe"); previewBar.style.display = "none";", [])

2019-06-25 14:37:12 - [TEST_STEP][PASSED] - delay(2): Delayed 2 second(s)

2019-06-25 14:37:14 - [MESSAGE][PASSED] - Delayed 2 second(s)

2019-06-25 14:37:14 - [TEST_STEP][PASSED] - click(findTestObject("APOLLO- Desktop/Product page/a_Shop all products")): Object: 'Object Repository/APOLLO- Desktop/Product page/a_Shop all products' is clicked on

2019-06-25 14:37:14 - [MESSAGE][PASSED] - Object: 'Object Repository/APOLLO- Desktop/Product page/a_Shop all products' is clicked on

2019-06-25 14:37:14 - [TEST_STEP][PASSED] - a = getWindowTitle(): Current window's title is: 'Blue Shirt – Diff Apollo'

2019-06-25 14:37:14 - [MESSAGE][PASSED] - Current window's title is: 'Blue Shirt – Diff Apollo'

2019-06-25 14:37:14 - [TEST_STEP][PASSED] - comment(" a=" + a):  a=Blue Shirt – Diff Apollo

2019-06-25 14:37:14 - [MESSAGE][INFO] -  a=Blue Shirt – Diff Apollo

2019-06-25 14:37:14 - [TEST_STEP][PASSED] - b = "Products – Diff Apollo": null

2019-06-25 14:37:14 - [TEST_STEP][PASSED] - if (a == b): null

2019-06-25 14:37:14 - [TEST_STEP][PASSED] - else: wrong page

2019-06-25 14:37:14 - [TEST_STEP][PASSED] - comment("wrong page"): wrong page

2019-06-25 14:37:14 - [MESSAGE][INFO] - wrong page]]></system-out>
         <system-err><![CDATA[]]></system-err>
      </testcase>
      <testcase name="Test Cases/PRODUCT PAGE/Image sliders and chevrons" classname="Test Cases/PRODUCT PAGE/Image sliders and chevrons" status="PASSED">
         <system-out><![CDATA[2019-06-25 14:37:14 - [TEST_CASE][PASSED] - Test Cases/PRODUCT PAGE/Image sliders and chevrons: Test Cases/PRODUCT PAGE/Image sliders and chevrons

2019-06-25 14:37:14 - [TEST_STEP][PASSED] - callTestCase(findTestCase("CALL - URL"), [:], STOP_ON_FAILURE): Call Test Case 'Test Cases/CALL - URL' successfully

2019-06-25 14:37:15 - [TEST_CASE][PASSED] - Test Cases/CALL - URL: Test Cases/CALL - URL

2019-06-25 14:37:15 - [TEST_STEP][PASSED] - openBrowser(""): Browser is opened with url: ''

2019-06-25 14:37:15 - [MESSAGE][WARNING] - A browser is already opened. Closing browser and opening a new one

2019-06-25 14:37:15 - [MESSAGE][INFO] - Starting 'Safari' driver

2019-06-25 14:37:16 - [MESSAGE][PASSED] - Browser is opened with url: ''

2019-06-25 14:37:16 - [TEST_STEP][PASSED] - navigateToUrl("https://diff-apollo.myshopify.com/?key=eec34184cfd8f82cda816f82753a8c8e9e240f30cf54470e19667b8cbb401948&preview_theme_id="): Navigate to 'https://diff-apollo.myshopify.com/?key=eec34184cfd8f82cda816f82753a8c8e9e240f30cf54470e19667b8cbb401948&preview_theme_id=' successfully

2019-06-25 14:37:17 - [MESSAGE][PASSED] - Navigate to 'https://diff-apollo.myshopify.com/?key=eec34184cfd8f82cda816f82753a8c8e9e240f30cf54470e19667b8cbb401948&preview_theme_id=' successfully

2019-06-25 14:37:17 - [TEST_STEP][NOT_RUN] - executeJavaScript("var previewBar = document.getElementById("preview-bar-iframe"); previewBar.style.display = "none";", []): NOT_RUN: executeJavaScript("var previewBar = document.getElementById("preview-bar-iframe"); previewBar.style.display = "none";", [])

2019-06-25 14:37:17 - [MESSAGE][NOT_RUN] - NOT_RUN: executeJavaScript("var previewBar = document.getElementById("preview-bar-iframe"); previewBar.style.display = "none";", [])

2019-06-25 14:37:17 - [TEST_STEP][PASSED] - maximizeWindow(): Current window maximized

2019-06-25 14:37:17 - [MESSAGE][PASSED] - Current window maximized

2019-06-25 14:37:17 - [MESSAGE][PASSED] - Call Test Case 'Test Cases/CALL - URL' successfully

2019-06-25 14:37:17 - [TEST_STEP][PASSED] - delay(2): Delayed 2 second(s)

2019-06-25 14:37:19 - [MESSAGE][PASSED] - Delayed 2 second(s)

2019-06-25 14:37:19 - [TEST_STEP][PASSED] - click(findTestObject("APOLLO- Desktop/Burger Menu/Burgermenu")): Object: 'Object Repository/APOLLO- Desktop/Burger Menu/Burgermenu' is clicked on

2019-06-25 14:37:21 - [MESSAGE][PASSED] - Object: 'Object Repository/APOLLO- Desktop/Burger Menu/Burgermenu' is clicked on

2019-06-25 14:37:21 - [TEST_STEP][PASSED] - delay(2): Delayed 2 second(s)

2019-06-25 14:37:23 - [MESSAGE][PASSED] - Delayed 2 second(s)

2019-06-25 14:37:23 - [TEST_STEP][PASSED] - click(findTestObject("APOLLO- Desktop/Burger Menu/Mens chevron")): Object: 'Object Repository/APOLLO- Desktop/Burger Menu/Mens chevron' is clicked on

2019-06-25 14:37:24 - [MESSAGE][PASSED] - Object: 'Object Repository/APOLLO- Desktop/Burger Menu/Mens chevron' is clicked on

2019-06-25 14:37:24 - [TEST_STEP][PASSED] - delay(2): Delayed 2 second(s)

2019-06-25 14:37:26 - [MESSAGE][PASSED] - Delayed 2 second(s)

2019-06-25 14:37:26 - [TEST_STEP][PASSED] - click(findTestObject("APOLLO- Desktop/Burger Menu/Mens - Top Chevron")): Object: 'Object Repository/APOLLO- Desktop/Burger Menu/Mens - Top Chevron' is clicked on

2019-06-25 14:37:26 - [MESSAGE][PASSED] - Object: 'Object Repository/APOLLO- Desktop/Burger Menu/Mens - Top Chevron' is clicked on

2019-06-25 14:37:26 - [TEST_STEP][PASSED] - delay(2): Delayed 2 second(s)

2019-06-25 14:37:28 - [MESSAGE][PASSED] - Delayed 2 second(s)

2019-06-25 14:37:28 - [TEST_STEP][PASSED] - click(findTestObject("APOLLO- Desktop/Burger Menu/Shirts link")): Object: 'Object Repository/APOLLO- Desktop/Burger Menu/Shirts link' is clicked on

2019-06-25 14:37:30 - [MESSAGE][PASSED] - Object: 'Object Repository/APOLLO- Desktop/Burger Menu/Shirts link' is clicked on

2019-06-25 14:37:30 - [TEST_STEP][NOT_RUN] - executeJavaScript("var previewBar = document.getElementById("preview-bar-iframe"); previewBar.style.display = "none";", []): NOT_RUN: executeJavaScript("var previewBar = document.getElementById("preview-bar-iframe"); previewBar.style.display = "none";", [])

2019-06-25 14:37:30 - [MESSAGE][NOT_RUN] - NOT_RUN: executeJavaScript("var previewBar = document.getElementById("preview-bar-iframe"); previewBar.style.display = "none";", [])

2019-06-25 14:37:30 - [TEST_STEP][PASSED] - delay(2): Delayed 2 second(s)

2019-06-25 14:37:32 - [MESSAGE][PASSED] - Delayed 2 second(s)

2019-06-25 14:37:32 - [TEST_STEP][PASSED] - click(findTestObject("APOLLO- Desktop/Collection page/Striped T-shirt")): Object: 'Object Repository/APOLLO- Desktop/Collection page/Striped T-shirt' is clicked on

2019-06-25 14:37:34 - [MESSAGE][PASSED] - Object: 'Object Repository/APOLLO- Desktop/Collection page/Striped T-shirt' is clicked on

2019-06-25 14:37:34 - [TEST_STEP][PASSED] - delay(2): Delayed 2 second(s)

2019-06-25 14:37:36 - [MESSAGE][PASSED] - Delayed 2 second(s)

2019-06-25 14:37:36 - [TEST_STEP][NOT_RUN] - executeJavaScript("var previewBar = document.getElementById("preview-bar-iframe"); previewBar.style.display = "none";", []): NOT_RUN: executeJavaScript("var previewBar = document.getElementById("preview-bar-iframe"); previewBar.style.display = "none";", [])

2019-06-25 14:37:36 - [MESSAGE][NOT_RUN] - NOT_RUN: executeJavaScript("var previewBar = document.getElementById("preview-bar-iframe"); previewBar.style.display = "none";", [])

2019-06-25 14:37:36 - [TEST_STEP][PASSED] - delay(2): Delayed 2 second(s)

2019-06-25 14:37:38 - [MESSAGE][PASSED] - Delayed 2 second(s)

2019-06-25 14:37:38 - [TEST_STEP][PASSED] - click(findTestObject("APOLLO- Desktop/Product page/Image slider 1")): Object: 'Object Repository/APOLLO- Desktop/Product page/Image slider 1' is clicked on

2019-06-25 14:37:38 - [MESSAGE][PASSED] - Object: 'Object Repository/APOLLO- Desktop/Product page/Image slider 1' is clicked on

2019-06-25 14:37:38 - [TEST_STEP][PASSED] - delay(2): Delayed 2 second(s)

2019-06-25 14:37:40 - [MESSAGE][PASSED] - Delayed 2 second(s)

2019-06-25 14:37:40 - [TEST_STEP][PASSED] - click(findTestObject("APOLLO- Desktop/Product page/Image slider 2")): Object: 'Object Repository/APOLLO- Desktop/Product page/Image slider 2' is clicked on

2019-06-25 14:37:40 - [MESSAGE][PASSED] - Object: 'Object Repository/APOLLO- Desktop/Product page/Image slider 2' is clicked on

2019-06-25 14:37:40 - [TEST_STEP][PASSED] - delay(2): Delayed 2 second(s)

2019-06-25 14:37:42 - [MESSAGE][PASSED] - Delayed 2 second(s)

2019-06-25 14:37:42 - [TEST_STEP][PASSED] - click(findTestObject("APOLLO- Desktop/Product page/Image slider 3")): Object: 'Object Repository/APOLLO- Desktop/Product page/Image slider 3' is clicked on

2019-06-25 14:37:42 - [MESSAGE][PASSED] - Object: 'Object Repository/APOLLO- Desktop/Product page/Image slider 3' is clicked on

2019-06-25 14:37:42 - [TEST_STEP][PASSED] - delay(2): Delayed 2 second(s)

2019-06-25 14:37:44 - [MESSAGE][PASSED] - Delayed 2 second(s)

2019-06-25 14:37:44 - [TEST_STEP][PASSED] - click(findTestObject("APOLLO- Desktop/Product page/Image slider 4")): Object: 'Object Repository/APOLLO- Desktop/Product page/Image slider 4' is clicked on

2019-06-25 14:37:44 - [MESSAGE][PASSED] - Object: 'Object Repository/APOLLO- Desktop/Product page/Image slider 4' is clicked on

2019-06-25 14:37:44 - [TEST_STEP][PASSED] - delay(2): Delayed 2 second(s)

2019-06-25 14:37:46 - [MESSAGE][PASSED] - Delayed 2 second(s)

2019-06-25 14:37:46 - [TEST_STEP][PASSED] - click(findTestObject("APOLLO- Desktop/Product page/Image slider 5")): Object: 'Object Repository/APOLLO- Desktop/Product page/Image slider 5' is clicked on

2019-06-25 14:37:46 - [MESSAGE][PASSED] - Object: 'Object Repository/APOLLO- Desktop/Product page/Image slider 5' is clicked on

2019-06-25 14:37:46 - [TEST_STEP][PASSED] - delay(2): Delayed 2 second(s)

2019-06-25 14:37:48 - [MESSAGE][PASSED] - Delayed 2 second(s)

2019-06-25 14:37:48 - [TEST_STEP][PASSED] - click(findTestObject("APOLLO- Desktop/Product page/Image slider 7")): Object: 'Object Repository/APOLLO- Desktop/Product page/Image slider 7' is clicked on

2019-06-25 14:37:48 - [MESSAGE][PASSED] - Object: 'Object Repository/APOLLO- Desktop/Product page/Image slider 7' is clicked on

2019-06-25 14:37:48 - [TEST_STEP][PASSED] - delay(2): Delayed 2 second(s)

2019-06-25 14:37:50 - [MESSAGE][PASSED] - Delayed 2 second(s)

2019-06-25 14:37:50 - [TEST_STEP][PASSED] - click(findTestObject("APOLLO- Desktop/Product page/Image slider 8")): Object: 'Object Repository/APOLLO- Desktop/Product page/Image slider 8' is clicked on

2019-06-25 14:37:50 - [MESSAGE][PASSED] - Object: 'Object Repository/APOLLO- Desktop/Product page/Image slider 8' is clicked on

2019-06-25 14:37:50 - [TEST_STEP][NOT_RUN] - delay(2): NOT_RUN: delay(2)

2019-06-25 14:37:50 - [MESSAGE][NOT_RUN] - NOT_RUN: delay(2)

2019-06-25 14:37:50 - [TEST_STEP][PASSED] - delay(2): Delayed 2 second(s)

2019-06-25 14:37:52 - [MESSAGE][PASSED] - Delayed 2 second(s)

2019-06-25 14:37:52 - [TEST_STEP][NOT_RUN] - mouseOver(findTestObject("APOLLO- Desktop/Product page/Next button")): NOT_RUN: mouseOver(findTestObject("APOLLO- Desktop/Product page/Next button"))

2019-06-25 14:37:52 - [MESSAGE][NOT_RUN] - NOT_RUN: mouseOver(findTestObject("APOLLO- Desktop/Product page/Next button"))

2019-06-25 14:37:52 - [TEST_STEP][PASSED] - delay(2): Delayed 2 second(s)

2019-06-25 14:37:54 - [MESSAGE][PASSED] - Delayed 2 second(s)

2019-06-25 14:37:54 - [TEST_STEP][PASSED] - mouseOver(findTestObject("APOLLO- Desktop/Product page/Previous button")): Object: 'Object Repository/APOLLO- Desktop/Product page/Previous button' is hovered

2019-06-25 14:37:55 - [MESSAGE][PASSED] - Object: 'Object Repository/APOLLO- Desktop/Product page/Previous button' is hovered

2019-06-25 14:37:55 - [TEST_STEP][PASSED] - delay(2): Delayed 2 second(s)

2019-06-25 14:37:57 - [MESSAGE][PASSED] - Delayed 2 second(s)

2019-06-25 14:37:57 - [TEST_STEP][PASSED] - click(findTestObject("APOLLO- Desktop/Product page/Previous button")): Object: 'Object Repository/APOLLO- Desktop/Product page/Previous button' is clicked on

2019-06-25 14:37:57 - [MESSAGE][PASSED] - Object: 'Object Repository/APOLLO- Desktop/Product page/Previous button' is clicked on

2019-06-25 14:37:57 - [TEST_STEP][PASSED] - delay(2): Delayed 2 second(s)

2019-06-25 14:37:59 - [MESSAGE][PASSED] - Delayed 2 second(s)

2019-06-25 14:37:59 - [TEST_STEP][PASSED] - click(findTestObject("APOLLO- Desktop/Product page/Next button")): Object: 'Object Repository/APOLLO- Desktop/Product page/Next button' is clicked on

2019-06-25 14:37:59 - [MESSAGE][PASSED] - Object: 'Object Repository/APOLLO- Desktop/Product page/Next button' is clicked on]]></system-out>
         <system-err><![CDATA[]]></system-err>
      </testcase>
      <testcase name="Test Cases/CRITICAL PATH/Home page - add to bag CTA" classname="Test Cases/CRITICAL PATH/Home page - add to bag CTA" status="FAILED">
         <failure type="FAILED" message="Test Cases/CRITICAL PATH/Home page - add to bag CTA FAILED.
Reason:
com.kms.katalon.core.exception.StepFailedException: Unable to click on object 'Object Repository/APOLLO- Desktop/Cart flyout/Cart collapse' (Root cause: org.openqa.selenium.WebDriverException: 
Build info: version: '3.7.1', revision: '8a0099a', time: '2017-11-06T21:07:36.161Z'
System info: host: 'sumans-MacBook-Pro.local', ip: 'fe80:0:0:0:b7:68e8:717b:cb34%en0', os.name: 'Mac OS X', os.arch: 'x86_64', os.version: '10.13.6', java.version: '1.8.0_181'
Driver info: com.kms.katalon.selenium.driver.CSafariDriver
Capabilities {acceptInsecureCerts: false, browserName: Safari, browserVersion: 12.1, javascriptEnabled: true, platform: MAC, platformName: MAC, safari:automaticInspection: false, safari:automaticProfiling: false, safari:diagnose: false, setWindowRect: true, strictFileInteractability: false, webkit:WebRTC: {DisableICECandidateFiltering: false, DisableInsecureMediaCapture: false}}
Session ID: 919DD547-E10F-4FC9-AF24-C7AF5A313F50)
	at com.kms.katalon.core.keyword.internal.KeywordMain.stepFailed(KeywordMain.groovy:36)
	at com.kms.katalon.core.webui.keyword.internal.WebUIKeywordMain.stepFailed(WebUIKeywordMain.groovy:65)
	at com.kms.katalon.core.webui.keyword.internal.WebUIKeywordMain.runKeyword(WebUIKeywordMain.groovy:27)
	at com.kms.katalon.core.webui.keyword.builtin.ClickKeyword.click(ClickKeyword.groovy:86)
	at com.kms.katalon.core.webui.keyword.builtin.ClickKeyword.execute(ClickKeyword.groovy:67)
	at com.kms.katalon.core.keyword.internal.KeywordExecutor.executeKeywordForPlatform(KeywordExecutor.groovy:53)
	at com.kms.katalon.core.webui.keyword.WebUiBuiltInKeywords.click(WebUiBuiltInKeywords.groovy:616)
	at com.kms.katalon.core.webui.keyword.WebUiBuiltInKeywords$click$2.call(Unknown Source)
	at Home page - add to bag CTA.run(Home page - add to bag CTA:73)
	at com.kms.katalon.core.main.ScriptEngine.run(ScriptEngine.java:194)
	at com.kms.katalon.core.main.ScriptEngine.runScriptAsRawText(ScriptEngine.java:119)
	at com.kms.katalon.core.main.TestCaseExecutor.runScript(TestCaseExecutor.java:328)
	at com.kms.katalon.core.main.TestCaseExecutor.doExecute(TestCaseExecutor.java:319)
	at com.kms.katalon.core.main.TestCaseExecutor.processExecutionPhase(TestCaseExecutor.java:298)
	at com.kms.katalon.core.main.TestCaseExecutor.accessMainPhase(TestCaseExecutor.java:290)
	at com.kms.katalon.core.main.TestCaseExecutor.execute(TestCaseExecutor.java:224)
	at com.kms.katalon.core.main.TestSuiteExecutor.accessTestCaseMainPhase(TestSuiteExecutor.java:129)
	at com.kms.katalon.core.main.TestSuiteExecutor.accessTestSuiteMainPhase(TestSuiteExecutor.java:112)
	at com.kms.katalon.core.main.TestSuiteExecutor.execute(TestSuiteExecutor.java:81)
	at com.kms.katalon.core.main.TestCaseMain.startTestSuite(TestCaseMain.java:149)
	at com.kms.katalon.core.main.TestCaseMain$startTestSuite$0.call(Unknown Source)
	at TempTestSuite1561486823730.run(TempTestSuite1561486823730.groovy:36)
"/>
         <system-out><![CDATA[2019-06-25 14:37:59 - [TEST_CASE][FAILED] - Test Cases/CRITICAL PATH/Home page - add to bag CTA: Test Cases/CRITICAL PATH/Home page - add to bag CTA FAILED.
Reason:
com.kms.katalon.core.exception.StepFailedException: Unable to click on object 'Object Repository/APOLLO- Desktop/Cart flyout/Cart collapse' (Root cause: org.openqa.selenium.WebDriverException: 
Build info: version: '3.7.1', revision: '8a0099a', time: '2017-11-06T21:07:36.161Z'
System info: host: 'sumans-MacBook-Pro.local', ip: 'fe80:0:0:0:b7:68e8:717b:cb34%en0', os.name: 'Mac OS X', os.arch: 'x86_64', os.version: '10.13.6', java.version: '1.8.0_181'
Driver info: com.kms.katalon.selenium.driver.CSafariDriver
Capabilities {acceptInsecureCerts: false, browserName: Safari, browserVersion: 12.1, javascriptEnabled: true, platform: MAC, platformName: MAC, safari:automaticInspection: false, safari:automaticProfiling: false, safari:diagnose: false, setWindowRect: true, strictFileInteractability: false, webkit:WebRTC: {DisableICECandidateFiltering: false, DisableInsecureMediaCapture: false}}
Session ID: 919DD547-E10F-4FC9-AF24-C7AF5A313F50)
	at com.kms.katalon.core.keyword.internal.KeywordMain.stepFailed(KeywordMain.groovy:36)
	at com.kms.katalon.core.webui.keyword.internal.WebUIKeywordMain.stepFailed(WebUIKeywordMain.groovy:65)
	at com.kms.katalon.core.webui.keyword.internal.WebUIKeywordMain.runKeyword(WebUIKeywordMain.groovy:27)
	at com.kms.katalon.core.webui.keyword.builtin.ClickKeyword.click(ClickKeyword.groovy:86)
	at com.kms.katalon.core.webui.keyword.builtin.ClickKeyword.execute(ClickKeyword.groovy:67)
	at com.kms.katalon.core.keyword.internal.KeywordExecutor.executeKeywordForPlatform(KeywordExecutor.groovy:53)
	at com.kms.katalon.core.webui.keyword.WebUiBuiltInKeywords.click(WebUiBuiltInKeywords.groovy:616)
	at com.kms.katalon.core.webui.keyword.WebUiBuiltInKeywords$click$2.call(Unknown Source)
	at Home page - add to bag CTA.run(Home page - add to bag CTA:73)
	at com.kms.katalon.core.main.ScriptEngine.run(ScriptEngine.java:194)
	at com.kms.katalon.core.main.ScriptEngine.runScriptAsRawText(ScriptEngine.java:119)
	at com.kms.katalon.core.main.TestCaseExecutor.runScript(TestCaseExecutor.java:328)
	at com.kms.katalon.core.main.TestCaseExecutor.doExecute(TestCaseExecutor.java:319)
	at com.kms.katalon.core.main.TestCaseExecutor.processExecutionPhase(TestCaseExecutor.java:298)
	at com.kms.katalon.core.main.TestCaseExecutor.accessMainPhase(TestCaseExecutor.java:290)
	at com.kms.katalon.core.main.TestCaseExecutor.execute(TestCaseExecutor.java:224)
	at com.kms.katalon.core.main.TestSuiteExecutor.accessTestCaseMainPhase(TestSuiteExecutor.java:129)
	at com.kms.katalon.core.main.TestSuiteExecutor.accessTestSuiteMainPhase(TestSuiteExecutor.java:112)
	at com.kms.katalon.core.main.TestSuiteExecutor.execute(TestSuiteExecutor.java:81)
	at com.kms.katalon.core.main.TestCaseMain.startTestSuite(TestCaseMain.java:149)
	at com.kms.katalon.core.main.TestCaseMain$startTestSuite$0.call(Unknown Source)
	at TempTestSuite1561486823730.run(TempTestSuite1561486823730.groovy:36)


2019-06-25 14:37:59 - [TEST_STEP][PASSED] - callTestCase(findTestCase("CALL - URL"), [:], STOP_ON_FAILURE): Call Test Case 'Test Cases/CALL - URL' successfully

2019-06-25 14:37:59 - [TEST_CASE][PASSED] - Test Cases/CALL - URL: Test Cases/CALL - URL

2019-06-25 14:37:59 - [TEST_STEP][PASSED] - openBrowser(""): Browser is opened with url: ''

2019-06-25 14:37:59 - [MESSAGE][WARNING] - A browser is already opened. Closing browser and opening a new one

2019-06-25 14:37:59 - [MESSAGE][INFO] - Starting 'Safari' driver

2019-06-25 14:38:00 - [MESSAGE][PASSED] - Browser is opened with url: ''

2019-06-25 14:38:00 - [TEST_STEP][PASSED] - navigateToUrl("https://diff-apollo.myshopify.com/?key=eec34184cfd8f82cda816f82753a8c8e9e240f30cf54470e19667b8cbb401948&preview_theme_id="): Navigate to 'https://diff-apollo.myshopify.com/?key=eec34184cfd8f82cda816f82753a8c8e9e240f30cf54470e19667b8cbb401948&preview_theme_id=' successfully

2019-06-25 14:38:03 - [MESSAGE][PASSED] - Navigate to 'https://diff-apollo.myshopify.com/?key=eec34184cfd8f82cda816f82753a8c8e9e240f30cf54470e19667b8cbb401948&preview_theme_id=' successfully

2019-06-25 14:38:03 - [TEST_STEP][NOT_RUN] - executeJavaScript("var previewBar = document.getElementById("preview-bar-iframe"); previewBar.style.display = "none";", []): NOT_RUN: executeJavaScript("var previewBar = document.getElementById("preview-bar-iframe"); previewBar.style.display = "none";", [])

2019-06-25 14:38:03 - [MESSAGE][NOT_RUN] - NOT_RUN: executeJavaScript("var previewBar = document.getElementById("preview-bar-iframe"); previewBar.style.display = "none";", [])

2019-06-25 14:38:03 - [TEST_STEP][PASSED] - maximizeWindow(): Current window maximized

2019-06-25 14:38:03 - [MESSAGE][PASSED] - Current window maximized

2019-06-25 14:38:03 - [MESSAGE][PASSED] - Call Test Case 'Test Cases/CALL - URL' successfully

2019-06-25 14:38:03 - [TEST_STEP][PASSED] - flag = verifyElementClickable(findTestObject("APOLLO- Desktop/Home page/Navy variant")): Object 'Object Repository/APOLLO- Desktop/Home page/Navy variant' is clickable

2019-06-25 14:38:03 - [MESSAGE][PASSED] - Object 'Object Repository/APOLLO- Desktop/Home page/Navy variant' is clickable

2019-06-25 14:38:03 - [TEST_STEP][PASSED] - comment("flag=" + flag): flag=true

2019-06-25 14:38:03 - [MESSAGE][INFO] - flag=true

2019-06-25 14:38:03 - [TEST_STEP][PASSED] - if (flag == true): Object: 'Object Repository/APOLLO- Desktop/Product page/Add to bag' is clicked on

2019-06-25 14:38:03 - [TEST_STEP][PASSED] - click(findTestObject("APOLLO- Desktop/Home page/Navy variant")): Object: 'Object Repository/APOLLO- Desktop/Home page/Navy variant' is clicked on

2019-06-25 14:38:07 - [MESSAGE][PASSED] - Object: 'Object Repository/APOLLO- Desktop/Home page/Navy variant' is clicked on

2019-06-25 14:38:07 - [TEST_STEP][PASSED] - delay(1): Delayed 1 second(s)

2019-06-25 14:38:08 - [MESSAGE][PASSED] - Delayed 1 second(s)

2019-06-25 14:38:08 - [TEST_STEP][PASSED] - a = verifyElementClickable(findTestObject("APOLLO- Desktop/Product page/Add to bag"), CONTINUE_ON_FAILURE): Object 'Object Repository/APOLLO- Desktop/Product page/Add to bag' is clickable

2019-06-25 14:38:08 - [MESSAGE][PASSED] - Object 'Object Repository/APOLLO- Desktop/Product page/Add to bag' is clickable

2019-06-25 14:38:08 - [TEST_STEP][PASSED] - comment("a=" + a): a=true

2019-06-25 14:38:08 - [MESSAGE][INFO] - a=true

2019-06-25 14:38:08 - [TEST_STEP][PASSED] - if (a == true): Object: 'Object Repository/APOLLO- Desktop/Product page/Add to bag' is clicked on

2019-06-25 14:38:08 - [TEST_STEP][PASSED] - click(findTestObject("APOLLO- Desktop/Product page/Add to bag")): Object: 'Object Repository/APOLLO- Desktop/Product page/Add to bag' is clicked on

2019-06-25 14:38:08 - [MESSAGE][PASSED] - Object: 'Object Repository/APOLLO- Desktop/Product page/Add to bag' is clicked on

2019-06-25 14:38:08 - [TEST_STEP][PASSED] - delay(2): Delayed 2 second(s)

2019-06-25 14:38:10 - [MESSAGE][PASSED] - Delayed 2 second(s)

2019-06-25 14:38:10 - [TEST_STEP][PASSED] - click(findTestObject("APOLLO- Desktop/Cart flyout/Cart collapse")): Object: 'Object Repository/APOLLO- Desktop/Cart flyout/Cart collapse' is clicked on

2019-06-25 14:38:10 - [MESSAGE][PASSED] - Object: 'Object Repository/APOLLO- Desktop/Cart flyout/Cart collapse' is clicked on

2019-06-25 14:38:10 - [TEST_STEP][PASSED] - delay(1): Delayed 1 second(s)

2019-06-25 14:38:11 - [MESSAGE][PASSED] - Delayed 1 second(s)

2019-06-25 14:38:11 - [TEST_STEP][PASSED] - flag1 = verifyElementClickable(findTestObject("APOLLO- Desktop/Home page/Grey variant")): Object 'Object Repository/APOLLO- Desktop/Home page/Grey variant' is clickable

2019-06-25 14:38:11 - [MESSAGE][PASSED] - Object 'Object Repository/APOLLO- Desktop/Home page/Grey variant' is clickable

2019-06-25 14:38:11 - [TEST_STEP][PASSED] - comment("flag1=" + flag1): flag1=true

2019-06-25 14:38:11 - [MESSAGE][INFO] - flag1=true

2019-06-25 14:38:11 - [TEST_STEP][PASSED] - if (flag1 == true): Object: 'Object Repository/APOLLO- Desktop/Product page/Add to bag' is clicked on

2019-06-25 14:38:11 - [TEST_STEP][PASSED] - click(findTestObject("APOLLO- Desktop/Home page/Grey variant")): Object: 'Object Repository/APOLLO- Desktop/Home page/Grey variant' is clicked on

2019-06-25 14:38:11 - [MESSAGE][PASSED] - Object: 'Object Repository/APOLLO- Desktop/Home page/Grey variant' is clicked on

2019-06-25 14:38:11 - [TEST_STEP][PASSED] - delay(1): Delayed 1 second(s)

2019-06-25 14:38:12 - [MESSAGE][PASSED] - Delayed 1 second(s)

2019-06-25 14:38:12 - [TEST_STEP][PASSED] - a1 = verifyElementClickable(findTestObject("APOLLO- Desktop/Product page/Add to bag"), CONTINUE_ON_FAILURE): Object 'Object Repository/APOLLO- Desktop/Product page/Add to bag' is clickable

2019-06-25 14:38:13 - [MESSAGE][PASSED] - Object 'Object Repository/APOLLO- Desktop/Product page/Add to bag' is clickable

2019-06-25 14:38:13 - [TEST_STEP][PASSED] - comment("a1=" + a1): a1=true

2019-06-25 14:38:13 - [MESSAGE][INFO] - a1=true

2019-06-25 14:38:13 - [TEST_STEP][PASSED] - if (a1 == true): Object: 'Object Repository/APOLLO- Desktop/Product page/Add to bag' is clicked on

2019-06-25 14:38:13 - [TEST_STEP][PASSED] - click(findTestObject("APOLLO- Desktop/Product page/Add to bag")): Object: 'Object Repository/APOLLO- Desktop/Product page/Add to bag' is clicked on

2019-06-25 14:38:13 - [MESSAGE][PASSED] - Object: 'Object Repository/APOLLO- Desktop/Product page/Add to bag' is clicked on

2019-06-25 14:38:13 - [TEST_STEP][PASSED] - delay(2): Delayed 2 second(s)

2019-06-25 14:38:15 - [MESSAGE][PASSED] - Delayed 2 second(s)

2019-06-25 14:38:15 - [TEST_STEP][FAILED] - click(findTestObject("APOLLO- Desktop/Cart flyout/Cart collapse")): click(findTestObject("APOLLO- Desktop/Cart flyout/Cart collapse")) FAILED.
Reason:
com.kms.katalon.core.exception.StepFailedException: Unable to click on object 'Object Repository/APOLLO- Desktop/Cart flyout/Cart collapse' (Root cause: org.openqa.selenium.WebDriverException: 
Build info: version: '3.7.1', revision: '8a0099a', time: '2017-11-06T21:07:36.161Z'
System info: host: 'sumans-MacBook-Pro.local', ip: 'fe80:0:0:0:b7:68e8:717b:cb34%en0', os.name: 'Mac OS X', os.arch: 'x86_64', os.version: '10.13.6', java.version: '1.8.0_181'
Driver info: com.kms.katalon.selenium.driver.CSafariDriver
Capabilities {acceptInsecureCerts: false, browserName: Safari, browserVersion: 12.1, javascriptEnabled: true, platform: MAC, platformName: MAC, safari:automaticInspection: false, safari:automaticProfiling: false, safari:diagnose: false, setWindowRect: true, strictFileInteractability: false, webkit:WebRTC: {DisableICECandidateFiltering: false, DisableInsecureMediaCapture: false}}
Session ID: 919DD547-E10F-4FC9-AF24-C7AF5A313F50)
	at com.kms.katalon.core.keyword.internal.KeywordMain.stepFailed(KeywordMain.groovy:36)
	at com.kms.katalon.core.webui.keyword.internal.WebUIKeywordMain.stepFailed(WebUIKeywordMain.groovy:65)
	at com.kms.katalon.core.webui.keyword.internal.WebUIKeywordMain.runKeyword(WebUIKeywordMain.groovy:27)
	at com.kms.katalon.core.webui.keyword.builtin.ClickKeyword.click(ClickKeyword.groovy:86)
	at com.kms.katalon.core.webui.keyword.builtin.ClickKeyword.execute(ClickKeyword.groovy:67)
	at com.kms.katalon.core.keyword.internal.KeywordExecutor.executeKeywordForPlatform(KeywordExecutor.groovy:53)
	at com.kms.katalon.core.webui.keyword.WebUiBuiltInKeywords.click(WebUiBuiltInKeywords.groovy:616)
	at com.kms.katalon.core.webui.keyword.WebUiBuiltInKeywords$click$2.call(Unknown Source)
	at Home page - add to bag CTA.run(Home page - add to bag CTA:73)
	at com.kms.katalon.core.main.ScriptEngine.run(ScriptEngine.java:194)
	at com.kms.katalon.core.main.ScriptEngine.runScriptAsRawText(ScriptEngine.java:119)
	at com.kms.katalon.core.main.TestCaseExecutor.runScript(TestCaseExecutor.java:328)
	at com.kms.katalon.core.main.TestCaseExecutor.doExecute(TestCaseExecutor.java:319)
	at com.kms.katalon.core.main.TestCaseExecutor.processExecutionPhase(TestCaseExecutor.java:298)
	at com.kms.katalon.core.main.TestCaseExecutor.accessMainPhase(TestCaseExecutor.java:290)
	at com.kms.katalon.core.main.TestCaseExecutor.execute(TestCaseExecutor.java:224)
	at com.kms.katalon.core.main.TestSuiteExecutor.accessTestCaseMainPhase(TestSuiteExecutor.java:129)
	at com.kms.katalon.core.main.TestSuiteExecutor.accessTestSuiteMainPhase(TestSuiteExecutor.java:112)
	at com.kms.katalon.core.main.TestSuiteExecutor.execute(TestSuiteExecutor.java:81)
	at com.kms.katalon.core.main.TestCaseMain.startTestSuite(TestCaseMain.java:149)
	at com.kms.katalon.core.main.TestCaseMain$startTestSuite$0.call(Unknown Source)
	at TempTestSuite1561486823730.run(TempTestSuite1561486823730.groovy:36)


2019-06-25 14:38:15 - [MESSAGE][FAILED] - Unable to click on object 'Object Repository/APOLLO- Desktop/Cart flyout/Cart collapse' (Root cause: org.openqa.selenium.WebDriverException: 
Build info: version: '3.7.1', revision: '8a0099a', time: '2017-11-06T21:07:36.161Z'
System info: host: 'sumans-MacBook-Pro.local', ip: 'fe80:0:0:0:b7:68e8:717b:cb34%en0', os.name: 'Mac OS X', os.arch: 'x86_64', os.version: '10.13.6', java.version: '1.8.0_181'
Driver info: com.kms.katalon.selenium.driver.CSafariDriver
Capabilities {acceptInsecureCerts: false, browserName: Safari, browserVersion: 12.1, javascriptEnabled: true, platform: MAC, platformName: MAC, safari:automaticInspection: false, safari:automaticProfiling: false, safari:diagnose: false, setWindowRect: true, strictFileInteractability: false, webkit:WebRTC: {DisableICECandidateFiltering: false, DisableInsecureMediaCapture: false}}
Session ID: 919DD547-E10F-4FC9-AF24-C7AF5A313F50)
[[ATTACHMENT|/Users/sumankompelly/Katalon Studio/APOLLO/Reports/Apollo - dark build/20190625_142023/1561487895163.png]]

2019-06-25 14:38:15 - [MESSAGE][FAILED] - click(findTestObject("APOLLO- Desktop/Cart flyout/Cart collapse")) FAILED.
Reason:
com.kms.katalon.core.exception.StepFailedException: Unable to click on object 'Object Repository/APOLLO- Desktop/Cart flyout/Cart collapse' (Root cause: org.openqa.selenium.WebDriverException: 
Build info: version: '3.7.1', revision: '8a0099a', time: '2017-11-06T21:07:36.161Z'
System info: host: 'sumans-MacBook-Pro.local', ip: 'fe80:0:0:0:b7:68e8:717b:cb34%en0', os.name: 'Mac OS X', os.arch: 'x86_64', os.version: '10.13.6', java.version: '1.8.0_181'
Driver info: com.kms.katalon.selenium.driver.CSafariDriver
Capabilities {acceptInsecureCerts: false, browserName: Safari, browserVersion: 12.1, javascriptEnabled: true, platform: MAC, platformName: MAC, safari:automaticInspection: false, safari:automaticProfiling: false, safari:diagnose: false, setWindowRect: true, strictFileInteractability: false, webkit:WebRTC: {DisableICECandidateFiltering: false, DisableInsecureMediaCapture: false}}
Session ID: 919DD547-E10F-4FC9-AF24-C7AF5A313F50)
	at com.kms.katalon.core.keyword.internal.KeywordMain.stepFailed(KeywordMain.groovy:36)
	at com.kms.katalon.core.webui.keyword.internal.WebUIKeywordMain.stepFailed(WebUIKeywordMain.groovy:65)
	at com.kms.katalon.core.webui.keyword.internal.WebUIKeywordMain.runKeyword(WebUIKeywordMain.groovy:27)
	at com.kms.katalon.core.webui.keyword.builtin.ClickKeyword.click(ClickKeyword.groovy:86)
	at com.kms.katalon.core.webui.keyword.builtin.ClickKeyword.execute(ClickKeyword.groovy:67)
	at com.kms.katalon.core.keyword.internal.KeywordExecutor.executeKeywordForPlatform(KeywordExecutor.groovy:53)
	at com.kms.katalon.core.webui.keyword.WebUiBuiltInKeywords.click(WebUiBuiltInKeywords.groovy:616)
	at com.kms.katalon.core.webui.keyword.WebUiBuiltInKeywords$click$2.call(Unknown Source)
	at Home page - add to bag CTA.run(Home page - add to bag CTA:73)
	at com.kms.katalon.core.main.ScriptEngine.run(ScriptEngine.java:194)
	at com.kms.katalon.core.main.ScriptEngine.runScriptAsRawText(ScriptEngine.java:119)
	at com.kms.katalon.core.main.TestCaseExecutor.runScript(TestCaseExecutor.java:328)
	at com.kms.katalon.core.main.TestCaseExecutor.doExecute(TestCaseExecutor.java:319)
	at com.kms.katalon.core.main.TestCaseExecutor.processExecutionPhase(TestCaseExecutor.java:298)
	at com.kms.katalon.core.main.TestCaseExecutor.accessMainPhase(TestCaseExecutor.java:290)
	at com.kms.katalon.core.main.TestCaseExecutor.execute(TestCaseExecutor.java:224)
	at com.kms.katalon.core.main.TestSuiteExecutor.accessTestCaseMainPhase(TestSuiteExecutor.java:129)
	at com.kms.katalon.core.main.TestSuiteExecutor.accessTestSuiteMainPhase(TestSuiteExecutor.java:112)
	at com.kms.katalon.core.main.TestSuiteExecutor.execute(TestSuiteExecutor.java:81)
	at com.kms.katalon.core.main.TestCaseMain.startTestSuite(TestCaseMain.java:149)
	at com.kms.katalon.core.main.TestCaseMain$startTestSuite$0.call(Unknown Source)
	at TempTestSuite1561486823730.run(TempTestSuite1561486823730.groovy:36)]]></system-out>
         <system-err><![CDATA[2019-06-25 14:37:59 - [TEST_CASE][FAILED] - Test Cases/CRITICAL PATH/Home page - add to bag CTA: Test Cases/CRITICAL PATH/Home page - add to bag CTA FAILED.
Reason:
com.kms.katalon.core.exception.StepFailedException: Unable to click on object 'Object Repository/APOLLO- Desktop/Cart flyout/Cart collapse' (Root cause: org.openqa.selenium.WebDriverException: 
Build info: version: '3.7.1', revision: '8a0099a', time: '2017-11-06T21:07:36.161Z'
System info: host: 'sumans-MacBook-Pro.local', ip: 'fe80:0:0:0:b7:68e8:717b:cb34%en0', os.name: 'Mac OS X', os.arch: 'x86_64', os.version: '10.13.6', java.version: '1.8.0_181'
Driver info: com.kms.katalon.selenium.driver.CSafariDriver
Capabilities {acceptInsecureCerts: false, browserName: Safari, browserVersion: 12.1, javascriptEnabled: true, platform: MAC, platformName: MAC, safari:automaticInspection: false, safari:automaticProfiling: false, safari:diagnose: false, setWindowRect: true, strictFileInteractability: false, webkit:WebRTC: {DisableICECandidateFiltering: false, DisableInsecureMediaCapture: false}}
Session ID: 919DD547-E10F-4FC9-AF24-C7AF5A313F50)
	at com.kms.katalon.core.keyword.internal.KeywordMain.stepFailed(KeywordMain.groovy:36)
	at com.kms.katalon.core.webui.keyword.internal.WebUIKeywordMain.stepFailed(WebUIKeywordMain.groovy:65)
	at com.kms.katalon.core.webui.keyword.internal.WebUIKeywordMain.runKeyword(WebUIKeywordMain.groovy:27)
	at com.kms.katalon.core.webui.keyword.builtin.ClickKeyword.click(ClickKeyword.groovy:86)
	at com.kms.katalon.core.webui.keyword.builtin.ClickKeyword.execute(ClickKeyword.groovy:67)
	at com.kms.katalon.core.keyword.internal.KeywordExecutor.executeKeywordForPlatform(KeywordExecutor.groovy:53)
	at com.kms.katalon.core.webui.keyword.WebUiBuiltInKeywords.click(WebUiBuiltInKeywords.groovy:616)
	at com.kms.katalon.core.webui.keyword.WebUiBuiltInKeywords$click$2.call(Unknown Source)
	at Home page - add to bag CTA.run(Home page - add to bag CTA:73)
	at com.kms.katalon.core.main.ScriptEngine.run(ScriptEngine.java:194)
	at com.kms.katalon.core.main.ScriptEngine.runScriptAsRawText(ScriptEngine.java:119)
	at com.kms.katalon.core.main.TestCaseExecutor.runScript(TestCaseExecutor.java:328)
	at com.kms.katalon.core.main.TestCaseExecutor.doExecute(TestCaseExecutor.java:319)
	at com.kms.katalon.core.main.TestCaseExecutor.processExecutionPhase(TestCaseExecutor.java:298)
	at com.kms.katalon.core.main.TestCaseExecutor.accessMainPhase(TestCaseExecutor.java:290)
	at com.kms.katalon.core.main.TestCaseExecutor.execute(TestCaseExecutor.java:224)
	at com.kms.katalon.core.main.TestSuiteExecutor.accessTestCaseMainPhase(TestSuiteExecutor.java:129)
	at com.kms.katalon.core.main.TestSuiteExecutor.accessTestSuiteMainPhase(TestSuiteExecutor.java:112)
	at com.kms.katalon.core.main.TestSuiteExecutor.execute(TestSuiteExecutor.java:81)
	at com.kms.katalon.core.main.TestCaseMain.startTestSuite(TestCaseMain.java:149)
	at com.kms.katalon.core.main.TestCaseMain$startTestSuite$0.call(Unknown Source)
	at TempTestSuite1561486823730.run(TempTestSuite1561486823730.groovy:36)]]></system-err>
      </testcase>
      <testcase name="Test Cases/CRITICAL PATH/Increase quantity - cart page" classname="Test Cases/CRITICAL PATH/Increase quantity - cart page" status="PASSED">
         <system-out><![CDATA[2019-06-25 14:38:15 - [TEST_CASE][PASSED] - Test Cases/CRITICAL PATH/Increase quantity - cart page: Test Cases/CRITICAL PATH/Increase quantity - cart page

2019-06-25 14:38:15 - [TEST_STEP][PASSED] - callTestCase(findTestCase("CALL - URL"), [:], STOP_ON_FAILURE): Call Test Case 'Test Cases/CALL - URL' successfully

2019-06-25 14:38:15 - [TEST_CASE][PASSED] - Test Cases/CALL - URL: Test Cases/CALL - URL

2019-06-25 14:38:15 - [TEST_STEP][PASSED] - openBrowser(""): Browser is opened with url: ''

2019-06-25 14:38:15 - [MESSAGE][WARNING] - A browser is already opened. Closing browser and opening a new one

2019-06-25 14:38:15 - [MESSAGE][INFO] - Starting 'Safari' driver

2019-06-25 14:38:16 - [MESSAGE][PASSED] - Browser is opened with url: ''

2019-06-25 14:38:16 - [TEST_STEP][PASSED] - navigateToUrl("https://diff-apollo.myshopify.com/?key=eec34184cfd8f82cda816f82753a8c8e9e240f30cf54470e19667b8cbb401948&preview_theme_id="): Navigate to 'https://diff-apollo.myshopify.com/?key=eec34184cfd8f82cda816f82753a8c8e9e240f30cf54470e19667b8cbb401948&preview_theme_id=' successfully

2019-06-25 14:38:17 - [MESSAGE][PASSED] - Navigate to 'https://diff-apollo.myshopify.com/?key=eec34184cfd8f82cda816f82753a8c8e9e240f30cf54470e19667b8cbb401948&preview_theme_id=' successfully

2019-06-25 14:38:17 - [TEST_STEP][NOT_RUN] - executeJavaScript("var previewBar = document.getElementById("preview-bar-iframe"); previewBar.style.display = "none";", []): NOT_RUN: executeJavaScript("var previewBar = document.getElementById("preview-bar-iframe"); previewBar.style.display = "none";", [])

2019-06-25 14:38:17 - [MESSAGE][NOT_RUN] - NOT_RUN: executeJavaScript("var previewBar = document.getElementById("preview-bar-iframe"); previewBar.style.display = "none";", [])

2019-06-25 14:38:17 - [TEST_STEP][PASSED] - maximizeWindow(): Current window maximized

2019-06-25 14:38:17 - [MESSAGE][PASSED] - Current window maximized

2019-06-25 14:38:17 - [MESSAGE][PASSED] - Call Test Case 'Test Cases/CALL - URL' successfully

2019-06-25 14:38:17 - [TEST_STEP][PASSED] - delay(1): Delayed 1 second(s)

2019-06-25 14:38:18 - [MESSAGE][PASSED] - Delayed 1 second(s)

2019-06-25 14:38:18 - [TEST_STEP][PASSED] - click(findTestObject("APOLLO- Desktop/Burger Menu/Burgermenu")): Object: 'Object Repository/APOLLO- Desktop/Burger Menu/Burgermenu' is clicked on

2019-06-25 14:38:19 - [MESSAGE][PASSED] - Object: 'Object Repository/APOLLO- Desktop/Burger Menu/Burgermenu' is clicked on

2019-06-25 14:38:19 - [TEST_STEP][PASSED] - delay(2): Delayed 2 second(s)

2019-06-25 14:38:21 - [MESSAGE][PASSED] - Delayed 2 second(s)

2019-06-25 14:38:21 - [TEST_STEP][PASSED] - click(findTestObject("APOLLO- Desktop/Burger Menu/Mens chevron")): Object: 'Object Repository/APOLLO- Desktop/Burger Menu/Mens chevron' is clicked on

2019-06-25 14:38:21 - [MESSAGE][PASSED] - Object: 'Object Repository/APOLLO- Desktop/Burger Menu/Mens chevron' is clicked on

2019-06-25 14:38:21 - [TEST_STEP][PASSED] - delay(2): Delayed 2 second(s)

2019-06-25 14:38:23 - [MESSAGE][PASSED] - Delayed 2 second(s)

2019-06-25 14:38:23 - [TEST_STEP][PASSED] - click(findTestObject("APOLLO- Desktop/Burger Menu/Mens - Top Chevron")): Object: 'Object Repository/APOLLO- Desktop/Burger Menu/Mens - Top Chevron' is clicked on

2019-06-25 14:38:23 - [MESSAGE][PASSED] - Object: 'Object Repository/APOLLO- Desktop/Burger Menu/Mens - Top Chevron' is clicked on

2019-06-25 14:38:23 - [TEST_STEP][PASSED] - delay(2): Delayed 2 second(s)

2019-06-25 14:38:25 - [MESSAGE][PASSED] - Delayed 2 second(s)

2019-06-25 14:38:25 - [TEST_STEP][PASSED] - click(findTestObject("APOLLO- Desktop/Burger Menu/Shirts link")): Object: 'Object Repository/APOLLO- Desktop/Burger Menu/Shirts link' is clicked on

2019-06-25 14:38:25 - [MESSAGE][PASSED] - Object: 'Object Repository/APOLLO- Desktop/Burger Menu/Shirts link' is clicked on

2019-06-25 14:38:25 - [TEST_STEP][NOT_RUN] - executeJavaScript("var previewBar = document.getElementById("preview-bar-iframe"); previewBar.style.display = "none";", []): NOT_RUN: executeJavaScript("var previewBar = document.getElementById("preview-bar-iframe"); previewBar.style.display = "none";", [])

2019-06-25 14:38:25 - [MESSAGE][NOT_RUN] - NOT_RUN: executeJavaScript("var previewBar = document.getElementById("preview-bar-iframe"); previewBar.style.display = "none";", [])

2019-06-25 14:38:25 - [TEST_STEP][PASSED] - delay(2): Delayed 2 second(s)

2019-06-25 14:38:27 - [MESSAGE][PASSED] - Delayed 2 second(s)

2019-06-25 14:38:27 - [TEST_STEP][PASSED] - click(findTestObject("APOLLO- Desktop/Collection page/Blue shirt product")): Object: 'Object Repository/APOLLO- Desktop/Collection page/Blue shirt product' is clicked on

2019-06-25 14:38:28 - [MESSAGE][PASSED] - Object: 'Object Repository/APOLLO- Desktop/Collection page/Blue shirt product' is clicked on

2019-06-25 14:38:28 - [TEST_STEP][PASSED] - delay(2): Delayed 2 second(s)

2019-06-25 14:38:30 - [MESSAGE][PASSED] - Delayed 2 second(s)

2019-06-25 14:38:30 - [TEST_STEP][PASSED] - selectOptionByValue(findTestObject("APOLLO- Desktop/Product page/Size dropdown"), "Medium", true): All options with value 'Medium' are selected in object 'Object Repository/APOLLO- Desktop/Product page/Size dropdown'  using regular expression

2019-06-25 14:38:30 - [MESSAGE][PASSED] - All options with value 'Medium' are selected in object 'Object Repository/APOLLO- Desktop/Product page/Size dropdown'  using regular expression

2019-06-25 14:38:30 - [TEST_STEP][PASSED] - delay(2): Delayed 2 second(s)

2019-06-25 14:38:32 - [MESSAGE][PASSED] - Delayed 2 second(s)

2019-06-25 14:38:32 - [TEST_STEP][PASSED] - click(findTestObject("APOLLO- Desktop/Product page/Add to bag")): Object: 'Object Repository/APOLLO- Desktop/Product page/Add to bag' is clicked on

2019-06-25 14:38:32 - [MESSAGE][PASSED] - Object: 'Object Repository/APOLLO- Desktop/Product page/Add to bag' is clicked on

2019-06-25 14:38:32 - [TEST_STEP][PASSED] - delay(2): Delayed 2 second(s)

2019-06-25 14:38:34 - [MESSAGE][PASSED] - Delayed 2 second(s)

2019-06-25 14:38:34 - [TEST_STEP][PASSED] - click(findTestObject("APOLLO- Desktop/Cart flyout/Checkout")): Object: 'Object Repository/APOLLO- Desktop/Cart flyout/Checkout' is clicked on

2019-06-25 14:38:41 - [MESSAGE][PASSED] - Object: 'Object Repository/APOLLO- Desktop/Cart flyout/Checkout' is clicked on

2019-06-25 14:38:41 - [TEST_STEP][PASSED] - delay(2): Delayed 2 second(s)

2019-06-25 14:38:43 - [MESSAGE][PASSED] - Delayed 2 second(s)

2019-06-25 14:38:43 - [TEST_STEP][PASSED] - click(findTestObject("APOLLO- Desktop/Customer Information page/Cart page breadcrumb")): Object: 'Object Repository/APOLLO- Desktop/Customer Information page/Cart page breadcrumb' is clicked on

2019-06-25 14:38:43 - [MESSAGE][PASSED] - Object: 'Object Repository/APOLLO- Desktop/Customer Information page/Cart page breadcrumb' is clicked on

2019-06-25 14:38:43 - [TEST_STEP][PASSED] - delay(2): Delayed 2 second(s)

2019-06-25 14:38:45 - [MESSAGE][PASSED] - Delayed 2 second(s)

2019-06-25 14:38:45 - [TEST_STEP][PASSED] - a = getText(findTestObject("APOLLO- Desktop/Cart page/Subtotal in cart page")): Text of object 'Object Repository/APOLLO- Desktop/Cart page/Subtotal in cart page' is: '$30.00'

2019-06-25 14:38:45 - [MESSAGE][PASSED] - Text of object 'Object Repository/APOLLO- Desktop/Cart page/Subtotal in cart page' is: '$30.00'

2019-06-25 14:38:45 - [TEST_STEP][PASSED] - comment("a=" + a): a=$30.00

2019-06-25 14:38:45 - [MESSAGE][INFO] - a=$30.00

2019-06-25 14:38:45 - [TEST_STEP][PASSED] - delay(2): Delayed 2 second(s)

2019-06-25 14:38:47 - [MESSAGE][PASSED] - Delayed 2 second(s)

2019-06-25 14:38:47 - [TEST_STEP][PASSED] - click(findTestObject("APOLLO- Desktop/Cart page/Increase quantity - cart page")): Object: 'Object Repository/APOLLO- Desktop/Cart page/Increase quantity - cart page' is clicked on

2019-06-25 14:38:48 - [MESSAGE][PASSED] - Object: 'Object Repository/APOLLO- Desktop/Cart page/Increase quantity - cart page' is clicked on

2019-06-25 14:38:48 - [TEST_STEP][PASSED] - delay(2): Delayed 2 second(s)

2019-06-25 14:38:50 - [MESSAGE][PASSED] - Delayed 2 second(s)

2019-06-25 14:38:50 - [TEST_STEP][PASSED] - click(findTestObject("APOLLO- Desktop/Cart page/Increase quantity - cart page")): Object: 'Object Repository/APOLLO- Desktop/Cart page/Increase quantity - cart page' is clicked on

2019-06-25 14:38:50 - [MESSAGE][PASSED] - Object: 'Object Repository/APOLLO- Desktop/Cart page/Increase quantity - cart page' is clicked on

2019-06-25 14:38:50 - [TEST_STEP][PASSED] - delay(2): Delayed 2 second(s)

2019-06-25 14:38:52 - [MESSAGE][PASSED] - Delayed 2 second(s)

2019-06-25 14:38:52 - [TEST_STEP][PASSED] - setText(findTestObject("APOLLO- Desktop/Cart flyout/CArt quanty update"), "3"): Text '3' is set on object 'Object Repository/APOLLO- Desktop/Cart flyout/CArt quanty update'

2019-06-25 14:38:52 - [MESSAGE][PASSED] - Text '3' is set on object 'Object Repository/APOLLO- Desktop/Cart flyout/CArt quanty update'

2019-06-25 14:38:52 - [TEST_STEP][PASSED] - delay(2): Delayed 2 second(s)

2019-06-25 14:38:54 - [MESSAGE][PASSED] - Delayed 2 second(s)

2019-06-25 14:38:54 - [TEST_STEP][PASSED] - click(findTestObject("APOLLO- Desktop/Cart page/Click outside the page")): Object: 'Object Repository/APOLLO- Desktop/Cart page/Click outside the page' is clicked on

2019-06-25 14:38:54 - [MESSAGE][PASSED] - Object: 'Object Repository/APOLLO- Desktop/Cart page/Click outside the page' is clicked on

2019-06-25 14:38:54 - [TEST_STEP][PASSED] - delay(2): Delayed 2 second(s)

2019-06-25 14:38:56 - [MESSAGE][PASSED] - Delayed 2 second(s)

2019-06-25 14:38:56 - [TEST_STEP][PASSED] - b = getText(findTestObject("APOLLO- Desktop/Cart page/Subtotal in cart page")): Text of object 'Object Repository/APOLLO- Desktop/Cart page/Subtotal in cart page' is: '$60.00'

2019-06-25 14:38:56 - [MESSAGE][PASSED] - Text of object 'Object Repository/APOLLO- Desktop/Cart page/Subtotal in cart page' is: '$60.00'

2019-06-25 14:38:56 - [TEST_STEP][PASSED] - comment("b=" + b): b=$60.00

2019-06-25 14:38:56 - [MESSAGE][INFO] - b=$60.00

2019-06-25 14:38:56 - [TEST_STEP][PASSED] - flag = verifyNotEqual("a", "b"): Actual object 'a' and expected object 'b' are not equal

2019-06-25 14:38:56 - [MESSAGE][PASSED] - Actual object 'a' and expected object 'b' are not equal

2019-06-25 14:38:56 - [TEST_STEP][PASSED] - if (flag == true): Quantity selector working

2019-06-25 14:38:56 - [TEST_STEP][PASSED] - comment("Quantity selector working"): Quantity selector working

2019-06-25 14:38:56 - [MESSAGE][INFO] - Quantity selector working

2019-06-25 14:38:56 - [TEST_STEP][PASSED] - delay(2): Delayed 2 second(s)

2019-06-25 14:38:58 - [MESSAGE][PASSED] - Delayed 2 second(s)

2019-06-25 14:38:58 - [TEST_STEP][NOT_RUN] - executeJavaScript("var previewBar = document.getElementById("preview-bar-iframe"); previewBar.style.display = "none";", []): NOT_RUN: executeJavaScript("var previewBar = document.getElementById("preview-bar-iframe"); previewBar.style.display = "none";", [])

2019-06-25 14:38:58 - [MESSAGE][NOT_RUN] - NOT_RUN: executeJavaScript("var previewBar = document.getElementById("preview-bar-iframe"); previewBar.style.display = "none";", [])

2019-06-25 14:38:58 - [TEST_STEP][PASSED] - delay(2): Delayed 2 second(s)

2019-06-25 14:39:00 - [MESSAGE][PASSED] - Delayed 2 second(s)

2019-06-25 14:39:00 - [TEST_STEP][PASSED] - click(findTestObject("APOLLO- Desktop/Cart flyout/Checkout")): Object: 'Object Repository/APOLLO- Desktop/Cart flyout/Checkout' is clicked on

2019-06-25 14:39:04 - [MESSAGE][PASSED] - Object: 'Object Repository/APOLLO- Desktop/Cart flyout/Checkout' is clicked on

2019-06-25 14:39:04 - [TEST_STEP][PASSED] - delay(2): Delayed 2 second(s)

2019-06-25 14:39:06 - [MESSAGE][PASSED] - Delayed 2 second(s)

2019-06-25 14:39:06 - [TEST_STEP][PASSED] - callTestCase(findTestCase("CALL- CUSTOMER INFO PAGE"), [:], STOP_ON_FAILURE): Call Test Case 'Test Cases/CALL- CUSTOMER INFO PAGE' successfully

2019-06-25 14:39:06 - [TEST_CASE][PASSED] - Test Cases/CALL- CUSTOMER INFO PAGE: Test Cases/CALL- CUSTOMER INFO PAGE

2019-06-25 14:39:06 - [TEST_STEP][PASSED] - delay(2): Delayed 2 second(s)

2019-06-25 14:39:08 - [MESSAGE][PASSED] - Delayed 2 second(s)

2019-06-25 14:39:08 - [TEST_STEP][NOT_RUN] - executeJavaScript("var previewBar = document.getElementById("preview-bar-iframe"); previewBar.style.display = "none";", []): NOT_RUN: executeJavaScript("var previewBar = document.getElementById("preview-bar-iframe"); previewBar.style.display = "none";", [])

2019-06-25 14:39:08 - [MESSAGE][NOT_RUN] - NOT_RUN: executeJavaScript("var previewBar = document.getElementById("preview-bar-iframe"); previewBar.style.display = "none";", [])

2019-06-25 14:39:08 - [TEST_STEP][PASSED] - setText(findTestObject("APOLLO- Desktop/Customer Information page/Email"), "suman@gmail.com"): Text 'suman@gmail.com' is set on object 'Object Repository/APOLLO- Desktop/Customer Information page/Email'

2019-06-25 14:39:08 - [MESSAGE][PASSED] - Text 'suman@gmail.com' is set on object 'Object Repository/APOLLO- Desktop/Customer Information page/Email'

2019-06-25 14:39:08 - [TEST_STEP][PASSED] - delay(2): Delayed 2 second(s)

2019-06-25 14:39:10 - [MESSAGE][PASSED] - Delayed 2 second(s)

2019-06-25 14:39:10 - [TEST_STEP][PASSED] - setText(findTestObject("APOLLO- Desktop/Customer Information page/First name"), "suman"): Text 'suman' is set on object 'Object Repository/APOLLO- Desktop/Customer Information page/First name'

2019-06-25 14:39:11 - [MESSAGE][PASSED] - Text 'suman' is set on object 'Object Repository/APOLLO- Desktop/Customer Information page/First name'

2019-06-25 14:39:11 - [TEST_STEP][PASSED] - delay(2): Delayed 2 second(s)

2019-06-25 14:39:13 - [MESSAGE][PASSED] - Delayed 2 second(s)

2019-06-25 14:39:13 - [TEST_STEP][PASSED] - setText(findTestObject("APOLLO- Desktop/Customer Information page/Last name"), "kompelly"): Text 'kompelly' is set on object 'Object Repository/APOLLO- Desktop/Customer Information page/Last name'

2019-06-25 14:39:13 - [MESSAGE][PASSED] - Text 'kompelly' is set on object 'Object Repository/APOLLO- Desktop/Customer Information page/Last name'

2019-06-25 14:39:13 - [TEST_STEP][PASSED] - delay(2): Delayed 2 second(s)

2019-06-25 14:39:15 - [MESSAGE][PASSED] - Delayed 2 second(s)

2019-06-25 14:39:15 - [TEST_STEP][PASSED] - setText(findTestObject("APOLLO- Desktop/Customer Information page/Address"), "1435 st alxendre"): Text '1435 st alxendre' is set on object 'Object Repository/APOLLO- Desktop/Customer Information page/Address'

2019-06-25 14:39:15 - [MESSAGE][PASSED] - Text '1435 st alxendre' is set on object 'Object Repository/APOLLO- Desktop/Customer Information page/Address'

2019-06-25 14:39:15 - [TEST_STEP][PASSED] - setText(findTestObject("APOLLO- Desktop/Customer Information page/Apartment"), "220"): Text '220' is set on object 'Object Repository/APOLLO- Desktop/Customer Information page/Apartment'

2019-06-25 14:39:15 - [MESSAGE][PASSED] - Text '220' is set on object 'Object Repository/APOLLO- Desktop/Customer Information page/Apartment'

2019-06-25 14:39:15 - [TEST_STEP][PASSED] - setText(findTestObject("APOLLO- Desktop/Customer Information page/City"), "montreal"): Text 'montreal' is set on object 'Object Repository/APOLLO- Desktop/Customer Information page/City'

2019-06-25 14:39:15 - [MESSAGE][PASSED] - Text 'montreal' is set on object 'Object Repository/APOLLO- Desktop/Customer Information page/City'

2019-06-25 14:39:15 - [TEST_STEP][PASSED] - selectOptionByValue(findTestObject("APOLLO- Desktop/Customer Information page/Country dropdown"), "United States", true): All options with value 'United States' are selected in object 'Object Repository/APOLLO- Desktop/Customer Information page/Country dropdown'  using regular expression

2019-06-25 14:39:24 - [MESSAGE][PASSED] - All options with value 'United States' are selected in object 'Object Repository/APOLLO- Desktop/Customer Information page/Country dropdown'  using regular expression

2019-06-25 14:39:24 - [TEST_STEP][PASSED] - selectOptionByValue(findTestObject("APOLLO- Desktop/Customer Information page/states dropdown"), "NJ", true): All options with value 'NJ' are selected in object 'Object Repository/APOLLO- Desktop/Customer Information page/states dropdown'  using regular expression

2019-06-25 14:39:26 - [MESSAGE][PASSED] - All options with value 'NJ' are selected in object 'Object Repository/APOLLO- Desktop/Customer Information page/states dropdown'  using regular expression

2019-06-25 14:39:26 - [TEST_STEP][PASSED] - setText(findTestObject("APOLLO- Desktop/Customer Information page/ZIP code"), "07057"): Text '07057' is set on object 'Object Repository/APOLLO- Desktop/Customer Information page/ZIP code'

2019-06-25 14:39:26 - [MESSAGE][PASSED] - Text '07057' is set on object 'Object Repository/APOLLO- Desktop/Customer Information page/ZIP code'

2019-06-25 14:39:26 - [MESSAGE][PASSED] - Call Test Case 'Test Cases/CALL- CUSTOMER INFO PAGE' successfully

2019-06-25 14:39:26 - [TEST_STEP][PASSED] - delay(2): Delayed 2 second(s)

2019-06-25 14:39:28 - [MESSAGE][PASSED] - Delayed 2 second(s)

2019-06-25 14:39:28 - [TEST_STEP][NOT_RUN] - executeJavaScript("var previewBar = document.getElementById("preview-bar-iframe"); previewBar.style.display = "none";", []): NOT_RUN: executeJavaScript("var previewBar = document.getElementById("preview-bar-iframe"); previewBar.style.display = "none";", [])

2019-06-25 14:39:28 - [MESSAGE][NOT_RUN] - NOT_RUN: executeJavaScript("var previewBar = document.getElementById("preview-bar-iframe"); previewBar.style.display = "none";", [])

2019-06-25 14:39:28 - [TEST_STEP][PASSED] - click(findTestObject("APOLLO- Desktop/Customer Information page/Continue to shipping")): Object: 'Object Repository/APOLLO- Desktop/Customer Information page/Continue to shipping' is clicked on

2019-06-25 14:39:28 - [MESSAGE][PASSED] - Object: 'Object Repository/APOLLO- Desktop/Customer Information page/Continue to shipping' is clicked on

2019-06-25 14:39:28 - [TEST_STEP][PASSED] - delay(1): Delayed 1 second(s)

2019-06-25 14:39:29 - [MESSAGE][PASSED] - Delayed 1 second(s)

2019-06-25 14:39:29 - [TEST_STEP][PASSED] - click(findTestObject("APOLLO- Desktop/Shipping page/Radio button check")): Object: 'Object Repository/APOLLO- Desktop/Shipping page/Radio button check' is clicked on

2019-06-25 14:39:32 - [MESSAGE][PASSED] - Object: 'Object Repository/APOLLO- Desktop/Shipping page/Radio button check' is clicked on

2019-06-25 14:39:32 - [TEST_STEP][NOT_RUN] - executeJavaScript("var previewBar = document.getElementById("preview-bar-iframe"); previewBar.style.display = "none";", []): NOT_RUN: executeJavaScript("var previewBar = document.getElementById("preview-bar-iframe"); previewBar.style.display = "none";", [])

2019-06-25 14:39:32 - [MESSAGE][NOT_RUN] - NOT_RUN: executeJavaScript("var previewBar = document.getElementById("preview-bar-iframe"); previewBar.style.display = "none";", [])

2019-06-25 14:39:32 - [TEST_STEP][PASSED] - delay(1): Delayed 1 second(s)

2019-06-25 14:39:33 - [MESSAGE][PASSED] - Delayed 1 second(s)

2019-06-25 14:39:33 - [TEST_STEP][PASSED] - click(findTestObject("APOLLO- Desktop/Shipping page/Continue to payment")): Object: 'Object Repository/APOLLO- Desktop/Shipping page/Continue to payment' is clicked on

2019-06-25 14:39:33 - [MESSAGE][PASSED] - Object: 'Object Repository/APOLLO- Desktop/Shipping page/Continue to payment' is clicked on

2019-06-25 14:39:33 - [TEST_STEP][PASSED] - delay(1): Delayed 1 second(s)

2019-06-25 14:39:34 - [MESSAGE][PASSED] - Delayed 1 second(s)

2019-06-25 14:39:34 - [TEST_STEP][PASSED] - click(findTestObject("APOLLO- Desktop/payment page/Payment section")): Object: 'Object Repository/APOLLO- Desktop/payment page/Payment section' is clicked on

2019-06-25 14:39:35 - [MESSAGE][PASSED] - Object: 'Object Repository/APOLLO- Desktop/payment page/Payment section' is clicked on]]></system-out>
         <system-err><![CDATA[]]></system-err>
      </testcase>
      <testcase name="Test Cases/CRITICAL PATH/Increase quantity - Cart flyout" classname="Test Cases/CRITICAL PATH/Increase quantity - Cart flyout" status="PASSED">
         <system-out><![CDATA[2019-06-25 14:39:35 - [TEST_CASE][PASSED] - Test Cases/CRITICAL PATH/Increase quantity - Cart flyout: Test Cases/CRITICAL PATH/Increase quantity - Cart flyout

2019-06-25 14:39:35 - [TEST_STEP][PASSED] - callTestCase(findTestCase("CALL - URL"), [:], STOP_ON_FAILURE): Call Test Case 'Test Cases/CALL - URL' successfully

2019-06-25 14:39:36 - [TEST_CASE][PASSED] - Test Cases/CALL - URL: Test Cases/CALL - URL

2019-06-25 14:39:36 - [TEST_STEP][PASSED] - openBrowser(""): Browser is opened with url: ''

2019-06-25 14:39:36 - [MESSAGE][WARNING] - A browser is already opened. Closing browser and opening a new one

2019-06-25 14:39:36 - [MESSAGE][INFO] - Starting 'Safari' driver

2019-06-25 14:39:37 - [MESSAGE][PASSED] - Browser is opened with url: ''

2019-06-25 14:39:37 - [TEST_STEP][PASSED] - navigateToUrl("https://diff-apollo.myshopify.com/?key=eec34184cfd8f82cda816f82753a8c8e9e240f30cf54470e19667b8cbb401948&preview_theme_id="): Navigate to 'https://diff-apollo.myshopify.com/?key=eec34184cfd8f82cda816f82753a8c8e9e240f30cf54470e19667b8cbb401948&preview_theme_id=' successfully

2019-06-25 14:39:38 - [MESSAGE][PASSED] - Navigate to 'https://diff-apollo.myshopify.com/?key=eec34184cfd8f82cda816f82753a8c8e9e240f30cf54470e19667b8cbb401948&preview_theme_id=' successfully

2019-06-25 14:39:38 - [TEST_STEP][NOT_RUN] - executeJavaScript("var previewBar = document.getElementById("preview-bar-iframe"); previewBar.style.display = "none";", []): NOT_RUN: executeJavaScript("var previewBar = document.getElementById("preview-bar-iframe"); previewBar.style.display = "none";", [])

2019-06-25 14:39:38 - [MESSAGE][NOT_RUN] - NOT_RUN: executeJavaScript("var previewBar = document.getElementById("preview-bar-iframe"); previewBar.style.display = "none";", [])

2019-06-25 14:39:38 - [TEST_STEP][PASSED] - maximizeWindow(): Current window maximized

2019-06-25 14:39:38 - [MESSAGE][PASSED] - Current window maximized

2019-06-25 14:39:38 - [MESSAGE][PASSED] - Call Test Case 'Test Cases/CALL - URL' successfully

2019-06-25 14:39:38 - [TEST_STEP][PASSED] - delay(1): Delayed 1 second(s)

2019-06-25 14:39:39 - [MESSAGE][PASSED] - Delayed 1 second(s)

2019-06-25 14:39:39 - [TEST_STEP][PASSED] - click(findTestObject("APOLLO- Desktop/Burger Menu/Burgermenu")): Object: 'Object Repository/APOLLO- Desktop/Burger Menu/Burgermenu' is clicked on

2019-06-25 14:39:40 - [MESSAGE][PASSED] - Object: 'Object Repository/APOLLO- Desktop/Burger Menu/Burgermenu' is clicked on

2019-06-25 14:39:40 - [TEST_STEP][PASSED] - delay(2): Delayed 2 second(s)

2019-06-25 14:39:42 - [MESSAGE][PASSED] - Delayed 2 second(s)

2019-06-25 14:39:42 - [TEST_STEP][PASSED] - click(findTestObject("APOLLO- Desktop/Burger Menu/Mens chevron")): Object: 'Object Repository/APOLLO- Desktop/Burger Menu/Mens chevron' is clicked on

2019-06-25 14:39:42 - [MESSAGE][PASSED] - Object: 'Object Repository/APOLLO- Desktop/Burger Menu/Mens chevron' is clicked on

2019-06-25 14:39:42 - [TEST_STEP][PASSED] - delay(2): Delayed 2 second(s)

2019-06-25 14:39:44 - [MESSAGE][PASSED] - Delayed 2 second(s)

2019-06-25 14:39:44 - [TEST_STEP][PASSED] - click(findTestObject("APOLLO- Desktop/Burger Menu/Mens - Top Chevron")): Object: 'Object Repository/APOLLO- Desktop/Burger Menu/Mens - Top Chevron' is clicked on

2019-06-25 14:39:44 - [MESSAGE][PASSED] - Object: 'Object Repository/APOLLO- Desktop/Burger Menu/Mens - Top Chevron' is clicked on

2019-06-25 14:39:44 - [TEST_STEP][PASSED] - delay(2): Delayed 2 second(s)

2019-06-25 14:39:46 - [MESSAGE][PASSED] - Delayed 2 second(s)

2019-06-25 14:39:46 - [TEST_STEP][PASSED] - click(findTestObject("APOLLO- Desktop/Burger Menu/Shirts link")): Object: 'Object Repository/APOLLO- Desktop/Burger Menu/Shirts link' is clicked on

2019-06-25 14:39:48 - [MESSAGE][PASSED] - Object: 'Object Repository/APOLLO- Desktop/Burger Menu/Shirts link' is clicked on

2019-06-25 14:39:48 - [TEST_STEP][NOT_RUN] - executeJavaScript("var previewBar = document.getElementById("preview-bar-iframe"); previewBar.style.display = "none";", []): NOT_RUN: executeJavaScript("var previewBar = document.getElementById("preview-bar-iframe"); previewBar.style.display = "none";", [])

2019-06-25 14:39:48 - [MESSAGE][NOT_RUN] - NOT_RUN: executeJavaScript("var previewBar = document.getElementById("preview-bar-iframe"); previewBar.style.display = "none";", [])

2019-06-25 14:39:48 - [TEST_STEP][PASSED] - delay(2): Delayed 2 second(s)

2019-06-25 14:39:50 - [MESSAGE][PASSED] - Delayed 2 second(s)

2019-06-25 14:39:50 - [TEST_STEP][PASSED] - click(findTestObject("APOLLO- Desktop/Collection page/Blue shirt product")): Object: 'Object Repository/APOLLO- Desktop/Collection page/Blue shirt product' is clicked on

2019-06-25 14:39:52 - [MESSAGE][PASSED] - Object: 'Object Repository/APOLLO- Desktop/Collection page/Blue shirt product' is clicked on

2019-06-25 14:39:52 - [TEST_STEP][PASSED] - delay(2): Delayed 2 second(s)

2019-06-25 14:39:54 - [MESSAGE][PASSED] - Delayed 2 second(s)

2019-06-25 14:39:54 - [TEST_STEP][PASSED] - selectOptionByValue(findTestObject("APOLLO- Desktop/Product page/Size dropdown"), "Medium", true): All options with value 'Medium' are selected in object 'Object Repository/APOLLO- Desktop/Product page/Size dropdown'  using regular expression

2019-06-25 14:39:55 - [MESSAGE][PASSED] - All options with value 'Medium' are selected in object 'Object Repository/APOLLO- Desktop/Product page/Size dropdown'  using regular expression

2019-06-25 14:39:55 - [TEST_STEP][PASSED] - delay(2): Delayed 2 second(s)

2019-06-25 14:39:57 - [MESSAGE][PASSED] - Delayed 2 second(s)

2019-06-25 14:39:57 - [TEST_STEP][PASSED] - click(findTestObject("APOLLO- Desktop/Product page/Add to bag")): Object: 'Object Repository/APOLLO- Desktop/Product page/Add to bag' is clicked on

2019-06-25 14:39:57 - [MESSAGE][PASSED] - Object: 'Object Repository/APOLLO- Desktop/Product page/Add to bag' is clicked on

2019-06-25 14:39:57 - [TEST_STEP][PASSED] - delay(2): Delayed 2 second(s)

2019-06-25 14:39:59 - [MESSAGE][PASSED] - Delayed 2 second(s)

2019-06-25 14:39:59 - [TEST_STEP][PASSED] - a = getText(findTestObject("APOLLO- Desktop/Cart flyout/Subtotal in cart flyout")): Text of object 'Object Repository/APOLLO- Desktop/Cart flyout/Subtotal in cart flyout' is: '$30.00'

2019-06-25 14:39:59 - [MESSAGE][PASSED] - Text of object 'Object Repository/APOLLO- Desktop/Cart flyout/Subtotal in cart flyout' is: '$30.00'

2019-06-25 14:39:59 - [TEST_STEP][PASSED] - comment("a=" + a): a=$30.00

2019-06-25 14:39:59 - [MESSAGE][INFO] - a=$30.00

2019-06-25 14:39:59 - [TEST_STEP][PASSED] - delay(2): Delayed 2 second(s)

2019-06-25 14:40:01 - [MESSAGE][PASSED] - Delayed 2 second(s)

2019-06-25 14:40:01 - [TEST_STEP][PASSED] - click(findTestObject("APOLLO- Desktop/Cart flyout/Increase quantity - cart flyout")): Object: 'Object Repository/APOLLO- Desktop/Cart flyout/Increase quantity - cart flyout' is clicked on

2019-06-25 14:40:01 - [MESSAGE][PASSED] - Object: 'Object Repository/APOLLO- Desktop/Cart flyout/Increase quantity - cart flyout' is clicked on

2019-06-25 14:40:01 - [TEST_STEP][PASSED] - delay(2): Delayed 2 second(s)

2019-06-25 14:40:03 - [MESSAGE][PASSED] - Delayed 2 second(s)

2019-06-25 14:40:03 - [TEST_STEP][PASSED] - click(findTestObject("APOLLO- Desktop/Cart flyout/Increase quantity - cart flyout")): Object: 'Object Repository/APOLLO- Desktop/Cart flyout/Increase quantity - cart flyout' is clicked on

2019-06-25 14:40:03 - [MESSAGE][PASSED] - Object: 'Object Repository/APOLLO- Desktop/Cart flyout/Increase quantity - cart flyout' is clicked on

2019-06-25 14:40:03 - [TEST_STEP][PASSED] - delay(2): Delayed 2 second(s)

2019-06-25 14:40:05 - [MESSAGE][PASSED] - Delayed 2 second(s)

2019-06-25 14:40:05 - [TEST_STEP][PASSED] - click(findTestObject("APOLLO- Desktop/random/Page_Apollo - Dark  Diff Apollo/CArt quanty update")): Object: 'Object Repository/APOLLO- Desktop/random/Page_Apollo - Dark  Diff Apollo/CArt quanty update' is clicked on

2019-06-25 14:40:05 - [MESSAGE][PASSED] - Object: 'Object Repository/APOLLO- Desktop/random/Page_Apollo - Dark  Diff Apollo/CArt quanty update' is clicked on

2019-06-25 14:40:05 - [TEST_STEP][PASSED] - delay(2): Delayed 2 second(s)

2019-06-25 14:40:07 - [MESSAGE][PASSED] - Delayed 2 second(s)

2019-06-25 14:40:07 - [TEST_STEP][PASSED] - click(findTestObject("APOLLO- Desktop/random/Page_Apollo - Dark  Diff Apollo/td_Wool Sweater")): Object: 'Object Repository/APOLLO- Desktop/random/Page_Apollo - Dark  Diff Apollo/td_Wool Sweater' is clicked on

2019-06-25 14:40:07 - [MESSAGE][PASSED] - Object: 'Object Repository/APOLLO- Desktop/random/Page_Apollo - Dark  Diff Apollo/td_Wool Sweater' is clicked on

2019-06-25 14:40:07 - [TEST_STEP][PASSED] - delay(2): Delayed 2 second(s)

2019-06-25 14:40:09 - [MESSAGE][PASSED] - Delayed 2 second(s)

2019-06-25 14:40:09 - [TEST_STEP][PASSED] - b = getText(findTestObject("APOLLO- Desktop/Cart flyout/Subtotal in cart flyout")): Text of object 'Object Repository/APOLLO- Desktop/Cart flyout/Subtotal in cart flyout' is: '$60.00'

2019-06-25 14:40:09 - [MESSAGE][PASSED] - Text of object 'Object Repository/APOLLO- Desktop/Cart flyout/Subtotal in cart flyout' is: '$60.00'

2019-06-25 14:40:09 - [TEST_STEP][PASSED] - comment("b=" + b): b=$60.00

2019-06-25 14:40:09 - [MESSAGE][INFO] - b=$60.00

2019-06-25 14:40:09 - [TEST_STEP][PASSED] - flag = verifyNotEqual("a", "b"): Actual object 'a' and expected object 'b' are not equal

2019-06-25 14:40:09 - [MESSAGE][PASSED] - Actual object 'a' and expected object 'b' are not equal

2019-06-25 14:40:09 - [TEST_STEP][PASSED] - if (flag == true): Quantity selector working

2019-06-25 14:40:09 - [TEST_STEP][PASSED] - comment("Quantity selector working"): Quantity selector working

2019-06-25 14:40:09 - [MESSAGE][INFO] - Quantity selector working

2019-06-25 14:40:09 - [TEST_STEP][PASSED] - delay(2): Delayed 2 second(s)

2019-06-25 14:40:11 - [MESSAGE][PASSED] - Delayed 2 second(s)

2019-06-25 14:40:11 - [TEST_STEP][PASSED] - click(findTestObject("APOLLO- Desktop/Cart flyout/Checkout")): Object: 'Object Repository/APOLLO- Desktop/Cart flyout/Checkout' is clicked on

2019-06-25 14:40:17 - [MESSAGE][PASSED] - Object: 'Object Repository/APOLLO- Desktop/Cart flyout/Checkout' is clicked on

2019-06-25 14:40:17 - [TEST_STEP][PASSED] - delay(2): Delayed 2 second(s)

2019-06-25 14:40:19 - [MESSAGE][PASSED] - Delayed 2 second(s)

2019-06-25 14:40:19 - [TEST_STEP][PASSED] - callTestCase(findTestCase("CALL- CUSTOMER INFO PAGE"), [:], STOP_ON_FAILURE): Call Test Case 'Test Cases/CALL- CUSTOMER INFO PAGE' successfully

2019-06-25 14:40:19 - [TEST_CASE][PASSED] - Test Cases/CALL- CUSTOMER INFO PAGE: Test Cases/CALL- CUSTOMER INFO PAGE

2019-06-25 14:40:19 - [TEST_STEP][PASSED] - delay(2): Delayed 2 second(s)

2019-06-25 14:40:21 - [MESSAGE][PASSED] - Delayed 2 second(s)

2019-06-25 14:40:21 - [TEST_STEP][NOT_RUN] - executeJavaScript("var previewBar = document.getElementById("preview-bar-iframe"); previewBar.style.display = "none";", []): NOT_RUN: executeJavaScript("var previewBar = document.getElementById("preview-bar-iframe"); previewBar.style.display = "none";", [])

2019-06-25 14:40:21 - [MESSAGE][NOT_RUN] - NOT_RUN: executeJavaScript("var previewBar = document.getElementById("preview-bar-iframe"); previewBar.style.display = "none";", [])

2019-06-25 14:40:21 - [TEST_STEP][PASSED] - setText(findTestObject("APOLLO- Desktop/Customer Information page/Email"), "suman@gmail.com"): Text 'suman@gmail.com' is set on object 'Object Repository/APOLLO- Desktop/Customer Information page/Email'

2019-06-25 14:40:21 - [MESSAGE][PASSED] - Text 'suman@gmail.com' is set on object 'Object Repository/APOLLO- Desktop/Customer Information page/Email'

2019-06-25 14:40:21 - [TEST_STEP][PASSED] - delay(2): Delayed 2 second(s)

2019-06-25 14:40:23 - [MESSAGE][PASSED] - Delayed 2 second(s)

2019-06-25 14:40:23 - [TEST_STEP][PASSED] - setText(findTestObject("APOLLO- Desktop/Customer Information page/First name"), "suman"): Text 'suman' is set on object 'Object Repository/APOLLO- Desktop/Customer Information page/First name'

2019-06-25 14:40:23 - [MESSAGE][PASSED] - Text 'suman' is set on object 'Object Repository/APOLLO- Desktop/Customer Information page/First name'

2019-06-25 14:40:23 - [TEST_STEP][PASSED] - delay(2): Delayed 2 second(s)

2019-06-25 14:40:25 - [MESSAGE][PASSED] - Delayed 2 second(s)

2019-06-25 14:40:25 - [TEST_STEP][PASSED] - setText(findTestObject("APOLLO- Desktop/Customer Information page/Last name"), "kompelly"): Text 'kompelly' is set on object 'Object Repository/APOLLO- Desktop/Customer Information page/Last name'

2019-06-25 14:40:25 - [MESSAGE][PASSED] - Text 'kompelly' is set on object 'Object Repository/APOLLO- Desktop/Customer Information page/Last name'

2019-06-25 14:40:25 - [TEST_STEP][PASSED] - delay(2): Delayed 2 second(s)

2019-06-25 14:40:27 - [MESSAGE][PASSED] - Delayed 2 second(s)

2019-06-25 14:40:27 - [TEST_STEP][PASSED] - setText(findTestObject("APOLLO- Desktop/Customer Information page/Address"), "1435 st alxendre"): Text '1435 st alxendre' is set on object 'Object Repository/APOLLO- Desktop/Customer Information page/Address'

2019-06-25 14:40:28 - [MESSAGE][PASSED] - Text '1435 st alxendre' is set on object 'Object Repository/APOLLO- Desktop/Customer Information page/Address'

2019-06-25 14:40:28 - [TEST_STEP][PASSED] - setText(findTestObject("APOLLO- Desktop/Customer Information page/Apartment"), "220"): Text '220' is set on object 'Object Repository/APOLLO- Desktop/Customer Information page/Apartment'

2019-06-25 14:40:28 - [MESSAGE][PASSED] - Text '220' is set on object 'Object Repository/APOLLO- Desktop/Customer Information page/Apartment'

2019-06-25 14:40:28 - [TEST_STEP][PASSED] - setText(findTestObject("APOLLO- Desktop/Customer Information page/City"), "montreal"): Text 'montreal' is set on object 'Object Repository/APOLLO- Desktop/Customer Information page/City'

2019-06-25 14:40:28 - [MESSAGE][PASSED] - Text 'montreal' is set on object 'Object Repository/APOLLO- Desktop/Customer Information page/City'

2019-06-25 14:40:28 - [TEST_STEP][PASSED] - selectOptionByValue(findTestObject("APOLLO- Desktop/Customer Information page/Country dropdown"), "United States", true): All options with value 'United States' are selected in object 'Object Repository/APOLLO- Desktop/Customer Information page/Country dropdown'  using regular expression

2019-06-25 14:40:37 - [MESSAGE][PASSED] - All options with value 'United States' are selected in object 'Object Repository/APOLLO- Desktop/Customer Information page/Country dropdown'  using regular expression

2019-06-25 14:40:37 - [TEST_STEP][PASSED] - selectOptionByValue(findTestObject("APOLLO- Desktop/Customer Information page/states dropdown"), "NJ", true): All options with value 'NJ' are selected in object 'Object Repository/APOLLO- Desktop/Customer Information page/states dropdown'  using regular expression

2019-06-25 14:40:38 - [MESSAGE][PASSED] - All options with value 'NJ' are selected in object 'Object Repository/APOLLO- Desktop/Customer Information page/states dropdown'  using regular expression

2019-06-25 14:40:38 - [TEST_STEP][PASSED] - setText(findTestObject("APOLLO- Desktop/Customer Information page/ZIP code"), "07057"): Text '07057' is set on object 'Object Repository/APOLLO- Desktop/Customer Information page/ZIP code'

2019-06-25 14:40:39 - [MESSAGE][PASSED] - Text '07057' is set on object 'Object Repository/APOLLO- Desktop/Customer Information page/ZIP code'

2019-06-25 14:40:39 - [MESSAGE][PASSED] - Call Test Case 'Test Cases/CALL- CUSTOMER INFO PAGE' successfully

2019-06-25 14:40:39 - [TEST_STEP][PASSED] - delay(2): Delayed 2 second(s)

2019-06-25 14:40:41 - [MESSAGE][PASSED] - Delayed 2 second(s)

2019-06-25 14:40:41 - [TEST_STEP][PASSED] - callTestCase(findTestCase("CALL - SHIPPING TO PAYMENT"), [:], STOP_ON_FAILURE): Call Test Case 'Test Cases/CALL - SHIPPING TO PAYMENT' successfully

2019-06-25 14:40:41 - [TEST_CASE][PASSED] - Test Cases/CALL - SHIPPING TO PAYMENT: Test Cases/CALL - SHIPPING TO PAYMENT

2019-06-25 14:40:41 - [TEST_STEP][PASSED] - click(findTestObject("APOLLO- Desktop/Customer Information page/Continue to shipping")): Object: 'Object Repository/APOLLO- Desktop/Customer Information page/Continue to shipping' is clicked on

2019-06-25 14:40:41 - [MESSAGE][PASSED] - Object: 'Object Repository/APOLLO- Desktop/Customer Information page/Continue to shipping' is clicked on

2019-06-25 14:40:41 - [TEST_STEP][NOT_RUN] - executeJavaScript("var previewBar = document.getElementById("preview-bar-iframe"); previewBar.style.display = "none";", []): NOT_RUN: executeJavaScript("var previewBar = document.getElementById("preview-bar-iframe"); previewBar.style.display = "none";", [])

2019-06-25 14:40:41 - [MESSAGE][NOT_RUN] - NOT_RUN: executeJavaScript("var previewBar = document.getElementById("preview-bar-iframe"); previewBar.style.display = "none";", [])

2019-06-25 14:40:41 - [TEST_STEP][PASSED] - click(findTestObject("APOLLO- Desktop/Shipping page/Radio button check")): Object: 'Object Repository/APOLLO- Desktop/Shipping page/Radio button check' is clicked on

2019-06-25 14:40:47 - [MESSAGE][PASSED] - Object: 'Object Repository/APOLLO- Desktop/Shipping page/Radio button check' is clicked on

2019-06-25 14:40:47 - [TEST_STEP][NOT_RUN] - executeJavaScript("var previewBar = document.getElementById("preview-bar-iframe"); previewBar.style.display = "none";", []): NOT_RUN: executeJavaScript("var previewBar = document.getElementById("preview-bar-iframe"); previewBar.style.display = "none";", [])

2019-06-25 14:40:47 - [MESSAGE][NOT_RUN] - NOT_RUN: executeJavaScript("var previewBar = document.getElementById("preview-bar-iframe"); previewBar.style.display = "none";", [])

2019-06-25 14:40:47 - [TEST_STEP][PASSED] - click(findTestObject("APOLLO- Desktop/Shipping page/Continue to payment")): Object: 'Object Repository/APOLLO- Desktop/Shipping page/Continue to payment' is clicked on

2019-06-25 14:40:47 - [MESSAGE][PASSED] - Object: 'Object Repository/APOLLO- Desktop/Shipping page/Continue to payment' is clicked on

2019-06-25 14:40:47 - [TEST_STEP][NOT_RUN] - executeJavaScript("var previewBar = document.getElementById("preview-bar-iframe"); previewBar.style.display = "none";", []): NOT_RUN: executeJavaScript("var previewBar = document.getElementById("preview-bar-iframe"); previewBar.style.display = "none";", [])

2019-06-25 14:40:47 - [MESSAGE][NOT_RUN] - NOT_RUN: executeJavaScript("var previewBar = document.getElementById("preview-bar-iframe"); previewBar.style.display = "none";", [])

2019-06-25 14:40:47 - [TEST_STEP][PASSED] - click(findTestObject("APOLLO- Desktop/payment page/Payment section")): Object: 'Object Repository/APOLLO- Desktop/payment page/Payment section' is clicked on

2019-06-25 14:40:49 - [MESSAGE][PASSED] - Object: 'Object Repository/APOLLO- Desktop/payment page/Payment section' is clicked on

2019-06-25 14:40:49 - [MESSAGE][PASSED] - Call Test Case 'Test Cases/CALL - SHIPPING TO PAYMENT' successfully]]></system-out>
         <system-err><![CDATA[]]></system-err>
      </testcase>
      <testcase name="Test Cases/CRITICAL PATH/Adding diff prods to cart" classname="Test Cases/CRITICAL PATH/Adding diff prods to cart" status="FAILED">
         <failure type="FAILED" message="Test Cases/CRITICAL PATH/Adding diff prods to cart FAILED.
Reason:
com.kms.katalon.core.exception.StepFailedException: Unable to select option by value 'Large' of object 'Object Repository/APOLLO- Desktop/Product page/Size dropdown'  using regular expression (Root cause: org.openqa.selenium.WebDriverException: 
Build info: version: '3.7.1', revision: '8a0099a', time: '2017-11-06T21:07:36.161Z'
System info: host: 'sumans-MacBook-Pro.local', ip: 'fe80:0:0:0:b7:68e8:717b:cb34%en0', os.name: 'Mac OS X', os.arch: 'x86_64', os.version: '10.13.6', java.version: '1.8.0_181'
Driver info: com.kms.katalon.selenium.driver.CSafariDriver
Capabilities {acceptInsecureCerts: false, browserName: Safari, browserVersion: 12.1, javascriptEnabled: true, platform: MAC, platformName: MAC, safari:automaticInspection: false, safari:automaticProfiling: false, safari:diagnose: false, setWindowRect: true, strictFileInteractability: false, webkit:WebRTC: {DisableICECandidateFiltering: false, DisableInsecureMediaCapture: false}}
Session ID: 5E4973D0-8952-46CD-9D73-B3793F0F70A4)
	at com.kms.katalon.core.keyword.internal.KeywordMain.stepFailed(KeywordMain.groovy:36)
	at com.kms.katalon.core.webui.keyword.internal.WebUIKeywordMain.stepFailed(WebUIKeywordMain.groovy:65)
	at com.kms.katalon.core.webui.keyword.internal.WebUIKeywordMain.runKeyword(WebUIKeywordMain.groovy:27)
	at com.kms.katalon.core.webui.keyword.builtin.SelectOptionByValueKeyword.selectOptionByValue(SelectOptionByValueKeyword.groovy:99)
	at com.kms.katalon.core.webui.keyword.builtin.SelectOptionByValueKeyword.execute(SelectOptionByValueKeyword.groovy:71)
	at com.kms.katalon.core.keyword.internal.KeywordExecutor.executeKeywordForPlatform(KeywordExecutor.groovy:53)
	at com.kms.katalon.core.webui.keyword.WebUiBuiltInKeywords.selectOptionByValue(WebUiBuiltInKeywords.groovy:1138)
	at com.kms.katalon.core.webui.keyword.WebUiBuiltInKeywords$selectOptionByValue$12.call(Unknown Source)
	at Adding diff prods to cart.run(Adding diff prods to cart:52)
	at com.kms.katalon.core.main.ScriptEngine.run(ScriptEngine.java:194)
	at com.kms.katalon.core.main.ScriptEngine.runScriptAsRawText(ScriptEngine.java:119)
	at com.kms.katalon.core.main.TestCaseExecutor.runScript(TestCaseExecutor.java:328)
	at com.kms.katalon.core.main.TestCaseExecutor.doExecute(TestCaseExecutor.java:319)
	at com.kms.katalon.core.main.TestCaseExecutor.processExecutionPhase(TestCaseExecutor.java:298)
	at com.kms.katalon.core.main.TestCaseExecutor.accessMainPhase(TestCaseExecutor.java:290)
	at com.kms.katalon.core.main.TestCaseExecutor.execute(TestCaseExecutor.java:224)
	at com.kms.katalon.core.main.TestSuiteExecutor.accessTestCaseMainPhase(TestSuiteExecutor.java:129)
	at com.kms.katalon.core.main.TestSuiteExecutor.accessTestSuiteMainPhase(TestSuiteExecutor.java:112)
	at com.kms.katalon.core.main.TestSuiteExecutor.execute(TestSuiteExecutor.java:81)
	at com.kms.katalon.core.main.TestCaseMain.startTestSuite(TestCaseMain.java:149)
	at com.kms.katalon.core.main.TestCaseMain$startTestSuite$0.call(Unknown Source)
	at TempTestSuite1561486823730.run(TempTestSuite1561486823730.groovy:36)
"/>
         <system-out><![CDATA[2019-06-25 14:40:49 - [TEST_CASE][FAILED] - Test Cases/CRITICAL PATH/Adding diff prods to cart: Test Cases/CRITICAL PATH/Adding diff prods to cart FAILED.
Reason:
com.kms.katalon.core.exception.StepFailedException: Unable to select option by value 'Large' of object 'Object Repository/APOLLO- Desktop/Product page/Size dropdown'  using regular expression (Root cause: org.openqa.selenium.WebDriverException: 
Build info: version: '3.7.1', revision: '8a0099a', time: '2017-11-06T21:07:36.161Z'
System info: host: 'sumans-MacBook-Pro.local', ip: 'fe80:0:0:0:b7:68e8:717b:cb34%en0', os.name: 'Mac OS X', os.arch: 'x86_64', os.version: '10.13.6', java.version: '1.8.0_181'
Driver info: com.kms.katalon.selenium.driver.CSafariDriver
Capabilities {acceptInsecureCerts: false, browserName: Safari, browserVersion: 12.1, javascriptEnabled: true, platform: MAC, platformName: MAC, safari:automaticInspection: false, safari:automaticProfiling: false, safari:diagnose: false, setWindowRect: true, strictFileInteractability: false, webkit:WebRTC: {DisableICECandidateFiltering: false, DisableInsecureMediaCapture: false}}
Session ID: 5E4973D0-8952-46CD-9D73-B3793F0F70A4)
	at com.kms.katalon.core.keyword.internal.KeywordMain.stepFailed(KeywordMain.groovy:36)
	at com.kms.katalon.core.webui.keyword.internal.WebUIKeywordMain.stepFailed(WebUIKeywordMain.groovy:65)
	at com.kms.katalon.core.webui.keyword.internal.WebUIKeywordMain.runKeyword(WebUIKeywordMain.groovy:27)
	at com.kms.katalon.core.webui.keyword.builtin.SelectOptionByValueKeyword.selectOptionByValue(SelectOptionByValueKeyword.groovy:99)
	at com.kms.katalon.core.webui.keyword.builtin.SelectOptionByValueKeyword.execute(SelectOptionByValueKeyword.groovy:71)
	at com.kms.katalon.core.keyword.internal.KeywordExecutor.executeKeywordForPlatform(KeywordExecutor.groovy:53)
	at com.kms.katalon.core.webui.keyword.WebUiBuiltInKeywords.selectOptionByValue(WebUiBuiltInKeywords.groovy:1138)
	at com.kms.katalon.core.webui.keyword.WebUiBuiltInKeywords$selectOptionByValue$12.call(Unknown Source)
	at Adding diff prods to cart.run(Adding diff prods to cart:52)
	at com.kms.katalon.core.main.ScriptEngine.run(ScriptEngine.java:194)
	at com.kms.katalon.core.main.ScriptEngine.runScriptAsRawText(ScriptEngine.java:119)
	at com.kms.katalon.core.main.TestCaseExecutor.runScript(TestCaseExecutor.java:328)
	at com.kms.katalon.core.main.TestCaseExecutor.doExecute(TestCaseExecutor.java:319)
	at com.kms.katalon.core.main.TestCaseExecutor.processExecutionPhase(TestCaseExecutor.java:298)
	at com.kms.katalon.core.main.TestCaseExecutor.accessMainPhase(TestCaseExecutor.java:290)
	at com.kms.katalon.core.main.TestCaseExecutor.execute(TestCaseExecutor.java:224)
	at com.kms.katalon.core.main.TestSuiteExecutor.accessTestCaseMainPhase(TestSuiteExecutor.java:129)
	at com.kms.katalon.core.main.TestSuiteExecutor.accessTestSuiteMainPhase(TestSuiteExecutor.java:112)
	at com.kms.katalon.core.main.TestSuiteExecutor.execute(TestSuiteExecutor.java:81)
	at com.kms.katalon.core.main.TestCaseMain.startTestSuite(TestCaseMain.java:149)
	at com.kms.katalon.core.main.TestCaseMain$startTestSuite$0.call(Unknown Source)
	at TempTestSuite1561486823730.run(TempTestSuite1561486823730.groovy:36)


2019-06-25 14:40:49 - [TEST_STEP][PASSED] - callTestCase(findTestCase("CALL - URL"), [:], STOP_ON_FAILURE): Call Test Case 'Test Cases/CALL - URL' successfully

2019-06-25 14:40:49 - [TEST_CASE][PASSED] - Test Cases/CALL - URL: Test Cases/CALL - URL

2019-06-25 14:40:49 - [TEST_STEP][PASSED] - openBrowser(""): Browser is opened with url: ''

2019-06-25 14:40:49 - [MESSAGE][WARNING] - A browser is already opened. Closing browser and opening a new one

2019-06-25 14:40:49 - [MESSAGE][INFO] - Starting 'Safari' driver

2019-06-25 14:40:50 - [MESSAGE][PASSED] - Browser is opened with url: ''

2019-06-25 14:40:50 - [TEST_STEP][PASSED] - navigateToUrl("https://diff-apollo.myshopify.com/?key=eec34184cfd8f82cda816f82753a8c8e9e240f30cf54470e19667b8cbb401948&preview_theme_id="): Navigate to 'https://diff-apollo.myshopify.com/?key=eec34184cfd8f82cda816f82753a8c8e9e240f30cf54470e19667b8cbb401948&preview_theme_id=' successfully

2019-06-25 14:40:52 - [MESSAGE][PASSED] - Navigate to 'https://diff-apollo.myshopify.com/?key=eec34184cfd8f82cda816f82753a8c8e9e240f30cf54470e19667b8cbb401948&preview_theme_id=' successfully

2019-06-25 14:40:52 - [TEST_STEP][NOT_RUN] - executeJavaScript("var previewBar = document.getElementById("preview-bar-iframe"); previewBar.style.display = "none";", []): NOT_RUN: executeJavaScript("var previewBar = document.getElementById("preview-bar-iframe"); previewBar.style.display = "none";", [])

2019-06-25 14:40:52 - [MESSAGE][NOT_RUN] - NOT_RUN: executeJavaScript("var previewBar = document.getElementById("preview-bar-iframe"); previewBar.style.display = "none";", [])

2019-06-25 14:40:52 - [TEST_STEP][PASSED] - maximizeWindow(): Current window maximized

2019-06-25 14:40:52 - [MESSAGE][PASSED] - Current window maximized

2019-06-25 14:40:52 - [MESSAGE][PASSED] - Call Test Case 'Test Cases/CALL - URL' successfully

2019-06-25 14:40:52 - [TEST_STEP][PASSED] - click(findTestObject("APOLLO- Desktop/Burger Menu/Burgermenu")): Object: 'Object Repository/APOLLO- Desktop/Burger Menu/Burgermenu' is clicked on

2019-06-25 14:40:54 - [MESSAGE][PASSED] - Object: 'Object Repository/APOLLO- Desktop/Burger Menu/Burgermenu' is clicked on

2019-06-25 14:40:54 - [TEST_STEP][PASSED] - delay(2): Delayed 2 second(s)

2019-06-25 14:40:56 - [MESSAGE][PASSED] - Delayed 2 second(s)

2019-06-25 14:40:56 - [TEST_STEP][PASSED] - click(findTestObject("APOLLO- Desktop/Burger Menu/Mens chevron")): Object: 'Object Repository/APOLLO- Desktop/Burger Menu/Mens chevron' is clicked on

2019-06-25 14:40:56 - [MESSAGE][PASSED] - Object: 'Object Repository/APOLLO- Desktop/Burger Menu/Mens chevron' is clicked on

2019-06-25 14:40:56 - [TEST_STEP][PASSED] - delay(2): Delayed 2 second(s)

2019-06-25 14:40:58 - [MESSAGE][PASSED] - Delayed 2 second(s)

2019-06-25 14:40:58 - [TEST_STEP][PASSED] - click(findTestObject("APOLLO- Desktop/Burger Menu/Mens - Top Chevron")): Object: 'Object Repository/APOLLO- Desktop/Burger Menu/Mens - Top Chevron' is clicked on

2019-06-25 14:41:01 - [MESSAGE][PASSED] - Object: 'Object Repository/APOLLO- Desktop/Burger Menu/Mens - Top Chevron' is clicked on

2019-06-25 14:41:01 - [TEST_STEP][PASSED] - delay(2): Delayed 2 second(s)

2019-06-25 14:41:03 - [MESSAGE][PASSED] - Delayed 2 second(s)

2019-06-25 14:41:03 - [TEST_STEP][PASSED] - click(findTestObject("APOLLO- Desktop/Burger Menu/Shirts link")): Object: 'Object Repository/APOLLO- Desktop/Burger Menu/Shirts link' is clicked on

2019-06-25 14:41:04 - [MESSAGE][PASSED] - Object: 'Object Repository/APOLLO- Desktop/Burger Menu/Shirts link' is clicked on

2019-06-25 14:41:04 - [TEST_STEP][NOT_RUN] - executeJavaScript("var previewBar = document.getElementById("preview-bar-iframe"); previewBar.style.display = "none";", []): NOT_RUN: executeJavaScript("var previewBar = document.getElementById("preview-bar-iframe"); previewBar.style.display = "none";", [])

2019-06-25 14:41:04 - [MESSAGE][NOT_RUN] - NOT_RUN: executeJavaScript("var previewBar = document.getElementById("preview-bar-iframe"); previewBar.style.display = "none";", [])

2019-06-25 14:41:04 - [TEST_STEP][PASSED] - delay(2): Delayed 2 second(s)

2019-06-25 14:41:06 - [MESSAGE][PASSED] - Delayed 2 second(s)

2019-06-25 14:41:06 - [TEST_STEP][PASSED] - click(findTestObject("APOLLO- Desktop/Collection page/Blue shirt product")): Object: 'Object Repository/APOLLO- Desktop/Collection page/Blue shirt product' is clicked on

2019-06-25 14:41:10 - [MESSAGE][PASSED] - Object: 'Object Repository/APOLLO- Desktop/Collection page/Blue shirt product' is clicked on

2019-06-25 14:41:10 - [TEST_STEP][NOT_RUN] - executeJavaScript("var previewBar = document.getElementById("preview-bar-iframe"); previewBar.style.display = "none";", []): NOT_RUN: executeJavaScript("var previewBar = document.getElementById("preview-bar-iframe"); previewBar.style.display = "none";", [])

2019-06-25 14:41:10 - [MESSAGE][NOT_RUN] - NOT_RUN: executeJavaScript("var previewBar = document.getElementById("preview-bar-iframe"); previewBar.style.display = "none";", [])

2019-06-25 14:41:10 - [TEST_STEP][PASSED] - delay(2): Delayed 2 second(s)

2019-06-25 14:41:12 - [MESSAGE][PASSED] - Delayed 2 second(s)

2019-06-25 14:41:12 - [TEST_STEP][PASSED] - selectOptionByValue(findTestObject("APOLLO- Desktop/Product page/Size dropdown"), "Medium", true): All options with value 'Medium' are selected in object 'Object Repository/APOLLO- Desktop/Product page/Size dropdown'  using regular expression

2019-06-25 14:41:12 - [MESSAGE][PASSED] - All options with value 'Medium' are selected in object 'Object Repository/APOLLO- Desktop/Product page/Size dropdown'  using regular expression

2019-06-25 14:41:12 - [TEST_STEP][PASSED] - delay(2): Delayed 2 second(s)

2019-06-25 14:41:14 - [MESSAGE][PASSED] - Delayed 2 second(s)

2019-06-25 14:41:14 - [TEST_STEP][PASSED] - click(findTestObject("APOLLO- Desktop/Product page/Add to bag")): Object: 'Object Repository/APOLLO- Desktop/Product page/Add to bag' is clicked on

2019-06-25 14:41:14 - [MESSAGE][PASSED] - Object: 'Object Repository/APOLLO- Desktop/Product page/Add to bag' is clicked on

2019-06-25 14:41:14 - [TEST_STEP][PASSED] - delay(2): Delayed 2 second(s)

2019-06-25 14:41:16 - [MESSAGE][PASSED] - Delayed 2 second(s)

2019-06-25 14:41:16 - [TEST_STEP][FAILED] - selectOptionByValue(findTestObject("APOLLO- Desktop/Product page/Size dropdown"), "Large", true): selectOptionByValue(findTestObject("APOLLO- Desktop/Product page/Size dropdown"), "Large", true) FAILED.
Reason:
com.kms.katalon.core.exception.StepFailedException: Unable to select option by value 'Large' of object 'Object Repository/APOLLO- Desktop/Product page/Size dropdown'  using regular expression (Root cause: org.openqa.selenium.WebDriverException: 
Build info: version: '3.7.1', revision: '8a0099a', time: '2017-11-06T21:07:36.161Z'
System info: host: 'sumans-MacBook-Pro.local', ip: 'fe80:0:0:0:b7:68e8:717b:cb34%en0', os.name: 'Mac OS X', os.arch: 'x86_64', os.version: '10.13.6', java.version: '1.8.0_181'
Driver info: com.kms.katalon.selenium.driver.CSafariDriver
Capabilities {acceptInsecureCerts: false, browserName: Safari, browserVersion: 12.1, javascriptEnabled: true, platform: MAC, platformName: MAC, safari:automaticInspection: false, safari:automaticProfiling: false, safari:diagnose: false, setWindowRect: true, strictFileInteractability: false, webkit:WebRTC: {DisableICECandidateFiltering: false, DisableInsecureMediaCapture: false}}
Session ID: 5E4973D0-8952-46CD-9D73-B3793F0F70A4)
	at com.kms.katalon.core.keyword.internal.KeywordMain.stepFailed(KeywordMain.groovy:36)
	at com.kms.katalon.core.webui.keyword.internal.WebUIKeywordMain.stepFailed(WebUIKeywordMain.groovy:65)
	at com.kms.katalon.core.webui.keyword.internal.WebUIKeywordMain.runKeyword(WebUIKeywordMain.groovy:27)
	at com.kms.katalon.core.webui.keyword.builtin.SelectOptionByValueKeyword.selectOptionByValue(SelectOptionByValueKeyword.groovy:99)
	at com.kms.katalon.core.webui.keyword.builtin.SelectOptionByValueKeyword.execute(SelectOptionByValueKeyword.groovy:71)
	at com.kms.katalon.core.keyword.internal.KeywordExecutor.executeKeywordForPlatform(KeywordExecutor.groovy:53)
	at com.kms.katalon.core.webui.keyword.WebUiBuiltInKeywords.selectOptionByValue(WebUiBuiltInKeywords.groovy:1138)
	at com.kms.katalon.core.webui.keyword.WebUiBuiltInKeywords$selectOptionByValue$12.call(Unknown Source)
	at Adding diff prods to cart.run(Adding diff prods to cart:52)
	at com.kms.katalon.core.main.ScriptEngine.run(ScriptEngine.java:194)
	at com.kms.katalon.core.main.ScriptEngine.runScriptAsRawText(ScriptEngine.java:119)
	at com.kms.katalon.core.main.TestCaseExecutor.runScript(TestCaseExecutor.java:328)
	at com.kms.katalon.core.main.TestCaseExecutor.doExecute(TestCaseExecutor.java:319)
	at com.kms.katalon.core.main.TestCaseExecutor.processExecutionPhase(TestCaseExecutor.java:298)
	at com.kms.katalon.core.main.TestCaseExecutor.accessMainPhase(TestCaseExecutor.java:290)
	at com.kms.katalon.core.main.TestCaseExecutor.execute(TestCaseExecutor.java:224)
	at com.kms.katalon.core.main.TestSuiteExecutor.accessTestCaseMainPhase(TestSuiteExecutor.java:129)
	at com.kms.katalon.core.main.TestSuiteExecutor.accessTestSuiteMainPhase(TestSuiteExecutor.java:112)
	at com.kms.katalon.core.main.TestSuiteExecutor.execute(TestSuiteExecutor.java:81)
	at com.kms.katalon.core.main.TestCaseMain.startTestSuite(TestCaseMain.java:149)
	at com.kms.katalon.core.main.TestCaseMain$startTestSuite$0.call(Unknown Source)
	at TempTestSuite1561486823730.run(TempTestSuite1561486823730.groovy:36)


2019-06-25 14:41:17 - [MESSAGE][FAILED] - Unable to select option by value 'Large' of object 'Object Repository/APOLLO- Desktop/Product page/Size dropdown'  using regular expression (Root cause: org.openqa.selenium.WebDriverException: 
Build info: version: '3.7.1', revision: '8a0099a', time: '2017-11-06T21:07:36.161Z'
System info: host: 'sumans-MacBook-Pro.local', ip: 'fe80:0:0:0:b7:68e8:717b:cb34%en0', os.name: 'Mac OS X', os.arch: 'x86_64', os.version: '10.13.6', java.version: '1.8.0_181'
Driver info: com.kms.katalon.selenium.driver.CSafariDriver
Capabilities {acceptInsecureCerts: false, browserName: Safari, browserVersion: 12.1, javascriptEnabled: true, platform: MAC, platformName: MAC, safari:automaticInspection: false, safari:automaticProfiling: false, safari:diagnose: false, setWindowRect: true, strictFileInteractability: false, webkit:WebRTC: {DisableICECandidateFiltering: false, DisableInsecureMediaCapture: false}}
Session ID: 5E4973D0-8952-46CD-9D73-B3793F0F70A4)
[[ATTACHMENT|/Users/sumankompelly/Katalon Studio/APOLLO/Reports/Apollo - dark build/20190625_142023/1561488077007.png]]

2019-06-25 14:41:17 - [MESSAGE][FAILED] - selectOptionByValue(findTestObject("APOLLO- Desktop/Product page/Size dropdown"), "Large", true) FAILED.
Reason:
com.kms.katalon.core.exception.StepFailedException: Unable to select option by value 'Large' of object 'Object Repository/APOLLO- Desktop/Product page/Size dropdown'  using regular expression (Root cause: org.openqa.selenium.WebDriverException: 
Build info: version: '3.7.1', revision: '8a0099a', time: '2017-11-06T21:07:36.161Z'
System info: host: 'sumans-MacBook-Pro.local', ip: 'fe80:0:0:0:b7:68e8:717b:cb34%en0', os.name: 'Mac OS X', os.arch: 'x86_64', os.version: '10.13.6', java.version: '1.8.0_181'
Driver info: com.kms.katalon.selenium.driver.CSafariDriver
Capabilities {acceptInsecureCerts: false, browserName: Safari, browserVersion: 12.1, javascriptEnabled: true, platform: MAC, platformName: MAC, safari:automaticInspection: false, safari:automaticProfiling: false, safari:diagnose: false, setWindowRect: true, strictFileInteractability: false, webkit:WebRTC: {DisableICECandidateFiltering: false, DisableInsecureMediaCapture: false}}
Session ID: 5E4973D0-8952-46CD-9D73-B3793F0F70A4)
	at com.kms.katalon.core.keyword.internal.KeywordMain.stepFailed(KeywordMain.groovy:36)
	at com.kms.katalon.core.webui.keyword.internal.WebUIKeywordMain.stepFailed(WebUIKeywordMain.groovy:65)
	at com.kms.katalon.core.webui.keyword.internal.WebUIKeywordMain.runKeyword(WebUIKeywordMain.groovy:27)
	at com.kms.katalon.core.webui.keyword.builtin.SelectOptionByValueKeyword.selectOptionByValue(SelectOptionByValueKeyword.groovy:99)
	at com.kms.katalon.core.webui.keyword.builtin.SelectOptionByValueKeyword.execute(SelectOptionByValueKeyword.groovy:71)
	at com.kms.katalon.core.keyword.internal.KeywordExecutor.executeKeywordForPlatform(KeywordExecutor.groovy:53)
	at com.kms.katalon.core.webui.keyword.WebUiBuiltInKeywords.selectOptionByValue(WebUiBuiltInKeywords.groovy:1138)
	at com.kms.katalon.core.webui.keyword.WebUiBuiltInKeywords$selectOptionByValue$12.call(Unknown Source)
	at Adding diff prods to cart.run(Adding diff prods to cart:52)
	at com.kms.katalon.core.main.ScriptEngine.run(ScriptEngine.java:194)
	at com.kms.katalon.core.main.ScriptEngine.runScriptAsRawText(ScriptEngine.java:119)
	at com.kms.katalon.core.main.TestCaseExecutor.runScript(TestCaseExecutor.java:328)
	at com.kms.katalon.core.main.TestCaseExecutor.doExecute(TestCaseExecutor.java:319)
	at com.kms.katalon.core.main.TestCaseExecutor.processExecutionPhase(TestCaseExecutor.java:298)
	at com.kms.katalon.core.main.TestCaseExecutor.accessMainPhase(TestCaseExecutor.java:290)
	at com.kms.katalon.core.main.TestCaseExecutor.execute(TestCaseExecutor.java:224)
	at com.kms.katalon.core.main.TestSuiteExecutor.accessTestCaseMainPhase(TestSuiteExecutor.java:129)
	at com.kms.katalon.core.main.TestSuiteExecutor.accessTestSuiteMainPhase(TestSuiteExecutor.java:112)
	at com.kms.katalon.core.main.TestSuiteExecutor.execute(TestSuiteExecutor.java:81)
	at com.kms.katalon.core.main.TestCaseMain.startTestSuite(TestCaseMain.java:149)
	at com.kms.katalon.core.main.TestCaseMain$startTestSuite$0.call(Unknown Source)
	at TempTestSuite1561486823730.run(TempTestSuite1561486823730.groovy:36)]]></system-out>
         <system-err><![CDATA[2019-06-25 14:40:49 - [TEST_CASE][FAILED] - Test Cases/CRITICAL PATH/Adding diff prods to cart: Test Cases/CRITICAL PATH/Adding diff prods to cart FAILED.
Reason:
com.kms.katalon.core.exception.StepFailedException: Unable to select option by value 'Large' of object 'Object Repository/APOLLO- Desktop/Product page/Size dropdown'  using regular expression (Root cause: org.openqa.selenium.WebDriverException: 
Build info: version: '3.7.1', revision: '8a0099a', time: '2017-11-06T21:07:36.161Z'
System info: host: 'sumans-MacBook-Pro.local', ip: 'fe80:0:0:0:b7:68e8:717b:cb34%en0', os.name: 'Mac OS X', os.arch: 'x86_64', os.version: '10.13.6', java.version: '1.8.0_181'
Driver info: com.kms.katalon.selenium.driver.CSafariDriver
Capabilities {acceptInsecureCerts: false, browserName: Safari, browserVersion: 12.1, javascriptEnabled: true, platform: MAC, platformName: MAC, safari:automaticInspection: false, safari:automaticProfiling: false, safari:diagnose: false, setWindowRect: true, strictFileInteractability: false, webkit:WebRTC: {DisableICECandidateFiltering: false, DisableInsecureMediaCapture: false}}
Session ID: 5E4973D0-8952-46CD-9D73-B3793F0F70A4)
	at com.kms.katalon.core.keyword.internal.KeywordMain.stepFailed(KeywordMain.groovy:36)
	at com.kms.katalon.core.webui.keyword.internal.WebUIKeywordMain.stepFailed(WebUIKeywordMain.groovy:65)
	at com.kms.katalon.core.webui.keyword.internal.WebUIKeywordMain.runKeyword(WebUIKeywordMain.groovy:27)
	at com.kms.katalon.core.webui.keyword.builtin.SelectOptionByValueKeyword.selectOptionByValue(SelectOptionByValueKeyword.groovy:99)
	at com.kms.katalon.core.webui.keyword.builtin.SelectOptionByValueKeyword.execute(SelectOptionByValueKeyword.groovy:71)
	at com.kms.katalon.core.keyword.internal.KeywordExecutor.executeKeywordForPlatform(KeywordExecutor.groovy:53)
	at com.kms.katalon.core.webui.keyword.WebUiBuiltInKeywords.selectOptionByValue(WebUiBuiltInKeywords.groovy:1138)
	at com.kms.katalon.core.webui.keyword.WebUiBuiltInKeywords$selectOptionByValue$12.call(Unknown Source)
	at Adding diff prods to cart.run(Adding diff prods to cart:52)
	at com.kms.katalon.core.main.ScriptEngine.run(ScriptEngine.java:194)
	at com.kms.katalon.core.main.ScriptEngine.runScriptAsRawText(ScriptEngine.java:119)
	at com.kms.katalon.core.main.TestCaseExecutor.runScript(TestCaseExecutor.java:328)
	at com.kms.katalon.core.main.TestCaseExecutor.doExecute(TestCaseExecutor.java:319)
	at com.kms.katalon.core.main.TestCaseExecutor.processExecutionPhase(TestCaseExecutor.java:298)
	at com.kms.katalon.core.main.TestCaseExecutor.accessMainPhase(TestCaseExecutor.java:290)
	at com.kms.katalon.core.main.TestCaseExecutor.execute(TestCaseExecutor.java:224)
	at com.kms.katalon.core.main.TestSuiteExecutor.accessTestCaseMainPhase(TestSuiteExecutor.java:129)
	at com.kms.katalon.core.main.TestSuiteExecutor.accessTestSuiteMainPhase(TestSuiteExecutor.java:112)
	at com.kms.katalon.core.main.TestSuiteExecutor.execute(TestSuiteExecutor.java:81)
	at com.kms.katalon.core.main.TestCaseMain.startTestSuite(TestCaseMain.java:149)
	at com.kms.katalon.core.main.TestCaseMain$startTestSuite$0.call(Unknown Source)
	at TempTestSuite1561486823730.run(TempTestSuite1561486823730.groovy:36)]]></system-err>
      </testcase>
      <testcase name="Test Cases/CRITICAL PATH/Price comparison - cart page" classname="Test Cases/CRITICAL PATH/Price comparison - cart page" status="FAILED">
         <failure type="FAILED" message="Test Cases/CRITICAL PATH/Price comparison - cart page FAILED.
Reason:
com.kms.katalon.core.exception.StepFailedException: Unable to verify equal between actual object '0' and expected object '60' (Root cause: com.kms.katalon.core.exception.StepFailedException: Actual object '0' and expected object '60' are not equal)
	at com.kms.katalon.core.keyword.internal.KeywordMain.stepFailed(KeywordMain.groovy:36)
	at com.kms.katalon.core.keyword.internal.KeywordMain.stepFailed(KeywordMain.groovy)
	at com.kms.katalon.core.keyword.internal.KeywordMain.runKeyword(KeywordMain.groovy:56)
	at com.kms.katalon.core.keyword.builtin.VerifyEqualKeyword.verifyEqual(VerifyEqualKeyword.groovy:63)
	at com.kms.katalon.core.keyword.builtin.VerifyEqualKeyword.execute(VerifyEqualKeyword.groovy:44)
	at com.kms.katalon.core.keyword.internal.KeywordExecutor.executeKeywordForPlatform(KeywordExecutor.groovy:53)
	at com.kms.katalon.core.keyword.BuiltinKeywords.verifyEqual(BuiltinKeywords.groovy:141)
	at Price comparison - cart page.run(Price comparison - cart page:145)
	at com.kms.katalon.core.main.ScriptEngine.run(ScriptEngine.java:194)
	at com.kms.katalon.core.main.ScriptEngine.runScriptAsRawText(ScriptEngine.java:119)
	at com.kms.katalon.core.main.TestCaseExecutor.runScript(TestCaseExecutor.java:328)
	at com.kms.katalon.core.main.TestCaseExecutor.doExecute(TestCaseExecutor.java:319)
	at com.kms.katalon.core.main.TestCaseExecutor.processExecutionPhase(TestCaseExecutor.java:298)
	at com.kms.katalon.core.main.TestCaseExecutor.accessMainPhase(TestCaseExecutor.java:290)
	at com.kms.katalon.core.main.TestCaseExecutor.execute(TestCaseExecutor.java:224)
	at com.kms.katalon.core.main.TestSuiteExecutor.accessTestCaseMainPhase(TestSuiteExecutor.java:129)
	at com.kms.katalon.core.main.TestSuiteExecutor.accessTestSuiteMainPhase(TestSuiteExecutor.java:112)
	at com.kms.katalon.core.main.TestSuiteExecutor.execute(TestSuiteExecutor.java:81)
	at com.kms.katalon.core.main.TestCaseMain.startTestSuite(TestCaseMain.java:149)
	at com.kms.katalon.core.main.TestCaseMain$startTestSuite$0.call(Unknown Source)
	at TempTestSuite1561486823730.run(TempTestSuite1561486823730.groovy:36)
"/>
         <system-out><![CDATA[2019-06-25 14:41:17 - [TEST_CASE][FAILED] - Test Cases/CRITICAL PATH/Price comparison - cart page: Test Cases/CRITICAL PATH/Price comparison - cart page FAILED.
Reason:
com.kms.katalon.core.exception.StepFailedException: Unable to verify equal between actual object '0' and expected object '60' (Root cause: com.kms.katalon.core.exception.StepFailedException: Actual object '0' and expected object '60' are not equal)
	at com.kms.katalon.core.keyword.internal.KeywordMain.stepFailed(KeywordMain.groovy:36)
	at com.kms.katalon.core.keyword.internal.KeywordMain.stepFailed(KeywordMain.groovy)
	at com.kms.katalon.core.keyword.internal.KeywordMain.runKeyword(KeywordMain.groovy:56)
	at com.kms.katalon.core.keyword.builtin.VerifyEqualKeyword.verifyEqual(VerifyEqualKeyword.groovy:63)
	at com.kms.katalon.core.keyword.builtin.VerifyEqualKeyword.execute(VerifyEqualKeyword.groovy:44)
	at com.kms.katalon.core.keyword.internal.KeywordExecutor.executeKeywordForPlatform(KeywordExecutor.groovy:53)
	at com.kms.katalon.core.keyword.BuiltinKeywords.verifyEqual(BuiltinKeywords.groovy:141)
	at Price comparison - cart page.run(Price comparison - cart page:145)
	at com.kms.katalon.core.main.ScriptEngine.run(ScriptEngine.java:194)
	at com.kms.katalon.core.main.ScriptEngine.runScriptAsRawText(ScriptEngine.java:119)
	at com.kms.katalon.core.main.TestCaseExecutor.runScript(TestCaseExecutor.java:328)
	at com.kms.katalon.core.main.TestCaseExecutor.doExecute(TestCaseExecutor.java:319)
	at com.kms.katalon.core.main.TestCaseExecutor.processExecutionPhase(TestCaseExecutor.java:298)
	at com.kms.katalon.core.main.TestCaseExecutor.accessMainPhase(TestCaseExecutor.java:290)
	at com.kms.katalon.core.main.TestCaseExecutor.execute(TestCaseExecutor.java:224)
	at com.kms.katalon.core.main.TestSuiteExecutor.accessTestCaseMainPhase(TestSuiteExecutor.java:129)
	at com.kms.katalon.core.main.TestSuiteExecutor.accessTestSuiteMainPhase(TestSuiteExecutor.java:112)
	at com.kms.katalon.core.main.TestSuiteExecutor.execute(TestSuiteExecutor.java:81)
	at com.kms.katalon.core.main.TestCaseMain.startTestSuite(TestCaseMain.java:149)
	at com.kms.katalon.core.main.TestCaseMain$startTestSuite$0.call(Unknown Source)
	at TempTestSuite1561486823730.run(TempTestSuite1561486823730.groovy:36)


2019-06-25 14:41:17 - [TEST_STEP][PASSED] - callTestCase(findTestCase("CALL - URL"), [:], STOP_ON_FAILURE): Call Test Case 'Test Cases/CALL - URL' successfully

2019-06-25 14:41:17 - [TEST_CASE][PASSED] - Test Cases/CALL - URL: Test Cases/CALL - URL

2019-06-25 14:41:17 - [TEST_STEP][PASSED] - openBrowser(""): Browser is opened with url: ''

2019-06-25 14:41:17 - [MESSAGE][WARNING] - A browser is already opened. Closing browser and opening a new one

2019-06-25 14:41:17 - [MESSAGE][INFO] - Starting 'Safari' driver

2019-06-25 14:41:18 - [MESSAGE][PASSED] - Browser is opened with url: ''

2019-06-25 14:41:18 - [TEST_STEP][PASSED] - navigateToUrl("https://diff-apollo.myshopify.com/?key=eec34184cfd8f82cda816f82753a8c8e9e240f30cf54470e19667b8cbb401948&preview_theme_id="): Navigate to 'https://diff-apollo.myshopify.com/?key=eec34184cfd8f82cda816f82753a8c8e9e240f30cf54470e19667b8cbb401948&preview_theme_id=' successfully

2019-06-25 14:41:19 - [MESSAGE][PASSED] - Navigate to 'https://diff-apollo.myshopify.com/?key=eec34184cfd8f82cda816f82753a8c8e9e240f30cf54470e19667b8cbb401948&preview_theme_id=' successfully

2019-06-25 14:41:19 - [TEST_STEP][NOT_RUN] - executeJavaScript("var previewBar = document.getElementById("preview-bar-iframe"); previewBar.style.display = "none";", []): NOT_RUN: executeJavaScript("var previewBar = document.getElementById("preview-bar-iframe"); previewBar.style.display = "none";", [])

2019-06-25 14:41:19 - [MESSAGE][NOT_RUN] - NOT_RUN: executeJavaScript("var previewBar = document.getElementById("preview-bar-iframe"); previewBar.style.display = "none";", [])

2019-06-25 14:41:19 - [TEST_STEP][PASSED] - maximizeWindow(): Current window maximized

2019-06-25 14:41:22 - [MESSAGE][PASSED] - Current window maximized

2019-06-25 14:41:22 - [MESSAGE][PASSED] - Call Test Case 'Test Cases/CALL - URL' successfully

2019-06-25 14:41:22 - [TEST_STEP][PASSED] - click(findTestObject("APOLLO- Desktop/Burger Menu/Burgermenu")): Object: 'Object Repository/APOLLO- Desktop/Burger Menu/Burgermenu' is clicked on

2019-06-25 14:41:25 - [MESSAGE][PASSED] - Object: 'Object Repository/APOLLO- Desktop/Burger Menu/Burgermenu' is clicked on

2019-06-25 14:41:25 - [TEST_STEP][PASSED] - delay(2): Delayed 2 second(s)

2019-06-25 14:41:27 - [MESSAGE][PASSED] - Delayed 2 second(s)

2019-06-25 14:41:27 - [TEST_STEP][PASSED] - click(findTestObject("APOLLO- Desktop/Burger Menu/Mens chevron")): Object: 'Object Repository/APOLLO- Desktop/Burger Menu/Mens chevron' is clicked on

2019-06-25 14:41:27 - [MESSAGE][PASSED] - Object: 'Object Repository/APOLLO- Desktop/Burger Menu/Mens chevron' is clicked on

2019-06-25 14:41:27 - [TEST_STEP][PASSED] - delay(2): Delayed 2 second(s)

2019-06-25 14:41:29 - [MESSAGE][PASSED] - Delayed 2 second(s)

2019-06-25 14:41:29 - [TEST_STEP][PASSED] - click(findTestObject("APOLLO- Desktop/Burger Menu/Mens - Top Chevron")): Object: 'Object Repository/APOLLO- Desktop/Burger Menu/Mens - Top Chevron' is clicked on

2019-06-25 14:41:30 - [MESSAGE][PASSED] - Object: 'Object Repository/APOLLO- Desktop/Burger Menu/Mens - Top Chevron' is clicked on

2019-06-25 14:41:30 - [TEST_STEP][PASSED] - delay(2): Delayed 2 second(s)

2019-06-25 14:41:32 - [MESSAGE][PASSED] - Delayed 2 second(s)

2019-06-25 14:41:32 - [TEST_STEP][PASSED] - click(findTestObject("APOLLO- Desktop/Burger Menu/Shirts link")): Object: 'Object Repository/APOLLO- Desktop/Burger Menu/Shirts link' is clicked on

2019-06-25 14:41:33 - [MESSAGE][PASSED] - Object: 'Object Repository/APOLLO- Desktop/Burger Menu/Shirts link' is clicked on

2019-06-25 14:41:33 - [TEST_STEP][PASSED] - delay(2): Delayed 2 second(s)

2019-06-25 14:41:35 - [MESSAGE][PASSED] - Delayed 2 second(s)

2019-06-25 14:41:35 - [TEST_STEP][PASSED] - click(findTestObject("APOLLO- Desktop/Collection page/Blue shirt product")): Object: 'Object Repository/APOLLO- Desktop/Collection page/Blue shirt product' is clicked on

2019-06-25 14:41:35 - [MESSAGE][PASSED] - Object: 'Object Repository/APOLLO- Desktop/Collection page/Blue shirt product' is clicked on

2019-06-25 14:41:35 - [TEST_STEP][PASSED] - delay(2): Delayed 2 second(s)

2019-06-25 14:41:37 - [MESSAGE][PASSED] - Delayed 2 second(s)

2019-06-25 14:41:37 - [TEST_STEP][PASSED] - selectOptionByValue(findTestObject("APOLLO- Desktop/Product page/Size dropdown"), "Medium", true): All options with value 'Medium' are selected in object 'Object Repository/APOLLO- Desktop/Product page/Size dropdown'  using regular expression

2019-06-25 14:41:38 - [MESSAGE][PASSED] - All options with value 'Medium' are selected in object 'Object Repository/APOLLO- Desktop/Product page/Size dropdown'  using regular expression

2019-06-25 14:41:38 - [TEST_STEP][PASSED] - delay(2): Delayed 2 second(s)

2019-06-25 14:41:40 - [MESSAGE][PASSED] - Delayed 2 second(s)

2019-06-25 14:41:40 - [TEST_STEP][PASSED] - click(findTestObject("APOLLO- Desktop/Product page/Add to bag")): Object: 'Object Repository/APOLLO- Desktop/Product page/Add to bag' is clicked on

2019-06-25 14:41:40 - [MESSAGE][PASSED] - Object: 'Object Repository/APOLLO- Desktop/Product page/Add to bag' is clicked on

2019-06-25 14:41:40 - [TEST_STEP][PASSED] - delay(2): Delayed 2 second(s)

2019-06-25 14:41:42 - [MESSAGE][PASSED] - Delayed 2 second(s)

2019-06-25 14:41:42 - [TEST_STEP][PASSED] - click(findTestObject("APOLLO- Desktop/Burger Menu/Burgermenu")): Object: 'Object Repository/APOLLO- Desktop/Burger Menu/Burgermenu' is clicked on

2019-06-25 14:41:42 - [MESSAGE][PASSED] - Object: 'Object Repository/APOLLO- Desktop/Burger Menu/Burgermenu' is clicked on

2019-06-25 14:41:42 - [TEST_STEP][PASSED] - delay(2): Delayed 2 second(s)

2019-06-25 14:41:44 - [MESSAGE][PASSED] - Delayed 2 second(s)

2019-06-25 14:41:44 - [TEST_STEP][PASSED] - click(findTestObject("APOLLO- Desktop/Burger Menu/KIds link")): Object: 'Object Repository/APOLLO- Desktop/Burger Menu/KIds link' is clicked on

2019-06-25 14:41:45 - [MESSAGE][PASSED] - Object: 'Object Repository/APOLLO- Desktop/Burger Menu/KIds link' is clicked on

2019-06-25 14:41:45 - [TEST_STEP][PASSED] - delay(2): Delayed 2 second(s)

2019-06-25 14:41:47 - [MESSAGE][PASSED] - Delayed 2 second(s)

2019-06-25 14:41:47 - [TEST_STEP][PASSED] - click(findTestObject("APOLLO- Desktop/Collection page/Sailor sweatshirt")): Object: 'Object Repository/APOLLO- Desktop/Collection page/Sailor sweatshirt' is clicked on

2019-06-25 14:41:48 - [MESSAGE][PASSED] - Object: 'Object Repository/APOLLO- Desktop/Collection page/Sailor sweatshirt' is clicked on

2019-06-25 14:41:48 - [TEST_STEP][PASSED] - delay(2): Delayed 2 second(s)

2019-06-25 14:41:50 - [MESSAGE][PASSED] - Delayed 2 second(s)

2019-06-25 14:41:50 - [TEST_STEP][PASSED] - click(findTestObject("APOLLO- Desktop/Product page/Add to bag")): Object: 'Object Repository/APOLLO- Desktop/Product page/Add to bag' is clicked on

2019-06-25 14:41:50 - [MESSAGE][PASSED] - Object: 'Object Repository/APOLLO- Desktop/Product page/Add to bag' is clicked on

2019-06-25 14:41:50 - [TEST_STEP][PASSED] - delay(2): Delayed 2 second(s)

2019-06-25 14:41:52 - [MESSAGE][PASSED] - Delayed 2 second(s)

2019-06-25 14:41:52 - [TEST_STEP][PASSED] - click(findTestObject("APOLLO- Desktop/Cart flyout/Checkout")): Object: 'Object Repository/APOLLO- Desktop/Cart flyout/Checkout' is clicked on

2019-06-25 14:41:54 - [MESSAGE][PASSED] - Object: 'Object Repository/APOLLO- Desktop/Cart flyout/Checkout' is clicked on

2019-06-25 14:41:54 - [TEST_STEP][PASSED] - delay(2): Delayed 2 second(s)

2019-06-25 14:41:56 - [MESSAGE][PASSED] - Delayed 2 second(s)

2019-06-25 14:41:56 - [TEST_STEP][PASSED] - click(findTestObject("APOLLO- Desktop/Customer Information page/Cart page breadcrumb")): Object: 'Object Repository/APOLLO- Desktop/Customer Information page/Cart page breadcrumb' is clicked on

2019-06-25 14:41:58 - [MESSAGE][PASSED] - Object: 'Object Repository/APOLLO- Desktop/Customer Information page/Cart page breadcrumb' is clicked on

2019-06-25 14:41:58 - [TEST_STEP][PASSED] - delay(2): Delayed 2 second(s)

2019-06-25 14:42:00 - [MESSAGE][PASSED] - Delayed 2 second(s)

2019-06-25 14:42:00 - [TEST_STEP][NOT_RUN] - executeJavaScript("var previewBar = document.getElementById("preview-bar-iframe"); previewBar.style.display = "none";", []): NOT_RUN: executeJavaScript("var previewBar = document.getElementById("preview-bar-iframe"); previewBar.style.display = "none";", [])

2019-06-25 14:42:00 - [MESSAGE][NOT_RUN] - NOT_RUN: executeJavaScript("var previewBar = document.getElementById("preview-bar-iframe"); previewBar.style.display = "none";", [])

2019-06-25 14:42:00 - [TEST_STEP][PASSED] - a = getText(findTestObject("APOLLO- Desktop/Cart page/Unit price - 1st product")): Text of object 'Object Repository/APOLLO- Desktop/Cart page/Unit price - 1st product' is: '
          $30
          $30
        '

2019-06-25 14:42:00 - [MESSAGE][PASSED] - Text of object 'Object Repository/APOLLO- Desktop/Cart page/Unit price - 1st product' is: '
          $30
          $30
        '

2019-06-25 14:42:00 - [TEST_STEP][PASSED] - comment("a=" + a): a=
          $30
          $30
        

2019-06-25 14:42:00 - [MESSAGE][INFO] - a=
          $30
          $30
        

2019-06-25 14:42:00 - [TEST_STEP][PASSED] - a1 = a.substring(1): null

2019-06-25 14:42:00 - [TEST_STEP][PASSED] - comment("a1=" + a1): a1=          $30
          $30
        

2019-06-25 14:42:00 - [MESSAGE][INFO] - a1=          $30
          $30
        

2019-06-25 14:42:00 - [TEST_STEP][PASSED] - b = getText(findTestObject("APOLLO- Desktop/Cart page/Unit price - 2nd product")): Text of object 'Object Repository/APOLLO- Desktop/Cart page/Unit price - 2nd product' is: '
          $30
          $30
        '

2019-06-25 14:42:00 - [MESSAGE][PASSED] - Text of object 'Object Repository/APOLLO- Desktop/Cart page/Unit price - 2nd product' is: '
          $30
          $30
        '

2019-06-25 14:42:00 - [TEST_STEP][PASSED] - comment("b=" + b): b=
          $30
          $30
        

2019-06-25 14:42:00 - [MESSAGE][INFO] - b=
          $30
          $30
        

2019-06-25 14:42:00 - [TEST_STEP][PASSED] - b1 = b.substring(1): null

2019-06-25 14:42:00 - [TEST_STEP][PASSED] - comment("b1=" + b1): b1=          $30
          $30
        

2019-06-25 14:42:00 - [MESSAGE][INFO] - b1=          $30
          $30
        

2019-06-25 14:42:00 - [TEST_STEP][PASSED] - p1 = <not implemented yet for class: org.codehaus.groovy.ast.expr.EmptyExpression>: null

2019-06-25 14:42:00 - [TEST_STEP][PASSED] - p2 = <not implemented yet for class: org.codehaus.groovy.ast.expr.EmptyExpression>: null

2019-06-25 14:42:00 - [TEST_STEP][PASSED] - try: null

2019-06-25 14:42:00 - [TEST_STEP][PASSED] - str = a1: null

2019-06-25 14:42:00 - [TEST_STEP][PASSED] - comment("str=" + str): str=          $30
          $30
        

2019-06-25 14:42:00 - [MESSAGE][INFO] - str=          $30
          $30
        

2019-06-25 14:42:00 - [TEST_STEP][PASSED] - p1 = Double.valueOf(str): null

2019-06-25 14:42:00 - [TEST_STEP][PASSED] - catch (NumberFormatException ex): null

2019-06-25 14:42:00 - [TEST_STEP][PASSED] - try: null

2019-06-25 14:42:00 - [TEST_STEP][PASSED] - str5 = b1: null

2019-06-25 14:42:00 - [TEST_STEP][PASSED] - comment("str5=" + str5): str5=          $30
          $30
        

2019-06-25 14:42:00 - [MESSAGE][INFO] - str5=          $30
          $30
        

2019-06-25 14:42:00 - [TEST_STEP][PASSED] - p2 = Double.valueOf(str5): null

2019-06-25 14:42:00 - [TEST_STEP][PASSED] - catch (NumberFormatException ex): null

2019-06-25 14:42:00 - [TEST_STEP][PASSED] - total = p1 + p2: null

2019-06-25 14:42:00 - [TEST_STEP][PASSED] - comment("total=" + total): total=0.0

2019-06-25 14:42:00 - [MESSAGE][INFO] - total=0.0

2019-06-25 14:42:00 - [TEST_STEP][PASSED] - c = getText(findTestObject("APOLLO- Desktop/Cart page/Subtotal in cart page")): Text of object 'Object Repository/APOLLO- Desktop/Cart page/Subtotal in cart page' is: '$60.00'

2019-06-25 14:42:00 - [MESSAGE][PASSED] - Text of object 'Object Repository/APOLLO- Desktop/Cart page/Subtotal in cart page' is: '$60.00'

2019-06-25 14:42:00 - [TEST_STEP][PASSED] - comment("c=" + c): c=$60.00

2019-06-25 14:42:00 - [MESSAGE][INFO] - c=$60.00

2019-06-25 14:42:00 - [TEST_STEP][PASSED] - c1 = c.substring(1): null

2019-06-25 14:42:00 - [TEST_STEP][PASSED] - comment("c1=" + c1): c1=60.00

2019-06-25 14:42:00 - [MESSAGE][INFO] - c1=60.00

2019-06-25 14:42:00 - [TEST_STEP][PASSED] - p3 = <not implemented yet for class: org.codehaus.groovy.ast.expr.EmptyExpression>: null

2019-06-25 14:42:00 - [TEST_STEP][PASSED] - try: p3=60.0

2019-06-25 14:42:00 - [TEST_STEP][PASSED] - str = c1: null

2019-06-25 14:42:00 - [TEST_STEP][PASSED] - comment("str=" + str): str=60.00

2019-06-25 14:42:00 - [MESSAGE][INFO] - str=60.00

2019-06-25 14:42:00 - [TEST_STEP][PASSED] - p3 = Double.valueOf(str): null

2019-06-25 14:42:00 - [TEST_STEP][PASSED] - comment("p3=" + p3): p3=60.0

2019-06-25 14:42:00 - [MESSAGE][INFO] - p3=60.0

2019-06-25 14:42:00 - [TEST_STEP][FAILED] - verifyEqual(total, p3): verifyEqual(total, p3) FAILED.
Reason:
com.kms.katalon.core.exception.StepFailedException: Unable to verify equal between actual object '0' and expected object '60' (Root cause: com.kms.katalon.core.exception.StepFailedException: Actual object '0' and expected object '60' are not equal)
	at com.kms.katalon.core.keyword.internal.KeywordMain.stepFailed(KeywordMain.groovy:36)
	at com.kms.katalon.core.keyword.internal.KeywordMain.stepFailed(KeywordMain.groovy)
	at com.kms.katalon.core.keyword.internal.KeywordMain.runKeyword(KeywordMain.groovy:56)
	at com.kms.katalon.core.keyword.builtin.VerifyEqualKeyword.verifyEqual(VerifyEqualKeyword.groovy:63)
	at com.kms.katalon.core.keyword.builtin.VerifyEqualKeyword.execute(VerifyEqualKeyword.groovy:44)
	at com.kms.katalon.core.keyword.internal.KeywordExecutor.executeKeywordForPlatform(KeywordExecutor.groovy:53)
	at com.kms.katalon.core.keyword.BuiltinKeywords.verifyEqual(BuiltinKeywords.groovy:141)
	at Price comparison - cart page.run(Price comparison - cart page:145)
	at com.kms.katalon.core.main.ScriptEngine.run(ScriptEngine.java:194)
	at com.kms.katalon.core.main.ScriptEngine.runScriptAsRawText(ScriptEngine.java:119)
	at com.kms.katalon.core.main.TestCaseExecutor.runScript(TestCaseExecutor.java:328)
	at com.kms.katalon.core.main.TestCaseExecutor.doExecute(TestCaseExecutor.java:319)
	at com.kms.katalon.core.main.TestCaseExecutor.processExecutionPhase(TestCaseExecutor.java:298)
	at com.kms.katalon.core.main.TestCaseExecutor.accessMainPhase(TestCaseExecutor.java:290)
	at com.kms.katalon.core.main.TestCaseExecutor.execute(TestCaseExecutor.java:224)
	at com.kms.katalon.core.main.TestSuiteExecutor.accessTestCaseMainPhase(TestSuiteExecutor.java:129)
	at com.kms.katalon.core.main.TestSuiteExecutor.accessTestSuiteMainPhase(TestSuiteExecutor.java:112)
	at com.kms.katalon.core.main.TestSuiteExecutor.execute(TestSuiteExecutor.java:81)
	at com.kms.katalon.core.main.TestCaseMain.startTestSuite(TestCaseMain.java:149)
	at com.kms.katalon.core.main.TestCaseMain$startTestSuite$0.call(Unknown Source)
	at TempTestSuite1561486823730.run(TempTestSuite1561486823730.groovy:36)


2019-06-25 14:42:00 - [MESSAGE][FAILED] - Unable to verify equal between actual object '0' and expected object '60' (Root cause: com.kms.katalon.core.exception.StepFailedException: Actual object '0' and expected object '60' are not equal)

2019-06-25 14:42:00 - [MESSAGE][FAILED] - verifyEqual(total, p3) FAILED.
Reason:
com.kms.katalon.core.exception.StepFailedException: Unable to verify equal between actual object '0' and expected object '60' (Root cause: com.kms.katalon.core.exception.StepFailedException: Actual object '0' and expected object '60' are not equal)
	at com.kms.katalon.core.keyword.internal.KeywordMain.stepFailed(KeywordMain.groovy:36)
	at com.kms.katalon.core.keyword.internal.KeywordMain.stepFailed(KeywordMain.groovy)
	at com.kms.katalon.core.keyword.internal.KeywordMain.runKeyword(KeywordMain.groovy:56)
	at com.kms.katalon.core.keyword.builtin.VerifyEqualKeyword.verifyEqual(VerifyEqualKeyword.groovy:63)
	at com.kms.katalon.core.keyword.builtin.VerifyEqualKeyword.execute(VerifyEqualKeyword.groovy:44)
	at com.kms.katalon.core.keyword.internal.KeywordExecutor.executeKeywordForPlatform(KeywordExecutor.groovy:53)
	at com.kms.katalon.core.keyword.BuiltinKeywords.verifyEqual(BuiltinKeywords.groovy:141)
	at Price comparison - cart page.run(Price comparison - cart page:145)
	at com.kms.katalon.core.main.ScriptEngine.run(ScriptEngine.java:194)
	at com.kms.katalon.core.main.ScriptEngine.runScriptAsRawText(ScriptEngine.java:119)
	at com.kms.katalon.core.main.TestCaseExecutor.runScript(TestCaseExecutor.java:328)
	at com.kms.katalon.core.main.TestCaseExecutor.doExecute(TestCaseExecutor.java:319)
	at com.kms.katalon.core.main.TestCaseExecutor.processExecutionPhase(TestCaseExecutor.java:298)
	at com.kms.katalon.core.main.TestCaseExecutor.accessMainPhase(TestCaseExecutor.java:290)
	at com.kms.katalon.core.main.TestCaseExecutor.execute(TestCaseExecutor.java:224)
	at com.kms.katalon.core.main.TestSuiteExecutor.accessTestCaseMainPhase(TestSuiteExecutor.java:129)
	at com.kms.katalon.core.main.TestSuiteExecutor.accessTestSuiteMainPhase(TestSuiteExecutor.java:112)
	at com.kms.katalon.core.main.TestSuiteExecutor.execute(TestSuiteExecutor.java:81)
	at com.kms.katalon.core.main.TestCaseMain.startTestSuite(TestCaseMain.java:149)
	at com.kms.katalon.core.main.TestCaseMain$startTestSuite$0.call(Unknown Source)
	at TempTestSuite1561486823730.run(TempTestSuite1561486823730.groovy:36)]]></system-out>
         <system-err><![CDATA[2019-06-25 14:41:17 - [TEST_CASE][FAILED] - Test Cases/CRITICAL PATH/Price comparison - cart page: Test Cases/CRITICAL PATH/Price comparison - cart page FAILED.
Reason:
com.kms.katalon.core.exception.StepFailedException: Unable to verify equal between actual object '0' and expected object '60' (Root cause: com.kms.katalon.core.exception.StepFailedException: Actual object '0' and expected object '60' are not equal)
	at com.kms.katalon.core.keyword.internal.KeywordMain.stepFailed(KeywordMain.groovy:36)
	at com.kms.katalon.core.keyword.internal.KeywordMain.stepFailed(KeywordMain.groovy)
	at com.kms.katalon.core.keyword.internal.KeywordMain.runKeyword(KeywordMain.groovy:56)
	at com.kms.katalon.core.keyword.builtin.VerifyEqualKeyword.verifyEqual(VerifyEqualKeyword.groovy:63)
	at com.kms.katalon.core.keyword.builtin.VerifyEqualKeyword.execute(VerifyEqualKeyword.groovy:44)
	at com.kms.katalon.core.keyword.internal.KeywordExecutor.executeKeywordForPlatform(KeywordExecutor.groovy:53)
	at com.kms.katalon.core.keyword.BuiltinKeywords.verifyEqual(BuiltinKeywords.groovy:141)
	at Price comparison - cart page.run(Price comparison - cart page:145)
	at com.kms.katalon.core.main.ScriptEngine.run(ScriptEngine.java:194)
	at com.kms.katalon.core.main.ScriptEngine.runScriptAsRawText(ScriptEngine.java:119)
	at com.kms.katalon.core.main.TestCaseExecutor.runScript(TestCaseExecutor.java:328)
	at com.kms.katalon.core.main.TestCaseExecutor.doExecute(TestCaseExecutor.java:319)
	at com.kms.katalon.core.main.TestCaseExecutor.processExecutionPhase(TestCaseExecutor.java:298)
	at com.kms.katalon.core.main.TestCaseExecutor.accessMainPhase(TestCaseExecutor.java:290)
	at com.kms.katalon.core.main.TestCaseExecutor.execute(TestCaseExecutor.java:224)
	at com.kms.katalon.core.main.TestSuiteExecutor.accessTestCaseMainPhase(TestSuiteExecutor.java:129)
	at com.kms.katalon.core.main.TestSuiteExecutor.accessTestSuiteMainPhase(TestSuiteExecutor.java:112)
	at com.kms.katalon.core.main.TestSuiteExecutor.execute(TestSuiteExecutor.java:81)
	at com.kms.katalon.core.main.TestCaseMain.startTestSuite(TestCaseMain.java:149)
	at com.kms.katalon.core.main.TestCaseMain$startTestSuite$0.call(Unknown Source)
	at TempTestSuite1561486823730.run(TempTestSuite1561486823730.groovy:36)]]></system-err>
      </testcase>
      <testcase name="Test Cases/CRITICAL PATH/Decrease quantity - cart page" classname="Test Cases/CRITICAL PATH/Decrease quantity - cart page" status="PASSED">
         <system-out><![CDATA[2019-06-25 14:42:00 - [TEST_CASE][PASSED] - Test Cases/CRITICAL PATH/Decrease quantity - cart page: Test Cases/CRITICAL PATH/Decrease quantity - cart page

2019-06-25 14:42:00 - [TEST_STEP][PASSED] - callTestCase(findTestCase("CALL - URL"), [:], STOP_ON_FAILURE): Call Test Case 'Test Cases/CALL - URL' successfully

2019-06-25 14:42:00 - [TEST_CASE][PASSED] - Test Cases/CALL - URL: Test Cases/CALL - URL

2019-06-25 14:42:00 - [TEST_STEP][PASSED] - openBrowser(""): Browser is opened with url: ''

2019-06-25 14:42:00 - [MESSAGE][WARNING] - A browser is already opened. Closing browser and opening a new one

2019-06-25 14:42:00 - [MESSAGE][INFO] - Starting 'Safari' driver

2019-06-25 14:42:01 - [MESSAGE][PASSED] - Browser is opened with url: ''

2019-06-25 14:42:01 - [TEST_STEP][PASSED] - navigateToUrl("https://diff-apollo.myshopify.com/?key=eec34184cfd8f82cda816f82753a8c8e9e240f30cf54470e19667b8cbb401948&preview_theme_id="): Navigate to 'https://diff-apollo.myshopify.com/?key=eec34184cfd8f82cda816f82753a8c8e9e240f30cf54470e19667b8cbb401948&preview_theme_id=' successfully

2019-06-25 14:42:03 - [MESSAGE][PASSED] - Navigate to 'https://diff-apollo.myshopify.com/?key=eec34184cfd8f82cda816f82753a8c8e9e240f30cf54470e19667b8cbb401948&preview_theme_id=' successfully

2019-06-25 14:42:03 - [TEST_STEP][NOT_RUN] - executeJavaScript("var previewBar = document.getElementById("preview-bar-iframe"); previewBar.style.display = "none";", []): NOT_RUN: executeJavaScript("var previewBar = document.getElementById("preview-bar-iframe"); previewBar.style.display = "none";", [])

2019-06-25 14:42:03 - [MESSAGE][NOT_RUN] - NOT_RUN: executeJavaScript("var previewBar = document.getElementById("preview-bar-iframe"); previewBar.style.display = "none";", [])

2019-06-25 14:42:03 - [TEST_STEP][PASSED] - maximizeWindow(): Current window maximized

2019-06-25 14:42:03 - [MESSAGE][PASSED] - Current window maximized

2019-06-25 14:42:03 - [MESSAGE][PASSED] - Call Test Case 'Test Cases/CALL - URL' successfully

2019-06-25 14:42:03 - [TEST_STEP][PASSED] - delay(1): Delayed 1 second(s)

2019-06-25 14:42:04 - [MESSAGE][PASSED] - Delayed 1 second(s)

2019-06-25 14:42:04 - [TEST_STEP][PASSED] - click(findTestObject("APOLLO- Desktop/Burger Menu/Burgermenu")): Object: 'Object Repository/APOLLO- Desktop/Burger Menu/Burgermenu' is clicked on

2019-06-25 14:42:04 - [MESSAGE][PASSED] - Object: 'Object Repository/APOLLO- Desktop/Burger Menu/Burgermenu' is clicked on

2019-06-25 14:42:04 - [TEST_STEP][PASSED] - delay(2): Delayed 2 second(s)

2019-06-25 14:42:06 - [MESSAGE][PASSED] - Delayed 2 second(s)

2019-06-25 14:42:06 - [TEST_STEP][PASSED] - click(findTestObject("APOLLO- Desktop/Burger Menu/Mens chevron")): Object: 'Object Repository/APOLLO- Desktop/Burger Menu/Mens chevron' is clicked on

2019-06-25 14:42:07 - [MESSAGE][PASSED] - Object: 'Object Repository/APOLLO- Desktop/Burger Menu/Mens chevron' is clicked on

2019-06-25 14:42:07 - [TEST_STEP][PASSED] - delay(2): Delayed 2 second(s)

2019-06-25 14:42:09 - [MESSAGE][PASSED] - Delayed 2 second(s)

2019-06-25 14:42:09 - [TEST_STEP][PASSED] - click(findTestObject("APOLLO- Desktop/Burger Menu/Mens - Top Chevron")): Object: 'Object Repository/APOLLO- Desktop/Burger Menu/Mens - Top Chevron' is clicked on

2019-06-25 14:42:09 - [MESSAGE][PASSED] - Object: 'Object Repository/APOLLO- Desktop/Burger Menu/Mens - Top Chevron' is clicked on

2019-06-25 14:42:09 - [TEST_STEP][PASSED] - delay(2): Delayed 2 second(s)

2019-06-25 14:42:11 - [MESSAGE][PASSED] - Delayed 2 second(s)

2019-06-25 14:42:11 - [TEST_STEP][PASSED] - click(findTestObject("APOLLO- Desktop/Burger Menu/Shirts link")): Object: 'Object Repository/APOLLO- Desktop/Burger Menu/Shirts link' is clicked on

2019-06-25 14:42:13 - [MESSAGE][PASSED] - Object: 'Object Repository/APOLLO- Desktop/Burger Menu/Shirts link' is clicked on

2019-06-25 14:42:13 - [TEST_STEP][NOT_RUN] - executeJavaScript("var previewBar = document.getElementById("preview-bar-iframe"); previewBar.style.display = "none";", []): NOT_RUN: executeJavaScript("var previewBar = document.getElementById("preview-bar-iframe"); previewBar.style.display = "none";", [])

2019-06-25 14:42:13 - [MESSAGE][NOT_RUN] - NOT_RUN: executeJavaScript("var previewBar = document.getElementById("preview-bar-iframe"); previewBar.style.display = "none";", [])

2019-06-25 14:42:13 - [TEST_STEP][PASSED] - delay(2): Delayed 2 second(s)

2019-06-25 14:42:15 - [MESSAGE][PASSED] - Delayed 2 second(s)

2019-06-25 14:42:15 - [TEST_STEP][PASSED] - click(findTestObject("APOLLO- Desktop/Collection page/Blue shirt product")): Object: 'Object Repository/APOLLO- Desktop/Collection page/Blue shirt product' is clicked on

2019-06-25 14:42:16 - [MESSAGE][PASSED] - Object: 'Object Repository/APOLLO- Desktop/Collection page/Blue shirt product' is clicked on

2019-06-25 14:42:16 - [TEST_STEP][PASSED] - delay(2): Delayed 2 second(s)

2019-06-25 14:42:18 - [MESSAGE][PASSED] - Delayed 2 second(s)

2019-06-25 14:42:18 - [TEST_STEP][PASSED] - selectOptionByValue(findTestObject("APOLLO- Desktop/Product page/Size dropdown"), "Medium", true): All options with value 'Medium' are selected in object 'Object Repository/APOLLO- Desktop/Product page/Size dropdown'  using regular expression

2019-06-25 14:42:18 - [MESSAGE][PASSED] - All options with value 'Medium' are selected in object 'Object Repository/APOLLO- Desktop/Product page/Size dropdown'  using regular expression

2019-06-25 14:42:18 - [TEST_STEP][PASSED] - delay(2): Delayed 2 second(s)

2019-06-25 14:42:20 - [MESSAGE][PASSED] - Delayed 2 second(s)

2019-06-25 14:42:20 - [TEST_STEP][PASSED] - click(findTestObject("APOLLO- Desktop/Product page/Increase qunatity - prod page")): Object: 'Object Repository/APOLLO- Desktop/Product page/Increase qunatity - prod page' is clicked on

2019-06-25 14:42:20 - [MESSAGE][PASSED] - Object: 'Object Repository/APOLLO- Desktop/Product page/Increase qunatity - prod page' is clicked on

2019-06-25 14:42:20 - [TEST_STEP][PASSED] - delay(2): Delayed 2 second(s)

2019-06-25 14:42:22 - [MESSAGE][PASSED] - Delayed 2 second(s)

2019-06-25 14:42:22 - [TEST_STEP][PASSED] - click(findTestObject("APOLLO- Desktop/Product page/Increase qunatity - prod page")): Object: 'Object Repository/APOLLO- Desktop/Product page/Increase qunatity - prod page' is clicked on

2019-06-25 14:42:22 - [MESSAGE][PASSED] - Object: 'Object Repository/APOLLO- Desktop/Product page/Increase qunatity - prod page' is clicked on

2019-06-25 14:42:22 - [TEST_STEP][PASSED] - delay(2): Delayed 2 second(s)

2019-06-25 14:42:24 - [MESSAGE][PASSED] - Delayed 2 second(s)

2019-06-25 14:42:24 - [TEST_STEP][PASSED] - click(findTestObject("APOLLO- Desktop/Product page/Increase qunatity - prod page")): Object: 'Object Repository/APOLLO- Desktop/Product page/Increase qunatity - prod page' is clicked on

2019-06-25 14:42:24 - [MESSAGE][PASSED] - Object: 'Object Repository/APOLLO- Desktop/Product page/Increase qunatity - prod page' is clicked on

2019-06-25 14:42:24 - [TEST_STEP][PASSED] - delay(2): Delayed 2 second(s)

2019-06-25 14:42:26 - [MESSAGE][PASSED] - Delayed 2 second(s)

2019-06-25 14:42:26 - [TEST_STEP][PASSED] - click(findTestObject("APOLLO- Desktop/Product page/Increase qunatity - prod page")): Object: 'Object Repository/APOLLO- Desktop/Product page/Increase qunatity - prod page' is clicked on

2019-06-25 14:42:26 - [MESSAGE][PASSED] - Object: 'Object Repository/APOLLO- Desktop/Product page/Increase qunatity - prod page' is clicked on

2019-06-25 14:42:26 - [TEST_STEP][PASSED] - delay(2): Delayed 2 second(s)

2019-06-25 14:42:28 - [MESSAGE][PASSED] - Delayed 2 second(s)

2019-06-25 14:42:28 - [TEST_STEP][PASSED] - click(findTestObject("APOLLO- Desktop/Product page/Increase qunatity - prod page")): Object: 'Object Repository/APOLLO- Desktop/Product page/Increase qunatity - prod page' is clicked on

2019-06-25 14:42:29 - [MESSAGE][PASSED] - Object: 'Object Repository/APOLLO- Desktop/Product page/Increase qunatity - prod page' is clicked on

2019-06-25 14:42:29 - [TEST_STEP][PASSED] - delay(2): Delayed 2 second(s)

2019-06-25 14:42:31 - [MESSAGE][PASSED] - Delayed 2 second(s)

2019-06-25 14:42:31 - [TEST_STEP][PASSED] - click(findTestObject("APOLLO- Desktop/Product page/Add to bag")): Object: 'Object Repository/APOLLO- Desktop/Product page/Add to bag' is clicked on

2019-06-25 14:42:31 - [MESSAGE][PASSED] - Object: 'Object Repository/APOLLO- Desktop/Product page/Add to bag' is clicked on

2019-06-25 14:42:31 - [TEST_STEP][PASSED] - delay(2): Delayed 2 second(s)

2019-06-25 14:42:33 - [MESSAGE][PASSED] - Delayed 2 second(s)

2019-06-25 14:42:33 - [TEST_STEP][PASSED] - delay(2): Delayed 2 second(s)

2019-06-25 14:42:35 - [MESSAGE][PASSED] - Delayed 2 second(s)

2019-06-25 14:42:35 - [TEST_STEP][PASSED] - click(findTestObject("APOLLO- Desktop/Cart flyout/Checkout")): Object: 'Object Repository/APOLLO- Desktop/Cart flyout/Checkout' is clicked on

2019-06-25 14:42:37 - [MESSAGE][PASSED] - Object: 'Object Repository/APOLLO- Desktop/Cart flyout/Checkout' is clicked on

2019-06-25 14:42:37 - [TEST_STEP][PASSED] - delay(2): Delayed 2 second(s)

2019-06-25 14:42:39 - [MESSAGE][PASSED] - Delayed 2 second(s)

2019-06-25 14:42:39 - [TEST_STEP][PASSED] - click(findTestObject("APOLLO- Desktop/Customer Information page/Cart page breadcrumb")): Object: 'Object Repository/APOLLO- Desktop/Customer Information page/Cart page breadcrumb' is clicked on

2019-06-25 14:42:41 - [MESSAGE][PASSED] - Object: 'Object Repository/APOLLO- Desktop/Customer Information page/Cart page breadcrumb' is clicked on

2019-06-25 14:42:41 - [TEST_STEP][NOT_RUN] - executeJavaScript("var previewBar = document.getElementById("preview-bar-iframe"); previewBar.style.display = "none";", []): NOT_RUN: executeJavaScript("var previewBar = document.getElementById("preview-bar-iframe"); previewBar.style.display = "none";", [])

2019-06-25 14:42:41 - [MESSAGE][NOT_RUN] - NOT_RUN: executeJavaScript("var previewBar = document.getElementById("preview-bar-iframe"); previewBar.style.display = "none";", [])

2019-06-25 14:42:41 - [TEST_STEP][PASSED] - delay(2): Delayed 2 second(s)

2019-06-25 14:42:43 - [MESSAGE][PASSED] - Delayed 2 second(s)

2019-06-25 14:42:43 - [TEST_STEP][PASSED] - a = getText(findTestObject("APOLLO- Desktop/Cart page/Subtotal in cart page")): Text of object 'Object Repository/APOLLO- Desktop/Cart page/Subtotal in cart page' is: '$76.50'

2019-06-25 14:42:43 - [MESSAGE][PASSED] - Text of object 'Object Repository/APOLLO- Desktop/Cart page/Subtotal in cart page' is: '$76.50'

2019-06-25 14:42:43 - [TEST_STEP][PASSED] - comment("a=" + a): a=$76.50

2019-06-25 14:42:43 - [MESSAGE][INFO] - a=$76.50

2019-06-25 14:42:43 - [TEST_STEP][PASSED] - delay(2): Delayed 2 second(s)

2019-06-25 14:42:45 - [MESSAGE][PASSED] - Delayed 2 second(s)

2019-06-25 14:42:45 - [TEST_STEP][PASSED] - click(findTestObject("APOLLO- Desktop/Cart page/Decrease quantity - cart page")): Object: 'Object Repository/APOLLO- Desktop/Cart page/Decrease quantity - cart page' is clicked on

2019-06-25 14:42:45 - [MESSAGE][PASSED] - Object: 'Object Repository/APOLLO- Desktop/Cart page/Decrease quantity - cart page' is clicked on

2019-06-25 14:42:45 - [TEST_STEP][PASSED] - delay(2): Delayed 2 second(s)

2019-06-25 14:42:47 - [MESSAGE][PASSED] - Delayed 2 second(s)

2019-06-25 14:42:47 - [TEST_STEP][PASSED] - click(findTestObject("APOLLO- Desktop/Cart page/Decrease quantity - cart page")): Object: 'Object Repository/APOLLO- Desktop/Cart page/Decrease quantity - cart page' is clicked on

2019-06-25 14:42:47 - [MESSAGE][PASSED] - Object: 'Object Repository/APOLLO- Desktop/Cart page/Decrease quantity - cart page' is clicked on

2019-06-25 14:42:47 - [TEST_STEP][PASSED] - delay(2): Delayed 2 second(s)

2019-06-25 14:42:49 - [MESSAGE][PASSED] - Delayed 2 second(s)

2019-06-25 14:42:49 - [TEST_STEP][PASSED] - click(findTestObject("APOLLO- Desktop/Cart page/Decrease quantity - cart page")): Object: 'Object Repository/APOLLO- Desktop/Cart page/Decrease quantity - cart page' is clicked on

2019-06-25 14:42:49 - [MESSAGE][PASSED] - Object: 'Object Repository/APOLLO- Desktop/Cart page/Decrease quantity - cart page' is clicked on

2019-06-25 14:42:49 - [TEST_STEP][PASSED] - delay(2): Delayed 2 second(s)

2019-06-25 14:42:51 - [MESSAGE][PASSED] - Delayed 2 second(s)

2019-06-25 14:42:51 - [TEST_STEP][PASSED] - setText(findTestObject("APOLLO- Desktop/Cart flyout/CArt quanty update"), "1"): Text '1' is set on object 'Object Repository/APOLLO- Desktop/Cart flyout/CArt quanty update'

2019-06-25 14:42:51 - [MESSAGE][PASSED] - Text '1' is set on object 'Object Repository/APOLLO- Desktop/Cart flyout/CArt quanty update'

2019-06-25 14:42:51 - [TEST_STEP][PASSED] - delay(2): Delayed 2 second(s)

2019-06-25 14:42:53 - [MESSAGE][PASSED] - Delayed 2 second(s)

2019-06-25 14:42:53 - [TEST_STEP][PASSED] - click(findTestObject("APOLLO- Desktop/Cart page/Click outside the page")): Object: 'Object Repository/APOLLO- Desktop/Cart page/Click outside the page' is clicked on

2019-06-25 14:42:53 - [MESSAGE][PASSED] - Object: 'Object Repository/APOLLO- Desktop/Cart page/Click outside the page' is clicked on

2019-06-25 14:42:53 - [TEST_STEP][PASSED] - delay(2): Delayed 2 second(s)

2019-06-25 14:42:55 - [MESSAGE][PASSED] - Delayed 2 second(s)

2019-06-25 14:42:55 - [TEST_STEP][PASSED] - b = getText(findTestObject("APOLLO- Desktop/Cart page/Subtotal in cart page")): Text of object 'Object Repository/APOLLO- Desktop/Cart page/Subtotal in cart page' is: '$30.00'

2019-06-25 14:42:55 - [MESSAGE][PASSED] - Text of object 'Object Repository/APOLLO- Desktop/Cart page/Subtotal in cart page' is: '$30.00'

2019-06-25 14:42:55 - [TEST_STEP][PASSED] - comment("b=" + b): b=$30.00

2019-06-25 14:42:55 - [MESSAGE][INFO] - b=$30.00

2019-06-25 14:42:55 - [TEST_STEP][PASSED] - verifyNotEqual("a", "b"): Actual object 'a' and expected object 'b' are not equal

2019-06-25 14:42:55 - [MESSAGE][PASSED] - Actual object 'a' and expected object 'b' are not equal

2019-06-25 14:42:55 - [TEST_STEP][PASSED] - delay(2): Delayed 2 second(s)

2019-06-25 14:42:57 - [MESSAGE][PASSED] - Delayed 2 second(s)

2019-06-25 14:42:57 - [TEST_STEP][PASSED] - click(findTestObject("APOLLO- Desktop/Cart flyout/Checkout")): Object: 'Object Repository/APOLLO- Desktop/Cart flyout/Checkout' is clicked on

2019-06-25 14:43:00 - [MESSAGE][PASSED] - Object: 'Object Repository/APOLLO- Desktop/Cart flyout/Checkout' is clicked on

2019-06-25 14:43:00 - [TEST_STEP][PASSED] - delay(2): Delayed 2 second(s)

2019-06-25 14:43:02 - [MESSAGE][PASSED] - Delayed 2 second(s)

2019-06-25 14:43:02 - [TEST_STEP][PASSED] - callTestCase(findTestCase("CALL- CUSTOMER INFO PAGE"), [:], STOP_ON_FAILURE): Call Test Case 'Test Cases/CALL- CUSTOMER INFO PAGE' successfully

2019-06-25 14:43:02 - [TEST_CASE][PASSED] - Test Cases/CALL- CUSTOMER INFO PAGE: Test Cases/CALL- CUSTOMER INFO PAGE

2019-06-25 14:43:02 - [TEST_STEP][PASSED] - delay(2): Delayed 2 second(s)

2019-06-25 14:43:04 - [MESSAGE][PASSED] - Delayed 2 second(s)

2019-06-25 14:43:04 - [TEST_STEP][NOT_RUN] - executeJavaScript("var previewBar = document.getElementById("preview-bar-iframe"); previewBar.style.display = "none";", []): NOT_RUN: executeJavaScript("var previewBar = document.getElementById("preview-bar-iframe"); previewBar.style.display = "none";", [])

2019-06-25 14:43:04 - [MESSAGE][NOT_RUN] - NOT_RUN: executeJavaScript("var previewBar = document.getElementById("preview-bar-iframe"); previewBar.style.display = "none";", [])

2019-06-25 14:43:04 - [TEST_STEP][PASSED] - setText(findTestObject("APOLLO- Desktop/Customer Information page/Email"), "suman@gmail.com"): Text 'suman@gmail.com' is set on object 'Object Repository/APOLLO- Desktop/Customer Information page/Email'

2019-06-25 14:43:04 - [MESSAGE][PASSED] - Text 'suman@gmail.com' is set on object 'Object Repository/APOLLO- Desktop/Customer Information page/Email'

2019-06-25 14:43:04 - [TEST_STEP][PASSED] - delay(2): Delayed 2 second(s)

2019-06-25 14:43:06 - [MESSAGE][PASSED] - Delayed 2 second(s)

2019-06-25 14:43:06 - [TEST_STEP][PASSED] - setText(findTestObject("APOLLO- Desktop/Customer Information page/First name"), "suman"): Text 'suman' is set on object 'Object Repository/APOLLO- Desktop/Customer Information page/First name'

2019-06-25 14:43:07 - [MESSAGE][PASSED] - Text 'suman' is set on object 'Object Repository/APOLLO- Desktop/Customer Information page/First name'

2019-06-25 14:43:07 - [TEST_STEP][PASSED] - delay(2): Delayed 2 second(s)

2019-06-25 14:43:09 - [MESSAGE][PASSED] - Delayed 2 second(s)

2019-06-25 14:43:09 - [TEST_STEP][PASSED] - setText(findTestObject("APOLLO- Desktop/Customer Information page/Last name"), "kompelly"): Text 'kompelly' is set on object 'Object Repository/APOLLO- Desktop/Customer Information page/Last name'

2019-06-25 14:43:09 - [MESSAGE][PASSED] - Text 'kompelly' is set on object 'Object Repository/APOLLO- Desktop/Customer Information page/Last name'

2019-06-25 14:43:09 - [TEST_STEP][PASSED] - delay(2): Delayed 2 second(s)

2019-06-25 14:43:11 - [MESSAGE][PASSED] - Delayed 2 second(s)

2019-06-25 14:43:11 - [TEST_STEP][PASSED] - setText(findTestObject("APOLLO- Desktop/Customer Information page/Address"), "1435 st alxendre"): Text '1435 st alxendre' is set on object 'Object Repository/APOLLO- Desktop/Customer Information page/Address'

2019-06-25 14:43:11 - [MESSAGE][PASSED] - Text '1435 st alxendre' is set on object 'Object Repository/APOLLO- Desktop/Customer Information page/Address'

2019-06-25 14:43:11 - [TEST_STEP][PASSED] - setText(findTestObject("APOLLO- Desktop/Customer Information page/Apartment"), "220"): Text '220' is set on object 'Object Repository/APOLLO- Desktop/Customer Information page/Apartment'

2019-06-25 14:43:11 - [MESSAGE][PASSED] - Text '220' is set on object 'Object Repository/APOLLO- Desktop/Customer Information page/Apartment'

2019-06-25 14:43:11 - [TEST_STEP][PASSED] - setText(findTestObject("APOLLO- Desktop/Customer Information page/City"), "montreal"): Text 'montreal' is set on object 'Object Repository/APOLLO- Desktop/Customer Information page/City'

2019-06-25 14:43:12 - [MESSAGE][PASSED] - Text 'montreal' is set on object 'Object Repository/APOLLO- Desktop/Customer Information page/City'

2019-06-25 14:43:12 - [TEST_STEP][PASSED] - selectOptionByValue(findTestObject("APOLLO- Desktop/Customer Information page/Country dropdown"), "United States", true): All options with value 'United States' are selected in object 'Object Repository/APOLLO- Desktop/Customer Information page/Country dropdown'  using regular expression

2019-06-25 14:43:21 - [MESSAGE][PASSED] - All options with value 'United States' are selected in object 'Object Repository/APOLLO- Desktop/Customer Information page/Country dropdown'  using regular expression

2019-06-25 14:43:21 - [TEST_STEP][PASSED] - selectOptionByValue(findTestObject("APOLLO- Desktop/Customer Information page/states dropdown"), "NJ", true): All options with value 'NJ' are selected in object 'Object Repository/APOLLO- Desktop/Customer Information page/states dropdown'  using regular expression

2019-06-25 14:43:23 - [MESSAGE][PASSED] - All options with value 'NJ' are selected in object 'Object Repository/APOLLO- Desktop/Customer Information page/states dropdown'  using regular expression

2019-06-25 14:43:23 - [TEST_STEP][PASSED] - setText(findTestObject("APOLLO- Desktop/Customer Information page/ZIP code"), "07057"): Text '07057' is set on object 'Object Repository/APOLLO- Desktop/Customer Information page/ZIP code'

2019-06-25 14:43:23 - [MESSAGE][PASSED] - Text '07057' is set on object 'Object Repository/APOLLO- Desktop/Customer Information page/ZIP code'

2019-06-25 14:43:23 - [MESSAGE][PASSED] - Call Test Case 'Test Cases/CALL- CUSTOMER INFO PAGE' successfully

2019-06-25 14:43:23 - [TEST_STEP][PASSED] - delay(2): Delayed 2 second(s)

2019-06-25 14:43:25 - [MESSAGE][PASSED] - Delayed 2 second(s)

2019-06-25 14:43:25 - [TEST_STEP][NOT_RUN] - executeJavaScript("var previewBar = document.getElementById("preview-bar-iframe"); previewBar.style.display = "none";", []): NOT_RUN: executeJavaScript("var previewBar = document.getElementById("preview-bar-iframe"); previewBar.style.display = "none";", [])

2019-06-25 14:43:25 - [MESSAGE][NOT_RUN] - NOT_RUN: executeJavaScript("var previewBar = document.getElementById("preview-bar-iframe"); previewBar.style.display = "none";", [])

2019-06-25 14:43:25 - [TEST_STEP][PASSED] - click(findTestObject("APOLLO- Desktop/Customer Information page/Continue to shipping")): Object: 'Object Repository/APOLLO- Desktop/Customer Information page/Continue to shipping' is clicked on

2019-06-25 14:43:25 - [MESSAGE][PASSED] - Object: 'Object Repository/APOLLO- Desktop/Customer Information page/Continue to shipping' is clicked on

2019-06-25 14:43:25 - [TEST_STEP][PASSED] - delay(1): Delayed 1 second(s)

2019-06-25 14:43:26 - [MESSAGE][PASSED] - Delayed 1 second(s)

2019-06-25 14:43:26 - [TEST_STEP][PASSED] - click(findTestObject("APOLLO- Desktop/Shipping page/Radio button check")): Object: 'Object Repository/APOLLO- Desktop/Shipping page/Radio button check' is clicked on

2019-06-25 14:43:29 - [MESSAGE][PASSED] - Object: 'Object Repository/APOLLO- Desktop/Shipping page/Radio button check' is clicked on

2019-06-25 14:43:29 - [TEST_STEP][NOT_RUN] - executeJavaScript("var previewBar = document.getElementById("preview-bar-iframe"); previewBar.style.display = "none";", []): NOT_RUN: executeJavaScript("var previewBar = document.getElementById("preview-bar-iframe"); previewBar.style.display = "none";", [])

2019-06-25 14:43:29 - [MESSAGE][NOT_RUN] - NOT_RUN: executeJavaScript("var previewBar = document.getElementById("preview-bar-iframe"); previewBar.style.display = "none";", [])

2019-06-25 14:43:29 - [TEST_STEP][PASSED] - delay(1): Delayed 1 second(s)

2019-06-25 14:43:30 - [MESSAGE][PASSED] - Delayed 1 second(s)

2019-06-25 14:43:30 - [TEST_STEP][PASSED] - click(findTestObject("APOLLO- Desktop/Shipping page/Continue to payment")): Object: 'Object Repository/APOLLO- Desktop/Shipping page/Continue to payment' is clicked on

2019-06-25 14:43:30 - [MESSAGE][PASSED] - Object: 'Object Repository/APOLLO- Desktop/Shipping page/Continue to payment' is clicked on

2019-06-25 14:43:30 - [TEST_STEP][PASSED] - delay(1): Delayed 1 second(s)

2019-06-25 14:43:31 - [MESSAGE][PASSED] - Delayed 1 second(s)

2019-06-25 14:43:31 - [TEST_STEP][PASSED] - click(findTestObject("APOLLO- Desktop/payment page/Payment section")): Object: 'Object Repository/APOLLO- Desktop/payment page/Payment section' is clicked on

2019-06-25 14:43:33 - [MESSAGE][PASSED] - Object: 'Object Repository/APOLLO- Desktop/payment page/Payment section' is clicked on]]></system-out>
         <system-err><![CDATA[]]></system-err>
      </testcase>
      <testcase name="Test Cases/CRITICAL PATH/Adding product - Search flyout" classname="Test Cases/CRITICAL PATH/Adding product - Search flyout" status="FAILED">
         <failure type="FAILED" message="Test Cases/CRITICAL PATH/Adding product - Search flyout FAILED.
Reason:
com.kms.katalon.core.exception.StepFailedException: Object 'Object Repository/APOLLO- Desktop/Product page/Add to bag' is NOT clickable
	at com.kms.katalon.core.keyword.internal.KeywordMain.stepFailed(KeywordMain.groovy:32)
	at com.kms.katalon.core.webui.keyword.internal.WebUIKeywordMain.stepFailed(WebUIKeywordMain.groovy:65)
	at com.kms.katalon.core.webui.keyword.builtin.VerifyElementClickableKeyword$_verifyElementClickable_closure1.doCall(VerifyElementClickableKeyword.groovy:83)
	at com.kms.katalon.core.webui.keyword.builtin.VerifyElementClickableKeyword$_verifyElementClickable_closure1.call(VerifyElementClickableKeyword.groovy)
	at com.kms.katalon.core.webui.keyword.internal.WebUIKeywordMain.runKeyword(WebUIKeywordMain.groovy:21)
	at com.kms.katalon.core.webui.keyword.builtin.VerifyElementClickableKeyword.verifyElementClickable(VerifyElementClickableKeyword.groovy:96)
	at com.kms.katalon.core.webui.keyword.builtin.VerifyElementClickableKeyword.execute(VerifyElementClickableKeyword.groovy:67)
	at com.kms.katalon.core.keyword.internal.KeywordExecutor.executeKeywordForPlatform(KeywordExecutor.groovy:53)
	at com.kms.katalon.core.webui.keyword.WebUiBuiltInKeywords.verifyElementClickable(WebUiBuiltInKeywords.groovy:548)
	at com.kms.katalon.core.webui.keyword.WebUiBuiltInKeywords$verifyElementClickable$16.call(Unknown Source)
	at Adding product - Search flyout.run(Adding product - Search flyout:36)
	at com.kms.katalon.core.main.ScriptEngine.run(ScriptEngine.java:194)
	at com.kms.katalon.core.main.ScriptEngine.runScriptAsRawText(ScriptEngine.java:119)
	at com.kms.katalon.core.main.TestCaseExecutor.runScript(TestCaseExecutor.java:328)
	at com.kms.katalon.core.main.TestCaseExecutor.doExecute(TestCaseExecutor.java:319)
	at com.kms.katalon.core.main.TestCaseExecutor.processExecutionPhase(TestCaseExecutor.java:298)
	at com.kms.katalon.core.main.TestCaseExecutor.accessMainPhase(TestCaseExecutor.java:290)
	at com.kms.katalon.core.main.TestCaseExecutor.execute(TestCaseExecutor.java:224)
	at com.kms.katalon.core.main.TestSuiteExecutor.accessTestCaseMainPhase(TestSuiteExecutor.java:129)
	at com.kms.katalon.core.main.TestSuiteExecutor.accessTestSuiteMainPhase(TestSuiteExecutor.java:112)
	at com.kms.katalon.core.main.TestSuiteExecutor.execute(TestSuiteExecutor.java:81)
	at com.kms.katalon.core.main.TestCaseMain.startTestSuite(TestCaseMain.java:149)
	at com.kms.katalon.core.main.TestCaseMain$startTestSuite$0.call(Unknown Source)
	at TempTestSuite1561486823730.run(TempTestSuite1561486823730.groovy:36)
"/>
         <system-out><![CDATA[2019-06-25 14:43:33 - [TEST_CASE][FAILED] - Test Cases/CRITICAL PATH/Adding product - Search flyout: Test Cases/CRITICAL PATH/Adding product - Search flyout FAILED.
Reason:
com.kms.katalon.core.exception.StepFailedException: Object 'Object Repository/APOLLO- Desktop/Product page/Add to bag' is NOT clickable
	at com.kms.katalon.core.keyword.internal.KeywordMain.stepFailed(KeywordMain.groovy:32)
	at com.kms.katalon.core.webui.keyword.internal.WebUIKeywordMain.stepFailed(WebUIKeywordMain.groovy:65)
	at com.kms.katalon.core.webui.keyword.builtin.VerifyElementClickableKeyword$_verifyElementClickable_closure1.doCall(VerifyElementClickableKeyword.groovy:83)
	at com.kms.katalon.core.webui.keyword.builtin.VerifyElementClickableKeyword$_verifyElementClickable_closure1.call(VerifyElementClickableKeyword.groovy)
	at com.kms.katalon.core.webui.keyword.internal.WebUIKeywordMain.runKeyword(WebUIKeywordMain.groovy:21)
	at com.kms.katalon.core.webui.keyword.builtin.VerifyElementClickableKeyword.verifyElementClickable(VerifyElementClickableKeyword.groovy:96)
	at com.kms.katalon.core.webui.keyword.builtin.VerifyElementClickableKeyword.execute(VerifyElementClickableKeyword.groovy:67)
	at com.kms.katalon.core.keyword.internal.KeywordExecutor.executeKeywordForPlatform(KeywordExecutor.groovy:53)
	at com.kms.katalon.core.webui.keyword.WebUiBuiltInKeywords.verifyElementClickable(WebUiBuiltInKeywords.groovy:548)
	at com.kms.katalon.core.webui.keyword.WebUiBuiltInKeywords$verifyElementClickable$16.call(Unknown Source)
	at Adding product - Search flyout.run(Adding product - Search flyout:36)
	at com.kms.katalon.core.main.ScriptEngine.run(ScriptEngine.java:194)
	at com.kms.katalon.core.main.ScriptEngine.runScriptAsRawText(ScriptEngine.java:119)
	at com.kms.katalon.core.main.TestCaseExecutor.runScript(TestCaseExecutor.java:328)
	at com.kms.katalon.core.main.TestCaseExecutor.doExecute(TestCaseExecutor.java:319)
	at com.kms.katalon.core.main.TestCaseExecutor.processExecutionPhase(TestCaseExecutor.java:298)
	at com.kms.katalon.core.main.TestCaseExecutor.accessMainPhase(TestCaseExecutor.java:290)
	at com.kms.katalon.core.main.TestCaseExecutor.execute(TestCaseExecutor.java:224)
	at com.kms.katalon.core.main.TestSuiteExecutor.accessTestCaseMainPhase(TestSuiteExecutor.java:129)
	at com.kms.katalon.core.main.TestSuiteExecutor.accessTestSuiteMainPhase(TestSuiteExecutor.java:112)
	at com.kms.katalon.core.main.TestSuiteExecutor.execute(TestSuiteExecutor.java:81)
	at com.kms.katalon.core.main.TestCaseMain.startTestSuite(TestCaseMain.java:149)
	at com.kms.katalon.core.main.TestCaseMain$startTestSuite$0.call(Unknown Source)
	at TempTestSuite1561486823730.run(TempTestSuite1561486823730.groovy:36)


2019-06-25 14:43:33 - [TEST_STEP][PASSED] - callTestCase(findTestCase("CALL - URL"), [:], STOP_ON_FAILURE): Call Test Case 'Test Cases/CALL - URL' successfully

2019-06-25 14:43:33 - [TEST_CASE][PASSED] - Test Cases/CALL - URL: Test Cases/CALL - URL

2019-06-25 14:43:33 - [TEST_STEP][PASSED] - openBrowser(""): Browser is opened with url: ''

2019-06-25 14:43:33 - [MESSAGE][WARNING] - A browser is already opened. Closing browser and opening a new one

2019-06-25 14:43:33 - [MESSAGE][INFO] - Starting 'Safari' driver

2019-06-25 14:43:34 - [MESSAGE][PASSED] - Browser is opened with url: ''

2019-06-25 14:43:34 - [TEST_STEP][PASSED] - navigateToUrl("https://diff-apollo.myshopify.com/?key=eec34184cfd8f82cda816f82753a8c8e9e240f30cf54470e19667b8cbb401948&preview_theme_id="): Navigate to 'https://diff-apollo.myshopify.com/?key=eec34184cfd8f82cda816f82753a8c8e9e240f30cf54470e19667b8cbb401948&preview_theme_id=' successfully

2019-06-25 14:43:36 - [MESSAGE][PASSED] - Navigate to 'https://diff-apollo.myshopify.com/?key=eec34184cfd8f82cda816f82753a8c8e9e240f30cf54470e19667b8cbb401948&preview_theme_id=' successfully

2019-06-25 14:43:36 - [TEST_STEP][NOT_RUN] - executeJavaScript("var previewBar = document.getElementById("preview-bar-iframe"); previewBar.style.display = "none";", []): NOT_RUN: executeJavaScript("var previewBar = document.getElementById("preview-bar-iframe"); previewBar.style.display = "none";", [])

2019-06-25 14:43:36 - [MESSAGE][NOT_RUN] - NOT_RUN: executeJavaScript("var previewBar = document.getElementById("preview-bar-iframe"); previewBar.style.display = "none";", [])

2019-06-25 14:43:36 - [TEST_STEP][PASSED] - maximizeWindow(): Current window maximized

2019-06-25 14:43:36 - [MESSAGE][PASSED] - Current window maximized

2019-06-25 14:43:36 - [MESSAGE][PASSED] - Call Test Case 'Test Cases/CALL - URL' successfully

2019-06-25 14:43:36 - [TEST_STEP][PASSED] - delay(2): Delayed 2 second(s)

2019-06-25 14:43:38 - [MESSAGE][PASSED] - Delayed 2 second(s)

2019-06-25 14:43:38 - [TEST_STEP][PASSED] - click(findTestObject("APOLLO- Desktop/Home page/Search input")): Object: 'Object Repository/APOLLO- Desktop/Home page/Search input' is clicked on

2019-06-25 14:43:38 - [MESSAGE][PASSED] - Object: 'Object Repository/APOLLO- Desktop/Home page/Search input' is clicked on

2019-06-25 14:43:38 - [TEST_STEP][PASSED] - delay(1): Delayed 1 second(s)

2019-06-25 14:43:39 - [MESSAGE][PASSED] - Delayed 1 second(s)

2019-06-25 14:43:39 - [TEST_STEP][PASSED] - setText(findTestObject("APOLLO- Desktop/Home page/Search input box to enter"), "jacket"): Text 'jacket' is set on object 'Object Repository/APOLLO- Desktop/Home page/Search input box to enter'

2019-06-25 14:43:39 - [MESSAGE][PASSED] - Text 'jacket' is set on object 'Object Repository/APOLLO- Desktop/Home page/Search input box to enter'

2019-06-25 14:43:39 - [TEST_STEP][PASSED] - delay(1): Delayed 1 second(s)

2019-06-25 14:43:40 - [MESSAGE][PASSED] - Delayed 1 second(s)

2019-06-25 14:43:40 - [TEST_STEP][PASSED] - click(findTestObject("APOLLO- Desktop/Home page/2nd product - search flyout")): Object: 'Object Repository/APOLLO- Desktop/Home page/2nd product - search flyout' is clicked on

2019-06-25 14:43:41 - [MESSAGE][PASSED] - Object: 'Object Repository/APOLLO- Desktop/Home page/2nd product - search flyout' is clicked on

2019-06-25 14:43:41 - [TEST_STEP][PASSED] - delay(1): Delayed 1 second(s)

2019-06-25 14:43:42 - [MESSAGE][PASSED] - Delayed 1 second(s)

2019-06-25 14:43:42 - [TEST_STEP][PASSED] - selectOptionByValue(findTestObject("APOLLO- Desktop/Product page/Color dropdown"), "White", true): All options with value 'White' are selected in object 'Object Repository/APOLLO- Desktop/Product page/Color dropdown'  using regular expression

2019-06-25 14:43:43 - [MESSAGE][PASSED] - All options with value 'White' are selected in object 'Object Repository/APOLLO- Desktop/Product page/Color dropdown'  using regular expression

2019-06-25 14:43:43 - [TEST_STEP][PASSED] - delay(1): Delayed 1 second(s)

2019-06-25 14:43:44 - [MESSAGE][PASSED] - Delayed 1 second(s)

2019-06-25 14:43:44 - [TEST_STEP][FAILED] - a = verifyElementClickable(findTestObject("APOLLO- Desktop/Product page/Add to bag"), CONTINUE_ON_FAILURE): Object 'Object Repository/APOLLO- Desktop/Product page/Add to bag' is NOT clickable

2019-06-25 14:43:45 - [MESSAGE][FAILED] - Object 'Object Repository/APOLLO- Desktop/Product page/Add to bag' is NOT clickable
[[ATTACHMENT|/Users/sumankompelly/Katalon Studio/APOLLO/Reports/Apollo - dark build/20190625_142023/1561488224611.png]]

2019-06-25 14:43:45 - [TEST_STEP][PASSED] - comment("a=" + a): a=false

2019-06-25 14:43:45 - [MESSAGE][INFO] - a=false

2019-06-25 14:43:45 - [TEST_STEP][PASSED] - if (a == true): null

2019-06-25 14:43:45 - [TEST_STEP][PASSED] - else:  product sold out 

2019-06-25 14:43:45 - [TEST_STEP][PASSED] - comment(" product sold out "):  product sold out 

2019-06-25 14:43:45 - [MESSAGE][INFO] -  product sold out 

2019-06-25 14:43:45 - [TEST_STEP][PASSED] - selectOptionByValue(findTestObject("APOLLO- Desktop/Product page/Color dropdown"), "Black", true): All options with value 'Black' are selected in object 'Object Repository/APOLLO- Desktop/Product page/Color dropdown'  using regular expression

2019-06-25 14:43:45 - [MESSAGE][PASSED] - All options with value 'Black' are selected in object 'Object Repository/APOLLO- Desktop/Product page/Color dropdown'  using regular expression

2019-06-25 14:43:45 - [TEST_STEP][PASSED] - click(findTestObject("APOLLO- Desktop/Product page/Add to bag")): Object: 'Object Repository/APOLLO- Desktop/Product page/Add to bag' is clicked on

2019-06-25 14:43:45 - [MESSAGE][PASSED] - Object: 'Object Repository/APOLLO- Desktop/Product page/Add to bag' is clicked on

2019-06-25 14:43:45 - [TEST_STEP][PASSED] - delay(2): Delayed 2 second(s)

2019-06-25 14:43:47 - [MESSAGE][PASSED] - Delayed 2 second(s)

2019-06-25 14:43:47 - [TEST_STEP][NOT_RUN] - executeJavaScript("var previewBar = document.getElementById("preview-bar-iframe"); previewBar.style.display = "none";", []): NOT_RUN: executeJavaScript("var previewBar = document.getElementById("preview-bar-iframe"); previewBar.style.display = "none";", [])

2019-06-25 14:43:47 - [MESSAGE][NOT_RUN] - NOT_RUN: executeJavaScript("var previewBar = document.getElementById("preview-bar-iframe"); previewBar.style.display = "none";", [])

2019-06-25 14:43:47 - [TEST_STEP][PASSED] - click(findTestObject("APOLLO- Desktop/Cart flyout/Checkout")): Object: 'Object Repository/APOLLO- Desktop/Cart flyout/Checkout' is clicked on

2019-06-25 14:43:52 - [MESSAGE][PASSED] - Object: 'Object Repository/APOLLO- Desktop/Cart flyout/Checkout' is clicked on

2019-06-25 14:43:52 - [TEST_STEP][PASSED] - delay(1): Delayed 1 second(s)

2019-06-25 14:43:53 - [MESSAGE][PASSED] - Delayed 1 second(s)

2019-06-25 14:43:53 - [TEST_STEP][PASSED] - callTestCase(findTestCase("CALL- CUSTOMER INFO PAGE"), [:], STOP_ON_FAILURE): Call Test Case 'Test Cases/CALL- CUSTOMER INFO PAGE' successfully

2019-06-25 14:43:53 - [TEST_CASE][PASSED] - Test Cases/CALL- CUSTOMER INFO PAGE: Test Cases/CALL- CUSTOMER INFO PAGE

2019-06-25 14:43:53 - [TEST_STEP][PASSED] - delay(2): Delayed 2 second(s)

2019-06-25 14:43:55 - [MESSAGE][PASSED] - Delayed 2 second(s)

2019-06-25 14:43:55 - [TEST_STEP][NOT_RUN] - executeJavaScript("var previewBar = document.getElementById("preview-bar-iframe"); previewBar.style.display = "none";", []): NOT_RUN: executeJavaScript("var previewBar = document.getElementById("preview-bar-iframe"); previewBar.style.display = "none";", [])

2019-06-25 14:43:55 - [MESSAGE][NOT_RUN] - NOT_RUN: executeJavaScript("var previewBar = document.getElementById("preview-bar-iframe"); previewBar.style.display = "none";", [])

2019-06-25 14:43:55 - [TEST_STEP][PASSED] - setText(findTestObject("APOLLO- Desktop/Customer Information page/Email"), "suman@gmail.com"): Text 'suman@gmail.com' is set on object 'Object Repository/APOLLO- Desktop/Customer Information page/Email'

2019-06-25 14:43:55 - [MESSAGE][PASSED] - Text 'suman@gmail.com' is set on object 'Object Repository/APOLLO- Desktop/Customer Information page/Email'

2019-06-25 14:43:55 - [TEST_STEP][PASSED] - delay(2): Delayed 2 second(s)

2019-06-25 14:43:57 - [MESSAGE][PASSED] - Delayed 2 second(s)

2019-06-25 14:43:57 - [TEST_STEP][PASSED] - setText(findTestObject("APOLLO- Desktop/Customer Information page/First name"), "suman"): Text 'suman' is set on object 'Object Repository/APOLLO- Desktop/Customer Information page/First name'

2019-06-25 14:43:57 - [MESSAGE][PASSED] - Text 'suman' is set on object 'Object Repository/APOLLO- Desktop/Customer Information page/First name'

2019-06-25 14:43:57 - [TEST_STEP][PASSED] - delay(2): Delayed 2 second(s)

2019-06-25 14:43:59 - [MESSAGE][PASSED] - Delayed 2 second(s)

2019-06-25 14:43:59 - [TEST_STEP][PASSED] - setText(findTestObject("APOLLO- Desktop/Customer Information page/Last name"), "kompelly"): Text 'kompelly' is set on object 'Object Repository/APOLLO- Desktop/Customer Information page/Last name'

2019-06-25 14:43:59 - [MESSAGE][PASSED] - Text 'kompelly' is set on object 'Object Repository/APOLLO- Desktop/Customer Information page/Last name'

2019-06-25 14:43:59 - [TEST_STEP][PASSED] - delay(2): Delayed 2 second(s)

2019-06-25 14:44:01 - [MESSAGE][PASSED] - Delayed 2 second(s)

2019-06-25 14:44:01 - [TEST_STEP][PASSED] - setText(findTestObject("APOLLO- Desktop/Customer Information page/Address"), "1435 st alxendre"): Text '1435 st alxendre' is set on object 'Object Repository/APOLLO- Desktop/Customer Information page/Address'

2019-06-25 14:44:02 - [MESSAGE][PASSED] - Text '1435 st alxendre' is set on object 'Object Repository/APOLLO- Desktop/Customer Information page/Address'

2019-06-25 14:44:02 - [TEST_STEP][PASSED] - setText(findTestObject("APOLLO- Desktop/Customer Information page/Apartment"), "220"): Text '220' is set on object 'Object Repository/APOLLO- Desktop/Customer Information page/Apartment'

2019-06-25 14:44:02 - [MESSAGE][PASSED] - Text '220' is set on object 'Object Repository/APOLLO- Desktop/Customer Information page/Apartment'

2019-06-25 14:44:02 - [TEST_STEP][PASSED] - setText(findTestObject("APOLLO- Desktop/Customer Information page/City"), "montreal"): Text 'montreal' is set on object 'Object Repository/APOLLO- Desktop/Customer Information page/City'

2019-06-25 14:44:02 - [MESSAGE][PASSED] - Text 'montreal' is set on object 'Object Repository/APOLLO- Desktop/Customer Information page/City'

2019-06-25 14:44:02 - [TEST_STEP][PASSED] - selectOptionByValue(findTestObject("APOLLO- Desktop/Customer Information page/Country dropdown"), "United States", true): All options with value 'United States' are selected in object 'Object Repository/APOLLO- Desktop/Customer Information page/Country dropdown'  using regular expression

2019-06-25 14:44:11 - [MESSAGE][PASSED] - All options with value 'United States' are selected in object 'Object Repository/APOLLO- Desktop/Customer Information page/Country dropdown'  using regular expression

2019-06-25 14:44:11 - [TEST_STEP][PASSED] - selectOptionByValue(findTestObject("APOLLO- Desktop/Customer Information page/states dropdown"), "NJ", true): All options with value 'NJ' are selected in object 'Object Repository/APOLLO- Desktop/Customer Information page/states dropdown'  using regular expression

2019-06-25 14:44:12 - [MESSAGE][PASSED] - All options with value 'NJ' are selected in object 'Object Repository/APOLLO- Desktop/Customer Information page/states dropdown'  using regular expression

2019-06-25 14:44:12 - [TEST_STEP][PASSED] - setText(findTestObject("APOLLO- Desktop/Customer Information page/ZIP code"), "07057"): Text '07057' is set on object 'Object Repository/APOLLO- Desktop/Customer Information page/ZIP code'

2019-06-25 14:44:13 - [MESSAGE][PASSED] - Text '07057' is set on object 'Object Repository/APOLLO- Desktop/Customer Information page/ZIP code'

2019-06-25 14:44:13 - [MESSAGE][PASSED] - Call Test Case 'Test Cases/CALL- CUSTOMER INFO PAGE' successfully

2019-06-25 14:44:13 - [TEST_STEP][PASSED] - click(findTestObject("APOLLO- Desktop/Customer Information page/Continue to shipping")): Object: 'Object Repository/APOLLO- Desktop/Customer Information page/Continue to shipping' is clicked on

2019-06-25 14:44:13 - [MESSAGE][PASSED] - Object: 'Object Repository/APOLLO- Desktop/Customer Information page/Continue to shipping' is clicked on

2019-06-25 14:44:13 - [TEST_STEP][NOT_RUN] - executeJavaScript("var previewBar = document.getElementById("preview-bar-iframe"); previewBar.style.display = "none";", []): NOT_RUN: executeJavaScript("var previewBar = document.getElementById("preview-bar-iframe"); previewBar.style.display = "none";", [])

2019-06-25 14:44:13 - [MESSAGE][NOT_RUN] - NOT_RUN: executeJavaScript("var previewBar = document.getElementById("preview-bar-iframe"); previewBar.style.display = "none";", [])

2019-06-25 14:44:13 - [TEST_STEP][PASSED] - click(findTestObject("APOLLO- Desktop/Shipping page/Radio button check")): Object: 'Object Repository/APOLLO- Desktop/Shipping page/Radio button check' is clicked on

2019-06-25 14:44:16 - [MESSAGE][PASSED] - Object: 'Object Repository/APOLLO- Desktop/Shipping page/Radio button check' is clicked on

2019-06-25 14:44:16 - [TEST_STEP][NOT_RUN] - executeJavaScript("var previewBar = document.getElementById("preview-bar-iframe"); previewBar.style.display = "none";", []): NOT_RUN: executeJavaScript("var previewBar = document.getElementById("preview-bar-iframe"); previewBar.style.display = "none";", [])

2019-06-25 14:44:16 - [MESSAGE][NOT_RUN] - NOT_RUN: executeJavaScript("var previewBar = document.getElementById("preview-bar-iframe"); previewBar.style.display = "none";", [])

2019-06-25 14:44:16 - [TEST_STEP][PASSED] - click(findTestObject("APOLLO- Desktop/Shipping page/Continue to payment")): Object: 'Object Repository/APOLLO- Desktop/Shipping page/Continue to payment' is clicked on

2019-06-25 14:44:16 - [MESSAGE][PASSED] - Object: 'Object Repository/APOLLO- Desktop/Shipping page/Continue to payment' is clicked on

2019-06-25 14:44:16 - [TEST_STEP][NOT_RUN] - executeJavaScript("var previewBar = document.getElementById("preview-bar-iframe"); previewBar.style.display = "none";", []): NOT_RUN: executeJavaScript("var previewBar = document.getElementById("preview-bar-iframe"); previewBar.style.display = "none";", [])

2019-06-25 14:44:16 - [MESSAGE][NOT_RUN] - NOT_RUN: executeJavaScript("var previewBar = document.getElementById("preview-bar-iframe"); previewBar.style.display = "none";", [])

2019-06-25 14:44:16 - [TEST_STEP][FAILED] - click(findTestObject("APOLLO- Desktop/payment page/Payment section")): click(findTestObject("APOLLO- Desktop/payment page/Payment section")) FAILED.
Reason:
com.kms.katalon.core.exception.StepFailedException: Object 'Object Repository/APOLLO- Desktop/Product page/Add to bag' is NOT clickable
	at com.kms.katalon.core.keyword.internal.KeywordMain.stepFailed(KeywordMain.groovy:32)
	at com.kms.katalon.core.webui.keyword.internal.WebUIKeywordMain.stepFailed(WebUIKeywordMain.groovy:65)
	at com.kms.katalon.core.webui.keyword.builtin.VerifyElementClickableKeyword$_verifyElementClickable_closure1.doCall(VerifyElementClickableKeyword.groovy:83)
	at com.kms.katalon.core.webui.keyword.builtin.VerifyElementClickableKeyword$_verifyElementClickable_closure1.call(VerifyElementClickableKeyword.groovy)
	at com.kms.katalon.core.webui.keyword.internal.WebUIKeywordMain.runKeyword(WebUIKeywordMain.groovy:21)
	at com.kms.katalon.core.webui.keyword.builtin.VerifyElementClickableKeyword.verifyElementClickable(VerifyElementClickableKeyword.groovy:96)
	at com.kms.katalon.core.webui.keyword.builtin.VerifyElementClickableKeyword.execute(VerifyElementClickableKeyword.groovy:67)
	at com.kms.katalon.core.keyword.internal.KeywordExecutor.executeKeywordForPlatform(KeywordExecutor.groovy:53)
	at com.kms.katalon.core.webui.keyword.WebUiBuiltInKeywords.verifyElementClickable(WebUiBuiltInKeywords.groovy:548)
	at com.kms.katalon.core.webui.keyword.WebUiBuiltInKeywords$verifyElementClickable$16.call(Unknown Source)
	at Adding product - Search flyout.run(Adding product - Search flyout:36)
	at com.kms.katalon.core.main.ScriptEngine.run(ScriptEngine.java:194)
	at com.kms.katalon.core.main.ScriptEngine.runScriptAsRawText(ScriptEngine.java:119)
	at com.kms.katalon.core.main.TestCaseExecutor.runScript(TestCaseExecutor.java:328)
	at com.kms.katalon.core.main.TestCaseExecutor.doExecute(TestCaseExecutor.java:319)
	at com.kms.katalon.core.main.TestCaseExecutor.processExecutionPhase(TestCaseExecutor.java:298)
	at com.kms.katalon.core.main.TestCaseExecutor.accessMainPhase(TestCaseExecutor.java:290)
	at com.kms.katalon.core.main.TestCaseExecutor.execute(TestCaseExecutor.java:224)
	at com.kms.katalon.core.main.TestSuiteExecutor.accessTestCaseMainPhase(TestSuiteExecutor.java:129)
	at com.kms.katalon.core.main.TestSuiteExecutor.accessTestSuiteMainPhase(TestSuiteExecutor.java:112)
	at com.kms.katalon.core.main.TestSuiteExecutor.execute(TestSuiteExecutor.java:81)
	at com.kms.katalon.core.main.TestCaseMain.startTestSuite(TestCaseMain.java:149)
	at com.kms.katalon.core.main.TestCaseMain$startTestSuite$0.call(Unknown Source)
	at TempTestSuite1561486823730.run(TempTestSuite1561486823730.groovy:36)


2019-06-25 14:44:16 - [MESSAGE][NOT_RUN] - NOT_RUN: click(findTestObject("APOLLO- Desktop/payment page/Payment section"))

2019-06-25 14:44:16 - [MESSAGE][FAILED] - click(findTestObject("APOLLO- Desktop/payment page/Payment section")) FAILED.
Reason:
com.kms.katalon.core.exception.StepFailedException: Object 'Object Repository/APOLLO- Desktop/Product page/Add to bag' is NOT clickable
	at com.kms.katalon.core.keyword.internal.KeywordMain.stepFailed(KeywordMain.groovy:32)
	at com.kms.katalon.core.webui.keyword.internal.WebUIKeywordMain.stepFailed(WebUIKeywordMain.groovy:65)
	at com.kms.katalon.core.webui.keyword.builtin.VerifyElementClickableKeyword$_verifyElementClickable_closure1.doCall(VerifyElementClickableKeyword.groovy:83)
	at com.kms.katalon.core.webui.keyword.builtin.VerifyElementClickableKeyword$_verifyElementClickable_closure1.call(VerifyElementClickableKeyword.groovy)
	at com.kms.katalon.core.webui.keyword.internal.WebUIKeywordMain.runKeyword(WebUIKeywordMain.groovy:21)
	at com.kms.katalon.core.webui.keyword.builtin.VerifyElementClickableKeyword.verifyElementClickable(VerifyElementClickableKeyword.groovy:96)
	at com.kms.katalon.core.webui.keyword.builtin.VerifyElementClickableKeyword.execute(VerifyElementClickableKeyword.groovy:67)
	at com.kms.katalon.core.keyword.internal.KeywordExecutor.executeKeywordForPlatform(KeywordExecutor.groovy:53)
	at com.kms.katalon.core.webui.keyword.WebUiBuiltInKeywords.verifyElementClickable(WebUiBuiltInKeywords.groovy:548)
	at com.kms.katalon.core.webui.keyword.WebUiBuiltInKeywords$verifyElementClickable$16.call(Unknown Source)
	at Adding product - Search flyout.run(Adding product - Search flyout:36)
	at com.kms.katalon.core.main.ScriptEngine.run(ScriptEngine.java:194)
	at com.kms.katalon.core.main.ScriptEngine.runScriptAsRawText(ScriptEngine.java:119)
	at com.kms.katalon.core.main.TestCaseExecutor.runScript(TestCaseExecutor.java:328)
	at com.kms.katalon.core.main.TestCaseExecutor.doExecute(TestCaseExecutor.java:319)
	at com.kms.katalon.core.main.TestCaseExecutor.processExecutionPhase(TestCaseExecutor.java:298)
	at com.kms.katalon.core.main.TestCaseExecutor.accessMainPhase(TestCaseExecutor.java:290)
	at com.kms.katalon.core.main.TestCaseExecutor.execute(TestCaseExecutor.java:224)
	at com.kms.katalon.core.main.TestSuiteExecutor.accessTestCaseMainPhase(TestSuiteExecutor.java:129)
	at com.kms.katalon.core.main.TestSuiteExecutor.accessTestSuiteMainPhase(TestSuiteExecutor.java:112)
	at com.kms.katalon.core.main.TestSuiteExecutor.execute(TestSuiteExecutor.java:81)
	at com.kms.katalon.core.main.TestCaseMain.startTestSuite(TestCaseMain.java:149)
	at com.kms.katalon.core.main.TestCaseMain$startTestSuite$0.call(Unknown Source)
	at TempTestSuite1561486823730.run(TempTestSuite1561486823730.groovy:36)]]></system-out>
         <system-err><![CDATA[2019-06-25 14:43:33 - [TEST_CASE][FAILED] - Test Cases/CRITICAL PATH/Adding product - Search flyout: Test Cases/CRITICAL PATH/Adding product - Search flyout FAILED.
Reason:
com.kms.katalon.core.exception.StepFailedException: Object 'Object Repository/APOLLO- Desktop/Product page/Add to bag' is NOT clickable
	at com.kms.katalon.core.keyword.internal.KeywordMain.stepFailed(KeywordMain.groovy:32)
	at com.kms.katalon.core.webui.keyword.internal.WebUIKeywordMain.stepFailed(WebUIKeywordMain.groovy:65)
	at com.kms.katalon.core.webui.keyword.builtin.VerifyElementClickableKeyword$_verifyElementClickable_closure1.doCall(VerifyElementClickableKeyword.groovy:83)
	at com.kms.katalon.core.webui.keyword.builtin.VerifyElementClickableKeyword$_verifyElementClickable_closure1.call(VerifyElementClickableKeyword.groovy)
	at com.kms.katalon.core.webui.keyword.internal.WebUIKeywordMain.runKeyword(WebUIKeywordMain.groovy:21)
	at com.kms.katalon.core.webui.keyword.builtin.VerifyElementClickableKeyword.verifyElementClickable(VerifyElementClickableKeyword.groovy:96)
	at com.kms.katalon.core.webui.keyword.builtin.VerifyElementClickableKeyword.execute(VerifyElementClickableKeyword.groovy:67)
	at com.kms.katalon.core.keyword.internal.KeywordExecutor.executeKeywordForPlatform(KeywordExecutor.groovy:53)
	at com.kms.katalon.core.webui.keyword.WebUiBuiltInKeywords.verifyElementClickable(WebUiBuiltInKeywords.groovy:548)
	at com.kms.katalon.core.webui.keyword.WebUiBuiltInKeywords$verifyElementClickable$16.call(Unknown Source)
	at Adding product - Search flyout.run(Adding product - Search flyout:36)
	at com.kms.katalon.core.main.ScriptEngine.run(ScriptEngine.java:194)
	at com.kms.katalon.core.main.ScriptEngine.runScriptAsRawText(ScriptEngine.java:119)
	at com.kms.katalon.core.main.TestCaseExecutor.runScript(TestCaseExecutor.java:328)
	at com.kms.katalon.core.main.TestCaseExecutor.doExecute(TestCaseExecutor.java:319)
	at com.kms.katalon.core.main.TestCaseExecutor.processExecutionPhase(TestCaseExecutor.java:298)
	at com.kms.katalon.core.main.TestCaseExecutor.accessMainPhase(TestCaseExecutor.java:290)
	at com.kms.katalon.core.main.TestCaseExecutor.execute(TestCaseExecutor.java:224)
	at com.kms.katalon.core.main.TestSuiteExecutor.accessTestCaseMainPhase(TestSuiteExecutor.java:129)
	at com.kms.katalon.core.main.TestSuiteExecutor.accessTestSuiteMainPhase(TestSuiteExecutor.java:112)
	at com.kms.katalon.core.main.TestSuiteExecutor.execute(TestSuiteExecutor.java:81)
	at com.kms.katalon.core.main.TestCaseMain.startTestSuite(TestCaseMain.java:149)
	at com.kms.katalon.core.main.TestCaseMain$startTestSuite$0.call(Unknown Source)
	at TempTestSuite1561486823730.run(TempTestSuite1561486823730.groovy:36)]]></system-err>
      </testcase>
      <testcase name="Test Cases/CRITICAL PATH/Adding product - home page" classname="Test Cases/CRITICAL PATH/Adding product - home page" status="FAILED">
         <failure type="FAILED" message="Test Cases/CRITICAL PATH/Adding product - home page FAILED.
Reason:
com.kms.katalon.core.exception.StepFailedException: Unable to move mouse over object 'Object Repository/APOLLO- Desktop/Home page/OUTER WEAR - TILES' (Root cause: org.openqa.selenium.interactions.MoveTargetOutOfBoundsException: 
Build info: version: '3.7.1', revision: '8a0099a', time: '2017-11-06T21:07:36.161Z'
System info: host: 'sumans-MacBook-Pro.local', ip: 'fe80:0:0:0:b7:68e8:717b:cb34%en0', os.name: 'Mac OS X', os.arch: 'x86_64', os.version: '10.13.6', java.version: '1.8.0_181'
Driver info: com.kms.katalon.selenium.driver.CSafariDriver
Capabilities {acceptInsecureCerts: false, browserName: Safari, browserVersion: 12.1, javascriptEnabled: true, platform: MAC, platformName: MAC, safari:automaticInspection: false, safari:automaticProfiling: false, safari:diagnose: false, setWindowRect: true, strictFileInteractability: false, webkit:WebRTC: {DisableICECandidateFiltering: false, DisableInsecureMediaCapture: false}}
Session ID: 08255394-A189-4050-955F-5DFBB1DF4ADF)
	at com.kms.katalon.core.keyword.internal.KeywordMain.stepFailed(KeywordMain.groovy:36)
	at com.kms.katalon.core.webui.keyword.internal.WebUIKeywordMain.stepFailed(WebUIKeywordMain.groovy:65)
	at com.kms.katalon.core.webui.keyword.internal.WebUIKeywordMain.runKeyword(WebUIKeywordMain.groovy:27)
	at com.kms.katalon.core.webui.keyword.builtin.MouseOverKeyword.mouseOver(MouseOverKeyword.groovy:90)
	at com.kms.katalon.core.webui.keyword.builtin.MouseOverKeyword.execute(MouseOverKeyword.groovy:67)
	at com.kms.katalon.core.keyword.internal.KeywordExecutor.executeKeywordForPlatform(KeywordExecutor.groovy:53)
	at com.kms.katalon.core.webui.keyword.WebUiBuiltInKeywords.mouseOver(WebUiBuiltInKeywords.groovy:776)
	at com.kms.katalon.core.webui.keyword.WebUiBuiltInKeywords$mouseOver$9.call(Unknown Source)
	at Adding product - home page.run(Adding product - home page:22)
	at com.kms.katalon.core.main.ScriptEngine.run(ScriptEngine.java:194)
	at com.kms.katalon.core.main.ScriptEngine.runScriptAsRawText(ScriptEngine.java:119)
	at com.kms.katalon.core.main.TestCaseExecutor.runScript(TestCaseExecutor.java:328)
	at com.kms.katalon.core.main.TestCaseExecutor.doExecute(TestCaseExecutor.java:319)
	at com.kms.katalon.core.main.TestCaseExecutor.processExecutionPhase(TestCaseExecutor.java:298)
	at com.kms.katalon.core.main.TestCaseExecutor.accessMainPhase(TestCaseExecutor.java:290)
	at com.kms.katalon.core.main.TestCaseExecutor.execute(TestCaseExecutor.java:224)
	at com.kms.katalon.core.main.TestSuiteExecutor.accessTestCaseMainPhase(TestSuiteExecutor.java:129)
	at com.kms.katalon.core.main.TestSuiteExecutor.accessTestSuiteMainPhase(TestSuiteExecutor.java:112)
	at com.kms.katalon.core.main.TestSuiteExecutor.execute(TestSuiteExecutor.java:81)
	at com.kms.katalon.core.main.TestCaseMain.startTestSuite(TestCaseMain.java:149)
	at com.kms.katalon.core.main.TestCaseMain$startTestSuite$0.call(Unknown Source)
	at TempTestSuite1561486823730.run(TempTestSuite1561486823730.groovy:36)
"/>
         <system-out><![CDATA[2019-06-25 14:44:16 - [TEST_CASE][FAILED] - Test Cases/CRITICAL PATH/Adding product - home page: Test Cases/CRITICAL PATH/Adding product - home page FAILED.
Reason:
com.kms.katalon.core.exception.StepFailedException: Unable to move mouse over object 'Object Repository/APOLLO- Desktop/Home page/OUTER WEAR - TILES' (Root cause: org.openqa.selenium.interactions.MoveTargetOutOfBoundsException: 
Build info: version: '3.7.1', revision: '8a0099a', time: '2017-11-06T21:07:36.161Z'
System info: host: 'sumans-MacBook-Pro.local', ip: 'fe80:0:0:0:b7:68e8:717b:cb34%en0', os.name: 'Mac OS X', os.arch: 'x86_64', os.version: '10.13.6', java.version: '1.8.0_181'
Driver info: com.kms.katalon.selenium.driver.CSafariDriver
Capabilities {acceptInsecureCerts: false, browserName: Safari, browserVersion: 12.1, javascriptEnabled: true, platform: MAC, platformName: MAC, safari:automaticInspection: false, safari:automaticProfiling: false, safari:diagnose: false, setWindowRect: true, strictFileInteractability: false, webkit:WebRTC: {DisableICECandidateFiltering: false, DisableInsecureMediaCapture: false}}
Session ID: 08255394-A189-4050-955F-5DFBB1DF4ADF)
	at com.kms.katalon.core.keyword.internal.KeywordMain.stepFailed(KeywordMain.groovy:36)
	at com.kms.katalon.core.webui.keyword.internal.WebUIKeywordMain.stepFailed(WebUIKeywordMain.groovy:65)
	at com.kms.katalon.core.webui.keyword.internal.WebUIKeywordMain.runKeyword(WebUIKeywordMain.groovy:27)
	at com.kms.katalon.core.webui.keyword.builtin.MouseOverKeyword.mouseOver(MouseOverKeyword.groovy:90)
	at com.kms.katalon.core.webui.keyword.builtin.MouseOverKeyword.execute(MouseOverKeyword.groovy:67)
	at com.kms.katalon.core.keyword.internal.KeywordExecutor.executeKeywordForPlatform(KeywordExecutor.groovy:53)
	at com.kms.katalon.core.webui.keyword.WebUiBuiltInKeywords.mouseOver(WebUiBuiltInKeywords.groovy:776)
	at com.kms.katalon.core.webui.keyword.WebUiBuiltInKeywords$mouseOver$9.call(Unknown Source)
	at Adding product - home page.run(Adding product - home page:22)
	at com.kms.katalon.core.main.ScriptEngine.run(ScriptEngine.java:194)
	at com.kms.katalon.core.main.ScriptEngine.runScriptAsRawText(ScriptEngine.java:119)
	at com.kms.katalon.core.main.TestCaseExecutor.runScript(TestCaseExecutor.java:328)
	at com.kms.katalon.core.main.TestCaseExecutor.doExecute(TestCaseExecutor.java:319)
	at com.kms.katalon.core.main.TestCaseExecutor.processExecutionPhase(TestCaseExecutor.java:298)
	at com.kms.katalon.core.main.TestCaseExecutor.accessMainPhase(TestCaseExecutor.java:290)
	at com.kms.katalon.core.main.TestCaseExecutor.execute(TestCaseExecutor.java:224)
	at com.kms.katalon.core.main.TestSuiteExecutor.accessTestCaseMainPhase(TestSuiteExecutor.java:129)
	at com.kms.katalon.core.main.TestSuiteExecutor.accessTestSuiteMainPhase(TestSuiteExecutor.java:112)
	at com.kms.katalon.core.main.TestSuiteExecutor.execute(TestSuiteExecutor.java:81)
	at com.kms.katalon.core.main.TestCaseMain.startTestSuite(TestCaseMain.java:149)
	at com.kms.katalon.core.main.TestCaseMain$startTestSuite$0.call(Unknown Source)
	at TempTestSuite1561486823730.run(TempTestSuite1561486823730.groovy:36)


2019-06-25 14:44:16 - [TEST_STEP][PASSED] - callTestCase(findTestCase("CALL - URL"), [:], STOP_ON_FAILURE): Call Test Case 'Test Cases/CALL - URL' successfully

2019-06-25 14:44:16 - [TEST_CASE][PASSED] - Test Cases/CALL - URL: Test Cases/CALL - URL

2019-06-25 14:44:16 - [TEST_STEP][PASSED] - openBrowser(""): Browser is opened with url: ''

2019-06-25 14:44:16 - [MESSAGE][WARNING] - A browser is already opened. Closing browser and opening a new one

2019-06-25 14:44:17 - [MESSAGE][INFO] - Starting 'Safari' driver

2019-06-25 14:44:17 - [MESSAGE][PASSED] - Browser is opened with url: ''

2019-06-25 14:44:17 - [TEST_STEP][PASSED] - navigateToUrl("https://diff-apollo.myshopify.com/?key=eec34184cfd8f82cda816f82753a8c8e9e240f30cf54470e19667b8cbb401948&preview_theme_id="): Navigate to 'https://diff-apollo.myshopify.com/?key=eec34184cfd8f82cda816f82753a8c8e9e240f30cf54470e19667b8cbb401948&preview_theme_id=' successfully

2019-06-25 14:44:19 - [MESSAGE][PASSED] - Navigate to 'https://diff-apollo.myshopify.com/?key=eec34184cfd8f82cda816f82753a8c8e9e240f30cf54470e19667b8cbb401948&preview_theme_id=' successfully

2019-06-25 14:44:19 - [TEST_STEP][NOT_RUN] - executeJavaScript("var previewBar = document.getElementById("preview-bar-iframe"); previewBar.style.display = "none";", []): NOT_RUN: executeJavaScript("var previewBar = document.getElementById("preview-bar-iframe"); previewBar.style.display = "none";", [])

2019-06-25 14:44:19 - [MESSAGE][NOT_RUN] - NOT_RUN: executeJavaScript("var previewBar = document.getElementById("preview-bar-iframe"); previewBar.style.display = "none";", [])

2019-06-25 14:44:19 - [TEST_STEP][PASSED] - maximizeWindow(): Current window maximized

2019-06-25 14:44:19 - [MESSAGE][PASSED] - Current window maximized

2019-06-25 14:44:19 - [MESSAGE][PASSED] - Call Test Case 'Test Cases/CALL - URL' successfully

2019-06-25 14:44:19 - [TEST_STEP][PASSED] - scrollToElement(findTestObject("APOLLO- Desktop/Home page/OUTER WEAR - TILES - Copy"), 0): Scroll to object 'Object Repository/APOLLO- Desktop/Home page/OUTER WEAR - TILES - Copy' successfully

2019-06-25 14:44:19 - [MESSAGE][WARNING] - Timeout '0' is invalid. Using default page load timeout: '30'

2019-06-25 14:44:19 - [MESSAGE][PASSED] - Scroll to object 'Object Repository/APOLLO- Desktop/Home page/OUTER WEAR - TILES - Copy' successfully

2019-06-25 14:44:19 - [TEST_STEP][PASSED] - delay(1): Delayed 1 second(s)

2019-06-25 14:44:20 - [MESSAGE][PASSED] - Delayed 1 second(s)

2019-06-25 14:44:20 - [TEST_STEP][FAILED] - mouseOver(findTestObject("APOLLO- Desktop/Home page/OUTER WEAR - TILES")): mouseOver(findTestObject("APOLLO- Desktop/Home page/OUTER WEAR - TILES")) FAILED.
Reason:
com.kms.katalon.core.exception.StepFailedException: Unable to move mouse over object 'Object Repository/APOLLO- Desktop/Home page/OUTER WEAR - TILES' (Root cause: org.openqa.selenium.interactions.MoveTargetOutOfBoundsException: 
Build info: version: '3.7.1', revision: '8a0099a', time: '2017-11-06T21:07:36.161Z'
System info: host: 'sumans-MacBook-Pro.local', ip: 'fe80:0:0:0:b7:68e8:717b:cb34%en0', os.name: 'Mac OS X', os.arch: 'x86_64', os.version: '10.13.6', java.version: '1.8.0_181'
Driver info: com.kms.katalon.selenium.driver.CSafariDriver
Capabilities {acceptInsecureCerts: false, browserName: Safari, browserVersion: 12.1, javascriptEnabled: true, platform: MAC, platformName: MAC, safari:automaticInspection: false, safari:automaticProfiling: false, safari:diagnose: false, setWindowRect: true, strictFileInteractability: false, webkit:WebRTC: {DisableICECandidateFiltering: false, DisableInsecureMediaCapture: false}}
Session ID: 08255394-A189-4050-955F-5DFBB1DF4ADF)
	at com.kms.katalon.core.keyword.internal.KeywordMain.stepFailed(KeywordMain.groovy:36)
	at com.kms.katalon.core.webui.keyword.internal.WebUIKeywordMain.stepFailed(WebUIKeywordMain.groovy:65)
	at com.kms.katalon.core.webui.keyword.internal.WebUIKeywordMain.runKeyword(WebUIKeywordMain.groovy:27)
	at com.kms.katalon.core.webui.keyword.builtin.MouseOverKeyword.mouseOver(MouseOverKeyword.groovy:90)
	at com.kms.katalon.core.webui.keyword.builtin.MouseOverKeyword.execute(MouseOverKeyword.groovy:67)
	at com.kms.katalon.core.keyword.internal.KeywordExecutor.executeKeywordForPlatform(KeywordExecutor.groovy:53)
	at com.kms.katalon.core.webui.keyword.WebUiBuiltInKeywords.mouseOver(WebUiBuiltInKeywords.groovy:776)
	at com.kms.katalon.core.webui.keyword.WebUiBuiltInKeywords$mouseOver$9.call(Unknown Source)
	at Adding product - home page.run(Adding product - home page:22)
	at com.kms.katalon.core.main.ScriptEngine.run(ScriptEngine.java:194)
	at com.kms.katalon.core.main.ScriptEngine.runScriptAsRawText(ScriptEngine.java:119)
	at com.kms.katalon.core.main.TestCaseExecutor.runScript(TestCaseExecutor.java:328)
	at com.kms.katalon.core.main.TestCaseExecutor.doExecute(TestCaseExecutor.java:319)
	at com.kms.katalon.core.main.TestCaseExecutor.processExecutionPhase(TestCaseExecutor.java:298)
	at com.kms.katalon.core.main.TestCaseExecutor.accessMainPhase(TestCaseExecutor.java:290)
	at com.kms.katalon.core.main.TestCaseExecutor.execute(TestCaseExecutor.java:224)
	at com.kms.katalon.core.main.TestSuiteExecutor.accessTestCaseMainPhase(TestSuiteExecutor.java:129)
	at com.kms.katalon.core.main.TestSuiteExecutor.accessTestSuiteMainPhase(TestSuiteExecutor.java:112)
	at com.kms.katalon.core.main.TestSuiteExecutor.execute(TestSuiteExecutor.java:81)
	at com.kms.katalon.core.main.TestCaseMain.startTestSuite(TestCaseMain.java:149)
	at com.kms.katalon.core.main.TestCaseMain$startTestSuite$0.call(Unknown Source)
	at TempTestSuite1561486823730.run(TempTestSuite1561486823730.groovy:36)


2019-06-25 14:44:20 - [MESSAGE][FAILED] - Unable to move mouse over object 'Object Repository/APOLLO- Desktop/Home page/OUTER WEAR - TILES' (Root cause: org.openqa.selenium.interactions.MoveTargetOutOfBoundsException: 
Build info: version: '3.7.1', revision: '8a0099a', time: '2017-11-06T21:07:36.161Z'
System info: host: 'sumans-MacBook-Pro.local', ip: 'fe80:0:0:0:b7:68e8:717b:cb34%en0', os.name: 'Mac OS X', os.arch: 'x86_64', os.version: '10.13.6', java.version: '1.8.0_181'
Driver info: com.kms.katalon.selenium.driver.CSafariDriver
Capabilities {acceptInsecureCerts: false, browserName: Safari, browserVersion: 12.1, javascriptEnabled: true, platform: MAC, platformName: MAC, safari:automaticInspection: false, safari:automaticProfiling: false, safari:diagnose: false, setWindowRect: true, strictFileInteractability: false, webkit:WebRTC: {DisableICECandidateFiltering: false, DisableInsecureMediaCapture: false}}
Session ID: 08255394-A189-4050-955F-5DFBB1DF4ADF)
[[ATTACHMENT|/Users/sumankompelly/Katalon Studio/APOLLO/Reports/Apollo - dark build/20190625_142023/1561488260408.png]]

2019-06-25 14:44:20 - [MESSAGE][FAILED] - mouseOver(findTestObject("APOLLO- Desktop/Home page/OUTER WEAR - TILES")) FAILED.
Reason:
com.kms.katalon.core.exception.StepFailedException: Unable to move mouse over object 'Object Repository/APOLLO- Desktop/Home page/OUTER WEAR - TILES' (Root cause: org.openqa.selenium.interactions.MoveTargetOutOfBoundsException: 
Build info: version: '3.7.1', revision: '8a0099a', time: '2017-11-06T21:07:36.161Z'
System info: host: 'sumans-MacBook-Pro.local', ip: 'fe80:0:0:0:b7:68e8:717b:cb34%en0', os.name: 'Mac OS X', os.arch: 'x86_64', os.version: '10.13.6', java.version: '1.8.0_181'
Driver info: com.kms.katalon.selenium.driver.CSafariDriver
Capabilities {acceptInsecureCerts: false, browserName: Safari, browserVersion: 12.1, javascriptEnabled: true, platform: MAC, platformName: MAC, safari:automaticInspection: false, safari:automaticProfiling: false, safari:diagnose: false, setWindowRect: true, strictFileInteractability: false, webkit:WebRTC: {DisableICECandidateFiltering: false, DisableInsecureMediaCapture: false}}
Session ID: 08255394-A189-4050-955F-5DFBB1DF4ADF)
	at com.kms.katalon.core.keyword.internal.KeywordMain.stepFailed(KeywordMain.groovy:36)
	at com.kms.katalon.core.webui.keyword.internal.WebUIKeywordMain.stepFailed(WebUIKeywordMain.groovy:65)
	at com.kms.katalon.core.webui.keyword.internal.WebUIKeywordMain.runKeyword(WebUIKeywordMain.groovy:27)
	at com.kms.katalon.core.webui.keyword.builtin.MouseOverKeyword.mouseOver(MouseOverKeyword.groovy:90)
	at com.kms.katalon.core.webui.keyword.builtin.MouseOverKeyword.execute(MouseOverKeyword.groovy:67)
	at com.kms.katalon.core.keyword.internal.KeywordExecutor.executeKeywordForPlatform(KeywordExecutor.groovy:53)
	at com.kms.katalon.core.webui.keyword.WebUiBuiltInKeywords.mouseOver(WebUiBuiltInKeywords.groovy:776)
	at com.kms.katalon.core.webui.keyword.WebUiBuiltInKeywords$mouseOver$9.call(Unknown Source)
	at Adding product - home page.run(Adding product - home page:22)
	at com.kms.katalon.core.main.ScriptEngine.run(ScriptEngine.java:194)
	at com.kms.katalon.core.main.ScriptEngine.runScriptAsRawText(ScriptEngine.java:119)
	at com.kms.katalon.core.main.TestCaseExecutor.runScript(TestCaseExecutor.java:328)
	at com.kms.katalon.core.main.TestCaseExecutor.doExecute(TestCaseExecutor.java:319)
	at com.kms.katalon.core.main.TestCaseExecutor.processExecutionPhase(TestCaseExecutor.java:298)
	at com.kms.katalon.core.main.TestCaseExecutor.accessMainPhase(TestCaseExecutor.java:290)
	at com.kms.katalon.core.main.TestCaseExecutor.execute(TestCaseExecutor.java:224)
	at com.kms.katalon.core.main.TestSuiteExecutor.accessTestCaseMainPhase(TestSuiteExecutor.java:129)
	at com.kms.katalon.core.main.TestSuiteExecutor.accessTestSuiteMainPhase(TestSuiteExecutor.java:112)
	at com.kms.katalon.core.main.TestSuiteExecutor.execute(TestSuiteExecutor.java:81)
	at com.kms.katalon.core.main.TestCaseMain.startTestSuite(TestCaseMain.java:149)
	at com.kms.katalon.core.main.TestCaseMain$startTestSuite$0.call(Unknown Source)
	at TempTestSuite1561486823730.run(TempTestSuite1561486823730.groovy:36)]]></system-out>
         <system-err><![CDATA[2019-06-25 14:44:16 - [TEST_CASE][FAILED] - Test Cases/CRITICAL PATH/Adding product - home page: Test Cases/CRITICAL PATH/Adding product - home page FAILED.
Reason:
com.kms.katalon.core.exception.StepFailedException: Unable to move mouse over object 'Object Repository/APOLLO- Desktop/Home page/OUTER WEAR - TILES' (Root cause: org.openqa.selenium.interactions.MoveTargetOutOfBoundsException: 
Build info: version: '3.7.1', revision: '8a0099a', time: '2017-11-06T21:07:36.161Z'
System info: host: 'sumans-MacBook-Pro.local', ip: 'fe80:0:0:0:b7:68e8:717b:cb34%en0', os.name: 'Mac OS X', os.arch: 'x86_64', os.version: '10.13.6', java.version: '1.8.0_181'
Driver info: com.kms.katalon.selenium.driver.CSafariDriver
Capabilities {acceptInsecureCerts: false, browserName: Safari, browserVersion: 12.1, javascriptEnabled: true, platform: MAC, platformName: MAC, safari:automaticInspection: false, safari:automaticProfiling: false, safari:diagnose: false, setWindowRect: true, strictFileInteractability: false, webkit:WebRTC: {DisableICECandidateFiltering: false, DisableInsecureMediaCapture: false}}
Session ID: 08255394-A189-4050-955F-5DFBB1DF4ADF)
	at com.kms.katalon.core.keyword.internal.KeywordMain.stepFailed(KeywordMain.groovy:36)
	at com.kms.katalon.core.webui.keyword.internal.WebUIKeywordMain.stepFailed(WebUIKeywordMain.groovy:65)
	at com.kms.katalon.core.webui.keyword.internal.WebUIKeywordMain.runKeyword(WebUIKeywordMain.groovy:27)
	at com.kms.katalon.core.webui.keyword.builtin.MouseOverKeyword.mouseOver(MouseOverKeyword.groovy:90)
	at com.kms.katalon.core.webui.keyword.builtin.MouseOverKeyword.execute(MouseOverKeyword.groovy:67)
	at com.kms.katalon.core.keyword.internal.KeywordExecutor.executeKeywordForPlatform(KeywordExecutor.groovy:53)
	at com.kms.katalon.core.webui.keyword.WebUiBuiltInKeywords.mouseOver(WebUiBuiltInKeywords.groovy:776)
	at com.kms.katalon.core.webui.keyword.WebUiBuiltInKeywords$mouseOver$9.call(Unknown Source)
	at Adding product - home page.run(Adding product - home page:22)
	at com.kms.katalon.core.main.ScriptEngine.run(ScriptEngine.java:194)
	at com.kms.katalon.core.main.ScriptEngine.runScriptAsRawText(ScriptEngine.java:119)
	at com.kms.katalon.core.main.TestCaseExecutor.runScript(TestCaseExecutor.java:328)
	at com.kms.katalon.core.main.TestCaseExecutor.doExecute(TestCaseExecutor.java:319)
	at com.kms.katalon.core.main.TestCaseExecutor.processExecutionPhase(TestCaseExecutor.java:298)
	at com.kms.katalon.core.main.TestCaseExecutor.accessMainPhase(TestCaseExecutor.java:290)
	at com.kms.katalon.core.main.TestCaseExecutor.execute(TestCaseExecutor.java:224)
	at com.kms.katalon.core.main.TestSuiteExecutor.accessTestCaseMainPhase(TestSuiteExecutor.java:129)
	at com.kms.katalon.core.main.TestSuiteExecutor.accessTestSuiteMainPhase(TestSuiteExecutor.java:112)
	at com.kms.katalon.core.main.TestSuiteExecutor.execute(TestSuiteExecutor.java:81)
	at com.kms.katalon.core.main.TestCaseMain.startTestSuite(TestCaseMain.java:149)
	at com.kms.katalon.core.main.TestCaseMain$startTestSuite$0.call(Unknown Source)
	at TempTestSuite1561486823730.run(TempTestSuite1561486823730.groovy:36)]]></system-err>
      </testcase>
      <testcase name="Test Cases/CRITICAL PATH/Login and logout" classname="Test Cases/CRITICAL PATH/Login and logout" status="PASSED">
         <system-out><![CDATA[2019-06-25 14:44:20 - [TEST_CASE][PASSED] - Test Cases/CRITICAL PATH/Login and logout: Test Cases/CRITICAL PATH/Login and logout

2019-06-25 14:44:20 - [TEST_STEP][PASSED] - callTestCase(findTestCase("CALL - URL"), [:], STOP_ON_FAILURE): Call Test Case 'Test Cases/CALL - URL' successfully

2019-06-25 14:44:20 - [TEST_CASE][PASSED] - Test Cases/CALL - URL: Test Cases/CALL - URL

2019-06-25 14:44:20 - [TEST_STEP][PASSED] - openBrowser(""): Browser is opened with url: ''

2019-06-25 14:44:20 - [MESSAGE][WARNING] - A browser is already opened. Closing browser and opening a new one

2019-06-25 14:44:20 - [MESSAGE][INFO] - Starting 'Safari' driver

2019-06-25 14:44:21 - [MESSAGE][PASSED] - Browser is opened with url: ''

2019-06-25 14:44:21 - [TEST_STEP][PASSED] - navigateToUrl("https://diff-apollo.myshopify.com/?key=eec34184cfd8f82cda816f82753a8c8e9e240f30cf54470e19667b8cbb401948&preview_theme_id="): Navigate to 'https://diff-apollo.myshopify.com/?key=eec34184cfd8f82cda816f82753a8c8e9e240f30cf54470e19667b8cbb401948&preview_theme_id=' successfully

2019-06-25 14:44:22 - [MESSAGE][PASSED] - Navigate to 'https://diff-apollo.myshopify.com/?key=eec34184cfd8f82cda816f82753a8c8e9e240f30cf54470e19667b8cbb401948&preview_theme_id=' successfully

2019-06-25 14:44:22 - [TEST_STEP][NOT_RUN] - executeJavaScript("var previewBar = document.getElementById("preview-bar-iframe"); previewBar.style.display = "none";", []): NOT_RUN: executeJavaScript("var previewBar = document.getElementById("preview-bar-iframe"); previewBar.style.display = "none";", [])

2019-06-25 14:44:22 - [MESSAGE][NOT_RUN] - NOT_RUN: executeJavaScript("var previewBar = document.getElementById("preview-bar-iframe"); previewBar.style.display = "none";", [])

2019-06-25 14:44:22 - [TEST_STEP][PASSED] - maximizeWindow(): Current window maximized

2019-06-25 14:44:22 - [MESSAGE][PASSED] - Current window maximized

2019-06-25 14:44:22 - [MESSAGE][PASSED] - Call Test Case 'Test Cases/CALL - URL' successfully

2019-06-25 14:44:22 - [TEST_STEP][PASSED] - delay(1): Delayed 1 second(s)

2019-06-25 14:44:23 - [MESSAGE][PASSED] - Delayed 1 second(s)

2019-06-25 14:44:23 - [TEST_STEP][PASSED] - click(findTestObject("APOLLO- Desktop/Home page/Account icon")): Object: 'Object Repository/APOLLO- Desktop/Home page/Account icon' is clicked on

2019-06-25 14:44:25 - [MESSAGE][PASSED] - Object: 'Object Repository/APOLLO- Desktop/Home page/Account icon' is clicked on

2019-06-25 14:44:25 - [TEST_STEP][PASSED] - delay(1): Delayed 1 second(s)

2019-06-25 14:44:26 - [MESSAGE][PASSED] - Delayed 1 second(s)

2019-06-25 14:44:26 - [TEST_STEP][PASSED] - setText(findTestObject("APOLLO- Desktop/Home page/Email address"), "suman.kompelly@diffagency.com"): Text 'suman.kompelly@diffagency.com' is set on object 'Object Repository/APOLLO- Desktop/Home page/Email address'

2019-06-25 14:44:27 - [MESSAGE][PASSED] - Text 'suman.kompelly@diffagency.com' is set on object 'Object Repository/APOLLO- Desktop/Home page/Email address'

2019-06-25 14:44:27 - [TEST_STEP][PASSED] - delay(1): Delayed 1 second(s)

2019-06-25 14:44:28 - [MESSAGE][PASSED] - Delayed 1 second(s)

2019-06-25 14:44:28 - [TEST_STEP][PASSED] - setEncryptedText(findTestObject("APOLLO- Desktop/Home page/Password"), "YVtWHtdGuqHfOZKsa+65Fg=="): Text ****** has been set on object 'Object Repository/APOLLO- Desktop/Home page/Password'

2019-06-25 14:44:28 - [MESSAGE][PASSED] - Text ****** has been set on object 'Object Repository/APOLLO- Desktop/Home page/Password'

2019-06-25 14:44:28 - [TEST_STEP][PASSED] - delay(1): Delayed 1 second(s)

2019-06-25 14:44:29 - [MESSAGE][PASSED] - Delayed 1 second(s)

2019-06-25 14:44:29 - [TEST_STEP][PASSED] - click(findTestObject("APOLLO- Desktop/Home page/Sign in button")): Object: 'Object Repository/APOLLO- Desktop/Home page/Sign in button' is clicked on

2019-06-25 14:44:29 - [MESSAGE][PASSED] - Object: 'Object Repository/APOLLO- Desktop/Home page/Sign in button' is clicked on

2019-06-25 14:44:29 - [TEST_STEP][PASSED] - delay(1): Delayed 1 second(s)

2019-06-25 14:44:30 - [MESSAGE][PASSED] - Delayed 1 second(s)

2019-06-25 14:44:30 - [TEST_STEP][PASSED] - click(findTestObject("APOLLO- Desktop/Home page/address page")): Object: 'Object Repository/APOLLO- Desktop/Home page/address page' is clicked on

2019-06-25 14:44:31 - [MESSAGE][PASSED] - Object: 'Object Repository/APOLLO- Desktop/Home page/address page' is clicked on

2019-06-25 14:44:31 - [TEST_STEP][PASSED] - delay(1): Delayed 1 second(s)

2019-06-25 14:44:32 - [MESSAGE][PASSED] - Delayed 1 second(s)

2019-06-25 14:44:32 - [TEST_STEP][PASSED] - click(findTestObject("APOLLO- Desktop/Home page/orders page")): Object: 'Object Repository/APOLLO- Desktop/Home page/orders page' is clicked on

2019-06-25 14:44:33 - [MESSAGE][PASSED] - Object: 'Object Repository/APOLLO- Desktop/Home page/orders page' is clicked on

2019-06-25 14:44:33 - [TEST_STEP][PASSED] - delay(1): Delayed 1 second(s)

2019-06-25 14:44:34 - [MESSAGE][PASSED] - Delayed 1 second(s)

2019-06-25 14:44:34 - [TEST_STEP][PASSED] - click(findTestObject("APOLLO- Desktop/Home page/Details page")): Object: 'Object Repository/APOLLO- Desktop/Home page/Details page' is clicked on

2019-06-25 14:44:35 - [MESSAGE][PASSED] - Object: 'Object Repository/APOLLO- Desktop/Home page/Details page' is clicked on

2019-06-25 14:44:35 - [TEST_STEP][PASSED] - delay(1): Delayed 1 second(s)

2019-06-25 14:44:36 - [MESSAGE][PASSED] - Delayed 1 second(s)

2019-06-25 14:44:36 - [TEST_STEP][PASSED] - click(findTestObject("APOLLO- Desktop/Home page/Logout")): Object: 'Object Repository/APOLLO- Desktop/Home page/Logout' is clicked on

2019-06-25 14:44:36 - [MESSAGE][PASSED] - Object: 'Object Repository/APOLLO- Desktop/Home page/Logout' is clicked on]]></system-out>
         <system-err><![CDATA[]]></system-err>
      </testcase>
      <testcase name="Test Cases/CRITICAL PATH/Decrease quantity - Cart flyout" classname="Test Cases/CRITICAL PATH/Decrease quantity - Cart flyout" status="PASSED">
         <system-out><![CDATA[2019-06-25 14:44:36 - [TEST_CASE][PASSED] - Test Cases/CRITICAL PATH/Decrease quantity - Cart flyout: Test Cases/CRITICAL PATH/Decrease quantity - Cart flyout

2019-06-25 14:44:36 - [TEST_STEP][PASSED] - callTestCase(findTestCase("CALL - URL"), [:], STOP_ON_FAILURE): Call Test Case 'Test Cases/CALL - URL' successfully

2019-06-25 14:44:36 - [TEST_CASE][PASSED] - Test Cases/CALL - URL: Test Cases/CALL - URL

2019-06-25 14:44:36 - [TEST_STEP][PASSED] - openBrowser(""): Browser is opened with url: ''

2019-06-25 14:44:36 - [MESSAGE][WARNING] - A browser is already opened. Closing browser and opening a new one

2019-06-25 14:44:36 - [MESSAGE][INFO] - Starting 'Safari' driver

2019-06-25 14:44:37 - [MESSAGE][PASSED] - Browser is opened with url: ''

2019-06-25 14:44:37 - [TEST_STEP][PASSED] - navigateToUrl("https://diff-apollo.myshopify.com/?key=eec34184cfd8f82cda816f82753a8c8e9e240f30cf54470e19667b8cbb401948&preview_theme_id="): Navigate to 'https://diff-apollo.myshopify.com/?key=eec34184cfd8f82cda816f82753a8c8e9e240f30cf54470e19667b8cbb401948&preview_theme_id=' successfully

2019-06-25 14:44:38 - [MESSAGE][PASSED] - Navigate to 'https://diff-apollo.myshopify.com/?key=eec34184cfd8f82cda816f82753a8c8e9e240f30cf54470e19667b8cbb401948&preview_theme_id=' successfully

2019-06-25 14:44:38 - [TEST_STEP][NOT_RUN] - executeJavaScript("var previewBar = document.getElementById("preview-bar-iframe"); previewBar.style.display = "none";", []): NOT_RUN: executeJavaScript("var previewBar = document.getElementById("preview-bar-iframe"); previewBar.style.display = "none";", [])

2019-06-25 14:44:38 - [MESSAGE][NOT_RUN] - NOT_RUN: executeJavaScript("var previewBar = document.getElementById("preview-bar-iframe"); previewBar.style.display = "none";", [])

2019-06-25 14:44:38 - [TEST_STEP][PASSED] - maximizeWindow(): Current window maximized

2019-06-25 14:44:38 - [MESSAGE][PASSED] - Current window maximized

2019-06-25 14:44:38 - [MESSAGE][PASSED] - Call Test Case 'Test Cases/CALL - URL' successfully

2019-06-25 14:44:38 - [TEST_STEP][PASSED] - delay(1): Delayed 1 second(s)

2019-06-25 14:44:39 - [MESSAGE][PASSED] - Delayed 1 second(s)

2019-06-25 14:44:39 - [TEST_STEP][PASSED] - click(findTestObject("APOLLO- Desktop/Burger Menu/Burgermenu")): Object: 'Object Repository/APOLLO- Desktop/Burger Menu/Burgermenu' is clicked on

2019-06-25 14:44:39 - [MESSAGE][PASSED] - Object: 'Object Repository/APOLLO- Desktop/Burger Menu/Burgermenu' is clicked on

2019-06-25 14:44:39 - [TEST_STEP][PASSED] - delay(2): Delayed 2 second(s)

2019-06-25 14:44:41 - [MESSAGE][PASSED] - Delayed 2 second(s)

2019-06-25 14:44:41 - [TEST_STEP][PASSED] - click(findTestObject("APOLLO- Desktop/Burger Menu/Mens chevron")): Object: 'Object Repository/APOLLO- Desktop/Burger Menu/Mens chevron' is clicked on

2019-06-25 14:44:41 - [MESSAGE][PASSED] - Object: 'Object Repository/APOLLO- Desktop/Burger Menu/Mens chevron' is clicked on

2019-06-25 14:44:41 - [TEST_STEP][PASSED] - delay(2): Delayed 2 second(s)

2019-06-25 14:44:43 - [MESSAGE][PASSED] - Delayed 2 second(s)

2019-06-25 14:44:43 - [TEST_STEP][PASSED] - click(findTestObject("APOLLO- Desktop/Burger Menu/Mens - Top Chevron")): Object: 'Object Repository/APOLLO- Desktop/Burger Menu/Mens - Top Chevron' is clicked on

2019-06-25 14:44:43 - [MESSAGE][PASSED] - Object: 'Object Repository/APOLLO- Desktop/Burger Menu/Mens - Top Chevron' is clicked on

2019-06-25 14:44:43 - [TEST_STEP][PASSED] - delay(2): Delayed 2 second(s)

2019-06-25 14:44:45 - [MESSAGE][PASSED] - Delayed 2 second(s)

2019-06-25 14:44:45 - [TEST_STEP][PASSED] - click(findTestObject("APOLLO- Desktop/Burger Menu/Shirts link")): Object: 'Object Repository/APOLLO- Desktop/Burger Menu/Shirts link' is clicked on

2019-06-25 14:44:47 - [MESSAGE][PASSED] - Object: 'Object Repository/APOLLO- Desktop/Burger Menu/Shirts link' is clicked on

2019-06-25 14:44:47 - [TEST_STEP][NOT_RUN] - executeJavaScript("var previewBar = document.getElementById("preview-bar-iframe"); previewBar.style.display = "none";", []): NOT_RUN: executeJavaScript("var previewBar = document.getElementById("preview-bar-iframe"); previewBar.style.display = "none";", [])

2019-06-25 14:44:47 - [MESSAGE][NOT_RUN] - NOT_RUN: executeJavaScript("var previewBar = document.getElementById("preview-bar-iframe"); previewBar.style.display = "none";", [])

2019-06-25 14:44:47 - [TEST_STEP][PASSED] - delay(2): Delayed 2 second(s)

2019-06-25 14:44:49 - [MESSAGE][PASSED] - Delayed 2 second(s)

2019-06-25 14:44:49 - [TEST_STEP][PASSED] - click(findTestObject("APOLLO- Desktop/Collection page/Blue shirt product")): Object: 'Object Repository/APOLLO- Desktop/Collection page/Blue shirt product' is clicked on

2019-06-25 14:44:49 - [MESSAGE][PASSED] - Object: 'Object Repository/APOLLO- Desktop/Collection page/Blue shirt product' is clicked on

2019-06-25 14:44:49 - [TEST_STEP][PASSED] - delay(2): Delayed 2 second(s)

2019-06-25 14:44:51 - [MESSAGE][PASSED] - Delayed 2 second(s)

2019-06-25 14:44:51 - [TEST_STEP][PASSED] - selectOptionByValue(findTestObject("APOLLO- Desktop/Product page/Size dropdown"), "Medium", true): All options with value 'Medium' are selected in object 'Object Repository/APOLLO- Desktop/Product page/Size dropdown'  using regular expression

2019-06-25 14:44:51 - [MESSAGE][PASSED] - All options with value 'Medium' are selected in object 'Object Repository/APOLLO- Desktop/Product page/Size dropdown'  using regular expression

2019-06-25 14:44:51 - [TEST_STEP][PASSED] - delay(2): Delayed 2 second(s)

2019-06-25 14:44:53 - [MESSAGE][PASSED] - Delayed 2 second(s)

2019-06-25 14:44:53 - [TEST_STEP][PASSED] - click(findTestObject("APOLLO- Desktop/Product page/Increase qunatity - prod page")): Object: 'Object Repository/APOLLO- Desktop/Product page/Increase qunatity - prod page' is clicked on

2019-06-25 14:44:53 - [MESSAGE][PASSED] - Object: 'Object Repository/APOLLO- Desktop/Product page/Increase qunatity - prod page' is clicked on

2019-06-25 14:44:53 - [TEST_STEP][PASSED] - delay(2): Delayed 2 second(s)

2019-06-25 14:44:55 - [MESSAGE][PASSED] - Delayed 2 second(s)

2019-06-25 14:44:55 - [TEST_STEP][PASSED] - click(findTestObject("APOLLO- Desktop/Product page/Increase qunatity - prod page")): Object: 'Object Repository/APOLLO- Desktop/Product page/Increase qunatity - prod page' is clicked on

2019-06-25 14:44:56 - [MESSAGE][PASSED] - Object: 'Object Repository/APOLLO- Desktop/Product page/Increase qunatity - prod page' is clicked on

2019-06-25 14:44:56 - [TEST_STEP][PASSED] - delay(2): Delayed 2 second(s)

2019-06-25 14:44:58 - [MESSAGE][PASSED] - Delayed 2 second(s)

2019-06-25 14:44:58 - [TEST_STEP][PASSED] - click(findTestObject("APOLLO- Desktop/Product page/Increase qunatity - prod page")): Object: 'Object Repository/APOLLO- Desktop/Product page/Increase qunatity - prod page' is clicked on

2019-06-25 14:44:58 - [MESSAGE][PASSED] - Object: 'Object Repository/APOLLO- Desktop/Product page/Increase qunatity - prod page' is clicked on

2019-06-25 14:44:58 - [TEST_STEP][PASSED] - delay(2): Delayed 2 second(s)

2019-06-25 14:45:00 - [MESSAGE][PASSED] - Delayed 2 second(s)

2019-06-25 14:45:00 - [TEST_STEP][PASSED] - click(findTestObject("APOLLO- Desktop/Product page/Increase qunatity - prod page")): Object: 'Object Repository/APOLLO- Desktop/Product page/Increase qunatity - prod page' is clicked on

2019-06-25 14:45:00 - [MESSAGE][PASSED] - Object: 'Object Repository/APOLLO- Desktop/Product page/Increase qunatity - prod page' is clicked on

2019-06-25 14:45:00 - [TEST_STEP][PASSED] - delay(2): Delayed 2 second(s)

2019-06-25 14:45:02 - [MESSAGE][PASSED] - Delayed 2 second(s)

2019-06-25 14:45:02 - [TEST_STEP][PASSED] - click(findTestObject("APOLLO- Desktop/Product page/Increase qunatity - prod page")): Object: 'Object Repository/APOLLO- Desktop/Product page/Increase qunatity - prod page' is clicked on

2019-06-25 14:45:02 - [MESSAGE][PASSED] - Object: 'Object Repository/APOLLO- Desktop/Product page/Increase qunatity - prod page' is clicked on

2019-06-25 14:45:02 - [TEST_STEP][PASSED] - delay(2): Delayed 2 second(s)

2019-06-25 14:45:04 - [MESSAGE][PASSED] - Delayed 2 second(s)

2019-06-25 14:45:04 - [TEST_STEP][PASSED] - click(findTestObject("APOLLO- Desktop/Product page/Add to bag")): Object: 'Object Repository/APOLLO- Desktop/Product page/Add to bag' is clicked on

2019-06-25 14:45:04 - [MESSAGE][PASSED] - Object: 'Object Repository/APOLLO- Desktop/Product page/Add to bag' is clicked on

2019-06-25 14:45:04 - [TEST_STEP][PASSED] - delay(2): Delayed 2 second(s)

2019-06-25 14:45:06 - [MESSAGE][PASSED] - Delayed 2 second(s)

2019-06-25 14:45:06 - [TEST_STEP][PASSED] - a = getText(findTestObject("APOLLO- Desktop/Cart flyout/Subtotal in cart flyout")): Text of object 'Object Repository/APOLLO- Desktop/Cart flyout/Subtotal in cart flyout' is: '$76.50'

2019-06-25 14:45:06 - [MESSAGE][PASSED] - Text of object 'Object Repository/APOLLO- Desktop/Cart flyout/Subtotal in cart flyout' is: '$76.50'

2019-06-25 14:45:06 - [TEST_STEP][PASSED] - comment("a=" + a): a=$76.50

2019-06-25 14:45:06 - [MESSAGE][INFO] - a=$76.50

2019-06-25 14:45:06 - [TEST_STEP][PASSED] - delay(2): Delayed 2 second(s)

2019-06-25 14:45:08 - [MESSAGE][PASSED] - Delayed 2 second(s)

2019-06-25 14:45:08 - [TEST_STEP][PASSED] - click(findTestObject("APOLLO- Desktop/Cart flyout/Decrease quantity - cart flyout")): Object: 'Object Repository/APOLLO- Desktop/Cart flyout/Decrease quantity - cart flyout' is clicked on

2019-06-25 14:45:08 - [MESSAGE][PASSED] - Object: 'Object Repository/APOLLO- Desktop/Cart flyout/Decrease quantity - cart flyout' is clicked on

2019-06-25 14:45:08 - [TEST_STEP][PASSED] - delay(2): Delayed 2 second(s)

2019-06-25 14:45:10 - [MESSAGE][PASSED] - Delayed 2 second(s)

2019-06-25 14:45:10 - [TEST_STEP][PASSED] - click(findTestObject("APOLLO- Desktop/Cart flyout/Decrease quantity - cart flyout")): Object: 'Object Repository/APOLLO- Desktop/Cart flyout/Decrease quantity - cart flyout' is clicked on

2019-06-25 14:45:10 - [MESSAGE][PASSED] - Object: 'Object Repository/APOLLO- Desktop/Cart flyout/Decrease quantity - cart flyout' is clicked on

2019-06-25 14:45:10 - [TEST_STEP][PASSED] - delay(2): Delayed 2 second(s)

2019-06-25 14:45:12 - [MESSAGE][PASSED] - Delayed 2 second(s)

2019-06-25 14:45:12 - [TEST_STEP][PASSED] - click(findTestObject("APOLLO- Desktop/Cart flyout/Decrease quantity - cart flyout")): Object: 'Object Repository/APOLLO- Desktop/Cart flyout/Decrease quantity - cart flyout' is clicked on

2019-06-25 14:45:12 - [MESSAGE][PASSED] - Object: 'Object Repository/APOLLO- Desktop/Cart flyout/Decrease quantity - cart flyout' is clicked on

2019-06-25 14:45:12 - [TEST_STEP][PASSED] - delay(2): Delayed 2 second(s)

2019-06-25 14:45:14 - [MESSAGE][PASSED] - Delayed 2 second(s)

2019-06-25 14:45:14 - [TEST_STEP][PASSED] - b = getText(findTestObject("APOLLO- Desktop/Cart flyout/Subtotal in cart flyout")): Text of object 'Object Repository/APOLLO- Desktop/Cart flyout/Subtotal in cart flyout' is: '$60.00'

2019-06-25 14:45:14 - [MESSAGE][PASSED] - Text of object 'Object Repository/APOLLO- Desktop/Cart flyout/Subtotal in cart flyout' is: '$60.00'

2019-06-25 14:45:14 - [TEST_STEP][PASSED] - comment("b=" + b): b=$60.00

2019-06-25 14:45:14 - [MESSAGE][INFO] - b=$60.00

2019-06-25 14:45:14 - [TEST_STEP][PASSED] - verifyNotEqual("a", "b"): Actual object 'a' and expected object 'b' are not equal

2019-06-25 14:45:14 - [MESSAGE][PASSED] - Actual object 'a' and expected object 'b' are not equal

2019-06-25 14:45:14 - [TEST_STEP][PASSED] - delay(2): Delayed 2 second(s)

2019-06-25 14:45:16 - [MESSAGE][PASSED] - Delayed 2 second(s)

2019-06-25 14:45:16 - [TEST_STEP][PASSED] - click(findTestObject("APOLLO- Desktop/Cart flyout/Checkout")): Object: 'Object Repository/APOLLO- Desktop/Cart flyout/Checkout' is clicked on

2019-06-25 14:45:20 - [MESSAGE][PASSED] - Object: 'Object Repository/APOLLO- Desktop/Cart flyout/Checkout' is clicked on

2019-06-25 14:45:20 - [TEST_STEP][PASSED] - delay(2): Delayed 2 second(s)

2019-06-25 14:45:22 - [MESSAGE][PASSED] - Delayed 2 second(s)

2019-06-25 14:45:22 - [TEST_STEP][PASSED] - callTestCase(findTestCase("CALL- CUSTOMER INFO PAGE"), [:], STOP_ON_FAILURE): Call Test Case 'Test Cases/CALL- CUSTOMER INFO PAGE' successfully

2019-06-25 14:45:22 - [TEST_CASE][PASSED] - Test Cases/CALL- CUSTOMER INFO PAGE: Test Cases/CALL- CUSTOMER INFO PAGE

2019-06-25 14:45:22 - [TEST_STEP][PASSED] - delay(2): Delayed 2 second(s)

2019-06-25 14:45:24 - [MESSAGE][PASSED] - Delayed 2 second(s)

2019-06-25 14:45:24 - [TEST_STEP][NOT_RUN] - executeJavaScript("var previewBar = document.getElementById("preview-bar-iframe"); previewBar.style.display = "none";", []): NOT_RUN: executeJavaScript("var previewBar = document.getElementById("preview-bar-iframe"); previewBar.style.display = "none";", [])

2019-06-25 14:45:24 - [MESSAGE][NOT_RUN] - NOT_RUN: executeJavaScript("var previewBar = document.getElementById("preview-bar-iframe"); previewBar.style.display = "none";", [])

2019-06-25 14:45:24 - [TEST_STEP][PASSED] - setText(findTestObject("APOLLO- Desktop/Customer Information page/Email"), "suman@gmail.com"): Text 'suman@gmail.com' is set on object 'Object Repository/APOLLO- Desktop/Customer Information page/Email'

2019-06-25 14:45:24 - [MESSAGE][PASSED] - Text 'suman@gmail.com' is set on object 'Object Repository/APOLLO- Desktop/Customer Information page/Email'

2019-06-25 14:45:24 - [TEST_STEP][PASSED] - delay(2): Delayed 2 second(s)

2019-06-25 14:45:26 - [MESSAGE][PASSED] - Delayed 2 second(s)

2019-06-25 14:45:26 - [TEST_STEP][PASSED] - setText(findTestObject("APOLLO- Desktop/Customer Information page/First name"), "suman"): Text 'suman' is set on object 'Object Repository/APOLLO- Desktop/Customer Information page/First name'

2019-06-25 14:45:26 - [MESSAGE][PASSED] - Text 'suman' is set on object 'Object Repository/APOLLO- Desktop/Customer Information page/First name'

2019-06-25 14:45:26 - [TEST_STEP][PASSED] - delay(2): Delayed 2 second(s)

2019-06-25 14:45:28 - [MESSAGE][PASSED] - Delayed 2 second(s)

2019-06-25 14:45:28 - [TEST_STEP][PASSED] - setText(findTestObject("APOLLO- Desktop/Customer Information page/Last name"), "kompelly"): Text 'kompelly' is set on object 'Object Repository/APOLLO- Desktop/Customer Information page/Last name'

2019-06-25 14:45:29 - [MESSAGE][PASSED] - Text 'kompelly' is set on object 'Object Repository/APOLLO- Desktop/Customer Information page/Last name'

2019-06-25 14:45:29 - [TEST_STEP][PASSED] - delay(2): Delayed 2 second(s)

2019-06-25 14:45:31 - [MESSAGE][PASSED] - Delayed 2 second(s)

2019-06-25 14:45:31 - [TEST_STEP][PASSED] - setText(findTestObject("APOLLO- Desktop/Customer Information page/Address"), "1435 st alxendre"): Text '1435 st alxendre' is set on object 'Object Repository/APOLLO- Desktop/Customer Information page/Address'

2019-06-25 14:45:31 - [MESSAGE][PASSED] - Text '1435 st alxendre' is set on object 'Object Repository/APOLLO- Desktop/Customer Information page/Address'

2019-06-25 14:45:31 - [TEST_STEP][PASSED] - setText(findTestObject("APOLLO- Desktop/Customer Information page/Apartment"), "220"): Text '220' is set on object 'Object Repository/APOLLO- Desktop/Customer Information page/Apartment'

2019-06-25 14:45:31 - [MESSAGE][PASSED] - Text '220' is set on object 'Object Repository/APOLLO- Desktop/Customer Information page/Apartment'

2019-06-25 14:45:31 - [TEST_STEP][PASSED] - setText(findTestObject("APOLLO- Desktop/Customer Information page/City"), "montreal"): Text 'montreal' is set on object 'Object Repository/APOLLO- Desktop/Customer Information page/City'

2019-06-25 14:45:31 - [MESSAGE][PASSED] - Text 'montreal' is set on object 'Object Repository/APOLLO- Desktop/Customer Information page/City'

2019-06-25 14:45:31 - [TEST_STEP][PASSED] - selectOptionByValue(findTestObject("APOLLO- Desktop/Customer Information page/Country dropdown"), "United States", true): All options with value 'United States' are selected in object 'Object Repository/APOLLO- Desktop/Customer Information page/Country dropdown'  using regular expression

2019-06-25 14:45:39 - [MESSAGE][PASSED] - All options with value 'United States' are selected in object 'Object Repository/APOLLO- Desktop/Customer Information page/Country dropdown'  using regular expression

2019-06-25 14:45:39 - [TEST_STEP][PASSED] - selectOptionByValue(findTestObject("APOLLO- Desktop/Customer Information page/states dropdown"), "NJ", true): All options with value 'NJ' are selected in object 'Object Repository/APOLLO- Desktop/Customer Information page/states dropdown'  using regular expression

2019-06-25 14:45:41 - [MESSAGE][PASSED] - All options with value 'NJ' are selected in object 'Object Repository/APOLLO- Desktop/Customer Information page/states dropdown'  using regular expression

2019-06-25 14:45:41 - [TEST_STEP][PASSED] - setText(findTestObject("APOLLO- Desktop/Customer Information page/ZIP code"), "07057"): Text '07057' is set on object 'Object Repository/APOLLO- Desktop/Customer Information page/ZIP code'

2019-06-25 14:45:41 - [MESSAGE][PASSED] - Text '07057' is set on object 'Object Repository/APOLLO- Desktop/Customer Information page/ZIP code'

2019-06-25 14:45:41 - [MESSAGE][PASSED] - Call Test Case 'Test Cases/CALL- CUSTOMER INFO PAGE' successfully

2019-06-25 14:45:41 - [TEST_STEP][PASSED] - delay(2): Delayed 2 second(s)

2019-06-25 14:45:43 - [MESSAGE][PASSED] - Delayed 2 second(s)

2019-06-25 14:45:43 - [TEST_STEP][PASSED] - callTestCase(findTestCase("CALL - SHIPPING TO PAYMENT"), [:], STOP_ON_FAILURE): Call Test Case 'Test Cases/CALL - SHIPPING TO PAYMENT' successfully

2019-06-25 14:45:43 - [TEST_CASE][PASSED] - Test Cases/CALL - SHIPPING TO PAYMENT: Test Cases/CALL - SHIPPING TO PAYMENT

2019-06-25 14:45:43 - [TEST_STEP][PASSED] - click(findTestObject("APOLLO- Desktop/Customer Information page/Continue to shipping")): Object: 'Object Repository/APOLLO- Desktop/Customer Information page/Continue to shipping' is clicked on

2019-06-25 14:45:44 - [MESSAGE][PASSED] - Object: 'Object Repository/APOLLO- Desktop/Customer Information page/Continue to shipping' is clicked on

2019-06-25 14:45:44 - [TEST_STEP][NOT_RUN] - executeJavaScript("var previewBar = document.getElementById("preview-bar-iframe"); previewBar.style.display = "none";", []): NOT_RUN: executeJavaScript("var previewBar = document.getElementById("preview-bar-iframe"); previewBar.style.display = "none";", [])

2019-06-25 14:45:44 - [MESSAGE][NOT_RUN] - NOT_RUN: executeJavaScript("var previewBar = document.getElementById("preview-bar-iframe"); previewBar.style.display = "none";", [])

2019-06-25 14:45:44 - [TEST_STEP][PASSED] - click(findTestObject("APOLLO- Desktop/Shipping page/Radio button check")): Object: 'Object Repository/APOLLO- Desktop/Shipping page/Radio button check' is clicked on

2019-06-25 14:45:48 - [MESSAGE][PASSED] - Object: 'Object Repository/APOLLO- Desktop/Shipping page/Radio button check' is clicked on

2019-06-25 14:45:48 - [TEST_STEP][NOT_RUN] - executeJavaScript("var previewBar = document.getElementById("preview-bar-iframe"); previewBar.style.display = "none";", []): NOT_RUN: executeJavaScript("var previewBar = document.getElementById("preview-bar-iframe"); previewBar.style.display = "none";", [])

2019-06-25 14:45:48 - [MESSAGE][NOT_RUN] - NOT_RUN: executeJavaScript("var previewBar = document.getElementById("preview-bar-iframe"); previewBar.style.display = "none";", [])

2019-06-25 14:45:48 - [TEST_STEP][PASSED] - click(findTestObject("APOLLO- Desktop/Shipping page/Continue to payment")): Object: 'Object Repository/APOLLO- Desktop/Shipping page/Continue to payment' is clicked on

2019-06-25 14:45:48 - [MESSAGE][PASSED] - Object: 'Object Repository/APOLLO- Desktop/Shipping page/Continue to payment' is clicked on

2019-06-25 14:45:48 - [TEST_STEP][NOT_RUN] - executeJavaScript("var previewBar = document.getElementById("preview-bar-iframe"); previewBar.style.display = "none";", []): NOT_RUN: executeJavaScript("var previewBar = document.getElementById("preview-bar-iframe"); previewBar.style.display = "none";", [])

2019-06-25 14:45:48 - [MESSAGE][NOT_RUN] - NOT_RUN: executeJavaScript("var previewBar = document.getElementById("preview-bar-iframe"); previewBar.style.display = "none";", [])

2019-06-25 14:45:48 - [TEST_STEP][PASSED] - click(findTestObject("APOLLO- Desktop/payment page/Payment section")): Object: 'Object Repository/APOLLO- Desktop/payment page/Payment section' is clicked on

2019-06-25 14:45:49 - [MESSAGE][PASSED] - Object: 'Object Repository/APOLLO- Desktop/payment page/Payment section' is clicked on

2019-06-25 14:45:49 - [MESSAGE][PASSED] - Call Test Case 'Test Cases/CALL - SHIPPING TO PAYMENT' successfully]]></system-out>
         <system-err><![CDATA[]]></system-err>
      </testcase>
      <testcase name="Test Cases/CRITICAL PATH/Price comparison - Cart flyout" classname="Test Cases/CRITICAL PATH/Price comparison - Cart flyout" status="PASSED">
         <system-out><![CDATA[2019-06-25 14:45:49 - [TEST_CASE][PASSED] - Test Cases/CRITICAL PATH/Price comparison - Cart flyout: Test Cases/CRITICAL PATH/Price comparison - Cart flyout

2019-06-25 14:45:50 - [TEST_STEP][PASSED] - callTestCase(findTestCase("CALL - URL"), [:], STOP_ON_FAILURE): Call Test Case 'Test Cases/CALL - URL' successfully

2019-06-25 14:45:50 - [TEST_CASE][PASSED] - Test Cases/CALL - URL: Test Cases/CALL - URL

2019-06-25 14:45:50 - [TEST_STEP][PASSED] - openBrowser(""): Browser is opened with url: ''

2019-06-25 14:45:50 - [MESSAGE][WARNING] - A browser is already opened. Closing browser and opening a new one

2019-06-25 14:45:50 - [MESSAGE][INFO] - Starting 'Safari' driver

2019-06-25 14:45:51 - [MESSAGE][PASSED] - Browser is opened with url: ''

2019-06-25 14:45:51 - [TEST_STEP][PASSED] - navigateToUrl("https://diff-apollo.myshopify.com/?key=eec34184cfd8f82cda816f82753a8c8e9e240f30cf54470e19667b8cbb401948&preview_theme_id="): Navigate to 'https://diff-apollo.myshopify.com/?key=eec34184cfd8f82cda816f82753a8c8e9e240f30cf54470e19667b8cbb401948&preview_theme_id=' successfully

2019-06-25 14:45:52 - [MESSAGE][PASSED] - Navigate to 'https://diff-apollo.myshopify.com/?key=eec34184cfd8f82cda816f82753a8c8e9e240f30cf54470e19667b8cbb401948&preview_theme_id=' successfully

2019-06-25 14:45:52 - [TEST_STEP][NOT_RUN] - executeJavaScript("var previewBar = document.getElementById("preview-bar-iframe"); previewBar.style.display = "none";", []): NOT_RUN: executeJavaScript("var previewBar = document.getElementById("preview-bar-iframe"); previewBar.style.display = "none";", [])

2019-06-25 14:45:52 - [MESSAGE][NOT_RUN] - NOT_RUN: executeJavaScript("var previewBar = document.getElementById("preview-bar-iframe"); previewBar.style.display = "none";", [])

2019-06-25 14:45:52 - [TEST_STEP][PASSED] - maximizeWindow(): Current window maximized

2019-06-25 14:45:52 - [MESSAGE][PASSED] - Current window maximized

2019-06-25 14:45:52 - [MESSAGE][PASSED] - Call Test Case 'Test Cases/CALL - URL' successfully

2019-06-25 14:45:52 - [TEST_STEP][PASSED] - click(findTestObject("APOLLO- Desktop/Burger Menu/Burgermenu")): Object: 'Object Repository/APOLLO- Desktop/Burger Menu/Burgermenu' is clicked on

2019-06-25 14:45:53 - [MESSAGE][PASSED] - Object: 'Object Repository/APOLLO- Desktop/Burger Menu/Burgermenu' is clicked on

2019-06-25 14:45:53 - [TEST_STEP][PASSED] - delay(2): Delayed 2 second(s)

2019-06-25 14:45:55 - [MESSAGE][PASSED] - Delayed 2 second(s)

2019-06-25 14:45:55 - [TEST_STEP][PASSED] - click(findTestObject("APOLLO- Desktop/Burger Menu/Mens chevron")): Object: 'Object Repository/APOLLO- Desktop/Burger Menu/Mens chevron' is clicked on

2019-06-25 14:45:55 - [MESSAGE][PASSED] - Object: 'Object Repository/APOLLO- Desktop/Burger Menu/Mens chevron' is clicked on

2019-06-25 14:45:55 - [TEST_STEP][PASSED] - delay(2): Delayed 2 second(s)

2019-06-25 14:45:57 - [MESSAGE][PASSED] - Delayed 2 second(s)

2019-06-25 14:45:57 - [TEST_STEP][PASSED] - click(findTestObject("APOLLO- Desktop/Burger Menu/Mens - Top Chevron")): Object: 'Object Repository/APOLLO- Desktop/Burger Menu/Mens - Top Chevron' is clicked on

2019-06-25 14:45:57 - [MESSAGE][PASSED] - Object: 'Object Repository/APOLLO- Desktop/Burger Menu/Mens - Top Chevron' is clicked on

2019-06-25 14:45:57 - [TEST_STEP][PASSED] - delay(2): Delayed 2 second(s)

2019-06-25 14:45:59 - [MESSAGE][PASSED] - Delayed 2 second(s)

2019-06-25 14:45:59 - [TEST_STEP][PASSED] - click(findTestObject("APOLLO- Desktop/Burger Menu/Shirts link")): Object: 'Object Repository/APOLLO- Desktop/Burger Menu/Shirts link' is clicked on

2019-06-25 14:45:59 - [MESSAGE][PASSED] - Object: 'Object Repository/APOLLO- Desktop/Burger Menu/Shirts link' is clicked on

2019-06-25 14:45:59 - [TEST_STEP][PASSED] - delay(2): Delayed 2 second(s)

2019-06-25 14:46:01 - [MESSAGE][PASSED] - Delayed 2 second(s)

2019-06-25 14:46:01 - [TEST_STEP][PASSED] - click(findTestObject("APOLLO- Desktop/Collection page/Blue shirt product")): Object: 'Object Repository/APOLLO- Desktop/Collection page/Blue shirt product' is clicked on

2019-06-25 14:46:02 - [MESSAGE][PASSED] - Object: 'Object Repository/APOLLO- Desktop/Collection page/Blue shirt product' is clicked on

2019-06-25 14:46:02 - [TEST_STEP][PASSED] - delay(2): Delayed 2 second(s)

2019-06-25 14:46:04 - [MESSAGE][PASSED] - Delayed 2 second(s)

2019-06-25 14:46:04 - [TEST_STEP][PASSED] - selectOptionByValue(findTestObject("APOLLO- Desktop/Product page/Size dropdown"), "Medium", true): All options with value 'Medium' are selected in object 'Object Repository/APOLLO- Desktop/Product page/Size dropdown'  using regular expression

2019-06-25 14:46:04 - [MESSAGE][PASSED] - All options with value 'Medium' are selected in object 'Object Repository/APOLLO- Desktop/Product page/Size dropdown'  using regular expression

2019-06-25 14:46:04 - [TEST_STEP][PASSED] - delay(2): Delayed 2 second(s)

2019-06-25 14:46:06 - [MESSAGE][PASSED] - Delayed 2 second(s)

2019-06-25 14:46:06 - [TEST_STEP][PASSED] - click(findTestObject("APOLLO- Desktop/Product page/Add to bag")): Object: 'Object Repository/APOLLO- Desktop/Product page/Add to bag' is clicked on

2019-06-25 14:46:06 - [MESSAGE][PASSED] - Object: 'Object Repository/APOLLO- Desktop/Product page/Add to bag' is clicked on

2019-06-25 14:46:06 - [TEST_STEP][PASSED] - delay(2): Delayed 2 second(s)

2019-06-25 14:46:08 - [MESSAGE][PASSED] - Delayed 2 second(s)

2019-06-25 14:46:08 - [TEST_STEP][PASSED] - click(findTestObject("APOLLO- Desktop/Burger Menu/Burgermenu")): Object: 'Object Repository/APOLLO- Desktop/Burger Menu/Burgermenu' is clicked on

2019-06-25 14:46:08 - [MESSAGE][PASSED] - Object: 'Object Repository/APOLLO- Desktop/Burger Menu/Burgermenu' is clicked on

2019-06-25 14:46:08 - [TEST_STEP][PASSED] - delay(2): Delayed 2 second(s)

2019-06-25 14:46:10 - [MESSAGE][PASSED] - Delayed 2 second(s)

2019-06-25 14:46:10 - [TEST_STEP][PASSED] - click(findTestObject("APOLLO- Desktop/Burger Menu/KIds link")): Object: 'Object Repository/APOLLO- Desktop/Burger Menu/KIds link' is clicked on

2019-06-25 14:46:12 - [MESSAGE][PASSED] - Object: 'Object Repository/APOLLO- Desktop/Burger Menu/KIds link' is clicked on

2019-06-25 14:46:12 - [TEST_STEP][PASSED] - delay(2): Delayed 2 second(s)

2019-06-25 14:46:14 - [MESSAGE][PASSED] - Delayed 2 second(s)

2019-06-25 14:46:14 - [TEST_STEP][PASSED] - click(findTestObject("APOLLO- Desktop/Collection page/Sailor sweatshirt")): Object: 'Object Repository/APOLLO- Desktop/Collection page/Sailor sweatshirt' is clicked on

2019-06-25 14:46:14 - [MESSAGE][PASSED] - Object: 'Object Repository/APOLLO- Desktop/Collection page/Sailor sweatshirt' is clicked on

2019-06-25 14:46:14 - [TEST_STEP][PASSED] - delay(2): Delayed 2 second(s)

2019-06-25 14:46:16 - [MESSAGE][PASSED] - Delayed 2 second(s)

2019-06-25 14:46:16 - [TEST_STEP][PASSED] - click(findTestObject("APOLLO- Desktop/Product page/Add to bag")): Object: 'Object Repository/APOLLO- Desktop/Product page/Add to bag' is clicked on

2019-06-25 14:46:17 - [MESSAGE][PASSED] - Object: 'Object Repository/APOLLO- Desktop/Product page/Add to bag' is clicked on

2019-06-25 14:46:17 - [TEST_STEP][PASSED] - delay(2): Delayed 2 second(s)

2019-06-25 14:46:19 - [MESSAGE][PASSED] - Delayed 2 second(s)

2019-06-25 14:46:19 - [TEST_STEP][NOT_RUN] - executeJavaScript("var previewBar = document.getElementById("preview-bar-iframe"); previewBar.style.display = "none";", []): NOT_RUN: executeJavaScript("var previewBar = document.getElementById("preview-bar-iframe"); previewBar.style.display = "none";", [])

2019-06-25 14:46:19 - [MESSAGE][NOT_RUN] - NOT_RUN: executeJavaScript("var previewBar = document.getElementById("preview-bar-iframe"); previewBar.style.display = "none";", [])

2019-06-25 14:46:19 - [TEST_STEP][PASSED] - a = getText(findTestObject("APOLLO- Desktop/Cart flyout/Unit price - first product")): Text of object 'Object Repository/APOLLO- Desktop/Cart flyout/Unit price - first product' is: '$30'

2019-06-25 14:46:19 - [MESSAGE][PASSED] - Text of object 'Object Repository/APOLLO- Desktop/Cart flyout/Unit price - first product' is: '$30'

2019-06-25 14:46:19 - [TEST_STEP][PASSED] - comment("a=" + a): a=$30

2019-06-25 14:46:19 - [MESSAGE][INFO] - a=$30

2019-06-25 14:46:19 - [TEST_STEP][PASSED] - a1 = a.substring(1): null

2019-06-25 14:46:19 - [TEST_STEP][PASSED] - comment("a1=" + a1): a1=30

2019-06-25 14:46:19 - [MESSAGE][INFO] - a1=30

2019-06-25 14:46:19 - [TEST_STEP][PASSED] - b = getText(findTestObject("APOLLO- Desktop/Cart flyout/Unit price - second product")): Text of object 'Object Repository/APOLLO- Desktop/Cart flyout/Unit price - second product' is: '$30'

2019-06-25 14:46:19 - [MESSAGE][PASSED] - Text of object 'Object Repository/APOLLO- Desktop/Cart flyout/Unit price - second product' is: '$30'

2019-06-25 14:46:19 - [TEST_STEP][PASSED] - comment("b=" + b): b=$30

2019-06-25 14:46:19 - [MESSAGE][INFO] - b=$30

2019-06-25 14:46:19 - [TEST_STEP][PASSED] - b1 = b.substring(1): null

2019-06-25 14:46:19 - [TEST_STEP][PASSED] - comment("b1=" + b1): b1=30

2019-06-25 14:46:19 - [MESSAGE][INFO] - b1=30

2019-06-25 14:46:19 - [TEST_STEP][PASSED] - p1 = <not implemented yet for class: org.codehaus.groovy.ast.expr.EmptyExpression>: null

2019-06-25 14:46:19 - [TEST_STEP][PASSED] - p2 = <not implemented yet for class: org.codehaus.groovy.ast.expr.EmptyExpression>: null

2019-06-25 14:46:19 - [TEST_STEP][PASSED] - try: p1=30.0

2019-06-25 14:46:19 - [TEST_STEP][PASSED] - str = a1: null

2019-06-25 14:46:19 - [TEST_STEP][PASSED] - comment("str=" + str): str=30

2019-06-25 14:46:19 - [MESSAGE][INFO] - str=30

2019-06-25 14:46:19 - [TEST_STEP][PASSED] - p1 = Double.valueOf(str): null

2019-06-25 14:46:19 - [TEST_STEP][PASSED] - comment("p1=" + p1): p1=30.0

2019-06-25 14:46:19 - [MESSAGE][INFO] - p1=30.0

2019-06-25 14:46:19 - [TEST_STEP][PASSED] - try: p2=30.0

2019-06-25 14:46:19 - [TEST_STEP][PASSED] - str5 = b1: null

2019-06-25 14:46:19 - [TEST_STEP][PASSED] - comment("str5=" + str5): str5=30

2019-06-25 14:46:19 - [MESSAGE][INFO] - str5=30

2019-06-25 14:46:19 - [TEST_STEP][PASSED] - p2 = Double.valueOf(str5): null

2019-06-25 14:46:19 - [TEST_STEP][PASSED] - comment("p2=" + p2): p2=30.0

2019-06-25 14:46:19 - [MESSAGE][INFO] - p2=30.0

2019-06-25 14:46:19 - [TEST_STEP][PASSED] - total = p1 + p2: null

2019-06-25 14:46:19 - [TEST_STEP][PASSED] - comment("total=" + total): total=60.0

2019-06-25 14:46:19 - [MESSAGE][INFO] - total=60.0

2019-06-25 14:46:19 - [TEST_STEP][PASSED] - c = getText(findTestObject("APOLLO- Desktop/Cart flyout/Subtotal in cart flyout")): Text of object 'Object Repository/APOLLO- Desktop/Cart flyout/Subtotal in cart flyout' is: '$60.00'

2019-06-25 14:46:19 - [MESSAGE][PASSED] - Text of object 'Object Repository/APOLLO- Desktop/Cart flyout/Subtotal in cart flyout' is: '$60.00'

2019-06-25 14:46:19 - [TEST_STEP][PASSED] - comment("c=" + c): c=$60.00

2019-06-25 14:46:19 - [MESSAGE][INFO] - c=$60.00

2019-06-25 14:46:19 - [TEST_STEP][PASSED] - c1 = c.substring(1): null

2019-06-25 14:46:19 - [TEST_STEP][PASSED] - comment("c1=" + c1): c1=60.00

2019-06-25 14:46:19 - [MESSAGE][INFO] - c1=60.00

2019-06-25 14:46:19 - [TEST_STEP][PASSED] - p3 = <not implemented yet for class: org.codehaus.groovy.ast.expr.EmptyExpression>: null

2019-06-25 14:46:19 - [TEST_STEP][PASSED] - try: p3=60.0

2019-06-25 14:46:19 - [TEST_STEP][PASSED] - str = c1: null

2019-06-25 14:46:19 - [TEST_STEP][PASSED] - comment("str=" + str): str=60.00

2019-06-25 14:46:19 - [MESSAGE][INFO] - str=60.00

2019-06-25 14:46:19 - [TEST_STEP][PASSED] - p3 = Double.valueOf(str): null

2019-06-25 14:46:19 - [TEST_STEP][PASSED] - comment("p3=" + p3): p3=60.0

2019-06-25 14:46:19 - [MESSAGE][INFO] - p3=60.0

2019-06-25 14:46:19 - [TEST_STEP][PASSED] - verifyEqual(total, p3): Actual object '60' and expected object '60' are equal

2019-06-25 14:46:19 - [MESSAGE][PASSED] - Actual object '60' and expected object '60' are equal

2019-06-25 14:46:19 - [TEST_STEP][PASSED] - click(findTestObject("APOLLO- Desktop/Cart flyout/Checkout")): Object: 'Object Repository/APOLLO- Desktop/Cart flyout/Checkout' is clicked on

2019-06-25 14:46:23 - [MESSAGE][PASSED] - Object: 'Object Repository/APOLLO- Desktop/Cart flyout/Checkout' is clicked on

2019-06-25 14:46:23 - [TEST_STEP][PASSED] - callTestCase(findTestCase("CALL- CUSTOMER INFO PAGE"), [:], STOP_ON_FAILURE): Call Test Case 'Test Cases/CALL- CUSTOMER INFO PAGE' successfully

2019-06-25 14:46:23 - [TEST_CASE][PASSED] - Test Cases/CALL- CUSTOMER INFO PAGE: Test Cases/CALL- CUSTOMER INFO PAGE

2019-06-25 14:46:23 - [TEST_STEP][PASSED] - delay(2): Delayed 2 second(s)

2019-06-25 14:46:25 - [MESSAGE][PASSED] - Delayed 2 second(s)

2019-06-25 14:46:25 - [TEST_STEP][NOT_RUN] - executeJavaScript("var previewBar = document.getElementById("preview-bar-iframe"); previewBar.style.display = "none";", []): NOT_RUN: executeJavaScript("var previewBar = document.getElementById("preview-bar-iframe"); previewBar.style.display = "none";", [])

2019-06-25 14:46:25 - [MESSAGE][NOT_RUN] - NOT_RUN: executeJavaScript("var previewBar = document.getElementById("preview-bar-iframe"); previewBar.style.display = "none";", [])

2019-06-25 14:46:25 - [TEST_STEP][PASSED] - setText(findTestObject("APOLLO- Desktop/Customer Information page/Email"), "suman@gmail.com"): Text 'suman@gmail.com' is set on object 'Object Repository/APOLLO- Desktop/Customer Information page/Email'

2019-06-25 14:46:25 - [MESSAGE][PASSED] - Text 'suman@gmail.com' is set on object 'Object Repository/APOLLO- Desktop/Customer Information page/Email'

2019-06-25 14:46:25 - [TEST_STEP][PASSED] - delay(2): Delayed 2 second(s)

2019-06-25 14:46:27 - [MESSAGE][PASSED] - Delayed 2 second(s)

2019-06-25 14:46:27 - [TEST_STEP][PASSED] - setText(findTestObject("APOLLO- Desktop/Customer Information page/First name"), "suman"): Text 'suman' is set on object 'Object Repository/APOLLO- Desktop/Customer Information page/First name'

2019-06-25 14:46:27 - [MESSAGE][PASSED] - Text 'suman' is set on object 'Object Repository/APOLLO- Desktop/Customer Information page/First name'

2019-06-25 14:46:27 - [TEST_STEP][PASSED] - delay(2): Delayed 2 second(s)

2019-06-25 14:46:29 - [MESSAGE][PASSED] - Delayed 2 second(s)

2019-06-25 14:46:29 - [TEST_STEP][PASSED] - setText(findTestObject("APOLLO- Desktop/Customer Information page/Last name"), "kompelly"): Text 'kompelly' is set on object 'Object Repository/APOLLO- Desktop/Customer Information page/Last name'

2019-06-25 14:46:29 - [MESSAGE][PASSED] - Text 'kompelly' is set on object 'Object Repository/APOLLO- Desktop/Customer Information page/Last name'

2019-06-25 14:46:29 - [TEST_STEP][PASSED] - delay(2): Delayed 2 second(s)

2019-06-25 14:46:31 - [MESSAGE][PASSED] - Delayed 2 second(s)

2019-06-25 14:46:31 - [TEST_STEP][PASSED] - setText(findTestObject("APOLLO- Desktop/Customer Information page/Address"), "1435 st alxendre"): Text '1435 st alxendre' is set on object 'Object Repository/APOLLO- Desktop/Customer Information page/Address'

2019-06-25 14:46:31 - [MESSAGE][PASSED] - Text '1435 st alxendre' is set on object 'Object Repository/APOLLO- Desktop/Customer Information page/Address'

2019-06-25 14:46:31 - [TEST_STEP][PASSED] - setText(findTestObject("APOLLO- Desktop/Customer Information page/Apartment"), "220"): Text '220' is set on object 'Object Repository/APOLLO- Desktop/Customer Information page/Apartment'

2019-06-25 14:46:32 - [MESSAGE][PASSED] - Text '220' is set on object 'Object Repository/APOLLO- Desktop/Customer Information page/Apartment'

2019-06-25 14:46:32 - [TEST_STEP][PASSED] - setText(findTestObject("APOLLO- Desktop/Customer Information page/City"), "montreal"): Text 'montreal' is set on object 'Object Repository/APOLLO- Desktop/Customer Information page/City'

2019-06-25 14:46:32 - [MESSAGE][PASSED] - Text 'montreal' is set on object 'Object Repository/APOLLO- Desktop/Customer Information page/City'

2019-06-25 14:46:32 - [TEST_STEP][PASSED] - selectOptionByValue(findTestObject("APOLLO- Desktop/Customer Information page/Country dropdown"), "United States", true): All options with value 'United States' are selected in object 'Object Repository/APOLLO- Desktop/Customer Information page/Country dropdown'  using regular expression

2019-06-25 14:46:40 - [MESSAGE][PASSED] - All options with value 'United States' are selected in object 'Object Repository/APOLLO- Desktop/Customer Information page/Country dropdown'  using regular expression

2019-06-25 14:46:40 - [TEST_STEP][PASSED] - selectOptionByValue(findTestObject("APOLLO- Desktop/Customer Information page/states dropdown"), "NJ", true): All options with value 'NJ' are selected in object 'Object Repository/APOLLO- Desktop/Customer Information page/states dropdown'  using regular expression

2019-06-25 14:46:42 - [MESSAGE][PASSED] - All options with value 'NJ' are selected in object 'Object Repository/APOLLO- Desktop/Customer Information page/states dropdown'  using regular expression

2019-06-25 14:46:42 - [TEST_STEP][PASSED] - setText(findTestObject("APOLLO- Desktop/Customer Information page/ZIP code"), "07057"): Text '07057' is set on object 'Object Repository/APOLLO- Desktop/Customer Information page/ZIP code'

2019-06-25 14:46:42 - [MESSAGE][PASSED] - Text '07057' is set on object 'Object Repository/APOLLO- Desktop/Customer Information page/ZIP code'

2019-06-25 14:46:42 - [MESSAGE][PASSED] - Call Test Case 'Test Cases/CALL- CUSTOMER INFO PAGE' successfully

2019-06-25 14:46:42 - [TEST_STEP][PASSED] - click(findTestObject("APOLLO- Desktop/Customer Information page/Continue to shipping")): Object: 'Object Repository/APOLLO- Desktop/Customer Information page/Continue to shipping' is clicked on

2019-06-25 14:46:44 - [MESSAGE][PASSED] - Object: 'Object Repository/APOLLO- Desktop/Customer Information page/Continue to shipping' is clicked on

2019-06-25 14:46:44 - [TEST_STEP][PASSED] - click(findTestObject("APOLLO- Desktop/Shipping page/Radio button check")): Object: 'Object Repository/APOLLO- Desktop/Shipping page/Radio button check' is clicked on

2019-06-25 14:46:47 - [MESSAGE][PASSED] - Object: 'Object Repository/APOLLO- Desktop/Shipping page/Radio button check' is clicked on

2019-06-25 14:46:47 - [TEST_STEP][PASSED] - click(findTestObject("APOLLO- Desktop/Shipping page/Continue to payment")): Object: 'Object Repository/APOLLO- Desktop/Shipping page/Continue to payment' is clicked on

2019-06-25 14:46:47 - [MESSAGE][PASSED] - Object: 'Object Repository/APOLLO- Desktop/Shipping page/Continue to payment' is clicked on

2019-06-25 14:46:47 - [TEST_STEP][PASSED] - click(findTestObject("APOLLO- Desktop/payment page/Payment section")): Object: 'Object Repository/APOLLO- Desktop/payment page/Payment section' is clicked on

2019-06-25 14:46:51 - [MESSAGE][PASSED] - Object: 'Object Repository/APOLLO- Desktop/payment page/Payment section' is clicked on]]></system-out>
         <system-err><![CDATA[]]></system-err>
      </testcase>
      <system-out><![CDATA[2019-06-25 14:20:25 - [TEST_SUITE][FAILED] - Apollo - dark build: Test Cases/HOME PAGE/New letter and video CTA FAILED.
Reason:
com.kms.katalon.core.exception.StepFailedException: Unable to click on object 'Object Repository/APOLLO- Desktop/Home page/News letter and CTA/start shopping' (Root cause: com.kms.katalon.core.webui.exception.WebElementNotFoundException: Web element with id: 'Object Repository/APOLLO- Desktop/Home page/News letter and CTA/start shopping' located by 'By.xpath: //a[contains(text(),'start shopping')]' not found)
	at com.kms.katalon.core.keyword.internal.KeywordMain.stepFailed(KeywordMain.groovy:36)
	at com.kms.katalon.core.webui.keyword.internal.WebUIKeywordMain.stepFailed(WebUIKeywordMain.groovy:65)
	at com.kms.katalon.core.webui.keyword.internal.WebUIKeywordMain.runKeyword(WebUIKeywordMain.groovy:27)
	at com.kms.katalon.core.webui.keyword.builtin.ClickKeyword.click(ClickKeyword.groovy:86)
	at com.kms.katalon.core.webui.keyword.builtin.ClickKeyword.execute(ClickKeyword.groovy:67)
	at com.kms.katalon.core.keyword.internal.KeywordExecutor.executeKeywordForPlatform(KeywordExecutor.groovy:53)
	at com.kms.katalon.core.webui.keyword.WebUiBuiltInKeywords.click(WebUiBuiltInKeywords.groovy:616)
	at com.kms.katalon.core.webui.keyword.WebUiBuiltInKeywords$click$2.call(Unknown Source)
	at New letter and video CTA.run(New letter and video CTA:48)
	at com.kms.katalon.core.main.ScriptEngine.run(ScriptEngine.java:194)
	at com.kms.katalon.core.main.ScriptEngine.runScriptAsRawText(ScriptEngine.java:119)
	at com.kms.katalon.core.main.TestCaseExecutor.runScript(TestCaseExecutor.java:328)
	at com.kms.katalon.core.main.TestCaseExecutor.doExecute(TestCaseExecutor.java:319)
	at com.kms.katalon.core.main.TestCaseExecutor.processExecutionPhase(TestCaseExecutor.java:298)
	at com.kms.katalon.core.main.TestCaseExecutor.accessMainPhase(TestCaseExecutor.java:290)
	at com.kms.katalon.core.main.TestCaseExecutor.execute(TestCaseExecutor.java:224)
	at com.kms.katalon.core.main.TestSuiteExecutor.accessTestCaseMainPhase(TestSuiteExecutor.java:129)
	at com.kms.katalon.core.main.TestSuiteExecutor.accessTestSuiteMainPhase(TestSuiteExecutor.java:112)
	at com.kms.katalon.core.main.TestSuiteExecutor.execute(TestSuiteExecutor.java:81)
	at com.kms.katalon.core.main.TestCaseMain.startTestSuite(TestCaseMain.java:149)
	at com.kms.katalon.core.main.TestCaseMain$startTestSuite$0.call(Unknown Source)
	at TempTestSuite1561486823730.run(TempTestSuite1561486823730.groovy:36)]]></system-out>
      <system-err><![CDATA[2019-06-25 14:20:25 - [TEST_SUITE][FAILED] - Apollo - dark build: Test Cases/HOME PAGE/New letter and video CTA FAILED.
Reason:
com.kms.katalon.core.exception.StepFailedException: Unable to click on object 'Object Repository/APOLLO- Desktop/Home page/News letter and CTA/start shopping' (Root cause: com.kms.katalon.core.webui.exception.WebElementNotFoundException: Web element with id: 'Object Repository/APOLLO- Desktop/Home page/News letter and CTA/start shopping' located by 'By.xpath: //a[contains(text(),'start shopping')]' not found)
	at com.kms.katalon.core.keyword.internal.KeywordMain.stepFailed(KeywordMain.groovy:36)
	at com.kms.katalon.core.webui.keyword.internal.WebUIKeywordMain.stepFailed(WebUIKeywordMain.groovy:65)
	at com.kms.katalon.core.webui.keyword.internal.WebUIKeywordMain.runKeyword(WebUIKeywordMain.groovy:27)
	at com.kms.katalon.core.webui.keyword.builtin.ClickKeyword.click(ClickKeyword.groovy:86)
	at com.kms.katalon.core.webui.keyword.builtin.ClickKeyword.execute(ClickKeyword.groovy:67)
	at com.kms.katalon.core.keyword.internal.KeywordExecutor.executeKeywordForPlatform(KeywordExecutor.groovy:53)
	at com.kms.katalon.core.webui.keyword.WebUiBuiltInKeywords.click(WebUiBuiltInKeywords.groovy:616)
	at com.kms.katalon.core.webui.keyword.WebUiBuiltInKeywords$click$2.call(Unknown Source)
	at New letter and video CTA.run(New letter and video CTA:48)
	at com.kms.katalon.core.main.ScriptEngine.run(ScriptEngine.java:194)
	at com.kms.katalon.core.main.ScriptEngine.runScriptAsRawText(ScriptEngine.java:119)
	at com.kms.katalon.core.main.TestCaseExecutor.runScript(TestCaseExecutor.java:328)
	at com.kms.katalon.core.main.TestCaseExecutor.doExecute(TestCaseExecutor.java:319)
	at com.kms.katalon.core.main.TestCaseExecutor.processExecutionPhase(TestCaseExecutor.java:298)
	at com.kms.katalon.core.main.TestCaseExecutor.accessMainPhase(TestCaseExecutor.java:290)
	at com.kms.katalon.core.main.TestCaseExecutor.execute(TestCaseExecutor.java:224)
	at com.kms.katalon.core.main.TestSuiteExecutor.accessTestCaseMainPhase(TestSuiteExecutor.java:129)
	at com.kms.katalon.core.main.TestSuiteExecutor.accessTestSuiteMainPhase(TestSuiteExecutor.java:112)
	at com.kms.katalon.core.main.TestSuiteExecutor.execute(TestSuiteExecutor.java:81)
	at com.kms.katalon.core.main.TestCaseMain.startTestSuite(TestCaseMain.java:149)
	at com.kms.katalon.core.main.TestCaseMain$startTestSuite$0.call(Unknown Source)
	at TempTestSuite1561486823730.run(TempTestSuite1561486823730.groovy:36)]]></system-err>
   </testsuite>
</testsuites>
